<?xml version="1.0" encoding="UTF-8"?>
<testsuites name="Run all test cases" time="1312.44" tests="53" failures="6" errors="0">
   <testsuite name="Run all test cases" tests="53" failures="6" errors="0" time="1312.44" skipped="0" timestamp="2021-05-30 10:20:21" hostname="nttuan - WIN-SERVER-2019.sgdiozk5pmeurpqewmqk3za5qe.bx.internal.cloudapp.net" id="Test Suites/Run all test cases">
      <properties>
         <property name="deviceName" value=""/>
         <property name="devicePlatform" value=""/>
         <property name="logFolder" value="C:\\Users\\nttuan\\Downloads\\CDNC\\mattermost-testing\\Reports\\20210530_102014\\Run all test cases\\20210530_102015"/>
         <property name="logFiles" value="C:\\Users\\nttuan\\Downloads\\CDNC\\mattermost-testing\\Reports\\20210530_102014\\Run all test cases\\20210530_102015\\execution0.log"/>
         <property name="attachments" value="C:\\Users\\nttuan\\Downloads\\CDNC\\mattermost-testing\\Reports\\20210530_102014\\Run all test cases\\20210530_102015\\1622370162569.png, C:\\Users\\nttuan\\Downloads\\CDNC\\mattermost-testing\\Reports\\20210530_102014\\Run all test cases\\20210530_102015\\1622370228818.png, C:\\Users\\nttuan\\Downloads\\CDNC\\mattermost-testing\\Reports\\20210530_102014\\Run all test cases\\20210530_102015\\1622370294769.png, C:\\Users\\nttuan\\Downloads\\CDNC\\mattermost-testing\\Reports\\20210530_102014\\Run all test cases\\20210530_102015\\1622370400985.png, C:\\Users\\nttuan\\Downloads\\CDNC\\mattermost-testing\\Reports\\20210530_102014\\Run all test cases\\20210530_102015\\1622370412503.png, C:\\Users\\nttuan\\Downloads\\CDNC\\mattermost-testing\\Reports\\20210530_102014\\Run all test cases\\20210530_102015\\1622370457355.png, C:\\Users\\nttuan\\Downloads\\CDNC\\mattermost-testing\\Reports\\20210530_102014\\Run all test cases\\20210530_102015\\1622370807659.png, C:\\Users\\nttuan\\Downloads\\CDNC\\mattermost-testing\\Reports\\20210530_102014\\Run all test cases\\20210530_102015\\1622371065258.png, C:\\Users\\nttuan\\Downloads\\CDNC\\mattermost-testing\\Reports\\20210530_102014\\Run all test cases\\20210530_102015\\1622371102559.png, C:\\Users\\nttuan\\Downloads\\CDNC\\mattermost-testing\\Reports\\20210530_102014\\Run all test cases\\20210530_102015\\1622371102627.png, C:\\Users\\nttuan\\Downloads\\CDNC\\mattermost-testing\\Reports\\20210530_102014\\Run all test cases\\20210530_102015\\1622371139911.png, C:\\Users\\nttuan\\Downloads\\CDNC\\mattermost-testing\\Reports\\20210530_102014\\Run all test cases\\20210530_102015\\1622371139986.png, C:\\Users\\nttuan\\Downloads\\CDNC\\mattermost-testing\\Reports\\20210530_102014\\Run all test cases\\20210530_102015\\1622371176620.png, C:\\Users\\nttuan\\Downloads\\CDNC\\mattermost-testing\\Reports\\20210530_102014\\Run all test cases\\20210530_102015\\1622371176692.png, C:\\Users\\nttuan\\Downloads\\CDNC\\mattermost-testing\\Reports\\20210530_102014\\Run all test cases\\20210530_102015\\1622371217221.png, C:\\Users\\nttuan\\Downloads\\CDNC\\mattermost-testing\\Reports\\20210530_102014\\Run all test cases\\20210530_102015\\1622371217293.png, C:\\Users\\nttuan\\Downloads\\CDNC\\mattermost-testing\\Reports\\20210530_102014\\Run all test cases\\20210530_102015\\1622371258412.png, C:\\Users\\nttuan\\Downloads\\CDNC\\mattermost-testing\\Reports\\20210530_102014\\Run all test cases\\20210530_102015\\1622371295480.png, C:\\Users\\nttuan\\Downloads\\CDNC\\mattermost-testing\\Reports\\20210530_102014\\Run all test cases\\20210530_102015\\1622371295555.png, C:\\Users\\nttuan\\Downloads\\CDNC\\mattermost-testing\\Reports\\20210530_102014\\Run all test cases\\20210530_102015\\1622371332130.png, C:\\Users\\nttuan\\Downloads\\CDNC\\mattermost-testing\\Reports\\20210530_102014\\Run all test cases\\20210530_102015\\1622371332201.png"/>
         <property name="hostName" value="nttuan - WIN-SERVER-2019.sgdiozk5pmeurpqewmqk3za5qe.bx.internal.cloudapp.net"/>
         <property name="os" value="Windows Server 2019 64bit"/>
         <property name="katalonVersion" value="8.0.1.208"/>
         <property name="browser" value="Chrome 91.0.4472.77"/>
         <property name="hostAddress" value="10.1.0.4"/>
         <property name="sessionId" value="e2c7f7b1a8096a74d90202b2b7022d39"/>
         <property name="seleniumVersion" value="3.141.59"/>
         <property name="proxyInformation" value="ProxyInformation { proxyOption=NO_PROXY, proxyServerType=HTTP, username=, password=********, proxyServerAddress=, proxyServerPort=0, executionList=&quot;&quot;, isApplyToDesiredCapabilities=true }"/>
         <property name="platform" value="Windows Server 2019"/>
      </properties>
      <testcase name="Test Cases/API/API - Cannot receive a user list after logout" time="2.268" classname="Test Cases/API/API - Cannot receive a user list after logout" status="PASSED">
         <system-out><![CDATA[2021-05-30 10:20:22 - [TEST_CASE][PASSED] - Test Cases/API/API - Cannot receive a user list after logout: Test Cases/API/API - Cannot receive a user list after logout

2021-05-30 10:20:22 - [TEST_STEP][PASSED] - loginResponse = sendRequest(findTestObject("API/Login")): Send request successfully

2021-05-30 10:20:24 - [MESSAGE][INFO] - HAR: C:\Users\nttuan\Downloads\CDNC\mattermost-testing\Reports\20210530_102014\Run all test cases\20210530_102015\requests\main\0.har

2021-05-30 10:20:24 - [MESSAGE][PASSED] - Send request successfully

2021-05-30 10:20:24 - [TEST_STEP][PASSED] - token = loginResponse.getHeaderField("Token"): null

2021-05-30 10:20:24 - [TEST_STEP][PASSED] - out.println("Token: " + token): null

2021-05-30 10:20:24 - [TEST_STEP][PASSED] - HTTPHeader = new java.util.ArrayList(): null

2021-05-30 10:20:24 - [TEST_STEP][PASSED] - HTTPHeader.add(new com.kms.katalon.core.testobject.TestObjectProperty(Authorization, com.kms.katalon.core.testobject.ConditionType.EQUALS, (Bearer  + token))): null

2021-05-30 10:20:24 - [TEST_STEP][PASSED] - Logout_ScopeToProject = findTestObject("API/Logout"): null

2021-05-30 10:20:24 - [TEST_STEP][PASSED] - Logout_ScopeToProject.setHttpHeaderProperties(HTTPHeader): null

2021-05-30 10:20:24 - [TEST_STEP][PASSED] - logoutResponse = sendRequest(Logout_ScopeToProject): Send request successfully

2021-05-30 10:20:24 - [MESSAGE][INFO] - HAR: C:\Users\nttuan\Downloads\CDNC\mattermost-testing\Reports\20210530_102014\Run all test cases\20210530_102015\requests\main\1.har

2021-05-30 10:20:24 - [MESSAGE][PASSED] - Send request successfully

2021-05-30 10:20:24 - [TEST_STEP][PASSED] - verifyResponseStatusCode(logoutResponse, 200): Verify response status code successfully

2021-05-30 10:20:24 - [MESSAGE][PASSED] - Verify response status code successfully

2021-05-30 10:20:24 - [TEST_STEP][PASSED] - ScopeToProject = findTestObject("API/Get users"): null

2021-05-30 10:20:24 - [TEST_STEP][PASSED] - ScopeToProject.setHttpHeaderProperties(HTTPHeader): null

2021-05-30 10:20:24 - [TEST_STEP][PASSED] - response = sendRequest(ScopeToProject): Send request successfully

2021-05-30 10:20:24 - [MESSAGE][INFO] - HAR: C:\Users\nttuan\Downloads\CDNC\mattermost-testing\Reports\20210530_102014\Run all test cases\20210530_102015\requests\main\2.har

2021-05-30 10:20:24 - [MESSAGE][PASSED] - Send request successfully

2021-05-30 10:20:24 - [TEST_STEP][PASSED] - out.println("Body content: " + response.getResponseBodyContent()): null

2021-05-30 10:20:24 - [TEST_STEP][PASSED] - verifyResponseStatusCode(response, 401): Verify response status code successfully

2021-05-30 10:20:24 - [MESSAGE][PASSED] - Verify response status code successfully]]></system-out>
         <system-err><![CDATA[]]></system-err>
      </testcase>
      <testcase name="Test Cases/API/API - Verify successful login" time="0.644" classname="Test Cases/API/API - Verify successful login" status="PASSED">
         <system-out><![CDATA[2021-05-30 10:20:24 - [TEST_CASE][PASSED] - Test Cases/API/API - Verify successful login: Test Cases/API/API - Verify successful login

2021-05-30 10:20:24 - [TEST_STEP][PASSED] - response = sendRequest(findTestObject("API/Login")): Send request successfully

2021-05-30 10:20:24 - [MESSAGE][INFO] - HAR: C:\Users\nttuan\Downloads\CDNC\mattermost-testing\Reports\20210530_102014\Run all test cases\20210530_102015\requests\main\3.har

2021-05-30 10:20:24 - [MESSAGE][PASSED] - Send request successfully

2021-05-30 10:20:24 - [TEST_STEP][PASSED] - out.println("Body content: " + response.getResponseBodyContent()): null

2021-05-30 10:20:24 - [TEST_STEP][PASSED] - out.println("Token: " + response.getHeaderField("Token")): null

2021-05-30 10:20:24 - [TEST_STEP][PASSED] - verifyResponseStatusCode(response, 200): Verify response status code successfully

2021-05-30 10:20:24 - [MESSAGE][PASSED] - Verify response status code successfully

2021-05-30 10:20:24 - [TEST_STEP][PASSED] - verifyElementPropertyValue(response, "username", "nguyenvana"): Verify element property value successfully

2021-05-30 10:20:25 - [MESSAGE][PASSED] - Verify element property value successfully]]></system-out>
         <system-err><![CDATA[]]></system-err>
      </testcase>
      <testcase name="Test Cases/API/API - Verify successfuly get a user by email" time="0.613" classname="Test Cases/API/API - Verify successfuly get a user by email" status="PASSED">
         <system-out><![CDATA[2021-05-30 10:20:25 - [TEST_CASE][PASSED] - Test Cases/API/API - Verify successfuly get a user by email: Test Cases/API/API - Verify successfuly get a user by email

2021-05-30 10:20:25 - [TEST_STEP][PASSED] - loginResponse = sendRequest(findTestObject("API/Login")): Send request successfully

2021-05-30 10:20:25 - [MESSAGE][INFO] - HAR: C:\Users\nttuan\Downloads\CDNC\mattermost-testing\Reports\20210530_102014\Run all test cases\20210530_102015\requests\main\4.har

2021-05-30 10:20:25 - [MESSAGE][PASSED] - Send request successfully

2021-05-30 10:20:25 - [TEST_STEP][PASSED] - token = loginResponse.getHeaderField("Token"): null

2021-05-30 10:20:25 - [TEST_STEP][PASSED] - out.println("Token: " + token): null

2021-05-30 10:20:25 - [TEST_STEP][PASSED] - ScopeToProject = findTestObject("API/Get a user by email"): null

2021-05-30 10:20:25 - [TEST_STEP][PASSED] - HTTPHeader = new java.util.ArrayList(): null

2021-05-30 10:20:25 - [TEST_STEP][PASSED] - HTTPHeader.add(new com.kms.katalon.core.testobject.TestObjectProperty(Authorization, com.kms.katalon.core.testobject.ConditionType.EQUALS, (Bearer  + token))): null

2021-05-30 10:20:25 - [TEST_STEP][PASSED] - ScopeToProject.setHttpHeaderProperties(HTTPHeader): null

2021-05-30 10:20:25 - [TEST_STEP][PASSED] - response = sendRequest(ScopeToProject): Send request successfully

2021-05-30 10:20:25 - [MESSAGE][INFO] - HAR: C:\Users\nttuan\Downloads\CDNC\mattermost-testing\Reports\20210530_102014\Run all test cases\20210530_102015\requests\main\5.har

2021-05-30 10:20:25 - [MESSAGE][PASSED] - Send request successfully

2021-05-30 10:20:25 - [TEST_STEP][PASSED] - out.println("Body content: " + response.getResponseBodyContent()): null

2021-05-30 10:20:25 - [TEST_STEP][PASSED] - verifyResponseStatusCode(response, 200): Verify response status code successfully

2021-05-30 10:20:25 - [MESSAGE][PASSED] - Verify response status code successfully

2021-05-30 10:20:25 - [TEST_STEP][PASSED] - verifyElementPropertyValue(response, "email", "tttung468@gmail.com"): Verify element property value successfully

2021-05-30 10:20:25 - [MESSAGE][PASSED] - Verify element property value successfully]]></system-out>
         <system-err><![CDATA[]]></system-err>
      </testcase>
      <testcase name="Test Cases/API/API - Verify successfuly get a user by username" time="0.66" classname="Test Cases/API/API - Verify successfuly get a user by username" status="PASSED">
         <system-out><![CDATA[2021-05-30 10:20:25 - [TEST_CASE][PASSED] - Test Cases/API/API - Verify successfuly get a user by username: Test Cases/API/API - Verify successfuly get a user by username

2021-05-30 10:20:26 - [TEST_STEP][PASSED] - loginResponse = sendRequest(findTestObject("API/Login")): Send request successfully

2021-05-30 10:20:26 - [MESSAGE][INFO] - HAR: C:\Users\nttuan\Downloads\CDNC\mattermost-testing\Reports\20210530_102014\Run all test cases\20210530_102015\requests\main\6.har

2021-05-30 10:20:26 - [MESSAGE][PASSED] - Send request successfully

2021-05-30 10:20:26 - [TEST_STEP][PASSED] - token = loginResponse.getHeaderField("Token"): null

2021-05-30 10:20:26 - [TEST_STEP][PASSED] - out.println("Token: " + token): null

2021-05-30 10:20:26 - [TEST_STEP][PASSED] - ScopeToProject = findTestObject("API/Get a user by username"): null

2021-05-30 10:20:26 - [TEST_STEP][PASSED] - HTTPHeader = new java.util.ArrayList(): null

2021-05-30 10:20:26 - [TEST_STEP][PASSED] - HTTPHeader.add(new com.kms.katalon.core.testobject.TestObjectProperty(Authorization, com.kms.katalon.core.testobject.ConditionType.EQUALS, (Bearer  + token))): null

2021-05-30 10:20:26 - [TEST_STEP][PASSED] - ScopeToProject.setHttpHeaderProperties(HTTPHeader): null

2021-05-30 10:20:26 - [TEST_STEP][PASSED] - response = sendRequest(ScopeToProject): Send request successfully

2021-05-30 10:20:26 - [MESSAGE][INFO] - HAR: C:\Users\nttuan\Downloads\CDNC\mattermost-testing\Reports\20210530_102014\Run all test cases\20210530_102015\requests\main\7.har

2021-05-30 10:20:26 - [MESSAGE][PASSED] - Send request successfully

2021-05-30 10:20:26 - [TEST_STEP][PASSED] - out.println("Body content: " + response.getResponseBodyContent()): null

2021-05-30 10:20:26 - [TEST_STEP][PASSED] - verifyResponseStatusCode(response, 200): Verify response status code successfully

2021-05-30 10:20:26 - [MESSAGE][PASSED] - Verify response status code successfully

2021-05-30 10:20:26 - [TEST_STEP][PASSED] - verifyElementPropertyValue(response, "username", "thanhtung"): Verify element property value successfully

2021-05-30 10:20:26 - [MESSAGE][PASSED] - Verify element property value successfully]]></system-out>
         <system-err><![CDATA[]]></system-err>
      </testcase>
      <testcase name="Test Cases/API/API - Verify successfuly get a user list" time="0.598" classname="Test Cases/API/API - Verify successfuly get a user list" status="PASSED">
         <system-out><![CDATA[2021-05-30 10:20:26 - [TEST_CASE][PASSED] - Test Cases/API/API - Verify successfuly get a user list: Test Cases/API/API - Verify successfuly get a user list

2021-05-30 10:20:26 - [TEST_STEP][PASSED] - loginResponse = sendRequest(findTestObject("API/Login")): Send request successfully

2021-05-30 10:20:26 - [MESSAGE][INFO] - HAR: C:\Users\nttuan\Downloads\CDNC\mattermost-testing\Reports\20210530_102014\Run all test cases\20210530_102015\requests\main\8.har

2021-05-30 10:20:26 - [MESSAGE][PASSED] - Send request successfully

2021-05-30 10:20:26 - [TEST_STEP][PASSED] - token = loginResponse.getHeaderField("Token"): null

2021-05-30 10:20:26 - [TEST_STEP][PASSED] - out.println("Token: " + token): null

2021-05-30 10:20:26 - [TEST_STEP][PASSED] - ScopeToProject = findTestObject("API/Get users"): null

2021-05-30 10:20:26 - [TEST_STEP][PASSED] - HTTPHeader = new java.util.ArrayList(): null

2021-05-30 10:20:26 - [TEST_STEP][PASSED] - HTTPHeader.add(new com.kms.katalon.core.testobject.TestObjectProperty(Authorization, com.kms.katalon.core.testobject.ConditionType.EQUALS, (Bearer  + token))): null

2021-05-30 10:20:26 - [TEST_STEP][PASSED] - ScopeToProject.setHttpHeaderProperties(HTTPHeader): null

2021-05-30 10:20:26 - [TEST_STEP][PASSED] - response = sendRequest(ScopeToProject): Send request successfully

2021-05-30 10:20:26 - [MESSAGE][INFO] - HAR: C:\Users\nttuan\Downloads\CDNC\mattermost-testing\Reports\20210530_102014\Run all test cases\20210530_102015\requests\main\9.har

2021-05-30 10:20:26 - [MESSAGE][PASSED] - Send request successfully

2021-05-30 10:20:26 - [TEST_STEP][PASSED] - out.println("Body content: " + response.getResponseBodyContent()): null

2021-05-30 10:20:26 - [TEST_STEP][PASSED] - verifyResponseStatusCode(response, 200): Verify response status code successfully

2021-05-30 10:20:26 - [MESSAGE][PASSED] - Verify response status code successfully]]></system-out>
         <system-err><![CDATA[]]></system-err>
      </testcase>
      <testcase name="Test Cases/API/API - Verify successfuly get total count of users in the system" time="0.62" classname="Test Cases/API/API - Verify successfuly get total count of users in the system" status="PASSED">
         <system-out><![CDATA[2021-05-30 10:20:26 - [TEST_CASE][PASSED] - Test Cases/API/API - Verify successfuly get total count of users in the system: Test Cases/API/API - Verify successfuly get total count of users in the system

2021-05-30 10:20:27 - [TEST_STEP][PASSED] - loginResponse = sendRequest(findTestObject("API/Login")): Send request successfully

2021-05-30 10:20:27 - [MESSAGE][INFO] - HAR: C:\Users\nttuan\Downloads\CDNC\mattermost-testing\Reports\20210530_102014\Run all test cases\20210530_102015\requests\main\10.har

2021-05-30 10:20:27 - [MESSAGE][PASSED] - Send request successfully

2021-05-30 10:20:27 - [TEST_STEP][PASSED] - token = loginResponse.getHeaderField("Token"): null

2021-05-30 10:20:27 - [TEST_STEP][PASSED] - out.println("Token: " + token): null

2021-05-30 10:20:27 - [TEST_STEP][PASSED] - ScopeToProject = findTestObject("API/Get total count of users in the system"): null

2021-05-30 10:20:27 - [TEST_STEP][PASSED] - HTTPHeader = new java.util.ArrayList(): null

2021-05-30 10:20:27 - [TEST_STEP][PASSED] - HTTPHeader.add(new com.kms.katalon.core.testobject.TestObjectProperty(Authorization, com.kms.katalon.core.testobject.ConditionType.EQUALS, (Bearer  + token))): null

2021-05-30 10:20:27 - [TEST_STEP][PASSED] - ScopeToProject.setHttpHeaderProperties(HTTPHeader): null

2021-05-30 10:20:27 - [TEST_STEP][PASSED] - response = sendRequest(ScopeToProject): Send request successfully

2021-05-30 10:20:27 - [MESSAGE][INFO] - HAR: C:\Users\nttuan\Downloads\CDNC\mattermost-testing\Reports\20210530_102014\Run all test cases\20210530_102015\requests\main\11.har

2021-05-30 10:20:27 - [MESSAGE][PASSED] - Send request successfully

2021-05-30 10:20:27 - [TEST_STEP][PASSED] - out.println("Body content: " + response.getResponseBodyContent()): null

2021-05-30 10:20:27 - [TEST_STEP][PASSED] - verifyResponseStatusCode(response, 200): Verify response status code successfully

2021-05-30 10:20:27 - [MESSAGE][PASSED] - Verify response status code successfully

2021-05-30 10:20:27 - [TEST_STEP][PASSED] - containsString(response, "total_users_count", false): Check contain string successfully

2021-05-30 10:20:27 - [MESSAGE][PASSED] - Check contain string successfully]]></system-out>
         <system-err><![CDATA[]]></system-err>
      </testcase>
      <testcase name="Test Cases/API/API - Verify successfuly get users by ids" time="0.665" classname="Test Cases/API/API - Verify successfuly get users by ids" status="PASSED">
         <system-out><![CDATA[2021-05-30 10:20:27 - [TEST_CASE][PASSED] - Test Cases/API/API - Verify successfuly get users by ids: Test Cases/API/API - Verify successfuly get users by ids

2021-05-30 10:20:27 - [TEST_STEP][PASSED] - loginResponse = sendRequest(findTestObject("API/Login")): Send request successfully

2021-05-30 10:20:28 - [MESSAGE][INFO] - HAR: C:\Users\nttuan\Downloads\CDNC\mattermost-testing\Reports\20210530_102014\Run all test cases\20210530_102015\requests\main\12.har

2021-05-30 10:20:28 - [MESSAGE][PASSED] - Send request successfully

2021-05-30 10:20:28 - [TEST_STEP][PASSED] - token = loginResponse.getHeaderField("Token"): null

2021-05-30 10:20:28 - [TEST_STEP][PASSED] - out.println("Token: " + token): null

2021-05-30 10:20:28 - [TEST_STEP][PASSED] - ScopeToProject = findTestObject("API/Get users by ids"): null

2021-05-30 10:20:28 - [TEST_STEP][PASSED] - HTTPHeader = new java.util.ArrayList(): null

2021-05-30 10:20:28 - [TEST_STEP][PASSED] - HTTPHeader.add(new com.kms.katalon.core.testobject.TestObjectProperty(Authorization, com.kms.katalon.core.testobject.ConditionType.EQUALS, (Bearer  + token))): null

2021-05-30 10:20:28 - [TEST_STEP][PASSED] - ScopeToProject.setHttpHeaderProperties(HTTPHeader): null

2021-05-30 10:20:28 - [TEST_STEP][PASSED] - response = sendRequest(ScopeToProject): Send request successfully

2021-05-30 10:20:28 - [MESSAGE][INFO] - HAR: C:\Users\nttuan\Downloads\CDNC\mattermost-testing\Reports\20210530_102014\Run all test cases\20210530_102015\requests\main\13.har

2021-05-30 10:20:28 - [MESSAGE][PASSED] - Send request successfully

2021-05-30 10:20:28 - [TEST_STEP][PASSED] - out.println("Body content: " + response.getResponseBodyContent()): null

2021-05-30 10:20:28 - [TEST_STEP][PASSED] - verifyResponseStatusCode(response, 200): Verify response status code successfully

2021-05-30 10:20:28 - [MESSAGE][PASSED] - Verify response status code successfully

2021-05-30 10:20:28 - [TEST_STEP][PASSED] - verifyElementPropertyValue(response, "[0].id", "dttuo8b67bno3j4s9acuspapra"): Verify element property value successfully

2021-05-30 10:20:28 - [MESSAGE][PASSED] - Verify element property value successfully

2021-05-30 10:20:28 - [TEST_STEP][PASSED] - verifyElementPropertyValue(response, "[0].username", "nguyenvana"): Verify element property value successfully

2021-05-30 10:20:28 - [MESSAGE][PASSED] - Verify element property value successfully

2021-05-30 10:20:28 - [TEST_STEP][PASSED] - verifyElementPropertyValue(response, "[1].id", "ifcc1quidtbbxnd3id16f1uywa"): Verify element property value successfully

2021-05-30 10:20:28 - [MESSAGE][PASSED] - Verify element property value successfully

2021-05-30 10:20:28 - [TEST_STEP][PASSED] - verifyElementPropertyValue(response, "[1].username", "thanhtung"): Verify element property value successfully

2021-05-30 10:20:28 - [MESSAGE][PASSED] - Verify element property value successfully]]></system-out>
         <system-err><![CDATA[]]></system-err>
      </testcase>
      <testcase name="Test Cases/API/API - Verify successfuly get users by usernames" time="0.642" classname="Test Cases/API/API - Verify successfuly get users by usernames" status="PASSED">
         <system-out><![CDATA[2021-05-30 10:20:28 - [TEST_CASE][PASSED] - Test Cases/API/API - Verify successfuly get users by usernames: Test Cases/API/API - Verify successfuly get users by usernames

2021-05-30 10:20:28 - [TEST_STEP][PASSED] - loginResponse = sendRequest(findTestObject("API/Login")): Send request successfully

2021-05-30 10:20:28 - [MESSAGE][INFO] - HAR: C:\Users\nttuan\Downloads\CDNC\mattermost-testing\Reports\20210530_102014\Run all test cases\20210530_102015\requests\main\14.har

2021-05-30 10:20:28 - [MESSAGE][PASSED] - Send request successfully

2021-05-30 10:20:28 - [TEST_STEP][PASSED] - token = loginResponse.getHeaderField("Token"): null

2021-05-30 10:20:28 - [TEST_STEP][PASSED] - out.println("Token: " + token): null

2021-05-30 10:20:28 - [TEST_STEP][PASSED] - ScopeToProject = findTestObject("API/Get users by usernames"): null

2021-05-30 10:20:28 - [TEST_STEP][PASSED] - HTTPHeader = new java.util.ArrayList(): null

2021-05-30 10:20:28 - [TEST_STEP][PASSED] - HTTPHeader.add(new com.kms.katalon.core.testobject.TestObjectProperty(Authorization, com.kms.katalon.core.testobject.ConditionType.EQUALS, (Bearer  + token))): null

2021-05-30 10:20:28 - [TEST_STEP][PASSED] - ScopeToProject.setHttpHeaderProperties(HTTPHeader): null

2021-05-30 10:20:28 - [TEST_STEP][PASSED] - response = sendRequest(ScopeToProject): Send request successfully

2021-05-30 10:20:28 - [MESSAGE][INFO] - HAR: C:\Users\nttuan\Downloads\CDNC\mattermost-testing\Reports\20210530_102014\Run all test cases\20210530_102015\requests\main\15.har

2021-05-30 10:20:28 - [MESSAGE][PASSED] - Send request successfully

2021-05-30 10:20:28 - [TEST_STEP][PASSED] - out.println("Body content: " + response.getResponseBodyContent()): null

2021-05-30 10:20:28 - [TEST_STEP][PASSED] - verifyResponseStatusCode(response, 200): Verify response status code successfully

2021-05-30 10:20:28 - [MESSAGE][PASSED] - Verify response status code successfully

2021-05-30 10:20:28 - [TEST_STEP][PASSED] - verifyElementPropertyValue(response, "[0].username", "nguyenvana"): Verify element property value successfully

2021-05-30 10:20:28 - [MESSAGE][PASSED] - Verify element property value successfully

2021-05-30 10:20:28 - [TEST_STEP][PASSED] - verifyElementPropertyValue(response, "[1].username", "thanhtung"): Verify element property value successfully

2021-05-30 10:20:28 - [MESSAGE][PASSED] - Verify element property value successfully]]></system-out>
         <system-err><![CDATA[]]></system-err>
      </testcase>
      <testcase name="Test Cases/Login/Verify login failed with empty password" time="7.492" classname="Test Cases/Login/Verify login failed with empty password" status="PASSED">
         <system-out><![CDATA[2021-05-30 10:20:28 - [TEST_CASE][PASSED] - Test Cases/Login/Verify login failed with empty password: Test Cases/Login/Verify login failed with empty password

2021-05-30 10:20:29 - [TEST_STEP][PASSED] - callTestCase(findTestCase("Common Test Cases/Login"), ["Username":findTestData("Internal Data for Login").getValue(1, 2), "Password":findTestData("Internal Data for Login").getValue(2, 2)], STOP_ON_FAILURE): Call Test Case 'Test Cases/Common Test Cases/Login' successfully

2021-05-30 10:20:29 - [TEST_CASE][PASSED] - Test Cases/Common Test Cases/Login: Test Cases/Common Test Cases/Login

2021-05-30 10:20:29 - [TEST_STEP][PASSED] - openBrowser(""): Browser is opened with url: ''

2021-05-30 10:20:29 - [MESSAGE][INFO] - Starting 'Chrome' driver

2021-05-30 10:20:29 - [MESSAGE][INFO] - Action delay is set to 0 milliseconds

2021-05-30 10:20:31 - [MESSAGE][PASSED] - Browser is opened with url: ''

2021-05-30 10:20:31 - [TEST_STEP][PASSED] - navigateToUrl("https://chudenangcao2021.cf/"): Navigate to 'https://chudenangcao2021.cf/' successfully

2021-05-30 10:20:32 - [MESSAGE][PASSED] - Navigate to 'https://chudenangcao2021.cf/' successfully

2021-05-30 10:20:32 - [TEST_STEP][PASSED] - setText(findTestObject("Object Repository/Page_Mattermost/input_All team communication in one place, _dcc84b"), Username): Text 'nguyenvana' is set on object 'Object Repository/Page_Mattermost/input_All team communication in one place, _dcc84b'

2021-05-30 10:20:33 - [MESSAGE][PASSED] - Text 'nguyenvana' is set on object 'Object Repository/Page_Mattermost/input_All team communication in one place, _dcc84b'

2021-05-30 10:20:33 - [TEST_STEP][PASSED] - setText(findTestObject("Object Repository/Page_Mattermost/input_All team communication in one place, _a3edc6"), Password): Text '' is set on object 'Object Repository/Page_Mattermost/input_All team communication in one place, _a3edc6'

2021-05-30 10:20:34 - [MESSAGE][PASSED] - Text '' is set on object 'Object Repository/Page_Mattermost/input_All team communication in one place, _a3edc6'

2021-05-30 10:20:34 - [TEST_STEP][PASSED] - click(findTestObject("Object Repository/Page_Mattermost/button_Sign in")): Object: 'Object Repository/Page_Mattermost/button_Sign in' is clicked on

2021-05-30 10:20:35 - [MESSAGE][PASSED] - Object: 'Object Repository/Page_Mattermost/button_Sign in' is clicked on

2021-05-30 10:20:35 - [TEST_STEP][PASSED] - verifyLinksAccessible(["https://chudenangcao2021.cf/cdnc-cnpm-2021/channels"]): All links are accessible

2021-05-30 10:20:35 - [MESSAGE][INFO] - HAR: C:\Users\nttuan\Downloads\CDNC\mattermost-testing\Reports\20210530_102014\Run all test cases\20210530_102015\requests\main\16.har

2021-05-30 10:20:35 - [MESSAGE][PASSED] - Send request successfully

2021-05-30 10:20:35 - [MESSAGE][PASSED] - All links are accessible

2021-05-30 10:20:35 - [MESSAGE][PASSED] - Call Test Case 'Test Cases/Common Test Cases/Login' successfully

2021-05-30 10:20:35 - [TEST_STEP][PASSED] - verifyElementPresent(findTestObject("Page_Mattermost/label_Please enter your password"), 0): Object 'Object Repository/Page_Mattermost/label_Please enter your password' is present

2021-05-30 10:20:35 - [MESSAGE][WARNING] - Timeout '0' is invalid. Using default page load timeout: '30'

2021-05-30 10:20:35 - [MESSAGE][PASSED] - Object 'Object Repository/Page_Mattermost/label_Please enter your password' is present

2021-05-30 10:20:35 - [TEST_STEP][PASSED] - closeBrowser(): Browser is closed

2021-05-30 10:20:36 - [MESSAGE][PASSED] - Browser is closed]]></system-out>
         <system-err><![CDATA[]]></system-err>
      </testcase>
      <testcase name="Test Cases/Login/Verify login failed with empty username" time="6.009" classname="Test Cases/Login/Verify login failed with empty username" status="PASSED">
         <system-out><![CDATA[2021-05-30 10:20:36 - [TEST_CASE][PASSED] - Test Cases/Login/Verify login failed with empty username: Test Cases/Login/Verify login failed with empty username

2021-05-30 10:20:36 - [TEST_STEP][PASSED] - callTestCase(findTestCase("Common Test Cases/Login"), ["Username":findTestData("Internal Data for Login").getValue(1, 1), "Password":findTestData("Internal Data for Login").getValue(2, 1)], STOP_ON_FAILURE): Call Test Case 'Test Cases/Common Test Cases/Login' successfully

2021-05-30 10:20:36 - [TEST_CASE][PASSED] - Test Cases/Common Test Cases/Login: Test Cases/Common Test Cases/Login

2021-05-30 10:20:36 - [TEST_STEP][PASSED] - openBrowser(""): Browser is opened with url: ''

2021-05-30 10:20:36 - [MESSAGE][INFO] - Starting 'Chrome' driver

2021-05-30 10:20:36 - [MESSAGE][INFO] - Action delay is set to 0 milliseconds

2021-05-30 10:20:38 - [MESSAGE][PASSED] - Browser is opened with url: ''

2021-05-30 10:20:38 - [TEST_STEP][PASSED] - navigateToUrl("https://chudenangcao2021.cf/"): Navigate to 'https://chudenangcao2021.cf/' successfully

2021-05-30 10:20:38 - [MESSAGE][PASSED] - Navigate to 'https://chudenangcao2021.cf/' successfully

2021-05-30 10:20:38 - [TEST_STEP][PASSED] - setText(findTestObject("Object Repository/Page_Mattermost/input_All team communication in one place, _dcc84b"), Username): Text '' is set on object 'Object Repository/Page_Mattermost/input_All team communication in one place, _dcc84b'

2021-05-30 10:20:40 - [MESSAGE][PASSED] - Text '' is set on object 'Object Repository/Page_Mattermost/input_All team communication in one place, _dcc84b'

2021-05-30 10:20:40 - [TEST_STEP][PASSED] - setText(findTestObject("Object Repository/Page_Mattermost/input_All team communication in one place, _a3edc6"), Password): Text 'Tung@123456' is set on object 'Object Repository/Page_Mattermost/input_All team communication in one place, _a3edc6'

2021-05-30 10:20:40 - [MESSAGE][PASSED] - Text 'Tung@123456' is set on object 'Object Repository/Page_Mattermost/input_All team communication in one place, _a3edc6'

2021-05-30 10:20:40 - [TEST_STEP][PASSED] - click(findTestObject("Object Repository/Page_Mattermost/button_Sign in")): Object: 'Object Repository/Page_Mattermost/button_Sign in' is clicked on

2021-05-30 10:20:41 - [MESSAGE][PASSED] - Object: 'Object Repository/Page_Mattermost/button_Sign in' is clicked on

2021-05-30 10:20:41 - [TEST_STEP][PASSED] - verifyLinksAccessible(["https://chudenangcao2021.cf/cdnc-cnpm-2021/channels"]): All links are accessible

2021-05-30 10:20:41 - [MESSAGE][INFO] - HAR: C:\Users\nttuan\Downloads\CDNC\mattermost-testing\Reports\20210530_102014\Run all test cases\20210530_102015\requests\main\17.har

2021-05-30 10:20:41 - [MESSAGE][PASSED] - Send request successfully

2021-05-30 10:20:41 - [MESSAGE][PASSED] - All links are accessible

2021-05-30 10:20:41 - [MESSAGE][PASSED] - Call Test Case 'Test Cases/Common Test Cases/Login' successfully

2021-05-30 10:20:41 - [TEST_STEP][PASSED] - verifyElementPresent(findTestObject("Page_Mattermost/label_Please enter your email or username"), 0): Object 'Object Repository/Page_Mattermost/label_Please enter your email or username' is present

2021-05-30 10:20:41 - [MESSAGE][WARNING] - Timeout '0' is invalid. Using default page load timeout: '30'

2021-05-30 10:20:41 - [MESSAGE][PASSED] - Object 'Object Repository/Page_Mattermost/label_Please enter your email or username' is present

2021-05-30 10:20:41 - [TEST_STEP][PASSED] - closeBrowser(): Browser is closed

2021-05-30 10:20:42 - [MESSAGE][PASSED] - Browser is closed]]></system-out>
         <system-err><![CDATA[]]></system-err>
      </testcase>
      <testcase name="Test Cases/Login/Verify login failed with invalid password" time="6.464" classname="Test Cases/Login/Verify login failed with invalid password" status="PASSED">
         <system-out><![CDATA[2021-05-30 10:20:42 - [TEST_CASE][PASSED] - Test Cases/Login/Verify login failed with invalid password: Test Cases/Login/Verify login failed with invalid password

2021-05-30 10:20:42 - [TEST_STEP][PASSED] - callTestCase(findTestCase("Common Test Cases/Login"), ["Username":findTestData("Internal Data for Login").getValue(1, 4), "Password":findTestData("Internal Data for Login").getValue(2, 4)], STOP_ON_FAILURE): Call Test Case 'Test Cases/Common Test Cases/Login' successfully

2021-05-30 10:20:42 - [TEST_CASE][PASSED] - Test Cases/Common Test Cases/Login: Test Cases/Common Test Cases/Login

2021-05-30 10:20:42 - [TEST_STEP][PASSED] - openBrowser(""): Browser is opened with url: ''

2021-05-30 10:20:42 - [MESSAGE][INFO] - Starting 'Chrome' driver

2021-05-30 10:20:42 - [MESSAGE][INFO] - Action delay is set to 0 milliseconds

2021-05-30 10:20:44 - [MESSAGE][PASSED] - Browser is opened with url: ''

2021-05-30 10:20:44 - [TEST_STEP][PASSED] - navigateToUrl("https://chudenangcao2021.cf/"): Navigate to 'https://chudenangcao2021.cf/' successfully

2021-05-30 10:20:44 - [MESSAGE][PASSED] - Navigate to 'https://chudenangcao2021.cf/' successfully

2021-05-30 10:20:44 - [TEST_STEP][PASSED] - setText(findTestObject("Object Repository/Page_Mattermost/input_All team communication in one place, _dcc84b"), Username): Text 'nguyenvana' is set on object 'Object Repository/Page_Mattermost/input_All team communication in one place, _dcc84b'

2021-05-30 10:20:46 - [MESSAGE][PASSED] - Text 'nguyenvana' is set on object 'Object Repository/Page_Mattermost/input_All team communication in one place, _dcc84b'

2021-05-30 10:20:46 - [TEST_STEP][PASSED] - setText(findTestObject("Object Repository/Page_Mattermost/input_All team communication in one place, _a3edc6"), Password): Text 'Tung@123456789' is set on object 'Object Repository/Page_Mattermost/input_All team communication in one place, _a3edc6'

2021-05-30 10:20:47 - [MESSAGE][PASSED] - Text 'Tung@123456789' is set on object 'Object Repository/Page_Mattermost/input_All team communication in one place, _a3edc6'

2021-05-30 10:20:47 - [TEST_STEP][PASSED] - click(findTestObject("Object Repository/Page_Mattermost/button_Sign in")): Object: 'Object Repository/Page_Mattermost/button_Sign in' is clicked on

2021-05-30 10:20:47 - [MESSAGE][PASSED] - Object: 'Object Repository/Page_Mattermost/button_Sign in' is clicked on

2021-05-30 10:20:47 - [TEST_STEP][PASSED] - verifyLinksAccessible(["https://chudenangcao2021.cf/cdnc-cnpm-2021/channels"]): All links are accessible

2021-05-30 10:20:47 - [MESSAGE][INFO] - HAR: C:\Users\nttuan\Downloads\CDNC\mattermost-testing\Reports\20210530_102014\Run all test cases\20210530_102015\requests\main\18.har

2021-05-30 10:20:47 - [MESSAGE][PASSED] - Send request successfully

2021-05-30 10:20:47 - [MESSAGE][PASSED] - All links are accessible

2021-05-30 10:20:47 - [MESSAGE][PASSED] - Call Test Case 'Test Cases/Common Test Cases/Login' successfully

2021-05-30 10:20:47 - [TEST_STEP][PASSED] - verifyElementPresent(findTestObject("Page_Mattermost/label_Enter a valid email or username andor password"), 0): Object 'Object Repository/Page_Mattermost/label_Enter a valid email or username andor password' is present

2021-05-30 10:20:47 - [MESSAGE][WARNING] - Timeout '0' is invalid. Using default page load timeout: '30'

2021-05-30 10:20:48 - [MESSAGE][PASSED] - Object 'Object Repository/Page_Mattermost/label_Enter a valid email or username andor password' is present

2021-05-30 10:20:48 - [TEST_STEP][PASSED] - closeBrowser(): Browser is closed

2021-05-30 10:20:48 - [MESSAGE][PASSED] - Browser is closed]]></system-out>
         <system-err><![CDATA[]]></system-err>
      </testcase>
      <testcase name="Test Cases/Login/Verify login failed with invalid username" time="6.285" classname="Test Cases/Login/Verify login failed with invalid username" status="PASSED">
         <system-out><![CDATA[2021-05-30 10:20:48 - [TEST_CASE][PASSED] - Test Cases/Login/Verify login failed with invalid username: Test Cases/Login/Verify login failed with invalid username

2021-05-30 10:20:49 - [TEST_STEP][PASSED] - callTestCase(findTestCase("Common Test Cases/Login"), ["Username":findTestData("Internal Data for Login").getValue(1, 3), "Password":findTestData("Internal Data for Login").getValue(2, 3)], STOP_ON_FAILURE): Call Test Case 'Test Cases/Common Test Cases/Login' successfully

2021-05-30 10:20:49 - [TEST_CASE][PASSED] - Test Cases/Common Test Cases/Login: Test Cases/Common Test Cases/Login

2021-05-30 10:20:49 - [TEST_STEP][PASSED] - openBrowser(""): Browser is opened with url: ''

2021-05-30 10:20:49 - [MESSAGE][INFO] - Starting 'Chrome' driver

2021-05-30 10:20:49 - [MESSAGE][INFO] - Action delay is set to 0 milliseconds

2021-05-30 10:20:50 - [MESSAGE][PASSED] - Browser is opened with url: ''

2021-05-30 10:20:50 - [TEST_STEP][PASSED] - navigateToUrl("https://chudenangcao2021.cf/"): Navigate to 'https://chudenangcao2021.cf/' successfully

2021-05-30 10:20:51 - [MESSAGE][PASSED] - Navigate to 'https://chudenangcao2021.cf/' successfully

2021-05-30 10:20:51 - [TEST_STEP][PASSED] - setText(findTestObject("Object Repository/Page_Mattermost/input_All team communication in one place, _dcc84b"), Username): Text 'nguyenvanaaaa' is set on object 'Object Repository/Page_Mattermost/input_All team communication in one place, _dcc84b'

2021-05-30 10:20:52 - [MESSAGE][PASSED] - Text 'nguyenvanaaaa' is set on object 'Object Repository/Page_Mattermost/input_All team communication in one place, _dcc84b'

2021-05-30 10:20:52 - [TEST_STEP][PASSED] - setText(findTestObject("Object Repository/Page_Mattermost/input_All team communication in one place, _a3edc6"), Password): Text 'Tung@123456' is set on object 'Object Repository/Page_Mattermost/input_All team communication in one place, _a3edc6'

2021-05-30 10:20:53 - [MESSAGE][PASSED] - Text 'Tung@123456' is set on object 'Object Repository/Page_Mattermost/input_All team communication in one place, _a3edc6'

2021-05-30 10:20:53 - [TEST_STEP][PASSED] - click(findTestObject("Object Repository/Page_Mattermost/button_Sign in")): Object: 'Object Repository/Page_Mattermost/button_Sign in' is clicked on

2021-05-30 10:20:53 - [MESSAGE][PASSED] - Object: 'Object Repository/Page_Mattermost/button_Sign in' is clicked on

2021-05-30 10:20:53 - [TEST_STEP][PASSED] - verifyLinksAccessible(["https://chudenangcao2021.cf/cdnc-cnpm-2021/channels"]): All links are accessible

2021-05-30 10:20:53 - [MESSAGE][INFO] - HAR: C:\Users\nttuan\Downloads\CDNC\mattermost-testing\Reports\20210530_102014\Run all test cases\20210530_102015\requests\main\19.har

2021-05-30 10:20:53 - [MESSAGE][PASSED] - Send request successfully

2021-05-30 10:20:53 - [MESSAGE][PASSED] - All links are accessible

2021-05-30 10:20:53 - [MESSAGE][PASSED] - Call Test Case 'Test Cases/Common Test Cases/Login' successfully

2021-05-30 10:20:53 - [TEST_STEP][PASSED] - verifyElementPresent(findTestObject("Page_Mattermost/label_Enter a valid email or username andor password"), 0): Object 'Object Repository/Page_Mattermost/label_Enter a valid email or username andor password' is present

2021-05-30 10:20:54 - [MESSAGE][WARNING] - Timeout '0' is invalid. Using default page load timeout: '30'

2021-05-30 10:20:54 - [MESSAGE][PASSED] - Object 'Object Repository/Page_Mattermost/label_Enter a valid email or username andor password' is present

2021-05-30 10:20:54 - [TEST_STEP][PASSED] - closeBrowser(): Browser is closed

2021-05-30 10:20:55 - [MESSAGE][PASSED] - Browser is closed]]></system-out>
         <system-err><![CDATA[]]></system-err>
      </testcase>
      <testcase name="Test Cases/Login/Verify successful login" time="7.722" classname="Test Cases/Login/Verify successful login" status="PASSED">
         <system-out><![CDATA[2021-05-30 10:20:55 - [TEST_CASE][PASSED] - Test Cases/Login/Verify successful login: Test Cases/Login/Verify successful login

2021-05-30 10:20:55 - [TEST_STEP][PASSED] - callTestCase(findTestCase("Common Test Cases/Login"), ["Username":findTestData("Internal Data for Login").getValue(1, 5), "Password":findTestData("Internal Data for Login").getValue(2, 5)], STOP_ON_FAILURE): Call Test Case 'Test Cases/Common Test Cases/Login' successfully

2021-05-30 10:20:55 - [TEST_CASE][PASSED] - Test Cases/Common Test Cases/Login: Test Cases/Common Test Cases/Login

2021-05-30 10:20:55 - [TEST_STEP][PASSED] - openBrowser(""): Browser is opened with url: ''

2021-05-30 10:20:55 - [MESSAGE][INFO] - Starting 'Chrome' driver

2021-05-30 10:20:55 - [MESSAGE][INFO] - Action delay is set to 0 milliseconds

2021-05-30 10:20:56 - [MESSAGE][PASSED] - Browser is opened with url: ''

2021-05-30 10:20:56 - [TEST_STEP][PASSED] - navigateToUrl("https://chudenangcao2021.cf/"): Navigate to 'https://chudenangcao2021.cf/' successfully

2021-05-30 10:20:57 - [MESSAGE][PASSED] - Navigate to 'https://chudenangcao2021.cf/' successfully

2021-05-30 10:20:57 - [TEST_STEP][PASSED] - setText(findTestObject("Object Repository/Page_Mattermost/input_All team communication in one place, _dcc84b"), Username): Text 'nguyenvana' is set on object 'Object Repository/Page_Mattermost/input_All team communication in one place, _dcc84b'

2021-05-30 10:20:58 - [MESSAGE][PASSED] - Text 'nguyenvana' is set on object 'Object Repository/Page_Mattermost/input_All team communication in one place, _dcc84b'

2021-05-30 10:20:58 - [TEST_STEP][PASSED] - setText(findTestObject("Object Repository/Page_Mattermost/input_All team communication in one place, _a3edc6"), Password): Text 'Tung@123456' is set on object 'Object Repository/Page_Mattermost/input_All team communication in one place, _a3edc6'

2021-05-30 10:20:59 - [MESSAGE][PASSED] - Text 'Tung@123456' is set on object 'Object Repository/Page_Mattermost/input_All team communication in one place, _a3edc6'

2021-05-30 10:20:59 - [TEST_STEP][PASSED] - click(findTestObject("Object Repository/Page_Mattermost/button_Sign in")): Object: 'Object Repository/Page_Mattermost/button_Sign in' is clicked on

2021-05-30 10:21:00 - [MESSAGE][PASSED] - Object: 'Object Repository/Page_Mattermost/button_Sign in' is clicked on

2021-05-30 10:21:00 - [TEST_STEP][PASSED] - verifyLinksAccessible(["https://chudenangcao2021.cf/cdnc-cnpm-2021/channels"]): All links are accessible

2021-05-30 10:21:00 - [MESSAGE][INFO] - HAR: C:\Users\nttuan\Downloads\CDNC\mattermost-testing\Reports\20210530_102014\Run all test cases\20210530_102015\requests\main\20.har

2021-05-30 10:21:00 - [MESSAGE][PASSED] - Send request successfully

2021-05-30 10:21:00 - [MESSAGE][PASSED] - All links are accessible

2021-05-30 10:21:00 - [MESSAGE][PASSED] - Call Test Case 'Test Cases/Common Test Cases/Login' successfully

2021-05-30 10:21:00 - [TEST_STEP][PASSED] - verifyElementPresent(findTestObject("Page_Town Square - TEAM NAME Mattermost/div_CHANNELS"), 0): Object 'Object Repository/Page_Town Square - TEAM NAME Mattermost/div_CHANNELS' is present

2021-05-30 10:21:00 - [MESSAGE][WARNING] - Timeout '0' is invalid. Using default page load timeout: '30'

2021-05-30 10:21:01 - [MESSAGE][PASSED] - Object 'Object Repository/Page_Town Square - TEAM NAME Mattermost/div_CHANNELS' is present

2021-05-30 10:21:01 - [TEST_STEP][PASSED] - verifyElementPresent(findTestObject("Page_Town Square - TEAM NAME Mattermost/div_DIRECT MESSAGES"), 0): Object 'Object Repository/Page_Town Square - TEAM NAME Mattermost/div_DIRECT MESSAGES' is present

2021-05-30 10:21:01 - [MESSAGE][WARNING] - Timeout '0' is invalid. Using default page load timeout: '30'

2021-05-30 10:21:02 - [MESSAGE][PASSED] - Object 'Object Repository/Page_Town Square - TEAM NAME Mattermost/div_DIRECT MESSAGES' is present

2021-05-30 10:21:02 - [TEST_STEP][PASSED] - closeBrowser(): Browser is closed

2021-05-30 10:21:02 - [MESSAGE][PASSED] - Browser is closed]]></system-out>
         <system-err><![CDATA[]]></system-err>
      </testcase>
      <testcase name="Test Cases/SwitchCaseTest/ChangeLanguge" time="10.359" classname="Test Cases/SwitchCaseTest/ChangeLanguge" status="PASSED">
         <system-out><![CDATA[2021-05-30 10:21:02 - [TEST_CASE][PASSED] - Test Cases/SwitchCaseTest/ChangeLanguge: Test Cases/SwitchCaseTest/ChangeLanguge

2021-05-30 10:21:03 - [TEST_STEP][PASSED] - callTestCase(findTestCase("Test Cases/Common Test Cases/Login"), ["username":username, "password":password], STOP_ON_FAILURE): Call Test Case 'Test Cases/Common Test Cases/Login' successfully

2021-05-30 10:21:03 - [TEST_CASE][PASSED] - Test Cases/Common Test Cases/Login: Test Cases/Common Test Cases/Login

2021-05-30 10:21:03 - [TEST_STEP][PASSED] - openBrowser(""): Browser is opened with url: ''

2021-05-30 10:21:03 - [MESSAGE][INFO] - Starting 'Chrome' driver

2021-05-30 10:21:03 - [MESSAGE][INFO] - Action delay is set to 0 milliseconds

2021-05-30 10:21:04 - [MESSAGE][PASSED] - Browser is opened with url: ''

2021-05-30 10:21:04 - [TEST_STEP][PASSED] - navigateToUrl("https://chudenangcao2021.cf/"): Navigate to 'https://chudenangcao2021.cf/' successfully

2021-05-30 10:21:05 - [MESSAGE][PASSED] - Navigate to 'https://chudenangcao2021.cf/' successfully

2021-05-30 10:21:05 - [TEST_STEP][PASSED] - setText(findTestObject("Object Repository/Page_Mattermost/input_All team communication in one place, _dcc84b"), Username): Text 'Minhvu12918' is set on object 'Object Repository/Page_Mattermost/input_All team communication in one place, _dcc84b'

2021-05-30 10:21:06 - [MESSAGE][PASSED] - Text 'Minhvu12918' is set on object 'Object Repository/Page_Mattermost/input_All team communication in one place, _dcc84b'

2021-05-30 10:21:06 - [TEST_STEP][PASSED] - setText(findTestObject("Object Repository/Page_Mattermost/input_All team communication in one place, _a3edc6"), Password): Text 'Minhvuabc2@' is set on object 'Object Repository/Page_Mattermost/input_All team communication in one place, _a3edc6'

2021-05-30 10:21:07 - [MESSAGE][PASSED] - Text 'Minhvuabc2@' is set on object 'Object Repository/Page_Mattermost/input_All team communication in one place, _a3edc6'

2021-05-30 10:21:07 - [TEST_STEP][PASSED] - click(findTestObject("Object Repository/Page_Mattermost/button_Sign in")): Object: 'Object Repository/Page_Mattermost/button_Sign in' is clicked on

2021-05-30 10:21:08 - [MESSAGE][PASSED] - Object: 'Object Repository/Page_Mattermost/button_Sign in' is clicked on

2021-05-30 10:21:08 - [TEST_STEP][PASSED] - verifyLinksAccessible(["https://chudenangcao2021.cf/cdnc-cnpm-2021/channels"]): All links are accessible

2021-05-30 10:21:08 - [MESSAGE][INFO] - HAR: C:\Users\nttuan\Downloads\CDNC\mattermost-testing\Reports\20210530_102014\Run all test cases\20210530_102015\requests\main\21.har

2021-05-30 10:21:08 - [MESSAGE][PASSED] - Send request successfully

2021-05-30 10:21:08 - [MESSAGE][PASSED] - All links are accessible

2021-05-30 10:21:08 - [MESSAGE][PASSED] - Call Test Case 'Test Cases/Common Test Cases/Login' successfully

2021-05-30 10:21:08 - [TEST_STEP][PASSED] - click(findTestObject("Object Repository/IFObject/Page_TEST CHANNEL - TEAM NAME Mattermost/button_cxtuan_style--none sidebar-header-dropdown__icon")): Object: 'Object Repository/IFObject/Page_TEST CHANNEL - TEAM NAME Mattermost/button_cxtuan_style--none sidebar-header-dropdown__icon' is clicked on

2021-05-30 10:21:09 - [MESSAGE][PASSED] - Object: 'Object Repository/IFObject/Page_TEST CHANNEL - TEAM NAME Mattermost/button_cxtuan_style--none sidebar-header-dropdown__icon' is clicked on

2021-05-30 10:21:09 - [TEST_STEP][PASSED] - click(findTestObject("Object Repository/IFObject/Page_TEST CHANNEL - TEAM NAME Mattermost/button_Account Settings")): Object: 'Object Repository/IFObject/Page_TEST CHANNEL - TEAM NAME Mattermost/button_Account Settings' is clicked on

2021-05-30 10:21:10 - [MESSAGE][PASSED] - Object: 'Object Repository/IFObject/Page_TEST CHANNEL - TEAM NAME Mattermost/button_Account Settings' is clicked on

2021-05-30 10:21:10 - [TEST_STEP][PASSED] - lang = language: null

2021-05-30 10:21:10 - [TEST_STEP][PASSED] - click(findTestObject("Object Repository/SwitchCase/Change language/button_Display")): Object: 'Object Repository/SwitchCase/Change language/button_Display' is clicked on

2021-05-30 10:21:11 - [MESSAGE][PASSED] - Object: 'Object Repository/SwitchCase/Change language/button_Display' is clicked on

2021-05-30 10:21:11 - [TEST_STEP][PASSED] - click(findTestObject("Object Repository/SwitchCase/Change language/button_EditLanguage")): Object: 'Object Repository/SwitchCase/Change language/button_EditLanguage' is clicked on

2021-05-30 10:21:11 - [MESSAGE][PASSED] - Object: 'Object Repository/SwitchCase/Change language/button_EditLanguage' is clicked on

2021-05-30 10:21:11 - [TEST_STEP][PASSED] - click(findTestObject("Object Repository/SwitchCase/Change language/div_English")): Object: 'Object Repository/SwitchCase/Change language/div_English' is clicked on

2021-05-30 10:21:12 - [MESSAGE][PASSED] - Object: 'Object Repository/SwitchCase/Change language/div_English' is clicked on

2021-05-30 10:21:12 - [TEST_STEP][PASSED] - switch (lang): null

2021-05-30 10:21:12 - [TEST_STEP][PASSED] - case "Italiano":: null

2021-05-30 10:21:12 - [TEST_STEP][PASSED] - click(findTestObject("Object Repository/SwitchCase/Page_span_Town Square - TEAM NAME Mattermost/div_Italiano")): Object: 'Object Repository/SwitchCase/Page_span_Town Square - TEAM NAME Mattermost/div_Italiano' is clicked on

2021-05-30 10:21:12 - [MESSAGE][PASSED] - Object: 'Object Repository/SwitchCase/Page_span_Town Square - TEAM NAME Mattermost/div_Italiano' is clicked on

2021-05-30 10:21:12 - [TEST_STEP][PASSED] - break: null

2021-05-30 10:21:12 - [TEST_STEP][PASSED] - click(findTestObject("Object Repository/SwitchCase/Change language/button_Save")): Object: 'Object Repository/SwitchCase/Change language/button_Save' is clicked on

2021-05-30 10:21:13 - [MESSAGE][PASSED] - Object: 'Object Repository/SwitchCase/Change language/button_Save' is clicked on]]></system-out>
         <system-err><![CDATA[]]></system-err>
      </testcase>
      <testcase name="Test Cases/SwitchCaseTest/CallChangeDefaultLanguage" time="10.763" classname="Test Cases/SwitchCaseTest/CallChangeDefaultLanguage" status="PASSED">
         <system-out><![CDATA[2021-05-30 10:21:13 - [TEST_CASE][PASSED] - Test Cases/SwitchCaseTest/CallChangeDefaultLanguage: Test Cases/SwitchCaseTest/CallChangeDefaultLanguage

2021-05-30 10:21:13 - [TEST_STEP][PASSED] - callTestCase(findTestCase("SwitchCaseTest/ChangeLanguge"), ["username":"cxtuan", "password":"01672471821nT@", "language":"English"], STOP_ON_FAILURE): Call Test Case 'Test Cases/SwitchCaseTest/ChangeLanguge' successfully

2021-05-30 10:21:13 - [TEST_CASE][PASSED] - Test Cases/SwitchCaseTest/ChangeLanguge: Test Cases/SwitchCaseTest/ChangeLanguge

2021-05-30 10:21:13 - [TEST_STEP][PASSED] - callTestCase(findTestCase("Test Cases/Common Test Cases/Login"), ["username":username, "password":password], STOP_ON_FAILURE): Call Test Case 'Test Cases/Common Test Cases/Login' successfully

2021-05-30 10:21:13 - [TEST_CASE][PASSED] - Test Cases/Common Test Cases/Login: Test Cases/Common Test Cases/Login

2021-05-30 10:21:13 - [TEST_STEP][PASSED] - openBrowser(""): Browser is opened with url: ''

2021-05-30 10:21:13 - [MESSAGE][WARNING] - A browser is already opened. Closing browser and opening a new one

2021-05-30 10:21:14 - [MESSAGE][INFO] - Starting 'Chrome' driver

2021-05-30 10:21:14 - [MESSAGE][INFO] - Action delay is set to 0 milliseconds

2021-05-30 10:21:15 - [MESSAGE][PASSED] - Browser is opened with url: ''

2021-05-30 10:21:15 - [TEST_STEP][PASSED] - navigateToUrl("https://chudenangcao2021.cf/"): Navigate to 'https://chudenangcao2021.cf/' successfully

2021-05-30 10:21:16 - [MESSAGE][PASSED] - Navigate to 'https://chudenangcao2021.cf/' successfully

2021-05-30 10:21:16 - [TEST_STEP][PASSED] - setText(findTestObject("Object Repository/Page_Mattermost/input_All team communication in one place, _dcc84b"), Username): Text 'Minhvu12918' is set on object 'Object Repository/Page_Mattermost/input_All team communication in one place, _dcc84b'

2021-05-30 10:21:17 - [MESSAGE][PASSED] - Text 'Minhvu12918' is set on object 'Object Repository/Page_Mattermost/input_All team communication in one place, _dcc84b'

2021-05-30 10:21:17 - [TEST_STEP][PASSED] - setText(findTestObject("Object Repository/Page_Mattermost/input_All team communication in one place, _a3edc6"), Password): Text 'Minhvuabc2@' is set on object 'Object Repository/Page_Mattermost/input_All team communication in one place, _a3edc6'

2021-05-30 10:21:18 - [MESSAGE][PASSED] - Text 'Minhvuabc2@' is set on object 'Object Repository/Page_Mattermost/input_All team communication in one place, _a3edc6'

2021-05-30 10:21:18 - [TEST_STEP][PASSED] - click(findTestObject("Object Repository/Page_Mattermost/button_Sign in")): Object: 'Object Repository/Page_Mattermost/button_Sign in' is clicked on

2021-05-30 10:21:19 - [MESSAGE][PASSED] - Object: 'Object Repository/Page_Mattermost/button_Sign in' is clicked on

2021-05-30 10:21:19 - [TEST_STEP][PASSED] - verifyLinksAccessible(["https://chudenangcao2021.cf/cdnc-cnpm-2021/channels"]): All links are accessible

2021-05-30 10:21:19 - [MESSAGE][INFO] - HAR: C:\Users\nttuan\Downloads\CDNC\mattermost-testing\Reports\20210530_102014\Run all test cases\20210530_102015\requests\main\22.har

2021-05-30 10:21:19 - [MESSAGE][PASSED] - Send request successfully

2021-05-30 10:21:19 - [MESSAGE][PASSED] - All links are accessible

2021-05-30 10:21:19 - [MESSAGE][PASSED] - Call Test Case 'Test Cases/Common Test Cases/Login' successfully

2021-05-30 10:21:19 - [TEST_STEP][PASSED] - click(findTestObject("Object Repository/IFObject/Page_TEST CHANNEL - TEAM NAME Mattermost/button_cxtuan_style--none sidebar-header-dropdown__icon")): Object: 'Object Repository/IFObject/Page_TEST CHANNEL - TEAM NAME Mattermost/button_cxtuan_style--none sidebar-header-dropdown__icon' is clicked on

2021-05-30 10:21:20 - [MESSAGE][PASSED] - Object: 'Object Repository/IFObject/Page_TEST CHANNEL - TEAM NAME Mattermost/button_cxtuan_style--none sidebar-header-dropdown__icon' is clicked on

2021-05-30 10:21:20 - [TEST_STEP][PASSED] - click(findTestObject("Object Repository/IFObject/Page_TEST CHANNEL - TEAM NAME Mattermost/button_Account Settings")): Object: 'Object Repository/IFObject/Page_TEST CHANNEL - TEAM NAME Mattermost/button_Account Settings' is clicked on

2021-05-30 10:21:21 - [MESSAGE][PASSED] - Object: 'Object Repository/IFObject/Page_TEST CHANNEL - TEAM NAME Mattermost/button_Account Settings' is clicked on

2021-05-30 10:21:21 - [TEST_STEP][PASSED] - lang = language: null

2021-05-30 10:21:21 - [TEST_STEP][PASSED] - click(findTestObject("Object Repository/SwitchCase/Change language/button_Display")): Object: 'Object Repository/SwitchCase/Change language/button_Display' is clicked on

2021-05-30 10:21:21 - [MESSAGE][PASSED] - Object: 'Object Repository/SwitchCase/Change language/button_Display' is clicked on

2021-05-30 10:21:21 - [TEST_STEP][PASSED] - click(findTestObject("Object Repository/SwitchCase/Change language/button_EditLanguage")): Object: 'Object Repository/SwitchCase/Change language/button_EditLanguage' is clicked on

2021-05-30 10:21:22 - [MESSAGE][PASSED] - Object: 'Object Repository/SwitchCase/Change language/button_EditLanguage' is clicked on

2021-05-30 10:21:22 - [TEST_STEP][PASSED] - click(findTestObject("Object Repository/SwitchCase/Change language/div_English")): Object: 'Object Repository/SwitchCase/Change language/div_English' is clicked on

2021-05-30 10:21:22 - [MESSAGE][PASSED] - Object: 'Object Repository/SwitchCase/Change language/div_English' is clicked on

2021-05-30 10:21:22 - [TEST_STEP][PASSED] - switch (lang): Object: 'Object Repository/SwitchCase/Page_span_Town Square - TEAM NAME Mattermost/div_English' is clicked on

2021-05-30 10:21:22 - [TEST_STEP][PASSED] - Default: Object: 'Object Repository/SwitchCase/Page_span_Town Square - TEAM NAME Mattermost/div_English' is clicked on

2021-05-30 10:21:22 - [TEST_STEP][PASSED] - click(findTestObject("Object Repository/SwitchCase/Page_span_Town Square - TEAM NAME Mattermost/div_English")): Object: 'Object Repository/SwitchCase/Page_span_Town Square - TEAM NAME Mattermost/div_English' is clicked on

2021-05-30 10:21:23 - [MESSAGE][PASSED] - Object: 'Object Repository/SwitchCase/Page_span_Town Square - TEAM NAME Mattermost/div_English' is clicked on

2021-05-30 10:21:23 - [TEST_STEP][PASSED] - click(findTestObject("Object Repository/SwitchCase/Change language/button_Save")): Object: 'Object Repository/SwitchCase/Change language/button_Save' is clicked on

2021-05-30 10:21:24 - [MESSAGE][PASSED] - Object: 'Object Repository/SwitchCase/Change language/button_Save' is clicked on

2021-05-30 10:21:24 - [MESSAGE][PASSED] - Call Test Case 'Test Cases/SwitchCaseTest/ChangeLanguge' successfully]]></system-out>
         <system-err><![CDATA[]]></system-err>
      </testcase>
      <testcase name="Test Cases/SwitchCaseTest/ChangeNotificationEmail" time="11.99" classname="Test Cases/SwitchCaseTest/ChangeNotificationEmail" status="PASSED">
         <system-out><![CDATA[2021-05-30 10:21:24 - [TEST_CASE][PASSED] - Test Cases/SwitchCaseTest/ChangeNotificationEmail: Test Cases/SwitchCaseTest/ChangeNotificationEmail

2021-05-30 10:21:24 - [TEST_STEP][PASSED] - openBrowser(""): Browser is opened with url: ''

2021-05-30 10:21:24 - [MESSAGE][WARNING] - A browser is already opened. Closing browser and opening a new one

2021-05-30 10:21:25 - [MESSAGE][INFO] - Starting 'Chrome' driver

2021-05-30 10:21:25 - [MESSAGE][INFO] - Action delay is set to 0 milliseconds

2021-05-30 10:21:26 - [MESSAGE][PASSED] - Browser is opened with url: ''

2021-05-30 10:21:26 - [TEST_STEP][PASSED] - callTestCase(findTestCase("Test Cases/Common Test Cases/Login"), ["username":username, "password":password], STOP_ON_FAILURE): Call Test Case 'Test Cases/Common Test Cases/Login' successfully

2021-05-30 10:21:26 - [TEST_CASE][PASSED] - Test Cases/Common Test Cases/Login: Test Cases/Common Test Cases/Login

2021-05-30 10:21:26 - [TEST_STEP][PASSED] - openBrowser(""): Browser is opened with url: ''

2021-05-30 10:21:26 - [MESSAGE][WARNING] - A browser is already opened. Closing browser and opening a new one

2021-05-30 10:21:27 - [MESSAGE][INFO] - Starting 'Chrome' driver

2021-05-30 10:21:27 - [MESSAGE][INFO] - Action delay is set to 0 milliseconds

2021-05-30 10:21:28 - [MESSAGE][PASSED] - Browser is opened with url: ''

2021-05-30 10:21:28 - [TEST_STEP][PASSED] - navigateToUrl("https://chudenangcao2021.cf/"): Navigate to 'https://chudenangcao2021.cf/' successfully

2021-05-30 10:21:28 - [MESSAGE][PASSED] - Navigate to 'https://chudenangcao2021.cf/' successfully

2021-05-30 10:21:28 - [TEST_STEP][PASSED] - setText(findTestObject("Object Repository/Page_Mattermost/input_All team communication in one place, _dcc84b"), Username): Text 'Minhvu12918' is set on object 'Object Repository/Page_Mattermost/input_All team communication in one place, _dcc84b'

2021-05-30 10:21:30 - [MESSAGE][PASSED] - Text 'Minhvu12918' is set on object 'Object Repository/Page_Mattermost/input_All team communication in one place, _dcc84b'

2021-05-30 10:21:30 - [TEST_STEP][PASSED] - setText(findTestObject("Object Repository/Page_Mattermost/input_All team communication in one place, _a3edc6"), Password): Text 'Minhvuabc2@' is set on object 'Object Repository/Page_Mattermost/input_All team communication in one place, _a3edc6'

2021-05-30 10:21:31 - [MESSAGE][PASSED] - Text 'Minhvuabc2@' is set on object 'Object Repository/Page_Mattermost/input_All team communication in one place, _a3edc6'

2021-05-30 10:21:31 - [TEST_STEP][PASSED] - click(findTestObject("Object Repository/Page_Mattermost/button_Sign in")): Object: 'Object Repository/Page_Mattermost/button_Sign in' is clicked on

2021-05-30 10:21:31 - [MESSAGE][PASSED] - Object: 'Object Repository/Page_Mattermost/button_Sign in' is clicked on

2021-05-30 10:21:31 - [TEST_STEP][PASSED] - verifyLinksAccessible(["https://chudenangcao2021.cf/cdnc-cnpm-2021/channels"]): All links are accessible

2021-05-30 10:21:31 - [MESSAGE][INFO] - HAR: C:\Users\nttuan\Downloads\CDNC\mattermost-testing\Reports\20210530_102014\Run all test cases\20210530_102015\requests\main\23.har

2021-05-30 10:21:31 - [MESSAGE][PASSED] - Send request successfully

2021-05-30 10:21:31 - [MESSAGE][PASSED] - All links are accessible

2021-05-30 10:21:31 - [MESSAGE][PASSED] - Call Test Case 'Test Cases/Common Test Cases/Login' successfully

2021-05-30 10:21:31 - [TEST_STEP][PASSED] - click(findTestObject("Object Repository/SwitchCase/NotifyEmail/Page_span_Town Square - TEAM NAME Mattermost/span")): Object: 'Object Repository/SwitchCase/NotifyEmail/Page_span_Town Square - TEAM NAME Mattermost/span' is clicked on

2021-05-30 10:21:33 - [MESSAGE][PASSED] - Object: 'Object Repository/SwitchCase/NotifyEmail/Page_span_Town Square - TEAM NAME Mattermost/span' is clicked on

2021-05-30 10:21:33 - [TEST_STEP][PASSED] - click(findTestObject("Object Repository/SwitchCase/NotifyEmail/Page_span_Town Square - TEAM NAME Mattermost/button_Account Settings")): Object: 'Object Repository/SwitchCase/NotifyEmail/Page_span_Town Square - TEAM NAME Mattermost/button_Account Settings' is clicked on

2021-05-30 10:21:33 - [MESSAGE][PASSED] - Object: 'Object Repository/SwitchCase/NotifyEmail/Page_span_Town Square - TEAM NAME Mattermost/button_Account Settings' is clicked on

2021-05-30 10:21:33 - [TEST_STEP][PASSED] - click(findTestObject("Object Repository/SwitchCase/NotifyEmail/Page_span_Town Square - TEAM NAME Mattermost/button_Notifications")): Object: 'Object Repository/SwitchCase/NotifyEmail/Page_span_Town Square - TEAM NAME Mattermost/button_Notifications' is clicked on

2021-05-30 10:21:34 - [MESSAGE][PASSED] - Object: 'Object Repository/SwitchCase/NotifyEmail/Page_span_Town Square - TEAM NAME Mattermost/button_Notifications' is clicked on

2021-05-30 10:21:34 - [TEST_STEP][PASSED] - click(findTestObject("Object Repository/SwitchCase/NotifyEmail/Page_span_Town Square - TEAM NAME Mattermost/div_Email NotificationsEditImmediately")): Object: 'Object Repository/SwitchCase/NotifyEmail/Page_span_Town Square - TEAM NAME Mattermost/div_Email NotificationsEditImmediately' is clicked on

2021-05-30 10:21:35 - [MESSAGE][PASSED] - Object: 'Object Repository/SwitchCase/NotifyEmail/Page_span_Town Square - TEAM NAME Mattermost/div_Email NotificationsEditImmediately' is clicked on

2021-05-30 10:21:35 - [TEST_STEP][PASSED] - notify = notify: null

2021-05-30 10:21:35 - [TEST_STEP][PASSED] - switch (notify): null

2021-05-30 10:21:35 - [TEST_STEP][PASSED] - case "no":: null

2021-05-30 10:21:35 - [TEST_STEP][PASSED] - click(findTestObject("Object Repository/SwitchCase/NotifyEmail/Page_span_Town Square - TEAM NAME Mattermost/label_Never")): Object: 'Object Repository/SwitchCase/NotifyEmail/Page_span_Town Square - TEAM NAME Mattermost/label_Never' is clicked on

2021-05-30 10:21:35 - [MESSAGE][PASSED] - Object: 'Object Repository/SwitchCase/NotifyEmail/Page_span_Town Square - TEAM NAME Mattermost/label_Never' is clicked on

2021-05-30 10:21:35 - [TEST_STEP][PASSED] - break: null

2021-05-30 10:21:35 - [TEST_STEP][PASSED] - click(findTestObject("Object Repository/SwitchCase/NotifyEmail/Page_span_Town Square - TEAM NAME Mattermost/span_Save")): Object: 'Object Repository/SwitchCase/NotifyEmail/Page_span_Town Square - TEAM NAME Mattermost/span_Save' is clicked on

2021-05-30 10:21:36 - [MESSAGE][PASSED] - Object: 'Object Repository/SwitchCase/NotifyEmail/Page_span_Town Square - TEAM NAME Mattermost/span_Save' is clicked on]]></system-out>
         <system-err><![CDATA[]]></system-err>
      </testcase>
      <testcase name="Test Cases/SwitchCaseTest/CallChangeDefaultNotificationEmail" time="12.215" classname="Test Cases/SwitchCaseTest/CallChangeDefaultNotificationEmail" status="PASSED">
         <system-out><![CDATA[2021-05-30 10:21:36 - [TEST_CASE][PASSED] - Test Cases/SwitchCaseTest/CallChangeDefaultNotificationEmail: Test Cases/SwitchCaseTest/CallChangeDefaultNotificationEmail

2021-05-30 10:21:36 - [TEST_STEP][PASSED] - callTestCase(findTestCase("SwitchCaseTest/ChangeNotificationEmail"), ["username":"cxtuan", "password":"01672471821nT@", "notify":"yes"], STOP_ON_FAILURE): Call Test Case 'Test Cases/SwitchCaseTest/ChangeNotificationEmail' successfully

2021-05-30 10:21:36 - [TEST_CASE][PASSED] - Test Cases/SwitchCaseTest/ChangeNotificationEmail: Test Cases/SwitchCaseTest/ChangeNotificationEmail

2021-05-30 10:21:36 - [TEST_STEP][PASSED] - openBrowser(""): Browser is opened with url: ''

2021-05-30 10:21:36 - [MESSAGE][WARNING] - A browser is already opened. Closing browser and opening a new one

2021-05-30 10:21:37 - [MESSAGE][INFO] - Starting 'Chrome' driver

2021-05-30 10:21:37 - [MESSAGE][INFO] - Action delay is set to 0 milliseconds

2021-05-30 10:21:38 - [MESSAGE][PASSED] - Browser is opened with url: ''

2021-05-30 10:21:38 - [TEST_STEP][PASSED] - callTestCase(findTestCase("Test Cases/Common Test Cases/Login"), ["username":username, "password":password], STOP_ON_FAILURE): Call Test Case 'Test Cases/Common Test Cases/Login' successfully

2021-05-30 10:21:38 - [TEST_CASE][PASSED] - Test Cases/Common Test Cases/Login: Test Cases/Common Test Cases/Login

2021-05-30 10:21:38 - [TEST_STEP][PASSED] - openBrowser(""): Browser is opened with url: ''

2021-05-30 10:21:38 - [MESSAGE][WARNING] - A browser is already opened. Closing browser and opening a new one

2021-05-30 10:21:39 - [MESSAGE][INFO] - Starting 'Chrome' driver

2021-05-30 10:21:39 - [MESSAGE][INFO] - Action delay is set to 0 milliseconds

2021-05-30 10:21:40 - [MESSAGE][PASSED] - Browser is opened with url: ''

2021-05-30 10:21:40 - [TEST_STEP][PASSED] - navigateToUrl("https://chudenangcao2021.cf/"): Navigate to 'https://chudenangcao2021.cf/' successfully

2021-05-30 10:21:41 - [MESSAGE][PASSED] - Navigate to 'https://chudenangcao2021.cf/' successfully

2021-05-30 10:21:41 - [TEST_STEP][PASSED] - setText(findTestObject("Object Repository/Page_Mattermost/input_All team communication in one place, _dcc84b"), Username): Text 'Minhvu12918' is set on object 'Object Repository/Page_Mattermost/input_All team communication in one place, _dcc84b'

2021-05-30 10:21:42 - [MESSAGE][PASSED] - Text 'Minhvu12918' is set on object 'Object Repository/Page_Mattermost/input_All team communication in one place, _dcc84b'

2021-05-30 10:21:42 - [TEST_STEP][PASSED] - setText(findTestObject("Object Repository/Page_Mattermost/input_All team communication in one place, _a3edc6"), Password): Text 'Minhvuabc2@' is set on object 'Object Repository/Page_Mattermost/input_All team communication in one place, _a3edc6'

2021-05-30 10:21:43 - [MESSAGE][PASSED] - Text 'Minhvuabc2@' is set on object 'Object Repository/Page_Mattermost/input_All team communication in one place, _a3edc6'

2021-05-30 10:21:43 - [TEST_STEP][PASSED] - click(findTestObject("Object Repository/Page_Mattermost/button_Sign in")): Object: 'Object Repository/Page_Mattermost/button_Sign in' is clicked on

2021-05-30 10:21:44 - [MESSAGE][PASSED] - Object: 'Object Repository/Page_Mattermost/button_Sign in' is clicked on

2021-05-30 10:21:44 - [TEST_STEP][PASSED] - verifyLinksAccessible(["https://chudenangcao2021.cf/cdnc-cnpm-2021/channels"]): All links are accessible

2021-05-30 10:21:44 - [MESSAGE][INFO] - HAR: C:\Users\nttuan\Downloads\CDNC\mattermost-testing\Reports\20210530_102014\Run all test cases\20210530_102015\requests\main\24.har

2021-05-30 10:21:44 - [MESSAGE][PASSED] - Send request successfully

2021-05-30 10:21:44 - [MESSAGE][PASSED] - All links are accessible

2021-05-30 10:21:44 - [MESSAGE][PASSED] - Call Test Case 'Test Cases/Common Test Cases/Login' successfully

2021-05-30 10:21:44 - [TEST_STEP][PASSED] - click(findTestObject("Object Repository/SwitchCase/NotifyEmail/Page_span_Town Square - TEAM NAME Mattermost/span")): Object: 'Object Repository/SwitchCase/NotifyEmail/Page_span_Town Square - TEAM NAME Mattermost/span' is clicked on

2021-05-30 10:21:45 - [MESSAGE][PASSED] - Object: 'Object Repository/SwitchCase/NotifyEmail/Page_span_Town Square - TEAM NAME Mattermost/span' is clicked on

2021-05-30 10:21:45 - [TEST_STEP][PASSED] - click(findTestObject("Object Repository/SwitchCase/NotifyEmail/Page_span_Town Square - TEAM NAME Mattermost/button_Account Settings")): Object: 'Object Repository/SwitchCase/NotifyEmail/Page_span_Town Square - TEAM NAME Mattermost/button_Account Settings' is clicked on

2021-05-30 10:21:46 - [MESSAGE][PASSED] - Object: 'Object Repository/SwitchCase/NotifyEmail/Page_span_Town Square - TEAM NAME Mattermost/button_Account Settings' is clicked on

2021-05-30 10:21:46 - [TEST_STEP][PASSED] - click(findTestObject("Object Repository/SwitchCase/NotifyEmail/Page_span_Town Square - TEAM NAME Mattermost/button_Notifications")): Object: 'Object Repository/SwitchCase/NotifyEmail/Page_span_Town Square - TEAM NAME Mattermost/button_Notifications' is clicked on

2021-05-30 10:21:46 - [MESSAGE][PASSED] - Object: 'Object Repository/SwitchCase/NotifyEmail/Page_span_Town Square - TEAM NAME Mattermost/button_Notifications' is clicked on

2021-05-30 10:21:46 - [TEST_STEP][PASSED] - click(findTestObject("Object Repository/SwitchCase/NotifyEmail/Page_span_Town Square - TEAM NAME Mattermost/div_Email NotificationsEditImmediately")): Object: 'Object Repository/SwitchCase/NotifyEmail/Page_span_Town Square - TEAM NAME Mattermost/div_Email NotificationsEditImmediately' is clicked on

2021-05-30 10:21:47 - [MESSAGE][PASSED] - Object: 'Object Repository/SwitchCase/NotifyEmail/Page_span_Town Square - TEAM NAME Mattermost/div_Email NotificationsEditImmediately' is clicked on

2021-05-30 10:21:47 - [TEST_STEP][PASSED] - notify = notify: null

2021-05-30 10:21:47 - [TEST_STEP][PASSED] - switch (notify): null

2021-05-30 10:21:47 - [TEST_STEP][PASSED] - case "yes":: null

2021-05-30 10:21:47 - [TEST_STEP][PASSED] - click(findTestObject("Object Repository/SwitchCase/NotifyEmail/Page_span_Town Square - TEAM NAME Mattermost/label_Immediately")): Object: 'Object Repository/SwitchCase/NotifyEmail/Page_span_Town Square - TEAM NAME Mattermost/label_Immediately' is clicked on

2021-05-30 10:21:47 - [MESSAGE][PASSED] - Object: 'Object Repository/SwitchCase/NotifyEmail/Page_span_Town Square - TEAM NAME Mattermost/label_Immediately' is clicked on

2021-05-30 10:21:47 - [TEST_STEP][PASSED] - break: null

2021-05-30 10:21:47 - [TEST_STEP][PASSED] - click(findTestObject("Object Repository/SwitchCase/NotifyEmail/Page_span_Town Square - TEAM NAME Mattermost/span_Save")): Object: 'Object Repository/SwitchCase/NotifyEmail/Page_span_Town Square - TEAM NAME Mattermost/span_Save' is clicked on

2021-05-30 10:21:48 - [MESSAGE][PASSED] - Object: 'Object Repository/SwitchCase/NotifyEmail/Page_span_Town Square - TEAM NAME Mattermost/span_Save' is clicked on

2021-05-30 10:21:48 - [MESSAGE][PASSED] - Call Test Case 'Test Cases/SwitchCaseTest/ChangeNotificationEmail' successfully]]></system-out>
         <system-err><![CDATA[]]></system-err>
      </testcase>
      <testcase name="Test Cases/SwitchCaseTest/NumberOfDirectMessages" time="11.406" classname="Test Cases/SwitchCaseTest/NumberOfDirectMessages" status="PASSED">
         <system-out><![CDATA[2021-05-30 10:21:48 - [TEST_CASE][PASSED] - Test Cases/SwitchCaseTest/NumberOfDirectMessages: Test Cases/SwitchCaseTest/NumberOfDirectMessages

2021-05-30 10:21:48 - [TEST_STEP][PASSED] - callTestCase(findTestCase("Common Test Cases/Login"), ["Username":"nttuan", "Password":"12345678zZ@"], STOP_ON_FAILURE): Call Test Case 'Test Cases/Common Test Cases/Login' successfully

2021-05-30 10:21:48 - [TEST_CASE][PASSED] - Test Cases/Common Test Cases/Login: Test Cases/Common Test Cases/Login

2021-05-30 10:21:48 - [TEST_STEP][PASSED] - openBrowser(""): Browser is opened with url: ''

2021-05-30 10:21:48 - [MESSAGE][WARNING] - A browser is already opened. Closing browser and opening a new one

2021-05-30 10:21:49 - [MESSAGE][INFO] - Starting 'Chrome' driver

2021-05-30 10:21:49 - [MESSAGE][INFO] - Action delay is set to 0 milliseconds

2021-05-30 10:21:50 - [MESSAGE][PASSED] - Browser is opened with url: ''

2021-05-30 10:21:50 - [TEST_STEP][PASSED] - navigateToUrl("https://chudenangcao2021.cf/"): Navigate to 'https://chudenangcao2021.cf/' successfully

2021-05-30 10:21:51 - [MESSAGE][PASSED] - Navigate to 'https://chudenangcao2021.cf/' successfully

2021-05-30 10:21:51 - [TEST_STEP][PASSED] - setText(findTestObject("Object Repository/Page_Mattermost/input_All team communication in one place, _dcc84b"), Username): Text 'nttuan' is set on object 'Object Repository/Page_Mattermost/input_All team communication in one place, _dcc84b'

2021-05-30 10:21:52 - [MESSAGE][PASSED] - Text 'nttuan' is set on object 'Object Repository/Page_Mattermost/input_All team communication in one place, _dcc84b'

2021-05-30 10:21:52 - [TEST_STEP][PASSED] - setText(findTestObject("Object Repository/Page_Mattermost/input_All team communication in one place, _a3edc6"), Password): Text '12345678zZ@' is set on object 'Object Repository/Page_Mattermost/input_All team communication in one place, _a3edc6'

2021-05-30 10:21:53 - [MESSAGE][PASSED] - Text '12345678zZ@' is set on object 'Object Repository/Page_Mattermost/input_All team communication in one place, _a3edc6'

2021-05-30 10:21:53 - [TEST_STEP][PASSED] - click(findTestObject("Object Repository/Page_Mattermost/button_Sign in")): Object: 'Object Repository/Page_Mattermost/button_Sign in' is clicked on

2021-05-30 10:21:53 - [MESSAGE][PASSED] - Object: 'Object Repository/Page_Mattermost/button_Sign in' is clicked on

2021-05-30 10:21:53 - [TEST_STEP][PASSED] - verifyLinksAccessible(["https://chudenangcao2021.cf/cdnc-cnpm-2021/channels"]): All links are accessible

2021-05-30 10:21:53 - [MESSAGE][INFO] - HAR: C:\Users\nttuan\Downloads\CDNC\mattermost-testing\Reports\20210530_102014\Run all test cases\20210530_102015\requests\main\25.har

2021-05-30 10:21:53 - [MESSAGE][PASSED] - Send request successfully

2021-05-30 10:21:53 - [MESSAGE][PASSED] - All links are accessible

2021-05-30 10:21:53 - [MESSAGE][PASSED] - Call Test Case 'Test Cases/Common Test Cases/Login' successfully

2021-05-30 10:21:53 - [TEST_STEP][PASSED] - click(findTestObject("Object Repository/SwitchCase/NumberOfDirectMessages/Page_span_Town Square - TEAM NAME Mattermost/button_nttuan_style--none sidebar-header-dr_897f13")): Object: 'Object Repository/SwitchCase/NumberOfDirectMessages/Page_span_Town Square - TEAM NAME Mattermost/button_nttuan_style--none sidebar-header-dr_897f13' is clicked on

2021-05-30 10:21:55 - [MESSAGE][PASSED] - Object: 'Object Repository/SwitchCase/NumberOfDirectMessages/Page_span_Town Square - TEAM NAME Mattermost/button_nttuan_style--none sidebar-header-dr_897f13' is clicked on

2021-05-30 10:21:55 - [TEST_STEP][PASSED] - click(findTestObject("Object Repository/SwitchCase/NumberOfDirectMessages/Page_span_Town Square - TEAM NAME Mattermost/span_Account Settings")): Object: 'Object Repository/SwitchCase/NumberOfDirectMessages/Page_span_Town Square - TEAM NAME Mattermost/span_Account Settings' is clicked on

2021-05-30 10:21:56 - [MESSAGE][PASSED] - Object: 'Object Repository/SwitchCase/NumberOfDirectMessages/Page_span_Town Square - TEAM NAME Mattermost/span_Account Settings' is clicked on

2021-05-30 10:21:56 - [TEST_STEP][PASSED] - click(findTestObject("Object Repository/SwitchCase/NumberOfDirectMessages/Page_span_Town Square - TEAM NAME Mattermost/button_Sidebar")): Object: 'Object Repository/SwitchCase/NumberOfDirectMessages/Page_span_Town Square - TEAM NAME Mattermost/button_Sidebar' is clicked on

2021-05-30 10:21:56 - [MESSAGE][PASSED] - Object: 'Object Repository/SwitchCase/NumberOfDirectMessages/Page_span_Town Square - TEAM NAME Mattermost/button_Sidebar' is clicked on

2021-05-30 10:21:56 - [TEST_STEP][PASSED] - click(findTestObject("Object Repository/SwitchCase/NumberOfDirectMessages/Page_span_Town Square - TEAM NAME Mattermost/span_Edit")): Object: 'Object Repository/SwitchCase/NumberOfDirectMessages/Page_span_Town Square - TEAM NAME Mattermost/span_Edit' is clicked on

2021-05-30 10:21:57 - [MESSAGE][PASSED] - Object: 'Object Repository/SwitchCase/NumberOfDirectMessages/Page_span_Town Square - TEAM NAME Mattermost/span_Edit' is clicked on

2021-05-30 10:21:57 - [TEST_STEP][PASSED] - click(findTestObject("SwitchCase/NumberOfDirectMessages/Page_span_Town Square - TEAM NAME Mattermost/div_All Direct Messages_css-1thkkgx")): Object: 'Object Repository/SwitchCase/NumberOfDirectMessages/Page_span_Town Square - TEAM NAME Mattermost/div_All Direct Messages_css-1thkkgx' is clicked on

2021-05-30 10:21:57 - [MESSAGE][PASSED] - Object: 'Object Repository/SwitchCase/NumberOfDirectMessages/Page_span_Town Square - TEAM NAME Mattermost/div_All Direct Messages_css-1thkkgx' is clicked on

2021-05-30 10:21:57 - [TEST_STEP][PASSED] - switch (nMessage): null

2021-05-30 10:21:57 - [TEST_STEP][PASSED] - case 40:: null

2021-05-30 10:21:57 - [TEST_STEP][PASSED] - click(findTestObject("Object Repository/SwitchCase/NumberOfDirectMessages/Page_span_Town Square - TEAM NAME Mattermost/div_20")): Object: 'Object Repository/SwitchCase/NumberOfDirectMessages/Page_span_Town Square - TEAM NAME Mattermost/div_20' is clicked on

2021-05-30 10:21:58 - [MESSAGE][PASSED] - Object: 'Object Repository/SwitchCase/NumberOfDirectMessages/Page_span_Town Square - TEAM NAME Mattermost/div_20' is clicked on

2021-05-30 10:21:58 - [TEST_STEP][PASSED] - break: null

2021-05-30 10:21:58 - [TEST_STEP][PASSED] - click(findTestObject("Object Repository/SwitchCase/NumberOfDirectMessages/Page_span_Town Square - TEAM NAME Mattermost/button_Save")): Object: 'Object Repository/SwitchCase/NumberOfDirectMessages/Page_span_Town Square - TEAM NAME Mattermost/button_Save' is clicked on

2021-05-30 10:21:58 - [MESSAGE][PASSED] - Object: 'Object Repository/SwitchCase/NumberOfDirectMessages/Page_span_Town Square - TEAM NAME Mattermost/button_Save' is clicked on

2021-05-30 10:21:58 - [TEST_STEP][PASSED] - closeBrowser(): Browser is closed

2021-05-30 10:21:59 - [MESSAGE][PASSED] - Browser is closed]]></system-out>
         <system-err><![CDATA[]]></system-err>
      </testcase>
      <testcase name="Test Cases/SwitchCaseTest/CallChangeDefaultNumberOfDirectMessage" time="10.533" classname="Test Cases/SwitchCaseTest/CallChangeDefaultNumberOfDirectMessage" status="PASSED">
         <system-out><![CDATA[2021-05-30 10:21:59 - [TEST_CASE][PASSED] - Test Cases/SwitchCaseTest/CallChangeDefaultNumberOfDirectMessage: Test Cases/SwitchCaseTest/CallChangeDefaultNumberOfDirectMessage

2021-05-30 10:21:59 - [TEST_STEP][PASSED] - callTestCase(findTestCase("SwitchCaseTest/NumberOfDirectMessages"), ["nMessage":1000], STOP_ON_FAILURE): Call Test Case 'Test Cases/SwitchCaseTest/NumberOfDirectMessages' successfully

2021-05-30 10:22:00 - [TEST_CASE][PASSED] - Test Cases/SwitchCaseTest/NumberOfDirectMessages: Test Cases/SwitchCaseTest/NumberOfDirectMessages

2021-05-30 10:22:00 - [TEST_STEP][PASSED] - callTestCase(findTestCase("Common Test Cases/Login"), ["Username":"nttuan", "Password":"12345678zZ@"], STOP_ON_FAILURE): Call Test Case 'Test Cases/Common Test Cases/Login' successfully

2021-05-30 10:22:00 - [TEST_CASE][PASSED] - Test Cases/Common Test Cases/Login: Test Cases/Common Test Cases/Login

2021-05-30 10:22:00 - [TEST_STEP][PASSED] - openBrowser(""): Browser is opened with url: ''

2021-05-30 10:22:00 - [MESSAGE][INFO] - Starting 'Chrome' driver

2021-05-30 10:22:00 - [MESSAGE][INFO] - Action delay is set to 0 milliseconds

2021-05-30 10:22:01 - [MESSAGE][PASSED] - Browser is opened with url: ''

2021-05-30 10:22:01 - [TEST_STEP][PASSED] - navigateToUrl("https://chudenangcao2021.cf/"): Navigate to 'https://chudenangcao2021.cf/' successfully

2021-05-30 10:22:02 - [MESSAGE][PASSED] - Navigate to 'https://chudenangcao2021.cf/' successfully

2021-05-30 10:22:02 - [TEST_STEP][PASSED] - setText(findTestObject("Object Repository/Page_Mattermost/input_All team communication in one place, _dcc84b"), Username): Text 'nttuan' is set on object 'Object Repository/Page_Mattermost/input_All team communication in one place, _dcc84b'

2021-05-30 10:22:03 - [MESSAGE][PASSED] - Text 'nttuan' is set on object 'Object Repository/Page_Mattermost/input_All team communication in one place, _dcc84b'

2021-05-30 10:22:03 - [TEST_STEP][PASSED] - setText(findTestObject("Object Repository/Page_Mattermost/input_All team communication in one place, _a3edc6"), Password): Text '12345678zZ@' is set on object 'Object Repository/Page_Mattermost/input_All team communication in one place, _a3edc6'

2021-05-30 10:22:04 - [MESSAGE][PASSED] - Text '12345678zZ@' is set on object 'Object Repository/Page_Mattermost/input_All team communication in one place, _a3edc6'

2021-05-30 10:22:04 - [TEST_STEP][PASSED] - click(findTestObject("Object Repository/Page_Mattermost/button_Sign in")): Object: 'Object Repository/Page_Mattermost/button_Sign in' is clicked on

2021-05-30 10:22:04 - [MESSAGE][PASSED] - Object: 'Object Repository/Page_Mattermost/button_Sign in' is clicked on

2021-05-30 10:22:04 - [TEST_STEP][PASSED] - verifyLinksAccessible(["https://chudenangcao2021.cf/cdnc-cnpm-2021/channels"]): All links are accessible

2021-05-30 10:22:04 - [MESSAGE][INFO] - HAR: C:\Users\nttuan\Downloads\CDNC\mattermost-testing\Reports\20210530_102014\Run all test cases\20210530_102015\requests\main\26.har

2021-05-30 10:22:04 - [MESSAGE][PASSED] - Send request successfully

2021-05-30 10:22:04 - [MESSAGE][PASSED] - All links are accessible

2021-05-30 10:22:04 - [MESSAGE][PASSED] - Call Test Case 'Test Cases/Common Test Cases/Login' successfully

2021-05-30 10:22:04 - [TEST_STEP][PASSED] - click(findTestObject("Object Repository/SwitchCase/NumberOfDirectMessages/Page_span_Town Square - TEAM NAME Mattermost/button_nttuan_style--none sidebar-header-dr_897f13")): Object: 'Object Repository/SwitchCase/NumberOfDirectMessages/Page_span_Town Square - TEAM NAME Mattermost/button_nttuan_style--none sidebar-header-dr_897f13' is clicked on

2021-05-30 10:22:06 - [MESSAGE][PASSED] - Object: 'Object Repository/SwitchCase/NumberOfDirectMessages/Page_span_Town Square - TEAM NAME Mattermost/button_nttuan_style--none sidebar-header-dr_897f13' is clicked on

2021-05-30 10:22:06 - [TEST_STEP][PASSED] - click(findTestObject("Object Repository/SwitchCase/NumberOfDirectMessages/Page_span_Town Square - TEAM NAME Mattermost/span_Account Settings")): Object: 'Object Repository/SwitchCase/NumberOfDirectMessages/Page_span_Town Square - TEAM NAME Mattermost/span_Account Settings' is clicked on

2021-05-30 10:22:06 - [MESSAGE][PASSED] - Object: 'Object Repository/SwitchCase/NumberOfDirectMessages/Page_span_Town Square - TEAM NAME Mattermost/span_Account Settings' is clicked on

2021-05-30 10:22:06 - [TEST_STEP][PASSED] - click(findTestObject("Object Repository/SwitchCase/NumberOfDirectMessages/Page_span_Town Square - TEAM NAME Mattermost/button_Sidebar")): Object: 'Object Repository/SwitchCase/NumberOfDirectMessages/Page_span_Town Square - TEAM NAME Mattermost/button_Sidebar' is clicked on

2021-05-30 10:22:07 - [MESSAGE][PASSED] - Object: 'Object Repository/SwitchCase/NumberOfDirectMessages/Page_span_Town Square - TEAM NAME Mattermost/button_Sidebar' is clicked on

2021-05-30 10:22:07 - [TEST_STEP][PASSED] - click(findTestObject("Object Repository/SwitchCase/NumberOfDirectMessages/Page_span_Town Square - TEAM NAME Mattermost/span_Edit")): Object: 'Object Repository/SwitchCase/NumberOfDirectMessages/Page_span_Town Square - TEAM NAME Mattermost/span_Edit' is clicked on

2021-05-30 10:22:07 - [MESSAGE][PASSED] - Object: 'Object Repository/SwitchCase/NumberOfDirectMessages/Page_span_Town Square - TEAM NAME Mattermost/span_Edit' is clicked on

2021-05-30 10:22:07 - [TEST_STEP][PASSED] - click(findTestObject("SwitchCase/NumberOfDirectMessages/Page_span_Town Square - TEAM NAME Mattermost/div_All Direct Messages_css-1thkkgx")): Object: 'Object Repository/SwitchCase/NumberOfDirectMessages/Page_span_Town Square - TEAM NAME Mattermost/div_All Direct Messages_css-1thkkgx' is clicked on

2021-05-30 10:22:08 - [MESSAGE][PASSED] - Object: 'Object Repository/SwitchCase/NumberOfDirectMessages/Page_span_Town Square - TEAM NAME Mattermost/div_All Direct Messages_css-1thkkgx' is clicked on

2021-05-30 10:22:08 - [TEST_STEP][PASSED] - switch (nMessage): Object: 'Object Repository/SwitchCase/NumberOfDirectMessages/Page_span_Town Square - TEAM NAME Mattermost/div_All Direct Messages' is clicked on

2021-05-30 10:22:08 - [TEST_STEP][PASSED] - Default: Object: 'Object Repository/SwitchCase/NumberOfDirectMessages/Page_span_Town Square - TEAM NAME Mattermost/div_All Direct Messages' is clicked on

2021-05-30 10:22:08 - [TEST_STEP][PASSED] - click(findTestObject("Object Repository/SwitchCase/NumberOfDirectMessages/Page_span_Town Square - TEAM NAME Mattermost/div_All Direct Messages")): Object: 'Object Repository/SwitchCase/NumberOfDirectMessages/Page_span_Town Square - TEAM NAME Mattermost/div_All Direct Messages' is clicked on

2021-05-30 10:22:08 - [MESSAGE][PASSED] - Object: 'Object Repository/SwitchCase/NumberOfDirectMessages/Page_span_Town Square - TEAM NAME Mattermost/div_All Direct Messages' is clicked on

2021-05-30 10:22:08 - [TEST_STEP][PASSED] - click(findTestObject("Object Repository/SwitchCase/NumberOfDirectMessages/Page_span_Town Square - TEAM NAME Mattermost/button_Save")): Object: 'Object Repository/SwitchCase/NumberOfDirectMessages/Page_span_Town Square - TEAM NAME Mattermost/button_Save' is clicked on

2021-05-30 10:22:09 - [MESSAGE][PASSED] - Object: 'Object Repository/SwitchCase/NumberOfDirectMessages/Page_span_Town Square - TEAM NAME Mattermost/button_Save' is clicked on

2021-05-30 10:22:09 - [TEST_STEP][PASSED] - closeBrowser(): Browser is closed

2021-05-30 10:22:10 - [MESSAGE][PASSED] - Browser is closed

2021-05-30 10:22:10 - [MESSAGE][PASSED] - Call Test Case 'Test Cases/SwitchCaseTest/NumberOfDirectMessages' successfully]]></system-out>
         <system-err><![CDATA[]]></system-err>
      </testcase>
      <testcase name="Test Cases/SwitchCaseTest/ReplyNotification" time="9.678" classname="Test Cases/SwitchCaseTest/ReplyNotification" status="PASSED">
         <system-out><![CDATA[2021-05-30 10:22:10 - [TEST_CASE][PASSED] - Test Cases/SwitchCaseTest/ReplyNotification: Test Cases/SwitchCaseTest/ReplyNotification

2021-05-30 10:22:10 - [TEST_STEP][PASSED] - callTestCase(findTestCase("Common Test Cases/Login"), ["Username":"nttuan", "Password":"12345678zZ@"], STOP_ON_FAILURE): Call Test Case 'Test Cases/Common Test Cases/Login' successfully

2021-05-30 10:22:10 - [TEST_CASE][PASSED] - Test Cases/Common Test Cases/Login: Test Cases/Common Test Cases/Login

2021-05-30 10:22:10 - [TEST_STEP][PASSED] - openBrowser(""): Browser is opened with url: ''

2021-05-30 10:22:10 - [MESSAGE][INFO] - Starting 'Chrome' driver

2021-05-30 10:22:10 - [MESSAGE][INFO] - Action delay is set to 0 milliseconds

2021-05-30 10:22:11 - [MESSAGE][PASSED] - Browser is opened with url: ''

2021-05-30 10:22:11 - [TEST_STEP][PASSED] - navigateToUrl("https://chudenangcao2021.cf/"): Navigate to 'https://chudenangcao2021.cf/' successfully

2021-05-30 10:22:12 - [MESSAGE][PASSED] - Navigate to 'https://chudenangcao2021.cf/' successfully

2021-05-30 10:22:12 - [TEST_STEP][PASSED] - setText(findTestObject("Object Repository/Page_Mattermost/input_All team communication in one place, _dcc84b"), Username): Text 'nttuan' is set on object 'Object Repository/Page_Mattermost/input_All team communication in one place, _dcc84b'

2021-05-30 10:22:13 - [MESSAGE][PASSED] - Text 'nttuan' is set on object 'Object Repository/Page_Mattermost/input_All team communication in one place, _dcc84b'

2021-05-30 10:22:13 - [TEST_STEP][PASSED] - setText(findTestObject("Object Repository/Page_Mattermost/input_All team communication in one place, _a3edc6"), Password): Text '12345678zZ@' is set on object 'Object Repository/Page_Mattermost/input_All team communication in one place, _a3edc6'

2021-05-30 10:22:14 - [MESSAGE][PASSED] - Text '12345678zZ@' is set on object 'Object Repository/Page_Mattermost/input_All team communication in one place, _a3edc6'

2021-05-30 10:22:14 - [TEST_STEP][PASSED] - click(findTestObject("Object Repository/Page_Mattermost/button_Sign in")): Object: 'Object Repository/Page_Mattermost/button_Sign in' is clicked on

2021-05-30 10:22:15 - [MESSAGE][PASSED] - Object: 'Object Repository/Page_Mattermost/button_Sign in' is clicked on

2021-05-30 10:22:15 - [TEST_STEP][PASSED] - verifyLinksAccessible(["https://chudenangcao2021.cf/cdnc-cnpm-2021/channels"]): All links are accessible

2021-05-30 10:22:15 - [MESSAGE][INFO] - HAR: C:\Users\nttuan\Downloads\CDNC\mattermost-testing\Reports\20210530_102014\Run all test cases\20210530_102015\requests\main\27.har

2021-05-30 10:22:15 - [MESSAGE][PASSED] - Send request successfully

2021-05-30 10:22:15 - [MESSAGE][PASSED] - All links are accessible

2021-05-30 10:22:15 - [MESSAGE][PASSED] - Call Test Case 'Test Cases/Common Test Cases/Login' successfully

2021-05-30 10:22:15 - [TEST_STEP][PASSED] - click(findTestObject("Object Repository/SwitchCase/RelyNotification/Page_span_Town Square - TEAM NAME Mattermost/svg")): Object: 'Object Repository/SwitchCase/RelyNotification/Page_span_Town Square - TEAM NAME Mattermost/svg' is clicked on

2021-05-30 10:22:16 - [MESSAGE][PASSED] - Object: 'Object Repository/SwitchCase/RelyNotification/Page_span_Town Square - TEAM NAME Mattermost/svg' is clicked on

2021-05-30 10:22:16 - [TEST_STEP][PASSED] - click(findTestObject("Object Repository/SwitchCase/RelyNotification/Page_span_Town Square - TEAM NAME Mattermost/button_Account Settings")): Object: 'Object Repository/SwitchCase/RelyNotification/Page_span_Town Square - TEAM NAME Mattermost/button_Account Settings' is clicked on

2021-05-30 10:22:17 - [MESSAGE][PASSED] - Object: 'Object Repository/SwitchCase/RelyNotification/Page_span_Town Square - TEAM NAME Mattermost/button_Account Settings' is clicked on

2021-05-30 10:22:17 - [TEST_STEP][PASSED] - click(findTestObject("Object Repository/SwitchCase/RelyNotification/Page_span_Town Square - TEAM NAME Mattermost/button_Notifications")): Object: 'Object Repository/SwitchCase/RelyNotification/Page_span_Town Square - TEAM NAME Mattermost/button_Notifications' is clicked on

2021-05-30 10:22:17 - [MESSAGE][PASSED] - Object: 'Object Repository/SwitchCase/RelyNotification/Page_span_Town Square - TEAM NAME Mattermost/button_Notifications' is clicked on

2021-05-30 10:22:17 - [TEST_STEP][PASSED] - click(findTestObject("Object Repository/SwitchCase/RelyNotification/Page_span_Town Square - TEAM NAME Mattermost/span_Edit")): Object: 'Object Repository/SwitchCase/RelyNotification/Page_span_Town Square - TEAM NAME Mattermost/span_Edit' is clicked on

2021-05-30 10:22:18 - [MESSAGE][PASSED] - Object: 'Object Repository/SwitchCase/RelyNotification/Page_span_Town Square - TEAM NAME Mattermost/span_Edit' is clicked on

2021-05-30 10:22:18 - [TEST_STEP][PASSED] - switch (replyNotificationType): null

2021-05-30 10:22:18 - [TEST_STEP][PASSED] - case "donot":: null

2021-05-30 10:22:18 - [TEST_STEP][PASSED] - click(findTestObject("Object Repository/SwitchCase/RelyNotification/Page_span_Town Square - TEAM NAME Mattermost/label_Do not trigger notifications on messa_d7ce81")): Object: 'Object Repository/SwitchCase/RelyNotification/Page_span_Town Square - TEAM NAME Mattermost/label_Do not trigger notifications on messa_d7ce81' is clicked on

2021-05-30 10:22:18 - [MESSAGE][PASSED] - Object: 'Object Repository/SwitchCase/RelyNotification/Page_span_Town Square - TEAM NAME Mattermost/label_Do not trigger notifications on messa_d7ce81' is clicked on

2021-05-30 10:22:18 - [TEST_STEP][PASSED] - break: null

2021-05-30 10:22:18 - [TEST_STEP][PASSED] - click(findTestObject("Object Repository/SwitchCase/RelyNotification/Page_span_Town Square - TEAM NAME Mattermost/button_Save")): Object: 'Object Repository/SwitchCase/RelyNotification/Page_span_Town Square - TEAM NAME Mattermost/button_Save' is clicked on

2021-05-30 10:22:19 - [MESSAGE][PASSED] - Object: 'Object Repository/SwitchCase/RelyNotification/Page_span_Town Square - TEAM NAME Mattermost/button_Save' is clicked on

2021-05-30 10:22:19 - [TEST_STEP][PASSED] - closeBrowser(): Browser is closed

2021-05-30 10:22:19 - [MESSAGE][PASSED] - Browser is closed]]></system-out>
         <system-err><![CDATA[]]></system-err>
      </testcase>
      <testcase name="Test Cases/SwitchCaseTest/TeammateNameDisplay" time="11.155" classname="Test Cases/SwitchCaseTest/TeammateNameDisplay" status="PASSED">
         <system-out><![CDATA[2021-05-30 10:22:19 - [TEST_CASE][PASSED] - Test Cases/SwitchCaseTest/TeammateNameDisplay: Test Cases/SwitchCaseTest/TeammateNameDisplay

2021-05-30 10:22:20 - [TEST_STEP][PASSED] - openBrowser(""): Browser is opened with url: ''

2021-05-30 10:22:20 - [MESSAGE][INFO] - Starting 'Chrome' driver

2021-05-30 10:22:20 - [MESSAGE][INFO] - Action delay is set to 0 milliseconds

2021-05-30 10:22:21 - [MESSAGE][PASSED] - Browser is opened with url: ''

2021-05-30 10:22:21 - [TEST_STEP][PASSED] - callTestCase(findTestCase("Test Cases/Common Test Cases/Login"), ["username":username, "password":password], STOP_ON_FAILURE): Call Test Case 'Test Cases/Common Test Cases/Login' successfully

2021-05-30 10:22:21 - [TEST_CASE][PASSED] - Test Cases/Common Test Cases/Login: Test Cases/Common Test Cases/Login

2021-05-30 10:22:21 - [TEST_STEP][PASSED] - openBrowser(""): Browser is opened with url: ''

2021-05-30 10:22:21 - [MESSAGE][WARNING] - A browser is already opened. Closing browser and opening a new one

2021-05-30 10:22:22 - [MESSAGE][INFO] - Starting 'Chrome' driver

2021-05-30 10:22:22 - [MESSAGE][INFO] - Action delay is set to 0 milliseconds

2021-05-30 10:22:23 - [MESSAGE][PASSED] - Browser is opened with url: ''

2021-05-30 10:22:23 - [TEST_STEP][PASSED] - navigateToUrl("https://chudenangcao2021.cf/"): Navigate to 'https://chudenangcao2021.cf/' successfully

2021-05-30 10:22:24 - [MESSAGE][PASSED] - Navigate to 'https://chudenangcao2021.cf/' successfully

2021-05-30 10:22:24 - [TEST_STEP][PASSED] - setText(findTestObject("Object Repository/Page_Mattermost/input_All team communication in one place, _dcc84b"), Username): Text 'Minhvu12918' is set on object 'Object Repository/Page_Mattermost/input_All team communication in one place, _dcc84b'

2021-05-30 10:22:25 - [MESSAGE][PASSED] - Text 'Minhvu12918' is set on object 'Object Repository/Page_Mattermost/input_All team communication in one place, _dcc84b'

2021-05-30 10:22:25 - [TEST_STEP][PASSED] - setText(findTestObject("Object Repository/Page_Mattermost/input_All team communication in one place, _a3edc6"), Password): Text 'Minhvuabc2@' is set on object 'Object Repository/Page_Mattermost/input_All team communication in one place, _a3edc6'

2021-05-30 10:22:26 - [MESSAGE][PASSED] - Text 'Minhvuabc2@' is set on object 'Object Repository/Page_Mattermost/input_All team communication in one place, _a3edc6'

2021-05-30 10:22:26 - [TEST_STEP][PASSED] - click(findTestObject("Object Repository/Page_Mattermost/button_Sign in")): Object: 'Object Repository/Page_Mattermost/button_Sign in' is clicked on

2021-05-30 10:22:26 - [MESSAGE][PASSED] - Object: 'Object Repository/Page_Mattermost/button_Sign in' is clicked on

2021-05-30 10:22:26 - [TEST_STEP][PASSED] - verifyLinksAccessible(["https://chudenangcao2021.cf/cdnc-cnpm-2021/channels"]): All links are accessible

2021-05-30 10:22:26 - [MESSAGE][INFO] - HAR: C:\Users\nttuan\Downloads\CDNC\mattermost-testing\Reports\20210530_102014\Run all test cases\20210530_102015\requests\main\28.har

2021-05-30 10:22:26 - [MESSAGE][PASSED] - Send request successfully

2021-05-30 10:22:26 - [MESSAGE][PASSED] - All links are accessible

2021-05-30 10:22:26 - [MESSAGE][PASSED] - Call Test Case 'Test Cases/Common Test Cases/Login' successfully

2021-05-30 10:22:26 - [TEST_STEP][PASSED] - click(findTestObject("Object Repository/SwitchCase/NotifyEmail/Page_span_Town Square - TEAM NAME Mattermost/span")): Object: 'Object Repository/SwitchCase/NotifyEmail/Page_span_Town Square - TEAM NAME Mattermost/span' is clicked on

2021-05-30 10:22:28 - [MESSAGE][PASSED] - Object: 'Object Repository/SwitchCase/NotifyEmail/Page_span_Town Square - TEAM NAME Mattermost/span' is clicked on

2021-05-30 10:22:28 - [TEST_STEP][PASSED] - click(findTestObject("Object Repository/SwitchCase/NotifyEmail/Page_span_Town Square - TEAM NAME Mattermost/button_Account Settings")): Object: 'Object Repository/SwitchCase/NotifyEmail/Page_span_Town Square - TEAM NAME Mattermost/button_Account Settings' is clicked on

2021-05-30 10:22:29 - [MESSAGE][PASSED] - Object: 'Object Repository/SwitchCase/NotifyEmail/Page_span_Town Square - TEAM NAME Mattermost/button_Account Settings' is clicked on

2021-05-30 10:22:29 - [TEST_STEP][PASSED] - click(findTestObject("Object Repository/SwitchCase/TeamMateName/button_Display")): Object: 'Object Repository/SwitchCase/TeamMateName/button_Display' is clicked on

2021-05-30 10:22:29 - [MESSAGE][PASSED] - Object: 'Object Repository/SwitchCase/TeamMateName/button_Display' is clicked on

2021-05-30 10:22:29 - [TEST_STEP][PASSED] - click(findTestObject("Object Repository/SwitchCase/TeamMateName/div_Teammate Name DisplayEditShow username")): Object: 'Object Repository/SwitchCase/TeamMateName/div_Teammate Name DisplayEditShow username' is clicked on

2021-05-30 10:22:30 - [MESSAGE][PASSED] - Object: 'Object Repository/SwitchCase/TeamMateName/div_Teammate Name DisplayEditShow username' is clicked on

2021-05-30 10:22:30 - [TEST_STEP][PASSED] - show = show: null

2021-05-30 10:22:30 - [TEST_STEP][PASSED] - switch (show): null

2021-05-30 10:22:30 - [TEST_STEP][PASSED] - case "nickname":: null

2021-05-30 10:22:30 - [TEST_STEP][PASSED] - click(findTestObject("Object Repository/SwitchCase/TeamMateName/label_Show nickname if one exists, otherwise show first and last name")): Object: 'Object Repository/SwitchCase/TeamMateName/label_Show nickname if one exists, otherwise show first and last name' is clicked on

2021-05-30 10:22:30 - [MESSAGE][PASSED] - Object: 'Object Repository/SwitchCase/TeamMateName/label_Show nickname if one exists, otherwise show first and last name' is clicked on

2021-05-30 10:22:30 - [TEST_STEP][PASSED] - break: null

2021-05-30 10:22:30 - [TEST_STEP][PASSED] - click(findTestObject("Object Repository/SwitchCase/TeamMateName/button_Save")): Object: 'Object Repository/SwitchCase/TeamMateName/button_Save' is clicked on

2021-05-30 10:22:31 - [MESSAGE][PASSED] - Object: 'Object Repository/SwitchCase/TeamMateName/button_Save' is clicked on]]></system-out>
         <system-err><![CDATA[]]></system-err>
      </testcase>
      <testcase name="Test Cases/Loop/Add members to channel" time="144.992" classname="Test Cases/Loop/Add members to channel" status="PASSED">
         <system-out><![CDATA[2021-05-30 10:22:31 - [TEST_CASE][PASSED] - Test Cases/Loop/Add members to channel: Test Cases/Loop/Add members to channel

2021-05-30 10:22:31 - [TEST_STEP][PASSED] - callTestCase(findTestCase("Common Test Cases/Login"), ["Username":"nttuan", "Password":"12345678zZ@"], STOP_ON_FAILURE): Call Test Case 'Test Cases/Common Test Cases/Login' successfully

2021-05-30 10:22:31 - [TEST_CASE][PASSED] - Test Cases/Common Test Cases/Login: Test Cases/Common Test Cases/Login

2021-05-30 10:22:31 - [TEST_STEP][PASSED] - openBrowser(""): Browser is opened with url: ''

2021-05-30 10:22:31 - [MESSAGE][WARNING] - A browser is already opened. Closing browser and opening a new one

2021-05-30 10:22:32 - [MESSAGE][INFO] - Starting 'Chrome' driver

2021-05-30 10:22:32 - [MESSAGE][INFO] - Action delay is set to 0 milliseconds

2021-05-30 10:22:33 - [MESSAGE][PASSED] - Browser is opened with url: ''

2021-05-30 10:22:33 - [TEST_STEP][PASSED] - navigateToUrl("https://chudenangcao2021.cf/"): Navigate to 'https://chudenangcao2021.cf/' successfully

2021-05-30 10:22:33 - [MESSAGE][PASSED] - Navigate to 'https://chudenangcao2021.cf/' successfully

2021-05-30 10:22:33 - [TEST_STEP][PASSED] - setText(findTestObject("Object Repository/Page_Mattermost/input_All team communication in one place, _dcc84b"), Username): Text 'nttuan' is set on object 'Object Repository/Page_Mattermost/input_All team communication in one place, _dcc84b'

2021-05-30 10:22:35 - [MESSAGE][PASSED] - Text 'nttuan' is set on object 'Object Repository/Page_Mattermost/input_All team communication in one place, _dcc84b'

2021-05-30 10:22:35 - [TEST_STEP][PASSED] - setText(findTestObject("Object Repository/Page_Mattermost/input_All team communication in one place, _a3edc6"), Password): Text '12345678zZ@' is set on object 'Object Repository/Page_Mattermost/input_All team communication in one place, _a3edc6'

2021-05-30 10:22:36 - [MESSAGE][PASSED] - Text '12345678zZ@' is set on object 'Object Repository/Page_Mattermost/input_All team communication in one place, _a3edc6'

2021-05-30 10:22:36 - [TEST_STEP][PASSED] - click(findTestObject("Object Repository/Page_Mattermost/button_Sign in")): Object: 'Object Repository/Page_Mattermost/button_Sign in' is clicked on

2021-05-30 10:22:36 - [MESSAGE][PASSED] - Object: 'Object Repository/Page_Mattermost/button_Sign in' is clicked on

2021-05-30 10:22:36 - [TEST_STEP][PASSED] - verifyLinksAccessible(["https://chudenangcao2021.cf/cdnc-cnpm-2021/channels"]): All links are accessible

2021-05-30 10:22:36 - [MESSAGE][INFO] - HAR: C:\Users\nttuan\Downloads\CDNC\mattermost-testing\Reports\20210530_102014\Run all test cases\20210530_102015\requests\main\29.har

2021-05-30 10:22:36 - [MESSAGE][PASSED] - Send request successfully

2021-05-30 10:22:36 - [MESSAGE][PASSED] - All links are accessible

2021-05-30 10:22:36 - [MESSAGE][PASSED] - Call Test Case 'Test Cases/Common Test Cases/Login' successfully

2021-05-30 10:22:36 - [TEST_STEP][PASSED] - click(findTestObject("ChanelMember/Page_Channel to test add  remove members - TEAM NAME Mattermost/span_Channel to test add  remove members")): Object: 'Object Repository/ChanelMember/Page_Channel to test add  remove members - TEAM NAME Mattermost/span_Channel to test add  remove members' is clicked on

2021-05-30 10:22:38 - [MESSAGE][PASSED] - Object: 'Object Repository/ChanelMember/Page_Channel to test add  remove members - TEAM NAME Mattermost/span_Channel to test add  remove members' is clicked on

2021-05-30 10:22:38 - [TEST_STEP][PASSED] - usernames = Arrays.asList("cxtuan", "nguyenvana", "nguyenvanb"): null

2021-05-30 10:22:38 - [TEST_STEP][FAILED] - for ([i = 0, i < usernames.size(), (i++)]): null

2021-05-30 10:22:38 - [TEST_STEP][PASSED] - username = usernames.get(i): null

2021-05-30 10:22:38 - [TEST_STEP][PASSED] - click(findTestObject("Object Repository/ChanelMember/Page_Channel to test add  remove members - _a376a4/span_Channel to test add  remove members")): Object: 'Object Repository/ChanelMember/Page_Channel to test add  remove members - _a376a4/span_Channel to test add  remove members' is clicked on

2021-05-30 10:22:39 - [MESSAGE][PASSED] - Object: 'Object Repository/ChanelMember/Page_Channel to test add  remove members - _a376a4/span_Channel to test add  remove members' is clicked on

2021-05-30 10:22:39 - [TEST_STEP][PASSED] - click(findTestObject("Object Repository/ChanelMember/Page_Channel to test add  remove members - _a376a4/span_Add Members")): Object: 'Object Repository/ChanelMember/Page_Channel to test add  remove members - _a376a4/span_Add Members' is clicked on

2021-05-30 10:22:40 - [MESSAGE][PASSED] - Object: 'Object Repository/ChanelMember/Page_Channel to test add  remove members - _a376a4/span_Add Members' is clicked on

2021-05-30 10:22:40 - [TEST_STEP][PASSED] - click(findTestObject("ChanelMember/Page_Channel to test add  remove members - _a376a4/div_Search for people")): Object: 'Object Repository/ChanelMember/Page_Channel to test add  remove members - _a376a4/div_Search for people' is clicked on

2021-05-30 10:22:40 - [MESSAGE][PASSED] - Object: 'Object Repository/ChanelMember/Page_Channel to test add  remove members - _a376a4/div_Search for people' is clicked on

2021-05-30 10:22:40 - [TEST_STEP][PASSED] - setText(findTestObject("Object Repository/ChanelMember/Page_Channel to test add  remove members - _a376a4/input_Search for people_react-select-2-input"), username): Text 'cxtuan' is set on object 'Object Repository/ChanelMember/Page_Channel to test add  remove members - _a376a4/input_Search for people_react-select-2-input'

2021-05-30 10:22:41 - [MESSAGE][PASSED] - Text 'cxtuan' is set on object 'Object Repository/ChanelMember/Page_Channel to test add  remove members - _a376a4/input_Search for people_react-select-2-input'

2021-05-30 10:22:41 - [TEST_STEP][FAILED] - try: Unable to send keys '' to object 'Object Repository/ChanelMember/Page_Channel to test add  remove members - _a376a4/div_Search for people' (Root cause: com.kms.katalon.core.exception.StepFailedException: Unable to send keys '' to object 'Object Repository/ChanelMember/Page_Channel to test add  remove members - _a376a4/div_Search for people'
	at com.kms.katalon.core.webui.keyword.internal.WebUIKeywordMain.stepFailed(WebUIKeywordMain.groovy:64)
	at com.kms.katalon.core.webui.keyword.internal.WebUIKeywordMain.runKeyword(WebUIKeywordMain.groovy:26)
	at com.kms.katalon.core.webui.keyword.builtin.SendKeysKeyword.sendKeys(SendKeysKeyword.groovy:60)
	at com.kms.katalon.core.webui.keyword.builtin.SendKeysKeyword.execute(SendKeysKeyword.groovy:38)
	at com.kms.katalon.core.keyword.internal.KeywordExecutor.executeKeywordForPlatform(KeywordExecutor.groovy:73)
	at com.kms.katalon.core.webui.keyword.WebUiBuiltInKeywords.sendKeys(WebUiBuiltInKeywords.groovy:863)
	at com.kms.katalon.core.webui.keyword.WebUiBuiltInKeywords$sendKeys$7.call(Unknown Source)
	at Add members to channel.run(Add members to channel:44)
	at com.kms.katalon.core.main.ScriptEngine.run(ScriptEngine.java:194)
	at com.kms.katalon.core.main.ScriptEngine.runScriptAsRawText(ScriptEngine.java:119)
	at com.kms.katalon.core.main.TestCaseExecutor.runScript(TestCaseExecutor.java:398)
	at com.kms.katalon.core.main.TestCaseExecutor.doExecute(TestCaseExecutor.java:389)
	at com.kms.katalon.core.main.TestCaseExecutor.processExecutionPhase(TestCaseExecutor.java:368)
	at com.kms.katalon.core.main.TestCaseExecutor.accessMainPhase(TestCaseExecutor.java:360)
	at com.kms.katalon.core.main.TestCaseExecutor.execute(TestCaseExecutor.java:255)
	at com.kms.katalon.core.main.TestSuiteExecutor.accessTestCaseMainPhase(TestSuiteExecutor.java:203)
	at com.kms.katalon.core.main.TestSuiteExecutor.accessTestSuiteMainPhase(TestSuiteExecutor.java:152)
	at com.kms.katalon.core.main.TestSuiteExecutor.execute(TestSuiteExecutor.java:95)
	at com.kms.katalon.core.main.TestCaseMain.startTestSuite(TestCaseMain.java:157)
	at com.kms.katalon.core.main.TestCaseMain$startTestSuite$0.call(Unknown Source)
	at TempTestSuite1622370015671.run(TempTestSuite1622370015671.groovy:39)
Caused by: org.openqa.selenium.ElementNotInteractableException: element not interactable
  (Session info: chrome=91.0.4472.77)
Build info: version: '3.141.59', revision: 'e82be7d358', time: '2018-11-14T08:25:53'
System info: host: 'WIN-SERVER-2019', ip: '10.1.0.4', os.name: 'Windows Server 2019', os.arch: 'amd64', os.version: '10.0', java.version: '1.8.0_282'
Driver info: com.kms.katalon.selenium.driver.CChromeDriver
Capabilities {acceptInsecureCerts: false, browserName: chrome, browserVersion: 91.0.4472.77, chrome: {chromedriverVersion: 90.0.4430.24 (4c6d850f087da..., userDataDir: C:\Users\nttuan\AppData\Loc...}, goog:chromeOptions: {debuggerAddress: localhost:62474}, javascriptEnabled: true, networkConnectionEnabled: false, pageLoadStrategy: normal, platform: WINDOWS, platformName: WINDOWS, proxy: Proxy(), setWindowRect: true, strictFileInteractability: false, timeouts: {implicit: 0, pageLoad: 300000, script: 30000}, unhandledPromptBehavior: dismiss and notify, webauthn:extension:largeBlob: true, webauthn:virtualAuthenticators: true}
Session ID: ded6908a0a42b2bac6af388946038e67
	at org.openqa.selenium.remote.http.W3CHttpResponseCodec.createException(W3CHttpResponseCodec.java:187)
	at org.openqa.selenium.remote.http.W3CHttpResponseCodec.decode(W3CHttpResponseCodec.java:122)
	at org.openqa.selenium.remote.http.W3CHttpResponseCodec.decode(W3CHttpResponseCodec.java:49)
	at org.openqa.selenium.remote.HttpCommandExecutor.execute(HttpCommandExecutor.java:158)
	at org.openqa.selenium.remote.service.DriverCommandExecutor.execute(DriverCommandExecutor.java:83)
	at org.openqa.selenium.remote.RemoteWebDriver.execute(RemoteWebDriver.java:552)
	at com.kms.katalon.selenium.driver.CChromeDriver.execute(CChromeDriver.java:19)
	at org.openqa.selenium.remote.RemoteWebElement.execute(RemoteWebElement.java:285)
	at org.openqa.selenium.remote.RemoteWebElement.sendKeys(RemoteWebElement.java:106)
	at org.openqa.selenium.support.events.EventFiringWebDriver$EventFiringWebElement.lambda$new$0(EventFiringWebDriver.java:404)
	at com.sun.proxy.$Proxy17.sendKeys(Unknown Source)
	at org.openqa.selenium.support.events.EventFiringWebDriver$EventFiringWebElement.sendKeys(EventFiringWebDriver.java:429)
	at com.kms.katalon.core.webui.keyword.builtin.SendKeysKeyword$_sendKeys_closure1.doCall(SendKeysKeyword.groovy:53)
	at com.kms.katalon.core.webui.keyword.builtin.SendKeysKeyword$_sendKeys_closure1.call(SendKeysKeyword.groovy)
	at com.kms.katalon.core.webui.keyword.internal.WebUIKeywordMain.runKeyword(WebUIKeywordMain.groovy:20)
	at com.kms.katalon.core.webui.keyword.builtin.SendKeysKeyword.sendKeys(SendKeysKeyword.groovy:60)
	at com.kms.katalon.core.webui.keyword.builtin.SendKeysKeyword.execute(SendKeysKeyword.groovy:38)
	at com.kms.katalon.core.keyword.internal.KeywordExecutor.executeKeywordForPlatform(KeywordExecutor.groovy:73)
	at com.kms.katalon.core.webui.keyword.WebUiBuiltInKeywords.sendKeys(WebUiBuiltInKeywords.groovy:863)
	at com.kms.katalon.core.webui.keyword.WebUiBuiltInKeywords$sendKeys$7.call(Unknown Source)
	at Script1622167440372.run(Script1622167440372.groovy:44)
	... 13 more
)

2021-05-30 10:22:41 - [TEST_STEP][PASSED] - verifyTextNotPresent("No results found matching", false): Text 'No results found matching' is not present on page

2021-05-30 10:22:42 - [MESSAGE][PASSED] - Text 'No results found matching' is not present on page

2021-05-30 10:22:42 - [TEST_STEP][FAILED] - sendKeys(findTestObject("ChanelMember/Page_Channel to test add  remove members - _a376a4/div_Search for people"), Keys.chord(ENTER)): Unable to send keys '' to object 'Object Repository/ChanelMember/Page_Channel to test add  remove members - _a376a4/div_Search for people' (Root cause: com.kms.katalon.core.exception.StepFailedException: Unable to send keys '' to object 'Object Repository/ChanelMember/Page_Channel to test add  remove members - _a376a4/div_Search for people'
	at com.kms.katalon.core.webui.keyword.internal.WebUIKeywordMain.stepFailed(WebUIKeywordMain.groovy:64)
	at com.kms.katalon.core.webui.keyword.internal.WebUIKeywordMain.runKeyword(WebUIKeywordMain.groovy:26)
	at com.kms.katalon.core.webui.keyword.builtin.SendKeysKeyword.sendKeys(SendKeysKeyword.groovy:60)
	at com.kms.katalon.core.webui.keyword.builtin.SendKeysKeyword.execute(SendKeysKeyword.groovy:38)
	at com.kms.katalon.core.keyword.internal.KeywordExecutor.executeKeywordForPlatform(KeywordExecutor.groovy:73)
	at com.kms.katalon.core.webui.keyword.WebUiBuiltInKeywords.sendKeys(WebUiBuiltInKeywords.groovy:863)
	at com.kms.katalon.core.webui.keyword.WebUiBuiltInKeywords$sendKeys$7.call(Unknown Source)
	at Add members to channel.run(Add members to channel:44)
	at com.kms.katalon.core.main.ScriptEngine.run(ScriptEngine.java:194)
	at com.kms.katalon.core.main.ScriptEngine.runScriptAsRawText(ScriptEngine.java:119)
	at com.kms.katalon.core.main.TestCaseExecutor.runScript(TestCaseExecutor.java:398)
	at com.kms.katalon.core.main.TestCaseExecutor.doExecute(TestCaseExecutor.java:389)
	at com.kms.katalon.core.main.TestCaseExecutor.processExecutionPhase(TestCaseExecutor.java:368)
	at com.kms.katalon.core.main.TestCaseExecutor.accessMainPhase(TestCaseExecutor.java:360)
	at com.kms.katalon.core.main.TestCaseExecutor.execute(TestCaseExecutor.java:255)
	at com.kms.katalon.core.main.TestSuiteExecutor.accessTestCaseMainPhase(TestSuiteExecutor.java:203)
	at com.kms.katalon.core.main.TestSuiteExecutor.accessTestSuiteMainPhase(TestSuiteExecutor.java:152)
	at com.kms.katalon.core.main.TestSuiteExecutor.execute(TestSuiteExecutor.java:95)
	at com.kms.katalon.core.main.TestCaseMain.startTestSuite(TestCaseMain.java:157)
	at com.kms.katalon.core.main.TestCaseMain$startTestSuite$0.call(Unknown Source)
	at TempTestSuite1622370015671.run(TempTestSuite1622370015671.groovy:39)
Caused by: org.openqa.selenium.ElementNotInteractableException: element not interactable
  (Session info: chrome=91.0.4472.77)
Build info: version: '3.141.59', revision: 'e82be7d358', time: '2018-11-14T08:25:53'
System info: host: 'WIN-SERVER-2019', ip: '10.1.0.4', os.name: 'Windows Server 2019', os.arch: 'amd64', os.version: '10.0', java.version: '1.8.0_282'
Driver info: com.kms.katalon.selenium.driver.CChromeDriver
Capabilities {acceptInsecureCerts: false, browserName: chrome, browserVersion: 91.0.4472.77, chrome: {chromedriverVersion: 90.0.4430.24 (4c6d850f087da..., userDataDir: C:\Users\nttuan\AppData\Loc...}, goog:chromeOptions: {debuggerAddress: localhost:62474}, javascriptEnabled: true, networkConnectionEnabled: false, pageLoadStrategy: normal, platform: WINDOWS, platformName: WINDOWS, proxy: Proxy(), setWindowRect: true, strictFileInteractability: false, timeouts: {implicit: 0, pageLoad: 300000, script: 30000}, unhandledPromptBehavior: dismiss and notify, webauthn:extension:largeBlob: true, webauthn:virtualAuthenticators: true}
Session ID: ded6908a0a42b2bac6af388946038e67
	at org.openqa.selenium.remote.http.W3CHttpResponseCodec.createException(W3CHttpResponseCodec.java:187)
	at org.openqa.selenium.remote.http.W3CHttpResponseCodec.decode(W3CHttpResponseCodec.java:122)
	at org.openqa.selenium.remote.http.W3CHttpResponseCodec.decode(W3CHttpResponseCodec.java:49)
	at org.openqa.selenium.remote.HttpCommandExecutor.execute(HttpCommandExecutor.java:158)
	at org.openqa.selenium.remote.service.DriverCommandExecutor.execute(DriverCommandExecutor.java:83)
	at org.openqa.selenium.remote.RemoteWebDriver.execute(RemoteWebDriver.java:552)
	at com.kms.katalon.selenium.driver.CChromeDriver.execute(CChromeDriver.java:19)
	at org.openqa.selenium.remote.RemoteWebElement.execute(RemoteWebElement.java:285)
	at org.openqa.selenium.remote.RemoteWebElement.sendKeys(RemoteWebElement.java:106)
	at org.openqa.selenium.support.events.EventFiringWebDriver$EventFiringWebElement.lambda$new$0(EventFiringWebDriver.java:404)
	at com.sun.proxy.$Proxy17.sendKeys(Unknown Source)
	at org.openqa.selenium.support.events.EventFiringWebDriver$EventFiringWebElement.sendKeys(EventFiringWebDriver.java:429)
	at com.kms.katalon.core.webui.keyword.builtin.SendKeysKeyword$_sendKeys_closure1.doCall(SendKeysKeyword.groovy:53)
	at com.kms.katalon.core.webui.keyword.builtin.SendKeysKeyword$_sendKeys_closure1.call(SendKeysKeyword.groovy)
	at com.kms.katalon.core.webui.keyword.internal.WebUIKeywordMain.runKeyword(WebUIKeywordMain.groovy:20)
	at com.kms.katalon.core.webui.keyword.builtin.SendKeysKeyword.sendKeys(SendKeysKeyword.groovy:60)
	at com.kms.katalon.core.webui.keyword.builtin.SendKeysKeyword.execute(SendKeysKeyword.groovy:38)
	at com.kms.katalon.core.keyword.internal.KeywordExecutor.executeKeywordForPlatform(KeywordExecutor.groovy:73)
	at com.kms.katalon.core.webui.keyword.WebUiBuiltInKeywords.sendKeys(WebUiBuiltInKeywords.groovy:863)
	at com.kms.katalon.core.webui.keyword.WebUiBuiltInKeywords$sendKeys$7.call(Unknown Source)
	at Script1622167440372.run(Script1622167440372.groovy:44)
	... 13 more
)

2021-05-30 10:22:42 - [MESSAGE][FAILED] - Unable to send keys '' to object 'Object Repository/ChanelMember/Page_Channel to test add  remove members - _a376a4/div_Search for people' (Root cause: com.kms.katalon.core.exception.StepFailedException: Unable to send keys '' to object 'Object Repository/ChanelMember/Page_Channel to test add  remove members - _a376a4/div_Search for people'
	at com.kms.katalon.core.webui.keyword.internal.WebUIKeywordMain.stepFailed(WebUIKeywordMain.groovy:64)
	at com.kms.katalon.core.webui.keyword.internal.WebUIKeywordMain.runKeyword(WebUIKeywordMain.groovy:26)
	at com.kms.katalon.core.webui.keyword.builtin.SendKeysKeyword.sendKeys(SendKeysKeyword.groovy:60)
	at com.kms.katalon.core.webui.keyword.builtin.SendKeysKeyword.execute(SendKeysKeyword.groovy:38)
	at com.kms.katalon.core.keyword.internal.KeywordExecutor.executeKeywordForPlatform(KeywordExecutor.groovy:73)
	at com.kms.katalon.core.webui.keyword.WebUiBuiltInKeywords.sendKeys(WebUiBuiltInKeywords.groovy:863)
	at com.kms.katalon.core.webui.keyword.WebUiBuiltInKeywords$sendKeys$7.call(Unknown Source)
	at Add members to channel.run(Add members to channel:44)
	at com.kms.katalon.core.main.ScriptEngine.run(ScriptEngine.java:194)
	at com.kms.katalon.core.main.ScriptEngine.runScriptAsRawText(ScriptEngine.java:119)
	at com.kms.katalon.core.main.TestCaseExecutor.runScript(TestCaseExecutor.java:398)
	at com.kms.katalon.core.main.TestCaseExecutor.doExecute(TestCaseExecutor.java:389)
	at com.kms.katalon.core.main.TestCaseExecutor.processExecutionPhase(TestCaseExecutor.java:368)
	at com.kms.katalon.core.main.TestCaseExecutor.accessMainPhase(TestCaseExecutor.java:360)
	at com.kms.katalon.core.main.TestCaseExecutor.execute(TestCaseExecutor.java:255)
	at com.kms.katalon.core.main.TestSuiteExecutor.accessTestCaseMainPhase(TestSuiteExecutor.java:203)
	at com.kms.katalon.core.main.TestSuiteExecutor.accessTestSuiteMainPhase(TestSuiteExecutor.java:152)
	at com.kms.katalon.core.main.TestSuiteExecutor.execute(TestSuiteExecutor.java:95)
	at com.kms.katalon.core.main.TestCaseMain.startTestSuite(TestCaseMain.java:157)
	at com.kms.katalon.core.main.TestCaseMain$startTestSuite$0.call(Unknown Source)
	at TempTestSuite1622370015671.run(TempTestSuite1622370015671.groovy:39)
Caused by: org.openqa.selenium.ElementNotInteractableException: element not interactable
  (Session info: chrome=91.0.4472.77)
Build info: version: '3.141.59', revision: 'e82be7d358', time: '2018-11-14T08:25:53'
System info: host: 'WIN-SERVER-2019', ip: '10.1.0.4', os.name: 'Windows Server 2019', os.arch: 'amd64', os.version: '10.0', java.version: '1.8.0_282'
Driver info: com.kms.katalon.selenium.driver.CChromeDriver
Capabilities {acceptInsecureCerts: false, browserName: chrome, browserVersion: 91.0.4472.77, chrome: {chromedriverVersion: 90.0.4430.24 (4c6d850f087da..., userDataDir: C:\Users\nttuan\AppData\Loc...}, goog:chromeOptions: {debuggerAddress: localhost:62474}, javascriptEnabled: true, networkConnectionEnabled: false, pageLoadStrategy: normal, platform: WINDOWS, platformName: WINDOWS, proxy: Proxy(), setWindowRect: true, strictFileInteractability: false, timeouts: {implicit: 0, pageLoad: 300000, script: 30000}, unhandledPromptBehavior: dismiss and notify, webauthn:extension:largeBlob: true, webauthn:virtualAuthenticators: true}
Session ID: ded6908a0a42b2bac6af388946038e67
	at org.openqa.selenium.remote.http.W3CHttpResponseCodec.createException(W3CHttpResponseCodec.java:187)
	at org.openqa.selenium.remote.http.W3CHttpResponseCodec.decode(W3CHttpResponseCodec.java:122)
	at org.openqa.selenium.remote.http.W3CHttpResponseCodec.decode(W3CHttpResponseCodec.java:49)
	at org.openqa.selenium.remote.HttpCommandExecutor.execute(HttpCommandExecutor.java:158)
	at org.openqa.selenium.remote.service.DriverCommandExecutor.execute(DriverCommandExecutor.java:83)
	at org.openqa.selenium.remote.RemoteWebDriver.execute(RemoteWebDriver.java:552)
	at com.kms.katalon.selenium.driver.CChromeDriver.execute(CChromeDriver.java:19)
	at org.openqa.selenium.remote.RemoteWebElement.execute(RemoteWebElement.java:285)
	at org.openqa.selenium.remote.RemoteWebElement.sendKeys(RemoteWebElement.java:106)
	at org.openqa.selenium.support.events.EventFiringWebDriver$EventFiringWebElement.lambda$new$0(EventFiringWebDriver.java:404)
	at com.sun.proxy.$Proxy17.sendKeys(Unknown Source)
	at org.openqa.selenium.support.events.EventFiringWebDriver$EventFiringWebElement.sendKeys(EventFiringWebDriver.java:429)
	at com.kms.katalon.core.webui.keyword.builtin.SendKeysKeyword$_sendKeys_closure1.doCall(SendKeysKeyword.groovy:53)
	at com.kms.katalon.core.webui.keyword.builtin.SendKeysKeyword$_sendKeys_closure1.call(SendKeysKeyword.groovy)
	at com.kms.katalon.core.webui.keyword.internal.WebUIKeywordMain.runKeyword(WebUIKeywordMain.groovy:20)
	at com.kms.katalon.core.webui.keyword.builtin.SendKeysKeyword.sendKeys(SendKeysKeyword.groovy:60)
	at com.kms.katalon.core.webui.keyword.builtin.SendKeysKeyword.execute(SendKeysKeyword.groovy:38)
	at com.kms.katalon.core.keyword.internal.KeywordExecutor.executeKeywordForPlatform(KeywordExecutor.groovy:73)
	at com.kms.katalon.core.webui.keyword.WebUiBuiltInKeywords.sendKeys(WebUiBuiltInKeywords.groovy:863)
	at com.kms.katalon.core.webui.keyword.WebUiBuiltInKeywords$sendKeys$7.call(Unknown Source)
	at Script1622167440372.run(Script1622167440372.groovy:44)
	... 13 more
)
[[ATTACHMENT|C:\\Users\\nttuan\\Downloads\\CDNC\\mattermost-testing\\Reports\\20210530_102014\\Run all test cases\\20210530_102015\\1622370162569.png]]

2021-05-30 10:22:42 - [TEST_STEP][PASSED] - catch (Exception e): Object: 'Object Repository/ChanelMember/Page_Channel to test add  remove members - TEAM NAME Mattermost/div_CloseAdd search' is clicked on

2021-05-30 10:22:42 - [TEST_STEP][PASSED] - click(findTestObject("ChanelMember/Page_Channel to test add  remove members - TEAM NAME Mattermost/div_CloseAdd search")): Object: 'Object Repository/ChanelMember/Page_Channel to test add  remove members - TEAM NAME Mattermost/div_CloseAdd search' is clicked on

2021-05-30 10:22:43 - [MESSAGE][PASSED] - Object: 'Object Repository/ChanelMember/Page_Channel to test add  remove members - TEAM NAME Mattermost/div_CloseAdd search' is clicked on

2021-05-30 10:22:43 - [TEST_STEP][PASSED] - username = usernames.get(i): null

2021-05-30 10:22:43 - [TEST_STEP][PASSED] - click(findTestObject("Object Repository/ChanelMember/Page_Channel to test add  remove members - _a376a4/span_Channel to test add  remove members")): Object: 'Object Repository/ChanelMember/Page_Channel to test add  remove members - _a376a4/span_Channel to test add  remove members' is clicked on

2021-05-30 10:22:43 - [MESSAGE][PASSED] - Object: 'Object Repository/ChanelMember/Page_Channel to test add  remove members - _a376a4/span_Channel to test add  remove members' is clicked on

2021-05-30 10:22:43 - [TEST_STEP][PASSED] - click(findTestObject("Object Repository/ChanelMember/Page_Channel to test add  remove members - _a376a4/span_Add Members")): Object: 'Object Repository/ChanelMember/Page_Channel to test add  remove members - _a376a4/span_Add Members' is clicked on

2021-05-30 10:22:43 - [MESSAGE][PASSED] - Object: 'Object Repository/ChanelMember/Page_Channel to test add  remove members - _a376a4/span_Add Members' is clicked on

2021-05-30 10:22:43 - [TEST_STEP][PASSED] - click(findTestObject("ChanelMember/Page_Channel to test add  remove members - _a376a4/div_Search for people")): Object: 'Object Repository/ChanelMember/Page_Channel to test add  remove members - _a376a4/div_Search for people' is clicked on

2021-05-30 10:22:44 - [MESSAGE][PASSED] - Object: 'Object Repository/ChanelMember/Page_Channel to test add  remove members - _a376a4/div_Search for people' is clicked on

2021-05-30 10:22:44 - [TEST_STEP][PASSED] - setText(findTestObject("Object Repository/ChanelMember/Page_Channel to test add  remove members - _a376a4/input_Search for people_react-select-2-input"), username): Text 'nguyenvana' is set on object 'Object Repository/ChanelMember/Page_Channel to test add  remove members - _a376a4/input_Search for people_react-select-2-input'

2021-05-30 10:23:15 - [MESSAGE][INFO] - Unable to find the element located by 'By.xpath: //input[@id='react-select-2-input']'. Please recheck the objects properties to make sure the desired element is located. 

2021-05-30 10:23:15 - [MESSAGE][WARNING] - [SELF-HEALING] Failed to find element with id 'Object Repository/ChanelMember/Page_Channel to test add  remove members - _a376a4/input_Search for people_react-select-2-input'. Try using Self-healing.

2021-05-30 10:23:15 - [MESSAGE][WARNING] - [SELF-HEALING] The current locator of test object 'Object Repository/ChanelMember/Page_Channel to test add  remove members - _a376a4/input_Search for people_react-select-2-input' was broken. Propose an alternative one: '//div[@id='selectItems']/div/div/div[2]/div/input'.

2021-05-30 10:23:47 - [MESSAGE][INFO] - Unable to find the element located by 'By.xpath: //input[@id='react-select-2-input']'. Please recheck the objects properties to make sure the desired element is located. 

2021-05-30 10:23:47 - [MESSAGE][WARNING] - [SELF-HEALING] Failed to find element with id 'Object Repository/ChanelMember/Page_Channel to test add  remove members - _a376a4/input_Search for people_react-select-2-input'. Try using Self-healing.

2021-05-30 10:23:47 - [MESSAGE][WARNING] - [SELF-HEALING] The current locator of test object 'Object Repository/ChanelMember/Page_Channel to test add  remove members - _a376a4/input_Search for people_react-select-2-input' was broken. Propose an alternative one: '//div[@id='selectItems']/div/div/div[2]/div/input'.

2021-05-30 10:23:47 - [MESSAGE][PASSED] - Text 'nguyenvana' is set on object 'Object Repository/ChanelMember/Page_Channel to test add  remove members - _a376a4/input_Search for people_react-select-2-input'

2021-05-30 10:23:47 - [TEST_STEP][FAILED] - try: Unable to send keys '' to object 'Object Repository/ChanelMember/Page_Channel to test add  remove members - _a376a4/div_Search for people' (Root cause: com.kms.katalon.core.exception.StepFailedException: Unable to send keys '' to object 'Object Repository/ChanelMember/Page_Channel to test add  remove members - _a376a4/div_Search for people'
	at com.kms.katalon.core.webui.keyword.internal.WebUIKeywordMain.stepFailed(WebUIKeywordMain.groovy:64)
	at com.kms.katalon.core.webui.keyword.internal.WebUIKeywordMain.runKeyword(WebUIKeywordMain.groovy:26)
	at com.kms.katalon.core.webui.keyword.builtin.SendKeysKeyword.sendKeys(SendKeysKeyword.groovy:60)
	at com.kms.katalon.core.webui.keyword.builtin.SendKeysKeyword.execute(SendKeysKeyword.groovy:38)
	at com.kms.katalon.core.keyword.internal.KeywordExecutor.executeKeywordForPlatform(KeywordExecutor.groovy:73)
	at com.kms.katalon.core.webui.keyword.WebUiBuiltInKeywords.sendKeys(WebUiBuiltInKeywords.groovy:863)
	at com.kms.katalon.core.webui.keyword.WebUiBuiltInKeywords$sendKeys$7.call(Unknown Source)
	at Add members to channel.run(Add members to channel:44)
	at com.kms.katalon.core.main.ScriptEngine.run(ScriptEngine.java:194)
	at com.kms.katalon.core.main.ScriptEngine.runScriptAsRawText(ScriptEngine.java:119)
	at com.kms.katalon.core.main.TestCaseExecutor.runScript(TestCaseExecutor.java:398)
	at com.kms.katalon.core.main.TestCaseExecutor.doExecute(TestCaseExecutor.java:389)
	at com.kms.katalon.core.main.TestCaseExecutor.processExecutionPhase(TestCaseExecutor.java:368)
	at com.kms.katalon.core.main.TestCaseExecutor.accessMainPhase(TestCaseExecutor.java:360)
	at com.kms.katalon.core.main.TestCaseExecutor.execute(TestCaseExecutor.java:255)
	at com.kms.katalon.core.main.TestSuiteExecutor.accessTestCaseMainPhase(TestSuiteExecutor.java:203)
	at com.kms.katalon.core.main.TestSuiteExecutor.accessTestSuiteMainPhase(TestSuiteExecutor.java:152)
	at com.kms.katalon.core.main.TestSuiteExecutor.execute(TestSuiteExecutor.java:95)
	at com.kms.katalon.core.main.TestCaseMain.startTestSuite(TestCaseMain.java:157)
	at com.kms.katalon.core.main.TestCaseMain$startTestSuite$0.call(Unknown Source)
	at TempTestSuite1622370015671.run(TempTestSuite1622370015671.groovy:39)
Caused by: org.openqa.selenium.ElementNotInteractableException: element not interactable
  (Session info: chrome=91.0.4472.77)
Build info: version: '3.141.59', revision: 'e82be7d358', time: '2018-11-14T08:25:53'
System info: host: 'WIN-SERVER-2019', ip: '10.1.0.4', os.name: 'Windows Server 2019', os.arch: 'amd64', os.version: '10.0', java.version: '1.8.0_282'
Driver info: com.kms.katalon.selenium.driver.CChromeDriver
Capabilities {acceptInsecureCerts: false, browserName: chrome, browserVersion: 91.0.4472.77, chrome: {chromedriverVersion: 90.0.4430.24 (4c6d850f087da..., userDataDir: C:\Users\nttuan\AppData\Loc...}, goog:chromeOptions: {debuggerAddress: localhost:62474}, javascriptEnabled: true, networkConnectionEnabled: false, pageLoadStrategy: normal, platform: WINDOWS, platformName: WINDOWS, proxy: Proxy(), setWindowRect: true, strictFileInteractability: false, timeouts: {implicit: 0, pageLoad: 300000, script: 30000}, unhandledPromptBehavior: dismiss and notify, webauthn:extension:largeBlob: true, webauthn:virtualAuthenticators: true}
Session ID: ded6908a0a42b2bac6af388946038e67
	at org.openqa.selenium.remote.http.W3CHttpResponseCodec.createException(W3CHttpResponseCodec.java:187)
	at org.openqa.selenium.remote.http.W3CHttpResponseCodec.decode(W3CHttpResponseCodec.java:122)
	at org.openqa.selenium.remote.http.W3CHttpResponseCodec.decode(W3CHttpResponseCodec.java:49)
	at org.openqa.selenium.remote.HttpCommandExecutor.execute(HttpCommandExecutor.java:158)
	at org.openqa.selenium.remote.service.DriverCommandExecutor.execute(DriverCommandExecutor.java:83)
	at org.openqa.selenium.remote.RemoteWebDriver.execute(RemoteWebDriver.java:552)
	at com.kms.katalon.selenium.driver.CChromeDriver.execute(CChromeDriver.java:19)
	at org.openqa.selenium.remote.RemoteWebElement.execute(RemoteWebElement.java:285)
	at org.openqa.selenium.remote.RemoteWebElement.sendKeys(RemoteWebElement.java:106)
	at org.openqa.selenium.support.events.EventFiringWebDriver$EventFiringWebElement.lambda$new$0(EventFiringWebDriver.java:404)
	at com.sun.proxy.$Proxy17.sendKeys(Unknown Source)
	at org.openqa.selenium.support.events.EventFiringWebDriver$EventFiringWebElement.sendKeys(EventFiringWebDriver.java:429)
	at com.kms.katalon.core.webui.keyword.builtin.SendKeysKeyword$_sendKeys_closure1.doCall(SendKeysKeyword.groovy:53)
	at com.kms.katalon.core.webui.keyword.builtin.SendKeysKeyword$_sendKeys_closure1.call(SendKeysKeyword.groovy)
	at com.kms.katalon.core.webui.keyword.internal.WebUIKeywordMain.runKeyword(WebUIKeywordMain.groovy:20)
	at com.kms.katalon.core.webui.keyword.builtin.SendKeysKeyword.sendKeys(SendKeysKeyword.groovy:60)
	at com.kms.katalon.core.webui.keyword.builtin.SendKeysKeyword.execute(SendKeysKeyword.groovy:38)
	at com.kms.katalon.core.keyword.internal.KeywordExecutor.executeKeywordForPlatform(KeywordExecutor.groovy:73)
	at com.kms.katalon.core.webui.keyword.WebUiBuiltInKeywords.sendKeys(WebUiBuiltInKeywords.groovy:863)
	at com.kms.katalon.core.webui.keyword.WebUiBuiltInKeywords$sendKeys$7.call(Unknown Source)
	at Script1622167440372.run(Script1622167440372.groovy:44)
	... 13 more
)

2021-05-30 10:23:47 - [TEST_STEP][PASSED] - verifyTextNotPresent("No results found matching", false): Text 'No results found matching' is not present on page

2021-05-30 10:23:48 - [MESSAGE][PASSED] - Text 'No results found matching' is not present on page

2021-05-30 10:23:48 - [TEST_STEP][FAILED] - sendKeys(findTestObject("ChanelMember/Page_Channel to test add  remove members - _a376a4/div_Search for people"), Keys.chord(ENTER)): Unable to send keys '' to object 'Object Repository/ChanelMember/Page_Channel to test add  remove members - _a376a4/div_Search for people' (Root cause: com.kms.katalon.core.exception.StepFailedException: Unable to send keys '' to object 'Object Repository/ChanelMember/Page_Channel to test add  remove members - _a376a4/div_Search for people'
	at com.kms.katalon.core.webui.keyword.internal.WebUIKeywordMain.stepFailed(WebUIKeywordMain.groovy:64)
	at com.kms.katalon.core.webui.keyword.internal.WebUIKeywordMain.runKeyword(WebUIKeywordMain.groovy:26)
	at com.kms.katalon.core.webui.keyword.builtin.SendKeysKeyword.sendKeys(SendKeysKeyword.groovy:60)
	at com.kms.katalon.core.webui.keyword.builtin.SendKeysKeyword.execute(SendKeysKeyword.groovy:38)
	at com.kms.katalon.core.keyword.internal.KeywordExecutor.executeKeywordForPlatform(KeywordExecutor.groovy:73)
	at com.kms.katalon.core.webui.keyword.WebUiBuiltInKeywords.sendKeys(WebUiBuiltInKeywords.groovy:863)
	at com.kms.katalon.core.webui.keyword.WebUiBuiltInKeywords$sendKeys$7.call(Unknown Source)
	at Add members to channel.run(Add members to channel:44)
	at com.kms.katalon.core.main.ScriptEngine.run(ScriptEngine.java:194)
	at com.kms.katalon.core.main.ScriptEngine.runScriptAsRawText(ScriptEngine.java:119)
	at com.kms.katalon.core.main.TestCaseExecutor.runScript(TestCaseExecutor.java:398)
	at com.kms.katalon.core.main.TestCaseExecutor.doExecute(TestCaseExecutor.java:389)
	at com.kms.katalon.core.main.TestCaseExecutor.processExecutionPhase(TestCaseExecutor.java:368)
	at com.kms.katalon.core.main.TestCaseExecutor.accessMainPhase(TestCaseExecutor.java:360)
	at com.kms.katalon.core.main.TestCaseExecutor.execute(TestCaseExecutor.java:255)
	at com.kms.katalon.core.main.TestSuiteExecutor.accessTestCaseMainPhase(TestSuiteExecutor.java:203)
	at com.kms.katalon.core.main.TestSuiteExecutor.accessTestSuiteMainPhase(TestSuiteExecutor.java:152)
	at com.kms.katalon.core.main.TestSuiteExecutor.execute(TestSuiteExecutor.java:95)
	at com.kms.katalon.core.main.TestCaseMain.startTestSuite(TestCaseMain.java:157)
	at com.kms.katalon.core.main.TestCaseMain$startTestSuite$0.call(Unknown Source)
	at TempTestSuite1622370015671.run(TempTestSuite1622370015671.groovy:39)
Caused by: org.openqa.selenium.ElementNotInteractableException: element not interactable
  (Session info: chrome=91.0.4472.77)
Build info: version: '3.141.59', revision: 'e82be7d358', time: '2018-11-14T08:25:53'
System info: host: 'WIN-SERVER-2019', ip: '10.1.0.4', os.name: 'Windows Server 2019', os.arch: 'amd64', os.version: '10.0', java.version: '1.8.0_282'
Driver info: com.kms.katalon.selenium.driver.CChromeDriver
Capabilities {acceptInsecureCerts: false, browserName: chrome, browserVersion: 91.0.4472.77, chrome: {chromedriverVersion: 90.0.4430.24 (4c6d850f087da..., userDataDir: C:\Users\nttuan\AppData\Loc...}, goog:chromeOptions: {debuggerAddress: localhost:62474}, javascriptEnabled: true, networkConnectionEnabled: false, pageLoadStrategy: normal, platform: WINDOWS, platformName: WINDOWS, proxy: Proxy(), setWindowRect: true, strictFileInteractability: false, timeouts: {implicit: 0, pageLoad: 300000, script: 30000}, unhandledPromptBehavior: dismiss and notify, webauthn:extension:largeBlob: true, webauthn:virtualAuthenticators: true}
Session ID: ded6908a0a42b2bac6af388946038e67
	at org.openqa.selenium.remote.http.W3CHttpResponseCodec.createException(W3CHttpResponseCodec.java:187)
	at org.openqa.selenium.remote.http.W3CHttpResponseCodec.decode(W3CHttpResponseCodec.java:122)
	at org.openqa.selenium.remote.http.W3CHttpResponseCodec.decode(W3CHttpResponseCodec.java:49)
	at org.openqa.selenium.remote.HttpCommandExecutor.execute(HttpCommandExecutor.java:158)
	at org.openqa.selenium.remote.service.DriverCommandExecutor.execute(DriverCommandExecutor.java:83)
	at org.openqa.selenium.remote.RemoteWebDriver.execute(RemoteWebDriver.java:552)
	at com.kms.katalon.selenium.driver.CChromeDriver.execute(CChromeDriver.java:19)
	at org.openqa.selenium.remote.RemoteWebElement.execute(RemoteWebElement.java:285)
	at org.openqa.selenium.remote.RemoteWebElement.sendKeys(RemoteWebElement.java:106)
	at org.openqa.selenium.support.events.EventFiringWebDriver$EventFiringWebElement.lambda$new$0(EventFiringWebDriver.java:404)
	at com.sun.proxy.$Proxy17.sendKeys(Unknown Source)
	at org.openqa.selenium.support.events.EventFiringWebDriver$EventFiringWebElement.sendKeys(EventFiringWebDriver.java:429)
	at com.kms.katalon.core.webui.keyword.builtin.SendKeysKeyword$_sendKeys_closure1.doCall(SendKeysKeyword.groovy:53)
	at com.kms.katalon.core.webui.keyword.builtin.SendKeysKeyword$_sendKeys_closure1.call(SendKeysKeyword.groovy)
	at com.kms.katalon.core.webui.keyword.internal.WebUIKeywordMain.runKeyword(WebUIKeywordMain.groovy:20)
	at com.kms.katalon.core.webui.keyword.builtin.SendKeysKeyword.sendKeys(SendKeysKeyword.groovy:60)
	at com.kms.katalon.core.webui.keyword.builtin.SendKeysKeyword.execute(SendKeysKeyword.groovy:38)
	at com.kms.katalon.core.keyword.internal.KeywordExecutor.executeKeywordForPlatform(KeywordExecutor.groovy:73)
	at com.kms.katalon.core.webui.keyword.WebUiBuiltInKeywords.sendKeys(WebUiBuiltInKeywords.groovy:863)
	at com.kms.katalon.core.webui.keyword.WebUiBuiltInKeywords$sendKeys$7.call(Unknown Source)
	at Script1622167440372.run(Script1622167440372.groovy:44)
	... 13 more
)

2021-05-30 10:23:48 - [MESSAGE][FAILED] - Unable to send keys '' to object 'Object Repository/ChanelMember/Page_Channel to test add  remove members - _a376a4/div_Search for people' (Root cause: com.kms.katalon.core.exception.StepFailedException: Unable to send keys '' to object 'Object Repository/ChanelMember/Page_Channel to test add  remove members - _a376a4/div_Search for people'
	at com.kms.katalon.core.webui.keyword.internal.WebUIKeywordMain.stepFailed(WebUIKeywordMain.groovy:64)
	at com.kms.katalon.core.webui.keyword.internal.WebUIKeywordMain.runKeyword(WebUIKeywordMain.groovy:26)
	at com.kms.katalon.core.webui.keyword.builtin.SendKeysKeyword.sendKeys(SendKeysKeyword.groovy:60)
	at com.kms.katalon.core.webui.keyword.builtin.SendKeysKeyword.execute(SendKeysKeyword.groovy:38)
	at com.kms.katalon.core.keyword.internal.KeywordExecutor.executeKeywordForPlatform(KeywordExecutor.groovy:73)
	at com.kms.katalon.core.webui.keyword.WebUiBuiltInKeywords.sendKeys(WebUiBuiltInKeywords.groovy:863)
	at com.kms.katalon.core.webui.keyword.WebUiBuiltInKeywords$sendKeys$7.call(Unknown Source)
	at Add members to channel.run(Add members to channel:44)
	at com.kms.katalon.core.main.ScriptEngine.run(ScriptEngine.java:194)
	at com.kms.katalon.core.main.ScriptEngine.runScriptAsRawText(ScriptEngine.java:119)
	at com.kms.katalon.core.main.TestCaseExecutor.runScript(TestCaseExecutor.java:398)
	at com.kms.katalon.core.main.TestCaseExecutor.doExecute(TestCaseExecutor.java:389)
	at com.kms.katalon.core.main.TestCaseExecutor.processExecutionPhase(TestCaseExecutor.java:368)
	at com.kms.katalon.core.main.TestCaseExecutor.accessMainPhase(TestCaseExecutor.java:360)
	at com.kms.katalon.core.main.TestCaseExecutor.execute(TestCaseExecutor.java:255)
	at com.kms.katalon.core.main.TestSuiteExecutor.accessTestCaseMainPhase(TestSuiteExecutor.java:203)
	at com.kms.katalon.core.main.TestSuiteExecutor.accessTestSuiteMainPhase(TestSuiteExecutor.java:152)
	at com.kms.katalon.core.main.TestSuiteExecutor.execute(TestSuiteExecutor.java:95)
	at com.kms.katalon.core.main.TestCaseMain.startTestSuite(TestCaseMain.java:157)
	at com.kms.katalon.core.main.TestCaseMain$startTestSuite$0.call(Unknown Source)
	at TempTestSuite1622370015671.run(TempTestSuite1622370015671.groovy:39)
Caused by: org.openqa.selenium.ElementNotInteractableException: element not interactable
  (Session info: chrome=91.0.4472.77)
Build info: version: '3.141.59', revision: 'e82be7d358', time: '2018-11-14T08:25:53'
System info: host: 'WIN-SERVER-2019', ip: '10.1.0.4', os.name: 'Windows Server 2019', os.arch: 'amd64', os.version: '10.0', java.version: '1.8.0_282'
Driver info: com.kms.katalon.selenium.driver.CChromeDriver
Capabilities {acceptInsecureCerts: false, browserName: chrome, browserVersion: 91.0.4472.77, chrome: {chromedriverVersion: 90.0.4430.24 (4c6d850f087da..., userDataDir: C:\Users\nttuan\AppData\Loc...}, goog:chromeOptions: {debuggerAddress: localhost:62474}, javascriptEnabled: true, networkConnectionEnabled: false, pageLoadStrategy: normal, platform: WINDOWS, platformName: WINDOWS, proxy: Proxy(), setWindowRect: true, strictFileInteractability: false, timeouts: {implicit: 0, pageLoad: 300000, script: 30000}, unhandledPromptBehavior: dismiss and notify, webauthn:extension:largeBlob: true, webauthn:virtualAuthenticators: true}
Session ID: ded6908a0a42b2bac6af388946038e67
	at org.openqa.selenium.remote.http.W3CHttpResponseCodec.createException(W3CHttpResponseCodec.java:187)
	at org.openqa.selenium.remote.http.W3CHttpResponseCodec.decode(W3CHttpResponseCodec.java:122)
	at org.openqa.selenium.remote.http.W3CHttpResponseCodec.decode(W3CHttpResponseCodec.java:49)
	at org.openqa.selenium.remote.HttpCommandExecutor.execute(HttpCommandExecutor.java:158)
	at org.openqa.selenium.remote.service.DriverCommandExecutor.execute(DriverCommandExecutor.java:83)
	at org.openqa.selenium.remote.RemoteWebDriver.execute(RemoteWebDriver.java:552)
	at com.kms.katalon.selenium.driver.CChromeDriver.execute(CChromeDriver.java:19)
	at org.openqa.selenium.remote.RemoteWebElement.execute(RemoteWebElement.java:285)
	at org.openqa.selenium.remote.RemoteWebElement.sendKeys(RemoteWebElement.java:106)
	at org.openqa.selenium.support.events.EventFiringWebDriver$EventFiringWebElement.lambda$new$0(EventFiringWebDriver.java:404)
	at com.sun.proxy.$Proxy17.sendKeys(Unknown Source)
	at org.openqa.selenium.support.events.EventFiringWebDriver$EventFiringWebElement.sendKeys(EventFiringWebDriver.java:429)
	at com.kms.katalon.core.webui.keyword.builtin.SendKeysKeyword$_sendKeys_closure1.doCall(SendKeysKeyword.groovy:53)
	at com.kms.katalon.core.webui.keyword.builtin.SendKeysKeyword$_sendKeys_closure1.call(SendKeysKeyword.groovy)
	at com.kms.katalon.core.webui.keyword.internal.WebUIKeywordMain.runKeyword(WebUIKeywordMain.groovy:20)
	at com.kms.katalon.core.webui.keyword.builtin.SendKeysKeyword.sendKeys(SendKeysKeyword.groovy:60)
	at com.kms.katalon.core.webui.keyword.builtin.SendKeysKeyword.execute(SendKeysKeyword.groovy:38)
	at com.kms.katalon.core.keyword.internal.KeywordExecutor.executeKeywordForPlatform(KeywordExecutor.groovy:73)
	at com.kms.katalon.core.webui.keyword.WebUiBuiltInKeywords.sendKeys(WebUiBuiltInKeywords.groovy:863)
	at com.kms.katalon.core.webui.keyword.WebUiBuiltInKeywords$sendKeys$7.call(Unknown Source)
	at Script1622167440372.run(Script1622167440372.groovy:44)
	... 13 more
)
[[ATTACHMENT|C:\\Users\\nttuan\\Downloads\\CDNC\\mattermost-testing\\Reports\\20210530_102014\\Run all test cases\\20210530_102015\\1622370228818.png]]

2021-05-30 10:23:48 - [TEST_STEP][PASSED] - catch (Exception e): Object: 'Object Repository/ChanelMember/Page_Channel to test add  remove members - TEAM NAME Mattermost/div_CloseAdd search' is clicked on

2021-05-30 10:23:48 - [TEST_STEP][PASSED] - click(findTestObject("ChanelMember/Page_Channel to test add  remove members - TEAM NAME Mattermost/div_CloseAdd search")): Object: 'Object Repository/ChanelMember/Page_Channel to test add  remove members - TEAM NAME Mattermost/div_CloseAdd search' is clicked on

2021-05-30 10:23:49 - [MESSAGE][PASSED] - Object: 'Object Repository/ChanelMember/Page_Channel to test add  remove members - TEAM NAME Mattermost/div_CloseAdd search' is clicked on

2021-05-30 10:23:49 - [TEST_STEP][PASSED] - username = usernames.get(i): null

2021-05-30 10:23:49 - [TEST_STEP][PASSED] - click(findTestObject("Object Repository/ChanelMember/Page_Channel to test add  remove members - _a376a4/span_Channel to test add  remove members")): Object: 'Object Repository/ChanelMember/Page_Channel to test add  remove members - _a376a4/span_Channel to test add  remove members' is clicked on

2021-05-30 10:23:49 - [MESSAGE][PASSED] - Object: 'Object Repository/ChanelMember/Page_Channel to test add  remove members - _a376a4/span_Channel to test add  remove members' is clicked on

2021-05-30 10:23:49 - [TEST_STEP][PASSED] - click(findTestObject("Object Repository/ChanelMember/Page_Channel to test add  remove members - _a376a4/span_Add Members")): Object: 'Object Repository/ChanelMember/Page_Channel to test add  remove members - _a376a4/span_Add Members' is clicked on

2021-05-30 10:23:50 - [MESSAGE][PASSED] - Object: 'Object Repository/ChanelMember/Page_Channel to test add  remove members - _a376a4/span_Add Members' is clicked on

2021-05-30 10:23:50 - [TEST_STEP][PASSED] - click(findTestObject("ChanelMember/Page_Channel to test add  remove members - _a376a4/div_Search for people")): Object: 'Object Repository/ChanelMember/Page_Channel to test add  remove members - _a376a4/div_Search for people' is clicked on

2021-05-30 10:23:50 - [MESSAGE][PASSED] - Object: 'Object Repository/ChanelMember/Page_Channel to test add  remove members - _a376a4/div_Search for people' is clicked on

2021-05-30 10:23:50 - [TEST_STEP][PASSED] - setText(findTestObject("Object Repository/ChanelMember/Page_Channel to test add  remove members - _a376a4/input_Search for people_react-select-2-input"), username): Text 'nguyenvanb' is set on object 'Object Repository/ChanelMember/Page_Channel to test add  remove members - _a376a4/input_Search for people_react-select-2-input'

2021-05-30 10:24:21 - [MESSAGE][INFO] - Unable to find the element located by 'By.xpath: //input[@id='react-select-2-input']'. Please recheck the objects properties to make sure the desired element is located. 

2021-05-30 10:24:21 - [MESSAGE][WARNING] - [SELF-HEALING] Failed to find element with id 'Object Repository/ChanelMember/Page_Channel to test add  remove members - _a376a4/input_Search for people_react-select-2-input'. Try using Self-healing.

2021-05-30 10:24:22 - [MESSAGE][WARNING] - [SELF-HEALING] The current locator of test object 'Object Repository/ChanelMember/Page_Channel to test add  remove members - _a376a4/input_Search for people_react-select-2-input' was broken. Propose an alternative one: '//div[@id='selectItems']/div/div/div[2]/div/input'.

2021-05-30 10:24:53 - [MESSAGE][INFO] - Unable to find the element located by 'By.xpath: //input[@id='react-select-2-input']'. Please recheck the objects properties to make sure the desired element is located. 

2021-05-30 10:24:53 - [MESSAGE][WARNING] - [SELF-HEALING] Failed to find element with id 'Object Repository/ChanelMember/Page_Channel to test add  remove members - _a376a4/input_Search for people_react-select-2-input'. Try using Self-healing.

2021-05-30 10:24:53 - [MESSAGE][WARNING] - [SELF-HEALING] The current locator of test object 'Object Repository/ChanelMember/Page_Channel to test add  remove members - _a376a4/input_Search for people_react-select-2-input' was broken. Propose an alternative one: '//div[@id='selectItems']/div/div/div[2]/div/input'.

2021-05-30 10:24:53 - [MESSAGE][PASSED] - Text 'nguyenvanb' is set on object 'Object Repository/ChanelMember/Page_Channel to test add  remove members - _a376a4/input_Search for people_react-select-2-input'

2021-05-30 10:24:53 - [TEST_STEP][FAILED] - try: Unable to send keys '' to object 'Object Repository/ChanelMember/Page_Channel to test add  remove members - _a376a4/div_Search for people' (Root cause: com.kms.katalon.core.exception.StepFailedException: Unable to send keys '' to object 'Object Repository/ChanelMember/Page_Channel to test add  remove members - _a376a4/div_Search for people'
	at com.kms.katalon.core.webui.keyword.internal.WebUIKeywordMain.stepFailed(WebUIKeywordMain.groovy:64)
	at com.kms.katalon.core.webui.keyword.internal.WebUIKeywordMain.runKeyword(WebUIKeywordMain.groovy:26)
	at com.kms.katalon.core.webui.keyword.builtin.SendKeysKeyword.sendKeys(SendKeysKeyword.groovy:60)
	at com.kms.katalon.core.webui.keyword.builtin.SendKeysKeyword.execute(SendKeysKeyword.groovy:38)
	at com.kms.katalon.core.keyword.internal.KeywordExecutor.executeKeywordForPlatform(KeywordExecutor.groovy:73)
	at com.kms.katalon.core.webui.keyword.WebUiBuiltInKeywords.sendKeys(WebUiBuiltInKeywords.groovy:863)
	at com.kms.katalon.core.webui.keyword.WebUiBuiltInKeywords$sendKeys$7.call(Unknown Source)
	at Add members to channel.run(Add members to channel:44)
	at com.kms.katalon.core.main.ScriptEngine.run(ScriptEngine.java:194)
	at com.kms.katalon.core.main.ScriptEngine.runScriptAsRawText(ScriptEngine.java:119)
	at com.kms.katalon.core.main.TestCaseExecutor.runScript(TestCaseExecutor.java:398)
	at com.kms.katalon.core.main.TestCaseExecutor.doExecute(TestCaseExecutor.java:389)
	at com.kms.katalon.core.main.TestCaseExecutor.processExecutionPhase(TestCaseExecutor.java:368)
	at com.kms.katalon.core.main.TestCaseExecutor.accessMainPhase(TestCaseExecutor.java:360)
	at com.kms.katalon.core.main.TestCaseExecutor.execute(TestCaseExecutor.java:255)
	at com.kms.katalon.core.main.TestSuiteExecutor.accessTestCaseMainPhase(TestSuiteExecutor.java:203)
	at com.kms.katalon.core.main.TestSuiteExecutor.accessTestSuiteMainPhase(TestSuiteExecutor.java:152)
	at com.kms.katalon.core.main.TestSuiteExecutor.execute(TestSuiteExecutor.java:95)
	at com.kms.katalon.core.main.TestCaseMain.startTestSuite(TestCaseMain.java:157)
	at com.kms.katalon.core.main.TestCaseMain$startTestSuite$0.call(Unknown Source)
	at TempTestSuite1622370015671.run(TempTestSuite1622370015671.groovy:39)
Caused by: org.openqa.selenium.ElementNotInteractableException: element not interactable
  (Session info: chrome=91.0.4472.77)
Build info: version: '3.141.59', revision: 'e82be7d358', time: '2018-11-14T08:25:53'
System info: host: 'WIN-SERVER-2019', ip: '10.1.0.4', os.name: 'Windows Server 2019', os.arch: 'amd64', os.version: '10.0', java.version: '1.8.0_282'
Driver info: com.kms.katalon.selenium.driver.CChromeDriver
Capabilities {acceptInsecureCerts: false, browserName: chrome, browserVersion: 91.0.4472.77, chrome: {chromedriverVersion: 90.0.4430.24 (4c6d850f087da..., userDataDir: C:\Users\nttuan\AppData\Loc...}, goog:chromeOptions: {debuggerAddress: localhost:62474}, javascriptEnabled: true, networkConnectionEnabled: false, pageLoadStrategy: normal, platform: WINDOWS, platformName: WINDOWS, proxy: Proxy(), setWindowRect: true, strictFileInteractability: false, timeouts: {implicit: 0, pageLoad: 300000, script: 30000}, unhandledPromptBehavior: dismiss and notify, webauthn:extension:largeBlob: true, webauthn:virtualAuthenticators: true}
Session ID: ded6908a0a42b2bac6af388946038e67
	at org.openqa.selenium.remote.http.W3CHttpResponseCodec.createException(W3CHttpResponseCodec.java:187)
	at org.openqa.selenium.remote.http.W3CHttpResponseCodec.decode(W3CHttpResponseCodec.java:122)
	at org.openqa.selenium.remote.http.W3CHttpResponseCodec.decode(W3CHttpResponseCodec.java:49)
	at org.openqa.selenium.remote.HttpCommandExecutor.execute(HttpCommandExecutor.java:158)
	at org.openqa.selenium.remote.service.DriverCommandExecutor.execute(DriverCommandExecutor.java:83)
	at org.openqa.selenium.remote.RemoteWebDriver.execute(RemoteWebDriver.java:552)
	at com.kms.katalon.selenium.driver.CChromeDriver.execute(CChromeDriver.java:19)
	at org.openqa.selenium.remote.RemoteWebElement.execute(RemoteWebElement.java:285)
	at org.openqa.selenium.remote.RemoteWebElement.sendKeys(RemoteWebElement.java:106)
	at org.openqa.selenium.support.events.EventFiringWebDriver$EventFiringWebElement.lambda$new$0(EventFiringWebDriver.java:404)
	at com.sun.proxy.$Proxy17.sendKeys(Unknown Source)
	at org.openqa.selenium.support.events.EventFiringWebDriver$EventFiringWebElement.sendKeys(EventFiringWebDriver.java:429)
	at com.kms.katalon.core.webui.keyword.builtin.SendKeysKeyword$_sendKeys_closure1.doCall(SendKeysKeyword.groovy:53)
	at com.kms.katalon.core.webui.keyword.builtin.SendKeysKeyword$_sendKeys_closure1.call(SendKeysKeyword.groovy)
	at com.kms.katalon.core.webui.keyword.internal.WebUIKeywordMain.runKeyword(WebUIKeywordMain.groovy:20)
	at com.kms.katalon.core.webui.keyword.builtin.SendKeysKeyword.sendKeys(SendKeysKeyword.groovy:60)
	at com.kms.katalon.core.webui.keyword.builtin.SendKeysKeyword.execute(SendKeysKeyword.groovy:38)
	at com.kms.katalon.core.keyword.internal.KeywordExecutor.executeKeywordForPlatform(KeywordExecutor.groovy:73)
	at com.kms.katalon.core.webui.keyword.WebUiBuiltInKeywords.sendKeys(WebUiBuiltInKeywords.groovy:863)
	at com.kms.katalon.core.webui.keyword.WebUiBuiltInKeywords$sendKeys$7.call(Unknown Source)
	at Script1622167440372.run(Script1622167440372.groovy:44)
	... 13 more
)

2021-05-30 10:24:53 - [TEST_STEP][PASSED] - verifyTextNotPresent("No results found matching", false): Text 'No results found matching' is not present on page

2021-05-30 10:24:54 - [MESSAGE][PASSED] - Text 'No results found matching' is not present on page

2021-05-30 10:24:54 - [TEST_STEP][FAILED] - sendKeys(findTestObject("ChanelMember/Page_Channel to test add  remove members - _a376a4/div_Search for people"), Keys.chord(ENTER)): Unable to send keys '' to object 'Object Repository/ChanelMember/Page_Channel to test add  remove members - _a376a4/div_Search for people' (Root cause: com.kms.katalon.core.exception.StepFailedException: Unable to send keys '' to object 'Object Repository/ChanelMember/Page_Channel to test add  remove members - _a376a4/div_Search for people'
	at com.kms.katalon.core.webui.keyword.internal.WebUIKeywordMain.stepFailed(WebUIKeywordMain.groovy:64)
	at com.kms.katalon.core.webui.keyword.internal.WebUIKeywordMain.runKeyword(WebUIKeywordMain.groovy:26)
	at com.kms.katalon.core.webui.keyword.builtin.SendKeysKeyword.sendKeys(SendKeysKeyword.groovy:60)
	at com.kms.katalon.core.webui.keyword.builtin.SendKeysKeyword.execute(SendKeysKeyword.groovy:38)
	at com.kms.katalon.core.keyword.internal.KeywordExecutor.executeKeywordForPlatform(KeywordExecutor.groovy:73)
	at com.kms.katalon.core.webui.keyword.WebUiBuiltInKeywords.sendKeys(WebUiBuiltInKeywords.groovy:863)
	at com.kms.katalon.core.webui.keyword.WebUiBuiltInKeywords$sendKeys$7.call(Unknown Source)
	at Add members to channel.run(Add members to channel:44)
	at com.kms.katalon.core.main.ScriptEngine.run(ScriptEngine.java:194)
	at com.kms.katalon.core.main.ScriptEngine.runScriptAsRawText(ScriptEngine.java:119)
	at com.kms.katalon.core.main.TestCaseExecutor.runScript(TestCaseExecutor.java:398)
	at com.kms.katalon.core.main.TestCaseExecutor.doExecute(TestCaseExecutor.java:389)
	at com.kms.katalon.core.main.TestCaseExecutor.processExecutionPhase(TestCaseExecutor.java:368)
	at com.kms.katalon.core.main.TestCaseExecutor.accessMainPhase(TestCaseExecutor.java:360)
	at com.kms.katalon.core.main.TestCaseExecutor.execute(TestCaseExecutor.java:255)
	at com.kms.katalon.core.main.TestSuiteExecutor.accessTestCaseMainPhase(TestSuiteExecutor.java:203)
	at com.kms.katalon.core.main.TestSuiteExecutor.accessTestSuiteMainPhase(TestSuiteExecutor.java:152)
	at com.kms.katalon.core.main.TestSuiteExecutor.execute(TestSuiteExecutor.java:95)
	at com.kms.katalon.core.main.TestCaseMain.startTestSuite(TestCaseMain.java:157)
	at com.kms.katalon.core.main.TestCaseMain$startTestSuite$0.call(Unknown Source)
	at TempTestSuite1622370015671.run(TempTestSuite1622370015671.groovy:39)
Caused by: org.openqa.selenium.ElementNotInteractableException: element not interactable
  (Session info: chrome=91.0.4472.77)
Build info: version: '3.141.59', revision: 'e82be7d358', time: '2018-11-14T08:25:53'
System info: host: 'WIN-SERVER-2019', ip: '10.1.0.4', os.name: 'Windows Server 2019', os.arch: 'amd64', os.version: '10.0', java.version: '1.8.0_282'
Driver info: com.kms.katalon.selenium.driver.CChromeDriver
Capabilities {acceptInsecureCerts: false, browserName: chrome, browserVersion: 91.0.4472.77, chrome: {chromedriverVersion: 90.0.4430.24 (4c6d850f087da..., userDataDir: C:\Users\nttuan\AppData\Loc...}, goog:chromeOptions: {debuggerAddress: localhost:62474}, javascriptEnabled: true, networkConnectionEnabled: false, pageLoadStrategy: normal, platform: WINDOWS, platformName: WINDOWS, proxy: Proxy(), setWindowRect: true, strictFileInteractability: false, timeouts: {implicit: 0, pageLoad: 300000, script: 30000}, unhandledPromptBehavior: dismiss and notify, webauthn:extension:largeBlob: true, webauthn:virtualAuthenticators: true}
Session ID: ded6908a0a42b2bac6af388946038e67
	at org.openqa.selenium.remote.http.W3CHttpResponseCodec.createException(W3CHttpResponseCodec.java:187)
	at org.openqa.selenium.remote.http.W3CHttpResponseCodec.decode(W3CHttpResponseCodec.java:122)
	at org.openqa.selenium.remote.http.W3CHttpResponseCodec.decode(W3CHttpResponseCodec.java:49)
	at org.openqa.selenium.remote.HttpCommandExecutor.execute(HttpCommandExecutor.java:158)
	at org.openqa.selenium.remote.service.DriverCommandExecutor.execute(DriverCommandExecutor.java:83)
	at org.openqa.selenium.remote.RemoteWebDriver.execute(RemoteWebDriver.java:552)
	at com.kms.katalon.selenium.driver.CChromeDriver.execute(CChromeDriver.java:19)
	at org.openqa.selenium.remote.RemoteWebElement.execute(RemoteWebElement.java:285)
	at org.openqa.selenium.remote.RemoteWebElement.sendKeys(RemoteWebElement.java:106)
	at org.openqa.selenium.support.events.EventFiringWebDriver$EventFiringWebElement.lambda$new$0(EventFiringWebDriver.java:404)
	at com.sun.proxy.$Proxy17.sendKeys(Unknown Source)
	at org.openqa.selenium.support.events.EventFiringWebDriver$EventFiringWebElement.sendKeys(EventFiringWebDriver.java:429)
	at com.kms.katalon.core.webui.keyword.builtin.SendKeysKeyword$_sendKeys_closure1.doCall(SendKeysKeyword.groovy:53)
	at com.kms.katalon.core.webui.keyword.builtin.SendKeysKeyword$_sendKeys_closure1.call(SendKeysKeyword.groovy)
	at com.kms.katalon.core.webui.keyword.internal.WebUIKeywordMain.runKeyword(WebUIKeywordMain.groovy:20)
	at com.kms.katalon.core.webui.keyword.builtin.SendKeysKeyword.sendKeys(SendKeysKeyword.groovy:60)
	at com.kms.katalon.core.webui.keyword.builtin.SendKeysKeyword.execute(SendKeysKeyword.groovy:38)
	at com.kms.katalon.core.keyword.internal.KeywordExecutor.executeKeywordForPlatform(KeywordExecutor.groovy:73)
	at com.kms.katalon.core.webui.keyword.WebUiBuiltInKeywords.sendKeys(WebUiBuiltInKeywords.groovy:863)
	at com.kms.katalon.core.webui.keyword.WebUiBuiltInKeywords$sendKeys$7.call(Unknown Source)
	at Script1622167440372.run(Script1622167440372.groovy:44)
	... 13 more
)

2021-05-30 10:24:54 - [MESSAGE][FAILED] - Unable to send keys '' to object 'Object Repository/ChanelMember/Page_Channel to test add  remove members - _a376a4/div_Search for people' (Root cause: com.kms.katalon.core.exception.StepFailedException: Unable to send keys '' to object 'Object Repository/ChanelMember/Page_Channel to test add  remove members - _a376a4/div_Search for people'
	at com.kms.katalon.core.webui.keyword.internal.WebUIKeywordMain.stepFailed(WebUIKeywordMain.groovy:64)
	at com.kms.katalon.core.webui.keyword.internal.WebUIKeywordMain.runKeyword(WebUIKeywordMain.groovy:26)
	at com.kms.katalon.core.webui.keyword.builtin.SendKeysKeyword.sendKeys(SendKeysKeyword.groovy:60)
	at com.kms.katalon.core.webui.keyword.builtin.SendKeysKeyword.execute(SendKeysKeyword.groovy:38)
	at com.kms.katalon.core.keyword.internal.KeywordExecutor.executeKeywordForPlatform(KeywordExecutor.groovy:73)
	at com.kms.katalon.core.webui.keyword.WebUiBuiltInKeywords.sendKeys(WebUiBuiltInKeywords.groovy:863)
	at com.kms.katalon.core.webui.keyword.WebUiBuiltInKeywords$sendKeys$7.call(Unknown Source)
	at Add members to channel.run(Add members to channel:44)
	at com.kms.katalon.core.main.ScriptEngine.run(ScriptEngine.java:194)
	at com.kms.katalon.core.main.ScriptEngine.runScriptAsRawText(ScriptEngine.java:119)
	at com.kms.katalon.core.main.TestCaseExecutor.runScript(TestCaseExecutor.java:398)
	at com.kms.katalon.core.main.TestCaseExecutor.doExecute(TestCaseExecutor.java:389)
	at com.kms.katalon.core.main.TestCaseExecutor.processExecutionPhase(TestCaseExecutor.java:368)
	at com.kms.katalon.core.main.TestCaseExecutor.accessMainPhase(TestCaseExecutor.java:360)
	at com.kms.katalon.core.main.TestCaseExecutor.execute(TestCaseExecutor.java:255)
	at com.kms.katalon.core.main.TestSuiteExecutor.accessTestCaseMainPhase(TestSuiteExecutor.java:203)
	at com.kms.katalon.core.main.TestSuiteExecutor.accessTestSuiteMainPhase(TestSuiteExecutor.java:152)
	at com.kms.katalon.core.main.TestSuiteExecutor.execute(TestSuiteExecutor.java:95)
	at com.kms.katalon.core.main.TestCaseMain.startTestSuite(TestCaseMain.java:157)
	at com.kms.katalon.core.main.TestCaseMain$startTestSuite$0.call(Unknown Source)
	at TempTestSuite1622370015671.run(TempTestSuite1622370015671.groovy:39)
Caused by: org.openqa.selenium.ElementNotInteractableException: element not interactable
  (Session info: chrome=91.0.4472.77)
Build info: version: '3.141.59', revision: 'e82be7d358', time: '2018-11-14T08:25:53'
System info: host: 'WIN-SERVER-2019', ip: '10.1.0.4', os.name: 'Windows Server 2019', os.arch: 'amd64', os.version: '10.0', java.version: '1.8.0_282'
Driver info: com.kms.katalon.selenium.driver.CChromeDriver
Capabilities {acceptInsecureCerts: false, browserName: chrome, browserVersion: 91.0.4472.77, chrome: {chromedriverVersion: 90.0.4430.24 (4c6d850f087da..., userDataDir: C:\Users\nttuan\AppData\Loc...}, goog:chromeOptions: {debuggerAddress: localhost:62474}, javascriptEnabled: true, networkConnectionEnabled: false, pageLoadStrategy: normal, platform: WINDOWS, platformName: WINDOWS, proxy: Proxy(), setWindowRect: true, strictFileInteractability: false, timeouts: {implicit: 0, pageLoad: 300000, script: 30000}, unhandledPromptBehavior: dismiss and notify, webauthn:extension:largeBlob: true, webauthn:virtualAuthenticators: true}
Session ID: ded6908a0a42b2bac6af388946038e67
	at org.openqa.selenium.remote.http.W3CHttpResponseCodec.createException(W3CHttpResponseCodec.java:187)
	at org.openqa.selenium.remote.http.W3CHttpResponseCodec.decode(W3CHttpResponseCodec.java:122)
	at org.openqa.selenium.remote.http.W3CHttpResponseCodec.decode(W3CHttpResponseCodec.java:49)
	at org.openqa.selenium.remote.HttpCommandExecutor.execute(HttpCommandExecutor.java:158)
	at org.openqa.selenium.remote.service.DriverCommandExecutor.execute(DriverCommandExecutor.java:83)
	at org.openqa.selenium.remote.RemoteWebDriver.execute(RemoteWebDriver.java:552)
	at com.kms.katalon.selenium.driver.CChromeDriver.execute(CChromeDriver.java:19)
	at org.openqa.selenium.remote.RemoteWebElement.execute(RemoteWebElement.java:285)
	at org.openqa.selenium.remote.RemoteWebElement.sendKeys(RemoteWebElement.java:106)
	at org.openqa.selenium.support.events.EventFiringWebDriver$EventFiringWebElement.lambda$new$0(EventFiringWebDriver.java:404)
	at com.sun.proxy.$Proxy17.sendKeys(Unknown Source)
	at org.openqa.selenium.support.events.EventFiringWebDriver$EventFiringWebElement.sendKeys(EventFiringWebDriver.java:429)
	at com.kms.katalon.core.webui.keyword.builtin.SendKeysKeyword$_sendKeys_closure1.doCall(SendKeysKeyword.groovy:53)
	at com.kms.katalon.core.webui.keyword.builtin.SendKeysKeyword$_sendKeys_closure1.call(SendKeysKeyword.groovy)
	at com.kms.katalon.core.webui.keyword.internal.WebUIKeywordMain.runKeyword(WebUIKeywordMain.groovy:20)
	at com.kms.katalon.core.webui.keyword.builtin.SendKeysKeyword.sendKeys(SendKeysKeyword.groovy:60)
	at com.kms.katalon.core.webui.keyword.builtin.SendKeysKeyword.execute(SendKeysKeyword.groovy:38)
	at com.kms.katalon.core.keyword.internal.KeywordExecutor.executeKeywordForPlatform(KeywordExecutor.groovy:73)
	at com.kms.katalon.core.webui.keyword.WebUiBuiltInKeywords.sendKeys(WebUiBuiltInKeywords.groovy:863)
	at com.kms.katalon.core.webui.keyword.WebUiBuiltInKeywords$sendKeys$7.call(Unknown Source)
	at Script1622167440372.run(Script1622167440372.groovy:44)
	... 13 more
)
[[ATTACHMENT|C:\\Users\\nttuan\\Downloads\\CDNC\\mattermost-testing\\Reports\\20210530_102014\\Run all test cases\\20210530_102015\\1622370294769.png]]

2021-05-30 10:24:54 - [TEST_STEP][PASSED] - catch (Exception e): Object: 'Object Repository/ChanelMember/Page_Channel to test add  remove members - TEAM NAME Mattermost/div_CloseAdd search' is clicked on

2021-05-30 10:24:54 - [TEST_STEP][PASSED] - click(findTestObject("ChanelMember/Page_Channel to test add  remove members - TEAM NAME Mattermost/div_CloseAdd search")): Object: 'Object Repository/ChanelMember/Page_Channel to test add  remove members - TEAM NAME Mattermost/div_CloseAdd search' is clicked on

2021-05-30 10:24:55 - [MESSAGE][PASSED] - Object: 'Object Repository/ChanelMember/Page_Channel to test add  remove members - TEAM NAME Mattermost/div_CloseAdd search' is clicked on

2021-05-30 10:24:55 - [TEST_STEP][PASSED] - closeBrowser(): Browser is closed

2021-05-30 10:24:55 - [MESSAGE][PASSED] - Browser is closed]]></system-out>
         <system-err><![CDATA[]]></system-err>
      </testcase>
      <testcase name="Test Cases/Loop/Search messages" time="18.094" classname="Test Cases/Loop/Search messages" status="PASSED">
         <system-out><![CDATA[2021-05-30 10:24:55 - [TEST_CASE][PASSED] - Test Cases/Loop/Search messages: Test Cases/Loop/Search messages

2021-05-30 10:24:56 - [TEST_STEP][PASSED] - callTestCase(findTestCase("Common Test Cases/Login"), ["Username":"nttuan", "Password":"12345678zZ@"], STOP_ON_FAILURE): Call Test Case 'Test Cases/Common Test Cases/Login' successfully

2021-05-30 10:24:56 - [TEST_CASE][PASSED] - Test Cases/Common Test Cases/Login: Test Cases/Common Test Cases/Login

2021-05-30 10:24:56 - [TEST_STEP][PASSED] - openBrowser(""): Browser is opened with url: ''

2021-05-30 10:24:56 - [MESSAGE][INFO] - Starting 'Chrome' driver

2021-05-30 10:24:56 - [MESSAGE][INFO] - Action delay is set to 0 milliseconds

2021-05-30 10:24:57 - [MESSAGE][PASSED] - Browser is opened with url: ''

2021-05-30 10:24:57 - [TEST_STEP][PASSED] - navigateToUrl("https://chudenangcao2021.cf/"): Navigate to 'https://chudenangcao2021.cf/' successfully

2021-05-30 10:24:58 - [MESSAGE][PASSED] - Navigate to 'https://chudenangcao2021.cf/' successfully

2021-05-30 10:24:58 - [TEST_STEP][PASSED] - setText(findTestObject("Object Repository/Page_Mattermost/input_All team communication in one place, _dcc84b"), Username): Text 'nttuan' is set on object 'Object Repository/Page_Mattermost/input_All team communication in one place, _dcc84b'

2021-05-30 10:24:59 - [MESSAGE][PASSED] - Text 'nttuan' is set on object 'Object Repository/Page_Mattermost/input_All team communication in one place, _dcc84b'

2021-05-30 10:24:59 - [TEST_STEP][PASSED] - setText(findTestObject("Object Repository/Page_Mattermost/input_All team communication in one place, _a3edc6"), Password): Text '12345678zZ@' is set on object 'Object Repository/Page_Mattermost/input_All team communication in one place, _a3edc6'

2021-05-30 10:25:00 - [MESSAGE][PASSED] - Text '12345678zZ@' is set on object 'Object Repository/Page_Mattermost/input_All team communication in one place, _a3edc6'

2021-05-30 10:25:00 - [TEST_STEP][PASSED] - click(findTestObject("Object Repository/Page_Mattermost/button_Sign in")): Object: 'Object Repository/Page_Mattermost/button_Sign in' is clicked on

2021-05-30 10:25:00 - [MESSAGE][PASSED] - Object: 'Object Repository/Page_Mattermost/button_Sign in' is clicked on

2021-05-30 10:25:00 - [TEST_STEP][PASSED] - verifyLinksAccessible(["https://chudenangcao2021.cf/cdnc-cnpm-2021/channels"]): All links are accessible

2021-05-30 10:25:00 - [MESSAGE][INFO] - HAR: C:\Users\nttuan\Downloads\CDNC\mattermost-testing\Reports\20210530_102014\Run all test cases\20210530_102015\requests\main\30.har

2021-05-30 10:25:00 - [MESSAGE][PASSED] - Send request successfully

2021-05-30 10:25:00 - [MESSAGE][PASSED] - All links are accessible

2021-05-30 10:25:00 - [MESSAGE][PASSED] - Call Test Case 'Test Cases/Common Test Cases/Login' successfully

2021-05-30 10:25:00 - [TEST_STEP][PASSED] - click(findTestObject("Object Repository/SearchMessage/Page_TEST CHANNEL - TEAM NAME Mattermost/span_TEST CHANNEL")): Object: 'Object Repository/SearchMessage/Page_TEST CHANNEL - TEAM NAME Mattermost/span_TEST CHANNEL' is clicked on

2021-05-30 10:25:02 - [MESSAGE][PASSED] - Object: 'Object Repository/SearchMessage/Page_TEST CHANNEL - TEAM NAME Mattermost/span_TEST CHANNEL' is clicked on

2021-05-30 10:25:02 - [TEST_STEP][PASSED] - click(findTestObject("Object Repository/SearchMessage/Page_TEST CHANNEL - TEAM NAME Mattermost/span_TEST CHANNEL_icon icon--standard")): Object: 'Object Repository/SearchMessage/Page_TEST CHANNEL - TEAM NAME Mattermost/span_TEST CHANNEL_icon icon--standard' is clicked on

2021-05-30 10:25:03 - [MESSAGE][PASSED] - Object: 'Object Repository/SearchMessage/Page_TEST CHANNEL - TEAM NAME Mattermost/span_TEST CHANNEL_icon icon--standard' is clicked on

2021-05-30 10:25:03 - [TEST_STEP][PASSED] - internalSearchMessages = findTestData("Internal/Internal Search Messages"): null

2021-05-30 10:25:03 - [TEST_STEP][PASSED] - nMessages = internalSearchMessages.getRowNumbers(): null

2021-05-30 10:25:03 - [TEST_STEP][PASSED] - for ([i = 1, i <= nMessages, (i++)]): null

2021-05-30 10:25:03 - [TEST_STEP][PASSED] - message = internalSearchMessages.getValue(1, i): null

2021-05-30 10:25:03 - [TEST_STEP][PASSED] - setText(findTestObject("Object Repository/SearchMessage/Page_TEST CHANNEL - TEAM NAME Mattermost/input_TEST CHANNEL_searchBox"), message): Text 'test' is set on object 'Object Repository/SearchMessage/Page_TEST CHANNEL - TEAM NAME Mattermost/input_TEST CHANNEL_searchBox'

2021-05-30 10:25:03 - [MESSAGE][PASSED] - Text 'test' is set on object 'Object Repository/SearchMessage/Page_TEST CHANNEL - TEAM NAME Mattermost/input_TEST CHANNEL_searchBox'

2021-05-30 10:25:03 - [TEST_STEP][PASSED] - sendKeys(findTestObject("Object Repository/SearchMessage/Page_TEST CHANNEL - TEAM NAME Mattermost/input_TEST CHANNEL_searchBox"), Keys.chord(ENTER)): Keys 'ENTER + ' sent to object: 'Object Repository/SearchMessage/Page_TEST CHANNEL - TEAM NAME Mattermost/input_TEST CHANNEL_searchBox'

2021-05-30 10:25:04 - [MESSAGE][PASSED] - Keys 'ENTER + ' sent to object: 'Object Repository/SearchMessage/Page_TEST CHANNEL - TEAM NAME Mattermost/input_TEST CHANNEL_searchBox'

2021-05-30 10:25:04 - [TEST_STEP][PASSED] - Thread.sleep(500): null

2021-05-30 10:25:05 - [TEST_STEP][PASSED] - message = internalSearchMessages.getValue(1, i): null

2021-05-30 10:25:05 - [TEST_STEP][PASSED] - setText(findTestObject("Object Repository/SearchMessage/Page_TEST CHANNEL - TEAM NAME Mattermost/input_TEST CHANNEL_searchBox"), message): Text 'hello' is set on object 'Object Repository/SearchMessage/Page_TEST CHANNEL - TEAM NAME Mattermost/input_TEST CHANNEL_searchBox'

2021-05-30 10:25:06 - [MESSAGE][PASSED] - Text 'hello' is set on object 'Object Repository/SearchMessage/Page_TEST CHANNEL - TEAM NAME Mattermost/input_TEST CHANNEL_searchBox'

2021-05-30 10:25:06 - [TEST_STEP][PASSED] - sendKeys(findTestObject("Object Repository/SearchMessage/Page_TEST CHANNEL - TEAM NAME Mattermost/input_TEST CHANNEL_searchBox"), Keys.chord(ENTER)): Keys 'ENTER + ' sent to object: 'Object Repository/SearchMessage/Page_TEST CHANNEL - TEAM NAME Mattermost/input_TEST CHANNEL_searchBox'

2021-05-30 10:25:07 - [MESSAGE][PASSED] - Keys 'ENTER + ' sent to object: 'Object Repository/SearchMessage/Page_TEST CHANNEL - TEAM NAME Mattermost/input_TEST CHANNEL_searchBox'

2021-05-30 10:25:07 - [TEST_STEP][PASSED] - Thread.sleep(500): null

2021-05-30 10:25:07 - [TEST_STEP][PASSED] - message = internalSearchMessages.getValue(1, i): null

2021-05-30 10:25:07 - [TEST_STEP][PASSED] - setText(findTestObject("Object Repository/SearchMessage/Page_TEST CHANNEL - TEAM NAME Mattermost/input_TEST CHANNEL_searchBox"), message): Text 'current' is set on object 'Object Repository/SearchMessage/Page_TEST CHANNEL - TEAM NAME Mattermost/input_TEST CHANNEL_searchBox'

2021-05-30 10:25:08 - [MESSAGE][PASSED] - Text 'current' is set on object 'Object Repository/SearchMessage/Page_TEST CHANNEL - TEAM NAME Mattermost/input_TEST CHANNEL_searchBox'

2021-05-30 10:25:08 - [TEST_STEP][PASSED] - sendKeys(findTestObject("Object Repository/SearchMessage/Page_TEST CHANNEL - TEAM NAME Mattermost/input_TEST CHANNEL_searchBox"), Keys.chord(ENTER)): Keys 'ENTER + ' sent to object: 'Object Repository/SearchMessage/Page_TEST CHANNEL - TEAM NAME Mattermost/input_TEST CHANNEL_searchBox'

2021-05-30 10:25:08 - [MESSAGE][PASSED] - Keys 'ENTER + ' sent to object: 'Object Repository/SearchMessage/Page_TEST CHANNEL - TEAM NAME Mattermost/input_TEST CHANNEL_searchBox'

2021-05-30 10:25:08 - [TEST_STEP][PASSED] - Thread.sleep(500): null

2021-05-30 10:25:09 - [TEST_STEP][PASSED] - message = internalSearchMessages.getValue(1, i): null

2021-05-30 10:25:09 - [TEST_STEP][PASSED] - setText(findTestObject("Object Repository/SearchMessage/Page_TEST CHANNEL - TEAM NAME Mattermost/input_TEST CHANNEL_searchBox"), message): Text 'virus' is set on object 'Object Repository/SearchMessage/Page_TEST CHANNEL - TEAM NAME Mattermost/input_TEST CHANNEL_searchBox'

2021-05-30 10:25:10 - [MESSAGE][PASSED] - Text 'virus' is set on object 'Object Repository/SearchMessage/Page_TEST CHANNEL - TEAM NAME Mattermost/input_TEST CHANNEL_searchBox'

2021-05-30 10:25:10 - [TEST_STEP][PASSED] - sendKeys(findTestObject("Object Repository/SearchMessage/Page_TEST CHANNEL - TEAM NAME Mattermost/input_TEST CHANNEL_searchBox"), Keys.chord(ENTER)): Keys 'ENTER + ' sent to object: 'Object Repository/SearchMessage/Page_TEST CHANNEL - TEAM NAME Mattermost/input_TEST CHANNEL_searchBox'

2021-05-30 10:25:10 - [MESSAGE][PASSED] - Keys 'ENTER + ' sent to object: 'Object Repository/SearchMessage/Page_TEST CHANNEL - TEAM NAME Mattermost/input_TEST CHANNEL_searchBox'

2021-05-30 10:25:10 - [TEST_STEP][PASSED] - Thread.sleep(500): null

2021-05-30 10:25:11 - [TEST_STEP][PASSED] - message = internalSearchMessages.getValue(1, i): null

2021-05-30 10:25:11 - [TEST_STEP][PASSED] - setText(findTestObject("Object Repository/SearchMessage/Page_TEST CHANNEL - TEAM NAME Mattermost/input_TEST CHANNEL_searchBox"), message): Text 'not found this message' is set on object 'Object Repository/SearchMessage/Page_TEST CHANNEL - TEAM NAME Mattermost/input_TEST CHANNEL_searchBox'

2021-05-30 10:25:12 - [MESSAGE][PASSED] - Text 'not found this message' is set on object 'Object Repository/SearchMessage/Page_TEST CHANNEL - TEAM NAME Mattermost/input_TEST CHANNEL_searchBox'

2021-05-30 10:25:12 - [TEST_STEP][PASSED] - sendKeys(findTestObject("Object Repository/SearchMessage/Page_TEST CHANNEL - TEAM NAME Mattermost/input_TEST CHANNEL_searchBox"), Keys.chord(ENTER)): Keys 'ENTER + ' sent to object: 'Object Repository/SearchMessage/Page_TEST CHANNEL - TEAM NAME Mattermost/input_TEST CHANNEL_searchBox'

2021-05-30 10:25:12 - [MESSAGE][PASSED] - Keys 'ENTER + ' sent to object: 'Object Repository/SearchMessage/Page_TEST CHANNEL - TEAM NAME Mattermost/input_TEST CHANNEL_searchBox'

2021-05-30 10:25:12 - [TEST_STEP][PASSED] - Thread.sleep(500): null

2021-05-30 10:25:13 - [TEST_STEP][PASSED] - closeBrowser(): Browser is closed

2021-05-30 10:25:14 - [MESSAGE][PASSED] - Browser is closed]]></system-out>
         <system-err><![CDATA[]]></system-err>
      </testcase>
      <testcase name="Test Cases/Loop/Send direct messages" time="21.889" classname="Test Cases/Loop/Send direct messages" status="PASSED">
         <system-out><![CDATA[2021-05-30 10:25:14 - [TEST_CASE][PASSED] - Test Cases/Loop/Send direct messages: Test Cases/Loop/Send direct messages

2021-05-30 10:25:14 - [TEST_STEP][PASSED] - callTestCase(findTestCase("Common Test Cases/Login"), ["Username":"nttuan", "Password":"12345678zZ@"], STOP_ON_FAILURE): Call Test Case 'Test Cases/Common Test Cases/Login' successfully

2021-05-30 10:25:14 - [TEST_CASE][PASSED] - Test Cases/Common Test Cases/Login: Test Cases/Common Test Cases/Login

2021-05-30 10:25:14 - [TEST_STEP][PASSED] - openBrowser(""): Browser is opened with url: ''

2021-05-30 10:25:14 - [MESSAGE][INFO] - Starting 'Chrome' driver

2021-05-30 10:25:14 - [MESSAGE][INFO] - Action delay is set to 0 milliseconds

2021-05-30 10:25:15 - [MESSAGE][PASSED] - Browser is opened with url: ''

2021-05-30 10:25:15 - [TEST_STEP][PASSED] - navigateToUrl("https://chudenangcao2021.cf/"): Navigate to 'https://chudenangcao2021.cf/' successfully

2021-05-30 10:25:16 - [MESSAGE][PASSED] - Navigate to 'https://chudenangcao2021.cf/' successfully

2021-05-30 10:25:16 - [TEST_STEP][PASSED] - setText(findTestObject("Object Repository/Page_Mattermost/input_All team communication in one place, _dcc84b"), Username): Text 'nttuan' is set on object 'Object Repository/Page_Mattermost/input_All team communication in one place, _dcc84b'

2021-05-30 10:25:17 - [MESSAGE][PASSED] - Text 'nttuan' is set on object 'Object Repository/Page_Mattermost/input_All team communication in one place, _dcc84b'

2021-05-30 10:25:17 - [TEST_STEP][PASSED] - setText(findTestObject("Object Repository/Page_Mattermost/input_All team communication in one place, _a3edc6"), Password): Text '12345678zZ@' is set on object 'Object Repository/Page_Mattermost/input_All team communication in one place, _a3edc6'

2021-05-30 10:25:18 - [MESSAGE][PASSED] - Text '12345678zZ@' is set on object 'Object Repository/Page_Mattermost/input_All team communication in one place, _a3edc6'

2021-05-30 10:25:18 - [TEST_STEP][PASSED] - click(findTestObject("Object Repository/Page_Mattermost/button_Sign in")): Object: 'Object Repository/Page_Mattermost/button_Sign in' is clicked on

2021-05-30 10:25:19 - [MESSAGE][PASSED] - Object: 'Object Repository/Page_Mattermost/button_Sign in' is clicked on

2021-05-30 10:25:19 - [TEST_STEP][PASSED] - verifyLinksAccessible(["https://chudenangcao2021.cf/cdnc-cnpm-2021/channels"]): All links are accessible

2021-05-30 10:25:19 - [MESSAGE][INFO] - HAR: C:\Users\nttuan\Downloads\CDNC\mattermost-testing\Reports\20210530_102014\Run all test cases\20210530_102015\requests\main\31.har

2021-05-30 10:25:19 - [MESSAGE][PASSED] - Send request successfully

2021-05-30 10:25:19 - [MESSAGE][PASSED] - All links are accessible

2021-05-30 10:25:19 - [MESSAGE][PASSED] - Call Test Case 'Test Cases/Common Test Cases/Login' successfully

2021-05-30 10:25:19 - [TEST_STEP][PASSED] - click(findTestObject("Object Repository/Direct Message/Page_TEST CHANNEL - TEAM NAME Mattermost/i_DIRECT MESSAGES_icon-plus")): Object: 'Object Repository/Direct Message/Page_TEST CHANNEL - TEAM NAME Mattermost/i_DIRECT MESSAGES_icon-plus' is clicked on

2021-05-30 10:25:20 - [MESSAGE][PASSED] - Object: 'Object Repository/Direct Message/Page_TEST CHANNEL - TEAM NAME Mattermost/i_DIRECT MESSAGES_icon-plus' is clicked on

2021-05-30 10:25:20 - [TEST_STEP][PASSED] - setText(findTestObject("Object Repository/Direct Message/Page_TEST CHANNEL - TEAM NAME Mattermost/input_Search for people_react-select-2-input"), username): Text 'nguyenvanb' is set on object 'Object Repository/Direct Message/Page_TEST CHANNEL - TEAM NAME Mattermost/input_Search for people_react-select-2-input'

2021-05-30 10:25:21 - [MESSAGE][PASSED] - Text 'nguyenvanb' is set on object 'Object Repository/Direct Message/Page_TEST CHANNEL - TEAM NAME Mattermost/input_Search for people_react-select-2-input'

2021-05-30 10:25:21 - [TEST_STEP][PASSED] - sendKeys(findTestObject("Object Repository/Direct Message/Page_TEST CHANNEL - TEAM NAME Mattermost/input_Search for people_react-select-2-input"), Keys.chord(ENTER)): Keys 'ENTER + ' sent to object: 'Object Repository/Direct Message/Page_TEST CHANNEL - TEAM NAME Mattermost/input_Search for people_react-select-2-input'

2021-05-30 10:25:22 - [MESSAGE][PASSED] - Keys 'ENTER + ' sent to object: 'Object Repository/Direct Message/Page_TEST CHANNEL - TEAM NAME Mattermost/input_Search for people_react-select-2-input'

2021-05-30 10:25:22 - [TEST_STEP][PASSED] - click(findTestObject("Object Repository/Direct Message/Page_TEST CHANNEL - TEAM NAME Mattermost/button_Go")): Object: 'Object Repository/Direct Message/Page_TEST CHANNEL - TEAM NAME Mattermost/button_Go' is clicked on

2021-05-30 10:25:23 - [MESSAGE][PASSED] - Object: 'Object Repository/Direct Message/Page_TEST CHANNEL - TEAM NAME Mattermost/button_Go' is clicked on

2021-05-30 10:25:23 - [TEST_STEP][PASSED] - message = String.format("This test will sent %d direct messages using while loop", nMessage): null

2021-05-30 10:25:23 - [TEST_STEP][PASSED] - format = DateTimeFormatter.ofPattern("dd-MM-yyyy HH:mm:ss"): null

2021-05-30 10:25:23 - [TEST_STEP][PASSED] - setText(findTestObject("Object Repository/Direct Message/Page_nguyenvanb - TEAM NAME Mattermost/textarea_Write to nguyenvanb_post_textbox"), message): Text 'This test will sent 5 direct messages using while loop' is set on object 'Object Repository/Direct Message/Page_nguyenvanb - TEAM NAME Mattermost/textarea_Write to nguyenvanb_post_textbox'

2021-05-30 10:25:25 - [MESSAGE][PASSED] - Text 'This test will sent 5 direct messages using while loop' is set on object 'Object Repository/Direct Message/Page_nguyenvanb - TEAM NAME Mattermost/textarea_Write to nguyenvanb_post_textbox'

2021-05-30 10:25:25 - [TEST_STEP][PASSED] - sendKeys(findTestObject("Object Repository/Direct Message/Page_nguyenvanb - TEAM NAME Mattermost/textarea_Write to nguyenvanb_post_textbox"), Keys.chord(ENTER)): Keys 'ENTER + ' sent to object: 'Object Repository/Direct Message/Page_nguyenvanb - TEAM NAME Mattermost/textarea_Write to nguyenvanb_post_textbox'

2021-05-30 10:25:25 - [MESSAGE][PASSED] - Keys 'ENTER + ' sent to object: 'Object Repository/Direct Message/Page_nguyenvanb - TEAM NAME Mattermost/textarea_Write to nguyenvanb_post_textbox'

2021-05-30 10:25:25 - [TEST_STEP][PASSED] - while (nMessage > 0): null

2021-05-30 10:25:25 - [TEST_STEP][PASSED] - message = String.format("Sent message to %s at %s", username, now().format(format)): null

2021-05-30 10:25:25 - [TEST_STEP][PASSED] - setText(findTestObject("Object Repository/Direct Message/Page_nguyenvanb - TEAM NAME Mattermost/textarea_Write to nguyenvanb_post_textbox"), message): Text 'Sent message to nguyenvanb at 30-05-2021 11:25:25' is set on object 'Object Repository/Direct Message/Page_nguyenvanb - TEAM NAME Mattermost/textarea_Write to nguyenvanb_post_textbox'

2021-05-30 10:25:26 - [MESSAGE][PASSED] - Text 'Sent message to nguyenvanb at 30-05-2021 11:25:25' is set on object 'Object Repository/Direct Message/Page_nguyenvanb - TEAM NAME Mattermost/textarea_Write to nguyenvanb_post_textbox'

2021-05-30 10:25:26 - [TEST_STEP][PASSED] - sendKeys(findTestObject("Object Repository/Direct Message/Page_nguyenvanb - TEAM NAME Mattermost/textarea_Write to nguyenvanb_post_textbox"), Keys.chord(ENTER)): Keys 'ENTER + ' sent to object: 'Object Repository/Direct Message/Page_nguyenvanb - TEAM NAME Mattermost/textarea_Write to nguyenvanb_post_textbox'

2021-05-30 10:25:27 - [MESSAGE][PASSED] - Keys 'ENTER + ' sent to object: 'Object Repository/Direct Message/Page_nguyenvanb - TEAM NAME Mattermost/textarea_Write to nguyenvanb_post_textbox'

2021-05-30 10:25:27 - [TEST_STEP][PASSED] - Thread.sleep(500): null

2021-05-30 10:25:27 - [TEST_STEP][PASSED] - (nMessage--): null

2021-05-30 10:25:27 - [TEST_STEP][PASSED] - message = String.format("Sent message to %s at %s", username, now().format(format)): null

2021-05-30 10:25:27 - [TEST_STEP][PASSED] - setText(findTestObject("Object Repository/Direct Message/Page_nguyenvanb - TEAM NAME Mattermost/textarea_Write to nguyenvanb_post_textbox"), message): Text 'Sent message to nguyenvanb at 30-05-2021 11:25:27' is set on object 'Object Repository/Direct Message/Page_nguyenvanb - TEAM NAME Mattermost/textarea_Write to nguyenvanb_post_textbox'

2021-05-30 10:25:28 - [MESSAGE][PASSED] - Text 'Sent message to nguyenvanb at 30-05-2021 11:25:27' is set on object 'Object Repository/Direct Message/Page_nguyenvanb - TEAM NAME Mattermost/textarea_Write to nguyenvanb_post_textbox'

2021-05-30 10:25:28 - [TEST_STEP][PASSED] - sendKeys(findTestObject("Object Repository/Direct Message/Page_nguyenvanb - TEAM NAME Mattermost/textarea_Write to nguyenvanb_post_textbox"), Keys.chord(ENTER)): Keys 'ENTER + ' sent to object: 'Object Repository/Direct Message/Page_nguyenvanb - TEAM NAME Mattermost/textarea_Write to nguyenvanb_post_textbox'

2021-05-30 10:25:29 - [MESSAGE][PASSED] - Keys 'ENTER + ' sent to object: 'Object Repository/Direct Message/Page_nguyenvanb - TEAM NAME Mattermost/textarea_Write to nguyenvanb_post_textbox'

2021-05-30 10:25:29 - [TEST_STEP][PASSED] - Thread.sleep(500): null

2021-05-30 10:25:29 - [TEST_STEP][PASSED] - (nMessage--): null

2021-05-30 10:25:29 - [TEST_STEP][PASSED] - message = String.format("Sent message to %s at %s", username, now().format(format)): null

2021-05-30 10:25:29 - [TEST_STEP][PASSED] - setText(findTestObject("Object Repository/Direct Message/Page_nguyenvanb - TEAM NAME Mattermost/textarea_Write to nguyenvanb_post_textbox"), message): Text 'Sent message to nguyenvanb at 30-05-2021 11:25:29' is set on object 'Object Repository/Direct Message/Page_nguyenvanb - TEAM NAME Mattermost/textarea_Write to nguyenvanb_post_textbox'

2021-05-30 10:25:30 - [MESSAGE][PASSED] - Text 'Sent message to nguyenvanb at 30-05-2021 11:25:29' is set on object 'Object Repository/Direct Message/Page_nguyenvanb - TEAM NAME Mattermost/textarea_Write to nguyenvanb_post_textbox'

2021-05-30 10:25:30 - [TEST_STEP][PASSED] - sendKeys(findTestObject("Object Repository/Direct Message/Page_nguyenvanb - TEAM NAME Mattermost/textarea_Write to nguyenvanb_post_textbox"), Keys.chord(ENTER)): Keys 'ENTER + ' sent to object: 'Object Repository/Direct Message/Page_nguyenvanb - TEAM NAME Mattermost/textarea_Write to nguyenvanb_post_textbox'

2021-05-30 10:25:31 - [MESSAGE][PASSED] - Keys 'ENTER + ' sent to object: 'Object Repository/Direct Message/Page_nguyenvanb - TEAM NAME Mattermost/textarea_Write to nguyenvanb_post_textbox'

2021-05-30 10:25:31 - [TEST_STEP][PASSED] - Thread.sleep(500): null

2021-05-30 10:25:31 - [TEST_STEP][PASSED] - (nMessage--): null

2021-05-30 10:25:31 - [TEST_STEP][PASSED] - message = String.format("Sent message to %s at %s", username, now().format(format)): null

2021-05-30 10:25:31 - [TEST_STEP][PASSED] - setText(findTestObject("Object Repository/Direct Message/Page_nguyenvanb - TEAM NAME Mattermost/textarea_Write to nguyenvanb_post_textbox"), message): Text 'Sent message to nguyenvanb at 30-05-2021 11:25:31' is set on object 'Object Repository/Direct Message/Page_nguyenvanb - TEAM NAME Mattermost/textarea_Write to nguyenvanb_post_textbox'

2021-05-30 10:25:32 - [MESSAGE][PASSED] - Text 'Sent message to nguyenvanb at 30-05-2021 11:25:31' is set on object 'Object Repository/Direct Message/Page_nguyenvanb - TEAM NAME Mattermost/textarea_Write to nguyenvanb_post_textbox'

2021-05-30 10:25:32 - [TEST_STEP][PASSED] - sendKeys(findTestObject("Object Repository/Direct Message/Page_nguyenvanb - TEAM NAME Mattermost/textarea_Write to nguyenvanb_post_textbox"), Keys.chord(ENTER)): Keys 'ENTER + ' sent to object: 'Object Repository/Direct Message/Page_nguyenvanb - TEAM NAME Mattermost/textarea_Write to nguyenvanb_post_textbox'

2021-05-30 10:25:33 - [MESSAGE][PASSED] - Keys 'ENTER + ' sent to object: 'Object Repository/Direct Message/Page_nguyenvanb - TEAM NAME Mattermost/textarea_Write to nguyenvanb_post_textbox'

2021-05-30 10:25:33 - [TEST_STEP][PASSED] - Thread.sleep(500): null

2021-05-30 10:25:33 - [TEST_STEP][PASSED] - (nMessage--): null

2021-05-30 10:25:33 - [TEST_STEP][PASSED] - message = String.format("Sent message to %s at %s", username, now().format(format)): null

2021-05-30 10:25:33 - [TEST_STEP][PASSED] - setText(findTestObject("Object Repository/Direct Message/Page_nguyenvanb - TEAM NAME Mattermost/textarea_Write to nguyenvanb_post_textbox"), message): Text 'Sent message to nguyenvanb at 30-05-2021 11:25:33' is set on object 'Object Repository/Direct Message/Page_nguyenvanb - TEAM NAME Mattermost/textarea_Write to nguyenvanb_post_textbox'

2021-05-30 10:25:34 - [MESSAGE][PASSED] - Text 'Sent message to nguyenvanb at 30-05-2021 11:25:33' is set on object 'Object Repository/Direct Message/Page_nguyenvanb - TEAM NAME Mattermost/textarea_Write to nguyenvanb_post_textbox'

2021-05-30 10:25:34 - [TEST_STEP][PASSED] - sendKeys(findTestObject("Object Repository/Direct Message/Page_nguyenvanb - TEAM NAME Mattermost/textarea_Write to nguyenvanb_post_textbox"), Keys.chord(ENTER)): Keys 'ENTER + ' sent to object: 'Object Repository/Direct Message/Page_nguyenvanb - TEAM NAME Mattermost/textarea_Write to nguyenvanb_post_textbox'

2021-05-30 10:25:34 - [MESSAGE][PASSED] - Keys 'ENTER + ' sent to object: 'Object Repository/Direct Message/Page_nguyenvanb - TEAM NAME Mattermost/textarea_Write to nguyenvanb_post_textbox'

2021-05-30 10:25:34 - [TEST_STEP][PASSED] - Thread.sleep(500): null

2021-05-30 10:25:35 - [TEST_STEP][PASSED] - (nMessage--): null

2021-05-30 10:25:35 - [TEST_STEP][PASSED] - closeBrowser(): Browser is closed

2021-05-30 10:25:35 - [MESSAGE][PASSED] - Browser is closed]]></system-out>
         <system-err><![CDATA[]]></system-err>
      </testcase>
      <testcase name="Test Cases/Loop/Send messages to private channel" time="18.747" classname="Test Cases/Loop/Send messages to private channel" status="PASSED">
         <system-out><![CDATA[2021-05-30 10:25:35 - [TEST_CASE][PASSED] - Test Cases/Loop/Send messages to private channel: Test Cases/Loop/Send messages to private channel

2021-05-30 10:25:36 - [TEST_STEP][PASSED] - callTestCase(findTestCase("Common Test Cases/Login"), ["Username":"nttuan", "Password":"12345678zZ@"], STOP_ON_FAILURE): Call Test Case 'Test Cases/Common Test Cases/Login' successfully

2021-05-30 10:25:36 - [TEST_CASE][PASSED] - Test Cases/Common Test Cases/Login: Test Cases/Common Test Cases/Login

2021-05-30 10:25:36 - [TEST_STEP][PASSED] - openBrowser(""): Browser is opened with url: ''

2021-05-30 10:25:36 - [MESSAGE][INFO] - Starting 'Chrome' driver

2021-05-30 10:25:36 - [MESSAGE][INFO] - Action delay is set to 0 milliseconds

2021-05-30 10:25:37 - [MESSAGE][PASSED] - Browser is opened with url: ''

2021-05-30 10:25:37 - [TEST_STEP][PASSED] - navigateToUrl("https://chudenangcao2021.cf/"): Navigate to 'https://chudenangcao2021.cf/' successfully

2021-05-30 10:25:38 - [MESSAGE][PASSED] - Navigate to 'https://chudenangcao2021.cf/' successfully

2021-05-30 10:25:38 - [TEST_STEP][PASSED] - setText(findTestObject("Object Repository/Page_Mattermost/input_All team communication in one place, _dcc84b"), Username): Text 'nttuan' is set on object 'Object Repository/Page_Mattermost/input_All team communication in one place, _dcc84b'

2021-05-30 10:25:39 - [MESSAGE][PASSED] - Text 'nttuan' is set on object 'Object Repository/Page_Mattermost/input_All team communication in one place, _dcc84b'

2021-05-30 10:25:39 - [TEST_STEP][PASSED] - setText(findTestObject("Object Repository/Page_Mattermost/input_All team communication in one place, _a3edc6"), Password): Text '12345678zZ@' is set on object 'Object Repository/Page_Mattermost/input_All team communication in one place, _a3edc6'

2021-05-30 10:25:40 - [MESSAGE][PASSED] - Text '12345678zZ@' is set on object 'Object Repository/Page_Mattermost/input_All team communication in one place, _a3edc6'

2021-05-30 10:25:40 - [TEST_STEP][PASSED] - click(findTestObject("Object Repository/Page_Mattermost/button_Sign in")): Object: 'Object Repository/Page_Mattermost/button_Sign in' is clicked on

2021-05-30 10:25:41 - [MESSAGE][PASSED] - Object: 'Object Repository/Page_Mattermost/button_Sign in' is clicked on

2021-05-30 10:25:41 - [TEST_STEP][PASSED] - verifyLinksAccessible(["https://chudenangcao2021.cf/cdnc-cnpm-2021/channels"]): All links are accessible

2021-05-30 10:25:41 - [MESSAGE][INFO] - HAR: C:\Users\nttuan\Downloads\CDNC\mattermost-testing\Reports\20210530_102014\Run all test cases\20210530_102015\requests\main\32.har

2021-05-30 10:25:41 - [MESSAGE][PASSED] - Send request successfully

2021-05-30 10:25:41 - [MESSAGE][PASSED] - All links are accessible

2021-05-30 10:25:41 - [MESSAGE][PASSED] - Call Test Case 'Test Cases/Common Test Cases/Login' successfully

2021-05-30 10:25:41 - [TEST_STEP][PASSED] - click(findTestObject("Object Repository/Private Channel/Page_TEST CHANNEL - TEAM NAME Mattermost/span_private channel")): Object: 'Object Repository/Private Channel/Page_TEST CHANNEL - TEAM NAME Mattermost/span_private channel' is clicked on

2021-05-30 10:25:42 - [MESSAGE][PASSED] - Object: 'Object Repository/Private Channel/Page_TEST CHANNEL - TEAM NAME Mattermost/span_private channel' is clicked on

2021-05-30 10:25:42 - [TEST_STEP][PASSED] - message = String.format("This test will sent %d messages using while loop", nMessage): null

2021-05-30 10:25:42 - [TEST_STEP][PASSED] - format = DateTimeFormatter.ofPattern("dd-MM-yyyy HH:mm:ss"): null

2021-05-30 10:25:42 - [TEST_STEP][PASSED] - setText(findTestObject("Object Repository/Private Channel/Page_private channel - TEAM NAME Mattermost/textarea_Write to private channel_post_textbox"), message): Text 'This test will sent 5 messages using while loop' is set on object 'Object Repository/Private Channel/Page_private channel - TEAM NAME Mattermost/textarea_Write to private channel_post_textbox'

2021-05-30 10:25:43 - [MESSAGE][PASSED] - Text 'This test will sent 5 messages using while loop' is set on object 'Object Repository/Private Channel/Page_private channel - TEAM NAME Mattermost/textarea_Write to private channel_post_textbox'

2021-05-30 10:25:43 - [TEST_STEP][PASSED] - sendKeys(findTestObject("Object Repository/Private Channel/Page_private channel - TEAM NAME Mattermost/textarea_Write to private channel_post_textbox"), Keys.chord(ENTER)): Keys 'ENTER + ' sent to object: 'Object Repository/Private Channel/Page_private channel - TEAM NAME Mattermost/textarea_Write to private channel_post_textbox'

2021-05-30 10:25:44 - [MESSAGE][PASSED] - Keys 'ENTER + ' sent to object: 'Object Repository/Private Channel/Page_private channel - TEAM NAME Mattermost/textarea_Write to private channel_post_textbox'

2021-05-30 10:25:44 - [TEST_STEP][PASSED] - while (nMessage > 0): null

2021-05-30 10:25:44 - [TEST_STEP][PASSED] - message = String.format("Send messages to private channel at %s", now().format(format)): null

2021-05-30 10:25:44 - [TEST_STEP][PASSED] - setText(findTestObject("Object Repository/Private Channel/Page_private channel - TEAM NAME Mattermost/textarea_Write to private channel_post_textbox"), message): Text 'Send messages to private channel at 30-05-2021 11:25:44' is set on object 'Object Repository/Private Channel/Page_private channel - TEAM NAME Mattermost/textarea_Write to private channel_post_textbox'

2021-05-30 10:25:45 - [MESSAGE][PASSED] - Text 'Send messages to private channel at 30-05-2021 11:25:44' is set on object 'Object Repository/Private Channel/Page_private channel - TEAM NAME Mattermost/textarea_Write to private channel_post_textbox'

2021-05-30 10:25:45 - [TEST_STEP][PASSED] - sendKeys(findTestObject("Object Repository/Private Channel/Page_private channel - TEAM NAME Mattermost/textarea_Write to private channel_post_textbox"), Keys.chord(ENTER)): Keys 'ENTER + ' sent to object: 'Object Repository/Private Channel/Page_private channel - TEAM NAME Mattermost/textarea_Write to private channel_post_textbox'

2021-05-30 10:25:46 - [MESSAGE][PASSED] - Keys 'ENTER + ' sent to object: 'Object Repository/Private Channel/Page_private channel - TEAM NAME Mattermost/textarea_Write to private channel_post_textbox'

2021-05-30 10:25:46 - [TEST_STEP][PASSED] - Thread.sleep(500): null

2021-05-30 10:25:46 - [TEST_STEP][PASSED] - (nMessage--): null

2021-05-30 10:25:46 - [TEST_STEP][PASSED] - message = String.format("Send messages to private channel at %s", now().format(format)): null

2021-05-30 10:25:46 - [TEST_STEP][PASSED] - setText(findTestObject("Object Repository/Private Channel/Page_private channel - TEAM NAME Mattermost/textarea_Write to private channel_post_textbox"), message): Text 'Send messages to private channel at 30-05-2021 11:25:46' is set on object 'Object Repository/Private Channel/Page_private channel - TEAM NAME Mattermost/textarea_Write to private channel_post_textbox'

2021-05-30 10:25:47 - [MESSAGE][PASSED] - Text 'Send messages to private channel at 30-05-2021 11:25:46' is set on object 'Object Repository/Private Channel/Page_private channel - TEAM NAME Mattermost/textarea_Write to private channel_post_textbox'

2021-05-30 10:25:47 - [TEST_STEP][PASSED] - sendKeys(findTestObject("Object Repository/Private Channel/Page_private channel - TEAM NAME Mattermost/textarea_Write to private channel_post_textbox"), Keys.chord(ENTER)): Keys 'ENTER + ' sent to object: 'Object Repository/Private Channel/Page_private channel - TEAM NAME Mattermost/textarea_Write to private channel_post_textbox'

2021-05-30 10:25:47 - [MESSAGE][PASSED] - Keys 'ENTER + ' sent to object: 'Object Repository/Private Channel/Page_private channel - TEAM NAME Mattermost/textarea_Write to private channel_post_textbox'

2021-05-30 10:25:47 - [TEST_STEP][PASSED] - Thread.sleep(500): null

2021-05-30 10:25:48 - [TEST_STEP][PASSED] - (nMessage--): null

2021-05-30 10:25:48 - [TEST_STEP][PASSED] - message = String.format("Send messages to private channel at %s", now().format(format)): null

2021-05-30 10:25:48 - [TEST_STEP][PASSED] - setText(findTestObject("Object Repository/Private Channel/Page_private channel - TEAM NAME Mattermost/textarea_Write to private channel_post_textbox"), message): Text 'Send messages to private channel at 30-05-2021 11:25:48' is set on object 'Object Repository/Private Channel/Page_private channel - TEAM NAME Mattermost/textarea_Write to private channel_post_textbox'

2021-05-30 10:25:49 - [MESSAGE][PASSED] - Text 'Send messages to private channel at 30-05-2021 11:25:48' is set on object 'Object Repository/Private Channel/Page_private channel - TEAM NAME Mattermost/textarea_Write to private channel_post_textbox'

2021-05-30 10:25:49 - [TEST_STEP][PASSED] - sendKeys(findTestObject("Object Repository/Private Channel/Page_private channel - TEAM NAME Mattermost/textarea_Write to private channel_post_textbox"), Keys.chord(ENTER)): Keys 'ENTER + ' sent to object: 'Object Repository/Private Channel/Page_private channel - TEAM NAME Mattermost/textarea_Write to private channel_post_textbox'

2021-05-30 10:25:49 - [MESSAGE][PASSED] - Keys 'ENTER + ' sent to object: 'Object Repository/Private Channel/Page_private channel - TEAM NAME Mattermost/textarea_Write to private channel_post_textbox'

2021-05-30 10:25:49 - [TEST_STEP][PASSED] - Thread.sleep(500): null

2021-05-30 10:25:50 - [TEST_STEP][PASSED] - (nMessage--): null

2021-05-30 10:25:50 - [TEST_STEP][PASSED] - message = String.format("Send messages to private channel at %s", now().format(format)): null

2021-05-30 10:25:50 - [TEST_STEP][PASSED] - setText(findTestObject("Object Repository/Private Channel/Page_private channel - TEAM NAME Mattermost/textarea_Write to private channel_post_textbox"), message): Text 'Send messages to private channel at 30-05-2021 11:25:50' is set on object 'Object Repository/Private Channel/Page_private channel - TEAM NAME Mattermost/textarea_Write to private channel_post_textbox'

2021-05-30 10:25:51 - [MESSAGE][PASSED] - Text 'Send messages to private channel at 30-05-2021 11:25:50' is set on object 'Object Repository/Private Channel/Page_private channel - TEAM NAME Mattermost/textarea_Write to private channel_post_textbox'

2021-05-30 10:25:51 - [TEST_STEP][PASSED] - sendKeys(findTestObject("Object Repository/Private Channel/Page_private channel - TEAM NAME Mattermost/textarea_Write to private channel_post_textbox"), Keys.chord(ENTER)): Keys 'ENTER + ' sent to object: 'Object Repository/Private Channel/Page_private channel - TEAM NAME Mattermost/textarea_Write to private channel_post_textbox'

2021-05-30 10:25:51 - [MESSAGE][PASSED] - Keys 'ENTER + ' sent to object: 'Object Repository/Private Channel/Page_private channel - TEAM NAME Mattermost/textarea_Write to private channel_post_textbox'

2021-05-30 10:25:51 - [TEST_STEP][PASSED] - Thread.sleep(500): null

2021-05-30 10:25:52 - [TEST_STEP][PASSED] - (nMessage--): null

2021-05-30 10:25:52 - [TEST_STEP][PASSED] - message = String.format("Send messages to private channel at %s", now().format(format)): null

2021-05-30 10:25:52 - [TEST_STEP][PASSED] - setText(findTestObject("Object Repository/Private Channel/Page_private channel - TEAM NAME Mattermost/textarea_Write to private channel_post_textbox"), message): Text 'Send messages to private channel at 30-05-2021 11:25:52' is set on object 'Object Repository/Private Channel/Page_private channel - TEAM NAME Mattermost/textarea_Write to private channel_post_textbox'

2021-05-30 10:25:52 - [MESSAGE][PASSED] - Text 'Send messages to private channel at 30-05-2021 11:25:52' is set on object 'Object Repository/Private Channel/Page_private channel - TEAM NAME Mattermost/textarea_Write to private channel_post_textbox'

2021-05-30 10:25:52 - [TEST_STEP][PASSED] - sendKeys(findTestObject("Object Repository/Private Channel/Page_private channel - TEAM NAME Mattermost/textarea_Write to private channel_post_textbox"), Keys.chord(ENTER)): Keys 'ENTER + ' sent to object: 'Object Repository/Private Channel/Page_private channel - TEAM NAME Mattermost/textarea_Write to private channel_post_textbox'

2021-05-30 10:25:53 - [MESSAGE][PASSED] - Keys 'ENTER + ' sent to object: 'Object Repository/Private Channel/Page_private channel - TEAM NAME Mattermost/textarea_Write to private channel_post_textbox'

2021-05-30 10:25:53 - [TEST_STEP][PASSED] - Thread.sleep(500): null

2021-05-30 10:25:54 - [TEST_STEP][PASSED] - (nMessage--): null

2021-05-30 10:25:54 - [TEST_STEP][PASSED] - closeBrowser(): Browser is closed

2021-05-30 10:25:54 - [MESSAGE][PASSED] - Browser is closed]]></system-out>
         <system-err><![CDATA[]]></system-err>
      </testcase>
      <testcase name="Test Cases/Loop/Send messages to public channel" time="14.709" classname="Test Cases/Loop/Send messages to public channel" status="PASSED">
         <system-out><![CDATA[2021-05-30 10:25:54 - [TEST_CASE][PASSED] - Test Cases/Loop/Send messages to public channel: Test Cases/Loop/Send messages to public channel

2021-05-30 10:25:55 - [TEST_STEP][PASSED] - callTestCase(findTestCase("Common Test Cases/Login"), ["Username":"nttuan", "Password":"12345678zZ@"], STOP_ON_FAILURE): Call Test Case 'Test Cases/Common Test Cases/Login' successfully

2021-05-30 10:25:55 - [TEST_CASE][PASSED] - Test Cases/Common Test Cases/Login: Test Cases/Common Test Cases/Login

2021-05-30 10:25:55 - [TEST_STEP][PASSED] - openBrowser(""): Browser is opened with url: ''

2021-05-30 10:25:55 - [MESSAGE][INFO] - Starting 'Chrome' driver

2021-05-30 10:25:55 - [MESSAGE][INFO] - Action delay is set to 0 milliseconds

2021-05-30 10:25:56 - [MESSAGE][PASSED] - Browser is opened with url: ''

2021-05-30 10:25:56 - [TEST_STEP][PASSED] - navigateToUrl("https://chudenangcao2021.cf/"): Navigate to 'https://chudenangcao2021.cf/' successfully

2021-05-30 10:25:57 - [MESSAGE][PASSED] - Navigate to 'https://chudenangcao2021.cf/' successfully

2021-05-30 10:25:57 - [TEST_STEP][PASSED] - setText(findTestObject("Object Repository/Page_Mattermost/input_All team communication in one place, _dcc84b"), Username): Text 'nttuan' is set on object 'Object Repository/Page_Mattermost/input_All team communication in one place, _dcc84b'

2021-05-30 10:25:58 - [MESSAGE][PASSED] - Text 'nttuan' is set on object 'Object Repository/Page_Mattermost/input_All team communication in one place, _dcc84b'

2021-05-30 10:25:58 - [TEST_STEP][PASSED] - setText(findTestObject("Object Repository/Page_Mattermost/input_All team communication in one place, _a3edc6"), Password): Text '12345678zZ@' is set on object 'Object Repository/Page_Mattermost/input_All team communication in one place, _a3edc6'

2021-05-30 10:25:59 - [MESSAGE][PASSED] - Text '12345678zZ@' is set on object 'Object Repository/Page_Mattermost/input_All team communication in one place, _a3edc6'

2021-05-30 10:25:59 - [TEST_STEP][PASSED] - click(findTestObject("Object Repository/Page_Mattermost/button_Sign in")): Object: 'Object Repository/Page_Mattermost/button_Sign in' is clicked on

2021-05-30 10:25:59 - [MESSAGE][PASSED] - Object: 'Object Repository/Page_Mattermost/button_Sign in' is clicked on

2021-05-30 10:25:59 - [TEST_STEP][PASSED] - verifyLinksAccessible(["https://chudenangcao2021.cf/cdnc-cnpm-2021/channels"]): All links are accessible

2021-05-30 10:25:59 - [MESSAGE][INFO] - HAR: C:\Users\nttuan\Downloads\CDNC\mattermost-testing\Reports\20210530_102014\Run all test cases\20210530_102015\requests\main\33.har

2021-05-30 10:25:59 - [MESSAGE][PASSED] - Send request successfully

2021-05-30 10:25:59 - [MESSAGE][PASSED] - All links are accessible

2021-05-30 10:25:59 - [MESSAGE][PASSED] - Call Test Case 'Test Cases/Common Test Cases/Login' successfully

2021-05-30 10:25:59 - [TEST_STEP][PASSED] - click(findTestObject("Page_TEST CHANNEL - TEAM NAME Mattermost/Page_TEST CHANNEL - TEAM NAME Mattermost/a_TEST CHANNEL")): Object: 'Object Repository/Page_TEST CHANNEL - TEAM NAME Mattermost/Page_TEST CHANNEL - TEAM NAME Mattermost/a_TEST CHANNEL' is clicked on

2021-05-30 10:26:01 - [MESSAGE][PASSED] - Object: 'Object Repository/Page_TEST CHANNEL - TEAM NAME Mattermost/Page_TEST CHANNEL - TEAM NAME Mattermost/a_TEST CHANNEL' is clicked on

2021-05-30 10:26:01 - [TEST_STEP][PASSED] - message = String.format("This test will sent %d messages using while loop", nMessage): null

2021-05-30 10:26:01 - [TEST_STEP][PASSED] - format = DateTimeFormatter.ofPattern("dd-MM-yyyy HH:mm:ss"): null

2021-05-30 10:26:01 - [TEST_STEP][PASSED] - setText(findTestObject("Page_TEST CHANNEL - TEAM NAME Mattermost/textarea_Write to TEST CHANNEL_post_textbox"), message): Text 'This test will sent 3 messages using while loop' is set on object 'Object Repository/Page_TEST CHANNEL - TEAM NAME Mattermost/textarea_Write to TEST CHANNEL_post_textbox'

2021-05-30 10:26:02 - [MESSAGE][PASSED] - Text 'This test will sent 3 messages using while loop' is set on object 'Object Repository/Page_TEST CHANNEL - TEAM NAME Mattermost/textarea_Write to TEST CHANNEL_post_textbox'

2021-05-30 10:26:02 - [TEST_STEP][PASSED] - sendKeys(findTestObject("Page_TEST CHANNEL - TEAM NAME Mattermost/textarea_Write to TEST CHANNEL_post_textbox"), Keys.chord(ENTER)): Keys 'ENTER + ' sent to object: 'Object Repository/Page_TEST CHANNEL - TEAM NAME Mattermost/textarea_Write to TEST CHANNEL_post_textbox'

2021-05-30 10:26:02 - [MESSAGE][PASSED] - Keys 'ENTER + ' sent to object: 'Object Repository/Page_TEST CHANNEL - TEAM NAME Mattermost/textarea_Write to TEST CHANNEL_post_textbox'

2021-05-30 10:26:02 - [TEST_STEP][PASSED] - while (nMessage > 0): null

2021-05-30 10:26:02 - [TEST_STEP][PASSED] - message = String.format("Send messages to public channel at %s", now().format(format)): null

2021-05-30 10:26:02 - [TEST_STEP][PASSED] - setText(findTestObject("Page_TEST CHANNEL - TEAM NAME Mattermost/textarea_Write to TEST CHANNEL_post_textbox"), message): Text 'Send messages to public channel at 30-05-2021 11:26:02' is set on object 'Object Repository/Page_TEST CHANNEL - TEAM NAME Mattermost/textarea_Write to TEST CHANNEL_post_textbox'

2021-05-30 10:26:03 - [MESSAGE][PASSED] - Text 'Send messages to public channel at 30-05-2021 11:26:02' is set on object 'Object Repository/Page_TEST CHANNEL - TEAM NAME Mattermost/textarea_Write to TEST CHANNEL_post_textbox'

2021-05-30 10:26:03 - [TEST_STEP][PASSED] - sendKeys(findTestObject("Page_TEST CHANNEL - TEAM NAME Mattermost/textarea_Write to TEST CHANNEL_post_textbox"), Keys.chord(ENTER)): Keys 'ENTER + ' sent to object: 'Object Repository/Page_TEST CHANNEL - TEAM NAME Mattermost/textarea_Write to TEST CHANNEL_post_textbox'

2021-05-30 10:26:04 - [MESSAGE][PASSED] - Keys 'ENTER + ' sent to object: 'Object Repository/Page_TEST CHANNEL - TEAM NAME Mattermost/textarea_Write to TEST CHANNEL_post_textbox'

2021-05-30 10:26:04 - [TEST_STEP][PASSED] - Thread.sleep(500): null

2021-05-30 10:26:05 - [TEST_STEP][PASSED] - (nMessage--): null

2021-05-30 10:26:05 - [TEST_STEP][PASSED] - message = String.format("Send messages to public channel at %s", now().format(format)): null

2021-05-30 10:26:05 - [TEST_STEP][PASSED] - setText(findTestObject("Page_TEST CHANNEL - TEAM NAME Mattermost/textarea_Write to TEST CHANNEL_post_textbox"), message): Text 'Send messages to public channel at 30-05-2021 11:26:05' is set on object 'Object Repository/Page_TEST CHANNEL - TEAM NAME Mattermost/textarea_Write to TEST CHANNEL_post_textbox'

2021-05-30 10:26:05 - [MESSAGE][PASSED] - Text 'Send messages to public channel at 30-05-2021 11:26:05' is set on object 'Object Repository/Page_TEST CHANNEL - TEAM NAME Mattermost/textarea_Write to TEST CHANNEL_post_textbox'

2021-05-30 10:26:05 - [TEST_STEP][PASSED] - sendKeys(findTestObject("Page_TEST CHANNEL - TEAM NAME Mattermost/textarea_Write to TEST CHANNEL_post_textbox"), Keys.chord(ENTER)): Keys 'ENTER + ' sent to object: 'Object Repository/Page_TEST CHANNEL - TEAM NAME Mattermost/textarea_Write to TEST CHANNEL_post_textbox'

2021-05-30 10:26:06 - [MESSAGE][PASSED] - Keys 'ENTER + ' sent to object: 'Object Repository/Page_TEST CHANNEL - TEAM NAME Mattermost/textarea_Write to TEST CHANNEL_post_textbox'

2021-05-30 10:26:06 - [TEST_STEP][PASSED] - Thread.sleep(500): null

2021-05-30 10:26:06 - [TEST_STEP][PASSED] - (nMessage--): null

2021-05-30 10:26:06 - [TEST_STEP][PASSED] - message = String.format("Send messages to public channel at %s", now().format(format)): null

2021-05-30 10:26:06 - [TEST_STEP][PASSED] - setText(findTestObject("Page_TEST CHANNEL - TEAM NAME Mattermost/textarea_Write to TEST CHANNEL_post_textbox"), message): Text 'Send messages to public channel at 30-05-2021 11:26:06' is set on object 'Object Repository/Page_TEST CHANNEL - TEAM NAME Mattermost/textarea_Write to TEST CHANNEL_post_textbox'

2021-05-30 10:26:07 - [MESSAGE][PASSED] - Text 'Send messages to public channel at 30-05-2021 11:26:06' is set on object 'Object Repository/Page_TEST CHANNEL - TEAM NAME Mattermost/textarea_Write to TEST CHANNEL_post_textbox'

2021-05-30 10:26:07 - [TEST_STEP][PASSED] - sendKeys(findTestObject("Page_TEST CHANNEL - TEAM NAME Mattermost/textarea_Write to TEST CHANNEL_post_textbox"), Keys.chord(ENTER)): Keys 'ENTER + ' sent to object: 'Object Repository/Page_TEST CHANNEL - TEAM NAME Mattermost/textarea_Write to TEST CHANNEL_post_textbox'

2021-05-30 10:26:08 - [MESSAGE][PASSED] - Keys 'ENTER + ' sent to object: 'Object Repository/Page_TEST CHANNEL - TEAM NAME Mattermost/textarea_Write to TEST CHANNEL_post_textbox'

2021-05-30 10:26:08 - [TEST_STEP][PASSED] - Thread.sleep(500): null

2021-05-30 10:26:08 - [TEST_STEP][PASSED] - (nMessage--): null

2021-05-30 10:26:08 - [TEST_STEP][PASSED] - closeBrowser(): Browser is closed

2021-05-30 10:26:09 - [MESSAGE][PASSED] - Browser is closed]]></system-out>
         <system-err><![CDATA[]]></system-err>
      </testcase>
      <testcase name="Test Cases/Internal Test Cases/CreateCategory" time="20.709" classname="Test Cases/Internal Test Cases/CreateCategory" status="PASSED">
         <system-out><![CDATA[2021-05-30 10:26:09 - [TEST_CASE][PASSED] - Test Cases/Internal Test Cases/CreateCategory: Test Cases/Internal Test Cases/CreateCategory

2021-05-30 10:26:09 - [TEST_STEP][PASSED] - callTestCase(findTestCase("Internal Test Cases/Successful Login"), ["Username":"", "Password":""], STOP_ON_FAILURE): Call Test Case 'Test Cases/Internal Test Cases/Successful Login' successfully

2021-05-30 10:26:09 - [TEST_CASE][PASSED] - Test Cases/Internal Test Cases/Successful Login: Test Cases/Internal Test Cases/Successful Login

2021-05-30 10:26:10 - [TEST_STEP][PASSED] - openBrowser(""): Browser is opened with url: ''

2021-05-30 10:26:10 - [MESSAGE][INFO] - Starting 'Chrome' driver

2021-05-30 10:26:10 - [MESSAGE][INFO] - Action delay is set to 0 milliseconds

2021-05-30 10:26:11 - [MESSAGE][PASSED] - Browser is opened with url: ''

2021-05-30 10:26:11 - [TEST_STEP][PASSED] - navigateToUrl("https://chudenangcao2021.cf/"): Navigate to 'https://chudenangcao2021.cf/' successfully

2021-05-30 10:26:12 - [MESSAGE][PASSED] - Navigate to 'https://chudenangcao2021.cf/' successfully

2021-05-30 10:26:12 - [TEST_STEP][PASSED] - setText(findTestObject("Object Repository/Page_Mattermost/input_All team communication in one place, _dcc84b"), findTestData("Internal/Internal Login Data").getValue(1, 1)): Text 'nguyenvanb' is set on object 'Object Repository/Page_Mattermost/input_All team communication in one place, _dcc84b'

2021-05-30 10:26:13 - [MESSAGE][PASSED] - Text 'nguyenvanb' is set on object 'Object Repository/Page_Mattermost/input_All team communication in one place, _dcc84b'

2021-05-30 10:26:13 - [TEST_STEP][PASSED] - setEncryptedText(findTestObject("Object Repository/Page_Mattermost/input_All team communication in one place, _a3edc6"), findTestData("Internal/Internal Login Data").getValue(2, 1)): Text ****** has been set on object 'Object Repository/Page_Mattermost/input_All team communication in one place, _a3edc6'

2021-05-30 10:26:13 - [MESSAGE][PASSED] - Text ****** has been set on object 'Object Repository/Page_Mattermost/input_All team communication in one place, _a3edc6'

2021-05-30 10:26:13 - [TEST_STEP][PASSED] - click(findTestObject("Object Repository/Page_Mattermost/button_Sign in")): Object: 'Object Repository/Page_Mattermost/button_Sign in' is clicked on

2021-05-30 10:26:14 - [MESSAGE][PASSED] - Object: 'Object Repository/Page_Mattermost/button_Sign in' is clicked on

2021-05-30 10:26:14 - [TEST_STEP][PASSED] - verifyLinksAccessible(["https://chudenangcao2021.cf/cdnc-cnpm-2021/channels"]): All links are accessible

2021-05-30 10:26:14 - [MESSAGE][INFO] - HAR: C:\Users\nttuan\Downloads\CDNC\mattermost-testing\Reports\20210530_102014\Run all test cases\20210530_102015\requests\main\34.har

2021-05-30 10:26:14 - [MESSAGE][PASSED] - Send request successfully

2021-05-30 10:26:14 - [MESSAGE][PASSED] - All links are accessible

2021-05-30 10:26:14 - [MESSAGE][PASSED] - Call Test Case 'Test Cases/Internal Test Cases/Successful Login' successfully

2021-05-30 10:26:14 - [TEST_STEP][PASSED] - for ([rowNum = 1, rowNum <= findTestData("Internal/Internal Category").getRowNumbers(), (rowNum++)]): Object: 'Object Repository/CreateCtegory/Page_TEST CHANNEL - TEAM NAME Mattermost/span_Create' is clicked on

2021-05-30 10:26:14 - [TEST_STEP][PASSED] - click(findTestObject("Object Repository/CreateCtegory/Page_TEST CHANNEL - TEAM NAME Mattermost/i_CtrlK_icon-plus")): Object: 'Object Repository/CreateCtegory/Page_TEST CHANNEL - TEAM NAME Mattermost/i_CtrlK_icon-plus' is clicked on

2021-05-30 10:26:16 - [MESSAGE][PASSED] - Object: 'Object Repository/CreateCtegory/Page_TEST CHANNEL - TEAM NAME Mattermost/i_CtrlK_icon-plus' is clicked on

2021-05-30 10:26:16 - [TEST_STEP][PASSED] - click(findTestObject("Object Repository/CreateCtegory/Page_TEST CHANNEL - TEAM NAME Mattermost/span_Create New Category")): Object: 'Object Repository/CreateCtegory/Page_TEST CHANNEL - TEAM NAME Mattermost/span_Create New Category' is clicked on

2021-05-30 10:26:17 - [MESSAGE][PASSED] - Object: 'Object Repository/CreateCtegory/Page_TEST CHANNEL - TEAM NAME Mattermost/span_Create New Category' is clicked on

2021-05-30 10:26:17 - [TEST_STEP][PASSED] - setText(findTestObject("Object Repository/CreateCtegory/Page_TEST CHANNEL - TEAM NAME Mattermost/input_Create New Category_MaxLengthInput fo_27ca36"), findTestData("Internal/Internal Category").getValue(1, rowNum)): Text 'Category 1' is set on object 'Object Repository/CreateCtegory/Page_TEST CHANNEL - TEAM NAME Mattermost/input_Create New Category_MaxLengthInput fo_27ca36'

2021-05-30 10:26:18 - [MESSAGE][PASSED] - Text 'Category 1' is set on object 'Object Repository/CreateCtegory/Page_TEST CHANNEL - TEAM NAME Mattermost/input_Create New Category_MaxLengthInput fo_27ca36'

2021-05-30 10:26:18 - [TEST_STEP][PASSED] - click(findTestObject("Object Repository/CreateCtegory/Page_TEST CHANNEL - TEAM NAME Mattermost/span_Create")): Object: 'Object Repository/CreateCtegory/Page_TEST CHANNEL - TEAM NAME Mattermost/span_Create' is clicked on

2021-05-30 10:26:18 - [MESSAGE][PASSED] - Object: 'Object Repository/CreateCtegory/Page_TEST CHANNEL - TEAM NAME Mattermost/span_Create' is clicked on

2021-05-30 10:26:18 - [TEST_STEP][PASSED] - click(findTestObject("Object Repository/CreateCtegory/Page_TEST CHANNEL - TEAM NAME Mattermost/i_CtrlK_icon-plus")): Object: 'Object Repository/CreateCtegory/Page_TEST CHANNEL - TEAM NAME Mattermost/i_CtrlK_icon-plus' is clicked on

2021-05-30 10:26:19 - [MESSAGE][PASSED] - Object: 'Object Repository/CreateCtegory/Page_TEST CHANNEL - TEAM NAME Mattermost/i_CtrlK_icon-plus' is clicked on

2021-05-30 10:26:19 - [TEST_STEP][PASSED] - click(findTestObject("Object Repository/CreateCtegory/Page_TEST CHANNEL - TEAM NAME Mattermost/span_Create New Category")): Object: 'Object Repository/CreateCtegory/Page_TEST CHANNEL - TEAM NAME Mattermost/span_Create New Category' is clicked on

2021-05-30 10:26:20 - [MESSAGE][PASSED] - Object: 'Object Repository/CreateCtegory/Page_TEST CHANNEL - TEAM NAME Mattermost/span_Create New Category' is clicked on

2021-05-30 10:26:20 - [TEST_STEP][PASSED] - setText(findTestObject("Object Repository/CreateCtegory/Page_TEST CHANNEL - TEAM NAME Mattermost/input_Create New Category_MaxLengthInput fo_27ca36"), findTestData("Internal/Internal Category").getValue(1, rowNum)): Text 'Category 2' is set on object 'Object Repository/CreateCtegory/Page_TEST CHANNEL - TEAM NAME Mattermost/input_Create New Category_MaxLengthInput fo_27ca36'

2021-05-30 10:26:21 - [MESSAGE][PASSED] - Text 'Category 2' is set on object 'Object Repository/CreateCtegory/Page_TEST CHANNEL - TEAM NAME Mattermost/input_Create New Category_MaxLengthInput fo_27ca36'

2021-05-30 10:26:21 - [TEST_STEP][PASSED] - click(findTestObject("Object Repository/CreateCtegory/Page_TEST CHANNEL - TEAM NAME Mattermost/span_Create")): Object: 'Object Repository/CreateCtegory/Page_TEST CHANNEL - TEAM NAME Mattermost/span_Create' is clicked on

2021-05-30 10:26:21 - [MESSAGE][PASSED] - Object: 'Object Repository/CreateCtegory/Page_TEST CHANNEL - TEAM NAME Mattermost/span_Create' is clicked on

2021-05-30 10:26:21 - [TEST_STEP][PASSED] - click(findTestObject("Object Repository/CreateCtegory/Page_TEST CHANNEL - TEAM NAME Mattermost/i_CtrlK_icon-plus")): Object: 'Object Repository/CreateCtegory/Page_TEST CHANNEL - TEAM NAME Mattermost/i_CtrlK_icon-plus' is clicked on

2021-05-30 10:26:22 - [MESSAGE][PASSED] - Object: 'Object Repository/CreateCtegory/Page_TEST CHANNEL - TEAM NAME Mattermost/i_CtrlK_icon-plus' is clicked on

2021-05-30 10:26:22 - [TEST_STEP][PASSED] - click(findTestObject("Object Repository/CreateCtegory/Page_TEST CHANNEL - TEAM NAME Mattermost/span_Create New Category")): Object: 'Object Repository/CreateCtegory/Page_TEST CHANNEL - TEAM NAME Mattermost/span_Create New Category' is clicked on

2021-05-30 10:26:22 - [MESSAGE][PASSED] - Object: 'Object Repository/CreateCtegory/Page_TEST CHANNEL - TEAM NAME Mattermost/span_Create New Category' is clicked on

2021-05-30 10:26:22 - [TEST_STEP][PASSED] - setText(findTestObject("Object Repository/CreateCtegory/Page_TEST CHANNEL - TEAM NAME Mattermost/input_Create New Category_MaxLengthInput fo_27ca36"), findTestData("Internal/Internal Category").getValue(1, rowNum)): Text 'Category 3' is set on object 'Object Repository/CreateCtegory/Page_TEST CHANNEL - TEAM NAME Mattermost/input_Create New Category_MaxLengthInput fo_27ca36'

2021-05-30 10:26:23 - [MESSAGE][PASSED] - Text 'Category 3' is set on object 'Object Repository/CreateCtegory/Page_TEST CHANNEL - TEAM NAME Mattermost/input_Create New Category_MaxLengthInput fo_27ca36'

2021-05-30 10:26:23 - [TEST_STEP][PASSED] - click(findTestObject("Object Repository/CreateCtegory/Page_TEST CHANNEL - TEAM NAME Mattermost/span_Create")): Object: 'Object Repository/CreateCtegory/Page_TEST CHANNEL - TEAM NAME Mattermost/span_Create' is clicked on

2021-05-30 10:26:24 - [MESSAGE][PASSED] - Object: 'Object Repository/CreateCtegory/Page_TEST CHANNEL - TEAM NAME Mattermost/span_Create' is clicked on

2021-05-30 10:26:24 - [TEST_STEP][PASSED] - click(findTestObject("Object Repository/CreateCtegory/Page_TEST CHANNEL - TEAM NAME Mattermost/i_CtrlK_icon-plus")): Object: 'Object Repository/CreateCtegory/Page_TEST CHANNEL - TEAM NAME Mattermost/i_CtrlK_icon-plus' is clicked on

2021-05-30 10:26:24 - [MESSAGE][PASSED] - Object: 'Object Repository/CreateCtegory/Page_TEST CHANNEL - TEAM NAME Mattermost/i_CtrlK_icon-plus' is clicked on

2021-05-30 10:26:24 - [TEST_STEP][PASSED] - click(findTestObject("Object Repository/CreateCtegory/Page_TEST CHANNEL - TEAM NAME Mattermost/span_Create New Category")): Object: 'Object Repository/CreateCtegory/Page_TEST CHANNEL - TEAM NAME Mattermost/span_Create New Category' is clicked on

2021-05-30 10:26:25 - [MESSAGE][PASSED] - Object: 'Object Repository/CreateCtegory/Page_TEST CHANNEL - TEAM NAME Mattermost/span_Create New Category' is clicked on

2021-05-30 10:26:25 - [TEST_STEP][PASSED] - setText(findTestObject("Object Repository/CreateCtegory/Page_TEST CHANNEL - TEAM NAME Mattermost/input_Create New Category_MaxLengthInput fo_27ca36"), findTestData("Internal/Internal Category").getValue(1, rowNum)): Text 'Category 4' is set on object 'Object Repository/CreateCtegory/Page_TEST CHANNEL - TEAM NAME Mattermost/input_Create New Category_MaxLengthInput fo_27ca36'

2021-05-30 10:26:26 - [MESSAGE][PASSED] - Text 'Category 4' is set on object 'Object Repository/CreateCtegory/Page_TEST CHANNEL - TEAM NAME Mattermost/input_Create New Category_MaxLengthInput fo_27ca36'

2021-05-30 10:26:26 - [TEST_STEP][PASSED] - click(findTestObject("Object Repository/CreateCtegory/Page_TEST CHANNEL - TEAM NAME Mattermost/span_Create")): Object: 'Object Repository/CreateCtegory/Page_TEST CHANNEL - TEAM NAME Mattermost/span_Create' is clicked on

2021-05-30 10:26:26 - [MESSAGE][PASSED] - Object: 'Object Repository/CreateCtegory/Page_TEST CHANNEL - TEAM NAME Mattermost/span_Create' is clicked on

2021-05-30 10:26:26 - [TEST_STEP][PASSED] - click(findTestObject("Object Repository/CreateCtegory/Page_TEST CHANNEL - TEAM NAME Mattermost/i_CtrlK_icon-plus")): Object: 'Object Repository/CreateCtegory/Page_TEST CHANNEL - TEAM NAME Mattermost/i_CtrlK_icon-plus' is clicked on

2021-05-30 10:26:27 - [MESSAGE][PASSED] - Object: 'Object Repository/CreateCtegory/Page_TEST CHANNEL - TEAM NAME Mattermost/i_CtrlK_icon-plus' is clicked on

2021-05-30 10:26:27 - [TEST_STEP][PASSED] - click(findTestObject("Object Repository/CreateCtegory/Page_TEST CHANNEL - TEAM NAME Mattermost/span_Create New Category")): Object: 'Object Repository/CreateCtegory/Page_TEST CHANNEL - TEAM NAME Mattermost/span_Create New Category' is clicked on

2021-05-30 10:26:27 - [MESSAGE][PASSED] - Object: 'Object Repository/CreateCtegory/Page_TEST CHANNEL - TEAM NAME Mattermost/span_Create New Category' is clicked on

2021-05-30 10:26:27 - [TEST_STEP][PASSED] - setText(findTestObject("Object Repository/CreateCtegory/Page_TEST CHANNEL - TEAM NAME Mattermost/input_Create New Category_MaxLengthInput fo_27ca36"), findTestData("Internal/Internal Category").getValue(1, rowNum)): Text 'Category 5' is set on object 'Object Repository/CreateCtegory/Page_TEST CHANNEL - TEAM NAME Mattermost/input_Create New Category_MaxLengthInput fo_27ca36'

2021-05-30 10:26:29 - [MESSAGE][PASSED] - Text 'Category 5' is set on object 'Object Repository/CreateCtegory/Page_TEST CHANNEL - TEAM NAME Mattermost/input_Create New Category_MaxLengthInput fo_27ca36'

2021-05-30 10:26:29 - [TEST_STEP][PASSED] - click(findTestObject("Object Repository/CreateCtegory/Page_TEST CHANNEL - TEAM NAME Mattermost/span_Create")): Object: 'Object Repository/CreateCtegory/Page_TEST CHANNEL - TEAM NAME Mattermost/span_Create' is clicked on

2021-05-30 10:26:29 - [MESSAGE][PASSED] - Object: 'Object Repository/CreateCtegory/Page_TEST CHANNEL - TEAM NAME Mattermost/span_Create' is clicked on

2021-05-30 10:26:29 - [TEST_STEP][PASSED] - closeBrowser(): Browser is closed

2021-05-30 10:26:30 - [MESSAGE][PASSED] - Browser is closed]]></system-out>
         <system-err><![CDATA[]]></system-err>
      </testcase>
      <testcase name="Test Cases/Internal Test Cases/CreateChannelPrivate" time="10.923" classname="Test Cases/Internal Test Cases/CreateChannelPrivate" status="FAILED">
         <failure type="FAILED" message="Test Cases/Internal Test Cases/CreateChannelPrivate FAILED.
Reason:
com.kms.katalon.core.exception.StepFailedException: Unable to click on object 'Object Repository/CreateChannel/Page_TEST CHANNEL - TEAM NAME Mattermost/i_CtrlK_icon-plus'
	at com.kms.katalon.core.webui.keyword.internal.WebUIKeywordMain.stepFailed(WebUIKeywordMain.groovy:64)
	at com.kms.katalon.core.webui.keyword.internal.WebUIKeywordMain.runKeyword(WebUIKeywordMain.groovy:26)
	at com.kms.katalon.core.webui.keyword.builtin.ClickKeyword.click(ClickKeyword.groovy:75)
	at com.kms.katalon.core.webui.keyword.builtin.ClickKeyword.execute(ClickKeyword.groovy:42)
	at com.kms.katalon.core.keyword.internal.KeywordExecutor.executeKeywordForPlatform(KeywordExecutor.groovy:73)
	at com.kms.katalon.core.webui.keyword.WebUiBuiltInKeywords.click(WebUiBuiltInKeywords.groovy:619)
	at com.kms.katalon.core.webui.keyword.WebUiBuiltInKeywords$click$2.call(Unknown Source)
	at CreateChannelPrivate.run(CreateChannelPrivate:23)
	at com.kms.katalon.core.main.ScriptEngine.run(ScriptEngine.java:194)
	at com.kms.katalon.core.main.ScriptEngine.runScriptAsRawText(ScriptEngine.java:119)
	at com.kms.katalon.core.main.TestCaseExecutor.runScript(TestCaseExecutor.java:398)
	at com.kms.katalon.core.main.TestCaseExecutor.doExecute(TestCaseExecutor.java:389)
	at com.kms.katalon.core.main.TestCaseExecutor.processExecutionPhase(TestCaseExecutor.java:368)
	at com.kms.katalon.core.main.TestCaseExecutor.accessMainPhase(TestCaseExecutor.java:360)
	at com.kms.katalon.core.main.TestCaseExecutor.execute(TestCaseExecutor.java:255)
	at com.kms.katalon.core.main.TestSuiteExecutor.accessTestCaseMainPhase(TestSuiteExecutor.java:203)
	at com.kms.katalon.core.main.TestSuiteExecutor.accessTestSuiteMainPhase(TestSuiteExecutor.java:152)
	at com.kms.katalon.core.main.TestSuiteExecutor.execute(TestSuiteExecutor.java:95)
	at com.kms.katalon.core.main.TestCaseMain.startTestSuite(TestCaseMain.java:157)
	at com.kms.katalon.core.main.TestCaseMain$startTestSuite$0.call(Unknown Source)
	at TempTestSuite1622370015671.run(TempTestSuite1622370015671.groovy:39)
Caused by: org.openqa.selenium.ElementClickInterceptedException: element click intercepted: Element &lt;i class=&quot;icon-plus&quot;>&lt;/i> is not clickable at point (273, 155). Other element would receive the click: &lt;div class=&quot;form-group&quot;>...&lt;/div>
  (Session info: chrome=91.0.4472.77)
Build info: version: '3.141.59', revision: 'e82be7d358', time: '2018-11-14T08:25:53'
System info: host: 'WIN-SERVER-2019', ip: '10.1.0.4', os.name: 'Windows Server 2019', os.arch: 'amd64', os.version: '10.0', java.version: '1.8.0_282'
Driver info: com.kms.katalon.selenium.driver.CChromeDriver
Capabilities {acceptInsecureCerts: false, browserName: chrome, browserVersion: 91.0.4472.77, chrome: {chromedriverVersion: 90.0.4430.24 (4c6d850f087da..., userDataDir: C:\Users\nttuan\AppData\Loc...}, goog:chromeOptions: {debuggerAddress: localhost:61665}, javascriptEnabled: true, networkConnectionEnabled: false, pageLoadStrategy: normal, platform: WINDOWS, platformName: WINDOWS, proxy: Proxy(), setWindowRect: true, strictFileInteractability: false, timeouts: {implicit: 0, pageLoad: 300000, script: 30000}, unhandledPromptBehavior: dismiss and notify, webauthn:extension:largeBlob: true, webauthn:virtualAuthenticators: true}
Session ID: 756522dbec4bb8d09bb7fc6334ce066d
	at org.openqa.selenium.remote.http.W3CHttpResponseCodec.createException(W3CHttpResponseCodec.java:187)
	at org.openqa.selenium.remote.http.W3CHttpResponseCodec.decode(W3CHttpResponseCodec.java:122)
	at org.openqa.selenium.remote.http.W3CHttpResponseCodec.decode(W3CHttpResponseCodec.java:49)
	at org.openqa.selenium.remote.HttpCommandExecutor.execute(HttpCommandExecutor.java:158)
	at org.openqa.selenium.remote.service.DriverCommandExecutor.execute(DriverCommandExecutor.java:83)
	at org.openqa.selenium.remote.RemoteWebDriver.execute(RemoteWebDriver.java:552)
	at com.kms.katalon.selenium.driver.CChromeDriver.execute(CChromeDriver.java:19)
	at org.openqa.selenium.remote.RemoteWebElement.execute(RemoteWebElement.java:285)
	at org.openqa.selenium.remote.RemoteWebElement.click(RemoteWebElement.java:84)
	at org.openqa.selenium.support.events.EventFiringWebDriver$EventFiringWebElement.lambda$new$0(EventFiringWebDriver.java:404)
	at com.sun.proxy.$Proxy17.click(Unknown Source)
	at org.openqa.selenium.support.events.EventFiringWebDriver$EventFiringWebElement.click(EventFiringWebDriver.java:417)
	at com.kms.katalon.core.webui.keyword.builtin.ClickKeyword$_click_closure1.doCall(ClickKeyword.groovy:68)
	at com.kms.katalon.core.webui.keyword.builtin.ClickKeyword$_click_closure1.call(ClickKeyword.groovy)
	at com.kms.katalon.core.webui.keyword.internal.WebUIKeywordMain.runKeyword(WebUIKeywordMain.groovy:20)
	... 19 more
"/>
         <system-out><![CDATA[2021-05-30 10:26:30 - [TEST_CASE][FAILED] - Test Cases/Internal Test Cases/CreateChannelPrivate: Test Cases/Internal Test Cases/CreateChannelPrivate FAILED.
Reason:
com.kms.katalon.core.exception.StepFailedException: Unable to click on object 'Object Repository/CreateChannel/Page_TEST CHANNEL - TEAM NAME Mattermost/i_CtrlK_icon-plus'
	at com.kms.katalon.core.webui.keyword.internal.WebUIKeywordMain.stepFailed(WebUIKeywordMain.groovy:64)
	at com.kms.katalon.core.webui.keyword.internal.WebUIKeywordMain.runKeyword(WebUIKeywordMain.groovy:26)
	at com.kms.katalon.core.webui.keyword.builtin.ClickKeyword.click(ClickKeyword.groovy:75)
	at com.kms.katalon.core.webui.keyword.builtin.ClickKeyword.execute(ClickKeyword.groovy:42)
	at com.kms.katalon.core.keyword.internal.KeywordExecutor.executeKeywordForPlatform(KeywordExecutor.groovy:73)
	at com.kms.katalon.core.webui.keyword.WebUiBuiltInKeywords.click(WebUiBuiltInKeywords.groovy:619)
	at com.kms.katalon.core.webui.keyword.WebUiBuiltInKeywords$click$2.call(Unknown Source)
	at CreateChannelPrivate.run(CreateChannelPrivate:23)
	at com.kms.katalon.core.main.ScriptEngine.run(ScriptEngine.java:194)
	at com.kms.katalon.core.main.ScriptEngine.runScriptAsRawText(ScriptEngine.java:119)
	at com.kms.katalon.core.main.TestCaseExecutor.runScript(TestCaseExecutor.java:398)
	at com.kms.katalon.core.main.TestCaseExecutor.doExecute(TestCaseExecutor.java:389)
	at com.kms.katalon.core.main.TestCaseExecutor.processExecutionPhase(TestCaseExecutor.java:368)
	at com.kms.katalon.core.main.TestCaseExecutor.accessMainPhase(TestCaseExecutor.java:360)
	at com.kms.katalon.core.main.TestCaseExecutor.execute(TestCaseExecutor.java:255)
	at com.kms.katalon.core.main.TestSuiteExecutor.accessTestCaseMainPhase(TestSuiteExecutor.java:203)
	at com.kms.katalon.core.main.TestSuiteExecutor.accessTestSuiteMainPhase(TestSuiteExecutor.java:152)
	at com.kms.katalon.core.main.TestSuiteExecutor.execute(TestSuiteExecutor.java:95)
	at com.kms.katalon.core.main.TestCaseMain.startTestSuite(TestCaseMain.java:157)
	at com.kms.katalon.core.main.TestCaseMain$startTestSuite$0.call(Unknown Source)
	at TempTestSuite1622370015671.run(TempTestSuite1622370015671.groovy:39)
Caused by: org.openqa.selenium.ElementClickInterceptedException: element click intercepted: Element <i class="icon-plus"></i> is not clickable at point (273, 155). Other element would receive the click: <div class="form-group">...</div>
  (Session info: chrome=91.0.4472.77)
Build info: version: '3.141.59', revision: 'e82be7d358', time: '2018-11-14T08:25:53'
System info: host: 'WIN-SERVER-2019', ip: '10.1.0.4', os.name: 'Windows Server 2019', os.arch: 'amd64', os.version: '10.0', java.version: '1.8.0_282'
Driver info: com.kms.katalon.selenium.driver.CChromeDriver
Capabilities {acceptInsecureCerts: false, browserName: chrome, browserVersion: 91.0.4472.77, chrome: {chromedriverVersion: 90.0.4430.24 (4c6d850f087da..., userDataDir: C:\Users\nttuan\AppData\Loc...}, goog:chromeOptions: {debuggerAddress: localhost:61665}, javascriptEnabled: true, networkConnectionEnabled: false, pageLoadStrategy: normal, platform: WINDOWS, platformName: WINDOWS, proxy: Proxy(), setWindowRect: true, strictFileInteractability: false, timeouts: {implicit: 0, pageLoad: 300000, script: 30000}, unhandledPromptBehavior: dismiss and notify, webauthn:extension:largeBlob: true, webauthn:virtualAuthenticators: true}
Session ID: 756522dbec4bb8d09bb7fc6334ce066d
	at org.openqa.selenium.remote.http.W3CHttpResponseCodec.createException(W3CHttpResponseCodec.java:187)
	at org.openqa.selenium.remote.http.W3CHttpResponseCodec.decode(W3CHttpResponseCodec.java:122)
	at org.openqa.selenium.remote.http.W3CHttpResponseCodec.decode(W3CHttpResponseCodec.java:49)
	at org.openqa.selenium.remote.HttpCommandExecutor.execute(HttpCommandExecutor.java:158)
	at org.openqa.selenium.remote.service.DriverCommandExecutor.execute(DriverCommandExecutor.java:83)
	at org.openqa.selenium.remote.RemoteWebDriver.execute(RemoteWebDriver.java:552)
	at com.kms.katalon.selenium.driver.CChromeDriver.execute(CChromeDriver.java:19)
	at org.openqa.selenium.remote.RemoteWebElement.execute(RemoteWebElement.java:285)
	at org.openqa.selenium.remote.RemoteWebElement.click(RemoteWebElement.java:84)
	at org.openqa.selenium.support.events.EventFiringWebDriver$EventFiringWebElement.lambda$new$0(EventFiringWebDriver.java:404)
	at com.sun.proxy.$Proxy17.click(Unknown Source)
	at org.openqa.selenium.support.events.EventFiringWebDriver$EventFiringWebElement.click(EventFiringWebDriver.java:417)
	at com.kms.katalon.core.webui.keyword.builtin.ClickKeyword$_click_closure1.doCall(ClickKeyword.groovy:68)
	at com.kms.katalon.core.webui.keyword.builtin.ClickKeyword$_click_closure1.call(ClickKeyword.groovy)
	at com.kms.katalon.core.webui.keyword.internal.WebUIKeywordMain.runKeyword(WebUIKeywordMain.groovy:20)
	... 19 more


2021-05-30 10:26:30 - [TEST_STEP][PASSED] - callTestCase(findTestCase("Internal Test Cases/Successful Login"), ["Username":"", "Password":""], STOP_ON_FAILURE): Call Test Case 'Test Cases/Internal Test Cases/Successful Login' successfully

2021-05-30 10:26:30 - [TEST_CASE][PASSED] - Test Cases/Internal Test Cases/Successful Login: Test Cases/Internal Test Cases/Successful Login

2021-05-30 10:26:30 - [TEST_STEP][PASSED] - openBrowser(""): Browser is opened with url: ''

2021-05-30 10:26:30 - [MESSAGE][INFO] - Starting 'Chrome' driver

2021-05-30 10:26:30 - [MESSAGE][INFO] - Action delay is set to 0 milliseconds

2021-05-30 10:26:31 - [MESSAGE][PASSED] - Browser is opened with url: ''

2021-05-30 10:26:31 - [TEST_STEP][PASSED] - navigateToUrl("https://chudenangcao2021.cf/"): Navigate to 'https://chudenangcao2021.cf/' successfully

2021-05-30 10:26:32 - [MESSAGE][PASSED] - Navigate to 'https://chudenangcao2021.cf/' successfully

2021-05-30 10:26:32 - [TEST_STEP][PASSED] - setText(findTestObject("Object Repository/Page_Mattermost/input_All team communication in one place, _dcc84b"), findTestData("Internal/Internal Login Data").getValue(1, 1)): Text 'nguyenvanb' is set on object 'Object Repository/Page_Mattermost/input_All team communication in one place, _dcc84b'

2021-05-30 10:26:33 - [MESSAGE][PASSED] - Text 'nguyenvanb' is set on object 'Object Repository/Page_Mattermost/input_All team communication in one place, _dcc84b'

2021-05-30 10:26:33 - [TEST_STEP][PASSED] - setEncryptedText(findTestObject("Object Repository/Page_Mattermost/input_All team communication in one place, _a3edc6"), findTestData("Internal/Internal Login Data").getValue(2, 1)): Text ****** has been set on object 'Object Repository/Page_Mattermost/input_All team communication in one place, _a3edc6'

2021-05-30 10:26:34 - [MESSAGE][PASSED] - Text ****** has been set on object 'Object Repository/Page_Mattermost/input_All team communication in one place, _a3edc6'

2021-05-30 10:26:34 - [TEST_STEP][PASSED] - click(findTestObject("Object Repository/Page_Mattermost/button_Sign in")): Object: 'Object Repository/Page_Mattermost/button_Sign in' is clicked on

2021-05-30 10:26:34 - [MESSAGE][PASSED] - Object: 'Object Repository/Page_Mattermost/button_Sign in' is clicked on

2021-05-30 10:26:34 - [TEST_STEP][PASSED] - verifyLinksAccessible(["https://chudenangcao2021.cf/cdnc-cnpm-2021/channels"]): All links are accessible

2021-05-30 10:26:34 - [MESSAGE][INFO] - HAR: C:\Users\nttuan\Downloads\CDNC\mattermost-testing\Reports\20210530_102014\Run all test cases\20210530_102015\requests\main\35.har

2021-05-30 10:26:34 - [MESSAGE][PASSED] - Send request successfully

2021-05-30 10:26:34 - [MESSAGE][PASSED] - All links are accessible

2021-05-30 10:26:34 - [MESSAGE][PASSED] - Call Test Case 'Test Cases/Internal Test Cases/Successful Login' successfully

2021-05-30 10:26:34 - [TEST_STEP][FAILED] - for ([rowNum = 1, rowNum <= findTestData("Internal/Internal Channel Private").getRowNumbers(), (rowNum++)]): Unable to click on object 'Object Repository/CreateChannel/Page_TEST CHANNEL - TEAM NAME Mattermost/i_CtrlK_icon-plus' (Root cause: com.kms.katalon.core.exception.StepFailedException: Unable to click on object 'Object Repository/CreateChannel/Page_TEST CHANNEL - TEAM NAME Mattermost/i_CtrlK_icon-plus'
	at com.kms.katalon.core.webui.keyword.internal.WebUIKeywordMain.stepFailed(WebUIKeywordMain.groovy:64)
	at com.kms.katalon.core.webui.keyword.internal.WebUIKeywordMain.runKeyword(WebUIKeywordMain.groovy:26)
	at com.kms.katalon.core.webui.keyword.builtin.ClickKeyword.click(ClickKeyword.groovy:75)
	at com.kms.katalon.core.webui.keyword.builtin.ClickKeyword.execute(ClickKeyword.groovy:42)
	at com.kms.katalon.core.keyword.internal.KeywordExecutor.executeKeywordForPlatform(KeywordExecutor.groovy:73)
	at com.kms.katalon.core.webui.keyword.WebUiBuiltInKeywords.click(WebUiBuiltInKeywords.groovy:619)
	at com.kms.katalon.core.webui.keyword.WebUiBuiltInKeywords$click$2.call(Unknown Source)
	at CreateChannelPrivate.run(CreateChannelPrivate:23)
	at com.kms.katalon.core.main.ScriptEngine.run(ScriptEngine.java:194)
	at com.kms.katalon.core.main.ScriptEngine.runScriptAsRawText(ScriptEngine.java:119)
	at com.kms.katalon.core.main.TestCaseExecutor.runScript(TestCaseExecutor.java:398)
	at com.kms.katalon.core.main.TestCaseExecutor.doExecute(TestCaseExecutor.java:389)
	at com.kms.katalon.core.main.TestCaseExecutor.processExecutionPhase(TestCaseExecutor.java:368)
	at com.kms.katalon.core.main.TestCaseExecutor.accessMainPhase(TestCaseExecutor.java:360)
	at com.kms.katalon.core.main.TestCaseExecutor.execute(TestCaseExecutor.java:255)
	at com.kms.katalon.core.main.TestSuiteExecutor.accessTestCaseMainPhase(TestSuiteExecutor.java:203)
	at com.kms.katalon.core.main.TestSuiteExecutor.accessTestSuiteMainPhase(TestSuiteExecutor.java:152)
	at com.kms.katalon.core.main.TestSuiteExecutor.execute(TestSuiteExecutor.java:95)
	at com.kms.katalon.core.main.TestCaseMain.startTestSuite(TestCaseMain.java:157)
	at com.kms.katalon.core.main.TestCaseMain$startTestSuite$0.call(Unknown Source)
	at TempTestSuite1622370015671.run(TempTestSuite1622370015671.groovy:39)
Caused by: org.openqa.selenium.ElementClickInterceptedException: element click intercepted: Element <i class="icon-plus"></i> is not clickable at point (273, 155). Other element would receive the click: <div class="form-group">...</div>
  (Session info: chrome=91.0.4472.77)
Build info: version: '3.141.59', revision: 'e82be7d358', time: '2018-11-14T08:25:53'
System info: host: 'WIN-SERVER-2019', ip: '10.1.0.4', os.name: 'Windows Server 2019', os.arch: 'amd64', os.version: '10.0', java.version: '1.8.0_282'
Driver info: com.kms.katalon.selenium.driver.CChromeDriver
Capabilities {acceptInsecureCerts: false, browserName: chrome, browserVersion: 91.0.4472.77, chrome: {chromedriverVersion: 90.0.4430.24 (4c6d850f087da..., userDataDir: C:\Users\nttuan\AppData\Loc...}, goog:chromeOptions: {debuggerAddress: localhost:61665}, javascriptEnabled: true, networkConnectionEnabled: false, pageLoadStrategy: normal, platform: WINDOWS, platformName: WINDOWS, proxy: Proxy(), setWindowRect: true, strictFileInteractability: false, timeouts: {implicit: 0, pageLoad: 300000, script: 30000}, unhandledPromptBehavior: dismiss and notify, webauthn:extension:largeBlob: true, webauthn:virtualAuthenticators: true}
Session ID: 756522dbec4bb8d09bb7fc6334ce066d
	at org.openqa.selenium.remote.http.W3CHttpResponseCodec.createException(W3CHttpResponseCodec.java:187)
	at org.openqa.selenium.remote.http.W3CHttpResponseCodec.decode(W3CHttpResponseCodec.java:122)
	at org.openqa.selenium.remote.http.W3CHttpResponseCodec.decode(W3CHttpResponseCodec.java:49)
	at org.openqa.selenium.remote.HttpCommandExecutor.execute(HttpCommandExecutor.java:158)
	at org.openqa.selenium.remote.service.DriverCommandExecutor.execute(DriverCommandExecutor.java:83)
	at org.openqa.selenium.remote.RemoteWebDriver.execute(RemoteWebDriver.java:552)
	at com.kms.katalon.selenium.driver.CChromeDriver.execute(CChromeDriver.java:19)
	at org.openqa.selenium.remote.RemoteWebElement.execute(RemoteWebElement.java:285)
	at org.openqa.selenium.remote.RemoteWebElement.click(RemoteWebElement.java:84)
	at org.openqa.selenium.support.events.EventFiringWebDriver$EventFiringWebElement.lambda$new$0(EventFiringWebDriver.java:404)
	at com.sun.proxy.$Proxy17.click(Unknown Source)
	at org.openqa.selenium.support.events.EventFiringWebDriver$EventFiringWebElement.click(EventFiringWebDriver.java:417)
	at com.kms.katalon.core.webui.keyword.builtin.ClickKeyword$_click_closure1.doCall(ClickKeyword.groovy:68)
	at com.kms.katalon.core.webui.keyword.builtin.ClickKeyword$_click_closure1.call(ClickKeyword.groovy)
	at com.kms.katalon.core.webui.keyword.internal.WebUIKeywordMain.runKeyword(WebUIKeywordMain.groovy:20)
	at com.kms.katalon.core.webui.keyword.builtin.ClickKeyword.click(ClickKeyword.groovy:75)
	at com.kms.katalon.core.webui.keyword.builtin.ClickKeyword.execute(ClickKeyword.groovy:42)
	at com.kms.katalon.core.keyword.internal.KeywordExecutor.executeKeywordForPlatform(KeywordExecutor.groovy:73)
	at com.kms.katalon.core.webui.keyword.WebUiBuiltInKeywords.click(WebUiBuiltInKeywords.groovy:619)
	at com.kms.katalon.core.webui.keyword.WebUiBuiltInKeywords$click$2.call(Unknown Source)
	at Script1622088285852.run(Script1622088285852.groovy:23)
	... 13 more
)

2021-05-30 10:26:34 - [TEST_STEP][PASSED] - click(findTestObject("Object Repository/CreateChannel/Page_TEST CHANNEL - TEAM NAME Mattermost/i_CtrlK_icon-plus")): Object: 'Object Repository/CreateChannel/Page_TEST CHANNEL - TEAM NAME Mattermost/i_CtrlK_icon-plus' is clicked on

2021-05-30 10:26:36 - [MESSAGE][PASSED] - Object: 'Object Repository/CreateChannel/Page_TEST CHANNEL - TEAM NAME Mattermost/i_CtrlK_icon-plus' is clicked on

2021-05-30 10:26:36 - [TEST_STEP][PASSED] - click(findTestObject("Object Repository/CreateChannel/Page_TEST CHANNEL - TEAM NAME Mattermost/span_Create New Channel")): Object: 'Object Repository/CreateChannel/Page_TEST CHANNEL - TEAM NAME Mattermost/span_Create New Channel' is clicked on

2021-05-30 10:26:37 - [MESSAGE][PASSED] - Object: 'Object Repository/CreateChannel/Page_TEST CHANNEL - TEAM NAME Mattermost/span_Create New Channel' is clicked on

2021-05-30 10:26:37 - [TEST_STEP][PASSED] - click(findTestObject("Object Repository/CreateChannelPrivate/Page_TEST CHANNEL - TEAM NAME Mattermost/input_- Anyone can join this channel_channelType")): Object: 'Object Repository/CreateChannelPrivate/Page_TEST CHANNEL - TEAM NAME Mattermost/input_- Anyone can join this channel_channelType' is clicked on

2021-05-30 10:26:38 - [MESSAGE][PASSED] - Object: 'Object Repository/CreateChannelPrivate/Page_TEST CHANNEL - TEAM NAME Mattermost/input_- Anyone can join this channel_channelType' is clicked on

2021-05-30 10:26:38 - [TEST_STEP][PASSED] - setText(findTestObject("Object Repository/CreateChannel/Page_TEST CHANNEL - TEAM NAME Mattermost/input_Name_newChannelName"), findTestData("Internal/Internal Channel Private").getValue(1, rowNum)): Text 'Channel private 12234' is set on object 'Object Repository/CreateChannel/Page_TEST CHANNEL - TEAM NAME Mattermost/input_Name_newChannelName'

2021-05-30 10:26:38 - [MESSAGE][PASSED] - Text 'Channel private 12234' is set on object 'Object Repository/CreateChannel/Page_TEST CHANNEL - TEAM NAME Mattermost/input_Name_newChannelName'

2021-05-30 10:26:38 - [TEST_STEP][PASSED] - click(findTestObject("Object Repository/CreateChannel/Page_TEST CHANNEL - TEAM NAME Mattermost/button_Create Channel")): Object: 'Object Repository/CreateChannel/Page_TEST CHANNEL - TEAM NAME Mattermost/button_Create Channel' is clicked on

2021-05-30 10:26:39 - [MESSAGE][PASSED] - Object: 'Object Repository/CreateChannel/Page_TEST CHANNEL - TEAM NAME Mattermost/button_Create Channel' is clicked on

2021-05-30 10:26:39 - [TEST_STEP][FAILED] - click(findTestObject("Object Repository/CreateChannel/Page_TEST CHANNEL - TEAM NAME Mattermost/i_CtrlK_icon-plus")): Unable to click on object 'Object Repository/CreateChannel/Page_TEST CHANNEL - TEAM NAME Mattermost/i_CtrlK_icon-plus' (Root cause: com.kms.katalon.core.exception.StepFailedException: Unable to click on object 'Object Repository/CreateChannel/Page_TEST CHANNEL - TEAM NAME Mattermost/i_CtrlK_icon-plus'
	at com.kms.katalon.core.webui.keyword.internal.WebUIKeywordMain.stepFailed(WebUIKeywordMain.groovy:64)
	at com.kms.katalon.core.webui.keyword.internal.WebUIKeywordMain.runKeyword(WebUIKeywordMain.groovy:26)
	at com.kms.katalon.core.webui.keyword.builtin.ClickKeyword.click(ClickKeyword.groovy:75)
	at com.kms.katalon.core.webui.keyword.builtin.ClickKeyword.execute(ClickKeyword.groovy:42)
	at com.kms.katalon.core.keyword.internal.KeywordExecutor.executeKeywordForPlatform(KeywordExecutor.groovy:73)
	at com.kms.katalon.core.webui.keyword.WebUiBuiltInKeywords.click(WebUiBuiltInKeywords.groovy:619)
	at com.kms.katalon.core.webui.keyword.WebUiBuiltInKeywords$click$2.call(Unknown Source)
	at CreateChannelPrivate.run(CreateChannelPrivate:23)
	at com.kms.katalon.core.main.ScriptEngine.run(ScriptEngine.java:194)
	at com.kms.katalon.core.main.ScriptEngine.runScriptAsRawText(ScriptEngine.java:119)
	at com.kms.katalon.core.main.TestCaseExecutor.runScript(TestCaseExecutor.java:398)
	at com.kms.katalon.core.main.TestCaseExecutor.doExecute(TestCaseExecutor.java:389)
	at com.kms.katalon.core.main.TestCaseExecutor.processExecutionPhase(TestCaseExecutor.java:368)
	at com.kms.katalon.core.main.TestCaseExecutor.accessMainPhase(TestCaseExecutor.java:360)
	at com.kms.katalon.core.main.TestCaseExecutor.execute(TestCaseExecutor.java:255)
	at com.kms.katalon.core.main.TestSuiteExecutor.accessTestCaseMainPhase(TestSuiteExecutor.java:203)
	at com.kms.katalon.core.main.TestSuiteExecutor.accessTestSuiteMainPhase(TestSuiteExecutor.java:152)
	at com.kms.katalon.core.main.TestSuiteExecutor.execute(TestSuiteExecutor.java:95)
	at com.kms.katalon.core.main.TestCaseMain.startTestSuite(TestCaseMain.java:157)
	at com.kms.katalon.core.main.TestCaseMain$startTestSuite$0.call(Unknown Source)
	at TempTestSuite1622370015671.run(TempTestSuite1622370015671.groovy:39)
Caused by: org.openqa.selenium.ElementClickInterceptedException: element click intercepted: Element <i class="icon-plus"></i> is not clickable at point (273, 155). Other element would receive the click: <div class="form-group">...</div>
  (Session info: chrome=91.0.4472.77)
Build info: version: '3.141.59', revision: 'e82be7d358', time: '2018-11-14T08:25:53'
System info: host: 'WIN-SERVER-2019', ip: '10.1.0.4', os.name: 'Windows Server 2019', os.arch: 'amd64', os.version: '10.0', java.version: '1.8.0_282'
Driver info: com.kms.katalon.selenium.driver.CChromeDriver
Capabilities {acceptInsecureCerts: false, browserName: chrome, browserVersion: 91.0.4472.77, chrome: {chromedriverVersion: 90.0.4430.24 (4c6d850f087da..., userDataDir: C:\Users\nttuan\AppData\Loc...}, goog:chromeOptions: {debuggerAddress: localhost:61665}, javascriptEnabled: true, networkConnectionEnabled: false, pageLoadStrategy: normal, platform: WINDOWS, platformName: WINDOWS, proxy: Proxy(), setWindowRect: true, strictFileInteractability: false, timeouts: {implicit: 0, pageLoad: 300000, script: 30000}, unhandledPromptBehavior: dismiss and notify, webauthn:extension:largeBlob: true, webauthn:virtualAuthenticators: true}
Session ID: 756522dbec4bb8d09bb7fc6334ce066d
	at org.openqa.selenium.remote.http.W3CHttpResponseCodec.createException(W3CHttpResponseCodec.java:187)
	at org.openqa.selenium.remote.http.W3CHttpResponseCodec.decode(W3CHttpResponseCodec.java:122)
	at org.openqa.selenium.remote.http.W3CHttpResponseCodec.decode(W3CHttpResponseCodec.java:49)
	at org.openqa.selenium.remote.HttpCommandExecutor.execute(HttpCommandExecutor.java:158)
	at org.openqa.selenium.remote.service.DriverCommandExecutor.execute(DriverCommandExecutor.java:83)
	at org.openqa.selenium.remote.RemoteWebDriver.execute(RemoteWebDriver.java:552)
	at com.kms.katalon.selenium.driver.CChromeDriver.execute(CChromeDriver.java:19)
	at org.openqa.selenium.remote.RemoteWebElement.execute(RemoteWebElement.java:285)
	at org.openqa.selenium.remote.RemoteWebElement.click(RemoteWebElement.java:84)
	at org.openqa.selenium.support.events.EventFiringWebDriver$EventFiringWebElement.lambda$new$0(EventFiringWebDriver.java:404)
	at com.sun.proxy.$Proxy17.click(Unknown Source)
	at org.openqa.selenium.support.events.EventFiringWebDriver$EventFiringWebElement.click(EventFiringWebDriver.java:417)
	at com.kms.katalon.core.webui.keyword.builtin.ClickKeyword$_click_closure1.doCall(ClickKeyword.groovy:68)
	at com.kms.katalon.core.webui.keyword.builtin.ClickKeyword$_click_closure1.call(ClickKeyword.groovy)
	at com.kms.katalon.core.webui.keyword.internal.WebUIKeywordMain.runKeyword(WebUIKeywordMain.groovy:20)
	at com.kms.katalon.core.webui.keyword.builtin.ClickKeyword.click(ClickKeyword.groovy:75)
	at com.kms.katalon.core.webui.keyword.builtin.ClickKeyword.execute(ClickKeyword.groovy:42)
	at com.kms.katalon.core.keyword.internal.KeywordExecutor.executeKeywordForPlatform(KeywordExecutor.groovy:73)
	at com.kms.katalon.core.webui.keyword.WebUiBuiltInKeywords.click(WebUiBuiltInKeywords.groovy:619)
	at com.kms.katalon.core.webui.keyword.WebUiBuiltInKeywords$click$2.call(Unknown Source)
	at Script1622088285852.run(Script1622088285852.groovy:23)
	... 13 more
)

2021-05-30 10:26:41 - [MESSAGE][FAILED] - Unable to click on object 'Object Repository/CreateChannel/Page_TEST CHANNEL - TEAM NAME Mattermost/i_CtrlK_icon-plus' (Root cause: com.kms.katalon.core.exception.StepFailedException: Unable to click on object 'Object Repository/CreateChannel/Page_TEST CHANNEL - TEAM NAME Mattermost/i_CtrlK_icon-plus'
	at com.kms.katalon.core.webui.keyword.internal.WebUIKeywordMain.stepFailed(WebUIKeywordMain.groovy:64)
	at com.kms.katalon.core.webui.keyword.internal.WebUIKeywordMain.runKeyword(WebUIKeywordMain.groovy:26)
	at com.kms.katalon.core.webui.keyword.builtin.ClickKeyword.click(ClickKeyword.groovy:75)
	at com.kms.katalon.core.webui.keyword.builtin.ClickKeyword.execute(ClickKeyword.groovy:42)
	at com.kms.katalon.core.keyword.internal.KeywordExecutor.executeKeywordForPlatform(KeywordExecutor.groovy:73)
	at com.kms.katalon.core.webui.keyword.WebUiBuiltInKeywords.click(WebUiBuiltInKeywords.groovy:619)
	at com.kms.katalon.core.webui.keyword.WebUiBuiltInKeywords$click$2.call(Unknown Source)
	at CreateChannelPrivate.run(CreateChannelPrivate:23)
	at com.kms.katalon.core.main.ScriptEngine.run(ScriptEngine.java:194)
	at com.kms.katalon.core.main.ScriptEngine.runScriptAsRawText(ScriptEngine.java:119)
	at com.kms.katalon.core.main.TestCaseExecutor.runScript(TestCaseExecutor.java:398)
	at com.kms.katalon.core.main.TestCaseExecutor.doExecute(TestCaseExecutor.java:389)
	at com.kms.katalon.core.main.TestCaseExecutor.processExecutionPhase(TestCaseExecutor.java:368)
	at com.kms.katalon.core.main.TestCaseExecutor.accessMainPhase(TestCaseExecutor.java:360)
	at com.kms.katalon.core.main.TestCaseExecutor.execute(TestCaseExecutor.java:255)
	at com.kms.katalon.core.main.TestSuiteExecutor.accessTestCaseMainPhase(TestSuiteExecutor.java:203)
	at com.kms.katalon.core.main.TestSuiteExecutor.accessTestSuiteMainPhase(TestSuiteExecutor.java:152)
	at com.kms.katalon.core.main.TestSuiteExecutor.execute(TestSuiteExecutor.java:95)
	at com.kms.katalon.core.main.TestCaseMain.startTestSuite(TestCaseMain.java:157)
	at com.kms.katalon.core.main.TestCaseMain$startTestSuite$0.call(Unknown Source)
	at TempTestSuite1622370015671.run(TempTestSuite1622370015671.groovy:39)
Caused by: org.openqa.selenium.ElementClickInterceptedException: element click intercepted: Element <i class="icon-plus"></i> is not clickable at point (273, 155). Other element would receive the click: <div class="form-group">...</div>
  (Session info: chrome=91.0.4472.77)
Build info: version: '3.141.59', revision: 'e82be7d358', time: '2018-11-14T08:25:53'
System info: host: 'WIN-SERVER-2019', ip: '10.1.0.4', os.name: 'Windows Server 2019', os.arch: 'amd64', os.version: '10.0', java.version: '1.8.0_282'
Driver info: com.kms.katalon.selenium.driver.CChromeDriver
Capabilities {acceptInsecureCerts: false, browserName: chrome, browserVersion: 91.0.4472.77, chrome: {chromedriverVersion: 90.0.4430.24 (4c6d850f087da..., userDataDir: C:\Users\nttuan\AppData\Loc...}, goog:chromeOptions: {debuggerAddress: localhost:61665}, javascriptEnabled: true, networkConnectionEnabled: false, pageLoadStrategy: normal, platform: WINDOWS, platformName: WINDOWS, proxy: Proxy(), setWindowRect: true, strictFileInteractability: false, timeouts: {implicit: 0, pageLoad: 300000, script: 30000}, unhandledPromptBehavior: dismiss and notify, webauthn:extension:largeBlob: true, webauthn:virtualAuthenticators: true}
Session ID: 756522dbec4bb8d09bb7fc6334ce066d
	at org.openqa.selenium.remote.http.W3CHttpResponseCodec.createException(W3CHttpResponseCodec.java:187)
	at org.openqa.selenium.remote.http.W3CHttpResponseCodec.decode(W3CHttpResponseCodec.java:122)
	at org.openqa.selenium.remote.http.W3CHttpResponseCodec.decode(W3CHttpResponseCodec.java:49)
	at org.openqa.selenium.remote.HttpCommandExecutor.execute(HttpCommandExecutor.java:158)
	at org.openqa.selenium.remote.service.DriverCommandExecutor.execute(DriverCommandExecutor.java:83)
	at org.openqa.selenium.remote.RemoteWebDriver.execute(RemoteWebDriver.java:552)
	at com.kms.katalon.selenium.driver.CChromeDriver.execute(CChromeDriver.java:19)
	at org.openqa.selenium.remote.RemoteWebElement.execute(RemoteWebElement.java:285)
	at org.openqa.selenium.remote.RemoteWebElement.click(RemoteWebElement.java:84)
	at org.openqa.selenium.support.events.EventFiringWebDriver$EventFiringWebElement.lambda$new$0(EventFiringWebDriver.java:404)
	at com.sun.proxy.$Proxy17.click(Unknown Source)
	at org.openqa.selenium.support.events.EventFiringWebDriver$EventFiringWebElement.click(EventFiringWebDriver.java:417)
	at com.kms.katalon.core.webui.keyword.builtin.ClickKeyword$_click_closure1.doCall(ClickKeyword.groovy:68)
	at com.kms.katalon.core.webui.keyword.builtin.ClickKeyword$_click_closure1.call(ClickKeyword.groovy)
	at com.kms.katalon.core.webui.keyword.internal.WebUIKeywordMain.runKeyword(WebUIKeywordMain.groovy:20)
	at com.kms.katalon.core.webui.keyword.builtin.ClickKeyword.click(ClickKeyword.groovy:75)
	at com.kms.katalon.core.webui.keyword.builtin.ClickKeyword.execute(ClickKeyword.groovy:42)
	at com.kms.katalon.core.keyword.internal.KeywordExecutor.executeKeywordForPlatform(KeywordExecutor.groovy:73)
	at com.kms.katalon.core.webui.keyword.WebUiBuiltInKeywords.click(WebUiBuiltInKeywords.groovy:619)
	at com.kms.katalon.core.webui.keyword.WebUiBuiltInKeywords$click$2.call(Unknown Source)
	at Script1622088285852.run(Script1622088285852.groovy:23)
	... 13 more
)
[[ATTACHMENT|C:\\Users\\nttuan\\Downloads\\CDNC\\mattermost-testing\\Reports\\20210530_102014\\Run all test cases\\20210530_102015\\1622370400985.png]]]]></system-out>
         <system-err><![CDATA[2021-05-30 10:26:30 - [TEST_CASE][FAILED] - Test Cases/Internal Test Cases/CreateChannelPrivate: Test Cases/Internal Test Cases/CreateChannelPrivate FAILED.
Reason:
com.kms.katalon.core.exception.StepFailedException: Unable to click on object 'Object Repository/CreateChannel/Page_TEST CHANNEL - TEAM NAME Mattermost/i_CtrlK_icon-plus'
	at com.kms.katalon.core.webui.keyword.internal.WebUIKeywordMain.stepFailed(WebUIKeywordMain.groovy:64)
	at com.kms.katalon.core.webui.keyword.internal.WebUIKeywordMain.runKeyword(WebUIKeywordMain.groovy:26)
	at com.kms.katalon.core.webui.keyword.builtin.ClickKeyword.click(ClickKeyword.groovy:75)
	at com.kms.katalon.core.webui.keyword.builtin.ClickKeyword.execute(ClickKeyword.groovy:42)
	at com.kms.katalon.core.keyword.internal.KeywordExecutor.executeKeywordForPlatform(KeywordExecutor.groovy:73)
	at com.kms.katalon.core.webui.keyword.WebUiBuiltInKeywords.click(WebUiBuiltInKeywords.groovy:619)
	at com.kms.katalon.core.webui.keyword.WebUiBuiltInKeywords$click$2.call(Unknown Source)
	at CreateChannelPrivate.run(CreateChannelPrivate:23)
	at com.kms.katalon.core.main.ScriptEngine.run(ScriptEngine.java:194)
	at com.kms.katalon.core.main.ScriptEngine.runScriptAsRawText(ScriptEngine.java:119)
	at com.kms.katalon.core.main.TestCaseExecutor.runScript(TestCaseExecutor.java:398)
	at com.kms.katalon.core.main.TestCaseExecutor.doExecute(TestCaseExecutor.java:389)
	at com.kms.katalon.core.main.TestCaseExecutor.processExecutionPhase(TestCaseExecutor.java:368)
	at com.kms.katalon.core.main.TestCaseExecutor.accessMainPhase(TestCaseExecutor.java:360)
	at com.kms.katalon.core.main.TestCaseExecutor.execute(TestCaseExecutor.java:255)
	at com.kms.katalon.core.main.TestSuiteExecutor.accessTestCaseMainPhase(TestSuiteExecutor.java:203)
	at com.kms.katalon.core.main.TestSuiteExecutor.accessTestSuiteMainPhase(TestSuiteExecutor.java:152)
	at com.kms.katalon.core.main.TestSuiteExecutor.execute(TestSuiteExecutor.java:95)
	at com.kms.katalon.core.main.TestCaseMain.startTestSuite(TestCaseMain.java:157)
	at com.kms.katalon.core.main.TestCaseMain$startTestSuite$0.call(Unknown Source)
	at TempTestSuite1622370015671.run(TempTestSuite1622370015671.groovy:39)
Caused by: org.openqa.selenium.ElementClickInterceptedException: element click intercepted: Element <i class="icon-plus"></i> is not clickable at point (273, 155). Other element would receive the click: <div class="form-group">...</div>
  (Session info: chrome=91.0.4472.77)
Build info: version: '3.141.59', revision: 'e82be7d358', time: '2018-11-14T08:25:53'
System info: host: 'WIN-SERVER-2019', ip: '10.1.0.4', os.name: 'Windows Server 2019', os.arch: 'amd64', os.version: '10.0', java.version: '1.8.0_282'
Driver info: com.kms.katalon.selenium.driver.CChromeDriver
Capabilities {acceptInsecureCerts: false, browserName: chrome, browserVersion: 91.0.4472.77, chrome: {chromedriverVersion: 90.0.4430.24 (4c6d850f087da..., userDataDir: C:\Users\nttuan\AppData\Loc...}, goog:chromeOptions: {debuggerAddress: localhost:61665}, javascriptEnabled: true, networkConnectionEnabled: false, pageLoadStrategy: normal, platform: WINDOWS, platformName: WINDOWS, proxy: Proxy(), setWindowRect: true, strictFileInteractability: false, timeouts: {implicit: 0, pageLoad: 300000, script: 30000}, unhandledPromptBehavior: dismiss and notify, webauthn:extension:largeBlob: true, webauthn:virtualAuthenticators: true}
Session ID: 756522dbec4bb8d09bb7fc6334ce066d
	at org.openqa.selenium.remote.http.W3CHttpResponseCodec.createException(W3CHttpResponseCodec.java:187)
	at org.openqa.selenium.remote.http.W3CHttpResponseCodec.decode(W3CHttpResponseCodec.java:122)
	at org.openqa.selenium.remote.http.W3CHttpResponseCodec.decode(W3CHttpResponseCodec.java:49)
	at org.openqa.selenium.remote.HttpCommandExecutor.execute(HttpCommandExecutor.java:158)
	at org.openqa.selenium.remote.service.DriverCommandExecutor.execute(DriverCommandExecutor.java:83)
	at org.openqa.selenium.remote.RemoteWebDriver.execute(RemoteWebDriver.java:552)
	at com.kms.katalon.selenium.driver.CChromeDriver.execute(CChromeDriver.java:19)
	at org.openqa.selenium.remote.RemoteWebElement.execute(RemoteWebElement.java:285)
	at org.openqa.selenium.remote.RemoteWebElement.click(RemoteWebElement.java:84)
	at org.openqa.selenium.support.events.EventFiringWebDriver$EventFiringWebElement.lambda$new$0(EventFiringWebDriver.java:404)
	at com.sun.proxy.$Proxy17.click(Unknown Source)
	at org.openqa.selenium.support.events.EventFiringWebDriver$EventFiringWebElement.click(EventFiringWebDriver.java:417)
	at com.kms.katalon.core.webui.keyword.builtin.ClickKeyword$_click_closure1.doCall(ClickKeyword.groovy:68)
	at com.kms.katalon.core.webui.keyword.builtin.ClickKeyword$_click_closure1.call(ClickKeyword.groovy)
	at com.kms.katalon.core.webui.keyword.internal.WebUIKeywordMain.runKeyword(WebUIKeywordMain.groovy:20)
	... 19 more]]></system-err>
      </testcase>
      <testcase name="Test Cases/Internal Test Cases/CreateChannelPublic" time="11.521" classname="Test Cases/Internal Test Cases/CreateChannelPublic" status="FAILED">
         <failure type="FAILED" message="Test Cases/Internal Test Cases/CreateChannelPublic FAILED.
Reason:
com.kms.katalon.core.exception.StepFailedException: Unable to click on object 'Object Repository/CreateChannel/Page_TEST CHANNEL - TEAM NAME Mattermost/i_CtrlK_icon-plus'
	at com.kms.katalon.core.webui.keyword.internal.WebUIKeywordMain.stepFailed(WebUIKeywordMain.groovy:64)
	at com.kms.katalon.core.webui.keyword.internal.WebUIKeywordMain.runKeyword(WebUIKeywordMain.groovy:26)
	at com.kms.katalon.core.webui.keyword.builtin.ClickKeyword.click(ClickKeyword.groovy:75)
	at com.kms.katalon.core.webui.keyword.builtin.ClickKeyword.execute(ClickKeyword.groovy:42)
	at com.kms.katalon.core.keyword.internal.KeywordExecutor.executeKeywordForPlatform(KeywordExecutor.groovy:73)
	at com.kms.katalon.core.webui.keyword.WebUiBuiltInKeywords.click(WebUiBuiltInKeywords.groovy:619)
	at com.kms.katalon.core.webui.keyword.WebUiBuiltInKeywords$click$2.call(Unknown Source)
	at CreateChannelPublic.run(CreateChannelPublic:24)
	at com.kms.katalon.core.main.ScriptEngine.run(ScriptEngine.java:194)
	at com.kms.katalon.core.main.ScriptEngine.runScriptAsRawText(ScriptEngine.java:119)
	at com.kms.katalon.core.main.TestCaseExecutor.runScript(TestCaseExecutor.java:398)
	at com.kms.katalon.core.main.TestCaseExecutor.doExecute(TestCaseExecutor.java:389)
	at com.kms.katalon.core.main.TestCaseExecutor.processExecutionPhase(TestCaseExecutor.java:368)
	at com.kms.katalon.core.main.TestCaseExecutor.accessMainPhase(TestCaseExecutor.java:360)
	at com.kms.katalon.core.main.TestCaseExecutor.execute(TestCaseExecutor.java:255)
	at com.kms.katalon.core.main.TestSuiteExecutor.accessTestCaseMainPhase(TestSuiteExecutor.java:203)
	at com.kms.katalon.core.main.TestSuiteExecutor.accessTestSuiteMainPhase(TestSuiteExecutor.java:152)
	at com.kms.katalon.core.main.TestSuiteExecutor.execute(TestSuiteExecutor.java:95)
	at com.kms.katalon.core.main.TestCaseMain.startTestSuite(TestCaseMain.java:157)
	at com.kms.katalon.core.main.TestCaseMain$startTestSuite$0.call(Unknown Source)
	at TempTestSuite1622370015671.run(TempTestSuite1622370015671.groovy:39)
Caused by: org.openqa.selenium.ElementClickInterceptedException: element click intercepted: Element &lt;i class=&quot;icon-plus&quot;>&lt;/i> is not clickable at point (273, 155). Other element would receive the click: &lt;div class=&quot;form-group&quot;>...&lt;/div>
  (Session info: chrome=91.0.4472.77)
Build info: version: '3.141.59', revision: 'e82be7d358', time: '2018-11-14T08:25:53'
System info: host: 'WIN-SERVER-2019', ip: '10.1.0.4', os.name: 'Windows Server 2019', os.arch: 'amd64', os.version: '10.0', java.version: '1.8.0_282'
Driver info: com.kms.katalon.selenium.driver.CChromeDriver
Capabilities {acceptInsecureCerts: false, browserName: chrome, browserVersion: 91.0.4472.77, chrome: {chromedriverVersion: 90.0.4430.24 (4c6d850f087da..., userDataDir: C:\Users\nttuan\AppData\Loc...}, goog:chromeOptions: {debuggerAddress: localhost:59509}, javascriptEnabled: true, networkConnectionEnabled: false, pageLoadStrategy: normal, platform: WINDOWS, platformName: WINDOWS, proxy: Proxy(), setWindowRect: true, strictFileInteractability: false, timeouts: {implicit: 0, pageLoad: 300000, script: 30000}, unhandledPromptBehavior: dismiss and notify, webauthn:extension:largeBlob: true, webauthn:virtualAuthenticators: true}
Session ID: a7b28fb44679093873584ca21381d6c3
	at org.openqa.selenium.remote.http.W3CHttpResponseCodec.createException(W3CHttpResponseCodec.java:187)
	at org.openqa.selenium.remote.http.W3CHttpResponseCodec.decode(W3CHttpResponseCodec.java:122)
	at org.openqa.selenium.remote.http.W3CHttpResponseCodec.decode(W3CHttpResponseCodec.java:49)
	at org.openqa.selenium.remote.HttpCommandExecutor.execute(HttpCommandExecutor.java:158)
	at org.openqa.selenium.remote.service.DriverCommandExecutor.execute(DriverCommandExecutor.java:83)
	at org.openqa.selenium.remote.RemoteWebDriver.execute(RemoteWebDriver.java:552)
	at com.kms.katalon.selenium.driver.CChromeDriver.execute(CChromeDriver.java:19)
	at org.openqa.selenium.remote.RemoteWebElement.execute(RemoteWebElement.java:285)
	at org.openqa.selenium.remote.RemoteWebElement.click(RemoteWebElement.java:84)
	at org.openqa.selenium.support.events.EventFiringWebDriver$EventFiringWebElement.lambda$new$0(EventFiringWebDriver.java:404)
	at com.sun.proxy.$Proxy17.click(Unknown Source)
	at org.openqa.selenium.support.events.EventFiringWebDriver$EventFiringWebElement.click(EventFiringWebDriver.java:417)
	at com.kms.katalon.core.webui.keyword.builtin.ClickKeyword$_click_closure1.doCall(ClickKeyword.groovy:68)
	at com.kms.katalon.core.webui.keyword.builtin.ClickKeyword$_click_closure1.call(ClickKeyword.groovy)
	at com.kms.katalon.core.webui.keyword.internal.WebUIKeywordMain.runKeyword(WebUIKeywordMain.groovy:20)
	... 19 more
"/>
         <system-out><![CDATA[2021-05-30 10:26:41 - [TEST_CASE][FAILED] - Test Cases/Internal Test Cases/CreateChannelPublic: Test Cases/Internal Test Cases/CreateChannelPublic FAILED.
Reason:
com.kms.katalon.core.exception.StepFailedException: Unable to click on object 'Object Repository/CreateChannel/Page_TEST CHANNEL - TEAM NAME Mattermost/i_CtrlK_icon-plus'
	at com.kms.katalon.core.webui.keyword.internal.WebUIKeywordMain.stepFailed(WebUIKeywordMain.groovy:64)
	at com.kms.katalon.core.webui.keyword.internal.WebUIKeywordMain.runKeyword(WebUIKeywordMain.groovy:26)
	at com.kms.katalon.core.webui.keyword.builtin.ClickKeyword.click(ClickKeyword.groovy:75)
	at com.kms.katalon.core.webui.keyword.builtin.ClickKeyword.execute(ClickKeyword.groovy:42)
	at com.kms.katalon.core.keyword.internal.KeywordExecutor.executeKeywordForPlatform(KeywordExecutor.groovy:73)
	at com.kms.katalon.core.webui.keyword.WebUiBuiltInKeywords.click(WebUiBuiltInKeywords.groovy:619)
	at com.kms.katalon.core.webui.keyword.WebUiBuiltInKeywords$click$2.call(Unknown Source)
	at CreateChannelPublic.run(CreateChannelPublic:24)
	at com.kms.katalon.core.main.ScriptEngine.run(ScriptEngine.java:194)
	at com.kms.katalon.core.main.ScriptEngine.runScriptAsRawText(ScriptEngine.java:119)
	at com.kms.katalon.core.main.TestCaseExecutor.runScript(TestCaseExecutor.java:398)
	at com.kms.katalon.core.main.TestCaseExecutor.doExecute(TestCaseExecutor.java:389)
	at com.kms.katalon.core.main.TestCaseExecutor.processExecutionPhase(TestCaseExecutor.java:368)
	at com.kms.katalon.core.main.TestCaseExecutor.accessMainPhase(TestCaseExecutor.java:360)
	at com.kms.katalon.core.main.TestCaseExecutor.execute(TestCaseExecutor.java:255)
	at com.kms.katalon.core.main.TestSuiteExecutor.accessTestCaseMainPhase(TestSuiteExecutor.java:203)
	at com.kms.katalon.core.main.TestSuiteExecutor.accessTestSuiteMainPhase(TestSuiteExecutor.java:152)
	at com.kms.katalon.core.main.TestSuiteExecutor.execute(TestSuiteExecutor.java:95)
	at com.kms.katalon.core.main.TestCaseMain.startTestSuite(TestCaseMain.java:157)
	at com.kms.katalon.core.main.TestCaseMain$startTestSuite$0.call(Unknown Source)
	at TempTestSuite1622370015671.run(TempTestSuite1622370015671.groovy:39)
Caused by: org.openqa.selenium.ElementClickInterceptedException: element click intercepted: Element <i class="icon-plus"></i> is not clickable at point (273, 155). Other element would receive the click: <div class="form-group">...</div>
  (Session info: chrome=91.0.4472.77)
Build info: version: '3.141.59', revision: 'e82be7d358', time: '2018-11-14T08:25:53'
System info: host: 'WIN-SERVER-2019', ip: '10.1.0.4', os.name: 'Windows Server 2019', os.arch: 'amd64', os.version: '10.0', java.version: '1.8.0_282'
Driver info: com.kms.katalon.selenium.driver.CChromeDriver
Capabilities {acceptInsecureCerts: false, browserName: chrome, browserVersion: 91.0.4472.77, chrome: {chromedriverVersion: 90.0.4430.24 (4c6d850f087da..., userDataDir: C:\Users\nttuan\AppData\Loc...}, goog:chromeOptions: {debuggerAddress: localhost:59509}, javascriptEnabled: true, networkConnectionEnabled: false, pageLoadStrategy: normal, platform: WINDOWS, platformName: WINDOWS, proxy: Proxy(), setWindowRect: true, strictFileInteractability: false, timeouts: {implicit: 0, pageLoad: 300000, script: 30000}, unhandledPromptBehavior: dismiss and notify, webauthn:extension:largeBlob: true, webauthn:virtualAuthenticators: true}
Session ID: a7b28fb44679093873584ca21381d6c3
	at org.openqa.selenium.remote.http.W3CHttpResponseCodec.createException(W3CHttpResponseCodec.java:187)
	at org.openqa.selenium.remote.http.W3CHttpResponseCodec.decode(W3CHttpResponseCodec.java:122)
	at org.openqa.selenium.remote.http.W3CHttpResponseCodec.decode(W3CHttpResponseCodec.java:49)
	at org.openqa.selenium.remote.HttpCommandExecutor.execute(HttpCommandExecutor.java:158)
	at org.openqa.selenium.remote.service.DriverCommandExecutor.execute(DriverCommandExecutor.java:83)
	at org.openqa.selenium.remote.RemoteWebDriver.execute(RemoteWebDriver.java:552)
	at com.kms.katalon.selenium.driver.CChromeDriver.execute(CChromeDriver.java:19)
	at org.openqa.selenium.remote.RemoteWebElement.execute(RemoteWebElement.java:285)
	at org.openqa.selenium.remote.RemoteWebElement.click(RemoteWebElement.java:84)
	at org.openqa.selenium.support.events.EventFiringWebDriver$EventFiringWebElement.lambda$new$0(EventFiringWebDriver.java:404)
	at com.sun.proxy.$Proxy17.click(Unknown Source)
	at org.openqa.selenium.support.events.EventFiringWebDriver$EventFiringWebElement.click(EventFiringWebDriver.java:417)
	at com.kms.katalon.core.webui.keyword.builtin.ClickKeyword$_click_closure1.doCall(ClickKeyword.groovy:68)
	at com.kms.katalon.core.webui.keyword.builtin.ClickKeyword$_click_closure1.call(ClickKeyword.groovy)
	at com.kms.katalon.core.webui.keyword.internal.WebUIKeywordMain.runKeyword(WebUIKeywordMain.groovy:20)
	... 19 more


2021-05-30 10:26:41 - [TEST_STEP][PASSED] - callTestCase(findTestCase("Internal Test Cases/Successful Login"), ["Username":"", "Password":""], STOP_ON_FAILURE): Call Test Case 'Test Cases/Internal Test Cases/Successful Login' successfully

2021-05-30 10:26:41 - [TEST_CASE][PASSED] - Test Cases/Internal Test Cases/Successful Login: Test Cases/Internal Test Cases/Successful Login

2021-05-30 10:26:41 - [TEST_STEP][PASSED] - openBrowser(""): Browser is opened with url: ''

2021-05-30 10:26:41 - [MESSAGE][WARNING] - A browser is already opened. Closing browser and opening a new one

2021-05-30 10:26:42 - [MESSAGE][INFO] - Starting 'Chrome' driver

2021-05-30 10:26:42 - [MESSAGE][INFO] - Action delay is set to 0 milliseconds

2021-05-30 10:26:43 - [MESSAGE][PASSED] - Browser is opened with url: ''

2021-05-30 10:26:43 - [TEST_STEP][PASSED] - navigateToUrl("https://chudenangcao2021.cf/"): Navigate to 'https://chudenangcao2021.cf/' successfully

2021-05-30 10:26:43 - [MESSAGE][PASSED] - Navigate to 'https://chudenangcao2021.cf/' successfully

2021-05-30 10:26:43 - [TEST_STEP][PASSED] - setText(findTestObject("Object Repository/Page_Mattermost/input_All team communication in one place, _dcc84b"), findTestData("Internal/Internal Login Data").getValue(1, 1)): Text 'nguyenvanb' is set on object 'Object Repository/Page_Mattermost/input_All team communication in one place, _dcc84b'

2021-05-30 10:26:45 - [MESSAGE][PASSED] - Text 'nguyenvanb' is set on object 'Object Repository/Page_Mattermost/input_All team communication in one place, _dcc84b'

2021-05-30 10:26:45 - [TEST_STEP][PASSED] - setEncryptedText(findTestObject("Object Repository/Page_Mattermost/input_All team communication in one place, _a3edc6"), findTestData("Internal/Internal Login Data").getValue(2, 1)): Text ****** has been set on object 'Object Repository/Page_Mattermost/input_All team communication in one place, _a3edc6'

2021-05-30 10:26:45 - [MESSAGE][PASSED] - Text ****** has been set on object 'Object Repository/Page_Mattermost/input_All team communication in one place, _a3edc6'

2021-05-30 10:26:45 - [TEST_STEP][PASSED] - click(findTestObject("Object Repository/Page_Mattermost/button_Sign in")): Object: 'Object Repository/Page_Mattermost/button_Sign in' is clicked on

2021-05-30 10:26:46 - [MESSAGE][PASSED] - Object: 'Object Repository/Page_Mattermost/button_Sign in' is clicked on

2021-05-30 10:26:46 - [TEST_STEP][PASSED] - verifyLinksAccessible(["https://chudenangcao2021.cf/cdnc-cnpm-2021/channels"]): All links are accessible

2021-05-30 10:26:46 - [MESSAGE][INFO] - HAR: C:\Users\nttuan\Downloads\CDNC\mattermost-testing\Reports\20210530_102014\Run all test cases\20210530_102015\requests\main\36.har

2021-05-30 10:26:46 - [MESSAGE][PASSED] - Send request successfully

2021-05-30 10:26:46 - [MESSAGE][PASSED] - All links are accessible

2021-05-30 10:26:46 - [MESSAGE][PASSED] - Call Test Case 'Test Cases/Internal Test Cases/Successful Login' successfully

2021-05-30 10:26:46 - [TEST_STEP][FAILED] - for ([rowNum = 1, rowNum <= findTestData("Internal/Internal Channel Public").getRowNumbers(), (rowNum++)]): Unable to click on object 'Object Repository/CreateChannel/Page_TEST CHANNEL - TEAM NAME Mattermost/i_CtrlK_icon-plus' (Root cause: com.kms.katalon.core.exception.StepFailedException: Unable to click on object 'Object Repository/CreateChannel/Page_TEST CHANNEL - TEAM NAME Mattermost/i_CtrlK_icon-plus'
	at com.kms.katalon.core.webui.keyword.internal.WebUIKeywordMain.stepFailed(WebUIKeywordMain.groovy:64)
	at com.kms.katalon.core.webui.keyword.internal.WebUIKeywordMain.runKeyword(WebUIKeywordMain.groovy:26)
	at com.kms.katalon.core.webui.keyword.builtin.ClickKeyword.click(ClickKeyword.groovy:75)
	at com.kms.katalon.core.webui.keyword.builtin.ClickKeyword.execute(ClickKeyword.groovy:42)
	at com.kms.katalon.core.keyword.internal.KeywordExecutor.executeKeywordForPlatform(KeywordExecutor.groovy:73)
	at com.kms.katalon.core.webui.keyword.WebUiBuiltInKeywords.click(WebUiBuiltInKeywords.groovy:619)
	at com.kms.katalon.core.webui.keyword.WebUiBuiltInKeywords$click$2.call(Unknown Source)
	at CreateChannelPublic.run(CreateChannelPublic:24)
	at com.kms.katalon.core.main.ScriptEngine.run(ScriptEngine.java:194)
	at com.kms.katalon.core.main.ScriptEngine.runScriptAsRawText(ScriptEngine.java:119)
	at com.kms.katalon.core.main.TestCaseExecutor.runScript(TestCaseExecutor.java:398)
	at com.kms.katalon.core.main.TestCaseExecutor.doExecute(TestCaseExecutor.java:389)
	at com.kms.katalon.core.main.TestCaseExecutor.processExecutionPhase(TestCaseExecutor.java:368)
	at com.kms.katalon.core.main.TestCaseExecutor.accessMainPhase(TestCaseExecutor.java:360)
	at com.kms.katalon.core.main.TestCaseExecutor.execute(TestCaseExecutor.java:255)
	at com.kms.katalon.core.main.TestSuiteExecutor.accessTestCaseMainPhase(TestSuiteExecutor.java:203)
	at com.kms.katalon.core.main.TestSuiteExecutor.accessTestSuiteMainPhase(TestSuiteExecutor.java:152)
	at com.kms.katalon.core.main.TestSuiteExecutor.execute(TestSuiteExecutor.java:95)
	at com.kms.katalon.core.main.TestCaseMain.startTestSuite(TestCaseMain.java:157)
	at com.kms.katalon.core.main.TestCaseMain$startTestSuite$0.call(Unknown Source)
	at TempTestSuite1622370015671.run(TempTestSuite1622370015671.groovy:39)
Caused by: org.openqa.selenium.ElementClickInterceptedException: element click intercepted: Element <i class="icon-plus"></i> is not clickable at point (273, 155). Other element would receive the click: <div class="form-group">...</div>
  (Session info: chrome=91.0.4472.77)
Build info: version: '3.141.59', revision: 'e82be7d358', time: '2018-11-14T08:25:53'
System info: host: 'WIN-SERVER-2019', ip: '10.1.0.4', os.name: 'Windows Server 2019', os.arch: 'amd64', os.version: '10.0', java.version: '1.8.0_282'
Driver info: com.kms.katalon.selenium.driver.CChromeDriver
Capabilities {acceptInsecureCerts: false, browserName: chrome, browserVersion: 91.0.4472.77, chrome: {chromedriverVersion: 90.0.4430.24 (4c6d850f087da..., userDataDir: C:\Users\nttuan\AppData\Loc...}, goog:chromeOptions: {debuggerAddress: localhost:59509}, javascriptEnabled: true, networkConnectionEnabled: false, pageLoadStrategy: normal, platform: WINDOWS, platformName: WINDOWS, proxy: Proxy(), setWindowRect: true, strictFileInteractability: false, timeouts: {implicit: 0, pageLoad: 300000, script: 30000}, unhandledPromptBehavior: dismiss and notify, webauthn:extension:largeBlob: true, webauthn:virtualAuthenticators: true}
Session ID: a7b28fb44679093873584ca21381d6c3
	at org.openqa.selenium.remote.http.W3CHttpResponseCodec.createException(W3CHttpResponseCodec.java:187)
	at org.openqa.selenium.remote.http.W3CHttpResponseCodec.decode(W3CHttpResponseCodec.java:122)
	at org.openqa.selenium.remote.http.W3CHttpResponseCodec.decode(W3CHttpResponseCodec.java:49)
	at org.openqa.selenium.remote.HttpCommandExecutor.execute(HttpCommandExecutor.java:158)
	at org.openqa.selenium.remote.service.DriverCommandExecutor.execute(DriverCommandExecutor.java:83)
	at org.openqa.selenium.remote.RemoteWebDriver.execute(RemoteWebDriver.java:552)
	at com.kms.katalon.selenium.driver.CChromeDriver.execute(CChromeDriver.java:19)
	at org.openqa.selenium.remote.RemoteWebElement.execute(RemoteWebElement.java:285)
	at org.openqa.selenium.remote.RemoteWebElement.click(RemoteWebElement.java:84)
	at org.openqa.selenium.support.events.EventFiringWebDriver$EventFiringWebElement.lambda$new$0(EventFiringWebDriver.java:404)
	at com.sun.proxy.$Proxy17.click(Unknown Source)
	at org.openqa.selenium.support.events.EventFiringWebDriver$EventFiringWebElement.click(EventFiringWebDriver.java:417)
	at com.kms.katalon.core.webui.keyword.builtin.ClickKeyword$_click_closure1.doCall(ClickKeyword.groovy:68)
	at com.kms.katalon.core.webui.keyword.builtin.ClickKeyword$_click_closure1.call(ClickKeyword.groovy)
	at com.kms.katalon.core.webui.keyword.internal.WebUIKeywordMain.runKeyword(WebUIKeywordMain.groovy:20)
	at com.kms.katalon.core.webui.keyword.builtin.ClickKeyword.click(ClickKeyword.groovy:75)
	at com.kms.katalon.core.webui.keyword.builtin.ClickKeyword.execute(ClickKeyword.groovy:42)
	at com.kms.katalon.core.keyword.internal.KeywordExecutor.executeKeywordForPlatform(KeywordExecutor.groovy:73)
	at com.kms.katalon.core.webui.keyword.WebUiBuiltInKeywords.click(WebUiBuiltInKeywords.groovy:619)
	at com.kms.katalon.core.webui.keyword.WebUiBuiltInKeywords$click$2.call(Unknown Source)
	at Script1622088008923.run(Script1622088008923.groovy:24)
	... 13 more
)

2021-05-30 10:26:46 - [TEST_STEP][PASSED] - click(findTestObject("Object Repository/CreateChannel/Page_TEST CHANNEL - TEAM NAME Mattermost/i_CtrlK_icon-plus")): Object: 'Object Repository/CreateChannel/Page_TEST CHANNEL - TEAM NAME Mattermost/i_CtrlK_icon-plus' is clicked on

2021-05-30 10:26:48 - [MESSAGE][PASSED] - Object: 'Object Repository/CreateChannel/Page_TEST CHANNEL - TEAM NAME Mattermost/i_CtrlK_icon-plus' is clicked on

2021-05-30 10:26:48 - [TEST_STEP][PASSED] - click(findTestObject("Object Repository/CreateChannel/Page_TEST CHANNEL - TEAM NAME Mattermost/span_Create New Channel")): Object: 'Object Repository/CreateChannel/Page_TEST CHANNEL - TEAM NAME Mattermost/span_Create New Channel' is clicked on

2021-05-30 10:26:48 - [MESSAGE][PASSED] - Object: 'Object Repository/CreateChannel/Page_TEST CHANNEL - TEAM NAME Mattermost/span_Create New Channel' is clicked on

2021-05-30 10:26:48 - [TEST_STEP][PASSED] - click(findTestObject("Object Repository/CreateChannel/Page_TEST CHANNEL - TEAM NAME Mattermost/input_Type_channelType")): Object: 'Object Repository/CreateChannel/Page_TEST CHANNEL - TEAM NAME Mattermost/input_Type_channelType' is clicked on

2021-05-30 10:26:49 - [MESSAGE][PASSED] - Object: 'Object Repository/CreateChannel/Page_TEST CHANNEL - TEAM NAME Mattermost/input_Type_channelType' is clicked on

2021-05-30 10:26:49 - [TEST_STEP][PASSED] - setText(findTestObject("Object Repository/CreateChannel/Page_TEST CHANNEL - TEAM NAME Mattermost/input_Name_newChannelName"), findTestData("Internal/Internal Channel Public").getValue(1, rowNum)): Text 'Channel Public 12445' is set on object 'Object Repository/CreateChannel/Page_TEST CHANNEL - TEAM NAME Mattermost/input_Name_newChannelName'

2021-05-30 10:26:50 - [MESSAGE][PASSED] - Text 'Channel Public 12445' is set on object 'Object Repository/CreateChannel/Page_TEST CHANNEL - TEAM NAME Mattermost/input_Name_newChannelName'

2021-05-30 10:26:50 - [TEST_STEP][PASSED] - click(findTestObject("Object Repository/CreateChannel/Page_TEST CHANNEL - TEAM NAME Mattermost/button_Create Channel")): Object: 'Object Repository/CreateChannel/Page_TEST CHANNEL - TEAM NAME Mattermost/button_Create Channel' is clicked on

2021-05-30 10:26:50 - [MESSAGE][PASSED] - Object: 'Object Repository/CreateChannel/Page_TEST CHANNEL - TEAM NAME Mattermost/button_Create Channel' is clicked on

2021-05-30 10:26:50 - [TEST_STEP][FAILED] - click(findTestObject("Object Repository/CreateChannel/Page_TEST CHANNEL - TEAM NAME Mattermost/i_CtrlK_icon-plus")): Unable to click on object 'Object Repository/CreateChannel/Page_TEST CHANNEL - TEAM NAME Mattermost/i_CtrlK_icon-plus' (Root cause: com.kms.katalon.core.exception.StepFailedException: Unable to click on object 'Object Repository/CreateChannel/Page_TEST CHANNEL - TEAM NAME Mattermost/i_CtrlK_icon-plus'
	at com.kms.katalon.core.webui.keyword.internal.WebUIKeywordMain.stepFailed(WebUIKeywordMain.groovy:64)
	at com.kms.katalon.core.webui.keyword.internal.WebUIKeywordMain.runKeyword(WebUIKeywordMain.groovy:26)
	at com.kms.katalon.core.webui.keyword.builtin.ClickKeyword.click(ClickKeyword.groovy:75)
	at com.kms.katalon.core.webui.keyword.builtin.ClickKeyword.execute(ClickKeyword.groovy:42)
	at com.kms.katalon.core.keyword.internal.KeywordExecutor.executeKeywordForPlatform(KeywordExecutor.groovy:73)
	at com.kms.katalon.core.webui.keyword.WebUiBuiltInKeywords.click(WebUiBuiltInKeywords.groovy:619)
	at com.kms.katalon.core.webui.keyword.WebUiBuiltInKeywords$click$2.call(Unknown Source)
	at CreateChannelPublic.run(CreateChannelPublic:24)
	at com.kms.katalon.core.main.ScriptEngine.run(ScriptEngine.java:194)
	at com.kms.katalon.core.main.ScriptEngine.runScriptAsRawText(ScriptEngine.java:119)
	at com.kms.katalon.core.main.TestCaseExecutor.runScript(TestCaseExecutor.java:398)
	at com.kms.katalon.core.main.TestCaseExecutor.doExecute(TestCaseExecutor.java:389)
	at com.kms.katalon.core.main.TestCaseExecutor.processExecutionPhase(TestCaseExecutor.java:368)
	at com.kms.katalon.core.main.TestCaseExecutor.accessMainPhase(TestCaseExecutor.java:360)
	at com.kms.katalon.core.main.TestCaseExecutor.execute(TestCaseExecutor.java:255)
	at com.kms.katalon.core.main.TestSuiteExecutor.accessTestCaseMainPhase(TestSuiteExecutor.java:203)
	at com.kms.katalon.core.main.TestSuiteExecutor.accessTestSuiteMainPhase(TestSuiteExecutor.java:152)
	at com.kms.katalon.core.main.TestSuiteExecutor.execute(TestSuiteExecutor.java:95)
	at com.kms.katalon.core.main.TestCaseMain.startTestSuite(TestCaseMain.java:157)
	at com.kms.katalon.core.main.TestCaseMain$startTestSuite$0.call(Unknown Source)
	at TempTestSuite1622370015671.run(TempTestSuite1622370015671.groovy:39)
Caused by: org.openqa.selenium.ElementClickInterceptedException: element click intercepted: Element <i class="icon-plus"></i> is not clickable at point (273, 155). Other element would receive the click: <div class="form-group">...</div>
  (Session info: chrome=91.0.4472.77)
Build info: version: '3.141.59', revision: 'e82be7d358', time: '2018-11-14T08:25:53'
System info: host: 'WIN-SERVER-2019', ip: '10.1.0.4', os.name: 'Windows Server 2019', os.arch: 'amd64', os.version: '10.0', java.version: '1.8.0_282'
Driver info: com.kms.katalon.selenium.driver.CChromeDriver
Capabilities {acceptInsecureCerts: false, browserName: chrome, browserVersion: 91.0.4472.77, chrome: {chromedriverVersion: 90.0.4430.24 (4c6d850f087da..., userDataDir: C:\Users\nttuan\AppData\Loc...}, goog:chromeOptions: {debuggerAddress: localhost:59509}, javascriptEnabled: true, networkConnectionEnabled: false, pageLoadStrategy: normal, platform: WINDOWS, platformName: WINDOWS, proxy: Proxy(), setWindowRect: true, strictFileInteractability: false, timeouts: {implicit: 0, pageLoad: 300000, script: 30000}, unhandledPromptBehavior: dismiss and notify, webauthn:extension:largeBlob: true, webauthn:virtualAuthenticators: true}
Session ID: a7b28fb44679093873584ca21381d6c3
	at org.openqa.selenium.remote.http.W3CHttpResponseCodec.createException(W3CHttpResponseCodec.java:187)
	at org.openqa.selenium.remote.http.W3CHttpResponseCodec.decode(W3CHttpResponseCodec.java:122)
	at org.openqa.selenium.remote.http.W3CHttpResponseCodec.decode(W3CHttpResponseCodec.java:49)
	at org.openqa.selenium.remote.HttpCommandExecutor.execute(HttpCommandExecutor.java:158)
	at org.openqa.selenium.remote.service.DriverCommandExecutor.execute(DriverCommandExecutor.java:83)
	at org.openqa.selenium.remote.RemoteWebDriver.execute(RemoteWebDriver.java:552)
	at com.kms.katalon.selenium.driver.CChromeDriver.execute(CChromeDriver.java:19)
	at org.openqa.selenium.remote.RemoteWebElement.execute(RemoteWebElement.java:285)
	at org.openqa.selenium.remote.RemoteWebElement.click(RemoteWebElement.java:84)
	at org.openqa.selenium.support.events.EventFiringWebDriver$EventFiringWebElement.lambda$new$0(EventFiringWebDriver.java:404)
	at com.sun.proxy.$Proxy17.click(Unknown Source)
	at org.openqa.selenium.support.events.EventFiringWebDriver$EventFiringWebElement.click(EventFiringWebDriver.java:417)
	at com.kms.katalon.core.webui.keyword.builtin.ClickKeyword$_click_closure1.doCall(ClickKeyword.groovy:68)
	at com.kms.katalon.core.webui.keyword.builtin.ClickKeyword$_click_closure1.call(ClickKeyword.groovy)
	at com.kms.katalon.core.webui.keyword.internal.WebUIKeywordMain.runKeyword(WebUIKeywordMain.groovy:20)
	at com.kms.katalon.core.webui.keyword.builtin.ClickKeyword.click(ClickKeyword.groovy:75)
	at com.kms.katalon.core.webui.keyword.builtin.ClickKeyword.execute(ClickKeyword.groovy:42)
	at com.kms.katalon.core.keyword.internal.KeywordExecutor.executeKeywordForPlatform(KeywordExecutor.groovy:73)
	at com.kms.katalon.core.webui.keyword.WebUiBuiltInKeywords.click(WebUiBuiltInKeywords.groovy:619)
	at com.kms.katalon.core.webui.keyword.WebUiBuiltInKeywords$click$2.call(Unknown Source)
	at Script1622088008923.run(Script1622088008923.groovy:24)
	... 13 more
)

2021-05-30 10:26:52 - [MESSAGE][FAILED] - Unable to click on object 'Object Repository/CreateChannel/Page_TEST CHANNEL - TEAM NAME Mattermost/i_CtrlK_icon-plus' (Root cause: com.kms.katalon.core.exception.StepFailedException: Unable to click on object 'Object Repository/CreateChannel/Page_TEST CHANNEL - TEAM NAME Mattermost/i_CtrlK_icon-plus'
	at com.kms.katalon.core.webui.keyword.internal.WebUIKeywordMain.stepFailed(WebUIKeywordMain.groovy:64)
	at com.kms.katalon.core.webui.keyword.internal.WebUIKeywordMain.runKeyword(WebUIKeywordMain.groovy:26)
	at com.kms.katalon.core.webui.keyword.builtin.ClickKeyword.click(ClickKeyword.groovy:75)
	at com.kms.katalon.core.webui.keyword.builtin.ClickKeyword.execute(ClickKeyword.groovy:42)
	at com.kms.katalon.core.keyword.internal.KeywordExecutor.executeKeywordForPlatform(KeywordExecutor.groovy:73)
	at com.kms.katalon.core.webui.keyword.WebUiBuiltInKeywords.click(WebUiBuiltInKeywords.groovy:619)
	at com.kms.katalon.core.webui.keyword.WebUiBuiltInKeywords$click$2.call(Unknown Source)
	at CreateChannelPublic.run(CreateChannelPublic:24)
	at com.kms.katalon.core.main.ScriptEngine.run(ScriptEngine.java:194)
	at com.kms.katalon.core.main.ScriptEngine.runScriptAsRawText(ScriptEngine.java:119)
	at com.kms.katalon.core.main.TestCaseExecutor.runScript(TestCaseExecutor.java:398)
	at com.kms.katalon.core.main.TestCaseExecutor.doExecute(TestCaseExecutor.java:389)
	at com.kms.katalon.core.main.TestCaseExecutor.processExecutionPhase(TestCaseExecutor.java:368)
	at com.kms.katalon.core.main.TestCaseExecutor.accessMainPhase(TestCaseExecutor.java:360)
	at com.kms.katalon.core.main.TestCaseExecutor.execute(TestCaseExecutor.java:255)
	at com.kms.katalon.core.main.TestSuiteExecutor.accessTestCaseMainPhase(TestSuiteExecutor.java:203)
	at com.kms.katalon.core.main.TestSuiteExecutor.accessTestSuiteMainPhase(TestSuiteExecutor.java:152)
	at com.kms.katalon.core.main.TestSuiteExecutor.execute(TestSuiteExecutor.java:95)
	at com.kms.katalon.core.main.TestCaseMain.startTestSuite(TestCaseMain.java:157)
	at com.kms.katalon.core.main.TestCaseMain$startTestSuite$0.call(Unknown Source)
	at TempTestSuite1622370015671.run(TempTestSuite1622370015671.groovy:39)
Caused by: org.openqa.selenium.ElementClickInterceptedException: element click intercepted: Element <i class="icon-plus"></i> is not clickable at point (273, 155). Other element would receive the click: <div class="form-group">...</div>
  (Session info: chrome=91.0.4472.77)
Build info: version: '3.141.59', revision: 'e82be7d358', time: '2018-11-14T08:25:53'
System info: host: 'WIN-SERVER-2019', ip: '10.1.0.4', os.name: 'Windows Server 2019', os.arch: 'amd64', os.version: '10.0', java.version: '1.8.0_282'
Driver info: com.kms.katalon.selenium.driver.CChromeDriver
Capabilities {acceptInsecureCerts: false, browserName: chrome, browserVersion: 91.0.4472.77, chrome: {chromedriverVersion: 90.0.4430.24 (4c6d850f087da..., userDataDir: C:\Users\nttuan\AppData\Loc...}, goog:chromeOptions: {debuggerAddress: localhost:59509}, javascriptEnabled: true, networkConnectionEnabled: false, pageLoadStrategy: normal, platform: WINDOWS, platformName: WINDOWS, proxy: Proxy(), setWindowRect: true, strictFileInteractability: false, timeouts: {implicit: 0, pageLoad: 300000, script: 30000}, unhandledPromptBehavior: dismiss and notify, webauthn:extension:largeBlob: true, webauthn:virtualAuthenticators: true}
Session ID: a7b28fb44679093873584ca21381d6c3
	at org.openqa.selenium.remote.http.W3CHttpResponseCodec.createException(W3CHttpResponseCodec.java:187)
	at org.openqa.selenium.remote.http.W3CHttpResponseCodec.decode(W3CHttpResponseCodec.java:122)
	at org.openqa.selenium.remote.http.W3CHttpResponseCodec.decode(W3CHttpResponseCodec.java:49)
	at org.openqa.selenium.remote.HttpCommandExecutor.execute(HttpCommandExecutor.java:158)
	at org.openqa.selenium.remote.service.DriverCommandExecutor.execute(DriverCommandExecutor.java:83)
	at org.openqa.selenium.remote.RemoteWebDriver.execute(RemoteWebDriver.java:552)
	at com.kms.katalon.selenium.driver.CChromeDriver.execute(CChromeDriver.java:19)
	at org.openqa.selenium.remote.RemoteWebElement.execute(RemoteWebElement.java:285)
	at org.openqa.selenium.remote.RemoteWebElement.click(RemoteWebElement.java:84)
	at org.openqa.selenium.support.events.EventFiringWebDriver$EventFiringWebElement.lambda$new$0(EventFiringWebDriver.java:404)
	at com.sun.proxy.$Proxy17.click(Unknown Source)
	at org.openqa.selenium.support.events.EventFiringWebDriver$EventFiringWebElement.click(EventFiringWebDriver.java:417)
	at com.kms.katalon.core.webui.keyword.builtin.ClickKeyword$_click_closure1.doCall(ClickKeyword.groovy:68)
	at com.kms.katalon.core.webui.keyword.builtin.ClickKeyword$_click_closure1.call(ClickKeyword.groovy)
	at com.kms.katalon.core.webui.keyword.internal.WebUIKeywordMain.runKeyword(WebUIKeywordMain.groovy:20)
	at com.kms.katalon.core.webui.keyword.builtin.ClickKeyword.click(ClickKeyword.groovy:75)
	at com.kms.katalon.core.webui.keyword.builtin.ClickKeyword.execute(ClickKeyword.groovy:42)
	at com.kms.katalon.core.keyword.internal.KeywordExecutor.executeKeywordForPlatform(KeywordExecutor.groovy:73)
	at com.kms.katalon.core.webui.keyword.WebUiBuiltInKeywords.click(WebUiBuiltInKeywords.groovy:619)
	at com.kms.katalon.core.webui.keyword.WebUiBuiltInKeywords$click$2.call(Unknown Source)
	at Script1622088008923.run(Script1622088008923.groovy:24)
	... 13 more
)
[[ATTACHMENT|C:\\Users\\nttuan\\Downloads\\CDNC\\mattermost-testing\\Reports\\20210530_102014\\Run all test cases\\20210530_102015\\1622370412503.png]]]]></system-out>
         <system-err><![CDATA[2021-05-30 10:26:41 - [TEST_CASE][FAILED] - Test Cases/Internal Test Cases/CreateChannelPublic: Test Cases/Internal Test Cases/CreateChannelPublic FAILED.
Reason:
com.kms.katalon.core.exception.StepFailedException: Unable to click on object 'Object Repository/CreateChannel/Page_TEST CHANNEL - TEAM NAME Mattermost/i_CtrlK_icon-plus'
	at com.kms.katalon.core.webui.keyword.internal.WebUIKeywordMain.stepFailed(WebUIKeywordMain.groovy:64)
	at com.kms.katalon.core.webui.keyword.internal.WebUIKeywordMain.runKeyword(WebUIKeywordMain.groovy:26)
	at com.kms.katalon.core.webui.keyword.builtin.ClickKeyword.click(ClickKeyword.groovy:75)
	at com.kms.katalon.core.webui.keyword.builtin.ClickKeyword.execute(ClickKeyword.groovy:42)
	at com.kms.katalon.core.keyword.internal.KeywordExecutor.executeKeywordForPlatform(KeywordExecutor.groovy:73)
	at com.kms.katalon.core.webui.keyword.WebUiBuiltInKeywords.click(WebUiBuiltInKeywords.groovy:619)
	at com.kms.katalon.core.webui.keyword.WebUiBuiltInKeywords$click$2.call(Unknown Source)
	at CreateChannelPublic.run(CreateChannelPublic:24)
	at com.kms.katalon.core.main.ScriptEngine.run(ScriptEngine.java:194)
	at com.kms.katalon.core.main.ScriptEngine.runScriptAsRawText(ScriptEngine.java:119)
	at com.kms.katalon.core.main.TestCaseExecutor.runScript(TestCaseExecutor.java:398)
	at com.kms.katalon.core.main.TestCaseExecutor.doExecute(TestCaseExecutor.java:389)
	at com.kms.katalon.core.main.TestCaseExecutor.processExecutionPhase(TestCaseExecutor.java:368)
	at com.kms.katalon.core.main.TestCaseExecutor.accessMainPhase(TestCaseExecutor.java:360)
	at com.kms.katalon.core.main.TestCaseExecutor.execute(TestCaseExecutor.java:255)
	at com.kms.katalon.core.main.TestSuiteExecutor.accessTestCaseMainPhase(TestSuiteExecutor.java:203)
	at com.kms.katalon.core.main.TestSuiteExecutor.accessTestSuiteMainPhase(TestSuiteExecutor.java:152)
	at com.kms.katalon.core.main.TestSuiteExecutor.execute(TestSuiteExecutor.java:95)
	at com.kms.katalon.core.main.TestCaseMain.startTestSuite(TestCaseMain.java:157)
	at com.kms.katalon.core.main.TestCaseMain$startTestSuite$0.call(Unknown Source)
	at TempTestSuite1622370015671.run(TempTestSuite1622370015671.groovy:39)
Caused by: org.openqa.selenium.ElementClickInterceptedException: element click intercepted: Element <i class="icon-plus"></i> is not clickable at point (273, 155). Other element would receive the click: <div class="form-group">...</div>
  (Session info: chrome=91.0.4472.77)
Build info: version: '3.141.59', revision: 'e82be7d358', time: '2018-11-14T08:25:53'
System info: host: 'WIN-SERVER-2019', ip: '10.1.0.4', os.name: 'Windows Server 2019', os.arch: 'amd64', os.version: '10.0', java.version: '1.8.0_282'
Driver info: com.kms.katalon.selenium.driver.CChromeDriver
Capabilities {acceptInsecureCerts: false, browserName: chrome, browserVersion: 91.0.4472.77, chrome: {chromedriverVersion: 90.0.4430.24 (4c6d850f087da..., userDataDir: C:\Users\nttuan\AppData\Loc...}, goog:chromeOptions: {debuggerAddress: localhost:59509}, javascriptEnabled: true, networkConnectionEnabled: false, pageLoadStrategy: normal, platform: WINDOWS, platformName: WINDOWS, proxy: Proxy(), setWindowRect: true, strictFileInteractability: false, timeouts: {implicit: 0, pageLoad: 300000, script: 30000}, unhandledPromptBehavior: dismiss and notify, webauthn:extension:largeBlob: true, webauthn:virtualAuthenticators: true}
Session ID: a7b28fb44679093873584ca21381d6c3
	at org.openqa.selenium.remote.http.W3CHttpResponseCodec.createException(W3CHttpResponseCodec.java:187)
	at org.openqa.selenium.remote.http.W3CHttpResponseCodec.decode(W3CHttpResponseCodec.java:122)
	at org.openqa.selenium.remote.http.W3CHttpResponseCodec.decode(W3CHttpResponseCodec.java:49)
	at org.openqa.selenium.remote.HttpCommandExecutor.execute(HttpCommandExecutor.java:158)
	at org.openqa.selenium.remote.service.DriverCommandExecutor.execute(DriverCommandExecutor.java:83)
	at org.openqa.selenium.remote.RemoteWebDriver.execute(RemoteWebDriver.java:552)
	at com.kms.katalon.selenium.driver.CChromeDriver.execute(CChromeDriver.java:19)
	at org.openqa.selenium.remote.RemoteWebElement.execute(RemoteWebElement.java:285)
	at org.openqa.selenium.remote.RemoteWebElement.click(RemoteWebElement.java:84)
	at org.openqa.selenium.support.events.EventFiringWebDriver$EventFiringWebElement.lambda$new$0(EventFiringWebDriver.java:404)
	at com.sun.proxy.$Proxy17.click(Unknown Source)
	at org.openqa.selenium.support.events.EventFiringWebDriver$EventFiringWebElement.click(EventFiringWebDriver.java:417)
	at com.kms.katalon.core.webui.keyword.builtin.ClickKeyword$_click_closure1.doCall(ClickKeyword.groovy:68)
	at com.kms.katalon.core.webui.keyword.builtin.ClickKeyword$_click_closure1.call(ClickKeyword.groovy)
	at com.kms.katalon.core.webui.keyword.internal.WebUIKeywordMain.runKeyword(WebUIKeywordMain.groovy:20)
	... 19 more]]></system-err>
      </testcase>
      <testcase name="Test Cases/Internal Test Cases/CreateTeam" time="44.814" classname="Test Cases/Internal Test Cases/CreateTeam" status="FAILED">
         <failure type="FAILED" message="Test Cases/Internal Test Cases/CreateTeam FAILED.
Reason:
com.kms.katalon.core.exception.StepFailedException: Unable to click on object 'Object Repository/Page_TEST CHANNEL - TEAM NAME Mattermost/svg'
	at com.kms.katalon.core.webui.keyword.internal.WebUIKeywordMain.stepFailed(WebUIKeywordMain.groovy:64)
	at com.kms.katalon.core.webui.keyword.internal.WebUIKeywordMain.runKeyword(WebUIKeywordMain.groovy:26)
	at com.kms.katalon.core.webui.keyword.builtin.ClickKeyword.click(ClickKeyword.groovy:75)
	at com.kms.katalon.core.webui.keyword.builtin.ClickKeyword.execute(ClickKeyword.groovy:42)
	at com.kms.katalon.core.keyword.internal.KeywordExecutor.executeKeywordForPlatform(KeywordExecutor.groovy:73)
	at com.kms.katalon.core.webui.keyword.WebUiBuiltInKeywords.click(WebUiBuiltInKeywords.groovy:619)
	at com.kms.katalon.core.webui.keyword.WebUiBuiltInKeywords$click$2.call(Unknown Source)
	at CreateTeam.run(CreateTeam:23)
	at com.kms.katalon.core.main.ScriptEngine.run(ScriptEngine.java:194)
	at com.kms.katalon.core.main.ScriptEngine.runScriptAsRawText(ScriptEngine.java:119)
	at com.kms.katalon.core.main.TestCaseExecutor.runScript(TestCaseExecutor.java:398)
	at com.kms.katalon.core.main.TestCaseExecutor.doExecute(TestCaseExecutor.java:389)
	at com.kms.katalon.core.main.TestCaseExecutor.processExecutionPhase(TestCaseExecutor.java:368)
	at com.kms.katalon.core.main.TestCaseExecutor.accessMainPhase(TestCaseExecutor.java:360)
	at com.kms.katalon.core.main.TestCaseExecutor.execute(TestCaseExecutor.java:255)
	at com.kms.katalon.core.main.TestSuiteExecutor.accessTestCaseMainPhase(TestSuiteExecutor.java:203)
	at com.kms.katalon.core.main.TestSuiteExecutor.accessTestSuiteMainPhase(TestSuiteExecutor.java:152)
	at com.kms.katalon.core.main.TestSuiteExecutor.execute(TestSuiteExecutor.java:95)
	at com.kms.katalon.core.main.TestCaseMain.startTestSuite(TestCaseMain.java:157)
	at com.kms.katalon.core.main.TestCaseMain$startTestSuite$0.call(Unknown Source)
	at TempTestSuite1622370015671.run(TempTestSuite1622370015671.groovy:39)
Caused by: com.kms.katalon.core.webui.exception.WebElementNotFoundException: Web element with id: 'Object Repository/Page_TEST CHANNEL - TEAM NAME Mattermost/svg' located by '(.//*[normalize-space(text()) and normalize-space(.)='@nguyenvanb'])[1]/following::*[name()='svg'][1]' not found
	at com.kms.katalon.core.webui.common.WebUiCommonHelper.findWebElement(WebUiCommonHelper.java:1368)
	at com.kms.katalon.core.webui.keyword.internal.WebUIAbstractKeyword.findWebElement(WebUIAbstractKeyword.groovy:27)
	at com.kms.katalon.core.webui.keyword.internal.WebUIAbstractKeyword.findWebElement(WebUIAbstractKeyword.groovy:26)
	at com.kms.katalon.core.webui.keyword.builtin.ClickKeyword$_click_closure1.doCall(ClickKeyword.groovy:66)
	at com.kms.katalon.core.webui.keyword.builtin.ClickKeyword$_click_closure1.call(ClickKeyword.groovy)
	at com.kms.katalon.core.webui.keyword.internal.WebUIKeywordMain.runKeyword(WebUIKeywordMain.groovy:20)
	... 19 more
"/>
         <system-out><![CDATA[2021-05-30 10:26:52 - [TEST_CASE][FAILED] - Test Cases/Internal Test Cases/CreateTeam: Test Cases/Internal Test Cases/CreateTeam FAILED.
Reason:
com.kms.katalon.core.exception.StepFailedException: Unable to click on object 'Object Repository/Page_TEST CHANNEL - TEAM NAME Mattermost/svg'
	at com.kms.katalon.core.webui.keyword.internal.WebUIKeywordMain.stepFailed(WebUIKeywordMain.groovy:64)
	at com.kms.katalon.core.webui.keyword.internal.WebUIKeywordMain.runKeyword(WebUIKeywordMain.groovy:26)
	at com.kms.katalon.core.webui.keyword.builtin.ClickKeyword.click(ClickKeyword.groovy:75)
	at com.kms.katalon.core.webui.keyword.builtin.ClickKeyword.execute(ClickKeyword.groovy:42)
	at com.kms.katalon.core.keyword.internal.KeywordExecutor.executeKeywordForPlatform(KeywordExecutor.groovy:73)
	at com.kms.katalon.core.webui.keyword.WebUiBuiltInKeywords.click(WebUiBuiltInKeywords.groovy:619)
	at com.kms.katalon.core.webui.keyword.WebUiBuiltInKeywords$click$2.call(Unknown Source)
	at CreateTeam.run(CreateTeam:23)
	at com.kms.katalon.core.main.ScriptEngine.run(ScriptEngine.java:194)
	at com.kms.katalon.core.main.ScriptEngine.runScriptAsRawText(ScriptEngine.java:119)
	at com.kms.katalon.core.main.TestCaseExecutor.runScript(TestCaseExecutor.java:398)
	at com.kms.katalon.core.main.TestCaseExecutor.doExecute(TestCaseExecutor.java:389)
	at com.kms.katalon.core.main.TestCaseExecutor.processExecutionPhase(TestCaseExecutor.java:368)
	at com.kms.katalon.core.main.TestCaseExecutor.accessMainPhase(TestCaseExecutor.java:360)
	at com.kms.katalon.core.main.TestCaseExecutor.execute(TestCaseExecutor.java:255)
	at com.kms.katalon.core.main.TestSuiteExecutor.accessTestCaseMainPhase(TestSuiteExecutor.java:203)
	at com.kms.katalon.core.main.TestSuiteExecutor.accessTestSuiteMainPhase(TestSuiteExecutor.java:152)
	at com.kms.katalon.core.main.TestSuiteExecutor.execute(TestSuiteExecutor.java:95)
	at com.kms.katalon.core.main.TestCaseMain.startTestSuite(TestCaseMain.java:157)
	at com.kms.katalon.core.main.TestCaseMain$startTestSuite$0.call(Unknown Source)
	at TempTestSuite1622370015671.run(TempTestSuite1622370015671.groovy:39)
Caused by: com.kms.katalon.core.webui.exception.WebElementNotFoundException: Web element with id: 'Object Repository/Page_TEST CHANNEL - TEAM NAME Mattermost/svg' located by '(.//*[normalize-space(text()) and normalize-space(.)='@nguyenvanb'])[1]/following::*[name()='svg'][1]' not found
	at com.kms.katalon.core.webui.common.WebUiCommonHelper.findWebElement(WebUiCommonHelper.java:1368)
	at com.kms.katalon.core.webui.keyword.internal.WebUIAbstractKeyword.findWebElement(WebUIAbstractKeyword.groovy:27)
	at com.kms.katalon.core.webui.keyword.internal.WebUIAbstractKeyword.findWebElement(WebUIAbstractKeyword.groovy:26)
	at com.kms.katalon.core.webui.keyword.builtin.ClickKeyword$_click_closure1.doCall(ClickKeyword.groovy:66)
	at com.kms.katalon.core.webui.keyword.builtin.ClickKeyword$_click_closure1.call(ClickKeyword.groovy)
	at com.kms.katalon.core.webui.keyword.internal.WebUIKeywordMain.runKeyword(WebUIKeywordMain.groovy:20)
	... 19 more


2021-05-30 10:26:52 - [TEST_STEP][PASSED] - callTestCase(findTestCase("Internal Test Cases/Successful Login"), ["Username":"", "Password":""], STOP_ON_FAILURE): Call Test Case 'Test Cases/Internal Test Cases/Successful Login' successfully

2021-05-30 10:26:52 - [TEST_CASE][PASSED] - Test Cases/Internal Test Cases/Successful Login: Test Cases/Internal Test Cases/Successful Login

2021-05-30 10:26:52 - [TEST_STEP][PASSED] - openBrowser(""): Browser is opened with url: ''

2021-05-30 10:26:52 - [MESSAGE][WARNING] - A browser is already opened. Closing browser and opening a new one

2021-05-30 10:26:53 - [MESSAGE][INFO] - Starting 'Chrome' driver

2021-05-30 10:26:53 - [MESSAGE][INFO] - Action delay is set to 0 milliseconds

2021-05-30 10:26:54 - [MESSAGE][PASSED] - Browser is opened with url: ''

2021-05-30 10:26:54 - [TEST_STEP][PASSED] - navigateToUrl("https://chudenangcao2021.cf/"): Navigate to 'https://chudenangcao2021.cf/' successfully

2021-05-30 10:26:55 - [MESSAGE][PASSED] - Navigate to 'https://chudenangcao2021.cf/' successfully

2021-05-30 10:26:55 - [TEST_STEP][PASSED] - setText(findTestObject("Object Repository/Page_Mattermost/input_All team communication in one place, _dcc84b"), findTestData("Internal/Internal Login Data").getValue(1, 1)): Text 'nguyenvanb' is set on object 'Object Repository/Page_Mattermost/input_All team communication in one place, _dcc84b'

2021-05-30 10:26:56 - [MESSAGE][PASSED] - Text 'nguyenvanb' is set on object 'Object Repository/Page_Mattermost/input_All team communication in one place, _dcc84b'

2021-05-30 10:26:56 - [TEST_STEP][PASSED] - setEncryptedText(findTestObject("Object Repository/Page_Mattermost/input_All team communication in one place, _a3edc6"), findTestData("Internal/Internal Login Data").getValue(2, 1)): Text ****** has been set on object 'Object Repository/Page_Mattermost/input_All team communication in one place, _a3edc6'

2021-05-30 10:26:57 - [MESSAGE][PASSED] - Text ****** has been set on object 'Object Repository/Page_Mattermost/input_All team communication in one place, _a3edc6'

2021-05-30 10:26:57 - [TEST_STEP][PASSED] - click(findTestObject("Object Repository/Page_Mattermost/button_Sign in")): Object: 'Object Repository/Page_Mattermost/button_Sign in' is clicked on

2021-05-30 10:26:57 - [MESSAGE][PASSED] - Object: 'Object Repository/Page_Mattermost/button_Sign in' is clicked on

2021-05-30 10:26:57 - [TEST_STEP][PASSED] - verifyLinksAccessible(["https://chudenangcao2021.cf/cdnc-cnpm-2021/channels"]): All links are accessible

2021-05-30 10:26:57 - [MESSAGE][INFO] - HAR: C:\Users\nttuan\Downloads\CDNC\mattermost-testing\Reports\20210530_102014\Run all test cases\20210530_102015\requests\main\37.har

2021-05-30 10:26:57 - [MESSAGE][PASSED] - Send request successfully

2021-05-30 10:26:57 - [MESSAGE][PASSED] - All links are accessible

2021-05-30 10:26:57 - [MESSAGE][PASSED] - Call Test Case 'Test Cases/Internal Test Cases/Successful Login' successfully

2021-05-30 10:26:57 - [TEST_STEP][FAILED] - for ([rowNum = 1, rowNum <= findTestData("Internal/Internal Teamname").getRowNumbers(), (rowNum++)]): Unable to click on object 'Object Repository/Page_TEST CHANNEL - TEAM NAME Mattermost/svg' (Root cause: com.kms.katalon.core.exception.StepFailedException: Unable to click on object 'Object Repository/Page_TEST CHANNEL - TEAM NAME Mattermost/svg'
	at com.kms.katalon.core.webui.keyword.internal.WebUIKeywordMain.stepFailed(WebUIKeywordMain.groovy:64)
	at com.kms.katalon.core.webui.keyword.internal.WebUIKeywordMain.runKeyword(WebUIKeywordMain.groovy:26)
	at com.kms.katalon.core.webui.keyword.builtin.ClickKeyword.click(ClickKeyword.groovy:75)
	at com.kms.katalon.core.webui.keyword.builtin.ClickKeyword.execute(ClickKeyword.groovy:42)
	at com.kms.katalon.core.keyword.internal.KeywordExecutor.executeKeywordForPlatform(KeywordExecutor.groovy:73)
	at com.kms.katalon.core.webui.keyword.WebUiBuiltInKeywords.click(WebUiBuiltInKeywords.groovy:619)
	at com.kms.katalon.core.webui.keyword.WebUiBuiltInKeywords$click$2.call(Unknown Source)
	at CreateTeam.run(CreateTeam:23)
	at com.kms.katalon.core.main.ScriptEngine.run(ScriptEngine.java:194)
	at com.kms.katalon.core.main.ScriptEngine.runScriptAsRawText(ScriptEngine.java:119)
	at com.kms.katalon.core.main.TestCaseExecutor.runScript(TestCaseExecutor.java:398)
	at com.kms.katalon.core.main.TestCaseExecutor.doExecute(TestCaseExecutor.java:389)
	at com.kms.katalon.core.main.TestCaseExecutor.processExecutionPhase(TestCaseExecutor.java:368)
	at com.kms.katalon.core.main.TestCaseExecutor.accessMainPhase(TestCaseExecutor.java:360)
	at com.kms.katalon.core.main.TestCaseExecutor.execute(TestCaseExecutor.java:255)
	at com.kms.katalon.core.main.TestSuiteExecutor.accessTestCaseMainPhase(TestSuiteExecutor.java:203)
	at com.kms.katalon.core.main.TestSuiteExecutor.accessTestSuiteMainPhase(TestSuiteExecutor.java:152)
	at com.kms.katalon.core.main.TestSuiteExecutor.execute(TestSuiteExecutor.java:95)
	at com.kms.katalon.core.main.TestCaseMain.startTestSuite(TestCaseMain.java:157)
	at com.kms.katalon.core.main.TestCaseMain$startTestSuite$0.call(Unknown Source)
	at TempTestSuite1622370015671.run(TempTestSuite1622370015671.groovy:39)
Caused by: com.kms.katalon.core.webui.exception.WebElementNotFoundException: Web element with id: 'Object Repository/Page_TEST CHANNEL - TEAM NAME Mattermost/svg' located by '(.//*[normalize-space(text()) and normalize-space(.)='@nguyenvanb'])[1]/following::*[name()='svg'][1]' not found
	at com.kms.katalon.core.webui.common.WebUiCommonHelper.findWebElement(WebUiCommonHelper.java:1368)
	at com.kms.katalon.core.webui.keyword.internal.WebUIAbstractKeyword.findWebElement(WebUIAbstractKeyword.groovy:27)
	at com.kms.katalon.core.webui.keyword.internal.WebUIAbstractKeyword.findWebElement(WebUIAbstractKeyword.groovy:26)
	at com.kms.katalon.core.webui.keyword.builtin.ClickKeyword$_click_closure1.doCall(ClickKeyword.groovy:66)
	at com.kms.katalon.core.webui.keyword.builtin.ClickKeyword$_click_closure1.call(ClickKeyword.groovy)
	at com.kms.katalon.core.webui.keyword.internal.WebUIKeywordMain.runKeyword(WebUIKeywordMain.groovy:20)
	at com.kms.katalon.core.webui.keyword.builtin.ClickKeyword.click(ClickKeyword.groovy:75)
	at com.kms.katalon.core.webui.keyword.builtin.ClickKeyword.execute(ClickKeyword.groovy:42)
	at com.kms.katalon.core.keyword.internal.KeywordExecutor.executeKeywordForPlatform(KeywordExecutor.groovy:73)
	at com.kms.katalon.core.webui.keyword.WebUiBuiltInKeywords.click(WebUiBuiltInKeywords.groovy:619)
	at com.kms.katalon.core.webui.keyword.WebUiBuiltInKeywords$click$2.call(Unknown Source)
	at Script1622086940102.run(Script1622086940102.groovy:23)
	... 13 more
)

2021-05-30 10:26:57 - [TEST_STEP][PASSED] - click(findTestObject("Object Repository/Page_TEST CHANNEL - TEAM NAME Mattermost/svg")): Object: 'Object Repository/Page_TEST CHANNEL - TEAM NAME Mattermost/svg' is clicked on

2021-05-30 10:26:59 - [MESSAGE][PASSED] - Object: 'Object Repository/Page_TEST CHANNEL - TEAM NAME Mattermost/svg' is clicked on

2021-05-30 10:26:59 - [TEST_STEP][PASSED] - click(findTestObject("Object Repository/Page_TEST CHANNEL - TEAM NAME Mattermost/a_Create a Team")): Object: 'Object Repository/Page_TEST CHANNEL - TEAM NAME Mattermost/a_Create a Team' is clicked on

2021-05-30 10:27:00 - [MESSAGE][PASSED] - Object: 'Object Repository/Page_TEST CHANNEL - TEAM NAME Mattermost/a_Create a Team' is clicked on

2021-05-30 10:27:00 - [TEST_STEP][PASSED] - setText(findTestObject("Object Repository/Page_TEST CHANNEL - TEAM NAME Mattermost/input_Team Name_teamNameInput"), findTestData("Internal/Internal Teamname").getValue(1, rowNum)): Text 'Team1234' is set on object 'Object Repository/Page_TEST CHANNEL - TEAM NAME Mattermost/input_Team Name_teamNameInput'

2021-05-30 10:27:01 - [MESSAGE][PASSED] - Text 'Team1234' is set on object 'Object Repository/Page_TEST CHANNEL - TEAM NAME Mattermost/input_Team Name_teamNameInput'

2021-05-30 10:27:01 - [TEST_STEP][PASSED] - click(findTestObject("Object Repository/Page_TEST CHANNEL - TEAM NAME Mattermost/button_Next")): Object: 'Object Repository/Page_TEST CHANNEL - TEAM NAME Mattermost/button_Next' is clicked on

2021-05-30 10:27:01 - [MESSAGE][PASSED] - Object: 'Object Repository/Page_TEST CHANNEL - TEAM NAME Mattermost/button_Next' is clicked on

2021-05-30 10:27:01 - [TEST_STEP][PASSED] - click(findTestObject("Object Repository/Page_TEST CHANNEL - TEAM NAME Mattermost/span_Finish")): Object: 'Object Repository/Page_TEST CHANNEL - TEAM NAME Mattermost/span_Finish' is clicked on

2021-05-30 10:27:02 - [MESSAGE][PASSED] - Object: 'Object Repository/Page_TEST CHANNEL - TEAM NAME Mattermost/span_Finish' is clicked on

2021-05-30 10:27:02 - [TEST_STEP][FAILED] - click(findTestObject("Object Repository/Page_TEST CHANNEL - TEAM NAME Mattermost/svg")): Unable to click on object 'Object Repository/Page_TEST CHANNEL - TEAM NAME Mattermost/svg' (Root cause: com.kms.katalon.core.exception.StepFailedException: Unable to click on object 'Object Repository/Page_TEST CHANNEL - TEAM NAME Mattermost/svg'
	at com.kms.katalon.core.webui.keyword.internal.WebUIKeywordMain.stepFailed(WebUIKeywordMain.groovy:64)
	at com.kms.katalon.core.webui.keyword.internal.WebUIKeywordMain.runKeyword(WebUIKeywordMain.groovy:26)
	at com.kms.katalon.core.webui.keyword.builtin.ClickKeyword.click(ClickKeyword.groovy:75)
	at com.kms.katalon.core.webui.keyword.builtin.ClickKeyword.execute(ClickKeyword.groovy:42)
	at com.kms.katalon.core.keyword.internal.KeywordExecutor.executeKeywordForPlatform(KeywordExecutor.groovy:73)
	at com.kms.katalon.core.webui.keyword.WebUiBuiltInKeywords.click(WebUiBuiltInKeywords.groovy:619)
	at com.kms.katalon.core.webui.keyword.WebUiBuiltInKeywords$click$2.call(Unknown Source)
	at CreateTeam.run(CreateTeam:23)
	at com.kms.katalon.core.main.ScriptEngine.run(ScriptEngine.java:194)
	at com.kms.katalon.core.main.ScriptEngine.runScriptAsRawText(ScriptEngine.java:119)
	at com.kms.katalon.core.main.TestCaseExecutor.runScript(TestCaseExecutor.java:398)
	at com.kms.katalon.core.main.TestCaseExecutor.doExecute(TestCaseExecutor.java:389)
	at com.kms.katalon.core.main.TestCaseExecutor.processExecutionPhase(TestCaseExecutor.java:368)
	at com.kms.katalon.core.main.TestCaseExecutor.accessMainPhase(TestCaseExecutor.java:360)
	at com.kms.katalon.core.main.TestCaseExecutor.execute(TestCaseExecutor.java:255)
	at com.kms.katalon.core.main.TestSuiteExecutor.accessTestCaseMainPhase(TestSuiteExecutor.java:203)
	at com.kms.katalon.core.main.TestSuiteExecutor.accessTestSuiteMainPhase(TestSuiteExecutor.java:152)
	at com.kms.katalon.core.main.TestSuiteExecutor.execute(TestSuiteExecutor.java:95)
	at com.kms.katalon.core.main.TestCaseMain.startTestSuite(TestCaseMain.java:157)
	at com.kms.katalon.core.main.TestCaseMain$startTestSuite$0.call(Unknown Source)
	at TempTestSuite1622370015671.run(TempTestSuite1622370015671.groovy:39)
Caused by: com.kms.katalon.core.webui.exception.WebElementNotFoundException: Web element with id: 'Object Repository/Page_TEST CHANNEL - TEAM NAME Mattermost/svg' located by '(.//*[normalize-space(text()) and normalize-space(.)='@nguyenvanb'])[1]/following::*[name()='svg'][1]' not found
	at com.kms.katalon.core.webui.common.WebUiCommonHelper.findWebElement(WebUiCommonHelper.java:1368)
	at com.kms.katalon.core.webui.keyword.internal.WebUIAbstractKeyword.findWebElement(WebUIAbstractKeyword.groovy:27)
	at com.kms.katalon.core.webui.keyword.internal.WebUIAbstractKeyword.findWebElement(WebUIAbstractKeyword.groovy:26)
	at com.kms.katalon.core.webui.keyword.builtin.ClickKeyword$_click_closure1.doCall(ClickKeyword.groovy:66)
	at com.kms.katalon.core.webui.keyword.builtin.ClickKeyword$_click_closure1.call(ClickKeyword.groovy)
	at com.kms.katalon.core.webui.keyword.internal.WebUIKeywordMain.runKeyword(WebUIKeywordMain.groovy:20)
	at com.kms.katalon.core.webui.keyword.builtin.ClickKeyword.click(ClickKeyword.groovy:75)
	at com.kms.katalon.core.webui.keyword.builtin.ClickKeyword.execute(ClickKeyword.groovy:42)
	at com.kms.katalon.core.keyword.internal.KeywordExecutor.executeKeywordForPlatform(KeywordExecutor.groovy:73)
	at com.kms.katalon.core.webui.keyword.WebUiBuiltInKeywords.click(WebUiBuiltInKeywords.groovy:619)
	at com.kms.katalon.core.webui.keyword.WebUiBuiltInKeywords$click$2.call(Unknown Source)
	at Script1622086940102.run(Script1622086940102.groovy:23)
	... 13 more
)

2021-05-30 10:27:33 - [MESSAGE][INFO] - Unable to find the element located by 'By.xpath: (.//*[normalize-space(text()) and normalize-space(.)='@nguyenvanb'])[1]/following::*[name()='svg'][1]'. Please recheck the objects properties to make sure the desired element is located. 

2021-05-30 10:27:33 - [MESSAGE][WARNING] - [SELF-HEALING] Failed to find element with id 'Object Repository/Page_TEST CHANNEL - TEAM NAME Mattermost/svg'. Try using Self-healing.

2021-05-30 10:27:33 - [MESSAGE][INFO] - [SELF-HEALING] Failed Locator: '(.//*[normalize-space(text()) and normalize-space(.)='@nguyenvanb'])[1]/following::*[name()='svg'][1]'.

2021-05-30 10:27:33 - [MESSAGE][INFO] - [SELF-HEALING] Failed Locator: '(.//*[normalize-space(text()) and normalize-space(.)='TEAM NAME'])[2]/following::*[name()='svg'][1]'.

2021-05-30 10:27:33 - [MESSAGE][INFO] - [SELF-HEALING] Failed Locator: '(.//*[normalize-space(text()) and normalize-space(.)='Find channel'])[1]/preceding::*[name()='svg'][1]'.

2021-05-30 10:27:34 - [MESSAGE][INFO] - [SELF-HEALING] Failed Locator: '(.//*[normalize-space(text()) and normalize-space(.)='Ctrl+K'])[1]/preceding::*[name()='svg'][1]'.

2021-05-30 10:27:34 - [MESSAGE][INFO] - [SELF-HEALING] Failed Locator: '(.//*[normalize-space(text()) and normalize-space(.)='@nguyenvanb'])[1]/following::*[name()='svg'][1]'.

2021-05-30 10:27:34 - [MESSAGE][INFO] - [SELF-HEALING] Failed Locator: '(.//*[normalize-space(text()) and normalize-space(.)='TEAM NAME'])[2]/following::*[name()='svg'][1]'.

2021-05-30 10:27:34 - [MESSAGE][INFO] - [SELF-HEALING] Failed Locator: '(.//*[normalize-space(text()) and normalize-space(.)='Find channel'])[1]/preceding::*[name()='svg'][1]'.

2021-05-30 10:27:35 - [MESSAGE][INFO] - [SELF-HEALING] Failed Locator: '(.//*[normalize-space(text()) and normalize-space(.)='Ctrl+K'])[1]/preceding::*[name()='svg'][1]'.

2021-05-30 10:27:36 - [MESSAGE][INFO] - Unable to find the element located by 'By.xpath: id("headerInfo")/button[@class="style--none sidebar-header-dropdown__icon"]/span[1]/svg[1]'. Please recheck the objects properties to make sure the desired element is located. 

2021-05-30 10:27:37 - [MESSAGE][INFO] - Unable to find the element located by 'By.cssSelector: button.style--none.sidebar-header-dropdown__icon > span > svg'. Please recheck the objects properties to make sure the desired element is located. 

2021-05-30 10:27:37 - [MESSAGE][FAILED] - Unable to click on object 'Object Repository/Page_TEST CHANNEL - TEAM NAME Mattermost/svg' (Root cause: com.kms.katalon.core.exception.StepFailedException: Unable to click on object 'Object Repository/Page_TEST CHANNEL - TEAM NAME Mattermost/svg'
	at com.kms.katalon.core.webui.keyword.internal.WebUIKeywordMain.stepFailed(WebUIKeywordMain.groovy:64)
	at com.kms.katalon.core.webui.keyword.internal.WebUIKeywordMain.runKeyword(WebUIKeywordMain.groovy:26)
	at com.kms.katalon.core.webui.keyword.builtin.ClickKeyword.click(ClickKeyword.groovy:75)
	at com.kms.katalon.core.webui.keyword.builtin.ClickKeyword.execute(ClickKeyword.groovy:42)
	at com.kms.katalon.core.keyword.internal.KeywordExecutor.executeKeywordForPlatform(KeywordExecutor.groovy:73)
	at com.kms.katalon.core.webui.keyword.WebUiBuiltInKeywords.click(WebUiBuiltInKeywords.groovy:619)
	at com.kms.katalon.core.webui.keyword.WebUiBuiltInKeywords$click$2.call(Unknown Source)
	at CreateTeam.run(CreateTeam:23)
	at com.kms.katalon.core.main.ScriptEngine.run(ScriptEngine.java:194)
	at com.kms.katalon.core.main.ScriptEngine.runScriptAsRawText(ScriptEngine.java:119)
	at com.kms.katalon.core.main.TestCaseExecutor.runScript(TestCaseExecutor.java:398)
	at com.kms.katalon.core.main.TestCaseExecutor.doExecute(TestCaseExecutor.java:389)
	at com.kms.katalon.core.main.TestCaseExecutor.processExecutionPhase(TestCaseExecutor.java:368)
	at com.kms.katalon.core.main.TestCaseExecutor.accessMainPhase(TestCaseExecutor.java:360)
	at com.kms.katalon.core.main.TestCaseExecutor.execute(TestCaseExecutor.java:255)
	at com.kms.katalon.core.main.TestSuiteExecutor.accessTestCaseMainPhase(TestSuiteExecutor.java:203)
	at com.kms.katalon.core.main.TestSuiteExecutor.accessTestSuiteMainPhase(TestSuiteExecutor.java:152)
	at com.kms.katalon.core.main.TestSuiteExecutor.execute(TestSuiteExecutor.java:95)
	at com.kms.katalon.core.main.TestCaseMain.startTestSuite(TestCaseMain.java:157)
	at com.kms.katalon.core.main.TestCaseMain$startTestSuite$0.call(Unknown Source)
	at TempTestSuite1622370015671.run(TempTestSuite1622370015671.groovy:39)
Caused by: com.kms.katalon.core.webui.exception.WebElementNotFoundException: Web element with id: 'Object Repository/Page_TEST CHANNEL - TEAM NAME Mattermost/svg' located by '(.//*[normalize-space(text()) and normalize-space(.)='@nguyenvanb'])[1]/following::*[name()='svg'][1]' not found
	at com.kms.katalon.core.webui.common.WebUiCommonHelper.findWebElement(WebUiCommonHelper.java:1368)
	at com.kms.katalon.core.webui.keyword.internal.WebUIAbstractKeyword.findWebElement(WebUIAbstractKeyword.groovy:27)
	at com.kms.katalon.core.webui.keyword.internal.WebUIAbstractKeyword.findWebElement(WebUIAbstractKeyword.groovy:26)
	at com.kms.katalon.core.webui.keyword.builtin.ClickKeyword$_click_closure1.doCall(ClickKeyword.groovy:66)
	at com.kms.katalon.core.webui.keyword.builtin.ClickKeyword$_click_closure1.call(ClickKeyword.groovy)
	at com.kms.katalon.core.webui.keyword.internal.WebUIKeywordMain.runKeyword(WebUIKeywordMain.groovy:20)
	at com.kms.katalon.core.webui.keyword.builtin.ClickKeyword.click(ClickKeyword.groovy:75)
	at com.kms.katalon.core.webui.keyword.builtin.ClickKeyword.execute(ClickKeyword.groovy:42)
	at com.kms.katalon.core.keyword.internal.KeywordExecutor.executeKeywordForPlatform(KeywordExecutor.groovy:73)
	at com.kms.katalon.core.webui.keyword.WebUiBuiltInKeywords.click(WebUiBuiltInKeywords.groovy:619)
	at com.kms.katalon.core.webui.keyword.WebUiBuiltInKeywords$click$2.call(Unknown Source)
	at Script1622086940102.run(Script1622086940102.groovy:23)
	... 13 more
)
[[ATTACHMENT|C:\\Users\\nttuan\\Downloads\\CDNC\\mattermost-testing\\Reports\\20210530_102014\\Run all test cases\\20210530_102015\\1622370457355.png]]]]></system-out>
         <system-err><![CDATA[2021-05-30 10:26:52 - [TEST_CASE][FAILED] - Test Cases/Internal Test Cases/CreateTeam: Test Cases/Internal Test Cases/CreateTeam FAILED.
Reason:
com.kms.katalon.core.exception.StepFailedException: Unable to click on object 'Object Repository/Page_TEST CHANNEL - TEAM NAME Mattermost/svg'
	at com.kms.katalon.core.webui.keyword.internal.WebUIKeywordMain.stepFailed(WebUIKeywordMain.groovy:64)
	at com.kms.katalon.core.webui.keyword.internal.WebUIKeywordMain.runKeyword(WebUIKeywordMain.groovy:26)
	at com.kms.katalon.core.webui.keyword.builtin.ClickKeyword.click(ClickKeyword.groovy:75)
	at com.kms.katalon.core.webui.keyword.builtin.ClickKeyword.execute(ClickKeyword.groovy:42)
	at com.kms.katalon.core.keyword.internal.KeywordExecutor.executeKeywordForPlatform(KeywordExecutor.groovy:73)
	at com.kms.katalon.core.webui.keyword.WebUiBuiltInKeywords.click(WebUiBuiltInKeywords.groovy:619)
	at com.kms.katalon.core.webui.keyword.WebUiBuiltInKeywords$click$2.call(Unknown Source)
	at CreateTeam.run(CreateTeam:23)
	at com.kms.katalon.core.main.ScriptEngine.run(ScriptEngine.java:194)
	at com.kms.katalon.core.main.ScriptEngine.runScriptAsRawText(ScriptEngine.java:119)
	at com.kms.katalon.core.main.TestCaseExecutor.runScript(TestCaseExecutor.java:398)
	at com.kms.katalon.core.main.TestCaseExecutor.doExecute(TestCaseExecutor.java:389)
	at com.kms.katalon.core.main.TestCaseExecutor.processExecutionPhase(TestCaseExecutor.java:368)
	at com.kms.katalon.core.main.TestCaseExecutor.accessMainPhase(TestCaseExecutor.java:360)
	at com.kms.katalon.core.main.TestCaseExecutor.execute(TestCaseExecutor.java:255)
	at com.kms.katalon.core.main.TestSuiteExecutor.accessTestCaseMainPhase(TestSuiteExecutor.java:203)
	at com.kms.katalon.core.main.TestSuiteExecutor.accessTestSuiteMainPhase(TestSuiteExecutor.java:152)
	at com.kms.katalon.core.main.TestSuiteExecutor.execute(TestSuiteExecutor.java:95)
	at com.kms.katalon.core.main.TestCaseMain.startTestSuite(TestCaseMain.java:157)
	at com.kms.katalon.core.main.TestCaseMain$startTestSuite$0.call(Unknown Source)
	at TempTestSuite1622370015671.run(TempTestSuite1622370015671.groovy:39)
Caused by: com.kms.katalon.core.webui.exception.WebElementNotFoundException: Web element with id: 'Object Repository/Page_TEST CHANNEL - TEAM NAME Mattermost/svg' located by '(.//*[normalize-space(text()) and normalize-space(.)='@nguyenvanb'])[1]/following::*[name()='svg'][1]' not found
	at com.kms.katalon.core.webui.common.WebUiCommonHelper.findWebElement(WebUiCommonHelper.java:1368)
	at com.kms.katalon.core.webui.keyword.internal.WebUIAbstractKeyword.findWebElement(WebUIAbstractKeyword.groovy:27)
	at com.kms.katalon.core.webui.keyword.internal.WebUIAbstractKeyword.findWebElement(WebUIAbstractKeyword.groovy:26)
	at com.kms.katalon.core.webui.keyword.builtin.ClickKeyword$_click_closure1.doCall(ClickKeyword.groovy:66)
	at com.kms.katalon.core.webui.keyword.builtin.ClickKeyword$_click_closure1.call(ClickKeyword.groovy)
	at com.kms.katalon.core.webui.keyword.internal.WebUIKeywordMain.runKeyword(WebUIKeywordMain.groovy:20)
	... 19 more]]></system-err>
      </testcase>
      <testcase name="Test Cases/Internal Test Cases/EditChannelHeader" time="179.165" classname="Test Cases/Internal Test Cases/EditChannelHeader" status="PASSED">
         <system-out><![CDATA[2021-05-30 10:27:37 - [TEST_CASE][PASSED] - Test Cases/Internal Test Cases/EditChannelHeader: Test Cases/Internal Test Cases/EditChannelHeader

2021-05-30 10:27:37 - [TEST_STEP][PASSED] - callTestCase(findTestCase("Internal Test Cases/Successful Login"), ["Username":"", "Password":""], STOP_ON_FAILURE): Call Test Case 'Test Cases/Internal Test Cases/Successful Login' successfully

2021-05-30 10:27:37 - [TEST_CASE][PASSED] - Test Cases/Internal Test Cases/Successful Login: Test Cases/Internal Test Cases/Successful Login

2021-05-30 10:27:37 - [TEST_STEP][PASSED] - openBrowser(""): Browser is opened with url: ''

2021-05-30 10:27:37 - [MESSAGE][WARNING] - A browser is already opened. Closing browser and opening a new one

2021-05-30 10:27:38 - [MESSAGE][INFO] - Starting 'Chrome' driver

2021-05-30 10:27:38 - [MESSAGE][INFO] - Action delay is set to 0 milliseconds

2021-05-30 10:27:39 - [MESSAGE][PASSED] - Browser is opened with url: ''

2021-05-30 10:27:39 - [TEST_STEP][PASSED] - navigateToUrl("https://chudenangcao2021.cf/"): Navigate to 'https://chudenangcao2021.cf/' successfully

2021-05-30 10:27:40 - [MESSAGE][PASSED] - Navigate to 'https://chudenangcao2021.cf/' successfully

2021-05-30 10:27:40 - [TEST_STEP][PASSED] - setText(findTestObject("Object Repository/Page_Mattermost/input_All team communication in one place, _dcc84b"), findTestData("Internal/Internal Login Data").getValue(1, 1)): Text 'nguyenvanb' is set on object 'Object Repository/Page_Mattermost/input_All team communication in one place, _dcc84b'

2021-05-30 10:27:41 - [MESSAGE][PASSED] - Text 'nguyenvanb' is set on object 'Object Repository/Page_Mattermost/input_All team communication in one place, _dcc84b'

2021-05-30 10:27:41 - [TEST_STEP][PASSED] - setEncryptedText(findTestObject("Object Repository/Page_Mattermost/input_All team communication in one place, _a3edc6"), findTestData("Internal/Internal Login Data").getValue(2, 1)): Text ****** has been set on object 'Object Repository/Page_Mattermost/input_All team communication in one place, _a3edc6'

2021-05-30 10:27:42 - [MESSAGE][PASSED] - Text ****** has been set on object 'Object Repository/Page_Mattermost/input_All team communication in one place, _a3edc6'

2021-05-30 10:27:42 - [TEST_STEP][PASSED] - click(findTestObject("Object Repository/Page_Mattermost/button_Sign in")): Object: 'Object Repository/Page_Mattermost/button_Sign in' is clicked on

2021-05-30 10:27:42 - [MESSAGE][PASSED] - Object: 'Object Repository/Page_Mattermost/button_Sign in' is clicked on

2021-05-30 10:27:42 - [TEST_STEP][PASSED] - verifyLinksAccessible(["https://chudenangcao2021.cf/cdnc-cnpm-2021/channels"]): All links are accessible

2021-05-30 10:27:42 - [MESSAGE][INFO] - HAR: C:\Users\nttuan\Downloads\CDNC\mattermost-testing\Reports\20210530_102014\Run all test cases\20210530_102015\requests\main\38.har

2021-05-30 10:27:42 - [MESSAGE][PASSED] - Send request successfully

2021-05-30 10:27:42 - [MESSAGE][PASSED] - All links are accessible

2021-05-30 10:27:42 - [MESSAGE][PASSED] - Call Test Case 'Test Cases/Internal Test Cases/Successful Login' successfully

2021-05-30 10:27:42 - [TEST_STEP][PASSED] - for ([rowNum = 1, rowNum <= findTestData("Internal/Internal Channel Header").getRowNumbers(), (rowNum++)]): Object: 'Object Repository/Page_Off-Topic - TEAM NAME Mattermost/span_Save' is clicked on

2021-05-30 10:27:42 - [TEST_STEP][PASSED] - click(findTestObject("Object Repository/Page_Town Square - TEAM NAME Mattermost/div_Off-Topic")): Object: 'Object Repository/Page_Town Square - TEAM NAME Mattermost/div_Off-Topic' is clicked on

2021-05-30 10:27:44 - [MESSAGE][PASSED] - Object: 'Object Repository/Page_Town Square - TEAM NAME Mattermost/div_Off-Topic' is clicked on

2021-05-30 10:27:44 - [TEST_STEP][PASSED] - click(findTestObject("Object Repository/Page_Off-Topic - TEAM NAME Mattermost/span_Off-Topic_channelHeaderDropdownIcon")): Object: 'Object Repository/Page_Off-Topic - TEAM NAME Mattermost/span_Off-Topic_channelHeaderDropdownIcon' is clicked on

2021-05-30 10:27:45 - [MESSAGE][PASSED] - Object: 'Object Repository/Page_Off-Topic - TEAM NAME Mattermost/span_Off-Topic_channelHeaderDropdownIcon' is clicked on

2021-05-30 10:27:45 - [TEST_STEP][PASSED] - click(findTestObject("Object Repository/Page_Off-Topic - TEAM NAME Mattermost/span_Edit Channel Header")): Object: 'Object Repository/Page_Off-Topic - TEAM NAME Mattermost/span_Edit Channel Header' is clicked on

2021-05-30 10:27:46 - [MESSAGE][PASSED] - Object: 'Object Repository/Page_Off-Topic - TEAM NAME Mattermost/span_Edit Channel Header' is clicked on

2021-05-30 10:27:46 - [TEST_STEP][PASSED] - setText(findTestObject("Object Repository/Page_Off-Topic - TEAM NAME Mattermost/textarea_Hell"), findTestData("Internal/Internal Channel Header").getValue(1, rowNum)): Text 'Channel về tin tức' is set on object 'Object Repository/Page_Off-Topic - TEAM NAME Mattermost/textarea_Hell'

2021-05-30 10:27:47 - [MESSAGE][PASSED] - Text 'Channel về tin tức' is set on object 'Object Repository/Page_Off-Topic - TEAM NAME Mattermost/textarea_Hell'

2021-05-30 10:27:47 - [TEST_STEP][PASSED] - click(findTestObject("Object Repository/Page_Off-Topic - TEAM NAME Mattermost/span_Save")): Object: 'Object Repository/Page_Off-Topic - TEAM NAME Mattermost/span_Save' is clicked on

2021-05-30 10:28:18 - [MESSAGE][INFO] - Unable to find the element located by 'By.xpath: //button[@id='save-button']/span'. Please recheck the objects properties to make sure the desired element is located. 

2021-05-30 10:28:18 - [MESSAGE][WARNING] - [SELF-HEALING] Failed to find element with id 'Object Repository/Page_Off-Topic - TEAM NAME Mattermost/span_Save'. Try using Self-healing.

2021-05-30 10:28:18 - [MESSAGE][WARNING] - [SELF-HEALING] The current locator of test object 'Object Repository/Page_Off-Topic - TEAM NAME Mattermost/span_Save' was broken. Propose an alternative one: '(.//*[normalize-space(text()) and normalize-space(.)='Cancel'])[1]/following::span[1]'.

2021-05-30 10:28:18 - [MESSAGE][PASSED] - Object: 'Object Repository/Page_Off-Topic - TEAM NAME Mattermost/span_Save' is clicked on

2021-05-30 10:28:18 - [TEST_STEP][PASSED] - click(findTestObject("Object Repository/Page_Town Square - TEAM NAME Mattermost/div_Off-Topic")): Object: 'Object Repository/Page_Town Square - TEAM NAME Mattermost/div_Off-Topic' is clicked on

2021-05-30 10:28:19 - [MESSAGE][PASSED] - Object: 'Object Repository/Page_Town Square - TEAM NAME Mattermost/div_Off-Topic' is clicked on

2021-05-30 10:28:19 - [TEST_STEP][PASSED] - click(findTestObject("Object Repository/Page_Off-Topic - TEAM NAME Mattermost/span_Off-Topic_channelHeaderDropdownIcon")): Object: 'Object Repository/Page_Off-Topic - TEAM NAME Mattermost/span_Off-Topic_channelHeaderDropdownIcon' is clicked on

2021-05-30 10:28:20 - [MESSAGE][PASSED] - Object: 'Object Repository/Page_Off-Topic - TEAM NAME Mattermost/span_Off-Topic_channelHeaderDropdownIcon' is clicked on

2021-05-30 10:28:20 - [TEST_STEP][PASSED] - click(findTestObject("Object Repository/Page_Off-Topic - TEAM NAME Mattermost/span_Edit Channel Header")): Object: 'Object Repository/Page_Off-Topic - TEAM NAME Mattermost/span_Edit Channel Header' is clicked on

2021-05-30 10:28:20 - [MESSAGE][PASSED] - Object: 'Object Repository/Page_Off-Topic - TEAM NAME Mattermost/span_Edit Channel Header' is clicked on

2021-05-30 10:28:20 - [TEST_STEP][PASSED] - setText(findTestObject("Object Repository/Page_Off-Topic - TEAM NAME Mattermost/textarea_Hell"), findTestData("Internal/Internal Channel Header").getValue(1, rowNum)): Text 'Channel về du lịch' is set on object 'Object Repository/Page_Off-Topic - TEAM NAME Mattermost/textarea_Hell'

2021-05-30 10:28:21 - [MESSAGE][PASSED] - Text 'Channel về du lịch' is set on object 'Object Repository/Page_Off-Topic - TEAM NAME Mattermost/textarea_Hell'

2021-05-30 10:28:21 - [TEST_STEP][PASSED] - click(findTestObject("Object Repository/Page_Off-Topic - TEAM NAME Mattermost/span_Save")): Object: 'Object Repository/Page_Off-Topic - TEAM NAME Mattermost/span_Save' is clicked on

2021-05-30 10:28:52 - [MESSAGE][INFO] - Unable to find the element located by 'By.xpath: //button[@id='save-button']/span'. Please recheck the objects properties to make sure the desired element is located. 

2021-05-30 10:28:52 - [MESSAGE][WARNING] - [SELF-HEALING] Failed to find element with id 'Object Repository/Page_Off-Topic - TEAM NAME Mattermost/span_Save'. Try using Self-healing.

2021-05-30 10:28:53 - [MESSAGE][WARNING] - [SELF-HEALING] The current locator of test object 'Object Repository/Page_Off-Topic - TEAM NAME Mattermost/span_Save' was broken. Propose an alternative one: '(.//*[normalize-space(text()) and normalize-space(.)='Cancel'])[1]/following::span[1]'.

2021-05-30 10:28:53 - [MESSAGE][PASSED] - Object: 'Object Repository/Page_Off-Topic - TEAM NAME Mattermost/span_Save' is clicked on

2021-05-30 10:28:53 - [TEST_STEP][PASSED] - click(findTestObject("Object Repository/Page_Town Square - TEAM NAME Mattermost/div_Off-Topic")): Object: 'Object Repository/Page_Town Square - TEAM NAME Mattermost/div_Off-Topic' is clicked on

2021-05-30 10:28:54 - [MESSAGE][PASSED] - Object: 'Object Repository/Page_Town Square - TEAM NAME Mattermost/div_Off-Topic' is clicked on

2021-05-30 10:28:54 - [TEST_STEP][PASSED] - click(findTestObject("Object Repository/Page_Off-Topic - TEAM NAME Mattermost/span_Off-Topic_channelHeaderDropdownIcon")): Object: 'Object Repository/Page_Off-Topic - TEAM NAME Mattermost/span_Off-Topic_channelHeaderDropdownIcon' is clicked on

2021-05-30 10:28:54 - [MESSAGE][PASSED] - Object: 'Object Repository/Page_Off-Topic - TEAM NAME Mattermost/span_Off-Topic_channelHeaderDropdownIcon' is clicked on

2021-05-30 10:28:54 - [TEST_STEP][PASSED] - click(findTestObject("Object Repository/Page_Off-Topic - TEAM NAME Mattermost/span_Edit Channel Header")): Object: 'Object Repository/Page_Off-Topic - TEAM NAME Mattermost/span_Edit Channel Header' is clicked on

2021-05-30 10:28:55 - [MESSAGE][PASSED] - Object: 'Object Repository/Page_Off-Topic - TEAM NAME Mattermost/span_Edit Channel Header' is clicked on

2021-05-30 10:28:55 - [TEST_STEP][PASSED] - setText(findTestObject("Object Repository/Page_Off-Topic - TEAM NAME Mattermost/textarea_Hell"), findTestData("Internal/Internal Channel Header").getValue(1, rowNum)): Text 'Channel về kinh tế' is set on object 'Object Repository/Page_Off-Topic - TEAM NAME Mattermost/textarea_Hell'

2021-05-30 10:28:55 - [MESSAGE][PASSED] - Text 'Channel về kinh tế' is set on object 'Object Repository/Page_Off-Topic - TEAM NAME Mattermost/textarea_Hell'

2021-05-30 10:28:55 - [TEST_STEP][PASSED] - click(findTestObject("Object Repository/Page_Off-Topic - TEAM NAME Mattermost/span_Save")): Object: 'Object Repository/Page_Off-Topic - TEAM NAME Mattermost/span_Save' is clicked on

2021-05-30 10:29:27 - [MESSAGE][INFO] - Unable to find the element located by 'By.xpath: //button[@id='save-button']/span'. Please recheck the objects properties to make sure the desired element is located. 

2021-05-30 10:29:27 - [MESSAGE][WARNING] - [SELF-HEALING] Failed to find element with id 'Object Repository/Page_Off-Topic - TEAM NAME Mattermost/span_Save'. Try using Self-healing.

2021-05-30 10:29:27 - [MESSAGE][WARNING] - [SELF-HEALING] The current locator of test object 'Object Repository/Page_Off-Topic - TEAM NAME Mattermost/span_Save' was broken. Propose an alternative one: '(.//*[normalize-space(text()) and normalize-space(.)='Cancel'])[1]/following::span[1]'.

2021-05-30 10:29:27 - [MESSAGE][PASSED] - Object: 'Object Repository/Page_Off-Topic - TEAM NAME Mattermost/span_Save' is clicked on

2021-05-30 10:29:27 - [TEST_STEP][PASSED] - click(findTestObject("Object Repository/Page_Town Square - TEAM NAME Mattermost/div_Off-Topic")): Object: 'Object Repository/Page_Town Square - TEAM NAME Mattermost/div_Off-Topic' is clicked on

2021-05-30 10:29:28 - [MESSAGE][PASSED] - Object: 'Object Repository/Page_Town Square - TEAM NAME Mattermost/div_Off-Topic' is clicked on

2021-05-30 10:29:28 - [TEST_STEP][PASSED] - click(findTestObject("Object Repository/Page_Off-Topic - TEAM NAME Mattermost/span_Off-Topic_channelHeaderDropdownIcon")): Object: 'Object Repository/Page_Off-Topic - TEAM NAME Mattermost/span_Off-Topic_channelHeaderDropdownIcon' is clicked on

2021-05-30 10:29:28 - [MESSAGE][PASSED] - Object: 'Object Repository/Page_Off-Topic - TEAM NAME Mattermost/span_Off-Topic_channelHeaderDropdownIcon' is clicked on

2021-05-30 10:29:28 - [TEST_STEP][PASSED] - click(findTestObject("Object Repository/Page_Off-Topic - TEAM NAME Mattermost/span_Edit Channel Header")): Object: 'Object Repository/Page_Off-Topic - TEAM NAME Mattermost/span_Edit Channel Header' is clicked on

2021-05-30 10:29:29 - [MESSAGE][PASSED] - Object: 'Object Repository/Page_Off-Topic - TEAM NAME Mattermost/span_Edit Channel Header' is clicked on

2021-05-30 10:29:29 - [TEST_STEP][PASSED] - setText(findTestObject("Object Repository/Page_Off-Topic - TEAM NAME Mattermost/textarea_Hell"), findTestData("Internal/Internal Channel Header").getValue(1, rowNum)): Text 'Channel về giải trí' is set on object 'Object Repository/Page_Off-Topic - TEAM NAME Mattermost/textarea_Hell'

2021-05-30 10:29:30 - [MESSAGE][PASSED] - Text 'Channel về giải trí' is set on object 'Object Repository/Page_Off-Topic - TEAM NAME Mattermost/textarea_Hell'

2021-05-30 10:29:30 - [TEST_STEP][PASSED] - click(findTestObject("Object Repository/Page_Off-Topic - TEAM NAME Mattermost/span_Save")): Object: 'Object Repository/Page_Off-Topic - TEAM NAME Mattermost/span_Save' is clicked on

2021-05-30 10:30:01 - [MESSAGE][INFO] - Unable to find the element located by 'By.xpath: //button[@id='save-button']/span'. Please recheck the objects properties to make sure the desired element is located. 

2021-05-30 10:30:01 - [MESSAGE][WARNING] - [SELF-HEALING] Failed to find element with id 'Object Repository/Page_Off-Topic - TEAM NAME Mattermost/span_Save'. Try using Self-healing.

2021-05-30 10:30:01 - [MESSAGE][WARNING] - [SELF-HEALING] The current locator of test object 'Object Repository/Page_Off-Topic - TEAM NAME Mattermost/span_Save' was broken. Propose an alternative one: '(.//*[normalize-space(text()) and normalize-space(.)='Cancel'])[1]/following::span[1]'.

2021-05-30 10:30:01 - [MESSAGE][PASSED] - Object: 'Object Repository/Page_Off-Topic - TEAM NAME Mattermost/span_Save' is clicked on

2021-05-30 10:30:01 - [TEST_STEP][PASSED] - click(findTestObject("Object Repository/Page_Town Square - TEAM NAME Mattermost/div_Off-Topic")): Object: 'Object Repository/Page_Town Square - TEAM NAME Mattermost/div_Off-Topic' is clicked on

2021-05-30 10:30:02 - [MESSAGE][PASSED] - Object: 'Object Repository/Page_Town Square - TEAM NAME Mattermost/div_Off-Topic' is clicked on

2021-05-30 10:30:02 - [TEST_STEP][PASSED] - click(findTestObject("Object Repository/Page_Off-Topic - TEAM NAME Mattermost/span_Off-Topic_channelHeaderDropdownIcon")): Object: 'Object Repository/Page_Off-Topic - TEAM NAME Mattermost/span_Off-Topic_channelHeaderDropdownIcon' is clicked on

2021-05-30 10:30:02 - [MESSAGE][PASSED] - Object: 'Object Repository/Page_Off-Topic - TEAM NAME Mattermost/span_Off-Topic_channelHeaderDropdownIcon' is clicked on

2021-05-30 10:30:02 - [TEST_STEP][PASSED] - click(findTestObject("Object Repository/Page_Off-Topic - TEAM NAME Mattermost/span_Edit Channel Header")): Object: 'Object Repository/Page_Off-Topic - TEAM NAME Mattermost/span_Edit Channel Header' is clicked on

2021-05-30 10:30:03 - [MESSAGE][PASSED] - Object: 'Object Repository/Page_Off-Topic - TEAM NAME Mattermost/span_Edit Channel Header' is clicked on

2021-05-30 10:30:03 - [TEST_STEP][PASSED] - setText(findTestObject("Object Repository/Page_Off-Topic - TEAM NAME Mattermost/textarea_Hell"), findTestData("Internal/Internal Channel Header").getValue(1, rowNum)): Text 'Off-Topic' is set on object 'Object Repository/Page_Off-Topic - TEAM NAME Mattermost/textarea_Hell'

2021-05-30 10:30:04 - [MESSAGE][PASSED] - Text 'Off-Topic' is set on object 'Object Repository/Page_Off-Topic - TEAM NAME Mattermost/textarea_Hell'

2021-05-30 10:30:04 - [TEST_STEP][PASSED] - click(findTestObject("Object Repository/Page_Off-Topic - TEAM NAME Mattermost/span_Save")): Object: 'Object Repository/Page_Off-Topic - TEAM NAME Mattermost/span_Save' is clicked on

2021-05-30 10:30:35 - [MESSAGE][INFO] - Unable to find the element located by 'By.xpath: //button[@id='save-button']/span'. Please recheck the objects properties to make sure the desired element is located. 

2021-05-30 10:30:35 - [MESSAGE][WARNING] - [SELF-HEALING] Failed to find element with id 'Object Repository/Page_Off-Topic - TEAM NAME Mattermost/span_Save'. Try using Self-healing.

2021-05-30 10:30:35 - [MESSAGE][WARNING] - [SELF-HEALING] The current locator of test object 'Object Repository/Page_Off-Topic - TEAM NAME Mattermost/span_Save' was broken. Propose an alternative one: '(.//*[normalize-space(text()) and normalize-space(.)='Cancel'])[1]/following::span[1]'.

2021-05-30 10:30:35 - [MESSAGE][PASSED] - Object: 'Object Repository/Page_Off-Topic - TEAM NAME Mattermost/span_Save' is clicked on

2021-05-30 10:30:35 - [TEST_STEP][PASSED] - closeBrowser(): Browser is closed

2021-05-30 10:30:36 - [MESSAGE][PASSED] - Browser is closed]]></system-out>
         <system-err><![CDATA[]]></system-err>
      </testcase>
      <testcase name="Test Cases/Internal Test Cases/EditChannelPurpose" time="21.482" classname="Test Cases/Internal Test Cases/EditChannelPurpose" status="PASSED">
         <system-out><![CDATA[2021-05-30 10:30:36 - [TEST_CASE][PASSED] - Test Cases/Internal Test Cases/EditChannelPurpose: Test Cases/Internal Test Cases/EditChannelPurpose

2021-05-30 10:30:36 - [TEST_STEP][PASSED] - callTestCase(findTestCase("Internal Test Cases/Successful Login"), ["Username":"", "Password":""], STOP_ON_FAILURE): Call Test Case 'Test Cases/Internal Test Cases/Successful Login' successfully

2021-05-30 10:30:36 - [TEST_CASE][PASSED] - Test Cases/Internal Test Cases/Successful Login: Test Cases/Internal Test Cases/Successful Login

2021-05-30 10:30:36 - [TEST_STEP][PASSED] - openBrowser(""): Browser is opened with url: ''

2021-05-30 10:30:36 - [MESSAGE][INFO] - Starting 'Chrome' driver

2021-05-30 10:30:36 - [MESSAGE][INFO] - Action delay is set to 0 milliseconds

2021-05-30 10:30:38 - [MESSAGE][PASSED] - Browser is opened with url: ''

2021-05-30 10:30:38 - [TEST_STEP][PASSED] - navigateToUrl("https://chudenangcao2021.cf/"): Navigate to 'https://chudenangcao2021.cf/' successfully

2021-05-30 10:30:38 - [MESSAGE][PASSED] - Navigate to 'https://chudenangcao2021.cf/' successfully

2021-05-30 10:30:38 - [TEST_STEP][PASSED] - setText(findTestObject("Object Repository/Page_Mattermost/input_All team communication in one place, _dcc84b"), findTestData("Internal/Internal Login Data").getValue(1, 1)): Text 'nguyenvanb' is set on object 'Object Repository/Page_Mattermost/input_All team communication in one place, _dcc84b'

2021-05-30 10:30:40 - [MESSAGE][PASSED] - Text 'nguyenvanb' is set on object 'Object Repository/Page_Mattermost/input_All team communication in one place, _dcc84b'

2021-05-30 10:30:40 - [TEST_STEP][PASSED] - setEncryptedText(findTestObject("Object Repository/Page_Mattermost/input_All team communication in one place, _a3edc6"), findTestData("Internal/Internal Login Data").getValue(2, 1)): Text ****** has been set on object 'Object Repository/Page_Mattermost/input_All team communication in one place, _a3edc6'

2021-05-30 10:30:40 - [MESSAGE][PASSED] - Text ****** has been set on object 'Object Repository/Page_Mattermost/input_All team communication in one place, _a3edc6'

2021-05-30 10:30:40 - [TEST_STEP][PASSED] - click(findTestObject("Object Repository/Page_Mattermost/button_Sign in")): Object: 'Object Repository/Page_Mattermost/button_Sign in' is clicked on

2021-05-30 10:30:41 - [MESSAGE][PASSED] - Object: 'Object Repository/Page_Mattermost/button_Sign in' is clicked on

2021-05-30 10:30:41 - [TEST_STEP][PASSED] - verifyLinksAccessible(["https://chudenangcao2021.cf/cdnc-cnpm-2021/channels"]): All links are accessible

2021-05-30 10:30:41 - [MESSAGE][INFO] - HAR: C:\Users\nttuan\Downloads\CDNC\mattermost-testing\Reports\20210530_102014\Run all test cases\20210530_102015\requests\main\39.har

2021-05-30 10:30:41 - [MESSAGE][PASSED] - Send request successfully

2021-05-30 10:30:41 - [MESSAGE][PASSED] - All links are accessible

2021-05-30 10:30:41 - [MESSAGE][PASSED] - Call Test Case 'Test Cases/Internal Test Cases/Successful Login' successfully

2021-05-30 10:30:41 - [TEST_STEP][PASSED] - for ([rowNum = 1, rowNum <= findTestData("Internal/Internal Channel Purpose").getRowNumbers(), (rowNum++)]): Object: 'Object Repository/Edit Purpose/Page_span_Town Square - Team 1 Mattermost/button_Save' is clicked on

2021-05-30 10:30:41 - [TEST_STEP][PASSED] - click(findTestObject("Object Repository/Edit Purpose/Page_span_Town Square - Team 1 Mattermost/span_span_Town Square")): Object: 'Object Repository/Edit Purpose/Page_span_Town Square - Team 1 Mattermost/span_span_Town Square' is clicked on

2021-05-30 10:30:43 - [MESSAGE][PASSED] - Object: 'Object Repository/Edit Purpose/Page_span_Town Square - Team 1 Mattermost/span_span_Town Square' is clicked on

2021-05-30 10:30:43 - [TEST_STEP][PASSED] - click(findTestObject("Object Repository/Edit Purpose/Page_span_Town Square - Team 1 Mattermost/span_span_Town Square_channelHeaderDropdownIcon")): Object: 'Object Repository/Edit Purpose/Page_span_Town Square - Team 1 Mattermost/span_span_Town Square_channelHeaderDropdownIcon' is clicked on

2021-05-30 10:30:43 - [MESSAGE][PASSED] - Object: 'Object Repository/Edit Purpose/Page_span_Town Square - Team 1 Mattermost/span_span_Town Square_channelHeaderDropdownIcon' is clicked on

2021-05-30 10:30:43 - [TEST_STEP][PASSED] - click(findTestObject("Object Repository/Edit Purpose/Page_span_Town Square - Team 1 Mattermost/span_Edit Channel Purpose")): Object: 'Object Repository/Edit Purpose/Page_span_Town Square - Team 1 Mattermost/span_Edit Channel Purpose' is clicked on

2021-05-30 10:30:44 - [MESSAGE][PASSED] - Object: 'Object Repository/Edit Purpose/Page_span_Town Square - Team 1 Mattermost/span_Edit Channel Purpose' is clicked on

2021-05-30 10:30:44 - [TEST_STEP][PASSED] - setText(findTestObject("Object Repository/Edit Purpose/Page_span_Town Square - Team 1 Mattermost/textarea_span_Town Square_form-control no-resize"), findTestData("Internal/Internal Channel Purpose").getValue(1, rowNum)): Text 'Lời khuyên, sự hỗ trợ' is set on object 'Object Repository/Edit Purpose/Page_span_Town Square - Team 1 Mattermost/textarea_span_Town Square_form-control no-resize'

2021-05-30 10:30:45 - [MESSAGE][PASSED] - Text 'Lời khuyên, sự hỗ trợ' is set on object 'Object Repository/Edit Purpose/Page_span_Town Square - Team 1 Mattermost/textarea_span_Town Square_form-control no-resize'

2021-05-30 10:30:45 - [TEST_STEP][PASSED] - click(findTestObject("Object Repository/Edit Purpose/Page_span_Town Square - Team 1 Mattermost/button_Save")): Object: 'Object Repository/Edit Purpose/Page_span_Town Square - Team 1 Mattermost/button_Save' is clicked on

2021-05-30 10:30:45 - [MESSAGE][PASSED] - Object: 'Object Repository/Edit Purpose/Page_span_Town Square - Team 1 Mattermost/button_Save' is clicked on

2021-05-30 10:30:45 - [TEST_STEP][PASSED] - click(findTestObject("Object Repository/Edit Purpose/Page_span_Town Square - Team 1 Mattermost/span_span_Town Square")): Object: 'Object Repository/Edit Purpose/Page_span_Town Square - Team 1 Mattermost/span_span_Town Square' is clicked on

2021-05-30 10:30:46 - [MESSAGE][PASSED] - Object: 'Object Repository/Edit Purpose/Page_span_Town Square - Team 1 Mattermost/span_span_Town Square' is clicked on

2021-05-30 10:30:46 - [TEST_STEP][PASSED] - click(findTestObject("Object Repository/Edit Purpose/Page_span_Town Square - Team 1 Mattermost/span_span_Town Square_channelHeaderDropdownIcon")): Object: 'Object Repository/Edit Purpose/Page_span_Town Square - Team 1 Mattermost/span_span_Town Square_channelHeaderDropdownIcon' is clicked on

2021-05-30 10:30:46 - [MESSAGE][PASSED] - Object: 'Object Repository/Edit Purpose/Page_span_Town Square - Team 1 Mattermost/span_span_Town Square_channelHeaderDropdownIcon' is clicked on

2021-05-30 10:30:46 - [TEST_STEP][PASSED] - click(findTestObject("Object Repository/Edit Purpose/Page_span_Town Square - Team 1 Mattermost/span_Edit Channel Purpose")): Object: 'Object Repository/Edit Purpose/Page_span_Town Square - Team 1 Mattermost/span_Edit Channel Purpose' is clicked on

2021-05-30 10:30:47 - [MESSAGE][PASSED] - Object: 'Object Repository/Edit Purpose/Page_span_Town Square - Team 1 Mattermost/span_Edit Channel Purpose' is clicked on

2021-05-30 10:30:47 - [TEST_STEP][PASSED] - setText(findTestObject("Object Repository/Edit Purpose/Page_span_Town Square - Team 1 Mattermost/textarea_span_Town Square_form-control no-resize"), findTestData("Internal/Internal Channel Purpose").getValue(1, rowNum)): Text 'Bài viết truyền cảm hứng' is set on object 'Object Repository/Edit Purpose/Page_span_Town Square - Team 1 Mattermost/textarea_span_Town Square_form-control no-resize'

2021-05-30 10:30:48 - [MESSAGE][PASSED] - Text 'Bài viết truyền cảm hứng' is set on object 'Object Repository/Edit Purpose/Page_span_Town Square - Team 1 Mattermost/textarea_span_Town Square_form-control no-resize'

2021-05-30 10:30:48 - [TEST_STEP][PASSED] - click(findTestObject("Object Repository/Edit Purpose/Page_span_Town Square - Team 1 Mattermost/button_Save")): Object: 'Object Repository/Edit Purpose/Page_span_Town Square - Team 1 Mattermost/button_Save' is clicked on

2021-05-30 10:30:48 - [MESSAGE][PASSED] - Object: 'Object Repository/Edit Purpose/Page_span_Town Square - Team 1 Mattermost/button_Save' is clicked on

2021-05-30 10:30:48 - [TEST_STEP][PASSED] - click(findTestObject("Object Repository/Edit Purpose/Page_span_Town Square - Team 1 Mattermost/span_span_Town Square")): Object: 'Object Repository/Edit Purpose/Page_span_Town Square - Team 1 Mattermost/span_span_Town Square' is clicked on

2021-05-30 10:30:49 - [MESSAGE][PASSED] - Object: 'Object Repository/Edit Purpose/Page_span_Town Square - Team 1 Mattermost/span_span_Town Square' is clicked on

2021-05-30 10:30:49 - [TEST_STEP][PASSED] - click(findTestObject("Object Repository/Edit Purpose/Page_span_Town Square - Team 1 Mattermost/span_span_Town Square_channelHeaderDropdownIcon")): Object: 'Object Repository/Edit Purpose/Page_span_Town Square - Team 1 Mattermost/span_span_Town Square_channelHeaderDropdownIcon' is clicked on

2021-05-30 10:30:49 - [MESSAGE][PASSED] - Object: 'Object Repository/Edit Purpose/Page_span_Town Square - Team 1 Mattermost/span_span_Town Square_channelHeaderDropdownIcon' is clicked on

2021-05-30 10:30:49 - [TEST_STEP][PASSED] - click(findTestObject("Object Repository/Edit Purpose/Page_span_Town Square - Team 1 Mattermost/span_Edit Channel Purpose")): Object: 'Object Repository/Edit Purpose/Page_span_Town Square - Team 1 Mattermost/span_Edit Channel Purpose' is clicked on

2021-05-30 10:30:50 - [MESSAGE][PASSED] - Object: 'Object Repository/Edit Purpose/Page_span_Town Square - Team 1 Mattermost/span_Edit Channel Purpose' is clicked on

2021-05-30 10:30:50 - [TEST_STEP][PASSED] - setText(findTestObject("Object Repository/Edit Purpose/Page_span_Town Square - Team 1 Mattermost/textarea_span_Town Square_form-control no-resize"), findTestData("Internal/Internal Channel Purpose").getValue(1, rowNum)): Text 'Mục đích xã hội' is set on object 'Object Repository/Edit Purpose/Page_span_Town Square - Team 1 Mattermost/textarea_span_Town Square_form-control no-resize'

2021-05-30 10:30:51 - [MESSAGE][PASSED] - Text 'Mục đích xã hội' is set on object 'Object Repository/Edit Purpose/Page_span_Town Square - Team 1 Mattermost/textarea_span_Town Square_form-control no-resize'

2021-05-30 10:30:51 - [TEST_STEP][PASSED] - click(findTestObject("Object Repository/Edit Purpose/Page_span_Town Square - Team 1 Mattermost/button_Save")): Object: 'Object Repository/Edit Purpose/Page_span_Town Square - Team 1 Mattermost/button_Save' is clicked on

2021-05-30 10:30:51 - [MESSAGE][PASSED] - Object: 'Object Repository/Edit Purpose/Page_span_Town Square - Team 1 Mattermost/button_Save' is clicked on

2021-05-30 10:30:51 - [TEST_STEP][PASSED] - click(findTestObject("Object Repository/Edit Purpose/Page_span_Town Square - Team 1 Mattermost/span_span_Town Square")): Object: 'Object Repository/Edit Purpose/Page_span_Town Square - Team 1 Mattermost/span_span_Town Square' is clicked on

2021-05-30 10:30:52 - [MESSAGE][PASSED] - Object: 'Object Repository/Edit Purpose/Page_span_Town Square - Team 1 Mattermost/span_span_Town Square' is clicked on

2021-05-30 10:30:52 - [TEST_STEP][PASSED] - click(findTestObject("Object Repository/Edit Purpose/Page_span_Town Square - Team 1 Mattermost/span_span_Town Square_channelHeaderDropdownIcon")): Object: 'Object Repository/Edit Purpose/Page_span_Town Square - Team 1 Mattermost/span_span_Town Square_channelHeaderDropdownIcon' is clicked on

2021-05-30 10:30:52 - [MESSAGE][PASSED] - Object: 'Object Repository/Edit Purpose/Page_span_Town Square - Team 1 Mattermost/span_span_Town Square_channelHeaderDropdownIcon' is clicked on

2021-05-30 10:30:52 - [TEST_STEP][PASSED] - click(findTestObject("Object Repository/Edit Purpose/Page_span_Town Square - Team 1 Mattermost/span_Edit Channel Purpose")): Object: 'Object Repository/Edit Purpose/Page_span_Town Square - Team 1 Mattermost/span_Edit Channel Purpose' is clicked on

2021-05-30 10:30:53 - [MESSAGE][PASSED] - Object: 'Object Repository/Edit Purpose/Page_span_Town Square - Team 1 Mattermost/span_Edit Channel Purpose' is clicked on

2021-05-30 10:30:53 - [TEST_STEP][PASSED] - setText(findTestObject("Object Repository/Edit Purpose/Page_span_Town Square - Team 1 Mattermost/textarea_span_Town Square_form-control no-resize"), findTestData("Internal/Internal Channel Purpose").getValue(1, rowNum)): Text 'Nuôi dưỡng mối quan hệ' is set on object 'Object Repository/Edit Purpose/Page_span_Town Square - Team 1 Mattermost/textarea_span_Town Square_form-control no-resize'

2021-05-30 10:30:54 - [MESSAGE][PASSED] - Text 'Nuôi dưỡng mối quan hệ' is set on object 'Object Repository/Edit Purpose/Page_span_Town Square - Team 1 Mattermost/textarea_span_Town Square_form-control no-resize'

2021-05-30 10:30:54 - [TEST_STEP][PASSED] - click(findTestObject("Object Repository/Edit Purpose/Page_span_Town Square - Team 1 Mattermost/button_Save")): Object: 'Object Repository/Edit Purpose/Page_span_Town Square - Team 1 Mattermost/button_Save' is clicked on

2021-05-30 10:30:54 - [MESSAGE][PASSED] - Object: 'Object Repository/Edit Purpose/Page_span_Town Square - Team 1 Mattermost/button_Save' is clicked on

2021-05-30 10:30:54 - [TEST_STEP][PASSED] - click(findTestObject("Object Repository/Edit Purpose/Page_span_Town Square - Team 1 Mattermost/span_span_Town Square")): Object: 'Object Repository/Edit Purpose/Page_span_Town Square - Team 1 Mattermost/span_span_Town Square' is clicked on

2021-05-30 10:30:54 - [MESSAGE][PASSED] - Object: 'Object Repository/Edit Purpose/Page_span_Town Square - Team 1 Mattermost/span_span_Town Square' is clicked on

2021-05-30 10:30:54 - [TEST_STEP][PASSED] - click(findTestObject("Object Repository/Edit Purpose/Page_span_Town Square - Team 1 Mattermost/span_span_Town Square_channelHeaderDropdownIcon")): Object: 'Object Repository/Edit Purpose/Page_span_Town Square - Team 1 Mattermost/span_span_Town Square_channelHeaderDropdownIcon' is clicked on

2021-05-30 10:30:55 - [MESSAGE][PASSED] - Object: 'Object Repository/Edit Purpose/Page_span_Town Square - Team 1 Mattermost/span_span_Town Square_channelHeaderDropdownIcon' is clicked on

2021-05-30 10:30:55 - [TEST_STEP][PASSED] - click(findTestObject("Object Repository/Edit Purpose/Page_span_Town Square - Team 1 Mattermost/span_Edit Channel Purpose")): Object: 'Object Repository/Edit Purpose/Page_span_Town Square - Team 1 Mattermost/span_Edit Channel Purpose' is clicked on

2021-05-30 10:30:56 - [MESSAGE][PASSED] - Object: 'Object Repository/Edit Purpose/Page_span_Town Square - Team 1 Mattermost/span_Edit Channel Purpose' is clicked on

2021-05-30 10:30:56 - [TEST_STEP][PASSED] - setText(findTestObject("Object Repository/Edit Purpose/Page_span_Town Square - Team 1 Mattermost/textarea_span_Town Square_form-control no-resize"), findTestData("Internal/Internal Channel Purpose").getValue(1, rowNum)): Text ' Xây dựng nội dung có giá trị' is set on object 'Object Repository/Edit Purpose/Page_span_Town Square - Team 1 Mattermost/textarea_span_Town Square_form-control no-resize'

2021-05-30 10:30:56 - [MESSAGE][PASSED] - Text ' Xây dựng nội dung có giá trị' is set on object 'Object Repository/Edit Purpose/Page_span_Town Square - Team 1 Mattermost/textarea_span_Town Square_form-control no-resize'

2021-05-30 10:30:56 - [TEST_STEP][PASSED] - click(findTestObject("Object Repository/Edit Purpose/Page_span_Town Square - Team 1 Mattermost/button_Save")): Object: 'Object Repository/Edit Purpose/Page_span_Town Square - Team 1 Mattermost/button_Save' is clicked on

2021-05-30 10:30:57 - [MESSAGE][PASSED] - Object: 'Object Repository/Edit Purpose/Page_span_Town Square - Team 1 Mattermost/button_Save' is clicked on

2021-05-30 10:30:57 - [TEST_STEP][PASSED] - closeBrowser(): Browser is closed

2021-05-30 10:30:58 - [MESSAGE][PASSED] - Browser is closed]]></system-out>
         <system-err><![CDATA[]]></system-err>
      </testcase>
      <testcase name="Test Cases/Internal Test Cases/EditFullName" time="26.083" classname="Test Cases/Internal Test Cases/EditFullName" status="PASSED">
         <system-out><![CDATA[2021-05-30 10:30:58 - [TEST_CASE][PASSED] - Test Cases/Internal Test Cases/EditFullName: Test Cases/Internal Test Cases/EditFullName

2021-05-30 10:30:58 - [TEST_STEP][PASSED] - callTestCase(findTestCase("Internal Test Cases/Successful Login"), ["Username":"", "Password":""], STOP_ON_FAILURE): Call Test Case 'Test Cases/Internal Test Cases/Successful Login' successfully

2021-05-30 10:30:58 - [TEST_CASE][PASSED] - Test Cases/Internal Test Cases/Successful Login: Test Cases/Internal Test Cases/Successful Login

2021-05-30 10:30:58 - [TEST_STEP][PASSED] - openBrowser(""): Browser is opened with url: ''

2021-05-30 10:30:58 - [MESSAGE][INFO] - Starting 'Chrome' driver

2021-05-30 10:30:58 - [MESSAGE][INFO] - Action delay is set to 0 milliseconds

2021-05-30 10:30:59 - [MESSAGE][PASSED] - Browser is opened with url: ''

2021-05-30 10:30:59 - [TEST_STEP][PASSED] - navigateToUrl("https://chudenangcao2021.cf/"): Navigate to 'https://chudenangcao2021.cf/' successfully

2021-05-30 10:31:00 - [MESSAGE][PASSED] - Navigate to 'https://chudenangcao2021.cf/' successfully

2021-05-30 10:31:00 - [TEST_STEP][PASSED] - setText(findTestObject("Object Repository/Page_Mattermost/input_All team communication in one place, _dcc84b"), findTestData("Internal/Internal Login Data").getValue(1, 1)): Text 'nguyenvanb' is set on object 'Object Repository/Page_Mattermost/input_All team communication in one place, _dcc84b'

2021-05-30 10:31:01 - [MESSAGE][PASSED] - Text 'nguyenvanb' is set on object 'Object Repository/Page_Mattermost/input_All team communication in one place, _dcc84b'

2021-05-30 10:31:01 - [TEST_STEP][PASSED] - setEncryptedText(findTestObject("Object Repository/Page_Mattermost/input_All team communication in one place, _a3edc6"), findTestData("Internal/Internal Login Data").getValue(2, 1)): Text ****** has been set on object 'Object Repository/Page_Mattermost/input_All team communication in one place, _a3edc6'

2021-05-30 10:31:02 - [MESSAGE][PASSED] - Text ****** has been set on object 'Object Repository/Page_Mattermost/input_All team communication in one place, _a3edc6'

2021-05-30 10:31:02 - [TEST_STEP][PASSED] - click(findTestObject("Object Repository/Page_Mattermost/button_Sign in")): Object: 'Object Repository/Page_Mattermost/button_Sign in' is clicked on

2021-05-30 10:31:02 - [MESSAGE][PASSED] - Object: 'Object Repository/Page_Mattermost/button_Sign in' is clicked on

2021-05-30 10:31:02 - [TEST_STEP][PASSED] - verifyLinksAccessible(["https://chudenangcao2021.cf/cdnc-cnpm-2021/channels"]): All links are accessible

2021-05-30 10:31:02 - [MESSAGE][INFO] - HAR: C:\Users\nttuan\Downloads\CDNC\mattermost-testing\Reports\20210530_102014\Run all test cases\20210530_102015\requests\main\40.har

2021-05-30 10:31:02 - [MESSAGE][PASSED] - Send request successfully

2021-05-30 10:31:02 - [MESSAGE][PASSED] - All links are accessible

2021-05-30 10:31:02 - [MESSAGE][PASSED] - Call Test Case 'Test Cases/Internal Test Cases/Successful Login' successfully

2021-05-30 10:31:02 - [TEST_STEP][PASSED] - for ([rowNum = 1, rowNum <= findTestData("Internal/Internal Fullname").getRowNumbers(), (rowNum++)]): Object: 'Object Repository/Page_TEST CHANNEL - TEAM NAME Mattermost/span_' is clicked on

2021-05-30 10:31:02 - [TEST_STEP][PASSED] - click(findTestObject("Object Repository/Account Setting/Page_TEST CHANNEL - TEAM NAME Mattermost/span")): Object: 'Object Repository/Account Setting/Page_TEST CHANNEL - TEAM NAME Mattermost/span' is clicked on

2021-05-30 10:31:04 - [MESSAGE][PASSED] - Object: 'Object Repository/Account Setting/Page_TEST CHANNEL - TEAM NAME Mattermost/span' is clicked on

2021-05-30 10:31:04 - [TEST_STEP][PASSED] - click(findTestObject("Object Repository/Page_TEST CHANNEL - TEAM NAME Mattermost/button_Account Settings")): Object: 'Object Repository/Page_TEST CHANNEL - TEAM NAME Mattermost/button_Account Settings' is clicked on

2021-05-30 10:31:05 - [MESSAGE][PASSED] - Object: 'Object Repository/Page_TEST CHANNEL - TEAM NAME Mattermost/button_Account Settings' is clicked on

2021-05-30 10:31:05 - [TEST_STEP][PASSED] - click(findTestObject("Object Repository/Page_TEST CHANNEL - TEAM NAME Mattermost/span_Edit")): Object: 'Object Repository/Page_TEST CHANNEL - TEAM NAME Mattermost/span_Edit' is clicked on

2021-05-30 10:31:05 - [MESSAGE][PASSED] - Object: 'Object Repository/Page_TEST CHANNEL - TEAM NAME Mattermost/span_Edit' is clicked on

2021-05-30 10:31:05 - [TEST_STEP][PASSED] - setText(findTestObject("Object Repository/Page_TEST CHANNEL - TEAM NAME Mattermost/input_First Name_firstName"), findTestData("Internal/Internal Fullname").getValue(1, rowNum)): Text 'Tho' is set on object 'Object Repository/Page_TEST CHANNEL - TEAM NAME Mattermost/input_First Name_firstName'

2021-05-30 10:31:06 - [MESSAGE][PASSED] - Text 'Tho' is set on object 'Object Repository/Page_TEST CHANNEL - TEAM NAME Mattermost/input_First Name_firstName'

2021-05-30 10:31:06 - [TEST_STEP][PASSED] - setText(findTestObject("Object Repository/Page_TEST CHANNEL - TEAM NAME Mattermost/input_Last Name_lastName"), findTestData("Internal/Internal Fullname").getValue(2, rowNum)): Text 'Tuan' is set on object 'Object Repository/Page_TEST CHANNEL - TEAM NAME Mattermost/input_Last Name_lastName'

2021-05-30 10:31:07 - [MESSAGE][PASSED] - Text 'Tuan' is set on object 'Object Repository/Page_TEST CHANNEL - TEAM NAME Mattermost/input_Last Name_lastName'

2021-05-30 10:31:07 - [TEST_STEP][PASSED] - click(findTestObject("Object Repository/Page_TEST CHANNEL - TEAM NAME Mattermost/span_Save")): Object: 'Object Repository/Page_TEST CHANNEL - TEAM NAME Mattermost/span_Save' is clicked on

2021-05-30 10:31:07 - [MESSAGE][PASSED] - Object: 'Object Repository/Page_TEST CHANNEL - TEAM NAME Mattermost/span_Save' is clicked on

2021-05-30 10:31:07 - [TEST_STEP][PASSED] - click(findTestObject("Object Repository/Page_TEST CHANNEL - TEAM NAME Mattermost/span_")): Object: 'Object Repository/Page_TEST CHANNEL - TEAM NAME Mattermost/span_' is clicked on

2021-05-30 10:31:08 - [MESSAGE][PASSED] - Object: 'Object Repository/Page_TEST CHANNEL - TEAM NAME Mattermost/span_' is clicked on

2021-05-30 10:31:08 - [TEST_STEP][PASSED] - click(findTestObject("Object Repository/Account Setting/Page_TEST CHANNEL - TEAM NAME Mattermost/span")): Object: 'Object Repository/Account Setting/Page_TEST CHANNEL - TEAM NAME Mattermost/span' is clicked on

2021-05-30 10:31:08 - [MESSAGE][PASSED] - Object: 'Object Repository/Account Setting/Page_TEST CHANNEL - TEAM NAME Mattermost/span' is clicked on

2021-05-30 10:31:08 - [TEST_STEP][PASSED] - click(findTestObject("Object Repository/Page_TEST CHANNEL - TEAM NAME Mattermost/button_Account Settings")): Object: 'Object Repository/Page_TEST CHANNEL - TEAM NAME Mattermost/button_Account Settings' is clicked on

2021-05-30 10:31:09 - [MESSAGE][PASSED] - Object: 'Object Repository/Page_TEST CHANNEL - TEAM NAME Mattermost/button_Account Settings' is clicked on

2021-05-30 10:31:09 - [TEST_STEP][PASSED] - click(findTestObject("Object Repository/Page_TEST CHANNEL - TEAM NAME Mattermost/span_Edit")): Object: 'Object Repository/Page_TEST CHANNEL - TEAM NAME Mattermost/span_Edit' is clicked on

2021-05-30 10:31:09 - [MESSAGE][PASSED] - Object: 'Object Repository/Page_TEST CHANNEL - TEAM NAME Mattermost/span_Edit' is clicked on

2021-05-30 10:31:09 - [TEST_STEP][PASSED] - setText(findTestObject("Object Repository/Page_TEST CHANNEL - TEAM NAME Mattermost/input_First Name_firstName"), findTestData("Internal/Internal Fullname").getValue(1, rowNum)): Text 'Xuan' is set on object 'Object Repository/Page_TEST CHANNEL - TEAM NAME Mattermost/input_First Name_firstName'

2021-05-30 10:31:10 - [MESSAGE][PASSED] - Text 'Xuan' is set on object 'Object Repository/Page_TEST CHANNEL - TEAM NAME Mattermost/input_First Name_firstName'

2021-05-30 10:31:10 - [TEST_STEP][PASSED] - setText(findTestObject("Object Repository/Page_TEST CHANNEL - TEAM NAME Mattermost/input_Last Name_lastName"), findTestData("Internal/Internal Fullname").getValue(2, rowNum)): Text 'Tuan' is set on object 'Object Repository/Page_TEST CHANNEL - TEAM NAME Mattermost/input_Last Name_lastName'

2021-05-30 10:31:10 - [MESSAGE][PASSED] - Text 'Tuan' is set on object 'Object Repository/Page_TEST CHANNEL - TEAM NAME Mattermost/input_Last Name_lastName'

2021-05-30 10:31:10 - [TEST_STEP][PASSED] - click(findTestObject("Object Repository/Page_TEST CHANNEL - TEAM NAME Mattermost/span_Save")): Object: 'Object Repository/Page_TEST CHANNEL - TEAM NAME Mattermost/span_Save' is clicked on

2021-05-30 10:31:11 - [MESSAGE][PASSED] - Object: 'Object Repository/Page_TEST CHANNEL - TEAM NAME Mattermost/span_Save' is clicked on

2021-05-30 10:31:11 - [TEST_STEP][PASSED] - click(findTestObject("Object Repository/Page_TEST CHANNEL - TEAM NAME Mattermost/span_")): Object: 'Object Repository/Page_TEST CHANNEL - TEAM NAME Mattermost/span_' is clicked on

2021-05-30 10:31:11 - [MESSAGE][PASSED] - Object: 'Object Repository/Page_TEST CHANNEL - TEAM NAME Mattermost/span_' is clicked on

2021-05-30 10:31:11 - [TEST_STEP][PASSED] - click(findTestObject("Object Repository/Account Setting/Page_TEST CHANNEL - TEAM NAME Mattermost/span")): Object: 'Object Repository/Account Setting/Page_TEST CHANNEL - TEAM NAME Mattermost/span' is clicked on

2021-05-30 10:31:12 - [MESSAGE][PASSED] - Object: 'Object Repository/Account Setting/Page_TEST CHANNEL - TEAM NAME Mattermost/span' is clicked on

2021-05-30 10:31:12 - [TEST_STEP][PASSED] - click(findTestObject("Object Repository/Page_TEST CHANNEL - TEAM NAME Mattermost/button_Account Settings")): Object: 'Object Repository/Page_TEST CHANNEL - TEAM NAME Mattermost/button_Account Settings' is clicked on

2021-05-30 10:31:12 - [MESSAGE][PASSED] - Object: 'Object Repository/Page_TEST CHANNEL - TEAM NAME Mattermost/button_Account Settings' is clicked on

2021-05-30 10:31:12 - [TEST_STEP][PASSED] - click(findTestObject("Object Repository/Page_TEST CHANNEL - TEAM NAME Mattermost/span_Edit")): Object: 'Object Repository/Page_TEST CHANNEL - TEAM NAME Mattermost/span_Edit' is clicked on

2021-05-30 10:31:13 - [MESSAGE][PASSED] - Object: 'Object Repository/Page_TEST CHANNEL - TEAM NAME Mattermost/span_Edit' is clicked on

2021-05-30 10:31:13 - [TEST_STEP][PASSED] - setText(findTestObject("Object Repository/Page_TEST CHANNEL - TEAM NAME Mattermost/input_First Name_firstName"), findTestData("Internal/Internal Fullname").getValue(1, rowNum)): Text 'Bui' is set on object 'Object Repository/Page_TEST CHANNEL - TEAM NAME Mattermost/input_First Name_firstName'

2021-05-30 10:31:14 - [MESSAGE][PASSED] - Text 'Bui' is set on object 'Object Repository/Page_TEST CHANNEL - TEAM NAME Mattermost/input_First Name_firstName'

2021-05-30 10:31:14 - [TEST_STEP][PASSED] - setText(findTestObject("Object Repository/Page_TEST CHANNEL - TEAM NAME Mattermost/input_Last Name_lastName"), findTestData("Internal/Internal Fullname").getValue(2, rowNum)): Text 'Lam' is set on object 'Object Repository/Page_TEST CHANNEL - TEAM NAME Mattermost/input_Last Name_lastName'

2021-05-30 10:31:14 - [MESSAGE][PASSED] - Text 'Lam' is set on object 'Object Repository/Page_TEST CHANNEL - TEAM NAME Mattermost/input_Last Name_lastName'

2021-05-30 10:31:14 - [TEST_STEP][PASSED] - click(findTestObject("Object Repository/Page_TEST CHANNEL - TEAM NAME Mattermost/span_Save")): Object: 'Object Repository/Page_TEST CHANNEL - TEAM NAME Mattermost/span_Save' is clicked on

2021-05-30 10:31:15 - [MESSAGE][PASSED] - Object: 'Object Repository/Page_TEST CHANNEL - TEAM NAME Mattermost/span_Save' is clicked on

2021-05-30 10:31:15 - [TEST_STEP][PASSED] - click(findTestObject("Object Repository/Page_TEST CHANNEL - TEAM NAME Mattermost/span_")): Object: 'Object Repository/Page_TEST CHANNEL - TEAM NAME Mattermost/span_' is clicked on

2021-05-30 10:31:15 - [MESSAGE][PASSED] - Object: 'Object Repository/Page_TEST CHANNEL - TEAM NAME Mattermost/span_' is clicked on

2021-05-30 10:31:15 - [TEST_STEP][PASSED] - click(findTestObject("Object Repository/Account Setting/Page_TEST CHANNEL - TEAM NAME Mattermost/span")): Object: 'Object Repository/Account Setting/Page_TEST CHANNEL - TEAM NAME Mattermost/span' is clicked on

2021-05-30 10:31:16 - [MESSAGE][PASSED] - Object: 'Object Repository/Account Setting/Page_TEST CHANNEL - TEAM NAME Mattermost/span' is clicked on

2021-05-30 10:31:16 - [TEST_STEP][PASSED] - click(findTestObject("Object Repository/Page_TEST CHANNEL - TEAM NAME Mattermost/button_Account Settings")): Object: 'Object Repository/Page_TEST CHANNEL - TEAM NAME Mattermost/button_Account Settings' is clicked on

2021-05-30 10:31:16 - [MESSAGE][PASSED] - Object: 'Object Repository/Page_TEST CHANNEL - TEAM NAME Mattermost/button_Account Settings' is clicked on

2021-05-30 10:31:16 - [TEST_STEP][PASSED] - click(findTestObject("Object Repository/Page_TEST CHANNEL - TEAM NAME Mattermost/span_Edit")): Object: 'Object Repository/Page_TEST CHANNEL - TEAM NAME Mattermost/span_Edit' is clicked on

2021-05-30 10:31:17 - [MESSAGE][PASSED] - Object: 'Object Repository/Page_TEST CHANNEL - TEAM NAME Mattermost/span_Edit' is clicked on

2021-05-30 10:31:17 - [TEST_STEP][PASSED] - setText(findTestObject("Object Repository/Page_TEST CHANNEL - TEAM NAME Mattermost/input_First Name_firstName"), findTestData("Internal/Internal Fullname").getValue(1, rowNum)): Text 'Thanh' is set on object 'Object Repository/Page_TEST CHANNEL - TEAM NAME Mattermost/input_First Name_firstName'

2021-05-30 10:31:18 - [MESSAGE][PASSED] - Text 'Thanh' is set on object 'Object Repository/Page_TEST CHANNEL - TEAM NAME Mattermost/input_First Name_firstName'

2021-05-30 10:31:18 - [TEST_STEP][PASSED] - setText(findTestObject("Object Repository/Page_TEST CHANNEL - TEAM NAME Mattermost/input_Last Name_lastName"), findTestData("Internal/Internal Fullname").getValue(2, rowNum)): Text 'Tung' is set on object 'Object Repository/Page_TEST CHANNEL - TEAM NAME Mattermost/input_Last Name_lastName'

2021-05-30 10:31:18 - [MESSAGE][PASSED] - Text 'Tung' is set on object 'Object Repository/Page_TEST CHANNEL - TEAM NAME Mattermost/input_Last Name_lastName'

2021-05-30 10:31:18 - [TEST_STEP][PASSED] - click(findTestObject("Object Repository/Page_TEST CHANNEL - TEAM NAME Mattermost/span_Save")): Object: 'Object Repository/Page_TEST CHANNEL - TEAM NAME Mattermost/span_Save' is clicked on

2021-05-30 10:31:19 - [MESSAGE][PASSED] - Object: 'Object Repository/Page_TEST CHANNEL - TEAM NAME Mattermost/span_Save' is clicked on

2021-05-30 10:31:19 - [TEST_STEP][PASSED] - click(findTestObject("Object Repository/Page_TEST CHANNEL - TEAM NAME Mattermost/span_")): Object: 'Object Repository/Page_TEST CHANNEL - TEAM NAME Mattermost/span_' is clicked on

2021-05-30 10:31:19 - [MESSAGE][PASSED] - Object: 'Object Repository/Page_TEST CHANNEL - TEAM NAME Mattermost/span_' is clicked on

2021-05-30 10:31:19 - [TEST_STEP][PASSED] - click(findTestObject("Object Repository/Account Setting/Page_TEST CHANNEL - TEAM NAME Mattermost/span")): Object: 'Object Repository/Account Setting/Page_TEST CHANNEL - TEAM NAME Mattermost/span' is clicked on

2021-05-30 10:31:20 - [MESSAGE][PASSED] - Object: 'Object Repository/Account Setting/Page_TEST CHANNEL - TEAM NAME Mattermost/span' is clicked on

2021-05-30 10:31:20 - [TEST_STEP][PASSED] - click(findTestObject("Object Repository/Page_TEST CHANNEL - TEAM NAME Mattermost/button_Account Settings")): Object: 'Object Repository/Page_TEST CHANNEL - TEAM NAME Mattermost/button_Account Settings' is clicked on

2021-05-30 10:31:20 - [MESSAGE][PASSED] - Object: 'Object Repository/Page_TEST CHANNEL - TEAM NAME Mattermost/button_Account Settings' is clicked on

2021-05-30 10:31:20 - [TEST_STEP][PASSED] - click(findTestObject("Object Repository/Page_TEST CHANNEL - TEAM NAME Mattermost/span_Edit")): Object: 'Object Repository/Page_TEST CHANNEL - TEAM NAME Mattermost/span_Edit' is clicked on

2021-05-30 10:31:21 - [MESSAGE][PASSED] - Object: 'Object Repository/Page_TEST CHANNEL - TEAM NAME Mattermost/span_Edit' is clicked on

2021-05-30 10:31:21 - [TEST_STEP][PASSED] - setText(findTestObject("Object Repository/Page_TEST CHANNEL - TEAM NAME Mattermost/input_First Name_firstName"), findTestData("Internal/Internal Fullname").getValue(1, rowNum)): Text 'Minh' is set on object 'Object Repository/Page_TEST CHANNEL - TEAM NAME Mattermost/input_First Name_firstName'

2021-05-30 10:31:21 - [MESSAGE][PASSED] - Text 'Minh' is set on object 'Object Repository/Page_TEST CHANNEL - TEAM NAME Mattermost/input_First Name_firstName'

2021-05-30 10:31:21 - [TEST_STEP][PASSED] - setText(findTestObject("Object Repository/Page_TEST CHANNEL - TEAM NAME Mattermost/input_Last Name_lastName"), findTestData("Internal/Internal Fullname").getValue(2, rowNum)): Text 'Vu' is set on object 'Object Repository/Page_TEST CHANNEL - TEAM NAME Mattermost/input_Last Name_lastName'

2021-05-30 10:31:22 - [MESSAGE][PASSED] - Text 'Vu' is set on object 'Object Repository/Page_TEST CHANNEL - TEAM NAME Mattermost/input_Last Name_lastName'

2021-05-30 10:31:22 - [TEST_STEP][PASSED] - click(findTestObject("Object Repository/Page_TEST CHANNEL - TEAM NAME Mattermost/span_Save")): Object: 'Object Repository/Page_TEST CHANNEL - TEAM NAME Mattermost/span_Save' is clicked on

2021-05-30 10:31:22 - [MESSAGE][PASSED] - Object: 'Object Repository/Page_TEST CHANNEL - TEAM NAME Mattermost/span_Save' is clicked on

2021-05-30 10:31:22 - [TEST_STEP][PASSED] - click(findTestObject("Object Repository/Page_TEST CHANNEL - TEAM NAME Mattermost/span_")): Object: 'Object Repository/Page_TEST CHANNEL - TEAM NAME Mattermost/span_' is clicked on

2021-05-30 10:31:23 - [MESSAGE][PASSED] - Object: 'Object Repository/Page_TEST CHANNEL - TEAM NAME Mattermost/span_' is clicked on

2021-05-30 10:31:23 - [TEST_STEP][PASSED] - closeBrowser(): Browser is closed

2021-05-30 10:31:24 - [MESSAGE][PASSED] - Browser is closed]]></system-out>
         <system-err><![CDATA[]]></system-err>
      </testcase>
      <testcase name="Test Cases/Internal Test Cases/EditNickName" time="23.228" classname="Test Cases/Internal Test Cases/EditNickName" status="PASSED">
         <system-out><![CDATA[2021-05-30 10:31:24 - [TEST_CASE][PASSED] - Test Cases/Internal Test Cases/EditNickName: Test Cases/Internal Test Cases/EditNickName

2021-05-30 10:31:24 - [TEST_STEP][PASSED] - callTestCase(findTestCase("Internal Test Cases/Successful Login"), ["Username":"", "Password":""], STOP_ON_FAILURE): Call Test Case 'Test Cases/Internal Test Cases/Successful Login' successfully

2021-05-30 10:31:24 - [TEST_CASE][PASSED] - Test Cases/Internal Test Cases/Successful Login: Test Cases/Internal Test Cases/Successful Login

2021-05-30 10:31:24 - [TEST_STEP][PASSED] - openBrowser(""): Browser is opened with url: ''

2021-05-30 10:31:24 - [MESSAGE][INFO] - Starting 'Chrome' driver

2021-05-30 10:31:24 - [MESSAGE][INFO] - Action delay is set to 0 milliseconds

2021-05-30 10:31:25 - [MESSAGE][PASSED] - Browser is opened with url: ''

2021-05-30 10:31:25 - [TEST_STEP][PASSED] - navigateToUrl("https://chudenangcao2021.cf/"): Navigate to 'https://chudenangcao2021.cf/' successfully

2021-05-30 10:31:26 - [MESSAGE][PASSED] - Navigate to 'https://chudenangcao2021.cf/' successfully

2021-05-30 10:31:26 - [TEST_STEP][PASSED] - setText(findTestObject("Object Repository/Page_Mattermost/input_All team communication in one place, _dcc84b"), findTestData("Internal/Internal Login Data").getValue(1, 1)): Text 'nguyenvanb' is set on object 'Object Repository/Page_Mattermost/input_All team communication in one place, _dcc84b'

2021-05-30 10:31:27 - [MESSAGE][PASSED] - Text 'nguyenvanb' is set on object 'Object Repository/Page_Mattermost/input_All team communication in one place, _dcc84b'

2021-05-30 10:31:27 - [TEST_STEP][PASSED] - setEncryptedText(findTestObject("Object Repository/Page_Mattermost/input_All team communication in one place, _a3edc6"), findTestData("Internal/Internal Login Data").getValue(2, 1)): Text ****** has been set on object 'Object Repository/Page_Mattermost/input_All team communication in one place, _a3edc6'

2021-05-30 10:31:28 - [MESSAGE][PASSED] - Text ****** has been set on object 'Object Repository/Page_Mattermost/input_All team communication in one place, _a3edc6'

2021-05-30 10:31:28 - [TEST_STEP][PASSED] - click(findTestObject("Object Repository/Page_Mattermost/button_Sign in")): Object: 'Object Repository/Page_Mattermost/button_Sign in' is clicked on

2021-05-30 10:31:28 - [MESSAGE][PASSED] - Object: 'Object Repository/Page_Mattermost/button_Sign in' is clicked on

2021-05-30 10:31:28 - [TEST_STEP][PASSED] - verifyLinksAccessible(["https://chudenangcao2021.cf/cdnc-cnpm-2021/channels"]): All links are accessible

2021-05-30 10:31:28 - [MESSAGE][INFO] - HAR: C:\Users\nttuan\Downloads\CDNC\mattermost-testing\Reports\20210530_102014\Run all test cases\20210530_102015\requests\main\41.har

2021-05-30 10:31:28 - [MESSAGE][PASSED] - Send request successfully

2021-05-30 10:31:28 - [MESSAGE][PASSED] - All links are accessible

2021-05-30 10:31:28 - [MESSAGE][PASSED] - Call Test Case 'Test Cases/Internal Test Cases/Successful Login' successfully

2021-05-30 10:31:28 - [TEST_STEP][PASSED] - for ([rowNum = 1, rowNum <= findTestData("Internal/Internal Nickname").getRowNumbers(), (rowNum++)]): Object: 'Object Repository/Account Setting/Page_TEST CHANNEL - TEAM NAME Mattermost/span_' is clicked on

2021-05-30 10:31:28 - [TEST_STEP][PASSED] - click(findTestObject("Object Repository/Account Setting/Page_TEST CHANNEL - TEAM NAME Mattermost/span")): Object: 'Object Repository/Account Setting/Page_TEST CHANNEL - TEAM NAME Mattermost/span' is clicked on

2021-05-30 10:31:30 - [MESSAGE][PASSED] - Object: 'Object Repository/Account Setting/Page_TEST CHANNEL - TEAM NAME Mattermost/span' is clicked on

2021-05-30 10:31:30 - [TEST_STEP][PASSED] - click(findTestObject("Object Repository/Account Setting/Page_TEST CHANNEL - TEAM NAME Mattermost/button_Account Settings")): Object: 'Object Repository/Account Setting/Page_TEST CHANNEL - TEAM NAME Mattermost/button_Account Settings' is clicked on

2021-05-30 10:31:31 - [MESSAGE][PASSED] - Object: 'Object Repository/Account Setting/Page_TEST CHANNEL - TEAM NAME Mattermost/button_Account Settings' is clicked on

2021-05-30 10:31:31 - [TEST_STEP][PASSED] - click(findTestObject("Object Repository/Account Setting/Page_TEST CHANNEL - TEAM NAME Mattermost/span_Edit")): Object: 'Object Repository/Account Setting/Page_TEST CHANNEL - TEAM NAME Mattermost/span_Edit' is clicked on

2021-05-30 10:31:31 - [MESSAGE][PASSED] - Object: 'Object Repository/Account Setting/Page_TEST CHANNEL - TEAM NAME Mattermost/span_Edit' is clicked on

2021-05-30 10:31:31 - [TEST_STEP][PASSED] - setText(findTestObject("Object Repository/Account Setting/Page_TEST CHANNEL - TEAM NAME Mattermost/input_Nickname_nickname"), findTestData("Internal/Internal Nickname").getValue(1, rowNum)): Text 'Như Bảo' is set on object 'Object Repository/Account Setting/Page_TEST CHANNEL - TEAM NAME Mattermost/input_Nickname_nickname'

2021-05-30 10:31:32 - [MESSAGE][PASSED] - Text 'Như Bảo' is set on object 'Object Repository/Account Setting/Page_TEST CHANNEL - TEAM NAME Mattermost/input_Nickname_nickname'

2021-05-30 10:31:32 - [TEST_STEP][PASSED] - click(findTestObject("Object Repository/Account Setting/Page_TEST CHANNEL - TEAM NAME Mattermost/button_Save")): Object: 'Object Repository/Account Setting/Page_TEST CHANNEL - TEAM NAME Mattermost/button_Save' is clicked on

2021-05-30 10:31:33 - [MESSAGE][PASSED] - Object: 'Object Repository/Account Setting/Page_TEST CHANNEL - TEAM NAME Mattermost/button_Save' is clicked on

2021-05-30 10:31:33 - [TEST_STEP][PASSED] - click(findTestObject("Object Repository/Account Setting/Page_TEST CHANNEL - TEAM NAME Mattermost/span_")): Object: 'Object Repository/Account Setting/Page_TEST CHANNEL - TEAM NAME Mattermost/span_' is clicked on

2021-05-30 10:31:33 - [MESSAGE][PASSED] - Object: 'Object Repository/Account Setting/Page_TEST CHANNEL - TEAM NAME Mattermost/span_' is clicked on

2021-05-30 10:31:33 - [TEST_STEP][PASSED] - click(findTestObject("Object Repository/Account Setting/Page_TEST CHANNEL - TEAM NAME Mattermost/span")): Object: 'Object Repository/Account Setting/Page_TEST CHANNEL - TEAM NAME Mattermost/span' is clicked on

2021-05-30 10:31:34 - [MESSAGE][PASSED] - Object: 'Object Repository/Account Setting/Page_TEST CHANNEL - TEAM NAME Mattermost/span' is clicked on

2021-05-30 10:31:34 - [TEST_STEP][PASSED] - click(findTestObject("Object Repository/Account Setting/Page_TEST CHANNEL - TEAM NAME Mattermost/button_Account Settings")): Object: 'Object Repository/Account Setting/Page_TEST CHANNEL - TEAM NAME Mattermost/button_Account Settings' is clicked on

2021-05-30 10:31:34 - [MESSAGE][PASSED] - Object: 'Object Repository/Account Setting/Page_TEST CHANNEL - TEAM NAME Mattermost/button_Account Settings' is clicked on

2021-05-30 10:31:34 - [TEST_STEP][PASSED] - click(findTestObject("Object Repository/Account Setting/Page_TEST CHANNEL - TEAM NAME Mattermost/span_Edit")): Object: 'Object Repository/Account Setting/Page_TEST CHANNEL - TEAM NAME Mattermost/span_Edit' is clicked on

2021-05-30 10:31:35 - [MESSAGE][PASSED] - Object: 'Object Repository/Account Setting/Page_TEST CHANNEL - TEAM NAME Mattermost/span_Edit' is clicked on

2021-05-30 10:31:35 - [TEST_STEP][PASSED] - setText(findTestObject("Object Repository/Account Setting/Page_TEST CHANNEL - TEAM NAME Mattermost/input_Nickname_nickname"), findTestData("Internal/Internal Nickname").getValue(1, rowNum)): Text 'Châut' is set on object 'Object Repository/Account Setting/Page_TEST CHANNEL - TEAM NAME Mattermost/input_Nickname_nickname'

2021-05-30 10:31:36 - [MESSAGE][PASSED] - Text 'Châut' is set on object 'Object Repository/Account Setting/Page_TEST CHANNEL - TEAM NAME Mattermost/input_Nickname_nickname'

2021-05-30 10:31:36 - [TEST_STEP][PASSED] - click(findTestObject("Object Repository/Account Setting/Page_TEST CHANNEL - TEAM NAME Mattermost/button_Save")): Object: 'Object Repository/Account Setting/Page_TEST CHANNEL - TEAM NAME Mattermost/button_Save' is clicked on

2021-05-30 10:31:36 - [MESSAGE][PASSED] - Object: 'Object Repository/Account Setting/Page_TEST CHANNEL - TEAM NAME Mattermost/button_Save' is clicked on

2021-05-30 10:31:36 - [TEST_STEP][PASSED] - click(findTestObject("Object Repository/Account Setting/Page_TEST CHANNEL - TEAM NAME Mattermost/span_")): Object: 'Object Repository/Account Setting/Page_TEST CHANNEL - TEAM NAME Mattermost/span_' is clicked on

2021-05-30 10:31:37 - [MESSAGE][PASSED] - Object: 'Object Repository/Account Setting/Page_TEST CHANNEL - TEAM NAME Mattermost/span_' is clicked on

2021-05-30 10:31:37 - [TEST_STEP][PASSED] - click(findTestObject("Object Repository/Account Setting/Page_TEST CHANNEL - TEAM NAME Mattermost/span")): Object: 'Object Repository/Account Setting/Page_TEST CHANNEL - TEAM NAME Mattermost/span' is clicked on

2021-05-30 10:31:37 - [MESSAGE][PASSED] - Object: 'Object Repository/Account Setting/Page_TEST CHANNEL - TEAM NAME Mattermost/span' is clicked on

2021-05-30 10:31:37 - [TEST_STEP][PASSED] - click(findTestObject("Object Repository/Account Setting/Page_TEST CHANNEL - TEAM NAME Mattermost/button_Account Settings")): Object: 'Object Repository/Account Setting/Page_TEST CHANNEL - TEAM NAME Mattermost/button_Account Settings' is clicked on

2021-05-30 10:31:37 - [MESSAGE][PASSED] - Object: 'Object Repository/Account Setting/Page_TEST CHANNEL - TEAM NAME Mattermost/button_Account Settings' is clicked on

2021-05-30 10:31:37 - [TEST_STEP][PASSED] - click(findTestObject("Object Repository/Account Setting/Page_TEST CHANNEL - TEAM NAME Mattermost/span_Edit")): Object: 'Object Repository/Account Setting/Page_TEST CHANNEL - TEAM NAME Mattermost/span_Edit' is clicked on

2021-05-30 10:31:38 - [MESSAGE][PASSED] - Object: 'Object Repository/Account Setting/Page_TEST CHANNEL - TEAM NAME Mattermost/span_Edit' is clicked on

2021-05-30 10:31:38 - [TEST_STEP][PASSED] - setText(findTestObject("Object Repository/Account Setting/Page_TEST CHANNEL - TEAM NAME Mattermost/input_Nickname_nickname"), findTestData("Internal/Internal Nickname").getValue(1, rowNum)): Text 'Thot' is set on object 'Object Repository/Account Setting/Page_TEST CHANNEL - TEAM NAME Mattermost/input_Nickname_nickname'

2021-05-30 10:31:39 - [MESSAGE][PASSED] - Text 'Thot' is set on object 'Object Repository/Account Setting/Page_TEST CHANNEL - TEAM NAME Mattermost/input_Nickname_nickname'

2021-05-30 10:31:39 - [TEST_STEP][PASSED] - click(findTestObject("Object Repository/Account Setting/Page_TEST CHANNEL - TEAM NAME Mattermost/button_Save")): Object: 'Object Repository/Account Setting/Page_TEST CHANNEL - TEAM NAME Mattermost/button_Save' is clicked on

2021-05-30 10:31:39 - [MESSAGE][PASSED] - Object: 'Object Repository/Account Setting/Page_TEST CHANNEL - TEAM NAME Mattermost/button_Save' is clicked on

2021-05-30 10:31:39 - [TEST_STEP][PASSED] - click(findTestObject("Object Repository/Account Setting/Page_TEST CHANNEL - TEAM NAME Mattermost/span_")): Object: 'Object Repository/Account Setting/Page_TEST CHANNEL - TEAM NAME Mattermost/span_' is clicked on

2021-05-30 10:31:40 - [MESSAGE][PASSED] - Object: 'Object Repository/Account Setting/Page_TEST CHANNEL - TEAM NAME Mattermost/span_' is clicked on

2021-05-30 10:31:40 - [TEST_STEP][PASSED] - click(findTestObject("Object Repository/Account Setting/Page_TEST CHANNEL - TEAM NAME Mattermost/span")): Object: 'Object Repository/Account Setting/Page_TEST CHANNEL - TEAM NAME Mattermost/span' is clicked on

2021-05-30 10:31:40 - [MESSAGE][PASSED] - Object: 'Object Repository/Account Setting/Page_TEST CHANNEL - TEAM NAME Mattermost/span' is clicked on

2021-05-30 10:31:40 - [TEST_STEP][PASSED] - click(findTestObject("Object Repository/Account Setting/Page_TEST CHANNEL - TEAM NAME Mattermost/button_Account Settings")): Object: 'Object Repository/Account Setting/Page_TEST CHANNEL - TEAM NAME Mattermost/button_Account Settings' is clicked on

2021-05-30 10:31:41 - [MESSAGE][PASSED] - Object: 'Object Repository/Account Setting/Page_TEST CHANNEL - TEAM NAME Mattermost/button_Account Settings' is clicked on

2021-05-30 10:31:41 - [TEST_STEP][PASSED] - click(findTestObject("Object Repository/Account Setting/Page_TEST CHANNEL - TEAM NAME Mattermost/span_Edit")): Object: 'Object Repository/Account Setting/Page_TEST CHANNEL - TEAM NAME Mattermost/span_Edit' is clicked on

2021-05-30 10:31:41 - [MESSAGE][PASSED] - Object: 'Object Repository/Account Setting/Page_TEST CHANNEL - TEAM NAME Mattermost/span_Edit' is clicked on

2021-05-30 10:31:41 - [TEST_STEP][PASSED] - setText(findTestObject("Object Repository/Account Setting/Page_TEST CHANNEL - TEAM NAME Mattermost/input_Nickname_nickname"), findTestData("Internal/Internal Nickname").getValue(1, rowNum)): Text 'Thanht' is set on object 'Object Repository/Account Setting/Page_TEST CHANNEL - TEAM NAME Mattermost/input_Nickname_nickname'

2021-05-30 10:31:42 - [MESSAGE][PASSED] - Text 'Thanht' is set on object 'Object Repository/Account Setting/Page_TEST CHANNEL - TEAM NAME Mattermost/input_Nickname_nickname'

2021-05-30 10:31:42 - [TEST_STEP][PASSED] - click(findTestObject("Object Repository/Account Setting/Page_TEST CHANNEL - TEAM NAME Mattermost/button_Save")): Object: 'Object Repository/Account Setting/Page_TEST CHANNEL - TEAM NAME Mattermost/button_Save' is clicked on

2021-05-30 10:31:42 - [MESSAGE][PASSED] - Object: 'Object Repository/Account Setting/Page_TEST CHANNEL - TEAM NAME Mattermost/button_Save' is clicked on

2021-05-30 10:31:42 - [TEST_STEP][PASSED] - click(findTestObject("Object Repository/Account Setting/Page_TEST CHANNEL - TEAM NAME Mattermost/span_")): Object: 'Object Repository/Account Setting/Page_TEST CHANNEL - TEAM NAME Mattermost/span_' is clicked on

2021-05-30 10:31:43 - [MESSAGE][PASSED] - Object: 'Object Repository/Account Setting/Page_TEST CHANNEL - TEAM NAME Mattermost/span_' is clicked on

2021-05-30 10:31:43 - [TEST_STEP][PASSED] - click(findTestObject("Object Repository/Account Setting/Page_TEST CHANNEL - TEAM NAME Mattermost/span")): Object: 'Object Repository/Account Setting/Page_TEST CHANNEL - TEAM NAME Mattermost/span' is clicked on

2021-05-30 10:31:43 - [MESSAGE][PASSED] - Object: 'Object Repository/Account Setting/Page_TEST CHANNEL - TEAM NAME Mattermost/span' is clicked on

2021-05-30 10:31:43 - [TEST_STEP][PASSED] - click(findTestObject("Object Repository/Account Setting/Page_TEST CHANNEL - TEAM NAME Mattermost/button_Account Settings")): Object: 'Object Repository/Account Setting/Page_TEST CHANNEL - TEAM NAME Mattermost/button_Account Settings' is clicked on

2021-05-30 10:31:44 - [MESSAGE][PASSED] - Object: 'Object Repository/Account Setting/Page_TEST CHANNEL - TEAM NAME Mattermost/button_Account Settings' is clicked on

2021-05-30 10:31:44 - [TEST_STEP][PASSED] - click(findTestObject("Object Repository/Account Setting/Page_TEST CHANNEL - TEAM NAME Mattermost/span_Edit")): Object: 'Object Repository/Account Setting/Page_TEST CHANNEL - TEAM NAME Mattermost/span_Edit' is clicked on

2021-05-30 10:31:44 - [MESSAGE][PASSED] - Object: 'Object Repository/Account Setting/Page_TEST CHANNEL - TEAM NAME Mattermost/span_Edit' is clicked on

2021-05-30 10:31:44 - [TEST_STEP][PASSED] - setText(findTestObject("Object Repository/Account Setting/Page_TEST CHANNEL - TEAM NAME Mattermost/input_Nickname_nickname"), findTestData("Internal/Internal Nickname").getValue(1, rowNum)): Text 'Minhv' is set on object 'Object Repository/Account Setting/Page_TEST CHANNEL - TEAM NAME Mattermost/input_Nickname_nickname'

2021-05-30 10:31:45 - [MESSAGE][PASSED] - Text 'Minhv' is set on object 'Object Repository/Account Setting/Page_TEST CHANNEL - TEAM NAME Mattermost/input_Nickname_nickname'

2021-05-30 10:31:45 - [TEST_STEP][PASSED] - click(findTestObject("Object Repository/Account Setting/Page_TEST CHANNEL - TEAM NAME Mattermost/button_Save")): Object: 'Object Repository/Account Setting/Page_TEST CHANNEL - TEAM NAME Mattermost/button_Save' is clicked on

2021-05-30 10:31:46 - [MESSAGE][PASSED] - Object: 'Object Repository/Account Setting/Page_TEST CHANNEL - TEAM NAME Mattermost/button_Save' is clicked on

2021-05-30 10:31:46 - [TEST_STEP][PASSED] - click(findTestObject("Object Repository/Account Setting/Page_TEST CHANNEL - TEAM NAME Mattermost/span_")): Object: 'Object Repository/Account Setting/Page_TEST CHANNEL - TEAM NAME Mattermost/span_' is clicked on

2021-05-30 10:31:46 - [MESSAGE][PASSED] - Object: 'Object Repository/Account Setting/Page_TEST CHANNEL - TEAM NAME Mattermost/span_' is clicked on

2021-05-30 10:31:46 - [TEST_STEP][PASSED] - closeBrowser(): Browser is closed

2021-05-30 10:31:47 - [MESSAGE][PASSED] - Browser is closed]]></system-out>
         <system-err><![CDATA[]]></system-err>
      </testcase>
      <testcase name="Test Cases/Internal Test Cases/EditPosition" time="26.891" classname="Test Cases/Internal Test Cases/EditPosition" status="PASSED">
         <system-out><![CDATA[2021-05-30 10:31:47 - [TEST_CASE][PASSED] - Test Cases/Internal Test Cases/EditPosition: Test Cases/Internal Test Cases/EditPosition

2021-05-30 10:31:47 - [TEST_STEP][PASSED] - callTestCase(findTestCase("Internal Test Cases/Successful Login"), ["Username":"", "Password":""], STOP_ON_FAILURE): Call Test Case 'Test Cases/Internal Test Cases/Successful Login' successfully

2021-05-30 10:31:47 - [TEST_CASE][PASSED] - Test Cases/Internal Test Cases/Successful Login: Test Cases/Internal Test Cases/Successful Login

2021-05-30 10:31:47 - [TEST_STEP][PASSED] - openBrowser(""): Browser is opened with url: ''

2021-05-30 10:31:47 - [MESSAGE][INFO] - Starting 'Chrome' driver

2021-05-30 10:31:47 - [MESSAGE][INFO] - Action delay is set to 0 milliseconds

2021-05-30 10:31:49 - [MESSAGE][PASSED] - Browser is opened with url: ''

2021-05-30 10:31:49 - [TEST_STEP][PASSED] - navigateToUrl("https://chudenangcao2021.cf/"): Navigate to 'https://chudenangcao2021.cf/' successfully

2021-05-30 10:31:49 - [MESSAGE][PASSED] - Navigate to 'https://chudenangcao2021.cf/' successfully

2021-05-30 10:31:49 - [TEST_STEP][PASSED] - setText(findTestObject("Object Repository/Page_Mattermost/input_All team communication in one place, _dcc84b"), findTestData("Internal/Internal Login Data").getValue(1, 1)): Text 'nguyenvanb' is set on object 'Object Repository/Page_Mattermost/input_All team communication in one place, _dcc84b'

2021-05-30 10:31:51 - [MESSAGE][PASSED] - Text 'nguyenvanb' is set on object 'Object Repository/Page_Mattermost/input_All team communication in one place, _dcc84b'

2021-05-30 10:31:51 - [TEST_STEP][PASSED] - setEncryptedText(findTestObject("Object Repository/Page_Mattermost/input_All team communication in one place, _a3edc6"), findTestData("Internal/Internal Login Data").getValue(2, 1)): Text ****** has been set on object 'Object Repository/Page_Mattermost/input_All team communication in one place, _a3edc6'

2021-05-30 10:31:51 - [MESSAGE][PASSED] - Text ****** has been set on object 'Object Repository/Page_Mattermost/input_All team communication in one place, _a3edc6'

2021-05-30 10:31:51 - [TEST_STEP][PASSED] - click(findTestObject("Object Repository/Page_Mattermost/button_Sign in")): Object: 'Object Repository/Page_Mattermost/button_Sign in' is clicked on

2021-05-30 10:31:52 - [MESSAGE][PASSED] - Object: 'Object Repository/Page_Mattermost/button_Sign in' is clicked on

2021-05-30 10:31:52 - [TEST_STEP][PASSED] - verifyLinksAccessible(["https://chudenangcao2021.cf/cdnc-cnpm-2021/channels"]): All links are accessible

2021-05-30 10:31:52 - [MESSAGE][INFO] - HAR: C:\Users\nttuan\Downloads\CDNC\mattermost-testing\Reports\20210530_102014\Run all test cases\20210530_102015\requests\main\42.har

2021-05-30 10:31:52 - [MESSAGE][PASSED] - Send request successfully

2021-05-30 10:31:52 - [MESSAGE][PASSED] - All links are accessible

2021-05-30 10:31:52 - [MESSAGE][PASSED] - Call Test Case 'Test Cases/Internal Test Cases/Successful Login' successfully

2021-05-30 10:31:52 - [TEST_STEP][PASSED] - for ([rowNum = 1, rowNum <= findTestData("Internal/Internal Position").getRowNumbers(), (rowNum++)]): Object: 'Object Repository/Edit position/Page_span_Town Square - Team 1 Mattermost/span_' is clicked on

2021-05-30 10:31:52 - [TEST_STEP][PASSED] - click(findTestObject("Object Repository/Edit position/Page_span_Town Square - Team 1 Mattermost/span_span_Town Square")): Object: 'Object Repository/Edit position/Page_span_Town Square - Team 1 Mattermost/span_span_Town Square' is clicked on

2021-05-30 10:31:54 - [MESSAGE][PASSED] - Object: 'Object Repository/Edit position/Page_span_Town Square - Team 1 Mattermost/span_span_Town Square' is clicked on

2021-05-30 10:31:54 - [TEST_STEP][PASSED] - click(findTestObject("Object Repository/Edit position/Page_span_Town Square - Team 1 Mattermost/span")): Object: 'Object Repository/Edit position/Page_span_Town Square - Team 1 Mattermost/span' is clicked on

2021-05-30 10:31:54 - [MESSAGE][PASSED] - Object: 'Object Repository/Edit position/Page_span_Town Square - Team 1 Mattermost/span' is clicked on

2021-05-30 10:31:54 - [TEST_STEP][PASSED] - click(findTestObject("Object Repository/Edit position/Page_span_Town Square - Team 1 Mattermost/button_Account Settings")): Object: 'Object Repository/Edit position/Page_span_Town Square - Team 1 Mattermost/button_Account Settings' is clicked on

2021-05-30 10:31:55 - [MESSAGE][PASSED] - Object: 'Object Repository/Edit position/Page_span_Town Square - Team 1 Mattermost/button_Account Settings' is clicked on

2021-05-30 10:31:55 - [TEST_STEP][PASSED] - click(findTestObject("Object Repository/Edit position/Page_span_Town Square - Team 1 Mattermost/span_Edit")): Object: 'Object Repository/Edit position/Page_span_Town Square - Team 1 Mattermost/span_Edit' is clicked on

2021-05-30 10:31:55 - [MESSAGE][PASSED] - Object: 'Object Repository/Edit position/Page_span_Town Square - Team 1 Mattermost/span_Edit' is clicked on

2021-05-30 10:31:55 - [TEST_STEP][PASSED] - setText(findTestObject("Object Repository/Edit position/Page_span_Town Square - Team 1 Mattermost/input_Position_position"), findTestData("Internal/Internal Position").getValue(1, rowNum)): Text 'Trưởng phòng' is set on object 'Object Repository/Edit position/Page_span_Town Square - Team 1 Mattermost/input_Position_position'

2021-05-30 10:31:56 - [MESSAGE][PASSED] - Text 'Trưởng phòng' is set on object 'Object Repository/Edit position/Page_span_Town Square - Team 1 Mattermost/input_Position_position'

2021-05-30 10:31:56 - [TEST_STEP][PASSED] - click(findTestObject("Object Repository/Edit position/Page_span_Town Square - Team 1 Mattermost/button_Save")): Object: 'Object Repository/Edit position/Page_span_Town Square - Team 1 Mattermost/button_Save' is clicked on

2021-05-30 10:31:56 - [MESSAGE][PASSED] - Object: 'Object Repository/Edit position/Page_span_Town Square - Team 1 Mattermost/button_Save' is clicked on

2021-05-30 10:31:56 - [TEST_STEP][PASSED] - click(findTestObject("Object Repository/Edit position/Page_span_Town Square - Team 1 Mattermost/span_")): Object: 'Object Repository/Edit position/Page_span_Town Square - Team 1 Mattermost/span_' is clicked on

2021-05-30 10:31:57 - [MESSAGE][PASSED] - Object: 'Object Repository/Edit position/Page_span_Town Square - Team 1 Mattermost/span_' is clicked on

2021-05-30 10:31:57 - [TEST_STEP][PASSED] - click(findTestObject("Object Repository/Edit position/Page_span_Town Square - Team 1 Mattermost/span_span_Town Square")): Object: 'Object Repository/Edit position/Page_span_Town Square - Team 1 Mattermost/span_span_Town Square' is clicked on

2021-05-30 10:31:57 - [MESSAGE][PASSED] - Object: 'Object Repository/Edit position/Page_span_Town Square - Team 1 Mattermost/span_span_Town Square' is clicked on

2021-05-30 10:31:57 - [TEST_STEP][PASSED] - click(findTestObject("Object Repository/Edit position/Page_span_Town Square - Team 1 Mattermost/span")): Object: 'Object Repository/Edit position/Page_span_Town Square - Team 1 Mattermost/span' is clicked on

2021-05-30 10:31:58 - [MESSAGE][PASSED] - Object: 'Object Repository/Edit position/Page_span_Town Square - Team 1 Mattermost/span' is clicked on

2021-05-30 10:31:58 - [TEST_STEP][PASSED] - click(findTestObject("Object Repository/Edit position/Page_span_Town Square - Team 1 Mattermost/button_Account Settings")): Object: 'Object Repository/Edit position/Page_span_Town Square - Team 1 Mattermost/button_Account Settings' is clicked on

2021-05-30 10:31:59 - [MESSAGE][PASSED] - Object: 'Object Repository/Edit position/Page_span_Town Square - Team 1 Mattermost/button_Account Settings' is clicked on

2021-05-30 10:31:59 - [TEST_STEP][PASSED] - click(findTestObject("Object Repository/Edit position/Page_span_Town Square - Team 1 Mattermost/span_Edit")): Object: 'Object Repository/Edit position/Page_span_Town Square - Team 1 Mattermost/span_Edit' is clicked on

2021-05-30 10:32:00 - [MESSAGE][PASSED] - Object: 'Object Repository/Edit position/Page_span_Town Square - Team 1 Mattermost/span_Edit' is clicked on

2021-05-30 10:32:00 - [TEST_STEP][PASSED] - setText(findTestObject("Object Repository/Edit position/Page_span_Town Square - Team 1 Mattermost/input_Position_position"), findTestData("Internal/Internal Position").getValue(1, rowNum)): Text 'Kế toán' is set on object 'Object Repository/Edit position/Page_span_Town Square - Team 1 Mattermost/input_Position_position'

2021-05-30 10:32:00 - [MESSAGE][PASSED] - Text 'Kế toán' is set on object 'Object Repository/Edit position/Page_span_Town Square - Team 1 Mattermost/input_Position_position'

2021-05-30 10:32:00 - [TEST_STEP][PASSED] - click(findTestObject("Object Repository/Edit position/Page_span_Town Square - Team 1 Mattermost/button_Save")): Object: 'Object Repository/Edit position/Page_span_Town Square - Team 1 Mattermost/button_Save' is clicked on

2021-05-30 10:32:01 - [MESSAGE][PASSED] - Object: 'Object Repository/Edit position/Page_span_Town Square - Team 1 Mattermost/button_Save' is clicked on

2021-05-30 10:32:01 - [TEST_STEP][PASSED] - click(findTestObject("Object Repository/Edit position/Page_span_Town Square - Team 1 Mattermost/span_")): Object: 'Object Repository/Edit position/Page_span_Town Square - Team 1 Mattermost/span_' is clicked on

2021-05-30 10:32:01 - [MESSAGE][PASSED] - Object: 'Object Repository/Edit position/Page_span_Town Square - Team 1 Mattermost/span_' is clicked on

2021-05-30 10:32:01 - [TEST_STEP][PASSED] - click(findTestObject("Object Repository/Edit position/Page_span_Town Square - Team 1 Mattermost/span_span_Town Square")): Object: 'Object Repository/Edit position/Page_span_Town Square - Team 1 Mattermost/span_span_Town Square' is clicked on

2021-05-30 10:32:02 - [MESSAGE][PASSED] - Object: 'Object Repository/Edit position/Page_span_Town Square - Team 1 Mattermost/span_span_Town Square' is clicked on

2021-05-30 10:32:02 - [TEST_STEP][PASSED] - click(findTestObject("Object Repository/Edit position/Page_span_Town Square - Team 1 Mattermost/span")): Object: 'Object Repository/Edit position/Page_span_Town Square - Team 1 Mattermost/span' is clicked on

2021-05-30 10:32:02 - [MESSAGE][PASSED] - Object: 'Object Repository/Edit position/Page_span_Town Square - Team 1 Mattermost/span' is clicked on

2021-05-30 10:32:02 - [TEST_STEP][PASSED] - click(findTestObject("Object Repository/Edit position/Page_span_Town Square - Team 1 Mattermost/button_Account Settings")): Object: 'Object Repository/Edit position/Page_span_Town Square - Team 1 Mattermost/button_Account Settings' is clicked on

2021-05-30 10:32:03 - [MESSAGE][PASSED] - Object: 'Object Repository/Edit position/Page_span_Town Square - Team 1 Mattermost/button_Account Settings' is clicked on

2021-05-30 10:32:03 - [TEST_STEP][PASSED] - click(findTestObject("Object Repository/Edit position/Page_span_Town Square - Team 1 Mattermost/span_Edit")): Object: 'Object Repository/Edit position/Page_span_Town Square - Team 1 Mattermost/span_Edit' is clicked on

2021-05-30 10:32:03 - [MESSAGE][PASSED] - Object: 'Object Repository/Edit position/Page_span_Town Square - Team 1 Mattermost/span_Edit' is clicked on

2021-05-30 10:32:03 - [TEST_STEP][PASSED] - setText(findTestObject("Object Repository/Edit position/Page_span_Town Square - Team 1 Mattermost/input_Position_position"), findTestData("Internal/Internal Position").getValue(1, rowNum)): Text 'giám đốc' is set on object 'Object Repository/Edit position/Page_span_Town Square - Team 1 Mattermost/input_Position_position'

2021-05-30 10:32:04 - [MESSAGE][PASSED] - Text 'giám đốc' is set on object 'Object Repository/Edit position/Page_span_Town Square - Team 1 Mattermost/input_Position_position'

2021-05-30 10:32:04 - [TEST_STEP][PASSED] - click(findTestObject("Object Repository/Edit position/Page_span_Town Square - Team 1 Mattermost/button_Save")): Object: 'Object Repository/Edit position/Page_span_Town Square - Team 1 Mattermost/button_Save' is clicked on

2021-05-30 10:32:04 - [MESSAGE][PASSED] - Object: 'Object Repository/Edit position/Page_span_Town Square - Team 1 Mattermost/button_Save' is clicked on

2021-05-30 10:32:04 - [TEST_STEP][PASSED] - click(findTestObject("Object Repository/Edit position/Page_span_Town Square - Team 1 Mattermost/span_")): Object: 'Object Repository/Edit position/Page_span_Town Square - Team 1 Mattermost/span_' is clicked on

2021-05-30 10:32:05 - [MESSAGE][PASSED] - Object: 'Object Repository/Edit position/Page_span_Town Square - Team 1 Mattermost/span_' is clicked on

2021-05-30 10:32:05 - [TEST_STEP][PASSED] - click(findTestObject("Object Repository/Edit position/Page_span_Town Square - Team 1 Mattermost/span_span_Town Square")): Object: 'Object Repository/Edit position/Page_span_Town Square - Team 1 Mattermost/span_span_Town Square' is clicked on

2021-05-30 10:32:06 - [MESSAGE][PASSED] - Object: 'Object Repository/Edit position/Page_span_Town Square - Team 1 Mattermost/span_span_Town Square' is clicked on

2021-05-30 10:32:06 - [TEST_STEP][PASSED] - click(findTestObject("Object Repository/Edit position/Page_span_Town Square - Team 1 Mattermost/span")): Object: 'Object Repository/Edit position/Page_span_Town Square - Team 1 Mattermost/span' is clicked on

2021-05-30 10:32:06 - [MESSAGE][PASSED] - Object: 'Object Repository/Edit position/Page_span_Town Square - Team 1 Mattermost/span' is clicked on

2021-05-30 10:32:06 - [TEST_STEP][PASSED] - click(findTestObject("Object Repository/Edit position/Page_span_Town Square - Team 1 Mattermost/button_Account Settings")): Object: 'Object Repository/Edit position/Page_span_Town Square - Team 1 Mattermost/button_Account Settings' is clicked on

2021-05-30 10:32:07 - [MESSAGE][PASSED] - Object: 'Object Repository/Edit position/Page_span_Town Square - Team 1 Mattermost/button_Account Settings' is clicked on

2021-05-30 10:32:07 - [TEST_STEP][PASSED] - click(findTestObject("Object Repository/Edit position/Page_span_Town Square - Team 1 Mattermost/span_Edit")): Object: 'Object Repository/Edit position/Page_span_Town Square - Team 1 Mattermost/span_Edit' is clicked on

2021-05-30 10:32:07 - [MESSAGE][PASSED] - Object: 'Object Repository/Edit position/Page_span_Town Square - Team 1 Mattermost/span_Edit' is clicked on

2021-05-30 10:32:07 - [TEST_STEP][PASSED] - setText(findTestObject("Object Repository/Edit position/Page_span_Town Square - Team 1 Mattermost/input_Position_position"), findTestData("Internal/Internal Position").getValue(1, rowNum)): Text 'Nhân viên' is set on object 'Object Repository/Edit position/Page_span_Town Square - Team 1 Mattermost/input_Position_position'

2021-05-30 10:32:08 - [MESSAGE][PASSED] - Text 'Nhân viên' is set on object 'Object Repository/Edit position/Page_span_Town Square - Team 1 Mattermost/input_Position_position'

2021-05-30 10:32:08 - [TEST_STEP][PASSED] - click(findTestObject("Object Repository/Edit position/Page_span_Town Square - Team 1 Mattermost/button_Save")): Object: 'Object Repository/Edit position/Page_span_Town Square - Team 1 Mattermost/button_Save' is clicked on

2021-05-30 10:32:09 - [MESSAGE][PASSED] - Object: 'Object Repository/Edit position/Page_span_Town Square - Team 1 Mattermost/button_Save' is clicked on

2021-05-30 10:32:09 - [TEST_STEP][PASSED] - click(findTestObject("Object Repository/Edit position/Page_span_Town Square - Team 1 Mattermost/span_")): Object: 'Object Repository/Edit position/Page_span_Town Square - Team 1 Mattermost/span_' is clicked on

2021-05-30 10:32:09 - [MESSAGE][PASSED] - Object: 'Object Repository/Edit position/Page_span_Town Square - Team 1 Mattermost/span_' is clicked on

2021-05-30 10:32:09 - [TEST_STEP][PASSED] - click(findTestObject("Object Repository/Edit position/Page_span_Town Square - Team 1 Mattermost/span_span_Town Square")): Object: 'Object Repository/Edit position/Page_span_Town Square - Team 1 Mattermost/span_span_Town Square' is clicked on

2021-05-30 10:32:10 - [MESSAGE][PASSED] - Object: 'Object Repository/Edit position/Page_span_Town Square - Team 1 Mattermost/span_span_Town Square' is clicked on

2021-05-30 10:32:10 - [TEST_STEP][PASSED] - click(findTestObject("Object Repository/Edit position/Page_span_Town Square - Team 1 Mattermost/span")): Object: 'Object Repository/Edit position/Page_span_Town Square - Team 1 Mattermost/span' is clicked on

2021-05-30 10:32:10 - [MESSAGE][PASSED] - Object: 'Object Repository/Edit position/Page_span_Town Square - Team 1 Mattermost/span' is clicked on

2021-05-30 10:32:10 - [TEST_STEP][PASSED] - click(findTestObject("Object Repository/Edit position/Page_span_Town Square - Team 1 Mattermost/button_Account Settings")): Object: 'Object Repository/Edit position/Page_span_Town Square - Team 1 Mattermost/button_Account Settings' is clicked on

2021-05-30 10:32:11 - [MESSAGE][PASSED] - Object: 'Object Repository/Edit position/Page_span_Town Square - Team 1 Mattermost/button_Account Settings' is clicked on

2021-05-30 10:32:11 - [TEST_STEP][PASSED] - click(findTestObject("Object Repository/Edit position/Page_span_Town Square - Team 1 Mattermost/span_Edit")): Object: 'Object Repository/Edit position/Page_span_Town Square - Team 1 Mattermost/span_Edit' is clicked on

2021-05-30 10:32:11 - [MESSAGE][PASSED] - Object: 'Object Repository/Edit position/Page_span_Town Square - Team 1 Mattermost/span_Edit' is clicked on

2021-05-30 10:32:11 - [TEST_STEP][PASSED] - setText(findTestObject("Object Repository/Edit position/Page_span_Town Square - Team 1 Mattermost/input_Position_position"), findTestData("Internal/Internal Position").getValue(1, rowNum)): Text 'Lao công' is set on object 'Object Repository/Edit position/Page_span_Town Square - Team 1 Mattermost/input_Position_position'

2021-05-30 10:32:12 - [MESSAGE][PASSED] - Text 'Lao công' is set on object 'Object Repository/Edit position/Page_span_Town Square - Team 1 Mattermost/input_Position_position'

2021-05-30 10:32:12 - [TEST_STEP][PASSED] - click(findTestObject("Object Repository/Edit position/Page_span_Town Square - Team 1 Mattermost/button_Save")): Object: 'Object Repository/Edit position/Page_span_Town Square - Team 1 Mattermost/button_Save' is clicked on

2021-05-30 10:32:12 - [MESSAGE][PASSED] - Object: 'Object Repository/Edit position/Page_span_Town Square - Team 1 Mattermost/button_Save' is clicked on

2021-05-30 10:32:12 - [TEST_STEP][PASSED] - click(findTestObject("Object Repository/Edit position/Page_span_Town Square - Team 1 Mattermost/span_")): Object: 'Object Repository/Edit position/Page_span_Town Square - Team 1 Mattermost/span_' is clicked on

2021-05-30 10:32:13 - [MESSAGE][PASSED] - Object: 'Object Repository/Edit position/Page_span_Town Square - Team 1 Mattermost/span_' is clicked on

2021-05-30 10:32:13 - [TEST_STEP][PASSED] - closeBrowser(): Browser is closed

2021-05-30 10:32:14 - [MESSAGE][PASSED] - Browser is closed]]></system-out>
         <system-err><![CDATA[]]></system-err>
      </testcase>
      <testcase name="Test Cases/Internal Test Cases/EditUsername" time="73.481" classname="Test Cases/Internal Test Cases/EditUsername" status="FAILED">
         <failure type="FAILED" message="Test Cases/Internal Test Cases/EditUsername FAILED.
Reason:
com.kms.katalon.core.exception.StepFailedException: Unable to click on object 'Object Repository/Account Setting/Page_TEST CHANNEL - TEAM NAME Mattermost/button_Close'
	at com.kms.katalon.core.webui.keyword.internal.WebUIKeywordMain.stepFailed(WebUIKeywordMain.groovy:64)
	at com.kms.katalon.core.webui.keyword.internal.WebUIKeywordMain.runKeyword(WebUIKeywordMain.groovy:26)
	at com.kms.katalon.core.webui.keyword.builtin.ClickKeyword.click(ClickKeyword.groovy:75)
	at com.kms.katalon.core.webui.keyword.builtin.ClickKeyword.execute(ClickKeyword.groovy:42)
	at com.kms.katalon.core.keyword.internal.KeywordExecutor.executeKeywordForPlatform(KeywordExecutor.groovy:73)
	at com.kms.katalon.core.webui.keyword.WebUiBuiltInKeywords.click(WebUiBuiltInKeywords.groovy:619)
	at com.kms.katalon.core.webui.keyword.WebUiBuiltInKeywords$click$2.call(Unknown Source)
	at EditUsername.run(EditUsername:37)
	at com.kms.katalon.core.main.ScriptEngine.run(ScriptEngine.java:194)
	at com.kms.katalon.core.main.ScriptEngine.runScriptAsRawText(ScriptEngine.java:119)
	at com.kms.katalon.core.main.TestCaseExecutor.runScript(TestCaseExecutor.java:398)
	at com.kms.katalon.core.main.TestCaseExecutor.doExecute(TestCaseExecutor.java:389)
	at com.kms.katalon.core.main.TestCaseExecutor.processExecutionPhase(TestCaseExecutor.java:368)
	at com.kms.katalon.core.main.TestCaseExecutor.accessMainPhase(TestCaseExecutor.java:360)
	at com.kms.katalon.core.main.TestCaseExecutor.execute(TestCaseExecutor.java:255)
	at com.kms.katalon.core.main.TestSuiteExecutor.accessTestCaseMainPhase(TestSuiteExecutor.java:203)
	at com.kms.katalon.core.main.TestSuiteExecutor.accessTestSuiteMainPhase(TestSuiteExecutor.java:152)
	at com.kms.katalon.core.main.TestSuiteExecutor.execute(TestSuiteExecutor.java:95)
	at com.kms.katalon.core.main.TestCaseMain.startTestSuite(TestCaseMain.java:157)
	at com.kms.katalon.core.main.TestCaseMain$startTestSuite$0.call(Unknown Source)
	at TempTestSuite1622370015671.run(TempTestSuite1622370015671.groovy:39)
Caused by: org.openqa.selenium.ElementClickInterceptedException: element click intercepted: Element &lt;button type=&quot;button&quot; aria-label=&quot;emoji picker&quot; class=&quot;emoji-picker__container post-action&quot;>...&lt;/button> is not clickable at point (996, 520). Other element would receive the click: &lt;div id=&quot;accountSettingsModal&quot; role=&quot;dialog&quot; aria-labelledby=&quot;accountSettingsModalLabel&quot; tabindex=&quot;-1&quot; class=&quot;fade in modal&quot; style=&quot;display: block;&quot;>...&lt;/div>
  (Session info: chrome=91.0.4472.77)
Build info: version: '3.141.59', revision: 'e82be7d358', time: '2018-11-14T08:25:53'
System info: host: 'WIN-SERVER-2019', ip: '10.1.0.4', os.name: 'Windows Server 2019', os.arch: 'amd64', os.version: '10.0', java.version: '1.8.0_282'
Driver info: com.kms.katalon.selenium.driver.CChromeDriver
Capabilities {acceptInsecureCerts: false, browserName: chrome, browserVersion: 91.0.4472.77, chrome: {chromedriverVersion: 90.0.4430.24 (4c6d850f087da..., userDataDir: C:\Users\nttuan\AppData\Loc...}, goog:chromeOptions: {debuggerAddress: localhost:55582}, javascriptEnabled: true, networkConnectionEnabled: false, pageLoadStrategy: normal, platform: WINDOWS, platformName: WINDOWS, proxy: Proxy(), setWindowRect: true, strictFileInteractability: false, timeouts: {implicit: 0, pageLoad: 300000, script: 30000}, unhandledPromptBehavior: dismiss and notify, webauthn:extension:largeBlob: true, webauthn:virtualAuthenticators: true}
Session ID: 0b7c657bd989c8c3fee9d1fedfdd89f6
	at org.openqa.selenium.remote.http.W3CHttpResponseCodec.createException(W3CHttpResponseCodec.java:187)
	at org.openqa.selenium.remote.http.W3CHttpResponseCodec.decode(W3CHttpResponseCodec.java:122)
	at org.openqa.selenium.remote.http.W3CHttpResponseCodec.decode(W3CHttpResponseCodec.java:49)
	at org.openqa.selenium.remote.HttpCommandExecutor.execute(HttpCommandExecutor.java:158)
	at org.openqa.selenium.remote.service.DriverCommandExecutor.execute(DriverCommandExecutor.java:83)
	at org.openqa.selenium.remote.RemoteWebDriver.execute(RemoteWebDriver.java:552)
	at com.kms.katalon.selenium.driver.CChromeDriver.execute(CChromeDriver.java:19)
	at org.openqa.selenium.remote.RemoteWebElement.execute(RemoteWebElement.java:285)
	at org.openqa.selenium.remote.RemoteWebElement.click(RemoteWebElement.java:84)
	at org.openqa.selenium.support.events.EventFiringWebDriver$EventFiringWebElement.lambda$new$0(EventFiringWebDriver.java:404)
	at com.sun.proxy.$Proxy17.click(Unknown Source)
	at org.openqa.selenium.support.events.EventFiringWebDriver$EventFiringWebElement.click(EventFiringWebDriver.java:417)
	at com.kms.katalon.core.webui.keyword.builtin.ClickKeyword$_click_closure1.doCall(ClickKeyword.groovy:68)
	at com.kms.katalon.core.webui.keyword.builtin.ClickKeyword$_click_closure1.call(ClickKeyword.groovy)
	at com.kms.katalon.core.webui.keyword.internal.WebUIKeywordMain.runKeyword(WebUIKeywordMain.groovy:20)
	... 19 more
"/>
         <system-out><![CDATA[2021-05-30 10:32:14 - [TEST_CASE][FAILED] - Test Cases/Internal Test Cases/EditUsername: Test Cases/Internal Test Cases/EditUsername FAILED.
Reason:
com.kms.katalon.core.exception.StepFailedException: Unable to click on object 'Object Repository/Account Setting/Page_TEST CHANNEL - TEAM NAME Mattermost/button_Close'
	at com.kms.katalon.core.webui.keyword.internal.WebUIKeywordMain.stepFailed(WebUIKeywordMain.groovy:64)
	at com.kms.katalon.core.webui.keyword.internal.WebUIKeywordMain.runKeyword(WebUIKeywordMain.groovy:26)
	at com.kms.katalon.core.webui.keyword.builtin.ClickKeyword.click(ClickKeyword.groovy:75)
	at com.kms.katalon.core.webui.keyword.builtin.ClickKeyword.execute(ClickKeyword.groovy:42)
	at com.kms.katalon.core.keyword.internal.KeywordExecutor.executeKeywordForPlatform(KeywordExecutor.groovy:73)
	at com.kms.katalon.core.webui.keyword.WebUiBuiltInKeywords.click(WebUiBuiltInKeywords.groovy:619)
	at com.kms.katalon.core.webui.keyword.WebUiBuiltInKeywords$click$2.call(Unknown Source)
	at EditUsername.run(EditUsername:37)
	at com.kms.katalon.core.main.ScriptEngine.run(ScriptEngine.java:194)
	at com.kms.katalon.core.main.ScriptEngine.runScriptAsRawText(ScriptEngine.java:119)
	at com.kms.katalon.core.main.TestCaseExecutor.runScript(TestCaseExecutor.java:398)
	at com.kms.katalon.core.main.TestCaseExecutor.doExecute(TestCaseExecutor.java:389)
	at com.kms.katalon.core.main.TestCaseExecutor.processExecutionPhase(TestCaseExecutor.java:368)
	at com.kms.katalon.core.main.TestCaseExecutor.accessMainPhase(TestCaseExecutor.java:360)
	at com.kms.katalon.core.main.TestCaseExecutor.execute(TestCaseExecutor.java:255)
	at com.kms.katalon.core.main.TestSuiteExecutor.accessTestCaseMainPhase(TestSuiteExecutor.java:203)
	at com.kms.katalon.core.main.TestSuiteExecutor.accessTestSuiteMainPhase(TestSuiteExecutor.java:152)
	at com.kms.katalon.core.main.TestSuiteExecutor.execute(TestSuiteExecutor.java:95)
	at com.kms.katalon.core.main.TestCaseMain.startTestSuite(TestCaseMain.java:157)
	at com.kms.katalon.core.main.TestCaseMain$startTestSuite$0.call(Unknown Source)
	at TempTestSuite1622370015671.run(TempTestSuite1622370015671.groovy:39)
Caused by: org.openqa.selenium.ElementClickInterceptedException: element click intercepted: Element <button type="button" aria-label="emoji picker" class="emoji-picker__container post-action">...</button> is not clickable at point (996, 520). Other element would receive the click: <div id="accountSettingsModal" role="dialog" aria-labelledby="accountSettingsModalLabel" tabindex="-1" class="fade in modal" style="display: block;">...</div>
  (Session info: chrome=91.0.4472.77)
Build info: version: '3.141.59', revision: 'e82be7d358', time: '2018-11-14T08:25:53'
System info: host: 'WIN-SERVER-2019', ip: '10.1.0.4', os.name: 'Windows Server 2019', os.arch: 'amd64', os.version: '10.0', java.version: '1.8.0_282'
Driver info: com.kms.katalon.selenium.driver.CChromeDriver
Capabilities {acceptInsecureCerts: false, browserName: chrome, browserVersion: 91.0.4472.77, chrome: {chromedriverVersion: 90.0.4430.24 (4c6d850f087da..., userDataDir: C:\Users\nttuan\AppData\Loc...}, goog:chromeOptions: {debuggerAddress: localhost:55582}, javascriptEnabled: true, networkConnectionEnabled: false, pageLoadStrategy: normal, platform: WINDOWS, platformName: WINDOWS, proxy: Proxy(), setWindowRect: true, strictFileInteractability: false, timeouts: {implicit: 0, pageLoad: 300000, script: 30000}, unhandledPromptBehavior: dismiss and notify, webauthn:extension:largeBlob: true, webauthn:virtualAuthenticators: true}
Session ID: 0b7c657bd989c8c3fee9d1fedfdd89f6
	at org.openqa.selenium.remote.http.W3CHttpResponseCodec.createException(W3CHttpResponseCodec.java:187)
	at org.openqa.selenium.remote.http.W3CHttpResponseCodec.decode(W3CHttpResponseCodec.java:122)
	at org.openqa.selenium.remote.http.W3CHttpResponseCodec.decode(W3CHttpResponseCodec.java:49)
	at org.openqa.selenium.remote.HttpCommandExecutor.execute(HttpCommandExecutor.java:158)
	at org.openqa.selenium.remote.service.DriverCommandExecutor.execute(DriverCommandExecutor.java:83)
	at org.openqa.selenium.remote.RemoteWebDriver.execute(RemoteWebDriver.java:552)
	at com.kms.katalon.selenium.driver.CChromeDriver.execute(CChromeDriver.java:19)
	at org.openqa.selenium.remote.RemoteWebElement.execute(RemoteWebElement.java:285)
	at org.openqa.selenium.remote.RemoteWebElement.click(RemoteWebElement.java:84)
	at org.openqa.selenium.support.events.EventFiringWebDriver$EventFiringWebElement.lambda$new$0(EventFiringWebDriver.java:404)
	at com.sun.proxy.$Proxy17.click(Unknown Source)
	at org.openqa.selenium.support.events.EventFiringWebDriver$EventFiringWebElement.click(EventFiringWebDriver.java:417)
	at com.kms.katalon.core.webui.keyword.builtin.ClickKeyword$_click_closure1.doCall(ClickKeyword.groovy:68)
	at com.kms.katalon.core.webui.keyword.builtin.ClickKeyword$_click_closure1.call(ClickKeyword.groovy)
	at com.kms.katalon.core.webui.keyword.internal.WebUIKeywordMain.runKeyword(WebUIKeywordMain.groovy:20)
	... 19 more


2021-05-30 10:32:14 - [TEST_STEP][PASSED] - callTestCase(findTestCase("Internal Test Cases/Successful Login"), ["Username":"", "Password":""], STOP_ON_FAILURE): Call Test Case 'Test Cases/Internal Test Cases/Successful Login' successfully

2021-05-30 10:32:14 - [TEST_CASE][PASSED] - Test Cases/Internal Test Cases/Successful Login: Test Cases/Internal Test Cases/Successful Login

2021-05-30 10:32:14 - [TEST_STEP][PASSED] - openBrowser(""): Browser is opened with url: ''

2021-05-30 10:32:14 - [MESSAGE][INFO] - Starting 'Chrome' driver

2021-05-30 10:32:14 - [MESSAGE][INFO] - Action delay is set to 0 milliseconds

2021-05-30 10:32:15 - [MESSAGE][PASSED] - Browser is opened with url: ''

2021-05-30 10:32:15 - [TEST_STEP][PASSED] - navigateToUrl("https://chudenangcao2021.cf/"): Navigate to 'https://chudenangcao2021.cf/' successfully

2021-05-30 10:32:16 - [MESSAGE][PASSED] - Navigate to 'https://chudenangcao2021.cf/' successfully

2021-05-30 10:32:16 - [TEST_STEP][PASSED] - setText(findTestObject("Object Repository/Page_Mattermost/input_All team communication in one place, _dcc84b"), findTestData("Internal/Internal Login Data").getValue(1, 1)): Text 'nguyenvanb' is set on object 'Object Repository/Page_Mattermost/input_All team communication in one place, _dcc84b'

2021-05-30 10:32:17 - [MESSAGE][PASSED] - Text 'nguyenvanb' is set on object 'Object Repository/Page_Mattermost/input_All team communication in one place, _dcc84b'

2021-05-30 10:32:17 - [TEST_STEP][PASSED] - setEncryptedText(findTestObject("Object Repository/Page_Mattermost/input_All team communication in one place, _a3edc6"), findTestData("Internal/Internal Login Data").getValue(2, 1)): Text ****** has been set on object 'Object Repository/Page_Mattermost/input_All team communication in one place, _a3edc6'

2021-05-30 10:32:18 - [MESSAGE][PASSED] - Text ****** has been set on object 'Object Repository/Page_Mattermost/input_All team communication in one place, _a3edc6'

2021-05-30 10:32:18 - [TEST_STEP][PASSED] - click(findTestObject("Object Repository/Page_Mattermost/button_Sign in")): Object: 'Object Repository/Page_Mattermost/button_Sign in' is clicked on

2021-05-30 10:32:19 - [MESSAGE][PASSED] - Object: 'Object Repository/Page_Mattermost/button_Sign in' is clicked on

2021-05-30 10:32:19 - [TEST_STEP][PASSED] - verifyLinksAccessible(["https://chudenangcao2021.cf/cdnc-cnpm-2021/channels"]): All links are accessible

2021-05-30 10:32:19 - [MESSAGE][INFO] - HAR: C:\Users\nttuan\Downloads\CDNC\mattermost-testing\Reports\20210530_102014\Run all test cases\20210530_102015\requests\main\43.har

2021-05-30 10:32:19 - [MESSAGE][PASSED] - Send request successfully

2021-05-30 10:32:19 - [MESSAGE][PASSED] - All links are accessible

2021-05-30 10:32:19 - [MESSAGE][PASSED] - Call Test Case 'Test Cases/Internal Test Cases/Successful Login' successfully

2021-05-30 10:32:19 - [TEST_STEP][FAILED] - for ([rowNum = 1, rowNum <= findTestData("Internal/Internal Username").getRowNumbers(), (rowNum++)]): Unable to click on object 'Object Repository/Account Setting/Page_TEST CHANNEL - TEAM NAME Mattermost/button_Close' (Root cause: com.kms.katalon.core.exception.StepFailedException: Unable to click on object 'Object Repository/Account Setting/Page_TEST CHANNEL - TEAM NAME Mattermost/button_Close'
	at com.kms.katalon.core.webui.keyword.internal.WebUIKeywordMain.stepFailed(WebUIKeywordMain.groovy:64)
	at com.kms.katalon.core.webui.keyword.internal.WebUIKeywordMain.runKeyword(WebUIKeywordMain.groovy:26)
	at com.kms.katalon.core.webui.keyword.builtin.ClickKeyword.click(ClickKeyword.groovy:75)
	at com.kms.katalon.core.webui.keyword.builtin.ClickKeyword.execute(ClickKeyword.groovy:42)
	at com.kms.katalon.core.keyword.internal.KeywordExecutor.executeKeywordForPlatform(KeywordExecutor.groovy:73)
	at com.kms.katalon.core.webui.keyword.WebUiBuiltInKeywords.click(WebUiBuiltInKeywords.groovy:619)
	at com.kms.katalon.core.webui.keyword.WebUiBuiltInKeywords$click$2.call(Unknown Source)
	at EditUsername.run(EditUsername:37)
	at com.kms.katalon.core.main.ScriptEngine.run(ScriptEngine.java:194)
	at com.kms.katalon.core.main.ScriptEngine.runScriptAsRawText(ScriptEngine.java:119)
	at com.kms.katalon.core.main.TestCaseExecutor.runScript(TestCaseExecutor.java:398)
	at com.kms.katalon.core.main.TestCaseExecutor.doExecute(TestCaseExecutor.java:389)
	at com.kms.katalon.core.main.TestCaseExecutor.processExecutionPhase(TestCaseExecutor.java:368)
	at com.kms.katalon.core.main.TestCaseExecutor.accessMainPhase(TestCaseExecutor.java:360)
	at com.kms.katalon.core.main.TestCaseExecutor.execute(TestCaseExecutor.java:255)
	at com.kms.katalon.core.main.TestSuiteExecutor.accessTestCaseMainPhase(TestSuiteExecutor.java:203)
	at com.kms.katalon.core.main.TestSuiteExecutor.accessTestSuiteMainPhase(TestSuiteExecutor.java:152)
	at com.kms.katalon.core.main.TestSuiteExecutor.execute(TestSuiteExecutor.java:95)
	at com.kms.katalon.core.main.TestCaseMain.startTestSuite(TestCaseMain.java:157)
	at com.kms.katalon.core.main.TestCaseMain$startTestSuite$0.call(Unknown Source)
	at TempTestSuite1622370015671.run(TempTestSuite1622370015671.groovy:39)
Caused by: org.openqa.selenium.ElementClickInterceptedException: element click intercepted: Element <button type="button" aria-label="emoji picker" class="emoji-picker__container post-action">...</button> is not clickable at point (996, 520). Other element would receive the click: <div id="accountSettingsModal" role="dialog" aria-labelledby="accountSettingsModalLabel" tabindex="-1" class="fade in modal" style="display: block;">...</div>
  (Session info: chrome=91.0.4472.77)
Build info: version: '3.141.59', revision: 'e82be7d358', time: '2018-11-14T08:25:53'
System info: host: 'WIN-SERVER-2019', ip: '10.1.0.4', os.name: 'Windows Server 2019', os.arch: 'amd64', os.version: '10.0', java.version: '1.8.0_282'
Driver info: com.kms.katalon.selenium.driver.CChromeDriver
Capabilities {acceptInsecureCerts: false, browserName: chrome, browserVersion: 91.0.4472.77, chrome: {chromedriverVersion: 90.0.4430.24 (4c6d850f087da..., userDataDir: C:\Users\nttuan\AppData\Loc...}, goog:chromeOptions: {debuggerAddress: localhost:55582}, javascriptEnabled: true, networkConnectionEnabled: false, pageLoadStrategy: normal, platform: WINDOWS, platformName: WINDOWS, proxy: Proxy(), setWindowRect: true, strictFileInteractability: false, timeouts: {implicit: 0, pageLoad: 300000, script: 30000}, unhandledPromptBehavior: dismiss and notify, webauthn:extension:largeBlob: true, webauthn:virtualAuthenticators: true}
Session ID: 0b7c657bd989c8c3fee9d1fedfdd89f6
	at org.openqa.selenium.remote.http.W3CHttpResponseCodec.createException(W3CHttpResponseCodec.java:187)
	at org.openqa.selenium.remote.http.W3CHttpResponseCodec.decode(W3CHttpResponseCodec.java:122)
	at org.openqa.selenium.remote.http.W3CHttpResponseCodec.decode(W3CHttpResponseCodec.java:49)
	at org.openqa.selenium.remote.HttpCommandExecutor.execute(HttpCommandExecutor.java:158)
	at org.openqa.selenium.remote.service.DriverCommandExecutor.execute(DriverCommandExecutor.java:83)
	at org.openqa.selenium.remote.RemoteWebDriver.execute(RemoteWebDriver.java:552)
	at com.kms.katalon.selenium.driver.CChromeDriver.execute(CChromeDriver.java:19)
	at org.openqa.selenium.remote.RemoteWebElement.execute(RemoteWebElement.java:285)
	at org.openqa.selenium.remote.RemoteWebElement.click(RemoteWebElement.java:84)
	at org.openqa.selenium.support.events.EventFiringWebDriver$EventFiringWebElement.lambda$new$0(EventFiringWebDriver.java:404)
	at com.sun.proxy.$Proxy17.click(Unknown Source)
	at org.openqa.selenium.support.events.EventFiringWebDriver$EventFiringWebElement.click(EventFiringWebDriver.java:417)
	at com.kms.katalon.core.webui.keyword.builtin.ClickKeyword$_click_closure1.doCall(ClickKeyword.groovy:68)
	at com.kms.katalon.core.webui.keyword.builtin.ClickKeyword$_click_closure1.call(ClickKeyword.groovy)
	at com.kms.katalon.core.webui.keyword.internal.WebUIKeywordMain.runKeyword(WebUIKeywordMain.groovy:20)
	at com.kms.katalon.core.webui.keyword.builtin.ClickKeyword.click(ClickKeyword.groovy:75)
	at com.kms.katalon.core.webui.keyword.builtin.ClickKeyword.execute(ClickKeyword.groovy:42)
	at com.kms.katalon.core.keyword.internal.KeywordExecutor.executeKeywordForPlatform(KeywordExecutor.groovy:73)
	at com.kms.katalon.core.webui.keyword.WebUiBuiltInKeywords.click(WebUiBuiltInKeywords.groovy:619)
	at com.kms.katalon.core.webui.keyword.WebUiBuiltInKeywords$click$2.call(Unknown Source)
	at Script1622086894332.run(Script1622086894332.groovy:37)
	... 13 more
)

2021-05-30 10:32:19 - [TEST_STEP][PASSED] - click(findTestObject("Object Repository/Account Setting/Page_TEST CHANNEL - TEAM NAME Mattermost/span")): Object: 'Object Repository/Account Setting/Page_TEST CHANNEL - TEAM NAME Mattermost/span' is clicked on

2021-05-30 10:32:20 - [MESSAGE][PASSED] - Object: 'Object Repository/Account Setting/Page_TEST CHANNEL - TEAM NAME Mattermost/span' is clicked on

2021-05-30 10:32:20 - [TEST_STEP][PASSED] - click(findTestObject("Object Repository/Account Setting/Page_TEST CHANNEL - TEAM NAME Mattermost/button_Account Settings")): Object: 'Object Repository/Account Setting/Page_TEST CHANNEL - TEAM NAME Mattermost/button_Account Settings' is clicked on

2021-05-30 10:32:21 - [MESSAGE][PASSED] - Object: 'Object Repository/Account Setting/Page_TEST CHANNEL - TEAM NAME Mattermost/button_Account Settings' is clicked on

2021-05-30 10:32:21 - [TEST_STEP][PASSED] - click(findTestObject("Object Repository/Account Setting/Page_TEST CHANNEL - TEAM NAME Mattermost/span_Edit")): Object: 'Object Repository/Account Setting/Page_TEST CHANNEL - TEAM NAME Mattermost/span_Edit' is clicked on

2021-05-30 10:32:22 - [MESSAGE][PASSED] - Object: 'Object Repository/Account Setting/Page_TEST CHANNEL - TEAM NAME Mattermost/span_Edit' is clicked on

2021-05-30 10:32:22 - [TEST_STEP][PASSED] - click(findTestObject("Object Repository/Account Setting/Page_TEST CHANNEL - TEAM NAME Mattermost/div_Username_col-sm-7")): Object: 'Object Repository/Account Setting/Page_TEST CHANNEL - TEAM NAME Mattermost/div_Username_col-sm-7' is clicked on

2021-05-30 10:32:22 - [MESSAGE][PASSED] - Object: 'Object Repository/Account Setting/Page_TEST CHANNEL - TEAM NAME Mattermost/div_Username_col-sm-7' is clicked on

2021-05-30 10:32:22 - [TEST_STEP][PASSED] - setText(findTestObject("Object Repository/Account Setting/Page_TEST CHANNEL - TEAM NAME Mattermost/input_Username_username"), findTestData("Internal/Internal Username").getValue(1, rowNum)): Text 'Minhvu' is set on object 'Object Repository/Account Setting/Page_TEST CHANNEL - TEAM NAME Mattermost/input_Username_username'

2021-05-30 10:32:53 - [MESSAGE][INFO] - Unable to find the element located by 'By.xpath: //input[@id='username']'. Please recheck the objects properties to make sure the desired element is located. 

2021-05-30 10:32:53 - [MESSAGE][WARNING] - [SELF-HEALING] Failed to find element with id 'Object Repository/Account Setting/Page_TEST CHANNEL - TEAM NAME Mattermost/input_Username_username'. Try using Self-healing.

2021-05-30 10:32:53 - [MESSAGE][WARNING] - [SELF-HEALING] The current locator of test object 'Object Repository/Account Setting/Page_TEST CHANNEL - TEAM NAME Mattermost/input_Username_username' was broken. Propose an alternative one: '//div[@id='generalSettings']/div[2]/section/div/div/div/div/div/input'.

2021-05-30 10:33:25 - [MESSAGE][INFO] - Unable to find the element located by 'By.xpath: //input[@id='username']'. Please recheck the objects properties to make sure the desired element is located. 

2021-05-30 10:33:25 - [MESSAGE][WARNING] - [SELF-HEALING] Failed to find element with id 'Object Repository/Account Setting/Page_TEST CHANNEL - TEAM NAME Mattermost/input_Username_username'. Try using Self-healing.

2021-05-30 10:33:25 - [MESSAGE][WARNING] - [SELF-HEALING] The current locator of test object 'Object Repository/Account Setting/Page_TEST CHANNEL - TEAM NAME Mattermost/input_Username_username' was broken. Propose an alternative one: '//div[@id='generalSettings']/div[2]/section/div/div/div/div/div/input'.

2021-05-30 10:33:25 - [MESSAGE][PASSED] - Text 'Minhvu' is set on object 'Object Repository/Account Setting/Page_TEST CHANNEL - TEAM NAME Mattermost/input_Username_username'

2021-05-30 10:33:25 - [TEST_STEP][PASSED] - click(findTestObject("Object Repository/Account Setting/Page_TEST CHANNEL - TEAM NAME Mattermost/button_Save")): Object: 'Object Repository/Account Setting/Page_TEST CHANNEL - TEAM NAME Mattermost/button_Save' is clicked on

2021-05-30 10:33:25 - [MESSAGE][PASSED] - Object: 'Object Repository/Account Setting/Page_TEST CHANNEL - TEAM NAME Mattermost/button_Save' is clicked on

2021-05-30 10:33:25 - [TEST_STEP][FAILED] - click(findTestObject("Object Repository/Account Setting/Page_TEST CHANNEL - TEAM NAME Mattermost/button_Close")): Unable to click on object 'Object Repository/Account Setting/Page_TEST CHANNEL - TEAM NAME Mattermost/button_Close' (Root cause: com.kms.katalon.core.exception.StepFailedException: Unable to click on object 'Object Repository/Account Setting/Page_TEST CHANNEL - TEAM NAME Mattermost/button_Close'
	at com.kms.katalon.core.webui.keyword.internal.WebUIKeywordMain.stepFailed(WebUIKeywordMain.groovy:64)
	at com.kms.katalon.core.webui.keyword.internal.WebUIKeywordMain.runKeyword(WebUIKeywordMain.groovy:26)
	at com.kms.katalon.core.webui.keyword.builtin.ClickKeyword.click(ClickKeyword.groovy:75)
	at com.kms.katalon.core.webui.keyword.builtin.ClickKeyword.execute(ClickKeyword.groovy:42)
	at com.kms.katalon.core.keyword.internal.KeywordExecutor.executeKeywordForPlatform(KeywordExecutor.groovy:73)
	at com.kms.katalon.core.webui.keyword.WebUiBuiltInKeywords.click(WebUiBuiltInKeywords.groovy:619)
	at com.kms.katalon.core.webui.keyword.WebUiBuiltInKeywords$click$2.call(Unknown Source)
	at EditUsername.run(EditUsername:37)
	at com.kms.katalon.core.main.ScriptEngine.run(ScriptEngine.java:194)
	at com.kms.katalon.core.main.ScriptEngine.runScriptAsRawText(ScriptEngine.java:119)
	at com.kms.katalon.core.main.TestCaseExecutor.runScript(TestCaseExecutor.java:398)
	at com.kms.katalon.core.main.TestCaseExecutor.doExecute(TestCaseExecutor.java:389)
	at com.kms.katalon.core.main.TestCaseExecutor.processExecutionPhase(TestCaseExecutor.java:368)
	at com.kms.katalon.core.main.TestCaseExecutor.accessMainPhase(TestCaseExecutor.java:360)
	at com.kms.katalon.core.main.TestCaseExecutor.execute(TestCaseExecutor.java:255)
	at com.kms.katalon.core.main.TestSuiteExecutor.accessTestCaseMainPhase(TestSuiteExecutor.java:203)
	at com.kms.katalon.core.main.TestSuiteExecutor.accessTestSuiteMainPhase(TestSuiteExecutor.java:152)
	at com.kms.katalon.core.main.TestSuiteExecutor.execute(TestSuiteExecutor.java:95)
	at com.kms.katalon.core.main.TestCaseMain.startTestSuite(TestCaseMain.java:157)
	at com.kms.katalon.core.main.TestCaseMain$startTestSuite$0.call(Unknown Source)
	at TempTestSuite1622370015671.run(TempTestSuite1622370015671.groovy:39)
Caused by: org.openqa.selenium.ElementClickInterceptedException: element click intercepted: Element <button type="button" aria-label="emoji picker" class="emoji-picker__container post-action">...</button> is not clickable at point (996, 520). Other element would receive the click: <div id="accountSettingsModal" role="dialog" aria-labelledby="accountSettingsModalLabel" tabindex="-1" class="fade in modal" style="display: block;">...</div>
  (Session info: chrome=91.0.4472.77)
Build info: version: '3.141.59', revision: 'e82be7d358', time: '2018-11-14T08:25:53'
System info: host: 'WIN-SERVER-2019', ip: '10.1.0.4', os.name: 'Windows Server 2019', os.arch: 'amd64', os.version: '10.0', java.version: '1.8.0_282'
Driver info: com.kms.katalon.selenium.driver.CChromeDriver
Capabilities {acceptInsecureCerts: false, browserName: chrome, browserVersion: 91.0.4472.77, chrome: {chromedriverVersion: 90.0.4430.24 (4c6d850f087da..., userDataDir: C:\Users\nttuan\AppData\Loc...}, goog:chromeOptions: {debuggerAddress: localhost:55582}, javascriptEnabled: true, networkConnectionEnabled: false, pageLoadStrategy: normal, platform: WINDOWS, platformName: WINDOWS, proxy: Proxy(), setWindowRect: true, strictFileInteractability: false, timeouts: {implicit: 0, pageLoad: 300000, script: 30000}, unhandledPromptBehavior: dismiss and notify, webauthn:extension:largeBlob: true, webauthn:virtualAuthenticators: true}
Session ID: 0b7c657bd989c8c3fee9d1fedfdd89f6
	at org.openqa.selenium.remote.http.W3CHttpResponseCodec.createException(W3CHttpResponseCodec.java:187)
	at org.openqa.selenium.remote.http.W3CHttpResponseCodec.decode(W3CHttpResponseCodec.java:122)
	at org.openqa.selenium.remote.http.W3CHttpResponseCodec.decode(W3CHttpResponseCodec.java:49)
	at org.openqa.selenium.remote.HttpCommandExecutor.execute(HttpCommandExecutor.java:158)
	at org.openqa.selenium.remote.service.DriverCommandExecutor.execute(DriverCommandExecutor.java:83)
	at org.openqa.selenium.remote.RemoteWebDriver.execute(RemoteWebDriver.java:552)
	at com.kms.katalon.selenium.driver.CChromeDriver.execute(CChromeDriver.java:19)
	at org.openqa.selenium.remote.RemoteWebElement.execute(RemoteWebElement.java:285)
	at org.openqa.selenium.remote.RemoteWebElement.click(RemoteWebElement.java:84)
	at org.openqa.selenium.support.events.EventFiringWebDriver$EventFiringWebElement.lambda$new$0(EventFiringWebDriver.java:404)
	at com.sun.proxy.$Proxy17.click(Unknown Source)
	at org.openqa.selenium.support.events.EventFiringWebDriver$EventFiringWebElement.click(EventFiringWebDriver.java:417)
	at com.kms.katalon.core.webui.keyword.builtin.ClickKeyword$_click_closure1.doCall(ClickKeyword.groovy:68)
	at com.kms.katalon.core.webui.keyword.builtin.ClickKeyword$_click_closure1.call(ClickKeyword.groovy)
	at com.kms.katalon.core.webui.keyword.internal.WebUIKeywordMain.runKeyword(WebUIKeywordMain.groovy:20)
	at com.kms.katalon.core.webui.keyword.builtin.ClickKeyword.click(ClickKeyword.groovy:75)
	at com.kms.katalon.core.webui.keyword.builtin.ClickKeyword.execute(ClickKeyword.groovy:42)
	at com.kms.katalon.core.keyword.internal.KeywordExecutor.executeKeywordForPlatform(KeywordExecutor.groovy:73)
	at com.kms.katalon.core.webui.keyword.WebUiBuiltInKeywords.click(WebUiBuiltInKeywords.groovy:619)
	at com.kms.katalon.core.webui.keyword.WebUiBuiltInKeywords$click$2.call(Unknown Source)
	at Script1622086894332.run(Script1622086894332.groovy:37)
	... 13 more
)

2021-05-30 10:33:27 - [MESSAGE][FAILED] - Unable to click on object 'Object Repository/Account Setting/Page_TEST CHANNEL - TEAM NAME Mattermost/button_Close' (Root cause: com.kms.katalon.core.exception.StepFailedException: Unable to click on object 'Object Repository/Account Setting/Page_TEST CHANNEL - TEAM NAME Mattermost/button_Close'
	at com.kms.katalon.core.webui.keyword.internal.WebUIKeywordMain.stepFailed(WebUIKeywordMain.groovy:64)
	at com.kms.katalon.core.webui.keyword.internal.WebUIKeywordMain.runKeyword(WebUIKeywordMain.groovy:26)
	at com.kms.katalon.core.webui.keyword.builtin.ClickKeyword.click(ClickKeyword.groovy:75)
	at com.kms.katalon.core.webui.keyword.builtin.ClickKeyword.execute(ClickKeyword.groovy:42)
	at com.kms.katalon.core.keyword.internal.KeywordExecutor.executeKeywordForPlatform(KeywordExecutor.groovy:73)
	at com.kms.katalon.core.webui.keyword.WebUiBuiltInKeywords.click(WebUiBuiltInKeywords.groovy:619)
	at com.kms.katalon.core.webui.keyword.WebUiBuiltInKeywords$click$2.call(Unknown Source)
	at EditUsername.run(EditUsername:37)
	at com.kms.katalon.core.main.ScriptEngine.run(ScriptEngine.java:194)
	at com.kms.katalon.core.main.ScriptEngine.runScriptAsRawText(ScriptEngine.java:119)
	at com.kms.katalon.core.main.TestCaseExecutor.runScript(TestCaseExecutor.java:398)
	at com.kms.katalon.core.main.TestCaseExecutor.doExecute(TestCaseExecutor.java:389)
	at com.kms.katalon.core.main.TestCaseExecutor.processExecutionPhase(TestCaseExecutor.java:368)
	at com.kms.katalon.core.main.TestCaseExecutor.accessMainPhase(TestCaseExecutor.java:360)
	at com.kms.katalon.core.main.TestCaseExecutor.execute(TestCaseExecutor.java:255)
	at com.kms.katalon.core.main.TestSuiteExecutor.accessTestCaseMainPhase(TestSuiteExecutor.java:203)
	at com.kms.katalon.core.main.TestSuiteExecutor.accessTestSuiteMainPhase(TestSuiteExecutor.java:152)
	at com.kms.katalon.core.main.TestSuiteExecutor.execute(TestSuiteExecutor.java:95)
	at com.kms.katalon.core.main.TestCaseMain.startTestSuite(TestCaseMain.java:157)
	at com.kms.katalon.core.main.TestCaseMain$startTestSuite$0.call(Unknown Source)
	at TempTestSuite1622370015671.run(TempTestSuite1622370015671.groovy:39)
Caused by: org.openqa.selenium.ElementClickInterceptedException: element click intercepted: Element <button type="button" aria-label="emoji picker" class="emoji-picker__container post-action">...</button> is not clickable at point (996, 520). Other element would receive the click: <div id="accountSettingsModal" role="dialog" aria-labelledby="accountSettingsModalLabel" tabindex="-1" class="fade in modal" style="display: block;">...</div>
  (Session info: chrome=91.0.4472.77)
Build info: version: '3.141.59', revision: 'e82be7d358', time: '2018-11-14T08:25:53'
System info: host: 'WIN-SERVER-2019', ip: '10.1.0.4', os.name: 'Windows Server 2019', os.arch: 'amd64', os.version: '10.0', java.version: '1.8.0_282'
Driver info: com.kms.katalon.selenium.driver.CChromeDriver
Capabilities {acceptInsecureCerts: false, browserName: chrome, browserVersion: 91.0.4472.77, chrome: {chromedriverVersion: 90.0.4430.24 (4c6d850f087da..., userDataDir: C:\Users\nttuan\AppData\Loc...}, goog:chromeOptions: {debuggerAddress: localhost:55582}, javascriptEnabled: true, networkConnectionEnabled: false, pageLoadStrategy: normal, platform: WINDOWS, platformName: WINDOWS, proxy: Proxy(), setWindowRect: true, strictFileInteractability: false, timeouts: {implicit: 0, pageLoad: 300000, script: 30000}, unhandledPromptBehavior: dismiss and notify, webauthn:extension:largeBlob: true, webauthn:virtualAuthenticators: true}
Session ID: 0b7c657bd989c8c3fee9d1fedfdd89f6
	at org.openqa.selenium.remote.http.W3CHttpResponseCodec.createException(W3CHttpResponseCodec.java:187)
	at org.openqa.selenium.remote.http.W3CHttpResponseCodec.decode(W3CHttpResponseCodec.java:122)
	at org.openqa.selenium.remote.http.W3CHttpResponseCodec.decode(W3CHttpResponseCodec.java:49)
	at org.openqa.selenium.remote.HttpCommandExecutor.execute(HttpCommandExecutor.java:158)
	at org.openqa.selenium.remote.service.DriverCommandExecutor.execute(DriverCommandExecutor.java:83)
	at org.openqa.selenium.remote.RemoteWebDriver.execute(RemoteWebDriver.java:552)
	at com.kms.katalon.selenium.driver.CChromeDriver.execute(CChromeDriver.java:19)
	at org.openqa.selenium.remote.RemoteWebElement.execute(RemoteWebElement.java:285)
	at org.openqa.selenium.remote.RemoteWebElement.click(RemoteWebElement.java:84)
	at org.openqa.selenium.support.events.EventFiringWebDriver$EventFiringWebElement.lambda$new$0(EventFiringWebDriver.java:404)
	at com.sun.proxy.$Proxy17.click(Unknown Source)
	at org.openqa.selenium.support.events.EventFiringWebDriver$EventFiringWebElement.click(EventFiringWebDriver.java:417)
	at com.kms.katalon.core.webui.keyword.builtin.ClickKeyword$_click_closure1.doCall(ClickKeyword.groovy:68)
	at com.kms.katalon.core.webui.keyword.builtin.ClickKeyword$_click_closure1.call(ClickKeyword.groovy)
	at com.kms.katalon.core.webui.keyword.internal.WebUIKeywordMain.runKeyword(WebUIKeywordMain.groovy:20)
	at com.kms.katalon.core.webui.keyword.builtin.ClickKeyword.click(ClickKeyword.groovy:75)
	at com.kms.katalon.core.webui.keyword.builtin.ClickKeyword.execute(ClickKeyword.groovy:42)
	at com.kms.katalon.core.keyword.internal.KeywordExecutor.executeKeywordForPlatform(KeywordExecutor.groovy:73)
	at com.kms.katalon.core.webui.keyword.WebUiBuiltInKeywords.click(WebUiBuiltInKeywords.groovy:619)
	at com.kms.katalon.core.webui.keyword.WebUiBuiltInKeywords$click$2.call(Unknown Source)
	at Script1622086894332.run(Script1622086894332.groovy:37)
	... 13 more
)
[[ATTACHMENT|C:\\Users\\nttuan\\Downloads\\CDNC\\mattermost-testing\\Reports\\20210530_102014\\Run all test cases\\20210530_102015\\1622370807659.png]]]]></system-out>
         <system-err><![CDATA[2021-05-30 10:32:14 - [TEST_CASE][FAILED] - Test Cases/Internal Test Cases/EditUsername: Test Cases/Internal Test Cases/EditUsername FAILED.
Reason:
com.kms.katalon.core.exception.StepFailedException: Unable to click on object 'Object Repository/Account Setting/Page_TEST CHANNEL - TEAM NAME Mattermost/button_Close'
	at com.kms.katalon.core.webui.keyword.internal.WebUIKeywordMain.stepFailed(WebUIKeywordMain.groovy:64)
	at com.kms.katalon.core.webui.keyword.internal.WebUIKeywordMain.runKeyword(WebUIKeywordMain.groovy:26)
	at com.kms.katalon.core.webui.keyword.builtin.ClickKeyword.click(ClickKeyword.groovy:75)
	at com.kms.katalon.core.webui.keyword.builtin.ClickKeyword.execute(ClickKeyword.groovy:42)
	at com.kms.katalon.core.keyword.internal.KeywordExecutor.executeKeywordForPlatform(KeywordExecutor.groovy:73)
	at com.kms.katalon.core.webui.keyword.WebUiBuiltInKeywords.click(WebUiBuiltInKeywords.groovy:619)
	at com.kms.katalon.core.webui.keyword.WebUiBuiltInKeywords$click$2.call(Unknown Source)
	at EditUsername.run(EditUsername:37)
	at com.kms.katalon.core.main.ScriptEngine.run(ScriptEngine.java:194)
	at com.kms.katalon.core.main.ScriptEngine.runScriptAsRawText(ScriptEngine.java:119)
	at com.kms.katalon.core.main.TestCaseExecutor.runScript(TestCaseExecutor.java:398)
	at com.kms.katalon.core.main.TestCaseExecutor.doExecute(TestCaseExecutor.java:389)
	at com.kms.katalon.core.main.TestCaseExecutor.processExecutionPhase(TestCaseExecutor.java:368)
	at com.kms.katalon.core.main.TestCaseExecutor.accessMainPhase(TestCaseExecutor.java:360)
	at com.kms.katalon.core.main.TestCaseExecutor.execute(TestCaseExecutor.java:255)
	at com.kms.katalon.core.main.TestSuiteExecutor.accessTestCaseMainPhase(TestSuiteExecutor.java:203)
	at com.kms.katalon.core.main.TestSuiteExecutor.accessTestSuiteMainPhase(TestSuiteExecutor.java:152)
	at com.kms.katalon.core.main.TestSuiteExecutor.execute(TestSuiteExecutor.java:95)
	at com.kms.katalon.core.main.TestCaseMain.startTestSuite(TestCaseMain.java:157)
	at com.kms.katalon.core.main.TestCaseMain$startTestSuite$0.call(Unknown Source)
	at TempTestSuite1622370015671.run(TempTestSuite1622370015671.groovy:39)
Caused by: org.openqa.selenium.ElementClickInterceptedException: element click intercepted: Element <button type="button" aria-label="emoji picker" class="emoji-picker__container post-action">...</button> is not clickable at point (996, 520). Other element would receive the click: <div id="accountSettingsModal" role="dialog" aria-labelledby="accountSettingsModalLabel" tabindex="-1" class="fade in modal" style="display: block;">...</div>
  (Session info: chrome=91.0.4472.77)
Build info: version: '3.141.59', revision: 'e82be7d358', time: '2018-11-14T08:25:53'
System info: host: 'WIN-SERVER-2019', ip: '10.1.0.4', os.name: 'Windows Server 2019', os.arch: 'amd64', os.version: '10.0', java.version: '1.8.0_282'
Driver info: com.kms.katalon.selenium.driver.CChromeDriver
Capabilities {acceptInsecureCerts: false, browserName: chrome, browserVersion: 91.0.4472.77, chrome: {chromedriverVersion: 90.0.4430.24 (4c6d850f087da..., userDataDir: C:\Users\nttuan\AppData\Loc...}, goog:chromeOptions: {debuggerAddress: localhost:55582}, javascriptEnabled: true, networkConnectionEnabled: false, pageLoadStrategy: normal, platform: WINDOWS, platformName: WINDOWS, proxy: Proxy(), setWindowRect: true, strictFileInteractability: false, timeouts: {implicit: 0, pageLoad: 300000, script: 30000}, unhandledPromptBehavior: dismiss and notify, webauthn:extension:largeBlob: true, webauthn:virtualAuthenticators: true}
Session ID: 0b7c657bd989c8c3fee9d1fedfdd89f6
	at org.openqa.selenium.remote.http.W3CHttpResponseCodec.createException(W3CHttpResponseCodec.java:187)
	at org.openqa.selenium.remote.http.W3CHttpResponseCodec.decode(W3CHttpResponseCodec.java:122)
	at org.openqa.selenium.remote.http.W3CHttpResponseCodec.decode(W3CHttpResponseCodec.java:49)
	at org.openqa.selenium.remote.HttpCommandExecutor.execute(HttpCommandExecutor.java:158)
	at org.openqa.selenium.remote.service.DriverCommandExecutor.execute(DriverCommandExecutor.java:83)
	at org.openqa.selenium.remote.RemoteWebDriver.execute(RemoteWebDriver.java:552)
	at com.kms.katalon.selenium.driver.CChromeDriver.execute(CChromeDriver.java:19)
	at org.openqa.selenium.remote.RemoteWebElement.execute(RemoteWebElement.java:285)
	at org.openqa.selenium.remote.RemoteWebElement.click(RemoteWebElement.java:84)
	at org.openqa.selenium.support.events.EventFiringWebDriver$EventFiringWebElement.lambda$new$0(EventFiringWebDriver.java:404)
	at com.sun.proxy.$Proxy17.click(Unknown Source)
	at org.openqa.selenium.support.events.EventFiringWebDriver$EventFiringWebElement.click(EventFiringWebDriver.java:417)
	at com.kms.katalon.core.webui.keyword.builtin.ClickKeyword$_click_closure1.doCall(ClickKeyword.groovy:68)
	at com.kms.katalon.core.webui.keyword.builtin.ClickKeyword$_click_closure1.call(ClickKeyword.groovy)
	at com.kms.katalon.core.webui.keyword.internal.WebUIKeywordMain.runKeyword(WebUIKeywordMain.groovy:20)
	... 19 more]]></system-err>
      </testcase>
      <testcase name="Test Cases/Internal Test Cases/FindChanelFailed" time="13.477" classname="Test Cases/Internal Test Cases/FindChanelFailed" status="PASSED">
         <system-out><![CDATA[2021-05-30 10:33:27 - [TEST_CASE][PASSED] - Test Cases/Internal Test Cases/FindChanelFailed: Test Cases/Internal Test Cases/FindChanelFailed

2021-05-30 10:33:28 - [TEST_STEP][PASSED] - callTestCase(findTestCase("Internal Test Cases/Successful Login"), ["Username":"", "Password":""], STOP_ON_FAILURE): Call Test Case 'Test Cases/Internal Test Cases/Successful Login' successfully

2021-05-30 10:33:28 - [TEST_CASE][PASSED] - Test Cases/Internal Test Cases/Successful Login: Test Cases/Internal Test Cases/Successful Login

2021-05-30 10:33:28 - [TEST_STEP][PASSED] - openBrowser(""): Browser is opened with url: ''

2021-05-30 10:33:28 - [MESSAGE][WARNING] - A browser is already opened. Closing browser and opening a new one

2021-05-30 10:33:28 - [MESSAGE][INFO] - Starting 'Chrome' driver

2021-05-30 10:33:28 - [MESSAGE][INFO] - Action delay is set to 0 milliseconds

2021-05-30 10:33:30 - [MESSAGE][PASSED] - Browser is opened with url: ''

2021-05-30 10:33:30 - [TEST_STEP][PASSED] - navigateToUrl("https://chudenangcao2021.cf/"): Navigate to 'https://chudenangcao2021.cf/' successfully

2021-05-30 10:33:30 - [MESSAGE][PASSED] - Navigate to 'https://chudenangcao2021.cf/' successfully

2021-05-30 10:33:30 - [TEST_STEP][PASSED] - setText(findTestObject("Object Repository/Page_Mattermost/input_All team communication in one place, _dcc84b"), findTestData("Internal/Internal Login Data").getValue(1, 1)): Text 'nguyenvanb' is set on object 'Object Repository/Page_Mattermost/input_All team communication in one place, _dcc84b'

2021-05-30 10:33:31 - [MESSAGE][PASSED] - Text 'nguyenvanb' is set on object 'Object Repository/Page_Mattermost/input_All team communication in one place, _dcc84b'

2021-05-30 10:33:31 - [TEST_STEP][PASSED] - setEncryptedText(findTestObject("Object Repository/Page_Mattermost/input_All team communication in one place, _a3edc6"), findTestData("Internal/Internal Login Data").getValue(2, 1)): Text ****** has been set on object 'Object Repository/Page_Mattermost/input_All team communication in one place, _a3edc6'

2021-05-30 10:33:32 - [MESSAGE][PASSED] - Text ****** has been set on object 'Object Repository/Page_Mattermost/input_All team communication in one place, _a3edc6'

2021-05-30 10:33:32 - [TEST_STEP][PASSED] - click(findTestObject("Object Repository/Page_Mattermost/button_Sign in")): Object: 'Object Repository/Page_Mattermost/button_Sign in' is clicked on

2021-05-30 10:33:33 - [MESSAGE][PASSED] - Object: 'Object Repository/Page_Mattermost/button_Sign in' is clicked on

2021-05-30 10:33:33 - [TEST_STEP][PASSED] - verifyLinksAccessible(["https://chudenangcao2021.cf/cdnc-cnpm-2021/channels"]): All links are accessible

2021-05-30 10:33:33 - [MESSAGE][INFO] - HAR: C:\Users\nttuan\Downloads\CDNC\mattermost-testing\Reports\20210530_102014\Run all test cases\20210530_102015\requests\main\44.har

2021-05-30 10:33:33 - [MESSAGE][PASSED] - Send request successfully

2021-05-30 10:33:33 - [MESSAGE][PASSED] - All links are accessible

2021-05-30 10:33:33 - [MESSAGE][PASSED] - Call Test Case 'Test Cases/Internal Test Cases/Successful Login' successfully

2021-05-30 10:33:33 - [TEST_STEP][PASSED] - click(findTestObject("Object Repository/Page_Town Square - TEAM NAME Mattermost/span_Find channel")): Object: 'Object Repository/Page_Town Square - TEAM NAME Mattermost/span_Find channel' is clicked on

2021-05-30 10:33:34 - [MESSAGE][PASSED] - Object: 'Object Repository/Page_Town Square - TEAM NAME Mattermost/span_Find channel' is clicked on

2021-05-30 10:33:34 - [TEST_STEP][PASSED] - for ([rowNum = 1, rowNum <= findTestData("Internal/Internal Name Channel Fail").getRowNumbers(), (rowNum++)]): Text 'Nhom5' is set on object 'Object Repository/Page_Town Square - TEAM NAME Mattermost/input_ESC_quickSwitchInput'

2021-05-30 10:33:34 - [TEST_STEP][PASSED] - setText(findTestObject("Page_Town Square - TEAM NAME Mattermost/input_ESC_quickSwitchInput"), findTestData("Internal/Internal Name Channel Fail").getValue(1, rowNum)): Text 'Nhom1' is set on object 'Object Repository/Page_Town Square - TEAM NAME Mattermost/input_ESC_quickSwitchInput'

2021-05-30 10:33:35 - [MESSAGE][PASSED] - Text 'Nhom1' is set on object 'Object Repository/Page_Town Square - TEAM NAME Mattermost/input_ESC_quickSwitchInput'

2021-05-30 10:33:35 - [TEST_STEP][PASSED] - setText(findTestObject("Page_Town Square - TEAM NAME Mattermost/input_ESC_quickSwitchInput"), findTestData("Internal/Internal Name Channel Fail").getValue(1, rowNum)): Text 'Nhom2' is set on object 'Object Repository/Page_Town Square - TEAM NAME Mattermost/input_ESC_quickSwitchInput'

2021-05-30 10:33:36 - [MESSAGE][PASSED] - Text 'Nhom2' is set on object 'Object Repository/Page_Town Square - TEAM NAME Mattermost/input_ESC_quickSwitchInput'

2021-05-30 10:33:36 - [TEST_STEP][PASSED] - setText(findTestObject("Page_Town Square - TEAM NAME Mattermost/input_ESC_quickSwitchInput"), findTestData("Internal/Internal Name Channel Fail").getValue(1, rowNum)): Text 'Nhom3' is set on object 'Object Repository/Page_Town Square - TEAM NAME Mattermost/input_ESC_quickSwitchInput'

2021-05-30 10:33:37 - [MESSAGE][PASSED] - Text 'Nhom3' is set on object 'Object Repository/Page_Town Square - TEAM NAME Mattermost/input_ESC_quickSwitchInput'

2021-05-30 10:33:37 - [TEST_STEP][PASSED] - setText(findTestObject("Page_Town Square - TEAM NAME Mattermost/input_ESC_quickSwitchInput"), findTestData("Internal/Internal Name Channel Fail").getValue(1, rowNum)): Text 'Nhom4' is set on object 'Object Repository/Page_Town Square - TEAM NAME Mattermost/input_ESC_quickSwitchInput'

2021-05-30 10:33:38 - [MESSAGE][PASSED] - Text 'Nhom4' is set on object 'Object Repository/Page_Town Square - TEAM NAME Mattermost/input_ESC_quickSwitchInput'

2021-05-30 10:33:38 - [TEST_STEP][PASSED] - setText(findTestObject("Page_Town Square - TEAM NAME Mattermost/input_ESC_quickSwitchInput"), findTestData("Internal/Internal Name Channel Fail").getValue(1, rowNum)): Text 'Nhom5' is set on object 'Object Repository/Page_Town Square - TEAM NAME Mattermost/input_ESC_quickSwitchInput'

2021-05-30 10:33:39 - [MESSAGE][PASSED] - Text 'Nhom5' is set on object 'Object Repository/Page_Town Square - TEAM NAME Mattermost/input_ESC_quickSwitchInput'

2021-05-30 10:33:39 - [TEST_STEP][PASSED] - verifyTextPresent("Check the spelling or try another search", false): Text 'Check the spelling or try another search' is present on page 

2021-05-30 10:33:40 - [MESSAGE][PASSED] - Text 'Check the spelling or try another search' is present on page 

2021-05-30 10:33:40 - [TEST_STEP][PASSED] - closeBrowser(): Browser is closed

2021-05-30 10:33:41 - [MESSAGE][PASSED] - Browser is closed]]></system-out>
         <system-err><![CDATA[]]></system-err>
      </testcase>
      <testcase name="Test Cases/Internal Test Cases/FindChanelSuccess" time="12.007" classname="Test Cases/Internal Test Cases/FindChanelSuccess" status="PASSED">
         <system-out><![CDATA[2021-05-30 10:33:41 - [TEST_CASE][PASSED] - Test Cases/Internal Test Cases/FindChanelSuccess: Test Cases/Internal Test Cases/FindChanelSuccess

2021-05-30 10:33:41 - [TEST_STEP][PASSED] - callTestCase(findTestCase("Internal Test Cases/Successful Login"), ["Username":"", "Password":""], STOP_ON_FAILURE): Call Test Case 'Test Cases/Internal Test Cases/Successful Login' successfully

2021-05-30 10:33:41 - [TEST_CASE][PASSED] - Test Cases/Internal Test Cases/Successful Login: Test Cases/Internal Test Cases/Successful Login

2021-05-30 10:33:41 - [TEST_STEP][PASSED] - openBrowser(""): Browser is opened with url: ''

2021-05-30 10:33:41 - [MESSAGE][INFO] - Starting 'Chrome' driver

2021-05-30 10:33:41 - [MESSAGE][INFO] - Action delay is set to 0 milliseconds

2021-05-30 10:33:42 - [MESSAGE][PASSED] - Browser is opened with url: ''

2021-05-30 10:33:42 - [TEST_STEP][PASSED] - navigateToUrl("https://chudenangcao2021.cf/"): Navigate to 'https://chudenangcao2021.cf/' successfully

2021-05-30 10:33:43 - [MESSAGE][PASSED] - Navigate to 'https://chudenangcao2021.cf/' successfully

2021-05-30 10:33:43 - [TEST_STEP][PASSED] - setText(findTestObject("Object Repository/Page_Mattermost/input_All team communication in one place, _dcc84b"), findTestData("Internal/Internal Login Data").getValue(1, 1)): Text 'nguyenvanb' is set on object 'Object Repository/Page_Mattermost/input_All team communication in one place, _dcc84b'

2021-05-30 10:33:44 - [MESSAGE][PASSED] - Text 'nguyenvanb' is set on object 'Object Repository/Page_Mattermost/input_All team communication in one place, _dcc84b'

2021-05-30 10:33:44 - [TEST_STEP][PASSED] - setEncryptedText(findTestObject("Object Repository/Page_Mattermost/input_All team communication in one place, _a3edc6"), findTestData("Internal/Internal Login Data").getValue(2, 1)): Text ****** has been set on object 'Object Repository/Page_Mattermost/input_All team communication in one place, _a3edc6'

2021-05-30 10:33:45 - [MESSAGE][PASSED] - Text ****** has been set on object 'Object Repository/Page_Mattermost/input_All team communication in one place, _a3edc6'

2021-05-30 10:33:45 - [TEST_STEP][PASSED] - click(findTestObject("Object Repository/Page_Mattermost/button_Sign in")): Object: 'Object Repository/Page_Mattermost/button_Sign in' is clicked on

2021-05-30 10:33:46 - [MESSAGE][PASSED] - Object: 'Object Repository/Page_Mattermost/button_Sign in' is clicked on

2021-05-30 10:33:46 - [TEST_STEP][PASSED] - verifyLinksAccessible(["https://chudenangcao2021.cf/cdnc-cnpm-2021/channels"]): All links are accessible

2021-05-30 10:33:46 - [MESSAGE][INFO] - HAR: C:\Users\nttuan\Downloads\CDNC\mattermost-testing\Reports\20210530_102014\Run all test cases\20210530_102015\requests\main\45.har

2021-05-30 10:33:46 - [MESSAGE][PASSED] - Send request successfully

2021-05-30 10:33:46 - [MESSAGE][PASSED] - All links are accessible

2021-05-30 10:33:46 - [MESSAGE][PASSED] - Call Test Case 'Test Cases/Internal Test Cases/Successful Login' successfully

2021-05-30 10:33:46 - [TEST_STEP][PASSED] - click(findTestObject("Object Repository/Find chanel/Page_span_Town Square - Team 1 Mattermost/span_Find channel")): Object: 'Object Repository/Find chanel/Page_span_Town Square - Team 1 Mattermost/span_Find channel' is clicked on

2021-05-30 10:33:48 - [MESSAGE][PASSED] - Object: 'Object Repository/Find chanel/Page_span_Town Square - Team 1 Mattermost/span_Find channel' is clicked on

2021-05-30 10:33:48 - [TEST_STEP][PASSED] - for ([rowNum = 1, rowNum <= findTestData("Internal/Internal Name Channel").getRowNumbers(), (rowNum++)]): Text 'new channel' is set on object 'Object Repository/Find chanel/Page_span_Town Square - Team 1 Mattermost/input_ESC_quickSwitchInput'

2021-05-30 10:33:48 - [TEST_STEP][PASSED] - setText(findTestObject("Object Repository/Find chanel/Page_span_Town Square - Team 1 Mattermost/input_ESC_quickSwitchInput"), findTestData("Internal/Internal Name Channel").getValue(1, rowNum)): Text 'Channel1' is set on object 'Object Repository/Find chanel/Page_span_Town Square - Team 1 Mattermost/input_ESC_quickSwitchInput'

2021-05-30 10:33:48 - [MESSAGE][PASSED] - Text 'Channel1' is set on object 'Object Repository/Find chanel/Page_span_Town Square - Team 1 Mattermost/input_ESC_quickSwitchInput'

2021-05-30 10:33:48 - [TEST_STEP][PASSED] - setText(findTestObject("Object Repository/Find chanel/Page_span_Town Square - Team 1 Mattermost/input_ESC_quickSwitchInput"), findTestData("Internal/Internal Name Channel").getValue(1, rowNum)): Text 'Channel2' is set on object 'Object Repository/Find chanel/Page_span_Town Square - Team 1 Mattermost/input_ESC_quickSwitchInput'

2021-05-30 10:33:49 - [MESSAGE][PASSED] - Text 'Channel2' is set on object 'Object Repository/Find chanel/Page_span_Town Square - Team 1 Mattermost/input_ESC_quickSwitchInput'

2021-05-30 10:33:49 - [TEST_STEP][PASSED] - setText(findTestObject("Object Repository/Find chanel/Page_span_Town Square - Team 1 Mattermost/input_ESC_quickSwitchInput"), findTestData("Internal/Internal Name Channel").getValue(1, rowNum)): Text 'channel3' is set on object 'Object Repository/Find chanel/Page_span_Town Square - Team 1 Mattermost/input_ESC_quickSwitchInput'

2021-05-30 10:33:50 - [MESSAGE][PASSED] - Text 'channel3' is set on object 'Object Repository/Find chanel/Page_span_Town Square - Team 1 Mattermost/input_ESC_quickSwitchInput'

2021-05-30 10:33:50 - [TEST_STEP][PASSED] - setText(findTestObject("Object Repository/Find chanel/Page_span_Town Square - Team 1 Mattermost/input_ESC_quickSwitchInput"), findTestData("Internal/Internal Name Channel").getValue(1, rowNum)): Text 'channel4' is set on object 'Object Repository/Find chanel/Page_span_Town Square - Team 1 Mattermost/input_ESC_quickSwitchInput'

2021-05-30 10:33:51 - [MESSAGE][PASSED] - Text 'channel4' is set on object 'Object Repository/Find chanel/Page_span_Town Square - Team 1 Mattermost/input_ESC_quickSwitchInput'

2021-05-30 10:33:51 - [TEST_STEP][PASSED] - setText(findTestObject("Object Repository/Find chanel/Page_span_Town Square - Team 1 Mattermost/input_ESC_quickSwitchInput"), findTestData("Internal/Internal Name Channel").getValue(1, rowNum)): Text 'new channel' is set on object 'Object Repository/Find chanel/Page_span_Town Square - Team 1 Mattermost/input_ESC_quickSwitchInput'

2021-05-30 10:33:52 - [MESSAGE][PASSED] - Text 'new channel' is set on object 'Object Repository/Find chanel/Page_span_Town Square - Team 1 Mattermost/input_ESC_quickSwitchInput'

2021-05-30 10:33:52 - [TEST_STEP][PASSED] - closeBrowser(): Browser is closed

2021-05-30 10:33:53 - [MESSAGE][PASSED] - Browser is closed]]></system-out>
         <system-err><![CDATA[]]></system-err>
      </testcase>
      <testcase name="Test Cases/Internal Test Cases/RenameChannel" time="26.317" classname="Test Cases/Internal Test Cases/RenameChannel" status="PASSED">
         <system-out><![CDATA[2021-05-30 10:33:53 - [TEST_CASE][PASSED] - Test Cases/Internal Test Cases/RenameChannel: Test Cases/Internal Test Cases/RenameChannel

2021-05-30 10:33:53 - [TEST_STEP][PASSED] - callTestCase(findTestCase("Internal Test Cases/Successful Login"), ["Username":"", "Password":""], STOP_ON_FAILURE): Call Test Case 'Test Cases/Internal Test Cases/Successful Login' successfully

2021-05-30 10:33:53 - [TEST_CASE][PASSED] - Test Cases/Internal Test Cases/Successful Login: Test Cases/Internal Test Cases/Successful Login

2021-05-30 10:33:53 - [TEST_STEP][PASSED] - openBrowser(""): Browser is opened with url: ''

2021-05-30 10:33:53 - [MESSAGE][INFO] - Starting 'Chrome' driver

2021-05-30 10:33:53 - [MESSAGE][INFO] - Action delay is set to 0 milliseconds

2021-05-30 10:33:54 - [MESSAGE][PASSED] - Browser is opened with url: ''

2021-05-30 10:33:54 - [TEST_STEP][PASSED] - navigateToUrl("https://chudenangcao2021.cf/"): Navigate to 'https://chudenangcao2021.cf/' successfully

2021-05-30 10:33:55 - [MESSAGE][PASSED] - Navigate to 'https://chudenangcao2021.cf/' successfully

2021-05-30 10:33:55 - [TEST_STEP][PASSED] - setText(findTestObject("Object Repository/Page_Mattermost/input_All team communication in one place, _dcc84b"), findTestData("Internal/Internal Login Data").getValue(1, 1)): Text 'nguyenvanb' is set on object 'Object Repository/Page_Mattermost/input_All team communication in one place, _dcc84b'

2021-05-30 10:33:56 - [MESSAGE][PASSED] - Text 'nguyenvanb' is set on object 'Object Repository/Page_Mattermost/input_All team communication in one place, _dcc84b'

2021-05-30 10:33:56 - [TEST_STEP][PASSED] - setEncryptedText(findTestObject("Object Repository/Page_Mattermost/input_All team communication in one place, _a3edc6"), findTestData("Internal/Internal Login Data").getValue(2, 1)): Text ****** has been set on object 'Object Repository/Page_Mattermost/input_All team communication in one place, _a3edc6'

2021-05-30 10:33:57 - [MESSAGE][PASSED] - Text ****** has been set on object 'Object Repository/Page_Mattermost/input_All team communication in one place, _a3edc6'

2021-05-30 10:33:57 - [TEST_STEP][PASSED] - click(findTestObject("Object Repository/Page_Mattermost/button_Sign in")): Object: 'Object Repository/Page_Mattermost/button_Sign in' is clicked on

2021-05-30 10:33:57 - [MESSAGE][PASSED] - Object: 'Object Repository/Page_Mattermost/button_Sign in' is clicked on

2021-05-30 10:33:57 - [TEST_STEP][PASSED] - verifyLinksAccessible(["https://chudenangcao2021.cf/cdnc-cnpm-2021/channels"]): All links are accessible

2021-05-30 10:33:57 - [MESSAGE][INFO] - HAR: C:\Users\nttuan\Downloads\CDNC\mattermost-testing\Reports\20210530_102014\Run all test cases\20210530_102015\requests\main\46.har

2021-05-30 10:33:57 - [MESSAGE][PASSED] - Send request successfully

2021-05-30 10:33:57 - [MESSAGE][PASSED] - All links are accessible

2021-05-30 10:33:57 - [MESSAGE][PASSED] - Call Test Case 'Test Cases/Internal Test Cases/Successful Login' successfully

2021-05-30 10:33:57 - [TEST_STEP][PASSED] - for ([rowNum = 1, rowNum <= findTestData("Internal/Internal Rename").getRowNumbers(), (rowNum++)]): Object: 'Object Repository/Page_Town Square - TEAM NAME Mattermost/span_Save' is clicked on

2021-05-30 10:33:57 - [TEST_STEP][PASSED] - click(findTestObject("Object Repository/Page_Town Square - TEAM NAME Mattermost/span_Town Square")): Object: 'Object Repository/Page_Town Square - TEAM NAME Mattermost/span_Town Square' is clicked on

2021-05-30 10:33:59 - [MESSAGE][PASSED] - Object: 'Object Repository/Page_Town Square - TEAM NAME Mattermost/span_Town Square' is clicked on

2021-05-30 10:33:59 - [TEST_STEP][PASSED] - click(findTestObject("Object Repository/Page_Town Square - TEAM NAME Mattermost/span_Town Square_channelHeaderDropdownIcon")): Object: 'Object Repository/Page_Town Square - TEAM NAME Mattermost/span_Town Square_channelHeaderDropdownIcon' is clicked on

2021-05-30 10:34:00 - [MESSAGE][PASSED] - Object: 'Object Repository/Page_Town Square - TEAM NAME Mattermost/span_Town Square_channelHeaderDropdownIcon' is clicked on

2021-05-30 10:34:00 - [TEST_STEP][PASSED] - click(findTestObject("Object Repository/Page_Town Square - TEAM NAME Mattermost/span_Rename Channel")): Object: 'Object Repository/Page_Town Square - TEAM NAME Mattermost/span_Rename Channel' is clicked on

2021-05-30 10:34:01 - [MESSAGE][PASSED] - Object: 'Object Repository/Page_Town Square - TEAM NAME Mattermost/span_Rename Channel' is clicked on

2021-05-30 10:34:01 - [TEST_STEP][PASSED] - click(findTestObject("Object Repository/Page_Town Square - TEAM NAME Mattermost/div_CloseRename ChannelDisplay NameURL - Ca_afce32")): Object: 'Object Repository/Page_Town Square - TEAM NAME Mattermost/div_CloseRename ChannelDisplay NameURL - Ca_afce32' is clicked on

2021-05-30 10:34:01 - [MESSAGE][PASSED] - Object: 'Object Repository/Page_Town Square - TEAM NAME Mattermost/div_CloseRename ChannelDisplay NameURL - Ca_afce32' is clicked on

2021-05-30 10:34:01 - [TEST_STEP][PASSED] - setText(findTestObject("Object Repository/Page_Town Square - TEAM NAME Mattermost/input_Display Name_display_name"), findTestData("Internal/Internal Rename").getValue(1, rowNum)): Text 'YOGA CHANNEL' is set on object 'Object Repository/Page_Town Square - TEAM NAME Mattermost/input_Display Name_display_name'

2021-05-30 10:34:02 - [MESSAGE][PASSED] - Text 'YOGA CHANNEL' is set on object 'Object Repository/Page_Town Square - TEAM NAME Mattermost/input_Display Name_display_name'

2021-05-30 10:34:02 - [TEST_STEP][PASSED] - rightClick(findTestObject("Object Repository/Page_Town Square - TEAM NAME Mattermost/div_CloseRename ChannelDisplay NameURL - Ca_afce32")): Object: 'Object Repository/Page_Town Square - TEAM NAME Mattermost/div_CloseRename ChannelDisplay NameURL - Ca_afce32' is right clicked on

2021-05-30 10:34:02 - [MESSAGE][PASSED] - Object: 'Object Repository/Page_Town Square - TEAM NAME Mattermost/div_CloseRename ChannelDisplay NameURL - Ca_afce32' is right clicked on

2021-05-30 10:34:02 - [TEST_STEP][PASSED] - click(findTestObject("Object Repository/Page_Town Square - TEAM NAME Mattermost/span_Save")): Object: 'Object Repository/Page_Town Square - TEAM NAME Mattermost/span_Save' is clicked on

2021-05-30 10:34:03 - [MESSAGE][PASSED] - Object: 'Object Repository/Page_Town Square - TEAM NAME Mattermost/span_Save' is clicked on

2021-05-30 10:34:03 - [TEST_STEP][PASSED] - click(findTestObject("Object Repository/Page_Town Square - TEAM NAME Mattermost/span_Town Square")): Object: 'Object Repository/Page_Town Square - TEAM NAME Mattermost/span_Town Square' is clicked on

2021-05-30 10:34:04 - [MESSAGE][PASSED] - Object: 'Object Repository/Page_Town Square - TEAM NAME Mattermost/span_Town Square' is clicked on

2021-05-30 10:34:04 - [TEST_STEP][PASSED] - click(findTestObject("Object Repository/Page_Town Square - TEAM NAME Mattermost/span_Town Square_channelHeaderDropdownIcon")): Object: 'Object Repository/Page_Town Square - TEAM NAME Mattermost/span_Town Square_channelHeaderDropdownIcon' is clicked on

2021-05-30 10:34:04 - [MESSAGE][PASSED] - Object: 'Object Repository/Page_Town Square - TEAM NAME Mattermost/span_Town Square_channelHeaderDropdownIcon' is clicked on

2021-05-30 10:34:04 - [TEST_STEP][PASSED] - click(findTestObject("Object Repository/Page_Town Square - TEAM NAME Mattermost/span_Rename Channel")): Object: 'Object Repository/Page_Town Square - TEAM NAME Mattermost/span_Rename Channel' is clicked on

2021-05-30 10:34:05 - [MESSAGE][PASSED] - Object: 'Object Repository/Page_Town Square - TEAM NAME Mattermost/span_Rename Channel' is clicked on

2021-05-30 10:34:05 - [TEST_STEP][PASSED] - click(findTestObject("Object Repository/Page_Town Square - TEAM NAME Mattermost/div_CloseRename ChannelDisplay NameURL - Ca_afce32")): Object: 'Object Repository/Page_Town Square - TEAM NAME Mattermost/div_CloseRename ChannelDisplay NameURL - Ca_afce32' is clicked on

2021-05-30 10:34:05 - [MESSAGE][PASSED] - Object: 'Object Repository/Page_Town Square - TEAM NAME Mattermost/div_CloseRename ChannelDisplay NameURL - Ca_afce32' is clicked on

2021-05-30 10:34:05 - [TEST_STEP][PASSED] - setText(findTestObject("Object Repository/Page_Town Square - TEAM NAME Mattermost/input_Display Name_display_name"), findTestData("Internal/Internal Rename").getValue(1, rowNum)): Text 'COMPUTER CHANNEL' is set on object 'Object Repository/Page_Town Square - TEAM NAME Mattermost/input_Display Name_display_name'

2021-05-30 10:34:06 - [MESSAGE][PASSED] - Text 'COMPUTER CHANNEL' is set on object 'Object Repository/Page_Town Square - TEAM NAME Mattermost/input_Display Name_display_name'

2021-05-30 10:34:06 - [TEST_STEP][PASSED] - rightClick(findTestObject("Object Repository/Page_Town Square - TEAM NAME Mattermost/div_CloseRename ChannelDisplay NameURL - Ca_afce32")): Object: 'Object Repository/Page_Town Square - TEAM NAME Mattermost/div_CloseRename ChannelDisplay NameURL - Ca_afce32' is right clicked on

2021-05-30 10:34:06 - [MESSAGE][PASSED] - Object: 'Object Repository/Page_Town Square - TEAM NAME Mattermost/div_CloseRename ChannelDisplay NameURL - Ca_afce32' is right clicked on

2021-05-30 10:34:06 - [TEST_STEP][PASSED] - click(findTestObject("Object Repository/Page_Town Square - TEAM NAME Mattermost/span_Save")): Object: 'Object Repository/Page_Town Square - TEAM NAME Mattermost/span_Save' is clicked on

2021-05-30 10:34:06 - [MESSAGE][PASSED] - Object: 'Object Repository/Page_Town Square - TEAM NAME Mattermost/span_Save' is clicked on

2021-05-30 10:34:06 - [TEST_STEP][PASSED] - click(findTestObject("Object Repository/Page_Town Square - TEAM NAME Mattermost/span_Town Square")): Object: 'Object Repository/Page_Town Square - TEAM NAME Mattermost/span_Town Square' is clicked on

2021-05-30 10:34:08 - [MESSAGE][PASSED] - Object: 'Object Repository/Page_Town Square - TEAM NAME Mattermost/span_Town Square' is clicked on

2021-05-30 10:34:08 - [TEST_STEP][PASSED] - click(findTestObject("Object Repository/Page_Town Square - TEAM NAME Mattermost/span_Town Square_channelHeaderDropdownIcon")): Object: 'Object Repository/Page_Town Square - TEAM NAME Mattermost/span_Town Square_channelHeaderDropdownIcon' is clicked on

2021-05-30 10:34:08 - [MESSAGE][PASSED] - Object: 'Object Repository/Page_Town Square - TEAM NAME Mattermost/span_Town Square_channelHeaderDropdownIcon' is clicked on

2021-05-30 10:34:08 - [TEST_STEP][PASSED] - click(findTestObject("Object Repository/Page_Town Square - TEAM NAME Mattermost/span_Rename Channel")): Object: 'Object Repository/Page_Town Square - TEAM NAME Mattermost/span_Rename Channel' is clicked on

2021-05-30 10:34:09 - [MESSAGE][PASSED] - Object: 'Object Repository/Page_Town Square - TEAM NAME Mattermost/span_Rename Channel' is clicked on

2021-05-30 10:34:09 - [TEST_STEP][PASSED] - click(findTestObject("Object Repository/Page_Town Square - TEAM NAME Mattermost/div_CloseRename ChannelDisplay NameURL - Ca_afce32")): Object: 'Object Repository/Page_Town Square - TEAM NAME Mattermost/div_CloseRename ChannelDisplay NameURL - Ca_afce32' is clicked on

2021-05-30 10:34:09 - [MESSAGE][PASSED] - Object: 'Object Repository/Page_Town Square - TEAM NAME Mattermost/div_CloseRename ChannelDisplay NameURL - Ca_afce32' is clicked on

2021-05-30 10:34:09 - [TEST_STEP][PASSED] - setText(findTestObject("Object Repository/Page_Town Square - TEAM NAME Mattermost/input_Display Name_display_name"), findTestData("Internal/Internal Rename").getValue(1, rowNum)): Text 'KID CHANNEL' is set on object 'Object Repository/Page_Town Square - TEAM NAME Mattermost/input_Display Name_display_name'

2021-05-30 10:34:10 - [MESSAGE][PASSED] - Text 'KID CHANNEL' is set on object 'Object Repository/Page_Town Square - TEAM NAME Mattermost/input_Display Name_display_name'

2021-05-30 10:34:10 - [TEST_STEP][PASSED] - rightClick(findTestObject("Object Repository/Page_Town Square - TEAM NAME Mattermost/div_CloseRename ChannelDisplay NameURL - Ca_afce32")): Object: 'Object Repository/Page_Town Square - TEAM NAME Mattermost/div_CloseRename ChannelDisplay NameURL - Ca_afce32' is right clicked on

2021-05-30 10:34:10 - [MESSAGE][PASSED] - Object: 'Object Repository/Page_Town Square - TEAM NAME Mattermost/div_CloseRename ChannelDisplay NameURL - Ca_afce32' is right clicked on

2021-05-30 10:34:10 - [TEST_STEP][PASSED] - click(findTestObject("Object Repository/Page_Town Square - TEAM NAME Mattermost/span_Save")): Object: 'Object Repository/Page_Town Square - TEAM NAME Mattermost/span_Save' is clicked on

2021-05-30 10:34:10 - [MESSAGE][PASSED] - Object: 'Object Repository/Page_Town Square - TEAM NAME Mattermost/span_Save' is clicked on

2021-05-30 10:34:10 - [TEST_STEP][PASSED] - click(findTestObject("Object Repository/Page_Town Square - TEAM NAME Mattermost/span_Town Square")): Object: 'Object Repository/Page_Town Square - TEAM NAME Mattermost/span_Town Square' is clicked on

2021-05-30 10:34:11 - [MESSAGE][PASSED] - Object: 'Object Repository/Page_Town Square - TEAM NAME Mattermost/span_Town Square' is clicked on

2021-05-30 10:34:11 - [TEST_STEP][PASSED] - click(findTestObject("Object Repository/Page_Town Square - TEAM NAME Mattermost/span_Town Square_channelHeaderDropdownIcon")): Object: 'Object Repository/Page_Town Square - TEAM NAME Mattermost/span_Town Square_channelHeaderDropdownIcon' is clicked on

2021-05-30 10:34:12 - [MESSAGE][PASSED] - Object: 'Object Repository/Page_Town Square - TEAM NAME Mattermost/span_Town Square_channelHeaderDropdownIcon' is clicked on

2021-05-30 10:34:12 - [TEST_STEP][PASSED] - click(findTestObject("Object Repository/Page_Town Square - TEAM NAME Mattermost/span_Rename Channel")): Object: 'Object Repository/Page_Town Square - TEAM NAME Mattermost/span_Rename Channel' is clicked on

2021-05-30 10:34:13 - [MESSAGE][PASSED] - Object: 'Object Repository/Page_Town Square - TEAM NAME Mattermost/span_Rename Channel' is clicked on

2021-05-30 10:34:13 - [TEST_STEP][PASSED] - click(findTestObject("Object Repository/Page_Town Square - TEAM NAME Mattermost/div_CloseRename ChannelDisplay NameURL - Ca_afce32")): Object: 'Object Repository/Page_Town Square - TEAM NAME Mattermost/div_CloseRename ChannelDisplay NameURL - Ca_afce32' is clicked on

2021-05-30 10:34:13 - [MESSAGE][PASSED] - Object: 'Object Repository/Page_Town Square - TEAM NAME Mattermost/div_CloseRename ChannelDisplay NameURL - Ca_afce32' is clicked on

2021-05-30 10:34:13 - [TEST_STEP][PASSED] - setText(findTestObject("Object Repository/Page_Town Square - TEAM NAME Mattermost/input_Display Name_display_name"), findTestData("Internal/Internal Rename").getValue(1, rowNum)): Text 'TEST CHANNEL' is set on object 'Object Repository/Page_Town Square - TEAM NAME Mattermost/input_Display Name_display_name'

2021-05-30 10:34:14 - [MESSAGE][PASSED] - Text 'TEST CHANNEL' is set on object 'Object Repository/Page_Town Square - TEAM NAME Mattermost/input_Display Name_display_name'

2021-05-30 10:34:14 - [TEST_STEP][PASSED] - rightClick(findTestObject("Object Repository/Page_Town Square - TEAM NAME Mattermost/div_CloseRename ChannelDisplay NameURL - Ca_afce32")): Object: 'Object Repository/Page_Town Square - TEAM NAME Mattermost/div_CloseRename ChannelDisplay NameURL - Ca_afce32' is right clicked on

2021-05-30 10:34:14 - [MESSAGE][PASSED] - Object: 'Object Repository/Page_Town Square - TEAM NAME Mattermost/div_CloseRename ChannelDisplay NameURL - Ca_afce32' is right clicked on

2021-05-30 10:34:14 - [TEST_STEP][PASSED] - click(findTestObject("Object Repository/Page_Town Square - TEAM NAME Mattermost/span_Save")): Object: 'Object Repository/Page_Town Square - TEAM NAME Mattermost/span_Save' is clicked on

2021-05-30 10:34:14 - [MESSAGE][PASSED] - Object: 'Object Repository/Page_Town Square - TEAM NAME Mattermost/span_Save' is clicked on

2021-05-30 10:34:14 - [TEST_STEP][PASSED] - click(findTestObject("Object Repository/Page_Town Square - TEAM NAME Mattermost/span_Town Square")): Object: 'Object Repository/Page_Town Square - TEAM NAME Mattermost/span_Town Square' is clicked on

2021-05-30 10:34:15 - [MESSAGE][PASSED] - Object: 'Object Repository/Page_Town Square - TEAM NAME Mattermost/span_Town Square' is clicked on

2021-05-30 10:34:15 - [TEST_STEP][PASSED] - click(findTestObject("Object Repository/Page_Town Square - TEAM NAME Mattermost/span_Town Square_channelHeaderDropdownIcon")): Object: 'Object Repository/Page_Town Square - TEAM NAME Mattermost/span_Town Square_channelHeaderDropdownIcon' is clicked on

2021-05-30 10:34:16 - [MESSAGE][PASSED] - Object: 'Object Repository/Page_Town Square - TEAM NAME Mattermost/span_Town Square_channelHeaderDropdownIcon' is clicked on

2021-05-30 10:34:16 - [TEST_STEP][PASSED] - click(findTestObject("Object Repository/Page_Town Square - TEAM NAME Mattermost/span_Rename Channel")): Object: 'Object Repository/Page_Town Square - TEAM NAME Mattermost/span_Rename Channel' is clicked on

2021-05-30 10:34:16 - [MESSAGE][PASSED] - Object: 'Object Repository/Page_Town Square - TEAM NAME Mattermost/span_Rename Channel' is clicked on

2021-05-30 10:34:16 - [TEST_STEP][PASSED] - click(findTestObject("Object Repository/Page_Town Square - TEAM NAME Mattermost/div_CloseRename ChannelDisplay NameURL - Ca_afce32")): Object: 'Object Repository/Page_Town Square - TEAM NAME Mattermost/div_CloseRename ChannelDisplay NameURL - Ca_afce32' is clicked on

2021-05-30 10:34:17 - [MESSAGE][PASSED] - Object: 'Object Repository/Page_Town Square - TEAM NAME Mattermost/div_CloseRename ChannelDisplay NameURL - Ca_afce32' is clicked on

2021-05-30 10:34:17 - [TEST_STEP][PASSED] - setText(findTestObject("Object Repository/Page_Town Square - TEAM NAME Mattermost/input_Display Name_display_name"), findTestData("Internal/Internal Rename").getValue(1, rowNum)): Text 'span_Town Square' is set on object 'Object Repository/Page_Town Square - TEAM NAME Mattermost/input_Display Name_display_name'

2021-05-30 10:34:18 - [MESSAGE][PASSED] - Text 'span_Town Square' is set on object 'Object Repository/Page_Town Square - TEAM NAME Mattermost/input_Display Name_display_name'

2021-05-30 10:34:18 - [TEST_STEP][PASSED] - rightClick(findTestObject("Object Repository/Page_Town Square - TEAM NAME Mattermost/div_CloseRename ChannelDisplay NameURL - Ca_afce32")): Object: 'Object Repository/Page_Town Square - TEAM NAME Mattermost/div_CloseRename ChannelDisplay NameURL - Ca_afce32' is right clicked on

2021-05-30 10:34:18 - [MESSAGE][PASSED] - Object: 'Object Repository/Page_Town Square - TEAM NAME Mattermost/div_CloseRename ChannelDisplay NameURL - Ca_afce32' is right clicked on

2021-05-30 10:34:18 - [TEST_STEP][PASSED] - click(findTestObject("Object Repository/Page_Town Square - TEAM NAME Mattermost/span_Save")): Object: 'Object Repository/Page_Town Square - TEAM NAME Mattermost/span_Save' is clicked on

2021-05-30 10:34:18 - [MESSAGE][PASSED] - Object: 'Object Repository/Page_Town Square - TEAM NAME Mattermost/span_Save' is clicked on

2021-05-30 10:34:18 - [TEST_STEP][PASSED] - closeBrowser(): Browser is closed

2021-05-30 10:34:19 - [MESSAGE][PASSED] - Browser is closed]]></system-out>
         <system-err><![CDATA[]]></system-err>
      </testcase>
      <testcase name="Test Cases/Internal Test Cases/SearchInChannel" time="47.667" classname="Test Cases/Internal Test Cases/SearchInChannel" status="PASSED">
         <system-out><![CDATA[2021-05-30 10:34:19 - [TEST_CASE][PASSED] - Test Cases/Internal Test Cases/SearchInChannel: Test Cases/Internal Test Cases/SearchInChannel

2021-05-30 10:34:19 - [TEST_STEP][PASSED] - callTestCase(findTestCase("Internal Test Cases/Successful Login"), ["Username":"", "Password":""], STOP_ON_FAILURE): Call Test Case 'Test Cases/Internal Test Cases/Successful Login' successfully

2021-05-30 10:34:19 - [TEST_CASE][PASSED] - Test Cases/Internal Test Cases/Successful Login: Test Cases/Internal Test Cases/Successful Login

2021-05-30 10:34:19 - [TEST_STEP][PASSED] - openBrowser(""): Browser is opened with url: ''

2021-05-30 10:34:19 - [MESSAGE][INFO] - Starting 'Chrome' driver

2021-05-30 10:34:19 - [MESSAGE][INFO] - Action delay is set to 0 milliseconds

2021-05-30 10:34:21 - [MESSAGE][PASSED] - Browser is opened with url: ''

2021-05-30 10:34:21 - [TEST_STEP][PASSED] - navigateToUrl("https://chudenangcao2021.cf/"): Navigate to 'https://chudenangcao2021.cf/' successfully

2021-05-30 10:34:21 - [MESSAGE][PASSED] - Navigate to 'https://chudenangcao2021.cf/' successfully

2021-05-30 10:34:21 - [TEST_STEP][PASSED] - setText(findTestObject("Object Repository/Page_Mattermost/input_All team communication in one place, _dcc84b"), findTestData("Internal/Internal Login Data").getValue(1, 1)): Text 'nguyenvanb' is set on object 'Object Repository/Page_Mattermost/input_All team communication in one place, _dcc84b'

2021-05-30 10:34:23 - [MESSAGE][PASSED] - Text 'nguyenvanb' is set on object 'Object Repository/Page_Mattermost/input_All team communication in one place, _dcc84b'

2021-05-30 10:34:23 - [TEST_STEP][PASSED] - setEncryptedText(findTestObject("Object Repository/Page_Mattermost/input_All team communication in one place, _a3edc6"), findTestData("Internal/Internal Login Data").getValue(2, 1)): Text ****** has been set on object 'Object Repository/Page_Mattermost/input_All team communication in one place, _a3edc6'

2021-05-30 10:34:23 - [MESSAGE][PASSED] - Text ****** has been set on object 'Object Repository/Page_Mattermost/input_All team communication in one place, _a3edc6'

2021-05-30 10:34:23 - [TEST_STEP][PASSED] - click(findTestObject("Object Repository/Page_Mattermost/button_Sign in")): Object: 'Object Repository/Page_Mattermost/button_Sign in' is clicked on

2021-05-30 10:34:24 - [MESSAGE][PASSED] - Object: 'Object Repository/Page_Mattermost/button_Sign in' is clicked on

2021-05-30 10:34:24 - [TEST_STEP][PASSED] - verifyLinksAccessible(["https://chudenangcao2021.cf/cdnc-cnpm-2021/channels"]): All links are accessible

2021-05-30 10:34:24 - [MESSAGE][INFO] - HAR: C:\Users\nttuan\Downloads\CDNC\mattermost-testing\Reports\20210530_102014\Run all test cases\20210530_102015\requests\main\47.har

2021-05-30 10:34:24 - [MESSAGE][PASSED] - Send request successfully

2021-05-30 10:34:24 - [MESSAGE][PASSED] - All links are accessible

2021-05-30 10:34:24 - [MESSAGE][PASSED] - Call Test Case 'Test Cases/Internal Test Cases/Successful Login' successfully

2021-05-30 10:34:24 - [TEST_STEP][PASSED] - click(findTestObject("Object Repository/Page_Town Square - TEAM NAME Mattermost/span_Town Square")): Object: 'Object Repository/Page_Town Square - TEAM NAME Mattermost/span_Town Square' is clicked on

2021-05-30 10:34:26 - [MESSAGE][PASSED] - Object: 'Object Repository/Page_Town Square - TEAM NAME Mattermost/span_Town Square' is clicked on

2021-05-30 10:34:26 - [TEST_STEP][PASSED] - click(findTestObject("Object Repository/Page_Town Square - TEAM NAME Mattermost/svg")): Object: 'Object Repository/Page_Town Square - TEAM NAME Mattermost/svg' is clicked on

2021-05-30 10:34:57 - [MESSAGE][INFO] - Unable to find the element located by 'By.xpath: (.//*[normalize-space(text()) and normalize-space(.)='Town Square'])[3]/following::*[name()='svg'][1]'. Please recheck the objects properties to make sure the desired element is located. 

2021-05-30 10:34:57 - [MESSAGE][WARNING] - [SELF-HEALING] Failed to find element with id 'Object Repository/Page_Town Square - TEAM NAME Mattermost/svg'. Try using Self-healing.

2021-05-30 10:34:57 - [MESSAGE][WARNING] - [SELF-HEALING] The current locator of test object 'Object Repository/Page_Town Square - TEAM NAME Mattermost/svg' was broken. Propose an alternative one: '(.//*[normalize-space(text()) and normalize-space(.)='Drop a file to upload it.'])[1]/following::*[name()='svg'][1]'.

2021-05-30 10:34:57 - [MESSAGE][PASSED] - Object: 'Object Repository/Page_Town Square - TEAM NAME Mattermost/svg' is clicked on

2021-05-30 10:34:57 - [TEST_STEP][PASSED] - for ([rowNum = 1, rowNum <= findTestData("Internal/Internal Key For Search").getRowNumbers(), (rowNum++)]): Keys 'ENTER + ' sent to object: 'Object Repository/Page_Town Square - TEAM NAME Mattermost/input_Town Square_searchBox'

2021-05-30 10:34:57 - [TEST_STEP][PASSED] - setText(findTestObject("Object Repository/Page_Town Square - TEAM NAME Mattermost/input_Town Square_searchBox"), findTestData("Internal/Internal Key For Search").getValue(1, rowNum)): Text 'Hello' is set on object 'Object Repository/Page_Town Square - TEAM NAME Mattermost/input_Town Square_searchBox'

2021-05-30 10:34:58 - [MESSAGE][PASSED] - Text 'Hello' is set on object 'Object Repository/Page_Town Square - TEAM NAME Mattermost/input_Town Square_searchBox'

2021-05-30 10:34:58 - [TEST_STEP][PASSED] - sendKeys(findTestObject("Object Repository/Page_Town Square - TEAM NAME Mattermost/input_Town Square_searchBox"), Keys.chord(ENTER)): Keys 'ENTER + ' sent to object: 'Object Repository/Page_Town Square - TEAM NAME Mattermost/input_Town Square_searchBox'

2021-05-30 10:34:59 - [MESSAGE][PASSED] - Keys 'ENTER + ' sent to object: 'Object Repository/Page_Town Square - TEAM NAME Mattermost/input_Town Square_searchBox'

2021-05-30 10:34:59 - [TEST_STEP][PASSED] - setText(findTestObject("Object Repository/Page_Town Square - TEAM NAME Mattermost/input_Town Square_searchBox"), findTestData("Internal/Internal Key For Search").getValue(1, rowNum)): Text 'yo' is set on object 'Object Repository/Page_Town Square - TEAM NAME Mattermost/input_Town Square_searchBox'

2021-05-30 10:35:00 - [MESSAGE][PASSED] - Text 'yo' is set on object 'Object Repository/Page_Town Square - TEAM NAME Mattermost/input_Town Square_searchBox'

2021-05-30 10:35:00 - [TEST_STEP][PASSED] - sendKeys(findTestObject("Object Repository/Page_Town Square - TEAM NAME Mattermost/input_Town Square_searchBox"), Keys.chord(ENTER)): Keys 'ENTER + ' sent to object: 'Object Repository/Page_Town Square - TEAM NAME Mattermost/input_Town Square_searchBox'

2021-05-30 10:35:00 - [MESSAGE][PASSED] - Keys 'ENTER + ' sent to object: 'Object Repository/Page_Town Square - TEAM NAME Mattermost/input_Town Square_searchBox'

2021-05-30 10:35:00 - [TEST_STEP][PASSED] - setText(findTestObject("Object Repository/Page_Town Square - TEAM NAME Mattermost/input_Town Square_searchBox"), findTestData("Internal/Internal Key For Search").getValue(1, rowNum)): Text 'ghê' is set on object 'Object Repository/Page_Town Square - TEAM NAME Mattermost/input_Town Square_searchBox'

2021-05-30 10:35:01 - [MESSAGE][PASSED] - Text 'ghê' is set on object 'Object Repository/Page_Town Square - TEAM NAME Mattermost/input_Town Square_searchBox'

2021-05-30 10:35:01 - [TEST_STEP][PASSED] - sendKeys(findTestObject("Object Repository/Page_Town Square - TEAM NAME Mattermost/input_Town Square_searchBox"), Keys.chord(ENTER)): Keys 'ENTER + ' sent to object: 'Object Repository/Page_Town Square - TEAM NAME Mattermost/input_Town Square_searchBox'

2021-05-30 10:35:02 - [MESSAGE][PASSED] - Keys 'ENTER + ' sent to object: 'Object Repository/Page_Town Square - TEAM NAME Mattermost/input_Town Square_searchBox'

2021-05-30 10:35:02 - [TEST_STEP][PASSED] - setText(findTestObject("Object Repository/Page_Town Square - TEAM NAME Mattermost/input_Town Square_searchBox"), findTestData("Internal/Internal Key For Search").getValue(1, rowNum)): Text 'no' is set on object 'Object Repository/Page_Town Square - TEAM NAME Mattermost/input_Town Square_searchBox'

2021-05-30 10:35:03 - [MESSAGE][PASSED] - Text 'no' is set on object 'Object Repository/Page_Town Square - TEAM NAME Mattermost/input_Town Square_searchBox'

2021-05-30 10:35:03 - [TEST_STEP][PASSED] - sendKeys(findTestObject("Object Repository/Page_Town Square - TEAM NAME Mattermost/input_Town Square_searchBox"), Keys.chord(ENTER)): Keys 'ENTER + ' sent to object: 'Object Repository/Page_Town Square - TEAM NAME Mattermost/input_Town Square_searchBox'

2021-05-30 10:35:04 - [MESSAGE][PASSED] - Keys 'ENTER + ' sent to object: 'Object Repository/Page_Town Square - TEAM NAME Mattermost/input_Town Square_searchBox'

2021-05-30 10:35:04 - [TEST_STEP][PASSED] - setText(findTestObject("Object Repository/Page_Town Square - TEAM NAME Mattermost/input_Town Square_searchBox"), findTestData("Internal/Internal Key For Search").getValue(1, rowNum)): Text 'ok' is set on object 'Object Repository/Page_Town Square - TEAM NAME Mattermost/input_Town Square_searchBox'

2021-05-30 10:35:05 - [MESSAGE][PASSED] - Text 'ok' is set on object 'Object Repository/Page_Town Square - TEAM NAME Mattermost/input_Town Square_searchBox'

2021-05-30 10:35:05 - [TEST_STEP][PASSED] - sendKeys(findTestObject("Object Repository/Page_Town Square - TEAM NAME Mattermost/input_Town Square_searchBox"), Keys.chord(ENTER)): Keys 'ENTER + ' sent to object: 'Object Repository/Page_Town Square - TEAM NAME Mattermost/input_Town Square_searchBox'

2021-05-30 10:35:06 - [MESSAGE][PASSED] - Keys 'ENTER + ' sent to object: 'Object Repository/Page_Town Square - TEAM NAME Mattermost/input_Town Square_searchBox'

2021-05-30 10:35:06 - [TEST_STEP][PASSED] - closeBrowser(): Browser is closed

2021-05-30 10:35:07 - [MESSAGE][PASSED] - Browser is closed]]></system-out>
         <system-err><![CDATA[]]></system-err>
      </testcase>
      <testcase name="Test Cases/Internal Test Cases/Successful Login" time="4.387" classname="Test Cases/Internal Test Cases/Successful Login" status="PASSED">
         <system-out><![CDATA[2021-05-30 10:35:07 - [TEST_CASE][PASSED] - Test Cases/Internal Test Cases/Successful Login: Test Cases/Internal Test Cases/Successful Login

2021-05-30 10:35:07 - [TEST_STEP][PASSED] - openBrowser(""): Browser is opened with url: ''

2021-05-30 10:35:07 - [MESSAGE][INFO] - Starting 'Chrome' driver

2021-05-30 10:35:07 - [MESSAGE][INFO] - Action delay is set to 0 milliseconds

2021-05-30 10:35:08 - [MESSAGE][PASSED] - Browser is opened with url: ''

2021-05-30 10:35:08 - [TEST_STEP][PASSED] - navigateToUrl("https://chudenangcao2021.cf/"): Navigate to 'https://chudenangcao2021.cf/' successfully

2021-05-30 10:35:09 - [MESSAGE][PASSED] - Navigate to 'https://chudenangcao2021.cf/' successfully

2021-05-30 10:35:09 - [TEST_STEP][PASSED] - setText(findTestObject("Object Repository/Page_Mattermost/input_All team communication in one place, _dcc84b"), findTestData("Internal/Internal Login Data").getValue(1, 1)): Text 'nguyenvanb' is set on object 'Object Repository/Page_Mattermost/input_All team communication in one place, _dcc84b'

2021-05-30 10:35:10 - [MESSAGE][PASSED] - Text 'nguyenvanb' is set on object 'Object Repository/Page_Mattermost/input_All team communication in one place, _dcc84b'

2021-05-30 10:35:10 - [TEST_STEP][PASSED] - setEncryptedText(findTestObject("Object Repository/Page_Mattermost/input_All team communication in one place, _a3edc6"), findTestData("Internal/Internal Login Data").getValue(2, 1)): Text ****** has been set on object 'Object Repository/Page_Mattermost/input_All team communication in one place, _a3edc6'

2021-05-30 10:35:11 - [MESSAGE][PASSED] - Text ****** has been set on object 'Object Repository/Page_Mattermost/input_All team communication in one place, _a3edc6'

2021-05-30 10:35:11 - [TEST_STEP][PASSED] - click(findTestObject("Object Repository/Page_Mattermost/button_Sign in")): Object: 'Object Repository/Page_Mattermost/button_Sign in' is clicked on

2021-05-30 10:35:11 - [MESSAGE][PASSED] - Object: 'Object Repository/Page_Mattermost/button_Sign in' is clicked on

2021-05-30 10:35:11 - [TEST_STEP][PASSED] - verifyLinksAccessible(["https://chudenangcao2021.cf/cdnc-cnpm-2021/channels"]): All links are accessible

2021-05-30 10:35:11 - [MESSAGE][INFO] - HAR: C:\Users\nttuan\Downloads\CDNC\mattermost-testing\Reports\20210530_102014\Run all test cases\20210530_102015\requests\main\48.har

2021-05-30 10:35:11 - [MESSAGE][PASSED] - Send request successfully

2021-05-30 10:35:11 - [MESSAGE][PASSED] - All links are accessible]]></system-out>
         <system-err><![CDATA[]]></system-err>
      </testcase>
      <testcase name="Test Cases/Data CSV Test Case/ChangEmail" time="30.663" classname="Test Cases/Data CSV Test Case/ChangEmail" status="PASSED">
         <system-out><![CDATA[2021-05-30 10:35:11 - [TEST_CASE][PASSED] - Test Cases/Data CSV Test Case/ChangEmail: Test Cases/Data CSV Test Case/ChangEmail

2021-05-30 10:35:11 - [TEST_STEP][PASSED] - callTestCase(findTestCase("Internal Test Cases/Successful Login"), ["Username":"", "Password":""], STOP_ON_FAILURE): Call Test Case 'Test Cases/Internal Test Cases/Successful Login' successfully

2021-05-30 10:35:12 - [TEST_CASE][PASSED] - Test Cases/Internal Test Cases/Successful Login: Test Cases/Internal Test Cases/Successful Login

2021-05-30 10:35:12 - [TEST_STEP][PASSED] - openBrowser(""): Browser is opened with url: ''

2021-05-30 10:35:12 - [MESSAGE][WARNING] - A browser is already opened. Closing browser and opening a new one

2021-05-30 10:35:12 - [MESSAGE][INFO] - Starting 'Chrome' driver

2021-05-30 10:35:12 - [MESSAGE][INFO] - Action delay is set to 0 milliseconds

2021-05-30 10:35:13 - [MESSAGE][PASSED] - Browser is opened with url: ''

2021-05-30 10:35:13 - [TEST_STEP][PASSED] - navigateToUrl("https://chudenangcao2021.cf/"): Navigate to 'https://chudenangcao2021.cf/' successfully

2021-05-30 10:35:14 - [MESSAGE][PASSED] - Navigate to 'https://chudenangcao2021.cf/' successfully

2021-05-30 10:35:14 - [TEST_STEP][PASSED] - setText(findTestObject("Object Repository/Page_Mattermost/input_All team communication in one place, _dcc84b"), findTestData("Internal/Internal Login Data").getValue(1, 1)): Text 'nguyenvanb' is set on object 'Object Repository/Page_Mattermost/input_All team communication in one place, _dcc84b'

2021-05-30 10:35:15 - [MESSAGE][PASSED] - Text 'nguyenvanb' is set on object 'Object Repository/Page_Mattermost/input_All team communication in one place, _dcc84b'

2021-05-30 10:35:15 - [TEST_STEP][PASSED] - setEncryptedText(findTestObject("Object Repository/Page_Mattermost/input_All team communication in one place, _a3edc6"), findTestData("Internal/Internal Login Data").getValue(2, 1)): Text ****** has been set on object 'Object Repository/Page_Mattermost/input_All team communication in one place, _a3edc6'

2021-05-30 10:35:16 - [MESSAGE][PASSED] - Text ****** has been set on object 'Object Repository/Page_Mattermost/input_All team communication in one place, _a3edc6'

2021-05-30 10:35:16 - [TEST_STEP][PASSED] - click(findTestObject("Object Repository/Page_Mattermost/button_Sign in")): Object: 'Object Repository/Page_Mattermost/button_Sign in' is clicked on

2021-05-30 10:35:17 - [MESSAGE][PASSED] - Object: 'Object Repository/Page_Mattermost/button_Sign in' is clicked on

2021-05-30 10:35:17 - [TEST_STEP][PASSED] - verifyLinksAccessible(["https://chudenangcao2021.cf/cdnc-cnpm-2021/channels"]): All links are accessible

2021-05-30 10:35:17 - [MESSAGE][INFO] - HAR: C:\Users\nttuan\Downloads\CDNC\mattermost-testing\Reports\20210530_102014\Run all test cases\20210530_102015\requests\main\49.har

2021-05-30 10:35:17 - [MESSAGE][PASSED] - Send request successfully

2021-05-30 10:35:17 - [MESSAGE][PASSED] - All links are accessible

2021-05-30 10:35:17 - [MESSAGE][PASSED] - Call Test Case 'Test Cases/Internal Test Cases/Successful Login' successfully

2021-05-30 10:35:17 - [TEST_STEP][PASSED] - for ([rowNum = 1, rowNum <= findTestData("Data CSV/Email").getRowNumbers(), (rowNum++)]): Object: 'Object Repository/Change Email/Page_TEST CHANNEL - TEAM NAME Mattermost/span_' is clicked on

2021-05-30 10:35:17 - [TEST_STEP][PASSED] - click(findTestObject("Object Repository/Change Email/Page_TEST CHANNEL - TEAM NAME Mattermost/button_nguyenvanb_style--none sidebar-heade_3f663e")): Object: 'Object Repository/Change Email/Page_TEST CHANNEL - TEAM NAME Mattermost/button_nguyenvanb_style--none sidebar-heade_3f663e' is clicked on

2021-05-30 10:35:18 - [MESSAGE][PASSED] - Object: 'Object Repository/Change Email/Page_TEST CHANNEL - TEAM NAME Mattermost/button_nguyenvanb_style--none sidebar-heade_3f663e' is clicked on

2021-05-30 10:35:18 - [TEST_STEP][PASSED] - click(findTestObject("Object Repository/Change Email/Page_TEST CHANNEL - TEAM NAME Mattermost/button_Account Settings")): Object: 'Object Repository/Change Email/Page_TEST CHANNEL - TEAM NAME Mattermost/button_Account Settings' is clicked on

2021-05-30 10:35:19 - [MESSAGE][PASSED] - Object: 'Object Repository/Change Email/Page_TEST CHANNEL - TEAM NAME Mattermost/button_Account Settings' is clicked on

2021-05-30 10:35:19 - [TEST_STEP][PASSED] - click(findTestObject("Object Repository/Change Email/Page_TEST CHANNEL - TEAM NAME Mattermost/span_Edit")): Object: 'Object Repository/Change Email/Page_TEST CHANNEL - TEAM NAME Mattermost/span_Edit' is clicked on

2021-05-30 10:35:20 - [MESSAGE][PASSED] - Object: 'Object Repository/Change Email/Page_TEST CHANNEL - TEAM NAME Mattermost/span_Edit' is clicked on

2021-05-30 10:35:20 - [TEST_STEP][PASSED] - setText(findTestObject("Object Repository/Change Email/Page_TEST CHANNEL - TEAM NAME Mattermost/input_New Email_primaryEmail"), findTestData("Data CSV/Email").getValue(1, rowNum)): Text 'thanhtung@gmail.com' is set on object 'Object Repository/Change Email/Page_TEST CHANNEL - TEAM NAME Mattermost/input_New Email_primaryEmail'

2021-05-30 10:35:20 - [MESSAGE][PASSED] - Text 'thanhtung@gmail.com' is set on object 'Object Repository/Change Email/Page_TEST CHANNEL - TEAM NAME Mattermost/input_New Email_primaryEmail'

2021-05-30 10:35:20 - [TEST_STEP][PASSED] - setText(findTestObject("Object Repository/Change Email/Page_TEST CHANNEL - TEAM NAME Mattermost/input_Confirm Email_confirmEmail"), findTestData("Data CSV/Email").getValue(1, rowNum)): Text 'thanhtung@gmail.com' is set on object 'Object Repository/Change Email/Page_TEST CHANNEL - TEAM NAME Mattermost/input_Confirm Email_confirmEmail'

2021-05-30 10:35:21 - [MESSAGE][PASSED] - Text 'thanhtung@gmail.com' is set on object 'Object Repository/Change Email/Page_TEST CHANNEL - TEAM NAME Mattermost/input_Confirm Email_confirmEmail'

2021-05-30 10:35:21 - [TEST_STEP][PASSED] - setText(findTestObject("Object Repository/Change Email/Page_TEST CHANNEL - TEAM NAME Mattermost/input_Current Password_currentPassword"), "Tung@123456"): Text 'Tung@123456' is set on object 'Object Repository/Change Email/Page_TEST CHANNEL - TEAM NAME Mattermost/input_Current Password_currentPassword'

2021-05-30 10:35:22 - [MESSAGE][PASSED] - Text 'Tung@123456' is set on object 'Object Repository/Change Email/Page_TEST CHANNEL - TEAM NAME Mattermost/input_Current Password_currentPassword'

2021-05-30 10:35:22 - [TEST_STEP][PASSED] - click(findTestObject("Object Repository/Change Email/Page_TEST CHANNEL - TEAM NAME Mattermost/button_Save")): Object: 'Object Repository/Change Email/Page_TEST CHANNEL - TEAM NAME Mattermost/button_Save' is clicked on

2021-05-30 10:35:22 - [MESSAGE][PASSED] - Object: 'Object Repository/Change Email/Page_TEST CHANNEL - TEAM NAME Mattermost/button_Save' is clicked on

2021-05-30 10:35:22 - [TEST_STEP][PASSED] - click(findTestObject("Object Repository/Change Email/Page_TEST CHANNEL - TEAM NAME Mattermost/span_")): Object: 'Object Repository/Change Email/Page_TEST CHANNEL - TEAM NAME Mattermost/span_' is clicked on

2021-05-30 10:35:23 - [MESSAGE][PASSED] - Object: 'Object Repository/Change Email/Page_TEST CHANNEL - TEAM NAME Mattermost/span_' is clicked on

2021-05-30 10:35:23 - [TEST_STEP][PASSED] - click(findTestObject("Object Repository/Change Email/Page_TEST CHANNEL - TEAM NAME Mattermost/button_nguyenvanb_style--none sidebar-heade_3f663e")): Object: 'Object Repository/Change Email/Page_TEST CHANNEL - TEAM NAME Mattermost/button_nguyenvanb_style--none sidebar-heade_3f663e' is clicked on

2021-05-30 10:35:23 - [MESSAGE][PASSED] - Object: 'Object Repository/Change Email/Page_TEST CHANNEL - TEAM NAME Mattermost/button_nguyenvanb_style--none sidebar-heade_3f663e' is clicked on

2021-05-30 10:35:23 - [TEST_STEP][PASSED] - click(findTestObject("Object Repository/Change Email/Page_TEST CHANNEL - TEAM NAME Mattermost/button_Account Settings")): Object: 'Object Repository/Change Email/Page_TEST CHANNEL - TEAM NAME Mattermost/button_Account Settings' is clicked on

2021-05-30 10:35:24 - [MESSAGE][PASSED] - Object: 'Object Repository/Change Email/Page_TEST CHANNEL - TEAM NAME Mattermost/button_Account Settings' is clicked on

2021-05-30 10:35:24 - [TEST_STEP][PASSED] - click(findTestObject("Object Repository/Change Email/Page_TEST CHANNEL - TEAM NAME Mattermost/span_Edit")): Object: 'Object Repository/Change Email/Page_TEST CHANNEL - TEAM NAME Mattermost/span_Edit' is clicked on

2021-05-30 10:35:24 - [MESSAGE][PASSED] - Object: 'Object Repository/Change Email/Page_TEST CHANNEL - TEAM NAME Mattermost/span_Edit' is clicked on

2021-05-30 10:35:24 - [TEST_STEP][PASSED] - setText(findTestObject("Object Repository/Change Email/Page_TEST CHANNEL - TEAM NAME Mattermost/input_New Email_primaryEmail"), findTestData("Data CSV/Email").getValue(1, rowNum)): Text 'thotuan@gmail.com' is set on object 'Object Repository/Change Email/Page_TEST CHANNEL - TEAM NAME Mattermost/input_New Email_primaryEmail'

2021-05-30 10:35:25 - [MESSAGE][PASSED] - Text 'thotuan@gmail.com' is set on object 'Object Repository/Change Email/Page_TEST CHANNEL - TEAM NAME Mattermost/input_New Email_primaryEmail'

2021-05-30 10:35:25 - [TEST_STEP][PASSED] - setText(findTestObject("Object Repository/Change Email/Page_TEST CHANNEL - TEAM NAME Mattermost/input_Confirm Email_confirmEmail"), findTestData("Data CSV/Email").getValue(1, rowNum)): Text 'thotuan@gmail.com' is set on object 'Object Repository/Change Email/Page_TEST CHANNEL - TEAM NAME Mattermost/input_Confirm Email_confirmEmail'

2021-05-30 10:35:26 - [MESSAGE][PASSED] - Text 'thotuan@gmail.com' is set on object 'Object Repository/Change Email/Page_TEST CHANNEL - TEAM NAME Mattermost/input_Confirm Email_confirmEmail'

2021-05-30 10:35:26 - [TEST_STEP][PASSED] - setText(findTestObject("Object Repository/Change Email/Page_TEST CHANNEL - TEAM NAME Mattermost/input_Current Password_currentPassword"), "Tung@123456"): Text 'Tung@123456' is set on object 'Object Repository/Change Email/Page_TEST CHANNEL - TEAM NAME Mattermost/input_Current Password_currentPassword'

2021-05-30 10:35:26 - [MESSAGE][PASSED] - Text 'Tung@123456' is set on object 'Object Repository/Change Email/Page_TEST CHANNEL - TEAM NAME Mattermost/input_Current Password_currentPassword'

2021-05-30 10:35:26 - [TEST_STEP][PASSED] - click(findTestObject("Object Repository/Change Email/Page_TEST CHANNEL - TEAM NAME Mattermost/button_Save")): Object: 'Object Repository/Change Email/Page_TEST CHANNEL - TEAM NAME Mattermost/button_Save' is clicked on

2021-05-30 10:35:27 - [MESSAGE][PASSED] - Object: 'Object Repository/Change Email/Page_TEST CHANNEL - TEAM NAME Mattermost/button_Save' is clicked on

2021-05-30 10:35:27 - [TEST_STEP][PASSED] - click(findTestObject("Object Repository/Change Email/Page_TEST CHANNEL - TEAM NAME Mattermost/span_")): Object: 'Object Repository/Change Email/Page_TEST CHANNEL - TEAM NAME Mattermost/span_' is clicked on

2021-05-30 10:35:27 - [MESSAGE][PASSED] - Object: 'Object Repository/Change Email/Page_TEST CHANNEL - TEAM NAME Mattermost/span_' is clicked on

2021-05-30 10:35:27 - [TEST_STEP][PASSED] - click(findTestObject("Object Repository/Change Email/Page_TEST CHANNEL - TEAM NAME Mattermost/button_nguyenvanb_style--none sidebar-heade_3f663e")): Object: 'Object Repository/Change Email/Page_TEST CHANNEL - TEAM NAME Mattermost/button_nguyenvanb_style--none sidebar-heade_3f663e' is clicked on

2021-05-30 10:35:28 - [MESSAGE][PASSED] - Object: 'Object Repository/Change Email/Page_TEST CHANNEL - TEAM NAME Mattermost/button_nguyenvanb_style--none sidebar-heade_3f663e' is clicked on

2021-05-30 10:35:28 - [TEST_STEP][PASSED] - click(findTestObject("Object Repository/Change Email/Page_TEST CHANNEL - TEAM NAME Mattermost/button_Account Settings")): Object: 'Object Repository/Change Email/Page_TEST CHANNEL - TEAM NAME Mattermost/button_Account Settings' is clicked on

2021-05-30 10:35:28 - [MESSAGE][PASSED] - Object: 'Object Repository/Change Email/Page_TEST CHANNEL - TEAM NAME Mattermost/button_Account Settings' is clicked on

2021-05-30 10:35:28 - [TEST_STEP][PASSED] - click(findTestObject("Object Repository/Change Email/Page_TEST CHANNEL - TEAM NAME Mattermost/span_Edit")): Object: 'Object Repository/Change Email/Page_TEST CHANNEL - TEAM NAME Mattermost/span_Edit' is clicked on

2021-05-30 10:35:29 - [MESSAGE][PASSED] - Object: 'Object Repository/Change Email/Page_TEST CHANNEL - TEAM NAME Mattermost/span_Edit' is clicked on

2021-05-30 10:35:29 - [TEST_STEP][PASSED] - setText(findTestObject("Object Repository/Change Email/Page_TEST CHANNEL - TEAM NAME Mattermost/input_New Email_primaryEmail"), findTestData("Data CSV/Email").getValue(1, rowNum)): Text 'xuantuan@gmail.com' is set on object 'Object Repository/Change Email/Page_TEST CHANNEL - TEAM NAME Mattermost/input_New Email_primaryEmail'

2021-05-30 10:35:30 - [MESSAGE][PASSED] - Text 'xuantuan@gmail.com' is set on object 'Object Repository/Change Email/Page_TEST CHANNEL - TEAM NAME Mattermost/input_New Email_primaryEmail'

2021-05-30 10:35:30 - [TEST_STEP][PASSED] - setText(findTestObject("Object Repository/Change Email/Page_TEST CHANNEL - TEAM NAME Mattermost/input_Confirm Email_confirmEmail"), findTestData("Data CSV/Email").getValue(1, rowNum)): Text 'xuantuan@gmail.com' is set on object 'Object Repository/Change Email/Page_TEST CHANNEL - TEAM NAME Mattermost/input_Confirm Email_confirmEmail'

2021-05-30 10:35:30 - [MESSAGE][PASSED] - Text 'xuantuan@gmail.com' is set on object 'Object Repository/Change Email/Page_TEST CHANNEL - TEAM NAME Mattermost/input_Confirm Email_confirmEmail'

2021-05-30 10:35:30 - [TEST_STEP][PASSED] - setText(findTestObject("Object Repository/Change Email/Page_TEST CHANNEL - TEAM NAME Mattermost/input_Current Password_currentPassword"), "Tung@123456"): Text 'Tung@123456' is set on object 'Object Repository/Change Email/Page_TEST CHANNEL - TEAM NAME Mattermost/input_Current Password_currentPassword'

2021-05-30 10:35:31 - [MESSAGE][PASSED] - Text 'Tung@123456' is set on object 'Object Repository/Change Email/Page_TEST CHANNEL - TEAM NAME Mattermost/input_Current Password_currentPassword'

2021-05-30 10:35:31 - [TEST_STEP][PASSED] - click(findTestObject("Object Repository/Change Email/Page_TEST CHANNEL - TEAM NAME Mattermost/button_Save")): Object: 'Object Repository/Change Email/Page_TEST CHANNEL - TEAM NAME Mattermost/button_Save' is clicked on

2021-05-30 10:35:31 - [MESSAGE][PASSED] - Object: 'Object Repository/Change Email/Page_TEST CHANNEL - TEAM NAME Mattermost/button_Save' is clicked on

2021-05-30 10:35:31 - [TEST_STEP][PASSED] - click(findTestObject("Object Repository/Change Email/Page_TEST CHANNEL - TEAM NAME Mattermost/span_")): Object: 'Object Repository/Change Email/Page_TEST CHANNEL - TEAM NAME Mattermost/span_' is clicked on

2021-05-30 10:35:32 - [MESSAGE][PASSED] - Object: 'Object Repository/Change Email/Page_TEST CHANNEL - TEAM NAME Mattermost/span_' is clicked on

2021-05-30 10:35:32 - [TEST_STEP][PASSED] - click(findTestObject("Object Repository/Change Email/Page_TEST CHANNEL - TEAM NAME Mattermost/button_nguyenvanb_style--none sidebar-heade_3f663e")): Object: 'Object Repository/Change Email/Page_TEST CHANNEL - TEAM NAME Mattermost/button_nguyenvanb_style--none sidebar-heade_3f663e' is clicked on

2021-05-30 10:35:32 - [MESSAGE][PASSED] - Object: 'Object Repository/Change Email/Page_TEST CHANNEL - TEAM NAME Mattermost/button_nguyenvanb_style--none sidebar-heade_3f663e' is clicked on

2021-05-30 10:35:32 - [TEST_STEP][PASSED] - click(findTestObject("Object Repository/Change Email/Page_TEST CHANNEL - TEAM NAME Mattermost/button_Account Settings")): Object: 'Object Repository/Change Email/Page_TEST CHANNEL - TEAM NAME Mattermost/button_Account Settings' is clicked on

2021-05-30 10:35:33 - [MESSAGE][PASSED] - Object: 'Object Repository/Change Email/Page_TEST CHANNEL - TEAM NAME Mattermost/button_Account Settings' is clicked on

2021-05-30 10:35:33 - [TEST_STEP][PASSED] - click(findTestObject("Object Repository/Change Email/Page_TEST CHANNEL - TEAM NAME Mattermost/span_Edit")): Object: 'Object Repository/Change Email/Page_TEST CHANNEL - TEAM NAME Mattermost/span_Edit' is clicked on

2021-05-30 10:35:33 - [MESSAGE][PASSED] - Object: 'Object Repository/Change Email/Page_TEST CHANNEL - TEAM NAME Mattermost/span_Edit' is clicked on

2021-05-30 10:35:33 - [TEST_STEP][PASSED] - setText(findTestObject("Object Repository/Change Email/Page_TEST CHANNEL - TEAM NAME Mattermost/input_New Email_primaryEmail"), findTestData("Data CSV/Email").getValue(1, rowNum)): Text 'minhvu@gmail.com' is set on object 'Object Repository/Change Email/Page_TEST CHANNEL - TEAM NAME Mattermost/input_New Email_primaryEmail'

2021-05-30 10:35:34 - [MESSAGE][PASSED] - Text 'minhvu@gmail.com' is set on object 'Object Repository/Change Email/Page_TEST CHANNEL - TEAM NAME Mattermost/input_New Email_primaryEmail'

2021-05-30 10:35:34 - [TEST_STEP][PASSED] - setText(findTestObject("Object Repository/Change Email/Page_TEST CHANNEL - TEAM NAME Mattermost/input_Confirm Email_confirmEmail"), findTestData("Data CSV/Email").getValue(1, rowNum)): Text 'minhvu@gmail.com' is set on object 'Object Repository/Change Email/Page_TEST CHANNEL - TEAM NAME Mattermost/input_Confirm Email_confirmEmail'

2021-05-30 10:35:35 - [MESSAGE][PASSED] - Text 'minhvu@gmail.com' is set on object 'Object Repository/Change Email/Page_TEST CHANNEL - TEAM NAME Mattermost/input_Confirm Email_confirmEmail'

2021-05-30 10:35:35 - [TEST_STEP][PASSED] - setText(findTestObject("Object Repository/Change Email/Page_TEST CHANNEL - TEAM NAME Mattermost/input_Current Password_currentPassword"), "Tung@123456"): Text 'Tung@123456' is set on object 'Object Repository/Change Email/Page_TEST CHANNEL - TEAM NAME Mattermost/input_Current Password_currentPassword'

2021-05-30 10:35:35 - [MESSAGE][PASSED] - Text 'Tung@123456' is set on object 'Object Repository/Change Email/Page_TEST CHANNEL - TEAM NAME Mattermost/input_Current Password_currentPassword'

2021-05-30 10:35:35 - [TEST_STEP][PASSED] - click(findTestObject("Object Repository/Change Email/Page_TEST CHANNEL - TEAM NAME Mattermost/button_Save")): Object: 'Object Repository/Change Email/Page_TEST CHANNEL - TEAM NAME Mattermost/button_Save' is clicked on

2021-05-30 10:35:36 - [MESSAGE][PASSED] - Object: 'Object Repository/Change Email/Page_TEST CHANNEL - TEAM NAME Mattermost/button_Save' is clicked on

2021-05-30 10:35:36 - [TEST_STEP][PASSED] - click(findTestObject("Object Repository/Change Email/Page_TEST CHANNEL - TEAM NAME Mattermost/span_")): Object: 'Object Repository/Change Email/Page_TEST CHANNEL - TEAM NAME Mattermost/span_' is clicked on

2021-05-30 10:35:37 - [MESSAGE][PASSED] - Object: 'Object Repository/Change Email/Page_TEST CHANNEL - TEAM NAME Mattermost/span_' is clicked on

2021-05-30 10:35:37 - [TEST_STEP][PASSED] - click(findTestObject("Object Repository/Change Email/Page_TEST CHANNEL - TEAM NAME Mattermost/button_nguyenvanb_style--none sidebar-heade_3f663e")): Object: 'Object Repository/Change Email/Page_TEST CHANNEL - TEAM NAME Mattermost/button_nguyenvanb_style--none sidebar-heade_3f663e' is clicked on

2021-05-30 10:35:37 - [MESSAGE][PASSED] - Object: 'Object Repository/Change Email/Page_TEST CHANNEL - TEAM NAME Mattermost/button_nguyenvanb_style--none sidebar-heade_3f663e' is clicked on

2021-05-30 10:35:37 - [TEST_STEP][PASSED] - click(findTestObject("Object Repository/Change Email/Page_TEST CHANNEL - TEAM NAME Mattermost/button_Account Settings")): Object: 'Object Repository/Change Email/Page_TEST CHANNEL - TEAM NAME Mattermost/button_Account Settings' is clicked on

2021-05-30 10:35:37 - [MESSAGE][PASSED] - Object: 'Object Repository/Change Email/Page_TEST CHANNEL - TEAM NAME Mattermost/button_Account Settings' is clicked on

2021-05-30 10:35:37 - [TEST_STEP][PASSED] - click(findTestObject("Object Repository/Change Email/Page_TEST CHANNEL - TEAM NAME Mattermost/span_Edit")): Object: 'Object Repository/Change Email/Page_TEST CHANNEL - TEAM NAME Mattermost/span_Edit' is clicked on

2021-05-30 10:35:38 - [MESSAGE][PASSED] - Object: 'Object Repository/Change Email/Page_TEST CHANNEL - TEAM NAME Mattermost/span_Edit' is clicked on

2021-05-30 10:35:38 - [TEST_STEP][PASSED] - setText(findTestObject("Object Repository/Change Email/Page_TEST CHANNEL - TEAM NAME Mattermost/input_New Email_primaryEmail"), findTestData("Data CSV/Email").getValue(1, rowNum)): Text 'chudenangcao@gmail.com' is set on object 'Object Repository/Change Email/Page_TEST CHANNEL - TEAM NAME Mattermost/input_New Email_primaryEmail'

2021-05-30 10:35:39 - [MESSAGE][PASSED] - Text 'chudenangcao@gmail.com' is set on object 'Object Repository/Change Email/Page_TEST CHANNEL - TEAM NAME Mattermost/input_New Email_primaryEmail'

2021-05-30 10:35:39 - [TEST_STEP][PASSED] - setText(findTestObject("Object Repository/Change Email/Page_TEST CHANNEL - TEAM NAME Mattermost/input_Confirm Email_confirmEmail"), findTestData("Data CSV/Email").getValue(1, rowNum)): Text 'chudenangcao@gmail.com' is set on object 'Object Repository/Change Email/Page_TEST CHANNEL - TEAM NAME Mattermost/input_Confirm Email_confirmEmail'

2021-05-30 10:35:39 - [MESSAGE][PASSED] - Text 'chudenangcao@gmail.com' is set on object 'Object Repository/Change Email/Page_TEST CHANNEL - TEAM NAME Mattermost/input_Confirm Email_confirmEmail'

2021-05-30 10:35:39 - [TEST_STEP][PASSED] - setText(findTestObject("Object Repository/Change Email/Page_TEST CHANNEL - TEAM NAME Mattermost/input_Current Password_currentPassword"), "Tung@123456"): Text 'Tung@123456' is set on object 'Object Repository/Change Email/Page_TEST CHANNEL - TEAM NAME Mattermost/input_Current Password_currentPassword'

2021-05-30 10:35:40 - [MESSAGE][PASSED] - Text 'Tung@123456' is set on object 'Object Repository/Change Email/Page_TEST CHANNEL - TEAM NAME Mattermost/input_Current Password_currentPassword'

2021-05-30 10:35:40 - [TEST_STEP][PASSED] - click(findTestObject("Object Repository/Change Email/Page_TEST CHANNEL - TEAM NAME Mattermost/button_Save")): Object: 'Object Repository/Change Email/Page_TEST CHANNEL - TEAM NAME Mattermost/button_Save' is clicked on

2021-05-30 10:35:40 - [MESSAGE][PASSED] - Object: 'Object Repository/Change Email/Page_TEST CHANNEL - TEAM NAME Mattermost/button_Save' is clicked on

2021-05-30 10:35:40 - [TEST_STEP][PASSED] - click(findTestObject("Object Repository/Change Email/Page_TEST CHANNEL - TEAM NAME Mattermost/span_")): Object: 'Object Repository/Change Email/Page_TEST CHANNEL - TEAM NAME Mattermost/span_' is clicked on

2021-05-30 10:35:41 - [MESSAGE][PASSED] - Object: 'Object Repository/Change Email/Page_TEST CHANNEL - TEAM NAME Mattermost/span_' is clicked on

2021-05-30 10:35:41 - [TEST_STEP][PASSED] - closeBrowser(): Browser is closed

2021-05-30 10:35:42 - [MESSAGE][PASSED] - Browser is closed]]></system-out>
         <system-err><![CDATA[]]></system-err>
      </testcase>
      <testcase name="Test Cases/Data CSV Test Case/LoginWrongEmail" time="15.473" classname="Test Cases/Data CSV Test Case/LoginWrongEmail" status="PASSED">
         <system-out><![CDATA[2021-05-30 10:35:42 - [TEST_CASE][PASSED] - Test Cases/Data CSV Test Case/LoginWrongEmail: Test Cases/Data CSV Test Case/LoginWrongEmail

2021-05-30 10:35:42 - [TEST_STEP][PASSED] - openBrowser(""): Browser is opened with url: ''

2021-05-30 10:35:42 - [MESSAGE][INFO] - Starting 'Chrome' driver

2021-05-30 10:35:42 - [MESSAGE][INFO] - Action delay is set to 0 milliseconds

2021-05-30 10:35:43 - [MESSAGE][PASSED] - Browser is opened with url: ''

2021-05-30 10:35:43 - [TEST_STEP][PASSED] - navigateToUrl("https://chudenangcao2021.cf/"): Navigate to 'https://chudenangcao2021.cf/' successfully

2021-05-30 10:35:44 - [MESSAGE][PASSED] - Navigate to 'https://chudenangcao2021.cf/' successfully

2021-05-30 10:35:44 - [TEST_STEP][PASSED] - for ([rowNum = 1, rowNum <= findTestData("Data CSV/Wrong Email").getRowNumbers(), (rowNum++)]): Object 'Object Repository/Wrong Password/Page_Mattermost/label_Enter a valid email or username andor_ef8acb' is present

2021-05-30 10:35:44 - [TEST_STEP][PASSED] - setText(findTestObject("Object Repository/Wrong Password/Page_Mattermost/input_All team communication in one place, _dcc84b"), findTestData("Data CSV/Wrong Email").getValue(1, rowNum)): Text 'thanhtung@gmail.com' is set on object 'Object Repository/Wrong Password/Page_Mattermost/input_All team communication in one place, _dcc84b'

2021-05-30 10:35:45 - [MESSAGE][PASSED] - Text 'thanhtung@gmail.com' is set on object 'Object Repository/Wrong Password/Page_Mattermost/input_All team communication in one place, _dcc84b'

2021-05-30 10:35:45 - [TEST_STEP][PASSED] - setText(findTestObject("Object Repository/Wrong Password/Page_Mattermost/input_All team communication in one place, _a3edc6"), "Tung@123456"): Text 'Tung@123456' is set on object 'Object Repository/Wrong Password/Page_Mattermost/input_All team communication in one place, _a3edc6'

2021-05-30 10:35:46 - [MESSAGE][PASSED] - Text 'Tung@123456' is set on object 'Object Repository/Wrong Password/Page_Mattermost/input_All team communication in one place, _a3edc6'

2021-05-30 10:35:46 - [TEST_STEP][PASSED] - click(findTestObject("Object Repository/Wrong Password/Page_Mattermost/button_Sign in")): Object: 'Object Repository/Wrong Password/Page_Mattermost/button_Sign in' is clicked on

2021-05-30 10:35:47 - [MESSAGE][PASSED] - Object: 'Object Repository/Wrong Password/Page_Mattermost/button_Sign in' is clicked on

2021-05-30 10:35:47 - [TEST_STEP][PASSED] - verifyElementPresent(findTestObject("Object Repository/Wrong Password/Page_Mattermost/label_Enter a valid email or username andor_ef8acb"), 0): Object 'Object Repository/Wrong Password/Page_Mattermost/label_Enter a valid email or username andor_ef8acb' is present

2021-05-30 10:35:47 - [MESSAGE][WARNING] - Timeout '0' is invalid. Using default page load timeout: '30'

2021-05-30 10:35:47 - [MESSAGE][PASSED] - Object 'Object Repository/Wrong Password/Page_Mattermost/label_Enter a valid email or username andor_ef8acb' is present

2021-05-30 10:35:47 - [TEST_STEP][PASSED] - setText(findTestObject("Object Repository/Wrong Password/Page_Mattermost/input_All team communication in one place, _dcc84b"), findTestData("Data CSV/Wrong Email").getValue(1, rowNum)): Text 'thotuan@gmail.com' is set on object 'Object Repository/Wrong Password/Page_Mattermost/input_All team communication in one place, _dcc84b'

2021-05-30 10:35:48 - [MESSAGE][PASSED] - Text 'thotuan@gmail.com' is set on object 'Object Repository/Wrong Password/Page_Mattermost/input_All team communication in one place, _dcc84b'

2021-05-30 10:35:48 - [TEST_STEP][PASSED] - setText(findTestObject("Object Repository/Wrong Password/Page_Mattermost/input_All team communication in one place, _a3edc6"), "Tung@123456"): Text 'Tung@123456' is set on object 'Object Repository/Wrong Password/Page_Mattermost/input_All team communication in one place, _a3edc6'

2021-05-30 10:35:49 - [MESSAGE][PASSED] - Text 'Tung@123456' is set on object 'Object Repository/Wrong Password/Page_Mattermost/input_All team communication in one place, _a3edc6'

2021-05-30 10:35:49 - [TEST_STEP][PASSED] - click(findTestObject("Object Repository/Wrong Password/Page_Mattermost/button_Sign in")): Object: 'Object Repository/Wrong Password/Page_Mattermost/button_Sign in' is clicked on

2021-05-30 10:35:49 - [MESSAGE][PASSED] - Object: 'Object Repository/Wrong Password/Page_Mattermost/button_Sign in' is clicked on

2021-05-30 10:35:49 - [TEST_STEP][PASSED] - verifyElementPresent(findTestObject("Object Repository/Wrong Password/Page_Mattermost/label_Enter a valid email or username andor_ef8acb"), 0): Object 'Object Repository/Wrong Password/Page_Mattermost/label_Enter a valid email or username andor_ef8acb' is present

2021-05-30 10:35:49 - [MESSAGE][WARNING] - Timeout '0' is invalid. Using default page load timeout: '30'

2021-05-30 10:35:50 - [MESSAGE][PASSED] - Object 'Object Repository/Wrong Password/Page_Mattermost/label_Enter a valid email or username andor_ef8acb' is present

2021-05-30 10:35:50 - [TEST_STEP][PASSED] - setText(findTestObject("Object Repository/Wrong Password/Page_Mattermost/input_All team communication in one place, _dcc84b"), findTestData("Data CSV/Wrong Email").getValue(1, rowNum)): Text 'xuantuan@gmail.com' is set on object 'Object Repository/Wrong Password/Page_Mattermost/input_All team communication in one place, _dcc84b'

2021-05-30 10:35:50 - [MESSAGE][PASSED] - Text 'xuantuan@gmail.com' is set on object 'Object Repository/Wrong Password/Page_Mattermost/input_All team communication in one place, _dcc84b'

2021-05-30 10:35:50 - [TEST_STEP][PASSED] - setText(findTestObject("Object Repository/Wrong Password/Page_Mattermost/input_All team communication in one place, _a3edc6"), "Tung@123456"): Text 'Tung@123456' is set on object 'Object Repository/Wrong Password/Page_Mattermost/input_All team communication in one place, _a3edc6'

2021-05-30 10:35:51 - [MESSAGE][PASSED] - Text 'Tung@123456' is set on object 'Object Repository/Wrong Password/Page_Mattermost/input_All team communication in one place, _a3edc6'

2021-05-30 10:35:51 - [TEST_STEP][PASSED] - click(findTestObject("Object Repository/Wrong Password/Page_Mattermost/button_Sign in")): Object: 'Object Repository/Wrong Password/Page_Mattermost/button_Sign in' is clicked on

2021-05-30 10:35:51 - [MESSAGE][PASSED] - Object: 'Object Repository/Wrong Password/Page_Mattermost/button_Sign in' is clicked on

2021-05-30 10:35:51 - [TEST_STEP][PASSED] - verifyElementPresent(findTestObject("Object Repository/Wrong Password/Page_Mattermost/label_Enter a valid email or username andor_ef8acb"), 0): Object 'Object Repository/Wrong Password/Page_Mattermost/label_Enter a valid email or username andor_ef8acb' is present

2021-05-30 10:35:51 - [MESSAGE][WARNING] - Timeout '0' is invalid. Using default page load timeout: '30'

2021-05-30 10:35:52 - [MESSAGE][PASSED] - Object 'Object Repository/Wrong Password/Page_Mattermost/label_Enter a valid email or username andor_ef8acb' is present

2021-05-30 10:35:52 - [TEST_STEP][PASSED] - setText(findTestObject("Object Repository/Wrong Password/Page_Mattermost/input_All team communication in one place, _dcc84b"), findTestData("Data CSV/Wrong Email").getValue(1, rowNum)): Text 'minhvu@gmail.com' is set on object 'Object Repository/Wrong Password/Page_Mattermost/input_All team communication in one place, _dcc84b'

2021-05-30 10:35:52 - [MESSAGE][PASSED] - Text 'minhvu@gmail.com' is set on object 'Object Repository/Wrong Password/Page_Mattermost/input_All team communication in one place, _dcc84b'

2021-05-30 10:35:52 - [TEST_STEP][PASSED] - setText(findTestObject("Object Repository/Wrong Password/Page_Mattermost/input_All team communication in one place, _a3edc6"), "Tung@123456"): Text 'Tung@123456' is set on object 'Object Repository/Wrong Password/Page_Mattermost/input_All team communication in one place, _a3edc6'

2021-05-30 10:35:53 - [MESSAGE][PASSED] - Text 'Tung@123456' is set on object 'Object Repository/Wrong Password/Page_Mattermost/input_All team communication in one place, _a3edc6'

2021-05-30 10:35:53 - [TEST_STEP][PASSED] - click(findTestObject("Object Repository/Wrong Password/Page_Mattermost/button_Sign in")): Object: 'Object Repository/Wrong Password/Page_Mattermost/button_Sign in' is clicked on

2021-05-30 10:35:54 - [MESSAGE][PASSED] - Object: 'Object Repository/Wrong Password/Page_Mattermost/button_Sign in' is clicked on

2021-05-30 10:35:54 - [TEST_STEP][PASSED] - verifyElementPresent(findTestObject("Object Repository/Wrong Password/Page_Mattermost/label_Enter a valid email or username andor_ef8acb"), 0): Object 'Object Repository/Wrong Password/Page_Mattermost/label_Enter a valid email or username andor_ef8acb' is present

2021-05-30 10:35:54 - [MESSAGE][WARNING] - Timeout '0' is invalid. Using default page load timeout: '30'

2021-05-30 10:35:54 - [MESSAGE][PASSED] - Object 'Object Repository/Wrong Password/Page_Mattermost/label_Enter a valid email or username andor_ef8acb' is present

2021-05-30 10:35:54 - [TEST_STEP][PASSED] - setText(findTestObject("Object Repository/Wrong Password/Page_Mattermost/input_All team communication in one place, _dcc84b"), findTestData("Data CSV/Wrong Email").getValue(1, rowNum)): Text 'dacnpm@gmail.com' is set on object 'Object Repository/Wrong Password/Page_Mattermost/input_All team communication in one place, _dcc84b'

2021-05-30 10:35:55 - [MESSAGE][PASSED] - Text 'dacnpm@gmail.com' is set on object 'Object Repository/Wrong Password/Page_Mattermost/input_All team communication in one place, _dcc84b'

2021-05-30 10:35:55 - [TEST_STEP][PASSED] - setText(findTestObject("Object Repository/Wrong Password/Page_Mattermost/input_All team communication in one place, _a3edc6"), "Tung@123456"): Text 'Tung@123456' is set on object 'Object Repository/Wrong Password/Page_Mattermost/input_All team communication in one place, _a3edc6'

2021-05-30 10:35:56 - [MESSAGE][PASSED] - Text 'Tung@123456' is set on object 'Object Repository/Wrong Password/Page_Mattermost/input_All team communication in one place, _a3edc6'

2021-05-30 10:35:56 - [TEST_STEP][PASSED] - click(findTestObject("Object Repository/Wrong Password/Page_Mattermost/button_Sign in")): Object: 'Object Repository/Wrong Password/Page_Mattermost/button_Sign in' is clicked on

2021-05-30 10:35:56 - [MESSAGE][PASSED] - Object: 'Object Repository/Wrong Password/Page_Mattermost/button_Sign in' is clicked on

2021-05-30 10:35:56 - [TEST_STEP][PASSED] - verifyElementPresent(findTestObject("Object Repository/Wrong Password/Page_Mattermost/label_Enter a valid email or username andor_ef8acb"), 0): Object 'Object Repository/Wrong Password/Page_Mattermost/label_Enter a valid email or username andor_ef8acb' is present

2021-05-30 10:35:56 - [MESSAGE][WARNING] - Timeout '0' is invalid. Using default page load timeout: '30'

2021-05-30 10:35:57 - [MESSAGE][PASSED] - Object 'Object Repository/Wrong Password/Page_Mattermost/label_Enter a valid email or username andor_ef8acb' is present

2021-05-30 10:35:57 - [TEST_STEP][PASSED] - closeBrowser(): Browser is closed

2021-05-30 10:35:57 - [MESSAGE][PASSED] - Browser is closed]]></system-out>
         <system-err><![CDATA[]]></system-err>
      </testcase>
      <testcase name="Test Cases/Data CSV Test Case/LoginWrongPassword" time="15.905" classname="Test Cases/Data CSV Test Case/LoginWrongPassword" status="PASSED">
         <system-out><![CDATA[2021-05-30 10:35:57 - [TEST_CASE][PASSED] - Test Cases/Data CSV Test Case/LoginWrongPassword: Test Cases/Data CSV Test Case/LoginWrongPassword

2021-05-30 10:35:58 - [TEST_STEP][PASSED] - openBrowser(""): Browser is opened with url: ''

2021-05-30 10:35:58 - [MESSAGE][INFO] - Starting 'Chrome' driver

2021-05-30 10:35:58 - [MESSAGE][INFO] - Action delay is set to 0 milliseconds

2021-05-30 10:35:59 - [MESSAGE][PASSED] - Browser is opened with url: ''

2021-05-30 10:35:59 - [TEST_STEP][PASSED] - navigateToUrl("https://chudenangcao2021.cf/"): Navigate to 'https://chudenangcao2021.cf/' successfully

2021-05-30 10:35:59 - [MESSAGE][PASSED] - Navigate to 'https://chudenangcao2021.cf/' successfully

2021-05-30 10:35:59 - [TEST_STEP][PASSED] - for ([rowNum = 1, rowNum <= findTestData("Data CSV/Wrong Password").getRowNumbers(), (rowNum++)]): Object 'Object Repository/Wrong Password/Page_Mattermost/label_Enter a valid email or username andor_ef8acb' is present

2021-05-30 10:35:59 - [TEST_STEP][PASSED] - setText(findTestObject("Object Repository/Wrong Password/Page_Mattermost/input_All team communication in one place, _dcc84b"), "nguyenvana"): Text 'nguyenvana' is set on object 'Object Repository/Wrong Password/Page_Mattermost/input_All team communication in one place, _dcc84b'

2021-05-30 10:36:01 - [MESSAGE][PASSED] - Text 'nguyenvana' is set on object 'Object Repository/Wrong Password/Page_Mattermost/input_All team communication in one place, _dcc84b'

2021-05-30 10:36:01 - [TEST_STEP][PASSED] - setText(findTestObject("Object Repository/Wrong Password/Page_Mattermost/input_All team communication in one place, _a3edc6"), findTestData("Data CSV/Wrong Password").getValue(1, rowNum)): Text '123456' is set on object 'Object Repository/Wrong Password/Page_Mattermost/input_All team communication in one place, _a3edc6'

2021-05-30 10:36:02 - [MESSAGE][PASSED] - Text '123456' is set on object 'Object Repository/Wrong Password/Page_Mattermost/input_All team communication in one place, _a3edc6'

2021-05-30 10:36:02 - [TEST_STEP][PASSED] - click(findTestObject("Object Repository/Wrong Password/Page_Mattermost/button_Sign in")): Object: 'Object Repository/Wrong Password/Page_Mattermost/button_Sign in' is clicked on

2021-05-30 10:36:02 - [MESSAGE][PASSED] - Object: 'Object Repository/Wrong Password/Page_Mattermost/button_Sign in' is clicked on

2021-05-30 10:36:02 - [TEST_STEP][PASSED] - verifyElementPresent(findTestObject("Object Repository/Wrong Password/Page_Mattermost/label_Enter a valid email or username andor_ef8acb"), 0): Object 'Object Repository/Wrong Password/Page_Mattermost/label_Enter a valid email or username andor_ef8acb' is present

2021-05-30 10:36:02 - [MESSAGE][WARNING] - Timeout '0' is invalid. Using default page load timeout: '30'

2021-05-30 10:36:03 - [MESSAGE][PASSED] - Object 'Object Repository/Wrong Password/Page_Mattermost/label_Enter a valid email or username andor_ef8acb' is present

2021-05-30 10:36:03 - [TEST_STEP][PASSED] - setText(findTestObject("Object Repository/Wrong Password/Page_Mattermost/input_All team communication in one place, _dcc84b"), "nguyenvana"): Text 'nguyenvana' is set on object 'Object Repository/Wrong Password/Page_Mattermost/input_All team communication in one place, _dcc84b'

2021-05-30 10:36:03 - [MESSAGE][PASSED] - Text 'nguyenvana' is set on object 'Object Repository/Wrong Password/Page_Mattermost/input_All team communication in one place, _dcc84b'

2021-05-30 10:36:03 - [TEST_STEP][PASSED] - setText(findTestObject("Object Repository/Wrong Password/Page_Mattermost/input_All team communication in one place, _a3edc6"), findTestData("Data CSV/Wrong Password").getValue(1, rowNum)): Text 'minhvu12' is set on object 'Object Repository/Wrong Password/Page_Mattermost/input_All team communication in one place, _a3edc6'

2021-05-30 10:36:04 - [MESSAGE][PASSED] - Text 'minhvu12' is set on object 'Object Repository/Wrong Password/Page_Mattermost/input_All team communication in one place, _a3edc6'

2021-05-30 10:36:04 - [TEST_STEP][PASSED] - click(findTestObject("Object Repository/Wrong Password/Page_Mattermost/button_Sign in")): Object: 'Object Repository/Wrong Password/Page_Mattermost/button_Sign in' is clicked on

2021-05-30 10:36:05 - [MESSAGE][PASSED] - Object: 'Object Repository/Wrong Password/Page_Mattermost/button_Sign in' is clicked on

2021-05-30 10:36:05 - [TEST_STEP][PASSED] - verifyElementPresent(findTestObject("Object Repository/Wrong Password/Page_Mattermost/label_Enter a valid email or username andor_ef8acb"), 0): Object 'Object Repository/Wrong Password/Page_Mattermost/label_Enter a valid email or username andor_ef8acb' is present

2021-05-30 10:36:05 - [MESSAGE][WARNING] - Timeout '0' is invalid. Using default page load timeout: '30'

2021-05-30 10:36:05 - [MESSAGE][PASSED] - Object 'Object Repository/Wrong Password/Page_Mattermost/label_Enter a valid email or username andor_ef8acb' is present

2021-05-30 10:36:05 - [TEST_STEP][PASSED] - setText(findTestObject("Object Repository/Wrong Password/Page_Mattermost/input_All team communication in one place, _dcc84b"), "nguyenvana"): Text 'nguyenvana' is set on object 'Object Repository/Wrong Password/Page_Mattermost/input_All team communication in one place, _dcc84b'

2021-05-30 10:36:06 - [MESSAGE][PASSED] - Text 'nguyenvana' is set on object 'Object Repository/Wrong Password/Page_Mattermost/input_All team communication in one place, _dcc84b'

2021-05-30 10:36:06 - [TEST_STEP][PASSED] - setText(findTestObject("Object Repository/Wrong Password/Page_Mattermost/input_All team communication in one place, _a3edc6"), findTestData("Data CSV/Wrong Password").getValue(1, rowNum)): Text 'thanhtung' is set on object 'Object Repository/Wrong Password/Page_Mattermost/input_All team communication in one place, _a3edc6'

2021-05-30 10:36:06 - [MESSAGE][PASSED] - Text 'thanhtung' is set on object 'Object Repository/Wrong Password/Page_Mattermost/input_All team communication in one place, _a3edc6'

2021-05-30 10:36:06 - [TEST_STEP][PASSED] - click(findTestObject("Object Repository/Wrong Password/Page_Mattermost/button_Sign in")): Object: 'Object Repository/Wrong Password/Page_Mattermost/button_Sign in' is clicked on

2021-05-30 10:36:07 - [MESSAGE][PASSED] - Object: 'Object Repository/Wrong Password/Page_Mattermost/button_Sign in' is clicked on

2021-05-30 10:36:07 - [TEST_STEP][PASSED] - verifyElementPresent(findTestObject("Object Repository/Wrong Password/Page_Mattermost/label_Enter a valid email or username andor_ef8acb"), 0): Object 'Object Repository/Wrong Password/Page_Mattermost/label_Enter a valid email or username andor_ef8acb' is present

2021-05-30 10:36:07 - [MESSAGE][WARNING] - Timeout '0' is invalid. Using default page load timeout: '30'

2021-05-30 10:36:08 - [MESSAGE][PASSED] - Object 'Object Repository/Wrong Password/Page_Mattermost/label_Enter a valid email or username andor_ef8acb' is present

2021-05-30 10:36:08 - [TEST_STEP][PASSED] - setText(findTestObject("Object Repository/Wrong Password/Page_Mattermost/input_All team communication in one place, _dcc84b"), "nguyenvana"): Text 'nguyenvana' is set on object 'Object Repository/Wrong Password/Page_Mattermost/input_All team communication in one place, _dcc84b'

2021-05-30 10:36:08 - [MESSAGE][PASSED] - Text 'nguyenvana' is set on object 'Object Repository/Wrong Password/Page_Mattermost/input_All team communication in one place, _dcc84b'

2021-05-30 10:36:08 - [TEST_STEP][PASSED] - setText(findTestObject("Object Repository/Wrong Password/Page_Mattermost/input_All team communication in one place, _a3edc6"), findTestData("Data CSV/Wrong Password").getValue(1, rowNum)): Text 'tuan456' is set on object 'Object Repository/Wrong Password/Page_Mattermost/input_All team communication in one place, _a3edc6'

2021-05-30 10:36:09 - [MESSAGE][PASSED] - Text 'tuan456' is set on object 'Object Repository/Wrong Password/Page_Mattermost/input_All team communication in one place, _a3edc6'

2021-05-30 10:36:09 - [TEST_STEP][PASSED] - click(findTestObject("Object Repository/Wrong Password/Page_Mattermost/button_Sign in")): Object: 'Object Repository/Wrong Password/Page_Mattermost/button_Sign in' is clicked on

2021-05-30 10:36:09 - [MESSAGE][PASSED] - Object: 'Object Repository/Wrong Password/Page_Mattermost/button_Sign in' is clicked on

2021-05-30 10:36:09 - [TEST_STEP][PASSED] - verifyElementPresent(findTestObject("Object Repository/Wrong Password/Page_Mattermost/label_Enter a valid email or username andor_ef8acb"), 0): Object 'Object Repository/Wrong Password/Page_Mattermost/label_Enter a valid email or username andor_ef8acb' is present

2021-05-30 10:36:09 - [MESSAGE][WARNING] - Timeout '0' is invalid. Using default page load timeout: '30'

2021-05-30 10:36:10 - [MESSAGE][PASSED] - Object 'Object Repository/Wrong Password/Page_Mattermost/label_Enter a valid email or username andor_ef8acb' is present

2021-05-30 10:36:10 - [TEST_STEP][PASSED] - setText(findTestObject("Object Repository/Wrong Password/Page_Mattermost/input_All team communication in one place, _dcc84b"), "nguyenvana"): Text 'nguyenvana' is set on object 'Object Repository/Wrong Password/Page_Mattermost/input_All team communication in one place, _dcc84b'

2021-05-30 10:36:11 - [MESSAGE][PASSED] - Text 'nguyenvana' is set on object 'Object Repository/Wrong Password/Page_Mattermost/input_All team communication in one place, _dcc84b'

2021-05-30 10:36:11 - [TEST_STEP][PASSED] - setText(findTestObject("Object Repository/Wrong Password/Page_Mattermost/input_All team communication in one place, _a3edc6"), findTestData("Data CSV/Wrong Password").getValue(1, rowNum)): Text 'ttuan5689' is set on object 'Object Repository/Wrong Password/Page_Mattermost/input_All team communication in one place, _a3edc6'

2021-05-30 10:36:11 - [MESSAGE][PASSED] - Text 'ttuan5689' is set on object 'Object Repository/Wrong Password/Page_Mattermost/input_All team communication in one place, _a3edc6'

2021-05-30 10:36:11 - [TEST_STEP][PASSED] - click(findTestObject("Object Repository/Wrong Password/Page_Mattermost/button_Sign in")): Object: 'Object Repository/Wrong Password/Page_Mattermost/button_Sign in' is clicked on

2021-05-30 10:36:12 - [MESSAGE][PASSED] - Object: 'Object Repository/Wrong Password/Page_Mattermost/button_Sign in' is clicked on

2021-05-30 10:36:12 - [TEST_STEP][PASSED] - verifyElementPresent(findTestObject("Object Repository/Wrong Password/Page_Mattermost/label_Enter a valid email or username andor_ef8acb"), 0): Object 'Object Repository/Wrong Password/Page_Mattermost/label_Enter a valid email or username andor_ef8acb' is present

2021-05-30 10:36:12 - [MESSAGE][WARNING] - Timeout '0' is invalid. Using default page load timeout: '30'

2021-05-30 10:36:12 - [MESSAGE][PASSED] - Object 'Object Repository/Wrong Password/Page_Mattermost/label_Enter a valid email or username andor_ef8acb' is present

2021-05-30 10:36:12 - [TEST_STEP][PASSED] - closeBrowser(): Browser is closed

2021-05-30 10:36:13 - [MESSAGE][PASSED] - Browser is closed]]></system-out>
         <system-err><![CDATA[]]></system-err>
      </testcase>
      <testcase name="Test Cases/Data CSV Test Case/SearchMember" time="19.09" classname="Test Cases/Data CSV Test Case/SearchMember" status="PASSED">
         <system-out><![CDATA[2021-05-30 10:36:13 - [TEST_CASE][PASSED] - Test Cases/Data CSV Test Case/SearchMember: Test Cases/Data CSV Test Case/SearchMember

2021-05-30 10:36:13 - [TEST_STEP][PASSED] - callTestCase(findTestCase("Internal Test Cases/Successful Login"), ["Username":"", "Password":""], STOP_ON_FAILURE): Call Test Case 'Test Cases/Internal Test Cases/Successful Login' successfully

2021-05-30 10:36:14 - [TEST_CASE][PASSED] - Test Cases/Internal Test Cases/Successful Login: Test Cases/Internal Test Cases/Successful Login

2021-05-30 10:36:14 - [TEST_STEP][PASSED] - openBrowser(""): Browser is opened with url: ''

2021-05-30 10:36:14 - [MESSAGE][INFO] - Starting 'Chrome' driver

2021-05-30 10:36:14 - [MESSAGE][INFO] - Action delay is set to 0 milliseconds

2021-05-30 10:36:15 - [MESSAGE][PASSED] - Browser is opened with url: ''

2021-05-30 10:36:15 - [TEST_STEP][PASSED] - navigateToUrl("https://chudenangcao2021.cf/"): Navigate to 'https://chudenangcao2021.cf/' successfully

2021-05-30 10:36:15 - [MESSAGE][PASSED] - Navigate to 'https://chudenangcao2021.cf/' successfully

2021-05-30 10:36:15 - [TEST_STEP][PASSED] - setText(findTestObject("Object Repository/Page_Mattermost/input_All team communication in one place, _dcc84b"), findTestData("Internal/Internal Login Data").getValue(1, 1)): Text 'nguyenvanb' is set on object 'Object Repository/Page_Mattermost/input_All team communication in one place, _dcc84b'

2021-05-30 10:36:17 - [MESSAGE][PASSED] - Text 'nguyenvanb' is set on object 'Object Repository/Page_Mattermost/input_All team communication in one place, _dcc84b'

2021-05-30 10:36:17 - [TEST_STEP][PASSED] - setEncryptedText(findTestObject("Object Repository/Page_Mattermost/input_All team communication in one place, _a3edc6"), findTestData("Internal/Internal Login Data").getValue(2, 1)): Text ****** has been set on object 'Object Repository/Page_Mattermost/input_All team communication in one place, _a3edc6'

2021-05-30 10:36:17 - [MESSAGE][PASSED] - Text ****** has been set on object 'Object Repository/Page_Mattermost/input_All team communication in one place, _a3edc6'

2021-05-30 10:36:17 - [TEST_STEP][PASSED] - click(findTestObject("Object Repository/Page_Mattermost/button_Sign in")): Object: 'Object Repository/Page_Mattermost/button_Sign in' is clicked on

2021-05-30 10:36:18 - [MESSAGE][PASSED] - Object: 'Object Repository/Page_Mattermost/button_Sign in' is clicked on

2021-05-30 10:36:18 - [TEST_STEP][PASSED] - verifyLinksAccessible(["https://chudenangcao2021.cf/cdnc-cnpm-2021/channels"]): All links are accessible

2021-05-30 10:36:18 - [MESSAGE][INFO] - HAR: C:\Users\nttuan\Downloads\CDNC\mattermost-testing\Reports\20210530_102014\Run all test cases\20210530_102015\requests\main\50.har

2021-05-30 10:36:18 - [MESSAGE][PASSED] - Send request successfully

2021-05-30 10:36:18 - [MESSAGE][PASSED] - All links are accessible

2021-05-30 10:36:18 - [MESSAGE][PASSED] - Call Test Case 'Test Cases/Internal Test Cases/Successful Login' successfully

2021-05-30 10:36:18 - [TEST_STEP][PASSED] - for ([rowNum = 1, rowNum <= findTestData("Data CSV/SearchMember").getRowNumbers(), (rowNum++)]): Object: 'Object Repository/Page_(20) span_Town Square - TEAM NAME Mattermost/span_' is clicked on

2021-05-30 10:36:18 - [TEST_STEP][PASSED] - click(findTestObject("Object Repository/Page_(20) span_Town Square - TEAM NAME Mattermost/span_span_Town Square")): Object: 'Object Repository/Page_(20) span_Town Square - TEAM NAME Mattermost/span_span_Town Square' is clicked on

2021-05-30 10:36:20 - [MESSAGE][PASSED] - Object: 'Object Repository/Page_(20) span_Town Square - TEAM NAME Mattermost/span_span_Town Square' is clicked on

2021-05-30 10:36:20 - [TEST_STEP][PASSED] - click(findTestObject("Object Repository/Page_(20) span_Town Square - TEAM NAME Mattermost/button_View Members")): Object: 'Object Repository/Page_(20) span_Town Square - TEAM NAME Mattermost/button_View Members' is clicked on

2021-05-30 10:36:20 - [MESSAGE][PASSED] - Object: 'Object Repository/Page_(20) span_Town Square - TEAM NAME Mattermost/button_View Members' is clicked on

2021-05-30 10:36:20 - [TEST_STEP][PASSED] - setText(findTestObject("Object Repository/Page_(20) span_Town Square - TEAM NAME Mattermost/input_Search users_searchUsersInput"), findTestData("Data CSV/SearchMember").getValue(1, rowNum)): Text 'cxtuan' is set on object 'Object Repository/Page_(20) span_Town Square - TEAM NAME Mattermost/input_Search users_searchUsersInput'

2021-05-30 10:36:21 - [MESSAGE][PASSED] - Text 'cxtuan' is set on object 'Object Repository/Page_(20) span_Town Square - TEAM NAME Mattermost/input_Search users_searchUsersInput'

2021-05-30 10:36:21 - [TEST_STEP][PASSED] - click(findTestObject("Object Repository/Page_(20) span_Town Square - TEAM NAME Mattermost/span_")): Object: 'Object Repository/Page_(20) span_Town Square - TEAM NAME Mattermost/span_' is clicked on

2021-05-30 10:36:22 - [MESSAGE][PASSED] - Object: 'Object Repository/Page_(20) span_Town Square - TEAM NAME Mattermost/span_' is clicked on

2021-05-30 10:36:22 - [TEST_STEP][PASSED] - click(findTestObject("Object Repository/Page_(20) span_Town Square - TEAM NAME Mattermost/span_span_Town Square")): Object: 'Object Repository/Page_(20) span_Town Square - TEAM NAME Mattermost/span_span_Town Square' is clicked on

2021-05-30 10:36:22 - [MESSAGE][PASSED] - Object: 'Object Repository/Page_(20) span_Town Square - TEAM NAME Mattermost/span_span_Town Square' is clicked on

2021-05-30 10:36:22 - [TEST_STEP][PASSED] - click(findTestObject("Object Repository/Page_(20) span_Town Square - TEAM NAME Mattermost/button_View Members")): Object: 'Object Repository/Page_(20) span_Town Square - TEAM NAME Mattermost/button_View Members' is clicked on

2021-05-30 10:36:23 - [MESSAGE][PASSED] - Object: 'Object Repository/Page_(20) span_Town Square - TEAM NAME Mattermost/button_View Members' is clicked on

2021-05-30 10:36:23 - [TEST_STEP][PASSED] - setText(findTestObject("Object Repository/Page_(20) span_Town Square - TEAM NAME Mattermost/input_Search users_searchUsersInput"), findTestData("Data CSV/SearchMember").getValue(1, rowNum)): Text 'nttuan' is set on object 'Object Repository/Page_(20) span_Town Square - TEAM NAME Mattermost/input_Search users_searchUsersInput'

2021-05-30 10:36:24 - [MESSAGE][PASSED] - Text 'nttuan' is set on object 'Object Repository/Page_(20) span_Town Square - TEAM NAME Mattermost/input_Search users_searchUsersInput'

2021-05-30 10:36:24 - [TEST_STEP][PASSED] - click(findTestObject("Object Repository/Page_(20) span_Town Square - TEAM NAME Mattermost/span_")): Object: 'Object Repository/Page_(20) span_Town Square - TEAM NAME Mattermost/span_' is clicked on

2021-05-30 10:36:24 - [MESSAGE][PASSED] - Object: 'Object Repository/Page_(20) span_Town Square - TEAM NAME Mattermost/span_' is clicked on

2021-05-30 10:36:24 - [TEST_STEP][PASSED] - click(findTestObject("Object Repository/Page_(20) span_Town Square - TEAM NAME Mattermost/span_span_Town Square")): Object: 'Object Repository/Page_(20) span_Town Square - TEAM NAME Mattermost/span_span_Town Square' is clicked on

2021-05-30 10:36:25 - [MESSAGE][PASSED] - Object: 'Object Repository/Page_(20) span_Town Square - TEAM NAME Mattermost/span_span_Town Square' is clicked on

2021-05-30 10:36:25 - [TEST_STEP][PASSED] - click(findTestObject("Object Repository/Page_(20) span_Town Square - TEAM NAME Mattermost/button_View Members")): Object: 'Object Repository/Page_(20) span_Town Square - TEAM NAME Mattermost/button_View Members' is clicked on

2021-05-30 10:36:25 - [MESSAGE][PASSED] - Object: 'Object Repository/Page_(20) span_Town Square - TEAM NAME Mattermost/button_View Members' is clicked on

2021-05-30 10:36:25 - [TEST_STEP][PASSED] - setText(findTestObject("Object Repository/Page_(20) span_Town Square - TEAM NAME Mattermost/input_Search users_searchUsersInput"), findTestData("Data CSV/SearchMember").getValue(1, rowNum)): Text 'nguyenvana' is set on object 'Object Repository/Page_(20) span_Town Square - TEAM NAME Mattermost/input_Search users_searchUsersInput'

2021-05-30 10:36:26 - [MESSAGE][PASSED] - Text 'nguyenvana' is set on object 'Object Repository/Page_(20) span_Town Square - TEAM NAME Mattermost/input_Search users_searchUsersInput'

2021-05-30 10:36:26 - [TEST_STEP][PASSED] - click(findTestObject("Object Repository/Page_(20) span_Town Square - TEAM NAME Mattermost/span_")): Object: 'Object Repository/Page_(20) span_Town Square - TEAM NAME Mattermost/span_' is clicked on

2021-05-30 10:36:27 - [MESSAGE][PASSED] - Object: 'Object Repository/Page_(20) span_Town Square - TEAM NAME Mattermost/span_' is clicked on

2021-05-30 10:36:27 - [TEST_STEP][PASSED] - click(findTestObject("Object Repository/Page_(20) span_Town Square - TEAM NAME Mattermost/span_span_Town Square")): Object: 'Object Repository/Page_(20) span_Town Square - TEAM NAME Mattermost/span_span_Town Square' is clicked on

2021-05-30 10:36:27 - [MESSAGE][PASSED] - Object: 'Object Repository/Page_(20) span_Town Square - TEAM NAME Mattermost/span_span_Town Square' is clicked on

2021-05-30 10:36:27 - [TEST_STEP][PASSED] - click(findTestObject("Object Repository/Page_(20) span_Town Square - TEAM NAME Mattermost/button_View Members")): Object: 'Object Repository/Page_(20) span_Town Square - TEAM NAME Mattermost/button_View Members' is clicked on

2021-05-30 10:36:28 - [MESSAGE][PASSED] - Object: 'Object Repository/Page_(20) span_Town Square - TEAM NAME Mattermost/button_View Members' is clicked on

2021-05-30 10:36:28 - [TEST_STEP][PASSED] - setText(findTestObject("Object Repository/Page_(20) span_Town Square - TEAM NAME Mattermost/input_Search users_searchUsersInput"), findTestData("Data CSV/SearchMember").getValue(1, rowNum)): Text 'nguyenvanb' is set on object 'Object Repository/Page_(20) span_Town Square - TEAM NAME Mattermost/input_Search users_searchUsersInput'

2021-05-30 10:36:29 - [MESSAGE][PASSED] - Text 'nguyenvanb' is set on object 'Object Repository/Page_(20) span_Town Square - TEAM NAME Mattermost/input_Search users_searchUsersInput'

2021-05-30 10:36:29 - [TEST_STEP][PASSED] - click(findTestObject("Object Repository/Page_(20) span_Town Square - TEAM NAME Mattermost/span_")): Object: 'Object Repository/Page_(20) span_Town Square - TEAM NAME Mattermost/span_' is clicked on

2021-05-30 10:36:29 - [MESSAGE][PASSED] - Object: 'Object Repository/Page_(20) span_Town Square - TEAM NAME Mattermost/span_' is clicked on

2021-05-30 10:36:29 - [TEST_STEP][PASSED] - click(findTestObject("Object Repository/Page_(20) span_Town Square - TEAM NAME Mattermost/span_span_Town Square")): Object: 'Object Repository/Page_(20) span_Town Square - TEAM NAME Mattermost/span_span_Town Square' is clicked on

2021-05-30 10:36:30 - [MESSAGE][PASSED] - Object: 'Object Repository/Page_(20) span_Town Square - TEAM NAME Mattermost/span_span_Town Square' is clicked on

2021-05-30 10:36:30 - [TEST_STEP][PASSED] - click(findTestObject("Object Repository/Page_(20) span_Town Square - TEAM NAME Mattermost/button_View Members")): Object: 'Object Repository/Page_(20) span_Town Square - TEAM NAME Mattermost/button_View Members' is clicked on

2021-05-30 10:36:30 - [MESSAGE][PASSED] - Object: 'Object Repository/Page_(20) span_Town Square - TEAM NAME Mattermost/button_View Members' is clicked on

2021-05-30 10:36:30 - [TEST_STEP][PASSED] - setText(findTestObject("Object Repository/Page_(20) span_Town Square - TEAM NAME Mattermost/input_Search users_searchUsersInput"), findTestData("Data CSV/SearchMember").getValue(1, rowNum)): Text 'thanhtung' is set on object 'Object Repository/Page_(20) span_Town Square - TEAM NAME Mattermost/input_Search users_searchUsersInput'

2021-05-30 10:36:31 - [MESSAGE][PASSED] - Text 'thanhtung' is set on object 'Object Repository/Page_(20) span_Town Square - TEAM NAME Mattermost/input_Search users_searchUsersInput'

2021-05-30 10:36:31 - [TEST_STEP][PASSED] - click(findTestObject("Object Repository/Page_(20) span_Town Square - TEAM NAME Mattermost/span_")): Object: 'Object Repository/Page_(20) span_Town Square - TEAM NAME Mattermost/span_' is clicked on

2021-05-30 10:36:32 - [MESSAGE][PASSED] - Object: 'Object Repository/Page_(20) span_Town Square - TEAM NAME Mattermost/span_' is clicked on

2021-05-30 10:36:32 - [TEST_STEP][PASSED] - closeBrowser(): Browser is closed

2021-05-30 10:36:32 - [MESSAGE][PASSED] - Browser is closed]]></system-out>
         <system-err><![CDATA[]]></system-err>
      </testcase>
      <testcase name="Test Cases/Data CSV Test Case/SetStatus" time="72.581" classname="Test Cases/Data CSV Test Case/SetStatus" status="FAILED">
         <failure type="FAILED" message="Test Cases/Data CSV Test Case/SetStatus FAILED.
Reason:
com.kms.katalon.core.exception.StepFailedException: Unable to click on object 'Object Repository/SetStatus/Page_TEST CHANNEL - TEAM NAME Mattermost/img_TEAM NAME_Avatar Avatar-lg'
	at com.kms.katalon.core.webui.keyword.internal.WebUIKeywordMain.stepFailed(WebUIKeywordMain.groovy:64)
	at com.kms.katalon.core.webui.keyword.internal.WebUIKeywordMain.runKeyword(WebUIKeywordMain.groovy:26)
	at com.kms.katalon.core.webui.keyword.builtin.ClickKeyword.click(ClickKeyword.groovy:75)
	at com.kms.katalon.core.webui.keyword.builtin.ClickKeyword.execute(ClickKeyword.groovy:42)
	at com.kms.katalon.core.keyword.internal.KeywordExecutor.executeKeywordForPlatform(KeywordExecutor.groovy:73)
	at com.kms.katalon.core.webui.keyword.WebUiBuiltInKeywords.click(WebUiBuiltInKeywords.groovy:619)
	at com.kms.katalon.core.webui.keyword.WebUiBuiltInKeywords$click$2.call(Unknown Source)
	at SetStatus.run(SetStatus:24)
	at com.kms.katalon.core.main.ScriptEngine.run(ScriptEngine.java:194)
	at com.kms.katalon.core.main.ScriptEngine.runScriptAsRawText(ScriptEngine.java:119)
	at com.kms.katalon.core.main.TestCaseExecutor.runScript(TestCaseExecutor.java:398)
	at com.kms.katalon.core.main.TestCaseExecutor.doExecute(TestCaseExecutor.java:389)
	at com.kms.katalon.core.main.TestCaseExecutor.processExecutionPhase(TestCaseExecutor.java:368)
	at com.kms.katalon.core.main.TestCaseExecutor.accessMainPhase(TestCaseExecutor.java:360)
	at com.kms.katalon.core.main.TestCaseExecutor.execute(TestCaseExecutor.java:255)
	at com.kms.katalon.core.main.TestSuiteExecutor.accessTestCaseMainPhase(TestSuiteExecutor.java:203)
	at com.kms.katalon.core.main.TestSuiteExecutor.accessTestSuiteMainPhase(TestSuiteExecutor.java:152)
	at com.kms.katalon.core.main.TestSuiteExecutor.execute(TestSuiteExecutor.java:95)
	at com.kms.katalon.core.main.TestCaseMain.startTestSuite(TestCaseMain.java:157)
	at com.kms.katalon.core.main.TestCaseMain$startTestSuite$0.call(Unknown Source)
	at TempTestSuite1622370015671.run(TempTestSuite1622370015671.groovy:39)
Caused by: org.openqa.selenium.ElementClickInterceptedException: element click intercepted: Element &lt;img class=&quot;Avatar Avatar-lg&quot; alt=&quot;user profile image&quot; src=&quot;https://chudenangcao2021.cf/api/v4/users/75sk9tnqntyaixbqarg1ps69we/image&quot;> is not clickable at point (99, 30). Other element would receive the click: &lt;div role=&quot;dialog&quot; aria-labelledby=&quot;genericModalLabel&quot; id=&quot;custom_status_modal&quot; tabindex=&quot;-1&quot; class=&quot;fade in modal&quot; style=&quot;display: block;&quot;>...&lt;/div>
  (Session info: chrome=91.0.4472.77)
Build info: version: '3.141.59', revision: 'e82be7d358', time: '2018-11-14T08:25:53'
System info: host: 'WIN-SERVER-2019', ip: '10.1.0.4', os.name: 'Windows Server 2019', os.arch: 'amd64', os.version: '10.0', java.version: '1.8.0_282'
Driver info: com.kms.katalon.selenium.driver.CChromeDriver
Capabilities {acceptInsecureCerts: false, browserName: chrome, browserVersion: 91.0.4472.77, chrome: {chromedriverVersion: 90.0.4430.24 (4c6d850f087da..., userDataDir: C:\Users\nttuan\AppData\Loc...}, goog:chromeOptions: {debuggerAddress: localhost:54645}, javascriptEnabled: true, networkConnectionEnabled: false, pageLoadStrategy: normal, platform: WINDOWS, platformName: WINDOWS, proxy: Proxy(), setWindowRect: true, strictFileInteractability: false, timeouts: {implicit: 0, pageLoad: 300000, script: 30000}, unhandledPromptBehavior: dismiss and notify, webauthn:extension:largeBlob: true, webauthn:virtualAuthenticators: true}
Session ID: 4bc48cdeb0d7af0cafb6f98dc3ab28d7
	at org.openqa.selenium.remote.http.W3CHttpResponseCodec.createException(W3CHttpResponseCodec.java:187)
	at org.openqa.selenium.remote.http.W3CHttpResponseCodec.decode(W3CHttpResponseCodec.java:122)
	at org.openqa.selenium.remote.http.W3CHttpResponseCodec.decode(W3CHttpResponseCodec.java:49)
	at org.openqa.selenium.remote.HttpCommandExecutor.execute(HttpCommandExecutor.java:158)
	at org.openqa.selenium.remote.service.DriverCommandExecutor.execute(DriverCommandExecutor.java:83)
	at org.openqa.selenium.remote.RemoteWebDriver.execute(RemoteWebDriver.java:552)
	at com.kms.katalon.selenium.driver.CChromeDriver.execute(CChromeDriver.java:19)
	at org.openqa.selenium.remote.RemoteWebElement.execute(RemoteWebElement.java:285)
	at org.openqa.selenium.remote.RemoteWebElement.click(RemoteWebElement.java:84)
	at org.openqa.selenium.support.events.EventFiringWebDriver$EventFiringWebElement.lambda$new$0(EventFiringWebDriver.java:404)
	at com.sun.proxy.$Proxy17.click(Unknown Source)
	at org.openqa.selenium.support.events.EventFiringWebDriver$EventFiringWebElement.click(EventFiringWebDriver.java:417)
	at com.kms.katalon.core.webui.keyword.builtin.ClickKeyword$_click_closure1.doCall(ClickKeyword.groovy:68)
	at com.kms.katalon.core.webui.keyword.builtin.ClickKeyword$_click_closure1.call(ClickKeyword.groovy)
	at com.kms.katalon.core.webui.keyword.internal.WebUIKeywordMain.runKeyword(WebUIKeywordMain.groovy:20)
	... 19 more
"/>
         <system-out><![CDATA[2021-05-30 10:36:32 - [TEST_CASE][FAILED] - Test Cases/Data CSV Test Case/SetStatus: Test Cases/Data CSV Test Case/SetStatus FAILED.
Reason:
com.kms.katalon.core.exception.StepFailedException: Unable to click on object 'Object Repository/SetStatus/Page_TEST CHANNEL - TEAM NAME Mattermost/img_TEAM NAME_Avatar Avatar-lg'
	at com.kms.katalon.core.webui.keyword.internal.WebUIKeywordMain.stepFailed(WebUIKeywordMain.groovy:64)
	at com.kms.katalon.core.webui.keyword.internal.WebUIKeywordMain.runKeyword(WebUIKeywordMain.groovy:26)
	at com.kms.katalon.core.webui.keyword.builtin.ClickKeyword.click(ClickKeyword.groovy:75)
	at com.kms.katalon.core.webui.keyword.builtin.ClickKeyword.execute(ClickKeyword.groovy:42)
	at com.kms.katalon.core.keyword.internal.KeywordExecutor.executeKeywordForPlatform(KeywordExecutor.groovy:73)
	at com.kms.katalon.core.webui.keyword.WebUiBuiltInKeywords.click(WebUiBuiltInKeywords.groovy:619)
	at com.kms.katalon.core.webui.keyword.WebUiBuiltInKeywords$click$2.call(Unknown Source)
	at SetStatus.run(SetStatus:24)
	at com.kms.katalon.core.main.ScriptEngine.run(ScriptEngine.java:194)
	at com.kms.katalon.core.main.ScriptEngine.runScriptAsRawText(ScriptEngine.java:119)
	at com.kms.katalon.core.main.TestCaseExecutor.runScript(TestCaseExecutor.java:398)
	at com.kms.katalon.core.main.TestCaseExecutor.doExecute(TestCaseExecutor.java:389)
	at com.kms.katalon.core.main.TestCaseExecutor.processExecutionPhase(TestCaseExecutor.java:368)
	at com.kms.katalon.core.main.TestCaseExecutor.accessMainPhase(TestCaseExecutor.java:360)
	at com.kms.katalon.core.main.TestCaseExecutor.execute(TestCaseExecutor.java:255)
	at com.kms.katalon.core.main.TestSuiteExecutor.accessTestCaseMainPhase(TestSuiteExecutor.java:203)
	at com.kms.katalon.core.main.TestSuiteExecutor.accessTestSuiteMainPhase(TestSuiteExecutor.java:152)
	at com.kms.katalon.core.main.TestSuiteExecutor.execute(TestSuiteExecutor.java:95)
	at com.kms.katalon.core.main.TestCaseMain.startTestSuite(TestCaseMain.java:157)
	at com.kms.katalon.core.main.TestCaseMain$startTestSuite$0.call(Unknown Source)
	at TempTestSuite1622370015671.run(TempTestSuite1622370015671.groovy:39)
Caused by: org.openqa.selenium.ElementClickInterceptedException: element click intercepted: Element <img class="Avatar Avatar-lg" alt="user profile image" src="https://chudenangcao2021.cf/api/v4/users/75sk9tnqntyaixbqarg1ps69we/image"> is not clickable at point (99, 30). Other element would receive the click: <div role="dialog" aria-labelledby="genericModalLabel" id="custom_status_modal" tabindex="-1" class="fade in modal" style="display: block;">...</div>
  (Session info: chrome=91.0.4472.77)
Build info: version: '3.141.59', revision: 'e82be7d358', time: '2018-11-14T08:25:53'
System info: host: 'WIN-SERVER-2019', ip: '10.1.0.4', os.name: 'Windows Server 2019', os.arch: 'amd64', os.version: '10.0', java.version: '1.8.0_282'
Driver info: com.kms.katalon.selenium.driver.CChromeDriver
Capabilities {acceptInsecureCerts: false, browserName: chrome, browserVersion: 91.0.4472.77, chrome: {chromedriverVersion: 90.0.4430.24 (4c6d850f087da..., userDataDir: C:\Users\nttuan\AppData\Loc...}, goog:chromeOptions: {debuggerAddress: localhost:54645}, javascriptEnabled: true, networkConnectionEnabled: false, pageLoadStrategy: normal, platform: WINDOWS, platformName: WINDOWS, proxy: Proxy(), setWindowRect: true, strictFileInteractability: false, timeouts: {implicit: 0, pageLoad: 300000, script: 30000}, unhandledPromptBehavior: dismiss and notify, webauthn:extension:largeBlob: true, webauthn:virtualAuthenticators: true}
Session ID: 4bc48cdeb0d7af0cafb6f98dc3ab28d7
	at org.openqa.selenium.remote.http.W3CHttpResponseCodec.createException(W3CHttpResponseCodec.java:187)
	at org.openqa.selenium.remote.http.W3CHttpResponseCodec.decode(W3CHttpResponseCodec.java:122)
	at org.openqa.selenium.remote.http.W3CHttpResponseCodec.decode(W3CHttpResponseCodec.java:49)
	at org.openqa.selenium.remote.HttpCommandExecutor.execute(HttpCommandExecutor.java:158)
	at org.openqa.selenium.remote.service.DriverCommandExecutor.execute(DriverCommandExecutor.java:83)
	at org.openqa.selenium.remote.RemoteWebDriver.execute(RemoteWebDriver.java:552)
	at com.kms.katalon.selenium.driver.CChromeDriver.execute(CChromeDriver.java:19)
	at org.openqa.selenium.remote.RemoteWebElement.execute(RemoteWebElement.java:285)
	at org.openqa.selenium.remote.RemoteWebElement.click(RemoteWebElement.java:84)
	at org.openqa.selenium.support.events.EventFiringWebDriver$EventFiringWebElement.lambda$new$0(EventFiringWebDriver.java:404)
	at com.sun.proxy.$Proxy17.click(Unknown Source)
	at org.openqa.selenium.support.events.EventFiringWebDriver$EventFiringWebElement.click(EventFiringWebDriver.java:417)
	at com.kms.katalon.core.webui.keyword.builtin.ClickKeyword$_click_closure1.doCall(ClickKeyword.groovy:68)
	at com.kms.katalon.core.webui.keyword.builtin.ClickKeyword$_click_closure1.call(ClickKeyword.groovy)
	at com.kms.katalon.core.webui.keyword.internal.WebUIKeywordMain.runKeyword(WebUIKeywordMain.groovy:20)
	... 19 more


2021-05-30 10:36:33 - [TEST_STEP][PASSED] - callTestCase(findTestCase("Internal Test Cases/Successful Login"), ["Username":"", "Password":""], STOP_ON_FAILURE): Call Test Case 'Test Cases/Internal Test Cases/Successful Login' successfully

2021-05-30 10:36:33 - [TEST_CASE][PASSED] - Test Cases/Internal Test Cases/Successful Login: Test Cases/Internal Test Cases/Successful Login

2021-05-30 10:36:33 - [TEST_STEP][PASSED] - openBrowser(""): Browser is opened with url: ''

2021-05-30 10:36:33 - [MESSAGE][INFO] - Starting 'Chrome' driver

2021-05-30 10:36:33 - [MESSAGE][INFO] - Action delay is set to 0 milliseconds

2021-05-30 10:36:34 - [MESSAGE][PASSED] - Browser is opened with url: ''

2021-05-30 10:36:34 - [TEST_STEP][PASSED] - navigateToUrl("https://chudenangcao2021.cf/"): Navigate to 'https://chudenangcao2021.cf/' successfully

2021-05-30 10:36:34 - [MESSAGE][PASSED] - Navigate to 'https://chudenangcao2021.cf/' successfully

2021-05-30 10:36:34 - [TEST_STEP][PASSED] - setText(findTestObject("Object Repository/Page_Mattermost/input_All team communication in one place, _dcc84b"), findTestData("Internal/Internal Login Data").getValue(1, 1)): Text 'nguyenvanb' is set on object 'Object Repository/Page_Mattermost/input_All team communication in one place, _dcc84b'

2021-05-30 10:36:36 - [MESSAGE][PASSED] - Text 'nguyenvanb' is set on object 'Object Repository/Page_Mattermost/input_All team communication in one place, _dcc84b'

2021-05-30 10:36:36 - [TEST_STEP][PASSED] - setEncryptedText(findTestObject("Object Repository/Page_Mattermost/input_All team communication in one place, _a3edc6"), findTestData("Internal/Internal Login Data").getValue(2, 1)): Text ****** has been set on object 'Object Repository/Page_Mattermost/input_All team communication in one place, _a3edc6'

2021-05-30 10:36:36 - [MESSAGE][PASSED] - Text ****** has been set on object 'Object Repository/Page_Mattermost/input_All team communication in one place, _a3edc6'

2021-05-30 10:36:36 - [TEST_STEP][PASSED] - click(findTestObject("Object Repository/Page_Mattermost/button_Sign in")): Object: 'Object Repository/Page_Mattermost/button_Sign in' is clicked on

2021-05-30 10:36:37 - [MESSAGE][PASSED] - Object: 'Object Repository/Page_Mattermost/button_Sign in' is clicked on

2021-05-30 10:36:37 - [TEST_STEP][PASSED] - verifyLinksAccessible(["https://chudenangcao2021.cf/cdnc-cnpm-2021/channels"]): All links are accessible

2021-05-30 10:36:37 - [MESSAGE][INFO] - HAR: C:\Users\nttuan\Downloads\CDNC\mattermost-testing\Reports\20210530_102014\Run all test cases\20210530_102015\requests\main\51.har

2021-05-30 10:36:37 - [MESSAGE][PASSED] - Send request successfully

2021-05-30 10:36:37 - [MESSAGE][PASSED] - All links are accessible

2021-05-30 10:36:37 - [MESSAGE][PASSED] - Call Test Case 'Test Cases/Internal Test Cases/Successful Login' successfully

2021-05-30 10:36:37 - [TEST_STEP][FAILED] - for ([rowNum = 1, rowNum <= findTestData("Data CSV/Set Status").getRowNumbers(), (rowNum++)]): Unable to click on object 'Object Repository/SetStatus/Page_TEST CHANNEL - TEAM NAME Mattermost/img_TEAM NAME_Avatar Avatar-lg' (Root cause: com.kms.katalon.core.exception.StepFailedException: Unable to click on object 'Object Repository/SetStatus/Page_TEST CHANNEL - TEAM NAME Mattermost/img_TEAM NAME_Avatar Avatar-lg'
	at com.kms.katalon.core.webui.keyword.internal.WebUIKeywordMain.stepFailed(WebUIKeywordMain.groovy:64)
	at com.kms.katalon.core.webui.keyword.internal.WebUIKeywordMain.runKeyword(WebUIKeywordMain.groovy:26)
	at com.kms.katalon.core.webui.keyword.builtin.ClickKeyword.click(ClickKeyword.groovy:75)
	at com.kms.katalon.core.webui.keyword.builtin.ClickKeyword.execute(ClickKeyword.groovy:42)
	at com.kms.katalon.core.keyword.internal.KeywordExecutor.executeKeywordForPlatform(KeywordExecutor.groovy:73)
	at com.kms.katalon.core.webui.keyword.WebUiBuiltInKeywords.click(WebUiBuiltInKeywords.groovy:619)
	at com.kms.katalon.core.webui.keyword.WebUiBuiltInKeywords$click$2.call(Unknown Source)
	at SetStatus.run(SetStatus:24)
	at com.kms.katalon.core.main.ScriptEngine.run(ScriptEngine.java:194)
	at com.kms.katalon.core.main.ScriptEngine.runScriptAsRawText(ScriptEngine.java:119)
	at com.kms.katalon.core.main.TestCaseExecutor.runScript(TestCaseExecutor.java:398)
	at com.kms.katalon.core.main.TestCaseExecutor.doExecute(TestCaseExecutor.java:389)
	at com.kms.katalon.core.main.TestCaseExecutor.processExecutionPhase(TestCaseExecutor.java:368)
	at com.kms.katalon.core.main.TestCaseExecutor.accessMainPhase(TestCaseExecutor.java:360)
	at com.kms.katalon.core.main.TestCaseExecutor.execute(TestCaseExecutor.java:255)
	at com.kms.katalon.core.main.TestSuiteExecutor.accessTestCaseMainPhase(TestSuiteExecutor.java:203)
	at com.kms.katalon.core.main.TestSuiteExecutor.accessTestSuiteMainPhase(TestSuiteExecutor.java:152)
	at com.kms.katalon.core.main.TestSuiteExecutor.execute(TestSuiteExecutor.java:95)
	at com.kms.katalon.core.main.TestCaseMain.startTestSuite(TestCaseMain.java:157)
	at com.kms.katalon.core.main.TestCaseMain$startTestSuite$0.call(Unknown Source)
	at TempTestSuite1622370015671.run(TempTestSuite1622370015671.groovy:39)
Caused by: org.openqa.selenium.ElementClickInterceptedException: element click intercepted: Element <img class="Avatar Avatar-lg" alt="user profile image" src="https://chudenangcao2021.cf/api/v4/users/75sk9tnqntyaixbqarg1ps69we/image"> is not clickable at point (99, 30). Other element would receive the click: <div role="dialog" aria-labelledby="genericModalLabel" id="custom_status_modal" tabindex="-1" class="fade in modal" style="display: block;">...</div>
  (Session info: chrome=91.0.4472.77)
Build info: version: '3.141.59', revision: 'e82be7d358', time: '2018-11-14T08:25:53'
System info: host: 'WIN-SERVER-2019', ip: '10.1.0.4', os.name: 'Windows Server 2019', os.arch: 'amd64', os.version: '10.0', java.version: '1.8.0_282'
Driver info: com.kms.katalon.selenium.driver.CChromeDriver
Capabilities {acceptInsecureCerts: false, browserName: chrome, browserVersion: 91.0.4472.77, chrome: {chromedriverVersion: 90.0.4430.24 (4c6d850f087da..., userDataDir: C:\Users\nttuan\AppData\Loc...}, goog:chromeOptions: {debuggerAddress: localhost:54645}, javascriptEnabled: true, networkConnectionEnabled: false, pageLoadStrategy: normal, platform: WINDOWS, platformName: WINDOWS, proxy: Proxy(), setWindowRect: true, strictFileInteractability: false, timeouts: {implicit: 0, pageLoad: 300000, script: 30000}, unhandledPromptBehavior: dismiss and notify, webauthn:extension:largeBlob: true, webauthn:virtualAuthenticators: true}
Session ID: 4bc48cdeb0d7af0cafb6f98dc3ab28d7
	at org.openqa.selenium.remote.http.W3CHttpResponseCodec.createException(W3CHttpResponseCodec.java:187)
	at org.openqa.selenium.remote.http.W3CHttpResponseCodec.decode(W3CHttpResponseCodec.java:122)
	at org.openqa.selenium.remote.http.W3CHttpResponseCodec.decode(W3CHttpResponseCodec.java:49)
	at org.openqa.selenium.remote.HttpCommandExecutor.execute(HttpCommandExecutor.java:158)
	at org.openqa.selenium.remote.service.DriverCommandExecutor.execute(DriverCommandExecutor.java:83)
	at org.openqa.selenium.remote.RemoteWebDriver.execute(RemoteWebDriver.java:552)
	at com.kms.katalon.selenium.driver.CChromeDriver.execute(CChromeDriver.java:19)
	at org.openqa.selenium.remote.RemoteWebElement.execute(RemoteWebElement.java:285)
	at org.openqa.selenium.remote.RemoteWebElement.click(RemoteWebElement.java:84)
	at org.openqa.selenium.support.events.EventFiringWebDriver$EventFiringWebElement.lambda$new$0(EventFiringWebDriver.java:404)
	at com.sun.proxy.$Proxy17.click(Unknown Source)
	at org.openqa.selenium.support.events.EventFiringWebDriver$EventFiringWebElement.click(EventFiringWebDriver.java:417)
	at com.kms.katalon.core.webui.keyword.builtin.ClickKeyword$_click_closure1.doCall(ClickKeyword.groovy:68)
	at com.kms.katalon.core.webui.keyword.builtin.ClickKeyword$_click_closure1.call(ClickKeyword.groovy)
	at com.kms.katalon.core.webui.keyword.internal.WebUIKeywordMain.runKeyword(WebUIKeywordMain.groovy:20)
	at com.kms.katalon.core.webui.keyword.builtin.ClickKeyword.click(ClickKeyword.groovy:75)
	at com.kms.katalon.core.webui.keyword.builtin.ClickKeyword.execute(ClickKeyword.groovy:42)
	at com.kms.katalon.core.keyword.internal.KeywordExecutor.executeKeywordForPlatform(KeywordExecutor.groovy:73)
	at com.kms.katalon.core.webui.keyword.WebUiBuiltInKeywords.click(WebUiBuiltInKeywords.groovy:619)
	at com.kms.katalon.core.webui.keyword.WebUiBuiltInKeywords$click$2.call(Unknown Source)
	at Script1622098923482.run(Script1622098923482.groovy:24)
	... 13 more
)

2021-05-30 10:36:37 - [TEST_STEP][PASSED] - click(findTestObject("Object Repository/SetStatus/Page_TEST CHANNEL - TEAM NAME Mattermost/img_TEAM NAME_Avatar Avatar-lg")): Object: 'Object Repository/SetStatus/Page_TEST CHANNEL - TEAM NAME Mattermost/img_TEAM NAME_Avatar Avatar-lg' is clicked on

2021-05-30 10:36:39 - [MESSAGE][PASSED] - Object: 'Object Repository/SetStatus/Page_TEST CHANNEL - TEAM NAME Mattermost/img_TEAM NAME_Avatar Avatar-lg' is clicked on

2021-05-30 10:36:39 - [TEST_STEP][PASSED] - click(findTestObject("Object Repository/SetStatus/Page_TEST CHANNEL - TEAM NAME Mattermost/button_on duty")): Object: 'Object Repository/SetStatus/Page_TEST CHANNEL - TEAM NAME Mattermost/button_on duty' is clicked on

2021-05-30 10:36:39 - [MESSAGE][PASSED] - Object: 'Object Repository/SetStatus/Page_TEST CHANNEL - TEAM NAME Mattermost/button_on duty' is clicked on

2021-05-30 10:36:39 - [TEST_STEP][PASSED] - setText(findTestObject("Object Repository/SetStatus/Page_TEST CHANNEL - TEAM NAME Mattermost/input_Set a status_MaxLengthInput form-control"), findTestData("Data CSV/Set Status").getValue(1, rowNum)): Text 'on business' is set on object 'Object Repository/SetStatus/Page_TEST CHANNEL - TEAM NAME Mattermost/input_Set a status_MaxLengthInput form-control'

2021-05-30 10:37:11 - [MESSAGE][INFO] - Unable to find the element located by 'By.xpath: (//input[@value=''])[2]'. Please recheck the objects properties to make sure the desired element is located. 

2021-05-30 10:37:11 - [MESSAGE][WARNING] - [SELF-HEALING] Failed to find element with id 'Object Repository/SetStatus/Page_TEST CHANNEL - TEAM NAME Mattermost/input_Set a status_MaxLengthInput form-control'. Try using Self-healing.

2021-05-30 10:37:11 - [MESSAGE][WARNING] - [SELF-HEALING] The current locator of test object 'Object Repository/SetStatus/Page_TEST CHANNEL - TEAM NAME Mattermost/input_Set a status_MaxLengthInput form-control' was broken. Propose an alternative one: '//div[@id='custom_status_modal']/div/div/form/div/div[2]/div/div/div[2]/input'.

2021-05-30 10:37:42 - [MESSAGE][INFO] - Unable to find the element located by 'By.xpath: (//input[@value=''])[2]'. Please recheck the objects properties to make sure the desired element is located. 

2021-05-30 10:37:42 - [MESSAGE][WARNING] - [SELF-HEALING] Failed to find element with id 'Object Repository/SetStatus/Page_TEST CHANNEL - TEAM NAME Mattermost/input_Set a status_MaxLengthInput form-control'. Try using Self-healing.

2021-05-30 10:37:42 - [MESSAGE][WARNING] - [SELF-HEALING] The current locator of test object 'Object Repository/SetStatus/Page_TEST CHANNEL - TEAM NAME Mattermost/input_Set a status_MaxLengthInput form-control' was broken. Propose an alternative one: '//div[@id='custom_status_modal']/div/div/form/div/div[2]/div/div/div[2]/input'.

2021-05-30 10:37:43 - [MESSAGE][PASSED] - Text 'on business' is set on object 'Object Repository/SetStatus/Page_TEST CHANNEL - TEAM NAME Mattermost/input_Set a status_MaxLengthInput form-control'

2021-05-30 10:37:43 - [TEST_STEP][PASSED] - click(findTestObject("Object Repository/SetStatus/Page_TEST CHANNEL - TEAM NAME Mattermost/button_Set Status")): Object: 'Object Repository/SetStatus/Page_TEST CHANNEL - TEAM NAME Mattermost/button_Set Status' is clicked on

2021-05-30 10:37:43 - [MESSAGE][PASSED] - Object: 'Object Repository/SetStatus/Page_TEST CHANNEL - TEAM NAME Mattermost/button_Set Status' is clicked on

2021-05-30 10:37:43 - [TEST_STEP][FAILED] - click(findTestObject("Object Repository/SetStatus/Page_TEST CHANNEL - TEAM NAME Mattermost/img_TEAM NAME_Avatar Avatar-lg")): Unable to click on object 'Object Repository/SetStatus/Page_TEST CHANNEL - TEAM NAME Mattermost/img_TEAM NAME_Avatar Avatar-lg' (Root cause: com.kms.katalon.core.exception.StepFailedException: Unable to click on object 'Object Repository/SetStatus/Page_TEST CHANNEL - TEAM NAME Mattermost/img_TEAM NAME_Avatar Avatar-lg'
	at com.kms.katalon.core.webui.keyword.internal.WebUIKeywordMain.stepFailed(WebUIKeywordMain.groovy:64)
	at com.kms.katalon.core.webui.keyword.internal.WebUIKeywordMain.runKeyword(WebUIKeywordMain.groovy:26)
	at com.kms.katalon.core.webui.keyword.builtin.ClickKeyword.click(ClickKeyword.groovy:75)
	at com.kms.katalon.core.webui.keyword.builtin.ClickKeyword.execute(ClickKeyword.groovy:42)
	at com.kms.katalon.core.keyword.internal.KeywordExecutor.executeKeywordForPlatform(KeywordExecutor.groovy:73)
	at com.kms.katalon.core.webui.keyword.WebUiBuiltInKeywords.click(WebUiBuiltInKeywords.groovy:619)
	at com.kms.katalon.core.webui.keyword.WebUiBuiltInKeywords$click$2.call(Unknown Source)
	at SetStatus.run(SetStatus:24)
	at com.kms.katalon.core.main.ScriptEngine.run(ScriptEngine.java:194)
	at com.kms.katalon.core.main.ScriptEngine.runScriptAsRawText(ScriptEngine.java:119)
	at com.kms.katalon.core.main.TestCaseExecutor.runScript(TestCaseExecutor.java:398)
	at com.kms.katalon.core.main.TestCaseExecutor.doExecute(TestCaseExecutor.java:389)
	at com.kms.katalon.core.main.TestCaseExecutor.processExecutionPhase(TestCaseExecutor.java:368)
	at com.kms.katalon.core.main.TestCaseExecutor.accessMainPhase(TestCaseExecutor.java:360)
	at com.kms.katalon.core.main.TestCaseExecutor.execute(TestCaseExecutor.java:255)
	at com.kms.katalon.core.main.TestSuiteExecutor.accessTestCaseMainPhase(TestSuiteExecutor.java:203)
	at com.kms.katalon.core.main.TestSuiteExecutor.accessTestSuiteMainPhase(TestSuiteExecutor.java:152)
	at com.kms.katalon.core.main.TestSuiteExecutor.execute(TestSuiteExecutor.java:95)
	at com.kms.katalon.core.main.TestCaseMain.startTestSuite(TestCaseMain.java:157)
	at com.kms.katalon.core.main.TestCaseMain$startTestSuite$0.call(Unknown Source)
	at TempTestSuite1622370015671.run(TempTestSuite1622370015671.groovy:39)
Caused by: org.openqa.selenium.ElementClickInterceptedException: element click intercepted: Element <img class="Avatar Avatar-lg" alt="user profile image" src="https://chudenangcao2021.cf/api/v4/users/75sk9tnqntyaixbqarg1ps69we/image"> is not clickable at point (99, 30). Other element would receive the click: <div role="dialog" aria-labelledby="genericModalLabel" id="custom_status_modal" tabindex="-1" class="fade in modal" style="display: block;">...</div>
  (Session info: chrome=91.0.4472.77)
Build info: version: '3.141.59', revision: 'e82be7d358', time: '2018-11-14T08:25:53'
System info: host: 'WIN-SERVER-2019', ip: '10.1.0.4', os.name: 'Windows Server 2019', os.arch: 'amd64', os.version: '10.0', java.version: '1.8.0_282'
Driver info: com.kms.katalon.selenium.driver.CChromeDriver
Capabilities {acceptInsecureCerts: false, browserName: chrome, browserVersion: 91.0.4472.77, chrome: {chromedriverVersion: 90.0.4430.24 (4c6d850f087da..., userDataDir: C:\Users\nttuan\AppData\Loc...}, goog:chromeOptions: {debuggerAddress: localhost:54645}, javascriptEnabled: true, networkConnectionEnabled: false, pageLoadStrategy: normal, platform: WINDOWS, platformName: WINDOWS, proxy: Proxy(), setWindowRect: true, strictFileInteractability: false, timeouts: {implicit: 0, pageLoad: 300000, script: 30000}, unhandledPromptBehavior: dismiss and notify, webauthn:extension:largeBlob: true, webauthn:virtualAuthenticators: true}
Session ID: 4bc48cdeb0d7af0cafb6f98dc3ab28d7
	at org.openqa.selenium.remote.http.W3CHttpResponseCodec.createException(W3CHttpResponseCodec.java:187)
	at org.openqa.selenium.remote.http.W3CHttpResponseCodec.decode(W3CHttpResponseCodec.java:122)
	at org.openqa.selenium.remote.http.W3CHttpResponseCodec.decode(W3CHttpResponseCodec.java:49)
	at org.openqa.selenium.remote.HttpCommandExecutor.execute(HttpCommandExecutor.java:158)
	at org.openqa.selenium.remote.service.DriverCommandExecutor.execute(DriverCommandExecutor.java:83)
	at org.openqa.selenium.remote.RemoteWebDriver.execute(RemoteWebDriver.java:552)
	at com.kms.katalon.selenium.driver.CChromeDriver.execute(CChromeDriver.java:19)
	at org.openqa.selenium.remote.RemoteWebElement.execute(RemoteWebElement.java:285)
	at org.openqa.selenium.remote.RemoteWebElement.click(RemoteWebElement.java:84)
	at org.openqa.selenium.support.events.EventFiringWebDriver$EventFiringWebElement.lambda$new$0(EventFiringWebDriver.java:404)
	at com.sun.proxy.$Proxy17.click(Unknown Source)
	at org.openqa.selenium.support.events.EventFiringWebDriver$EventFiringWebElement.click(EventFiringWebDriver.java:417)
	at com.kms.katalon.core.webui.keyword.builtin.ClickKeyword$_click_closure1.doCall(ClickKeyword.groovy:68)
	at com.kms.katalon.core.webui.keyword.builtin.ClickKeyword$_click_closure1.call(ClickKeyword.groovy)
	at com.kms.katalon.core.webui.keyword.internal.WebUIKeywordMain.runKeyword(WebUIKeywordMain.groovy:20)
	at com.kms.katalon.core.webui.keyword.builtin.ClickKeyword.click(ClickKeyword.groovy:75)
	at com.kms.katalon.core.webui.keyword.builtin.ClickKeyword.execute(ClickKeyword.groovy:42)
	at com.kms.katalon.core.keyword.internal.KeywordExecutor.executeKeywordForPlatform(KeywordExecutor.groovy:73)
	at com.kms.katalon.core.webui.keyword.WebUiBuiltInKeywords.click(WebUiBuiltInKeywords.groovy:619)
	at com.kms.katalon.core.webui.keyword.WebUiBuiltInKeywords$click$2.call(Unknown Source)
	at Script1622098923482.run(Script1622098923482.groovy:24)
	... 13 more
)

2021-05-30 10:37:45 - [MESSAGE][FAILED] - Unable to click on object 'Object Repository/SetStatus/Page_TEST CHANNEL - TEAM NAME Mattermost/img_TEAM NAME_Avatar Avatar-lg' (Root cause: com.kms.katalon.core.exception.StepFailedException: Unable to click on object 'Object Repository/SetStatus/Page_TEST CHANNEL - TEAM NAME Mattermost/img_TEAM NAME_Avatar Avatar-lg'
	at com.kms.katalon.core.webui.keyword.internal.WebUIKeywordMain.stepFailed(WebUIKeywordMain.groovy:64)
	at com.kms.katalon.core.webui.keyword.internal.WebUIKeywordMain.runKeyword(WebUIKeywordMain.groovy:26)
	at com.kms.katalon.core.webui.keyword.builtin.ClickKeyword.click(ClickKeyword.groovy:75)
	at com.kms.katalon.core.webui.keyword.builtin.ClickKeyword.execute(ClickKeyword.groovy:42)
	at com.kms.katalon.core.keyword.internal.KeywordExecutor.executeKeywordForPlatform(KeywordExecutor.groovy:73)
	at com.kms.katalon.core.webui.keyword.WebUiBuiltInKeywords.click(WebUiBuiltInKeywords.groovy:619)
	at com.kms.katalon.core.webui.keyword.WebUiBuiltInKeywords$click$2.call(Unknown Source)
	at SetStatus.run(SetStatus:24)
	at com.kms.katalon.core.main.ScriptEngine.run(ScriptEngine.java:194)
	at com.kms.katalon.core.main.ScriptEngine.runScriptAsRawText(ScriptEngine.java:119)
	at com.kms.katalon.core.main.TestCaseExecutor.runScript(TestCaseExecutor.java:398)
	at com.kms.katalon.core.main.TestCaseExecutor.doExecute(TestCaseExecutor.java:389)
	at com.kms.katalon.core.main.TestCaseExecutor.processExecutionPhase(TestCaseExecutor.java:368)
	at com.kms.katalon.core.main.TestCaseExecutor.accessMainPhase(TestCaseExecutor.java:360)
	at com.kms.katalon.core.main.TestCaseExecutor.execute(TestCaseExecutor.java:255)
	at com.kms.katalon.core.main.TestSuiteExecutor.accessTestCaseMainPhase(TestSuiteExecutor.java:203)
	at com.kms.katalon.core.main.TestSuiteExecutor.accessTestSuiteMainPhase(TestSuiteExecutor.java:152)
	at com.kms.katalon.core.main.TestSuiteExecutor.execute(TestSuiteExecutor.java:95)
	at com.kms.katalon.core.main.TestCaseMain.startTestSuite(TestCaseMain.java:157)
	at com.kms.katalon.core.main.TestCaseMain$startTestSuite$0.call(Unknown Source)
	at TempTestSuite1622370015671.run(TempTestSuite1622370015671.groovy:39)
Caused by: org.openqa.selenium.ElementClickInterceptedException: element click intercepted: Element <img class="Avatar Avatar-lg" alt="user profile image" src="https://chudenangcao2021.cf/api/v4/users/75sk9tnqntyaixbqarg1ps69we/image"> is not clickable at point (99, 30). Other element would receive the click: <div role="dialog" aria-labelledby="genericModalLabel" id="custom_status_modal" tabindex="-1" class="fade in modal" style="display: block;">...</div>
  (Session info: chrome=91.0.4472.77)
Build info: version: '3.141.59', revision: 'e82be7d358', time: '2018-11-14T08:25:53'
System info: host: 'WIN-SERVER-2019', ip: '10.1.0.4', os.name: 'Windows Server 2019', os.arch: 'amd64', os.version: '10.0', java.version: '1.8.0_282'
Driver info: com.kms.katalon.selenium.driver.CChromeDriver
Capabilities {acceptInsecureCerts: false, browserName: chrome, browserVersion: 91.0.4472.77, chrome: {chromedriverVersion: 90.0.4430.24 (4c6d850f087da..., userDataDir: C:\Users\nttuan\AppData\Loc...}, goog:chromeOptions: {debuggerAddress: localhost:54645}, javascriptEnabled: true, networkConnectionEnabled: false, pageLoadStrategy: normal, platform: WINDOWS, platformName: WINDOWS, proxy: Proxy(), setWindowRect: true, strictFileInteractability: false, timeouts: {implicit: 0, pageLoad: 300000, script: 30000}, unhandledPromptBehavior: dismiss and notify, webauthn:extension:largeBlob: true, webauthn:virtualAuthenticators: true}
Session ID: 4bc48cdeb0d7af0cafb6f98dc3ab28d7
	at org.openqa.selenium.remote.http.W3CHttpResponseCodec.createException(W3CHttpResponseCodec.java:187)
	at org.openqa.selenium.remote.http.W3CHttpResponseCodec.decode(W3CHttpResponseCodec.java:122)
	at org.openqa.selenium.remote.http.W3CHttpResponseCodec.decode(W3CHttpResponseCodec.java:49)
	at org.openqa.selenium.remote.HttpCommandExecutor.execute(HttpCommandExecutor.java:158)
	at org.openqa.selenium.remote.service.DriverCommandExecutor.execute(DriverCommandExecutor.java:83)
	at org.openqa.selenium.remote.RemoteWebDriver.execute(RemoteWebDriver.java:552)
	at com.kms.katalon.selenium.driver.CChromeDriver.execute(CChromeDriver.java:19)
	at org.openqa.selenium.remote.RemoteWebElement.execute(RemoteWebElement.java:285)
	at org.openqa.selenium.remote.RemoteWebElement.click(RemoteWebElement.java:84)
	at org.openqa.selenium.support.events.EventFiringWebDriver$EventFiringWebElement.lambda$new$0(EventFiringWebDriver.java:404)
	at com.sun.proxy.$Proxy17.click(Unknown Source)
	at org.openqa.selenium.support.events.EventFiringWebDriver$EventFiringWebElement.click(EventFiringWebDriver.java:417)
	at com.kms.katalon.core.webui.keyword.builtin.ClickKeyword$_click_closure1.doCall(ClickKeyword.groovy:68)
	at com.kms.katalon.core.webui.keyword.builtin.ClickKeyword$_click_closure1.call(ClickKeyword.groovy)
	at com.kms.katalon.core.webui.keyword.internal.WebUIKeywordMain.runKeyword(WebUIKeywordMain.groovy:20)
	at com.kms.katalon.core.webui.keyword.builtin.ClickKeyword.click(ClickKeyword.groovy:75)
	at com.kms.katalon.core.webui.keyword.builtin.ClickKeyword.execute(ClickKeyword.groovy:42)
	at com.kms.katalon.core.keyword.internal.KeywordExecutor.executeKeywordForPlatform(KeywordExecutor.groovy:73)
	at com.kms.katalon.core.webui.keyword.WebUiBuiltInKeywords.click(WebUiBuiltInKeywords.groovy:619)
	at com.kms.katalon.core.webui.keyword.WebUiBuiltInKeywords$click$2.call(Unknown Source)
	at Script1622098923482.run(Script1622098923482.groovy:24)
	... 13 more
)
[[ATTACHMENT|C:\\Users\\nttuan\\Downloads\\CDNC\\mattermost-testing\\Reports\\20210530_102014\\Run all test cases\\20210530_102015\\1622371065258.png]]]]></system-out>
         <system-err><![CDATA[2021-05-30 10:36:32 - [TEST_CASE][FAILED] - Test Cases/Data CSV Test Case/SetStatus: Test Cases/Data CSV Test Case/SetStatus FAILED.
Reason:
com.kms.katalon.core.exception.StepFailedException: Unable to click on object 'Object Repository/SetStatus/Page_TEST CHANNEL - TEAM NAME Mattermost/img_TEAM NAME_Avatar Avatar-lg'
	at com.kms.katalon.core.webui.keyword.internal.WebUIKeywordMain.stepFailed(WebUIKeywordMain.groovy:64)
	at com.kms.katalon.core.webui.keyword.internal.WebUIKeywordMain.runKeyword(WebUIKeywordMain.groovy:26)
	at com.kms.katalon.core.webui.keyword.builtin.ClickKeyword.click(ClickKeyword.groovy:75)
	at com.kms.katalon.core.webui.keyword.builtin.ClickKeyword.execute(ClickKeyword.groovy:42)
	at com.kms.katalon.core.keyword.internal.KeywordExecutor.executeKeywordForPlatform(KeywordExecutor.groovy:73)
	at com.kms.katalon.core.webui.keyword.WebUiBuiltInKeywords.click(WebUiBuiltInKeywords.groovy:619)
	at com.kms.katalon.core.webui.keyword.WebUiBuiltInKeywords$click$2.call(Unknown Source)
	at SetStatus.run(SetStatus:24)
	at com.kms.katalon.core.main.ScriptEngine.run(ScriptEngine.java:194)
	at com.kms.katalon.core.main.ScriptEngine.runScriptAsRawText(ScriptEngine.java:119)
	at com.kms.katalon.core.main.TestCaseExecutor.runScript(TestCaseExecutor.java:398)
	at com.kms.katalon.core.main.TestCaseExecutor.doExecute(TestCaseExecutor.java:389)
	at com.kms.katalon.core.main.TestCaseExecutor.processExecutionPhase(TestCaseExecutor.java:368)
	at com.kms.katalon.core.main.TestCaseExecutor.accessMainPhase(TestCaseExecutor.java:360)
	at com.kms.katalon.core.main.TestCaseExecutor.execute(TestCaseExecutor.java:255)
	at com.kms.katalon.core.main.TestSuiteExecutor.accessTestCaseMainPhase(TestSuiteExecutor.java:203)
	at com.kms.katalon.core.main.TestSuiteExecutor.accessTestSuiteMainPhase(TestSuiteExecutor.java:152)
	at com.kms.katalon.core.main.TestSuiteExecutor.execute(TestSuiteExecutor.java:95)
	at com.kms.katalon.core.main.TestCaseMain.startTestSuite(TestCaseMain.java:157)
	at com.kms.katalon.core.main.TestCaseMain$startTestSuite$0.call(Unknown Source)
	at TempTestSuite1622370015671.run(TempTestSuite1622370015671.groovy:39)
Caused by: org.openqa.selenium.ElementClickInterceptedException: element click intercepted: Element <img class="Avatar Avatar-lg" alt="user profile image" src="https://chudenangcao2021.cf/api/v4/users/75sk9tnqntyaixbqarg1ps69we/image"> is not clickable at point (99, 30). Other element would receive the click: <div role="dialog" aria-labelledby="genericModalLabel" id="custom_status_modal" tabindex="-1" class="fade in modal" style="display: block;">...</div>
  (Session info: chrome=91.0.4472.77)
Build info: version: '3.141.59', revision: 'e82be7d358', time: '2018-11-14T08:25:53'
System info: host: 'WIN-SERVER-2019', ip: '10.1.0.4', os.name: 'Windows Server 2019', os.arch: 'amd64', os.version: '10.0', java.version: '1.8.0_282'
Driver info: com.kms.katalon.selenium.driver.CChromeDriver
Capabilities {acceptInsecureCerts: false, browserName: chrome, browserVersion: 91.0.4472.77, chrome: {chromedriverVersion: 90.0.4430.24 (4c6d850f087da..., userDataDir: C:\Users\nttuan\AppData\Loc...}, goog:chromeOptions: {debuggerAddress: localhost:54645}, javascriptEnabled: true, networkConnectionEnabled: false, pageLoadStrategy: normal, platform: WINDOWS, platformName: WINDOWS, proxy: Proxy(), setWindowRect: true, strictFileInteractability: false, timeouts: {implicit: 0, pageLoad: 300000, script: 30000}, unhandledPromptBehavior: dismiss and notify, webauthn:extension:largeBlob: true, webauthn:virtualAuthenticators: true}
Session ID: 4bc48cdeb0d7af0cafb6f98dc3ab28d7
	at org.openqa.selenium.remote.http.W3CHttpResponseCodec.createException(W3CHttpResponseCodec.java:187)
	at org.openqa.selenium.remote.http.W3CHttpResponseCodec.decode(W3CHttpResponseCodec.java:122)
	at org.openqa.selenium.remote.http.W3CHttpResponseCodec.decode(W3CHttpResponseCodec.java:49)
	at org.openqa.selenium.remote.HttpCommandExecutor.execute(HttpCommandExecutor.java:158)
	at org.openqa.selenium.remote.service.DriverCommandExecutor.execute(DriverCommandExecutor.java:83)
	at org.openqa.selenium.remote.RemoteWebDriver.execute(RemoteWebDriver.java:552)
	at com.kms.katalon.selenium.driver.CChromeDriver.execute(CChromeDriver.java:19)
	at org.openqa.selenium.remote.RemoteWebElement.execute(RemoteWebElement.java:285)
	at org.openqa.selenium.remote.RemoteWebElement.click(RemoteWebElement.java:84)
	at org.openqa.selenium.support.events.EventFiringWebDriver$EventFiringWebElement.lambda$new$0(EventFiringWebDriver.java:404)
	at com.sun.proxy.$Proxy17.click(Unknown Source)
	at org.openqa.selenium.support.events.EventFiringWebDriver$EventFiringWebElement.click(EventFiringWebDriver.java:417)
	at com.kms.katalon.core.webui.keyword.builtin.ClickKeyword$_click_closure1.doCall(ClickKeyword.groovy:68)
	at com.kms.katalon.core.webui.keyword.builtin.ClickKeyword$_click_closure1.call(ClickKeyword.groovy)
	at com.kms.katalon.core.webui.keyword.internal.WebUIKeywordMain.runKeyword(WebUIKeywordMain.groovy:20)
	... 19 more]]></system-err>
      </testcase>
      <testcase name="Test Cases/TestCasesIf/CallChangeTime" time="38.006" classname="Test Cases/TestCasesIf/CallChangeTime" status="PASSED">
         <system-out><![CDATA[2021-05-30 10:37:45 - [TEST_CASE][PASSED] - Test Cases/TestCasesIf/CallChangeTime: Test Cases/TestCasesIf/CallChangeTime

2021-05-30 10:37:45 - [TEST_STEP][PASSED] - callTestCase(findTestCase("Test Cases/TestCasesIf/Time24hIfUserNameThanTen"), ["username":"cxtuan", "password":"01672471821nT@"]): Call Test Case 'Test Cases/TestCasesIf/Time24hIfUserNameThanTen' successfully

2021-05-30 10:37:45 - [TEST_CASE][PASSED] - Test Cases/TestCasesIf/Time24hIfUserNameThanTen: Test Cases/TestCasesIf/Time24hIfUserNameThanTen

2021-05-30 10:37:46 - [TEST_STEP][PASSED] - callTestCase(findTestCase("Test Cases/Common Test Cases/Login"), ["Username":username, "Password":password]): Call Test Case 'Test Cases/Common Test Cases/Login' successfully

2021-05-30 10:37:46 - [TEST_CASE][PASSED] - Test Cases/Common Test Cases/Login: Test Cases/Common Test Cases/Login

2021-05-30 10:37:46 - [TEST_STEP][PASSED] - openBrowser(""): Browser is opened with url: ''

2021-05-30 10:37:46 - [MESSAGE][WARNING] - A browser is already opened. Closing browser and opening a new one

2021-05-30 10:37:46 - [MESSAGE][INFO] - Starting 'Chrome' driver

2021-05-30 10:37:46 - [MESSAGE][INFO] - Action delay is set to 0 milliseconds

2021-05-30 10:37:47 - [MESSAGE][PASSED] - Browser is opened with url: ''

2021-05-30 10:37:47 - [TEST_STEP][PASSED] - navigateToUrl("https://chudenangcao2021.cf/"): Navigate to 'https://chudenangcao2021.cf/' successfully

2021-05-30 10:37:48 - [MESSAGE][PASSED] - Navigate to 'https://chudenangcao2021.cf/' successfully

2021-05-30 10:37:48 - [TEST_STEP][PASSED] - setText(findTestObject("Object Repository/Page_Mattermost/input_All team communication in one place, _dcc84b"), Username): Text 'cxtuan' is set on object 'Object Repository/Page_Mattermost/input_All team communication in one place, _dcc84b'

2021-05-30 10:37:49 - [MESSAGE][PASSED] - Text 'cxtuan' is set on object 'Object Repository/Page_Mattermost/input_All team communication in one place, _dcc84b'

2021-05-30 10:37:49 - [TEST_STEP][PASSED] - setText(findTestObject("Object Repository/Page_Mattermost/input_All team communication in one place, _a3edc6"), Password): Text '01672471821nT@' is set on object 'Object Repository/Page_Mattermost/input_All team communication in one place, _a3edc6'

2021-05-30 10:37:50 - [MESSAGE][PASSED] - Text '01672471821nT@' is set on object 'Object Repository/Page_Mattermost/input_All team communication in one place, _a3edc6'

2021-05-30 10:37:50 - [TEST_STEP][PASSED] - click(findTestObject("Object Repository/Page_Mattermost/button_Sign in")): Object: 'Object Repository/Page_Mattermost/button_Sign in' is clicked on

2021-05-30 10:37:51 - [MESSAGE][PASSED] - Object: 'Object Repository/Page_Mattermost/button_Sign in' is clicked on

2021-05-30 10:37:51 - [TEST_STEP][PASSED] - verifyLinksAccessible(["https://chudenangcao2021.cf/cdnc-cnpm-2021/channels"]): All links are accessible

2021-05-30 10:37:51 - [MESSAGE][INFO] - HAR: C:\Users\nttuan\Downloads\CDNC\mattermost-testing\Reports\20210530_102014\Run all test cases\20210530_102015\requests\main\52.har

2021-05-30 10:37:51 - [MESSAGE][PASSED] - Send request successfully

2021-05-30 10:37:51 - [MESSAGE][PASSED] - All links are accessible

2021-05-30 10:37:51 - [MESSAGE][PASSED] - Call Test Case 'Test Cases/Common Test Cases/Login' successfully

2021-05-30 10:37:51 - [TEST_STEP][PASSED] - object = findTestObject("Object Repository/IFObject/Page_TEST CHANNEL - TEAM NAME Mattermost/button_cxtuan_style--none sidebar-header-dropdown__icon"): null

2021-05-30 10:37:51 - [TEST_STEP][PASSED] - bool = false: null

2021-05-30 10:37:51 - [TEST_STEP][FAILED] - try: Unable to verify object 'Object Repository/IFObject/Page_TEST CHANNEL - TEAM NAME Mattermost/button_cxtuan_style--none sidebar-header-dropdown__icon' is present (Root cause: com.kms.katalon.core.exception.StepFailedException: Unable to verify object 'Object Repository/IFObject/Page_TEST CHANNEL - TEAM NAME Mattermost/button_cxtuan_style--none sidebar-header-dropdown__icon' is present
	at com.kms.katalon.core.webui.keyword.internal.WebUIKeywordMain.stepFailed(WebUIKeywordMain.groovy:64)
	at com.kms.katalon.core.webui.keyword.internal.WebUIKeywordMain.runKeyword(WebUIKeywordMain.groovy:26)
	at com.kms.katalon.core.webui.keyword.builtin.VerifyElementPresentKeyword.verifyElementPresent(VerifyElementPresentKeyword.groovy:92)
	at com.kms.katalon.core.webui.keyword.builtin.VerifyElementPresentKeyword.execute(VerifyElementPresentKeyword.groovy:68)
	at com.kms.katalon.core.keyword.internal.KeywordExecutor.executeKeywordForPlatform(KeywordExecutor.groovy:73)
	at com.kms.katalon.core.webui.keyword.WebUiBuiltInKeywords.verifyElementPresent(WebUiBuiltInKeywords.groovy:1463)
	at com.kms.katalon.core.webui.keyword.WebUiBuiltInKeywords$verifyElementPresent$4.call(Unknown Source)
	at Time24hIfUserNameThanTen.run(Time24hIfUserNameThanTen:45)
	at com.kms.katalon.core.main.ScriptEngine.run(ScriptEngine.java:194)
	at com.kms.katalon.core.main.ScriptEngine.runScriptAsRawText(ScriptEngine.java:119)
	at com.kms.katalon.core.main.TestCaseExecutor.runScript(TestCaseExecutor.java:398)
	at com.kms.katalon.core.main.TestCaseExecutor.doExecute(TestCaseExecutor.java:389)
	at com.kms.katalon.core.main.TestCaseExecutor.processExecutionPhase(TestCaseExecutor.java:368)
	at com.kms.katalon.core.main.TestCaseExecutor.accessMainPhase(TestCaseExecutor.java:360)
	at com.kms.katalon.core.main.TestCaseExecutor.execute(TestCaseExecutor.java:255)
	at com.kms.katalon.core.main.TestCaseMain.runTestCase(TestCaseMain.java:114)
	at com.kms.katalon.core.keyword.builtin.CallTestCaseKeyword$_callTestCase_closure1.doCall(CallTestCaseKeyword.groovy:59)
	at com.kms.katalon.core.keyword.builtin.CallTestCaseKeyword$_callTestCase_closure1.call(CallTestCaseKeyword.groovy)
	at com.kms.katalon.core.keyword.internal.KeywordMain.runKeyword(KeywordMain.groovy:68)
	at com.kms.katalon.core.keyword.builtin.CallTestCaseKeyword.callTestCase(CallTestCaseKeyword.groovy:81)
	at com.kms.katalon.core.keyword.builtin.CallTestCaseKeyword.execute(CallTestCaseKeyword.groovy:44)
	at com.kms.katalon.core.keyword.internal.KeywordExecutor.executeKeywordForPlatform(KeywordExecutor.groovy:73)
	at com.kms.katalon.core.keyword.BuiltinKeywords.callTestCase(BuiltinKeywords.groovy:350)
	at CallChangeTime.run(CallChangeTime:20)
	at com.kms.katalon.core.main.ScriptEngine.run(ScriptEngine.java:194)
	at com.kms.katalon.core.main.ScriptEngine.runScriptAsRawText(ScriptEngine.java:119)
	at com.kms.katalon.core.main.TestCaseExecutor.runScript(TestCaseExecutor.java:398)
	at com.kms.katalon.core.main.TestCaseExecutor.doExecute(TestCaseExecutor.java:389)
	at com.kms.katalon.core.main.TestCaseExecutor.processExecutionPhase(TestCaseExecutor.java:368)
	at com.kms.katalon.core.main.TestCaseExecutor.accessMainPhase(TestCaseExecutor.java:360)
	at com.kms.katalon.core.main.TestCaseExecutor.execute(TestCaseExecutor.java:255)
	at com.kms.katalon.core.main.TestSuiteExecutor.accessTestCaseMainPhase(TestSuiteExecutor.java:203)
	at com.kms.katalon.core.main.TestSuiteExecutor.accessTestSuiteMainPhase(TestSuiteExecutor.java:152)
	at com.kms.katalon.core.main.TestSuiteExecutor.execute(TestSuiteExecutor.java:95)
	at com.kms.katalon.core.main.TestCaseMain.startTestSuite(TestCaseMain.java:157)
	at com.kms.katalon.core.main.TestCaseMain$startTestSuite$0.call(Unknown Source)
	at TempTestSuite1622370015671.run(TempTestSuite1622370015671.groovy:39)
Caused by: com.kms.katalon.core.exception.StepFailedException: com.kms.katalon.core.webui.exception.WebElementNotFoundException: Web element with id: 'Object Repository/IFObject/Page_TEST CHANNEL - TEAM NAME Mattermost/button_cxtuan_style--none sidebar-header-dropdown__icon' located by '//div[@id='headerInfo']/button' not found
	at com.kms.katalon.core.webui.keyword.internal.WebUIKeywordMain.stepFailed(WebUIKeywordMain.groovy:64)
	at com.kms.katalon.core.webui.keyword.builtin.VerifyElementPresentKeyword$_verifyElementPresent_closure1.doCall(VerifyElementPresentKeyword.groovy:85)
	at com.kms.katalon.core.webui.keyword.builtin.VerifyElementPresentKeyword$_verifyElementPresent_closure1.call(VerifyElementPresentKeyword.groovy)
	at com.kms.katalon.core.webui.keyword.internal.WebUIKeywordMain.runKeyword(WebUIKeywordMain.groovy:20)
	... 35 more
)

2021-05-30 10:37:51 - [TEST_STEP][FAILED] - bool = verifyElementPresent(object, 0): Unable to verify object 'Object Repository/IFObject/Page_TEST CHANNEL - TEAM NAME Mattermost/button_cxtuan_style--none sidebar-header-dropdown__icon' is present (Root cause: com.kms.katalon.core.exception.StepFailedException: Unable to verify object 'Object Repository/IFObject/Page_TEST CHANNEL - TEAM NAME Mattermost/button_cxtuan_style--none sidebar-header-dropdown__icon' is present
	at com.kms.katalon.core.webui.keyword.internal.WebUIKeywordMain.stepFailed(WebUIKeywordMain.groovy:64)
	at com.kms.katalon.core.webui.keyword.internal.WebUIKeywordMain.runKeyword(WebUIKeywordMain.groovy:26)
	at com.kms.katalon.core.webui.keyword.builtin.VerifyElementPresentKeyword.verifyElementPresent(VerifyElementPresentKeyword.groovy:92)
	at com.kms.katalon.core.webui.keyword.builtin.VerifyElementPresentKeyword.execute(VerifyElementPresentKeyword.groovy:68)
	at com.kms.katalon.core.keyword.internal.KeywordExecutor.executeKeywordForPlatform(KeywordExecutor.groovy:73)
	at com.kms.katalon.core.webui.keyword.WebUiBuiltInKeywords.verifyElementPresent(WebUiBuiltInKeywords.groovy:1463)
	at com.kms.katalon.core.webui.keyword.WebUiBuiltInKeywords$verifyElementPresent$4.call(Unknown Source)
	at Time24hIfUserNameThanTen.run(Time24hIfUserNameThanTen:45)
	at com.kms.katalon.core.main.ScriptEngine.run(ScriptEngine.java:194)
	at com.kms.katalon.core.main.ScriptEngine.runScriptAsRawText(ScriptEngine.java:119)
	at com.kms.katalon.core.main.TestCaseExecutor.runScript(TestCaseExecutor.java:398)
	at com.kms.katalon.core.main.TestCaseExecutor.doExecute(TestCaseExecutor.java:389)
	at com.kms.katalon.core.main.TestCaseExecutor.processExecutionPhase(TestCaseExecutor.java:368)
	at com.kms.katalon.core.main.TestCaseExecutor.accessMainPhase(TestCaseExecutor.java:360)
	at com.kms.katalon.core.main.TestCaseExecutor.execute(TestCaseExecutor.java:255)
	at com.kms.katalon.core.main.TestCaseMain.runTestCase(TestCaseMain.java:114)
	at com.kms.katalon.core.keyword.builtin.CallTestCaseKeyword$_callTestCase_closure1.doCall(CallTestCaseKeyword.groovy:59)
	at com.kms.katalon.core.keyword.builtin.CallTestCaseKeyword$_callTestCase_closure1.call(CallTestCaseKeyword.groovy)
	at com.kms.katalon.core.keyword.internal.KeywordMain.runKeyword(KeywordMain.groovy:68)
	at com.kms.katalon.core.keyword.builtin.CallTestCaseKeyword.callTestCase(CallTestCaseKeyword.groovy:81)
	at com.kms.katalon.core.keyword.builtin.CallTestCaseKeyword.execute(CallTestCaseKeyword.groovy:44)
	at com.kms.katalon.core.keyword.internal.KeywordExecutor.executeKeywordForPlatform(KeywordExecutor.groovy:73)
	at com.kms.katalon.core.keyword.BuiltinKeywords.callTestCase(BuiltinKeywords.groovy:350)
	at CallChangeTime.run(CallChangeTime:20)
	at com.kms.katalon.core.main.ScriptEngine.run(ScriptEngine.java:194)
	at com.kms.katalon.core.main.ScriptEngine.runScriptAsRawText(ScriptEngine.java:119)
	at com.kms.katalon.core.main.TestCaseExecutor.runScript(TestCaseExecutor.java:398)
	at com.kms.katalon.core.main.TestCaseExecutor.doExecute(TestCaseExecutor.java:389)
	at com.kms.katalon.core.main.TestCaseExecutor.processExecutionPhase(TestCaseExecutor.java:368)
	at com.kms.katalon.core.main.TestCaseExecutor.accessMainPhase(TestCaseExecutor.java:360)
	at com.kms.katalon.core.main.TestCaseExecutor.execute(TestCaseExecutor.java:255)
	at com.kms.katalon.core.main.TestSuiteExecutor.accessTestCaseMainPhase(TestSuiteExecutor.java:203)
	at com.kms.katalon.core.main.TestSuiteExecutor.accessTestSuiteMainPhase(TestSuiteExecutor.java:152)
	at com.kms.katalon.core.main.TestSuiteExecutor.execute(TestSuiteExecutor.java:95)
	at com.kms.katalon.core.main.TestCaseMain.startTestSuite(TestCaseMain.java:157)
	at com.kms.katalon.core.main.TestCaseMain$startTestSuite$0.call(Unknown Source)
	at TempTestSuite1622370015671.run(TempTestSuite1622370015671.groovy:39)
Caused by: com.kms.katalon.core.exception.StepFailedException: com.kms.katalon.core.webui.exception.WebElementNotFoundException: Web element with id: 'Object Repository/IFObject/Page_TEST CHANNEL - TEAM NAME Mattermost/button_cxtuan_style--none sidebar-header-dropdown__icon' located by '//div[@id='headerInfo']/button' not found
	at com.kms.katalon.core.webui.keyword.internal.WebUIKeywordMain.stepFailed(WebUIKeywordMain.groovy:64)
	at com.kms.katalon.core.webui.keyword.builtin.VerifyElementPresentKeyword$_verifyElementPresent_closure1.doCall(VerifyElementPresentKeyword.groovy:85)
	at com.kms.katalon.core.webui.keyword.builtin.VerifyElementPresentKeyword$_verifyElementPresent_closure1.call(VerifyElementPresentKeyword.groovy)
	at com.kms.katalon.core.webui.keyword.internal.WebUIKeywordMain.runKeyword(WebUIKeywordMain.groovy:20)
	... 35 more
)

2021-05-30 10:37:51 - [MESSAGE][WARNING] - Timeout '0' is invalid. Using default page load timeout: '30'

2021-05-30 10:38:22 - [MESSAGE][INFO] - Unable to find the element located by 'By.xpath: //div[@id='headerInfo']/button'. Please recheck the objects properties to make sure the desired element is located. 

2021-05-30 10:38:22 - [MESSAGE][FAILED] - com.kms.katalon.core.webui.exception.WebElementNotFoundException: Web element with id: 'Object Repository/IFObject/Page_TEST CHANNEL - TEAM NAME Mattermost/button_cxtuan_style--none sidebar-header-dropdown__icon' located by '//div[@id='headerInfo']/button' not found (Root cause: com.kms.katalon.core.exception.StepFailedException: com.kms.katalon.core.webui.exception.WebElementNotFoundException: Web element with id: 'Object Repository/IFObject/Page_TEST CHANNEL - TEAM NAME Mattermost/button_cxtuan_style--none sidebar-header-dropdown__icon' located by '//div[@id='headerInfo']/button' not found
	at com.kms.katalon.core.webui.keyword.internal.WebUIKeywordMain.stepFailed(WebUIKeywordMain.groovy:64)
	at com.kms.katalon.core.webui.keyword.builtin.VerifyElementPresentKeyword$_verifyElementPresent_closure1.doCall(VerifyElementPresentKeyword.groovy:85)
	at com.kms.katalon.core.webui.keyword.builtin.VerifyElementPresentKeyword$_verifyElementPresent_closure1.call(VerifyElementPresentKeyword.groovy)
	at com.kms.katalon.core.webui.keyword.internal.WebUIKeywordMain.runKeyword(WebUIKeywordMain.groovy:20)
	at com.kms.katalon.core.webui.keyword.builtin.VerifyElementPresentKeyword.verifyElementPresent(VerifyElementPresentKeyword.groovy:92)
	at com.kms.katalon.core.webui.keyword.builtin.VerifyElementPresentKeyword.execute(VerifyElementPresentKeyword.groovy:68)
	at com.kms.katalon.core.keyword.internal.KeywordExecutor.executeKeywordForPlatform(KeywordExecutor.groovy:73)
	at com.kms.katalon.core.webui.keyword.WebUiBuiltInKeywords.verifyElementPresent(WebUiBuiltInKeywords.groovy:1463)
	at com.kms.katalon.core.webui.keyword.WebUiBuiltInKeywords$verifyElementPresent$4.call(Unknown Source)
	at Time24hIfUserNameThanTen.run(Time24hIfUserNameThanTen:45)
	at com.kms.katalon.core.main.ScriptEngine.run(ScriptEngine.java:194)
	at com.kms.katalon.core.main.ScriptEngine.runScriptAsRawText(ScriptEngine.java:119)
	at com.kms.katalon.core.main.TestCaseExecutor.runScript(TestCaseExecutor.java:398)
	at com.kms.katalon.core.main.TestCaseExecutor.doExecute(TestCaseExecutor.java:389)
	at com.kms.katalon.core.main.TestCaseExecutor.processExecutionPhase(TestCaseExecutor.java:368)
	at com.kms.katalon.core.main.TestCaseExecutor.accessMainPhase(TestCaseExecutor.java:360)
	at com.kms.katalon.core.main.TestCaseExecutor.execute(TestCaseExecutor.java:255)
	at com.kms.katalon.core.main.TestCaseMain.runTestCase(TestCaseMain.java:114)
	at com.kms.katalon.core.keyword.builtin.CallTestCaseKeyword$_callTestCase_closure1.doCall(CallTestCaseKeyword.groovy:59)
	at com.kms.katalon.core.keyword.builtin.CallTestCaseKeyword$_callTestCase_closure1.call(CallTestCaseKeyword.groovy)
	at com.kms.katalon.core.keyword.internal.KeywordMain.runKeyword(KeywordMain.groovy:68)
	at com.kms.katalon.core.keyword.builtin.CallTestCaseKeyword.callTestCase(CallTestCaseKeyword.groovy:81)
	at com.kms.katalon.core.keyword.builtin.CallTestCaseKeyword.execute(CallTestCaseKeyword.groovy:44)
	at com.kms.katalon.core.keyword.internal.KeywordExecutor.executeKeywordForPlatform(KeywordExecutor.groovy:73)
	at com.kms.katalon.core.keyword.BuiltinKeywords.callTestCase(BuiltinKeywords.groovy:350)
	at CallChangeTime.run(CallChangeTime:20)
	at com.kms.katalon.core.main.ScriptEngine.run(ScriptEngine.java:194)
	at com.kms.katalon.core.main.ScriptEngine.runScriptAsRawText(ScriptEngine.java:119)
	at com.kms.katalon.core.main.TestCaseExecutor.runScript(TestCaseExecutor.java:398)
	at com.kms.katalon.core.main.TestCaseExecutor.doExecute(TestCaseExecutor.java:389)
	at com.kms.katalon.core.main.TestCaseExecutor.processExecutionPhase(TestCaseExecutor.java:368)
	at com.kms.katalon.core.main.TestCaseExecutor.accessMainPhase(TestCaseExecutor.java:360)
	at com.kms.katalon.core.main.TestCaseExecutor.execute(TestCaseExecutor.java:255)
	at com.kms.katalon.core.main.TestSuiteExecutor.accessTestCaseMainPhase(TestSuiteExecutor.java:203)
	at com.kms.katalon.core.main.TestSuiteExecutor.accessTestSuiteMainPhase(TestSuiteExecutor.java:152)
	at com.kms.katalon.core.main.TestSuiteExecutor.execute(TestSuiteExecutor.java:95)
	at com.kms.katalon.core.main.TestCaseMain.startTestSuite(TestCaseMain.java:157)
	at com.kms.katalon.core.main.TestCaseMain$startTestSuite$0.call(Unknown Source)
	at TempTestSuite1622370015671.run(TempTestSuite1622370015671.groovy:39)
)
[[ATTACHMENT|C:\\Users\\nttuan\\Downloads\\CDNC\\mattermost-testing\\Reports\\20210530_102014\\Run all test cases\\20210530_102015\\1622371102559.png]]

2021-05-30 10:38:22 - [MESSAGE][FAILED] - Unable to verify object 'Object Repository/IFObject/Page_TEST CHANNEL - TEAM NAME Mattermost/button_cxtuan_style--none sidebar-header-dropdown__icon' is present (Root cause: com.kms.katalon.core.exception.StepFailedException: Unable to verify object 'Object Repository/IFObject/Page_TEST CHANNEL - TEAM NAME Mattermost/button_cxtuan_style--none sidebar-header-dropdown__icon' is present
	at com.kms.katalon.core.webui.keyword.internal.WebUIKeywordMain.stepFailed(WebUIKeywordMain.groovy:64)
	at com.kms.katalon.core.webui.keyword.internal.WebUIKeywordMain.runKeyword(WebUIKeywordMain.groovy:26)
	at com.kms.katalon.core.webui.keyword.builtin.VerifyElementPresentKeyword.verifyElementPresent(VerifyElementPresentKeyword.groovy:92)
	at com.kms.katalon.core.webui.keyword.builtin.VerifyElementPresentKeyword.execute(VerifyElementPresentKeyword.groovy:68)
	at com.kms.katalon.core.keyword.internal.KeywordExecutor.executeKeywordForPlatform(KeywordExecutor.groovy:73)
	at com.kms.katalon.core.webui.keyword.WebUiBuiltInKeywords.verifyElementPresent(WebUiBuiltInKeywords.groovy:1463)
	at com.kms.katalon.core.webui.keyword.WebUiBuiltInKeywords$verifyElementPresent$4.call(Unknown Source)
	at Time24hIfUserNameThanTen.run(Time24hIfUserNameThanTen:45)
	at com.kms.katalon.core.main.ScriptEngine.run(ScriptEngine.java:194)
	at com.kms.katalon.core.main.ScriptEngine.runScriptAsRawText(ScriptEngine.java:119)
	at com.kms.katalon.core.main.TestCaseExecutor.runScript(TestCaseExecutor.java:398)
	at com.kms.katalon.core.main.TestCaseExecutor.doExecute(TestCaseExecutor.java:389)
	at com.kms.katalon.core.main.TestCaseExecutor.processExecutionPhase(TestCaseExecutor.java:368)
	at com.kms.katalon.core.main.TestCaseExecutor.accessMainPhase(TestCaseExecutor.java:360)
	at com.kms.katalon.core.main.TestCaseExecutor.execute(TestCaseExecutor.java:255)
	at com.kms.katalon.core.main.TestCaseMain.runTestCase(TestCaseMain.java:114)
	at com.kms.katalon.core.keyword.builtin.CallTestCaseKeyword$_callTestCase_closure1.doCall(CallTestCaseKeyword.groovy:59)
	at com.kms.katalon.core.keyword.builtin.CallTestCaseKeyword$_callTestCase_closure1.call(CallTestCaseKeyword.groovy)
	at com.kms.katalon.core.keyword.internal.KeywordMain.runKeyword(KeywordMain.groovy:68)
	at com.kms.katalon.core.keyword.builtin.CallTestCaseKeyword.callTestCase(CallTestCaseKeyword.groovy:81)
	at com.kms.katalon.core.keyword.builtin.CallTestCaseKeyword.execute(CallTestCaseKeyword.groovy:44)
	at com.kms.katalon.core.keyword.internal.KeywordExecutor.executeKeywordForPlatform(KeywordExecutor.groovy:73)
	at com.kms.katalon.core.keyword.BuiltinKeywords.callTestCase(BuiltinKeywords.groovy:350)
	at CallChangeTime.run(CallChangeTime:20)
	at com.kms.katalon.core.main.ScriptEngine.run(ScriptEngine.java:194)
	at com.kms.katalon.core.main.ScriptEngine.runScriptAsRawText(ScriptEngine.java:119)
	at com.kms.katalon.core.main.TestCaseExecutor.runScript(TestCaseExecutor.java:398)
	at com.kms.katalon.core.main.TestCaseExecutor.doExecute(TestCaseExecutor.java:389)
	at com.kms.katalon.core.main.TestCaseExecutor.processExecutionPhase(TestCaseExecutor.java:368)
	at com.kms.katalon.core.main.TestCaseExecutor.accessMainPhase(TestCaseExecutor.java:360)
	at com.kms.katalon.core.main.TestCaseExecutor.execute(TestCaseExecutor.java:255)
	at com.kms.katalon.core.main.TestSuiteExecutor.accessTestCaseMainPhase(TestSuiteExecutor.java:203)
	at com.kms.katalon.core.main.TestSuiteExecutor.accessTestSuiteMainPhase(TestSuiteExecutor.java:152)
	at com.kms.katalon.core.main.TestSuiteExecutor.execute(TestSuiteExecutor.java:95)
	at com.kms.katalon.core.main.TestCaseMain.startTestSuite(TestCaseMain.java:157)
	at com.kms.katalon.core.main.TestCaseMain$startTestSuite$0.call(Unknown Source)
	at TempTestSuite1622370015671.run(TempTestSuite1622370015671.groovy:39)
Caused by: com.kms.katalon.core.exception.StepFailedException: com.kms.katalon.core.webui.exception.WebElementNotFoundException: Web element with id: 'Object Repository/IFObject/Page_TEST CHANNEL - TEAM NAME Mattermost/button_cxtuan_style--none sidebar-header-dropdown__icon' located by '//div[@id='headerInfo']/button' not found
	at com.kms.katalon.core.webui.keyword.internal.WebUIKeywordMain.stepFailed(WebUIKeywordMain.groovy:64)
	at com.kms.katalon.core.webui.keyword.builtin.VerifyElementPresentKeyword$_verifyElementPresent_closure1.doCall(VerifyElementPresentKeyword.groovy:85)
	at com.kms.katalon.core.webui.keyword.builtin.VerifyElementPresentKeyword$_verifyElementPresent_closure1.call(VerifyElementPresentKeyword.groovy)
	at com.kms.katalon.core.webui.keyword.internal.WebUIKeywordMain.runKeyword(WebUIKeywordMain.groovy:20)
	... 35 more
)
[[ATTACHMENT|C:\\Users\\nttuan\\Downloads\\CDNC\\mattermost-testing\\Reports\\20210530_102014\\Run all test cases\\20210530_102015\\1622371102627.png]]

2021-05-30 10:38:22 - [TEST_STEP][PASSED] - catch (Exception ex): null

2021-05-30 10:38:22 - [TEST_STEP][PASSED] - Finally: Browser is closed

2021-05-30 10:38:22 - [TEST_STEP][PASSED] - if (bool && username.length() < 10): null

2021-05-30 10:38:22 - [TEST_STEP][PASSED] - else: Browser is closed

2021-05-30 10:38:22 - [TEST_STEP][PASSED] - closeBrowser(): Browser is closed

2021-05-30 10:38:23 - [MESSAGE][PASSED] - Browser is closed

2021-05-30 10:38:23 - [MESSAGE][PASSED] - Call Test Case 'Test Cases/TestCasesIf/Time24hIfUserNameThanTen' successfully]]></system-out>
         <system-err><![CDATA[]]></system-err>
      </testcase>
      <testcase name="Test Cases/TestCasesIf/CallChangeUserName" time="37.429" classname="Test Cases/TestCasesIf/CallChangeUserName" status="PASSED">
         <system-out><![CDATA[2021-05-30 10:38:23 - [TEST_CASE][PASSED] - Test Cases/TestCasesIf/CallChangeUserName: Test Cases/TestCasesIf/CallChangeUserName

2021-05-30 10:38:23 - [TEST_STEP][PASSED] - callTestCase(findTestCase("TestCasesIf/ChangeUserNameIfLessTen"), ["username":"cxtuan", "password":"01672471821nT@"]): Call Test Case 'Test Cases/TestCasesIf/ChangeUserNameIfLessTen' successfully

2021-05-30 10:38:23 - [TEST_CASE][PASSED] - Test Cases/TestCasesIf/ChangeUserNameIfLessTen: Test Cases/TestCasesIf/ChangeUserNameIfLessTen

2021-05-30 10:38:24 - [TEST_STEP][PASSED] - callTestCase(findTestCase("Test Cases/Common Test Cases/Login"), ["Username":username, "Password":password]): Call Test Case 'Test Cases/Common Test Cases/Login' successfully

2021-05-30 10:38:24 - [TEST_CASE][PASSED] - Test Cases/Common Test Cases/Login: Test Cases/Common Test Cases/Login

2021-05-30 10:38:24 - [TEST_STEP][PASSED] - openBrowser(""): Browser is opened with url: ''

2021-05-30 10:38:24 - [MESSAGE][INFO] - Starting 'Chrome' driver

2021-05-30 10:38:24 - [MESSAGE][INFO] - Action delay is set to 0 milliseconds

2021-05-30 10:38:25 - [MESSAGE][PASSED] - Browser is opened with url: ''

2021-05-30 10:38:25 - [TEST_STEP][PASSED] - navigateToUrl("https://chudenangcao2021.cf/"): Navigate to 'https://chudenangcao2021.cf/' successfully

2021-05-30 10:38:25 - [MESSAGE][PASSED] - Navigate to 'https://chudenangcao2021.cf/' successfully

2021-05-30 10:38:25 - [TEST_STEP][PASSED] - setText(findTestObject("Object Repository/Page_Mattermost/input_All team communication in one place, _dcc84b"), Username): Text 'cxtuan' is set on object 'Object Repository/Page_Mattermost/input_All team communication in one place, _dcc84b'

2021-05-30 10:38:27 - [MESSAGE][PASSED] - Text 'cxtuan' is set on object 'Object Repository/Page_Mattermost/input_All team communication in one place, _dcc84b'

2021-05-30 10:38:27 - [TEST_STEP][PASSED] - setText(findTestObject("Object Repository/Page_Mattermost/input_All team communication in one place, _a3edc6"), Password): Text '01672471821nT@' is set on object 'Object Repository/Page_Mattermost/input_All team communication in one place, _a3edc6'

2021-05-30 10:38:28 - [MESSAGE][PASSED] - Text '01672471821nT@' is set on object 'Object Repository/Page_Mattermost/input_All team communication in one place, _a3edc6'

2021-05-30 10:38:28 - [TEST_STEP][PASSED] - click(findTestObject("Object Repository/Page_Mattermost/button_Sign in")): Object: 'Object Repository/Page_Mattermost/button_Sign in' is clicked on

2021-05-30 10:38:28 - [MESSAGE][PASSED] - Object: 'Object Repository/Page_Mattermost/button_Sign in' is clicked on

2021-05-30 10:38:28 - [TEST_STEP][PASSED] - verifyLinksAccessible(["https://chudenangcao2021.cf/cdnc-cnpm-2021/channels"]): All links are accessible

2021-05-30 10:38:28 - [MESSAGE][INFO] - HAR: C:\Users\nttuan\Downloads\CDNC\mattermost-testing\Reports\20210530_102014\Run all test cases\20210530_102015\requests\main\53.har

2021-05-30 10:38:28 - [MESSAGE][PASSED] - Send request successfully

2021-05-30 10:38:28 - [MESSAGE][PASSED] - All links are accessible

2021-05-30 10:38:28 - [MESSAGE][PASSED] - Call Test Case 'Test Cases/Common Test Cases/Login' successfully

2021-05-30 10:38:28 - [TEST_STEP][PASSED] - object = findTestObject("Object Repository/IFObject/Page_TEST CHANNEL - TEAM NAME Mattermost/button_cxtuan_style--none sidebar-header-dropdown__icon"): null

2021-05-30 10:38:28 - [TEST_STEP][PASSED] - bool = false: null

2021-05-30 10:38:28 - [TEST_STEP][FAILED] - try: Unable to verify object 'Object Repository/IFObject/Page_TEST CHANNEL - TEAM NAME Mattermost/button_cxtuan_style--none sidebar-header-dropdown__icon' is present (Root cause: com.kms.katalon.core.exception.StepFailedException: Unable to verify object 'Object Repository/IFObject/Page_TEST CHANNEL - TEAM NAME Mattermost/button_cxtuan_style--none sidebar-header-dropdown__icon' is present
	at com.kms.katalon.core.webui.keyword.internal.WebUIKeywordMain.stepFailed(WebUIKeywordMain.groovy:64)
	at com.kms.katalon.core.webui.keyword.internal.WebUIKeywordMain.runKeyword(WebUIKeywordMain.groovy:26)
	at com.kms.katalon.core.webui.keyword.builtin.VerifyElementPresentKeyword.verifyElementPresent(VerifyElementPresentKeyword.groovy:92)
	at com.kms.katalon.core.webui.keyword.builtin.VerifyElementPresentKeyword.execute(VerifyElementPresentKeyword.groovy:68)
	at com.kms.katalon.core.keyword.internal.KeywordExecutor.executeKeywordForPlatform(KeywordExecutor.groovy:73)
	at com.kms.katalon.core.webui.keyword.WebUiBuiltInKeywords.verifyElementPresent(WebUiBuiltInKeywords.groovy:1463)
	at com.kms.katalon.core.webui.keyword.WebUiBuiltInKeywords$verifyElementPresent$4.call(Unknown Source)
	at ChangeUserNameIfLessTen.run(ChangeUserNameIfLessTen:45)
	at com.kms.katalon.core.main.ScriptEngine.run(ScriptEngine.java:194)
	at com.kms.katalon.core.main.ScriptEngine.runScriptAsRawText(ScriptEngine.java:119)
	at com.kms.katalon.core.main.TestCaseExecutor.runScript(TestCaseExecutor.java:398)
	at com.kms.katalon.core.main.TestCaseExecutor.doExecute(TestCaseExecutor.java:389)
	at com.kms.katalon.core.main.TestCaseExecutor.processExecutionPhase(TestCaseExecutor.java:368)
	at com.kms.katalon.core.main.TestCaseExecutor.accessMainPhase(TestCaseExecutor.java:360)
	at com.kms.katalon.core.main.TestCaseExecutor.execute(TestCaseExecutor.java:255)
	at com.kms.katalon.core.main.TestCaseMain.runTestCase(TestCaseMain.java:114)
	at com.kms.katalon.core.keyword.builtin.CallTestCaseKeyword$_callTestCase_closure1.doCall(CallTestCaseKeyword.groovy:59)
	at com.kms.katalon.core.keyword.builtin.CallTestCaseKeyword$_callTestCase_closure1.call(CallTestCaseKeyword.groovy)
	at com.kms.katalon.core.keyword.internal.KeywordMain.runKeyword(KeywordMain.groovy:68)
	at com.kms.katalon.core.keyword.builtin.CallTestCaseKeyword.callTestCase(CallTestCaseKeyword.groovy:81)
	at com.kms.katalon.core.keyword.builtin.CallTestCaseKeyword.execute(CallTestCaseKeyword.groovy:44)
	at com.kms.katalon.core.keyword.internal.KeywordExecutor.executeKeywordForPlatform(KeywordExecutor.groovy:73)
	at com.kms.katalon.core.keyword.BuiltinKeywords.callTestCase(BuiltinKeywords.groovy:350)
	at CallChangeUserName.run(CallChangeUserName:20)
	at com.kms.katalon.core.main.ScriptEngine.run(ScriptEngine.java:194)
	at com.kms.katalon.core.main.ScriptEngine.runScriptAsRawText(ScriptEngine.java:119)
	at com.kms.katalon.core.main.TestCaseExecutor.runScript(TestCaseExecutor.java:398)
	at com.kms.katalon.core.main.TestCaseExecutor.doExecute(TestCaseExecutor.java:389)
	at com.kms.katalon.core.main.TestCaseExecutor.processExecutionPhase(TestCaseExecutor.java:368)
	at com.kms.katalon.core.main.TestCaseExecutor.accessMainPhase(TestCaseExecutor.java:360)
	at com.kms.katalon.core.main.TestCaseExecutor.execute(TestCaseExecutor.java:255)
	at com.kms.katalon.core.main.TestSuiteExecutor.accessTestCaseMainPhase(TestSuiteExecutor.java:203)
	at com.kms.katalon.core.main.TestSuiteExecutor.accessTestSuiteMainPhase(TestSuiteExecutor.java:152)
	at com.kms.katalon.core.main.TestSuiteExecutor.execute(TestSuiteExecutor.java:95)
	at com.kms.katalon.core.main.TestCaseMain.startTestSuite(TestCaseMain.java:157)
	at com.kms.katalon.core.main.TestCaseMain$startTestSuite$0.call(Unknown Source)
	at TempTestSuite1622370015671.run(TempTestSuite1622370015671.groovy:39)
Caused by: com.kms.katalon.core.exception.StepFailedException: com.kms.katalon.core.webui.exception.WebElementNotFoundException: Web element with id: 'Object Repository/IFObject/Page_TEST CHANNEL - TEAM NAME Mattermost/button_cxtuan_style--none sidebar-header-dropdown__icon' located by '//div[@id='headerInfo']/button' not found
	at com.kms.katalon.core.webui.keyword.internal.WebUIKeywordMain.stepFailed(WebUIKeywordMain.groovy:64)
	at com.kms.katalon.core.webui.keyword.builtin.VerifyElementPresentKeyword$_verifyElementPresent_closure1.doCall(VerifyElementPresentKeyword.groovy:85)
	at com.kms.katalon.core.webui.keyword.builtin.VerifyElementPresentKeyword$_verifyElementPresent_closure1.call(VerifyElementPresentKeyword.groovy)
	at com.kms.katalon.core.webui.keyword.internal.WebUIKeywordMain.runKeyword(WebUIKeywordMain.groovy:20)
	... 35 more
)

2021-05-30 10:38:28 - [TEST_STEP][FAILED] - bool = verifyElementPresent(object, 0): Unable to verify object 'Object Repository/IFObject/Page_TEST CHANNEL - TEAM NAME Mattermost/button_cxtuan_style--none sidebar-header-dropdown__icon' is present (Root cause: com.kms.katalon.core.exception.StepFailedException: Unable to verify object 'Object Repository/IFObject/Page_TEST CHANNEL - TEAM NAME Mattermost/button_cxtuan_style--none sidebar-header-dropdown__icon' is present
	at com.kms.katalon.core.webui.keyword.internal.WebUIKeywordMain.stepFailed(WebUIKeywordMain.groovy:64)
	at com.kms.katalon.core.webui.keyword.internal.WebUIKeywordMain.runKeyword(WebUIKeywordMain.groovy:26)
	at com.kms.katalon.core.webui.keyword.builtin.VerifyElementPresentKeyword.verifyElementPresent(VerifyElementPresentKeyword.groovy:92)
	at com.kms.katalon.core.webui.keyword.builtin.VerifyElementPresentKeyword.execute(VerifyElementPresentKeyword.groovy:68)
	at com.kms.katalon.core.keyword.internal.KeywordExecutor.executeKeywordForPlatform(KeywordExecutor.groovy:73)
	at com.kms.katalon.core.webui.keyword.WebUiBuiltInKeywords.verifyElementPresent(WebUiBuiltInKeywords.groovy:1463)
	at com.kms.katalon.core.webui.keyword.WebUiBuiltInKeywords$verifyElementPresent$4.call(Unknown Source)
	at ChangeUserNameIfLessTen.run(ChangeUserNameIfLessTen:45)
	at com.kms.katalon.core.main.ScriptEngine.run(ScriptEngine.java:194)
	at com.kms.katalon.core.main.ScriptEngine.runScriptAsRawText(ScriptEngine.java:119)
	at com.kms.katalon.core.main.TestCaseExecutor.runScript(TestCaseExecutor.java:398)
	at com.kms.katalon.core.main.TestCaseExecutor.doExecute(TestCaseExecutor.java:389)
	at com.kms.katalon.core.main.TestCaseExecutor.processExecutionPhase(TestCaseExecutor.java:368)
	at com.kms.katalon.core.main.TestCaseExecutor.accessMainPhase(TestCaseExecutor.java:360)
	at com.kms.katalon.core.main.TestCaseExecutor.execute(TestCaseExecutor.java:255)
	at com.kms.katalon.core.main.TestCaseMain.runTestCase(TestCaseMain.java:114)
	at com.kms.katalon.core.keyword.builtin.CallTestCaseKeyword$_callTestCase_closure1.doCall(CallTestCaseKeyword.groovy:59)
	at com.kms.katalon.core.keyword.builtin.CallTestCaseKeyword$_callTestCase_closure1.call(CallTestCaseKeyword.groovy)
	at com.kms.katalon.core.keyword.internal.KeywordMain.runKeyword(KeywordMain.groovy:68)
	at com.kms.katalon.core.keyword.builtin.CallTestCaseKeyword.callTestCase(CallTestCaseKeyword.groovy:81)
	at com.kms.katalon.core.keyword.builtin.CallTestCaseKeyword.execute(CallTestCaseKeyword.groovy:44)
	at com.kms.katalon.core.keyword.internal.KeywordExecutor.executeKeywordForPlatform(KeywordExecutor.groovy:73)
	at com.kms.katalon.core.keyword.BuiltinKeywords.callTestCase(BuiltinKeywords.groovy:350)
	at CallChangeUserName.run(CallChangeUserName:20)
	at com.kms.katalon.core.main.ScriptEngine.run(ScriptEngine.java:194)
	at com.kms.katalon.core.main.ScriptEngine.runScriptAsRawText(ScriptEngine.java:119)
	at com.kms.katalon.core.main.TestCaseExecutor.runScript(TestCaseExecutor.java:398)
	at com.kms.katalon.core.main.TestCaseExecutor.doExecute(TestCaseExecutor.java:389)
	at com.kms.katalon.core.main.TestCaseExecutor.processExecutionPhase(TestCaseExecutor.java:368)
	at com.kms.katalon.core.main.TestCaseExecutor.accessMainPhase(TestCaseExecutor.java:360)
	at com.kms.katalon.core.main.TestCaseExecutor.execute(TestCaseExecutor.java:255)
	at com.kms.katalon.core.main.TestSuiteExecutor.accessTestCaseMainPhase(TestSuiteExecutor.java:203)
	at com.kms.katalon.core.main.TestSuiteExecutor.accessTestSuiteMainPhase(TestSuiteExecutor.java:152)
	at com.kms.katalon.core.main.TestSuiteExecutor.execute(TestSuiteExecutor.java:95)
	at com.kms.katalon.core.main.TestCaseMain.startTestSuite(TestCaseMain.java:157)
	at com.kms.katalon.core.main.TestCaseMain$startTestSuite$0.call(Unknown Source)
	at TempTestSuite1622370015671.run(TempTestSuite1622370015671.groovy:39)
Caused by: com.kms.katalon.core.exception.StepFailedException: com.kms.katalon.core.webui.exception.WebElementNotFoundException: Web element with id: 'Object Repository/IFObject/Page_TEST CHANNEL - TEAM NAME Mattermost/button_cxtuan_style--none sidebar-header-dropdown__icon' located by '//div[@id='headerInfo']/button' not found
	at com.kms.katalon.core.webui.keyword.internal.WebUIKeywordMain.stepFailed(WebUIKeywordMain.groovy:64)
	at com.kms.katalon.core.webui.keyword.builtin.VerifyElementPresentKeyword$_verifyElementPresent_closure1.doCall(VerifyElementPresentKeyword.groovy:85)
	at com.kms.katalon.core.webui.keyword.builtin.VerifyElementPresentKeyword$_verifyElementPresent_closure1.call(VerifyElementPresentKeyword.groovy)
	at com.kms.katalon.core.webui.keyword.internal.WebUIKeywordMain.runKeyword(WebUIKeywordMain.groovy:20)
	... 35 more
)

2021-05-30 10:38:28 - [MESSAGE][WARNING] - Timeout '0' is invalid. Using default page load timeout: '30'

2021-05-30 10:38:59 - [MESSAGE][INFO] - Unable to find the element located by 'By.xpath: //div[@id='headerInfo']/button'. Please recheck the objects properties to make sure the desired element is located. 

2021-05-30 10:38:59 - [MESSAGE][FAILED] - com.kms.katalon.core.webui.exception.WebElementNotFoundException: Web element with id: 'Object Repository/IFObject/Page_TEST CHANNEL - TEAM NAME Mattermost/button_cxtuan_style--none sidebar-header-dropdown__icon' located by '//div[@id='headerInfo']/button' not found (Root cause: com.kms.katalon.core.exception.StepFailedException: com.kms.katalon.core.webui.exception.WebElementNotFoundException: Web element with id: 'Object Repository/IFObject/Page_TEST CHANNEL - TEAM NAME Mattermost/button_cxtuan_style--none sidebar-header-dropdown__icon' located by '//div[@id='headerInfo']/button' not found
	at com.kms.katalon.core.webui.keyword.internal.WebUIKeywordMain.stepFailed(WebUIKeywordMain.groovy:64)
	at com.kms.katalon.core.webui.keyword.builtin.VerifyElementPresentKeyword$_verifyElementPresent_closure1.doCall(VerifyElementPresentKeyword.groovy:85)
	at com.kms.katalon.core.webui.keyword.builtin.VerifyElementPresentKeyword$_verifyElementPresent_closure1.call(VerifyElementPresentKeyword.groovy)
	at com.kms.katalon.core.webui.keyword.internal.WebUIKeywordMain.runKeyword(WebUIKeywordMain.groovy:20)
	at com.kms.katalon.core.webui.keyword.builtin.VerifyElementPresentKeyword.verifyElementPresent(VerifyElementPresentKeyword.groovy:92)
	at com.kms.katalon.core.webui.keyword.builtin.VerifyElementPresentKeyword.execute(VerifyElementPresentKeyword.groovy:68)
	at com.kms.katalon.core.keyword.internal.KeywordExecutor.executeKeywordForPlatform(KeywordExecutor.groovy:73)
	at com.kms.katalon.core.webui.keyword.WebUiBuiltInKeywords.verifyElementPresent(WebUiBuiltInKeywords.groovy:1463)
	at com.kms.katalon.core.webui.keyword.WebUiBuiltInKeywords$verifyElementPresent$4.call(Unknown Source)
	at ChangeUserNameIfLessTen.run(ChangeUserNameIfLessTen:45)
	at com.kms.katalon.core.main.ScriptEngine.run(ScriptEngine.java:194)
	at com.kms.katalon.core.main.ScriptEngine.runScriptAsRawText(ScriptEngine.java:119)
	at com.kms.katalon.core.main.TestCaseExecutor.runScript(TestCaseExecutor.java:398)
	at com.kms.katalon.core.main.TestCaseExecutor.doExecute(TestCaseExecutor.java:389)
	at com.kms.katalon.core.main.TestCaseExecutor.processExecutionPhase(TestCaseExecutor.java:368)
	at com.kms.katalon.core.main.TestCaseExecutor.accessMainPhase(TestCaseExecutor.java:360)
	at com.kms.katalon.core.main.TestCaseExecutor.execute(TestCaseExecutor.java:255)
	at com.kms.katalon.core.main.TestCaseMain.runTestCase(TestCaseMain.java:114)
	at com.kms.katalon.core.keyword.builtin.CallTestCaseKeyword$_callTestCase_closure1.doCall(CallTestCaseKeyword.groovy:59)
	at com.kms.katalon.core.keyword.builtin.CallTestCaseKeyword$_callTestCase_closure1.call(CallTestCaseKeyword.groovy)
	at com.kms.katalon.core.keyword.internal.KeywordMain.runKeyword(KeywordMain.groovy:68)
	at com.kms.katalon.core.keyword.builtin.CallTestCaseKeyword.callTestCase(CallTestCaseKeyword.groovy:81)
	at com.kms.katalon.core.keyword.builtin.CallTestCaseKeyword.execute(CallTestCaseKeyword.groovy:44)
	at com.kms.katalon.core.keyword.internal.KeywordExecutor.executeKeywordForPlatform(KeywordExecutor.groovy:73)
	at com.kms.katalon.core.keyword.BuiltinKeywords.callTestCase(BuiltinKeywords.groovy:350)
	at CallChangeUserName.run(CallChangeUserName:20)
	at com.kms.katalon.core.main.ScriptEngine.run(ScriptEngine.java:194)
	at com.kms.katalon.core.main.ScriptEngine.runScriptAsRawText(ScriptEngine.java:119)
	at com.kms.katalon.core.main.TestCaseExecutor.runScript(TestCaseExecutor.java:398)
	at com.kms.katalon.core.main.TestCaseExecutor.doExecute(TestCaseExecutor.java:389)
	at com.kms.katalon.core.main.TestCaseExecutor.processExecutionPhase(TestCaseExecutor.java:368)
	at com.kms.katalon.core.main.TestCaseExecutor.accessMainPhase(TestCaseExecutor.java:360)
	at com.kms.katalon.core.main.TestCaseExecutor.execute(TestCaseExecutor.java:255)
	at com.kms.katalon.core.main.TestSuiteExecutor.accessTestCaseMainPhase(TestSuiteExecutor.java:203)
	at com.kms.katalon.core.main.TestSuiteExecutor.accessTestSuiteMainPhase(TestSuiteExecutor.java:152)
	at com.kms.katalon.core.main.TestSuiteExecutor.execute(TestSuiteExecutor.java:95)
	at com.kms.katalon.core.main.TestCaseMain.startTestSuite(TestCaseMain.java:157)
	at com.kms.katalon.core.main.TestCaseMain$startTestSuite$0.call(Unknown Source)
	at TempTestSuite1622370015671.run(TempTestSuite1622370015671.groovy:39)
)
[[ATTACHMENT|C:\\Users\\nttuan\\Downloads\\CDNC\\mattermost-testing\\Reports\\20210530_102014\\Run all test cases\\20210530_102015\\1622371139911.png]]

2021-05-30 10:39:00 - [MESSAGE][FAILED] - Unable to verify object 'Object Repository/IFObject/Page_TEST CHANNEL - TEAM NAME Mattermost/button_cxtuan_style--none sidebar-header-dropdown__icon' is present (Root cause: com.kms.katalon.core.exception.StepFailedException: Unable to verify object 'Object Repository/IFObject/Page_TEST CHANNEL - TEAM NAME Mattermost/button_cxtuan_style--none sidebar-header-dropdown__icon' is present
	at com.kms.katalon.core.webui.keyword.internal.WebUIKeywordMain.stepFailed(WebUIKeywordMain.groovy:64)
	at com.kms.katalon.core.webui.keyword.internal.WebUIKeywordMain.runKeyword(WebUIKeywordMain.groovy:26)
	at com.kms.katalon.core.webui.keyword.builtin.VerifyElementPresentKeyword.verifyElementPresent(VerifyElementPresentKeyword.groovy:92)
	at com.kms.katalon.core.webui.keyword.builtin.VerifyElementPresentKeyword.execute(VerifyElementPresentKeyword.groovy:68)
	at com.kms.katalon.core.keyword.internal.KeywordExecutor.executeKeywordForPlatform(KeywordExecutor.groovy:73)
	at com.kms.katalon.core.webui.keyword.WebUiBuiltInKeywords.verifyElementPresent(WebUiBuiltInKeywords.groovy:1463)
	at com.kms.katalon.core.webui.keyword.WebUiBuiltInKeywords$verifyElementPresent$4.call(Unknown Source)
	at ChangeUserNameIfLessTen.run(ChangeUserNameIfLessTen:45)
	at com.kms.katalon.core.main.ScriptEngine.run(ScriptEngine.java:194)
	at com.kms.katalon.core.main.ScriptEngine.runScriptAsRawText(ScriptEngine.java:119)
	at com.kms.katalon.core.main.TestCaseExecutor.runScript(TestCaseExecutor.java:398)
	at com.kms.katalon.core.main.TestCaseExecutor.doExecute(TestCaseExecutor.java:389)
	at com.kms.katalon.core.main.TestCaseExecutor.processExecutionPhase(TestCaseExecutor.java:368)
	at com.kms.katalon.core.main.TestCaseExecutor.accessMainPhase(TestCaseExecutor.java:360)
	at com.kms.katalon.core.main.TestCaseExecutor.execute(TestCaseExecutor.java:255)
	at com.kms.katalon.core.main.TestCaseMain.runTestCase(TestCaseMain.java:114)
	at com.kms.katalon.core.keyword.builtin.CallTestCaseKeyword$_callTestCase_closure1.doCall(CallTestCaseKeyword.groovy:59)
	at com.kms.katalon.core.keyword.builtin.CallTestCaseKeyword$_callTestCase_closure1.call(CallTestCaseKeyword.groovy)
	at com.kms.katalon.core.keyword.internal.KeywordMain.runKeyword(KeywordMain.groovy:68)
	at com.kms.katalon.core.keyword.builtin.CallTestCaseKeyword.callTestCase(CallTestCaseKeyword.groovy:81)
	at com.kms.katalon.core.keyword.builtin.CallTestCaseKeyword.execute(CallTestCaseKeyword.groovy:44)
	at com.kms.katalon.core.keyword.internal.KeywordExecutor.executeKeywordForPlatform(KeywordExecutor.groovy:73)
	at com.kms.katalon.core.keyword.BuiltinKeywords.callTestCase(BuiltinKeywords.groovy:350)
	at CallChangeUserName.run(CallChangeUserName:20)
	at com.kms.katalon.core.main.ScriptEngine.run(ScriptEngine.java:194)
	at com.kms.katalon.core.main.ScriptEngine.runScriptAsRawText(ScriptEngine.java:119)
	at com.kms.katalon.core.main.TestCaseExecutor.runScript(TestCaseExecutor.java:398)
	at com.kms.katalon.core.main.TestCaseExecutor.doExecute(TestCaseExecutor.java:389)
	at com.kms.katalon.core.main.TestCaseExecutor.processExecutionPhase(TestCaseExecutor.java:368)
	at com.kms.katalon.core.main.TestCaseExecutor.accessMainPhase(TestCaseExecutor.java:360)
	at com.kms.katalon.core.main.TestCaseExecutor.execute(TestCaseExecutor.java:255)
	at com.kms.katalon.core.main.TestSuiteExecutor.accessTestCaseMainPhase(TestSuiteExecutor.java:203)
	at com.kms.katalon.core.main.TestSuiteExecutor.accessTestSuiteMainPhase(TestSuiteExecutor.java:152)
	at com.kms.katalon.core.main.TestSuiteExecutor.execute(TestSuiteExecutor.java:95)
	at com.kms.katalon.core.main.TestCaseMain.startTestSuite(TestCaseMain.java:157)
	at com.kms.katalon.core.main.TestCaseMain$startTestSuite$0.call(Unknown Source)
	at TempTestSuite1622370015671.run(TempTestSuite1622370015671.groovy:39)
Caused by: com.kms.katalon.core.exception.StepFailedException: com.kms.katalon.core.webui.exception.WebElementNotFoundException: Web element with id: 'Object Repository/IFObject/Page_TEST CHANNEL - TEAM NAME Mattermost/button_cxtuan_style--none sidebar-header-dropdown__icon' located by '//div[@id='headerInfo']/button' not found
	at com.kms.katalon.core.webui.keyword.internal.WebUIKeywordMain.stepFailed(WebUIKeywordMain.groovy:64)
	at com.kms.katalon.core.webui.keyword.builtin.VerifyElementPresentKeyword$_verifyElementPresent_closure1.doCall(VerifyElementPresentKeyword.groovy:85)
	at com.kms.katalon.core.webui.keyword.builtin.VerifyElementPresentKeyword$_verifyElementPresent_closure1.call(VerifyElementPresentKeyword.groovy)
	at com.kms.katalon.core.webui.keyword.internal.WebUIKeywordMain.runKeyword(WebUIKeywordMain.groovy:20)
	... 35 more
)
[[ATTACHMENT|C:\\Users\\nttuan\\Downloads\\CDNC\\mattermost-testing\\Reports\\20210530_102014\\Run all test cases\\20210530_102015\\1622371139986.png]]

2021-05-30 10:39:00 - [TEST_STEP][PASSED] - catch (Exception ex): null

2021-05-30 10:39:00 - [TEST_STEP][PASSED] - Finally: Browser is closed

2021-05-30 10:39:00 - [TEST_STEP][PASSED] - if (bool && username.length() < 10): null

2021-05-30 10:39:00 - [TEST_STEP][PASSED] - else: Browser is closed

2021-05-30 10:39:00 - [TEST_STEP][PASSED] - closeBrowser(): Browser is closed

2021-05-30 10:39:00 - [MESSAGE][PASSED] - Browser is closed

2021-05-30 10:39:00 - [MESSAGE][PASSED] - Call Test Case 'Test Cases/TestCasesIf/ChangeUserNameIfLessTen' successfully]]></system-out>
         <system-err><![CDATA[]]></system-err>
      </testcase>
      <testcase name="Test Cases/TestCasesIf/ChangeUserNameIfLessTen" time="36.657" classname="Test Cases/TestCasesIf/ChangeUserNameIfLessTen" status="PASSED">
         <system-out><![CDATA[2021-05-30 10:39:00 - [TEST_CASE][PASSED] - Test Cases/TestCasesIf/ChangeUserNameIfLessTen: Test Cases/TestCasesIf/ChangeUserNameIfLessTen

2021-05-30 10:39:00 - [TEST_STEP][PASSED] - callTestCase(findTestCase("Test Cases/Common Test Cases/Login"), ["Username":username, "Password":password]): Call Test Case 'Test Cases/Common Test Cases/Login' successfully

2021-05-30 10:39:00 - [TEST_CASE][PASSED] - Test Cases/Common Test Cases/Login: Test Cases/Common Test Cases/Login

2021-05-30 10:39:00 - [TEST_STEP][PASSED] - openBrowser(""): Browser is opened with url: ''

2021-05-30 10:39:00 - [MESSAGE][INFO] - Starting 'Chrome' driver

2021-05-30 10:39:00 - [MESSAGE][INFO] - Action delay is set to 0 milliseconds

2021-05-30 10:39:02 - [MESSAGE][PASSED] - Browser is opened with url: ''

2021-05-30 10:39:02 - [TEST_STEP][PASSED] - navigateToUrl("https://chudenangcao2021.cf/"): Navigate to 'https://chudenangcao2021.cf/' successfully

2021-05-30 10:39:02 - [MESSAGE][PASSED] - Navigate to 'https://chudenangcao2021.cf/' successfully

2021-05-30 10:39:02 - [TEST_STEP][PASSED] - setText(findTestObject("Object Repository/Page_Mattermost/input_All team communication in one place, _dcc84b"), Username): Text 'cxtuan' is set on object 'Object Repository/Page_Mattermost/input_All team communication in one place, _dcc84b'

2021-05-30 10:39:04 - [MESSAGE][PASSED] - Text 'cxtuan' is set on object 'Object Repository/Page_Mattermost/input_All team communication in one place, _dcc84b'

2021-05-30 10:39:04 - [TEST_STEP][PASSED] - setText(findTestObject("Object Repository/Page_Mattermost/input_All team communication in one place, _a3edc6"), Password): Text '01672471821nT@' is set on object 'Object Repository/Page_Mattermost/input_All team communication in one place, _a3edc6'

2021-05-30 10:39:04 - [MESSAGE][PASSED] - Text '01672471821nT@' is set on object 'Object Repository/Page_Mattermost/input_All team communication in one place, _a3edc6'

2021-05-30 10:39:04 - [TEST_STEP][PASSED] - click(findTestObject("Object Repository/Page_Mattermost/button_Sign in")): Object: 'Object Repository/Page_Mattermost/button_Sign in' is clicked on

2021-05-30 10:39:05 - [MESSAGE][PASSED] - Object: 'Object Repository/Page_Mattermost/button_Sign in' is clicked on

2021-05-30 10:39:05 - [TEST_STEP][PASSED] - verifyLinksAccessible(["https://chudenangcao2021.cf/cdnc-cnpm-2021/channels"]): All links are accessible

2021-05-30 10:39:05 - [MESSAGE][INFO] - HAR: C:\Users\nttuan\Downloads\CDNC\mattermost-testing\Reports\20210530_102014\Run all test cases\20210530_102015\requests\main\54.har

2021-05-30 10:39:05 - [MESSAGE][PASSED] - Send request successfully

2021-05-30 10:39:05 - [MESSAGE][PASSED] - All links are accessible

2021-05-30 10:39:05 - [MESSAGE][PASSED] - Call Test Case 'Test Cases/Common Test Cases/Login' successfully

2021-05-30 10:39:05 - [TEST_STEP][PASSED] - object = findTestObject("Object Repository/IFObject/Page_TEST CHANNEL - TEAM NAME Mattermost/button_cxtuan_style--none sidebar-header-dropdown__icon"): null

2021-05-30 10:39:05 - [TEST_STEP][PASSED] - bool = false: null

2021-05-30 10:39:05 - [TEST_STEP][FAILED] - try: Unable to verify object 'Object Repository/IFObject/Page_TEST CHANNEL - TEAM NAME Mattermost/button_cxtuan_style--none sidebar-header-dropdown__icon' is present (Root cause: com.kms.katalon.core.exception.StepFailedException: Unable to verify object 'Object Repository/IFObject/Page_TEST CHANNEL - TEAM NAME Mattermost/button_cxtuan_style--none sidebar-header-dropdown__icon' is present
	at com.kms.katalon.core.webui.keyword.internal.WebUIKeywordMain.stepFailed(WebUIKeywordMain.groovy:64)
	at com.kms.katalon.core.webui.keyword.internal.WebUIKeywordMain.runKeyword(WebUIKeywordMain.groovy:26)
	at com.kms.katalon.core.webui.keyword.builtin.VerifyElementPresentKeyword.verifyElementPresent(VerifyElementPresentKeyword.groovy:92)
	at com.kms.katalon.core.webui.keyword.builtin.VerifyElementPresentKeyword.execute(VerifyElementPresentKeyword.groovy:68)
	at com.kms.katalon.core.keyword.internal.KeywordExecutor.executeKeywordForPlatform(KeywordExecutor.groovy:73)
	at com.kms.katalon.core.webui.keyword.WebUiBuiltInKeywords.verifyElementPresent(WebUiBuiltInKeywords.groovy:1463)
	at com.kms.katalon.core.webui.keyword.WebUiBuiltInKeywords$verifyElementPresent$4.call(Unknown Source)
	at ChangeUserNameIfLessTen.run(ChangeUserNameIfLessTen:45)
	at com.kms.katalon.core.main.ScriptEngine.run(ScriptEngine.java:194)
	at com.kms.katalon.core.main.ScriptEngine.runScriptAsRawText(ScriptEngine.java:119)
	at com.kms.katalon.core.main.TestCaseExecutor.runScript(TestCaseExecutor.java:398)
	at com.kms.katalon.core.main.TestCaseExecutor.doExecute(TestCaseExecutor.java:389)
	at com.kms.katalon.core.main.TestCaseExecutor.processExecutionPhase(TestCaseExecutor.java:368)
	at com.kms.katalon.core.main.TestCaseExecutor.accessMainPhase(TestCaseExecutor.java:360)
	at com.kms.katalon.core.main.TestCaseExecutor.execute(TestCaseExecutor.java:255)
	at com.kms.katalon.core.main.TestSuiteExecutor.accessTestCaseMainPhase(TestSuiteExecutor.java:203)
	at com.kms.katalon.core.main.TestSuiteExecutor.accessTestSuiteMainPhase(TestSuiteExecutor.java:152)
	at com.kms.katalon.core.main.TestSuiteExecutor.execute(TestSuiteExecutor.java:95)
	at com.kms.katalon.core.main.TestCaseMain.startTestSuite(TestCaseMain.java:157)
	at com.kms.katalon.core.main.TestCaseMain$startTestSuite$0.call(Unknown Source)
	at TempTestSuite1622370015671.run(TempTestSuite1622370015671.groovy:39)
Caused by: com.kms.katalon.core.exception.StepFailedException: com.kms.katalon.core.webui.exception.WebElementNotFoundException: Web element with id: 'Object Repository/IFObject/Page_TEST CHANNEL - TEAM NAME Mattermost/button_cxtuan_style--none sidebar-header-dropdown__icon' located by '//div[@id='headerInfo']/button' not found
	at com.kms.katalon.core.webui.keyword.internal.WebUIKeywordMain.stepFailed(WebUIKeywordMain.groovy:64)
	at com.kms.katalon.core.webui.keyword.builtin.VerifyElementPresentKeyword$_verifyElementPresent_closure1.doCall(VerifyElementPresentKeyword.groovy:85)
	at com.kms.katalon.core.webui.keyword.builtin.VerifyElementPresentKeyword$_verifyElementPresent_closure1.call(VerifyElementPresentKeyword.groovy)
	at com.kms.katalon.core.webui.keyword.internal.WebUIKeywordMain.runKeyword(WebUIKeywordMain.groovy:20)
	... 19 more
)

2021-05-30 10:39:05 - [TEST_STEP][FAILED] - bool = verifyElementPresent(object, 0): Unable to verify object 'Object Repository/IFObject/Page_TEST CHANNEL - TEAM NAME Mattermost/button_cxtuan_style--none sidebar-header-dropdown__icon' is present (Root cause: com.kms.katalon.core.exception.StepFailedException: Unable to verify object 'Object Repository/IFObject/Page_TEST CHANNEL - TEAM NAME Mattermost/button_cxtuan_style--none sidebar-header-dropdown__icon' is present
	at com.kms.katalon.core.webui.keyword.internal.WebUIKeywordMain.stepFailed(WebUIKeywordMain.groovy:64)
	at com.kms.katalon.core.webui.keyword.internal.WebUIKeywordMain.runKeyword(WebUIKeywordMain.groovy:26)
	at com.kms.katalon.core.webui.keyword.builtin.VerifyElementPresentKeyword.verifyElementPresent(VerifyElementPresentKeyword.groovy:92)
	at com.kms.katalon.core.webui.keyword.builtin.VerifyElementPresentKeyword.execute(VerifyElementPresentKeyword.groovy:68)
	at com.kms.katalon.core.keyword.internal.KeywordExecutor.executeKeywordForPlatform(KeywordExecutor.groovy:73)
	at com.kms.katalon.core.webui.keyword.WebUiBuiltInKeywords.verifyElementPresent(WebUiBuiltInKeywords.groovy:1463)
	at com.kms.katalon.core.webui.keyword.WebUiBuiltInKeywords$verifyElementPresent$4.call(Unknown Source)
	at ChangeUserNameIfLessTen.run(ChangeUserNameIfLessTen:45)
	at com.kms.katalon.core.main.ScriptEngine.run(ScriptEngine.java:194)
	at com.kms.katalon.core.main.ScriptEngine.runScriptAsRawText(ScriptEngine.java:119)
	at com.kms.katalon.core.main.TestCaseExecutor.runScript(TestCaseExecutor.java:398)
	at com.kms.katalon.core.main.TestCaseExecutor.doExecute(TestCaseExecutor.java:389)
	at com.kms.katalon.core.main.TestCaseExecutor.processExecutionPhase(TestCaseExecutor.java:368)
	at com.kms.katalon.core.main.TestCaseExecutor.accessMainPhase(TestCaseExecutor.java:360)
	at com.kms.katalon.core.main.TestCaseExecutor.execute(TestCaseExecutor.java:255)
	at com.kms.katalon.core.main.TestSuiteExecutor.accessTestCaseMainPhase(TestSuiteExecutor.java:203)
	at com.kms.katalon.core.main.TestSuiteExecutor.accessTestSuiteMainPhase(TestSuiteExecutor.java:152)
	at com.kms.katalon.core.main.TestSuiteExecutor.execute(TestSuiteExecutor.java:95)
	at com.kms.katalon.core.main.TestCaseMain.startTestSuite(TestCaseMain.java:157)
	at com.kms.katalon.core.main.TestCaseMain$startTestSuite$0.call(Unknown Source)
	at TempTestSuite1622370015671.run(TempTestSuite1622370015671.groovy:39)
Caused by: com.kms.katalon.core.exception.StepFailedException: com.kms.katalon.core.webui.exception.WebElementNotFoundException: Web element with id: 'Object Repository/IFObject/Page_TEST CHANNEL - TEAM NAME Mattermost/button_cxtuan_style--none sidebar-header-dropdown__icon' located by '//div[@id='headerInfo']/button' not found
	at com.kms.katalon.core.webui.keyword.internal.WebUIKeywordMain.stepFailed(WebUIKeywordMain.groovy:64)
	at com.kms.katalon.core.webui.keyword.builtin.VerifyElementPresentKeyword$_verifyElementPresent_closure1.doCall(VerifyElementPresentKeyword.groovy:85)
	at com.kms.katalon.core.webui.keyword.builtin.VerifyElementPresentKeyword$_verifyElementPresent_closure1.call(VerifyElementPresentKeyword.groovy)
	at com.kms.katalon.core.webui.keyword.internal.WebUIKeywordMain.runKeyword(WebUIKeywordMain.groovy:20)
	... 19 more
)

2021-05-30 10:39:05 - [MESSAGE][WARNING] - Timeout '0' is invalid. Using default page load timeout: '30'

2021-05-30 10:39:36 - [MESSAGE][INFO] - Unable to find the element located by 'By.xpath: //div[@id='headerInfo']/button'. Please recheck the objects properties to make sure the desired element is located. 

2021-05-30 10:39:36 - [MESSAGE][FAILED] - com.kms.katalon.core.webui.exception.WebElementNotFoundException: Web element with id: 'Object Repository/IFObject/Page_TEST CHANNEL - TEAM NAME Mattermost/button_cxtuan_style--none sidebar-header-dropdown__icon' located by '//div[@id='headerInfo']/button' not found (Root cause: com.kms.katalon.core.exception.StepFailedException: com.kms.katalon.core.webui.exception.WebElementNotFoundException: Web element with id: 'Object Repository/IFObject/Page_TEST CHANNEL - TEAM NAME Mattermost/button_cxtuan_style--none sidebar-header-dropdown__icon' located by '//div[@id='headerInfo']/button' not found
	at com.kms.katalon.core.webui.keyword.internal.WebUIKeywordMain.stepFailed(WebUIKeywordMain.groovy:64)
	at com.kms.katalon.core.webui.keyword.builtin.VerifyElementPresentKeyword$_verifyElementPresent_closure1.doCall(VerifyElementPresentKeyword.groovy:85)
	at com.kms.katalon.core.webui.keyword.builtin.VerifyElementPresentKeyword$_verifyElementPresent_closure1.call(VerifyElementPresentKeyword.groovy)
	at com.kms.katalon.core.webui.keyword.internal.WebUIKeywordMain.runKeyword(WebUIKeywordMain.groovy:20)
	at com.kms.katalon.core.webui.keyword.builtin.VerifyElementPresentKeyword.verifyElementPresent(VerifyElementPresentKeyword.groovy:92)
	at com.kms.katalon.core.webui.keyword.builtin.VerifyElementPresentKeyword.execute(VerifyElementPresentKeyword.groovy:68)
	at com.kms.katalon.core.keyword.internal.KeywordExecutor.executeKeywordForPlatform(KeywordExecutor.groovy:73)
	at com.kms.katalon.core.webui.keyword.WebUiBuiltInKeywords.verifyElementPresent(WebUiBuiltInKeywords.groovy:1463)
	at com.kms.katalon.core.webui.keyword.WebUiBuiltInKeywords$verifyElementPresent$4.call(Unknown Source)
	at ChangeUserNameIfLessTen.run(ChangeUserNameIfLessTen:45)
	at com.kms.katalon.core.main.ScriptEngine.run(ScriptEngine.java:194)
	at com.kms.katalon.core.main.ScriptEngine.runScriptAsRawText(ScriptEngine.java:119)
	at com.kms.katalon.core.main.TestCaseExecutor.runScript(TestCaseExecutor.java:398)
	at com.kms.katalon.core.main.TestCaseExecutor.doExecute(TestCaseExecutor.java:389)
	at com.kms.katalon.core.main.TestCaseExecutor.processExecutionPhase(TestCaseExecutor.java:368)
	at com.kms.katalon.core.main.TestCaseExecutor.accessMainPhase(TestCaseExecutor.java:360)
	at com.kms.katalon.core.main.TestCaseExecutor.execute(TestCaseExecutor.java:255)
	at com.kms.katalon.core.main.TestSuiteExecutor.accessTestCaseMainPhase(TestSuiteExecutor.java:203)
	at com.kms.katalon.core.main.TestSuiteExecutor.accessTestSuiteMainPhase(TestSuiteExecutor.java:152)
	at com.kms.katalon.core.main.TestSuiteExecutor.execute(TestSuiteExecutor.java:95)
	at com.kms.katalon.core.main.TestCaseMain.startTestSuite(TestCaseMain.java:157)
	at com.kms.katalon.core.main.TestCaseMain$startTestSuite$0.call(Unknown Source)
	at TempTestSuite1622370015671.run(TempTestSuite1622370015671.groovy:39)
)
[[ATTACHMENT|C:\\Users\\nttuan\\Downloads\\CDNC\\mattermost-testing\\Reports\\20210530_102014\\Run all test cases\\20210530_102015\\1622371176620.png]]

2021-05-30 10:39:36 - [MESSAGE][FAILED] - Unable to verify object 'Object Repository/IFObject/Page_TEST CHANNEL - TEAM NAME Mattermost/button_cxtuan_style--none sidebar-header-dropdown__icon' is present (Root cause: com.kms.katalon.core.exception.StepFailedException: Unable to verify object 'Object Repository/IFObject/Page_TEST CHANNEL - TEAM NAME Mattermost/button_cxtuan_style--none sidebar-header-dropdown__icon' is present
	at com.kms.katalon.core.webui.keyword.internal.WebUIKeywordMain.stepFailed(WebUIKeywordMain.groovy:64)
	at com.kms.katalon.core.webui.keyword.internal.WebUIKeywordMain.runKeyword(WebUIKeywordMain.groovy:26)
	at com.kms.katalon.core.webui.keyword.builtin.VerifyElementPresentKeyword.verifyElementPresent(VerifyElementPresentKeyword.groovy:92)
	at com.kms.katalon.core.webui.keyword.builtin.VerifyElementPresentKeyword.execute(VerifyElementPresentKeyword.groovy:68)
	at com.kms.katalon.core.keyword.internal.KeywordExecutor.executeKeywordForPlatform(KeywordExecutor.groovy:73)
	at com.kms.katalon.core.webui.keyword.WebUiBuiltInKeywords.verifyElementPresent(WebUiBuiltInKeywords.groovy:1463)
	at com.kms.katalon.core.webui.keyword.WebUiBuiltInKeywords$verifyElementPresent$4.call(Unknown Source)
	at ChangeUserNameIfLessTen.run(ChangeUserNameIfLessTen:45)
	at com.kms.katalon.core.main.ScriptEngine.run(ScriptEngine.java:194)
	at com.kms.katalon.core.main.ScriptEngine.runScriptAsRawText(ScriptEngine.java:119)
	at com.kms.katalon.core.main.TestCaseExecutor.runScript(TestCaseExecutor.java:398)
	at com.kms.katalon.core.main.TestCaseExecutor.doExecute(TestCaseExecutor.java:389)
	at com.kms.katalon.core.main.TestCaseExecutor.processExecutionPhase(TestCaseExecutor.java:368)
	at com.kms.katalon.core.main.TestCaseExecutor.accessMainPhase(TestCaseExecutor.java:360)
	at com.kms.katalon.core.main.TestCaseExecutor.execute(TestCaseExecutor.java:255)
	at com.kms.katalon.core.main.TestSuiteExecutor.accessTestCaseMainPhase(TestSuiteExecutor.java:203)
	at com.kms.katalon.core.main.TestSuiteExecutor.accessTestSuiteMainPhase(TestSuiteExecutor.java:152)
	at com.kms.katalon.core.main.TestSuiteExecutor.execute(TestSuiteExecutor.java:95)
	at com.kms.katalon.core.main.TestCaseMain.startTestSuite(TestCaseMain.java:157)
	at com.kms.katalon.core.main.TestCaseMain$startTestSuite$0.call(Unknown Source)
	at TempTestSuite1622370015671.run(TempTestSuite1622370015671.groovy:39)
Caused by: com.kms.katalon.core.exception.StepFailedException: com.kms.katalon.core.webui.exception.WebElementNotFoundException: Web element with id: 'Object Repository/IFObject/Page_TEST CHANNEL - TEAM NAME Mattermost/button_cxtuan_style--none sidebar-header-dropdown__icon' located by '//div[@id='headerInfo']/button' not found
	at com.kms.katalon.core.webui.keyword.internal.WebUIKeywordMain.stepFailed(WebUIKeywordMain.groovy:64)
	at com.kms.katalon.core.webui.keyword.builtin.VerifyElementPresentKeyword$_verifyElementPresent_closure1.doCall(VerifyElementPresentKeyword.groovy:85)
	at com.kms.katalon.core.webui.keyword.builtin.VerifyElementPresentKeyword$_verifyElementPresent_closure1.call(VerifyElementPresentKeyword.groovy)
	at com.kms.katalon.core.webui.keyword.internal.WebUIKeywordMain.runKeyword(WebUIKeywordMain.groovy:20)
	... 19 more
)
[[ATTACHMENT|C:\\Users\\nttuan\\Downloads\\CDNC\\mattermost-testing\\Reports\\20210530_102014\\Run all test cases\\20210530_102015\\1622371176692.png]]

2021-05-30 10:39:36 - [TEST_STEP][PASSED] - catch (Exception ex): null

2021-05-30 10:39:36 - [TEST_STEP][PASSED] - Finally: Browser is closed

2021-05-30 10:39:36 - [TEST_STEP][PASSED] - if (bool && username.length() < 10): null

2021-05-30 10:39:36 - [TEST_STEP][PASSED] - else: Browser is closed

2021-05-30 10:39:36 - [TEST_STEP][PASSED] - closeBrowser(): Browser is closed

2021-05-30 10:39:37 - [MESSAGE][PASSED] - Browser is closed]]></system-out>
         <system-err><![CDATA[]]></system-err>
      </testcase>
      <testcase name="Test Cases/TestCasesIf/CheckNavToNewChannel" time="40.612" classname="Test Cases/TestCasesIf/CheckNavToNewChannel" status="PASSED">
         <system-out><![CDATA[2021-05-30 10:39:37 - [TEST_CASE][PASSED] - Test Cases/TestCasesIf/CheckNavToNewChannel: Test Cases/TestCasesIf/CheckNavToNewChannel

2021-05-30 10:39:37 - [TEST_STEP][PASSED] - callTestCase(findTestCase("Test Cases/Common Test Cases/Login"), ["Username":"cxtuan", "Password":"01672471821nT@"]): Call Test Case 'Test Cases/Common Test Cases/Login' successfully

2021-05-30 10:39:37 - [TEST_CASE][PASSED] - Test Cases/Common Test Cases/Login: Test Cases/Common Test Cases/Login

2021-05-30 10:39:37 - [TEST_STEP][PASSED] - openBrowser(""): Browser is opened with url: ''

2021-05-30 10:39:37 - [MESSAGE][INFO] - Starting 'Chrome' driver

2021-05-30 10:39:37 - [MESSAGE][INFO] - Action delay is set to 0 milliseconds

2021-05-30 10:39:39 - [MESSAGE][PASSED] - Browser is opened with url: ''

2021-05-30 10:39:39 - [TEST_STEP][PASSED] - navigateToUrl("https://chudenangcao2021.cf/"): Navigate to 'https://chudenangcao2021.cf/' successfully

2021-05-30 10:39:39 - [MESSAGE][PASSED] - Navigate to 'https://chudenangcao2021.cf/' successfully

2021-05-30 10:39:39 - [TEST_STEP][PASSED] - setText(findTestObject("Object Repository/Page_Mattermost/input_All team communication in one place, _dcc84b"), Username): Text 'cxtuan' is set on object 'Object Repository/Page_Mattermost/input_All team communication in one place, _dcc84b'

2021-05-30 10:39:41 - [MESSAGE][PASSED] - Text 'cxtuan' is set on object 'Object Repository/Page_Mattermost/input_All team communication in one place, _dcc84b'

2021-05-30 10:39:41 - [TEST_STEP][PASSED] - setText(findTestObject("Object Repository/Page_Mattermost/input_All team communication in one place, _a3edc6"), Password): Text '01672471821nT@' is set on object 'Object Repository/Page_Mattermost/input_All team communication in one place, _a3edc6'

2021-05-30 10:39:41 - [MESSAGE][PASSED] - Text '01672471821nT@' is set on object 'Object Repository/Page_Mattermost/input_All team communication in one place, _a3edc6'

2021-05-30 10:39:41 - [TEST_STEP][PASSED] - click(findTestObject("Object Repository/Page_Mattermost/button_Sign in")): Object: 'Object Repository/Page_Mattermost/button_Sign in' is clicked on

2021-05-30 10:39:42 - [MESSAGE][PASSED] - Object: 'Object Repository/Page_Mattermost/button_Sign in' is clicked on

2021-05-30 10:39:42 - [TEST_STEP][PASSED] - verifyLinksAccessible(["https://chudenangcao2021.cf/cdnc-cnpm-2021/channels"]): All links are accessible

2021-05-30 10:39:42 - [MESSAGE][INFO] - HAR: C:\Users\nttuan\Downloads\CDNC\mattermost-testing\Reports\20210530_102014\Run all test cases\20210530_102015\requests\main\55.har

2021-05-30 10:39:42 - [MESSAGE][PASSED] - Send request successfully

2021-05-30 10:39:42 - [MESSAGE][PASSED] - All links are accessible

2021-05-30 10:39:42 - [MESSAGE][PASSED] - Call Test Case 'Test Cases/Common Test Cases/Login' successfully

2021-05-30 10:39:42 - [TEST_STEP][PASSED] - object = findTestObject("Object Repository/IFObject/Page_TEST CHANNEL - TEAM NAME Mattermost/div_CtrlK_MenuWrapper AddChannelDropdown"): null

2021-05-30 10:39:42 - [TEST_STEP][PASSED] - bool = false: null

2021-05-30 10:39:42 - [TEST_STEP][FAILED] - try: Unable to verify object 'Object Repository/IFObject/Page_TEST CHANNEL - TEAM NAME Mattermost/div_CtrlK_MenuWrapper AddChannelDropdown' is visible (Root cause: com.kms.katalon.core.exception.StepFailedException: Unable to verify object 'Object Repository/IFObject/Page_TEST CHANNEL - TEAM NAME Mattermost/div_CtrlK_MenuWrapper AddChannelDropdown' is visible
	at com.kms.katalon.core.webui.keyword.internal.WebUIKeywordMain.stepFailed(WebUIKeywordMain.groovy:64)
	at com.kms.katalon.core.webui.keyword.internal.WebUIKeywordMain.runKeyword(WebUIKeywordMain.groovy:26)
	at com.kms.katalon.core.webui.keyword.builtin.VerifyElementVisibleKeyword.verifyElementVisible(VerifyElementVisibleKeyword.groovy:97)
	at com.kms.katalon.core.webui.keyword.builtin.VerifyElementVisibleKeyword.execute(VerifyElementVisibleKeyword.groovy:67)
	at com.kms.katalon.core.keyword.internal.KeywordExecutor.executeKeywordForPlatform(KeywordExecutor.groovy:73)
	at com.kms.katalon.core.webui.keyword.WebUiBuiltInKeywords.verifyElementVisible(WebUiBuiltInKeywords.groovy:375)
	at com.kms.katalon.core.webui.keyword.WebUiBuiltInKeywords$verifyElementVisible$11.call(Unknown Source)
	at CheckNavToNewChannel.run(CheckNavToNewChannel:24)
	at com.kms.katalon.core.main.ScriptEngine.run(ScriptEngine.java:194)
	at com.kms.katalon.core.main.ScriptEngine.runScriptAsRawText(ScriptEngine.java:119)
	at com.kms.katalon.core.main.TestCaseExecutor.runScript(TestCaseExecutor.java:398)
	at com.kms.katalon.core.main.TestCaseExecutor.doExecute(TestCaseExecutor.java:389)
	at com.kms.katalon.core.main.TestCaseExecutor.processExecutionPhase(TestCaseExecutor.java:368)
	at com.kms.katalon.core.main.TestCaseExecutor.accessMainPhase(TestCaseExecutor.java:360)
	at com.kms.katalon.core.main.TestCaseExecutor.execute(TestCaseExecutor.java:255)
	at com.kms.katalon.core.main.TestSuiteExecutor.accessTestCaseMainPhase(TestSuiteExecutor.java:203)
	at com.kms.katalon.core.main.TestSuiteExecutor.accessTestSuiteMainPhase(TestSuiteExecutor.java:152)
	at com.kms.katalon.core.main.TestSuiteExecutor.execute(TestSuiteExecutor.java:95)
	at com.kms.katalon.core.main.TestCaseMain.startTestSuite(TestCaseMain.java:157)
	at com.kms.katalon.core.main.TestCaseMain$startTestSuite$0.call(Unknown Source)
	at TempTestSuite1622370015671.run(TempTestSuite1622370015671.groovy:39)
Caused by: com.kms.katalon.core.exception.StepFailedException: Web element with id: 'Object Repository/IFObject/Page_TEST CHANNEL - TEAM NAME Mattermost/div_CtrlK_MenuWrapper AddChannelDropdown' located by '//div[@id='lhsNavigator']/div/div[2]' not found
	at com.kms.katalon.core.webui.keyword.internal.WebUIKeywordMain.stepFailed(WebUIKeywordMain.groovy:64)
	at com.kms.katalon.core.webui.keyword.builtin.VerifyElementVisibleKeyword$_verifyElementVisible_closure1.doCall(VerifyElementVisibleKeyword.groovy:89)
	at com.kms.katalon.core.webui.keyword.builtin.VerifyElementVisibleKeyword$_verifyElementVisible_closure1.call(VerifyElementVisibleKeyword.groovy)
	at com.kms.katalon.core.webui.keyword.internal.WebUIKeywordMain.runKeyword(WebUIKeywordMain.groovy:20)
	... 19 more
)

2021-05-30 10:39:42 - [TEST_STEP][FAILED] - bool = verifyElementVisible(object): Unable to verify object 'Object Repository/IFObject/Page_TEST CHANNEL - TEAM NAME Mattermost/div_CtrlK_MenuWrapper AddChannelDropdown' is visible (Root cause: com.kms.katalon.core.exception.StepFailedException: Unable to verify object 'Object Repository/IFObject/Page_TEST CHANNEL - TEAM NAME Mattermost/div_CtrlK_MenuWrapper AddChannelDropdown' is visible
	at com.kms.katalon.core.webui.keyword.internal.WebUIKeywordMain.stepFailed(WebUIKeywordMain.groovy:64)
	at com.kms.katalon.core.webui.keyword.internal.WebUIKeywordMain.runKeyword(WebUIKeywordMain.groovy:26)
	at com.kms.katalon.core.webui.keyword.builtin.VerifyElementVisibleKeyword.verifyElementVisible(VerifyElementVisibleKeyword.groovy:97)
	at com.kms.katalon.core.webui.keyword.builtin.VerifyElementVisibleKeyword.execute(VerifyElementVisibleKeyword.groovy:67)
	at com.kms.katalon.core.keyword.internal.KeywordExecutor.executeKeywordForPlatform(KeywordExecutor.groovy:73)
	at com.kms.katalon.core.webui.keyword.WebUiBuiltInKeywords.verifyElementVisible(WebUiBuiltInKeywords.groovy:375)
	at com.kms.katalon.core.webui.keyword.WebUiBuiltInKeywords$verifyElementVisible$11.call(Unknown Source)
	at CheckNavToNewChannel.run(CheckNavToNewChannel:24)
	at com.kms.katalon.core.main.ScriptEngine.run(ScriptEngine.java:194)
	at com.kms.katalon.core.main.ScriptEngine.runScriptAsRawText(ScriptEngine.java:119)
	at com.kms.katalon.core.main.TestCaseExecutor.runScript(TestCaseExecutor.java:398)
	at com.kms.katalon.core.main.TestCaseExecutor.doExecute(TestCaseExecutor.java:389)
	at com.kms.katalon.core.main.TestCaseExecutor.processExecutionPhase(TestCaseExecutor.java:368)
	at com.kms.katalon.core.main.TestCaseExecutor.accessMainPhase(TestCaseExecutor.java:360)
	at com.kms.katalon.core.main.TestCaseExecutor.execute(TestCaseExecutor.java:255)
	at com.kms.katalon.core.main.TestSuiteExecutor.accessTestCaseMainPhase(TestSuiteExecutor.java:203)
	at com.kms.katalon.core.main.TestSuiteExecutor.accessTestSuiteMainPhase(TestSuiteExecutor.java:152)
	at com.kms.katalon.core.main.TestSuiteExecutor.execute(TestSuiteExecutor.java:95)
	at com.kms.katalon.core.main.TestCaseMain.startTestSuite(TestCaseMain.java:157)
	at com.kms.katalon.core.main.TestCaseMain$startTestSuite$0.call(Unknown Source)
	at TempTestSuite1622370015671.run(TempTestSuite1622370015671.groovy:39)
Caused by: com.kms.katalon.core.exception.StepFailedException: Web element with id: 'Object Repository/IFObject/Page_TEST CHANNEL - TEAM NAME Mattermost/div_CtrlK_MenuWrapper AddChannelDropdown' located by '//div[@id='lhsNavigator']/div/div[2]' not found
	at com.kms.katalon.core.webui.keyword.internal.WebUIKeywordMain.stepFailed(WebUIKeywordMain.groovy:64)
	at com.kms.katalon.core.webui.keyword.builtin.VerifyElementVisibleKeyword$_verifyElementVisible_closure1.doCall(VerifyElementVisibleKeyword.groovy:89)
	at com.kms.katalon.core.webui.keyword.builtin.VerifyElementVisibleKeyword$_verifyElementVisible_closure1.call(VerifyElementVisibleKeyword.groovy)
	at com.kms.katalon.core.webui.keyword.internal.WebUIKeywordMain.runKeyword(WebUIKeywordMain.groovy:20)
	... 19 more
)

2021-05-30 10:40:13 - [MESSAGE][INFO] - Unable to find the element located by 'By.xpath: //div[@id='lhsNavigator']/div/div[2]'. Please recheck the objects properties to make sure the desired element is located. 

2021-05-30 10:40:13 - [MESSAGE][WARNING] - [SELF-HEALING] Failed to find element with id 'Object Repository/IFObject/Page_TEST CHANNEL - TEAM NAME Mattermost/div_CtrlK_MenuWrapper AddChannelDropdown'. Try using Self-healing.

2021-05-30 10:40:13 - [MESSAGE][INFO] - [SELF-HEALING] Failed Locator: '//div[@id='lhsNavigator']/div/div[2]'.

2021-05-30 10:40:14 - [MESSAGE][INFO] - [SELF-HEALING] Failed Locator: '(.//*[normalize-space(text()) and normalize-space(.)='Ctrl+K'])[1]/following::div[1]'.

2021-05-30 10:40:14 - [MESSAGE][INFO] - [SELF-HEALING] Failed Locator: '(.//*[normalize-space(text()) and normalize-space(.)='Find channel'])[1]/following::div[2]'.

2021-05-30 10:40:14 - [MESSAGE][INFO] - [SELF-HEALING] Failed Locator: '(.//*[normalize-space(text()) and normalize-space(.)='More unreads'])[1]/preceding::div[1]'.

2021-05-30 10:40:14 - [MESSAGE][INFO] - [SELF-HEALING] Failed Locator: '(.//*[normalize-space(text()) and normalize-space(.)='More unreads'])[2]/preceding::div[2]'.

2021-05-30 10:40:15 - [MESSAGE][INFO] - [SELF-HEALING] Failed Locator: '//div[3]/div[2]/div/div[2]'.

2021-05-30 10:40:16 - [MESSAGE][INFO] - Unable to find the element located by 'By.xpath: id("lhsNavigator")/div[@class="SidebarChannelNavigator webapp"]/div[@class="MenuWrapper AddChannelDropdown"]'. Please recheck the objects properties to make sure the desired element is located. 

2021-05-30 10:40:17 - [MESSAGE][INFO] - Unable to find the element located by 'By.cssSelector: div.MenuWrapper.AddChannelDropdown'. Please recheck the objects properties to make sure the desired element is located. 

2021-05-30 10:40:17 - [MESSAGE][FAILED] - Web element with id: 'Object Repository/IFObject/Page_TEST CHANNEL - TEAM NAME Mattermost/div_CtrlK_MenuWrapper AddChannelDropdown' located by '//div[@id='lhsNavigator']/div/div[2]' not found (Root cause: com.kms.katalon.core.exception.StepFailedException: Web element with id: 'Object Repository/IFObject/Page_TEST CHANNEL - TEAM NAME Mattermost/div_CtrlK_MenuWrapper AddChannelDropdown' located by '//div[@id='lhsNavigator']/div/div[2]' not found
	at com.kms.katalon.core.webui.keyword.internal.WebUIKeywordMain.stepFailed(WebUIKeywordMain.groovy:64)
	at com.kms.katalon.core.webui.keyword.builtin.VerifyElementVisibleKeyword$_verifyElementVisible_closure1.doCall(VerifyElementVisibleKeyword.groovy:89)
	at com.kms.katalon.core.webui.keyword.builtin.VerifyElementVisibleKeyword$_verifyElementVisible_closure1.call(VerifyElementVisibleKeyword.groovy)
	at com.kms.katalon.core.webui.keyword.internal.WebUIKeywordMain.runKeyword(WebUIKeywordMain.groovy:20)
	at com.kms.katalon.core.webui.keyword.builtin.VerifyElementVisibleKeyword.verifyElementVisible(VerifyElementVisibleKeyword.groovy:97)
	at com.kms.katalon.core.webui.keyword.builtin.VerifyElementVisibleKeyword.execute(VerifyElementVisibleKeyword.groovy:67)
	at com.kms.katalon.core.keyword.internal.KeywordExecutor.executeKeywordForPlatform(KeywordExecutor.groovy:73)
	at com.kms.katalon.core.webui.keyword.WebUiBuiltInKeywords.verifyElementVisible(WebUiBuiltInKeywords.groovy:375)
	at com.kms.katalon.core.webui.keyword.WebUiBuiltInKeywords$verifyElementVisible$11.call(Unknown Source)
	at CheckNavToNewChannel.run(CheckNavToNewChannel:24)
	at com.kms.katalon.core.main.ScriptEngine.run(ScriptEngine.java:194)
	at com.kms.katalon.core.main.ScriptEngine.runScriptAsRawText(ScriptEngine.java:119)
	at com.kms.katalon.core.main.TestCaseExecutor.runScript(TestCaseExecutor.java:398)
	at com.kms.katalon.core.main.TestCaseExecutor.doExecute(TestCaseExecutor.java:389)
	at com.kms.katalon.core.main.TestCaseExecutor.processExecutionPhase(TestCaseExecutor.java:368)
	at com.kms.katalon.core.main.TestCaseExecutor.accessMainPhase(TestCaseExecutor.java:360)
	at com.kms.katalon.core.main.TestCaseExecutor.execute(TestCaseExecutor.java:255)
	at com.kms.katalon.core.main.TestSuiteExecutor.accessTestCaseMainPhase(TestSuiteExecutor.java:203)
	at com.kms.katalon.core.main.TestSuiteExecutor.accessTestSuiteMainPhase(TestSuiteExecutor.java:152)
	at com.kms.katalon.core.main.TestSuiteExecutor.execute(TestSuiteExecutor.java:95)
	at com.kms.katalon.core.main.TestCaseMain.startTestSuite(TestCaseMain.java:157)
	at com.kms.katalon.core.main.TestCaseMain$startTestSuite$0.call(Unknown Source)
	at TempTestSuite1622370015671.run(TempTestSuite1622370015671.groovy:39)
)
[[ATTACHMENT|C:\\Users\\nttuan\\Downloads\\CDNC\\mattermost-testing\\Reports\\20210530_102014\\Run all test cases\\20210530_102015\\1622371217221.png]]

2021-05-30 10:40:17 - [MESSAGE][FAILED] - Unable to verify object 'Object Repository/IFObject/Page_TEST CHANNEL - TEAM NAME Mattermost/div_CtrlK_MenuWrapper AddChannelDropdown' is visible (Root cause: com.kms.katalon.core.exception.StepFailedException: Unable to verify object 'Object Repository/IFObject/Page_TEST CHANNEL - TEAM NAME Mattermost/div_CtrlK_MenuWrapper AddChannelDropdown' is visible
	at com.kms.katalon.core.webui.keyword.internal.WebUIKeywordMain.stepFailed(WebUIKeywordMain.groovy:64)
	at com.kms.katalon.core.webui.keyword.internal.WebUIKeywordMain.runKeyword(WebUIKeywordMain.groovy:26)
	at com.kms.katalon.core.webui.keyword.builtin.VerifyElementVisibleKeyword.verifyElementVisible(VerifyElementVisibleKeyword.groovy:97)
	at com.kms.katalon.core.webui.keyword.builtin.VerifyElementVisibleKeyword.execute(VerifyElementVisibleKeyword.groovy:67)
	at com.kms.katalon.core.keyword.internal.KeywordExecutor.executeKeywordForPlatform(KeywordExecutor.groovy:73)
	at com.kms.katalon.core.webui.keyword.WebUiBuiltInKeywords.verifyElementVisible(WebUiBuiltInKeywords.groovy:375)
	at com.kms.katalon.core.webui.keyword.WebUiBuiltInKeywords$verifyElementVisible$11.call(Unknown Source)
	at CheckNavToNewChannel.run(CheckNavToNewChannel:24)
	at com.kms.katalon.core.main.ScriptEngine.run(ScriptEngine.java:194)
	at com.kms.katalon.core.main.ScriptEngine.runScriptAsRawText(ScriptEngine.java:119)
	at com.kms.katalon.core.main.TestCaseExecutor.runScript(TestCaseExecutor.java:398)
	at com.kms.katalon.core.main.TestCaseExecutor.doExecute(TestCaseExecutor.java:389)
	at com.kms.katalon.core.main.TestCaseExecutor.processExecutionPhase(TestCaseExecutor.java:368)
	at com.kms.katalon.core.main.TestCaseExecutor.accessMainPhase(TestCaseExecutor.java:360)
	at com.kms.katalon.core.main.TestCaseExecutor.execute(TestCaseExecutor.java:255)
	at com.kms.katalon.core.main.TestSuiteExecutor.accessTestCaseMainPhase(TestSuiteExecutor.java:203)
	at com.kms.katalon.core.main.TestSuiteExecutor.accessTestSuiteMainPhase(TestSuiteExecutor.java:152)
	at com.kms.katalon.core.main.TestSuiteExecutor.execute(TestSuiteExecutor.java:95)
	at com.kms.katalon.core.main.TestCaseMain.startTestSuite(TestCaseMain.java:157)
	at com.kms.katalon.core.main.TestCaseMain$startTestSuite$0.call(Unknown Source)
	at TempTestSuite1622370015671.run(TempTestSuite1622370015671.groovy:39)
Caused by: com.kms.katalon.core.exception.StepFailedException: Web element with id: 'Object Repository/IFObject/Page_TEST CHANNEL - TEAM NAME Mattermost/div_CtrlK_MenuWrapper AddChannelDropdown' located by '//div[@id='lhsNavigator']/div/div[2]' not found
	at com.kms.katalon.core.webui.keyword.internal.WebUIKeywordMain.stepFailed(WebUIKeywordMain.groovy:64)
	at com.kms.katalon.core.webui.keyword.builtin.VerifyElementVisibleKeyword$_verifyElementVisible_closure1.doCall(VerifyElementVisibleKeyword.groovy:89)
	at com.kms.katalon.core.webui.keyword.builtin.VerifyElementVisibleKeyword$_verifyElementVisible_closure1.call(VerifyElementVisibleKeyword.groovy)
	at com.kms.katalon.core.webui.keyword.internal.WebUIKeywordMain.runKeyword(WebUIKeywordMain.groovy:20)
	... 19 more
)
[[ATTACHMENT|C:\\Users\\nttuan\\Downloads\\CDNC\\mattermost-testing\\Reports\\20210530_102014\\Run all test cases\\20210530_102015\\1622371217293.png]]

2021-05-30 10:40:17 - [TEST_STEP][PASSED] - catch (Exception ex): null

2021-05-30 10:40:17 - [TEST_STEP][PASSED] - Finally: Browser is closed

2021-05-30 10:40:17 - [TEST_STEP][PASSED] - if (bool): null

2021-05-30 10:40:17 - [TEST_STEP][PASSED] - else: Browser is closed

2021-05-30 10:40:17 - [TEST_STEP][PASSED] - closeBrowser(): Browser is closed

2021-05-30 10:40:18 - [MESSAGE][PASSED] - Browser is closed]]></system-out>
         <system-err><![CDATA[]]></system-err>
      </testcase>
      <testcase name="Test Cases/TestCasesIf/IfSwitchChannel" time="40.428" classname="Test Cases/TestCasesIf/IfSwitchChannel" status="FAILED">
         <failure type="FAILED" message="Test Cases/TestCasesIf/IfSwitchChannel FAILED.
Reason:
com.kms.katalon.core.exception.StepFailedException: Unable to click on object 'Object Repository/IFObject/Page_span_Town Square - TEAM NAME Mattermost/button_Find channelCtrlK'
	at com.kms.katalon.core.webui.keyword.internal.WebUIKeywordMain.stepFailed(WebUIKeywordMain.groovy:64)
	at com.kms.katalon.core.webui.keyword.internal.WebUIKeywordMain.runKeyword(WebUIKeywordMain.groovy:26)
	at com.kms.katalon.core.webui.keyword.builtin.ClickKeyword.click(ClickKeyword.groovy:75)
	at com.kms.katalon.core.webui.keyword.builtin.ClickKeyword.execute(ClickKeyword.groovy:42)
	at com.kms.katalon.core.keyword.internal.KeywordExecutor.executeKeywordForPlatform(KeywordExecutor.groovy:73)
	at com.kms.katalon.core.webui.keyword.WebUiBuiltInKeywords.click(WebUiBuiltInKeywords.groovy:619)
	at com.kms.katalon.core.webui.keyword.WebUiBuiltInKeywords$click$2.call(Unknown Source)
	at IfSwitchChannel.run(IfSwitchChannel:23)
	at com.kms.katalon.core.main.ScriptEngine.run(ScriptEngine.java:194)
	at com.kms.katalon.core.main.ScriptEngine.runScriptAsRawText(ScriptEngine.java:119)
	at com.kms.katalon.core.main.TestCaseExecutor.runScript(TestCaseExecutor.java:398)
	at com.kms.katalon.core.main.TestCaseExecutor.doExecute(TestCaseExecutor.java:389)
	at com.kms.katalon.core.main.TestCaseExecutor.processExecutionPhase(TestCaseExecutor.java:368)
	at com.kms.katalon.core.main.TestCaseExecutor.accessMainPhase(TestCaseExecutor.java:360)
	at com.kms.katalon.core.main.TestCaseExecutor.execute(TestCaseExecutor.java:255)
	at com.kms.katalon.core.main.TestSuiteExecutor.accessTestCaseMainPhase(TestSuiteExecutor.java:203)
	at com.kms.katalon.core.main.TestSuiteExecutor.accessTestSuiteMainPhase(TestSuiteExecutor.java:152)
	at com.kms.katalon.core.main.TestSuiteExecutor.execute(TestSuiteExecutor.java:95)
	at com.kms.katalon.core.main.TestCaseMain.startTestSuite(TestCaseMain.java:157)
	at com.kms.katalon.core.main.TestCaseMain$startTestSuite$0.call(Unknown Source)
	at TempTestSuite1622370015671.run(TempTestSuite1622370015671.groovy:39)
Caused by: com.kms.katalon.core.webui.exception.WebElementNotFoundException: Web element with id: 'Object Repository/IFObject/Page_span_Town Square - TEAM NAME Mattermost/button_Find channelCtrlK' located by '//div[@id='lhsNavigator']/div/button' not found
	at com.kms.katalon.core.webui.common.WebUiCommonHelper.findWebElement(WebUiCommonHelper.java:1368)
	at com.kms.katalon.core.webui.keyword.internal.WebUIAbstractKeyword.findWebElement(WebUIAbstractKeyword.groovy:27)
	at com.kms.katalon.core.webui.keyword.internal.WebUIAbstractKeyword.findWebElement(WebUIAbstractKeyword.groovy:26)
	at com.kms.katalon.core.webui.keyword.builtin.ClickKeyword$_click_closure1.doCall(ClickKeyword.groovy:66)
	at com.kms.katalon.core.webui.keyword.builtin.ClickKeyword$_click_closure1.call(ClickKeyword.groovy)
	at com.kms.katalon.core.webui.keyword.internal.WebUIKeywordMain.runKeyword(WebUIKeywordMain.groovy:20)
	... 19 more
"/>
         <system-out><![CDATA[2021-05-30 10:40:18 - [TEST_CASE][FAILED] - Test Cases/TestCasesIf/IfSwitchChannel: Test Cases/TestCasesIf/IfSwitchChannel FAILED.
Reason:
com.kms.katalon.core.exception.StepFailedException: Unable to click on object 'Object Repository/IFObject/Page_span_Town Square - TEAM NAME Mattermost/button_Find channelCtrlK'
	at com.kms.katalon.core.webui.keyword.internal.WebUIKeywordMain.stepFailed(WebUIKeywordMain.groovy:64)
	at com.kms.katalon.core.webui.keyword.internal.WebUIKeywordMain.runKeyword(WebUIKeywordMain.groovy:26)
	at com.kms.katalon.core.webui.keyword.builtin.ClickKeyword.click(ClickKeyword.groovy:75)
	at com.kms.katalon.core.webui.keyword.builtin.ClickKeyword.execute(ClickKeyword.groovy:42)
	at com.kms.katalon.core.keyword.internal.KeywordExecutor.executeKeywordForPlatform(KeywordExecutor.groovy:73)
	at com.kms.katalon.core.webui.keyword.WebUiBuiltInKeywords.click(WebUiBuiltInKeywords.groovy:619)
	at com.kms.katalon.core.webui.keyword.WebUiBuiltInKeywords$click$2.call(Unknown Source)
	at IfSwitchChannel.run(IfSwitchChannel:23)
	at com.kms.katalon.core.main.ScriptEngine.run(ScriptEngine.java:194)
	at com.kms.katalon.core.main.ScriptEngine.runScriptAsRawText(ScriptEngine.java:119)
	at com.kms.katalon.core.main.TestCaseExecutor.runScript(TestCaseExecutor.java:398)
	at com.kms.katalon.core.main.TestCaseExecutor.doExecute(TestCaseExecutor.java:389)
	at com.kms.katalon.core.main.TestCaseExecutor.processExecutionPhase(TestCaseExecutor.java:368)
	at com.kms.katalon.core.main.TestCaseExecutor.accessMainPhase(TestCaseExecutor.java:360)
	at com.kms.katalon.core.main.TestCaseExecutor.execute(TestCaseExecutor.java:255)
	at com.kms.katalon.core.main.TestSuiteExecutor.accessTestCaseMainPhase(TestSuiteExecutor.java:203)
	at com.kms.katalon.core.main.TestSuiteExecutor.accessTestSuiteMainPhase(TestSuiteExecutor.java:152)
	at com.kms.katalon.core.main.TestSuiteExecutor.execute(TestSuiteExecutor.java:95)
	at com.kms.katalon.core.main.TestCaseMain.startTestSuite(TestCaseMain.java:157)
	at com.kms.katalon.core.main.TestCaseMain$startTestSuite$0.call(Unknown Source)
	at TempTestSuite1622370015671.run(TempTestSuite1622370015671.groovy:39)
Caused by: com.kms.katalon.core.webui.exception.WebElementNotFoundException: Web element with id: 'Object Repository/IFObject/Page_span_Town Square - TEAM NAME Mattermost/button_Find channelCtrlK' located by '//div[@id='lhsNavigator']/div/button' not found
	at com.kms.katalon.core.webui.common.WebUiCommonHelper.findWebElement(WebUiCommonHelper.java:1368)
	at com.kms.katalon.core.webui.keyword.internal.WebUIAbstractKeyword.findWebElement(WebUIAbstractKeyword.groovy:27)
	at com.kms.katalon.core.webui.keyword.internal.WebUIAbstractKeyword.findWebElement(WebUIAbstractKeyword.groovy:26)
	at com.kms.katalon.core.webui.keyword.builtin.ClickKeyword$_click_closure1.doCall(ClickKeyword.groovy:66)
	at com.kms.katalon.core.webui.keyword.builtin.ClickKeyword$_click_closure1.call(ClickKeyword.groovy)
	at com.kms.katalon.core.webui.keyword.internal.WebUIKeywordMain.runKeyword(WebUIKeywordMain.groovy:20)
	... 19 more


2021-05-30 10:40:18 - [TEST_STEP][PASSED] - callTestCase(findTestCase("Test Cases/Common Test Cases/Login"), ["Username":Username, "Password":Password]): Call Test Case 'Test Cases/Common Test Cases/Login' successfully

2021-05-30 10:40:18 - [TEST_CASE][PASSED] - Test Cases/Common Test Cases/Login: Test Cases/Common Test Cases/Login

2021-05-30 10:40:18 - [TEST_STEP][PASSED] - openBrowser(""): Browser is opened with url: ''

2021-05-30 10:40:18 - [MESSAGE][INFO] - Starting 'Chrome' driver

2021-05-30 10:40:18 - [MESSAGE][INFO] - Action delay is set to 0 milliseconds

2021-05-30 10:40:19 - [MESSAGE][PASSED] - Browser is opened with url: ''

2021-05-30 10:40:19 - [TEST_STEP][PASSED] - navigateToUrl("https://chudenangcao2021.cf/"): Navigate to 'https://chudenangcao2021.cf/' successfully

2021-05-30 10:40:20 - [MESSAGE][PASSED] - Navigate to 'https://chudenangcao2021.cf/' successfully

2021-05-30 10:40:20 - [TEST_STEP][PASSED] - setText(findTestObject("Object Repository/Page_Mattermost/input_All team communication in one place, _dcc84b"), Username): Text 'cxtuan' is set on object 'Object Repository/Page_Mattermost/input_All team communication in one place, _dcc84b'

2021-05-30 10:40:21 - [MESSAGE][PASSED] - Text 'cxtuan' is set on object 'Object Repository/Page_Mattermost/input_All team communication in one place, _dcc84b'

2021-05-30 10:40:21 - [TEST_STEP][PASSED] - setText(findTestObject("Object Repository/Page_Mattermost/input_All team communication in one place, _a3edc6"), Password): Text '01672471821nnT@' is set on object 'Object Repository/Page_Mattermost/input_All team communication in one place, _a3edc6'

2021-05-30 10:40:22 - [MESSAGE][PASSED] - Text '01672471821nnT@' is set on object 'Object Repository/Page_Mattermost/input_All team communication in one place, _a3edc6'

2021-05-30 10:40:22 - [TEST_STEP][PASSED] - click(findTestObject("Object Repository/Page_Mattermost/button_Sign in")): Object: 'Object Repository/Page_Mattermost/button_Sign in' is clicked on

2021-05-30 10:40:23 - [MESSAGE][PASSED] - Object: 'Object Repository/Page_Mattermost/button_Sign in' is clicked on

2021-05-30 10:40:23 - [TEST_STEP][PASSED] - verifyLinksAccessible(["https://chudenangcao2021.cf/cdnc-cnpm-2021/channels"]): All links are accessible

2021-05-30 10:40:23 - [MESSAGE][INFO] - HAR: C:\Users\nttuan\Downloads\CDNC\mattermost-testing\Reports\20210530_102014\Run all test cases\20210530_102015\requests\main\56.har

2021-05-30 10:40:23 - [MESSAGE][PASSED] - Send request successfully

2021-05-30 10:40:23 - [MESSAGE][PASSED] - All links are accessible

2021-05-30 10:40:23 - [MESSAGE][PASSED] - Call Test Case 'Test Cases/Common Test Cases/Login' successfully

2021-05-30 10:40:23 - [TEST_STEP][FAILED] - click(findTestObject("Object Repository/IFObject/Page_span_Town Square - TEAM NAME Mattermost/button_Find channelCtrlK")): Unable to click on object 'Object Repository/IFObject/Page_span_Town Square - TEAM NAME Mattermost/button_Find channelCtrlK' (Root cause: com.kms.katalon.core.exception.StepFailedException: Unable to click on object 'Object Repository/IFObject/Page_span_Town Square - TEAM NAME Mattermost/button_Find channelCtrlK'
	at com.kms.katalon.core.webui.keyword.internal.WebUIKeywordMain.stepFailed(WebUIKeywordMain.groovy:64)
	at com.kms.katalon.core.webui.keyword.internal.WebUIKeywordMain.runKeyword(WebUIKeywordMain.groovy:26)
	at com.kms.katalon.core.webui.keyword.builtin.ClickKeyword.click(ClickKeyword.groovy:75)
	at com.kms.katalon.core.webui.keyword.builtin.ClickKeyword.execute(ClickKeyword.groovy:42)
	at com.kms.katalon.core.keyword.internal.KeywordExecutor.executeKeywordForPlatform(KeywordExecutor.groovy:73)
	at com.kms.katalon.core.webui.keyword.WebUiBuiltInKeywords.click(WebUiBuiltInKeywords.groovy:619)
	at com.kms.katalon.core.webui.keyword.WebUiBuiltInKeywords$click$2.call(Unknown Source)
	at IfSwitchChannel.run(IfSwitchChannel:23)
	at com.kms.katalon.core.main.ScriptEngine.run(ScriptEngine.java:194)
	at com.kms.katalon.core.main.ScriptEngine.runScriptAsRawText(ScriptEngine.java:119)
	at com.kms.katalon.core.main.TestCaseExecutor.runScript(TestCaseExecutor.java:398)
	at com.kms.katalon.core.main.TestCaseExecutor.doExecute(TestCaseExecutor.java:389)
	at com.kms.katalon.core.main.TestCaseExecutor.processExecutionPhase(TestCaseExecutor.java:368)
	at com.kms.katalon.core.main.TestCaseExecutor.accessMainPhase(TestCaseExecutor.java:360)
	at com.kms.katalon.core.main.TestCaseExecutor.execute(TestCaseExecutor.java:255)
	at com.kms.katalon.core.main.TestSuiteExecutor.accessTestCaseMainPhase(TestSuiteExecutor.java:203)
	at com.kms.katalon.core.main.TestSuiteExecutor.accessTestSuiteMainPhase(TestSuiteExecutor.java:152)
	at com.kms.katalon.core.main.TestSuiteExecutor.execute(TestSuiteExecutor.java:95)
	at com.kms.katalon.core.main.TestCaseMain.startTestSuite(TestCaseMain.java:157)
	at com.kms.katalon.core.main.TestCaseMain$startTestSuite$0.call(Unknown Source)
	at TempTestSuite1622370015671.run(TempTestSuite1622370015671.groovy:39)
Caused by: com.kms.katalon.core.webui.exception.WebElementNotFoundException: Web element with id: 'Object Repository/IFObject/Page_span_Town Square - TEAM NAME Mattermost/button_Find channelCtrlK' located by '//div[@id='lhsNavigator']/div/button' not found
	at com.kms.katalon.core.webui.common.WebUiCommonHelper.findWebElement(WebUiCommonHelper.java:1368)
	at com.kms.katalon.core.webui.keyword.internal.WebUIAbstractKeyword.findWebElement(WebUIAbstractKeyword.groovy:27)
	at com.kms.katalon.core.webui.keyword.internal.WebUIAbstractKeyword.findWebElement(WebUIAbstractKeyword.groovy:26)
	at com.kms.katalon.core.webui.keyword.builtin.ClickKeyword$_click_closure1.doCall(ClickKeyword.groovy:66)
	at com.kms.katalon.core.webui.keyword.builtin.ClickKeyword$_click_closure1.call(ClickKeyword.groovy)
	at com.kms.katalon.core.webui.keyword.internal.WebUIKeywordMain.runKeyword(WebUIKeywordMain.groovy:20)
	at com.kms.katalon.core.webui.keyword.builtin.ClickKeyword.click(ClickKeyword.groovy:75)
	at com.kms.katalon.core.webui.keyword.builtin.ClickKeyword.execute(ClickKeyword.groovy:42)
	at com.kms.katalon.core.keyword.internal.KeywordExecutor.executeKeywordForPlatform(KeywordExecutor.groovy:73)
	at com.kms.katalon.core.webui.keyword.WebUiBuiltInKeywords.click(WebUiBuiltInKeywords.groovy:619)
	at com.kms.katalon.core.webui.keyword.WebUiBuiltInKeywords$click$2.call(Unknown Source)
	at Script1622262104484.run(Script1622262104484.groovy:23)
	... 13 more
)

2021-05-30 10:40:54 - [MESSAGE][INFO] - Unable to find the element located by 'By.xpath: //div[@id='lhsNavigator']/div/button'. Please recheck the objects properties to make sure the desired element is located. 

2021-05-30 10:40:54 - [MESSAGE][WARNING] - [SELF-HEALING] Failed to find element with id 'Object Repository/IFObject/Page_span_Town Square - TEAM NAME Mattermost/button_Find channelCtrlK'. Try using Self-healing.

2021-05-30 10:40:54 - [MESSAGE][INFO] - [SELF-HEALING] Failed Locator: '//div[@id='lhsNavigator']/div/button'.

2021-05-30 10:40:54 - [MESSAGE][INFO] - [SELF-HEALING] Failed Locator: '(.//*[normalize-space(text()) and normalize-space(.)='@cxtuan'])[1]/following::button[2]'.

2021-05-30 10:40:55 - [MESSAGE][INFO] - [SELF-HEALING] Failed Locator: '(.//*[normalize-space(text()) and normalize-space(.)='TEAM NAME'])[2]/following::button[2]'.

2021-05-30 10:40:55 - [MESSAGE][INFO] - [SELF-HEALING] Failed Locator: '//div[2]/div/button'.

2021-05-30 10:40:55 - [MESSAGE][INFO] - [SELF-HEALING] Failed Locator: '//div[@id='lhsNavigator']/div/button'.

2021-05-30 10:40:55 - [MESSAGE][INFO] - [SELF-HEALING] Failed Locator: '(.//*[normalize-space(text()) and normalize-space(.)='@cxtuan'])[1]/following::button[2]'.

2021-05-30 10:40:55 - [MESSAGE][INFO] - [SELF-HEALING] Failed Locator: '(.//*[normalize-space(text()) and normalize-space(.)='TEAM NAME'])[2]/following::button[2]'.

2021-05-30 10:40:56 - [MESSAGE][INFO] - [SELF-HEALING] Failed Locator: '//div[2]/div/button'.

2021-05-30 10:40:57 - [MESSAGE][INFO] - Unable to find the element located by 'By.xpath: //*[(text() = 'Find channelCtrl+K' or . = 'Find channelCtrl+K')]'. Please recheck the objects properties to make sure the desired element is located. 

2021-05-30 10:40:58 - [MESSAGE][INFO] - Unable to find the element located by 'By.cssSelector: button.SidebarChannelNavigator_jumpToButton'. Please recheck the objects properties to make sure the desired element is located. 

2021-05-30 10:40:58 - [MESSAGE][FAILED] - Unable to click on object 'Object Repository/IFObject/Page_span_Town Square - TEAM NAME Mattermost/button_Find channelCtrlK' (Root cause: com.kms.katalon.core.exception.StepFailedException: Unable to click on object 'Object Repository/IFObject/Page_span_Town Square - TEAM NAME Mattermost/button_Find channelCtrlK'
	at com.kms.katalon.core.webui.keyword.internal.WebUIKeywordMain.stepFailed(WebUIKeywordMain.groovy:64)
	at com.kms.katalon.core.webui.keyword.internal.WebUIKeywordMain.runKeyword(WebUIKeywordMain.groovy:26)
	at com.kms.katalon.core.webui.keyword.builtin.ClickKeyword.click(ClickKeyword.groovy:75)
	at com.kms.katalon.core.webui.keyword.builtin.ClickKeyword.execute(ClickKeyword.groovy:42)
	at com.kms.katalon.core.keyword.internal.KeywordExecutor.executeKeywordForPlatform(KeywordExecutor.groovy:73)
	at com.kms.katalon.core.webui.keyword.WebUiBuiltInKeywords.click(WebUiBuiltInKeywords.groovy:619)
	at com.kms.katalon.core.webui.keyword.WebUiBuiltInKeywords$click$2.call(Unknown Source)
	at IfSwitchChannel.run(IfSwitchChannel:23)
	at com.kms.katalon.core.main.ScriptEngine.run(ScriptEngine.java:194)
	at com.kms.katalon.core.main.ScriptEngine.runScriptAsRawText(ScriptEngine.java:119)
	at com.kms.katalon.core.main.TestCaseExecutor.runScript(TestCaseExecutor.java:398)
	at com.kms.katalon.core.main.TestCaseExecutor.doExecute(TestCaseExecutor.java:389)
	at com.kms.katalon.core.main.TestCaseExecutor.processExecutionPhase(TestCaseExecutor.java:368)
	at com.kms.katalon.core.main.TestCaseExecutor.accessMainPhase(TestCaseExecutor.java:360)
	at com.kms.katalon.core.main.TestCaseExecutor.execute(TestCaseExecutor.java:255)
	at com.kms.katalon.core.main.TestSuiteExecutor.accessTestCaseMainPhase(TestSuiteExecutor.java:203)
	at com.kms.katalon.core.main.TestSuiteExecutor.accessTestSuiteMainPhase(TestSuiteExecutor.java:152)
	at com.kms.katalon.core.main.TestSuiteExecutor.execute(TestSuiteExecutor.java:95)
	at com.kms.katalon.core.main.TestCaseMain.startTestSuite(TestCaseMain.java:157)
	at com.kms.katalon.core.main.TestCaseMain$startTestSuite$0.call(Unknown Source)
	at TempTestSuite1622370015671.run(TempTestSuite1622370015671.groovy:39)
Caused by: com.kms.katalon.core.webui.exception.WebElementNotFoundException: Web element with id: 'Object Repository/IFObject/Page_span_Town Square - TEAM NAME Mattermost/button_Find channelCtrlK' located by '//div[@id='lhsNavigator']/div/button' not found
	at com.kms.katalon.core.webui.common.WebUiCommonHelper.findWebElement(WebUiCommonHelper.java:1368)
	at com.kms.katalon.core.webui.keyword.internal.WebUIAbstractKeyword.findWebElement(WebUIAbstractKeyword.groovy:27)
	at com.kms.katalon.core.webui.keyword.internal.WebUIAbstractKeyword.findWebElement(WebUIAbstractKeyword.groovy:26)
	at com.kms.katalon.core.webui.keyword.builtin.ClickKeyword$_click_closure1.doCall(ClickKeyword.groovy:66)
	at com.kms.katalon.core.webui.keyword.builtin.ClickKeyword$_click_closure1.call(ClickKeyword.groovy)
	at com.kms.katalon.core.webui.keyword.internal.WebUIKeywordMain.runKeyword(WebUIKeywordMain.groovy:20)
	at com.kms.katalon.core.webui.keyword.builtin.ClickKeyword.click(ClickKeyword.groovy:75)
	at com.kms.katalon.core.webui.keyword.builtin.ClickKeyword.execute(ClickKeyword.groovy:42)
	at com.kms.katalon.core.keyword.internal.KeywordExecutor.executeKeywordForPlatform(KeywordExecutor.groovy:73)
	at com.kms.katalon.core.webui.keyword.WebUiBuiltInKeywords.click(WebUiBuiltInKeywords.groovy:619)
	at com.kms.katalon.core.webui.keyword.WebUiBuiltInKeywords$click$2.call(Unknown Source)
	at Script1622262104484.run(Script1622262104484.groovy:23)
	... 13 more
)
[[ATTACHMENT|C:\\Users\\nttuan\\Downloads\\CDNC\\mattermost-testing\\Reports\\20210530_102014\\Run all test cases\\20210530_102015\\1622371258412.png]]]]></system-out>
         <system-err><![CDATA[2021-05-30 10:40:18 - [TEST_CASE][FAILED] - Test Cases/TestCasesIf/IfSwitchChannel: Test Cases/TestCasesIf/IfSwitchChannel FAILED.
Reason:
com.kms.katalon.core.exception.StepFailedException: Unable to click on object 'Object Repository/IFObject/Page_span_Town Square - TEAM NAME Mattermost/button_Find channelCtrlK'
	at com.kms.katalon.core.webui.keyword.internal.WebUIKeywordMain.stepFailed(WebUIKeywordMain.groovy:64)
	at com.kms.katalon.core.webui.keyword.internal.WebUIKeywordMain.runKeyword(WebUIKeywordMain.groovy:26)
	at com.kms.katalon.core.webui.keyword.builtin.ClickKeyword.click(ClickKeyword.groovy:75)
	at com.kms.katalon.core.webui.keyword.builtin.ClickKeyword.execute(ClickKeyword.groovy:42)
	at com.kms.katalon.core.keyword.internal.KeywordExecutor.executeKeywordForPlatform(KeywordExecutor.groovy:73)
	at com.kms.katalon.core.webui.keyword.WebUiBuiltInKeywords.click(WebUiBuiltInKeywords.groovy:619)
	at com.kms.katalon.core.webui.keyword.WebUiBuiltInKeywords$click$2.call(Unknown Source)
	at IfSwitchChannel.run(IfSwitchChannel:23)
	at com.kms.katalon.core.main.ScriptEngine.run(ScriptEngine.java:194)
	at com.kms.katalon.core.main.ScriptEngine.runScriptAsRawText(ScriptEngine.java:119)
	at com.kms.katalon.core.main.TestCaseExecutor.runScript(TestCaseExecutor.java:398)
	at com.kms.katalon.core.main.TestCaseExecutor.doExecute(TestCaseExecutor.java:389)
	at com.kms.katalon.core.main.TestCaseExecutor.processExecutionPhase(TestCaseExecutor.java:368)
	at com.kms.katalon.core.main.TestCaseExecutor.accessMainPhase(TestCaseExecutor.java:360)
	at com.kms.katalon.core.main.TestCaseExecutor.execute(TestCaseExecutor.java:255)
	at com.kms.katalon.core.main.TestSuiteExecutor.accessTestCaseMainPhase(TestSuiteExecutor.java:203)
	at com.kms.katalon.core.main.TestSuiteExecutor.accessTestSuiteMainPhase(TestSuiteExecutor.java:152)
	at com.kms.katalon.core.main.TestSuiteExecutor.execute(TestSuiteExecutor.java:95)
	at com.kms.katalon.core.main.TestCaseMain.startTestSuite(TestCaseMain.java:157)
	at com.kms.katalon.core.main.TestCaseMain$startTestSuite$0.call(Unknown Source)
	at TempTestSuite1622370015671.run(TempTestSuite1622370015671.groovy:39)
Caused by: com.kms.katalon.core.webui.exception.WebElementNotFoundException: Web element with id: 'Object Repository/IFObject/Page_span_Town Square - TEAM NAME Mattermost/button_Find channelCtrlK' located by '//div[@id='lhsNavigator']/div/button' not found
	at com.kms.katalon.core.webui.common.WebUiCommonHelper.findWebElement(WebUiCommonHelper.java:1368)
	at com.kms.katalon.core.webui.keyword.internal.WebUIAbstractKeyword.findWebElement(WebUIAbstractKeyword.groovy:27)
	at com.kms.katalon.core.webui.keyword.internal.WebUIAbstractKeyword.findWebElement(WebUIAbstractKeyword.groovy:26)
	at com.kms.katalon.core.webui.keyword.builtin.ClickKeyword$_click_closure1.doCall(ClickKeyword.groovy:66)
	at com.kms.katalon.core.webui.keyword.builtin.ClickKeyword$_click_closure1.call(ClickKeyword.groovy)
	at com.kms.katalon.core.webui.keyword.internal.WebUIKeywordMain.runKeyword(WebUIKeywordMain.groovy:20)
	... 19 more]]></system-err>
      </testcase>
      <testcase name="Test Cases/TestCasesIf/LeaveTeam" time="37.822" classname="Test Cases/TestCasesIf/LeaveTeam" status="PASSED">
         <system-out><![CDATA[2021-05-30 10:40:58 - [TEST_CASE][PASSED] - Test Cases/TestCasesIf/LeaveTeam: Test Cases/TestCasesIf/LeaveTeam

2021-05-30 10:40:58 - [TEST_STEP][PASSED] - callTestCase(findTestCase("Test Cases/Common Test Cases/Login"), ["Username":"cxtuan", "Password":"01672471821nT@"]): Call Test Case 'Test Cases/Common Test Cases/Login' successfully

2021-05-30 10:40:58 - [TEST_CASE][PASSED] - Test Cases/Common Test Cases/Login: Test Cases/Common Test Cases/Login

2021-05-30 10:40:58 - [TEST_STEP][PASSED] - openBrowser(""): Browser is opened with url: ''

2021-05-30 10:40:58 - [MESSAGE][WARNING] - A browser is already opened. Closing browser and opening a new one

2021-05-30 10:40:59 - [MESSAGE][INFO] - Starting 'Chrome' driver

2021-05-30 10:40:59 - [MESSAGE][INFO] - Action delay is set to 0 milliseconds

2021-05-30 10:41:00 - [MESSAGE][PASSED] - Browser is opened with url: ''

2021-05-30 10:41:00 - [TEST_STEP][PASSED] - navigateToUrl("https://chudenangcao2021.cf/"): Navigate to 'https://chudenangcao2021.cf/' successfully

2021-05-30 10:41:01 - [MESSAGE][PASSED] - Navigate to 'https://chudenangcao2021.cf/' successfully

2021-05-30 10:41:01 - [TEST_STEP][PASSED] - setText(findTestObject("Object Repository/Page_Mattermost/input_All team communication in one place, _dcc84b"), Username): Text 'cxtuan' is set on object 'Object Repository/Page_Mattermost/input_All team communication in one place, _dcc84b'

2021-05-30 10:41:02 - [MESSAGE][PASSED] - Text 'cxtuan' is set on object 'Object Repository/Page_Mattermost/input_All team communication in one place, _dcc84b'

2021-05-30 10:41:02 - [TEST_STEP][PASSED] - setText(findTestObject("Object Repository/Page_Mattermost/input_All team communication in one place, _a3edc6"), Password): Text '01672471821nT@' is set on object 'Object Repository/Page_Mattermost/input_All team communication in one place, _a3edc6'

2021-05-30 10:41:03 - [MESSAGE][PASSED] - Text '01672471821nT@' is set on object 'Object Repository/Page_Mattermost/input_All team communication in one place, _a3edc6'

2021-05-30 10:41:03 - [TEST_STEP][PASSED] - click(findTestObject("Object Repository/Page_Mattermost/button_Sign in")): Object: 'Object Repository/Page_Mattermost/button_Sign in' is clicked on

2021-05-30 10:41:04 - [MESSAGE][PASSED] - Object: 'Object Repository/Page_Mattermost/button_Sign in' is clicked on

2021-05-30 10:41:04 - [TEST_STEP][PASSED] - verifyLinksAccessible(["https://chudenangcao2021.cf/cdnc-cnpm-2021/channels"]): All links are accessible

2021-05-30 10:41:04 - [MESSAGE][INFO] - HAR: C:\Users\nttuan\Downloads\CDNC\mattermost-testing\Reports\20210530_102014\Run all test cases\20210530_102015\requests\main\57.har

2021-05-30 10:41:04 - [MESSAGE][PASSED] - Send request successfully

2021-05-30 10:41:04 - [MESSAGE][PASSED] - All links are accessible

2021-05-30 10:41:04 - [MESSAGE][PASSED] - Call Test Case 'Test Cases/Common Test Cases/Login' successfully

2021-05-30 10:41:04 - [TEST_STEP][PASSED] - object = findTestObject("Object Repository/IFObject/Page_TEST CHANNEL - TEAM NAME Mattermost/div_te"): null

2021-05-30 10:41:04 - [TEST_STEP][PASSED] - bool = false: null

2021-05-30 10:41:04 - [TEST_STEP][FAILED] - try: Unable to verify object 'Object Repository/IFObject/Page_TEST CHANNEL - TEAM NAME Mattermost/div_te' is present (Root cause: com.kms.katalon.core.exception.StepFailedException: Unable to verify object 'Object Repository/IFObject/Page_TEST CHANNEL - TEAM NAME Mattermost/div_te' is present
	at com.kms.katalon.core.webui.keyword.internal.WebUIKeywordMain.stepFailed(WebUIKeywordMain.groovy:64)
	at com.kms.katalon.core.webui.keyword.internal.WebUIKeywordMain.runKeyword(WebUIKeywordMain.groovy:26)
	at com.kms.katalon.core.webui.keyword.builtin.VerifyElementPresentKeyword.verifyElementPresent(VerifyElementPresentKeyword.groovy:92)
	at com.kms.katalon.core.webui.keyword.builtin.VerifyElementPresentKeyword.execute(VerifyElementPresentKeyword.groovy:68)
	at com.kms.katalon.core.keyword.internal.KeywordExecutor.executeKeywordForPlatform(KeywordExecutor.groovy:73)
	at com.kms.katalon.core.webui.keyword.WebUiBuiltInKeywords.verifyElementPresent(WebUiBuiltInKeywords.groovy:1463)
	at com.kms.katalon.core.webui.keyword.WebUiBuiltInKeywords$verifyElementPresent$4.call(Unknown Source)
	at LeaveTeam.run(LeaveTeam:24)
	at com.kms.katalon.core.main.ScriptEngine.run(ScriptEngine.java:194)
	at com.kms.katalon.core.main.ScriptEngine.runScriptAsRawText(ScriptEngine.java:119)
	at com.kms.katalon.core.main.TestCaseExecutor.runScript(TestCaseExecutor.java:398)
	at com.kms.katalon.core.main.TestCaseExecutor.doExecute(TestCaseExecutor.java:389)
	at com.kms.katalon.core.main.TestCaseExecutor.processExecutionPhase(TestCaseExecutor.java:368)
	at com.kms.katalon.core.main.TestCaseExecutor.accessMainPhase(TestCaseExecutor.java:360)
	at com.kms.katalon.core.main.TestCaseExecutor.execute(TestCaseExecutor.java:255)
	at com.kms.katalon.core.main.TestSuiteExecutor.accessTestCaseMainPhase(TestSuiteExecutor.java:203)
	at com.kms.katalon.core.main.TestSuiteExecutor.accessTestSuiteMainPhase(TestSuiteExecutor.java:152)
	at com.kms.katalon.core.main.TestSuiteExecutor.execute(TestSuiteExecutor.java:95)
	at com.kms.katalon.core.main.TestCaseMain.startTestSuite(TestCaseMain.java:157)
	at com.kms.katalon.core.main.TestCaseMain$startTestSuite$0.call(Unknown Source)
	at TempTestSuite1622370015671.run(TempTestSuite1622370015671.groovy:39)
Caused by: com.kms.katalon.core.exception.StepFailedException: com.kms.katalon.core.webui.exception.WebElementNotFoundException: Web element with id: 'Object Repository/IFObject/Page_TEST CHANNEL - TEAM NAME Mattermost/div_te' located by '//a[@id='test1TeamButton']/div/div/div' not found
	at com.kms.katalon.core.webui.keyword.internal.WebUIKeywordMain.stepFailed(WebUIKeywordMain.groovy:64)
	at com.kms.katalon.core.webui.keyword.builtin.VerifyElementPresentKeyword$_verifyElementPresent_closure1.doCall(VerifyElementPresentKeyword.groovy:85)
	at com.kms.katalon.core.webui.keyword.builtin.VerifyElementPresentKeyword$_verifyElementPresent_closure1.call(VerifyElementPresentKeyword.groovy)
	at com.kms.katalon.core.webui.keyword.internal.WebUIKeywordMain.runKeyword(WebUIKeywordMain.groovy:20)
	... 19 more
)

2021-05-30 10:41:04 - [TEST_STEP][FAILED] - bool = verifyElementPresent(object, 0): Unable to verify object 'Object Repository/IFObject/Page_TEST CHANNEL - TEAM NAME Mattermost/div_te' is present (Root cause: com.kms.katalon.core.exception.StepFailedException: Unable to verify object 'Object Repository/IFObject/Page_TEST CHANNEL - TEAM NAME Mattermost/div_te' is present
	at com.kms.katalon.core.webui.keyword.internal.WebUIKeywordMain.stepFailed(WebUIKeywordMain.groovy:64)
	at com.kms.katalon.core.webui.keyword.internal.WebUIKeywordMain.runKeyword(WebUIKeywordMain.groovy:26)
	at com.kms.katalon.core.webui.keyword.builtin.VerifyElementPresentKeyword.verifyElementPresent(VerifyElementPresentKeyword.groovy:92)
	at com.kms.katalon.core.webui.keyword.builtin.VerifyElementPresentKeyword.execute(VerifyElementPresentKeyword.groovy:68)
	at com.kms.katalon.core.keyword.internal.KeywordExecutor.executeKeywordForPlatform(KeywordExecutor.groovy:73)
	at com.kms.katalon.core.webui.keyword.WebUiBuiltInKeywords.verifyElementPresent(WebUiBuiltInKeywords.groovy:1463)
	at com.kms.katalon.core.webui.keyword.WebUiBuiltInKeywords$verifyElementPresent$4.call(Unknown Source)
	at LeaveTeam.run(LeaveTeam:24)
	at com.kms.katalon.core.main.ScriptEngine.run(ScriptEngine.java:194)
	at com.kms.katalon.core.main.ScriptEngine.runScriptAsRawText(ScriptEngine.java:119)
	at com.kms.katalon.core.main.TestCaseExecutor.runScript(TestCaseExecutor.java:398)
	at com.kms.katalon.core.main.TestCaseExecutor.doExecute(TestCaseExecutor.java:389)
	at com.kms.katalon.core.main.TestCaseExecutor.processExecutionPhase(TestCaseExecutor.java:368)
	at com.kms.katalon.core.main.TestCaseExecutor.accessMainPhase(TestCaseExecutor.java:360)
	at com.kms.katalon.core.main.TestCaseExecutor.execute(TestCaseExecutor.java:255)
	at com.kms.katalon.core.main.TestSuiteExecutor.accessTestCaseMainPhase(TestSuiteExecutor.java:203)
	at com.kms.katalon.core.main.TestSuiteExecutor.accessTestSuiteMainPhase(TestSuiteExecutor.java:152)
	at com.kms.katalon.core.main.TestSuiteExecutor.execute(TestSuiteExecutor.java:95)
	at com.kms.katalon.core.main.TestCaseMain.startTestSuite(TestCaseMain.java:157)
	at com.kms.katalon.core.main.TestCaseMain$startTestSuite$0.call(Unknown Source)
	at TempTestSuite1622370015671.run(TempTestSuite1622370015671.groovy:39)
Caused by: com.kms.katalon.core.exception.StepFailedException: com.kms.katalon.core.webui.exception.WebElementNotFoundException: Web element with id: 'Object Repository/IFObject/Page_TEST CHANNEL - TEAM NAME Mattermost/div_te' located by '//a[@id='test1TeamButton']/div/div/div' not found
	at com.kms.katalon.core.webui.keyword.internal.WebUIKeywordMain.stepFailed(WebUIKeywordMain.groovy:64)
	at com.kms.katalon.core.webui.keyword.builtin.VerifyElementPresentKeyword$_verifyElementPresent_closure1.doCall(VerifyElementPresentKeyword.groovy:85)
	at com.kms.katalon.core.webui.keyword.builtin.VerifyElementPresentKeyword$_verifyElementPresent_closure1.call(VerifyElementPresentKeyword.groovy)
	at com.kms.katalon.core.webui.keyword.internal.WebUIKeywordMain.runKeyword(WebUIKeywordMain.groovy:20)
	... 19 more
)

2021-05-30 10:41:04 - [MESSAGE][WARNING] - Timeout '0' is invalid. Using default page load timeout: '30'

2021-05-30 10:41:35 - [MESSAGE][INFO] - Unable to find the element located by 'By.xpath: //a[@id='test1TeamButton']/div/div/div'. Please recheck the objects properties to make sure the desired element is located. 

2021-05-30 10:41:35 - [MESSAGE][FAILED] - com.kms.katalon.core.webui.exception.WebElementNotFoundException: Web element with id: 'Object Repository/IFObject/Page_TEST CHANNEL - TEAM NAME Mattermost/div_te' located by '//a[@id='test1TeamButton']/div/div/div' not found (Root cause: com.kms.katalon.core.exception.StepFailedException: com.kms.katalon.core.webui.exception.WebElementNotFoundException: Web element with id: 'Object Repository/IFObject/Page_TEST CHANNEL - TEAM NAME Mattermost/div_te' located by '//a[@id='test1TeamButton']/div/div/div' not found
	at com.kms.katalon.core.webui.keyword.internal.WebUIKeywordMain.stepFailed(WebUIKeywordMain.groovy:64)
	at com.kms.katalon.core.webui.keyword.builtin.VerifyElementPresentKeyword$_verifyElementPresent_closure1.doCall(VerifyElementPresentKeyword.groovy:85)
	at com.kms.katalon.core.webui.keyword.builtin.VerifyElementPresentKeyword$_verifyElementPresent_closure1.call(VerifyElementPresentKeyword.groovy)
	at com.kms.katalon.core.webui.keyword.internal.WebUIKeywordMain.runKeyword(WebUIKeywordMain.groovy:20)
	at com.kms.katalon.core.webui.keyword.builtin.VerifyElementPresentKeyword.verifyElementPresent(VerifyElementPresentKeyword.groovy:92)
	at com.kms.katalon.core.webui.keyword.builtin.VerifyElementPresentKeyword.execute(VerifyElementPresentKeyword.groovy:68)
	at com.kms.katalon.core.keyword.internal.KeywordExecutor.executeKeywordForPlatform(KeywordExecutor.groovy:73)
	at com.kms.katalon.core.webui.keyword.WebUiBuiltInKeywords.verifyElementPresent(WebUiBuiltInKeywords.groovy:1463)
	at com.kms.katalon.core.webui.keyword.WebUiBuiltInKeywords$verifyElementPresent$4.call(Unknown Source)
	at LeaveTeam.run(LeaveTeam:24)
	at com.kms.katalon.core.main.ScriptEngine.run(ScriptEngine.java:194)
	at com.kms.katalon.core.main.ScriptEngine.runScriptAsRawText(ScriptEngine.java:119)
	at com.kms.katalon.core.main.TestCaseExecutor.runScript(TestCaseExecutor.java:398)
	at com.kms.katalon.core.main.TestCaseExecutor.doExecute(TestCaseExecutor.java:389)
	at com.kms.katalon.core.main.TestCaseExecutor.processExecutionPhase(TestCaseExecutor.java:368)
	at com.kms.katalon.core.main.TestCaseExecutor.accessMainPhase(TestCaseExecutor.java:360)
	at com.kms.katalon.core.main.TestCaseExecutor.execute(TestCaseExecutor.java:255)
	at com.kms.katalon.core.main.TestSuiteExecutor.accessTestCaseMainPhase(TestSuiteExecutor.java:203)
	at com.kms.katalon.core.main.TestSuiteExecutor.accessTestSuiteMainPhase(TestSuiteExecutor.java:152)
	at com.kms.katalon.core.main.TestSuiteExecutor.execute(TestSuiteExecutor.java:95)
	at com.kms.katalon.core.main.TestCaseMain.startTestSuite(TestCaseMain.java:157)
	at com.kms.katalon.core.main.TestCaseMain$startTestSuite$0.call(Unknown Source)
	at TempTestSuite1622370015671.run(TempTestSuite1622370015671.groovy:39)
)
[[ATTACHMENT|C:\\Users\\nttuan\\Downloads\\CDNC\\mattermost-testing\\Reports\\20210530_102014\\Run all test cases\\20210530_102015\\1622371295480.png]]

2021-05-30 10:41:35 - [MESSAGE][FAILED] - Unable to verify object 'Object Repository/IFObject/Page_TEST CHANNEL - TEAM NAME Mattermost/div_te' is present (Root cause: com.kms.katalon.core.exception.StepFailedException: Unable to verify object 'Object Repository/IFObject/Page_TEST CHANNEL - TEAM NAME Mattermost/div_te' is present
	at com.kms.katalon.core.webui.keyword.internal.WebUIKeywordMain.stepFailed(WebUIKeywordMain.groovy:64)
	at com.kms.katalon.core.webui.keyword.internal.WebUIKeywordMain.runKeyword(WebUIKeywordMain.groovy:26)
	at com.kms.katalon.core.webui.keyword.builtin.VerifyElementPresentKeyword.verifyElementPresent(VerifyElementPresentKeyword.groovy:92)
	at com.kms.katalon.core.webui.keyword.builtin.VerifyElementPresentKeyword.execute(VerifyElementPresentKeyword.groovy:68)
	at com.kms.katalon.core.keyword.internal.KeywordExecutor.executeKeywordForPlatform(KeywordExecutor.groovy:73)
	at com.kms.katalon.core.webui.keyword.WebUiBuiltInKeywords.verifyElementPresent(WebUiBuiltInKeywords.groovy:1463)
	at com.kms.katalon.core.webui.keyword.WebUiBuiltInKeywords$verifyElementPresent$4.call(Unknown Source)
	at LeaveTeam.run(LeaveTeam:24)
	at com.kms.katalon.core.main.ScriptEngine.run(ScriptEngine.java:194)
	at com.kms.katalon.core.main.ScriptEngine.runScriptAsRawText(ScriptEngine.java:119)
	at com.kms.katalon.core.main.TestCaseExecutor.runScript(TestCaseExecutor.java:398)
	at com.kms.katalon.core.main.TestCaseExecutor.doExecute(TestCaseExecutor.java:389)
	at com.kms.katalon.core.main.TestCaseExecutor.processExecutionPhase(TestCaseExecutor.java:368)
	at com.kms.katalon.core.main.TestCaseExecutor.accessMainPhase(TestCaseExecutor.java:360)
	at com.kms.katalon.core.main.TestCaseExecutor.execute(TestCaseExecutor.java:255)
	at com.kms.katalon.core.main.TestSuiteExecutor.accessTestCaseMainPhase(TestSuiteExecutor.java:203)
	at com.kms.katalon.core.main.TestSuiteExecutor.accessTestSuiteMainPhase(TestSuiteExecutor.java:152)
	at com.kms.katalon.core.main.TestSuiteExecutor.execute(TestSuiteExecutor.java:95)
	at com.kms.katalon.core.main.TestCaseMain.startTestSuite(TestCaseMain.java:157)
	at com.kms.katalon.core.main.TestCaseMain$startTestSuite$0.call(Unknown Source)
	at TempTestSuite1622370015671.run(TempTestSuite1622370015671.groovy:39)
Caused by: com.kms.katalon.core.exception.StepFailedException: com.kms.katalon.core.webui.exception.WebElementNotFoundException: Web element with id: 'Object Repository/IFObject/Page_TEST CHANNEL - TEAM NAME Mattermost/div_te' located by '//a[@id='test1TeamButton']/div/div/div' not found
	at com.kms.katalon.core.webui.keyword.internal.WebUIKeywordMain.stepFailed(WebUIKeywordMain.groovy:64)
	at com.kms.katalon.core.webui.keyword.builtin.VerifyElementPresentKeyword$_verifyElementPresent_closure1.doCall(VerifyElementPresentKeyword.groovy:85)
	at com.kms.katalon.core.webui.keyword.builtin.VerifyElementPresentKeyword$_verifyElementPresent_closure1.call(VerifyElementPresentKeyword.groovy)
	at com.kms.katalon.core.webui.keyword.internal.WebUIKeywordMain.runKeyword(WebUIKeywordMain.groovy:20)
	... 19 more
)
[[ATTACHMENT|C:\\Users\\nttuan\\Downloads\\CDNC\\mattermost-testing\\Reports\\20210530_102014\\Run all test cases\\20210530_102015\\1622371295555.png]]

2021-05-30 10:41:35 - [TEST_STEP][PASSED] - catch (Exception ex): null

2021-05-30 10:41:35 - [TEST_STEP][PASSED] - Finally: Browser is closed

2021-05-30 10:41:35 - [TEST_STEP][PASSED] - if (bool): null

2021-05-30 10:41:35 - [TEST_STEP][PASSED] - else: Browser is closed

2021-05-30 10:41:35 - [TEST_STEP][PASSED] - closeBrowser(): Browser is closed

2021-05-30 10:41:36 - [MESSAGE][PASSED] - Browser is closed]]></system-out>
         <system-err><![CDATA[]]></system-err>
      </testcase>
      <testcase name="Test Cases/TestCasesIf/Time24hIfUserNameThanTen" time="36.652" classname="Test Cases/TestCasesIf/Time24hIfUserNameThanTen" status="PASSED">
         <system-out><![CDATA[2021-05-30 10:41:36 - [TEST_CASE][PASSED] - Test Cases/TestCasesIf/Time24hIfUserNameThanTen: Test Cases/TestCasesIf/Time24hIfUserNameThanTen

2021-05-30 10:41:36 - [TEST_STEP][PASSED] - callTestCase(findTestCase("Test Cases/Common Test Cases/Login"), ["Username":username, "Password":password]): Call Test Case 'Test Cases/Common Test Cases/Login' successfully

2021-05-30 10:41:36 - [TEST_CASE][PASSED] - Test Cases/Common Test Cases/Login: Test Cases/Common Test Cases/Login

2021-05-30 10:41:36 - [TEST_STEP][PASSED] - openBrowser(""): Browser is opened with url: ''

2021-05-30 10:41:36 - [MESSAGE][INFO] - Starting 'Chrome' driver

2021-05-30 10:41:36 - [MESSAGE][INFO] - Action delay is set to 0 milliseconds

2021-05-30 10:41:37 - [MESSAGE][PASSED] - Browser is opened with url: ''

2021-05-30 10:41:37 - [TEST_STEP][PASSED] - navigateToUrl("https://chudenangcao2021.cf/"): Navigate to 'https://chudenangcao2021.cf/' successfully

2021-05-30 10:41:38 - [MESSAGE][PASSED] - Navigate to 'https://chudenangcao2021.cf/' successfully

2021-05-30 10:41:38 - [TEST_STEP][PASSED] - setText(findTestObject("Object Repository/Page_Mattermost/input_All team communication in one place, _dcc84b"), Username): Text 'cxtuan' is set on object 'Object Repository/Page_Mattermost/input_All team communication in one place, _dcc84b'

2021-05-30 10:41:39 - [MESSAGE][PASSED] - Text 'cxtuan' is set on object 'Object Repository/Page_Mattermost/input_All team communication in one place, _dcc84b'

2021-05-30 10:41:39 - [TEST_STEP][PASSED] - setText(findTestObject("Object Repository/Page_Mattermost/input_All team communication in one place, _a3edc6"), Password): Text '01672471821nT@' is set on object 'Object Repository/Page_Mattermost/input_All team communication in one place, _a3edc6'

2021-05-30 10:41:40 - [MESSAGE][PASSED] - Text '01672471821nT@' is set on object 'Object Repository/Page_Mattermost/input_All team communication in one place, _a3edc6'

2021-05-30 10:41:40 - [TEST_STEP][PASSED] - click(findTestObject("Object Repository/Page_Mattermost/button_Sign in")): Object: 'Object Repository/Page_Mattermost/button_Sign in' is clicked on

2021-05-30 10:41:41 - [MESSAGE][PASSED] - Object: 'Object Repository/Page_Mattermost/button_Sign in' is clicked on

2021-05-30 10:41:41 - [TEST_STEP][PASSED] - verifyLinksAccessible(["https://chudenangcao2021.cf/cdnc-cnpm-2021/channels"]): All links are accessible

2021-05-30 10:41:41 - [MESSAGE][INFO] - HAR: C:\Users\nttuan\Downloads\CDNC\mattermost-testing\Reports\20210530_102014\Run all test cases\20210530_102015\requests\main\58.har

2021-05-30 10:41:41 - [MESSAGE][PASSED] - Send request successfully

2021-05-30 10:41:41 - [MESSAGE][PASSED] - All links are accessible

2021-05-30 10:41:41 - [MESSAGE][PASSED] - Call Test Case 'Test Cases/Common Test Cases/Login' successfully

2021-05-30 10:41:41 - [TEST_STEP][PASSED] - object = findTestObject("Object Repository/IFObject/Page_TEST CHANNEL - TEAM NAME Mattermost/button_cxtuan_style--none sidebar-header-dropdown__icon"): null

2021-05-30 10:41:41 - [TEST_STEP][PASSED] - bool = false: null

2021-05-30 10:41:41 - [TEST_STEP][FAILED] - try: Unable to verify object 'Object Repository/IFObject/Page_TEST CHANNEL - TEAM NAME Mattermost/button_cxtuan_style--none sidebar-header-dropdown__icon' is present (Root cause: com.kms.katalon.core.exception.StepFailedException: Unable to verify object 'Object Repository/IFObject/Page_TEST CHANNEL - TEAM NAME Mattermost/button_cxtuan_style--none sidebar-header-dropdown__icon' is present
	at com.kms.katalon.core.webui.keyword.internal.WebUIKeywordMain.stepFailed(WebUIKeywordMain.groovy:64)
	at com.kms.katalon.core.webui.keyword.internal.WebUIKeywordMain.runKeyword(WebUIKeywordMain.groovy:26)
	at com.kms.katalon.core.webui.keyword.builtin.VerifyElementPresentKeyword.verifyElementPresent(VerifyElementPresentKeyword.groovy:92)
	at com.kms.katalon.core.webui.keyword.builtin.VerifyElementPresentKeyword.execute(VerifyElementPresentKeyword.groovy:68)
	at com.kms.katalon.core.keyword.internal.KeywordExecutor.executeKeywordForPlatform(KeywordExecutor.groovy:73)
	at com.kms.katalon.core.webui.keyword.WebUiBuiltInKeywords.verifyElementPresent(WebUiBuiltInKeywords.groovy:1463)
	at com.kms.katalon.core.webui.keyword.WebUiBuiltInKeywords$verifyElementPresent$4.call(Unknown Source)
	at Time24hIfUserNameThanTen.run(Time24hIfUserNameThanTen:45)
	at com.kms.katalon.core.main.ScriptEngine.run(ScriptEngine.java:194)
	at com.kms.katalon.core.main.ScriptEngine.runScriptAsRawText(ScriptEngine.java:119)
	at com.kms.katalon.core.main.TestCaseExecutor.runScript(TestCaseExecutor.java:398)
	at com.kms.katalon.core.main.TestCaseExecutor.doExecute(TestCaseExecutor.java:389)
	at com.kms.katalon.core.main.TestCaseExecutor.processExecutionPhase(TestCaseExecutor.java:368)
	at com.kms.katalon.core.main.TestCaseExecutor.accessMainPhase(TestCaseExecutor.java:360)
	at com.kms.katalon.core.main.TestCaseExecutor.execute(TestCaseExecutor.java:255)
	at com.kms.katalon.core.main.TestSuiteExecutor.accessTestCaseMainPhase(TestSuiteExecutor.java:203)
	at com.kms.katalon.core.main.TestSuiteExecutor.accessTestSuiteMainPhase(TestSuiteExecutor.java:152)
	at com.kms.katalon.core.main.TestSuiteExecutor.execute(TestSuiteExecutor.java:95)
	at com.kms.katalon.core.main.TestCaseMain.startTestSuite(TestCaseMain.java:157)
	at com.kms.katalon.core.main.TestCaseMain$startTestSuite$0.call(Unknown Source)
	at TempTestSuite1622370015671.run(TempTestSuite1622370015671.groovy:39)
Caused by: com.kms.katalon.core.exception.StepFailedException: com.kms.katalon.core.webui.exception.WebElementNotFoundException: Web element with id: 'Object Repository/IFObject/Page_TEST CHANNEL - TEAM NAME Mattermost/button_cxtuan_style--none sidebar-header-dropdown__icon' located by '//div[@id='headerInfo']/button' not found
	at com.kms.katalon.core.webui.keyword.internal.WebUIKeywordMain.stepFailed(WebUIKeywordMain.groovy:64)
	at com.kms.katalon.core.webui.keyword.builtin.VerifyElementPresentKeyword$_verifyElementPresent_closure1.doCall(VerifyElementPresentKeyword.groovy:85)
	at com.kms.katalon.core.webui.keyword.builtin.VerifyElementPresentKeyword$_verifyElementPresent_closure1.call(VerifyElementPresentKeyword.groovy)
	at com.kms.katalon.core.webui.keyword.internal.WebUIKeywordMain.runKeyword(WebUIKeywordMain.groovy:20)
	... 19 more
)

2021-05-30 10:41:41 - [TEST_STEP][FAILED] - bool = verifyElementPresent(object, 0): Unable to verify object 'Object Repository/IFObject/Page_TEST CHANNEL - TEAM NAME Mattermost/button_cxtuan_style--none sidebar-header-dropdown__icon' is present (Root cause: com.kms.katalon.core.exception.StepFailedException: Unable to verify object 'Object Repository/IFObject/Page_TEST CHANNEL - TEAM NAME Mattermost/button_cxtuan_style--none sidebar-header-dropdown__icon' is present
	at com.kms.katalon.core.webui.keyword.internal.WebUIKeywordMain.stepFailed(WebUIKeywordMain.groovy:64)
	at com.kms.katalon.core.webui.keyword.internal.WebUIKeywordMain.runKeyword(WebUIKeywordMain.groovy:26)
	at com.kms.katalon.core.webui.keyword.builtin.VerifyElementPresentKeyword.verifyElementPresent(VerifyElementPresentKeyword.groovy:92)
	at com.kms.katalon.core.webui.keyword.builtin.VerifyElementPresentKeyword.execute(VerifyElementPresentKeyword.groovy:68)
	at com.kms.katalon.core.keyword.internal.KeywordExecutor.executeKeywordForPlatform(KeywordExecutor.groovy:73)
	at com.kms.katalon.core.webui.keyword.WebUiBuiltInKeywords.verifyElementPresent(WebUiBuiltInKeywords.groovy:1463)
	at com.kms.katalon.core.webui.keyword.WebUiBuiltInKeywords$verifyElementPresent$4.call(Unknown Source)
	at Time24hIfUserNameThanTen.run(Time24hIfUserNameThanTen:45)
	at com.kms.katalon.core.main.ScriptEngine.run(ScriptEngine.java:194)
	at com.kms.katalon.core.main.ScriptEngine.runScriptAsRawText(ScriptEngine.java:119)
	at com.kms.katalon.core.main.TestCaseExecutor.runScript(TestCaseExecutor.java:398)
	at com.kms.katalon.core.main.TestCaseExecutor.doExecute(TestCaseExecutor.java:389)
	at com.kms.katalon.core.main.TestCaseExecutor.processExecutionPhase(TestCaseExecutor.java:368)
	at com.kms.katalon.core.main.TestCaseExecutor.accessMainPhase(TestCaseExecutor.java:360)
	at com.kms.katalon.core.main.TestCaseExecutor.execute(TestCaseExecutor.java:255)
	at com.kms.katalon.core.main.TestSuiteExecutor.accessTestCaseMainPhase(TestSuiteExecutor.java:203)
	at com.kms.katalon.core.main.TestSuiteExecutor.accessTestSuiteMainPhase(TestSuiteExecutor.java:152)
	at com.kms.katalon.core.main.TestSuiteExecutor.execute(TestSuiteExecutor.java:95)
	at com.kms.katalon.core.main.TestCaseMain.startTestSuite(TestCaseMain.java:157)
	at com.kms.katalon.core.main.TestCaseMain$startTestSuite$0.call(Unknown Source)
	at TempTestSuite1622370015671.run(TempTestSuite1622370015671.groovy:39)
Caused by: com.kms.katalon.core.exception.StepFailedException: com.kms.katalon.core.webui.exception.WebElementNotFoundException: Web element with id: 'Object Repository/IFObject/Page_TEST CHANNEL - TEAM NAME Mattermost/button_cxtuan_style--none sidebar-header-dropdown__icon' located by '//div[@id='headerInfo']/button' not found
	at com.kms.katalon.core.webui.keyword.internal.WebUIKeywordMain.stepFailed(WebUIKeywordMain.groovy:64)
	at com.kms.katalon.core.webui.keyword.builtin.VerifyElementPresentKeyword$_verifyElementPresent_closure1.doCall(VerifyElementPresentKeyword.groovy:85)
	at com.kms.katalon.core.webui.keyword.builtin.VerifyElementPresentKeyword$_verifyElementPresent_closure1.call(VerifyElementPresentKeyword.groovy)
	at com.kms.katalon.core.webui.keyword.internal.WebUIKeywordMain.runKeyword(WebUIKeywordMain.groovy:20)
	... 19 more
)

2021-05-30 10:41:41 - [MESSAGE][WARNING] - Timeout '0' is invalid. Using default page load timeout: '30'

2021-05-30 10:42:12 - [MESSAGE][INFO] - Unable to find the element located by 'By.xpath: //div[@id='headerInfo']/button'. Please recheck the objects properties to make sure the desired element is located. 

2021-05-30 10:42:12 - [MESSAGE][FAILED] - com.kms.katalon.core.webui.exception.WebElementNotFoundException: Web element with id: 'Object Repository/IFObject/Page_TEST CHANNEL - TEAM NAME Mattermost/button_cxtuan_style--none sidebar-header-dropdown__icon' located by '//div[@id='headerInfo']/button' not found (Root cause: com.kms.katalon.core.exception.StepFailedException: com.kms.katalon.core.webui.exception.WebElementNotFoundException: Web element with id: 'Object Repository/IFObject/Page_TEST CHANNEL - TEAM NAME Mattermost/button_cxtuan_style--none sidebar-header-dropdown__icon' located by '//div[@id='headerInfo']/button' not found
	at com.kms.katalon.core.webui.keyword.internal.WebUIKeywordMain.stepFailed(WebUIKeywordMain.groovy:64)
	at com.kms.katalon.core.webui.keyword.builtin.VerifyElementPresentKeyword$_verifyElementPresent_closure1.doCall(VerifyElementPresentKeyword.groovy:85)
	at com.kms.katalon.core.webui.keyword.builtin.VerifyElementPresentKeyword$_verifyElementPresent_closure1.call(VerifyElementPresentKeyword.groovy)
	at com.kms.katalon.core.webui.keyword.internal.WebUIKeywordMain.runKeyword(WebUIKeywordMain.groovy:20)
	at com.kms.katalon.core.webui.keyword.builtin.VerifyElementPresentKeyword.verifyElementPresent(VerifyElementPresentKeyword.groovy:92)
	at com.kms.katalon.core.webui.keyword.builtin.VerifyElementPresentKeyword.execute(VerifyElementPresentKeyword.groovy:68)
	at com.kms.katalon.core.keyword.internal.KeywordExecutor.executeKeywordForPlatform(KeywordExecutor.groovy:73)
	at com.kms.katalon.core.webui.keyword.WebUiBuiltInKeywords.verifyElementPresent(WebUiBuiltInKeywords.groovy:1463)
	at com.kms.katalon.core.webui.keyword.WebUiBuiltInKeywords$verifyElementPresent$4.call(Unknown Source)
	at Time24hIfUserNameThanTen.run(Time24hIfUserNameThanTen:45)
	at com.kms.katalon.core.main.ScriptEngine.run(ScriptEngine.java:194)
	at com.kms.katalon.core.main.ScriptEngine.runScriptAsRawText(ScriptEngine.java:119)
	at com.kms.katalon.core.main.TestCaseExecutor.runScript(TestCaseExecutor.java:398)
	at com.kms.katalon.core.main.TestCaseExecutor.doExecute(TestCaseExecutor.java:389)
	at com.kms.katalon.core.main.TestCaseExecutor.processExecutionPhase(TestCaseExecutor.java:368)
	at com.kms.katalon.core.main.TestCaseExecutor.accessMainPhase(TestCaseExecutor.java:360)
	at com.kms.katalon.core.main.TestCaseExecutor.execute(TestCaseExecutor.java:255)
	at com.kms.katalon.core.main.TestSuiteExecutor.accessTestCaseMainPhase(TestSuiteExecutor.java:203)
	at com.kms.katalon.core.main.TestSuiteExecutor.accessTestSuiteMainPhase(TestSuiteExecutor.java:152)
	at com.kms.katalon.core.main.TestSuiteExecutor.execute(TestSuiteExecutor.java:95)
	at com.kms.katalon.core.main.TestCaseMain.startTestSuite(TestCaseMain.java:157)
	at com.kms.katalon.core.main.TestCaseMain$startTestSuite$0.call(Unknown Source)
	at TempTestSuite1622370015671.run(TempTestSuite1622370015671.groovy:39)
)
[[ATTACHMENT|C:\\Users\\nttuan\\Downloads\\CDNC\\mattermost-testing\\Reports\\20210530_102014\\Run all test cases\\20210530_102015\\1622371332130.png]]

2021-05-30 10:42:12 - [MESSAGE][FAILED] - Unable to verify object 'Object Repository/IFObject/Page_TEST CHANNEL - TEAM NAME Mattermost/button_cxtuan_style--none sidebar-header-dropdown__icon' is present (Root cause: com.kms.katalon.core.exception.StepFailedException: Unable to verify object 'Object Repository/IFObject/Page_TEST CHANNEL - TEAM NAME Mattermost/button_cxtuan_style--none sidebar-header-dropdown__icon' is present
	at com.kms.katalon.core.webui.keyword.internal.WebUIKeywordMain.stepFailed(WebUIKeywordMain.groovy:64)
	at com.kms.katalon.core.webui.keyword.internal.WebUIKeywordMain.runKeyword(WebUIKeywordMain.groovy:26)
	at com.kms.katalon.core.webui.keyword.builtin.VerifyElementPresentKeyword.verifyElementPresent(VerifyElementPresentKeyword.groovy:92)
	at com.kms.katalon.core.webui.keyword.builtin.VerifyElementPresentKeyword.execute(VerifyElementPresentKeyword.groovy:68)
	at com.kms.katalon.core.keyword.internal.KeywordExecutor.executeKeywordForPlatform(KeywordExecutor.groovy:73)
	at com.kms.katalon.core.webui.keyword.WebUiBuiltInKeywords.verifyElementPresent(WebUiBuiltInKeywords.groovy:1463)
	at com.kms.katalon.core.webui.keyword.WebUiBuiltInKeywords$verifyElementPresent$4.call(Unknown Source)
	at Time24hIfUserNameThanTen.run(Time24hIfUserNameThanTen:45)
	at com.kms.katalon.core.main.ScriptEngine.run(ScriptEngine.java:194)
	at com.kms.katalon.core.main.ScriptEngine.runScriptAsRawText(ScriptEngine.java:119)
	at com.kms.katalon.core.main.TestCaseExecutor.runScript(TestCaseExecutor.java:398)
	at com.kms.katalon.core.main.TestCaseExecutor.doExecute(TestCaseExecutor.java:389)
	at com.kms.katalon.core.main.TestCaseExecutor.processExecutionPhase(TestCaseExecutor.java:368)
	at com.kms.katalon.core.main.TestCaseExecutor.accessMainPhase(TestCaseExecutor.java:360)
	at com.kms.katalon.core.main.TestCaseExecutor.execute(TestCaseExecutor.java:255)
	at com.kms.katalon.core.main.TestSuiteExecutor.accessTestCaseMainPhase(TestSuiteExecutor.java:203)
	at com.kms.katalon.core.main.TestSuiteExecutor.accessTestSuiteMainPhase(TestSuiteExecutor.java:152)
	at com.kms.katalon.core.main.TestSuiteExecutor.execute(TestSuiteExecutor.java:95)
	at com.kms.katalon.core.main.TestCaseMain.startTestSuite(TestCaseMain.java:157)
	at com.kms.katalon.core.main.TestCaseMain$startTestSuite$0.call(Unknown Source)
	at TempTestSuite1622370015671.run(TempTestSuite1622370015671.groovy:39)
Caused by: com.kms.katalon.core.exception.StepFailedException: com.kms.katalon.core.webui.exception.WebElementNotFoundException: Web element with id: 'Object Repository/IFObject/Page_TEST CHANNEL - TEAM NAME Mattermost/button_cxtuan_style--none sidebar-header-dropdown__icon' located by '//div[@id='headerInfo']/button' not found
	at com.kms.katalon.core.webui.keyword.internal.WebUIKeywordMain.stepFailed(WebUIKeywordMain.groovy:64)
	at com.kms.katalon.core.webui.keyword.builtin.VerifyElementPresentKeyword$_verifyElementPresent_closure1.doCall(VerifyElementPresentKeyword.groovy:85)
	at com.kms.katalon.core.webui.keyword.builtin.VerifyElementPresentKeyword$_verifyElementPresent_closure1.call(VerifyElementPresentKeyword.groovy)
	at com.kms.katalon.core.webui.keyword.internal.WebUIKeywordMain.runKeyword(WebUIKeywordMain.groovy:20)
	... 19 more
)
[[ATTACHMENT|C:\\Users\\nttuan\\Downloads\\CDNC\\mattermost-testing\\Reports\\20210530_102014\\Run all test cases\\20210530_102015\\1622371332201.png]]

2021-05-30 10:42:12 - [TEST_STEP][PASSED] - catch (Exception ex): null

2021-05-30 10:42:12 - [TEST_STEP][PASSED] - Finally: Browser is closed

2021-05-30 10:42:12 - [TEST_STEP][PASSED] - if (bool && username.length() < 10): null

2021-05-30 10:42:12 - [TEST_STEP][PASSED] - else: Browser is closed

2021-05-30 10:42:12 - [TEST_STEP][PASSED] - closeBrowser(): Browser is closed

2021-05-30 10:42:12 - [MESSAGE][PASSED] - Browser is closed]]></system-out>
         <system-err><![CDATA[]]></system-err>
      </testcase>
      <system-out><![CDATA[2021-05-30 10:20:21 - [TEST_SUITE][FAILED] - Run all test cases: Test Cases/Internal Test Cases/CreateChannelPrivate FAILED.
Reason:
com.kms.katalon.core.exception.StepFailedException: Unable to click on object 'Object Repository/CreateChannel/Page_TEST CHANNEL - TEAM NAME Mattermost/i_CtrlK_icon-plus'
	at com.kms.katalon.core.webui.keyword.internal.WebUIKeywordMain.stepFailed(WebUIKeywordMain.groovy:64)
	at com.kms.katalon.core.webui.keyword.internal.WebUIKeywordMain.runKeyword(WebUIKeywordMain.groovy:26)
	at com.kms.katalon.core.webui.keyword.builtin.ClickKeyword.click(ClickKeyword.groovy:75)
	at com.kms.katalon.core.webui.keyword.builtin.ClickKeyword.execute(ClickKeyword.groovy:42)
	at com.kms.katalon.core.keyword.internal.KeywordExecutor.executeKeywordForPlatform(KeywordExecutor.groovy:73)
	at com.kms.katalon.core.webui.keyword.WebUiBuiltInKeywords.click(WebUiBuiltInKeywords.groovy:619)
	at com.kms.katalon.core.webui.keyword.WebUiBuiltInKeywords$click$2.call(Unknown Source)
	at CreateChannelPrivate.run(CreateChannelPrivate:23)
	at com.kms.katalon.core.main.ScriptEngine.run(ScriptEngine.java:194)
	at com.kms.katalon.core.main.ScriptEngine.runScriptAsRawText(ScriptEngine.java:119)
	at com.kms.katalon.core.main.TestCaseExecutor.runScript(TestCaseExecutor.java:398)
	at com.kms.katalon.core.main.TestCaseExecutor.doExecute(TestCaseExecutor.java:389)
	at com.kms.katalon.core.main.TestCaseExecutor.processExecutionPhase(TestCaseExecutor.java:368)
	at com.kms.katalon.core.main.TestCaseExecutor.accessMainPhase(TestCaseExecutor.java:360)
	at com.kms.katalon.core.main.TestCaseExecutor.execute(TestCaseExecutor.java:255)
	at com.kms.katalon.core.main.TestSuiteExecutor.accessTestCaseMainPhase(TestSuiteExecutor.java:203)
	at com.kms.katalon.core.main.TestSuiteExecutor.accessTestSuiteMainPhase(TestSuiteExecutor.java:152)
	at com.kms.katalon.core.main.TestSuiteExecutor.execute(TestSuiteExecutor.java:95)
	at com.kms.katalon.core.main.TestCaseMain.startTestSuite(TestCaseMain.java:157)
	at com.kms.katalon.core.main.TestCaseMain$startTestSuite$0.call(Unknown Source)
	at TempTestSuite1622370015671.run(TempTestSuite1622370015671.groovy:39)
Caused by: org.openqa.selenium.ElementClickInterceptedException: element click intercepted: Element <i class="icon-plus"></i> is not clickable at point (273, 155). Other element would receive the click: <div class="form-group">...</div>
  (Session info: chrome=91.0.4472.77)
Build info: version: '3.141.59', revision: 'e82be7d358', time: '2018-11-14T08:25:53'
System info: host: 'WIN-SERVER-2019', ip: '10.1.0.4', os.name: 'Windows Server 2019', os.arch: 'amd64', os.version: '10.0', java.version: '1.8.0_282'
Driver info: com.kms.katalon.selenium.driver.CChromeDriver
Capabilities {acceptInsecureCerts: false, browserName: chrome, browserVersion: 91.0.4472.77, chrome: {chromedriverVersion: 90.0.4430.24 (4c6d850f087da..., userDataDir: C:\Users\nttuan\AppData\Loc...}, goog:chromeOptions: {debuggerAddress: localhost:61665}, javascriptEnabled: true, networkConnectionEnabled: false, pageLoadStrategy: normal, platform: WINDOWS, platformName: WINDOWS, proxy: Proxy(), setWindowRect: true, strictFileInteractability: false, timeouts: {implicit: 0, pageLoad: 300000, script: 30000}, unhandledPromptBehavior: dismiss and notify, webauthn:extension:largeBlob: true, webauthn:virtualAuthenticators: true}
Session ID: 756522dbec4bb8d09bb7fc6334ce066d
	at org.openqa.selenium.remote.http.W3CHttpResponseCodec.createException(W3CHttpResponseCodec.java:187)
	at org.openqa.selenium.remote.http.W3CHttpResponseCodec.decode(W3CHttpResponseCodec.java:122)
	at org.openqa.selenium.remote.http.W3CHttpResponseCodec.decode(W3CHttpResponseCodec.java:49)
	at org.openqa.selenium.remote.HttpCommandExecutor.execute(HttpCommandExecutor.java:158)
	at org.openqa.selenium.remote.service.DriverCommandExecutor.execute(DriverCommandExecutor.java:83)
	at org.openqa.selenium.remote.RemoteWebDriver.execute(RemoteWebDriver.java:552)
	at com.kms.katalon.selenium.driver.CChromeDriver.execute(CChromeDriver.java:19)
	at org.openqa.selenium.remote.RemoteWebElement.execute(RemoteWebElement.java:285)
	at org.openqa.selenium.remote.RemoteWebElement.click(RemoteWebElement.java:84)
	at org.openqa.selenium.support.events.EventFiringWebDriver$EventFiringWebElement.lambda$new$0(EventFiringWebDriver.java:404)
	at com.sun.proxy.$Proxy17.click(Unknown Source)
	at org.openqa.selenium.support.events.EventFiringWebDriver$EventFiringWebElement.click(EventFiringWebDriver.java:417)
	at com.kms.katalon.core.webui.keyword.builtin.ClickKeyword$_click_closure1.doCall(ClickKeyword.groovy:68)
	at com.kms.katalon.core.webui.keyword.builtin.ClickKeyword$_click_closure1.call(ClickKeyword.groovy)
	at com.kms.katalon.core.webui.keyword.internal.WebUIKeywordMain.runKeyword(WebUIKeywordMain.groovy:20)
	... 19 more]]></system-out>
      <system-err><![CDATA[2021-05-30 10:20:21 - [TEST_SUITE][FAILED] - Run all test cases: Test Cases/Internal Test Cases/CreateChannelPrivate FAILED.
Reason:
com.kms.katalon.core.exception.StepFailedException: Unable to click on object 'Object Repository/CreateChannel/Page_TEST CHANNEL - TEAM NAME Mattermost/i_CtrlK_icon-plus'
	at com.kms.katalon.core.webui.keyword.internal.WebUIKeywordMain.stepFailed(WebUIKeywordMain.groovy:64)
	at com.kms.katalon.core.webui.keyword.internal.WebUIKeywordMain.runKeyword(WebUIKeywordMain.groovy:26)
	at com.kms.katalon.core.webui.keyword.builtin.ClickKeyword.click(ClickKeyword.groovy:75)
	at com.kms.katalon.core.webui.keyword.builtin.ClickKeyword.execute(ClickKeyword.groovy:42)
	at com.kms.katalon.core.keyword.internal.KeywordExecutor.executeKeywordForPlatform(KeywordExecutor.groovy:73)
	at com.kms.katalon.core.webui.keyword.WebUiBuiltInKeywords.click(WebUiBuiltInKeywords.groovy:619)
	at com.kms.katalon.core.webui.keyword.WebUiBuiltInKeywords$click$2.call(Unknown Source)
	at CreateChannelPrivate.run(CreateChannelPrivate:23)
	at com.kms.katalon.core.main.ScriptEngine.run(ScriptEngine.java:194)
	at com.kms.katalon.core.main.ScriptEngine.runScriptAsRawText(ScriptEngine.java:119)
	at com.kms.katalon.core.main.TestCaseExecutor.runScript(TestCaseExecutor.java:398)
	at com.kms.katalon.core.main.TestCaseExecutor.doExecute(TestCaseExecutor.java:389)
	at com.kms.katalon.core.main.TestCaseExecutor.processExecutionPhase(TestCaseExecutor.java:368)
	at com.kms.katalon.core.main.TestCaseExecutor.accessMainPhase(TestCaseExecutor.java:360)
	at com.kms.katalon.core.main.TestCaseExecutor.execute(TestCaseExecutor.java:255)
	at com.kms.katalon.core.main.TestSuiteExecutor.accessTestCaseMainPhase(TestSuiteExecutor.java:203)
	at com.kms.katalon.core.main.TestSuiteExecutor.accessTestSuiteMainPhase(TestSuiteExecutor.java:152)
	at com.kms.katalon.core.main.TestSuiteExecutor.execute(TestSuiteExecutor.java:95)
	at com.kms.katalon.core.main.TestCaseMain.startTestSuite(TestCaseMain.java:157)
	at com.kms.katalon.core.main.TestCaseMain$startTestSuite$0.call(Unknown Source)
	at TempTestSuite1622370015671.run(TempTestSuite1622370015671.groovy:39)
Caused by: org.openqa.selenium.ElementClickInterceptedException: element click intercepted: Element <i class="icon-plus"></i> is not clickable at point (273, 155). Other element would receive the click: <div class="form-group">...</div>
  (Session info: chrome=91.0.4472.77)
Build info: version: '3.141.59', revision: 'e82be7d358', time: '2018-11-14T08:25:53'
System info: host: 'WIN-SERVER-2019', ip: '10.1.0.4', os.name: 'Windows Server 2019', os.arch: 'amd64', os.version: '10.0', java.version: '1.8.0_282'
Driver info: com.kms.katalon.selenium.driver.CChromeDriver
Capabilities {acceptInsecureCerts: false, browserName: chrome, browserVersion: 91.0.4472.77, chrome: {chromedriverVersion: 90.0.4430.24 (4c6d850f087da..., userDataDir: C:\Users\nttuan\AppData\Loc...}, goog:chromeOptions: {debuggerAddress: localhost:61665}, javascriptEnabled: true, networkConnectionEnabled: false, pageLoadStrategy: normal, platform: WINDOWS, platformName: WINDOWS, proxy: Proxy(), setWindowRect: true, strictFileInteractability: false, timeouts: {implicit: 0, pageLoad: 300000, script: 30000}, unhandledPromptBehavior: dismiss and notify, webauthn:extension:largeBlob: true, webauthn:virtualAuthenticators: true}
Session ID: 756522dbec4bb8d09bb7fc6334ce066d
	at org.openqa.selenium.remote.http.W3CHttpResponseCodec.createException(W3CHttpResponseCodec.java:187)
	at org.openqa.selenium.remote.http.W3CHttpResponseCodec.decode(W3CHttpResponseCodec.java:122)
	at org.openqa.selenium.remote.http.W3CHttpResponseCodec.decode(W3CHttpResponseCodec.java:49)
	at org.openqa.selenium.remote.HttpCommandExecutor.execute(HttpCommandExecutor.java:158)
	at org.openqa.selenium.remote.service.DriverCommandExecutor.execute(DriverCommandExecutor.java:83)
	at org.openqa.selenium.remote.RemoteWebDriver.execute(RemoteWebDriver.java:552)
	at com.kms.katalon.selenium.driver.CChromeDriver.execute(CChromeDriver.java:19)
	at org.openqa.selenium.remote.RemoteWebElement.execute(RemoteWebElement.java:285)
	at org.openqa.selenium.remote.RemoteWebElement.click(RemoteWebElement.java:84)
	at org.openqa.selenium.support.events.EventFiringWebDriver$EventFiringWebElement.lambda$new$0(EventFiringWebDriver.java:404)
	at com.sun.proxy.$Proxy17.click(Unknown Source)
	at org.openqa.selenium.support.events.EventFiringWebDriver$EventFiringWebElement.click(EventFiringWebDriver.java:417)
	at com.kms.katalon.core.webui.keyword.builtin.ClickKeyword$_click_closure1.doCall(ClickKeyword.groovy:68)
	at com.kms.katalon.core.webui.keyword.builtin.ClickKeyword$_click_closure1.call(ClickKeyword.groovy)
	at com.kms.katalon.core.webui.keyword.internal.WebUIKeywordMain.runKeyword(WebUIKeywordMain.groovy:20)
	... 19 more]]></system-err>
   </testsuite>
</testsuites>
