<?xml version="1.0" encoding="UTF-8"?>
<testsuites name="Run all test cases" time="1310.269" tests="53" failures="6" errors="0">
   <testsuite name="Run all test cases" tests="53" failures="6" errors="0" time="1310.269" skipped="0" timestamp="2021-05-30 11:15:28" hostname="nttuan - WIN-SERVER-2019.sgdiozk5pmeurpqewmqk3za5qe.bx.internal.cloudapp.net" id="Test Suites/Run all test cases">
      <properties>
         <property name="deviceName" value=""/>
         <property name="devicePlatform" value=""/>
         <property name="logFolder" value="C:\\Users\\nttuan\\Downloads\\CDNC\\mattermost-testing\\Reports\\20210530_111523\\Run all test cases\\20210530_111523"/>
         <property name="logFiles" value="C:\\Users\\nttuan\\Downloads\\CDNC\\mattermost-testing\\Reports\\20210530_111523\\Run all test cases\\20210530_111523\\execution0.log"/>
         <property name="attachments" value="C:\\Users\\nttuan\\Downloads\\CDNC\\mattermost-testing\\Reports\\20210530_111523\\Run all test cases\\20210530_111523\\1622373468076.png, C:\\Users\\nttuan\\Downloads\\CDNC\\mattermost-testing\\Reports\\20210530_111523\\Run all test cases\\20210530_111523\\1622373534070.png, C:\\Users\\nttuan\\Downloads\\CDNC\\mattermost-testing\\Reports\\20210530_111523\\Run all test cases\\20210530_111523\\1622373600119.png, C:\\Users\\nttuan\\Downloads\\CDNC\\mattermost-testing\\Reports\\20210530_111523\\Run all test cases\\20210530_111523\\1622373704769.png, C:\\Users\\nttuan\\Downloads\\CDNC\\mattermost-testing\\Reports\\20210530_111523\\Run all test cases\\20210530_111523\\1622373716191.png, C:\\Users\\nttuan\\Downloads\\CDNC\\mattermost-testing\\Reports\\20210530_111523\\Run all test cases\\20210530_111523\\1622373761198.png, C:\\Users\\nttuan\\Downloads\\CDNC\\mattermost-testing\\Reports\\20210530_111523\\Run all test cases\\20210530_111523\\1622374110827.png, C:\\Users\\nttuan\\Downloads\\CDNC\\mattermost-testing\\Reports\\20210530_111523\\Run all test cases\\20210530_111523\\1622374370398.png, C:\\Users\\nttuan\\Downloads\\CDNC\\mattermost-testing\\Reports\\20210530_111523\\Run all test cases\\20210530_111523\\1622374407657.png, C:\\Users\\nttuan\\Downloads\\CDNC\\mattermost-testing\\Reports\\20210530_111523\\Run all test cases\\20210530_111523\\1622374407733.png, C:\\Users\\nttuan\\Downloads\\CDNC\\mattermost-testing\\Reports\\20210530_111523\\Run all test cases\\20210530_111523\\1622374444990.png, C:\\Users\\nttuan\\Downloads\\CDNC\\mattermost-testing\\Reports\\20210530_111523\\Run all test cases\\20210530_111523\\1622374445061.png, C:\\Users\\nttuan\\Downloads\\CDNC\\mattermost-testing\\Reports\\20210530_111523\\Run all test cases\\20210530_111523\\1622374481935.png, C:\\Users\\nttuan\\Downloads\\CDNC\\mattermost-testing\\Reports\\20210530_111523\\Run all test cases\\20210530_111523\\1622374482003.png, C:\\Users\\nttuan\\Downloads\\CDNC\\mattermost-testing\\Reports\\20210530_111523\\Run all test cases\\20210530_111523\\1622374522568.png, C:\\Users\\nttuan\\Downloads\\CDNC\\mattermost-testing\\Reports\\20210530_111523\\Run all test cases\\20210530_111523\\1622374522631.png, C:\\Users\\nttuan\\Downloads\\CDNC\\mattermost-testing\\Reports\\20210530_111523\\Run all test cases\\20210530_111523\\1622374563583.png, C:\\Users\\nttuan\\Downloads\\CDNC\\mattermost-testing\\Reports\\20210530_111523\\Run all test cases\\20210530_111523\\1622374600609.png, C:\\Users\\nttuan\\Downloads\\CDNC\\mattermost-testing\\Reports\\20210530_111523\\Run all test cases\\20210530_111523\\1622374600678.png, C:\\Users\\nttuan\\Downloads\\CDNC\\mattermost-testing\\Reports\\20210530_111523\\Run all test cases\\20210530_111523\\1622374637338.png, C:\\Users\\nttuan\\Downloads\\CDNC\\mattermost-testing\\Reports\\20210530_111523\\Run all test cases\\20210530_111523\\1622374637399.png"/>
         <property name="hostName" value="nttuan - WIN-SERVER-2019.sgdiozk5pmeurpqewmqk3za5qe.bx.internal.cloudapp.net"/>
         <property name="os" value="Windows Server 2019 64bit"/>
         <property name="katalonVersion" value="8.0.1.208"/>
         <property name="browser" value="Chrome 91.0.4472.77"/>
         <property name="hostAddress" value="10.1.0.4"/>
         <property name="sessionId" value="ce503981761a41cf8c246c99e73c751d"/>
         <property name="seleniumVersion" value="3.141.59"/>
         <property name="proxyInformation" value="ProxyInformation { proxyOption=NO_PROXY, proxyServerType=HTTP, username=, password=********, proxyServerAddress=, proxyServerPort=0, executionList=&quot;&quot;, isApplyToDesiredCapabilities=true }"/>
         <property name="platform" value="Windows Server 2019"/>
      </properties>
      <testcase name="Test Cases/API/API - Cannot receive a user list after logout" time="2.432" classname="Test Cases/API/API - Cannot receive a user list after logout" status="PASSED">
         <system-out><![CDATA[2021-05-30 11:15:29 - [TEST_CASE][PASSED] - Test Cases/API/API - Cannot receive a user list after logout: Test Cases/API/API - Cannot receive a user list after logout

2021-05-30 11:15:30 - [TEST_STEP][PASSED] - loginResponse = sendRequest(findTestObject("API/Login")): Send request successfully

2021-05-30 11:15:31 - [MESSAGE][INFO] - HAR: C:\Users\nttuan\Downloads\CDNC\mattermost-testing\Reports\20210530_111523\Run all test cases\20210530_111523\requests\main\0.har

2021-05-30 11:15:31 - [MESSAGE][PASSED] - Send request successfully

2021-05-30 11:15:31 - [TEST_STEP][PASSED] - token = loginResponse.getHeaderField("Token"): null

2021-05-30 11:15:31 - [TEST_STEP][PASSED] - out.println("Token: " + token): null

2021-05-30 11:15:31 - [TEST_STEP][PASSED] - HTTPHeader = new java.util.ArrayList(): null

2021-05-30 11:15:31 - [TEST_STEP][PASSED] - HTTPHeader.add(new com.kms.katalon.core.testobject.TestObjectProperty(Authorization, com.kms.katalon.core.testobject.ConditionType.EQUALS, (Bearer  + token))): null

2021-05-30 11:15:31 - [TEST_STEP][PASSED] - Logout_ScopeToProject = findTestObject("API/Logout"): null

2021-05-30 11:15:31 - [TEST_STEP][PASSED] - Logout_ScopeToProject.setHttpHeaderProperties(HTTPHeader): null

2021-05-30 11:15:31 - [TEST_STEP][PASSED] - logoutResponse = sendRequest(Logout_ScopeToProject): Send request successfully

2021-05-30 11:15:31 - [MESSAGE][INFO] - HAR: C:\Users\nttuan\Downloads\CDNC\mattermost-testing\Reports\20210530_111523\Run all test cases\20210530_111523\requests\main\1.har

2021-05-30 11:15:31 - [MESSAGE][PASSED] - Send request successfully

2021-05-30 11:15:31 - [TEST_STEP][PASSED] - verifyResponseStatusCode(logoutResponse, 200): Verify response status code successfully

2021-05-30 11:15:31 - [MESSAGE][PASSED] - Verify response status code successfully

2021-05-30 11:15:31 - [TEST_STEP][PASSED] - ScopeToProject = findTestObject("API/Get users"): null

2021-05-30 11:15:31 - [TEST_STEP][PASSED] - ScopeToProject.setHttpHeaderProperties(HTTPHeader): null

2021-05-30 11:15:31 - [TEST_STEP][PASSED] - response = sendRequest(ScopeToProject): Send request successfully

2021-05-30 11:15:31 - [MESSAGE][INFO] - HAR: C:\Users\nttuan\Downloads\CDNC\mattermost-testing\Reports\20210530_111523\Run all test cases\20210530_111523\requests\main\2.har

2021-05-30 11:15:31 - [MESSAGE][PASSED] - Send request successfully

2021-05-30 11:15:31 - [TEST_STEP][PASSED] - out.println("Body content: " + response.getResponseBodyContent()): null

2021-05-30 11:15:31 - [TEST_STEP][PASSED] - verifyResponseStatusCode(response, 401): Verify response status code successfully

2021-05-30 11:15:31 - [MESSAGE][PASSED] - Verify response status code successfully]]></system-out>
         <system-err><![CDATA[]]></system-err>
      </testcase>
      <testcase name="Test Cases/API/API - Verify successful login" time="0.649" classname="Test Cases/API/API - Verify successful login" status="PASSED">
         <system-out><![CDATA[2021-05-30 11:15:31 - [TEST_CASE][PASSED] - Test Cases/API/API - Verify successful login: Test Cases/API/API - Verify successful login

2021-05-30 11:15:32 - [TEST_STEP][PASSED] - response = sendRequest(findTestObject("API/Login")): Send request successfully

2021-05-30 11:15:32 - [MESSAGE][INFO] - HAR: C:\Users\nttuan\Downloads\CDNC\mattermost-testing\Reports\20210530_111523\Run all test cases\20210530_111523\requests\main\3.har

2021-05-30 11:15:32 - [MESSAGE][PASSED] - Send request successfully

2021-05-30 11:15:32 - [TEST_STEP][PASSED] - out.println("Body content: " + response.getResponseBodyContent()): null

2021-05-30 11:15:32 - [TEST_STEP][PASSED] - out.println("Token: " + response.getHeaderField("Token")): null

2021-05-30 11:15:32 - [TEST_STEP][PASSED] - verifyResponseStatusCode(response, 200): Verify response status code successfully

2021-05-30 11:15:32 - [MESSAGE][PASSED] - Verify response status code successfully

2021-05-30 11:15:32 - [TEST_STEP][PASSED] - verifyElementPropertyValue(response, "username", "nguyenvana"): Verify element property value successfully

2021-05-30 11:15:32 - [MESSAGE][PASSED] - Verify element property value successfully]]></system-out>
         <system-err><![CDATA[]]></system-err>
      </testcase>
      <testcase name="Test Cases/API/API - Verify successfuly get a user by email" time="0.625" classname="Test Cases/API/API - Verify successfuly get a user by email" status="PASSED">
         <system-out><![CDATA[2021-05-30 11:15:32 - [TEST_CASE][PASSED] - Test Cases/API/API - Verify successfuly get a user by email: Test Cases/API/API - Verify successfuly get a user by email

2021-05-30 11:15:32 - [TEST_STEP][PASSED] - loginResponse = sendRequest(findTestObject("API/Login")): Send request successfully

2021-05-30 11:15:33 - [MESSAGE][INFO] - HAR: C:\Users\nttuan\Downloads\CDNC\mattermost-testing\Reports\20210530_111523\Run all test cases\20210530_111523\requests\main\4.har

2021-05-30 11:15:33 - [MESSAGE][PASSED] - Send request successfully

2021-05-30 11:15:33 - [TEST_STEP][PASSED] - token = loginResponse.getHeaderField("Token"): null

2021-05-30 11:15:33 - [TEST_STEP][PASSED] - out.println("Token: " + token): null

2021-05-30 11:15:33 - [TEST_STEP][PASSED] - ScopeToProject = findTestObject("API/Get a user by email"): null

2021-05-30 11:15:33 - [TEST_STEP][PASSED] - HTTPHeader = new java.util.ArrayList(): null

2021-05-30 11:15:33 - [TEST_STEP][PASSED] - HTTPHeader.add(new com.kms.katalon.core.testobject.TestObjectProperty(Authorization, com.kms.katalon.core.testobject.ConditionType.EQUALS, (Bearer  + token))): null

2021-05-30 11:15:33 - [TEST_STEP][PASSED] - ScopeToProject.setHttpHeaderProperties(HTTPHeader): null

2021-05-30 11:15:33 - [TEST_STEP][PASSED] - response = sendRequest(ScopeToProject): Send request successfully

2021-05-30 11:15:33 - [MESSAGE][INFO] - HAR: C:\Users\nttuan\Downloads\CDNC\mattermost-testing\Reports\20210530_111523\Run all test cases\20210530_111523\requests\main\5.har

2021-05-30 11:15:33 - [MESSAGE][PASSED] - Send request successfully

2021-05-30 11:15:33 - [TEST_STEP][PASSED] - out.println("Body content: " + response.getResponseBodyContent()): null

2021-05-30 11:15:33 - [TEST_STEP][PASSED] - verifyResponseStatusCode(response, 200): Verify response status code successfully

2021-05-30 11:15:33 - [MESSAGE][PASSED] - Verify response status code successfully

2021-05-30 11:15:33 - [TEST_STEP][PASSED] - verifyElementPropertyValue(response, "email", "tttung468@gmail.com"): Verify element property value successfully

2021-05-30 11:15:33 - [MESSAGE][PASSED] - Verify element property value successfully]]></system-out>
         <system-err><![CDATA[]]></system-err>
      </testcase>
      <testcase name="Test Cases/API/API - Verify successfuly get a user by username" time="0.651" classname="Test Cases/API/API - Verify successfuly get a user by username" status="PASSED">
         <system-out><![CDATA[2021-05-30 11:15:33 - [TEST_CASE][PASSED] - Test Cases/API/API - Verify successfuly get a user by username: Test Cases/API/API - Verify successfuly get a user by username

2021-05-30 11:15:33 - [TEST_STEP][PASSED] - loginResponse = sendRequest(findTestObject("API/Login")): Send request successfully

2021-05-30 11:15:33 - [MESSAGE][INFO] - HAR: C:\Users\nttuan\Downloads\CDNC\mattermost-testing\Reports\20210530_111523\Run all test cases\20210530_111523\requests\main\6.har

2021-05-30 11:15:33 - [MESSAGE][PASSED] - Send request successfully

2021-05-30 11:15:33 - [TEST_STEP][PASSED] - token = loginResponse.getHeaderField("Token"): null

2021-05-30 11:15:33 - [TEST_STEP][PASSED] - out.println("Token: " + token): null

2021-05-30 11:15:33 - [TEST_STEP][PASSED] - ScopeToProject = findTestObject("API/Get a user by username"): null

2021-05-30 11:15:33 - [TEST_STEP][PASSED] - HTTPHeader = new java.util.ArrayList(): null

2021-05-30 11:15:33 - [TEST_STEP][PASSED] - HTTPHeader.add(new com.kms.katalon.core.testobject.TestObjectProperty(Authorization, com.kms.katalon.core.testobject.ConditionType.EQUALS, (Bearer  + token))): null

2021-05-30 11:15:33 - [TEST_STEP][PASSED] - ScopeToProject.setHttpHeaderProperties(HTTPHeader): null

2021-05-30 11:15:33 - [TEST_STEP][PASSED] - response = sendRequest(ScopeToProject): Send request successfully

2021-05-30 11:15:33 - [MESSAGE][INFO] - HAR: C:\Users\nttuan\Downloads\CDNC\mattermost-testing\Reports\20210530_111523\Run all test cases\20210530_111523\requests\main\7.har

2021-05-30 11:15:33 - [MESSAGE][PASSED] - Send request successfully

2021-05-30 11:15:33 - [TEST_STEP][PASSED] - out.println("Body content: " + response.getResponseBodyContent()): null

2021-05-30 11:15:33 - [TEST_STEP][PASSED] - verifyResponseStatusCode(response, 200): Verify response status code successfully

2021-05-30 11:15:33 - [MESSAGE][PASSED] - Verify response status code successfully

2021-05-30 11:15:33 - [TEST_STEP][PASSED] - verifyElementPropertyValue(response, "username", "thanhtung"): Verify element property value successfully

2021-05-30 11:15:33 - [MESSAGE][PASSED] - Verify element property value successfully]]></system-out>
         <system-err><![CDATA[]]></system-err>
      </testcase>
      <testcase name="Test Cases/API/API - Verify successfuly get a user list" time="0.594" classname="Test Cases/API/API - Verify successfuly get a user list" status="PASSED">
         <system-out><![CDATA[2021-05-30 11:15:33 - [TEST_CASE][PASSED] - Test Cases/API/API - Verify successfuly get a user list: Test Cases/API/API - Verify successfuly get a user list

2021-05-30 11:15:34 - [TEST_STEP][PASSED] - loginResponse = sendRequest(findTestObject("API/Login")): Send request successfully

2021-05-30 11:15:34 - [MESSAGE][INFO] - HAR: C:\Users\nttuan\Downloads\CDNC\mattermost-testing\Reports\20210530_111523\Run all test cases\20210530_111523\requests\main\8.har

2021-05-30 11:15:34 - [MESSAGE][PASSED] - Send request successfully

2021-05-30 11:15:34 - [TEST_STEP][PASSED] - token = loginResponse.getHeaderField("Token"): null

2021-05-30 11:15:34 - [TEST_STEP][PASSED] - out.println("Token: " + token): null

2021-05-30 11:15:34 - [TEST_STEP][PASSED] - ScopeToProject = findTestObject("API/Get users"): null

2021-05-30 11:15:34 - [TEST_STEP][PASSED] - HTTPHeader = new java.util.ArrayList(): null

2021-05-30 11:15:34 - [TEST_STEP][PASSED] - HTTPHeader.add(new com.kms.katalon.core.testobject.TestObjectProperty(Authorization, com.kms.katalon.core.testobject.ConditionType.EQUALS, (Bearer  + token))): null

2021-05-30 11:15:34 - [TEST_STEP][PASSED] - ScopeToProject.setHttpHeaderProperties(HTTPHeader): null

2021-05-30 11:15:34 - [TEST_STEP][PASSED] - response = sendRequest(ScopeToProject): Send request successfully

2021-05-30 11:15:34 - [MESSAGE][INFO] - HAR: C:\Users\nttuan\Downloads\CDNC\mattermost-testing\Reports\20210530_111523\Run all test cases\20210530_111523\requests\main\9.har

2021-05-30 11:15:34 - [MESSAGE][PASSED] - Send request successfully

2021-05-30 11:15:34 - [TEST_STEP][PASSED] - out.println("Body content: " + response.getResponseBodyContent()): null

2021-05-30 11:15:34 - [TEST_STEP][PASSED] - verifyResponseStatusCode(response, 200): Verify response status code successfully

2021-05-30 11:15:34 - [MESSAGE][PASSED] - Verify response status code successfully]]></system-out>
         <system-err><![CDATA[]]></system-err>
      </testcase>
      <testcase name="Test Cases/API/API - Verify successfuly get total count of users in the system" time="0.628" classname="Test Cases/API/API - Verify successfuly get total count of users in the system" status="PASSED">
         <system-out><![CDATA[2021-05-30 11:15:34 - [TEST_CASE][PASSED] - Test Cases/API/API - Verify successfuly get total count of users in the system: Test Cases/API/API - Verify successfuly get total count of users in the system

2021-05-30 11:15:34 - [TEST_STEP][PASSED] - loginResponse = sendRequest(findTestObject("API/Login")): Send request successfully

2021-05-30 11:15:35 - [MESSAGE][INFO] - HAR: C:\Users\nttuan\Downloads\CDNC\mattermost-testing\Reports\20210530_111523\Run all test cases\20210530_111523\requests\main\10.har

2021-05-30 11:15:35 - [MESSAGE][PASSED] - Send request successfully

2021-05-30 11:15:35 - [TEST_STEP][PASSED] - token = loginResponse.getHeaderField("Token"): null

2021-05-30 11:15:35 - [TEST_STEP][PASSED] - out.println("Token: " + token): null

2021-05-30 11:15:35 - [TEST_STEP][PASSED] - ScopeToProject = findTestObject("API/Get total count of users in the system"): null

2021-05-30 11:15:35 - [TEST_STEP][PASSED] - HTTPHeader = new java.util.ArrayList(): null

2021-05-30 11:15:35 - [TEST_STEP][PASSED] - HTTPHeader.add(new com.kms.katalon.core.testobject.TestObjectProperty(Authorization, com.kms.katalon.core.testobject.ConditionType.EQUALS, (Bearer  + token))): null

2021-05-30 11:15:35 - [TEST_STEP][PASSED] - ScopeToProject.setHttpHeaderProperties(HTTPHeader): null

2021-05-30 11:15:35 - [TEST_STEP][PASSED] - response = sendRequest(ScopeToProject): Send request successfully

2021-05-30 11:15:35 - [MESSAGE][INFO] - HAR: C:\Users\nttuan\Downloads\CDNC\mattermost-testing\Reports\20210530_111523\Run all test cases\20210530_111523\requests\main\11.har

2021-05-30 11:15:35 - [MESSAGE][PASSED] - Send request successfully

2021-05-30 11:15:35 - [TEST_STEP][PASSED] - out.println("Body content: " + response.getResponseBodyContent()): null

2021-05-30 11:15:35 - [TEST_STEP][PASSED] - verifyResponseStatusCode(response, 200): Verify response status code successfully

2021-05-30 11:15:35 - [MESSAGE][PASSED] - Verify response status code successfully

2021-05-30 11:15:35 - [TEST_STEP][PASSED] - containsString(response, "total_users_count", false): Check contain string successfully

2021-05-30 11:15:35 - [MESSAGE][PASSED] - Check contain string successfully]]></system-out>
         <system-err><![CDATA[]]></system-err>
      </testcase>
      <testcase name="Test Cases/API/API - Verify successfuly get users by ids" time="0.656" classname="Test Cases/API/API - Verify successfuly get users by ids" status="PASSED">
         <system-out><![CDATA[2021-05-30 11:15:35 - [TEST_CASE][PASSED] - Test Cases/API/API - Verify successfuly get users by ids: Test Cases/API/API - Verify successfuly get users by ids

2021-05-30 11:15:35 - [TEST_STEP][PASSED] - loginResponse = sendRequest(findTestObject("API/Login")): Send request successfully

2021-05-30 11:15:35 - [MESSAGE][INFO] - HAR: C:\Users\nttuan\Downloads\CDNC\mattermost-testing\Reports\20210530_111523\Run all test cases\20210530_111523\requests\main\12.har

2021-05-30 11:15:35 - [MESSAGE][PASSED] - Send request successfully

2021-05-30 11:15:35 - [TEST_STEP][PASSED] - token = loginResponse.getHeaderField("Token"): null

2021-05-30 11:15:35 - [TEST_STEP][PASSED] - out.println("Token: " + token): null

2021-05-30 11:15:35 - [TEST_STEP][PASSED] - ScopeToProject = findTestObject("API/Get users by ids"): null

2021-05-30 11:15:35 - [TEST_STEP][PASSED] - HTTPHeader = new java.util.ArrayList(): null

2021-05-30 11:15:35 - [TEST_STEP][PASSED] - HTTPHeader.add(new com.kms.katalon.core.testobject.TestObjectProperty(Authorization, com.kms.katalon.core.testobject.ConditionType.EQUALS, (Bearer  + token))): null

2021-05-30 11:15:35 - [TEST_STEP][PASSED] - ScopeToProject.setHttpHeaderProperties(HTTPHeader): null

2021-05-30 11:15:35 - [TEST_STEP][PASSED] - response = sendRequest(ScopeToProject): Send request successfully

2021-05-30 11:15:35 - [MESSAGE][INFO] - HAR: C:\Users\nttuan\Downloads\CDNC\mattermost-testing\Reports\20210530_111523\Run all test cases\20210530_111523\requests\main\13.har

2021-05-30 11:15:35 - [MESSAGE][PASSED] - Send request successfully

2021-05-30 11:15:35 - [TEST_STEP][PASSED] - out.println("Body content: " + response.getResponseBodyContent()): null

2021-05-30 11:15:35 - [TEST_STEP][PASSED] - verifyResponseStatusCode(response, 200): Verify response status code successfully

2021-05-30 11:15:35 - [MESSAGE][PASSED] - Verify response status code successfully

2021-05-30 11:15:35 - [TEST_STEP][PASSED] - verifyElementPropertyValue(response, "[0].id", "dttuo8b67bno3j4s9acuspapra"): Verify element property value successfully

2021-05-30 11:15:35 - [MESSAGE][PASSED] - Verify element property value successfully

2021-05-30 11:15:35 - [TEST_STEP][PASSED] - verifyElementPropertyValue(response, "[0].username", "nguyenvana"): Verify element property value successfully

2021-05-30 11:15:35 - [MESSAGE][PASSED] - Verify element property value successfully

2021-05-30 11:15:35 - [TEST_STEP][PASSED] - verifyElementPropertyValue(response, "[1].id", "ifcc1quidtbbxnd3id16f1uywa"): Verify element property value successfully

2021-05-30 11:15:35 - [MESSAGE][PASSED] - Verify element property value successfully

2021-05-30 11:15:35 - [TEST_STEP][PASSED] - verifyElementPropertyValue(response, "[1].username", "thanhtung"): Verify element property value successfully

2021-05-30 11:15:35 - [MESSAGE][PASSED] - Verify element property value successfully]]></system-out>
         <system-err><![CDATA[]]></system-err>
      </testcase>
      <testcase name="Test Cases/API/API - Verify successfuly get users by usernames" time="0.633" classname="Test Cases/API/API - Verify successfuly get users by usernames" status="PASSED">
         <system-out><![CDATA[2021-05-30 11:15:35 - [TEST_CASE][PASSED] - Test Cases/API/API - Verify successfuly get users by usernames: Test Cases/API/API - Verify successfuly get users by usernames

2021-05-30 11:15:36 - [TEST_STEP][PASSED] - loginResponse = sendRequest(findTestObject("API/Login")): Send request successfully

2021-05-30 11:15:36 - [MESSAGE][INFO] - HAR: C:\Users\nttuan\Downloads\CDNC\mattermost-testing\Reports\20210530_111523\Run all test cases\20210530_111523\requests\main\14.har

2021-05-30 11:15:36 - [MESSAGE][PASSED] - Send request successfully

2021-05-30 11:15:36 - [TEST_STEP][PASSED] - token = loginResponse.getHeaderField("Token"): null

2021-05-30 11:15:36 - [TEST_STEP][PASSED] - out.println("Token: " + token): null

2021-05-30 11:15:36 - [TEST_STEP][PASSED] - ScopeToProject = findTestObject("API/Get users by usernames"): null

2021-05-30 11:15:36 - [TEST_STEP][PASSED] - HTTPHeader = new java.util.ArrayList(): null

2021-05-30 11:15:36 - [TEST_STEP][PASSED] - HTTPHeader.add(new com.kms.katalon.core.testobject.TestObjectProperty(Authorization, com.kms.katalon.core.testobject.ConditionType.EQUALS, (Bearer  + token))): null

2021-05-30 11:15:36 - [TEST_STEP][PASSED] - ScopeToProject.setHttpHeaderProperties(HTTPHeader): null

2021-05-30 11:15:36 - [TEST_STEP][PASSED] - response = sendRequest(ScopeToProject): Send request successfully

2021-05-30 11:15:36 - [MESSAGE][INFO] - HAR: C:\Users\nttuan\Downloads\CDNC\mattermost-testing\Reports\20210530_111523\Run all test cases\20210530_111523\requests\main\15.har

2021-05-30 11:15:36 - [MESSAGE][PASSED] - Send request successfully

2021-05-30 11:15:36 - [TEST_STEP][PASSED] - out.println("Body content: " + response.getResponseBodyContent()): null

2021-05-30 11:15:36 - [TEST_STEP][PASSED] - verifyResponseStatusCode(response, 200): Verify response status code successfully

2021-05-30 11:15:36 - [MESSAGE][PASSED] - Verify response status code successfully

2021-05-30 11:15:36 - [TEST_STEP][PASSED] - verifyElementPropertyValue(response, "[0].username", "nguyenvana"): Verify element property value successfully

2021-05-30 11:15:36 - [MESSAGE][PASSED] - Verify element property value successfully

2021-05-30 11:15:36 - [TEST_STEP][PASSED] - verifyElementPropertyValue(response, "[1].username", "thanhtung"): Verify element property value successfully

2021-05-30 11:15:36 - [MESSAGE][PASSED] - Verify element property value successfully]]></system-out>
         <system-err><![CDATA[]]></system-err>
      </testcase>
      <testcase name="Test Cases/Login/Verify login failed with empty password" time="7.417" classname="Test Cases/Login/Verify login failed with empty password" status="PASSED">
         <system-out><![CDATA[2021-05-30 11:15:36 - [TEST_CASE][PASSED] - Test Cases/Login/Verify login failed with empty password: Test Cases/Login/Verify login failed with empty password

2021-05-30 11:15:36 - [TEST_STEP][PASSED] - callTestCase(findTestCase("Common Test Cases/Login"), ["Username":findTestData("Internal Data for Login").getValue(1, 2), "Password":findTestData("Internal Data for Login").getValue(2, 2)], STOP_ON_FAILURE): Call Test Case 'Test Cases/Common Test Cases/Login' successfully

2021-05-30 11:15:36 - [TEST_CASE][PASSED] - Test Cases/Common Test Cases/Login: Test Cases/Common Test Cases/Login

2021-05-30 11:15:37 - [TEST_STEP][PASSED] - openBrowser(""): Browser is opened with url: ''

2021-05-30 11:15:37 - [MESSAGE][INFO] - Starting 'Chrome' driver

2021-05-30 11:15:37 - [MESSAGE][INFO] - Action delay is set to 0 milliseconds

2021-05-30 11:15:39 - [MESSAGE][PASSED] - Browser is opened with url: ''

2021-05-30 11:15:39 - [TEST_STEP][PASSED] - navigateToUrl("https://chudenangcao2021.cf/"): Navigate to 'https://chudenangcao2021.cf/' successfully

2021-05-30 11:15:40 - [MESSAGE][PASSED] - Navigate to 'https://chudenangcao2021.cf/' successfully

2021-05-30 11:15:40 - [TEST_STEP][PASSED] - setText(findTestObject("Object Repository/Page_Mattermost/input_All team communication in one place, _dcc84b"), Username): Text 'nguyenvana' is set on object 'Object Repository/Page_Mattermost/input_All team communication in one place, _dcc84b'

2021-05-30 11:15:41 - [MESSAGE][PASSED] - Text 'nguyenvana' is set on object 'Object Repository/Page_Mattermost/input_All team communication in one place, _dcc84b'

2021-05-30 11:15:41 - [TEST_STEP][PASSED] - setText(findTestObject("Object Repository/Page_Mattermost/input_All team communication in one place, _a3edc6"), Password): Text '' is set on object 'Object Repository/Page_Mattermost/input_All team communication in one place, _a3edc6'

2021-05-30 11:15:42 - [MESSAGE][PASSED] - Text '' is set on object 'Object Repository/Page_Mattermost/input_All team communication in one place, _a3edc6'

2021-05-30 11:15:42 - [TEST_STEP][PASSED] - click(findTestObject("Object Repository/Page_Mattermost/button_Sign in")): Object: 'Object Repository/Page_Mattermost/button_Sign in' is clicked on

2021-05-30 11:15:42 - [MESSAGE][PASSED] - Object: 'Object Repository/Page_Mattermost/button_Sign in' is clicked on

2021-05-30 11:15:42 - [TEST_STEP][PASSED] - verifyLinksAccessible(["https://chudenangcao2021.cf/cdnc-cnpm-2021/channels"]): All links are accessible

2021-05-30 11:15:42 - [MESSAGE][INFO] - HAR: C:\Users\nttuan\Downloads\CDNC\mattermost-testing\Reports\20210530_111523\Run all test cases\20210530_111523\requests\main\16.har

2021-05-30 11:15:42 - [MESSAGE][PASSED] - Send request successfully

2021-05-30 11:15:42 - [MESSAGE][PASSED] - All links are accessible

2021-05-30 11:15:42 - [MESSAGE][PASSED] - Call Test Case 'Test Cases/Common Test Cases/Login' successfully

2021-05-30 11:15:42 - [TEST_STEP][PASSED] - verifyElementPresent(findTestObject("Page_Mattermost/label_Please enter your password"), 0): Object 'Object Repository/Page_Mattermost/label_Please enter your password' is present

2021-05-30 11:15:42 - [MESSAGE][WARNING] - Timeout '0' is invalid. Using default page load timeout: '30'

2021-05-30 11:15:43 - [MESSAGE][PASSED] - Object 'Object Repository/Page_Mattermost/label_Please enter your password' is present

2021-05-30 11:15:43 - [TEST_STEP][PASSED] - closeBrowser(): Browser is closed

2021-05-30 11:15:43 - [MESSAGE][PASSED] - Browser is closed]]></system-out>
         <system-err><![CDATA[]]></system-err>
      </testcase>
      <testcase name="Test Cases/Login/Verify login failed with empty username" time="6.205" classname="Test Cases/Login/Verify login failed with empty username" status="PASSED">
         <system-out><![CDATA[2021-05-30 11:15:43 - [TEST_CASE][PASSED] - Test Cases/Login/Verify login failed with empty username: Test Cases/Login/Verify login failed with empty username

2021-05-30 11:15:44 - [TEST_STEP][PASSED] - callTestCase(findTestCase("Common Test Cases/Login"), ["Username":findTestData("Internal Data for Login").getValue(1, 1), "Password":findTestData("Internal Data for Login").getValue(2, 1)], STOP_ON_FAILURE): Call Test Case 'Test Cases/Common Test Cases/Login' successfully

2021-05-30 11:15:44 - [TEST_CASE][PASSED] - Test Cases/Common Test Cases/Login: Test Cases/Common Test Cases/Login

2021-05-30 11:15:44 - [TEST_STEP][PASSED] - openBrowser(""): Browser is opened with url: ''

2021-05-30 11:15:44 - [MESSAGE][INFO] - Starting 'Chrome' driver

2021-05-30 11:15:44 - [MESSAGE][INFO] - Action delay is set to 0 milliseconds

2021-05-30 11:15:45 - [MESSAGE][PASSED] - Browser is opened with url: ''

2021-05-30 11:15:45 - [TEST_STEP][PASSED] - navigateToUrl("https://chudenangcao2021.cf/"): Navigate to 'https://chudenangcao2021.cf/' successfully

2021-05-30 11:15:46 - [MESSAGE][PASSED] - Navigate to 'https://chudenangcao2021.cf/' successfully

2021-05-30 11:15:46 - [TEST_STEP][PASSED] - setText(findTestObject("Object Repository/Page_Mattermost/input_All team communication in one place, _dcc84b"), Username): Text '' is set on object 'Object Repository/Page_Mattermost/input_All team communication in one place, _dcc84b'

2021-05-30 11:15:47 - [MESSAGE][PASSED] - Text '' is set on object 'Object Repository/Page_Mattermost/input_All team communication in one place, _dcc84b'

2021-05-30 11:15:47 - [TEST_STEP][PASSED] - setText(findTestObject("Object Repository/Page_Mattermost/input_All team communication in one place, _a3edc6"), Password): Text 'Tung@123456' is set on object 'Object Repository/Page_Mattermost/input_All team communication in one place, _a3edc6'

2021-05-30 11:15:48 - [MESSAGE][PASSED] - Text 'Tung@123456' is set on object 'Object Repository/Page_Mattermost/input_All team communication in one place, _a3edc6'

2021-05-30 11:15:48 - [TEST_STEP][PASSED] - click(findTestObject("Object Repository/Page_Mattermost/button_Sign in")): Object: 'Object Repository/Page_Mattermost/button_Sign in' is clicked on

2021-05-30 11:15:48 - [MESSAGE][PASSED] - Object: 'Object Repository/Page_Mattermost/button_Sign in' is clicked on

2021-05-30 11:15:48 - [TEST_STEP][PASSED] - verifyLinksAccessible(["https://chudenangcao2021.cf/cdnc-cnpm-2021/channels"]): All links are accessible

2021-05-30 11:15:48 - [MESSAGE][INFO] - HAR: C:\Users\nttuan\Downloads\CDNC\mattermost-testing\Reports\20210530_111523\Run all test cases\20210530_111523\requests\main\17.har

2021-05-30 11:15:48 - [MESSAGE][PASSED] - Send request successfully

2021-05-30 11:15:48 - [MESSAGE][PASSED] - All links are accessible

2021-05-30 11:15:48 - [MESSAGE][PASSED] - Call Test Case 'Test Cases/Common Test Cases/Login' successfully

2021-05-30 11:15:48 - [TEST_STEP][PASSED] - verifyElementPresent(findTestObject("Page_Mattermost/label_Please enter your email or username"), 0): Object 'Object Repository/Page_Mattermost/label_Please enter your email or username' is present

2021-05-30 11:15:48 - [MESSAGE][WARNING] - Timeout '0' is invalid. Using default page load timeout: '30'

2021-05-30 11:15:49 - [MESSAGE][PASSED] - Object 'Object Repository/Page_Mattermost/label_Please enter your email or username' is present

2021-05-30 11:15:49 - [TEST_STEP][PASSED] - closeBrowser(): Browser is closed

2021-05-30 11:15:50 - [MESSAGE][PASSED] - Browser is closed]]></system-out>
         <system-err><![CDATA[]]></system-err>
      </testcase>
      <testcase name="Test Cases/Login/Verify login failed with invalid password" time="6.192" classname="Test Cases/Login/Verify login failed with invalid password" status="PASSED">
         <system-out><![CDATA[2021-05-30 11:15:50 - [TEST_CASE][PASSED] - Test Cases/Login/Verify login failed with invalid password: Test Cases/Login/Verify login failed with invalid password

2021-05-30 11:15:50 - [TEST_STEP][PASSED] - callTestCase(findTestCase("Common Test Cases/Login"), ["Username":findTestData("Internal Data for Login").getValue(1, 4), "Password":findTestData("Internal Data for Login").getValue(2, 4)], STOP_ON_FAILURE): Call Test Case 'Test Cases/Common Test Cases/Login' successfully

2021-05-30 11:15:50 - [TEST_CASE][PASSED] - Test Cases/Common Test Cases/Login: Test Cases/Common Test Cases/Login

2021-05-30 11:15:50 - [TEST_STEP][PASSED] - openBrowser(""): Browser is opened with url: ''

2021-05-30 11:15:50 - [MESSAGE][INFO] - Starting 'Chrome' driver

2021-05-30 11:15:50 - [MESSAGE][INFO] - Action delay is set to 0 milliseconds

2021-05-30 11:15:51 - [MESSAGE][PASSED] - Browser is opened with url: ''

2021-05-30 11:15:51 - [TEST_STEP][PASSED] - navigateToUrl("https://chudenangcao2021.cf/"): Navigate to 'https://chudenangcao2021.cf/' successfully

2021-05-30 11:15:52 - [MESSAGE][PASSED] - Navigate to 'https://chudenangcao2021.cf/' successfully

2021-05-30 11:15:52 - [TEST_STEP][PASSED] - setText(findTestObject("Object Repository/Page_Mattermost/input_All team communication in one place, _dcc84b"), Username): Text 'nguyenvana' is set on object 'Object Repository/Page_Mattermost/input_All team communication in one place, _dcc84b'

2021-05-30 11:15:53 - [MESSAGE][PASSED] - Text 'nguyenvana' is set on object 'Object Repository/Page_Mattermost/input_All team communication in one place, _dcc84b'

2021-05-30 11:15:53 - [TEST_STEP][PASSED] - setText(findTestObject("Object Repository/Page_Mattermost/input_All team communication in one place, _a3edc6"), Password): Text 'Tung@123456789' is set on object 'Object Repository/Page_Mattermost/input_All team communication in one place, _a3edc6'

2021-05-30 11:15:54 - [MESSAGE][PASSED] - Text 'Tung@123456789' is set on object 'Object Repository/Page_Mattermost/input_All team communication in one place, _a3edc6'

2021-05-30 11:15:54 - [TEST_STEP][PASSED] - click(findTestObject("Object Repository/Page_Mattermost/button_Sign in")): Object: 'Object Repository/Page_Mattermost/button_Sign in' is clicked on

2021-05-30 11:15:54 - [MESSAGE][PASSED] - Object: 'Object Repository/Page_Mattermost/button_Sign in' is clicked on

2021-05-30 11:15:54 - [TEST_STEP][PASSED] - verifyLinksAccessible(["https://chudenangcao2021.cf/cdnc-cnpm-2021/channels"]): All links are accessible

2021-05-30 11:15:55 - [MESSAGE][INFO] - HAR: C:\Users\nttuan\Downloads\CDNC\mattermost-testing\Reports\20210530_111523\Run all test cases\20210530_111523\requests\main\18.har

2021-05-30 11:15:55 - [MESSAGE][PASSED] - Send request successfully

2021-05-30 11:15:55 - [MESSAGE][PASSED] - All links are accessible

2021-05-30 11:15:55 - [MESSAGE][PASSED] - Call Test Case 'Test Cases/Common Test Cases/Login' successfully

2021-05-30 11:15:55 - [TEST_STEP][PASSED] - verifyElementPresent(findTestObject("Page_Mattermost/label_Enter a valid email or username andor password"), 0): Object 'Object Repository/Page_Mattermost/label_Enter a valid email or username andor password' is present

2021-05-30 11:15:55 - [MESSAGE][WARNING] - Timeout '0' is invalid. Using default page load timeout: '30'

2021-05-30 11:15:55 - [MESSAGE][PASSED] - Object 'Object Repository/Page_Mattermost/label_Enter a valid email or username andor password' is present

2021-05-30 11:15:55 - [TEST_STEP][PASSED] - closeBrowser(): Browser is closed

2021-05-30 11:15:56 - [MESSAGE][PASSED] - Browser is closed]]></system-out>
         <system-err><![CDATA[]]></system-err>
      </testcase>
      <testcase name="Test Cases/Login/Verify login failed with invalid username" time="6.242" classname="Test Cases/Login/Verify login failed with invalid username" status="PASSED">
         <system-out><![CDATA[2021-05-30 11:15:56 - [TEST_CASE][PASSED] - Test Cases/Login/Verify login failed with invalid username: Test Cases/Login/Verify login failed with invalid username

2021-05-30 11:15:56 - [TEST_STEP][PASSED] - callTestCase(findTestCase("Common Test Cases/Login"), ["Username":findTestData("Internal Data for Login").getValue(1, 3), "Password":findTestData("Internal Data for Login").getValue(2, 3)], STOP_ON_FAILURE): Call Test Case 'Test Cases/Common Test Cases/Login' successfully

2021-05-30 11:15:56 - [TEST_CASE][PASSED] - Test Cases/Common Test Cases/Login: Test Cases/Common Test Cases/Login

2021-05-30 11:15:56 - [TEST_STEP][PASSED] - openBrowser(""): Browser is opened with url: ''

2021-05-30 11:15:56 - [MESSAGE][INFO] - Starting 'Chrome' driver

2021-05-30 11:15:56 - [MESSAGE][INFO] - Action delay is set to 0 milliseconds

2021-05-30 11:15:57 - [MESSAGE][PASSED] - Browser is opened with url: ''

2021-05-30 11:15:57 - [TEST_STEP][PASSED] - navigateToUrl("https://chudenangcao2021.cf/"): Navigate to 'https://chudenangcao2021.cf/' successfully

2021-05-30 11:15:58 - [MESSAGE][PASSED] - Navigate to 'https://chudenangcao2021.cf/' successfully

2021-05-30 11:15:58 - [TEST_STEP][PASSED] - setText(findTestObject("Object Repository/Page_Mattermost/input_All team communication in one place, _dcc84b"), Username): Text 'nguyenvanaaaa' is set on object 'Object Repository/Page_Mattermost/input_All team communication in one place, _dcc84b'

2021-05-30 11:15:59 - [MESSAGE][PASSED] - Text 'nguyenvanaaaa' is set on object 'Object Repository/Page_Mattermost/input_All team communication in one place, _dcc84b'

2021-05-30 11:15:59 - [TEST_STEP][PASSED] - setText(findTestObject("Object Repository/Page_Mattermost/input_All team communication in one place, _a3edc6"), Password): Text 'Tung@123456' is set on object 'Object Repository/Page_Mattermost/input_All team communication in one place, _a3edc6'

2021-05-30 11:16:00 - [MESSAGE][PASSED] - Text 'Tung@123456' is set on object 'Object Repository/Page_Mattermost/input_All team communication in one place, _a3edc6'

2021-05-30 11:16:00 - [TEST_STEP][PASSED] - click(findTestObject("Object Repository/Page_Mattermost/button_Sign in")): Object: 'Object Repository/Page_Mattermost/button_Sign in' is clicked on

2021-05-30 11:16:01 - [MESSAGE][PASSED] - Object: 'Object Repository/Page_Mattermost/button_Sign in' is clicked on

2021-05-30 11:16:01 - [TEST_STEP][PASSED] - verifyLinksAccessible(["https://chudenangcao2021.cf/cdnc-cnpm-2021/channels"]): All links are accessible

2021-05-30 11:16:01 - [MESSAGE][INFO] - HAR: C:\Users\nttuan\Downloads\CDNC\mattermost-testing\Reports\20210530_111523\Run all test cases\20210530_111523\requests\main\19.har

2021-05-30 11:16:01 - [MESSAGE][PASSED] - Send request successfully

2021-05-30 11:16:01 - [MESSAGE][PASSED] - All links are accessible

2021-05-30 11:16:01 - [MESSAGE][PASSED] - Call Test Case 'Test Cases/Common Test Cases/Login' successfully

2021-05-30 11:16:01 - [TEST_STEP][PASSED] - verifyElementPresent(findTestObject("Page_Mattermost/label_Enter a valid email or username andor password"), 0): Object 'Object Repository/Page_Mattermost/label_Enter a valid email or username andor password' is present

2021-05-30 11:16:01 - [MESSAGE][WARNING] - Timeout '0' is invalid. Using default page load timeout: '30'

2021-05-30 11:16:01 - [MESSAGE][PASSED] - Object 'Object Repository/Page_Mattermost/label_Enter a valid email or username andor password' is present

2021-05-30 11:16:01 - [TEST_STEP][PASSED] - closeBrowser(): Browser is closed

2021-05-30 11:16:02 - [MESSAGE][PASSED] - Browser is closed]]></system-out>
         <system-err><![CDATA[]]></system-err>
      </testcase>
      <testcase name="Test Cases/Login/Verify successful login" time="7.543" classname="Test Cases/Login/Verify successful login" status="PASSED">
         <system-out><![CDATA[2021-05-30 11:16:02 - [TEST_CASE][PASSED] - Test Cases/Login/Verify successful login: Test Cases/Login/Verify successful login

2021-05-30 11:16:02 - [TEST_STEP][PASSED] - callTestCase(findTestCase("Common Test Cases/Login"), ["Username":findTestData("Internal Data for Login").getValue(1, 5), "Password":findTestData("Internal Data for Login").getValue(2, 5)], STOP_ON_FAILURE): Call Test Case 'Test Cases/Common Test Cases/Login' successfully

2021-05-30 11:16:02 - [TEST_CASE][PASSED] - Test Cases/Common Test Cases/Login: Test Cases/Common Test Cases/Login

2021-05-30 11:16:02 - [TEST_STEP][PASSED] - openBrowser(""): Browser is opened with url: ''

2021-05-30 11:16:02 - [MESSAGE][INFO] - Starting 'Chrome' driver

2021-05-30 11:16:02 - [MESSAGE][INFO] - Action delay is set to 0 milliseconds

2021-05-30 11:16:03 - [MESSAGE][PASSED] - Browser is opened with url: ''

2021-05-30 11:16:03 - [TEST_STEP][PASSED] - navigateToUrl("https://chudenangcao2021.cf/"): Navigate to 'https://chudenangcao2021.cf/' successfully

2021-05-30 11:16:04 - [MESSAGE][PASSED] - Navigate to 'https://chudenangcao2021.cf/' successfully

2021-05-30 11:16:04 - [TEST_STEP][PASSED] - setText(findTestObject("Object Repository/Page_Mattermost/input_All team communication in one place, _dcc84b"), Username): Text 'nguyenvana' is set on object 'Object Repository/Page_Mattermost/input_All team communication in one place, _dcc84b'

2021-05-30 11:16:06 - [MESSAGE][PASSED] - Text 'nguyenvana' is set on object 'Object Repository/Page_Mattermost/input_All team communication in one place, _dcc84b'

2021-05-30 11:16:06 - [TEST_STEP][PASSED] - setText(findTestObject("Object Repository/Page_Mattermost/input_All team communication in one place, _a3edc6"), Password): Text 'Tung@123456' is set on object 'Object Repository/Page_Mattermost/input_All team communication in one place, _a3edc6'

2021-05-30 11:16:06 - [MESSAGE][PASSED] - Text 'Tung@123456' is set on object 'Object Repository/Page_Mattermost/input_All team communication in one place, _a3edc6'

2021-05-30 11:16:06 - [TEST_STEP][PASSED] - click(findTestObject("Object Repository/Page_Mattermost/button_Sign in")): Object: 'Object Repository/Page_Mattermost/button_Sign in' is clicked on

2021-05-30 11:16:07 - [MESSAGE][PASSED] - Object: 'Object Repository/Page_Mattermost/button_Sign in' is clicked on

2021-05-30 11:16:07 - [TEST_STEP][PASSED] - verifyLinksAccessible(["https://chudenangcao2021.cf/cdnc-cnpm-2021/channels"]): All links are accessible

2021-05-30 11:16:07 - [MESSAGE][INFO] - HAR: C:\Users\nttuan\Downloads\CDNC\mattermost-testing\Reports\20210530_111523\Run all test cases\20210530_111523\requests\main\20.har

2021-05-30 11:16:07 - [MESSAGE][PASSED] - Send request successfully

2021-05-30 11:16:07 - [MESSAGE][PASSED] - All links are accessible

2021-05-30 11:16:07 - [MESSAGE][PASSED] - Call Test Case 'Test Cases/Common Test Cases/Login' successfully

2021-05-30 11:16:07 - [TEST_STEP][PASSED] - verifyElementPresent(findTestObject("Page_Town Square - TEAM NAME Mattermost/div_CHANNELS"), 0): Object 'Object Repository/Page_Town Square - TEAM NAME Mattermost/div_CHANNELS' is present

2021-05-30 11:16:07 - [MESSAGE][WARNING] - Timeout '0' is invalid. Using default page load timeout: '30'

2021-05-30 11:16:09 - [MESSAGE][PASSED] - Object 'Object Repository/Page_Town Square - TEAM NAME Mattermost/div_CHANNELS' is present

2021-05-30 11:16:09 - [TEST_STEP][PASSED] - verifyElementPresent(findTestObject("Page_Town Square - TEAM NAME Mattermost/div_DIRECT MESSAGES"), 0): Object 'Object Repository/Page_Town Square - TEAM NAME Mattermost/div_DIRECT MESSAGES' is present

2021-05-30 11:16:09 - [MESSAGE][WARNING] - Timeout '0' is invalid. Using default page load timeout: '30'

2021-05-30 11:16:09 - [MESSAGE][PASSED] - Object 'Object Repository/Page_Town Square - TEAM NAME Mattermost/div_DIRECT MESSAGES' is present

2021-05-30 11:16:09 - [TEST_STEP][PASSED] - closeBrowser(): Browser is closed

2021-05-30 11:16:09 - [MESSAGE][PASSED] - Browser is closed]]></system-out>
         <system-err><![CDATA[]]></system-err>
      </testcase>
      <testcase name="Test Cases/SwitchCaseTest/ChangeLanguge" time="10.262" classname="Test Cases/SwitchCaseTest/ChangeLanguge" status="PASSED">
         <system-out><![CDATA[2021-05-30 11:16:09 - [TEST_CASE][PASSED] - Test Cases/SwitchCaseTest/ChangeLanguge: Test Cases/SwitchCaseTest/ChangeLanguge

2021-05-30 11:16:10 - [TEST_STEP][PASSED] - callTestCase(findTestCase("Test Cases/Common Test Cases/Login"), ["username":username, "password":password], STOP_ON_FAILURE): Call Test Case 'Test Cases/Common Test Cases/Login' successfully

2021-05-30 11:16:10 - [TEST_CASE][PASSED] - Test Cases/Common Test Cases/Login: Test Cases/Common Test Cases/Login

2021-05-30 11:16:10 - [TEST_STEP][PASSED] - openBrowser(""): Browser is opened with url: ''

2021-05-30 11:16:10 - [MESSAGE][INFO] - Starting 'Chrome' driver

2021-05-30 11:16:10 - [MESSAGE][INFO] - Action delay is set to 0 milliseconds

2021-05-30 11:16:11 - [MESSAGE][PASSED] - Browser is opened with url: ''

2021-05-30 11:16:11 - [TEST_STEP][PASSED] - navigateToUrl("https://chudenangcao2021.cf/"): Navigate to 'https://chudenangcao2021.cf/' successfully

2021-05-30 11:16:12 - [MESSAGE][PASSED] - Navigate to 'https://chudenangcao2021.cf/' successfully

2021-05-30 11:16:12 - [TEST_STEP][PASSED] - setText(findTestObject("Object Repository/Page_Mattermost/input_All team communication in one place, _dcc84b"), Username): Text 'Minhvu12918' is set on object 'Object Repository/Page_Mattermost/input_All team communication in one place, _dcc84b'

2021-05-30 11:16:13 - [MESSAGE][PASSED] - Text 'Minhvu12918' is set on object 'Object Repository/Page_Mattermost/input_All team communication in one place, _dcc84b'

2021-05-30 11:16:13 - [TEST_STEP][PASSED] - setText(findTestObject("Object Repository/Page_Mattermost/input_All team communication in one place, _a3edc6"), Password): Text 'Minhvuabc2@' is set on object 'Object Repository/Page_Mattermost/input_All team communication in one place, _a3edc6'

2021-05-30 11:16:14 - [MESSAGE][PASSED] - Text 'Minhvuabc2@' is set on object 'Object Repository/Page_Mattermost/input_All team communication in one place, _a3edc6'

2021-05-30 11:16:14 - [TEST_STEP][PASSED] - click(findTestObject("Object Repository/Page_Mattermost/button_Sign in")): Object: 'Object Repository/Page_Mattermost/button_Sign in' is clicked on

2021-05-30 11:16:15 - [MESSAGE][PASSED] - Object: 'Object Repository/Page_Mattermost/button_Sign in' is clicked on

2021-05-30 11:16:15 - [TEST_STEP][PASSED] - verifyLinksAccessible(["https://chudenangcao2021.cf/cdnc-cnpm-2021/channels"]): All links are accessible

2021-05-30 11:16:15 - [MESSAGE][INFO] - HAR: C:\Users\nttuan\Downloads\CDNC\mattermost-testing\Reports\20210530_111523\Run all test cases\20210530_111523\requests\main\21.har

2021-05-30 11:16:15 - [MESSAGE][PASSED] - Send request successfully

2021-05-30 11:16:15 - [MESSAGE][PASSED] - All links are accessible

2021-05-30 11:16:15 - [MESSAGE][PASSED] - Call Test Case 'Test Cases/Common Test Cases/Login' successfully

2021-05-30 11:16:15 - [TEST_STEP][PASSED] - click(findTestObject("Object Repository/IFObject/Page_TEST CHANNEL - TEAM NAME Mattermost/button_cxtuan_style--none sidebar-header-dropdown__icon")): Object: 'Object Repository/IFObject/Page_TEST CHANNEL - TEAM NAME Mattermost/button_cxtuan_style--none sidebar-header-dropdown__icon' is clicked on

2021-05-30 11:16:16 - [MESSAGE][PASSED] - Object: 'Object Repository/IFObject/Page_TEST CHANNEL - TEAM NAME Mattermost/button_cxtuan_style--none sidebar-header-dropdown__icon' is clicked on

2021-05-30 11:16:16 - [TEST_STEP][PASSED] - click(findTestObject("Object Repository/IFObject/Page_TEST CHANNEL - TEAM NAME Mattermost/button_Account Settings")): Object: 'Object Repository/IFObject/Page_TEST CHANNEL - TEAM NAME Mattermost/button_Account Settings' is clicked on

2021-05-30 11:16:17 - [MESSAGE][PASSED] - Object: 'Object Repository/IFObject/Page_TEST CHANNEL - TEAM NAME Mattermost/button_Account Settings' is clicked on

2021-05-30 11:16:17 - [TEST_STEP][PASSED] - lang = language: null

2021-05-30 11:16:17 - [TEST_STEP][PASSED] - click(findTestObject("Object Repository/SwitchCase/Change language/button_Display")): Object: 'Object Repository/SwitchCase/Change language/button_Display' is clicked on

2021-05-30 11:16:18 - [MESSAGE][PASSED] - Object: 'Object Repository/SwitchCase/Change language/button_Display' is clicked on

2021-05-30 11:16:18 - [TEST_STEP][PASSED] - click(findTestObject("Object Repository/SwitchCase/Change language/button_EditLanguage")): Object: 'Object Repository/SwitchCase/Change language/button_EditLanguage' is clicked on

2021-05-30 11:16:18 - [MESSAGE][PASSED] - Object: 'Object Repository/SwitchCase/Change language/button_EditLanguage' is clicked on

2021-05-30 11:16:18 - [TEST_STEP][PASSED] - click(findTestObject("Object Repository/SwitchCase/Change language/div_English")): Object: 'Object Repository/SwitchCase/Change language/div_English' is clicked on

2021-05-30 11:16:19 - [MESSAGE][PASSED] - Object: 'Object Repository/SwitchCase/Change language/div_English' is clicked on

2021-05-30 11:16:19 - [TEST_STEP][PASSED] - switch (lang): null

2021-05-30 11:16:19 - [TEST_STEP][PASSED] - case "Italiano":: null

2021-05-30 11:16:19 - [TEST_STEP][PASSED] - click(findTestObject("Object Repository/SwitchCase/Page_span_Town Square - TEAM NAME Mattermost/div_Italiano")): Object: 'Object Repository/SwitchCase/Page_span_Town Square - TEAM NAME Mattermost/div_Italiano' is clicked on

2021-05-30 11:16:19 - [MESSAGE][PASSED] - Object: 'Object Repository/SwitchCase/Page_span_Town Square - TEAM NAME Mattermost/div_Italiano' is clicked on

2021-05-30 11:16:19 - [TEST_STEP][PASSED] - break: null

2021-05-30 11:16:19 - [TEST_STEP][PASSED] - click(findTestObject("Object Repository/SwitchCase/Change language/button_Save")): Object: 'Object Repository/SwitchCase/Change language/button_Save' is clicked on

2021-05-30 11:16:20 - [MESSAGE][PASSED] - Object: 'Object Repository/SwitchCase/Change language/button_Save' is clicked on]]></system-out>
         <system-err><![CDATA[]]></system-err>
      </testcase>
      <testcase name="Test Cases/SwitchCaseTest/CallChangeDefaultLanguage" time="10.607" classname="Test Cases/SwitchCaseTest/CallChangeDefaultLanguage" status="PASSED">
         <system-out><![CDATA[2021-05-30 11:16:20 - [TEST_CASE][PASSED] - Test Cases/SwitchCaseTest/CallChangeDefaultLanguage: Test Cases/SwitchCaseTest/CallChangeDefaultLanguage

2021-05-30 11:16:20 - [TEST_STEP][PASSED] - callTestCase(findTestCase("SwitchCaseTest/ChangeLanguge"), ["username":"cxtuan", "password":"01672471821nT@", "language":"English"], STOP_ON_FAILURE): Call Test Case 'Test Cases/SwitchCaseTest/ChangeLanguge' successfully

2021-05-30 11:16:20 - [TEST_CASE][PASSED] - Test Cases/SwitchCaseTest/ChangeLanguge: Test Cases/SwitchCaseTest/ChangeLanguge

2021-05-30 11:16:20 - [TEST_STEP][PASSED] - callTestCase(findTestCase("Test Cases/Common Test Cases/Login"), ["username":username, "password":password], STOP_ON_FAILURE): Call Test Case 'Test Cases/Common Test Cases/Login' successfully

2021-05-30 11:16:20 - [TEST_CASE][PASSED] - Test Cases/Common Test Cases/Login: Test Cases/Common Test Cases/Login

2021-05-30 11:16:20 - [TEST_STEP][PASSED] - openBrowser(""): Browser is opened with url: ''

2021-05-30 11:16:20 - [MESSAGE][WARNING] - A browser is already opened. Closing browser and opening a new one

2021-05-30 11:16:21 - [MESSAGE][INFO] - Starting 'Chrome' driver

2021-05-30 11:16:21 - [MESSAGE][INFO] - Action delay is set to 0 milliseconds

2021-05-30 11:16:22 - [MESSAGE][PASSED] - Browser is opened with url: ''

2021-05-30 11:16:22 - [TEST_STEP][PASSED] - navigateToUrl("https://chudenangcao2021.cf/"): Navigate to 'https://chudenangcao2021.cf/' successfully

2021-05-30 11:16:23 - [MESSAGE][PASSED] - Navigate to 'https://chudenangcao2021.cf/' successfully

2021-05-30 11:16:23 - [TEST_STEP][PASSED] - setText(findTestObject("Object Repository/Page_Mattermost/input_All team communication in one place, _dcc84b"), Username): Text 'Minhvu12918' is set on object 'Object Repository/Page_Mattermost/input_All team communication in one place, _dcc84b'

2021-05-30 11:16:24 - [MESSAGE][PASSED] - Text 'Minhvu12918' is set on object 'Object Repository/Page_Mattermost/input_All team communication in one place, _dcc84b'

2021-05-30 11:16:24 - [TEST_STEP][PASSED] - setText(findTestObject("Object Repository/Page_Mattermost/input_All team communication in one place, _a3edc6"), Password): Text 'Minhvuabc2@' is set on object 'Object Repository/Page_Mattermost/input_All team communication in one place, _a3edc6'

2021-05-30 11:16:25 - [MESSAGE][PASSED] - Text 'Minhvuabc2@' is set on object 'Object Repository/Page_Mattermost/input_All team communication in one place, _a3edc6'

2021-05-30 11:16:25 - [TEST_STEP][PASSED] - click(findTestObject("Object Repository/Page_Mattermost/button_Sign in")): Object: 'Object Repository/Page_Mattermost/button_Sign in' is clicked on

2021-05-30 11:16:25 - [MESSAGE][PASSED] - Object: 'Object Repository/Page_Mattermost/button_Sign in' is clicked on

2021-05-30 11:16:25 - [TEST_STEP][PASSED] - verifyLinksAccessible(["https://chudenangcao2021.cf/cdnc-cnpm-2021/channels"]): All links are accessible

2021-05-30 11:16:25 - [MESSAGE][INFO] - HAR: C:\Users\nttuan\Downloads\CDNC\mattermost-testing\Reports\20210530_111523\Run all test cases\20210530_111523\requests\main\22.har

2021-05-30 11:16:25 - [MESSAGE][PASSED] - Send request successfully

2021-05-30 11:16:25 - [MESSAGE][PASSED] - All links are accessible

2021-05-30 11:16:25 - [MESSAGE][PASSED] - Call Test Case 'Test Cases/Common Test Cases/Login' successfully

2021-05-30 11:16:25 - [TEST_STEP][PASSED] - click(findTestObject("Object Repository/IFObject/Page_TEST CHANNEL - TEAM NAME Mattermost/button_cxtuan_style--none sidebar-header-dropdown__icon")): Object: 'Object Repository/IFObject/Page_TEST CHANNEL - TEAM NAME Mattermost/button_cxtuan_style--none sidebar-header-dropdown__icon' is clicked on

2021-05-30 11:16:27 - [MESSAGE][PASSED] - Object: 'Object Repository/IFObject/Page_TEST CHANNEL - TEAM NAME Mattermost/button_cxtuan_style--none sidebar-header-dropdown__icon' is clicked on

2021-05-30 11:16:27 - [TEST_STEP][PASSED] - click(findTestObject("Object Repository/IFObject/Page_TEST CHANNEL - TEAM NAME Mattermost/button_Account Settings")): Object: 'Object Repository/IFObject/Page_TEST CHANNEL - TEAM NAME Mattermost/button_Account Settings' is clicked on

2021-05-30 11:16:28 - [MESSAGE][PASSED] - Object: 'Object Repository/IFObject/Page_TEST CHANNEL - TEAM NAME Mattermost/button_Account Settings' is clicked on

2021-05-30 11:16:28 - [TEST_STEP][PASSED] - lang = language: null

2021-05-30 11:16:28 - [TEST_STEP][PASSED] - click(findTestObject("Object Repository/SwitchCase/Change language/button_Display")): Object: 'Object Repository/SwitchCase/Change language/button_Display' is clicked on

2021-05-30 11:16:28 - [MESSAGE][PASSED] - Object: 'Object Repository/SwitchCase/Change language/button_Display' is clicked on

2021-05-30 11:16:28 - [TEST_STEP][PASSED] - click(findTestObject("Object Repository/SwitchCase/Change language/button_EditLanguage")): Object: 'Object Repository/SwitchCase/Change language/button_EditLanguage' is clicked on

2021-05-30 11:16:29 - [MESSAGE][PASSED] - Object: 'Object Repository/SwitchCase/Change language/button_EditLanguage' is clicked on

2021-05-30 11:16:29 - [TEST_STEP][PASSED] - click(findTestObject("Object Repository/SwitchCase/Change language/div_English")): Object: 'Object Repository/SwitchCase/Change language/div_English' is clicked on

2021-05-30 11:16:29 - [MESSAGE][PASSED] - Object: 'Object Repository/SwitchCase/Change language/div_English' is clicked on

2021-05-30 11:16:29 - [TEST_STEP][PASSED] - switch (lang): Object: 'Object Repository/SwitchCase/Page_span_Town Square - TEAM NAME Mattermost/div_English' is clicked on

2021-05-30 11:16:29 - [TEST_STEP][PASSED] - Default: Object: 'Object Repository/SwitchCase/Page_span_Town Square - TEAM NAME Mattermost/div_English' is clicked on

2021-05-30 11:16:29 - [TEST_STEP][PASSED] - click(findTestObject("Object Repository/SwitchCase/Page_span_Town Square - TEAM NAME Mattermost/div_English")): Object: 'Object Repository/SwitchCase/Page_span_Town Square - TEAM NAME Mattermost/div_English' is clicked on

2021-05-30 11:16:30 - [MESSAGE][PASSED] - Object: 'Object Repository/SwitchCase/Page_span_Town Square - TEAM NAME Mattermost/div_English' is clicked on

2021-05-30 11:16:30 - [TEST_STEP][PASSED] - click(findTestObject("Object Repository/SwitchCase/Change language/button_Save")): Object: 'Object Repository/SwitchCase/Change language/button_Save' is clicked on

2021-05-30 11:16:30 - [MESSAGE][PASSED] - Object: 'Object Repository/SwitchCase/Change language/button_Save' is clicked on

2021-05-30 11:16:30 - [MESSAGE][PASSED] - Call Test Case 'Test Cases/SwitchCaseTest/ChangeLanguge' successfully]]></system-out>
         <system-err><![CDATA[]]></system-err>
      </testcase>
      <testcase name="Test Cases/SwitchCaseTest/ChangeNotificationEmail" time="11.722" classname="Test Cases/SwitchCaseTest/ChangeNotificationEmail" status="PASSED">
         <system-out><![CDATA[2021-05-30 11:16:30 - [TEST_CASE][PASSED] - Test Cases/SwitchCaseTest/ChangeNotificationEmail: Test Cases/SwitchCaseTest/ChangeNotificationEmail

2021-05-30 11:16:31 - [TEST_STEP][PASSED] - openBrowser(""): Browser is opened with url: ''

2021-05-30 11:16:31 - [MESSAGE][WARNING] - A browser is already opened. Closing browser and opening a new one

2021-05-30 11:16:31 - [MESSAGE][INFO] - Starting 'Chrome' driver

2021-05-30 11:16:31 - [MESSAGE][INFO] - Action delay is set to 0 milliseconds

2021-05-30 11:16:33 - [MESSAGE][PASSED] - Browser is opened with url: ''

2021-05-30 11:16:33 - [TEST_STEP][PASSED] - callTestCase(findTestCase("Test Cases/Common Test Cases/Login"), ["username":username, "password":password], STOP_ON_FAILURE): Call Test Case 'Test Cases/Common Test Cases/Login' successfully

2021-05-30 11:16:33 - [TEST_CASE][PASSED] - Test Cases/Common Test Cases/Login: Test Cases/Common Test Cases/Login

2021-05-30 11:16:33 - [TEST_STEP][PASSED] - openBrowser(""): Browser is opened with url: ''

2021-05-30 11:16:33 - [MESSAGE][WARNING] - A browser is already opened. Closing browser and opening a new one

2021-05-30 11:16:33 - [MESSAGE][INFO] - Starting 'Chrome' driver

2021-05-30 11:16:33 - [MESSAGE][INFO] - Action delay is set to 0 milliseconds

2021-05-30 11:16:35 - [MESSAGE][PASSED] - Browser is opened with url: ''

2021-05-30 11:16:35 - [TEST_STEP][PASSED] - navigateToUrl("https://chudenangcao2021.cf/"): Navigate to 'https://chudenangcao2021.cf/' successfully

2021-05-30 11:16:35 - [MESSAGE][PASSED] - Navigate to 'https://chudenangcao2021.cf/' successfully

2021-05-30 11:16:35 - [TEST_STEP][PASSED] - setText(findTestObject("Object Repository/Page_Mattermost/input_All team communication in one place, _dcc84b"), Username): Text 'Minhvu12918' is set on object 'Object Repository/Page_Mattermost/input_All team communication in one place, _dcc84b'

2021-05-30 11:16:37 - [MESSAGE][PASSED] - Text 'Minhvu12918' is set on object 'Object Repository/Page_Mattermost/input_All team communication in one place, _dcc84b'

2021-05-30 11:16:37 - [TEST_STEP][PASSED] - setText(findTestObject("Object Repository/Page_Mattermost/input_All team communication in one place, _a3edc6"), Password): Text 'Minhvuabc2@' is set on object 'Object Repository/Page_Mattermost/input_All team communication in one place, _a3edc6'

2021-05-30 11:16:37 - [MESSAGE][PASSED] - Text 'Minhvuabc2@' is set on object 'Object Repository/Page_Mattermost/input_All team communication in one place, _a3edc6'

2021-05-30 11:16:37 - [TEST_STEP][PASSED] - click(findTestObject("Object Repository/Page_Mattermost/button_Sign in")): Object: 'Object Repository/Page_Mattermost/button_Sign in' is clicked on

2021-05-30 11:16:38 - [MESSAGE][PASSED] - Object: 'Object Repository/Page_Mattermost/button_Sign in' is clicked on

2021-05-30 11:16:38 - [TEST_STEP][PASSED] - verifyLinksAccessible(["https://chudenangcao2021.cf/cdnc-cnpm-2021/channels"]): All links are accessible

2021-05-30 11:16:38 - [MESSAGE][INFO] - HAR: C:\Users\nttuan\Downloads\CDNC\mattermost-testing\Reports\20210530_111523\Run all test cases\20210530_111523\requests\main\23.har

2021-05-30 11:16:38 - [MESSAGE][PASSED] - Send request successfully

2021-05-30 11:16:38 - [MESSAGE][PASSED] - All links are accessible

2021-05-30 11:16:38 - [MESSAGE][PASSED] - Call Test Case 'Test Cases/Common Test Cases/Login' successfully

2021-05-30 11:16:38 - [TEST_STEP][PASSED] - click(findTestObject("Object Repository/SwitchCase/NotifyEmail/Page_span_Town Square - TEAM NAME Mattermost/span")): Object: 'Object Repository/SwitchCase/NotifyEmail/Page_span_Town Square - TEAM NAME Mattermost/span' is clicked on

2021-05-30 11:16:40 - [MESSAGE][PASSED] - Object: 'Object Repository/SwitchCase/NotifyEmail/Page_span_Town Square - TEAM NAME Mattermost/span' is clicked on

2021-05-30 11:16:40 - [TEST_STEP][PASSED] - click(findTestObject("Object Repository/SwitchCase/NotifyEmail/Page_span_Town Square - TEAM NAME Mattermost/button_Account Settings")): Object: 'Object Repository/SwitchCase/NotifyEmail/Page_span_Town Square - TEAM NAME Mattermost/button_Account Settings' is clicked on

2021-05-30 11:16:40 - [MESSAGE][PASSED] - Object: 'Object Repository/SwitchCase/NotifyEmail/Page_span_Town Square - TEAM NAME Mattermost/button_Account Settings' is clicked on

2021-05-30 11:16:40 - [TEST_STEP][PASSED] - click(findTestObject("Object Repository/SwitchCase/NotifyEmail/Page_span_Town Square - TEAM NAME Mattermost/button_Notifications")): Object: 'Object Repository/SwitchCase/NotifyEmail/Page_span_Town Square - TEAM NAME Mattermost/button_Notifications' is clicked on

2021-05-30 11:16:41 - [MESSAGE][PASSED] - Object: 'Object Repository/SwitchCase/NotifyEmail/Page_span_Town Square - TEAM NAME Mattermost/button_Notifications' is clicked on

2021-05-30 11:16:41 - [TEST_STEP][PASSED] - click(findTestObject("Object Repository/SwitchCase/NotifyEmail/Page_span_Town Square - TEAM NAME Mattermost/div_Email NotificationsEditImmediately")): Object: 'Object Repository/SwitchCase/NotifyEmail/Page_span_Town Square - TEAM NAME Mattermost/div_Email NotificationsEditImmediately' is clicked on

2021-05-30 11:16:41 - [MESSAGE][PASSED] - Object: 'Object Repository/SwitchCase/NotifyEmail/Page_span_Town Square - TEAM NAME Mattermost/div_Email NotificationsEditImmediately' is clicked on

2021-05-30 11:16:41 - [TEST_STEP][PASSED] - notify = notify: null

2021-05-30 11:16:41 - [TEST_STEP][PASSED] - switch (notify): null

2021-05-30 11:16:41 - [TEST_STEP][PASSED] - case "no":: null

2021-05-30 11:16:41 - [TEST_STEP][PASSED] - click(findTestObject("Object Repository/SwitchCase/NotifyEmail/Page_span_Town Square - TEAM NAME Mattermost/label_Never")): Object: 'Object Repository/SwitchCase/NotifyEmail/Page_span_Town Square - TEAM NAME Mattermost/label_Never' is clicked on

2021-05-30 11:16:42 - [MESSAGE][PASSED] - Object: 'Object Repository/SwitchCase/NotifyEmail/Page_span_Town Square - TEAM NAME Mattermost/label_Never' is clicked on

2021-05-30 11:16:42 - [TEST_STEP][PASSED] - break: null

2021-05-30 11:16:42 - [TEST_STEP][PASSED] - click(findTestObject("Object Repository/SwitchCase/NotifyEmail/Page_span_Town Square - TEAM NAME Mattermost/span_Save")): Object: 'Object Repository/SwitchCase/NotifyEmail/Page_span_Town Square - TEAM NAME Mattermost/span_Save' is clicked on

2021-05-30 11:16:42 - [MESSAGE][PASSED] - Object: 'Object Repository/SwitchCase/NotifyEmail/Page_span_Town Square - TEAM NAME Mattermost/span_Save' is clicked on]]></system-out>
         <system-err><![CDATA[]]></system-err>
      </testcase>
      <testcase name="Test Cases/SwitchCaseTest/CallChangeDefaultNotificationEmail" time="11.701" classname="Test Cases/SwitchCaseTest/CallChangeDefaultNotificationEmail" status="PASSED">
         <system-out><![CDATA[2021-05-30 11:16:42 - [TEST_CASE][PASSED] - Test Cases/SwitchCaseTest/CallChangeDefaultNotificationEmail: Test Cases/SwitchCaseTest/CallChangeDefaultNotificationEmail

2021-05-30 11:16:42 - [TEST_STEP][PASSED] - callTestCase(findTestCase("SwitchCaseTest/ChangeNotificationEmail"), ["username":"cxtuan", "password":"01672471821nT@", "notify":"yes"], STOP_ON_FAILURE): Call Test Case 'Test Cases/SwitchCaseTest/ChangeNotificationEmail' successfully

2021-05-30 11:16:42 - [TEST_CASE][PASSED] - Test Cases/SwitchCaseTest/ChangeNotificationEmail: Test Cases/SwitchCaseTest/ChangeNotificationEmail

2021-05-30 11:16:42 - [TEST_STEP][PASSED] - openBrowser(""): Browser is opened with url: ''

2021-05-30 11:16:42 - [MESSAGE][WARNING] - A browser is already opened. Closing browser and opening a new one

2021-05-30 11:16:43 - [MESSAGE][INFO] - Starting 'Chrome' driver

2021-05-30 11:16:43 - [MESSAGE][INFO] - Action delay is set to 0 milliseconds

2021-05-30 11:16:44 - [MESSAGE][PASSED] - Browser is opened with url: ''

2021-05-30 11:16:44 - [TEST_STEP][PASSED] - callTestCase(findTestCase("Test Cases/Common Test Cases/Login"), ["username":username, "password":password], STOP_ON_FAILURE): Call Test Case 'Test Cases/Common Test Cases/Login' successfully

2021-05-30 11:16:44 - [TEST_CASE][PASSED] - Test Cases/Common Test Cases/Login: Test Cases/Common Test Cases/Login

2021-05-30 11:16:44 - [TEST_STEP][PASSED] - openBrowser(""): Browser is opened with url: ''

2021-05-30 11:16:44 - [MESSAGE][WARNING] - A browser is already opened. Closing browser and opening a new one

2021-05-30 11:16:45 - [MESSAGE][INFO] - Starting 'Chrome' driver

2021-05-30 11:16:45 - [MESSAGE][INFO] - Action delay is set to 0 milliseconds

2021-05-30 11:16:46 - [MESSAGE][PASSED] - Browser is opened with url: ''

2021-05-30 11:16:46 - [TEST_STEP][PASSED] - navigateToUrl("https://chudenangcao2021.cf/"): Navigate to 'https://chudenangcao2021.cf/' successfully

2021-05-30 11:16:47 - [MESSAGE][PASSED] - Navigate to 'https://chudenangcao2021.cf/' successfully

2021-05-30 11:16:47 - [TEST_STEP][PASSED] - setText(findTestObject("Object Repository/Page_Mattermost/input_All team communication in one place, _dcc84b"), Username): Text 'Minhvu12918' is set on object 'Object Repository/Page_Mattermost/input_All team communication in one place, _dcc84b'

2021-05-30 11:16:48 - [MESSAGE][PASSED] - Text 'Minhvu12918' is set on object 'Object Repository/Page_Mattermost/input_All team communication in one place, _dcc84b'

2021-05-30 11:16:48 - [TEST_STEP][PASSED] - setText(findTestObject("Object Repository/Page_Mattermost/input_All team communication in one place, _a3edc6"), Password): Text 'Minhvuabc2@' is set on object 'Object Repository/Page_Mattermost/input_All team communication in one place, _a3edc6'

2021-05-30 11:16:49 - [MESSAGE][PASSED] - Text 'Minhvuabc2@' is set on object 'Object Repository/Page_Mattermost/input_All team communication in one place, _a3edc6'

2021-05-30 11:16:49 - [TEST_STEP][PASSED] - click(findTestObject("Object Repository/Page_Mattermost/button_Sign in")): Object: 'Object Repository/Page_Mattermost/button_Sign in' is clicked on

2021-05-30 11:16:50 - [MESSAGE][PASSED] - Object: 'Object Repository/Page_Mattermost/button_Sign in' is clicked on

2021-05-30 11:16:50 - [TEST_STEP][PASSED] - verifyLinksAccessible(["https://chudenangcao2021.cf/cdnc-cnpm-2021/channels"]): All links are accessible

2021-05-30 11:16:50 - [MESSAGE][INFO] - HAR: C:\Users\nttuan\Downloads\CDNC\mattermost-testing\Reports\20210530_111523\Run all test cases\20210530_111523\requests\main\24.har

2021-05-30 11:16:50 - [MESSAGE][PASSED] - Send request successfully

2021-05-30 11:16:50 - [MESSAGE][PASSED] - All links are accessible

2021-05-30 11:16:50 - [MESSAGE][PASSED] - Call Test Case 'Test Cases/Common Test Cases/Login' successfully

2021-05-30 11:16:50 - [TEST_STEP][PASSED] - click(findTestObject("Object Repository/SwitchCase/NotifyEmail/Page_span_Town Square - TEAM NAME Mattermost/span")): Object: 'Object Repository/SwitchCase/NotifyEmail/Page_span_Town Square - TEAM NAME Mattermost/span' is clicked on

2021-05-30 11:16:51 - [MESSAGE][PASSED] - Object: 'Object Repository/SwitchCase/NotifyEmail/Page_span_Town Square - TEAM NAME Mattermost/span' is clicked on

2021-05-30 11:16:51 - [TEST_STEP][PASSED] - click(findTestObject("Object Repository/SwitchCase/NotifyEmail/Page_span_Town Square - TEAM NAME Mattermost/button_Account Settings")): Object: 'Object Repository/SwitchCase/NotifyEmail/Page_span_Town Square - TEAM NAME Mattermost/button_Account Settings' is clicked on

2021-05-30 11:16:52 - [MESSAGE][PASSED] - Object: 'Object Repository/SwitchCase/NotifyEmail/Page_span_Town Square - TEAM NAME Mattermost/button_Account Settings' is clicked on

2021-05-30 11:16:52 - [TEST_STEP][PASSED] - click(findTestObject("Object Repository/SwitchCase/NotifyEmail/Page_span_Town Square - TEAM NAME Mattermost/button_Notifications")): Object: 'Object Repository/SwitchCase/NotifyEmail/Page_span_Town Square - TEAM NAME Mattermost/button_Notifications' is clicked on

2021-05-30 11:16:52 - [MESSAGE][PASSED] - Object: 'Object Repository/SwitchCase/NotifyEmail/Page_span_Town Square - TEAM NAME Mattermost/button_Notifications' is clicked on

2021-05-30 11:16:52 - [TEST_STEP][PASSED] - click(findTestObject("Object Repository/SwitchCase/NotifyEmail/Page_span_Town Square - TEAM NAME Mattermost/div_Email NotificationsEditImmediately")): Object: 'Object Repository/SwitchCase/NotifyEmail/Page_span_Town Square - TEAM NAME Mattermost/div_Email NotificationsEditImmediately' is clicked on

2021-05-30 11:16:53 - [MESSAGE][PASSED] - Object: 'Object Repository/SwitchCase/NotifyEmail/Page_span_Town Square - TEAM NAME Mattermost/div_Email NotificationsEditImmediately' is clicked on

2021-05-30 11:16:53 - [TEST_STEP][PASSED] - notify = notify: null

2021-05-30 11:16:53 - [TEST_STEP][PASSED] - switch (notify): null

2021-05-30 11:16:53 - [TEST_STEP][PASSED] - case "yes":: null

2021-05-30 11:16:53 - [TEST_STEP][PASSED] - click(findTestObject("Object Repository/SwitchCase/NotifyEmail/Page_span_Town Square - TEAM NAME Mattermost/label_Immediately")): Object: 'Object Repository/SwitchCase/NotifyEmail/Page_span_Town Square - TEAM NAME Mattermost/label_Immediately' is clicked on

2021-05-30 11:16:53 - [MESSAGE][PASSED] - Object: 'Object Repository/SwitchCase/NotifyEmail/Page_span_Town Square - TEAM NAME Mattermost/label_Immediately' is clicked on

2021-05-30 11:16:53 - [TEST_STEP][PASSED] - break: null

2021-05-30 11:16:53 - [TEST_STEP][PASSED] - click(findTestObject("Object Repository/SwitchCase/NotifyEmail/Page_span_Town Square - TEAM NAME Mattermost/span_Save")): Object: 'Object Repository/SwitchCase/NotifyEmail/Page_span_Town Square - TEAM NAME Mattermost/span_Save' is clicked on

2021-05-30 11:16:54 - [MESSAGE][PASSED] - Object: 'Object Repository/SwitchCase/NotifyEmail/Page_span_Town Square - TEAM NAME Mattermost/span_Save' is clicked on

2021-05-30 11:16:54 - [MESSAGE][PASSED] - Call Test Case 'Test Cases/SwitchCaseTest/ChangeNotificationEmail' successfully]]></system-out>
         <system-err><![CDATA[]]></system-err>
      </testcase>
      <testcase name="Test Cases/SwitchCaseTest/NumberOfDirectMessages" time="11.17" classname="Test Cases/SwitchCaseTest/NumberOfDirectMessages" status="PASSED">
         <system-out><![CDATA[2021-05-30 11:16:54 - [TEST_CASE][PASSED] - Test Cases/SwitchCaseTest/NumberOfDirectMessages: Test Cases/SwitchCaseTest/NumberOfDirectMessages

2021-05-30 11:16:54 - [TEST_STEP][PASSED] - callTestCase(findTestCase("Common Test Cases/Login"), ["Username":"nttuan", "Password":"12345678zZ@"], STOP_ON_FAILURE): Call Test Case 'Test Cases/Common Test Cases/Login' successfully

2021-05-30 11:16:54 - [TEST_CASE][PASSED] - Test Cases/Common Test Cases/Login: Test Cases/Common Test Cases/Login

2021-05-30 11:16:54 - [TEST_STEP][PASSED] - openBrowser(""): Browser is opened with url: ''

2021-05-30 11:16:54 - [MESSAGE][WARNING] - A browser is already opened. Closing browser and opening a new one

2021-05-30 11:16:55 - [MESSAGE][INFO] - Starting 'Chrome' driver

2021-05-30 11:16:55 - [MESSAGE][INFO] - Action delay is set to 0 milliseconds

2021-05-30 11:16:56 - [MESSAGE][PASSED] - Browser is opened with url: ''

2021-05-30 11:16:56 - [TEST_STEP][PASSED] - navigateToUrl("https://chudenangcao2021.cf/"): Navigate to 'https://chudenangcao2021.cf/' successfully

2021-05-30 11:16:57 - [MESSAGE][PASSED] - Navigate to 'https://chudenangcao2021.cf/' successfully

2021-05-30 11:16:57 - [TEST_STEP][PASSED] - setText(findTestObject("Object Repository/Page_Mattermost/input_All team communication in one place, _dcc84b"), Username): Text 'nttuan' is set on object 'Object Repository/Page_Mattermost/input_All team communication in one place, _dcc84b'

2021-05-30 11:16:58 - [MESSAGE][PASSED] - Text 'nttuan' is set on object 'Object Repository/Page_Mattermost/input_All team communication in one place, _dcc84b'

2021-05-30 11:16:58 - [TEST_STEP][PASSED] - setText(findTestObject("Object Repository/Page_Mattermost/input_All team communication in one place, _a3edc6"), Password): Text '12345678zZ@' is set on object 'Object Repository/Page_Mattermost/input_All team communication in one place, _a3edc6'

2021-05-30 11:16:59 - [MESSAGE][PASSED] - Text '12345678zZ@' is set on object 'Object Repository/Page_Mattermost/input_All team communication in one place, _a3edc6'

2021-05-30 11:16:59 - [TEST_STEP][PASSED] - click(findTestObject("Object Repository/Page_Mattermost/button_Sign in")): Object: 'Object Repository/Page_Mattermost/button_Sign in' is clicked on

2021-05-30 11:16:59 - [MESSAGE][PASSED] - Object: 'Object Repository/Page_Mattermost/button_Sign in' is clicked on

2021-05-30 11:16:59 - [TEST_STEP][PASSED] - verifyLinksAccessible(["https://chudenangcao2021.cf/cdnc-cnpm-2021/channels"]): All links are accessible

2021-05-30 11:16:59 - [MESSAGE][INFO] - HAR: C:\Users\nttuan\Downloads\CDNC\mattermost-testing\Reports\20210530_111523\Run all test cases\20210530_111523\requests\main\25.har

2021-05-30 11:16:59 - [MESSAGE][PASSED] - Send request successfully

2021-05-30 11:16:59 - [MESSAGE][PASSED] - All links are accessible

2021-05-30 11:16:59 - [MESSAGE][PASSED] - Call Test Case 'Test Cases/Common Test Cases/Login' successfully

2021-05-30 11:16:59 - [TEST_STEP][PASSED] - click(findTestObject("Object Repository/SwitchCase/NumberOfDirectMessages/Page_span_Town Square - TEAM NAME Mattermost/button_nttuan_style--none sidebar-header-dr_897f13")): Object: 'Object Repository/SwitchCase/NumberOfDirectMessages/Page_span_Town Square - TEAM NAME Mattermost/button_nttuan_style--none sidebar-header-dr_897f13' is clicked on

2021-05-30 11:17:01 - [MESSAGE][PASSED] - Object: 'Object Repository/SwitchCase/NumberOfDirectMessages/Page_span_Town Square - TEAM NAME Mattermost/button_nttuan_style--none sidebar-header-dr_897f13' is clicked on

2021-05-30 11:17:01 - [TEST_STEP][PASSED] - click(findTestObject("Object Repository/SwitchCase/NumberOfDirectMessages/Page_span_Town Square - TEAM NAME Mattermost/span_Account Settings")): Object: 'Object Repository/SwitchCase/NumberOfDirectMessages/Page_span_Town Square - TEAM NAME Mattermost/span_Account Settings' is clicked on

2021-05-30 11:17:02 - [MESSAGE][PASSED] - Object: 'Object Repository/SwitchCase/NumberOfDirectMessages/Page_span_Town Square - TEAM NAME Mattermost/span_Account Settings' is clicked on

2021-05-30 11:17:02 - [TEST_STEP][PASSED] - click(findTestObject("Object Repository/SwitchCase/NumberOfDirectMessages/Page_span_Town Square - TEAM NAME Mattermost/button_Sidebar")): Object: 'Object Repository/SwitchCase/NumberOfDirectMessages/Page_span_Town Square - TEAM NAME Mattermost/button_Sidebar' is clicked on

2021-05-30 11:17:02 - [MESSAGE][PASSED] - Object: 'Object Repository/SwitchCase/NumberOfDirectMessages/Page_span_Town Square - TEAM NAME Mattermost/button_Sidebar' is clicked on

2021-05-30 11:17:02 - [TEST_STEP][PASSED] - click(findTestObject("Object Repository/SwitchCase/NumberOfDirectMessages/Page_span_Town Square - TEAM NAME Mattermost/span_Edit")): Object: 'Object Repository/SwitchCase/NumberOfDirectMessages/Page_span_Town Square - TEAM NAME Mattermost/span_Edit' is clicked on

2021-05-30 11:17:03 - [MESSAGE][PASSED] - Object: 'Object Repository/SwitchCase/NumberOfDirectMessages/Page_span_Town Square - TEAM NAME Mattermost/span_Edit' is clicked on

2021-05-30 11:17:03 - [TEST_STEP][PASSED] - click(findTestObject("SwitchCase/NumberOfDirectMessages/Page_span_Town Square - TEAM NAME Mattermost/div_All Direct Messages_css-1thkkgx")): Object: 'Object Repository/SwitchCase/NumberOfDirectMessages/Page_span_Town Square - TEAM NAME Mattermost/div_All Direct Messages_css-1thkkgx' is clicked on

2021-05-30 11:17:03 - [MESSAGE][PASSED] - Object: 'Object Repository/SwitchCase/NumberOfDirectMessages/Page_span_Town Square - TEAM NAME Mattermost/div_All Direct Messages_css-1thkkgx' is clicked on

2021-05-30 11:17:03 - [TEST_STEP][PASSED] - switch (nMessage): null

2021-05-30 11:17:03 - [TEST_STEP][PASSED] - case 40:: null

2021-05-30 11:17:03 - [TEST_STEP][PASSED] - click(findTestObject("Object Repository/SwitchCase/NumberOfDirectMessages/Page_span_Town Square - TEAM NAME Mattermost/div_20")): Object: 'Object Repository/SwitchCase/NumberOfDirectMessages/Page_span_Town Square - TEAM NAME Mattermost/div_20' is clicked on

2021-05-30 11:17:04 - [MESSAGE][PASSED] - Object: 'Object Repository/SwitchCase/NumberOfDirectMessages/Page_span_Town Square - TEAM NAME Mattermost/div_20' is clicked on

2021-05-30 11:17:04 - [TEST_STEP][PASSED] - break: null

2021-05-30 11:17:04 - [TEST_STEP][PASSED] - click(findTestObject("Object Repository/SwitchCase/NumberOfDirectMessages/Page_span_Town Square - TEAM NAME Mattermost/button_Save")): Object: 'Object Repository/SwitchCase/NumberOfDirectMessages/Page_span_Town Square - TEAM NAME Mattermost/button_Save' is clicked on

2021-05-30 11:17:04 - [MESSAGE][PASSED] - Object: 'Object Repository/SwitchCase/NumberOfDirectMessages/Page_span_Town Square - TEAM NAME Mattermost/button_Save' is clicked on

2021-05-30 11:17:04 - [TEST_STEP][PASSED] - closeBrowser(): Browser is closed

2021-05-30 11:17:05 - [MESSAGE][PASSED] - Browser is closed]]></system-out>
         <system-err><![CDATA[]]></system-err>
      </testcase>
      <testcase name="Test Cases/SwitchCaseTest/CallChangeDefaultNumberOfDirectMessage" time="10.42" classname="Test Cases/SwitchCaseTest/CallChangeDefaultNumberOfDirectMessage" status="PASSED">
         <system-out><![CDATA[2021-05-30 11:17:05 - [TEST_CASE][PASSED] - Test Cases/SwitchCaseTest/CallChangeDefaultNumberOfDirectMessage: Test Cases/SwitchCaseTest/CallChangeDefaultNumberOfDirectMessage

2021-05-30 11:17:05 - [TEST_STEP][PASSED] - callTestCase(findTestCase("SwitchCaseTest/NumberOfDirectMessages"), ["nMessage":1000], STOP_ON_FAILURE): Call Test Case 'Test Cases/SwitchCaseTest/NumberOfDirectMessages' successfully

2021-05-30 11:17:05 - [TEST_CASE][PASSED] - Test Cases/SwitchCaseTest/NumberOfDirectMessages: Test Cases/SwitchCaseTest/NumberOfDirectMessages

2021-05-30 11:17:05 - [TEST_STEP][PASSED] - callTestCase(findTestCase("Common Test Cases/Login"), ["Username":"nttuan", "Password":"12345678zZ@"], STOP_ON_FAILURE): Call Test Case 'Test Cases/Common Test Cases/Login' successfully

2021-05-30 11:17:05 - [TEST_CASE][PASSED] - Test Cases/Common Test Cases/Login: Test Cases/Common Test Cases/Login

2021-05-30 11:17:05 - [TEST_STEP][PASSED] - openBrowser(""): Browser is opened with url: ''

2021-05-30 11:17:05 - [MESSAGE][INFO] - Starting 'Chrome' driver

2021-05-30 11:17:05 - [MESSAGE][INFO] - Action delay is set to 0 milliseconds

2021-05-30 11:17:07 - [MESSAGE][PASSED] - Browser is opened with url: ''

2021-05-30 11:17:07 - [TEST_STEP][PASSED] - navigateToUrl("https://chudenangcao2021.cf/"): Navigate to 'https://chudenangcao2021.cf/' successfully

2021-05-30 11:17:07 - [MESSAGE][PASSED] - Navigate to 'https://chudenangcao2021.cf/' successfully

2021-05-30 11:17:07 - [TEST_STEP][PASSED] - setText(findTestObject("Object Repository/Page_Mattermost/input_All team communication in one place, _dcc84b"), Username): Text 'nttuan' is set on object 'Object Repository/Page_Mattermost/input_All team communication in one place, _dcc84b'

2021-05-30 11:17:09 - [MESSAGE][PASSED] - Text 'nttuan' is set on object 'Object Repository/Page_Mattermost/input_All team communication in one place, _dcc84b'

2021-05-30 11:17:09 - [TEST_STEP][PASSED] - setText(findTestObject("Object Repository/Page_Mattermost/input_All team communication in one place, _a3edc6"), Password): Text '12345678zZ@' is set on object 'Object Repository/Page_Mattermost/input_All team communication in one place, _a3edc6'

2021-05-30 11:17:09 - [MESSAGE][PASSED] - Text '12345678zZ@' is set on object 'Object Repository/Page_Mattermost/input_All team communication in one place, _a3edc6'

2021-05-30 11:17:09 - [TEST_STEP][PASSED] - click(findTestObject("Object Repository/Page_Mattermost/button_Sign in")): Object: 'Object Repository/Page_Mattermost/button_Sign in' is clicked on

2021-05-30 11:17:10 - [MESSAGE][PASSED] - Object: 'Object Repository/Page_Mattermost/button_Sign in' is clicked on

2021-05-30 11:17:10 - [TEST_STEP][PASSED] - verifyLinksAccessible(["https://chudenangcao2021.cf/cdnc-cnpm-2021/channels"]): All links are accessible

2021-05-30 11:17:10 - [MESSAGE][INFO] - HAR: C:\Users\nttuan\Downloads\CDNC\mattermost-testing\Reports\20210530_111523\Run all test cases\20210530_111523\requests\main\26.har

2021-05-30 11:17:10 - [MESSAGE][PASSED] - Send request successfully

2021-05-30 11:17:10 - [MESSAGE][PASSED] - All links are accessible

2021-05-30 11:17:10 - [MESSAGE][PASSED] - Call Test Case 'Test Cases/Common Test Cases/Login' successfully

2021-05-30 11:17:10 - [TEST_STEP][PASSED] - click(findTestObject("Object Repository/SwitchCase/NumberOfDirectMessages/Page_span_Town Square - TEAM NAME Mattermost/button_nttuan_style--none sidebar-header-dr_897f13")): Object: 'Object Repository/SwitchCase/NumberOfDirectMessages/Page_span_Town Square - TEAM NAME Mattermost/button_nttuan_style--none sidebar-header-dr_897f13' is clicked on

2021-05-30 11:17:11 - [MESSAGE][PASSED] - Object: 'Object Repository/SwitchCase/NumberOfDirectMessages/Page_span_Town Square - TEAM NAME Mattermost/button_nttuan_style--none sidebar-header-dr_897f13' is clicked on

2021-05-30 11:17:11 - [TEST_STEP][PASSED] - click(findTestObject("Object Repository/SwitchCase/NumberOfDirectMessages/Page_span_Town Square - TEAM NAME Mattermost/span_Account Settings")): Object: 'Object Repository/SwitchCase/NumberOfDirectMessages/Page_span_Town Square - TEAM NAME Mattermost/span_Account Settings' is clicked on

2021-05-30 11:17:12 - [MESSAGE][PASSED] - Object: 'Object Repository/SwitchCase/NumberOfDirectMessages/Page_span_Town Square - TEAM NAME Mattermost/span_Account Settings' is clicked on

2021-05-30 11:17:12 - [TEST_STEP][PASSED] - click(findTestObject("Object Repository/SwitchCase/NumberOfDirectMessages/Page_span_Town Square - TEAM NAME Mattermost/button_Sidebar")): Object: 'Object Repository/SwitchCase/NumberOfDirectMessages/Page_span_Town Square - TEAM NAME Mattermost/button_Sidebar' is clicked on

2021-05-30 11:17:13 - [MESSAGE][PASSED] - Object: 'Object Repository/SwitchCase/NumberOfDirectMessages/Page_span_Town Square - TEAM NAME Mattermost/button_Sidebar' is clicked on

2021-05-30 11:17:13 - [TEST_STEP][PASSED] - click(findTestObject("Object Repository/SwitchCase/NumberOfDirectMessages/Page_span_Town Square - TEAM NAME Mattermost/span_Edit")): Object: 'Object Repository/SwitchCase/NumberOfDirectMessages/Page_span_Town Square - TEAM NAME Mattermost/span_Edit' is clicked on

2021-05-30 11:17:13 - [MESSAGE][PASSED] - Object: 'Object Repository/SwitchCase/NumberOfDirectMessages/Page_span_Town Square - TEAM NAME Mattermost/span_Edit' is clicked on

2021-05-30 11:17:13 - [TEST_STEP][PASSED] - click(findTestObject("SwitchCase/NumberOfDirectMessages/Page_span_Town Square - TEAM NAME Mattermost/div_All Direct Messages_css-1thkkgx")): Object: 'Object Repository/SwitchCase/NumberOfDirectMessages/Page_span_Town Square - TEAM NAME Mattermost/div_All Direct Messages_css-1thkkgx' is clicked on

2021-05-30 11:17:14 - [MESSAGE][PASSED] - Object: 'Object Repository/SwitchCase/NumberOfDirectMessages/Page_span_Town Square - TEAM NAME Mattermost/div_All Direct Messages_css-1thkkgx' is clicked on

2021-05-30 11:17:14 - [TEST_STEP][PASSED] - switch (nMessage): Object: 'Object Repository/SwitchCase/NumberOfDirectMessages/Page_span_Town Square - TEAM NAME Mattermost/div_All Direct Messages' is clicked on

2021-05-30 11:17:14 - [TEST_STEP][PASSED] - Default: Object: 'Object Repository/SwitchCase/NumberOfDirectMessages/Page_span_Town Square - TEAM NAME Mattermost/div_All Direct Messages' is clicked on

2021-05-30 11:17:14 - [TEST_STEP][PASSED] - click(findTestObject("Object Repository/SwitchCase/NumberOfDirectMessages/Page_span_Town Square - TEAM NAME Mattermost/div_All Direct Messages")): Object: 'Object Repository/SwitchCase/NumberOfDirectMessages/Page_span_Town Square - TEAM NAME Mattermost/div_All Direct Messages' is clicked on

2021-05-30 11:17:14 - [MESSAGE][PASSED] - Object: 'Object Repository/SwitchCase/NumberOfDirectMessages/Page_span_Town Square - TEAM NAME Mattermost/div_All Direct Messages' is clicked on

2021-05-30 11:17:14 - [TEST_STEP][PASSED] - click(findTestObject("Object Repository/SwitchCase/NumberOfDirectMessages/Page_span_Town Square - TEAM NAME Mattermost/button_Save")): Object: 'Object Repository/SwitchCase/NumberOfDirectMessages/Page_span_Town Square - TEAM NAME Mattermost/button_Save' is clicked on

2021-05-30 11:17:15 - [MESSAGE][PASSED] - Object: 'Object Repository/SwitchCase/NumberOfDirectMessages/Page_span_Town Square - TEAM NAME Mattermost/button_Save' is clicked on

2021-05-30 11:17:15 - [TEST_STEP][PASSED] - closeBrowser(): Browser is closed

2021-05-30 11:17:15 - [MESSAGE][PASSED] - Browser is closed

2021-05-30 11:17:15 - [MESSAGE][PASSED] - Call Test Case 'Test Cases/SwitchCaseTest/NumberOfDirectMessages' successfully]]></system-out>
         <system-err><![CDATA[]]></system-err>
      </testcase>
      <testcase name="Test Cases/SwitchCaseTest/ReplyNotification" time="9.575" classname="Test Cases/SwitchCaseTest/ReplyNotification" status="PASSED">
         <system-out><![CDATA[2021-05-30 11:17:15 - [TEST_CASE][PASSED] - Test Cases/SwitchCaseTest/ReplyNotification: Test Cases/SwitchCaseTest/ReplyNotification

2021-05-30 11:17:16 - [TEST_STEP][PASSED] - callTestCase(findTestCase("Common Test Cases/Login"), ["Username":"nttuan", "Password":"12345678zZ@"], STOP_ON_FAILURE): Call Test Case 'Test Cases/Common Test Cases/Login' successfully

2021-05-30 11:17:16 - [TEST_CASE][PASSED] - Test Cases/Common Test Cases/Login: Test Cases/Common Test Cases/Login

2021-05-30 11:17:16 - [TEST_STEP][PASSED] - openBrowser(""): Browser is opened with url: ''

2021-05-30 11:17:16 - [MESSAGE][INFO] - Starting 'Chrome' driver

2021-05-30 11:17:16 - [MESSAGE][INFO] - Action delay is set to 0 milliseconds

2021-05-30 11:17:17 - [MESSAGE][PASSED] - Browser is opened with url: ''

2021-05-30 11:17:17 - [TEST_STEP][PASSED] - navigateToUrl("https://chudenangcao2021.cf/"): Navigate to 'https://chudenangcao2021.cf/' successfully

2021-05-30 11:17:18 - [MESSAGE][PASSED] - Navigate to 'https://chudenangcao2021.cf/' successfully

2021-05-30 11:17:18 - [TEST_STEP][PASSED] - setText(findTestObject("Object Repository/Page_Mattermost/input_All team communication in one place, _dcc84b"), Username): Text 'nttuan' is set on object 'Object Repository/Page_Mattermost/input_All team communication in one place, _dcc84b'

2021-05-30 11:17:19 - [MESSAGE][PASSED] - Text 'nttuan' is set on object 'Object Repository/Page_Mattermost/input_All team communication in one place, _dcc84b'

2021-05-30 11:17:19 - [TEST_STEP][PASSED] - setText(findTestObject("Object Repository/Page_Mattermost/input_All team communication in one place, _a3edc6"), Password): Text '12345678zZ@' is set on object 'Object Repository/Page_Mattermost/input_All team communication in one place, _a3edc6'

2021-05-30 11:17:20 - [MESSAGE][PASSED] - Text '12345678zZ@' is set on object 'Object Repository/Page_Mattermost/input_All team communication in one place, _a3edc6'

2021-05-30 11:17:20 - [TEST_STEP][PASSED] - click(findTestObject("Object Repository/Page_Mattermost/button_Sign in")): Object: 'Object Repository/Page_Mattermost/button_Sign in' is clicked on

2021-05-30 11:17:20 - [MESSAGE][PASSED] - Object: 'Object Repository/Page_Mattermost/button_Sign in' is clicked on

2021-05-30 11:17:20 - [TEST_STEP][PASSED] - verifyLinksAccessible(["https://chudenangcao2021.cf/cdnc-cnpm-2021/channels"]): All links are accessible

2021-05-30 11:17:20 - [MESSAGE][INFO] - HAR: C:\Users\nttuan\Downloads\CDNC\mattermost-testing\Reports\20210530_111523\Run all test cases\20210530_111523\requests\main\27.har

2021-05-30 11:17:20 - [MESSAGE][PASSED] - Send request successfully

2021-05-30 11:17:20 - [MESSAGE][PASSED] - All links are accessible

2021-05-30 11:17:20 - [MESSAGE][PASSED] - Call Test Case 'Test Cases/Common Test Cases/Login' successfully

2021-05-30 11:17:20 - [TEST_STEP][PASSED] - click(findTestObject("Object Repository/SwitchCase/RelyNotification/Page_span_Town Square - TEAM NAME Mattermost/svg")): Object: 'Object Repository/SwitchCase/RelyNotification/Page_span_Town Square - TEAM NAME Mattermost/svg' is clicked on

2021-05-30 11:17:22 - [MESSAGE][PASSED] - Object: 'Object Repository/SwitchCase/RelyNotification/Page_span_Town Square - TEAM NAME Mattermost/svg' is clicked on

2021-05-30 11:17:22 - [TEST_STEP][PASSED] - click(findTestObject("Object Repository/SwitchCase/RelyNotification/Page_span_Town Square - TEAM NAME Mattermost/button_Account Settings")): Object: 'Object Repository/SwitchCase/RelyNotification/Page_span_Town Square - TEAM NAME Mattermost/button_Account Settings' is clicked on

2021-05-30 11:17:22 - [MESSAGE][PASSED] - Object: 'Object Repository/SwitchCase/RelyNotification/Page_span_Town Square - TEAM NAME Mattermost/button_Account Settings' is clicked on

2021-05-30 11:17:22 - [TEST_STEP][PASSED] - click(findTestObject("Object Repository/SwitchCase/RelyNotification/Page_span_Town Square - TEAM NAME Mattermost/button_Notifications")): Object: 'Object Repository/SwitchCase/RelyNotification/Page_span_Town Square - TEAM NAME Mattermost/button_Notifications' is clicked on

2021-05-30 11:17:23 - [MESSAGE][PASSED] - Object: 'Object Repository/SwitchCase/RelyNotification/Page_span_Town Square - TEAM NAME Mattermost/button_Notifications' is clicked on

2021-05-30 11:17:23 - [TEST_STEP][PASSED] - click(findTestObject("Object Repository/SwitchCase/RelyNotification/Page_span_Town Square - TEAM NAME Mattermost/span_Edit")): Object: 'Object Repository/SwitchCase/RelyNotification/Page_span_Town Square - TEAM NAME Mattermost/span_Edit' is clicked on

2021-05-30 11:17:23 - [MESSAGE][PASSED] - Object: 'Object Repository/SwitchCase/RelyNotification/Page_span_Town Square - TEAM NAME Mattermost/span_Edit' is clicked on

2021-05-30 11:17:23 - [TEST_STEP][PASSED] - switch (replyNotificationType): null

2021-05-30 11:17:23 - [TEST_STEP][PASSED] - case "donot":: null

2021-05-30 11:17:23 - [TEST_STEP][PASSED] - click(findTestObject("Object Repository/SwitchCase/RelyNotification/Page_span_Town Square - TEAM NAME Mattermost/label_Do not trigger notifications on messa_d7ce81")): Object: 'Object Repository/SwitchCase/RelyNotification/Page_span_Town Square - TEAM NAME Mattermost/label_Do not trigger notifications on messa_d7ce81' is clicked on

2021-05-30 11:17:24 - [MESSAGE][PASSED] - Object: 'Object Repository/SwitchCase/RelyNotification/Page_span_Town Square - TEAM NAME Mattermost/label_Do not trigger notifications on messa_d7ce81' is clicked on

2021-05-30 11:17:24 - [TEST_STEP][PASSED] - break: null

2021-05-30 11:17:24 - [TEST_STEP][PASSED] - click(findTestObject("Object Repository/SwitchCase/RelyNotification/Page_span_Town Square - TEAM NAME Mattermost/button_Save")): Object: 'Object Repository/SwitchCase/RelyNotification/Page_span_Town Square - TEAM NAME Mattermost/button_Save' is clicked on

2021-05-30 11:17:24 - [MESSAGE][PASSED] - Object: 'Object Repository/SwitchCase/RelyNotification/Page_span_Town Square - TEAM NAME Mattermost/button_Save' is clicked on

2021-05-30 11:17:24 - [TEST_STEP][PASSED] - closeBrowser(): Browser is closed

2021-05-30 11:17:25 - [MESSAGE][PASSED] - Browser is closed]]></system-out>
         <system-err><![CDATA[]]></system-err>
      </testcase>
      <testcase name="Test Cases/SwitchCaseTest/TeammateNameDisplay" time="11.101" classname="Test Cases/SwitchCaseTest/TeammateNameDisplay" status="PASSED">
         <system-out><![CDATA[2021-05-30 11:17:25 - [TEST_CASE][PASSED] - Test Cases/SwitchCaseTest/TeammateNameDisplay: Test Cases/SwitchCaseTest/TeammateNameDisplay

2021-05-30 11:17:25 - [TEST_STEP][PASSED] - openBrowser(""): Browser is opened with url: ''

2021-05-30 11:17:25 - [MESSAGE][INFO] - Starting 'Chrome' driver

2021-05-30 11:17:25 - [MESSAGE][INFO] - Action delay is set to 0 milliseconds

2021-05-30 11:17:27 - [MESSAGE][PASSED] - Browser is opened with url: ''

2021-05-30 11:17:27 - [TEST_STEP][PASSED] - callTestCase(findTestCase("Test Cases/Common Test Cases/Login"), ["username":username, "password":password], STOP_ON_FAILURE): Call Test Case 'Test Cases/Common Test Cases/Login' successfully

2021-05-30 11:17:27 - [TEST_CASE][PASSED] - Test Cases/Common Test Cases/Login: Test Cases/Common Test Cases/Login

2021-05-30 11:17:27 - [TEST_STEP][PASSED] - openBrowser(""): Browser is opened with url: ''

2021-05-30 11:17:27 - [MESSAGE][WARNING] - A browser is already opened. Closing browser and opening a new one

2021-05-30 11:17:27 - [MESSAGE][INFO] - Starting 'Chrome' driver

2021-05-30 11:17:27 - [MESSAGE][INFO] - Action delay is set to 0 milliseconds

2021-05-30 11:17:29 - [MESSAGE][PASSED] - Browser is opened with url: ''

2021-05-30 11:17:29 - [TEST_STEP][PASSED] - navigateToUrl("https://chudenangcao2021.cf/"): Navigate to 'https://chudenangcao2021.cf/' successfully

2021-05-30 11:17:29 - [MESSAGE][PASSED] - Navigate to 'https://chudenangcao2021.cf/' successfully

2021-05-30 11:17:29 - [TEST_STEP][PASSED] - setText(findTestObject("Object Repository/Page_Mattermost/input_All team communication in one place, _dcc84b"), Username): Text 'Minhvu12918' is set on object 'Object Repository/Page_Mattermost/input_All team communication in one place, _dcc84b'

2021-05-30 11:17:30 - [MESSAGE][PASSED] - Text 'Minhvu12918' is set on object 'Object Repository/Page_Mattermost/input_All team communication in one place, _dcc84b'

2021-05-30 11:17:30 - [TEST_STEP][PASSED] - setText(findTestObject("Object Repository/Page_Mattermost/input_All team communication in one place, _a3edc6"), Password): Text 'Minhvuabc2@' is set on object 'Object Repository/Page_Mattermost/input_All team communication in one place, _a3edc6'

2021-05-30 11:17:31 - [MESSAGE][PASSED] - Text 'Minhvuabc2@' is set on object 'Object Repository/Page_Mattermost/input_All team communication in one place, _a3edc6'

2021-05-30 11:17:31 - [TEST_STEP][PASSED] - click(findTestObject("Object Repository/Page_Mattermost/button_Sign in")): Object: 'Object Repository/Page_Mattermost/button_Sign in' is clicked on

2021-05-30 11:17:32 - [MESSAGE][PASSED] - Object: 'Object Repository/Page_Mattermost/button_Sign in' is clicked on

2021-05-30 11:17:32 - [TEST_STEP][PASSED] - verifyLinksAccessible(["https://chudenangcao2021.cf/cdnc-cnpm-2021/channels"]): All links are accessible

2021-05-30 11:17:32 - [MESSAGE][INFO] - HAR: C:\Users\nttuan\Downloads\CDNC\mattermost-testing\Reports\20210530_111523\Run all test cases\20210530_111523\requests\main\28.har

2021-05-30 11:17:32 - [MESSAGE][PASSED] - Send request successfully

2021-05-30 11:17:32 - [MESSAGE][PASSED] - All links are accessible

2021-05-30 11:17:32 - [MESSAGE][PASSED] - Call Test Case 'Test Cases/Common Test Cases/Login' successfully

2021-05-30 11:17:32 - [TEST_STEP][PASSED] - click(findTestObject("Object Repository/SwitchCase/NotifyEmail/Page_span_Town Square - TEAM NAME Mattermost/span")): Object: 'Object Repository/SwitchCase/NotifyEmail/Page_span_Town Square - TEAM NAME Mattermost/span' is clicked on

2021-05-30 11:17:33 - [MESSAGE][PASSED] - Object: 'Object Repository/SwitchCase/NotifyEmail/Page_span_Town Square - TEAM NAME Mattermost/span' is clicked on

2021-05-30 11:17:33 - [TEST_STEP][PASSED] - click(findTestObject("Object Repository/SwitchCase/NotifyEmail/Page_span_Town Square - TEAM NAME Mattermost/button_Account Settings")): Object: 'Object Repository/SwitchCase/NotifyEmail/Page_span_Town Square - TEAM NAME Mattermost/button_Account Settings' is clicked on

2021-05-30 11:17:34 - [MESSAGE][PASSED] - Object: 'Object Repository/SwitchCase/NotifyEmail/Page_span_Town Square - TEAM NAME Mattermost/button_Account Settings' is clicked on

2021-05-30 11:17:34 - [TEST_STEP][PASSED] - click(findTestObject("Object Repository/SwitchCase/TeamMateName/button_Display")): Object: 'Object Repository/SwitchCase/TeamMateName/button_Display' is clicked on

2021-05-30 11:17:35 - [MESSAGE][PASSED] - Object: 'Object Repository/SwitchCase/TeamMateName/button_Display' is clicked on

2021-05-30 11:17:35 - [TEST_STEP][PASSED] - click(findTestObject("Object Repository/SwitchCase/TeamMateName/div_Teammate Name DisplayEditShow username")): Object: 'Object Repository/SwitchCase/TeamMateName/div_Teammate Name DisplayEditShow username' is clicked on

2021-05-30 11:17:35 - [MESSAGE][PASSED] - Object: 'Object Repository/SwitchCase/TeamMateName/div_Teammate Name DisplayEditShow username' is clicked on

2021-05-30 11:17:35 - [TEST_STEP][PASSED] - show = show: null

2021-05-30 11:17:35 - [TEST_STEP][PASSED] - switch (show): null

2021-05-30 11:17:35 - [TEST_STEP][PASSED] - case "nickname":: null

2021-05-30 11:17:35 - [TEST_STEP][PASSED] - click(findTestObject("Object Repository/SwitchCase/TeamMateName/label_Show nickname if one exists, otherwise show first and last name")): Object: 'Object Repository/SwitchCase/TeamMateName/label_Show nickname if one exists, otherwise show first and last name' is clicked on

2021-05-30 11:17:36 - [MESSAGE][PASSED] - Object: 'Object Repository/SwitchCase/TeamMateName/label_Show nickname if one exists, otherwise show first and last name' is clicked on

2021-05-30 11:17:36 - [TEST_STEP][PASSED] - break: null

2021-05-30 11:17:36 - [TEST_STEP][PASSED] - click(findTestObject("Object Repository/SwitchCase/TeamMateName/button_Save")): Object: 'Object Repository/SwitchCase/TeamMateName/button_Save' is clicked on

2021-05-30 11:17:36 - [MESSAGE][PASSED] - Object: 'Object Repository/SwitchCase/TeamMateName/button_Save' is clicked on]]></system-out>
         <system-err><![CDATA[]]></system-err>
      </testcase>
      <testcase name="Test Cases/Loop/Add members to channel" time="144.737" classname="Test Cases/Loop/Add members to channel" status="PASSED">
         <system-out><![CDATA[2021-05-30 11:17:36 - [TEST_CASE][PASSED] - Test Cases/Loop/Add members to channel: Test Cases/Loop/Add members to channel

2021-05-30 11:17:36 - [TEST_STEP][PASSED] - callTestCase(findTestCase("Common Test Cases/Login"), ["Username":"nttuan", "Password":"12345678zZ@"], STOP_ON_FAILURE): Call Test Case 'Test Cases/Common Test Cases/Login' successfully

2021-05-30 11:17:36 - [TEST_CASE][PASSED] - Test Cases/Common Test Cases/Login: Test Cases/Common Test Cases/Login

2021-05-30 11:17:36 - [TEST_STEP][PASSED] - openBrowser(""): Browser is opened with url: ''

2021-05-30 11:17:36 - [MESSAGE][WARNING] - A browser is already opened. Closing browser and opening a new one

2021-05-30 11:17:37 - [MESSAGE][INFO] - Starting 'Chrome' driver

2021-05-30 11:17:37 - [MESSAGE][INFO] - Action delay is set to 0 milliseconds

2021-05-30 11:17:38 - [MESSAGE][PASSED] - Browser is opened with url: ''

2021-05-30 11:17:38 - [TEST_STEP][PASSED] - navigateToUrl("https://chudenangcao2021.cf/"): Navigate to 'https://chudenangcao2021.cf/' successfully

2021-05-30 11:17:39 - [MESSAGE][PASSED] - Navigate to 'https://chudenangcao2021.cf/' successfully

2021-05-30 11:17:39 - [TEST_STEP][PASSED] - setText(findTestObject("Object Repository/Page_Mattermost/input_All team communication in one place, _dcc84b"), Username): Text 'nttuan' is set on object 'Object Repository/Page_Mattermost/input_All team communication in one place, _dcc84b'

2021-05-30 11:17:40 - [MESSAGE][PASSED] - Text 'nttuan' is set on object 'Object Repository/Page_Mattermost/input_All team communication in one place, _dcc84b'

2021-05-30 11:17:40 - [TEST_STEP][PASSED] - setText(findTestObject("Object Repository/Page_Mattermost/input_All team communication in one place, _a3edc6"), Password): Text '12345678zZ@' is set on object 'Object Repository/Page_Mattermost/input_All team communication in one place, _a3edc6'

2021-05-30 11:17:41 - [MESSAGE][PASSED] - Text '12345678zZ@' is set on object 'Object Repository/Page_Mattermost/input_All team communication in one place, _a3edc6'

2021-05-30 11:17:41 - [TEST_STEP][PASSED] - click(findTestObject("Object Repository/Page_Mattermost/button_Sign in")): Object: 'Object Repository/Page_Mattermost/button_Sign in' is clicked on

2021-05-30 11:17:42 - [MESSAGE][PASSED] - Object: 'Object Repository/Page_Mattermost/button_Sign in' is clicked on

2021-05-30 11:17:42 - [TEST_STEP][PASSED] - verifyLinksAccessible(["https://chudenangcao2021.cf/cdnc-cnpm-2021/channels"]): All links are accessible

2021-05-30 11:17:42 - [MESSAGE][INFO] - HAR: C:\Users\nttuan\Downloads\CDNC\mattermost-testing\Reports\20210530_111523\Run all test cases\20210530_111523\requests\main\29.har

2021-05-30 11:17:42 - [MESSAGE][PASSED] - Send request successfully

2021-05-30 11:17:42 - [MESSAGE][PASSED] - All links are accessible

2021-05-30 11:17:42 - [MESSAGE][PASSED] - Call Test Case 'Test Cases/Common Test Cases/Login' successfully

2021-05-30 11:17:42 - [TEST_STEP][PASSED] - click(findTestObject("ChanelMember/Page_Channel to test add  remove members - TEAM NAME Mattermost/span_Channel to test add  remove members")): Object: 'Object Repository/ChanelMember/Page_Channel to test add  remove members - TEAM NAME Mattermost/span_Channel to test add  remove members' is clicked on

2021-05-30 11:17:43 - [MESSAGE][PASSED] - Object: 'Object Repository/ChanelMember/Page_Channel to test add  remove members - TEAM NAME Mattermost/span_Channel to test add  remove members' is clicked on

2021-05-30 11:17:43 - [TEST_STEP][PASSED] - usernames = Arrays.asList("cxtuan", "nguyenvana", "nguyenvanb"): null

2021-05-30 11:17:43 - [TEST_STEP][FAILED] - for ([i = 0, i < usernames.size(), (i++)]): null

2021-05-30 11:17:43 - [TEST_STEP][PASSED] - username = usernames.get(i): null

2021-05-30 11:17:43 - [TEST_STEP][PASSED] - click(findTestObject("Object Repository/ChanelMember/Page_Channel to test add  remove members - _a376a4/span_Channel to test add  remove members")): Object: 'Object Repository/ChanelMember/Page_Channel to test add  remove members - _a376a4/span_Channel to test add  remove members' is clicked on

2021-05-30 11:17:44 - [MESSAGE][PASSED] - Object: 'Object Repository/ChanelMember/Page_Channel to test add  remove members - _a376a4/span_Channel to test add  remove members' is clicked on

2021-05-30 11:17:44 - [TEST_STEP][PASSED] - click(findTestObject("Object Repository/ChanelMember/Page_Channel to test add  remove members - _a376a4/span_Add Members")): Object: 'Object Repository/ChanelMember/Page_Channel to test add  remove members - _a376a4/span_Add Members' is clicked on

2021-05-30 11:17:45 - [MESSAGE][PASSED] - Object: 'Object Repository/ChanelMember/Page_Channel to test add  remove members - _a376a4/span_Add Members' is clicked on

2021-05-30 11:17:45 - [TEST_STEP][PASSED] - click(findTestObject("ChanelMember/Page_Channel to test add  remove members - _a376a4/div_Search for people")): Object: 'Object Repository/ChanelMember/Page_Channel to test add  remove members - _a376a4/div_Search for people' is clicked on

2021-05-30 11:17:46 - [MESSAGE][PASSED] - Object: 'Object Repository/ChanelMember/Page_Channel to test add  remove members - _a376a4/div_Search for people' is clicked on

2021-05-30 11:17:46 - [TEST_STEP][PASSED] - setText(findTestObject("Object Repository/ChanelMember/Page_Channel to test add  remove members - _a376a4/input_Search for people_react-select-2-input"), username): Text 'cxtuan' is set on object 'Object Repository/ChanelMember/Page_Channel to test add  remove members - _a376a4/input_Search for people_react-select-2-input'

2021-05-30 11:17:46 - [MESSAGE][PASSED] - Text 'cxtuan' is set on object 'Object Repository/ChanelMember/Page_Channel to test add  remove members - _a376a4/input_Search for people_react-select-2-input'

2021-05-30 11:17:46 - [TEST_STEP][FAILED] - try: Unable to send keys '' to object 'Object Repository/ChanelMember/Page_Channel to test add  remove members - _a376a4/div_Search for people' (Root cause: com.kms.katalon.core.exception.StepFailedException: Unable to send keys '' to object 'Object Repository/ChanelMember/Page_Channel to test add  remove members - _a376a4/div_Search for people'
	at com.kms.katalon.core.webui.keyword.internal.WebUIKeywordMain.stepFailed(WebUIKeywordMain.groovy:64)
	at com.kms.katalon.core.webui.keyword.internal.WebUIKeywordMain.runKeyword(WebUIKeywordMain.groovy:26)
	at com.kms.katalon.core.webui.keyword.builtin.SendKeysKeyword.sendKeys(SendKeysKeyword.groovy:60)
	at com.kms.katalon.core.webui.keyword.builtin.SendKeysKeyword.execute(SendKeysKeyword.groovy:38)
	at com.kms.katalon.core.keyword.internal.KeywordExecutor.executeKeywordForPlatform(KeywordExecutor.groovy:73)
	at com.kms.katalon.core.webui.keyword.WebUiBuiltInKeywords.sendKeys(WebUiBuiltInKeywords.groovy:863)
	at com.kms.katalon.core.webui.keyword.WebUiBuiltInKeywords$sendKeys$7.call(Unknown Source)
	at Add members to channel.run(Add members to channel:44)
	at com.kms.katalon.core.main.ScriptEngine.run(ScriptEngine.java:194)
	at com.kms.katalon.core.main.ScriptEngine.runScriptAsRawText(ScriptEngine.java:119)
	at com.kms.katalon.core.main.TestCaseExecutor.runScript(TestCaseExecutor.java:398)
	at com.kms.katalon.core.main.TestCaseExecutor.doExecute(TestCaseExecutor.java:389)
	at com.kms.katalon.core.main.TestCaseExecutor.processExecutionPhase(TestCaseExecutor.java:368)
	at com.kms.katalon.core.main.TestCaseExecutor.accessMainPhase(TestCaseExecutor.java:360)
	at com.kms.katalon.core.main.TestCaseExecutor.execute(TestCaseExecutor.java:255)
	at com.kms.katalon.core.main.TestSuiteExecutor.accessTestCaseMainPhase(TestSuiteExecutor.java:203)
	at com.kms.katalon.core.main.TestSuiteExecutor.accessTestSuiteMainPhase(TestSuiteExecutor.java:152)
	at com.kms.katalon.core.main.TestSuiteExecutor.execute(TestSuiteExecutor.java:95)
	at com.kms.katalon.core.main.TestCaseMain.startTestSuite(TestCaseMain.java:157)
	at com.kms.katalon.core.main.TestCaseMain$startTestSuite$0.call(Unknown Source)
	at TempTestSuite1622373323128.run(TempTestSuite1622373323128.groovy:39)
Caused by: org.openqa.selenium.ElementNotInteractableException: element not interactable
  (Session info: chrome=91.0.4472.77)
Build info: version: '3.141.59', revision: 'e82be7d358', time: '2018-11-14T08:25:53'
System info: host: 'WIN-SERVER-2019', ip: '10.1.0.4', os.name: 'Windows Server 2019', os.arch: 'amd64', os.version: '10.0', java.version: '1.8.0_282'
Driver info: com.kms.katalon.selenium.driver.CChromeDriver
Capabilities {acceptInsecureCerts: false, browserName: chrome, browserVersion: 91.0.4472.77, chrome: {chromedriverVersion: 90.0.4430.24 (4c6d850f087da..., userDataDir: C:\Users\nttuan\AppData\Loc...}, goog:chromeOptions: {debuggerAddress: localhost:52757}, javascriptEnabled: true, networkConnectionEnabled: false, pageLoadStrategy: normal, platform: WINDOWS, platformName: WINDOWS, proxy: Proxy(), setWindowRect: true, strictFileInteractability: false, timeouts: {implicit: 0, pageLoad: 300000, script: 30000}, unhandledPromptBehavior: dismiss and notify, webauthn:extension:largeBlob: true, webauthn:virtualAuthenticators: true}
Session ID: 24266aa62190c731be24e84324b3951f
	at org.openqa.selenium.remote.http.W3CHttpResponseCodec.createException(W3CHttpResponseCodec.java:187)
	at org.openqa.selenium.remote.http.W3CHttpResponseCodec.decode(W3CHttpResponseCodec.java:122)
	at org.openqa.selenium.remote.http.W3CHttpResponseCodec.decode(W3CHttpResponseCodec.java:49)
	at org.openqa.selenium.remote.HttpCommandExecutor.execute(HttpCommandExecutor.java:158)
	at org.openqa.selenium.remote.service.DriverCommandExecutor.execute(DriverCommandExecutor.java:83)
	at org.openqa.selenium.remote.RemoteWebDriver.execute(RemoteWebDriver.java:552)
	at com.kms.katalon.selenium.driver.CChromeDriver.execute(CChromeDriver.java:19)
	at org.openqa.selenium.remote.RemoteWebElement.execute(RemoteWebElement.java:285)
	at org.openqa.selenium.remote.RemoteWebElement.sendKeys(RemoteWebElement.java:106)
	at org.openqa.selenium.support.events.EventFiringWebDriver$EventFiringWebElement.lambda$new$0(EventFiringWebDriver.java:404)
	at com.sun.proxy.$Proxy17.sendKeys(Unknown Source)
	at org.openqa.selenium.support.events.EventFiringWebDriver$EventFiringWebElement.sendKeys(EventFiringWebDriver.java:429)
	at com.kms.katalon.core.webui.keyword.builtin.SendKeysKeyword$_sendKeys_closure1.doCall(SendKeysKeyword.groovy:53)
	at com.kms.katalon.core.webui.keyword.builtin.SendKeysKeyword$_sendKeys_closure1.call(SendKeysKeyword.groovy)
	at com.kms.katalon.core.webui.keyword.internal.WebUIKeywordMain.runKeyword(WebUIKeywordMain.groovy:20)
	at com.kms.katalon.core.webui.keyword.builtin.SendKeysKeyword.sendKeys(SendKeysKeyword.groovy:60)
	at com.kms.katalon.core.webui.keyword.builtin.SendKeysKeyword.execute(SendKeysKeyword.groovy:38)
	at com.kms.katalon.core.keyword.internal.KeywordExecutor.executeKeywordForPlatform(KeywordExecutor.groovy:73)
	at com.kms.katalon.core.webui.keyword.WebUiBuiltInKeywords.sendKeys(WebUiBuiltInKeywords.groovy:863)
	at com.kms.katalon.core.webui.keyword.WebUiBuiltInKeywords$sendKeys$7.call(Unknown Source)
	at Script1622167440372.run(Script1622167440372.groovy:44)
	... 13 more
)

2021-05-30 11:17:46 - [TEST_STEP][PASSED] - verifyTextNotPresent("No results found matching", false): Text 'No results found matching' is not present on page

2021-05-30 11:17:47 - [MESSAGE][PASSED] - Text 'No results found matching' is not present on page

2021-05-30 11:17:47 - [TEST_STEP][FAILED] - sendKeys(findTestObject("ChanelMember/Page_Channel to test add  remove members - _a376a4/div_Search for people"), Keys.chord(ENTER)): Unable to send keys '' to object 'Object Repository/ChanelMember/Page_Channel to test add  remove members - _a376a4/div_Search for people' (Root cause: com.kms.katalon.core.exception.StepFailedException: Unable to send keys '' to object 'Object Repository/ChanelMember/Page_Channel to test add  remove members - _a376a4/div_Search for people'
	at com.kms.katalon.core.webui.keyword.internal.WebUIKeywordMain.stepFailed(WebUIKeywordMain.groovy:64)
	at com.kms.katalon.core.webui.keyword.internal.WebUIKeywordMain.runKeyword(WebUIKeywordMain.groovy:26)
	at com.kms.katalon.core.webui.keyword.builtin.SendKeysKeyword.sendKeys(SendKeysKeyword.groovy:60)
	at com.kms.katalon.core.webui.keyword.builtin.SendKeysKeyword.execute(SendKeysKeyword.groovy:38)
	at com.kms.katalon.core.keyword.internal.KeywordExecutor.executeKeywordForPlatform(KeywordExecutor.groovy:73)
	at com.kms.katalon.core.webui.keyword.WebUiBuiltInKeywords.sendKeys(WebUiBuiltInKeywords.groovy:863)
	at com.kms.katalon.core.webui.keyword.WebUiBuiltInKeywords$sendKeys$7.call(Unknown Source)
	at Add members to channel.run(Add members to channel:44)
	at com.kms.katalon.core.main.ScriptEngine.run(ScriptEngine.java:194)
	at com.kms.katalon.core.main.ScriptEngine.runScriptAsRawText(ScriptEngine.java:119)
	at com.kms.katalon.core.main.TestCaseExecutor.runScript(TestCaseExecutor.java:398)
	at com.kms.katalon.core.main.TestCaseExecutor.doExecute(TestCaseExecutor.java:389)
	at com.kms.katalon.core.main.TestCaseExecutor.processExecutionPhase(TestCaseExecutor.java:368)
	at com.kms.katalon.core.main.TestCaseExecutor.accessMainPhase(TestCaseExecutor.java:360)
	at com.kms.katalon.core.main.TestCaseExecutor.execute(TestCaseExecutor.java:255)
	at com.kms.katalon.core.main.TestSuiteExecutor.accessTestCaseMainPhase(TestSuiteExecutor.java:203)
	at com.kms.katalon.core.main.TestSuiteExecutor.accessTestSuiteMainPhase(TestSuiteExecutor.java:152)
	at com.kms.katalon.core.main.TestSuiteExecutor.execute(TestSuiteExecutor.java:95)
	at com.kms.katalon.core.main.TestCaseMain.startTestSuite(TestCaseMain.java:157)
	at com.kms.katalon.core.main.TestCaseMain$startTestSuite$0.call(Unknown Source)
	at TempTestSuite1622373323128.run(TempTestSuite1622373323128.groovy:39)
Caused by: org.openqa.selenium.ElementNotInteractableException: element not interactable
  (Session info: chrome=91.0.4472.77)
Build info: version: '3.141.59', revision: 'e82be7d358', time: '2018-11-14T08:25:53'
System info: host: 'WIN-SERVER-2019', ip: '10.1.0.4', os.name: 'Windows Server 2019', os.arch: 'amd64', os.version: '10.0', java.version: '1.8.0_282'
Driver info: com.kms.katalon.selenium.driver.CChromeDriver
Capabilities {acceptInsecureCerts: false, browserName: chrome, browserVersion: 91.0.4472.77, chrome: {chromedriverVersion: 90.0.4430.24 (4c6d850f087da..., userDataDir: C:\Users\nttuan\AppData\Loc...}, goog:chromeOptions: {debuggerAddress: localhost:52757}, javascriptEnabled: true, networkConnectionEnabled: false, pageLoadStrategy: normal, platform: WINDOWS, platformName: WINDOWS, proxy: Proxy(), setWindowRect: true, strictFileInteractability: false, timeouts: {implicit: 0, pageLoad: 300000, script: 30000}, unhandledPromptBehavior: dismiss and notify, webauthn:extension:largeBlob: true, webauthn:virtualAuthenticators: true}
Session ID: 24266aa62190c731be24e84324b3951f
	at org.openqa.selenium.remote.http.W3CHttpResponseCodec.createException(W3CHttpResponseCodec.java:187)
	at org.openqa.selenium.remote.http.W3CHttpResponseCodec.decode(W3CHttpResponseCodec.java:122)
	at org.openqa.selenium.remote.http.W3CHttpResponseCodec.decode(W3CHttpResponseCodec.java:49)
	at org.openqa.selenium.remote.HttpCommandExecutor.execute(HttpCommandExecutor.java:158)
	at org.openqa.selenium.remote.service.DriverCommandExecutor.execute(DriverCommandExecutor.java:83)
	at org.openqa.selenium.remote.RemoteWebDriver.execute(RemoteWebDriver.java:552)
	at com.kms.katalon.selenium.driver.CChromeDriver.execute(CChromeDriver.java:19)
	at org.openqa.selenium.remote.RemoteWebElement.execute(RemoteWebElement.java:285)
	at org.openqa.selenium.remote.RemoteWebElement.sendKeys(RemoteWebElement.java:106)
	at org.openqa.selenium.support.events.EventFiringWebDriver$EventFiringWebElement.lambda$new$0(EventFiringWebDriver.java:404)
	at com.sun.proxy.$Proxy17.sendKeys(Unknown Source)
	at org.openqa.selenium.support.events.EventFiringWebDriver$EventFiringWebElement.sendKeys(EventFiringWebDriver.java:429)
	at com.kms.katalon.core.webui.keyword.builtin.SendKeysKeyword$_sendKeys_closure1.doCall(SendKeysKeyword.groovy:53)
	at com.kms.katalon.core.webui.keyword.builtin.SendKeysKeyword$_sendKeys_closure1.call(SendKeysKeyword.groovy)
	at com.kms.katalon.core.webui.keyword.internal.WebUIKeywordMain.runKeyword(WebUIKeywordMain.groovy:20)
	at com.kms.katalon.core.webui.keyword.builtin.SendKeysKeyword.sendKeys(SendKeysKeyword.groovy:60)
	at com.kms.katalon.core.webui.keyword.builtin.SendKeysKeyword.execute(SendKeysKeyword.groovy:38)
	at com.kms.katalon.core.keyword.internal.KeywordExecutor.executeKeywordForPlatform(KeywordExecutor.groovy:73)
	at com.kms.katalon.core.webui.keyword.WebUiBuiltInKeywords.sendKeys(WebUiBuiltInKeywords.groovy:863)
	at com.kms.katalon.core.webui.keyword.WebUiBuiltInKeywords$sendKeys$7.call(Unknown Source)
	at Script1622167440372.run(Script1622167440372.groovy:44)
	... 13 more
)

2021-05-30 11:17:48 - [MESSAGE][FAILED] - Unable to send keys '' to object 'Object Repository/ChanelMember/Page_Channel to test add  remove members - _a376a4/div_Search for people' (Root cause: com.kms.katalon.core.exception.StepFailedException: Unable to send keys '' to object 'Object Repository/ChanelMember/Page_Channel to test add  remove members - _a376a4/div_Search for people'
	at com.kms.katalon.core.webui.keyword.internal.WebUIKeywordMain.stepFailed(WebUIKeywordMain.groovy:64)
	at com.kms.katalon.core.webui.keyword.internal.WebUIKeywordMain.runKeyword(WebUIKeywordMain.groovy:26)
	at com.kms.katalon.core.webui.keyword.builtin.SendKeysKeyword.sendKeys(SendKeysKeyword.groovy:60)
	at com.kms.katalon.core.webui.keyword.builtin.SendKeysKeyword.execute(SendKeysKeyword.groovy:38)
	at com.kms.katalon.core.keyword.internal.KeywordExecutor.executeKeywordForPlatform(KeywordExecutor.groovy:73)
	at com.kms.katalon.core.webui.keyword.WebUiBuiltInKeywords.sendKeys(WebUiBuiltInKeywords.groovy:863)
	at com.kms.katalon.core.webui.keyword.WebUiBuiltInKeywords$sendKeys$7.call(Unknown Source)
	at Add members to channel.run(Add members to channel:44)
	at com.kms.katalon.core.main.ScriptEngine.run(ScriptEngine.java:194)
	at com.kms.katalon.core.main.ScriptEngine.runScriptAsRawText(ScriptEngine.java:119)
	at com.kms.katalon.core.main.TestCaseExecutor.runScript(TestCaseExecutor.java:398)
	at com.kms.katalon.core.main.TestCaseExecutor.doExecute(TestCaseExecutor.java:389)
	at com.kms.katalon.core.main.TestCaseExecutor.processExecutionPhase(TestCaseExecutor.java:368)
	at com.kms.katalon.core.main.TestCaseExecutor.accessMainPhase(TestCaseExecutor.java:360)
	at com.kms.katalon.core.main.TestCaseExecutor.execute(TestCaseExecutor.java:255)
	at com.kms.katalon.core.main.TestSuiteExecutor.accessTestCaseMainPhase(TestSuiteExecutor.java:203)
	at com.kms.katalon.core.main.TestSuiteExecutor.accessTestSuiteMainPhase(TestSuiteExecutor.java:152)
	at com.kms.katalon.core.main.TestSuiteExecutor.execute(TestSuiteExecutor.java:95)
	at com.kms.katalon.core.main.TestCaseMain.startTestSuite(TestCaseMain.java:157)
	at com.kms.katalon.core.main.TestCaseMain$startTestSuite$0.call(Unknown Source)
	at TempTestSuite1622373323128.run(TempTestSuite1622373323128.groovy:39)
Caused by: org.openqa.selenium.ElementNotInteractableException: element not interactable
  (Session info: chrome=91.0.4472.77)
Build info: version: '3.141.59', revision: 'e82be7d358', time: '2018-11-14T08:25:53'
System info: host: 'WIN-SERVER-2019', ip: '10.1.0.4', os.name: 'Windows Server 2019', os.arch: 'amd64', os.version: '10.0', java.version: '1.8.0_282'
Driver info: com.kms.katalon.selenium.driver.CChromeDriver
Capabilities {acceptInsecureCerts: false, browserName: chrome, browserVersion: 91.0.4472.77, chrome: {chromedriverVersion: 90.0.4430.24 (4c6d850f087da..., userDataDir: C:\Users\nttuan\AppData\Loc...}, goog:chromeOptions: {debuggerAddress: localhost:52757}, javascriptEnabled: true, networkConnectionEnabled: false, pageLoadStrategy: normal, platform: WINDOWS, platformName: WINDOWS, proxy: Proxy(), setWindowRect: true, strictFileInteractability: false, timeouts: {implicit: 0, pageLoad: 300000, script: 30000}, unhandledPromptBehavior: dismiss and notify, webauthn:extension:largeBlob: true, webauthn:virtualAuthenticators: true}
Session ID: 24266aa62190c731be24e84324b3951f
	at org.openqa.selenium.remote.http.W3CHttpResponseCodec.createException(W3CHttpResponseCodec.java:187)
	at org.openqa.selenium.remote.http.W3CHttpResponseCodec.decode(W3CHttpResponseCodec.java:122)
	at org.openqa.selenium.remote.http.W3CHttpResponseCodec.decode(W3CHttpResponseCodec.java:49)
	at org.openqa.selenium.remote.HttpCommandExecutor.execute(HttpCommandExecutor.java:158)
	at org.openqa.selenium.remote.service.DriverCommandExecutor.execute(DriverCommandExecutor.java:83)
	at org.openqa.selenium.remote.RemoteWebDriver.execute(RemoteWebDriver.java:552)
	at com.kms.katalon.selenium.driver.CChromeDriver.execute(CChromeDriver.java:19)
	at org.openqa.selenium.remote.RemoteWebElement.execute(RemoteWebElement.java:285)
	at org.openqa.selenium.remote.RemoteWebElement.sendKeys(RemoteWebElement.java:106)
	at org.openqa.selenium.support.events.EventFiringWebDriver$EventFiringWebElement.lambda$new$0(EventFiringWebDriver.java:404)
	at com.sun.proxy.$Proxy17.sendKeys(Unknown Source)
	at org.openqa.selenium.support.events.EventFiringWebDriver$EventFiringWebElement.sendKeys(EventFiringWebDriver.java:429)
	at com.kms.katalon.core.webui.keyword.builtin.SendKeysKeyword$_sendKeys_closure1.doCall(SendKeysKeyword.groovy:53)
	at com.kms.katalon.core.webui.keyword.builtin.SendKeysKeyword$_sendKeys_closure1.call(SendKeysKeyword.groovy)
	at com.kms.katalon.core.webui.keyword.internal.WebUIKeywordMain.runKeyword(WebUIKeywordMain.groovy:20)
	at com.kms.katalon.core.webui.keyword.builtin.SendKeysKeyword.sendKeys(SendKeysKeyword.groovy:60)
	at com.kms.katalon.core.webui.keyword.builtin.SendKeysKeyword.execute(SendKeysKeyword.groovy:38)
	at com.kms.katalon.core.keyword.internal.KeywordExecutor.executeKeywordForPlatform(KeywordExecutor.groovy:73)
	at com.kms.katalon.core.webui.keyword.WebUiBuiltInKeywords.sendKeys(WebUiBuiltInKeywords.groovy:863)
	at com.kms.katalon.core.webui.keyword.WebUiBuiltInKeywords$sendKeys$7.call(Unknown Source)
	at Script1622167440372.run(Script1622167440372.groovy:44)
	... 13 more
)
[[ATTACHMENT|C:\\Users\\nttuan\\Downloads\\CDNC\\mattermost-testing\\Reports\\20210530_111523\\Run all test cases\\20210530_111523\\1622373468076.png]]

2021-05-30 11:17:48 - [TEST_STEP][PASSED] - catch (Exception e): Object: 'Object Repository/ChanelMember/Page_Channel to test add  remove members - TEAM NAME Mattermost/div_CloseAdd search' is clicked on

2021-05-30 11:17:48 - [TEST_STEP][PASSED] - click(findTestObject("ChanelMember/Page_Channel to test add  remove members - TEAM NAME Mattermost/div_CloseAdd search")): Object: 'Object Repository/ChanelMember/Page_Channel to test add  remove members - TEAM NAME Mattermost/div_CloseAdd search' is clicked on

2021-05-30 11:17:48 - [MESSAGE][PASSED] - Object: 'Object Repository/ChanelMember/Page_Channel to test add  remove members - TEAM NAME Mattermost/div_CloseAdd search' is clicked on

2021-05-30 11:17:48 - [TEST_STEP][PASSED] - username = usernames.get(i): null

2021-05-30 11:17:48 - [TEST_STEP][PASSED] - click(findTestObject("Object Repository/ChanelMember/Page_Channel to test add  remove members - _a376a4/span_Channel to test add  remove members")): Object: 'Object Repository/ChanelMember/Page_Channel to test add  remove members - _a376a4/span_Channel to test add  remove members' is clicked on

2021-05-30 11:17:48 - [MESSAGE][PASSED] - Object: 'Object Repository/ChanelMember/Page_Channel to test add  remove members - _a376a4/span_Channel to test add  remove members' is clicked on

2021-05-30 11:17:48 - [TEST_STEP][PASSED] - click(findTestObject("Object Repository/ChanelMember/Page_Channel to test add  remove members - _a376a4/span_Add Members")): Object: 'Object Repository/ChanelMember/Page_Channel to test add  remove members - _a376a4/span_Add Members' is clicked on

2021-05-30 11:17:49 - [MESSAGE][PASSED] - Object: 'Object Repository/ChanelMember/Page_Channel to test add  remove members - _a376a4/span_Add Members' is clicked on

2021-05-30 11:17:49 - [TEST_STEP][PASSED] - click(findTestObject("ChanelMember/Page_Channel to test add  remove members - _a376a4/div_Search for people")): Object: 'Object Repository/ChanelMember/Page_Channel to test add  remove members - _a376a4/div_Search for people' is clicked on

2021-05-30 11:17:50 - [MESSAGE][PASSED] - Object: 'Object Repository/ChanelMember/Page_Channel to test add  remove members - _a376a4/div_Search for people' is clicked on

2021-05-30 11:17:50 - [TEST_STEP][PASSED] - setText(findTestObject("Object Repository/ChanelMember/Page_Channel to test add  remove members - _a376a4/input_Search for people_react-select-2-input"), username): Text 'nguyenvana' is set on object 'Object Repository/ChanelMember/Page_Channel to test add  remove members - _a376a4/input_Search for people_react-select-2-input'

2021-05-30 11:18:21 - [MESSAGE][INFO] - Unable to find the element located by 'By.xpath: //input[@id='react-select-2-input']'. Please recheck the objects properties to make sure the desired element is located. 

2021-05-30 11:18:21 - [MESSAGE][WARNING] - [SELF-HEALING] Failed to find element with id 'Object Repository/ChanelMember/Page_Channel to test add  remove members - _a376a4/input_Search for people_react-select-2-input'. Try using Self-healing.

2021-05-30 11:18:21 - [MESSAGE][WARNING] - [SELF-HEALING] The current locator of test object 'Object Repository/ChanelMember/Page_Channel to test add  remove members - _a376a4/input_Search for people_react-select-2-input' was broken. Propose an alternative one: '//div[@id='selectItems']/div/div/div[2]/div/input'.

2021-05-30 11:18:52 - [MESSAGE][INFO] - Unable to find the element located by 'By.xpath: //input[@id='react-select-2-input']'. Please recheck the objects properties to make sure the desired element is located. 

2021-05-30 11:18:52 - [MESSAGE][WARNING] - [SELF-HEALING] Failed to find element with id 'Object Repository/ChanelMember/Page_Channel to test add  remove members - _a376a4/input_Search for people_react-select-2-input'. Try using Self-healing.

2021-05-30 11:18:52 - [MESSAGE][WARNING] - [SELF-HEALING] The current locator of test object 'Object Repository/ChanelMember/Page_Channel to test add  remove members - _a376a4/input_Search for people_react-select-2-input' was broken. Propose an alternative one: '//div[@id='selectItems']/div/div/div[2]/div/input'.

2021-05-30 11:18:52 - [MESSAGE][PASSED] - Text 'nguyenvana' is set on object 'Object Repository/ChanelMember/Page_Channel to test add  remove members - _a376a4/input_Search for people_react-select-2-input'

2021-05-30 11:18:52 - [TEST_STEP][FAILED] - try: Unable to send keys '' to object 'Object Repository/ChanelMember/Page_Channel to test add  remove members - _a376a4/div_Search for people' (Root cause: com.kms.katalon.core.exception.StepFailedException: Unable to send keys '' to object 'Object Repository/ChanelMember/Page_Channel to test add  remove members - _a376a4/div_Search for people'
	at com.kms.katalon.core.webui.keyword.internal.WebUIKeywordMain.stepFailed(WebUIKeywordMain.groovy:64)
	at com.kms.katalon.core.webui.keyword.internal.WebUIKeywordMain.runKeyword(WebUIKeywordMain.groovy:26)
	at com.kms.katalon.core.webui.keyword.builtin.SendKeysKeyword.sendKeys(SendKeysKeyword.groovy:60)
	at com.kms.katalon.core.webui.keyword.builtin.SendKeysKeyword.execute(SendKeysKeyword.groovy:38)
	at com.kms.katalon.core.keyword.internal.KeywordExecutor.executeKeywordForPlatform(KeywordExecutor.groovy:73)
	at com.kms.katalon.core.webui.keyword.WebUiBuiltInKeywords.sendKeys(WebUiBuiltInKeywords.groovy:863)
	at com.kms.katalon.core.webui.keyword.WebUiBuiltInKeywords$sendKeys$7.call(Unknown Source)
	at Add members to channel.run(Add members to channel:44)
	at com.kms.katalon.core.main.ScriptEngine.run(ScriptEngine.java:194)
	at com.kms.katalon.core.main.ScriptEngine.runScriptAsRawText(ScriptEngine.java:119)
	at com.kms.katalon.core.main.TestCaseExecutor.runScript(TestCaseExecutor.java:398)
	at com.kms.katalon.core.main.TestCaseExecutor.doExecute(TestCaseExecutor.java:389)
	at com.kms.katalon.core.main.TestCaseExecutor.processExecutionPhase(TestCaseExecutor.java:368)
	at com.kms.katalon.core.main.TestCaseExecutor.accessMainPhase(TestCaseExecutor.java:360)
	at com.kms.katalon.core.main.TestCaseExecutor.execute(TestCaseExecutor.java:255)
	at com.kms.katalon.core.main.TestSuiteExecutor.accessTestCaseMainPhase(TestSuiteExecutor.java:203)
	at com.kms.katalon.core.main.TestSuiteExecutor.accessTestSuiteMainPhase(TestSuiteExecutor.java:152)
	at com.kms.katalon.core.main.TestSuiteExecutor.execute(TestSuiteExecutor.java:95)
	at com.kms.katalon.core.main.TestCaseMain.startTestSuite(TestCaseMain.java:157)
	at com.kms.katalon.core.main.TestCaseMain$startTestSuite$0.call(Unknown Source)
	at TempTestSuite1622373323128.run(TempTestSuite1622373323128.groovy:39)
Caused by: org.openqa.selenium.ElementNotInteractableException: element not interactable
  (Session info: chrome=91.0.4472.77)
Build info: version: '3.141.59', revision: 'e82be7d358', time: '2018-11-14T08:25:53'
System info: host: 'WIN-SERVER-2019', ip: '10.1.0.4', os.name: 'Windows Server 2019', os.arch: 'amd64', os.version: '10.0', java.version: '1.8.0_282'
Driver info: com.kms.katalon.selenium.driver.CChromeDriver
Capabilities {acceptInsecureCerts: false, browserName: chrome, browserVersion: 91.0.4472.77, chrome: {chromedriverVersion: 90.0.4430.24 (4c6d850f087da..., userDataDir: C:\Users\nttuan\AppData\Loc...}, goog:chromeOptions: {debuggerAddress: localhost:52757}, javascriptEnabled: true, networkConnectionEnabled: false, pageLoadStrategy: normal, platform: WINDOWS, platformName: WINDOWS, proxy: Proxy(), setWindowRect: true, strictFileInteractability: false, timeouts: {implicit: 0, pageLoad: 300000, script: 30000}, unhandledPromptBehavior: dismiss and notify, webauthn:extension:largeBlob: true, webauthn:virtualAuthenticators: true}
Session ID: 24266aa62190c731be24e84324b3951f
	at org.openqa.selenium.remote.http.W3CHttpResponseCodec.createException(W3CHttpResponseCodec.java:187)
	at org.openqa.selenium.remote.http.W3CHttpResponseCodec.decode(W3CHttpResponseCodec.java:122)
	at org.openqa.selenium.remote.http.W3CHttpResponseCodec.decode(W3CHttpResponseCodec.java:49)
	at org.openqa.selenium.remote.HttpCommandExecutor.execute(HttpCommandExecutor.java:158)
	at org.openqa.selenium.remote.service.DriverCommandExecutor.execute(DriverCommandExecutor.java:83)
	at org.openqa.selenium.remote.RemoteWebDriver.execute(RemoteWebDriver.java:552)
	at com.kms.katalon.selenium.driver.CChromeDriver.execute(CChromeDriver.java:19)
	at org.openqa.selenium.remote.RemoteWebElement.execute(RemoteWebElement.java:285)
	at org.openqa.selenium.remote.RemoteWebElement.sendKeys(RemoteWebElement.java:106)
	at org.openqa.selenium.support.events.EventFiringWebDriver$EventFiringWebElement.lambda$new$0(EventFiringWebDriver.java:404)
	at com.sun.proxy.$Proxy17.sendKeys(Unknown Source)
	at org.openqa.selenium.support.events.EventFiringWebDriver$EventFiringWebElement.sendKeys(EventFiringWebDriver.java:429)
	at com.kms.katalon.core.webui.keyword.builtin.SendKeysKeyword$_sendKeys_closure1.doCall(SendKeysKeyword.groovy:53)
	at com.kms.katalon.core.webui.keyword.builtin.SendKeysKeyword$_sendKeys_closure1.call(SendKeysKeyword.groovy)
	at com.kms.katalon.core.webui.keyword.internal.WebUIKeywordMain.runKeyword(WebUIKeywordMain.groovy:20)
	at com.kms.katalon.core.webui.keyword.builtin.SendKeysKeyword.sendKeys(SendKeysKeyword.groovy:60)
	at com.kms.katalon.core.webui.keyword.builtin.SendKeysKeyword.execute(SendKeysKeyword.groovy:38)
	at com.kms.katalon.core.keyword.internal.KeywordExecutor.executeKeywordForPlatform(KeywordExecutor.groovy:73)
	at com.kms.katalon.core.webui.keyword.WebUiBuiltInKeywords.sendKeys(WebUiBuiltInKeywords.groovy:863)
	at com.kms.katalon.core.webui.keyword.WebUiBuiltInKeywords$sendKeys$7.call(Unknown Source)
	at Script1622167440372.run(Script1622167440372.groovy:44)
	... 13 more
)

2021-05-30 11:18:52 - [TEST_STEP][PASSED] - verifyTextNotPresent("No results found matching", false): Text 'No results found matching' is not present on page

2021-05-30 11:18:53 - [MESSAGE][PASSED] - Text 'No results found matching' is not present on page

2021-05-30 11:18:53 - [TEST_STEP][FAILED] - sendKeys(findTestObject("ChanelMember/Page_Channel to test add  remove members - _a376a4/div_Search for people"), Keys.chord(ENTER)): Unable to send keys '' to object 'Object Repository/ChanelMember/Page_Channel to test add  remove members - _a376a4/div_Search for people' (Root cause: com.kms.katalon.core.exception.StepFailedException: Unable to send keys '' to object 'Object Repository/ChanelMember/Page_Channel to test add  remove members - _a376a4/div_Search for people'
	at com.kms.katalon.core.webui.keyword.internal.WebUIKeywordMain.stepFailed(WebUIKeywordMain.groovy:64)
	at com.kms.katalon.core.webui.keyword.internal.WebUIKeywordMain.runKeyword(WebUIKeywordMain.groovy:26)
	at com.kms.katalon.core.webui.keyword.builtin.SendKeysKeyword.sendKeys(SendKeysKeyword.groovy:60)
	at com.kms.katalon.core.webui.keyword.builtin.SendKeysKeyword.execute(SendKeysKeyword.groovy:38)
	at com.kms.katalon.core.keyword.internal.KeywordExecutor.executeKeywordForPlatform(KeywordExecutor.groovy:73)
	at com.kms.katalon.core.webui.keyword.WebUiBuiltInKeywords.sendKeys(WebUiBuiltInKeywords.groovy:863)
	at com.kms.katalon.core.webui.keyword.WebUiBuiltInKeywords$sendKeys$7.call(Unknown Source)
	at Add members to channel.run(Add members to channel:44)
	at com.kms.katalon.core.main.ScriptEngine.run(ScriptEngine.java:194)
	at com.kms.katalon.core.main.ScriptEngine.runScriptAsRawText(ScriptEngine.java:119)
	at com.kms.katalon.core.main.TestCaseExecutor.runScript(TestCaseExecutor.java:398)
	at com.kms.katalon.core.main.TestCaseExecutor.doExecute(TestCaseExecutor.java:389)
	at com.kms.katalon.core.main.TestCaseExecutor.processExecutionPhase(TestCaseExecutor.java:368)
	at com.kms.katalon.core.main.TestCaseExecutor.accessMainPhase(TestCaseExecutor.java:360)
	at com.kms.katalon.core.main.TestCaseExecutor.execute(TestCaseExecutor.java:255)
	at com.kms.katalon.core.main.TestSuiteExecutor.accessTestCaseMainPhase(TestSuiteExecutor.java:203)
	at com.kms.katalon.core.main.TestSuiteExecutor.accessTestSuiteMainPhase(TestSuiteExecutor.java:152)
	at com.kms.katalon.core.main.TestSuiteExecutor.execute(TestSuiteExecutor.java:95)
	at com.kms.katalon.core.main.TestCaseMain.startTestSuite(TestCaseMain.java:157)
	at com.kms.katalon.core.main.TestCaseMain$startTestSuite$0.call(Unknown Source)
	at TempTestSuite1622373323128.run(TempTestSuite1622373323128.groovy:39)
Caused by: org.openqa.selenium.ElementNotInteractableException: element not interactable
  (Session info: chrome=91.0.4472.77)
Build info: version: '3.141.59', revision: 'e82be7d358', time: '2018-11-14T08:25:53'
System info: host: 'WIN-SERVER-2019', ip: '10.1.0.4', os.name: 'Windows Server 2019', os.arch: 'amd64', os.version: '10.0', java.version: '1.8.0_282'
Driver info: com.kms.katalon.selenium.driver.CChromeDriver
Capabilities {acceptInsecureCerts: false, browserName: chrome, browserVersion: 91.0.4472.77, chrome: {chromedriverVersion: 90.0.4430.24 (4c6d850f087da..., userDataDir: C:\Users\nttuan\AppData\Loc...}, goog:chromeOptions: {debuggerAddress: localhost:52757}, javascriptEnabled: true, networkConnectionEnabled: false, pageLoadStrategy: normal, platform: WINDOWS, platformName: WINDOWS, proxy: Proxy(), setWindowRect: true, strictFileInteractability: false, timeouts: {implicit: 0, pageLoad: 300000, script: 30000}, unhandledPromptBehavior: dismiss and notify, webauthn:extension:largeBlob: true, webauthn:virtualAuthenticators: true}
Session ID: 24266aa62190c731be24e84324b3951f
	at org.openqa.selenium.remote.http.W3CHttpResponseCodec.createException(W3CHttpResponseCodec.java:187)
	at org.openqa.selenium.remote.http.W3CHttpResponseCodec.decode(W3CHttpResponseCodec.java:122)
	at org.openqa.selenium.remote.http.W3CHttpResponseCodec.decode(W3CHttpResponseCodec.java:49)
	at org.openqa.selenium.remote.HttpCommandExecutor.execute(HttpCommandExecutor.java:158)
	at org.openqa.selenium.remote.service.DriverCommandExecutor.execute(DriverCommandExecutor.java:83)
	at org.openqa.selenium.remote.RemoteWebDriver.execute(RemoteWebDriver.java:552)
	at com.kms.katalon.selenium.driver.CChromeDriver.execute(CChromeDriver.java:19)
	at org.openqa.selenium.remote.RemoteWebElement.execute(RemoteWebElement.java:285)
	at org.openqa.selenium.remote.RemoteWebElement.sendKeys(RemoteWebElement.java:106)
	at org.openqa.selenium.support.events.EventFiringWebDriver$EventFiringWebElement.lambda$new$0(EventFiringWebDriver.java:404)
	at com.sun.proxy.$Proxy17.sendKeys(Unknown Source)
	at org.openqa.selenium.support.events.EventFiringWebDriver$EventFiringWebElement.sendKeys(EventFiringWebDriver.java:429)
	at com.kms.katalon.core.webui.keyword.builtin.SendKeysKeyword$_sendKeys_closure1.doCall(SendKeysKeyword.groovy:53)
	at com.kms.katalon.core.webui.keyword.builtin.SendKeysKeyword$_sendKeys_closure1.call(SendKeysKeyword.groovy)
	at com.kms.katalon.core.webui.keyword.internal.WebUIKeywordMain.runKeyword(WebUIKeywordMain.groovy:20)
	at com.kms.katalon.core.webui.keyword.builtin.SendKeysKeyword.sendKeys(SendKeysKeyword.groovy:60)
	at com.kms.katalon.core.webui.keyword.builtin.SendKeysKeyword.execute(SendKeysKeyword.groovy:38)
	at com.kms.katalon.core.keyword.internal.KeywordExecutor.executeKeywordForPlatform(KeywordExecutor.groovy:73)
	at com.kms.katalon.core.webui.keyword.WebUiBuiltInKeywords.sendKeys(WebUiBuiltInKeywords.groovy:863)
	at com.kms.katalon.core.webui.keyword.WebUiBuiltInKeywords$sendKeys$7.call(Unknown Source)
	at Script1622167440372.run(Script1622167440372.groovy:44)
	... 13 more
)

2021-05-30 11:18:54 - [MESSAGE][FAILED] - Unable to send keys '' to object 'Object Repository/ChanelMember/Page_Channel to test add  remove members - _a376a4/div_Search for people' (Root cause: com.kms.katalon.core.exception.StepFailedException: Unable to send keys '' to object 'Object Repository/ChanelMember/Page_Channel to test add  remove members - _a376a4/div_Search for people'
	at com.kms.katalon.core.webui.keyword.internal.WebUIKeywordMain.stepFailed(WebUIKeywordMain.groovy:64)
	at com.kms.katalon.core.webui.keyword.internal.WebUIKeywordMain.runKeyword(WebUIKeywordMain.groovy:26)
	at com.kms.katalon.core.webui.keyword.builtin.SendKeysKeyword.sendKeys(SendKeysKeyword.groovy:60)
	at com.kms.katalon.core.webui.keyword.builtin.SendKeysKeyword.execute(SendKeysKeyword.groovy:38)
	at com.kms.katalon.core.keyword.internal.KeywordExecutor.executeKeywordForPlatform(KeywordExecutor.groovy:73)
	at com.kms.katalon.core.webui.keyword.WebUiBuiltInKeywords.sendKeys(WebUiBuiltInKeywords.groovy:863)
	at com.kms.katalon.core.webui.keyword.WebUiBuiltInKeywords$sendKeys$7.call(Unknown Source)
	at Add members to channel.run(Add members to channel:44)
	at com.kms.katalon.core.main.ScriptEngine.run(ScriptEngine.java:194)
	at com.kms.katalon.core.main.ScriptEngine.runScriptAsRawText(ScriptEngine.java:119)
	at com.kms.katalon.core.main.TestCaseExecutor.runScript(TestCaseExecutor.java:398)
	at com.kms.katalon.core.main.TestCaseExecutor.doExecute(TestCaseExecutor.java:389)
	at com.kms.katalon.core.main.TestCaseExecutor.processExecutionPhase(TestCaseExecutor.java:368)
	at com.kms.katalon.core.main.TestCaseExecutor.accessMainPhase(TestCaseExecutor.java:360)
	at com.kms.katalon.core.main.TestCaseExecutor.execute(TestCaseExecutor.java:255)
	at com.kms.katalon.core.main.TestSuiteExecutor.accessTestCaseMainPhase(TestSuiteExecutor.java:203)
	at com.kms.katalon.core.main.TestSuiteExecutor.accessTestSuiteMainPhase(TestSuiteExecutor.java:152)
	at com.kms.katalon.core.main.TestSuiteExecutor.execute(TestSuiteExecutor.java:95)
	at com.kms.katalon.core.main.TestCaseMain.startTestSuite(TestCaseMain.java:157)
	at com.kms.katalon.core.main.TestCaseMain$startTestSuite$0.call(Unknown Source)
	at TempTestSuite1622373323128.run(TempTestSuite1622373323128.groovy:39)
Caused by: org.openqa.selenium.ElementNotInteractableException: element not interactable
  (Session info: chrome=91.0.4472.77)
Build info: version: '3.141.59', revision: 'e82be7d358', time: '2018-11-14T08:25:53'
System info: host: 'WIN-SERVER-2019', ip: '10.1.0.4', os.name: 'Windows Server 2019', os.arch: 'amd64', os.version: '10.0', java.version: '1.8.0_282'
Driver info: com.kms.katalon.selenium.driver.CChromeDriver
Capabilities {acceptInsecureCerts: false, browserName: chrome, browserVersion: 91.0.4472.77, chrome: {chromedriverVersion: 90.0.4430.24 (4c6d850f087da..., userDataDir: C:\Users\nttuan\AppData\Loc...}, goog:chromeOptions: {debuggerAddress: localhost:52757}, javascriptEnabled: true, networkConnectionEnabled: false, pageLoadStrategy: normal, platform: WINDOWS, platformName: WINDOWS, proxy: Proxy(), setWindowRect: true, strictFileInteractability: false, timeouts: {implicit: 0, pageLoad: 300000, script: 30000}, unhandledPromptBehavior: dismiss and notify, webauthn:extension:largeBlob: true, webauthn:virtualAuthenticators: true}
Session ID: 24266aa62190c731be24e84324b3951f
	at org.openqa.selenium.remote.http.W3CHttpResponseCodec.createException(W3CHttpResponseCodec.java:187)
	at org.openqa.selenium.remote.http.W3CHttpResponseCodec.decode(W3CHttpResponseCodec.java:122)
	at org.openqa.selenium.remote.http.W3CHttpResponseCodec.decode(W3CHttpResponseCodec.java:49)
	at org.openqa.selenium.remote.HttpCommandExecutor.execute(HttpCommandExecutor.java:158)
	at org.openqa.selenium.remote.service.DriverCommandExecutor.execute(DriverCommandExecutor.java:83)
	at org.openqa.selenium.remote.RemoteWebDriver.execute(RemoteWebDriver.java:552)
	at com.kms.katalon.selenium.driver.CChromeDriver.execute(CChromeDriver.java:19)
	at org.openqa.selenium.remote.RemoteWebElement.execute(RemoteWebElement.java:285)
	at org.openqa.selenium.remote.RemoteWebElement.sendKeys(RemoteWebElement.java:106)
	at org.openqa.selenium.support.events.EventFiringWebDriver$EventFiringWebElement.lambda$new$0(EventFiringWebDriver.java:404)
	at com.sun.proxy.$Proxy17.sendKeys(Unknown Source)
	at org.openqa.selenium.support.events.EventFiringWebDriver$EventFiringWebElement.sendKeys(EventFiringWebDriver.java:429)
	at com.kms.katalon.core.webui.keyword.builtin.SendKeysKeyword$_sendKeys_closure1.doCall(SendKeysKeyword.groovy:53)
	at com.kms.katalon.core.webui.keyword.builtin.SendKeysKeyword$_sendKeys_closure1.call(SendKeysKeyword.groovy)
	at com.kms.katalon.core.webui.keyword.internal.WebUIKeywordMain.runKeyword(WebUIKeywordMain.groovy:20)
	at com.kms.katalon.core.webui.keyword.builtin.SendKeysKeyword.sendKeys(SendKeysKeyword.groovy:60)
	at com.kms.katalon.core.webui.keyword.builtin.SendKeysKeyword.execute(SendKeysKeyword.groovy:38)
	at com.kms.katalon.core.keyword.internal.KeywordExecutor.executeKeywordForPlatform(KeywordExecutor.groovy:73)
	at com.kms.katalon.core.webui.keyword.WebUiBuiltInKeywords.sendKeys(WebUiBuiltInKeywords.groovy:863)
	at com.kms.katalon.core.webui.keyword.WebUiBuiltInKeywords$sendKeys$7.call(Unknown Source)
	at Script1622167440372.run(Script1622167440372.groovy:44)
	... 13 more
)
[[ATTACHMENT|C:\\Users\\nttuan\\Downloads\\CDNC\\mattermost-testing\\Reports\\20210530_111523\\Run all test cases\\20210530_111523\\1622373534070.png]]

2021-05-30 11:18:54 - [TEST_STEP][PASSED] - catch (Exception e): Object: 'Object Repository/ChanelMember/Page_Channel to test add  remove members - TEAM NAME Mattermost/div_CloseAdd search' is clicked on

2021-05-30 11:18:54 - [TEST_STEP][PASSED] - click(findTestObject("ChanelMember/Page_Channel to test add  remove members - TEAM NAME Mattermost/div_CloseAdd search")): Object: 'Object Repository/ChanelMember/Page_Channel to test add  remove members - TEAM NAME Mattermost/div_CloseAdd search' is clicked on

2021-05-30 11:18:54 - [MESSAGE][PASSED] - Object: 'Object Repository/ChanelMember/Page_Channel to test add  remove members - TEAM NAME Mattermost/div_CloseAdd search' is clicked on

2021-05-30 11:18:54 - [TEST_STEP][PASSED] - username = usernames.get(i): null

2021-05-30 11:18:54 - [TEST_STEP][PASSED] - click(findTestObject("Object Repository/ChanelMember/Page_Channel to test add  remove members - _a376a4/span_Channel to test add  remove members")): Object: 'Object Repository/ChanelMember/Page_Channel to test add  remove members - _a376a4/span_Channel to test add  remove members' is clicked on

2021-05-30 11:18:54 - [MESSAGE][PASSED] - Object: 'Object Repository/ChanelMember/Page_Channel to test add  remove members - _a376a4/span_Channel to test add  remove members' is clicked on

2021-05-30 11:18:54 - [TEST_STEP][PASSED] - click(findTestObject("Object Repository/ChanelMember/Page_Channel to test add  remove members - _a376a4/span_Add Members")): Object: 'Object Repository/ChanelMember/Page_Channel to test add  remove members - _a376a4/span_Add Members' is clicked on

2021-05-30 11:18:55 - [MESSAGE][PASSED] - Object: 'Object Repository/ChanelMember/Page_Channel to test add  remove members - _a376a4/span_Add Members' is clicked on

2021-05-30 11:18:55 - [TEST_STEP][PASSED] - click(findTestObject("ChanelMember/Page_Channel to test add  remove members - _a376a4/div_Search for people")): Object: 'Object Repository/ChanelMember/Page_Channel to test add  remove members - _a376a4/div_Search for people' is clicked on

2021-05-30 11:18:56 - [MESSAGE][PASSED] - Object: 'Object Repository/ChanelMember/Page_Channel to test add  remove members - _a376a4/div_Search for people' is clicked on

2021-05-30 11:18:56 - [TEST_STEP][PASSED] - setText(findTestObject("Object Repository/ChanelMember/Page_Channel to test add  remove members - _a376a4/input_Search for people_react-select-2-input"), username): Text 'nguyenvanb' is set on object 'Object Repository/ChanelMember/Page_Channel to test add  remove members - _a376a4/input_Search for people_react-select-2-input'

2021-05-30 11:19:27 - [MESSAGE][INFO] - Unable to find the element located by 'By.xpath: //input[@id='react-select-2-input']'. Please recheck the objects properties to make sure the desired element is located. 

2021-05-30 11:19:27 - [MESSAGE][WARNING] - [SELF-HEALING] Failed to find element with id 'Object Repository/ChanelMember/Page_Channel to test add  remove members - _a376a4/input_Search for people_react-select-2-input'. Try using Self-healing.

2021-05-30 11:19:27 - [MESSAGE][WARNING] - [SELF-HEALING] The current locator of test object 'Object Repository/ChanelMember/Page_Channel to test add  remove members - _a376a4/input_Search for people_react-select-2-input' was broken. Propose an alternative one: '//div[@id='selectItems']/div/div/div[2]/div/input'.

2021-05-30 11:19:58 - [MESSAGE][INFO] - Unable to find the element located by 'By.xpath: //input[@id='react-select-2-input']'. Please recheck the objects properties to make sure the desired element is located. 

2021-05-30 11:19:58 - [MESSAGE][WARNING] - [SELF-HEALING] Failed to find element with id 'Object Repository/ChanelMember/Page_Channel to test add  remove members - _a376a4/input_Search for people_react-select-2-input'. Try using Self-healing.

2021-05-30 11:19:58 - [MESSAGE][WARNING] - [SELF-HEALING] The current locator of test object 'Object Repository/ChanelMember/Page_Channel to test add  remove members - _a376a4/input_Search for people_react-select-2-input' was broken. Propose an alternative one: '//div[@id='selectItems']/div/div/div[2]/div/input'.

2021-05-30 11:19:58 - [MESSAGE][PASSED] - Text 'nguyenvanb' is set on object 'Object Repository/ChanelMember/Page_Channel to test add  remove members - _a376a4/input_Search for people_react-select-2-input'

2021-05-30 11:19:58 - [TEST_STEP][FAILED] - try: Unable to send keys '' to object 'Object Repository/ChanelMember/Page_Channel to test add  remove members - _a376a4/div_Search for people' (Root cause: com.kms.katalon.core.exception.StepFailedException: Unable to send keys '' to object 'Object Repository/ChanelMember/Page_Channel to test add  remove members - _a376a4/div_Search for people'
	at com.kms.katalon.core.webui.keyword.internal.WebUIKeywordMain.stepFailed(WebUIKeywordMain.groovy:64)
	at com.kms.katalon.core.webui.keyword.internal.WebUIKeywordMain.runKeyword(WebUIKeywordMain.groovy:26)
	at com.kms.katalon.core.webui.keyword.builtin.SendKeysKeyword.sendKeys(SendKeysKeyword.groovy:60)
	at com.kms.katalon.core.webui.keyword.builtin.SendKeysKeyword.execute(SendKeysKeyword.groovy:38)
	at com.kms.katalon.core.keyword.internal.KeywordExecutor.executeKeywordForPlatform(KeywordExecutor.groovy:73)
	at com.kms.katalon.core.webui.keyword.WebUiBuiltInKeywords.sendKeys(WebUiBuiltInKeywords.groovy:863)
	at com.kms.katalon.core.webui.keyword.WebUiBuiltInKeywords$sendKeys$7.call(Unknown Source)
	at Add members to channel.run(Add members to channel:44)
	at com.kms.katalon.core.main.ScriptEngine.run(ScriptEngine.java:194)
	at com.kms.katalon.core.main.ScriptEngine.runScriptAsRawText(ScriptEngine.java:119)
	at com.kms.katalon.core.main.TestCaseExecutor.runScript(TestCaseExecutor.java:398)
	at com.kms.katalon.core.main.TestCaseExecutor.doExecute(TestCaseExecutor.java:389)
	at com.kms.katalon.core.main.TestCaseExecutor.processExecutionPhase(TestCaseExecutor.java:368)
	at com.kms.katalon.core.main.TestCaseExecutor.accessMainPhase(TestCaseExecutor.java:360)
	at com.kms.katalon.core.main.TestCaseExecutor.execute(TestCaseExecutor.java:255)
	at com.kms.katalon.core.main.TestSuiteExecutor.accessTestCaseMainPhase(TestSuiteExecutor.java:203)
	at com.kms.katalon.core.main.TestSuiteExecutor.accessTestSuiteMainPhase(TestSuiteExecutor.java:152)
	at com.kms.katalon.core.main.TestSuiteExecutor.execute(TestSuiteExecutor.java:95)
	at com.kms.katalon.core.main.TestCaseMain.startTestSuite(TestCaseMain.java:157)
	at com.kms.katalon.core.main.TestCaseMain$startTestSuite$0.call(Unknown Source)
	at TempTestSuite1622373323128.run(TempTestSuite1622373323128.groovy:39)
Caused by: org.openqa.selenium.ElementNotInteractableException: element not interactable
  (Session info: chrome=91.0.4472.77)
Build info: version: '3.141.59', revision: 'e82be7d358', time: '2018-11-14T08:25:53'
System info: host: 'WIN-SERVER-2019', ip: '10.1.0.4', os.name: 'Windows Server 2019', os.arch: 'amd64', os.version: '10.0', java.version: '1.8.0_282'
Driver info: com.kms.katalon.selenium.driver.CChromeDriver
Capabilities {acceptInsecureCerts: false, browserName: chrome, browserVersion: 91.0.4472.77, chrome: {chromedriverVersion: 90.0.4430.24 (4c6d850f087da..., userDataDir: C:\Users\nttuan\AppData\Loc...}, goog:chromeOptions: {debuggerAddress: localhost:52757}, javascriptEnabled: true, networkConnectionEnabled: false, pageLoadStrategy: normal, platform: WINDOWS, platformName: WINDOWS, proxy: Proxy(), setWindowRect: true, strictFileInteractability: false, timeouts: {implicit: 0, pageLoad: 300000, script: 30000}, unhandledPromptBehavior: dismiss and notify, webauthn:extension:largeBlob: true, webauthn:virtualAuthenticators: true}
Session ID: 24266aa62190c731be24e84324b3951f
	at org.openqa.selenium.remote.http.W3CHttpResponseCodec.createException(W3CHttpResponseCodec.java:187)
	at org.openqa.selenium.remote.http.W3CHttpResponseCodec.decode(W3CHttpResponseCodec.java:122)
	at org.openqa.selenium.remote.http.W3CHttpResponseCodec.decode(W3CHttpResponseCodec.java:49)
	at org.openqa.selenium.remote.HttpCommandExecutor.execute(HttpCommandExecutor.java:158)
	at org.openqa.selenium.remote.service.DriverCommandExecutor.execute(DriverCommandExecutor.java:83)
	at org.openqa.selenium.remote.RemoteWebDriver.execute(RemoteWebDriver.java:552)
	at com.kms.katalon.selenium.driver.CChromeDriver.execute(CChromeDriver.java:19)
	at org.openqa.selenium.remote.RemoteWebElement.execute(RemoteWebElement.java:285)
	at org.openqa.selenium.remote.RemoteWebElement.sendKeys(RemoteWebElement.java:106)
	at org.openqa.selenium.support.events.EventFiringWebDriver$EventFiringWebElement.lambda$new$0(EventFiringWebDriver.java:404)
	at com.sun.proxy.$Proxy17.sendKeys(Unknown Source)
	at org.openqa.selenium.support.events.EventFiringWebDriver$EventFiringWebElement.sendKeys(EventFiringWebDriver.java:429)
	at com.kms.katalon.core.webui.keyword.builtin.SendKeysKeyword$_sendKeys_closure1.doCall(SendKeysKeyword.groovy:53)
	at com.kms.katalon.core.webui.keyword.builtin.SendKeysKeyword$_sendKeys_closure1.call(SendKeysKeyword.groovy)
	at com.kms.katalon.core.webui.keyword.internal.WebUIKeywordMain.runKeyword(WebUIKeywordMain.groovy:20)
	at com.kms.katalon.core.webui.keyword.builtin.SendKeysKeyword.sendKeys(SendKeysKeyword.groovy:60)
	at com.kms.katalon.core.webui.keyword.builtin.SendKeysKeyword.execute(SendKeysKeyword.groovy:38)
	at com.kms.katalon.core.keyword.internal.KeywordExecutor.executeKeywordForPlatform(KeywordExecutor.groovy:73)
	at com.kms.katalon.core.webui.keyword.WebUiBuiltInKeywords.sendKeys(WebUiBuiltInKeywords.groovy:863)
	at com.kms.katalon.core.webui.keyword.WebUiBuiltInKeywords$sendKeys$7.call(Unknown Source)
	at Script1622167440372.run(Script1622167440372.groovy:44)
	... 13 more
)

2021-05-30 11:19:58 - [TEST_STEP][PASSED] - verifyTextNotPresent("No results found matching", false): Text 'No results found matching' is not present on page

2021-05-30 11:19:59 - [MESSAGE][PASSED] - Text 'No results found matching' is not present on page

2021-05-30 11:19:59 - [TEST_STEP][FAILED] - sendKeys(findTestObject("ChanelMember/Page_Channel to test add  remove members - _a376a4/div_Search for people"), Keys.chord(ENTER)): Unable to send keys '' to object 'Object Repository/ChanelMember/Page_Channel to test add  remove members - _a376a4/div_Search for people' (Root cause: com.kms.katalon.core.exception.StepFailedException: Unable to send keys '' to object 'Object Repository/ChanelMember/Page_Channel to test add  remove members - _a376a4/div_Search for people'
	at com.kms.katalon.core.webui.keyword.internal.WebUIKeywordMain.stepFailed(WebUIKeywordMain.groovy:64)
	at com.kms.katalon.core.webui.keyword.internal.WebUIKeywordMain.runKeyword(WebUIKeywordMain.groovy:26)
	at com.kms.katalon.core.webui.keyword.builtin.SendKeysKeyword.sendKeys(SendKeysKeyword.groovy:60)
	at com.kms.katalon.core.webui.keyword.builtin.SendKeysKeyword.execute(SendKeysKeyword.groovy:38)
	at com.kms.katalon.core.keyword.internal.KeywordExecutor.executeKeywordForPlatform(KeywordExecutor.groovy:73)
	at com.kms.katalon.core.webui.keyword.WebUiBuiltInKeywords.sendKeys(WebUiBuiltInKeywords.groovy:863)
	at com.kms.katalon.core.webui.keyword.WebUiBuiltInKeywords$sendKeys$7.call(Unknown Source)
	at Add members to channel.run(Add members to channel:44)
	at com.kms.katalon.core.main.ScriptEngine.run(ScriptEngine.java:194)
	at com.kms.katalon.core.main.ScriptEngine.runScriptAsRawText(ScriptEngine.java:119)
	at com.kms.katalon.core.main.TestCaseExecutor.runScript(TestCaseExecutor.java:398)
	at com.kms.katalon.core.main.TestCaseExecutor.doExecute(TestCaseExecutor.java:389)
	at com.kms.katalon.core.main.TestCaseExecutor.processExecutionPhase(TestCaseExecutor.java:368)
	at com.kms.katalon.core.main.TestCaseExecutor.accessMainPhase(TestCaseExecutor.java:360)
	at com.kms.katalon.core.main.TestCaseExecutor.execute(TestCaseExecutor.java:255)
	at com.kms.katalon.core.main.TestSuiteExecutor.accessTestCaseMainPhase(TestSuiteExecutor.java:203)
	at com.kms.katalon.core.main.TestSuiteExecutor.accessTestSuiteMainPhase(TestSuiteExecutor.java:152)
	at com.kms.katalon.core.main.TestSuiteExecutor.execute(TestSuiteExecutor.java:95)
	at com.kms.katalon.core.main.TestCaseMain.startTestSuite(TestCaseMain.java:157)
	at com.kms.katalon.core.main.TestCaseMain$startTestSuite$0.call(Unknown Source)
	at TempTestSuite1622373323128.run(TempTestSuite1622373323128.groovy:39)
Caused by: org.openqa.selenium.ElementNotInteractableException: element not interactable
  (Session info: chrome=91.0.4472.77)
Build info: version: '3.141.59', revision: 'e82be7d358', time: '2018-11-14T08:25:53'
System info: host: 'WIN-SERVER-2019', ip: '10.1.0.4', os.name: 'Windows Server 2019', os.arch: 'amd64', os.version: '10.0', java.version: '1.8.0_282'
Driver info: com.kms.katalon.selenium.driver.CChromeDriver
Capabilities {acceptInsecureCerts: false, browserName: chrome, browserVersion: 91.0.4472.77, chrome: {chromedriverVersion: 90.0.4430.24 (4c6d850f087da..., userDataDir: C:\Users\nttuan\AppData\Loc...}, goog:chromeOptions: {debuggerAddress: localhost:52757}, javascriptEnabled: true, networkConnectionEnabled: false, pageLoadStrategy: normal, platform: WINDOWS, platformName: WINDOWS, proxy: Proxy(), setWindowRect: true, strictFileInteractability: false, timeouts: {implicit: 0, pageLoad: 300000, script: 30000}, unhandledPromptBehavior: dismiss and notify, webauthn:extension:largeBlob: true, webauthn:virtualAuthenticators: true}
Session ID: 24266aa62190c731be24e84324b3951f
	at org.openqa.selenium.remote.http.W3CHttpResponseCodec.createException(W3CHttpResponseCodec.java:187)
	at org.openqa.selenium.remote.http.W3CHttpResponseCodec.decode(W3CHttpResponseCodec.java:122)
	at org.openqa.selenium.remote.http.W3CHttpResponseCodec.decode(W3CHttpResponseCodec.java:49)
	at org.openqa.selenium.remote.HttpCommandExecutor.execute(HttpCommandExecutor.java:158)
	at org.openqa.selenium.remote.service.DriverCommandExecutor.execute(DriverCommandExecutor.java:83)
	at org.openqa.selenium.remote.RemoteWebDriver.execute(RemoteWebDriver.java:552)
	at com.kms.katalon.selenium.driver.CChromeDriver.execute(CChromeDriver.java:19)
	at org.openqa.selenium.remote.RemoteWebElement.execute(RemoteWebElement.java:285)
	at org.openqa.selenium.remote.RemoteWebElement.sendKeys(RemoteWebElement.java:106)
	at org.openqa.selenium.support.events.EventFiringWebDriver$EventFiringWebElement.lambda$new$0(EventFiringWebDriver.java:404)
	at com.sun.proxy.$Proxy17.sendKeys(Unknown Source)
	at org.openqa.selenium.support.events.EventFiringWebDriver$EventFiringWebElement.sendKeys(EventFiringWebDriver.java:429)
	at com.kms.katalon.core.webui.keyword.builtin.SendKeysKeyword$_sendKeys_closure1.doCall(SendKeysKeyword.groovy:53)
	at com.kms.katalon.core.webui.keyword.builtin.SendKeysKeyword$_sendKeys_closure1.call(SendKeysKeyword.groovy)
	at com.kms.katalon.core.webui.keyword.internal.WebUIKeywordMain.runKeyword(WebUIKeywordMain.groovy:20)
	at com.kms.katalon.core.webui.keyword.builtin.SendKeysKeyword.sendKeys(SendKeysKeyword.groovy:60)
	at com.kms.katalon.core.webui.keyword.builtin.SendKeysKeyword.execute(SendKeysKeyword.groovy:38)
	at com.kms.katalon.core.keyword.internal.KeywordExecutor.executeKeywordForPlatform(KeywordExecutor.groovy:73)
	at com.kms.katalon.core.webui.keyword.WebUiBuiltInKeywords.sendKeys(WebUiBuiltInKeywords.groovy:863)
	at com.kms.katalon.core.webui.keyword.WebUiBuiltInKeywords$sendKeys$7.call(Unknown Source)
	at Script1622167440372.run(Script1622167440372.groovy:44)
	... 13 more
)

2021-05-30 11:20:00 - [MESSAGE][FAILED] - Unable to send keys '' to object 'Object Repository/ChanelMember/Page_Channel to test add  remove members - _a376a4/div_Search for people' (Root cause: com.kms.katalon.core.exception.StepFailedException: Unable to send keys '' to object 'Object Repository/ChanelMember/Page_Channel to test add  remove members - _a376a4/div_Search for people'
	at com.kms.katalon.core.webui.keyword.internal.WebUIKeywordMain.stepFailed(WebUIKeywordMain.groovy:64)
	at com.kms.katalon.core.webui.keyword.internal.WebUIKeywordMain.runKeyword(WebUIKeywordMain.groovy:26)
	at com.kms.katalon.core.webui.keyword.builtin.SendKeysKeyword.sendKeys(SendKeysKeyword.groovy:60)
	at com.kms.katalon.core.webui.keyword.builtin.SendKeysKeyword.execute(SendKeysKeyword.groovy:38)
	at com.kms.katalon.core.keyword.internal.KeywordExecutor.executeKeywordForPlatform(KeywordExecutor.groovy:73)
	at com.kms.katalon.core.webui.keyword.WebUiBuiltInKeywords.sendKeys(WebUiBuiltInKeywords.groovy:863)
	at com.kms.katalon.core.webui.keyword.WebUiBuiltInKeywords$sendKeys$7.call(Unknown Source)
	at Add members to channel.run(Add members to channel:44)
	at com.kms.katalon.core.main.ScriptEngine.run(ScriptEngine.java:194)
	at com.kms.katalon.core.main.ScriptEngine.runScriptAsRawText(ScriptEngine.java:119)
	at com.kms.katalon.core.main.TestCaseExecutor.runScript(TestCaseExecutor.java:398)
	at com.kms.katalon.core.main.TestCaseExecutor.doExecute(TestCaseExecutor.java:389)
	at com.kms.katalon.core.main.TestCaseExecutor.processExecutionPhase(TestCaseExecutor.java:368)
	at com.kms.katalon.core.main.TestCaseExecutor.accessMainPhase(TestCaseExecutor.java:360)
	at com.kms.katalon.core.main.TestCaseExecutor.execute(TestCaseExecutor.java:255)
	at com.kms.katalon.core.main.TestSuiteExecutor.accessTestCaseMainPhase(TestSuiteExecutor.java:203)
	at com.kms.katalon.core.main.TestSuiteExecutor.accessTestSuiteMainPhase(TestSuiteExecutor.java:152)
	at com.kms.katalon.core.main.TestSuiteExecutor.execute(TestSuiteExecutor.java:95)
	at com.kms.katalon.core.main.TestCaseMain.startTestSuite(TestCaseMain.java:157)
	at com.kms.katalon.core.main.TestCaseMain$startTestSuite$0.call(Unknown Source)
	at TempTestSuite1622373323128.run(TempTestSuite1622373323128.groovy:39)
Caused by: org.openqa.selenium.ElementNotInteractableException: element not interactable
  (Session info: chrome=91.0.4472.77)
Build info: version: '3.141.59', revision: 'e82be7d358', time: '2018-11-14T08:25:53'
System info: host: 'WIN-SERVER-2019', ip: '10.1.0.4', os.name: 'Windows Server 2019', os.arch: 'amd64', os.version: '10.0', java.version: '1.8.0_282'
Driver info: com.kms.katalon.selenium.driver.CChromeDriver
Capabilities {acceptInsecureCerts: false, browserName: chrome, browserVersion: 91.0.4472.77, chrome: {chromedriverVersion: 90.0.4430.24 (4c6d850f087da..., userDataDir: C:\Users\nttuan\AppData\Loc...}, goog:chromeOptions: {debuggerAddress: localhost:52757}, javascriptEnabled: true, networkConnectionEnabled: false, pageLoadStrategy: normal, platform: WINDOWS, platformName: WINDOWS, proxy: Proxy(), setWindowRect: true, strictFileInteractability: false, timeouts: {implicit: 0, pageLoad: 300000, script: 30000}, unhandledPromptBehavior: dismiss and notify, webauthn:extension:largeBlob: true, webauthn:virtualAuthenticators: true}
Session ID: 24266aa62190c731be24e84324b3951f
	at org.openqa.selenium.remote.http.W3CHttpResponseCodec.createException(W3CHttpResponseCodec.java:187)
	at org.openqa.selenium.remote.http.W3CHttpResponseCodec.decode(W3CHttpResponseCodec.java:122)
	at org.openqa.selenium.remote.http.W3CHttpResponseCodec.decode(W3CHttpResponseCodec.java:49)
	at org.openqa.selenium.remote.HttpCommandExecutor.execute(HttpCommandExecutor.java:158)
	at org.openqa.selenium.remote.service.DriverCommandExecutor.execute(DriverCommandExecutor.java:83)
	at org.openqa.selenium.remote.RemoteWebDriver.execute(RemoteWebDriver.java:552)
	at com.kms.katalon.selenium.driver.CChromeDriver.execute(CChromeDriver.java:19)
	at org.openqa.selenium.remote.RemoteWebElement.execute(RemoteWebElement.java:285)
	at org.openqa.selenium.remote.RemoteWebElement.sendKeys(RemoteWebElement.java:106)
	at org.openqa.selenium.support.events.EventFiringWebDriver$EventFiringWebElement.lambda$new$0(EventFiringWebDriver.java:404)
	at com.sun.proxy.$Proxy17.sendKeys(Unknown Source)
	at org.openqa.selenium.support.events.EventFiringWebDriver$EventFiringWebElement.sendKeys(EventFiringWebDriver.java:429)
	at com.kms.katalon.core.webui.keyword.builtin.SendKeysKeyword$_sendKeys_closure1.doCall(SendKeysKeyword.groovy:53)
	at com.kms.katalon.core.webui.keyword.builtin.SendKeysKeyword$_sendKeys_closure1.call(SendKeysKeyword.groovy)
	at com.kms.katalon.core.webui.keyword.internal.WebUIKeywordMain.runKeyword(WebUIKeywordMain.groovy:20)
	at com.kms.katalon.core.webui.keyword.builtin.SendKeysKeyword.sendKeys(SendKeysKeyword.groovy:60)
	at com.kms.katalon.core.webui.keyword.builtin.SendKeysKeyword.execute(SendKeysKeyword.groovy:38)
	at com.kms.katalon.core.keyword.internal.KeywordExecutor.executeKeywordForPlatform(KeywordExecutor.groovy:73)
	at com.kms.katalon.core.webui.keyword.WebUiBuiltInKeywords.sendKeys(WebUiBuiltInKeywords.groovy:863)
	at com.kms.katalon.core.webui.keyword.WebUiBuiltInKeywords$sendKeys$7.call(Unknown Source)
	at Script1622167440372.run(Script1622167440372.groovy:44)
	... 13 more
)
[[ATTACHMENT|C:\\Users\\nttuan\\Downloads\\CDNC\\mattermost-testing\\Reports\\20210530_111523\\Run all test cases\\20210530_111523\\1622373600119.png]]

2021-05-30 11:20:00 - [TEST_STEP][PASSED] - catch (Exception e): Object: 'Object Repository/ChanelMember/Page_Channel to test add  remove members - TEAM NAME Mattermost/div_CloseAdd search' is clicked on

2021-05-30 11:20:00 - [TEST_STEP][PASSED] - click(findTestObject("ChanelMember/Page_Channel to test add  remove members - TEAM NAME Mattermost/div_CloseAdd search")): Object: 'Object Repository/ChanelMember/Page_Channel to test add  remove members - TEAM NAME Mattermost/div_CloseAdd search' is clicked on

2021-05-30 11:20:00 - [MESSAGE][PASSED] - Object: 'Object Repository/ChanelMember/Page_Channel to test add  remove members - TEAM NAME Mattermost/div_CloseAdd search' is clicked on

2021-05-30 11:20:00 - [TEST_STEP][PASSED] - closeBrowser(): Browser is closed

2021-05-30 11:20:01 - [MESSAGE][PASSED] - Browser is closed]]></system-out>
         <system-err><![CDATA[]]></system-err>
      </testcase>
      <testcase name="Test Cases/Loop/Search messages" time="17.874" classname="Test Cases/Loop/Search messages" status="PASSED">
         <system-out><![CDATA[2021-05-30 11:20:01 - [TEST_CASE][PASSED] - Test Cases/Loop/Search messages: Test Cases/Loop/Search messages

2021-05-30 11:20:01 - [TEST_STEP][PASSED] - callTestCase(findTestCase("Common Test Cases/Login"), ["Username":"nttuan", "Password":"12345678zZ@"], STOP_ON_FAILURE): Call Test Case 'Test Cases/Common Test Cases/Login' successfully

2021-05-30 11:20:01 - [TEST_CASE][PASSED] - Test Cases/Common Test Cases/Login: Test Cases/Common Test Cases/Login

2021-05-30 11:20:01 - [TEST_STEP][PASSED] - openBrowser(""): Browser is opened with url: ''

2021-05-30 11:20:01 - [MESSAGE][INFO] - Starting 'Chrome' driver

2021-05-30 11:20:01 - [MESSAGE][INFO] - Action delay is set to 0 milliseconds

2021-05-30 11:20:03 - [MESSAGE][PASSED] - Browser is opened with url: ''

2021-05-30 11:20:03 - [TEST_STEP][PASSED] - navigateToUrl("https://chudenangcao2021.cf/"): Navigate to 'https://chudenangcao2021.cf/' successfully

2021-05-30 11:20:03 - [MESSAGE][PASSED] - Navigate to 'https://chudenangcao2021.cf/' successfully

2021-05-30 11:20:03 - [TEST_STEP][PASSED] - setText(findTestObject("Object Repository/Page_Mattermost/input_All team communication in one place, _dcc84b"), Username): Text 'nttuan' is set on object 'Object Repository/Page_Mattermost/input_All team communication in one place, _dcc84b'

2021-05-30 11:20:04 - [MESSAGE][PASSED] - Text 'nttuan' is set on object 'Object Repository/Page_Mattermost/input_All team communication in one place, _dcc84b'

2021-05-30 11:20:04 - [TEST_STEP][PASSED] - setText(findTestObject("Object Repository/Page_Mattermost/input_All team communication in one place, _a3edc6"), Password): Text '12345678zZ@' is set on object 'Object Repository/Page_Mattermost/input_All team communication in one place, _a3edc6'

2021-05-30 11:20:05 - [MESSAGE][PASSED] - Text '12345678zZ@' is set on object 'Object Repository/Page_Mattermost/input_All team communication in one place, _a3edc6'

2021-05-30 11:20:05 - [TEST_STEP][PASSED] - click(findTestObject("Object Repository/Page_Mattermost/button_Sign in")): Object: 'Object Repository/Page_Mattermost/button_Sign in' is clicked on

2021-05-30 11:20:06 - [MESSAGE][PASSED] - Object: 'Object Repository/Page_Mattermost/button_Sign in' is clicked on

2021-05-30 11:20:06 - [TEST_STEP][PASSED] - verifyLinksAccessible(["https://chudenangcao2021.cf/cdnc-cnpm-2021/channels"]): All links are accessible

2021-05-30 11:20:06 - [MESSAGE][INFO] - HAR: C:\Users\nttuan\Downloads\CDNC\mattermost-testing\Reports\20210530_111523\Run all test cases\20210530_111523\requests\main\30.har

2021-05-30 11:20:06 - [MESSAGE][PASSED] - Send request successfully

2021-05-30 11:20:06 - [MESSAGE][PASSED] - All links are accessible

2021-05-30 11:20:06 - [MESSAGE][PASSED] - Call Test Case 'Test Cases/Common Test Cases/Login' successfully

2021-05-30 11:20:06 - [TEST_STEP][PASSED] - click(findTestObject("Object Repository/SearchMessage/Page_TEST CHANNEL - TEAM NAME Mattermost/span_TEST CHANNEL")): Object: 'Object Repository/SearchMessage/Page_TEST CHANNEL - TEAM NAME Mattermost/span_TEST CHANNEL' is clicked on

2021-05-30 11:20:07 - [MESSAGE][PASSED] - Object: 'Object Repository/SearchMessage/Page_TEST CHANNEL - TEAM NAME Mattermost/span_TEST CHANNEL' is clicked on

2021-05-30 11:20:07 - [TEST_STEP][PASSED] - click(findTestObject("Object Repository/SearchMessage/Page_TEST CHANNEL - TEAM NAME Mattermost/span_TEST CHANNEL_icon icon--standard")): Object: 'Object Repository/SearchMessage/Page_TEST CHANNEL - TEAM NAME Mattermost/span_TEST CHANNEL_icon icon--standard' is clicked on

2021-05-30 11:20:08 - [MESSAGE][PASSED] - Object: 'Object Repository/SearchMessage/Page_TEST CHANNEL - TEAM NAME Mattermost/span_TEST CHANNEL_icon icon--standard' is clicked on

2021-05-30 11:20:08 - [TEST_STEP][PASSED] - internalSearchMessages = findTestData("Internal/Internal Search Messages"): null

2021-05-30 11:20:08 - [TEST_STEP][PASSED] - nMessages = internalSearchMessages.getRowNumbers(): null

2021-05-30 11:20:08 - [TEST_STEP][PASSED] - for ([i = 1, i <= nMessages, (i++)]): null

2021-05-30 11:20:08 - [TEST_STEP][PASSED] - message = internalSearchMessages.getValue(1, i): null

2021-05-30 11:20:08 - [TEST_STEP][PASSED] - setText(findTestObject("Object Repository/SearchMessage/Page_TEST CHANNEL - TEAM NAME Mattermost/input_TEST CHANNEL_searchBox"), message): Text 'test' is set on object 'Object Repository/SearchMessage/Page_TEST CHANNEL - TEAM NAME Mattermost/input_TEST CHANNEL_searchBox'

2021-05-30 11:20:09 - [MESSAGE][PASSED] - Text 'test' is set on object 'Object Repository/SearchMessage/Page_TEST CHANNEL - TEAM NAME Mattermost/input_TEST CHANNEL_searchBox'

2021-05-30 11:20:09 - [TEST_STEP][PASSED] - sendKeys(findTestObject("Object Repository/SearchMessage/Page_TEST CHANNEL - TEAM NAME Mattermost/input_TEST CHANNEL_searchBox"), Keys.chord(ENTER)): Keys 'ENTER + ' sent to object: 'Object Repository/SearchMessage/Page_TEST CHANNEL - TEAM NAME Mattermost/input_TEST CHANNEL_searchBox'

2021-05-30 11:20:09 - [MESSAGE][PASSED] - Keys 'ENTER + ' sent to object: 'Object Repository/SearchMessage/Page_TEST CHANNEL - TEAM NAME Mattermost/input_TEST CHANNEL_searchBox'

2021-05-30 11:20:09 - [TEST_STEP][PASSED] - Thread.sleep(500): null

2021-05-30 11:20:10 - [TEST_STEP][PASSED] - message = internalSearchMessages.getValue(1, i): null

2021-05-30 11:20:10 - [TEST_STEP][PASSED] - setText(findTestObject("Object Repository/SearchMessage/Page_TEST CHANNEL - TEAM NAME Mattermost/input_TEST CHANNEL_searchBox"), message): Text 'hello' is set on object 'Object Repository/SearchMessage/Page_TEST CHANNEL - TEAM NAME Mattermost/input_TEST CHANNEL_searchBox'

2021-05-30 11:20:11 - [MESSAGE][PASSED] - Text 'hello' is set on object 'Object Repository/SearchMessage/Page_TEST CHANNEL - TEAM NAME Mattermost/input_TEST CHANNEL_searchBox'

2021-05-30 11:20:11 - [TEST_STEP][PASSED] - sendKeys(findTestObject("Object Repository/SearchMessage/Page_TEST CHANNEL - TEAM NAME Mattermost/input_TEST CHANNEL_searchBox"), Keys.chord(ENTER)): Keys 'ENTER + ' sent to object: 'Object Repository/SearchMessage/Page_TEST CHANNEL - TEAM NAME Mattermost/input_TEST CHANNEL_searchBox'

2021-05-30 11:20:12 - [MESSAGE][PASSED] - Keys 'ENTER + ' sent to object: 'Object Repository/SearchMessage/Page_TEST CHANNEL - TEAM NAME Mattermost/input_TEST CHANNEL_searchBox'

2021-05-30 11:20:12 - [TEST_STEP][PASSED] - Thread.sleep(500): null

2021-05-30 11:20:12 - [TEST_STEP][PASSED] - message = internalSearchMessages.getValue(1, i): null

2021-05-30 11:20:12 - [TEST_STEP][PASSED] - setText(findTestObject("Object Repository/SearchMessage/Page_TEST CHANNEL - TEAM NAME Mattermost/input_TEST CHANNEL_searchBox"), message): Text 'current' is set on object 'Object Repository/SearchMessage/Page_TEST CHANNEL - TEAM NAME Mattermost/input_TEST CHANNEL_searchBox'

2021-05-30 11:20:13 - [MESSAGE][PASSED] - Text 'current' is set on object 'Object Repository/SearchMessage/Page_TEST CHANNEL - TEAM NAME Mattermost/input_TEST CHANNEL_searchBox'

2021-05-30 11:20:13 - [TEST_STEP][PASSED] - sendKeys(findTestObject("Object Repository/SearchMessage/Page_TEST CHANNEL - TEAM NAME Mattermost/input_TEST CHANNEL_searchBox"), Keys.chord(ENTER)): Keys 'ENTER + ' sent to object: 'Object Repository/SearchMessage/Page_TEST CHANNEL - TEAM NAME Mattermost/input_TEST CHANNEL_searchBox'

2021-05-30 11:20:14 - [MESSAGE][PASSED] - Keys 'ENTER + ' sent to object: 'Object Repository/SearchMessage/Page_TEST CHANNEL - TEAM NAME Mattermost/input_TEST CHANNEL_searchBox'

2021-05-30 11:20:14 - [TEST_STEP][PASSED] - Thread.sleep(500): null

2021-05-30 11:20:14 - [TEST_STEP][PASSED] - message = internalSearchMessages.getValue(1, i): null

2021-05-30 11:20:14 - [TEST_STEP][PASSED] - setText(findTestObject("Object Repository/SearchMessage/Page_TEST CHANNEL - TEAM NAME Mattermost/input_TEST CHANNEL_searchBox"), message): Text 'virus' is set on object 'Object Repository/SearchMessage/Page_TEST CHANNEL - TEAM NAME Mattermost/input_TEST CHANNEL_searchBox'

2021-05-30 11:20:15 - [MESSAGE][PASSED] - Text 'virus' is set on object 'Object Repository/SearchMessage/Page_TEST CHANNEL - TEAM NAME Mattermost/input_TEST CHANNEL_searchBox'

2021-05-30 11:20:15 - [TEST_STEP][PASSED] - sendKeys(findTestObject("Object Repository/SearchMessage/Page_TEST CHANNEL - TEAM NAME Mattermost/input_TEST CHANNEL_searchBox"), Keys.chord(ENTER)): Keys 'ENTER + ' sent to object: 'Object Repository/SearchMessage/Page_TEST CHANNEL - TEAM NAME Mattermost/input_TEST CHANNEL_searchBox'

2021-05-30 11:20:15 - [MESSAGE][PASSED] - Keys 'ENTER + ' sent to object: 'Object Repository/SearchMessage/Page_TEST CHANNEL - TEAM NAME Mattermost/input_TEST CHANNEL_searchBox'

2021-05-30 11:20:15 - [TEST_STEP][PASSED] - Thread.sleep(500): null

2021-05-30 11:20:16 - [TEST_STEP][PASSED] - message = internalSearchMessages.getValue(1, i): null

2021-05-30 11:20:16 - [TEST_STEP][PASSED] - setText(findTestObject("Object Repository/SearchMessage/Page_TEST CHANNEL - TEAM NAME Mattermost/input_TEST CHANNEL_searchBox"), message): Text 'not found this message' is set on object 'Object Repository/SearchMessage/Page_TEST CHANNEL - TEAM NAME Mattermost/input_TEST CHANNEL_searchBox'

2021-05-30 11:20:17 - [MESSAGE][PASSED] - Text 'not found this message' is set on object 'Object Repository/SearchMessage/Page_TEST CHANNEL - TEAM NAME Mattermost/input_TEST CHANNEL_searchBox'

2021-05-30 11:20:17 - [TEST_STEP][PASSED] - sendKeys(findTestObject("Object Repository/SearchMessage/Page_TEST CHANNEL - TEAM NAME Mattermost/input_TEST CHANNEL_searchBox"), Keys.chord(ENTER)): Keys 'ENTER + ' sent to object: 'Object Repository/SearchMessage/Page_TEST CHANNEL - TEAM NAME Mattermost/input_TEST CHANNEL_searchBox'

2021-05-30 11:20:18 - [MESSAGE][PASSED] - Keys 'ENTER + ' sent to object: 'Object Repository/SearchMessage/Page_TEST CHANNEL - TEAM NAME Mattermost/input_TEST CHANNEL_searchBox'

2021-05-30 11:20:18 - [TEST_STEP][PASSED] - Thread.sleep(500): null

2021-05-30 11:20:18 - [TEST_STEP][PASSED] - closeBrowser(): Browser is closed

2021-05-30 11:20:19 - [MESSAGE][PASSED] - Browser is closed]]></system-out>
         <system-err><![CDATA[]]></system-err>
      </testcase>
      <testcase name="Test Cases/Loop/Send direct messages" time="21.82" classname="Test Cases/Loop/Send direct messages" status="PASSED">
         <system-out><![CDATA[2021-05-30 11:20:19 - [TEST_CASE][PASSED] - Test Cases/Loop/Send direct messages: Test Cases/Loop/Send direct messages

2021-05-30 11:20:19 - [TEST_STEP][PASSED] - callTestCase(findTestCase("Common Test Cases/Login"), ["Username":"nttuan", "Password":"12345678zZ@"], STOP_ON_FAILURE): Call Test Case 'Test Cases/Common Test Cases/Login' successfully

2021-05-30 11:20:19 - [TEST_CASE][PASSED] - Test Cases/Common Test Cases/Login: Test Cases/Common Test Cases/Login

2021-05-30 11:20:19 - [TEST_STEP][PASSED] - openBrowser(""): Browser is opened with url: ''

2021-05-30 11:20:19 - [MESSAGE][INFO] - Starting 'Chrome' driver

2021-05-30 11:20:19 - [MESSAGE][INFO] - Action delay is set to 0 milliseconds

2021-05-30 11:20:20 - [MESSAGE][PASSED] - Browser is opened with url: ''

2021-05-30 11:20:20 - [TEST_STEP][PASSED] - navigateToUrl("https://chudenangcao2021.cf/"): Navigate to 'https://chudenangcao2021.cf/' successfully

2021-05-30 11:20:21 - [MESSAGE][PASSED] - Navigate to 'https://chudenangcao2021.cf/' successfully

2021-05-30 11:20:21 - [TEST_STEP][PASSED] - setText(findTestObject("Object Repository/Page_Mattermost/input_All team communication in one place, _dcc84b"), Username): Text 'nttuan' is set on object 'Object Repository/Page_Mattermost/input_All team communication in one place, _dcc84b'

2021-05-30 11:20:23 - [MESSAGE][PASSED] - Text 'nttuan' is set on object 'Object Repository/Page_Mattermost/input_All team communication in one place, _dcc84b'

2021-05-30 11:20:23 - [TEST_STEP][PASSED] - setText(findTestObject("Object Repository/Page_Mattermost/input_All team communication in one place, _a3edc6"), Password): Text '12345678zZ@' is set on object 'Object Repository/Page_Mattermost/input_All team communication in one place, _a3edc6'

2021-05-30 11:20:23 - [MESSAGE][PASSED] - Text '12345678zZ@' is set on object 'Object Repository/Page_Mattermost/input_All team communication in one place, _a3edc6'

2021-05-30 11:20:23 - [TEST_STEP][PASSED] - click(findTestObject("Object Repository/Page_Mattermost/button_Sign in")): Object: 'Object Repository/Page_Mattermost/button_Sign in' is clicked on

2021-05-30 11:20:24 - [MESSAGE][PASSED] - Object: 'Object Repository/Page_Mattermost/button_Sign in' is clicked on

2021-05-30 11:20:24 - [TEST_STEP][PASSED] - verifyLinksAccessible(["https://chudenangcao2021.cf/cdnc-cnpm-2021/channels"]): All links are accessible

2021-05-30 11:20:24 - [MESSAGE][INFO] - HAR: C:\Users\nttuan\Downloads\CDNC\mattermost-testing\Reports\20210530_111523\Run all test cases\20210530_111523\requests\main\31.har

2021-05-30 11:20:24 - [MESSAGE][PASSED] - Send request successfully

2021-05-30 11:20:24 - [MESSAGE][PASSED] - All links are accessible

2021-05-30 11:20:24 - [MESSAGE][PASSED] - Call Test Case 'Test Cases/Common Test Cases/Login' successfully

2021-05-30 11:20:24 - [TEST_STEP][PASSED] - click(findTestObject("Object Repository/Direct Message/Page_TEST CHANNEL - TEAM NAME Mattermost/i_DIRECT MESSAGES_icon-plus")): Object: 'Object Repository/Direct Message/Page_TEST CHANNEL - TEAM NAME Mattermost/i_DIRECT MESSAGES_icon-plus' is clicked on

2021-05-30 11:20:25 - [MESSAGE][PASSED] - Object: 'Object Repository/Direct Message/Page_TEST CHANNEL - TEAM NAME Mattermost/i_DIRECT MESSAGES_icon-plus' is clicked on

2021-05-30 11:20:25 - [TEST_STEP][PASSED] - setText(findTestObject("Object Repository/Direct Message/Page_TEST CHANNEL - TEAM NAME Mattermost/input_Search for people_react-select-2-input"), username): Text 'nguyenvanb' is set on object 'Object Repository/Direct Message/Page_TEST CHANNEL - TEAM NAME Mattermost/input_Search for people_react-select-2-input'

2021-05-30 11:20:26 - [MESSAGE][PASSED] - Text 'nguyenvanb' is set on object 'Object Repository/Direct Message/Page_TEST CHANNEL - TEAM NAME Mattermost/input_Search for people_react-select-2-input'

2021-05-30 11:20:26 - [TEST_STEP][PASSED] - sendKeys(findTestObject("Object Repository/Direct Message/Page_TEST CHANNEL - TEAM NAME Mattermost/input_Search for people_react-select-2-input"), Keys.chord(ENTER)): Keys 'ENTER + ' sent to object: 'Object Repository/Direct Message/Page_TEST CHANNEL - TEAM NAME Mattermost/input_Search for people_react-select-2-input'

2021-05-30 11:20:27 - [MESSAGE][PASSED] - Keys 'ENTER + ' sent to object: 'Object Repository/Direct Message/Page_TEST CHANNEL - TEAM NAME Mattermost/input_Search for people_react-select-2-input'

2021-05-30 11:20:27 - [TEST_STEP][PASSED] - click(findTestObject("Object Repository/Direct Message/Page_TEST CHANNEL - TEAM NAME Mattermost/button_Go")): Object: 'Object Repository/Direct Message/Page_TEST CHANNEL - TEAM NAME Mattermost/button_Go' is clicked on

2021-05-30 11:20:28 - [MESSAGE][PASSED] - Object: 'Object Repository/Direct Message/Page_TEST CHANNEL - TEAM NAME Mattermost/button_Go' is clicked on

2021-05-30 11:20:28 - [TEST_STEP][PASSED] - message = String.format("This test will sent %d direct messages using while loop", nMessage): null

2021-05-30 11:20:28 - [TEST_STEP][PASSED] - format = DateTimeFormatter.ofPattern("dd-MM-yyyy HH:mm:ss"): null

2021-05-30 11:20:28 - [TEST_STEP][PASSED] - setText(findTestObject("Object Repository/Direct Message/Page_nguyenvanb - TEAM NAME Mattermost/textarea_Write to nguyenvanb_post_textbox"), message): Text 'This test will sent 5 direct messages using while loop' is set on object 'Object Repository/Direct Message/Page_nguyenvanb - TEAM NAME Mattermost/textarea_Write to nguyenvanb_post_textbox'

2021-05-30 11:20:30 - [MESSAGE][PASSED] - Text 'This test will sent 5 direct messages using while loop' is set on object 'Object Repository/Direct Message/Page_nguyenvanb - TEAM NAME Mattermost/textarea_Write to nguyenvanb_post_textbox'

2021-05-30 11:20:30 - [TEST_STEP][PASSED] - sendKeys(findTestObject("Object Repository/Direct Message/Page_nguyenvanb - TEAM NAME Mattermost/textarea_Write to nguyenvanb_post_textbox"), Keys.chord(ENTER)): Keys 'ENTER + ' sent to object: 'Object Repository/Direct Message/Page_nguyenvanb - TEAM NAME Mattermost/textarea_Write to nguyenvanb_post_textbox'

2021-05-30 11:20:30 - [MESSAGE][PASSED] - Keys 'ENTER + ' sent to object: 'Object Repository/Direct Message/Page_nguyenvanb - TEAM NAME Mattermost/textarea_Write to nguyenvanb_post_textbox'

2021-05-30 11:20:30 - [TEST_STEP][PASSED] - while (nMessage > 0): null

2021-05-30 11:20:30 - [TEST_STEP][PASSED] - message = String.format("Sent message to %s at %s", username, now().format(format)): null

2021-05-30 11:20:30 - [TEST_STEP][PASSED] - setText(findTestObject("Object Repository/Direct Message/Page_nguyenvanb - TEAM NAME Mattermost/textarea_Write to nguyenvanb_post_textbox"), message): Text 'Sent message to nguyenvanb at 30-05-2021 12:20:30' is set on object 'Object Repository/Direct Message/Page_nguyenvanb - TEAM NAME Mattermost/textarea_Write to nguyenvanb_post_textbox'

2021-05-30 11:20:31 - [MESSAGE][PASSED] - Text 'Sent message to nguyenvanb at 30-05-2021 12:20:30' is set on object 'Object Repository/Direct Message/Page_nguyenvanb - TEAM NAME Mattermost/textarea_Write to nguyenvanb_post_textbox'

2021-05-30 11:20:31 - [TEST_STEP][PASSED] - sendKeys(findTestObject("Object Repository/Direct Message/Page_nguyenvanb - TEAM NAME Mattermost/textarea_Write to nguyenvanb_post_textbox"), Keys.chord(ENTER)): Keys 'ENTER + ' sent to object: 'Object Repository/Direct Message/Page_nguyenvanb - TEAM NAME Mattermost/textarea_Write to nguyenvanb_post_textbox'

2021-05-30 11:20:32 - [MESSAGE][PASSED] - Keys 'ENTER + ' sent to object: 'Object Repository/Direct Message/Page_nguyenvanb - TEAM NAME Mattermost/textarea_Write to nguyenvanb_post_textbox'

2021-05-30 11:20:32 - [TEST_STEP][PASSED] - Thread.sleep(500): null

2021-05-30 11:20:32 - [TEST_STEP][PASSED] - (nMessage--): null

2021-05-30 11:20:32 - [TEST_STEP][PASSED] - message = String.format("Sent message to %s at %s", username, now().format(format)): null

2021-05-30 11:20:32 - [TEST_STEP][PASSED] - setText(findTestObject("Object Repository/Direct Message/Page_nguyenvanb - TEAM NAME Mattermost/textarea_Write to nguyenvanb_post_textbox"), message): Text 'Sent message to nguyenvanb at 30-05-2021 12:20:32' is set on object 'Object Repository/Direct Message/Page_nguyenvanb - TEAM NAME Mattermost/textarea_Write to nguyenvanb_post_textbox'

2021-05-30 11:20:33 - [MESSAGE][PASSED] - Text 'Sent message to nguyenvanb at 30-05-2021 12:20:32' is set on object 'Object Repository/Direct Message/Page_nguyenvanb - TEAM NAME Mattermost/textarea_Write to nguyenvanb_post_textbox'

2021-05-30 11:20:33 - [TEST_STEP][PASSED] - sendKeys(findTestObject("Object Repository/Direct Message/Page_nguyenvanb - TEAM NAME Mattermost/textarea_Write to nguyenvanb_post_textbox"), Keys.chord(ENTER)): Keys 'ENTER + ' sent to object: 'Object Repository/Direct Message/Page_nguyenvanb - TEAM NAME Mattermost/textarea_Write to nguyenvanb_post_textbox'

2021-05-30 11:20:34 - [MESSAGE][PASSED] - Keys 'ENTER + ' sent to object: 'Object Repository/Direct Message/Page_nguyenvanb - TEAM NAME Mattermost/textarea_Write to nguyenvanb_post_textbox'

2021-05-30 11:20:34 - [TEST_STEP][PASSED] - Thread.sleep(500): null

2021-05-30 11:20:34 - [TEST_STEP][PASSED] - (nMessage--): null

2021-05-30 11:20:34 - [TEST_STEP][PASSED] - message = String.format("Sent message to %s at %s", username, now().format(format)): null

2021-05-30 11:20:34 - [TEST_STEP][PASSED] - setText(findTestObject("Object Repository/Direct Message/Page_nguyenvanb - TEAM NAME Mattermost/textarea_Write to nguyenvanb_post_textbox"), message): Text 'Sent message to nguyenvanb at 30-05-2021 12:20:34' is set on object 'Object Repository/Direct Message/Page_nguyenvanb - TEAM NAME Mattermost/textarea_Write to nguyenvanb_post_textbox'

2021-05-30 11:20:35 - [MESSAGE][PASSED] - Text 'Sent message to nguyenvanb at 30-05-2021 12:20:34' is set on object 'Object Repository/Direct Message/Page_nguyenvanb - TEAM NAME Mattermost/textarea_Write to nguyenvanb_post_textbox'

2021-05-30 11:20:35 - [TEST_STEP][PASSED] - sendKeys(findTestObject("Object Repository/Direct Message/Page_nguyenvanb - TEAM NAME Mattermost/textarea_Write to nguyenvanb_post_textbox"), Keys.chord(ENTER)): Keys 'ENTER + ' sent to object: 'Object Repository/Direct Message/Page_nguyenvanb - TEAM NAME Mattermost/textarea_Write to nguyenvanb_post_textbox'

2021-05-30 11:20:36 - [MESSAGE][PASSED] - Keys 'ENTER + ' sent to object: 'Object Repository/Direct Message/Page_nguyenvanb - TEAM NAME Mattermost/textarea_Write to nguyenvanb_post_textbox'

2021-05-30 11:20:36 - [TEST_STEP][PASSED] - Thread.sleep(500): null

2021-05-30 11:20:36 - [TEST_STEP][PASSED] - (nMessage--): null

2021-05-30 11:20:36 - [TEST_STEP][PASSED] - message = String.format("Sent message to %s at %s", username, now().format(format)): null

2021-05-30 11:20:36 - [TEST_STEP][PASSED] - setText(findTestObject("Object Repository/Direct Message/Page_nguyenvanb - TEAM NAME Mattermost/textarea_Write to nguyenvanb_post_textbox"), message): Text 'Sent message to nguyenvanb at 30-05-2021 12:20:36' is set on object 'Object Repository/Direct Message/Page_nguyenvanb - TEAM NAME Mattermost/textarea_Write to nguyenvanb_post_textbox'

2021-05-30 11:20:37 - [MESSAGE][PASSED] - Text 'Sent message to nguyenvanb at 30-05-2021 12:20:36' is set on object 'Object Repository/Direct Message/Page_nguyenvanb - TEAM NAME Mattermost/textarea_Write to nguyenvanb_post_textbox'

2021-05-30 11:20:37 - [TEST_STEP][PASSED] - sendKeys(findTestObject("Object Repository/Direct Message/Page_nguyenvanb - TEAM NAME Mattermost/textarea_Write to nguyenvanb_post_textbox"), Keys.chord(ENTER)): Keys 'ENTER + ' sent to object: 'Object Repository/Direct Message/Page_nguyenvanb - TEAM NAME Mattermost/textarea_Write to nguyenvanb_post_textbox'

2021-05-30 11:20:38 - [MESSAGE][PASSED] - Keys 'ENTER + ' sent to object: 'Object Repository/Direct Message/Page_nguyenvanb - TEAM NAME Mattermost/textarea_Write to nguyenvanb_post_textbox'

2021-05-30 11:20:38 - [TEST_STEP][PASSED] - Thread.sleep(500): null

2021-05-30 11:20:38 - [TEST_STEP][PASSED] - (nMessage--): null

2021-05-30 11:20:38 - [TEST_STEP][PASSED] - message = String.format("Sent message to %s at %s", username, now().format(format)): null

2021-05-30 11:20:38 - [TEST_STEP][PASSED] - setText(findTestObject("Object Repository/Direct Message/Page_nguyenvanb - TEAM NAME Mattermost/textarea_Write to nguyenvanb_post_textbox"), message): Text 'Sent message to nguyenvanb at 30-05-2021 12:20:38' is set on object 'Object Repository/Direct Message/Page_nguyenvanb - TEAM NAME Mattermost/textarea_Write to nguyenvanb_post_textbox'

2021-05-30 11:20:39 - [MESSAGE][PASSED] - Text 'Sent message to nguyenvanb at 30-05-2021 12:20:38' is set on object 'Object Repository/Direct Message/Page_nguyenvanb - TEAM NAME Mattermost/textarea_Write to nguyenvanb_post_textbox'

2021-05-30 11:20:39 - [TEST_STEP][PASSED] - sendKeys(findTestObject("Object Repository/Direct Message/Page_nguyenvanb - TEAM NAME Mattermost/textarea_Write to nguyenvanb_post_textbox"), Keys.chord(ENTER)): Keys 'ENTER + ' sent to object: 'Object Repository/Direct Message/Page_nguyenvanb - TEAM NAME Mattermost/textarea_Write to nguyenvanb_post_textbox'

2021-05-30 11:20:39 - [MESSAGE][PASSED] - Keys 'ENTER + ' sent to object: 'Object Repository/Direct Message/Page_nguyenvanb - TEAM NAME Mattermost/textarea_Write to nguyenvanb_post_textbox'

2021-05-30 11:20:39 - [TEST_STEP][PASSED] - Thread.sleep(500): null

2021-05-30 11:20:40 - [TEST_STEP][PASSED] - (nMessage--): null

2021-05-30 11:20:40 - [TEST_STEP][PASSED] - closeBrowser(): Browser is closed

2021-05-30 11:20:41 - [MESSAGE][PASSED] - Browser is closed]]></system-out>
         <system-err><![CDATA[]]></system-err>
      </testcase>
      <testcase name="Test Cases/Loop/Send messages to private channel" time="18.363" classname="Test Cases/Loop/Send messages to private channel" status="PASSED">
         <system-out><![CDATA[2021-05-30 11:20:41 - [TEST_CASE][PASSED] - Test Cases/Loop/Send messages to private channel: Test Cases/Loop/Send messages to private channel

2021-05-30 11:20:41 - [TEST_STEP][PASSED] - callTestCase(findTestCase("Common Test Cases/Login"), ["Username":"nttuan", "Password":"12345678zZ@"], STOP_ON_FAILURE): Call Test Case 'Test Cases/Common Test Cases/Login' successfully

2021-05-30 11:20:41 - [TEST_CASE][PASSED] - Test Cases/Common Test Cases/Login: Test Cases/Common Test Cases/Login

2021-05-30 11:20:41 - [TEST_STEP][PASSED] - openBrowser(""): Browser is opened with url: ''

2021-05-30 11:20:41 - [MESSAGE][INFO] - Starting 'Chrome' driver

2021-05-30 11:20:41 - [MESSAGE][INFO] - Action delay is set to 0 milliseconds

2021-05-30 11:20:42 - [MESSAGE][PASSED] - Browser is opened with url: ''

2021-05-30 11:20:42 - [TEST_STEP][PASSED] - navigateToUrl("https://chudenangcao2021.cf/"): Navigate to 'https://chudenangcao2021.cf/' successfully

2021-05-30 11:20:43 - [MESSAGE][PASSED] - Navigate to 'https://chudenangcao2021.cf/' successfully

2021-05-30 11:20:43 - [TEST_STEP][PASSED] - setText(findTestObject("Object Repository/Page_Mattermost/input_All team communication in one place, _dcc84b"), Username): Text 'nttuan' is set on object 'Object Repository/Page_Mattermost/input_All team communication in one place, _dcc84b'

2021-05-30 11:20:44 - [MESSAGE][PASSED] - Text 'nttuan' is set on object 'Object Repository/Page_Mattermost/input_All team communication in one place, _dcc84b'

2021-05-30 11:20:44 - [TEST_STEP][PASSED] - setText(findTestObject("Object Repository/Page_Mattermost/input_All team communication in one place, _a3edc6"), Password): Text '12345678zZ@' is set on object 'Object Repository/Page_Mattermost/input_All team communication in one place, _a3edc6'

2021-05-30 11:20:45 - [MESSAGE][PASSED] - Text '12345678zZ@' is set on object 'Object Repository/Page_Mattermost/input_All team communication in one place, _a3edc6'

2021-05-30 11:20:45 - [TEST_STEP][PASSED] - click(findTestObject("Object Repository/Page_Mattermost/button_Sign in")): Object: 'Object Repository/Page_Mattermost/button_Sign in' is clicked on

2021-05-30 11:20:45 - [MESSAGE][PASSED] - Object: 'Object Repository/Page_Mattermost/button_Sign in' is clicked on

2021-05-30 11:20:45 - [TEST_STEP][PASSED] - verifyLinksAccessible(["https://chudenangcao2021.cf/cdnc-cnpm-2021/channels"]): All links are accessible

2021-05-30 11:20:45 - [MESSAGE][INFO] - HAR: C:\Users\nttuan\Downloads\CDNC\mattermost-testing\Reports\20210530_111523\Run all test cases\20210530_111523\requests\main\32.har

2021-05-30 11:20:45 - [MESSAGE][PASSED] - Send request successfully

2021-05-30 11:20:45 - [MESSAGE][PASSED] - All links are accessible

2021-05-30 11:20:45 - [MESSAGE][PASSED] - Call Test Case 'Test Cases/Common Test Cases/Login' successfully

2021-05-30 11:20:45 - [TEST_STEP][PASSED] - click(findTestObject("Object Repository/Private Channel/Page_TEST CHANNEL - TEAM NAME Mattermost/span_private channel")): Object: 'Object Repository/Private Channel/Page_TEST CHANNEL - TEAM NAME Mattermost/span_private channel' is clicked on

2021-05-30 11:20:47 - [MESSAGE][PASSED] - Object: 'Object Repository/Private Channel/Page_TEST CHANNEL - TEAM NAME Mattermost/span_private channel' is clicked on

2021-05-30 11:20:47 - [TEST_STEP][PASSED] - message = String.format("This test will sent %d messages using while loop", nMessage): null

2021-05-30 11:20:47 - [TEST_STEP][PASSED] - format = DateTimeFormatter.ofPattern("dd-MM-yyyy HH:mm:ss"): null

2021-05-30 11:20:47 - [TEST_STEP][PASSED] - setText(findTestObject("Object Repository/Private Channel/Page_private channel - TEAM NAME Mattermost/textarea_Write to private channel_post_textbox"), message): Text 'This test will sent 5 messages using while loop' is set on object 'Object Repository/Private Channel/Page_private channel - TEAM NAME Mattermost/textarea_Write to private channel_post_textbox'

2021-05-30 11:20:48 - [MESSAGE][PASSED] - Text 'This test will sent 5 messages using while loop' is set on object 'Object Repository/Private Channel/Page_private channel - TEAM NAME Mattermost/textarea_Write to private channel_post_textbox'

2021-05-30 11:20:48 - [TEST_STEP][PASSED] - sendKeys(findTestObject("Object Repository/Private Channel/Page_private channel - TEAM NAME Mattermost/textarea_Write to private channel_post_textbox"), Keys.chord(ENTER)): Keys 'ENTER + ' sent to object: 'Object Repository/Private Channel/Page_private channel - TEAM NAME Mattermost/textarea_Write to private channel_post_textbox'

2021-05-30 11:20:49 - [MESSAGE][PASSED] - Keys 'ENTER + ' sent to object: 'Object Repository/Private Channel/Page_private channel - TEAM NAME Mattermost/textarea_Write to private channel_post_textbox'

2021-05-30 11:20:49 - [TEST_STEP][PASSED] - while (nMessage > 0): null

2021-05-30 11:20:49 - [TEST_STEP][PASSED] - message = String.format("Send messages to private channel at %s", now().format(format)): null

2021-05-30 11:20:49 - [TEST_STEP][PASSED] - setText(findTestObject("Object Repository/Private Channel/Page_private channel - TEAM NAME Mattermost/textarea_Write to private channel_post_textbox"), message): Text 'Send messages to private channel at 30-05-2021 12:20:49' is set on object 'Object Repository/Private Channel/Page_private channel - TEAM NAME Mattermost/textarea_Write to private channel_post_textbox'

2021-05-30 11:20:50 - [MESSAGE][PASSED] - Text 'Send messages to private channel at 30-05-2021 12:20:49' is set on object 'Object Repository/Private Channel/Page_private channel - TEAM NAME Mattermost/textarea_Write to private channel_post_textbox'

2021-05-30 11:20:50 - [TEST_STEP][PASSED] - sendKeys(findTestObject("Object Repository/Private Channel/Page_private channel - TEAM NAME Mattermost/textarea_Write to private channel_post_textbox"), Keys.chord(ENTER)): Keys 'ENTER + ' sent to object: 'Object Repository/Private Channel/Page_private channel - TEAM NAME Mattermost/textarea_Write to private channel_post_textbox'

2021-05-30 11:20:50 - [MESSAGE][PASSED] - Keys 'ENTER + ' sent to object: 'Object Repository/Private Channel/Page_private channel - TEAM NAME Mattermost/textarea_Write to private channel_post_textbox'

2021-05-30 11:20:50 - [TEST_STEP][PASSED] - Thread.sleep(500): null

2021-05-30 11:20:51 - [TEST_STEP][PASSED] - (nMessage--): null

2021-05-30 11:20:51 - [TEST_STEP][PASSED] - message = String.format("Send messages to private channel at %s", now().format(format)): null

2021-05-30 11:20:51 - [TEST_STEP][PASSED] - setText(findTestObject("Object Repository/Private Channel/Page_private channel - TEAM NAME Mattermost/textarea_Write to private channel_post_textbox"), message): Text 'Send messages to private channel at 30-05-2021 12:20:51' is set on object 'Object Repository/Private Channel/Page_private channel - TEAM NAME Mattermost/textarea_Write to private channel_post_textbox'

2021-05-30 11:20:52 - [MESSAGE][PASSED] - Text 'Send messages to private channel at 30-05-2021 12:20:51' is set on object 'Object Repository/Private Channel/Page_private channel - TEAM NAME Mattermost/textarea_Write to private channel_post_textbox'

2021-05-30 11:20:52 - [TEST_STEP][PASSED] - sendKeys(findTestObject("Object Repository/Private Channel/Page_private channel - TEAM NAME Mattermost/textarea_Write to private channel_post_textbox"), Keys.chord(ENTER)): Keys 'ENTER + ' sent to object: 'Object Repository/Private Channel/Page_private channel - TEAM NAME Mattermost/textarea_Write to private channel_post_textbox'

2021-05-30 11:20:52 - [MESSAGE][PASSED] - Keys 'ENTER + ' sent to object: 'Object Repository/Private Channel/Page_private channel - TEAM NAME Mattermost/textarea_Write to private channel_post_textbox'

2021-05-30 11:20:52 - [TEST_STEP][PASSED] - Thread.sleep(500): null

2021-05-30 11:20:53 - [TEST_STEP][PASSED] - (nMessage--): null

2021-05-30 11:20:53 - [TEST_STEP][PASSED] - message = String.format("Send messages to private channel at %s", now().format(format)): null

2021-05-30 11:20:53 - [TEST_STEP][PASSED] - setText(findTestObject("Object Repository/Private Channel/Page_private channel - TEAM NAME Mattermost/textarea_Write to private channel_post_textbox"), message): Text 'Send messages to private channel at 30-05-2021 12:20:53' is set on object 'Object Repository/Private Channel/Page_private channel - TEAM NAME Mattermost/textarea_Write to private channel_post_textbox'

2021-05-30 11:20:53 - [MESSAGE][PASSED] - Text 'Send messages to private channel at 30-05-2021 12:20:53' is set on object 'Object Repository/Private Channel/Page_private channel - TEAM NAME Mattermost/textarea_Write to private channel_post_textbox'

2021-05-30 11:20:53 - [TEST_STEP][PASSED] - sendKeys(findTestObject("Object Repository/Private Channel/Page_private channel - TEAM NAME Mattermost/textarea_Write to private channel_post_textbox"), Keys.chord(ENTER)): Keys 'ENTER + ' sent to object: 'Object Repository/Private Channel/Page_private channel - TEAM NAME Mattermost/textarea_Write to private channel_post_textbox'

2021-05-30 11:20:54 - [MESSAGE][PASSED] - Keys 'ENTER + ' sent to object: 'Object Repository/Private Channel/Page_private channel - TEAM NAME Mattermost/textarea_Write to private channel_post_textbox'

2021-05-30 11:20:54 - [TEST_STEP][PASSED] - Thread.sleep(500): null

2021-05-30 11:20:54 - [TEST_STEP][PASSED] - (nMessage--): null

2021-05-30 11:20:54 - [TEST_STEP][PASSED] - message = String.format("Send messages to private channel at %s", now().format(format)): null

2021-05-30 11:20:54 - [TEST_STEP][PASSED] - setText(findTestObject("Object Repository/Private Channel/Page_private channel - TEAM NAME Mattermost/textarea_Write to private channel_post_textbox"), message): Text 'Send messages to private channel at 30-05-2021 12:20:54' is set on object 'Object Repository/Private Channel/Page_private channel - TEAM NAME Mattermost/textarea_Write to private channel_post_textbox'

2021-05-30 11:20:55 - [MESSAGE][PASSED] - Text 'Send messages to private channel at 30-05-2021 12:20:54' is set on object 'Object Repository/Private Channel/Page_private channel - TEAM NAME Mattermost/textarea_Write to private channel_post_textbox'

2021-05-30 11:20:55 - [TEST_STEP][PASSED] - sendKeys(findTestObject("Object Repository/Private Channel/Page_private channel - TEAM NAME Mattermost/textarea_Write to private channel_post_textbox"), Keys.chord(ENTER)): Keys 'ENTER + ' sent to object: 'Object Repository/Private Channel/Page_private channel - TEAM NAME Mattermost/textarea_Write to private channel_post_textbox'

2021-05-30 11:20:56 - [MESSAGE][PASSED] - Keys 'ENTER + ' sent to object: 'Object Repository/Private Channel/Page_private channel - TEAM NAME Mattermost/textarea_Write to private channel_post_textbox'

2021-05-30 11:20:56 - [TEST_STEP][PASSED] - Thread.sleep(500): null

2021-05-30 11:20:56 - [TEST_STEP][PASSED] - (nMessage--): null

2021-05-30 11:20:56 - [TEST_STEP][PASSED] - message = String.format("Send messages to private channel at %s", now().format(format)): null

2021-05-30 11:20:56 - [TEST_STEP][PASSED] - setText(findTestObject("Object Repository/Private Channel/Page_private channel - TEAM NAME Mattermost/textarea_Write to private channel_post_textbox"), message): Text 'Send messages to private channel at 30-05-2021 12:20:56' is set on object 'Object Repository/Private Channel/Page_private channel - TEAM NAME Mattermost/textarea_Write to private channel_post_textbox'

2021-05-30 11:20:57 - [MESSAGE][PASSED] - Text 'Send messages to private channel at 30-05-2021 12:20:56' is set on object 'Object Repository/Private Channel/Page_private channel - TEAM NAME Mattermost/textarea_Write to private channel_post_textbox'

2021-05-30 11:20:57 - [TEST_STEP][PASSED] - sendKeys(findTestObject("Object Repository/Private Channel/Page_private channel - TEAM NAME Mattermost/textarea_Write to private channel_post_textbox"), Keys.chord(ENTER)): Keys 'ENTER + ' sent to object: 'Object Repository/Private Channel/Page_private channel - TEAM NAME Mattermost/textarea_Write to private channel_post_textbox'

2021-05-30 11:20:58 - [MESSAGE][PASSED] - Keys 'ENTER + ' sent to object: 'Object Repository/Private Channel/Page_private channel - TEAM NAME Mattermost/textarea_Write to private channel_post_textbox'

2021-05-30 11:20:58 - [TEST_STEP][PASSED] - Thread.sleep(500): null

2021-05-30 11:20:58 - [TEST_STEP][PASSED] - (nMessage--): null

2021-05-30 11:20:58 - [TEST_STEP][PASSED] - closeBrowser(): Browser is closed

2021-05-30 11:20:59 - [MESSAGE][PASSED] - Browser is closed]]></system-out>
         <system-err><![CDATA[]]></system-err>
      </testcase>
      <testcase name="Test Cases/Loop/Send messages to public channel" time="14.476" classname="Test Cases/Loop/Send messages to public channel" status="PASSED">
         <system-out><![CDATA[2021-05-30 11:20:59 - [TEST_CASE][PASSED] - Test Cases/Loop/Send messages to public channel: Test Cases/Loop/Send messages to public channel

2021-05-30 11:20:59 - [TEST_STEP][PASSED] - callTestCase(findTestCase("Common Test Cases/Login"), ["Username":"nttuan", "Password":"12345678zZ@"], STOP_ON_FAILURE): Call Test Case 'Test Cases/Common Test Cases/Login' successfully

2021-05-30 11:20:59 - [TEST_CASE][PASSED] - Test Cases/Common Test Cases/Login: Test Cases/Common Test Cases/Login

2021-05-30 11:20:59 - [TEST_STEP][PASSED] - openBrowser(""): Browser is opened with url: ''

2021-05-30 11:20:59 - [MESSAGE][INFO] - Starting 'Chrome' driver

2021-05-30 11:20:59 - [MESSAGE][INFO] - Action delay is set to 0 milliseconds

2021-05-30 11:21:01 - [MESSAGE][PASSED] - Browser is opened with url: ''

2021-05-30 11:21:01 - [TEST_STEP][PASSED] - navigateToUrl("https://chudenangcao2021.cf/"): Navigate to 'https://chudenangcao2021.cf/' successfully

2021-05-30 11:21:01 - [MESSAGE][PASSED] - Navigate to 'https://chudenangcao2021.cf/' successfully

2021-05-30 11:21:01 - [TEST_STEP][PASSED] - setText(findTestObject("Object Repository/Page_Mattermost/input_All team communication in one place, _dcc84b"), Username): Text 'nttuan' is set on object 'Object Repository/Page_Mattermost/input_All team communication in one place, _dcc84b'

2021-05-30 11:21:02 - [MESSAGE][PASSED] - Text 'nttuan' is set on object 'Object Repository/Page_Mattermost/input_All team communication in one place, _dcc84b'

2021-05-30 11:21:02 - [TEST_STEP][PASSED] - setText(findTestObject("Object Repository/Page_Mattermost/input_All team communication in one place, _a3edc6"), Password): Text '12345678zZ@' is set on object 'Object Repository/Page_Mattermost/input_All team communication in one place, _a3edc6'

2021-05-30 11:21:03 - [MESSAGE][PASSED] - Text '12345678zZ@' is set on object 'Object Repository/Page_Mattermost/input_All team communication in one place, _a3edc6'

2021-05-30 11:21:03 - [TEST_STEP][PASSED] - click(findTestObject("Object Repository/Page_Mattermost/button_Sign in")): Object: 'Object Repository/Page_Mattermost/button_Sign in' is clicked on

2021-05-30 11:21:04 - [MESSAGE][PASSED] - Object: 'Object Repository/Page_Mattermost/button_Sign in' is clicked on

2021-05-30 11:21:04 - [TEST_STEP][PASSED] - verifyLinksAccessible(["https://chudenangcao2021.cf/cdnc-cnpm-2021/channels"]): All links are accessible

2021-05-30 11:21:04 - [MESSAGE][INFO] - HAR: C:\Users\nttuan\Downloads\CDNC\mattermost-testing\Reports\20210530_111523\Run all test cases\20210530_111523\requests\main\33.har

2021-05-30 11:21:04 - [MESSAGE][PASSED] - Send request successfully

2021-05-30 11:21:04 - [MESSAGE][PASSED] - All links are accessible

2021-05-30 11:21:04 - [MESSAGE][PASSED] - Call Test Case 'Test Cases/Common Test Cases/Login' successfully

2021-05-30 11:21:04 - [TEST_STEP][PASSED] - click(findTestObject("Page_TEST CHANNEL - TEAM NAME Mattermost/Page_TEST CHANNEL - TEAM NAME Mattermost/a_TEST CHANNEL")): Object: 'Object Repository/Page_TEST CHANNEL - TEAM NAME Mattermost/Page_TEST CHANNEL - TEAM NAME Mattermost/a_TEST CHANNEL' is clicked on

2021-05-30 11:21:05 - [MESSAGE][PASSED] - Object: 'Object Repository/Page_TEST CHANNEL - TEAM NAME Mattermost/Page_TEST CHANNEL - TEAM NAME Mattermost/a_TEST CHANNEL' is clicked on

2021-05-30 11:21:05 - [TEST_STEP][PASSED] - message = String.format("This test will sent %d messages using while loop", nMessage): null

2021-05-30 11:21:05 - [TEST_STEP][PASSED] - format = DateTimeFormatter.ofPattern("dd-MM-yyyy HH:mm:ss"): null

2021-05-30 11:21:05 - [TEST_STEP][PASSED] - setText(findTestObject("Page_TEST CHANNEL - TEAM NAME Mattermost/textarea_Write to TEST CHANNEL_post_textbox"), message): Text 'This test will sent 3 messages using while loop' is set on object 'Object Repository/Page_TEST CHANNEL - TEAM NAME Mattermost/textarea_Write to TEST CHANNEL_post_textbox'

2021-05-30 11:21:06 - [MESSAGE][PASSED] - Text 'This test will sent 3 messages using while loop' is set on object 'Object Repository/Page_TEST CHANNEL - TEAM NAME Mattermost/textarea_Write to TEST CHANNEL_post_textbox'

2021-05-30 11:21:06 - [TEST_STEP][PASSED] - sendKeys(findTestObject("Page_TEST CHANNEL - TEAM NAME Mattermost/textarea_Write to TEST CHANNEL_post_textbox"), Keys.chord(ENTER)): Keys 'ENTER + ' sent to object: 'Object Repository/Page_TEST CHANNEL - TEAM NAME Mattermost/textarea_Write to TEST CHANNEL_post_textbox'

2021-05-30 11:21:07 - [MESSAGE][PASSED] - Keys 'ENTER + ' sent to object: 'Object Repository/Page_TEST CHANNEL - TEAM NAME Mattermost/textarea_Write to TEST CHANNEL_post_textbox'

2021-05-30 11:21:07 - [TEST_STEP][PASSED] - while (nMessage > 0): null

2021-05-30 11:21:07 - [TEST_STEP][PASSED] - message = String.format("Send messages to public channel at %s", now().format(format)): null

2021-05-30 11:21:07 - [TEST_STEP][PASSED] - setText(findTestObject("Page_TEST CHANNEL - TEAM NAME Mattermost/textarea_Write to TEST CHANNEL_post_textbox"), message): Text 'Send messages to public channel at 30-05-2021 12:21:07' is set on object 'Object Repository/Page_TEST CHANNEL - TEAM NAME Mattermost/textarea_Write to TEST CHANNEL_post_textbox'

2021-05-30 11:21:08 - [MESSAGE][PASSED] - Text 'Send messages to public channel at 30-05-2021 12:21:07' is set on object 'Object Repository/Page_TEST CHANNEL - TEAM NAME Mattermost/textarea_Write to TEST CHANNEL_post_textbox'

2021-05-30 11:21:08 - [TEST_STEP][PASSED] - sendKeys(findTestObject("Page_TEST CHANNEL - TEAM NAME Mattermost/textarea_Write to TEST CHANNEL_post_textbox"), Keys.chord(ENTER)): Keys 'ENTER + ' sent to object: 'Object Repository/Page_TEST CHANNEL - TEAM NAME Mattermost/textarea_Write to TEST CHANNEL_post_textbox'

2021-05-30 11:21:08 - [MESSAGE][PASSED] - Keys 'ENTER + ' sent to object: 'Object Repository/Page_TEST CHANNEL - TEAM NAME Mattermost/textarea_Write to TEST CHANNEL_post_textbox'

2021-05-30 11:21:08 - [TEST_STEP][PASSED] - Thread.sleep(500): null

2021-05-30 11:21:09 - [TEST_STEP][PASSED] - (nMessage--): null

2021-05-30 11:21:09 - [TEST_STEP][PASSED] - message = String.format("Send messages to public channel at %s", now().format(format)): null

2021-05-30 11:21:09 - [TEST_STEP][PASSED] - setText(findTestObject("Page_TEST CHANNEL - TEAM NAME Mattermost/textarea_Write to TEST CHANNEL_post_textbox"), message): Text 'Send messages to public channel at 30-05-2021 12:21:09' is set on object 'Object Repository/Page_TEST CHANNEL - TEAM NAME Mattermost/textarea_Write to TEST CHANNEL_post_textbox'

2021-05-30 11:21:10 - [MESSAGE][PASSED] - Text 'Send messages to public channel at 30-05-2021 12:21:09' is set on object 'Object Repository/Page_TEST CHANNEL - TEAM NAME Mattermost/textarea_Write to TEST CHANNEL_post_textbox'

2021-05-30 11:21:10 - [TEST_STEP][PASSED] - sendKeys(findTestObject("Page_TEST CHANNEL - TEAM NAME Mattermost/textarea_Write to TEST CHANNEL_post_textbox"), Keys.chord(ENTER)): Keys 'ENTER + ' sent to object: 'Object Repository/Page_TEST CHANNEL - TEAM NAME Mattermost/textarea_Write to TEST CHANNEL_post_textbox'

2021-05-30 11:21:10 - [MESSAGE][PASSED] - Keys 'ENTER + ' sent to object: 'Object Repository/Page_TEST CHANNEL - TEAM NAME Mattermost/textarea_Write to TEST CHANNEL_post_textbox'

2021-05-30 11:21:10 - [TEST_STEP][PASSED] - Thread.sleep(500): null

2021-05-30 11:21:11 - [TEST_STEP][PASSED] - (nMessage--): null

2021-05-30 11:21:11 - [TEST_STEP][PASSED] - message = String.format("Send messages to public channel at %s", now().format(format)): null

2021-05-30 11:21:11 - [TEST_STEP][PASSED] - setText(findTestObject("Page_TEST CHANNEL - TEAM NAME Mattermost/textarea_Write to TEST CHANNEL_post_textbox"), message): Text 'Send messages to public channel at 30-05-2021 12:21:11' is set on object 'Object Repository/Page_TEST CHANNEL - TEAM NAME Mattermost/textarea_Write to TEST CHANNEL_post_textbox'

2021-05-30 11:21:12 - [MESSAGE][PASSED] - Text 'Send messages to public channel at 30-05-2021 12:21:11' is set on object 'Object Repository/Page_TEST CHANNEL - TEAM NAME Mattermost/textarea_Write to TEST CHANNEL_post_textbox'

2021-05-30 11:21:12 - [TEST_STEP][PASSED] - sendKeys(findTestObject("Page_TEST CHANNEL - TEAM NAME Mattermost/textarea_Write to TEST CHANNEL_post_textbox"), Keys.chord(ENTER)): Keys 'ENTER + ' sent to object: 'Object Repository/Page_TEST CHANNEL - TEAM NAME Mattermost/textarea_Write to TEST CHANNEL_post_textbox'

2021-05-30 11:21:12 - [MESSAGE][PASSED] - Keys 'ENTER + ' sent to object: 'Object Repository/Page_TEST CHANNEL - TEAM NAME Mattermost/textarea_Write to TEST CHANNEL_post_textbox'

2021-05-30 11:21:12 - [TEST_STEP][PASSED] - Thread.sleep(500): null

2021-05-30 11:21:13 - [TEST_STEP][PASSED] - (nMessage--): null

2021-05-30 11:21:13 - [TEST_STEP][PASSED] - closeBrowser(): Browser is closed

2021-05-30 11:21:13 - [MESSAGE][PASSED] - Browser is closed]]></system-out>
         <system-err><![CDATA[]]></system-err>
      </testcase>
      <testcase name="Test Cases/Internal Test Cases/CreateCategory" time="20.17" classname="Test Cases/Internal Test Cases/CreateCategory" status="PASSED">
         <system-out><![CDATA[2021-05-30 11:21:13 - [TEST_CASE][PASSED] - Test Cases/Internal Test Cases/CreateCategory: Test Cases/Internal Test Cases/CreateCategory

2021-05-30 11:21:14 - [TEST_STEP][PASSED] - callTestCase(findTestCase("Internal Test Cases/Successful Login"), ["Username":"", "Password":""], STOP_ON_FAILURE): Call Test Case 'Test Cases/Internal Test Cases/Successful Login' successfully

2021-05-30 11:21:14 - [TEST_CASE][PASSED] - Test Cases/Internal Test Cases/Successful Login: Test Cases/Internal Test Cases/Successful Login

2021-05-30 11:21:14 - [TEST_STEP][PASSED] - openBrowser(""): Browser is opened with url: ''

2021-05-30 11:21:14 - [MESSAGE][INFO] - Starting 'Chrome' driver

2021-05-30 11:21:14 - [MESSAGE][INFO] - Action delay is set to 0 milliseconds

2021-05-30 11:21:15 - [MESSAGE][PASSED] - Browser is opened with url: ''

2021-05-30 11:21:15 - [TEST_STEP][PASSED] - navigateToUrl("https://chudenangcao2021.cf/"): Navigate to 'https://chudenangcao2021.cf/' successfully

2021-05-30 11:21:16 - [MESSAGE][PASSED] - Navigate to 'https://chudenangcao2021.cf/' successfully

2021-05-30 11:21:16 - [TEST_STEP][PASSED] - setText(findTestObject("Object Repository/Page_Mattermost/input_All team communication in one place, _dcc84b"), findTestData("Internal/Internal Login Data").getValue(1, 1)): Text 'nguyenvanb' is set on object 'Object Repository/Page_Mattermost/input_All team communication in one place, _dcc84b'

2021-05-30 11:21:17 - [MESSAGE][PASSED] - Text 'nguyenvanb' is set on object 'Object Repository/Page_Mattermost/input_All team communication in one place, _dcc84b'

2021-05-30 11:21:17 - [TEST_STEP][PASSED] - setEncryptedText(findTestObject("Object Repository/Page_Mattermost/input_All team communication in one place, _a3edc6"), findTestData("Internal/Internal Login Data").getValue(2, 1)): Text ****** has been set on object 'Object Repository/Page_Mattermost/input_All team communication in one place, _a3edc6'

2021-05-30 11:21:18 - [MESSAGE][PASSED] - Text ****** has been set on object 'Object Repository/Page_Mattermost/input_All team communication in one place, _a3edc6'

2021-05-30 11:21:18 - [TEST_STEP][PASSED] - click(findTestObject("Object Repository/Page_Mattermost/button_Sign in")): Object: 'Object Repository/Page_Mattermost/button_Sign in' is clicked on

2021-05-30 11:21:18 - [MESSAGE][PASSED] - Object: 'Object Repository/Page_Mattermost/button_Sign in' is clicked on

2021-05-30 11:21:18 - [TEST_STEP][PASSED] - verifyLinksAccessible(["https://chudenangcao2021.cf/cdnc-cnpm-2021/channels"]): All links are accessible

2021-05-30 11:21:18 - [MESSAGE][INFO] - HAR: C:\Users\nttuan\Downloads\CDNC\mattermost-testing\Reports\20210530_111523\Run all test cases\20210530_111523\requests\main\34.har

2021-05-30 11:21:18 - [MESSAGE][PASSED] - Send request successfully

2021-05-30 11:21:18 - [MESSAGE][PASSED] - All links are accessible

2021-05-30 11:21:18 - [MESSAGE][PASSED] - Call Test Case 'Test Cases/Internal Test Cases/Successful Login' successfully

2021-05-30 11:21:18 - [TEST_STEP][PASSED] - for ([rowNum = 1, rowNum <= findTestData("Internal/Internal Category").getRowNumbers(), (rowNum++)]): Object: 'Object Repository/CreateCtegory/Page_TEST CHANNEL - TEAM NAME Mattermost/span_Create' is clicked on

2021-05-30 11:21:18 - [TEST_STEP][PASSED] - click(findTestObject("Object Repository/CreateCtegory/Page_TEST CHANNEL - TEAM NAME Mattermost/i_CtrlK_icon-plus")): Object: 'Object Repository/CreateCtegory/Page_TEST CHANNEL - TEAM NAME Mattermost/i_CtrlK_icon-plus' is clicked on

2021-05-30 11:21:20 - [MESSAGE][PASSED] - Object: 'Object Repository/CreateCtegory/Page_TEST CHANNEL - TEAM NAME Mattermost/i_CtrlK_icon-plus' is clicked on

2021-05-30 11:21:20 - [TEST_STEP][PASSED] - click(findTestObject("Object Repository/CreateCtegory/Page_TEST CHANNEL - TEAM NAME Mattermost/span_Create New Category")): Object: 'Object Repository/CreateCtegory/Page_TEST CHANNEL - TEAM NAME Mattermost/span_Create New Category' is clicked on

2021-05-30 11:21:21 - [MESSAGE][PASSED] - Object: 'Object Repository/CreateCtegory/Page_TEST CHANNEL - TEAM NAME Mattermost/span_Create New Category' is clicked on

2021-05-30 11:21:21 - [TEST_STEP][PASSED] - setText(findTestObject("Object Repository/CreateCtegory/Page_TEST CHANNEL - TEAM NAME Mattermost/input_Create New Category_MaxLengthInput fo_27ca36"), findTestData("Internal/Internal Category").getValue(1, rowNum)): Text 'Category 1' is set on object 'Object Repository/CreateCtegory/Page_TEST CHANNEL - TEAM NAME Mattermost/input_Create New Category_MaxLengthInput fo_27ca36'

2021-05-30 11:21:22 - [MESSAGE][PASSED] - Text 'Category 1' is set on object 'Object Repository/CreateCtegory/Page_TEST CHANNEL - TEAM NAME Mattermost/input_Create New Category_MaxLengthInput fo_27ca36'

2021-05-30 11:21:22 - [TEST_STEP][PASSED] - click(findTestObject("Object Repository/CreateCtegory/Page_TEST CHANNEL - TEAM NAME Mattermost/span_Create")): Object: 'Object Repository/CreateCtegory/Page_TEST CHANNEL - TEAM NAME Mattermost/span_Create' is clicked on

2021-05-30 11:21:22 - [MESSAGE][PASSED] - Object: 'Object Repository/CreateCtegory/Page_TEST CHANNEL - TEAM NAME Mattermost/span_Create' is clicked on

2021-05-30 11:21:22 - [TEST_STEP][PASSED] - click(findTestObject("Object Repository/CreateCtegory/Page_TEST CHANNEL - TEAM NAME Mattermost/i_CtrlK_icon-plus")): Object: 'Object Repository/CreateCtegory/Page_TEST CHANNEL - TEAM NAME Mattermost/i_CtrlK_icon-plus' is clicked on

2021-05-30 11:21:23 - [MESSAGE][PASSED] - Object: 'Object Repository/CreateCtegory/Page_TEST CHANNEL - TEAM NAME Mattermost/i_CtrlK_icon-plus' is clicked on

2021-05-30 11:21:23 - [TEST_STEP][PASSED] - click(findTestObject("Object Repository/CreateCtegory/Page_TEST CHANNEL - TEAM NAME Mattermost/span_Create New Category")): Object: 'Object Repository/CreateCtegory/Page_TEST CHANNEL - TEAM NAME Mattermost/span_Create New Category' is clicked on

2021-05-30 11:21:23 - [MESSAGE][PASSED] - Object: 'Object Repository/CreateCtegory/Page_TEST CHANNEL - TEAM NAME Mattermost/span_Create New Category' is clicked on

2021-05-30 11:21:23 - [TEST_STEP][PASSED] - setText(findTestObject("Object Repository/CreateCtegory/Page_TEST CHANNEL - TEAM NAME Mattermost/input_Create New Category_MaxLengthInput fo_27ca36"), findTestData("Internal/Internal Category").getValue(1, rowNum)): Text 'Category 2' is set on object 'Object Repository/CreateCtegory/Page_TEST CHANNEL - TEAM NAME Mattermost/input_Create New Category_MaxLengthInput fo_27ca36'

2021-05-30 11:21:24 - [MESSAGE][PASSED] - Text 'Category 2' is set on object 'Object Repository/CreateCtegory/Page_TEST CHANNEL - TEAM NAME Mattermost/input_Create New Category_MaxLengthInput fo_27ca36'

2021-05-30 11:21:24 - [TEST_STEP][PASSED] - click(findTestObject("Object Repository/CreateCtegory/Page_TEST CHANNEL - TEAM NAME Mattermost/span_Create")): Object: 'Object Repository/CreateCtegory/Page_TEST CHANNEL - TEAM NAME Mattermost/span_Create' is clicked on

2021-05-30 11:21:25 - [MESSAGE][PASSED] - Object: 'Object Repository/CreateCtegory/Page_TEST CHANNEL - TEAM NAME Mattermost/span_Create' is clicked on

2021-05-30 11:21:25 - [TEST_STEP][PASSED] - click(findTestObject("Object Repository/CreateCtegory/Page_TEST CHANNEL - TEAM NAME Mattermost/i_CtrlK_icon-plus")): Object: 'Object Repository/CreateCtegory/Page_TEST CHANNEL - TEAM NAME Mattermost/i_CtrlK_icon-plus' is clicked on

2021-05-30 11:21:26 - [MESSAGE][PASSED] - Object: 'Object Repository/CreateCtegory/Page_TEST CHANNEL - TEAM NAME Mattermost/i_CtrlK_icon-plus' is clicked on

2021-05-30 11:21:26 - [TEST_STEP][PASSED] - click(findTestObject("Object Repository/CreateCtegory/Page_TEST CHANNEL - TEAM NAME Mattermost/span_Create New Category")): Object: 'Object Repository/CreateCtegory/Page_TEST CHANNEL - TEAM NAME Mattermost/span_Create New Category' is clicked on

2021-05-30 11:21:26 - [MESSAGE][PASSED] - Object: 'Object Repository/CreateCtegory/Page_TEST CHANNEL - TEAM NAME Mattermost/span_Create New Category' is clicked on

2021-05-30 11:21:26 - [TEST_STEP][PASSED] - setText(findTestObject("Object Repository/CreateCtegory/Page_TEST CHANNEL - TEAM NAME Mattermost/input_Create New Category_MaxLengthInput fo_27ca36"), findTestData("Internal/Internal Category").getValue(1, rowNum)): Text 'Category 3' is set on object 'Object Repository/CreateCtegory/Page_TEST CHANNEL - TEAM NAME Mattermost/input_Create New Category_MaxLengthInput fo_27ca36'

2021-05-30 11:21:27 - [MESSAGE][PASSED] - Text 'Category 3' is set on object 'Object Repository/CreateCtegory/Page_TEST CHANNEL - TEAM NAME Mattermost/input_Create New Category_MaxLengthInput fo_27ca36'

2021-05-30 11:21:27 - [TEST_STEP][PASSED] - click(findTestObject("Object Repository/CreateCtegory/Page_TEST CHANNEL - TEAM NAME Mattermost/span_Create")): Object: 'Object Repository/CreateCtegory/Page_TEST CHANNEL - TEAM NAME Mattermost/span_Create' is clicked on

2021-05-30 11:21:28 - [MESSAGE][PASSED] - Object: 'Object Repository/CreateCtegory/Page_TEST CHANNEL - TEAM NAME Mattermost/span_Create' is clicked on

2021-05-30 11:21:28 - [TEST_STEP][PASSED] - click(findTestObject("Object Repository/CreateCtegory/Page_TEST CHANNEL - TEAM NAME Mattermost/i_CtrlK_icon-plus")): Object: 'Object Repository/CreateCtegory/Page_TEST CHANNEL - TEAM NAME Mattermost/i_CtrlK_icon-plus' is clicked on

2021-05-30 11:21:28 - [MESSAGE][PASSED] - Object: 'Object Repository/CreateCtegory/Page_TEST CHANNEL - TEAM NAME Mattermost/i_CtrlK_icon-plus' is clicked on

2021-05-30 11:21:28 - [TEST_STEP][PASSED] - click(findTestObject("Object Repository/CreateCtegory/Page_TEST CHANNEL - TEAM NAME Mattermost/span_Create New Category")): Object: 'Object Repository/CreateCtegory/Page_TEST CHANNEL - TEAM NAME Mattermost/span_Create New Category' is clicked on

2021-05-30 11:21:29 - [MESSAGE][PASSED] - Object: 'Object Repository/CreateCtegory/Page_TEST CHANNEL - TEAM NAME Mattermost/span_Create New Category' is clicked on

2021-05-30 11:21:29 - [TEST_STEP][PASSED] - setText(findTestObject("Object Repository/CreateCtegory/Page_TEST CHANNEL - TEAM NAME Mattermost/input_Create New Category_MaxLengthInput fo_27ca36"), findTestData("Internal/Internal Category").getValue(1, rowNum)): Text 'Category 4' is set on object 'Object Repository/CreateCtegory/Page_TEST CHANNEL - TEAM NAME Mattermost/input_Create New Category_MaxLengthInput fo_27ca36'

2021-05-30 11:21:30 - [MESSAGE][PASSED] - Text 'Category 4' is set on object 'Object Repository/CreateCtegory/Page_TEST CHANNEL - TEAM NAME Mattermost/input_Create New Category_MaxLengthInput fo_27ca36'

2021-05-30 11:21:30 - [TEST_STEP][PASSED] - click(findTestObject("Object Repository/CreateCtegory/Page_TEST CHANNEL - TEAM NAME Mattermost/span_Create")): Object: 'Object Repository/CreateCtegory/Page_TEST CHANNEL - TEAM NAME Mattermost/span_Create' is clicked on

2021-05-30 11:21:30 - [MESSAGE][PASSED] - Object: 'Object Repository/CreateCtegory/Page_TEST CHANNEL - TEAM NAME Mattermost/span_Create' is clicked on

2021-05-30 11:21:30 - [TEST_STEP][PASSED] - click(findTestObject("Object Repository/CreateCtegory/Page_TEST CHANNEL - TEAM NAME Mattermost/i_CtrlK_icon-plus")): Object: 'Object Repository/CreateCtegory/Page_TEST CHANNEL - TEAM NAME Mattermost/i_CtrlK_icon-plus' is clicked on

2021-05-30 11:21:31 - [MESSAGE][PASSED] - Object: 'Object Repository/CreateCtegory/Page_TEST CHANNEL - TEAM NAME Mattermost/i_CtrlK_icon-plus' is clicked on

2021-05-30 11:21:31 - [TEST_STEP][PASSED] - click(findTestObject("Object Repository/CreateCtegory/Page_TEST CHANNEL - TEAM NAME Mattermost/span_Create New Category")): Object: 'Object Repository/CreateCtegory/Page_TEST CHANNEL - TEAM NAME Mattermost/span_Create New Category' is clicked on

2021-05-30 11:21:31 - [MESSAGE][PASSED] - Object: 'Object Repository/CreateCtegory/Page_TEST CHANNEL - TEAM NAME Mattermost/span_Create New Category' is clicked on

2021-05-30 11:21:31 - [TEST_STEP][PASSED] - setText(findTestObject("Object Repository/CreateCtegory/Page_TEST CHANNEL - TEAM NAME Mattermost/input_Create New Category_MaxLengthInput fo_27ca36"), findTestData("Internal/Internal Category").getValue(1, rowNum)): Text 'Category 5' is set on object 'Object Repository/CreateCtegory/Page_TEST CHANNEL - TEAM NAME Mattermost/input_Create New Category_MaxLengthInput fo_27ca36'

2021-05-30 11:21:32 - [MESSAGE][PASSED] - Text 'Category 5' is set on object 'Object Repository/CreateCtegory/Page_TEST CHANNEL - TEAM NAME Mattermost/input_Create New Category_MaxLengthInput fo_27ca36'

2021-05-30 11:21:32 - [TEST_STEP][PASSED] - click(findTestObject("Object Repository/CreateCtegory/Page_TEST CHANNEL - TEAM NAME Mattermost/span_Create")): Object: 'Object Repository/CreateCtegory/Page_TEST CHANNEL - TEAM NAME Mattermost/span_Create' is clicked on

2021-05-30 11:21:33 - [MESSAGE][PASSED] - Object: 'Object Repository/CreateCtegory/Page_TEST CHANNEL - TEAM NAME Mattermost/span_Create' is clicked on

2021-05-30 11:21:33 - [TEST_STEP][PASSED] - closeBrowser(): Browser is closed

2021-05-30 11:21:34 - [MESSAGE][PASSED] - Browser is closed]]></system-out>
         <system-err><![CDATA[]]></system-err>
      </testcase>
      <testcase name="Test Cases/Internal Test Cases/CreateChannelPrivate" time="10.818" classname="Test Cases/Internal Test Cases/CreateChannelPrivate" status="FAILED">
         <failure type="FAILED" message="Test Cases/Internal Test Cases/CreateChannelPrivate FAILED.
Reason:
com.kms.katalon.core.exception.StepFailedException: Unable to click on object 'Object Repository/CreateChannel/Page_TEST CHANNEL - TEAM NAME Mattermost/i_CtrlK_icon-plus'
	at com.kms.katalon.core.webui.keyword.internal.WebUIKeywordMain.stepFailed(WebUIKeywordMain.groovy:64)
	at com.kms.katalon.core.webui.keyword.internal.WebUIKeywordMain.runKeyword(WebUIKeywordMain.groovy:26)
	at com.kms.katalon.core.webui.keyword.builtin.ClickKeyword.click(ClickKeyword.groovy:75)
	at com.kms.katalon.core.webui.keyword.builtin.ClickKeyword.execute(ClickKeyword.groovy:42)
	at com.kms.katalon.core.keyword.internal.KeywordExecutor.executeKeywordForPlatform(KeywordExecutor.groovy:73)
	at com.kms.katalon.core.webui.keyword.WebUiBuiltInKeywords.click(WebUiBuiltInKeywords.groovy:619)
	at com.kms.katalon.core.webui.keyword.WebUiBuiltInKeywords$click$2.call(Unknown Source)
	at CreateChannelPrivate.run(CreateChannelPrivate:23)
	at com.kms.katalon.core.main.ScriptEngine.run(ScriptEngine.java:194)
	at com.kms.katalon.core.main.ScriptEngine.runScriptAsRawText(ScriptEngine.java:119)
	at com.kms.katalon.core.main.TestCaseExecutor.runScript(TestCaseExecutor.java:398)
	at com.kms.katalon.core.main.TestCaseExecutor.doExecute(TestCaseExecutor.java:389)
	at com.kms.katalon.core.main.TestCaseExecutor.processExecutionPhase(TestCaseExecutor.java:368)
	at com.kms.katalon.core.main.TestCaseExecutor.accessMainPhase(TestCaseExecutor.java:360)
	at com.kms.katalon.core.main.TestCaseExecutor.execute(TestCaseExecutor.java:255)
	at com.kms.katalon.core.main.TestSuiteExecutor.accessTestCaseMainPhase(TestSuiteExecutor.java:203)
	at com.kms.katalon.core.main.TestSuiteExecutor.accessTestSuiteMainPhase(TestSuiteExecutor.java:152)
	at com.kms.katalon.core.main.TestSuiteExecutor.execute(TestSuiteExecutor.java:95)
	at com.kms.katalon.core.main.TestCaseMain.startTestSuite(TestCaseMain.java:157)
	at com.kms.katalon.core.main.TestCaseMain$startTestSuite$0.call(Unknown Source)
	at TempTestSuite1622373323128.run(TempTestSuite1622373323128.groovy:39)
Caused by: org.openqa.selenium.ElementClickInterceptedException: element click intercepted: Element &lt;i class=&quot;icon-plus&quot;>&lt;/i> is not clickable at point (273, 155). Other element would receive the click: &lt;div class=&quot;form-group&quot;>...&lt;/div>
  (Session info: chrome=91.0.4472.77)
Build info: version: '3.141.59', revision: 'e82be7d358', time: '2018-11-14T08:25:53'
System info: host: 'WIN-SERVER-2019', ip: '10.1.0.4', os.name: 'Windows Server 2019', os.arch: 'amd64', os.version: '10.0', java.version: '1.8.0_282'
Driver info: com.kms.katalon.selenium.driver.CChromeDriver
Capabilities {acceptInsecureCerts: false, browserName: chrome, browserVersion: 91.0.4472.77, chrome: {chromedriverVersion: 90.0.4430.24 (4c6d850f087da..., userDataDir: C:\Users\nttuan\AppData\Loc...}, goog:chromeOptions: {debuggerAddress: localhost:64037}, javascriptEnabled: true, networkConnectionEnabled: false, pageLoadStrategy: normal, platform: WINDOWS, platformName: WINDOWS, proxy: Proxy(), setWindowRect: true, strictFileInteractability: false, timeouts: {implicit: 0, pageLoad: 300000, script: 30000}, unhandledPromptBehavior: dismiss and notify, webauthn:extension:largeBlob: true, webauthn:virtualAuthenticators: true}
Session ID: 97a5039dc6310755ce7899cc0e9cccf4
	at org.openqa.selenium.remote.http.W3CHttpResponseCodec.createException(W3CHttpResponseCodec.java:187)
	at org.openqa.selenium.remote.http.W3CHttpResponseCodec.decode(W3CHttpResponseCodec.java:122)
	at org.openqa.selenium.remote.http.W3CHttpResponseCodec.decode(W3CHttpResponseCodec.java:49)
	at org.openqa.selenium.remote.HttpCommandExecutor.execute(HttpCommandExecutor.java:158)
	at org.openqa.selenium.remote.service.DriverCommandExecutor.execute(DriverCommandExecutor.java:83)
	at org.openqa.selenium.remote.RemoteWebDriver.execute(RemoteWebDriver.java:552)
	at com.kms.katalon.selenium.driver.CChromeDriver.execute(CChromeDriver.java:19)
	at org.openqa.selenium.remote.RemoteWebElement.execute(RemoteWebElement.java:285)
	at org.openqa.selenium.remote.RemoteWebElement.click(RemoteWebElement.java:84)
	at org.openqa.selenium.support.events.EventFiringWebDriver$EventFiringWebElement.lambda$new$0(EventFiringWebDriver.java:404)
	at com.sun.proxy.$Proxy17.click(Unknown Source)
	at org.openqa.selenium.support.events.EventFiringWebDriver$EventFiringWebElement.click(EventFiringWebDriver.java:417)
	at com.kms.katalon.core.webui.keyword.builtin.ClickKeyword$_click_closure1.doCall(ClickKeyword.groovy:68)
	at com.kms.katalon.core.webui.keyword.builtin.ClickKeyword$_click_closure1.call(ClickKeyword.groovy)
	at com.kms.katalon.core.webui.keyword.internal.WebUIKeywordMain.runKeyword(WebUIKeywordMain.groovy:20)
	... 19 more
"/>
         <system-out><![CDATA[2021-05-30 11:21:34 - [TEST_CASE][FAILED] - Test Cases/Internal Test Cases/CreateChannelPrivate: Test Cases/Internal Test Cases/CreateChannelPrivate FAILED.
Reason:
com.kms.katalon.core.exception.StepFailedException: Unable to click on object 'Object Repository/CreateChannel/Page_TEST CHANNEL - TEAM NAME Mattermost/i_CtrlK_icon-plus'
	at com.kms.katalon.core.webui.keyword.internal.WebUIKeywordMain.stepFailed(WebUIKeywordMain.groovy:64)
	at com.kms.katalon.core.webui.keyword.internal.WebUIKeywordMain.runKeyword(WebUIKeywordMain.groovy:26)
	at com.kms.katalon.core.webui.keyword.builtin.ClickKeyword.click(ClickKeyword.groovy:75)
	at com.kms.katalon.core.webui.keyword.builtin.ClickKeyword.execute(ClickKeyword.groovy:42)
	at com.kms.katalon.core.keyword.internal.KeywordExecutor.executeKeywordForPlatform(KeywordExecutor.groovy:73)
	at com.kms.katalon.core.webui.keyword.WebUiBuiltInKeywords.click(WebUiBuiltInKeywords.groovy:619)
	at com.kms.katalon.core.webui.keyword.WebUiBuiltInKeywords$click$2.call(Unknown Source)
	at CreateChannelPrivate.run(CreateChannelPrivate:23)
	at com.kms.katalon.core.main.ScriptEngine.run(ScriptEngine.java:194)
	at com.kms.katalon.core.main.ScriptEngine.runScriptAsRawText(ScriptEngine.java:119)
	at com.kms.katalon.core.main.TestCaseExecutor.runScript(TestCaseExecutor.java:398)
	at com.kms.katalon.core.main.TestCaseExecutor.doExecute(TestCaseExecutor.java:389)
	at com.kms.katalon.core.main.TestCaseExecutor.processExecutionPhase(TestCaseExecutor.java:368)
	at com.kms.katalon.core.main.TestCaseExecutor.accessMainPhase(TestCaseExecutor.java:360)
	at com.kms.katalon.core.main.TestCaseExecutor.execute(TestCaseExecutor.java:255)
	at com.kms.katalon.core.main.TestSuiteExecutor.accessTestCaseMainPhase(TestSuiteExecutor.java:203)
	at com.kms.katalon.core.main.TestSuiteExecutor.accessTestSuiteMainPhase(TestSuiteExecutor.java:152)
	at com.kms.katalon.core.main.TestSuiteExecutor.execute(TestSuiteExecutor.java:95)
	at com.kms.katalon.core.main.TestCaseMain.startTestSuite(TestCaseMain.java:157)
	at com.kms.katalon.core.main.TestCaseMain$startTestSuite$0.call(Unknown Source)
	at TempTestSuite1622373323128.run(TempTestSuite1622373323128.groovy:39)
Caused by: org.openqa.selenium.ElementClickInterceptedException: element click intercepted: Element <i class="icon-plus"></i> is not clickable at point (273, 155). Other element would receive the click: <div class="form-group">...</div>
  (Session info: chrome=91.0.4472.77)
Build info: version: '3.141.59', revision: 'e82be7d358', time: '2018-11-14T08:25:53'
System info: host: 'WIN-SERVER-2019', ip: '10.1.0.4', os.name: 'Windows Server 2019', os.arch: 'amd64', os.version: '10.0', java.version: '1.8.0_282'
Driver info: com.kms.katalon.selenium.driver.CChromeDriver
Capabilities {acceptInsecureCerts: false, browserName: chrome, browserVersion: 91.0.4472.77, chrome: {chromedriverVersion: 90.0.4430.24 (4c6d850f087da..., userDataDir: C:\Users\nttuan\AppData\Loc...}, goog:chromeOptions: {debuggerAddress: localhost:64037}, javascriptEnabled: true, networkConnectionEnabled: false, pageLoadStrategy: normal, platform: WINDOWS, platformName: WINDOWS, proxy: Proxy(), setWindowRect: true, strictFileInteractability: false, timeouts: {implicit: 0, pageLoad: 300000, script: 30000}, unhandledPromptBehavior: dismiss and notify, webauthn:extension:largeBlob: true, webauthn:virtualAuthenticators: true}
Session ID: 97a5039dc6310755ce7899cc0e9cccf4
	at org.openqa.selenium.remote.http.W3CHttpResponseCodec.createException(W3CHttpResponseCodec.java:187)
	at org.openqa.selenium.remote.http.W3CHttpResponseCodec.decode(W3CHttpResponseCodec.java:122)
	at org.openqa.selenium.remote.http.W3CHttpResponseCodec.decode(W3CHttpResponseCodec.java:49)
	at org.openqa.selenium.remote.HttpCommandExecutor.execute(HttpCommandExecutor.java:158)
	at org.openqa.selenium.remote.service.DriverCommandExecutor.execute(DriverCommandExecutor.java:83)
	at org.openqa.selenium.remote.RemoteWebDriver.execute(RemoteWebDriver.java:552)
	at com.kms.katalon.selenium.driver.CChromeDriver.execute(CChromeDriver.java:19)
	at org.openqa.selenium.remote.RemoteWebElement.execute(RemoteWebElement.java:285)
	at org.openqa.selenium.remote.RemoteWebElement.click(RemoteWebElement.java:84)
	at org.openqa.selenium.support.events.EventFiringWebDriver$EventFiringWebElement.lambda$new$0(EventFiringWebDriver.java:404)
	at com.sun.proxy.$Proxy17.click(Unknown Source)
	at org.openqa.selenium.support.events.EventFiringWebDriver$EventFiringWebElement.click(EventFiringWebDriver.java:417)
	at com.kms.katalon.core.webui.keyword.builtin.ClickKeyword$_click_closure1.doCall(ClickKeyword.groovy:68)
	at com.kms.katalon.core.webui.keyword.builtin.ClickKeyword$_click_closure1.call(ClickKeyword.groovy)
	at com.kms.katalon.core.webui.keyword.internal.WebUIKeywordMain.runKeyword(WebUIKeywordMain.groovy:20)
	... 19 more


2021-05-30 11:21:34 - [TEST_STEP][PASSED] - callTestCase(findTestCase("Internal Test Cases/Successful Login"), ["Username":"", "Password":""], STOP_ON_FAILURE): Call Test Case 'Test Cases/Internal Test Cases/Successful Login' successfully

2021-05-30 11:21:34 - [TEST_CASE][PASSED] - Test Cases/Internal Test Cases/Successful Login: Test Cases/Internal Test Cases/Successful Login

2021-05-30 11:21:34 - [TEST_STEP][PASSED] - openBrowser(""): Browser is opened with url: ''

2021-05-30 11:21:34 - [MESSAGE][INFO] - Starting 'Chrome' driver

2021-05-30 11:21:34 - [MESSAGE][INFO] - Action delay is set to 0 milliseconds

2021-05-30 11:21:35 - [MESSAGE][PASSED] - Browser is opened with url: ''

2021-05-30 11:21:35 - [TEST_STEP][PASSED] - navigateToUrl("https://chudenangcao2021.cf/"): Navigate to 'https://chudenangcao2021.cf/' successfully

2021-05-30 11:21:36 - [MESSAGE][PASSED] - Navigate to 'https://chudenangcao2021.cf/' successfully

2021-05-30 11:21:36 - [TEST_STEP][PASSED] - setText(findTestObject("Object Repository/Page_Mattermost/input_All team communication in one place, _dcc84b"), findTestData("Internal/Internal Login Data").getValue(1, 1)): Text 'nguyenvanb' is set on object 'Object Repository/Page_Mattermost/input_All team communication in one place, _dcc84b'

2021-05-30 11:21:37 - [MESSAGE][PASSED] - Text 'nguyenvanb' is set on object 'Object Repository/Page_Mattermost/input_All team communication in one place, _dcc84b'

2021-05-30 11:21:37 - [TEST_STEP][PASSED] - setEncryptedText(findTestObject("Object Repository/Page_Mattermost/input_All team communication in one place, _a3edc6"), findTestData("Internal/Internal Login Data").getValue(2, 1)): Text ****** has been set on object 'Object Repository/Page_Mattermost/input_All team communication in one place, _a3edc6'

2021-05-30 11:21:38 - [MESSAGE][PASSED] - Text ****** has been set on object 'Object Repository/Page_Mattermost/input_All team communication in one place, _a3edc6'

2021-05-30 11:21:38 - [TEST_STEP][PASSED] - click(findTestObject("Object Repository/Page_Mattermost/button_Sign in")): Object: 'Object Repository/Page_Mattermost/button_Sign in' is clicked on

2021-05-30 11:21:38 - [MESSAGE][PASSED] - Object: 'Object Repository/Page_Mattermost/button_Sign in' is clicked on

2021-05-30 11:21:38 - [TEST_STEP][PASSED] - verifyLinksAccessible(["https://chudenangcao2021.cf/cdnc-cnpm-2021/channels"]): All links are accessible

2021-05-30 11:21:38 - [MESSAGE][INFO] - HAR: C:\Users\nttuan\Downloads\CDNC\mattermost-testing\Reports\20210530_111523\Run all test cases\20210530_111523\requests\main\35.har

2021-05-30 11:21:38 - [MESSAGE][PASSED] - Send request successfully

2021-05-30 11:21:38 - [MESSAGE][PASSED] - All links are accessible

2021-05-30 11:21:38 - [MESSAGE][PASSED] - Call Test Case 'Test Cases/Internal Test Cases/Successful Login' successfully

2021-05-30 11:21:38 - [TEST_STEP][FAILED] - for ([rowNum = 1, rowNum <= findTestData("Internal/Internal Channel Private").getRowNumbers(), (rowNum++)]): Unable to click on object 'Object Repository/CreateChannel/Page_TEST CHANNEL - TEAM NAME Mattermost/i_CtrlK_icon-plus' (Root cause: com.kms.katalon.core.exception.StepFailedException: Unable to click on object 'Object Repository/CreateChannel/Page_TEST CHANNEL - TEAM NAME Mattermost/i_CtrlK_icon-plus'
	at com.kms.katalon.core.webui.keyword.internal.WebUIKeywordMain.stepFailed(WebUIKeywordMain.groovy:64)
	at com.kms.katalon.core.webui.keyword.internal.WebUIKeywordMain.runKeyword(WebUIKeywordMain.groovy:26)
	at com.kms.katalon.core.webui.keyword.builtin.ClickKeyword.click(ClickKeyword.groovy:75)
	at com.kms.katalon.core.webui.keyword.builtin.ClickKeyword.execute(ClickKeyword.groovy:42)
	at com.kms.katalon.core.keyword.internal.KeywordExecutor.executeKeywordForPlatform(KeywordExecutor.groovy:73)
	at com.kms.katalon.core.webui.keyword.WebUiBuiltInKeywords.click(WebUiBuiltInKeywords.groovy:619)
	at com.kms.katalon.core.webui.keyword.WebUiBuiltInKeywords$click$2.call(Unknown Source)
	at CreateChannelPrivate.run(CreateChannelPrivate:23)
	at com.kms.katalon.core.main.ScriptEngine.run(ScriptEngine.java:194)
	at com.kms.katalon.core.main.ScriptEngine.runScriptAsRawText(ScriptEngine.java:119)
	at com.kms.katalon.core.main.TestCaseExecutor.runScript(TestCaseExecutor.java:398)
	at com.kms.katalon.core.main.TestCaseExecutor.doExecute(TestCaseExecutor.java:389)
	at com.kms.katalon.core.main.TestCaseExecutor.processExecutionPhase(TestCaseExecutor.java:368)
	at com.kms.katalon.core.main.TestCaseExecutor.accessMainPhase(TestCaseExecutor.java:360)
	at com.kms.katalon.core.main.TestCaseExecutor.execute(TestCaseExecutor.java:255)
	at com.kms.katalon.core.main.TestSuiteExecutor.accessTestCaseMainPhase(TestSuiteExecutor.java:203)
	at com.kms.katalon.core.main.TestSuiteExecutor.accessTestSuiteMainPhase(TestSuiteExecutor.java:152)
	at com.kms.katalon.core.main.TestSuiteExecutor.execute(TestSuiteExecutor.java:95)
	at com.kms.katalon.core.main.TestCaseMain.startTestSuite(TestCaseMain.java:157)
	at com.kms.katalon.core.main.TestCaseMain$startTestSuite$0.call(Unknown Source)
	at TempTestSuite1622373323128.run(TempTestSuite1622373323128.groovy:39)
Caused by: org.openqa.selenium.ElementClickInterceptedException: element click intercepted: Element <i class="icon-plus"></i> is not clickable at point (273, 155). Other element would receive the click: <div class="form-group">...</div>
  (Session info: chrome=91.0.4472.77)
Build info: version: '3.141.59', revision: 'e82be7d358', time: '2018-11-14T08:25:53'
System info: host: 'WIN-SERVER-2019', ip: '10.1.0.4', os.name: 'Windows Server 2019', os.arch: 'amd64', os.version: '10.0', java.version: '1.8.0_282'
Driver info: com.kms.katalon.selenium.driver.CChromeDriver
Capabilities {acceptInsecureCerts: false, browserName: chrome, browserVersion: 91.0.4472.77, chrome: {chromedriverVersion: 90.0.4430.24 (4c6d850f087da..., userDataDir: C:\Users\nttuan\AppData\Loc...}, goog:chromeOptions: {debuggerAddress: localhost:64037}, javascriptEnabled: true, networkConnectionEnabled: false, pageLoadStrategy: normal, platform: WINDOWS, platformName: WINDOWS, proxy: Proxy(), setWindowRect: true, strictFileInteractability: false, timeouts: {implicit: 0, pageLoad: 300000, script: 30000}, unhandledPromptBehavior: dismiss and notify, webauthn:extension:largeBlob: true, webauthn:virtualAuthenticators: true}
Session ID: 97a5039dc6310755ce7899cc0e9cccf4
	at org.openqa.selenium.remote.http.W3CHttpResponseCodec.createException(W3CHttpResponseCodec.java:187)
	at org.openqa.selenium.remote.http.W3CHttpResponseCodec.decode(W3CHttpResponseCodec.java:122)
	at org.openqa.selenium.remote.http.W3CHttpResponseCodec.decode(W3CHttpResponseCodec.java:49)
	at org.openqa.selenium.remote.HttpCommandExecutor.execute(HttpCommandExecutor.java:158)
	at org.openqa.selenium.remote.service.DriverCommandExecutor.execute(DriverCommandExecutor.java:83)
	at org.openqa.selenium.remote.RemoteWebDriver.execute(RemoteWebDriver.java:552)
	at com.kms.katalon.selenium.driver.CChromeDriver.execute(CChromeDriver.java:19)
	at org.openqa.selenium.remote.RemoteWebElement.execute(RemoteWebElement.java:285)
	at org.openqa.selenium.remote.RemoteWebElement.click(RemoteWebElement.java:84)
	at org.openqa.selenium.support.events.EventFiringWebDriver$EventFiringWebElement.lambda$new$0(EventFiringWebDriver.java:404)
	at com.sun.proxy.$Proxy17.click(Unknown Source)
	at org.openqa.selenium.support.events.EventFiringWebDriver$EventFiringWebElement.click(EventFiringWebDriver.java:417)
	at com.kms.katalon.core.webui.keyword.builtin.ClickKeyword$_click_closure1.doCall(ClickKeyword.groovy:68)
	at com.kms.katalon.core.webui.keyword.builtin.ClickKeyword$_click_closure1.call(ClickKeyword.groovy)
	at com.kms.katalon.core.webui.keyword.internal.WebUIKeywordMain.runKeyword(WebUIKeywordMain.groovy:20)
	at com.kms.katalon.core.webui.keyword.builtin.ClickKeyword.click(ClickKeyword.groovy:75)
	at com.kms.katalon.core.webui.keyword.builtin.ClickKeyword.execute(ClickKeyword.groovy:42)
	at com.kms.katalon.core.keyword.internal.KeywordExecutor.executeKeywordForPlatform(KeywordExecutor.groovy:73)
	at com.kms.katalon.core.webui.keyword.WebUiBuiltInKeywords.click(WebUiBuiltInKeywords.groovy:619)
	at com.kms.katalon.core.webui.keyword.WebUiBuiltInKeywords$click$2.call(Unknown Source)
	at Script1622088285852.run(Script1622088285852.groovy:23)
	... 13 more
)

2021-05-30 11:21:38 - [TEST_STEP][PASSED] - click(findTestObject("Object Repository/CreateChannel/Page_TEST CHANNEL - TEAM NAME Mattermost/i_CtrlK_icon-plus")): Object: 'Object Repository/CreateChannel/Page_TEST CHANNEL - TEAM NAME Mattermost/i_CtrlK_icon-plus' is clicked on

2021-05-30 11:21:40 - [MESSAGE][PASSED] - Object: 'Object Repository/CreateChannel/Page_TEST CHANNEL - TEAM NAME Mattermost/i_CtrlK_icon-plus' is clicked on

2021-05-30 11:21:40 - [TEST_STEP][PASSED] - click(findTestObject("Object Repository/CreateChannel/Page_TEST CHANNEL - TEAM NAME Mattermost/span_Create New Channel")): Object: 'Object Repository/CreateChannel/Page_TEST CHANNEL - TEAM NAME Mattermost/span_Create New Channel' is clicked on

2021-05-30 11:21:41 - [MESSAGE][PASSED] - Object: 'Object Repository/CreateChannel/Page_TEST CHANNEL - TEAM NAME Mattermost/span_Create New Channel' is clicked on

2021-05-30 11:21:41 - [TEST_STEP][PASSED] - click(findTestObject("Object Repository/CreateChannelPrivate/Page_TEST CHANNEL - TEAM NAME Mattermost/input_- Anyone can join this channel_channelType")): Object: 'Object Repository/CreateChannelPrivate/Page_TEST CHANNEL - TEAM NAME Mattermost/input_- Anyone can join this channel_channelType' is clicked on

2021-05-30 11:21:42 - [MESSAGE][PASSED] - Object: 'Object Repository/CreateChannelPrivate/Page_TEST CHANNEL - TEAM NAME Mattermost/input_- Anyone can join this channel_channelType' is clicked on

2021-05-30 11:21:42 - [TEST_STEP][PASSED] - setText(findTestObject("Object Repository/CreateChannel/Page_TEST CHANNEL - TEAM NAME Mattermost/input_Name_newChannelName"), findTestData("Internal/Internal Channel Private").getValue(1, rowNum)): Text 'Channel private 12234' is set on object 'Object Repository/CreateChannel/Page_TEST CHANNEL - TEAM NAME Mattermost/input_Name_newChannelName'

2021-05-30 11:21:42 - [MESSAGE][PASSED] - Text 'Channel private 12234' is set on object 'Object Repository/CreateChannel/Page_TEST CHANNEL - TEAM NAME Mattermost/input_Name_newChannelName'

2021-05-30 11:21:42 - [TEST_STEP][PASSED] - click(findTestObject("Object Repository/CreateChannel/Page_TEST CHANNEL - TEAM NAME Mattermost/button_Create Channel")): Object: 'Object Repository/CreateChannel/Page_TEST CHANNEL - TEAM NAME Mattermost/button_Create Channel' is clicked on

2021-05-30 11:21:43 - [MESSAGE][PASSED] - Object: 'Object Repository/CreateChannel/Page_TEST CHANNEL - TEAM NAME Mattermost/button_Create Channel' is clicked on

2021-05-30 11:21:43 - [TEST_STEP][FAILED] - click(findTestObject("Object Repository/CreateChannel/Page_TEST CHANNEL - TEAM NAME Mattermost/i_CtrlK_icon-plus")): Unable to click on object 'Object Repository/CreateChannel/Page_TEST CHANNEL - TEAM NAME Mattermost/i_CtrlK_icon-plus' (Root cause: com.kms.katalon.core.exception.StepFailedException: Unable to click on object 'Object Repository/CreateChannel/Page_TEST CHANNEL - TEAM NAME Mattermost/i_CtrlK_icon-plus'
	at com.kms.katalon.core.webui.keyword.internal.WebUIKeywordMain.stepFailed(WebUIKeywordMain.groovy:64)
	at com.kms.katalon.core.webui.keyword.internal.WebUIKeywordMain.runKeyword(WebUIKeywordMain.groovy:26)
	at com.kms.katalon.core.webui.keyword.builtin.ClickKeyword.click(ClickKeyword.groovy:75)
	at com.kms.katalon.core.webui.keyword.builtin.ClickKeyword.execute(ClickKeyword.groovy:42)
	at com.kms.katalon.core.keyword.internal.KeywordExecutor.executeKeywordForPlatform(KeywordExecutor.groovy:73)
	at com.kms.katalon.core.webui.keyword.WebUiBuiltInKeywords.click(WebUiBuiltInKeywords.groovy:619)
	at com.kms.katalon.core.webui.keyword.WebUiBuiltInKeywords$click$2.call(Unknown Source)
	at CreateChannelPrivate.run(CreateChannelPrivate:23)
	at com.kms.katalon.core.main.ScriptEngine.run(ScriptEngine.java:194)
	at com.kms.katalon.core.main.ScriptEngine.runScriptAsRawText(ScriptEngine.java:119)
	at com.kms.katalon.core.main.TestCaseExecutor.runScript(TestCaseExecutor.java:398)
	at com.kms.katalon.core.main.TestCaseExecutor.doExecute(TestCaseExecutor.java:389)
	at com.kms.katalon.core.main.TestCaseExecutor.processExecutionPhase(TestCaseExecutor.java:368)
	at com.kms.katalon.core.main.TestCaseExecutor.accessMainPhase(TestCaseExecutor.java:360)
	at com.kms.katalon.core.main.TestCaseExecutor.execute(TestCaseExecutor.java:255)
	at com.kms.katalon.core.main.TestSuiteExecutor.accessTestCaseMainPhase(TestSuiteExecutor.java:203)
	at com.kms.katalon.core.main.TestSuiteExecutor.accessTestSuiteMainPhase(TestSuiteExecutor.java:152)
	at com.kms.katalon.core.main.TestSuiteExecutor.execute(TestSuiteExecutor.java:95)
	at com.kms.katalon.core.main.TestCaseMain.startTestSuite(TestCaseMain.java:157)
	at com.kms.katalon.core.main.TestCaseMain$startTestSuite$0.call(Unknown Source)
	at TempTestSuite1622373323128.run(TempTestSuite1622373323128.groovy:39)
Caused by: org.openqa.selenium.ElementClickInterceptedException: element click intercepted: Element <i class="icon-plus"></i> is not clickable at point (273, 155). Other element would receive the click: <div class="form-group">...</div>
  (Session info: chrome=91.0.4472.77)
Build info: version: '3.141.59', revision: 'e82be7d358', time: '2018-11-14T08:25:53'
System info: host: 'WIN-SERVER-2019', ip: '10.1.0.4', os.name: 'Windows Server 2019', os.arch: 'amd64', os.version: '10.0', java.version: '1.8.0_282'
Driver info: com.kms.katalon.selenium.driver.CChromeDriver
Capabilities {acceptInsecureCerts: false, browserName: chrome, browserVersion: 91.0.4472.77, chrome: {chromedriverVersion: 90.0.4430.24 (4c6d850f087da..., userDataDir: C:\Users\nttuan\AppData\Loc...}, goog:chromeOptions: {debuggerAddress: localhost:64037}, javascriptEnabled: true, networkConnectionEnabled: false, pageLoadStrategy: normal, platform: WINDOWS, platformName: WINDOWS, proxy: Proxy(), setWindowRect: true, strictFileInteractability: false, timeouts: {implicit: 0, pageLoad: 300000, script: 30000}, unhandledPromptBehavior: dismiss and notify, webauthn:extension:largeBlob: true, webauthn:virtualAuthenticators: true}
Session ID: 97a5039dc6310755ce7899cc0e9cccf4
	at org.openqa.selenium.remote.http.W3CHttpResponseCodec.createException(W3CHttpResponseCodec.java:187)
	at org.openqa.selenium.remote.http.W3CHttpResponseCodec.decode(W3CHttpResponseCodec.java:122)
	at org.openqa.selenium.remote.http.W3CHttpResponseCodec.decode(W3CHttpResponseCodec.java:49)
	at org.openqa.selenium.remote.HttpCommandExecutor.execute(HttpCommandExecutor.java:158)
	at org.openqa.selenium.remote.service.DriverCommandExecutor.execute(DriverCommandExecutor.java:83)
	at org.openqa.selenium.remote.RemoteWebDriver.execute(RemoteWebDriver.java:552)
	at com.kms.katalon.selenium.driver.CChromeDriver.execute(CChromeDriver.java:19)
	at org.openqa.selenium.remote.RemoteWebElement.execute(RemoteWebElement.java:285)
	at org.openqa.selenium.remote.RemoteWebElement.click(RemoteWebElement.java:84)
	at org.openqa.selenium.support.events.EventFiringWebDriver$EventFiringWebElement.lambda$new$0(EventFiringWebDriver.java:404)
	at com.sun.proxy.$Proxy17.click(Unknown Source)
	at org.openqa.selenium.support.events.EventFiringWebDriver$EventFiringWebElement.click(EventFiringWebDriver.java:417)
	at com.kms.katalon.core.webui.keyword.builtin.ClickKeyword$_click_closure1.doCall(ClickKeyword.groovy:68)
	at com.kms.katalon.core.webui.keyword.builtin.ClickKeyword$_click_closure1.call(ClickKeyword.groovy)
	at com.kms.katalon.core.webui.keyword.internal.WebUIKeywordMain.runKeyword(WebUIKeywordMain.groovy:20)
	at com.kms.katalon.core.webui.keyword.builtin.ClickKeyword.click(ClickKeyword.groovy:75)
	at com.kms.katalon.core.webui.keyword.builtin.ClickKeyword.execute(ClickKeyword.groovy:42)
	at com.kms.katalon.core.keyword.internal.KeywordExecutor.executeKeywordForPlatform(KeywordExecutor.groovy:73)
	at com.kms.katalon.core.webui.keyword.WebUiBuiltInKeywords.click(WebUiBuiltInKeywords.groovy:619)
	at com.kms.katalon.core.webui.keyword.WebUiBuiltInKeywords$click$2.call(Unknown Source)
	at Script1622088285852.run(Script1622088285852.groovy:23)
	... 13 more
)

2021-05-30 11:21:44 - [MESSAGE][FAILED] - Unable to click on object 'Object Repository/CreateChannel/Page_TEST CHANNEL - TEAM NAME Mattermost/i_CtrlK_icon-plus' (Root cause: com.kms.katalon.core.exception.StepFailedException: Unable to click on object 'Object Repository/CreateChannel/Page_TEST CHANNEL - TEAM NAME Mattermost/i_CtrlK_icon-plus'
	at com.kms.katalon.core.webui.keyword.internal.WebUIKeywordMain.stepFailed(WebUIKeywordMain.groovy:64)
	at com.kms.katalon.core.webui.keyword.internal.WebUIKeywordMain.runKeyword(WebUIKeywordMain.groovy:26)
	at com.kms.katalon.core.webui.keyword.builtin.ClickKeyword.click(ClickKeyword.groovy:75)
	at com.kms.katalon.core.webui.keyword.builtin.ClickKeyword.execute(ClickKeyword.groovy:42)
	at com.kms.katalon.core.keyword.internal.KeywordExecutor.executeKeywordForPlatform(KeywordExecutor.groovy:73)
	at com.kms.katalon.core.webui.keyword.WebUiBuiltInKeywords.click(WebUiBuiltInKeywords.groovy:619)
	at com.kms.katalon.core.webui.keyword.WebUiBuiltInKeywords$click$2.call(Unknown Source)
	at CreateChannelPrivate.run(CreateChannelPrivate:23)
	at com.kms.katalon.core.main.ScriptEngine.run(ScriptEngine.java:194)
	at com.kms.katalon.core.main.ScriptEngine.runScriptAsRawText(ScriptEngine.java:119)
	at com.kms.katalon.core.main.TestCaseExecutor.runScript(TestCaseExecutor.java:398)
	at com.kms.katalon.core.main.TestCaseExecutor.doExecute(TestCaseExecutor.java:389)
	at com.kms.katalon.core.main.TestCaseExecutor.processExecutionPhase(TestCaseExecutor.java:368)
	at com.kms.katalon.core.main.TestCaseExecutor.accessMainPhase(TestCaseExecutor.java:360)
	at com.kms.katalon.core.main.TestCaseExecutor.execute(TestCaseExecutor.java:255)
	at com.kms.katalon.core.main.TestSuiteExecutor.accessTestCaseMainPhase(TestSuiteExecutor.java:203)
	at com.kms.katalon.core.main.TestSuiteExecutor.accessTestSuiteMainPhase(TestSuiteExecutor.java:152)
	at com.kms.katalon.core.main.TestSuiteExecutor.execute(TestSuiteExecutor.java:95)
	at com.kms.katalon.core.main.TestCaseMain.startTestSuite(TestCaseMain.java:157)
	at com.kms.katalon.core.main.TestCaseMain$startTestSuite$0.call(Unknown Source)
	at TempTestSuite1622373323128.run(TempTestSuite1622373323128.groovy:39)
Caused by: org.openqa.selenium.ElementClickInterceptedException: element click intercepted: Element <i class="icon-plus"></i> is not clickable at point (273, 155). Other element would receive the click: <div class="form-group">...</div>
  (Session info: chrome=91.0.4472.77)
Build info: version: '3.141.59', revision: 'e82be7d358', time: '2018-11-14T08:25:53'
System info: host: 'WIN-SERVER-2019', ip: '10.1.0.4', os.name: 'Windows Server 2019', os.arch: 'amd64', os.version: '10.0', java.version: '1.8.0_282'
Driver info: com.kms.katalon.selenium.driver.CChromeDriver
Capabilities {acceptInsecureCerts: false, browserName: chrome, browserVersion: 91.0.4472.77, chrome: {chromedriverVersion: 90.0.4430.24 (4c6d850f087da..., userDataDir: C:\Users\nttuan\AppData\Loc...}, goog:chromeOptions: {debuggerAddress: localhost:64037}, javascriptEnabled: true, networkConnectionEnabled: false, pageLoadStrategy: normal, platform: WINDOWS, platformName: WINDOWS, proxy: Proxy(), setWindowRect: true, strictFileInteractability: false, timeouts: {implicit: 0, pageLoad: 300000, script: 30000}, unhandledPromptBehavior: dismiss and notify, webauthn:extension:largeBlob: true, webauthn:virtualAuthenticators: true}
Session ID: 97a5039dc6310755ce7899cc0e9cccf4
	at org.openqa.selenium.remote.http.W3CHttpResponseCodec.createException(W3CHttpResponseCodec.java:187)
	at org.openqa.selenium.remote.http.W3CHttpResponseCodec.decode(W3CHttpResponseCodec.java:122)
	at org.openqa.selenium.remote.http.W3CHttpResponseCodec.decode(W3CHttpResponseCodec.java:49)
	at org.openqa.selenium.remote.HttpCommandExecutor.execute(HttpCommandExecutor.java:158)
	at org.openqa.selenium.remote.service.DriverCommandExecutor.execute(DriverCommandExecutor.java:83)
	at org.openqa.selenium.remote.RemoteWebDriver.execute(RemoteWebDriver.java:552)
	at com.kms.katalon.selenium.driver.CChromeDriver.execute(CChromeDriver.java:19)
	at org.openqa.selenium.remote.RemoteWebElement.execute(RemoteWebElement.java:285)
	at org.openqa.selenium.remote.RemoteWebElement.click(RemoteWebElement.java:84)
	at org.openqa.selenium.support.events.EventFiringWebDriver$EventFiringWebElement.lambda$new$0(EventFiringWebDriver.java:404)
	at com.sun.proxy.$Proxy17.click(Unknown Source)
	at org.openqa.selenium.support.events.EventFiringWebDriver$EventFiringWebElement.click(EventFiringWebDriver.java:417)
	at com.kms.katalon.core.webui.keyword.builtin.ClickKeyword$_click_closure1.doCall(ClickKeyword.groovy:68)
	at com.kms.katalon.core.webui.keyword.builtin.ClickKeyword$_click_closure1.call(ClickKeyword.groovy)
	at com.kms.katalon.core.webui.keyword.internal.WebUIKeywordMain.runKeyword(WebUIKeywordMain.groovy:20)
	at com.kms.katalon.core.webui.keyword.builtin.ClickKeyword.click(ClickKeyword.groovy:75)
	at com.kms.katalon.core.webui.keyword.builtin.ClickKeyword.execute(ClickKeyword.groovy:42)
	at com.kms.katalon.core.keyword.internal.KeywordExecutor.executeKeywordForPlatform(KeywordExecutor.groovy:73)
	at com.kms.katalon.core.webui.keyword.WebUiBuiltInKeywords.click(WebUiBuiltInKeywords.groovy:619)
	at com.kms.katalon.core.webui.keyword.WebUiBuiltInKeywords$click$2.call(Unknown Source)
	at Script1622088285852.run(Script1622088285852.groovy:23)
	... 13 more
)
[[ATTACHMENT|C:\\Users\\nttuan\\Downloads\\CDNC\\mattermost-testing\\Reports\\20210530_111523\\Run all test cases\\20210530_111523\\1622373704769.png]]]]></system-out>
         <system-err><![CDATA[2021-05-30 11:21:34 - [TEST_CASE][FAILED] - Test Cases/Internal Test Cases/CreateChannelPrivate: Test Cases/Internal Test Cases/CreateChannelPrivate FAILED.
Reason:
com.kms.katalon.core.exception.StepFailedException: Unable to click on object 'Object Repository/CreateChannel/Page_TEST CHANNEL - TEAM NAME Mattermost/i_CtrlK_icon-plus'
	at com.kms.katalon.core.webui.keyword.internal.WebUIKeywordMain.stepFailed(WebUIKeywordMain.groovy:64)
	at com.kms.katalon.core.webui.keyword.internal.WebUIKeywordMain.runKeyword(WebUIKeywordMain.groovy:26)
	at com.kms.katalon.core.webui.keyword.builtin.ClickKeyword.click(ClickKeyword.groovy:75)
	at com.kms.katalon.core.webui.keyword.builtin.ClickKeyword.execute(ClickKeyword.groovy:42)
	at com.kms.katalon.core.keyword.internal.KeywordExecutor.executeKeywordForPlatform(KeywordExecutor.groovy:73)
	at com.kms.katalon.core.webui.keyword.WebUiBuiltInKeywords.click(WebUiBuiltInKeywords.groovy:619)
	at com.kms.katalon.core.webui.keyword.WebUiBuiltInKeywords$click$2.call(Unknown Source)
	at CreateChannelPrivate.run(CreateChannelPrivate:23)
	at com.kms.katalon.core.main.ScriptEngine.run(ScriptEngine.java:194)
	at com.kms.katalon.core.main.ScriptEngine.runScriptAsRawText(ScriptEngine.java:119)
	at com.kms.katalon.core.main.TestCaseExecutor.runScript(TestCaseExecutor.java:398)
	at com.kms.katalon.core.main.TestCaseExecutor.doExecute(TestCaseExecutor.java:389)
	at com.kms.katalon.core.main.TestCaseExecutor.processExecutionPhase(TestCaseExecutor.java:368)
	at com.kms.katalon.core.main.TestCaseExecutor.accessMainPhase(TestCaseExecutor.java:360)
	at com.kms.katalon.core.main.TestCaseExecutor.execute(TestCaseExecutor.java:255)
	at com.kms.katalon.core.main.TestSuiteExecutor.accessTestCaseMainPhase(TestSuiteExecutor.java:203)
	at com.kms.katalon.core.main.TestSuiteExecutor.accessTestSuiteMainPhase(TestSuiteExecutor.java:152)
	at com.kms.katalon.core.main.TestSuiteExecutor.execute(TestSuiteExecutor.java:95)
	at com.kms.katalon.core.main.TestCaseMain.startTestSuite(TestCaseMain.java:157)
	at com.kms.katalon.core.main.TestCaseMain$startTestSuite$0.call(Unknown Source)
	at TempTestSuite1622373323128.run(TempTestSuite1622373323128.groovy:39)
Caused by: org.openqa.selenium.ElementClickInterceptedException: element click intercepted: Element <i class="icon-plus"></i> is not clickable at point (273, 155). Other element would receive the click: <div class="form-group">...</div>
  (Session info: chrome=91.0.4472.77)
Build info: version: '3.141.59', revision: 'e82be7d358', time: '2018-11-14T08:25:53'
System info: host: 'WIN-SERVER-2019', ip: '10.1.0.4', os.name: 'Windows Server 2019', os.arch: 'amd64', os.version: '10.0', java.version: '1.8.0_282'
Driver info: com.kms.katalon.selenium.driver.CChromeDriver
Capabilities {acceptInsecureCerts: false, browserName: chrome, browserVersion: 91.0.4472.77, chrome: {chromedriverVersion: 90.0.4430.24 (4c6d850f087da..., userDataDir: C:\Users\nttuan\AppData\Loc...}, goog:chromeOptions: {debuggerAddress: localhost:64037}, javascriptEnabled: true, networkConnectionEnabled: false, pageLoadStrategy: normal, platform: WINDOWS, platformName: WINDOWS, proxy: Proxy(), setWindowRect: true, strictFileInteractability: false, timeouts: {implicit: 0, pageLoad: 300000, script: 30000}, unhandledPromptBehavior: dismiss and notify, webauthn:extension:largeBlob: true, webauthn:virtualAuthenticators: true}
Session ID: 97a5039dc6310755ce7899cc0e9cccf4
	at org.openqa.selenium.remote.http.W3CHttpResponseCodec.createException(W3CHttpResponseCodec.java:187)
	at org.openqa.selenium.remote.http.W3CHttpResponseCodec.decode(W3CHttpResponseCodec.java:122)
	at org.openqa.selenium.remote.http.W3CHttpResponseCodec.decode(W3CHttpResponseCodec.java:49)
	at org.openqa.selenium.remote.HttpCommandExecutor.execute(HttpCommandExecutor.java:158)
	at org.openqa.selenium.remote.service.DriverCommandExecutor.execute(DriverCommandExecutor.java:83)
	at org.openqa.selenium.remote.RemoteWebDriver.execute(RemoteWebDriver.java:552)
	at com.kms.katalon.selenium.driver.CChromeDriver.execute(CChromeDriver.java:19)
	at org.openqa.selenium.remote.RemoteWebElement.execute(RemoteWebElement.java:285)
	at org.openqa.selenium.remote.RemoteWebElement.click(RemoteWebElement.java:84)
	at org.openqa.selenium.support.events.EventFiringWebDriver$EventFiringWebElement.lambda$new$0(EventFiringWebDriver.java:404)
	at com.sun.proxy.$Proxy17.click(Unknown Source)
	at org.openqa.selenium.support.events.EventFiringWebDriver$EventFiringWebElement.click(EventFiringWebDriver.java:417)
	at com.kms.katalon.core.webui.keyword.builtin.ClickKeyword$_click_closure1.doCall(ClickKeyword.groovy:68)
	at com.kms.katalon.core.webui.keyword.builtin.ClickKeyword$_click_closure1.call(ClickKeyword.groovy)
	at com.kms.katalon.core.webui.keyword.internal.WebUIKeywordMain.runKeyword(WebUIKeywordMain.groovy:20)
	... 19 more]]></system-err>
      </testcase>
      <testcase name="Test Cases/Internal Test Cases/CreateChannelPublic" time="11.415" classname="Test Cases/Internal Test Cases/CreateChannelPublic" status="FAILED">
         <failure type="FAILED" message="Test Cases/Internal Test Cases/CreateChannelPublic FAILED.
Reason:
com.kms.katalon.core.exception.StepFailedException: Unable to click on object 'Object Repository/CreateChannel/Page_TEST CHANNEL - TEAM NAME Mattermost/i_CtrlK_icon-plus'
	at com.kms.katalon.core.webui.keyword.internal.WebUIKeywordMain.stepFailed(WebUIKeywordMain.groovy:64)
	at com.kms.katalon.core.webui.keyword.internal.WebUIKeywordMain.runKeyword(WebUIKeywordMain.groovy:26)
	at com.kms.katalon.core.webui.keyword.builtin.ClickKeyword.click(ClickKeyword.groovy:75)
	at com.kms.katalon.core.webui.keyword.builtin.ClickKeyword.execute(ClickKeyword.groovy:42)
	at com.kms.katalon.core.keyword.internal.KeywordExecutor.executeKeywordForPlatform(KeywordExecutor.groovy:73)
	at com.kms.katalon.core.webui.keyword.WebUiBuiltInKeywords.click(WebUiBuiltInKeywords.groovy:619)
	at com.kms.katalon.core.webui.keyword.WebUiBuiltInKeywords$click$2.call(Unknown Source)
	at CreateChannelPublic.run(CreateChannelPublic:24)
	at com.kms.katalon.core.main.ScriptEngine.run(ScriptEngine.java:194)
	at com.kms.katalon.core.main.ScriptEngine.runScriptAsRawText(ScriptEngine.java:119)
	at com.kms.katalon.core.main.TestCaseExecutor.runScript(TestCaseExecutor.java:398)
	at com.kms.katalon.core.main.TestCaseExecutor.doExecute(TestCaseExecutor.java:389)
	at com.kms.katalon.core.main.TestCaseExecutor.processExecutionPhase(TestCaseExecutor.java:368)
	at com.kms.katalon.core.main.TestCaseExecutor.accessMainPhase(TestCaseExecutor.java:360)
	at com.kms.katalon.core.main.TestCaseExecutor.execute(TestCaseExecutor.java:255)
	at com.kms.katalon.core.main.TestSuiteExecutor.accessTestCaseMainPhase(TestSuiteExecutor.java:203)
	at com.kms.katalon.core.main.TestSuiteExecutor.accessTestSuiteMainPhase(TestSuiteExecutor.java:152)
	at com.kms.katalon.core.main.TestSuiteExecutor.execute(TestSuiteExecutor.java:95)
	at com.kms.katalon.core.main.TestCaseMain.startTestSuite(TestCaseMain.java:157)
	at com.kms.katalon.core.main.TestCaseMain$startTestSuite$0.call(Unknown Source)
	at TempTestSuite1622373323128.run(TempTestSuite1622373323128.groovy:39)
Caused by: org.openqa.selenium.ElementClickInterceptedException: element click intercepted: Element &lt;i class=&quot;icon-plus&quot;>&lt;/i> is not clickable at point (273, 155). Other element would receive the click: &lt;div class=&quot;form-group&quot;>...&lt;/div>
  (Session info: chrome=91.0.4472.77)
Build info: version: '3.141.59', revision: 'e82be7d358', time: '2018-11-14T08:25:53'
System info: host: 'WIN-SERVER-2019', ip: '10.1.0.4', os.name: 'Windows Server 2019', os.arch: 'amd64', os.version: '10.0', java.version: '1.8.0_282'
Driver info: com.kms.katalon.selenium.driver.CChromeDriver
Capabilities {acceptInsecureCerts: false, browserName: chrome, browserVersion: 91.0.4472.77, chrome: {chromedriverVersion: 90.0.4430.24 (4c6d850f087da..., userDataDir: C:\Users\nttuan\AppData\Loc...}, goog:chromeOptions: {debuggerAddress: localhost:57729}, javascriptEnabled: true, networkConnectionEnabled: false, pageLoadStrategy: normal, platform: WINDOWS, platformName: WINDOWS, proxy: Proxy(), setWindowRect: true, strictFileInteractability: false, timeouts: {implicit: 0, pageLoad: 300000, script: 30000}, unhandledPromptBehavior: dismiss and notify, webauthn:extension:largeBlob: true, webauthn:virtualAuthenticators: true}
Session ID: 1a91af440dad60cf96a4d42ed9c1eb18
	at org.openqa.selenium.remote.http.W3CHttpResponseCodec.createException(W3CHttpResponseCodec.java:187)
	at org.openqa.selenium.remote.http.W3CHttpResponseCodec.decode(W3CHttpResponseCodec.java:122)
	at org.openqa.selenium.remote.http.W3CHttpResponseCodec.decode(W3CHttpResponseCodec.java:49)
	at org.openqa.selenium.remote.HttpCommandExecutor.execute(HttpCommandExecutor.java:158)
	at org.openqa.selenium.remote.service.DriverCommandExecutor.execute(DriverCommandExecutor.java:83)
	at org.openqa.selenium.remote.RemoteWebDriver.execute(RemoteWebDriver.java:552)
	at com.kms.katalon.selenium.driver.CChromeDriver.execute(CChromeDriver.java:19)
	at org.openqa.selenium.remote.RemoteWebElement.execute(RemoteWebElement.java:285)
	at org.openqa.selenium.remote.RemoteWebElement.click(RemoteWebElement.java:84)
	at org.openqa.selenium.support.events.EventFiringWebDriver$EventFiringWebElement.lambda$new$0(EventFiringWebDriver.java:404)
	at com.sun.proxy.$Proxy17.click(Unknown Source)
	at org.openqa.selenium.support.events.EventFiringWebDriver$EventFiringWebElement.click(EventFiringWebDriver.java:417)
	at com.kms.katalon.core.webui.keyword.builtin.ClickKeyword$_click_closure1.doCall(ClickKeyword.groovy:68)
	at com.kms.katalon.core.webui.keyword.builtin.ClickKeyword$_click_closure1.call(ClickKeyword.groovy)
	at com.kms.katalon.core.webui.keyword.internal.WebUIKeywordMain.runKeyword(WebUIKeywordMain.groovy:20)
	... 19 more
"/>
         <system-out><![CDATA[2021-05-30 11:21:44 - [TEST_CASE][FAILED] - Test Cases/Internal Test Cases/CreateChannelPublic: Test Cases/Internal Test Cases/CreateChannelPublic FAILED.
Reason:
com.kms.katalon.core.exception.StepFailedException: Unable to click on object 'Object Repository/CreateChannel/Page_TEST CHANNEL - TEAM NAME Mattermost/i_CtrlK_icon-plus'
	at com.kms.katalon.core.webui.keyword.internal.WebUIKeywordMain.stepFailed(WebUIKeywordMain.groovy:64)
	at com.kms.katalon.core.webui.keyword.internal.WebUIKeywordMain.runKeyword(WebUIKeywordMain.groovy:26)
	at com.kms.katalon.core.webui.keyword.builtin.ClickKeyword.click(ClickKeyword.groovy:75)
	at com.kms.katalon.core.webui.keyword.builtin.ClickKeyword.execute(ClickKeyword.groovy:42)
	at com.kms.katalon.core.keyword.internal.KeywordExecutor.executeKeywordForPlatform(KeywordExecutor.groovy:73)
	at com.kms.katalon.core.webui.keyword.WebUiBuiltInKeywords.click(WebUiBuiltInKeywords.groovy:619)
	at com.kms.katalon.core.webui.keyword.WebUiBuiltInKeywords$click$2.call(Unknown Source)
	at CreateChannelPublic.run(CreateChannelPublic:24)
	at com.kms.katalon.core.main.ScriptEngine.run(ScriptEngine.java:194)
	at com.kms.katalon.core.main.ScriptEngine.runScriptAsRawText(ScriptEngine.java:119)
	at com.kms.katalon.core.main.TestCaseExecutor.runScript(TestCaseExecutor.java:398)
	at com.kms.katalon.core.main.TestCaseExecutor.doExecute(TestCaseExecutor.java:389)
	at com.kms.katalon.core.main.TestCaseExecutor.processExecutionPhase(TestCaseExecutor.java:368)
	at com.kms.katalon.core.main.TestCaseExecutor.accessMainPhase(TestCaseExecutor.java:360)
	at com.kms.katalon.core.main.TestCaseExecutor.execute(TestCaseExecutor.java:255)
	at com.kms.katalon.core.main.TestSuiteExecutor.accessTestCaseMainPhase(TestSuiteExecutor.java:203)
	at com.kms.katalon.core.main.TestSuiteExecutor.accessTestSuiteMainPhase(TestSuiteExecutor.java:152)
	at com.kms.katalon.core.main.TestSuiteExecutor.execute(TestSuiteExecutor.java:95)
	at com.kms.katalon.core.main.TestCaseMain.startTestSuite(TestCaseMain.java:157)
	at com.kms.katalon.core.main.TestCaseMain$startTestSuite$0.call(Unknown Source)
	at TempTestSuite1622373323128.run(TempTestSuite1622373323128.groovy:39)
Caused by: org.openqa.selenium.ElementClickInterceptedException: element click intercepted: Element <i class="icon-plus"></i> is not clickable at point (273, 155). Other element would receive the click: <div class="form-group">...</div>
  (Session info: chrome=91.0.4472.77)
Build info: version: '3.141.59', revision: 'e82be7d358', time: '2018-11-14T08:25:53'
System info: host: 'WIN-SERVER-2019', ip: '10.1.0.4', os.name: 'Windows Server 2019', os.arch: 'amd64', os.version: '10.0', java.version: '1.8.0_282'
Driver info: com.kms.katalon.selenium.driver.CChromeDriver
Capabilities {acceptInsecureCerts: false, browserName: chrome, browserVersion: 91.0.4472.77, chrome: {chromedriverVersion: 90.0.4430.24 (4c6d850f087da..., userDataDir: C:\Users\nttuan\AppData\Loc...}, goog:chromeOptions: {debuggerAddress: localhost:57729}, javascriptEnabled: true, networkConnectionEnabled: false, pageLoadStrategy: normal, platform: WINDOWS, platformName: WINDOWS, proxy: Proxy(), setWindowRect: true, strictFileInteractability: false, timeouts: {implicit: 0, pageLoad: 300000, script: 30000}, unhandledPromptBehavior: dismiss and notify, webauthn:extension:largeBlob: true, webauthn:virtualAuthenticators: true}
Session ID: 1a91af440dad60cf96a4d42ed9c1eb18
	at org.openqa.selenium.remote.http.W3CHttpResponseCodec.createException(W3CHttpResponseCodec.java:187)
	at org.openqa.selenium.remote.http.W3CHttpResponseCodec.decode(W3CHttpResponseCodec.java:122)
	at org.openqa.selenium.remote.http.W3CHttpResponseCodec.decode(W3CHttpResponseCodec.java:49)
	at org.openqa.selenium.remote.HttpCommandExecutor.execute(HttpCommandExecutor.java:158)
	at org.openqa.selenium.remote.service.DriverCommandExecutor.execute(DriverCommandExecutor.java:83)
	at org.openqa.selenium.remote.RemoteWebDriver.execute(RemoteWebDriver.java:552)
	at com.kms.katalon.selenium.driver.CChromeDriver.execute(CChromeDriver.java:19)
	at org.openqa.selenium.remote.RemoteWebElement.execute(RemoteWebElement.java:285)
	at org.openqa.selenium.remote.RemoteWebElement.click(RemoteWebElement.java:84)
	at org.openqa.selenium.support.events.EventFiringWebDriver$EventFiringWebElement.lambda$new$0(EventFiringWebDriver.java:404)
	at com.sun.proxy.$Proxy17.click(Unknown Source)
	at org.openqa.selenium.support.events.EventFiringWebDriver$EventFiringWebElement.click(EventFiringWebDriver.java:417)
	at com.kms.katalon.core.webui.keyword.builtin.ClickKeyword$_click_closure1.doCall(ClickKeyword.groovy:68)
	at com.kms.katalon.core.webui.keyword.builtin.ClickKeyword$_click_closure1.call(ClickKeyword.groovy)
	at com.kms.katalon.core.webui.keyword.internal.WebUIKeywordMain.runKeyword(WebUIKeywordMain.groovy:20)
	... 19 more


2021-05-30 11:21:45 - [TEST_STEP][PASSED] - callTestCase(findTestCase("Internal Test Cases/Successful Login"), ["Username":"", "Password":""], STOP_ON_FAILURE): Call Test Case 'Test Cases/Internal Test Cases/Successful Login' successfully

2021-05-30 11:21:45 - [TEST_CASE][PASSED] - Test Cases/Internal Test Cases/Successful Login: Test Cases/Internal Test Cases/Successful Login

2021-05-30 11:21:45 - [TEST_STEP][PASSED] - openBrowser(""): Browser is opened with url: ''

2021-05-30 11:21:45 - [MESSAGE][WARNING] - A browser is already opened. Closing browser and opening a new one

2021-05-30 11:21:45 - [MESSAGE][INFO] - Starting 'Chrome' driver

2021-05-30 11:21:45 - [MESSAGE][INFO] - Action delay is set to 0 milliseconds

2021-05-30 11:21:47 - [MESSAGE][PASSED] - Browser is opened with url: ''

2021-05-30 11:21:47 - [TEST_STEP][PASSED] - navigateToUrl("https://chudenangcao2021.cf/"): Navigate to 'https://chudenangcao2021.cf/' successfully

2021-05-30 11:21:47 - [MESSAGE][PASSED] - Navigate to 'https://chudenangcao2021.cf/' successfully

2021-05-30 11:21:47 - [TEST_STEP][PASSED] - setText(findTestObject("Object Repository/Page_Mattermost/input_All team communication in one place, _dcc84b"), findTestData("Internal/Internal Login Data").getValue(1, 1)): Text 'nguyenvanb' is set on object 'Object Repository/Page_Mattermost/input_All team communication in one place, _dcc84b'

2021-05-30 11:21:49 - [MESSAGE][PASSED] - Text 'nguyenvanb' is set on object 'Object Repository/Page_Mattermost/input_All team communication in one place, _dcc84b'

2021-05-30 11:21:49 - [TEST_STEP][PASSED] - setEncryptedText(findTestObject("Object Repository/Page_Mattermost/input_All team communication in one place, _a3edc6"), findTestData("Internal/Internal Login Data").getValue(2, 1)): Text ****** has been set on object 'Object Repository/Page_Mattermost/input_All team communication in one place, _a3edc6'

2021-05-30 11:21:49 - [MESSAGE][PASSED] - Text ****** has been set on object 'Object Repository/Page_Mattermost/input_All team communication in one place, _a3edc6'

2021-05-30 11:21:49 - [TEST_STEP][PASSED] - click(findTestObject("Object Repository/Page_Mattermost/button_Sign in")): Object: 'Object Repository/Page_Mattermost/button_Sign in' is clicked on

2021-05-30 11:21:50 - [MESSAGE][PASSED] - Object: 'Object Repository/Page_Mattermost/button_Sign in' is clicked on

2021-05-30 11:21:50 - [TEST_STEP][PASSED] - verifyLinksAccessible(["https://chudenangcao2021.cf/cdnc-cnpm-2021/channels"]): All links are accessible

2021-05-30 11:21:50 - [MESSAGE][INFO] - HAR: C:\Users\nttuan\Downloads\CDNC\mattermost-testing\Reports\20210530_111523\Run all test cases\20210530_111523\requests\main\36.har

2021-05-30 11:21:50 - [MESSAGE][PASSED] - Send request successfully

2021-05-30 11:21:50 - [MESSAGE][PASSED] - All links are accessible

2021-05-30 11:21:50 - [MESSAGE][PASSED] - Call Test Case 'Test Cases/Internal Test Cases/Successful Login' successfully

2021-05-30 11:21:50 - [TEST_STEP][FAILED] - for ([rowNum = 1, rowNum <= findTestData("Internal/Internal Channel Public").getRowNumbers(), (rowNum++)]): Unable to click on object 'Object Repository/CreateChannel/Page_TEST CHANNEL - TEAM NAME Mattermost/i_CtrlK_icon-plus' (Root cause: com.kms.katalon.core.exception.StepFailedException: Unable to click on object 'Object Repository/CreateChannel/Page_TEST CHANNEL - TEAM NAME Mattermost/i_CtrlK_icon-plus'
	at com.kms.katalon.core.webui.keyword.internal.WebUIKeywordMain.stepFailed(WebUIKeywordMain.groovy:64)
	at com.kms.katalon.core.webui.keyword.internal.WebUIKeywordMain.runKeyword(WebUIKeywordMain.groovy:26)
	at com.kms.katalon.core.webui.keyword.builtin.ClickKeyword.click(ClickKeyword.groovy:75)
	at com.kms.katalon.core.webui.keyword.builtin.ClickKeyword.execute(ClickKeyword.groovy:42)
	at com.kms.katalon.core.keyword.internal.KeywordExecutor.executeKeywordForPlatform(KeywordExecutor.groovy:73)
	at com.kms.katalon.core.webui.keyword.WebUiBuiltInKeywords.click(WebUiBuiltInKeywords.groovy:619)
	at com.kms.katalon.core.webui.keyword.WebUiBuiltInKeywords$click$2.call(Unknown Source)
	at CreateChannelPublic.run(CreateChannelPublic:24)
	at com.kms.katalon.core.main.ScriptEngine.run(ScriptEngine.java:194)
	at com.kms.katalon.core.main.ScriptEngine.runScriptAsRawText(ScriptEngine.java:119)
	at com.kms.katalon.core.main.TestCaseExecutor.runScript(TestCaseExecutor.java:398)
	at com.kms.katalon.core.main.TestCaseExecutor.doExecute(TestCaseExecutor.java:389)
	at com.kms.katalon.core.main.TestCaseExecutor.processExecutionPhase(TestCaseExecutor.java:368)
	at com.kms.katalon.core.main.TestCaseExecutor.accessMainPhase(TestCaseExecutor.java:360)
	at com.kms.katalon.core.main.TestCaseExecutor.execute(TestCaseExecutor.java:255)
	at com.kms.katalon.core.main.TestSuiteExecutor.accessTestCaseMainPhase(TestSuiteExecutor.java:203)
	at com.kms.katalon.core.main.TestSuiteExecutor.accessTestSuiteMainPhase(TestSuiteExecutor.java:152)
	at com.kms.katalon.core.main.TestSuiteExecutor.execute(TestSuiteExecutor.java:95)
	at com.kms.katalon.core.main.TestCaseMain.startTestSuite(TestCaseMain.java:157)
	at com.kms.katalon.core.main.TestCaseMain$startTestSuite$0.call(Unknown Source)
	at TempTestSuite1622373323128.run(TempTestSuite1622373323128.groovy:39)
Caused by: org.openqa.selenium.ElementClickInterceptedException: element click intercepted: Element <i class="icon-plus"></i> is not clickable at point (273, 155). Other element would receive the click: <div class="form-group">...</div>
  (Session info: chrome=91.0.4472.77)
Build info: version: '3.141.59', revision: 'e82be7d358', time: '2018-11-14T08:25:53'
System info: host: 'WIN-SERVER-2019', ip: '10.1.0.4', os.name: 'Windows Server 2019', os.arch: 'amd64', os.version: '10.0', java.version: '1.8.0_282'
Driver info: com.kms.katalon.selenium.driver.CChromeDriver
Capabilities {acceptInsecureCerts: false, browserName: chrome, browserVersion: 91.0.4472.77, chrome: {chromedriverVersion: 90.0.4430.24 (4c6d850f087da..., userDataDir: C:\Users\nttuan\AppData\Loc...}, goog:chromeOptions: {debuggerAddress: localhost:57729}, javascriptEnabled: true, networkConnectionEnabled: false, pageLoadStrategy: normal, platform: WINDOWS, platformName: WINDOWS, proxy: Proxy(), setWindowRect: true, strictFileInteractability: false, timeouts: {implicit: 0, pageLoad: 300000, script: 30000}, unhandledPromptBehavior: dismiss and notify, webauthn:extension:largeBlob: true, webauthn:virtualAuthenticators: true}
Session ID: 1a91af440dad60cf96a4d42ed9c1eb18
	at org.openqa.selenium.remote.http.W3CHttpResponseCodec.createException(W3CHttpResponseCodec.java:187)
	at org.openqa.selenium.remote.http.W3CHttpResponseCodec.decode(W3CHttpResponseCodec.java:122)
	at org.openqa.selenium.remote.http.W3CHttpResponseCodec.decode(W3CHttpResponseCodec.java:49)
	at org.openqa.selenium.remote.HttpCommandExecutor.execute(HttpCommandExecutor.java:158)
	at org.openqa.selenium.remote.service.DriverCommandExecutor.execute(DriverCommandExecutor.java:83)
	at org.openqa.selenium.remote.RemoteWebDriver.execute(RemoteWebDriver.java:552)
	at com.kms.katalon.selenium.driver.CChromeDriver.execute(CChromeDriver.java:19)
	at org.openqa.selenium.remote.RemoteWebElement.execute(RemoteWebElement.java:285)
	at org.openqa.selenium.remote.RemoteWebElement.click(RemoteWebElement.java:84)
	at org.openqa.selenium.support.events.EventFiringWebDriver$EventFiringWebElement.lambda$new$0(EventFiringWebDriver.java:404)
	at com.sun.proxy.$Proxy17.click(Unknown Source)
	at org.openqa.selenium.support.events.EventFiringWebDriver$EventFiringWebElement.click(EventFiringWebDriver.java:417)
	at com.kms.katalon.core.webui.keyword.builtin.ClickKeyword$_click_closure1.doCall(ClickKeyword.groovy:68)
	at com.kms.katalon.core.webui.keyword.builtin.ClickKeyword$_click_closure1.call(ClickKeyword.groovy)
	at com.kms.katalon.core.webui.keyword.internal.WebUIKeywordMain.runKeyword(WebUIKeywordMain.groovy:20)
	at com.kms.katalon.core.webui.keyword.builtin.ClickKeyword.click(ClickKeyword.groovy:75)
	at com.kms.katalon.core.webui.keyword.builtin.ClickKeyword.execute(ClickKeyword.groovy:42)
	at com.kms.katalon.core.keyword.internal.KeywordExecutor.executeKeywordForPlatform(KeywordExecutor.groovy:73)
	at com.kms.katalon.core.webui.keyword.WebUiBuiltInKeywords.click(WebUiBuiltInKeywords.groovy:619)
	at com.kms.katalon.core.webui.keyword.WebUiBuiltInKeywords$click$2.call(Unknown Source)
	at Script1622088008923.run(Script1622088008923.groovy:24)
	... 13 more
)

2021-05-30 11:21:50 - [TEST_STEP][PASSED] - click(findTestObject("Object Repository/CreateChannel/Page_TEST CHANNEL - TEAM NAME Mattermost/i_CtrlK_icon-plus")): Object: 'Object Repository/CreateChannel/Page_TEST CHANNEL - TEAM NAME Mattermost/i_CtrlK_icon-plus' is clicked on

2021-05-30 11:21:52 - [MESSAGE][PASSED] - Object: 'Object Repository/CreateChannel/Page_TEST CHANNEL - TEAM NAME Mattermost/i_CtrlK_icon-plus' is clicked on

2021-05-30 11:21:52 - [TEST_STEP][PASSED] - click(findTestObject("Object Repository/CreateChannel/Page_TEST CHANNEL - TEAM NAME Mattermost/span_Create New Channel")): Object: 'Object Repository/CreateChannel/Page_TEST CHANNEL - TEAM NAME Mattermost/span_Create New Channel' is clicked on

2021-05-30 11:21:52 - [MESSAGE][PASSED] - Object: 'Object Repository/CreateChannel/Page_TEST CHANNEL - TEAM NAME Mattermost/span_Create New Channel' is clicked on

2021-05-30 11:21:52 - [TEST_STEP][PASSED] - click(findTestObject("Object Repository/CreateChannel/Page_TEST CHANNEL - TEAM NAME Mattermost/input_Type_channelType")): Object: 'Object Repository/CreateChannel/Page_TEST CHANNEL - TEAM NAME Mattermost/input_Type_channelType' is clicked on

2021-05-30 11:21:53 - [MESSAGE][PASSED] - Object: 'Object Repository/CreateChannel/Page_TEST CHANNEL - TEAM NAME Mattermost/input_Type_channelType' is clicked on

2021-05-30 11:21:53 - [TEST_STEP][PASSED] - setText(findTestObject("Object Repository/CreateChannel/Page_TEST CHANNEL - TEAM NAME Mattermost/input_Name_newChannelName"), findTestData("Internal/Internal Channel Public").getValue(1, rowNum)): Text 'Channel Public 12445' is set on object 'Object Repository/CreateChannel/Page_TEST CHANNEL - TEAM NAME Mattermost/input_Name_newChannelName'

2021-05-30 11:21:54 - [MESSAGE][PASSED] - Text 'Channel Public 12445' is set on object 'Object Repository/CreateChannel/Page_TEST CHANNEL - TEAM NAME Mattermost/input_Name_newChannelName'

2021-05-30 11:21:54 - [TEST_STEP][PASSED] - click(findTestObject("Object Repository/CreateChannel/Page_TEST CHANNEL - TEAM NAME Mattermost/button_Create Channel")): Object: 'Object Repository/CreateChannel/Page_TEST CHANNEL - TEAM NAME Mattermost/button_Create Channel' is clicked on

2021-05-30 11:21:54 - [MESSAGE][PASSED] - Object: 'Object Repository/CreateChannel/Page_TEST CHANNEL - TEAM NAME Mattermost/button_Create Channel' is clicked on

2021-05-30 11:21:54 - [TEST_STEP][FAILED] - click(findTestObject("Object Repository/CreateChannel/Page_TEST CHANNEL - TEAM NAME Mattermost/i_CtrlK_icon-plus")): Unable to click on object 'Object Repository/CreateChannel/Page_TEST CHANNEL - TEAM NAME Mattermost/i_CtrlK_icon-plus' (Root cause: com.kms.katalon.core.exception.StepFailedException: Unable to click on object 'Object Repository/CreateChannel/Page_TEST CHANNEL - TEAM NAME Mattermost/i_CtrlK_icon-plus'
	at com.kms.katalon.core.webui.keyword.internal.WebUIKeywordMain.stepFailed(WebUIKeywordMain.groovy:64)
	at com.kms.katalon.core.webui.keyword.internal.WebUIKeywordMain.runKeyword(WebUIKeywordMain.groovy:26)
	at com.kms.katalon.core.webui.keyword.builtin.ClickKeyword.click(ClickKeyword.groovy:75)
	at com.kms.katalon.core.webui.keyword.builtin.ClickKeyword.execute(ClickKeyword.groovy:42)
	at com.kms.katalon.core.keyword.internal.KeywordExecutor.executeKeywordForPlatform(KeywordExecutor.groovy:73)
	at com.kms.katalon.core.webui.keyword.WebUiBuiltInKeywords.click(WebUiBuiltInKeywords.groovy:619)
	at com.kms.katalon.core.webui.keyword.WebUiBuiltInKeywords$click$2.call(Unknown Source)
	at CreateChannelPublic.run(CreateChannelPublic:24)
	at com.kms.katalon.core.main.ScriptEngine.run(ScriptEngine.java:194)
	at com.kms.katalon.core.main.ScriptEngine.runScriptAsRawText(ScriptEngine.java:119)
	at com.kms.katalon.core.main.TestCaseExecutor.runScript(TestCaseExecutor.java:398)
	at com.kms.katalon.core.main.TestCaseExecutor.doExecute(TestCaseExecutor.java:389)
	at com.kms.katalon.core.main.TestCaseExecutor.processExecutionPhase(TestCaseExecutor.java:368)
	at com.kms.katalon.core.main.TestCaseExecutor.accessMainPhase(TestCaseExecutor.java:360)
	at com.kms.katalon.core.main.TestCaseExecutor.execute(TestCaseExecutor.java:255)
	at com.kms.katalon.core.main.TestSuiteExecutor.accessTestCaseMainPhase(TestSuiteExecutor.java:203)
	at com.kms.katalon.core.main.TestSuiteExecutor.accessTestSuiteMainPhase(TestSuiteExecutor.java:152)
	at com.kms.katalon.core.main.TestSuiteExecutor.execute(TestSuiteExecutor.java:95)
	at com.kms.katalon.core.main.TestCaseMain.startTestSuite(TestCaseMain.java:157)
	at com.kms.katalon.core.main.TestCaseMain$startTestSuite$0.call(Unknown Source)
	at TempTestSuite1622373323128.run(TempTestSuite1622373323128.groovy:39)
Caused by: org.openqa.selenium.ElementClickInterceptedException: element click intercepted: Element <i class="icon-plus"></i> is not clickable at point (273, 155). Other element would receive the click: <div class="form-group">...</div>
  (Session info: chrome=91.0.4472.77)
Build info: version: '3.141.59', revision: 'e82be7d358', time: '2018-11-14T08:25:53'
System info: host: 'WIN-SERVER-2019', ip: '10.1.0.4', os.name: 'Windows Server 2019', os.arch: 'amd64', os.version: '10.0', java.version: '1.8.0_282'
Driver info: com.kms.katalon.selenium.driver.CChromeDriver
Capabilities {acceptInsecureCerts: false, browserName: chrome, browserVersion: 91.0.4472.77, chrome: {chromedriverVersion: 90.0.4430.24 (4c6d850f087da..., userDataDir: C:\Users\nttuan\AppData\Loc...}, goog:chromeOptions: {debuggerAddress: localhost:57729}, javascriptEnabled: true, networkConnectionEnabled: false, pageLoadStrategy: normal, platform: WINDOWS, platformName: WINDOWS, proxy: Proxy(), setWindowRect: true, strictFileInteractability: false, timeouts: {implicit: 0, pageLoad: 300000, script: 30000}, unhandledPromptBehavior: dismiss and notify, webauthn:extension:largeBlob: true, webauthn:virtualAuthenticators: true}
Session ID: 1a91af440dad60cf96a4d42ed9c1eb18
	at org.openqa.selenium.remote.http.W3CHttpResponseCodec.createException(W3CHttpResponseCodec.java:187)
	at org.openqa.selenium.remote.http.W3CHttpResponseCodec.decode(W3CHttpResponseCodec.java:122)
	at org.openqa.selenium.remote.http.W3CHttpResponseCodec.decode(W3CHttpResponseCodec.java:49)
	at org.openqa.selenium.remote.HttpCommandExecutor.execute(HttpCommandExecutor.java:158)
	at org.openqa.selenium.remote.service.DriverCommandExecutor.execute(DriverCommandExecutor.java:83)
	at org.openqa.selenium.remote.RemoteWebDriver.execute(RemoteWebDriver.java:552)
	at com.kms.katalon.selenium.driver.CChromeDriver.execute(CChromeDriver.java:19)
	at org.openqa.selenium.remote.RemoteWebElement.execute(RemoteWebElement.java:285)
	at org.openqa.selenium.remote.RemoteWebElement.click(RemoteWebElement.java:84)
	at org.openqa.selenium.support.events.EventFiringWebDriver$EventFiringWebElement.lambda$new$0(EventFiringWebDriver.java:404)
	at com.sun.proxy.$Proxy17.click(Unknown Source)
	at org.openqa.selenium.support.events.EventFiringWebDriver$EventFiringWebElement.click(EventFiringWebDriver.java:417)
	at com.kms.katalon.core.webui.keyword.builtin.ClickKeyword$_click_closure1.doCall(ClickKeyword.groovy:68)
	at com.kms.katalon.core.webui.keyword.builtin.ClickKeyword$_click_closure1.call(ClickKeyword.groovy)
	at com.kms.katalon.core.webui.keyword.internal.WebUIKeywordMain.runKeyword(WebUIKeywordMain.groovy:20)
	at com.kms.katalon.core.webui.keyword.builtin.ClickKeyword.click(ClickKeyword.groovy:75)
	at com.kms.katalon.core.webui.keyword.builtin.ClickKeyword.execute(ClickKeyword.groovy:42)
	at com.kms.katalon.core.keyword.internal.KeywordExecutor.executeKeywordForPlatform(KeywordExecutor.groovy:73)
	at com.kms.katalon.core.webui.keyword.WebUiBuiltInKeywords.click(WebUiBuiltInKeywords.groovy:619)
	at com.kms.katalon.core.webui.keyword.WebUiBuiltInKeywords$click$2.call(Unknown Source)
	at Script1622088008923.run(Script1622088008923.groovy:24)
	... 13 more
)

2021-05-30 11:21:56 - [MESSAGE][FAILED] - Unable to click on object 'Object Repository/CreateChannel/Page_TEST CHANNEL - TEAM NAME Mattermost/i_CtrlK_icon-plus' (Root cause: com.kms.katalon.core.exception.StepFailedException: Unable to click on object 'Object Repository/CreateChannel/Page_TEST CHANNEL - TEAM NAME Mattermost/i_CtrlK_icon-plus'
	at com.kms.katalon.core.webui.keyword.internal.WebUIKeywordMain.stepFailed(WebUIKeywordMain.groovy:64)
	at com.kms.katalon.core.webui.keyword.internal.WebUIKeywordMain.runKeyword(WebUIKeywordMain.groovy:26)
	at com.kms.katalon.core.webui.keyword.builtin.ClickKeyword.click(ClickKeyword.groovy:75)
	at com.kms.katalon.core.webui.keyword.builtin.ClickKeyword.execute(ClickKeyword.groovy:42)
	at com.kms.katalon.core.keyword.internal.KeywordExecutor.executeKeywordForPlatform(KeywordExecutor.groovy:73)
	at com.kms.katalon.core.webui.keyword.WebUiBuiltInKeywords.click(WebUiBuiltInKeywords.groovy:619)
	at com.kms.katalon.core.webui.keyword.WebUiBuiltInKeywords$click$2.call(Unknown Source)
	at CreateChannelPublic.run(CreateChannelPublic:24)
	at com.kms.katalon.core.main.ScriptEngine.run(ScriptEngine.java:194)
	at com.kms.katalon.core.main.ScriptEngine.runScriptAsRawText(ScriptEngine.java:119)
	at com.kms.katalon.core.main.TestCaseExecutor.runScript(TestCaseExecutor.java:398)
	at com.kms.katalon.core.main.TestCaseExecutor.doExecute(TestCaseExecutor.java:389)
	at com.kms.katalon.core.main.TestCaseExecutor.processExecutionPhase(TestCaseExecutor.java:368)
	at com.kms.katalon.core.main.TestCaseExecutor.accessMainPhase(TestCaseExecutor.java:360)
	at com.kms.katalon.core.main.TestCaseExecutor.execute(TestCaseExecutor.java:255)
	at com.kms.katalon.core.main.TestSuiteExecutor.accessTestCaseMainPhase(TestSuiteExecutor.java:203)
	at com.kms.katalon.core.main.TestSuiteExecutor.accessTestSuiteMainPhase(TestSuiteExecutor.java:152)
	at com.kms.katalon.core.main.TestSuiteExecutor.execute(TestSuiteExecutor.java:95)
	at com.kms.katalon.core.main.TestCaseMain.startTestSuite(TestCaseMain.java:157)
	at com.kms.katalon.core.main.TestCaseMain$startTestSuite$0.call(Unknown Source)
	at TempTestSuite1622373323128.run(TempTestSuite1622373323128.groovy:39)
Caused by: org.openqa.selenium.ElementClickInterceptedException: element click intercepted: Element <i class="icon-plus"></i> is not clickable at point (273, 155). Other element would receive the click: <div class="form-group">...</div>
  (Session info: chrome=91.0.4472.77)
Build info: version: '3.141.59', revision: 'e82be7d358', time: '2018-11-14T08:25:53'
System info: host: 'WIN-SERVER-2019', ip: '10.1.0.4', os.name: 'Windows Server 2019', os.arch: 'amd64', os.version: '10.0', java.version: '1.8.0_282'
Driver info: com.kms.katalon.selenium.driver.CChromeDriver
Capabilities {acceptInsecureCerts: false, browserName: chrome, browserVersion: 91.0.4472.77, chrome: {chromedriverVersion: 90.0.4430.24 (4c6d850f087da..., userDataDir: C:\Users\nttuan\AppData\Loc...}, goog:chromeOptions: {debuggerAddress: localhost:57729}, javascriptEnabled: true, networkConnectionEnabled: false, pageLoadStrategy: normal, platform: WINDOWS, platformName: WINDOWS, proxy: Proxy(), setWindowRect: true, strictFileInteractability: false, timeouts: {implicit: 0, pageLoad: 300000, script: 30000}, unhandledPromptBehavior: dismiss and notify, webauthn:extension:largeBlob: true, webauthn:virtualAuthenticators: true}
Session ID: 1a91af440dad60cf96a4d42ed9c1eb18
	at org.openqa.selenium.remote.http.W3CHttpResponseCodec.createException(W3CHttpResponseCodec.java:187)
	at org.openqa.selenium.remote.http.W3CHttpResponseCodec.decode(W3CHttpResponseCodec.java:122)
	at org.openqa.selenium.remote.http.W3CHttpResponseCodec.decode(W3CHttpResponseCodec.java:49)
	at org.openqa.selenium.remote.HttpCommandExecutor.execute(HttpCommandExecutor.java:158)
	at org.openqa.selenium.remote.service.DriverCommandExecutor.execute(DriverCommandExecutor.java:83)
	at org.openqa.selenium.remote.RemoteWebDriver.execute(RemoteWebDriver.java:552)
	at com.kms.katalon.selenium.driver.CChromeDriver.execute(CChromeDriver.java:19)
	at org.openqa.selenium.remote.RemoteWebElement.execute(RemoteWebElement.java:285)
	at org.openqa.selenium.remote.RemoteWebElement.click(RemoteWebElement.java:84)
	at org.openqa.selenium.support.events.EventFiringWebDriver$EventFiringWebElement.lambda$new$0(EventFiringWebDriver.java:404)
	at com.sun.proxy.$Proxy17.click(Unknown Source)
	at org.openqa.selenium.support.events.EventFiringWebDriver$EventFiringWebElement.click(EventFiringWebDriver.java:417)
	at com.kms.katalon.core.webui.keyword.builtin.ClickKeyword$_click_closure1.doCall(ClickKeyword.groovy:68)
	at com.kms.katalon.core.webui.keyword.builtin.ClickKeyword$_click_closure1.call(ClickKeyword.groovy)
	at com.kms.katalon.core.webui.keyword.internal.WebUIKeywordMain.runKeyword(WebUIKeywordMain.groovy:20)
	at com.kms.katalon.core.webui.keyword.builtin.ClickKeyword.click(ClickKeyword.groovy:75)
	at com.kms.katalon.core.webui.keyword.builtin.ClickKeyword.execute(ClickKeyword.groovy:42)
	at com.kms.katalon.core.keyword.internal.KeywordExecutor.executeKeywordForPlatform(KeywordExecutor.groovy:73)
	at com.kms.katalon.core.webui.keyword.WebUiBuiltInKeywords.click(WebUiBuiltInKeywords.groovy:619)
	at com.kms.katalon.core.webui.keyword.WebUiBuiltInKeywords$click$2.call(Unknown Source)
	at Script1622088008923.run(Script1622088008923.groovy:24)
	... 13 more
)
[[ATTACHMENT|C:\\Users\\nttuan\\Downloads\\CDNC\\mattermost-testing\\Reports\\20210530_111523\\Run all test cases\\20210530_111523\\1622373716191.png]]]]></system-out>
         <system-err><![CDATA[2021-05-30 11:21:44 - [TEST_CASE][FAILED] - Test Cases/Internal Test Cases/CreateChannelPublic: Test Cases/Internal Test Cases/CreateChannelPublic FAILED.
Reason:
com.kms.katalon.core.exception.StepFailedException: Unable to click on object 'Object Repository/CreateChannel/Page_TEST CHANNEL - TEAM NAME Mattermost/i_CtrlK_icon-plus'
	at com.kms.katalon.core.webui.keyword.internal.WebUIKeywordMain.stepFailed(WebUIKeywordMain.groovy:64)
	at com.kms.katalon.core.webui.keyword.internal.WebUIKeywordMain.runKeyword(WebUIKeywordMain.groovy:26)
	at com.kms.katalon.core.webui.keyword.builtin.ClickKeyword.click(ClickKeyword.groovy:75)
	at com.kms.katalon.core.webui.keyword.builtin.ClickKeyword.execute(ClickKeyword.groovy:42)
	at com.kms.katalon.core.keyword.internal.KeywordExecutor.executeKeywordForPlatform(KeywordExecutor.groovy:73)
	at com.kms.katalon.core.webui.keyword.WebUiBuiltInKeywords.click(WebUiBuiltInKeywords.groovy:619)
	at com.kms.katalon.core.webui.keyword.WebUiBuiltInKeywords$click$2.call(Unknown Source)
	at CreateChannelPublic.run(CreateChannelPublic:24)
	at com.kms.katalon.core.main.ScriptEngine.run(ScriptEngine.java:194)
	at com.kms.katalon.core.main.ScriptEngine.runScriptAsRawText(ScriptEngine.java:119)
	at com.kms.katalon.core.main.TestCaseExecutor.runScript(TestCaseExecutor.java:398)
	at com.kms.katalon.core.main.TestCaseExecutor.doExecute(TestCaseExecutor.java:389)
	at com.kms.katalon.core.main.TestCaseExecutor.processExecutionPhase(TestCaseExecutor.java:368)
	at com.kms.katalon.core.main.TestCaseExecutor.accessMainPhase(TestCaseExecutor.java:360)
	at com.kms.katalon.core.main.TestCaseExecutor.execute(TestCaseExecutor.java:255)
	at com.kms.katalon.core.main.TestSuiteExecutor.accessTestCaseMainPhase(TestSuiteExecutor.java:203)
	at com.kms.katalon.core.main.TestSuiteExecutor.accessTestSuiteMainPhase(TestSuiteExecutor.java:152)
	at com.kms.katalon.core.main.TestSuiteExecutor.execute(TestSuiteExecutor.java:95)
	at com.kms.katalon.core.main.TestCaseMain.startTestSuite(TestCaseMain.java:157)
	at com.kms.katalon.core.main.TestCaseMain$startTestSuite$0.call(Unknown Source)
	at TempTestSuite1622373323128.run(TempTestSuite1622373323128.groovy:39)
Caused by: org.openqa.selenium.ElementClickInterceptedException: element click intercepted: Element <i class="icon-plus"></i> is not clickable at point (273, 155). Other element would receive the click: <div class="form-group">...</div>
  (Session info: chrome=91.0.4472.77)
Build info: version: '3.141.59', revision: 'e82be7d358', time: '2018-11-14T08:25:53'
System info: host: 'WIN-SERVER-2019', ip: '10.1.0.4', os.name: 'Windows Server 2019', os.arch: 'amd64', os.version: '10.0', java.version: '1.8.0_282'
Driver info: com.kms.katalon.selenium.driver.CChromeDriver
Capabilities {acceptInsecureCerts: false, browserName: chrome, browserVersion: 91.0.4472.77, chrome: {chromedriverVersion: 90.0.4430.24 (4c6d850f087da..., userDataDir: C:\Users\nttuan\AppData\Loc...}, goog:chromeOptions: {debuggerAddress: localhost:57729}, javascriptEnabled: true, networkConnectionEnabled: false, pageLoadStrategy: normal, platform: WINDOWS, platformName: WINDOWS, proxy: Proxy(), setWindowRect: true, strictFileInteractability: false, timeouts: {implicit: 0, pageLoad: 300000, script: 30000}, unhandledPromptBehavior: dismiss and notify, webauthn:extension:largeBlob: true, webauthn:virtualAuthenticators: true}
Session ID: 1a91af440dad60cf96a4d42ed9c1eb18
	at org.openqa.selenium.remote.http.W3CHttpResponseCodec.createException(W3CHttpResponseCodec.java:187)
	at org.openqa.selenium.remote.http.W3CHttpResponseCodec.decode(W3CHttpResponseCodec.java:122)
	at org.openqa.selenium.remote.http.W3CHttpResponseCodec.decode(W3CHttpResponseCodec.java:49)
	at org.openqa.selenium.remote.HttpCommandExecutor.execute(HttpCommandExecutor.java:158)
	at org.openqa.selenium.remote.service.DriverCommandExecutor.execute(DriverCommandExecutor.java:83)
	at org.openqa.selenium.remote.RemoteWebDriver.execute(RemoteWebDriver.java:552)
	at com.kms.katalon.selenium.driver.CChromeDriver.execute(CChromeDriver.java:19)
	at org.openqa.selenium.remote.RemoteWebElement.execute(RemoteWebElement.java:285)
	at org.openqa.selenium.remote.RemoteWebElement.click(RemoteWebElement.java:84)
	at org.openqa.selenium.support.events.EventFiringWebDriver$EventFiringWebElement.lambda$new$0(EventFiringWebDriver.java:404)
	at com.sun.proxy.$Proxy17.click(Unknown Source)
	at org.openqa.selenium.support.events.EventFiringWebDriver$EventFiringWebElement.click(EventFiringWebDriver.java:417)
	at com.kms.katalon.core.webui.keyword.builtin.ClickKeyword$_click_closure1.doCall(ClickKeyword.groovy:68)
	at com.kms.katalon.core.webui.keyword.builtin.ClickKeyword$_click_closure1.call(ClickKeyword.groovy)
	at com.kms.katalon.core.webui.keyword.internal.WebUIKeywordMain.runKeyword(WebUIKeywordMain.groovy:20)
	... 19 more]]></system-err>
      </testcase>
      <testcase name="Test Cases/Internal Test Cases/CreateTeam" time="44.982" classname="Test Cases/Internal Test Cases/CreateTeam" status="FAILED">
         <failure type="FAILED" message="Test Cases/Internal Test Cases/CreateTeam FAILED.
Reason:
com.kms.katalon.core.exception.StepFailedException: Unable to click on object 'Object Repository/Page_TEST CHANNEL - TEAM NAME Mattermost/svg'
	at com.kms.katalon.core.webui.keyword.internal.WebUIKeywordMain.stepFailed(WebUIKeywordMain.groovy:64)
	at com.kms.katalon.core.webui.keyword.internal.WebUIKeywordMain.runKeyword(WebUIKeywordMain.groovy:26)
	at com.kms.katalon.core.webui.keyword.builtin.ClickKeyword.click(ClickKeyword.groovy:75)
	at com.kms.katalon.core.webui.keyword.builtin.ClickKeyword.execute(ClickKeyword.groovy:42)
	at com.kms.katalon.core.keyword.internal.KeywordExecutor.executeKeywordForPlatform(KeywordExecutor.groovy:73)
	at com.kms.katalon.core.webui.keyword.WebUiBuiltInKeywords.click(WebUiBuiltInKeywords.groovy:619)
	at com.kms.katalon.core.webui.keyword.WebUiBuiltInKeywords$click$2.call(Unknown Source)
	at CreateTeam.run(CreateTeam:23)
	at com.kms.katalon.core.main.ScriptEngine.run(ScriptEngine.java:194)
	at com.kms.katalon.core.main.ScriptEngine.runScriptAsRawText(ScriptEngine.java:119)
	at com.kms.katalon.core.main.TestCaseExecutor.runScript(TestCaseExecutor.java:398)
	at com.kms.katalon.core.main.TestCaseExecutor.doExecute(TestCaseExecutor.java:389)
	at com.kms.katalon.core.main.TestCaseExecutor.processExecutionPhase(TestCaseExecutor.java:368)
	at com.kms.katalon.core.main.TestCaseExecutor.accessMainPhase(TestCaseExecutor.java:360)
	at com.kms.katalon.core.main.TestCaseExecutor.execute(TestCaseExecutor.java:255)
	at com.kms.katalon.core.main.TestSuiteExecutor.accessTestCaseMainPhase(TestSuiteExecutor.java:203)
	at com.kms.katalon.core.main.TestSuiteExecutor.accessTestSuiteMainPhase(TestSuiteExecutor.java:152)
	at com.kms.katalon.core.main.TestSuiteExecutor.execute(TestSuiteExecutor.java:95)
	at com.kms.katalon.core.main.TestCaseMain.startTestSuite(TestCaseMain.java:157)
	at com.kms.katalon.core.main.TestCaseMain$startTestSuite$0.call(Unknown Source)
	at TempTestSuite1622373323128.run(TempTestSuite1622373323128.groovy:39)
Caused by: com.kms.katalon.core.webui.exception.WebElementNotFoundException: Web element with id: 'Object Repository/Page_TEST CHANNEL - TEAM NAME Mattermost/svg' located by '(.//*[normalize-space(text()) and normalize-space(.)='@nguyenvanb'])[1]/following::*[name()='svg'][1]' not found
	at com.kms.katalon.core.webui.common.WebUiCommonHelper.findWebElement(WebUiCommonHelper.java:1368)
	at com.kms.katalon.core.webui.keyword.internal.WebUIAbstractKeyword.findWebElement(WebUIAbstractKeyword.groovy:27)
	at com.kms.katalon.core.webui.keyword.internal.WebUIAbstractKeyword.findWebElement(WebUIAbstractKeyword.groovy:26)
	at com.kms.katalon.core.webui.keyword.builtin.ClickKeyword$_click_closure1.doCall(ClickKeyword.groovy:66)
	at com.kms.katalon.core.webui.keyword.builtin.ClickKeyword$_click_closure1.call(ClickKeyword.groovy)
	at com.kms.katalon.core.webui.keyword.internal.WebUIKeywordMain.runKeyword(WebUIKeywordMain.groovy:20)
	... 19 more
"/>
         <system-out><![CDATA[2021-05-30 11:21:56 - [TEST_CASE][FAILED] - Test Cases/Internal Test Cases/CreateTeam: Test Cases/Internal Test Cases/CreateTeam FAILED.
Reason:
com.kms.katalon.core.exception.StepFailedException: Unable to click on object 'Object Repository/Page_TEST CHANNEL - TEAM NAME Mattermost/svg'
	at com.kms.katalon.core.webui.keyword.internal.WebUIKeywordMain.stepFailed(WebUIKeywordMain.groovy:64)
	at com.kms.katalon.core.webui.keyword.internal.WebUIKeywordMain.runKeyword(WebUIKeywordMain.groovy:26)
	at com.kms.katalon.core.webui.keyword.builtin.ClickKeyword.click(ClickKeyword.groovy:75)
	at com.kms.katalon.core.webui.keyword.builtin.ClickKeyword.execute(ClickKeyword.groovy:42)
	at com.kms.katalon.core.keyword.internal.KeywordExecutor.executeKeywordForPlatform(KeywordExecutor.groovy:73)
	at com.kms.katalon.core.webui.keyword.WebUiBuiltInKeywords.click(WebUiBuiltInKeywords.groovy:619)
	at com.kms.katalon.core.webui.keyword.WebUiBuiltInKeywords$click$2.call(Unknown Source)
	at CreateTeam.run(CreateTeam:23)
	at com.kms.katalon.core.main.ScriptEngine.run(ScriptEngine.java:194)
	at com.kms.katalon.core.main.ScriptEngine.runScriptAsRawText(ScriptEngine.java:119)
	at com.kms.katalon.core.main.TestCaseExecutor.runScript(TestCaseExecutor.java:398)
	at com.kms.katalon.core.main.TestCaseExecutor.doExecute(TestCaseExecutor.java:389)
	at com.kms.katalon.core.main.TestCaseExecutor.processExecutionPhase(TestCaseExecutor.java:368)
	at com.kms.katalon.core.main.TestCaseExecutor.accessMainPhase(TestCaseExecutor.java:360)
	at com.kms.katalon.core.main.TestCaseExecutor.execute(TestCaseExecutor.java:255)
	at com.kms.katalon.core.main.TestSuiteExecutor.accessTestCaseMainPhase(TestSuiteExecutor.java:203)
	at com.kms.katalon.core.main.TestSuiteExecutor.accessTestSuiteMainPhase(TestSuiteExecutor.java:152)
	at com.kms.katalon.core.main.TestSuiteExecutor.execute(TestSuiteExecutor.java:95)
	at com.kms.katalon.core.main.TestCaseMain.startTestSuite(TestCaseMain.java:157)
	at com.kms.katalon.core.main.TestCaseMain$startTestSuite$0.call(Unknown Source)
	at TempTestSuite1622373323128.run(TempTestSuite1622373323128.groovy:39)
Caused by: com.kms.katalon.core.webui.exception.WebElementNotFoundException: Web element with id: 'Object Repository/Page_TEST CHANNEL - TEAM NAME Mattermost/svg' located by '(.//*[normalize-space(text()) and normalize-space(.)='@nguyenvanb'])[1]/following::*[name()='svg'][1]' not found
	at com.kms.katalon.core.webui.common.WebUiCommonHelper.findWebElement(WebUiCommonHelper.java:1368)
	at com.kms.katalon.core.webui.keyword.internal.WebUIAbstractKeyword.findWebElement(WebUIAbstractKeyword.groovy:27)
	at com.kms.katalon.core.webui.keyword.internal.WebUIAbstractKeyword.findWebElement(WebUIAbstractKeyword.groovy:26)
	at com.kms.katalon.core.webui.keyword.builtin.ClickKeyword$_click_closure1.doCall(ClickKeyword.groovy:66)
	at com.kms.katalon.core.webui.keyword.builtin.ClickKeyword$_click_closure1.call(ClickKeyword.groovy)
	at com.kms.katalon.core.webui.keyword.internal.WebUIKeywordMain.runKeyword(WebUIKeywordMain.groovy:20)
	... 19 more


2021-05-30 11:21:56 - [TEST_STEP][PASSED] - callTestCase(findTestCase("Internal Test Cases/Successful Login"), ["Username":"", "Password":""], STOP_ON_FAILURE): Call Test Case 'Test Cases/Internal Test Cases/Successful Login' successfully

2021-05-30 11:21:56 - [TEST_CASE][PASSED] - Test Cases/Internal Test Cases/Successful Login: Test Cases/Internal Test Cases/Successful Login

2021-05-30 11:21:56 - [TEST_STEP][PASSED] - openBrowser(""): Browser is opened with url: ''

2021-05-30 11:21:56 - [MESSAGE][WARNING] - A browser is already opened. Closing browser and opening a new one

2021-05-30 11:21:57 - [MESSAGE][INFO] - Starting 'Chrome' driver

2021-05-30 11:21:57 - [MESSAGE][INFO] - Action delay is set to 0 milliseconds

2021-05-30 11:21:58 - [MESSAGE][PASSED] - Browser is opened with url: ''

2021-05-30 11:21:58 - [TEST_STEP][PASSED] - navigateToUrl("https://chudenangcao2021.cf/"): Navigate to 'https://chudenangcao2021.cf/' successfully

2021-05-30 11:21:59 - [MESSAGE][PASSED] - Navigate to 'https://chudenangcao2021.cf/' successfully

2021-05-30 11:21:59 - [TEST_STEP][PASSED] - setText(findTestObject("Object Repository/Page_Mattermost/input_All team communication in one place, _dcc84b"), findTestData("Internal/Internal Login Data").getValue(1, 1)): Text 'nguyenvanb' is set on object 'Object Repository/Page_Mattermost/input_All team communication in one place, _dcc84b'

2021-05-30 11:22:00 - [MESSAGE][PASSED] - Text 'nguyenvanb' is set on object 'Object Repository/Page_Mattermost/input_All team communication in one place, _dcc84b'

2021-05-30 11:22:00 - [TEST_STEP][PASSED] - setEncryptedText(findTestObject("Object Repository/Page_Mattermost/input_All team communication in one place, _a3edc6"), findTestData("Internal/Internal Login Data").getValue(2, 1)): Text ****** has been set on object 'Object Repository/Page_Mattermost/input_All team communication in one place, _a3edc6'

2021-05-30 11:22:01 - [MESSAGE][PASSED] - Text ****** has been set on object 'Object Repository/Page_Mattermost/input_All team communication in one place, _a3edc6'

2021-05-30 11:22:01 - [TEST_STEP][PASSED] - click(findTestObject("Object Repository/Page_Mattermost/button_Sign in")): Object: 'Object Repository/Page_Mattermost/button_Sign in' is clicked on

2021-05-30 11:22:01 - [MESSAGE][PASSED] - Object: 'Object Repository/Page_Mattermost/button_Sign in' is clicked on

2021-05-30 11:22:01 - [TEST_STEP][PASSED] - verifyLinksAccessible(["https://chudenangcao2021.cf/cdnc-cnpm-2021/channels"]): All links are accessible

2021-05-30 11:22:01 - [MESSAGE][INFO] - HAR: C:\Users\nttuan\Downloads\CDNC\mattermost-testing\Reports\20210530_111523\Run all test cases\20210530_111523\requests\main\37.har

2021-05-30 11:22:01 - [MESSAGE][PASSED] - Send request successfully

2021-05-30 11:22:01 - [MESSAGE][PASSED] - All links are accessible

2021-05-30 11:22:01 - [MESSAGE][PASSED] - Call Test Case 'Test Cases/Internal Test Cases/Successful Login' successfully

2021-05-30 11:22:01 - [TEST_STEP][FAILED] - for ([rowNum = 1, rowNum <= findTestData("Internal/Internal Teamname").getRowNumbers(), (rowNum++)]): Unable to click on object 'Object Repository/Page_TEST CHANNEL - TEAM NAME Mattermost/svg' (Root cause: com.kms.katalon.core.exception.StepFailedException: Unable to click on object 'Object Repository/Page_TEST CHANNEL - TEAM NAME Mattermost/svg'
	at com.kms.katalon.core.webui.keyword.internal.WebUIKeywordMain.stepFailed(WebUIKeywordMain.groovy:64)
	at com.kms.katalon.core.webui.keyword.internal.WebUIKeywordMain.runKeyword(WebUIKeywordMain.groovy:26)
	at com.kms.katalon.core.webui.keyword.builtin.ClickKeyword.click(ClickKeyword.groovy:75)
	at com.kms.katalon.core.webui.keyword.builtin.ClickKeyword.execute(ClickKeyword.groovy:42)
	at com.kms.katalon.core.keyword.internal.KeywordExecutor.executeKeywordForPlatform(KeywordExecutor.groovy:73)
	at com.kms.katalon.core.webui.keyword.WebUiBuiltInKeywords.click(WebUiBuiltInKeywords.groovy:619)
	at com.kms.katalon.core.webui.keyword.WebUiBuiltInKeywords$click$2.call(Unknown Source)
	at CreateTeam.run(CreateTeam:23)
	at com.kms.katalon.core.main.ScriptEngine.run(ScriptEngine.java:194)
	at com.kms.katalon.core.main.ScriptEngine.runScriptAsRawText(ScriptEngine.java:119)
	at com.kms.katalon.core.main.TestCaseExecutor.runScript(TestCaseExecutor.java:398)
	at com.kms.katalon.core.main.TestCaseExecutor.doExecute(TestCaseExecutor.java:389)
	at com.kms.katalon.core.main.TestCaseExecutor.processExecutionPhase(TestCaseExecutor.java:368)
	at com.kms.katalon.core.main.TestCaseExecutor.accessMainPhase(TestCaseExecutor.java:360)
	at com.kms.katalon.core.main.TestCaseExecutor.execute(TestCaseExecutor.java:255)
	at com.kms.katalon.core.main.TestSuiteExecutor.accessTestCaseMainPhase(TestSuiteExecutor.java:203)
	at com.kms.katalon.core.main.TestSuiteExecutor.accessTestSuiteMainPhase(TestSuiteExecutor.java:152)
	at com.kms.katalon.core.main.TestSuiteExecutor.execute(TestSuiteExecutor.java:95)
	at com.kms.katalon.core.main.TestCaseMain.startTestSuite(TestCaseMain.java:157)
	at com.kms.katalon.core.main.TestCaseMain$startTestSuite$0.call(Unknown Source)
	at TempTestSuite1622373323128.run(TempTestSuite1622373323128.groovy:39)
Caused by: com.kms.katalon.core.webui.exception.WebElementNotFoundException: Web element with id: 'Object Repository/Page_TEST CHANNEL - TEAM NAME Mattermost/svg' located by '(.//*[normalize-space(text()) and normalize-space(.)='@nguyenvanb'])[1]/following::*[name()='svg'][1]' not found
	at com.kms.katalon.core.webui.common.WebUiCommonHelper.findWebElement(WebUiCommonHelper.java:1368)
	at com.kms.katalon.core.webui.keyword.internal.WebUIAbstractKeyword.findWebElement(WebUIAbstractKeyword.groovy:27)
	at com.kms.katalon.core.webui.keyword.internal.WebUIAbstractKeyword.findWebElement(WebUIAbstractKeyword.groovy:26)
	at com.kms.katalon.core.webui.keyword.builtin.ClickKeyword$_click_closure1.doCall(ClickKeyword.groovy:66)
	at com.kms.katalon.core.webui.keyword.builtin.ClickKeyword$_click_closure1.call(ClickKeyword.groovy)
	at com.kms.katalon.core.webui.keyword.internal.WebUIKeywordMain.runKeyword(WebUIKeywordMain.groovy:20)
	at com.kms.katalon.core.webui.keyword.builtin.ClickKeyword.click(ClickKeyword.groovy:75)
	at com.kms.katalon.core.webui.keyword.builtin.ClickKeyword.execute(ClickKeyword.groovy:42)
	at com.kms.katalon.core.keyword.internal.KeywordExecutor.executeKeywordForPlatform(KeywordExecutor.groovy:73)
	at com.kms.katalon.core.webui.keyword.WebUiBuiltInKeywords.click(WebUiBuiltInKeywords.groovy:619)
	at com.kms.katalon.core.webui.keyword.WebUiBuiltInKeywords$click$2.call(Unknown Source)
	at Script1622086940102.run(Script1622086940102.groovy:23)
	... 13 more
)

2021-05-30 11:22:01 - [TEST_STEP][PASSED] - click(findTestObject("Object Repository/Page_TEST CHANNEL - TEAM NAME Mattermost/svg")): Object: 'Object Repository/Page_TEST CHANNEL - TEAM NAME Mattermost/svg' is clicked on

2021-05-30 11:22:03 - [MESSAGE][PASSED] - Object: 'Object Repository/Page_TEST CHANNEL - TEAM NAME Mattermost/svg' is clicked on

2021-05-30 11:22:03 - [TEST_STEP][PASSED] - click(findTestObject("Object Repository/Page_TEST CHANNEL - TEAM NAME Mattermost/a_Create a Team")): Object: 'Object Repository/Page_TEST CHANNEL - TEAM NAME Mattermost/a_Create a Team' is clicked on

2021-05-30 11:22:04 - [MESSAGE][PASSED] - Object: 'Object Repository/Page_TEST CHANNEL - TEAM NAME Mattermost/a_Create a Team' is clicked on

2021-05-30 11:22:04 - [TEST_STEP][PASSED] - setText(findTestObject("Object Repository/Page_TEST CHANNEL - TEAM NAME Mattermost/input_Team Name_teamNameInput"), findTestData("Internal/Internal Teamname").getValue(1, rowNum)): Text 'Team1234' is set on object 'Object Repository/Page_TEST CHANNEL - TEAM NAME Mattermost/input_Team Name_teamNameInput'

2021-05-30 11:22:04 - [MESSAGE][PASSED] - Text 'Team1234' is set on object 'Object Repository/Page_TEST CHANNEL - TEAM NAME Mattermost/input_Team Name_teamNameInput'

2021-05-30 11:22:04 - [TEST_STEP][PASSED] - click(findTestObject("Object Repository/Page_TEST CHANNEL - TEAM NAME Mattermost/button_Next")): Object: 'Object Repository/Page_TEST CHANNEL - TEAM NAME Mattermost/button_Next' is clicked on

2021-05-30 11:22:05 - [MESSAGE][PASSED] - Object: 'Object Repository/Page_TEST CHANNEL - TEAM NAME Mattermost/button_Next' is clicked on

2021-05-30 11:22:05 - [TEST_STEP][PASSED] - click(findTestObject("Object Repository/Page_TEST CHANNEL - TEAM NAME Mattermost/span_Finish")): Object: 'Object Repository/Page_TEST CHANNEL - TEAM NAME Mattermost/span_Finish' is clicked on

2021-05-30 11:22:05 - [MESSAGE][PASSED] - Object: 'Object Repository/Page_TEST CHANNEL - TEAM NAME Mattermost/span_Finish' is clicked on

2021-05-30 11:22:05 - [TEST_STEP][FAILED] - click(findTestObject("Object Repository/Page_TEST CHANNEL - TEAM NAME Mattermost/svg")): Unable to click on object 'Object Repository/Page_TEST CHANNEL - TEAM NAME Mattermost/svg' (Root cause: com.kms.katalon.core.exception.StepFailedException: Unable to click on object 'Object Repository/Page_TEST CHANNEL - TEAM NAME Mattermost/svg'
	at com.kms.katalon.core.webui.keyword.internal.WebUIKeywordMain.stepFailed(WebUIKeywordMain.groovy:64)
	at com.kms.katalon.core.webui.keyword.internal.WebUIKeywordMain.runKeyword(WebUIKeywordMain.groovy:26)
	at com.kms.katalon.core.webui.keyword.builtin.ClickKeyword.click(ClickKeyword.groovy:75)
	at com.kms.katalon.core.webui.keyword.builtin.ClickKeyword.execute(ClickKeyword.groovy:42)
	at com.kms.katalon.core.keyword.internal.KeywordExecutor.executeKeywordForPlatform(KeywordExecutor.groovy:73)
	at com.kms.katalon.core.webui.keyword.WebUiBuiltInKeywords.click(WebUiBuiltInKeywords.groovy:619)
	at com.kms.katalon.core.webui.keyword.WebUiBuiltInKeywords$click$2.call(Unknown Source)
	at CreateTeam.run(CreateTeam:23)
	at com.kms.katalon.core.main.ScriptEngine.run(ScriptEngine.java:194)
	at com.kms.katalon.core.main.ScriptEngine.runScriptAsRawText(ScriptEngine.java:119)
	at com.kms.katalon.core.main.TestCaseExecutor.runScript(TestCaseExecutor.java:398)
	at com.kms.katalon.core.main.TestCaseExecutor.doExecute(TestCaseExecutor.java:389)
	at com.kms.katalon.core.main.TestCaseExecutor.processExecutionPhase(TestCaseExecutor.java:368)
	at com.kms.katalon.core.main.TestCaseExecutor.accessMainPhase(TestCaseExecutor.java:360)
	at com.kms.katalon.core.main.TestCaseExecutor.execute(TestCaseExecutor.java:255)
	at com.kms.katalon.core.main.TestSuiteExecutor.accessTestCaseMainPhase(TestSuiteExecutor.java:203)
	at com.kms.katalon.core.main.TestSuiteExecutor.accessTestSuiteMainPhase(TestSuiteExecutor.java:152)
	at com.kms.katalon.core.main.TestSuiteExecutor.execute(TestSuiteExecutor.java:95)
	at com.kms.katalon.core.main.TestCaseMain.startTestSuite(TestCaseMain.java:157)
	at com.kms.katalon.core.main.TestCaseMain$startTestSuite$0.call(Unknown Source)
	at TempTestSuite1622373323128.run(TempTestSuite1622373323128.groovy:39)
Caused by: com.kms.katalon.core.webui.exception.WebElementNotFoundException: Web element with id: 'Object Repository/Page_TEST CHANNEL - TEAM NAME Mattermost/svg' located by '(.//*[normalize-space(text()) and normalize-space(.)='@nguyenvanb'])[1]/following::*[name()='svg'][1]' not found
	at com.kms.katalon.core.webui.common.WebUiCommonHelper.findWebElement(WebUiCommonHelper.java:1368)
	at com.kms.katalon.core.webui.keyword.internal.WebUIAbstractKeyword.findWebElement(WebUIAbstractKeyword.groovy:27)
	at com.kms.katalon.core.webui.keyword.internal.WebUIAbstractKeyword.findWebElement(WebUIAbstractKeyword.groovy:26)
	at com.kms.katalon.core.webui.keyword.builtin.ClickKeyword$_click_closure1.doCall(ClickKeyword.groovy:66)
	at com.kms.katalon.core.webui.keyword.builtin.ClickKeyword$_click_closure1.call(ClickKeyword.groovy)
	at com.kms.katalon.core.webui.keyword.internal.WebUIKeywordMain.runKeyword(WebUIKeywordMain.groovy:20)
	at com.kms.katalon.core.webui.keyword.builtin.ClickKeyword.click(ClickKeyword.groovy:75)
	at com.kms.katalon.core.webui.keyword.builtin.ClickKeyword.execute(ClickKeyword.groovy:42)
	at com.kms.katalon.core.keyword.internal.KeywordExecutor.executeKeywordForPlatform(KeywordExecutor.groovy:73)
	at com.kms.katalon.core.webui.keyword.WebUiBuiltInKeywords.click(WebUiBuiltInKeywords.groovy:619)
	at com.kms.katalon.core.webui.keyword.WebUiBuiltInKeywords$click$2.call(Unknown Source)
	at Script1622086940102.run(Script1622086940102.groovy:23)
	... 13 more
)

2021-05-30 11:22:37 - [MESSAGE][INFO] - Unable to find the element located by 'By.xpath: (.//*[normalize-space(text()) and normalize-space(.)='@nguyenvanb'])[1]/following::*[name()='svg'][1]'. Please recheck the objects properties to make sure the desired element is located. 

2021-05-30 11:22:37 - [MESSAGE][WARNING] - [SELF-HEALING] Failed to find element with id 'Object Repository/Page_TEST CHANNEL - TEAM NAME Mattermost/svg'. Try using Self-healing.

2021-05-30 11:22:37 - [MESSAGE][INFO] - [SELF-HEALING] Failed Locator: '(.//*[normalize-space(text()) and normalize-space(.)='@nguyenvanb'])[1]/following::*[name()='svg'][1]'.

2021-05-30 11:22:37 - [MESSAGE][INFO] - [SELF-HEALING] Failed Locator: '(.//*[normalize-space(text()) and normalize-space(.)='TEAM NAME'])[2]/following::*[name()='svg'][1]'.

2021-05-30 11:22:37 - [MESSAGE][INFO] - [SELF-HEALING] Failed Locator: '(.//*[normalize-space(text()) and normalize-space(.)='Find channel'])[1]/preceding::*[name()='svg'][1]'.

2021-05-30 11:22:38 - [MESSAGE][INFO] - [SELF-HEALING] Failed Locator: '(.//*[normalize-space(text()) and normalize-space(.)='Ctrl+K'])[1]/preceding::*[name()='svg'][1]'.

2021-05-30 11:22:38 - [MESSAGE][INFO] - [SELF-HEALING] Failed Locator: '(.//*[normalize-space(text()) and normalize-space(.)='@nguyenvanb'])[1]/following::*[name()='svg'][1]'.

2021-05-30 11:22:38 - [MESSAGE][INFO] - [SELF-HEALING] Failed Locator: '(.//*[normalize-space(text()) and normalize-space(.)='TEAM NAME'])[2]/following::*[name()='svg'][1]'.

2021-05-30 11:22:38 - [MESSAGE][INFO] - [SELF-HEALING] Failed Locator: '(.//*[normalize-space(text()) and normalize-space(.)='Find channel'])[1]/preceding::*[name()='svg'][1]'.

2021-05-30 11:22:38 - [MESSAGE][INFO] - [SELF-HEALING] Failed Locator: '(.//*[normalize-space(text()) and normalize-space(.)='Ctrl+K'])[1]/preceding::*[name()='svg'][1]'.

2021-05-30 11:22:40 - [MESSAGE][INFO] - Unable to find the element located by 'By.xpath: id("headerInfo")/button[@class="style--none sidebar-header-dropdown__icon"]/span[1]/svg[1]'. Please recheck the objects properties to make sure the desired element is located. 

2021-05-30 11:22:41 - [MESSAGE][INFO] - Unable to find the element located by 'By.cssSelector: button.style--none.sidebar-header-dropdown__icon > span > svg'. Please recheck the objects properties to make sure the desired element is located. 

2021-05-30 11:22:41 - [MESSAGE][FAILED] - Unable to click on object 'Object Repository/Page_TEST CHANNEL - TEAM NAME Mattermost/svg' (Root cause: com.kms.katalon.core.exception.StepFailedException: Unable to click on object 'Object Repository/Page_TEST CHANNEL - TEAM NAME Mattermost/svg'
	at com.kms.katalon.core.webui.keyword.internal.WebUIKeywordMain.stepFailed(WebUIKeywordMain.groovy:64)
	at com.kms.katalon.core.webui.keyword.internal.WebUIKeywordMain.runKeyword(WebUIKeywordMain.groovy:26)
	at com.kms.katalon.core.webui.keyword.builtin.ClickKeyword.click(ClickKeyword.groovy:75)
	at com.kms.katalon.core.webui.keyword.builtin.ClickKeyword.execute(ClickKeyword.groovy:42)
	at com.kms.katalon.core.keyword.internal.KeywordExecutor.executeKeywordForPlatform(KeywordExecutor.groovy:73)
	at com.kms.katalon.core.webui.keyword.WebUiBuiltInKeywords.click(WebUiBuiltInKeywords.groovy:619)
	at com.kms.katalon.core.webui.keyword.WebUiBuiltInKeywords$click$2.call(Unknown Source)
	at CreateTeam.run(CreateTeam:23)
	at com.kms.katalon.core.main.ScriptEngine.run(ScriptEngine.java:194)
	at com.kms.katalon.core.main.ScriptEngine.runScriptAsRawText(ScriptEngine.java:119)
	at com.kms.katalon.core.main.TestCaseExecutor.runScript(TestCaseExecutor.java:398)
	at com.kms.katalon.core.main.TestCaseExecutor.doExecute(TestCaseExecutor.java:389)
	at com.kms.katalon.core.main.TestCaseExecutor.processExecutionPhase(TestCaseExecutor.java:368)
	at com.kms.katalon.core.main.TestCaseExecutor.accessMainPhase(TestCaseExecutor.java:360)
	at com.kms.katalon.core.main.TestCaseExecutor.execute(TestCaseExecutor.java:255)
	at com.kms.katalon.core.main.TestSuiteExecutor.accessTestCaseMainPhase(TestSuiteExecutor.java:203)
	at com.kms.katalon.core.main.TestSuiteExecutor.accessTestSuiteMainPhase(TestSuiteExecutor.java:152)
	at com.kms.katalon.core.main.TestSuiteExecutor.execute(TestSuiteExecutor.java:95)
	at com.kms.katalon.core.main.TestCaseMain.startTestSuite(TestCaseMain.java:157)
	at com.kms.katalon.core.main.TestCaseMain$startTestSuite$0.call(Unknown Source)
	at TempTestSuite1622373323128.run(TempTestSuite1622373323128.groovy:39)
Caused by: com.kms.katalon.core.webui.exception.WebElementNotFoundException: Web element with id: 'Object Repository/Page_TEST CHANNEL - TEAM NAME Mattermost/svg' located by '(.//*[normalize-space(text()) and normalize-space(.)='@nguyenvanb'])[1]/following::*[name()='svg'][1]' not found
	at com.kms.katalon.core.webui.common.WebUiCommonHelper.findWebElement(WebUiCommonHelper.java:1368)
	at com.kms.katalon.core.webui.keyword.internal.WebUIAbstractKeyword.findWebElement(WebUIAbstractKeyword.groovy:27)
	at com.kms.katalon.core.webui.keyword.internal.WebUIAbstractKeyword.findWebElement(WebUIAbstractKeyword.groovy:26)
	at com.kms.katalon.core.webui.keyword.builtin.ClickKeyword$_click_closure1.doCall(ClickKeyword.groovy:66)
	at com.kms.katalon.core.webui.keyword.builtin.ClickKeyword$_click_closure1.call(ClickKeyword.groovy)
	at com.kms.katalon.core.webui.keyword.internal.WebUIKeywordMain.runKeyword(WebUIKeywordMain.groovy:20)
	at com.kms.katalon.core.webui.keyword.builtin.ClickKeyword.click(ClickKeyword.groovy:75)
	at com.kms.katalon.core.webui.keyword.builtin.ClickKeyword.execute(ClickKeyword.groovy:42)
	at com.kms.katalon.core.keyword.internal.KeywordExecutor.executeKeywordForPlatform(KeywordExecutor.groovy:73)
	at com.kms.katalon.core.webui.keyword.WebUiBuiltInKeywords.click(WebUiBuiltInKeywords.groovy:619)
	at com.kms.katalon.core.webui.keyword.WebUiBuiltInKeywords$click$2.call(Unknown Source)
	at Script1622086940102.run(Script1622086940102.groovy:23)
	... 13 more
)
[[ATTACHMENT|C:\\Users\\nttuan\\Downloads\\CDNC\\mattermost-testing\\Reports\\20210530_111523\\Run all test cases\\20210530_111523\\1622373761198.png]]]]></system-out>
         <system-err><![CDATA[2021-05-30 11:21:56 - [TEST_CASE][FAILED] - Test Cases/Internal Test Cases/CreateTeam: Test Cases/Internal Test Cases/CreateTeam FAILED.
Reason:
com.kms.katalon.core.exception.StepFailedException: Unable to click on object 'Object Repository/Page_TEST CHANNEL - TEAM NAME Mattermost/svg'
	at com.kms.katalon.core.webui.keyword.internal.WebUIKeywordMain.stepFailed(WebUIKeywordMain.groovy:64)
	at com.kms.katalon.core.webui.keyword.internal.WebUIKeywordMain.runKeyword(WebUIKeywordMain.groovy:26)
	at com.kms.katalon.core.webui.keyword.builtin.ClickKeyword.click(ClickKeyword.groovy:75)
	at com.kms.katalon.core.webui.keyword.builtin.ClickKeyword.execute(ClickKeyword.groovy:42)
	at com.kms.katalon.core.keyword.internal.KeywordExecutor.executeKeywordForPlatform(KeywordExecutor.groovy:73)
	at com.kms.katalon.core.webui.keyword.WebUiBuiltInKeywords.click(WebUiBuiltInKeywords.groovy:619)
	at com.kms.katalon.core.webui.keyword.WebUiBuiltInKeywords$click$2.call(Unknown Source)
	at CreateTeam.run(CreateTeam:23)
	at com.kms.katalon.core.main.ScriptEngine.run(ScriptEngine.java:194)
	at com.kms.katalon.core.main.ScriptEngine.runScriptAsRawText(ScriptEngine.java:119)
	at com.kms.katalon.core.main.TestCaseExecutor.runScript(TestCaseExecutor.java:398)
	at com.kms.katalon.core.main.TestCaseExecutor.doExecute(TestCaseExecutor.java:389)
	at com.kms.katalon.core.main.TestCaseExecutor.processExecutionPhase(TestCaseExecutor.java:368)
	at com.kms.katalon.core.main.TestCaseExecutor.accessMainPhase(TestCaseExecutor.java:360)
	at com.kms.katalon.core.main.TestCaseExecutor.execute(TestCaseExecutor.java:255)
	at com.kms.katalon.core.main.TestSuiteExecutor.accessTestCaseMainPhase(TestSuiteExecutor.java:203)
	at com.kms.katalon.core.main.TestSuiteExecutor.accessTestSuiteMainPhase(TestSuiteExecutor.java:152)
	at com.kms.katalon.core.main.TestSuiteExecutor.execute(TestSuiteExecutor.java:95)
	at com.kms.katalon.core.main.TestCaseMain.startTestSuite(TestCaseMain.java:157)
	at com.kms.katalon.core.main.TestCaseMain$startTestSuite$0.call(Unknown Source)
	at TempTestSuite1622373323128.run(TempTestSuite1622373323128.groovy:39)
Caused by: com.kms.katalon.core.webui.exception.WebElementNotFoundException: Web element with id: 'Object Repository/Page_TEST CHANNEL - TEAM NAME Mattermost/svg' located by '(.//*[normalize-space(text()) and normalize-space(.)='@nguyenvanb'])[1]/following::*[name()='svg'][1]' not found
	at com.kms.katalon.core.webui.common.WebUiCommonHelper.findWebElement(WebUiCommonHelper.java:1368)
	at com.kms.katalon.core.webui.keyword.internal.WebUIAbstractKeyword.findWebElement(WebUIAbstractKeyword.groovy:27)
	at com.kms.katalon.core.webui.keyword.internal.WebUIAbstractKeyword.findWebElement(WebUIAbstractKeyword.groovy:26)
	at com.kms.katalon.core.webui.keyword.builtin.ClickKeyword$_click_closure1.doCall(ClickKeyword.groovy:66)
	at com.kms.katalon.core.webui.keyword.builtin.ClickKeyword$_click_closure1.call(ClickKeyword.groovy)
	at com.kms.katalon.core.webui.keyword.internal.WebUIKeywordMain.runKeyword(WebUIKeywordMain.groovy:20)
	... 19 more]]></system-err>
      </testcase>
      <testcase name="Test Cases/Internal Test Cases/EditChannelHeader" time="178.792" classname="Test Cases/Internal Test Cases/EditChannelHeader" status="PASSED">
         <system-out><![CDATA[2021-05-30 11:22:41 - [TEST_CASE][PASSED] - Test Cases/Internal Test Cases/EditChannelHeader: Test Cases/Internal Test Cases/EditChannelHeader

2021-05-30 11:22:41 - [TEST_STEP][PASSED] - callTestCase(findTestCase("Internal Test Cases/Successful Login"), ["Username":"", "Password":""], STOP_ON_FAILURE): Call Test Case 'Test Cases/Internal Test Cases/Successful Login' successfully

2021-05-30 11:22:41 - [TEST_CASE][PASSED] - Test Cases/Internal Test Cases/Successful Login: Test Cases/Internal Test Cases/Successful Login

2021-05-30 11:22:41 - [TEST_STEP][PASSED] - openBrowser(""): Browser is opened with url: ''

2021-05-30 11:22:41 - [MESSAGE][WARNING] - A browser is already opened. Closing browser and opening a new one

2021-05-30 11:22:42 - [MESSAGE][INFO] - Starting 'Chrome' driver

2021-05-30 11:22:42 - [MESSAGE][INFO] - Action delay is set to 0 milliseconds

2021-05-30 11:22:43 - [MESSAGE][PASSED] - Browser is opened with url: ''

2021-05-30 11:22:43 - [TEST_STEP][PASSED] - navigateToUrl("https://chudenangcao2021.cf/"): Navigate to 'https://chudenangcao2021.cf/' successfully

2021-05-30 11:22:44 - [MESSAGE][PASSED] - Navigate to 'https://chudenangcao2021.cf/' successfully

2021-05-30 11:22:44 - [TEST_STEP][PASSED] - setText(findTestObject("Object Repository/Page_Mattermost/input_All team communication in one place, _dcc84b"), findTestData("Internal/Internal Login Data").getValue(1, 1)): Text 'nguyenvanb' is set on object 'Object Repository/Page_Mattermost/input_All team communication in one place, _dcc84b'

2021-05-30 11:22:45 - [MESSAGE][PASSED] - Text 'nguyenvanb' is set on object 'Object Repository/Page_Mattermost/input_All team communication in one place, _dcc84b'

2021-05-30 11:22:45 - [TEST_STEP][PASSED] - setEncryptedText(findTestObject("Object Repository/Page_Mattermost/input_All team communication in one place, _a3edc6"), findTestData("Internal/Internal Login Data").getValue(2, 1)): Text ****** has been set on object 'Object Repository/Page_Mattermost/input_All team communication in one place, _a3edc6'

2021-05-30 11:22:46 - [MESSAGE][PASSED] - Text ****** has been set on object 'Object Repository/Page_Mattermost/input_All team communication in one place, _a3edc6'

2021-05-30 11:22:46 - [TEST_STEP][PASSED] - click(findTestObject("Object Repository/Page_Mattermost/button_Sign in")): Object: 'Object Repository/Page_Mattermost/button_Sign in' is clicked on

2021-05-30 11:22:46 - [MESSAGE][PASSED] - Object: 'Object Repository/Page_Mattermost/button_Sign in' is clicked on

2021-05-30 11:22:46 - [TEST_STEP][PASSED] - verifyLinksAccessible(["https://chudenangcao2021.cf/cdnc-cnpm-2021/channels"]): All links are accessible

2021-05-30 11:22:46 - [MESSAGE][INFO] - HAR: C:\Users\nttuan\Downloads\CDNC\mattermost-testing\Reports\20210530_111523\Run all test cases\20210530_111523\requests\main\38.har

2021-05-30 11:22:46 - [MESSAGE][PASSED] - Send request successfully

2021-05-30 11:22:46 - [MESSAGE][PASSED] - All links are accessible

2021-05-30 11:22:46 - [MESSAGE][PASSED] - Call Test Case 'Test Cases/Internal Test Cases/Successful Login' successfully

2021-05-30 11:22:46 - [TEST_STEP][PASSED] - for ([rowNum = 1, rowNum <= findTestData("Internal/Internal Channel Header").getRowNumbers(), (rowNum++)]): Object: 'Object Repository/Page_Off-Topic - TEAM NAME Mattermost/span_Save' is clicked on

2021-05-30 11:22:46 - [TEST_STEP][PASSED] - click(findTestObject("Object Repository/Page_Town Square - TEAM NAME Mattermost/div_Off-Topic")): Object: 'Object Repository/Page_Town Square - TEAM NAME Mattermost/div_Off-Topic' is clicked on

2021-05-30 11:22:48 - [MESSAGE][PASSED] - Object: 'Object Repository/Page_Town Square - TEAM NAME Mattermost/div_Off-Topic' is clicked on

2021-05-30 11:22:48 - [TEST_STEP][PASSED] - click(findTestObject("Object Repository/Page_Off-Topic - TEAM NAME Mattermost/span_Off-Topic_channelHeaderDropdownIcon")): Object: 'Object Repository/Page_Off-Topic - TEAM NAME Mattermost/span_Off-Topic_channelHeaderDropdownIcon' is clicked on

2021-05-30 11:22:49 - [MESSAGE][PASSED] - Object: 'Object Repository/Page_Off-Topic - TEAM NAME Mattermost/span_Off-Topic_channelHeaderDropdownIcon' is clicked on

2021-05-30 11:22:49 - [TEST_STEP][PASSED] - click(findTestObject("Object Repository/Page_Off-Topic - TEAM NAME Mattermost/span_Edit Channel Header")): Object: 'Object Repository/Page_Off-Topic - TEAM NAME Mattermost/span_Edit Channel Header' is clicked on

2021-05-30 11:22:50 - [MESSAGE][PASSED] - Object: 'Object Repository/Page_Off-Topic - TEAM NAME Mattermost/span_Edit Channel Header' is clicked on

2021-05-30 11:22:50 - [TEST_STEP][PASSED] - setText(findTestObject("Object Repository/Page_Off-Topic - TEAM NAME Mattermost/textarea_Hell"), findTestData("Internal/Internal Channel Header").getValue(1, rowNum)): Text 'Channel về tin tức' is set on object 'Object Repository/Page_Off-Topic - TEAM NAME Mattermost/textarea_Hell'

2021-05-30 11:22:50 - [MESSAGE][PASSED] - Text 'Channel về tin tức' is set on object 'Object Repository/Page_Off-Topic - TEAM NAME Mattermost/textarea_Hell'

2021-05-30 11:22:50 - [TEST_STEP][PASSED] - click(findTestObject("Object Repository/Page_Off-Topic - TEAM NAME Mattermost/span_Save")): Object: 'Object Repository/Page_Off-Topic - TEAM NAME Mattermost/span_Save' is clicked on

2021-05-30 11:23:22 - [MESSAGE][INFO] - Unable to find the element located by 'By.xpath: //button[@id='save-button']/span'. Please recheck the objects properties to make sure the desired element is located. 

2021-05-30 11:23:22 - [MESSAGE][WARNING] - [SELF-HEALING] Failed to find element with id 'Object Repository/Page_Off-Topic - TEAM NAME Mattermost/span_Save'. Try using Self-healing.

2021-05-30 11:23:22 - [MESSAGE][WARNING] - [SELF-HEALING] The current locator of test object 'Object Repository/Page_Off-Topic - TEAM NAME Mattermost/span_Save' was broken. Propose an alternative one: '(.//*[normalize-space(text()) and normalize-space(.)='Cancel'])[1]/following::span[1]'.

2021-05-30 11:23:22 - [MESSAGE][PASSED] - Object: 'Object Repository/Page_Off-Topic - TEAM NAME Mattermost/span_Save' is clicked on

2021-05-30 11:23:22 - [TEST_STEP][PASSED] - click(findTestObject("Object Repository/Page_Town Square - TEAM NAME Mattermost/div_Off-Topic")): Object: 'Object Repository/Page_Town Square - TEAM NAME Mattermost/div_Off-Topic' is clicked on

2021-05-30 11:23:23 - [MESSAGE][PASSED] - Object: 'Object Repository/Page_Town Square - TEAM NAME Mattermost/div_Off-Topic' is clicked on

2021-05-30 11:23:23 - [TEST_STEP][PASSED] - click(findTestObject("Object Repository/Page_Off-Topic - TEAM NAME Mattermost/span_Off-Topic_channelHeaderDropdownIcon")): Object: 'Object Repository/Page_Off-Topic - TEAM NAME Mattermost/span_Off-Topic_channelHeaderDropdownIcon' is clicked on

2021-05-30 11:23:23 - [MESSAGE][PASSED] - Object: 'Object Repository/Page_Off-Topic - TEAM NAME Mattermost/span_Off-Topic_channelHeaderDropdownIcon' is clicked on

2021-05-30 11:23:23 - [TEST_STEP][PASSED] - click(findTestObject("Object Repository/Page_Off-Topic - TEAM NAME Mattermost/span_Edit Channel Header")): Object: 'Object Repository/Page_Off-Topic - TEAM NAME Mattermost/span_Edit Channel Header' is clicked on

2021-05-30 11:23:24 - [MESSAGE][PASSED] - Object: 'Object Repository/Page_Off-Topic - TEAM NAME Mattermost/span_Edit Channel Header' is clicked on

2021-05-30 11:23:24 - [TEST_STEP][PASSED] - setText(findTestObject("Object Repository/Page_Off-Topic - TEAM NAME Mattermost/textarea_Hell"), findTestData("Internal/Internal Channel Header").getValue(1, rowNum)): Text 'Channel về du lịch' is set on object 'Object Repository/Page_Off-Topic - TEAM NAME Mattermost/textarea_Hell'

2021-05-30 11:23:25 - [MESSAGE][PASSED] - Text 'Channel về du lịch' is set on object 'Object Repository/Page_Off-Topic - TEAM NAME Mattermost/textarea_Hell'

2021-05-30 11:23:25 - [TEST_STEP][PASSED] - click(findTestObject("Object Repository/Page_Off-Topic - TEAM NAME Mattermost/span_Save")): Object: 'Object Repository/Page_Off-Topic - TEAM NAME Mattermost/span_Save' is clicked on

2021-05-30 11:23:56 - [MESSAGE][INFO] - Unable to find the element located by 'By.xpath: //button[@id='save-button']/span'. Please recheck the objects properties to make sure the desired element is located. 

2021-05-30 11:23:56 - [MESSAGE][WARNING] - [SELF-HEALING] Failed to find element with id 'Object Repository/Page_Off-Topic - TEAM NAME Mattermost/span_Save'. Try using Self-healing.

2021-05-30 11:23:56 - [MESSAGE][WARNING] - [SELF-HEALING] The current locator of test object 'Object Repository/Page_Off-Topic - TEAM NAME Mattermost/span_Save' was broken. Propose an alternative one: '(.//*[normalize-space(text()) and normalize-space(.)='Cancel'])[1]/following::span[1]'.

2021-05-30 11:23:56 - [MESSAGE][PASSED] - Object: 'Object Repository/Page_Off-Topic - TEAM NAME Mattermost/span_Save' is clicked on

2021-05-30 11:23:56 - [TEST_STEP][PASSED] - click(findTestObject("Object Repository/Page_Town Square - TEAM NAME Mattermost/div_Off-Topic")): Object: 'Object Repository/Page_Town Square - TEAM NAME Mattermost/div_Off-Topic' is clicked on

2021-05-30 11:23:57 - [MESSAGE][PASSED] - Object: 'Object Repository/Page_Town Square - TEAM NAME Mattermost/div_Off-Topic' is clicked on

2021-05-30 11:23:57 - [TEST_STEP][PASSED] - click(findTestObject("Object Repository/Page_Off-Topic - TEAM NAME Mattermost/span_Off-Topic_channelHeaderDropdownIcon")): Object: 'Object Repository/Page_Off-Topic - TEAM NAME Mattermost/span_Off-Topic_channelHeaderDropdownIcon' is clicked on

2021-05-30 11:23:58 - [MESSAGE][PASSED] - Object: 'Object Repository/Page_Off-Topic - TEAM NAME Mattermost/span_Off-Topic_channelHeaderDropdownIcon' is clicked on

2021-05-30 11:23:58 - [TEST_STEP][PASSED] - click(findTestObject("Object Repository/Page_Off-Topic - TEAM NAME Mattermost/span_Edit Channel Header")): Object: 'Object Repository/Page_Off-Topic - TEAM NAME Mattermost/span_Edit Channel Header' is clicked on

2021-05-30 11:23:58 - [MESSAGE][PASSED] - Object: 'Object Repository/Page_Off-Topic - TEAM NAME Mattermost/span_Edit Channel Header' is clicked on

2021-05-30 11:23:58 - [TEST_STEP][PASSED] - setText(findTestObject("Object Repository/Page_Off-Topic - TEAM NAME Mattermost/textarea_Hell"), findTestData("Internal/Internal Channel Header").getValue(1, rowNum)): Text 'Channel về kinh tế' is set on object 'Object Repository/Page_Off-Topic - TEAM NAME Mattermost/textarea_Hell'

2021-05-30 11:23:59 - [MESSAGE][PASSED] - Text 'Channel về kinh tế' is set on object 'Object Repository/Page_Off-Topic - TEAM NAME Mattermost/textarea_Hell'

2021-05-30 11:23:59 - [TEST_STEP][PASSED] - click(findTestObject("Object Repository/Page_Off-Topic - TEAM NAME Mattermost/span_Save")): Object: 'Object Repository/Page_Off-Topic - TEAM NAME Mattermost/span_Save' is clicked on

2021-05-30 11:24:30 - [MESSAGE][INFO] - Unable to find the element located by 'By.xpath: //button[@id='save-button']/span'. Please recheck the objects properties to make sure the desired element is located. 

2021-05-30 11:24:30 - [MESSAGE][WARNING] - [SELF-HEALING] Failed to find element with id 'Object Repository/Page_Off-Topic - TEAM NAME Mattermost/span_Save'. Try using Self-healing.

2021-05-30 11:24:30 - [MESSAGE][WARNING] - [SELF-HEALING] The current locator of test object 'Object Repository/Page_Off-Topic - TEAM NAME Mattermost/span_Save' was broken. Propose an alternative one: '(.//*[normalize-space(text()) and normalize-space(.)='Cancel'])[1]/following::span[1]'.

2021-05-30 11:24:30 - [MESSAGE][PASSED] - Object: 'Object Repository/Page_Off-Topic - TEAM NAME Mattermost/span_Save' is clicked on

2021-05-30 11:24:30 - [TEST_STEP][PASSED] - click(findTestObject("Object Repository/Page_Town Square - TEAM NAME Mattermost/div_Off-Topic")): Object: 'Object Repository/Page_Town Square - TEAM NAME Mattermost/div_Off-Topic' is clicked on

2021-05-30 11:24:31 - [MESSAGE][PASSED] - Object: 'Object Repository/Page_Town Square - TEAM NAME Mattermost/div_Off-Topic' is clicked on

2021-05-30 11:24:31 - [TEST_STEP][PASSED] - click(findTestObject("Object Repository/Page_Off-Topic - TEAM NAME Mattermost/span_Off-Topic_channelHeaderDropdownIcon")): Object: 'Object Repository/Page_Off-Topic - TEAM NAME Mattermost/span_Off-Topic_channelHeaderDropdownIcon' is clicked on

2021-05-30 11:24:32 - [MESSAGE][PASSED] - Object: 'Object Repository/Page_Off-Topic - TEAM NAME Mattermost/span_Off-Topic_channelHeaderDropdownIcon' is clicked on

2021-05-30 11:24:32 - [TEST_STEP][PASSED] - click(findTestObject("Object Repository/Page_Off-Topic - TEAM NAME Mattermost/span_Edit Channel Header")): Object: 'Object Repository/Page_Off-Topic - TEAM NAME Mattermost/span_Edit Channel Header' is clicked on

2021-05-30 11:24:32 - [MESSAGE][PASSED] - Object: 'Object Repository/Page_Off-Topic - TEAM NAME Mattermost/span_Edit Channel Header' is clicked on

2021-05-30 11:24:32 - [TEST_STEP][PASSED] - setText(findTestObject("Object Repository/Page_Off-Topic - TEAM NAME Mattermost/textarea_Hell"), findTestData("Internal/Internal Channel Header").getValue(1, rowNum)): Text 'Channel về giải trí' is set on object 'Object Repository/Page_Off-Topic - TEAM NAME Mattermost/textarea_Hell'

2021-05-30 11:24:33 - [MESSAGE][PASSED] - Text 'Channel về giải trí' is set on object 'Object Repository/Page_Off-Topic - TEAM NAME Mattermost/textarea_Hell'

2021-05-30 11:24:33 - [TEST_STEP][PASSED] - click(findTestObject("Object Repository/Page_Off-Topic - TEAM NAME Mattermost/span_Save")): Object: 'Object Repository/Page_Off-Topic - TEAM NAME Mattermost/span_Save' is clicked on

2021-05-30 11:25:04 - [MESSAGE][INFO] - Unable to find the element located by 'By.xpath: //button[@id='save-button']/span'. Please recheck the objects properties to make sure the desired element is located. 

2021-05-30 11:25:04 - [MESSAGE][WARNING] - [SELF-HEALING] Failed to find element with id 'Object Repository/Page_Off-Topic - TEAM NAME Mattermost/span_Save'. Try using Self-healing.

2021-05-30 11:25:05 - [MESSAGE][WARNING] - [SELF-HEALING] The current locator of test object 'Object Repository/Page_Off-Topic - TEAM NAME Mattermost/span_Save' was broken. Propose an alternative one: '(.//*[normalize-space(text()) and normalize-space(.)='Cancel'])[1]/following::span[1]'.

2021-05-30 11:25:05 - [MESSAGE][PASSED] - Object: 'Object Repository/Page_Off-Topic - TEAM NAME Mattermost/span_Save' is clicked on

2021-05-30 11:25:05 - [TEST_STEP][PASSED] - click(findTestObject("Object Repository/Page_Town Square - TEAM NAME Mattermost/div_Off-Topic")): Object: 'Object Repository/Page_Town Square - TEAM NAME Mattermost/div_Off-Topic' is clicked on

2021-05-30 11:25:05 - [MESSAGE][PASSED] - Object: 'Object Repository/Page_Town Square - TEAM NAME Mattermost/div_Off-Topic' is clicked on

2021-05-30 11:25:05 - [TEST_STEP][PASSED] - click(findTestObject("Object Repository/Page_Off-Topic - TEAM NAME Mattermost/span_Off-Topic_channelHeaderDropdownIcon")): Object: 'Object Repository/Page_Off-Topic - TEAM NAME Mattermost/span_Off-Topic_channelHeaderDropdownIcon' is clicked on

2021-05-30 11:25:06 - [MESSAGE][PASSED] - Object: 'Object Repository/Page_Off-Topic - TEAM NAME Mattermost/span_Off-Topic_channelHeaderDropdownIcon' is clicked on

2021-05-30 11:25:06 - [TEST_STEP][PASSED] - click(findTestObject("Object Repository/Page_Off-Topic - TEAM NAME Mattermost/span_Edit Channel Header")): Object: 'Object Repository/Page_Off-Topic - TEAM NAME Mattermost/span_Edit Channel Header' is clicked on

2021-05-30 11:25:06 - [MESSAGE][PASSED] - Object: 'Object Repository/Page_Off-Topic - TEAM NAME Mattermost/span_Edit Channel Header' is clicked on

2021-05-30 11:25:06 - [TEST_STEP][PASSED] - setText(findTestObject("Object Repository/Page_Off-Topic - TEAM NAME Mattermost/textarea_Hell"), findTestData("Internal/Internal Channel Header").getValue(1, rowNum)): Text 'Off-Topic' is set on object 'Object Repository/Page_Off-Topic - TEAM NAME Mattermost/textarea_Hell'

2021-05-30 11:25:07 - [MESSAGE][PASSED] - Text 'Off-Topic' is set on object 'Object Repository/Page_Off-Topic - TEAM NAME Mattermost/textarea_Hell'

2021-05-30 11:25:07 - [TEST_STEP][PASSED] - click(findTestObject("Object Repository/Page_Off-Topic - TEAM NAME Mattermost/span_Save")): Object: 'Object Repository/Page_Off-Topic - TEAM NAME Mattermost/span_Save' is clicked on

2021-05-30 11:25:39 - [MESSAGE][INFO] - Unable to find the element located by 'By.xpath: //button[@id='save-button']/span'. Please recheck the objects properties to make sure the desired element is located. 

2021-05-30 11:25:39 - [MESSAGE][WARNING] - [SELF-HEALING] Failed to find element with id 'Object Repository/Page_Off-Topic - TEAM NAME Mattermost/span_Save'. Try using Self-healing.

2021-05-30 11:25:39 - [MESSAGE][WARNING] - [SELF-HEALING] The current locator of test object 'Object Repository/Page_Off-Topic - TEAM NAME Mattermost/span_Save' was broken. Propose an alternative one: '(.//*[normalize-space(text()) and normalize-space(.)='Cancel'])[1]/following::span[1]'.

2021-05-30 11:25:39 - [MESSAGE][PASSED] - Object: 'Object Repository/Page_Off-Topic - TEAM NAME Mattermost/span_Save' is clicked on

2021-05-30 11:25:39 - [TEST_STEP][PASSED] - closeBrowser(): Browser is closed

2021-05-30 11:25:40 - [MESSAGE][PASSED] - Browser is closed]]></system-out>
         <system-err><![CDATA[]]></system-err>
      </testcase>
      <testcase name="Test Cases/Internal Test Cases/EditChannelPurpose" time="21.381" classname="Test Cases/Internal Test Cases/EditChannelPurpose" status="PASSED">
         <system-out><![CDATA[2021-05-30 11:25:40 - [TEST_CASE][PASSED] - Test Cases/Internal Test Cases/EditChannelPurpose: Test Cases/Internal Test Cases/EditChannelPurpose

2021-05-30 11:25:40 - [TEST_STEP][PASSED] - callTestCase(findTestCase("Internal Test Cases/Successful Login"), ["Username":"", "Password":""], STOP_ON_FAILURE): Call Test Case 'Test Cases/Internal Test Cases/Successful Login' successfully

2021-05-30 11:25:40 - [TEST_CASE][PASSED] - Test Cases/Internal Test Cases/Successful Login: Test Cases/Internal Test Cases/Successful Login

2021-05-30 11:25:40 - [TEST_STEP][PASSED] - openBrowser(""): Browser is opened with url: ''

2021-05-30 11:25:40 - [MESSAGE][INFO] - Starting 'Chrome' driver

2021-05-30 11:25:40 - [MESSAGE][INFO] - Action delay is set to 0 milliseconds

2021-05-30 11:25:41 - [MESSAGE][PASSED] - Browser is opened with url: ''

2021-05-30 11:25:41 - [TEST_STEP][PASSED] - navigateToUrl("https://chudenangcao2021.cf/"): Navigate to 'https://chudenangcao2021.cf/' successfully

2021-05-30 11:25:42 - [MESSAGE][PASSED] - Navigate to 'https://chudenangcao2021.cf/' successfully

2021-05-30 11:25:42 - [TEST_STEP][PASSED] - setText(findTestObject("Object Repository/Page_Mattermost/input_All team communication in one place, _dcc84b"), findTestData("Internal/Internal Login Data").getValue(1, 1)): Text 'nguyenvanb' is set on object 'Object Repository/Page_Mattermost/input_All team communication in one place, _dcc84b'

2021-05-30 11:25:43 - [MESSAGE][PASSED] - Text 'nguyenvanb' is set on object 'Object Repository/Page_Mattermost/input_All team communication in one place, _dcc84b'

2021-05-30 11:25:43 - [TEST_STEP][PASSED] - setEncryptedText(findTestObject("Object Repository/Page_Mattermost/input_All team communication in one place, _a3edc6"), findTestData("Internal/Internal Login Data").getValue(2, 1)): Text ****** has been set on object 'Object Repository/Page_Mattermost/input_All team communication in one place, _a3edc6'

2021-05-30 11:25:44 - [MESSAGE][PASSED] - Text ****** has been set on object 'Object Repository/Page_Mattermost/input_All team communication in one place, _a3edc6'

2021-05-30 11:25:44 - [TEST_STEP][PASSED] - click(findTestObject("Object Repository/Page_Mattermost/button_Sign in")): Object: 'Object Repository/Page_Mattermost/button_Sign in' is clicked on

2021-05-30 11:25:44 - [MESSAGE][PASSED] - Object: 'Object Repository/Page_Mattermost/button_Sign in' is clicked on

2021-05-30 11:25:44 - [TEST_STEP][PASSED] - verifyLinksAccessible(["https://chudenangcao2021.cf/cdnc-cnpm-2021/channels"]): All links are accessible

2021-05-30 11:25:44 - [MESSAGE][INFO] - HAR: C:\Users\nttuan\Downloads\CDNC\mattermost-testing\Reports\20210530_111523\Run all test cases\20210530_111523\requests\main\39.har

2021-05-30 11:25:44 - [MESSAGE][PASSED] - Send request successfully

2021-05-30 11:25:44 - [MESSAGE][PASSED] - All links are accessible

2021-05-30 11:25:44 - [MESSAGE][PASSED] - Call Test Case 'Test Cases/Internal Test Cases/Successful Login' successfully

2021-05-30 11:25:44 - [TEST_STEP][PASSED] - for ([rowNum = 1, rowNum <= findTestData("Internal/Internal Channel Purpose").getRowNumbers(), (rowNum++)]): Object: 'Object Repository/Edit Purpose/Page_span_Town Square - Team 1 Mattermost/button_Save' is clicked on

2021-05-30 11:25:44 - [TEST_STEP][PASSED] - click(findTestObject("Object Repository/Edit Purpose/Page_span_Town Square - Team 1 Mattermost/span_span_Town Square")): Object: 'Object Repository/Edit Purpose/Page_span_Town Square - Team 1 Mattermost/span_span_Town Square' is clicked on

2021-05-30 11:25:46 - [MESSAGE][PASSED] - Object: 'Object Repository/Edit Purpose/Page_span_Town Square - Team 1 Mattermost/span_span_Town Square' is clicked on

2021-05-30 11:25:46 - [TEST_STEP][PASSED] - click(findTestObject("Object Repository/Edit Purpose/Page_span_Town Square - Team 1 Mattermost/span_span_Town Square_channelHeaderDropdownIcon")): Object: 'Object Repository/Edit Purpose/Page_span_Town Square - Team 1 Mattermost/span_span_Town Square_channelHeaderDropdownIcon' is clicked on

2021-05-30 11:25:47 - [MESSAGE][PASSED] - Object: 'Object Repository/Edit Purpose/Page_span_Town Square - Team 1 Mattermost/span_span_Town Square_channelHeaderDropdownIcon' is clicked on

2021-05-30 11:25:47 - [TEST_STEP][PASSED] - click(findTestObject("Object Repository/Edit Purpose/Page_span_Town Square - Team 1 Mattermost/span_Edit Channel Purpose")): Object: 'Object Repository/Edit Purpose/Page_span_Town Square - Team 1 Mattermost/span_Edit Channel Purpose' is clicked on

2021-05-30 11:25:47 - [MESSAGE][PASSED] - Object: 'Object Repository/Edit Purpose/Page_span_Town Square - Team 1 Mattermost/span_Edit Channel Purpose' is clicked on

2021-05-30 11:25:47 - [TEST_STEP][PASSED] - setText(findTestObject("Object Repository/Edit Purpose/Page_span_Town Square - Team 1 Mattermost/textarea_span_Town Square_form-control no-resize"), findTestData("Internal/Internal Channel Purpose").getValue(1, rowNum)): Text 'Lời khuyên, sự hỗ trợ' is set on object 'Object Repository/Edit Purpose/Page_span_Town Square - Team 1 Mattermost/textarea_span_Town Square_form-control no-resize'

2021-05-30 11:25:48 - [MESSAGE][PASSED] - Text 'Lời khuyên, sự hỗ trợ' is set on object 'Object Repository/Edit Purpose/Page_span_Town Square - Team 1 Mattermost/textarea_span_Town Square_form-control no-resize'

2021-05-30 11:25:48 - [TEST_STEP][PASSED] - click(findTestObject("Object Repository/Edit Purpose/Page_span_Town Square - Team 1 Mattermost/button_Save")): Object: 'Object Repository/Edit Purpose/Page_span_Town Square - Team 1 Mattermost/button_Save' is clicked on

2021-05-30 11:25:49 - [MESSAGE][PASSED] - Object: 'Object Repository/Edit Purpose/Page_span_Town Square - Team 1 Mattermost/button_Save' is clicked on

2021-05-30 11:25:49 - [TEST_STEP][PASSED] - click(findTestObject("Object Repository/Edit Purpose/Page_span_Town Square - Team 1 Mattermost/span_span_Town Square")): Object: 'Object Repository/Edit Purpose/Page_span_Town Square - Team 1 Mattermost/span_span_Town Square' is clicked on

2021-05-30 11:25:49 - [MESSAGE][PASSED] - Object: 'Object Repository/Edit Purpose/Page_span_Town Square - Team 1 Mattermost/span_span_Town Square' is clicked on

2021-05-30 11:25:49 - [TEST_STEP][PASSED] - click(findTestObject("Object Repository/Edit Purpose/Page_span_Town Square - Team 1 Mattermost/span_span_Town Square_channelHeaderDropdownIcon")): Object: 'Object Repository/Edit Purpose/Page_span_Town Square - Team 1 Mattermost/span_span_Town Square_channelHeaderDropdownIcon' is clicked on

2021-05-30 11:25:50 - [MESSAGE][PASSED] - Object: 'Object Repository/Edit Purpose/Page_span_Town Square - Team 1 Mattermost/span_span_Town Square_channelHeaderDropdownIcon' is clicked on

2021-05-30 11:25:50 - [TEST_STEP][PASSED] - click(findTestObject("Object Repository/Edit Purpose/Page_span_Town Square - Team 1 Mattermost/span_Edit Channel Purpose")): Object: 'Object Repository/Edit Purpose/Page_span_Town Square - Team 1 Mattermost/span_Edit Channel Purpose' is clicked on

2021-05-30 11:25:50 - [MESSAGE][PASSED] - Object: 'Object Repository/Edit Purpose/Page_span_Town Square - Team 1 Mattermost/span_Edit Channel Purpose' is clicked on

2021-05-30 11:25:50 - [TEST_STEP][PASSED] - setText(findTestObject("Object Repository/Edit Purpose/Page_span_Town Square - Team 1 Mattermost/textarea_span_Town Square_form-control no-resize"), findTestData("Internal/Internal Channel Purpose").getValue(1, rowNum)): Text 'Bài viết truyền cảm hứng' is set on object 'Object Repository/Edit Purpose/Page_span_Town Square - Team 1 Mattermost/textarea_span_Town Square_form-control no-resize'

2021-05-30 11:25:51 - [MESSAGE][PASSED] - Text 'Bài viết truyền cảm hứng' is set on object 'Object Repository/Edit Purpose/Page_span_Town Square - Team 1 Mattermost/textarea_span_Town Square_form-control no-resize'

2021-05-30 11:25:51 - [TEST_STEP][PASSED] - click(findTestObject("Object Repository/Edit Purpose/Page_span_Town Square - Team 1 Mattermost/button_Save")): Object: 'Object Repository/Edit Purpose/Page_span_Town Square - Team 1 Mattermost/button_Save' is clicked on

2021-05-30 11:25:51 - [MESSAGE][PASSED] - Object: 'Object Repository/Edit Purpose/Page_span_Town Square - Team 1 Mattermost/button_Save' is clicked on

2021-05-30 11:25:51 - [TEST_STEP][PASSED] - click(findTestObject("Object Repository/Edit Purpose/Page_span_Town Square - Team 1 Mattermost/span_span_Town Square")): Object: 'Object Repository/Edit Purpose/Page_span_Town Square - Team 1 Mattermost/span_span_Town Square' is clicked on

2021-05-30 11:25:52 - [MESSAGE][PASSED] - Object: 'Object Repository/Edit Purpose/Page_span_Town Square - Team 1 Mattermost/span_span_Town Square' is clicked on

2021-05-30 11:25:52 - [TEST_STEP][PASSED] - click(findTestObject("Object Repository/Edit Purpose/Page_span_Town Square - Team 1 Mattermost/span_span_Town Square_channelHeaderDropdownIcon")): Object: 'Object Repository/Edit Purpose/Page_span_Town Square - Team 1 Mattermost/span_span_Town Square_channelHeaderDropdownIcon' is clicked on

2021-05-30 11:25:53 - [MESSAGE][PASSED] - Object: 'Object Repository/Edit Purpose/Page_span_Town Square - Team 1 Mattermost/span_span_Town Square_channelHeaderDropdownIcon' is clicked on

2021-05-30 11:25:53 - [TEST_STEP][PASSED] - click(findTestObject("Object Repository/Edit Purpose/Page_span_Town Square - Team 1 Mattermost/span_Edit Channel Purpose")): Object: 'Object Repository/Edit Purpose/Page_span_Town Square - Team 1 Mattermost/span_Edit Channel Purpose' is clicked on

2021-05-30 11:25:53 - [MESSAGE][PASSED] - Object: 'Object Repository/Edit Purpose/Page_span_Town Square - Team 1 Mattermost/span_Edit Channel Purpose' is clicked on

2021-05-30 11:25:53 - [TEST_STEP][PASSED] - setText(findTestObject("Object Repository/Edit Purpose/Page_span_Town Square - Team 1 Mattermost/textarea_span_Town Square_form-control no-resize"), findTestData("Internal/Internal Channel Purpose").getValue(1, rowNum)): Text 'Mục đích xã hội' is set on object 'Object Repository/Edit Purpose/Page_span_Town Square - Team 1 Mattermost/textarea_span_Town Square_form-control no-resize'

2021-05-30 11:25:54 - [MESSAGE][PASSED] - Text 'Mục đích xã hội' is set on object 'Object Repository/Edit Purpose/Page_span_Town Square - Team 1 Mattermost/textarea_span_Town Square_form-control no-resize'

2021-05-30 11:25:54 - [TEST_STEP][PASSED] - click(findTestObject("Object Repository/Edit Purpose/Page_span_Town Square - Team 1 Mattermost/button_Save")): Object: 'Object Repository/Edit Purpose/Page_span_Town Square - Team 1 Mattermost/button_Save' is clicked on

2021-05-30 11:25:55 - [MESSAGE][PASSED] - Object: 'Object Repository/Edit Purpose/Page_span_Town Square - Team 1 Mattermost/button_Save' is clicked on

2021-05-30 11:25:55 - [TEST_STEP][PASSED] - click(findTestObject("Object Repository/Edit Purpose/Page_span_Town Square - Team 1 Mattermost/span_span_Town Square")): Object: 'Object Repository/Edit Purpose/Page_span_Town Square - Team 1 Mattermost/span_span_Town Square' is clicked on

2021-05-30 11:25:55 - [MESSAGE][PASSED] - Object: 'Object Repository/Edit Purpose/Page_span_Town Square - Team 1 Mattermost/span_span_Town Square' is clicked on

2021-05-30 11:25:55 - [TEST_STEP][PASSED] - click(findTestObject("Object Repository/Edit Purpose/Page_span_Town Square - Team 1 Mattermost/span_span_Town Square_channelHeaderDropdownIcon")): Object: 'Object Repository/Edit Purpose/Page_span_Town Square - Team 1 Mattermost/span_span_Town Square_channelHeaderDropdownIcon' is clicked on

2021-05-30 11:25:56 - [MESSAGE][PASSED] - Object: 'Object Repository/Edit Purpose/Page_span_Town Square - Team 1 Mattermost/span_span_Town Square_channelHeaderDropdownIcon' is clicked on

2021-05-30 11:25:56 - [TEST_STEP][PASSED] - click(findTestObject("Object Repository/Edit Purpose/Page_span_Town Square - Team 1 Mattermost/span_Edit Channel Purpose")): Object: 'Object Repository/Edit Purpose/Page_span_Town Square - Team 1 Mattermost/span_Edit Channel Purpose' is clicked on

2021-05-30 11:25:56 - [MESSAGE][PASSED] - Object: 'Object Repository/Edit Purpose/Page_span_Town Square - Team 1 Mattermost/span_Edit Channel Purpose' is clicked on

2021-05-30 11:25:56 - [TEST_STEP][PASSED] - setText(findTestObject("Object Repository/Edit Purpose/Page_span_Town Square - Team 1 Mattermost/textarea_span_Town Square_form-control no-resize"), findTestData("Internal/Internal Channel Purpose").getValue(1, rowNum)): Text 'Nuôi dưỡng mối quan hệ' is set on object 'Object Repository/Edit Purpose/Page_span_Town Square - Team 1 Mattermost/textarea_span_Town Square_form-control no-resize'

2021-05-30 11:25:57 - [MESSAGE][PASSED] - Text 'Nuôi dưỡng mối quan hệ' is set on object 'Object Repository/Edit Purpose/Page_span_Town Square - Team 1 Mattermost/textarea_span_Town Square_form-control no-resize'

2021-05-30 11:25:57 - [TEST_STEP][PASSED] - click(findTestObject("Object Repository/Edit Purpose/Page_span_Town Square - Team 1 Mattermost/button_Save")): Object: 'Object Repository/Edit Purpose/Page_span_Town Square - Team 1 Mattermost/button_Save' is clicked on

2021-05-30 11:25:57 - [MESSAGE][PASSED] - Object: 'Object Repository/Edit Purpose/Page_span_Town Square - Team 1 Mattermost/button_Save' is clicked on

2021-05-30 11:25:57 - [TEST_STEP][PASSED] - click(findTestObject("Object Repository/Edit Purpose/Page_span_Town Square - Team 1 Mattermost/span_span_Town Square")): Object: 'Object Repository/Edit Purpose/Page_span_Town Square - Team 1 Mattermost/span_span_Town Square' is clicked on

2021-05-30 11:25:58 - [MESSAGE][PASSED] - Object: 'Object Repository/Edit Purpose/Page_span_Town Square - Team 1 Mattermost/span_span_Town Square' is clicked on

2021-05-30 11:25:58 - [TEST_STEP][PASSED] - click(findTestObject("Object Repository/Edit Purpose/Page_span_Town Square - Team 1 Mattermost/span_span_Town Square_channelHeaderDropdownIcon")): Object: 'Object Repository/Edit Purpose/Page_span_Town Square - Team 1 Mattermost/span_span_Town Square_channelHeaderDropdownIcon' is clicked on

2021-05-30 11:25:58 - [MESSAGE][PASSED] - Object: 'Object Repository/Edit Purpose/Page_span_Town Square - Team 1 Mattermost/span_span_Town Square_channelHeaderDropdownIcon' is clicked on

2021-05-30 11:25:58 - [TEST_STEP][PASSED] - click(findTestObject("Object Repository/Edit Purpose/Page_span_Town Square - Team 1 Mattermost/span_Edit Channel Purpose")): Object: 'Object Repository/Edit Purpose/Page_span_Town Square - Team 1 Mattermost/span_Edit Channel Purpose' is clicked on

2021-05-30 11:25:59 - [MESSAGE][PASSED] - Object: 'Object Repository/Edit Purpose/Page_span_Town Square - Team 1 Mattermost/span_Edit Channel Purpose' is clicked on

2021-05-30 11:25:59 - [TEST_STEP][PASSED] - setText(findTestObject("Object Repository/Edit Purpose/Page_span_Town Square - Team 1 Mattermost/textarea_span_Town Square_form-control no-resize"), findTestData("Internal/Internal Channel Purpose").getValue(1, rowNum)): Text ' Xây dựng nội dung có giá trị' is set on object 'Object Repository/Edit Purpose/Page_span_Town Square - Team 1 Mattermost/textarea_span_Town Square_form-control no-resize'

2021-05-30 11:26:00 - [MESSAGE][PASSED] - Text ' Xây dựng nội dung có giá trị' is set on object 'Object Repository/Edit Purpose/Page_span_Town Square - Team 1 Mattermost/textarea_span_Town Square_form-control no-resize'

2021-05-30 11:26:00 - [TEST_STEP][PASSED] - click(findTestObject("Object Repository/Edit Purpose/Page_span_Town Square - Team 1 Mattermost/button_Save")): Object: 'Object Repository/Edit Purpose/Page_span_Town Square - Team 1 Mattermost/button_Save' is clicked on

2021-05-30 11:26:00 - [MESSAGE][PASSED] - Object: 'Object Repository/Edit Purpose/Page_span_Town Square - Team 1 Mattermost/button_Save' is clicked on

2021-05-30 11:26:00 - [TEST_STEP][PASSED] - closeBrowser(): Browser is closed

2021-05-30 11:26:01 - [MESSAGE][PASSED] - Browser is closed]]></system-out>
         <system-err><![CDATA[]]></system-err>
      </testcase>
      <testcase name="Test Cases/Internal Test Cases/EditFullName" time="26.213" classname="Test Cases/Internal Test Cases/EditFullName" status="PASSED">
         <system-out><![CDATA[2021-05-30 11:26:01 - [TEST_CASE][PASSED] - Test Cases/Internal Test Cases/EditFullName: Test Cases/Internal Test Cases/EditFullName

2021-05-30 11:26:01 - [TEST_STEP][PASSED] - callTestCase(findTestCase("Internal Test Cases/Successful Login"), ["Username":"", "Password":""], STOP_ON_FAILURE): Call Test Case 'Test Cases/Internal Test Cases/Successful Login' successfully

2021-05-30 11:26:01 - [TEST_CASE][PASSED] - Test Cases/Internal Test Cases/Successful Login: Test Cases/Internal Test Cases/Successful Login

2021-05-30 11:26:01 - [TEST_STEP][PASSED] - openBrowser(""): Browser is opened with url: ''

2021-05-30 11:26:01 - [MESSAGE][INFO] - Starting 'Chrome' driver

2021-05-30 11:26:01 - [MESSAGE][INFO] - Action delay is set to 0 milliseconds

2021-05-30 11:26:03 - [MESSAGE][PASSED] - Browser is opened with url: ''

2021-05-30 11:26:03 - [TEST_STEP][PASSED] - navigateToUrl("https://chudenangcao2021.cf/"): Navigate to 'https://chudenangcao2021.cf/' successfully

2021-05-30 11:26:03 - [MESSAGE][PASSED] - Navigate to 'https://chudenangcao2021.cf/' successfully

2021-05-30 11:26:03 - [TEST_STEP][PASSED] - setText(findTestObject("Object Repository/Page_Mattermost/input_All team communication in one place, _dcc84b"), findTestData("Internal/Internal Login Data").getValue(1, 1)): Text 'nguyenvanb' is set on object 'Object Repository/Page_Mattermost/input_All team communication in one place, _dcc84b'

2021-05-30 11:26:05 - [MESSAGE][PASSED] - Text 'nguyenvanb' is set on object 'Object Repository/Page_Mattermost/input_All team communication in one place, _dcc84b'

2021-05-30 11:26:05 - [TEST_STEP][PASSED] - setEncryptedText(findTestObject("Object Repository/Page_Mattermost/input_All team communication in one place, _a3edc6"), findTestData("Internal/Internal Login Data").getValue(2, 1)): Text ****** has been set on object 'Object Repository/Page_Mattermost/input_All team communication in one place, _a3edc6'

2021-05-30 11:26:05 - [MESSAGE][PASSED] - Text ****** has been set on object 'Object Repository/Page_Mattermost/input_All team communication in one place, _a3edc6'

2021-05-30 11:26:05 - [TEST_STEP][PASSED] - click(findTestObject("Object Repository/Page_Mattermost/button_Sign in")): Object: 'Object Repository/Page_Mattermost/button_Sign in' is clicked on

2021-05-30 11:26:06 - [MESSAGE][PASSED] - Object: 'Object Repository/Page_Mattermost/button_Sign in' is clicked on

2021-05-30 11:26:06 - [TEST_STEP][PASSED] - verifyLinksAccessible(["https://chudenangcao2021.cf/cdnc-cnpm-2021/channels"]): All links are accessible

2021-05-30 11:26:06 - [MESSAGE][INFO] - HAR: C:\Users\nttuan\Downloads\CDNC\mattermost-testing\Reports\20210530_111523\Run all test cases\20210530_111523\requests\main\40.har

2021-05-30 11:26:06 - [MESSAGE][PASSED] - Send request successfully

2021-05-30 11:26:06 - [MESSAGE][PASSED] - All links are accessible

2021-05-30 11:26:06 - [MESSAGE][PASSED] - Call Test Case 'Test Cases/Internal Test Cases/Successful Login' successfully

2021-05-30 11:26:06 - [TEST_STEP][PASSED] - for ([rowNum = 1, rowNum <= findTestData("Internal/Internal Fullname").getRowNumbers(), (rowNum++)]): Object: 'Object Repository/Page_TEST CHANNEL - TEAM NAME Mattermost/span_' is clicked on

2021-05-30 11:26:06 - [TEST_STEP][PASSED] - click(findTestObject("Object Repository/Account Setting/Page_TEST CHANNEL - TEAM NAME Mattermost/span")): Object: 'Object Repository/Account Setting/Page_TEST CHANNEL - TEAM NAME Mattermost/span' is clicked on

2021-05-30 11:26:07 - [MESSAGE][PASSED] - Object: 'Object Repository/Account Setting/Page_TEST CHANNEL - TEAM NAME Mattermost/span' is clicked on

2021-05-30 11:26:07 - [TEST_STEP][PASSED] - click(findTestObject("Object Repository/Page_TEST CHANNEL - TEAM NAME Mattermost/button_Account Settings")): Object: 'Object Repository/Page_TEST CHANNEL - TEAM NAME Mattermost/button_Account Settings' is clicked on

2021-05-30 11:26:08 - [MESSAGE][PASSED] - Object: 'Object Repository/Page_TEST CHANNEL - TEAM NAME Mattermost/button_Account Settings' is clicked on

2021-05-30 11:26:08 - [TEST_STEP][PASSED] - click(findTestObject("Object Repository/Page_TEST CHANNEL - TEAM NAME Mattermost/span_Edit")): Object: 'Object Repository/Page_TEST CHANNEL - TEAM NAME Mattermost/span_Edit' is clicked on

2021-05-30 11:26:09 - [MESSAGE][PASSED] - Object: 'Object Repository/Page_TEST CHANNEL - TEAM NAME Mattermost/span_Edit' is clicked on

2021-05-30 11:26:09 - [TEST_STEP][PASSED] - setText(findTestObject("Object Repository/Page_TEST CHANNEL - TEAM NAME Mattermost/input_First Name_firstName"), findTestData("Internal/Internal Fullname").getValue(1, rowNum)): Text 'Tho' is set on object 'Object Repository/Page_TEST CHANNEL - TEAM NAME Mattermost/input_First Name_firstName'

2021-05-30 11:26:09 - [MESSAGE][PASSED] - Text 'Tho' is set on object 'Object Repository/Page_TEST CHANNEL - TEAM NAME Mattermost/input_First Name_firstName'

2021-05-30 11:26:09 - [TEST_STEP][PASSED] - setText(findTestObject("Object Repository/Page_TEST CHANNEL - TEAM NAME Mattermost/input_Last Name_lastName"), findTestData("Internal/Internal Fullname").getValue(2, rowNum)): Text 'Tuan' is set on object 'Object Repository/Page_TEST CHANNEL - TEAM NAME Mattermost/input_Last Name_lastName'

2021-05-30 11:26:10 - [MESSAGE][PASSED] - Text 'Tuan' is set on object 'Object Repository/Page_TEST CHANNEL - TEAM NAME Mattermost/input_Last Name_lastName'

2021-05-30 11:26:10 - [TEST_STEP][PASSED] - click(findTestObject("Object Repository/Page_TEST CHANNEL - TEAM NAME Mattermost/span_Save")): Object: 'Object Repository/Page_TEST CHANNEL - TEAM NAME Mattermost/span_Save' is clicked on

2021-05-30 11:26:10 - [MESSAGE][PASSED] - Object: 'Object Repository/Page_TEST CHANNEL - TEAM NAME Mattermost/span_Save' is clicked on

2021-05-30 11:26:10 - [TEST_STEP][PASSED] - click(findTestObject("Object Repository/Page_TEST CHANNEL - TEAM NAME Mattermost/span_")): Object: 'Object Repository/Page_TEST CHANNEL - TEAM NAME Mattermost/span_' is clicked on

2021-05-30 11:26:11 - [MESSAGE][PASSED] - Object: 'Object Repository/Page_TEST CHANNEL - TEAM NAME Mattermost/span_' is clicked on

2021-05-30 11:26:11 - [TEST_STEP][PASSED] - click(findTestObject("Object Repository/Account Setting/Page_TEST CHANNEL - TEAM NAME Mattermost/span")): Object: 'Object Repository/Account Setting/Page_TEST CHANNEL - TEAM NAME Mattermost/span' is clicked on

2021-05-30 11:26:11 - [MESSAGE][PASSED] - Object: 'Object Repository/Account Setting/Page_TEST CHANNEL - TEAM NAME Mattermost/span' is clicked on

2021-05-30 11:26:11 - [TEST_STEP][PASSED] - click(findTestObject("Object Repository/Page_TEST CHANNEL - TEAM NAME Mattermost/button_Account Settings")): Object: 'Object Repository/Page_TEST CHANNEL - TEAM NAME Mattermost/button_Account Settings' is clicked on

2021-05-30 11:26:12 - [MESSAGE][PASSED] - Object: 'Object Repository/Page_TEST CHANNEL - TEAM NAME Mattermost/button_Account Settings' is clicked on

2021-05-30 11:26:12 - [TEST_STEP][PASSED] - click(findTestObject("Object Repository/Page_TEST CHANNEL - TEAM NAME Mattermost/span_Edit")): Object: 'Object Repository/Page_TEST CHANNEL - TEAM NAME Mattermost/span_Edit' is clicked on

2021-05-30 11:26:12 - [MESSAGE][PASSED] - Object: 'Object Repository/Page_TEST CHANNEL - TEAM NAME Mattermost/span_Edit' is clicked on

2021-05-30 11:26:12 - [TEST_STEP][PASSED] - setText(findTestObject("Object Repository/Page_TEST CHANNEL - TEAM NAME Mattermost/input_First Name_firstName"), findTestData("Internal/Internal Fullname").getValue(1, rowNum)): Text 'Xuan' is set on object 'Object Repository/Page_TEST CHANNEL - TEAM NAME Mattermost/input_First Name_firstName'

2021-05-30 11:26:13 - [MESSAGE][PASSED] - Text 'Xuan' is set on object 'Object Repository/Page_TEST CHANNEL - TEAM NAME Mattermost/input_First Name_firstName'

2021-05-30 11:26:13 - [TEST_STEP][PASSED] - setText(findTestObject("Object Repository/Page_TEST CHANNEL - TEAM NAME Mattermost/input_Last Name_lastName"), findTestData("Internal/Internal Fullname").getValue(2, rowNum)): Text 'Tuan' is set on object 'Object Repository/Page_TEST CHANNEL - TEAM NAME Mattermost/input_Last Name_lastName'

2021-05-30 11:26:14 - [MESSAGE][PASSED] - Text 'Tuan' is set on object 'Object Repository/Page_TEST CHANNEL - TEAM NAME Mattermost/input_Last Name_lastName'

2021-05-30 11:26:14 - [TEST_STEP][PASSED] - click(findTestObject("Object Repository/Page_TEST CHANNEL - TEAM NAME Mattermost/span_Save")): Object: 'Object Repository/Page_TEST CHANNEL - TEAM NAME Mattermost/span_Save' is clicked on

2021-05-30 11:26:14 - [MESSAGE][PASSED] - Object: 'Object Repository/Page_TEST CHANNEL - TEAM NAME Mattermost/span_Save' is clicked on

2021-05-30 11:26:14 - [TEST_STEP][PASSED] - click(findTestObject("Object Repository/Page_TEST CHANNEL - TEAM NAME Mattermost/span_")): Object: 'Object Repository/Page_TEST CHANNEL - TEAM NAME Mattermost/span_' is clicked on

2021-05-30 11:26:15 - [MESSAGE][PASSED] - Object: 'Object Repository/Page_TEST CHANNEL - TEAM NAME Mattermost/span_' is clicked on

2021-05-30 11:26:15 - [TEST_STEP][PASSED] - click(findTestObject("Object Repository/Account Setting/Page_TEST CHANNEL - TEAM NAME Mattermost/span")): Object: 'Object Repository/Account Setting/Page_TEST CHANNEL - TEAM NAME Mattermost/span' is clicked on

2021-05-30 11:26:15 - [MESSAGE][PASSED] - Object: 'Object Repository/Account Setting/Page_TEST CHANNEL - TEAM NAME Mattermost/span' is clicked on

2021-05-30 11:26:15 - [TEST_STEP][PASSED] - click(findTestObject("Object Repository/Page_TEST CHANNEL - TEAM NAME Mattermost/button_Account Settings")): Object: 'Object Repository/Page_TEST CHANNEL - TEAM NAME Mattermost/button_Account Settings' is clicked on

2021-05-30 11:26:16 - [MESSAGE][PASSED] - Object: 'Object Repository/Page_TEST CHANNEL - TEAM NAME Mattermost/button_Account Settings' is clicked on

2021-05-30 11:26:16 - [TEST_STEP][PASSED] - click(findTestObject("Object Repository/Page_TEST CHANNEL - TEAM NAME Mattermost/span_Edit")): Object: 'Object Repository/Page_TEST CHANNEL - TEAM NAME Mattermost/span_Edit' is clicked on

2021-05-30 11:26:16 - [MESSAGE][PASSED] - Object: 'Object Repository/Page_TEST CHANNEL - TEAM NAME Mattermost/span_Edit' is clicked on

2021-05-30 11:26:16 - [TEST_STEP][PASSED] - setText(findTestObject("Object Repository/Page_TEST CHANNEL - TEAM NAME Mattermost/input_First Name_firstName"), findTestData("Internal/Internal Fullname").getValue(1, rowNum)): Text 'Bui' is set on object 'Object Repository/Page_TEST CHANNEL - TEAM NAME Mattermost/input_First Name_firstName'

2021-05-30 11:26:17 - [MESSAGE][PASSED] - Text 'Bui' is set on object 'Object Repository/Page_TEST CHANNEL - TEAM NAME Mattermost/input_First Name_firstName'

2021-05-30 11:26:17 - [TEST_STEP][PASSED] - setText(findTestObject("Object Repository/Page_TEST CHANNEL - TEAM NAME Mattermost/input_Last Name_lastName"), findTestData("Internal/Internal Fullname").getValue(2, rowNum)): Text 'Lam' is set on object 'Object Repository/Page_TEST CHANNEL - TEAM NAME Mattermost/input_Last Name_lastName'

2021-05-30 11:26:18 - [MESSAGE][PASSED] - Text 'Lam' is set on object 'Object Repository/Page_TEST CHANNEL - TEAM NAME Mattermost/input_Last Name_lastName'

2021-05-30 11:26:18 - [TEST_STEP][PASSED] - click(findTestObject("Object Repository/Page_TEST CHANNEL - TEAM NAME Mattermost/span_Save")): Object: 'Object Repository/Page_TEST CHANNEL - TEAM NAME Mattermost/span_Save' is clicked on

2021-05-30 11:26:18 - [MESSAGE][PASSED] - Object: 'Object Repository/Page_TEST CHANNEL - TEAM NAME Mattermost/span_Save' is clicked on

2021-05-30 11:26:18 - [TEST_STEP][PASSED] - click(findTestObject("Object Repository/Page_TEST CHANNEL - TEAM NAME Mattermost/span_")): Object: 'Object Repository/Page_TEST CHANNEL - TEAM NAME Mattermost/span_' is clicked on

2021-05-30 11:26:19 - [MESSAGE][PASSED] - Object: 'Object Repository/Page_TEST CHANNEL - TEAM NAME Mattermost/span_' is clicked on

2021-05-30 11:26:19 - [TEST_STEP][PASSED] - click(findTestObject("Object Repository/Account Setting/Page_TEST CHANNEL - TEAM NAME Mattermost/span")): Object: 'Object Repository/Account Setting/Page_TEST CHANNEL - TEAM NAME Mattermost/span' is clicked on

2021-05-30 11:26:19 - [MESSAGE][PASSED] - Object: 'Object Repository/Account Setting/Page_TEST CHANNEL - TEAM NAME Mattermost/span' is clicked on

2021-05-30 11:26:19 - [TEST_STEP][PASSED] - click(findTestObject("Object Repository/Page_TEST CHANNEL - TEAM NAME Mattermost/button_Account Settings")): Object: 'Object Repository/Page_TEST CHANNEL - TEAM NAME Mattermost/button_Account Settings' is clicked on

2021-05-30 11:26:20 - [MESSAGE][PASSED] - Object: 'Object Repository/Page_TEST CHANNEL - TEAM NAME Mattermost/button_Account Settings' is clicked on

2021-05-30 11:26:20 - [TEST_STEP][PASSED] - click(findTestObject("Object Repository/Page_TEST CHANNEL - TEAM NAME Mattermost/span_Edit")): Object: 'Object Repository/Page_TEST CHANNEL - TEAM NAME Mattermost/span_Edit' is clicked on

2021-05-30 11:26:20 - [MESSAGE][PASSED] - Object: 'Object Repository/Page_TEST CHANNEL - TEAM NAME Mattermost/span_Edit' is clicked on

2021-05-30 11:26:20 - [TEST_STEP][PASSED] - setText(findTestObject("Object Repository/Page_TEST CHANNEL - TEAM NAME Mattermost/input_First Name_firstName"), findTestData("Internal/Internal Fullname").getValue(1, rowNum)): Text 'Thanh' is set on object 'Object Repository/Page_TEST CHANNEL - TEAM NAME Mattermost/input_First Name_firstName'

2021-05-30 11:26:21 - [MESSAGE][PASSED] - Text 'Thanh' is set on object 'Object Repository/Page_TEST CHANNEL - TEAM NAME Mattermost/input_First Name_firstName'

2021-05-30 11:26:21 - [TEST_STEP][PASSED] - setText(findTestObject("Object Repository/Page_TEST CHANNEL - TEAM NAME Mattermost/input_Last Name_lastName"), findTestData("Internal/Internal Fullname").getValue(2, rowNum)): Text 'Tung' is set on object 'Object Repository/Page_TEST CHANNEL - TEAM NAME Mattermost/input_Last Name_lastName'

2021-05-30 11:26:22 - [MESSAGE][PASSED] - Text 'Tung' is set on object 'Object Repository/Page_TEST CHANNEL - TEAM NAME Mattermost/input_Last Name_lastName'

2021-05-30 11:26:22 - [TEST_STEP][PASSED] - click(findTestObject("Object Repository/Page_TEST CHANNEL - TEAM NAME Mattermost/span_Save")): Object: 'Object Repository/Page_TEST CHANNEL - TEAM NAME Mattermost/span_Save' is clicked on

2021-05-30 11:26:22 - [MESSAGE][PASSED] - Object: 'Object Repository/Page_TEST CHANNEL - TEAM NAME Mattermost/span_Save' is clicked on

2021-05-30 11:26:22 - [TEST_STEP][PASSED] - click(findTestObject("Object Repository/Page_TEST CHANNEL - TEAM NAME Mattermost/span_")): Object: 'Object Repository/Page_TEST CHANNEL - TEAM NAME Mattermost/span_' is clicked on

2021-05-30 11:26:23 - [MESSAGE][PASSED] - Object: 'Object Repository/Page_TEST CHANNEL - TEAM NAME Mattermost/span_' is clicked on

2021-05-30 11:26:23 - [TEST_STEP][PASSED] - click(findTestObject("Object Repository/Account Setting/Page_TEST CHANNEL - TEAM NAME Mattermost/span")): Object: 'Object Repository/Account Setting/Page_TEST CHANNEL - TEAM NAME Mattermost/span' is clicked on

2021-05-30 11:26:23 - [MESSAGE][PASSED] - Object: 'Object Repository/Account Setting/Page_TEST CHANNEL - TEAM NAME Mattermost/span' is clicked on

2021-05-30 11:26:23 - [TEST_STEP][PASSED] - click(findTestObject("Object Repository/Page_TEST CHANNEL - TEAM NAME Mattermost/button_Account Settings")): Object: 'Object Repository/Page_TEST CHANNEL - TEAM NAME Mattermost/button_Account Settings' is clicked on

2021-05-30 11:26:23 - [MESSAGE][PASSED] - Object: 'Object Repository/Page_TEST CHANNEL - TEAM NAME Mattermost/button_Account Settings' is clicked on

2021-05-30 11:26:23 - [TEST_STEP][PASSED] - click(findTestObject("Object Repository/Page_TEST CHANNEL - TEAM NAME Mattermost/span_Edit")): Object: 'Object Repository/Page_TEST CHANNEL - TEAM NAME Mattermost/span_Edit' is clicked on

2021-05-30 11:26:24 - [MESSAGE][PASSED] - Object: 'Object Repository/Page_TEST CHANNEL - TEAM NAME Mattermost/span_Edit' is clicked on

2021-05-30 11:26:24 - [TEST_STEP][PASSED] - setText(findTestObject("Object Repository/Page_TEST CHANNEL - TEAM NAME Mattermost/input_First Name_firstName"), findTestData("Internal/Internal Fullname").getValue(1, rowNum)): Text 'Minh' is set on object 'Object Repository/Page_TEST CHANNEL - TEAM NAME Mattermost/input_First Name_firstName'

2021-05-30 11:26:25 - [MESSAGE][PASSED] - Text 'Minh' is set on object 'Object Repository/Page_TEST CHANNEL - TEAM NAME Mattermost/input_First Name_firstName'

2021-05-30 11:26:25 - [TEST_STEP][PASSED] - setText(findTestObject("Object Repository/Page_TEST CHANNEL - TEAM NAME Mattermost/input_Last Name_lastName"), findTestData("Internal/Internal Fullname").getValue(2, rowNum)): Text 'Vu' is set on object 'Object Repository/Page_TEST CHANNEL - TEAM NAME Mattermost/input_Last Name_lastName'

2021-05-30 11:26:25 - [MESSAGE][PASSED] - Text 'Vu' is set on object 'Object Repository/Page_TEST CHANNEL - TEAM NAME Mattermost/input_Last Name_lastName'

2021-05-30 11:26:25 - [TEST_STEP][PASSED] - click(findTestObject("Object Repository/Page_TEST CHANNEL - TEAM NAME Mattermost/span_Save")): Object: 'Object Repository/Page_TEST CHANNEL - TEAM NAME Mattermost/span_Save' is clicked on

2021-05-30 11:26:26 - [MESSAGE][PASSED] - Object: 'Object Repository/Page_TEST CHANNEL - TEAM NAME Mattermost/span_Save' is clicked on

2021-05-30 11:26:26 - [TEST_STEP][PASSED] - click(findTestObject("Object Repository/Page_TEST CHANNEL - TEAM NAME Mattermost/span_")): Object: 'Object Repository/Page_TEST CHANNEL - TEAM NAME Mattermost/span_' is clicked on

2021-05-30 11:26:26 - [MESSAGE][PASSED] - Object: 'Object Repository/Page_TEST CHANNEL - TEAM NAME Mattermost/span_' is clicked on

2021-05-30 11:26:26 - [TEST_STEP][PASSED] - closeBrowser(): Browser is closed

2021-05-30 11:26:27 - [MESSAGE][PASSED] - Browser is closed]]></system-out>
         <system-err><![CDATA[]]></system-err>
      </testcase>
      <testcase name="Test Cases/Internal Test Cases/EditNickName" time="23.426" classname="Test Cases/Internal Test Cases/EditNickName" status="PASSED">
         <system-out><![CDATA[2021-05-30 11:26:27 - [TEST_CASE][PASSED] - Test Cases/Internal Test Cases/EditNickName: Test Cases/Internal Test Cases/EditNickName

2021-05-30 11:26:27 - [TEST_STEP][PASSED] - callTestCase(findTestCase("Internal Test Cases/Successful Login"), ["Username":"", "Password":""], STOP_ON_FAILURE): Call Test Case 'Test Cases/Internal Test Cases/Successful Login' successfully

2021-05-30 11:26:28 - [TEST_CASE][PASSED] - Test Cases/Internal Test Cases/Successful Login: Test Cases/Internal Test Cases/Successful Login

2021-05-30 11:26:28 - [TEST_STEP][PASSED] - openBrowser(""): Browser is opened with url: ''

2021-05-30 11:26:28 - [MESSAGE][INFO] - Starting 'Chrome' driver

2021-05-30 11:26:28 - [MESSAGE][INFO] - Action delay is set to 0 milliseconds

2021-05-30 11:26:29 - [MESSAGE][PASSED] - Browser is opened with url: ''

2021-05-30 11:26:29 - [TEST_STEP][PASSED] - navigateToUrl("https://chudenangcao2021.cf/"): Navigate to 'https://chudenangcao2021.cf/' successfully

2021-05-30 11:26:30 - [MESSAGE][PASSED] - Navigate to 'https://chudenangcao2021.cf/' successfully

2021-05-30 11:26:30 - [TEST_STEP][PASSED] - setText(findTestObject("Object Repository/Page_Mattermost/input_All team communication in one place, _dcc84b"), findTestData("Internal/Internal Login Data").getValue(1, 1)): Text 'nguyenvanb' is set on object 'Object Repository/Page_Mattermost/input_All team communication in one place, _dcc84b'

2021-05-30 11:26:31 - [MESSAGE][PASSED] - Text 'nguyenvanb' is set on object 'Object Repository/Page_Mattermost/input_All team communication in one place, _dcc84b'

2021-05-30 11:26:31 - [TEST_STEP][PASSED] - setEncryptedText(findTestObject("Object Repository/Page_Mattermost/input_All team communication in one place, _a3edc6"), findTestData("Internal/Internal Login Data").getValue(2, 1)): Text ****** has been set on object 'Object Repository/Page_Mattermost/input_All team communication in one place, _a3edc6'

2021-05-30 11:26:31 - [MESSAGE][PASSED] - Text ****** has been set on object 'Object Repository/Page_Mattermost/input_All team communication in one place, _a3edc6'

2021-05-30 11:26:31 - [TEST_STEP][PASSED] - click(findTestObject("Object Repository/Page_Mattermost/button_Sign in")): Object: 'Object Repository/Page_Mattermost/button_Sign in' is clicked on

2021-05-30 11:26:32 - [MESSAGE][PASSED] - Object: 'Object Repository/Page_Mattermost/button_Sign in' is clicked on

2021-05-30 11:26:32 - [TEST_STEP][PASSED] - verifyLinksAccessible(["https://chudenangcao2021.cf/cdnc-cnpm-2021/channels"]): All links are accessible

2021-05-30 11:26:32 - [MESSAGE][INFO] - HAR: C:\Users\nttuan\Downloads\CDNC\mattermost-testing\Reports\20210530_111523\Run all test cases\20210530_111523\requests\main\41.har

2021-05-30 11:26:32 - [MESSAGE][PASSED] - Send request successfully

2021-05-30 11:26:32 - [MESSAGE][PASSED] - All links are accessible

2021-05-30 11:26:32 - [MESSAGE][PASSED] - Call Test Case 'Test Cases/Internal Test Cases/Successful Login' successfully

2021-05-30 11:26:32 - [TEST_STEP][PASSED] - for ([rowNum = 1, rowNum <= findTestData("Internal/Internal Nickname").getRowNumbers(), (rowNum++)]): Object: 'Object Repository/Account Setting/Page_TEST CHANNEL - TEAM NAME Mattermost/span_' is clicked on

2021-05-30 11:26:32 - [TEST_STEP][PASSED] - click(findTestObject("Object Repository/Account Setting/Page_TEST CHANNEL - TEAM NAME Mattermost/span")): Object: 'Object Repository/Account Setting/Page_TEST CHANNEL - TEAM NAME Mattermost/span' is clicked on

2021-05-30 11:26:34 - [MESSAGE][PASSED] - Object: 'Object Repository/Account Setting/Page_TEST CHANNEL - TEAM NAME Mattermost/span' is clicked on

2021-05-30 11:26:34 - [TEST_STEP][PASSED] - click(findTestObject("Object Repository/Account Setting/Page_TEST CHANNEL - TEAM NAME Mattermost/button_Account Settings")): Object: 'Object Repository/Account Setting/Page_TEST CHANNEL - TEAM NAME Mattermost/button_Account Settings' is clicked on

2021-05-30 11:26:34 - [MESSAGE][PASSED] - Object: 'Object Repository/Account Setting/Page_TEST CHANNEL - TEAM NAME Mattermost/button_Account Settings' is clicked on

2021-05-30 11:26:34 - [TEST_STEP][PASSED] - click(findTestObject("Object Repository/Account Setting/Page_TEST CHANNEL - TEAM NAME Mattermost/span_Edit")): Object: 'Object Repository/Account Setting/Page_TEST CHANNEL - TEAM NAME Mattermost/span_Edit' is clicked on

2021-05-30 11:26:35 - [MESSAGE][PASSED] - Object: 'Object Repository/Account Setting/Page_TEST CHANNEL - TEAM NAME Mattermost/span_Edit' is clicked on

2021-05-30 11:26:35 - [TEST_STEP][PASSED] - setText(findTestObject("Object Repository/Account Setting/Page_TEST CHANNEL - TEAM NAME Mattermost/input_Nickname_nickname"), findTestData("Internal/Internal Nickname").getValue(1, rowNum)): Text 'Như Bảo' is set on object 'Object Repository/Account Setting/Page_TEST CHANNEL - TEAM NAME Mattermost/input_Nickname_nickname'

2021-05-30 11:26:36 - [MESSAGE][PASSED] - Text 'Như Bảo' is set on object 'Object Repository/Account Setting/Page_TEST CHANNEL - TEAM NAME Mattermost/input_Nickname_nickname'

2021-05-30 11:26:36 - [TEST_STEP][PASSED] - click(findTestObject("Object Repository/Account Setting/Page_TEST CHANNEL - TEAM NAME Mattermost/button_Save")): Object: 'Object Repository/Account Setting/Page_TEST CHANNEL - TEAM NAME Mattermost/button_Save' is clicked on

2021-05-30 11:26:36 - [MESSAGE][PASSED] - Object: 'Object Repository/Account Setting/Page_TEST CHANNEL - TEAM NAME Mattermost/button_Save' is clicked on

2021-05-30 11:26:36 - [TEST_STEP][PASSED] - click(findTestObject("Object Repository/Account Setting/Page_TEST CHANNEL - TEAM NAME Mattermost/span_")): Object: 'Object Repository/Account Setting/Page_TEST CHANNEL - TEAM NAME Mattermost/span_' is clicked on

2021-05-30 11:26:37 - [MESSAGE][PASSED] - Object: 'Object Repository/Account Setting/Page_TEST CHANNEL - TEAM NAME Mattermost/span_' is clicked on

2021-05-30 11:26:37 - [TEST_STEP][PASSED] - click(findTestObject("Object Repository/Account Setting/Page_TEST CHANNEL - TEAM NAME Mattermost/span")): Object: 'Object Repository/Account Setting/Page_TEST CHANNEL - TEAM NAME Mattermost/span' is clicked on

2021-05-30 11:26:37 - [MESSAGE][PASSED] - Object: 'Object Repository/Account Setting/Page_TEST CHANNEL - TEAM NAME Mattermost/span' is clicked on

2021-05-30 11:26:37 - [TEST_STEP][PASSED] - click(findTestObject("Object Repository/Account Setting/Page_TEST CHANNEL - TEAM NAME Mattermost/button_Account Settings")): Object: 'Object Repository/Account Setting/Page_TEST CHANNEL - TEAM NAME Mattermost/button_Account Settings' is clicked on

2021-05-30 11:26:38 - [MESSAGE][PASSED] - Object: 'Object Repository/Account Setting/Page_TEST CHANNEL - TEAM NAME Mattermost/button_Account Settings' is clicked on

2021-05-30 11:26:38 - [TEST_STEP][PASSED] - click(findTestObject("Object Repository/Account Setting/Page_TEST CHANNEL - TEAM NAME Mattermost/span_Edit")): Object: 'Object Repository/Account Setting/Page_TEST CHANNEL - TEAM NAME Mattermost/span_Edit' is clicked on

2021-05-30 11:26:38 - [MESSAGE][PASSED] - Object: 'Object Repository/Account Setting/Page_TEST CHANNEL - TEAM NAME Mattermost/span_Edit' is clicked on

2021-05-30 11:26:38 - [TEST_STEP][PASSED] - setText(findTestObject("Object Repository/Account Setting/Page_TEST CHANNEL - TEAM NAME Mattermost/input_Nickname_nickname"), findTestData("Internal/Internal Nickname").getValue(1, rowNum)): Text 'Châut' is set on object 'Object Repository/Account Setting/Page_TEST CHANNEL - TEAM NAME Mattermost/input_Nickname_nickname'

2021-05-30 11:26:39 - [MESSAGE][PASSED] - Text 'Châut' is set on object 'Object Repository/Account Setting/Page_TEST CHANNEL - TEAM NAME Mattermost/input_Nickname_nickname'

2021-05-30 11:26:39 - [TEST_STEP][PASSED] - click(findTestObject("Object Repository/Account Setting/Page_TEST CHANNEL - TEAM NAME Mattermost/button_Save")): Object: 'Object Repository/Account Setting/Page_TEST CHANNEL - TEAM NAME Mattermost/button_Save' is clicked on

2021-05-30 11:26:39 - [MESSAGE][PASSED] - Object: 'Object Repository/Account Setting/Page_TEST CHANNEL - TEAM NAME Mattermost/button_Save' is clicked on

2021-05-30 11:26:39 - [TEST_STEP][PASSED] - click(findTestObject("Object Repository/Account Setting/Page_TEST CHANNEL - TEAM NAME Mattermost/span_")): Object: 'Object Repository/Account Setting/Page_TEST CHANNEL - TEAM NAME Mattermost/span_' is clicked on

2021-05-30 11:26:40 - [MESSAGE][PASSED] - Object: 'Object Repository/Account Setting/Page_TEST CHANNEL - TEAM NAME Mattermost/span_' is clicked on

2021-05-30 11:26:40 - [TEST_STEP][PASSED] - click(findTestObject("Object Repository/Account Setting/Page_TEST CHANNEL - TEAM NAME Mattermost/span")): Object: 'Object Repository/Account Setting/Page_TEST CHANNEL - TEAM NAME Mattermost/span' is clicked on

2021-05-30 11:26:41 - [MESSAGE][PASSED] - Object: 'Object Repository/Account Setting/Page_TEST CHANNEL - TEAM NAME Mattermost/span' is clicked on

2021-05-30 11:26:41 - [TEST_STEP][PASSED] - click(findTestObject("Object Repository/Account Setting/Page_TEST CHANNEL - TEAM NAME Mattermost/button_Account Settings")): Object: 'Object Repository/Account Setting/Page_TEST CHANNEL - TEAM NAME Mattermost/button_Account Settings' is clicked on

2021-05-30 11:26:41 - [MESSAGE][PASSED] - Object: 'Object Repository/Account Setting/Page_TEST CHANNEL - TEAM NAME Mattermost/button_Account Settings' is clicked on

2021-05-30 11:26:41 - [TEST_STEP][PASSED] - click(findTestObject("Object Repository/Account Setting/Page_TEST CHANNEL - TEAM NAME Mattermost/span_Edit")): Object: 'Object Repository/Account Setting/Page_TEST CHANNEL - TEAM NAME Mattermost/span_Edit' is clicked on

2021-05-30 11:26:42 - [MESSAGE][PASSED] - Object: 'Object Repository/Account Setting/Page_TEST CHANNEL - TEAM NAME Mattermost/span_Edit' is clicked on

2021-05-30 11:26:42 - [TEST_STEP][PASSED] - setText(findTestObject("Object Repository/Account Setting/Page_TEST CHANNEL - TEAM NAME Mattermost/input_Nickname_nickname"), findTestData("Internal/Internal Nickname").getValue(1, rowNum)): Text 'Thot' is set on object 'Object Repository/Account Setting/Page_TEST CHANNEL - TEAM NAME Mattermost/input_Nickname_nickname'

2021-05-30 11:26:42 - [MESSAGE][PASSED] - Text 'Thot' is set on object 'Object Repository/Account Setting/Page_TEST CHANNEL - TEAM NAME Mattermost/input_Nickname_nickname'

2021-05-30 11:26:42 - [TEST_STEP][PASSED] - click(findTestObject("Object Repository/Account Setting/Page_TEST CHANNEL - TEAM NAME Mattermost/button_Save")): Object: 'Object Repository/Account Setting/Page_TEST CHANNEL - TEAM NAME Mattermost/button_Save' is clicked on

2021-05-30 11:26:43 - [MESSAGE][PASSED] - Object: 'Object Repository/Account Setting/Page_TEST CHANNEL - TEAM NAME Mattermost/button_Save' is clicked on

2021-05-30 11:26:43 - [TEST_STEP][PASSED] - click(findTestObject("Object Repository/Account Setting/Page_TEST CHANNEL - TEAM NAME Mattermost/span_")): Object: 'Object Repository/Account Setting/Page_TEST CHANNEL - TEAM NAME Mattermost/span_' is clicked on

2021-05-30 11:26:43 - [MESSAGE][PASSED] - Object: 'Object Repository/Account Setting/Page_TEST CHANNEL - TEAM NAME Mattermost/span_' is clicked on

2021-05-30 11:26:43 - [TEST_STEP][PASSED] - click(findTestObject("Object Repository/Account Setting/Page_TEST CHANNEL - TEAM NAME Mattermost/span")): Object: 'Object Repository/Account Setting/Page_TEST CHANNEL - TEAM NAME Mattermost/span' is clicked on

2021-05-30 11:26:44 - [MESSAGE][PASSED] - Object: 'Object Repository/Account Setting/Page_TEST CHANNEL - TEAM NAME Mattermost/span' is clicked on

2021-05-30 11:26:44 - [TEST_STEP][PASSED] - click(findTestObject("Object Repository/Account Setting/Page_TEST CHANNEL - TEAM NAME Mattermost/button_Account Settings")): Object: 'Object Repository/Account Setting/Page_TEST CHANNEL - TEAM NAME Mattermost/button_Account Settings' is clicked on

2021-05-30 11:26:44 - [MESSAGE][PASSED] - Object: 'Object Repository/Account Setting/Page_TEST CHANNEL - TEAM NAME Mattermost/button_Account Settings' is clicked on

2021-05-30 11:26:44 - [TEST_STEP][PASSED] - click(findTestObject("Object Repository/Account Setting/Page_TEST CHANNEL - TEAM NAME Mattermost/span_Edit")): Object: 'Object Repository/Account Setting/Page_TEST CHANNEL - TEAM NAME Mattermost/span_Edit' is clicked on

2021-05-30 11:26:45 - [MESSAGE][PASSED] - Object: 'Object Repository/Account Setting/Page_TEST CHANNEL - TEAM NAME Mattermost/span_Edit' is clicked on

2021-05-30 11:26:45 - [TEST_STEP][PASSED] - setText(findTestObject("Object Repository/Account Setting/Page_TEST CHANNEL - TEAM NAME Mattermost/input_Nickname_nickname"), findTestData("Internal/Internal Nickname").getValue(1, rowNum)): Text 'Thanht' is set on object 'Object Repository/Account Setting/Page_TEST CHANNEL - TEAM NAME Mattermost/input_Nickname_nickname'

2021-05-30 11:26:46 - [MESSAGE][PASSED] - Text 'Thanht' is set on object 'Object Repository/Account Setting/Page_TEST CHANNEL - TEAM NAME Mattermost/input_Nickname_nickname'

2021-05-30 11:26:46 - [TEST_STEP][PASSED] - click(findTestObject("Object Repository/Account Setting/Page_TEST CHANNEL - TEAM NAME Mattermost/button_Save")): Object: 'Object Repository/Account Setting/Page_TEST CHANNEL - TEAM NAME Mattermost/button_Save' is clicked on

2021-05-30 11:26:46 - [MESSAGE][PASSED] - Object: 'Object Repository/Account Setting/Page_TEST CHANNEL - TEAM NAME Mattermost/button_Save' is clicked on

2021-05-30 11:26:46 - [TEST_STEP][PASSED] - click(findTestObject("Object Repository/Account Setting/Page_TEST CHANNEL - TEAM NAME Mattermost/span_")): Object: 'Object Repository/Account Setting/Page_TEST CHANNEL - TEAM NAME Mattermost/span_' is clicked on

2021-05-30 11:26:47 - [MESSAGE][PASSED] - Object: 'Object Repository/Account Setting/Page_TEST CHANNEL - TEAM NAME Mattermost/span_' is clicked on

2021-05-30 11:26:47 - [TEST_STEP][PASSED] - click(findTestObject("Object Repository/Account Setting/Page_TEST CHANNEL - TEAM NAME Mattermost/span")): Object: 'Object Repository/Account Setting/Page_TEST CHANNEL - TEAM NAME Mattermost/span' is clicked on

2021-05-30 11:26:47 - [MESSAGE][PASSED] - Object: 'Object Repository/Account Setting/Page_TEST CHANNEL - TEAM NAME Mattermost/span' is clicked on

2021-05-30 11:26:47 - [TEST_STEP][PASSED] - click(findTestObject("Object Repository/Account Setting/Page_TEST CHANNEL - TEAM NAME Mattermost/button_Account Settings")): Object: 'Object Repository/Account Setting/Page_TEST CHANNEL - TEAM NAME Mattermost/button_Account Settings' is clicked on

2021-05-30 11:26:48 - [MESSAGE][PASSED] - Object: 'Object Repository/Account Setting/Page_TEST CHANNEL - TEAM NAME Mattermost/button_Account Settings' is clicked on

2021-05-30 11:26:48 - [TEST_STEP][PASSED] - click(findTestObject("Object Repository/Account Setting/Page_TEST CHANNEL - TEAM NAME Mattermost/span_Edit")): Object: 'Object Repository/Account Setting/Page_TEST CHANNEL - TEAM NAME Mattermost/span_Edit' is clicked on

2021-05-30 11:26:48 - [MESSAGE][PASSED] - Object: 'Object Repository/Account Setting/Page_TEST CHANNEL - TEAM NAME Mattermost/span_Edit' is clicked on

2021-05-30 11:26:48 - [TEST_STEP][PASSED] - setText(findTestObject("Object Repository/Account Setting/Page_TEST CHANNEL - TEAM NAME Mattermost/input_Nickname_nickname"), findTestData("Internal/Internal Nickname").getValue(1, rowNum)): Text 'Minhv' is set on object 'Object Repository/Account Setting/Page_TEST CHANNEL - TEAM NAME Mattermost/input_Nickname_nickname'

2021-05-30 11:26:49 - [MESSAGE][PASSED] - Text 'Minhv' is set on object 'Object Repository/Account Setting/Page_TEST CHANNEL - TEAM NAME Mattermost/input_Nickname_nickname'

2021-05-30 11:26:49 - [TEST_STEP][PASSED] - click(findTestObject("Object Repository/Account Setting/Page_TEST CHANNEL - TEAM NAME Mattermost/button_Save")): Object: 'Object Repository/Account Setting/Page_TEST CHANNEL - TEAM NAME Mattermost/button_Save' is clicked on

2021-05-30 11:26:49 - [MESSAGE][PASSED] - Object: 'Object Repository/Account Setting/Page_TEST CHANNEL - TEAM NAME Mattermost/button_Save' is clicked on

2021-05-30 11:26:49 - [TEST_STEP][PASSED] - click(findTestObject("Object Repository/Account Setting/Page_TEST CHANNEL - TEAM NAME Mattermost/span_")): Object: 'Object Repository/Account Setting/Page_TEST CHANNEL - TEAM NAME Mattermost/span_' is clicked on

2021-05-30 11:26:50 - [MESSAGE][PASSED] - Object: 'Object Repository/Account Setting/Page_TEST CHANNEL - TEAM NAME Mattermost/span_' is clicked on

2021-05-30 11:26:50 - [TEST_STEP][PASSED] - closeBrowser(): Browser is closed

2021-05-30 11:26:51 - [MESSAGE][PASSED] - Browser is closed]]></system-out>
         <system-err><![CDATA[]]></system-err>
      </testcase>
      <testcase name="Test Cases/Internal Test Cases/EditPosition" time="26.302" classname="Test Cases/Internal Test Cases/EditPosition" status="PASSED">
         <system-out><![CDATA[2021-05-30 11:26:51 - [TEST_CASE][PASSED] - Test Cases/Internal Test Cases/EditPosition: Test Cases/Internal Test Cases/EditPosition

2021-05-30 11:26:51 - [TEST_STEP][PASSED] - callTestCase(findTestCase("Internal Test Cases/Successful Login"), ["Username":"", "Password":""], STOP_ON_FAILURE): Call Test Case 'Test Cases/Internal Test Cases/Successful Login' successfully

2021-05-30 11:26:51 - [TEST_CASE][PASSED] - Test Cases/Internal Test Cases/Successful Login: Test Cases/Internal Test Cases/Successful Login

2021-05-30 11:26:51 - [TEST_STEP][PASSED] - openBrowser(""): Browser is opened with url: ''

2021-05-30 11:26:51 - [MESSAGE][INFO] - Starting 'Chrome' driver

2021-05-30 11:26:51 - [MESSAGE][INFO] - Action delay is set to 0 milliseconds

2021-05-30 11:26:52 - [MESSAGE][PASSED] - Browser is opened with url: ''

2021-05-30 11:26:52 - [TEST_STEP][PASSED] - navigateToUrl("https://chudenangcao2021.cf/"): Navigate to 'https://chudenangcao2021.cf/' successfully

2021-05-30 11:26:53 - [MESSAGE][PASSED] - Navigate to 'https://chudenangcao2021.cf/' successfully

2021-05-30 11:26:53 - [TEST_STEP][PASSED] - setText(findTestObject("Object Repository/Page_Mattermost/input_All team communication in one place, _dcc84b"), findTestData("Internal/Internal Login Data").getValue(1, 1)): Text 'nguyenvanb' is set on object 'Object Repository/Page_Mattermost/input_All team communication in one place, _dcc84b'

2021-05-30 11:26:54 - [MESSAGE][PASSED] - Text 'nguyenvanb' is set on object 'Object Repository/Page_Mattermost/input_All team communication in one place, _dcc84b'

2021-05-30 11:26:54 - [TEST_STEP][PASSED] - setEncryptedText(findTestObject("Object Repository/Page_Mattermost/input_All team communication in one place, _a3edc6"), findTestData("Internal/Internal Login Data").getValue(2, 1)): Text ****** has been set on object 'Object Repository/Page_Mattermost/input_All team communication in one place, _a3edc6'

2021-05-30 11:26:55 - [MESSAGE][PASSED] - Text ****** has been set on object 'Object Repository/Page_Mattermost/input_All team communication in one place, _a3edc6'

2021-05-30 11:26:55 - [TEST_STEP][PASSED] - click(findTestObject("Object Repository/Page_Mattermost/button_Sign in")): Object: 'Object Repository/Page_Mattermost/button_Sign in' is clicked on

2021-05-30 11:26:55 - [MESSAGE][PASSED] - Object: 'Object Repository/Page_Mattermost/button_Sign in' is clicked on

2021-05-30 11:26:55 - [TEST_STEP][PASSED] - verifyLinksAccessible(["https://chudenangcao2021.cf/cdnc-cnpm-2021/channels"]): All links are accessible

2021-05-30 11:26:55 - [MESSAGE][INFO] - HAR: C:\Users\nttuan\Downloads\CDNC\mattermost-testing\Reports\20210530_111523\Run all test cases\20210530_111523\requests\main\42.har

2021-05-30 11:26:55 - [MESSAGE][PASSED] - Send request successfully

2021-05-30 11:26:55 - [MESSAGE][PASSED] - All links are accessible

2021-05-30 11:26:55 - [MESSAGE][PASSED] - Call Test Case 'Test Cases/Internal Test Cases/Successful Login' successfully

2021-05-30 11:26:55 - [TEST_STEP][PASSED] - for ([rowNum = 1, rowNum <= findTestData("Internal/Internal Position").getRowNumbers(), (rowNum++)]): Object: 'Object Repository/Edit position/Page_span_Town Square - Team 1 Mattermost/span_' is clicked on

2021-05-30 11:26:55 - [TEST_STEP][PASSED] - click(findTestObject("Object Repository/Edit position/Page_span_Town Square - Team 1 Mattermost/span_span_Town Square")): Object: 'Object Repository/Edit position/Page_span_Town Square - Team 1 Mattermost/span_span_Town Square' is clicked on

2021-05-30 11:26:57 - [MESSAGE][PASSED] - Object: 'Object Repository/Edit position/Page_span_Town Square - Team 1 Mattermost/span_span_Town Square' is clicked on

2021-05-30 11:26:57 - [TEST_STEP][PASSED] - click(findTestObject("Object Repository/Edit position/Page_span_Town Square - Team 1 Mattermost/span")): Object: 'Object Repository/Edit position/Page_span_Town Square - Team 1 Mattermost/span' is clicked on

2021-05-30 11:26:58 - [MESSAGE][PASSED] - Object: 'Object Repository/Edit position/Page_span_Town Square - Team 1 Mattermost/span' is clicked on

2021-05-30 11:26:58 - [TEST_STEP][PASSED] - click(findTestObject("Object Repository/Edit position/Page_span_Town Square - Team 1 Mattermost/button_Account Settings")): Object: 'Object Repository/Edit position/Page_span_Town Square - Team 1 Mattermost/button_Account Settings' is clicked on

2021-05-30 11:26:58 - [MESSAGE][PASSED] - Object: 'Object Repository/Edit position/Page_span_Town Square - Team 1 Mattermost/button_Account Settings' is clicked on

2021-05-30 11:26:58 - [TEST_STEP][PASSED] - click(findTestObject("Object Repository/Edit position/Page_span_Town Square - Team 1 Mattermost/span_Edit")): Object: 'Object Repository/Edit position/Page_span_Town Square - Team 1 Mattermost/span_Edit' is clicked on

2021-05-30 11:26:59 - [MESSAGE][PASSED] - Object: 'Object Repository/Edit position/Page_span_Town Square - Team 1 Mattermost/span_Edit' is clicked on

2021-05-30 11:26:59 - [TEST_STEP][PASSED] - setText(findTestObject("Object Repository/Edit position/Page_span_Town Square - Team 1 Mattermost/input_Position_position"), findTestData("Internal/Internal Position").getValue(1, rowNum)): Text 'Trưởng phòng' is set on object 'Object Repository/Edit position/Page_span_Town Square - Team 1 Mattermost/input_Position_position'

2021-05-30 11:27:00 - [MESSAGE][PASSED] - Text 'Trưởng phòng' is set on object 'Object Repository/Edit position/Page_span_Town Square - Team 1 Mattermost/input_Position_position'

2021-05-30 11:27:00 - [TEST_STEP][PASSED] - click(findTestObject("Object Repository/Edit position/Page_span_Town Square - Team 1 Mattermost/button_Save")): Object: 'Object Repository/Edit position/Page_span_Town Square - Team 1 Mattermost/button_Save' is clicked on

2021-05-30 11:27:00 - [MESSAGE][PASSED] - Object: 'Object Repository/Edit position/Page_span_Town Square - Team 1 Mattermost/button_Save' is clicked on

2021-05-30 11:27:00 - [TEST_STEP][PASSED] - click(findTestObject("Object Repository/Edit position/Page_span_Town Square - Team 1 Mattermost/span_")): Object: 'Object Repository/Edit position/Page_span_Town Square - Team 1 Mattermost/span_' is clicked on

2021-05-30 11:27:01 - [MESSAGE][PASSED] - Object: 'Object Repository/Edit position/Page_span_Town Square - Team 1 Mattermost/span_' is clicked on

2021-05-30 11:27:01 - [TEST_STEP][PASSED] - click(findTestObject("Object Repository/Edit position/Page_span_Town Square - Team 1 Mattermost/span_span_Town Square")): Object: 'Object Repository/Edit position/Page_span_Town Square - Team 1 Mattermost/span_span_Town Square' is clicked on

2021-05-30 11:27:01 - [MESSAGE][PASSED] - Object: 'Object Repository/Edit position/Page_span_Town Square - Team 1 Mattermost/span_span_Town Square' is clicked on

2021-05-30 11:27:01 - [TEST_STEP][PASSED] - click(findTestObject("Object Repository/Edit position/Page_span_Town Square - Team 1 Mattermost/span")): Object: 'Object Repository/Edit position/Page_span_Town Square - Team 1 Mattermost/span' is clicked on

2021-05-30 11:27:02 - [MESSAGE][PASSED] - Object: 'Object Repository/Edit position/Page_span_Town Square - Team 1 Mattermost/span' is clicked on

2021-05-30 11:27:02 - [TEST_STEP][PASSED] - click(findTestObject("Object Repository/Edit position/Page_span_Town Square - Team 1 Mattermost/button_Account Settings")): Object: 'Object Repository/Edit position/Page_span_Town Square - Team 1 Mattermost/button_Account Settings' is clicked on

2021-05-30 11:27:02 - [MESSAGE][PASSED] - Object: 'Object Repository/Edit position/Page_span_Town Square - Team 1 Mattermost/button_Account Settings' is clicked on

2021-05-30 11:27:02 - [TEST_STEP][PASSED] - click(findTestObject("Object Repository/Edit position/Page_span_Town Square - Team 1 Mattermost/span_Edit")): Object: 'Object Repository/Edit position/Page_span_Town Square - Team 1 Mattermost/span_Edit' is clicked on

2021-05-30 11:27:03 - [MESSAGE][PASSED] - Object: 'Object Repository/Edit position/Page_span_Town Square - Team 1 Mattermost/span_Edit' is clicked on

2021-05-30 11:27:03 - [TEST_STEP][PASSED] - setText(findTestObject("Object Repository/Edit position/Page_span_Town Square - Team 1 Mattermost/input_Position_position"), findTestData("Internal/Internal Position").getValue(1, rowNum)): Text 'Kế toán' is set on object 'Object Repository/Edit position/Page_span_Town Square - Team 1 Mattermost/input_Position_position'

2021-05-30 11:27:04 - [MESSAGE][PASSED] - Text 'Kế toán' is set on object 'Object Repository/Edit position/Page_span_Town Square - Team 1 Mattermost/input_Position_position'

2021-05-30 11:27:04 - [TEST_STEP][PASSED] - click(findTestObject("Object Repository/Edit position/Page_span_Town Square - Team 1 Mattermost/button_Save")): Object: 'Object Repository/Edit position/Page_span_Town Square - Team 1 Mattermost/button_Save' is clicked on

2021-05-30 11:27:04 - [MESSAGE][PASSED] - Object: 'Object Repository/Edit position/Page_span_Town Square - Team 1 Mattermost/button_Save' is clicked on

2021-05-30 11:27:04 - [TEST_STEP][PASSED] - click(findTestObject("Object Repository/Edit position/Page_span_Town Square - Team 1 Mattermost/span_")): Object: 'Object Repository/Edit position/Page_span_Town Square - Team 1 Mattermost/span_' is clicked on

2021-05-30 11:27:04 - [MESSAGE][PASSED] - Object: 'Object Repository/Edit position/Page_span_Town Square - Team 1 Mattermost/span_' is clicked on

2021-05-30 11:27:05 - [TEST_STEP][PASSED] - click(findTestObject("Object Repository/Edit position/Page_span_Town Square - Team 1 Mattermost/span_span_Town Square")): Object: 'Object Repository/Edit position/Page_span_Town Square - Team 1 Mattermost/span_span_Town Square' is clicked on

2021-05-30 11:27:05 - [MESSAGE][PASSED] - Object: 'Object Repository/Edit position/Page_span_Town Square - Team 1 Mattermost/span_span_Town Square' is clicked on

2021-05-30 11:27:05 - [TEST_STEP][PASSED] - click(findTestObject("Object Repository/Edit position/Page_span_Town Square - Team 1 Mattermost/span")): Object: 'Object Repository/Edit position/Page_span_Town Square - Team 1 Mattermost/span' is clicked on

2021-05-30 11:27:06 - [MESSAGE][PASSED] - Object: 'Object Repository/Edit position/Page_span_Town Square - Team 1 Mattermost/span' is clicked on

2021-05-30 11:27:06 - [TEST_STEP][PASSED] - click(findTestObject("Object Repository/Edit position/Page_span_Town Square - Team 1 Mattermost/button_Account Settings")): Object: 'Object Repository/Edit position/Page_span_Town Square - Team 1 Mattermost/button_Account Settings' is clicked on

2021-05-30 11:27:06 - [MESSAGE][PASSED] - Object: 'Object Repository/Edit position/Page_span_Town Square - Team 1 Mattermost/button_Account Settings' is clicked on

2021-05-30 11:27:06 - [TEST_STEP][PASSED] - click(findTestObject("Object Repository/Edit position/Page_span_Town Square - Team 1 Mattermost/span_Edit")): Object: 'Object Repository/Edit position/Page_span_Town Square - Team 1 Mattermost/span_Edit' is clicked on

2021-05-30 11:27:07 - [MESSAGE][PASSED] - Object: 'Object Repository/Edit position/Page_span_Town Square - Team 1 Mattermost/span_Edit' is clicked on

2021-05-30 11:27:07 - [TEST_STEP][PASSED] - setText(findTestObject("Object Repository/Edit position/Page_span_Town Square - Team 1 Mattermost/input_Position_position"), findTestData("Internal/Internal Position").getValue(1, rowNum)): Text 'giám đốc' is set on object 'Object Repository/Edit position/Page_span_Town Square - Team 1 Mattermost/input_Position_position'

2021-05-30 11:27:08 - [MESSAGE][PASSED] - Text 'giám đốc' is set on object 'Object Repository/Edit position/Page_span_Town Square - Team 1 Mattermost/input_Position_position'

2021-05-30 11:27:08 - [TEST_STEP][PASSED] - click(findTestObject("Object Repository/Edit position/Page_span_Town Square - Team 1 Mattermost/button_Save")): Object: 'Object Repository/Edit position/Page_span_Town Square - Team 1 Mattermost/button_Save' is clicked on

2021-05-30 11:27:08 - [MESSAGE][PASSED] - Object: 'Object Repository/Edit position/Page_span_Town Square - Team 1 Mattermost/button_Save' is clicked on

2021-05-30 11:27:08 - [TEST_STEP][PASSED] - click(findTestObject("Object Repository/Edit position/Page_span_Town Square - Team 1 Mattermost/span_")): Object: 'Object Repository/Edit position/Page_span_Town Square - Team 1 Mattermost/span_' is clicked on

2021-05-30 11:27:09 - [MESSAGE][PASSED] - Object: 'Object Repository/Edit position/Page_span_Town Square - Team 1 Mattermost/span_' is clicked on

2021-05-30 11:27:09 - [TEST_STEP][PASSED] - click(findTestObject("Object Repository/Edit position/Page_span_Town Square - Team 1 Mattermost/span_span_Town Square")): Object: 'Object Repository/Edit position/Page_span_Town Square - Team 1 Mattermost/span_span_Town Square' is clicked on

2021-05-30 11:27:09 - [MESSAGE][PASSED] - Object: 'Object Repository/Edit position/Page_span_Town Square - Team 1 Mattermost/span_span_Town Square' is clicked on

2021-05-30 11:27:09 - [TEST_STEP][PASSED] - click(findTestObject("Object Repository/Edit position/Page_span_Town Square - Team 1 Mattermost/span")): Object: 'Object Repository/Edit position/Page_span_Town Square - Team 1 Mattermost/span' is clicked on

2021-05-30 11:27:10 - [MESSAGE][PASSED] - Object: 'Object Repository/Edit position/Page_span_Town Square - Team 1 Mattermost/span' is clicked on

2021-05-30 11:27:10 - [TEST_STEP][PASSED] - click(findTestObject("Object Repository/Edit position/Page_span_Town Square - Team 1 Mattermost/button_Account Settings")): Object: 'Object Repository/Edit position/Page_span_Town Square - Team 1 Mattermost/button_Account Settings' is clicked on

2021-05-30 11:27:10 - [MESSAGE][PASSED] - Object: 'Object Repository/Edit position/Page_span_Town Square - Team 1 Mattermost/button_Account Settings' is clicked on

2021-05-30 11:27:10 - [TEST_STEP][PASSED] - click(findTestObject("Object Repository/Edit position/Page_span_Town Square - Team 1 Mattermost/span_Edit")): Object: 'Object Repository/Edit position/Page_span_Town Square - Team 1 Mattermost/span_Edit' is clicked on

2021-05-30 11:27:11 - [MESSAGE][PASSED] - Object: 'Object Repository/Edit position/Page_span_Town Square - Team 1 Mattermost/span_Edit' is clicked on

2021-05-30 11:27:11 - [TEST_STEP][PASSED] - setText(findTestObject("Object Repository/Edit position/Page_span_Town Square - Team 1 Mattermost/input_Position_position"), findTestData("Internal/Internal Position").getValue(1, rowNum)): Text 'Nhân viên' is set on object 'Object Repository/Edit position/Page_span_Town Square - Team 1 Mattermost/input_Position_position'

2021-05-30 11:27:12 - [MESSAGE][PASSED] - Text 'Nhân viên' is set on object 'Object Repository/Edit position/Page_span_Town Square - Team 1 Mattermost/input_Position_position'

2021-05-30 11:27:12 - [TEST_STEP][PASSED] - click(findTestObject("Object Repository/Edit position/Page_span_Town Square - Team 1 Mattermost/button_Save")): Object: 'Object Repository/Edit position/Page_span_Town Square - Team 1 Mattermost/button_Save' is clicked on

2021-05-30 11:27:12 - [MESSAGE][PASSED] - Object: 'Object Repository/Edit position/Page_span_Town Square - Team 1 Mattermost/button_Save' is clicked on

2021-05-30 11:27:12 - [TEST_STEP][PASSED] - click(findTestObject("Object Repository/Edit position/Page_span_Town Square - Team 1 Mattermost/span_")): Object: 'Object Repository/Edit position/Page_span_Town Square - Team 1 Mattermost/span_' is clicked on

2021-05-30 11:27:13 - [MESSAGE][PASSED] - Object: 'Object Repository/Edit position/Page_span_Town Square - Team 1 Mattermost/span_' is clicked on

2021-05-30 11:27:13 - [TEST_STEP][PASSED] - click(findTestObject("Object Repository/Edit position/Page_span_Town Square - Team 1 Mattermost/span_span_Town Square")): Object: 'Object Repository/Edit position/Page_span_Town Square - Team 1 Mattermost/span_span_Town Square' is clicked on

2021-05-30 11:27:13 - [MESSAGE][PASSED] - Object: 'Object Repository/Edit position/Page_span_Town Square - Team 1 Mattermost/span_span_Town Square' is clicked on

2021-05-30 11:27:13 - [TEST_STEP][PASSED] - click(findTestObject("Object Repository/Edit position/Page_span_Town Square - Team 1 Mattermost/span")): Object: 'Object Repository/Edit position/Page_span_Town Square - Team 1 Mattermost/span' is clicked on

2021-05-30 11:27:13 - [MESSAGE][PASSED] - Object: 'Object Repository/Edit position/Page_span_Town Square - Team 1 Mattermost/span' is clicked on

2021-05-30 11:27:13 - [TEST_STEP][PASSED] - click(findTestObject("Object Repository/Edit position/Page_span_Town Square - Team 1 Mattermost/button_Account Settings")): Object: 'Object Repository/Edit position/Page_span_Town Square - Team 1 Mattermost/button_Account Settings' is clicked on

2021-05-30 11:27:14 - [MESSAGE][PASSED] - Object: 'Object Repository/Edit position/Page_span_Town Square - Team 1 Mattermost/button_Account Settings' is clicked on

2021-05-30 11:27:14 - [TEST_STEP][PASSED] - click(findTestObject("Object Repository/Edit position/Page_span_Town Square - Team 1 Mattermost/span_Edit")): Object: 'Object Repository/Edit position/Page_span_Town Square - Team 1 Mattermost/span_Edit' is clicked on

2021-05-30 11:27:14 - [MESSAGE][PASSED] - Object: 'Object Repository/Edit position/Page_span_Town Square - Team 1 Mattermost/span_Edit' is clicked on

2021-05-30 11:27:14 - [TEST_STEP][PASSED] - setText(findTestObject("Object Repository/Edit position/Page_span_Town Square - Team 1 Mattermost/input_Position_position"), findTestData("Internal/Internal Position").getValue(1, rowNum)): Text 'Lao công' is set on object 'Object Repository/Edit position/Page_span_Town Square - Team 1 Mattermost/input_Position_position'

2021-05-30 11:27:15 - [MESSAGE][PASSED] - Text 'Lao công' is set on object 'Object Repository/Edit position/Page_span_Town Square - Team 1 Mattermost/input_Position_position'

2021-05-30 11:27:15 - [TEST_STEP][PASSED] - click(findTestObject("Object Repository/Edit position/Page_span_Town Square - Team 1 Mattermost/button_Save")): Object: 'Object Repository/Edit position/Page_span_Town Square - Team 1 Mattermost/button_Save' is clicked on

2021-05-30 11:27:16 - [MESSAGE][PASSED] - Object: 'Object Repository/Edit position/Page_span_Town Square - Team 1 Mattermost/button_Save' is clicked on

2021-05-30 11:27:16 - [TEST_STEP][PASSED] - click(findTestObject("Object Repository/Edit position/Page_span_Town Square - Team 1 Mattermost/span_")): Object: 'Object Repository/Edit position/Page_span_Town Square - Team 1 Mattermost/span_' is clicked on

2021-05-30 11:27:16 - [MESSAGE][PASSED] - Object: 'Object Repository/Edit position/Page_span_Town Square - Team 1 Mattermost/span_' is clicked on

2021-05-30 11:27:16 - [TEST_STEP][PASSED] - closeBrowser(): Browser is closed

2021-05-30 11:27:17 - [MESSAGE][PASSED] - Browser is closed]]></system-out>
         <system-err><![CDATA[]]></system-err>
      </testcase>
      <testcase name="Test Cases/Internal Test Cases/EditUsername" time="73.518" classname="Test Cases/Internal Test Cases/EditUsername" status="FAILED">
         <failure type="FAILED" message="Test Cases/Internal Test Cases/EditUsername FAILED.
Reason:
com.kms.katalon.core.exception.StepFailedException: Unable to click on object 'Object Repository/Account Setting/Page_TEST CHANNEL - TEAM NAME Mattermost/button_Close'
	at com.kms.katalon.core.webui.keyword.internal.WebUIKeywordMain.stepFailed(WebUIKeywordMain.groovy:64)
	at com.kms.katalon.core.webui.keyword.internal.WebUIKeywordMain.runKeyword(WebUIKeywordMain.groovy:26)
	at com.kms.katalon.core.webui.keyword.builtin.ClickKeyword.click(ClickKeyword.groovy:75)
	at com.kms.katalon.core.webui.keyword.builtin.ClickKeyword.execute(ClickKeyword.groovy:42)
	at com.kms.katalon.core.keyword.internal.KeywordExecutor.executeKeywordForPlatform(KeywordExecutor.groovy:73)
	at com.kms.katalon.core.webui.keyword.WebUiBuiltInKeywords.click(WebUiBuiltInKeywords.groovy:619)
	at com.kms.katalon.core.webui.keyword.WebUiBuiltInKeywords$click$2.call(Unknown Source)
	at EditUsername.run(EditUsername:37)
	at com.kms.katalon.core.main.ScriptEngine.run(ScriptEngine.java:194)
	at com.kms.katalon.core.main.ScriptEngine.runScriptAsRawText(ScriptEngine.java:119)
	at com.kms.katalon.core.main.TestCaseExecutor.runScript(TestCaseExecutor.java:398)
	at com.kms.katalon.core.main.TestCaseExecutor.doExecute(TestCaseExecutor.java:389)
	at com.kms.katalon.core.main.TestCaseExecutor.processExecutionPhase(TestCaseExecutor.java:368)
	at com.kms.katalon.core.main.TestCaseExecutor.accessMainPhase(TestCaseExecutor.java:360)
	at com.kms.katalon.core.main.TestCaseExecutor.execute(TestCaseExecutor.java:255)
	at com.kms.katalon.core.main.TestSuiteExecutor.accessTestCaseMainPhase(TestSuiteExecutor.java:203)
	at com.kms.katalon.core.main.TestSuiteExecutor.accessTestSuiteMainPhase(TestSuiteExecutor.java:152)
	at com.kms.katalon.core.main.TestSuiteExecutor.execute(TestSuiteExecutor.java:95)
	at com.kms.katalon.core.main.TestCaseMain.startTestSuite(TestCaseMain.java:157)
	at com.kms.katalon.core.main.TestCaseMain$startTestSuite$0.call(Unknown Source)
	at TempTestSuite1622373323128.run(TempTestSuite1622373323128.groovy:39)
Caused by: org.openqa.selenium.ElementClickInterceptedException: element click intercepted: Element &lt;button type=&quot;button&quot; aria-label=&quot;emoji picker&quot; class=&quot;emoji-picker__container post-action&quot;>...&lt;/button> is not clickable at point (996, 520). Other element would receive the click: &lt;div id=&quot;accountSettingsModal&quot; role=&quot;dialog&quot; aria-labelledby=&quot;accountSettingsModalLabel&quot; tabindex=&quot;-1&quot; class=&quot;fade in modal&quot; style=&quot;display: block;&quot;>...&lt;/div>
  (Session info: chrome=91.0.4472.77)
Build info: version: '3.141.59', revision: 'e82be7d358', time: '2018-11-14T08:25:53'
System info: host: 'WIN-SERVER-2019', ip: '10.1.0.4', os.name: 'Windows Server 2019', os.arch: 'amd64', os.version: '10.0', java.version: '1.8.0_282'
Driver info: com.kms.katalon.selenium.driver.CChromeDriver
Capabilities {acceptInsecureCerts: false, browserName: chrome, browserVersion: 91.0.4472.77, chrome: {chromedriverVersion: 90.0.4430.24 (4c6d850f087da..., userDataDir: C:\Users\nttuan\AppData\Loc...}, goog:chromeOptions: {debuggerAddress: localhost:64462}, javascriptEnabled: true, networkConnectionEnabled: false, pageLoadStrategy: normal, platform: WINDOWS, platformName: WINDOWS, proxy: Proxy(), setWindowRect: true, strictFileInteractability: false, timeouts: {implicit: 0, pageLoad: 300000, script: 30000}, unhandledPromptBehavior: dismiss and notify, webauthn:extension:largeBlob: true, webauthn:virtualAuthenticators: true}
Session ID: 21c3f1440fa2bcc8da51446af9ac5e7d
	at org.openqa.selenium.remote.http.W3CHttpResponseCodec.createException(W3CHttpResponseCodec.java:187)
	at org.openqa.selenium.remote.http.W3CHttpResponseCodec.decode(W3CHttpResponseCodec.java:122)
	at org.openqa.selenium.remote.http.W3CHttpResponseCodec.decode(W3CHttpResponseCodec.java:49)
	at org.openqa.selenium.remote.HttpCommandExecutor.execute(HttpCommandExecutor.java:158)
	at org.openqa.selenium.remote.service.DriverCommandExecutor.execute(DriverCommandExecutor.java:83)
	at org.openqa.selenium.remote.RemoteWebDriver.execute(RemoteWebDriver.java:552)
	at com.kms.katalon.selenium.driver.CChromeDriver.execute(CChromeDriver.java:19)
	at org.openqa.selenium.remote.RemoteWebElement.execute(RemoteWebElement.java:285)
	at org.openqa.selenium.remote.RemoteWebElement.click(RemoteWebElement.java:84)
	at org.openqa.selenium.support.events.EventFiringWebDriver$EventFiringWebElement.lambda$new$0(EventFiringWebDriver.java:404)
	at com.sun.proxy.$Proxy17.click(Unknown Source)
	at org.openqa.selenium.support.events.EventFiringWebDriver$EventFiringWebElement.click(EventFiringWebDriver.java:417)
	at com.kms.katalon.core.webui.keyword.builtin.ClickKeyword$_click_closure1.doCall(ClickKeyword.groovy:68)
	at com.kms.katalon.core.webui.keyword.builtin.ClickKeyword$_click_closure1.call(ClickKeyword.groovy)
	at com.kms.katalon.core.webui.keyword.internal.WebUIKeywordMain.runKeyword(WebUIKeywordMain.groovy:20)
	... 19 more
"/>
         <system-out><![CDATA[2021-05-30 11:27:17 - [TEST_CASE][FAILED] - Test Cases/Internal Test Cases/EditUsername: Test Cases/Internal Test Cases/EditUsername FAILED.
Reason:
com.kms.katalon.core.exception.StepFailedException: Unable to click on object 'Object Repository/Account Setting/Page_TEST CHANNEL - TEAM NAME Mattermost/button_Close'
	at com.kms.katalon.core.webui.keyword.internal.WebUIKeywordMain.stepFailed(WebUIKeywordMain.groovy:64)
	at com.kms.katalon.core.webui.keyword.internal.WebUIKeywordMain.runKeyword(WebUIKeywordMain.groovy:26)
	at com.kms.katalon.core.webui.keyword.builtin.ClickKeyword.click(ClickKeyword.groovy:75)
	at com.kms.katalon.core.webui.keyword.builtin.ClickKeyword.execute(ClickKeyword.groovy:42)
	at com.kms.katalon.core.keyword.internal.KeywordExecutor.executeKeywordForPlatform(KeywordExecutor.groovy:73)
	at com.kms.katalon.core.webui.keyword.WebUiBuiltInKeywords.click(WebUiBuiltInKeywords.groovy:619)
	at com.kms.katalon.core.webui.keyword.WebUiBuiltInKeywords$click$2.call(Unknown Source)
	at EditUsername.run(EditUsername:37)
	at com.kms.katalon.core.main.ScriptEngine.run(ScriptEngine.java:194)
	at com.kms.katalon.core.main.ScriptEngine.runScriptAsRawText(ScriptEngine.java:119)
	at com.kms.katalon.core.main.TestCaseExecutor.runScript(TestCaseExecutor.java:398)
	at com.kms.katalon.core.main.TestCaseExecutor.doExecute(TestCaseExecutor.java:389)
	at com.kms.katalon.core.main.TestCaseExecutor.processExecutionPhase(TestCaseExecutor.java:368)
	at com.kms.katalon.core.main.TestCaseExecutor.accessMainPhase(TestCaseExecutor.java:360)
	at com.kms.katalon.core.main.TestCaseExecutor.execute(TestCaseExecutor.java:255)
	at com.kms.katalon.core.main.TestSuiteExecutor.accessTestCaseMainPhase(TestSuiteExecutor.java:203)
	at com.kms.katalon.core.main.TestSuiteExecutor.accessTestSuiteMainPhase(TestSuiteExecutor.java:152)
	at com.kms.katalon.core.main.TestSuiteExecutor.execute(TestSuiteExecutor.java:95)
	at com.kms.katalon.core.main.TestCaseMain.startTestSuite(TestCaseMain.java:157)
	at com.kms.katalon.core.main.TestCaseMain$startTestSuite$0.call(Unknown Source)
	at TempTestSuite1622373323128.run(TempTestSuite1622373323128.groovy:39)
Caused by: org.openqa.selenium.ElementClickInterceptedException: element click intercepted: Element <button type="button" aria-label="emoji picker" class="emoji-picker__container post-action">...</button> is not clickable at point (996, 520). Other element would receive the click: <div id="accountSettingsModal" role="dialog" aria-labelledby="accountSettingsModalLabel" tabindex="-1" class="fade in modal" style="display: block;">...</div>
  (Session info: chrome=91.0.4472.77)
Build info: version: '3.141.59', revision: 'e82be7d358', time: '2018-11-14T08:25:53'
System info: host: 'WIN-SERVER-2019', ip: '10.1.0.4', os.name: 'Windows Server 2019', os.arch: 'amd64', os.version: '10.0', java.version: '1.8.0_282'
Driver info: com.kms.katalon.selenium.driver.CChromeDriver
Capabilities {acceptInsecureCerts: false, browserName: chrome, browserVersion: 91.0.4472.77, chrome: {chromedriverVersion: 90.0.4430.24 (4c6d850f087da..., userDataDir: C:\Users\nttuan\AppData\Loc...}, goog:chromeOptions: {debuggerAddress: localhost:64462}, javascriptEnabled: true, networkConnectionEnabled: false, pageLoadStrategy: normal, platform: WINDOWS, platformName: WINDOWS, proxy: Proxy(), setWindowRect: true, strictFileInteractability: false, timeouts: {implicit: 0, pageLoad: 300000, script: 30000}, unhandledPromptBehavior: dismiss and notify, webauthn:extension:largeBlob: true, webauthn:virtualAuthenticators: true}
Session ID: 21c3f1440fa2bcc8da51446af9ac5e7d
	at org.openqa.selenium.remote.http.W3CHttpResponseCodec.createException(W3CHttpResponseCodec.java:187)
	at org.openqa.selenium.remote.http.W3CHttpResponseCodec.decode(W3CHttpResponseCodec.java:122)
	at org.openqa.selenium.remote.http.W3CHttpResponseCodec.decode(W3CHttpResponseCodec.java:49)
	at org.openqa.selenium.remote.HttpCommandExecutor.execute(HttpCommandExecutor.java:158)
	at org.openqa.selenium.remote.service.DriverCommandExecutor.execute(DriverCommandExecutor.java:83)
	at org.openqa.selenium.remote.RemoteWebDriver.execute(RemoteWebDriver.java:552)
	at com.kms.katalon.selenium.driver.CChromeDriver.execute(CChromeDriver.java:19)
	at org.openqa.selenium.remote.RemoteWebElement.execute(RemoteWebElement.java:285)
	at org.openqa.selenium.remote.RemoteWebElement.click(RemoteWebElement.java:84)
	at org.openqa.selenium.support.events.EventFiringWebDriver$EventFiringWebElement.lambda$new$0(EventFiringWebDriver.java:404)
	at com.sun.proxy.$Proxy17.click(Unknown Source)
	at org.openqa.selenium.support.events.EventFiringWebDriver$EventFiringWebElement.click(EventFiringWebDriver.java:417)
	at com.kms.katalon.core.webui.keyword.builtin.ClickKeyword$_click_closure1.doCall(ClickKeyword.groovy:68)
	at com.kms.katalon.core.webui.keyword.builtin.ClickKeyword$_click_closure1.call(ClickKeyword.groovy)
	at com.kms.katalon.core.webui.keyword.internal.WebUIKeywordMain.runKeyword(WebUIKeywordMain.groovy:20)
	... 19 more


2021-05-30 11:27:17 - [TEST_STEP][PASSED] - callTestCase(findTestCase("Internal Test Cases/Successful Login"), ["Username":"", "Password":""], STOP_ON_FAILURE): Call Test Case 'Test Cases/Internal Test Cases/Successful Login' successfully

2021-05-30 11:27:17 - [TEST_CASE][PASSED] - Test Cases/Internal Test Cases/Successful Login: Test Cases/Internal Test Cases/Successful Login

2021-05-30 11:27:17 - [TEST_STEP][PASSED] - openBrowser(""): Browser is opened with url: ''

2021-05-30 11:27:17 - [MESSAGE][INFO] - Starting 'Chrome' driver

2021-05-30 11:27:17 - [MESSAGE][INFO] - Action delay is set to 0 milliseconds

2021-05-30 11:27:19 - [MESSAGE][PASSED] - Browser is opened with url: ''

2021-05-30 11:27:19 - [TEST_STEP][PASSED] - navigateToUrl("https://chudenangcao2021.cf/"): Navigate to 'https://chudenangcao2021.cf/' successfully

2021-05-30 11:27:19 - [MESSAGE][PASSED] - Navigate to 'https://chudenangcao2021.cf/' successfully

2021-05-30 11:27:19 - [TEST_STEP][PASSED] - setText(findTestObject("Object Repository/Page_Mattermost/input_All team communication in one place, _dcc84b"), findTestData("Internal/Internal Login Data").getValue(1, 1)): Text 'nguyenvanb' is set on object 'Object Repository/Page_Mattermost/input_All team communication in one place, _dcc84b'

2021-05-30 11:27:21 - [MESSAGE][PASSED] - Text 'nguyenvanb' is set on object 'Object Repository/Page_Mattermost/input_All team communication in one place, _dcc84b'

2021-05-30 11:27:21 - [TEST_STEP][PASSED] - setEncryptedText(findTestObject("Object Repository/Page_Mattermost/input_All team communication in one place, _a3edc6"), findTestData("Internal/Internal Login Data").getValue(2, 1)): Text ****** has been set on object 'Object Repository/Page_Mattermost/input_All team communication in one place, _a3edc6'

2021-05-30 11:27:21 - [MESSAGE][PASSED] - Text ****** has been set on object 'Object Repository/Page_Mattermost/input_All team communication in one place, _a3edc6'

2021-05-30 11:27:21 - [TEST_STEP][PASSED] - click(findTestObject("Object Repository/Page_Mattermost/button_Sign in")): Object: 'Object Repository/Page_Mattermost/button_Sign in' is clicked on

2021-05-30 11:27:22 - [MESSAGE][PASSED] - Object: 'Object Repository/Page_Mattermost/button_Sign in' is clicked on

2021-05-30 11:27:22 - [TEST_STEP][PASSED] - verifyLinksAccessible(["https://chudenangcao2021.cf/cdnc-cnpm-2021/channels"]): All links are accessible

2021-05-30 11:27:22 - [MESSAGE][INFO] - HAR: C:\Users\nttuan\Downloads\CDNC\mattermost-testing\Reports\20210530_111523\Run all test cases\20210530_111523\requests\main\43.har

2021-05-30 11:27:22 - [MESSAGE][PASSED] - Send request successfully

2021-05-30 11:27:22 - [MESSAGE][PASSED] - All links are accessible

2021-05-30 11:27:22 - [MESSAGE][PASSED] - Call Test Case 'Test Cases/Internal Test Cases/Successful Login' successfully

2021-05-30 11:27:22 - [TEST_STEP][FAILED] - for ([rowNum = 1, rowNum <= findTestData("Internal/Internal Username").getRowNumbers(), (rowNum++)]): Unable to click on object 'Object Repository/Account Setting/Page_TEST CHANNEL - TEAM NAME Mattermost/button_Close' (Root cause: com.kms.katalon.core.exception.StepFailedException: Unable to click on object 'Object Repository/Account Setting/Page_TEST CHANNEL - TEAM NAME Mattermost/button_Close'
	at com.kms.katalon.core.webui.keyword.internal.WebUIKeywordMain.stepFailed(WebUIKeywordMain.groovy:64)
	at com.kms.katalon.core.webui.keyword.internal.WebUIKeywordMain.runKeyword(WebUIKeywordMain.groovy:26)
	at com.kms.katalon.core.webui.keyword.builtin.ClickKeyword.click(ClickKeyword.groovy:75)
	at com.kms.katalon.core.webui.keyword.builtin.ClickKeyword.execute(ClickKeyword.groovy:42)
	at com.kms.katalon.core.keyword.internal.KeywordExecutor.executeKeywordForPlatform(KeywordExecutor.groovy:73)
	at com.kms.katalon.core.webui.keyword.WebUiBuiltInKeywords.click(WebUiBuiltInKeywords.groovy:619)
	at com.kms.katalon.core.webui.keyword.WebUiBuiltInKeywords$click$2.call(Unknown Source)
	at EditUsername.run(EditUsername:37)
	at com.kms.katalon.core.main.ScriptEngine.run(ScriptEngine.java:194)
	at com.kms.katalon.core.main.ScriptEngine.runScriptAsRawText(ScriptEngine.java:119)
	at com.kms.katalon.core.main.TestCaseExecutor.runScript(TestCaseExecutor.java:398)
	at com.kms.katalon.core.main.TestCaseExecutor.doExecute(TestCaseExecutor.java:389)
	at com.kms.katalon.core.main.TestCaseExecutor.processExecutionPhase(TestCaseExecutor.java:368)
	at com.kms.katalon.core.main.TestCaseExecutor.accessMainPhase(TestCaseExecutor.java:360)
	at com.kms.katalon.core.main.TestCaseExecutor.execute(TestCaseExecutor.java:255)
	at com.kms.katalon.core.main.TestSuiteExecutor.accessTestCaseMainPhase(TestSuiteExecutor.java:203)
	at com.kms.katalon.core.main.TestSuiteExecutor.accessTestSuiteMainPhase(TestSuiteExecutor.java:152)
	at com.kms.katalon.core.main.TestSuiteExecutor.execute(TestSuiteExecutor.java:95)
	at com.kms.katalon.core.main.TestCaseMain.startTestSuite(TestCaseMain.java:157)
	at com.kms.katalon.core.main.TestCaseMain$startTestSuite$0.call(Unknown Source)
	at TempTestSuite1622373323128.run(TempTestSuite1622373323128.groovy:39)
Caused by: org.openqa.selenium.ElementClickInterceptedException: element click intercepted: Element <button type="button" aria-label="emoji picker" class="emoji-picker__container post-action">...</button> is not clickable at point (996, 520). Other element would receive the click: <div id="accountSettingsModal" role="dialog" aria-labelledby="accountSettingsModalLabel" tabindex="-1" class="fade in modal" style="display: block;">...</div>
  (Session info: chrome=91.0.4472.77)
Build info: version: '3.141.59', revision: 'e82be7d358', time: '2018-11-14T08:25:53'
System info: host: 'WIN-SERVER-2019', ip: '10.1.0.4', os.name: 'Windows Server 2019', os.arch: 'amd64', os.version: '10.0', java.version: '1.8.0_282'
Driver info: com.kms.katalon.selenium.driver.CChromeDriver
Capabilities {acceptInsecureCerts: false, browserName: chrome, browserVersion: 91.0.4472.77, chrome: {chromedriverVersion: 90.0.4430.24 (4c6d850f087da..., userDataDir: C:\Users\nttuan\AppData\Loc...}, goog:chromeOptions: {debuggerAddress: localhost:64462}, javascriptEnabled: true, networkConnectionEnabled: false, pageLoadStrategy: normal, platform: WINDOWS, platformName: WINDOWS, proxy: Proxy(), setWindowRect: true, strictFileInteractability: false, timeouts: {implicit: 0, pageLoad: 300000, script: 30000}, unhandledPromptBehavior: dismiss and notify, webauthn:extension:largeBlob: true, webauthn:virtualAuthenticators: true}
Session ID: 21c3f1440fa2bcc8da51446af9ac5e7d
	at org.openqa.selenium.remote.http.W3CHttpResponseCodec.createException(W3CHttpResponseCodec.java:187)
	at org.openqa.selenium.remote.http.W3CHttpResponseCodec.decode(W3CHttpResponseCodec.java:122)
	at org.openqa.selenium.remote.http.W3CHttpResponseCodec.decode(W3CHttpResponseCodec.java:49)
	at org.openqa.selenium.remote.HttpCommandExecutor.execute(HttpCommandExecutor.java:158)
	at org.openqa.selenium.remote.service.DriverCommandExecutor.execute(DriverCommandExecutor.java:83)
	at org.openqa.selenium.remote.RemoteWebDriver.execute(RemoteWebDriver.java:552)
	at com.kms.katalon.selenium.driver.CChromeDriver.execute(CChromeDriver.java:19)
	at org.openqa.selenium.remote.RemoteWebElement.execute(RemoteWebElement.java:285)
	at org.openqa.selenium.remote.RemoteWebElement.click(RemoteWebElement.java:84)
	at org.openqa.selenium.support.events.EventFiringWebDriver$EventFiringWebElement.lambda$new$0(EventFiringWebDriver.java:404)
	at com.sun.proxy.$Proxy17.click(Unknown Source)
	at org.openqa.selenium.support.events.EventFiringWebDriver$EventFiringWebElement.click(EventFiringWebDriver.java:417)
	at com.kms.katalon.core.webui.keyword.builtin.ClickKeyword$_click_closure1.doCall(ClickKeyword.groovy:68)
	at com.kms.katalon.core.webui.keyword.builtin.ClickKeyword$_click_closure1.call(ClickKeyword.groovy)
	at com.kms.katalon.core.webui.keyword.internal.WebUIKeywordMain.runKeyword(WebUIKeywordMain.groovy:20)
	at com.kms.katalon.core.webui.keyword.builtin.ClickKeyword.click(ClickKeyword.groovy:75)
	at com.kms.katalon.core.webui.keyword.builtin.ClickKeyword.execute(ClickKeyword.groovy:42)
	at com.kms.katalon.core.keyword.internal.KeywordExecutor.executeKeywordForPlatform(KeywordExecutor.groovy:73)
	at com.kms.katalon.core.webui.keyword.WebUiBuiltInKeywords.click(WebUiBuiltInKeywords.groovy:619)
	at com.kms.katalon.core.webui.keyword.WebUiBuiltInKeywords$click$2.call(Unknown Source)
	at Script1622086894332.run(Script1622086894332.groovy:37)
	... 13 more
)

2021-05-30 11:27:22 - [TEST_STEP][PASSED] - click(findTestObject("Object Repository/Account Setting/Page_TEST CHANNEL - TEAM NAME Mattermost/span")): Object: 'Object Repository/Account Setting/Page_TEST CHANNEL - TEAM NAME Mattermost/span' is clicked on

2021-05-30 11:27:23 - [MESSAGE][PASSED] - Object: 'Object Repository/Account Setting/Page_TEST CHANNEL - TEAM NAME Mattermost/span' is clicked on

2021-05-30 11:27:23 - [TEST_STEP][PASSED] - click(findTestObject("Object Repository/Account Setting/Page_TEST CHANNEL - TEAM NAME Mattermost/button_Account Settings")): Object: 'Object Repository/Account Setting/Page_TEST CHANNEL - TEAM NAME Mattermost/button_Account Settings' is clicked on

2021-05-30 11:27:24 - [MESSAGE][PASSED] - Object: 'Object Repository/Account Setting/Page_TEST CHANNEL - TEAM NAME Mattermost/button_Account Settings' is clicked on

2021-05-30 11:27:24 - [TEST_STEP][PASSED] - click(findTestObject("Object Repository/Account Setting/Page_TEST CHANNEL - TEAM NAME Mattermost/span_Edit")): Object: 'Object Repository/Account Setting/Page_TEST CHANNEL - TEAM NAME Mattermost/span_Edit' is clicked on

2021-05-30 11:27:25 - [MESSAGE][PASSED] - Object: 'Object Repository/Account Setting/Page_TEST CHANNEL - TEAM NAME Mattermost/span_Edit' is clicked on

2021-05-30 11:27:25 - [TEST_STEP][PASSED] - click(findTestObject("Object Repository/Account Setting/Page_TEST CHANNEL - TEAM NAME Mattermost/div_Username_col-sm-7")): Object: 'Object Repository/Account Setting/Page_TEST CHANNEL - TEAM NAME Mattermost/div_Username_col-sm-7' is clicked on

2021-05-30 11:27:25 - [MESSAGE][PASSED] - Object: 'Object Repository/Account Setting/Page_TEST CHANNEL - TEAM NAME Mattermost/div_Username_col-sm-7' is clicked on

2021-05-30 11:27:25 - [TEST_STEP][PASSED] - setText(findTestObject("Object Repository/Account Setting/Page_TEST CHANNEL - TEAM NAME Mattermost/input_Username_username"), findTestData("Internal/Internal Username").getValue(1, rowNum)): Text 'Minhvu' is set on object 'Object Repository/Account Setting/Page_TEST CHANNEL - TEAM NAME Mattermost/input_Username_username'

2021-05-30 11:27:56 - [MESSAGE][INFO] - Unable to find the element located by 'By.xpath: //input[@id='username']'. Please recheck the objects properties to make sure the desired element is located. 

2021-05-30 11:27:56 - [MESSAGE][WARNING] - [SELF-HEALING] Failed to find element with id 'Object Repository/Account Setting/Page_TEST CHANNEL - TEAM NAME Mattermost/input_Username_username'. Try using Self-healing.

2021-05-30 11:27:57 - [MESSAGE][WARNING] - [SELF-HEALING] The current locator of test object 'Object Repository/Account Setting/Page_TEST CHANNEL - TEAM NAME Mattermost/input_Username_username' was broken. Propose an alternative one: '//div[@id='generalSettings']/div[2]/section/div/div/div/div/div/input'.

2021-05-30 11:28:28 - [MESSAGE][INFO] - Unable to find the element located by 'By.xpath: //input[@id='username']'. Please recheck the objects properties to make sure the desired element is located. 

2021-05-30 11:28:28 - [MESSAGE][WARNING] - [SELF-HEALING] Failed to find element with id 'Object Repository/Account Setting/Page_TEST CHANNEL - TEAM NAME Mattermost/input_Username_username'. Try using Self-healing.

2021-05-30 11:28:28 - [MESSAGE][WARNING] - [SELF-HEALING] The current locator of test object 'Object Repository/Account Setting/Page_TEST CHANNEL - TEAM NAME Mattermost/input_Username_username' was broken. Propose an alternative one: '//div[@id='generalSettings']/div[2]/section/div/div/div/div/div/input'.

2021-05-30 11:28:28 - [MESSAGE][PASSED] - Text 'Minhvu' is set on object 'Object Repository/Account Setting/Page_TEST CHANNEL - TEAM NAME Mattermost/input_Username_username'

2021-05-30 11:28:28 - [TEST_STEP][PASSED] - click(findTestObject("Object Repository/Account Setting/Page_TEST CHANNEL - TEAM NAME Mattermost/button_Save")): Object: 'Object Repository/Account Setting/Page_TEST CHANNEL - TEAM NAME Mattermost/button_Save' is clicked on

2021-05-30 11:28:29 - [MESSAGE][PASSED] - Object: 'Object Repository/Account Setting/Page_TEST CHANNEL - TEAM NAME Mattermost/button_Save' is clicked on

2021-05-30 11:28:29 - [TEST_STEP][FAILED] - click(findTestObject("Object Repository/Account Setting/Page_TEST CHANNEL - TEAM NAME Mattermost/button_Close")): Unable to click on object 'Object Repository/Account Setting/Page_TEST CHANNEL - TEAM NAME Mattermost/button_Close' (Root cause: com.kms.katalon.core.exception.StepFailedException: Unable to click on object 'Object Repository/Account Setting/Page_TEST CHANNEL - TEAM NAME Mattermost/button_Close'
	at com.kms.katalon.core.webui.keyword.internal.WebUIKeywordMain.stepFailed(WebUIKeywordMain.groovy:64)
	at com.kms.katalon.core.webui.keyword.internal.WebUIKeywordMain.runKeyword(WebUIKeywordMain.groovy:26)
	at com.kms.katalon.core.webui.keyword.builtin.ClickKeyword.click(ClickKeyword.groovy:75)
	at com.kms.katalon.core.webui.keyword.builtin.ClickKeyword.execute(ClickKeyword.groovy:42)
	at com.kms.katalon.core.keyword.internal.KeywordExecutor.executeKeywordForPlatform(KeywordExecutor.groovy:73)
	at com.kms.katalon.core.webui.keyword.WebUiBuiltInKeywords.click(WebUiBuiltInKeywords.groovy:619)
	at com.kms.katalon.core.webui.keyword.WebUiBuiltInKeywords$click$2.call(Unknown Source)
	at EditUsername.run(EditUsername:37)
	at com.kms.katalon.core.main.ScriptEngine.run(ScriptEngine.java:194)
	at com.kms.katalon.core.main.ScriptEngine.runScriptAsRawText(ScriptEngine.java:119)
	at com.kms.katalon.core.main.TestCaseExecutor.runScript(TestCaseExecutor.java:398)
	at com.kms.katalon.core.main.TestCaseExecutor.doExecute(TestCaseExecutor.java:389)
	at com.kms.katalon.core.main.TestCaseExecutor.processExecutionPhase(TestCaseExecutor.java:368)
	at com.kms.katalon.core.main.TestCaseExecutor.accessMainPhase(TestCaseExecutor.java:360)
	at com.kms.katalon.core.main.TestCaseExecutor.execute(TestCaseExecutor.java:255)
	at com.kms.katalon.core.main.TestSuiteExecutor.accessTestCaseMainPhase(TestSuiteExecutor.java:203)
	at com.kms.katalon.core.main.TestSuiteExecutor.accessTestSuiteMainPhase(TestSuiteExecutor.java:152)
	at com.kms.katalon.core.main.TestSuiteExecutor.execute(TestSuiteExecutor.java:95)
	at com.kms.katalon.core.main.TestCaseMain.startTestSuite(TestCaseMain.java:157)
	at com.kms.katalon.core.main.TestCaseMain$startTestSuite$0.call(Unknown Source)
	at TempTestSuite1622373323128.run(TempTestSuite1622373323128.groovy:39)
Caused by: org.openqa.selenium.ElementClickInterceptedException: element click intercepted: Element <button type="button" aria-label="emoji picker" class="emoji-picker__container post-action">...</button> is not clickable at point (996, 520). Other element would receive the click: <div id="accountSettingsModal" role="dialog" aria-labelledby="accountSettingsModalLabel" tabindex="-1" class="fade in modal" style="display: block;">...</div>
  (Session info: chrome=91.0.4472.77)
Build info: version: '3.141.59', revision: 'e82be7d358', time: '2018-11-14T08:25:53'
System info: host: 'WIN-SERVER-2019', ip: '10.1.0.4', os.name: 'Windows Server 2019', os.arch: 'amd64', os.version: '10.0', java.version: '1.8.0_282'
Driver info: com.kms.katalon.selenium.driver.CChromeDriver
Capabilities {acceptInsecureCerts: false, browserName: chrome, browserVersion: 91.0.4472.77, chrome: {chromedriverVersion: 90.0.4430.24 (4c6d850f087da..., userDataDir: C:\Users\nttuan\AppData\Loc...}, goog:chromeOptions: {debuggerAddress: localhost:64462}, javascriptEnabled: true, networkConnectionEnabled: false, pageLoadStrategy: normal, platform: WINDOWS, platformName: WINDOWS, proxy: Proxy(), setWindowRect: true, strictFileInteractability: false, timeouts: {implicit: 0, pageLoad: 300000, script: 30000}, unhandledPromptBehavior: dismiss and notify, webauthn:extension:largeBlob: true, webauthn:virtualAuthenticators: true}
Session ID: 21c3f1440fa2bcc8da51446af9ac5e7d
	at org.openqa.selenium.remote.http.W3CHttpResponseCodec.createException(W3CHttpResponseCodec.java:187)
	at org.openqa.selenium.remote.http.W3CHttpResponseCodec.decode(W3CHttpResponseCodec.java:122)
	at org.openqa.selenium.remote.http.W3CHttpResponseCodec.decode(W3CHttpResponseCodec.java:49)
	at org.openqa.selenium.remote.HttpCommandExecutor.execute(HttpCommandExecutor.java:158)
	at org.openqa.selenium.remote.service.DriverCommandExecutor.execute(DriverCommandExecutor.java:83)
	at org.openqa.selenium.remote.RemoteWebDriver.execute(RemoteWebDriver.java:552)
	at com.kms.katalon.selenium.driver.CChromeDriver.execute(CChromeDriver.java:19)
	at org.openqa.selenium.remote.RemoteWebElement.execute(RemoteWebElement.java:285)
	at org.openqa.selenium.remote.RemoteWebElement.click(RemoteWebElement.java:84)
	at org.openqa.selenium.support.events.EventFiringWebDriver$EventFiringWebElement.lambda$new$0(EventFiringWebDriver.java:404)
	at com.sun.proxy.$Proxy17.click(Unknown Source)
	at org.openqa.selenium.support.events.EventFiringWebDriver$EventFiringWebElement.click(EventFiringWebDriver.java:417)
	at com.kms.katalon.core.webui.keyword.builtin.ClickKeyword$_click_closure1.doCall(ClickKeyword.groovy:68)
	at com.kms.katalon.core.webui.keyword.builtin.ClickKeyword$_click_closure1.call(ClickKeyword.groovy)
	at com.kms.katalon.core.webui.keyword.internal.WebUIKeywordMain.runKeyword(WebUIKeywordMain.groovy:20)
	at com.kms.katalon.core.webui.keyword.builtin.ClickKeyword.click(ClickKeyword.groovy:75)
	at com.kms.katalon.core.webui.keyword.builtin.ClickKeyword.execute(ClickKeyword.groovy:42)
	at com.kms.katalon.core.keyword.internal.KeywordExecutor.executeKeywordForPlatform(KeywordExecutor.groovy:73)
	at com.kms.katalon.core.webui.keyword.WebUiBuiltInKeywords.click(WebUiBuiltInKeywords.groovy:619)
	at com.kms.katalon.core.webui.keyword.WebUiBuiltInKeywords$click$2.call(Unknown Source)
	at Script1622086894332.run(Script1622086894332.groovy:37)
	... 13 more
)

2021-05-30 11:28:30 - [MESSAGE][FAILED] - Unable to click on object 'Object Repository/Account Setting/Page_TEST CHANNEL - TEAM NAME Mattermost/button_Close' (Root cause: com.kms.katalon.core.exception.StepFailedException: Unable to click on object 'Object Repository/Account Setting/Page_TEST CHANNEL - TEAM NAME Mattermost/button_Close'
	at com.kms.katalon.core.webui.keyword.internal.WebUIKeywordMain.stepFailed(WebUIKeywordMain.groovy:64)
	at com.kms.katalon.core.webui.keyword.internal.WebUIKeywordMain.runKeyword(WebUIKeywordMain.groovy:26)
	at com.kms.katalon.core.webui.keyword.builtin.ClickKeyword.click(ClickKeyword.groovy:75)
	at com.kms.katalon.core.webui.keyword.builtin.ClickKeyword.execute(ClickKeyword.groovy:42)
	at com.kms.katalon.core.keyword.internal.KeywordExecutor.executeKeywordForPlatform(KeywordExecutor.groovy:73)
	at com.kms.katalon.core.webui.keyword.WebUiBuiltInKeywords.click(WebUiBuiltInKeywords.groovy:619)
	at com.kms.katalon.core.webui.keyword.WebUiBuiltInKeywords$click$2.call(Unknown Source)
	at EditUsername.run(EditUsername:37)
	at com.kms.katalon.core.main.ScriptEngine.run(ScriptEngine.java:194)
	at com.kms.katalon.core.main.ScriptEngine.runScriptAsRawText(ScriptEngine.java:119)
	at com.kms.katalon.core.main.TestCaseExecutor.runScript(TestCaseExecutor.java:398)
	at com.kms.katalon.core.main.TestCaseExecutor.doExecute(TestCaseExecutor.java:389)
	at com.kms.katalon.core.main.TestCaseExecutor.processExecutionPhase(TestCaseExecutor.java:368)
	at com.kms.katalon.core.main.TestCaseExecutor.accessMainPhase(TestCaseExecutor.java:360)
	at com.kms.katalon.core.main.TestCaseExecutor.execute(TestCaseExecutor.java:255)
	at com.kms.katalon.core.main.TestSuiteExecutor.accessTestCaseMainPhase(TestSuiteExecutor.java:203)
	at com.kms.katalon.core.main.TestSuiteExecutor.accessTestSuiteMainPhase(TestSuiteExecutor.java:152)
	at com.kms.katalon.core.main.TestSuiteExecutor.execute(TestSuiteExecutor.java:95)
	at com.kms.katalon.core.main.TestCaseMain.startTestSuite(TestCaseMain.java:157)
	at com.kms.katalon.core.main.TestCaseMain$startTestSuite$0.call(Unknown Source)
	at TempTestSuite1622373323128.run(TempTestSuite1622373323128.groovy:39)
Caused by: org.openqa.selenium.ElementClickInterceptedException: element click intercepted: Element <button type="button" aria-label="emoji picker" class="emoji-picker__container post-action">...</button> is not clickable at point (996, 520). Other element would receive the click: <div id="accountSettingsModal" role="dialog" aria-labelledby="accountSettingsModalLabel" tabindex="-1" class="fade in modal" style="display: block;">...</div>
  (Session info: chrome=91.0.4472.77)
Build info: version: '3.141.59', revision: 'e82be7d358', time: '2018-11-14T08:25:53'
System info: host: 'WIN-SERVER-2019', ip: '10.1.0.4', os.name: 'Windows Server 2019', os.arch: 'amd64', os.version: '10.0', java.version: '1.8.0_282'
Driver info: com.kms.katalon.selenium.driver.CChromeDriver
Capabilities {acceptInsecureCerts: false, browserName: chrome, browserVersion: 91.0.4472.77, chrome: {chromedriverVersion: 90.0.4430.24 (4c6d850f087da..., userDataDir: C:\Users\nttuan\AppData\Loc...}, goog:chromeOptions: {debuggerAddress: localhost:64462}, javascriptEnabled: true, networkConnectionEnabled: false, pageLoadStrategy: normal, platform: WINDOWS, platformName: WINDOWS, proxy: Proxy(), setWindowRect: true, strictFileInteractability: false, timeouts: {implicit: 0, pageLoad: 300000, script: 30000}, unhandledPromptBehavior: dismiss and notify, webauthn:extension:largeBlob: true, webauthn:virtualAuthenticators: true}
Session ID: 21c3f1440fa2bcc8da51446af9ac5e7d
	at org.openqa.selenium.remote.http.W3CHttpResponseCodec.createException(W3CHttpResponseCodec.java:187)
	at org.openqa.selenium.remote.http.W3CHttpResponseCodec.decode(W3CHttpResponseCodec.java:122)
	at org.openqa.selenium.remote.http.W3CHttpResponseCodec.decode(W3CHttpResponseCodec.java:49)
	at org.openqa.selenium.remote.HttpCommandExecutor.execute(HttpCommandExecutor.java:158)
	at org.openqa.selenium.remote.service.DriverCommandExecutor.execute(DriverCommandExecutor.java:83)
	at org.openqa.selenium.remote.RemoteWebDriver.execute(RemoteWebDriver.java:552)
	at com.kms.katalon.selenium.driver.CChromeDriver.execute(CChromeDriver.java:19)
	at org.openqa.selenium.remote.RemoteWebElement.execute(RemoteWebElement.java:285)
	at org.openqa.selenium.remote.RemoteWebElement.click(RemoteWebElement.java:84)
	at org.openqa.selenium.support.events.EventFiringWebDriver$EventFiringWebElement.lambda$new$0(EventFiringWebDriver.java:404)
	at com.sun.proxy.$Proxy17.click(Unknown Source)
	at org.openqa.selenium.support.events.EventFiringWebDriver$EventFiringWebElement.click(EventFiringWebDriver.java:417)
	at com.kms.katalon.core.webui.keyword.builtin.ClickKeyword$_click_closure1.doCall(ClickKeyword.groovy:68)
	at com.kms.katalon.core.webui.keyword.builtin.ClickKeyword$_click_closure1.call(ClickKeyword.groovy)
	at com.kms.katalon.core.webui.keyword.internal.WebUIKeywordMain.runKeyword(WebUIKeywordMain.groovy:20)
	at com.kms.katalon.core.webui.keyword.builtin.ClickKeyword.click(ClickKeyword.groovy:75)
	at com.kms.katalon.core.webui.keyword.builtin.ClickKeyword.execute(ClickKeyword.groovy:42)
	at com.kms.katalon.core.keyword.internal.KeywordExecutor.executeKeywordForPlatform(KeywordExecutor.groovy:73)
	at com.kms.katalon.core.webui.keyword.WebUiBuiltInKeywords.click(WebUiBuiltInKeywords.groovy:619)
	at com.kms.katalon.core.webui.keyword.WebUiBuiltInKeywords$click$2.call(Unknown Source)
	at Script1622086894332.run(Script1622086894332.groovy:37)
	... 13 more
)
[[ATTACHMENT|C:\\Users\\nttuan\\Downloads\\CDNC\\mattermost-testing\\Reports\\20210530_111523\\Run all test cases\\20210530_111523\\1622374110827.png]]]]></system-out>
         <system-err><![CDATA[2021-05-30 11:27:17 - [TEST_CASE][FAILED] - Test Cases/Internal Test Cases/EditUsername: Test Cases/Internal Test Cases/EditUsername FAILED.
Reason:
com.kms.katalon.core.exception.StepFailedException: Unable to click on object 'Object Repository/Account Setting/Page_TEST CHANNEL - TEAM NAME Mattermost/button_Close'
	at com.kms.katalon.core.webui.keyword.internal.WebUIKeywordMain.stepFailed(WebUIKeywordMain.groovy:64)
	at com.kms.katalon.core.webui.keyword.internal.WebUIKeywordMain.runKeyword(WebUIKeywordMain.groovy:26)
	at com.kms.katalon.core.webui.keyword.builtin.ClickKeyword.click(ClickKeyword.groovy:75)
	at com.kms.katalon.core.webui.keyword.builtin.ClickKeyword.execute(ClickKeyword.groovy:42)
	at com.kms.katalon.core.keyword.internal.KeywordExecutor.executeKeywordForPlatform(KeywordExecutor.groovy:73)
	at com.kms.katalon.core.webui.keyword.WebUiBuiltInKeywords.click(WebUiBuiltInKeywords.groovy:619)
	at com.kms.katalon.core.webui.keyword.WebUiBuiltInKeywords$click$2.call(Unknown Source)
	at EditUsername.run(EditUsername:37)
	at com.kms.katalon.core.main.ScriptEngine.run(ScriptEngine.java:194)
	at com.kms.katalon.core.main.ScriptEngine.runScriptAsRawText(ScriptEngine.java:119)
	at com.kms.katalon.core.main.TestCaseExecutor.runScript(TestCaseExecutor.java:398)
	at com.kms.katalon.core.main.TestCaseExecutor.doExecute(TestCaseExecutor.java:389)
	at com.kms.katalon.core.main.TestCaseExecutor.processExecutionPhase(TestCaseExecutor.java:368)
	at com.kms.katalon.core.main.TestCaseExecutor.accessMainPhase(TestCaseExecutor.java:360)
	at com.kms.katalon.core.main.TestCaseExecutor.execute(TestCaseExecutor.java:255)
	at com.kms.katalon.core.main.TestSuiteExecutor.accessTestCaseMainPhase(TestSuiteExecutor.java:203)
	at com.kms.katalon.core.main.TestSuiteExecutor.accessTestSuiteMainPhase(TestSuiteExecutor.java:152)
	at com.kms.katalon.core.main.TestSuiteExecutor.execute(TestSuiteExecutor.java:95)
	at com.kms.katalon.core.main.TestCaseMain.startTestSuite(TestCaseMain.java:157)
	at com.kms.katalon.core.main.TestCaseMain$startTestSuite$0.call(Unknown Source)
	at TempTestSuite1622373323128.run(TempTestSuite1622373323128.groovy:39)
Caused by: org.openqa.selenium.ElementClickInterceptedException: element click intercepted: Element <button type="button" aria-label="emoji picker" class="emoji-picker__container post-action">...</button> is not clickable at point (996, 520). Other element would receive the click: <div id="accountSettingsModal" role="dialog" aria-labelledby="accountSettingsModalLabel" tabindex="-1" class="fade in modal" style="display: block;">...</div>
  (Session info: chrome=91.0.4472.77)
Build info: version: '3.141.59', revision: 'e82be7d358', time: '2018-11-14T08:25:53'
System info: host: 'WIN-SERVER-2019', ip: '10.1.0.4', os.name: 'Windows Server 2019', os.arch: 'amd64', os.version: '10.0', java.version: '1.8.0_282'
Driver info: com.kms.katalon.selenium.driver.CChromeDriver
Capabilities {acceptInsecureCerts: false, browserName: chrome, browserVersion: 91.0.4472.77, chrome: {chromedriverVersion: 90.0.4430.24 (4c6d850f087da..., userDataDir: C:\Users\nttuan\AppData\Loc...}, goog:chromeOptions: {debuggerAddress: localhost:64462}, javascriptEnabled: true, networkConnectionEnabled: false, pageLoadStrategy: normal, platform: WINDOWS, platformName: WINDOWS, proxy: Proxy(), setWindowRect: true, strictFileInteractability: false, timeouts: {implicit: 0, pageLoad: 300000, script: 30000}, unhandledPromptBehavior: dismiss and notify, webauthn:extension:largeBlob: true, webauthn:virtualAuthenticators: true}
Session ID: 21c3f1440fa2bcc8da51446af9ac5e7d
	at org.openqa.selenium.remote.http.W3CHttpResponseCodec.createException(W3CHttpResponseCodec.java:187)
	at org.openqa.selenium.remote.http.W3CHttpResponseCodec.decode(W3CHttpResponseCodec.java:122)
	at org.openqa.selenium.remote.http.W3CHttpResponseCodec.decode(W3CHttpResponseCodec.java:49)
	at org.openqa.selenium.remote.HttpCommandExecutor.execute(HttpCommandExecutor.java:158)
	at org.openqa.selenium.remote.service.DriverCommandExecutor.execute(DriverCommandExecutor.java:83)
	at org.openqa.selenium.remote.RemoteWebDriver.execute(RemoteWebDriver.java:552)
	at com.kms.katalon.selenium.driver.CChromeDriver.execute(CChromeDriver.java:19)
	at org.openqa.selenium.remote.RemoteWebElement.execute(RemoteWebElement.java:285)
	at org.openqa.selenium.remote.RemoteWebElement.click(RemoteWebElement.java:84)
	at org.openqa.selenium.support.events.EventFiringWebDriver$EventFiringWebElement.lambda$new$0(EventFiringWebDriver.java:404)
	at com.sun.proxy.$Proxy17.click(Unknown Source)
	at org.openqa.selenium.support.events.EventFiringWebDriver$EventFiringWebElement.click(EventFiringWebDriver.java:417)
	at com.kms.katalon.core.webui.keyword.builtin.ClickKeyword$_click_closure1.doCall(ClickKeyword.groovy:68)
	at com.kms.katalon.core.webui.keyword.builtin.ClickKeyword$_click_closure1.call(ClickKeyword.groovy)
	at com.kms.katalon.core.webui.keyword.internal.WebUIKeywordMain.runKeyword(WebUIKeywordMain.groovy:20)
	... 19 more]]></system-err>
      </testcase>
      <testcase name="Test Cases/Internal Test Cases/FindChanelFailed" time="13.575" classname="Test Cases/Internal Test Cases/FindChanelFailed" status="PASSED">
         <system-out><![CDATA[2021-05-30 11:28:30 - [TEST_CASE][PASSED] - Test Cases/Internal Test Cases/FindChanelFailed: Test Cases/Internal Test Cases/FindChanelFailed

2021-05-30 11:28:31 - [TEST_STEP][PASSED] - callTestCase(findTestCase("Internal Test Cases/Successful Login"), ["Username":"", "Password":""], STOP_ON_FAILURE): Call Test Case 'Test Cases/Internal Test Cases/Successful Login' successfully

2021-05-30 11:28:31 - [TEST_CASE][PASSED] - Test Cases/Internal Test Cases/Successful Login: Test Cases/Internal Test Cases/Successful Login

2021-05-30 11:28:31 - [TEST_STEP][PASSED] - openBrowser(""): Browser is opened with url: ''

2021-05-30 11:28:31 - [MESSAGE][WARNING] - A browser is already opened. Closing browser and opening a new one

2021-05-30 11:28:31 - [MESSAGE][INFO] - Starting 'Chrome' driver

2021-05-30 11:28:31 - [MESSAGE][INFO] - Action delay is set to 0 milliseconds

2021-05-30 11:28:33 - [MESSAGE][PASSED] - Browser is opened with url: ''

2021-05-30 11:28:33 - [TEST_STEP][PASSED] - navigateToUrl("https://chudenangcao2021.cf/"): Navigate to 'https://chudenangcao2021.cf/' successfully

2021-05-30 11:28:33 - [MESSAGE][PASSED] - Navigate to 'https://chudenangcao2021.cf/' successfully

2021-05-30 11:28:33 - [TEST_STEP][PASSED] - setText(findTestObject("Object Repository/Page_Mattermost/input_All team communication in one place, _dcc84b"), findTestData("Internal/Internal Login Data").getValue(1, 1)): Text 'nguyenvanb' is set on object 'Object Repository/Page_Mattermost/input_All team communication in one place, _dcc84b'

2021-05-30 11:28:35 - [MESSAGE][PASSED] - Text 'nguyenvanb' is set on object 'Object Repository/Page_Mattermost/input_All team communication in one place, _dcc84b'

2021-05-30 11:28:35 - [TEST_STEP][PASSED] - setEncryptedText(findTestObject("Object Repository/Page_Mattermost/input_All team communication in one place, _a3edc6"), findTestData("Internal/Internal Login Data").getValue(2, 1)): Text ****** has been set on object 'Object Repository/Page_Mattermost/input_All team communication in one place, _a3edc6'

2021-05-30 11:28:35 - [MESSAGE][PASSED] - Text ****** has been set on object 'Object Repository/Page_Mattermost/input_All team communication in one place, _a3edc6'

2021-05-30 11:28:35 - [TEST_STEP][PASSED] - click(findTestObject("Object Repository/Page_Mattermost/button_Sign in")): Object: 'Object Repository/Page_Mattermost/button_Sign in' is clicked on

2021-05-30 11:28:36 - [MESSAGE][PASSED] - Object: 'Object Repository/Page_Mattermost/button_Sign in' is clicked on

2021-05-30 11:28:36 - [TEST_STEP][PASSED] - verifyLinksAccessible(["https://chudenangcao2021.cf/cdnc-cnpm-2021/channels"]): All links are accessible

2021-05-30 11:28:36 - [MESSAGE][INFO] - HAR: C:\Users\nttuan\Downloads\CDNC\mattermost-testing\Reports\20210530_111523\Run all test cases\20210530_111523\requests\main\44.har

2021-05-30 11:28:36 - [MESSAGE][PASSED] - Send request successfully

2021-05-30 11:28:36 - [MESSAGE][PASSED] - All links are accessible

2021-05-30 11:28:36 - [MESSAGE][PASSED] - Call Test Case 'Test Cases/Internal Test Cases/Successful Login' successfully

2021-05-30 11:28:36 - [TEST_STEP][PASSED] - click(findTestObject("Object Repository/Page_Town Square - TEAM NAME Mattermost/span_Find channel")): Object: 'Object Repository/Page_Town Square - TEAM NAME Mattermost/span_Find channel' is clicked on

2021-05-30 11:28:38 - [MESSAGE][PASSED] - Object: 'Object Repository/Page_Town Square - TEAM NAME Mattermost/span_Find channel' is clicked on

2021-05-30 11:28:38 - [TEST_STEP][PASSED] - for ([rowNum = 1, rowNum <= findTestData("Internal/Internal Name Channel Fail").getRowNumbers(), (rowNum++)]): Text 'Nhom5' is set on object 'Object Repository/Page_Town Square - TEAM NAME Mattermost/input_ESC_quickSwitchInput'

2021-05-30 11:28:38 - [TEST_STEP][PASSED] - setText(findTestObject("Page_Town Square - TEAM NAME Mattermost/input_ESC_quickSwitchInput"), findTestData("Internal/Internal Name Channel Fail").getValue(1, rowNum)): Text 'Nhom1' is set on object 'Object Repository/Page_Town Square - TEAM NAME Mattermost/input_ESC_quickSwitchInput'

2021-05-30 11:28:39 - [MESSAGE][PASSED] - Text 'Nhom1' is set on object 'Object Repository/Page_Town Square - TEAM NAME Mattermost/input_ESC_quickSwitchInput'

2021-05-30 11:28:39 - [TEST_STEP][PASSED] - setText(findTestObject("Page_Town Square - TEAM NAME Mattermost/input_ESC_quickSwitchInput"), findTestData("Internal/Internal Name Channel Fail").getValue(1, rowNum)): Text 'Nhom2' is set on object 'Object Repository/Page_Town Square - TEAM NAME Mattermost/input_ESC_quickSwitchInput'

2021-05-30 11:28:40 - [MESSAGE][PASSED] - Text 'Nhom2' is set on object 'Object Repository/Page_Town Square - TEAM NAME Mattermost/input_ESC_quickSwitchInput'

2021-05-30 11:28:40 - [TEST_STEP][PASSED] - setText(findTestObject("Page_Town Square - TEAM NAME Mattermost/input_ESC_quickSwitchInput"), findTestData("Internal/Internal Name Channel Fail").getValue(1, rowNum)): Text 'Nhom3' is set on object 'Object Repository/Page_Town Square - TEAM NAME Mattermost/input_ESC_quickSwitchInput'

2021-05-30 11:28:40 - [MESSAGE][PASSED] - Text 'Nhom3' is set on object 'Object Repository/Page_Town Square - TEAM NAME Mattermost/input_ESC_quickSwitchInput'

2021-05-30 11:28:40 - [TEST_STEP][PASSED] - setText(findTestObject("Page_Town Square - TEAM NAME Mattermost/input_ESC_quickSwitchInput"), findTestData("Internal/Internal Name Channel Fail").getValue(1, rowNum)): Text 'Nhom4' is set on object 'Object Repository/Page_Town Square - TEAM NAME Mattermost/input_ESC_quickSwitchInput'

2021-05-30 11:28:41 - [MESSAGE][PASSED] - Text 'Nhom4' is set on object 'Object Repository/Page_Town Square - TEAM NAME Mattermost/input_ESC_quickSwitchInput'

2021-05-30 11:28:41 - [TEST_STEP][PASSED] - setText(findTestObject("Page_Town Square - TEAM NAME Mattermost/input_ESC_quickSwitchInput"), findTestData("Internal/Internal Name Channel Fail").getValue(1, rowNum)): Text 'Nhom5' is set on object 'Object Repository/Page_Town Square - TEAM NAME Mattermost/input_ESC_quickSwitchInput'

2021-05-30 11:28:42 - [MESSAGE][PASSED] - Text 'Nhom5' is set on object 'Object Repository/Page_Town Square - TEAM NAME Mattermost/input_ESC_quickSwitchInput'

2021-05-30 11:28:42 - [TEST_STEP][PASSED] - verifyTextPresent("Check the spelling or try another search", false): Text 'Check the spelling or try another search' is present on page 

2021-05-30 11:28:43 - [MESSAGE][PASSED] - Text 'Check the spelling or try another search' is present on page 

2021-05-30 11:28:43 - [TEST_STEP][PASSED] - closeBrowser(): Browser is closed

2021-05-30 11:28:44 - [MESSAGE][PASSED] - Browser is closed]]></system-out>
         <system-err><![CDATA[]]></system-err>
      </testcase>
      <testcase name="Test Cases/Internal Test Cases/FindChanelSuccess" time="11.878" classname="Test Cases/Internal Test Cases/FindChanelSuccess" status="PASSED">
         <system-out><![CDATA[2021-05-30 11:28:44 - [TEST_CASE][PASSED] - Test Cases/Internal Test Cases/FindChanelSuccess: Test Cases/Internal Test Cases/FindChanelSuccess

2021-05-30 11:28:44 - [TEST_STEP][PASSED] - callTestCase(findTestCase("Internal Test Cases/Successful Login"), ["Username":"", "Password":""], STOP_ON_FAILURE): Call Test Case 'Test Cases/Internal Test Cases/Successful Login' successfully

2021-05-30 11:28:44 - [TEST_CASE][PASSED] - Test Cases/Internal Test Cases/Successful Login: Test Cases/Internal Test Cases/Successful Login

2021-05-30 11:28:44 - [TEST_STEP][PASSED] - openBrowser(""): Browser is opened with url: ''

2021-05-30 11:28:44 - [MESSAGE][INFO] - Starting 'Chrome' driver

2021-05-30 11:28:44 - [MESSAGE][INFO] - Action delay is set to 0 milliseconds

2021-05-30 11:28:46 - [MESSAGE][PASSED] - Browser is opened with url: ''

2021-05-30 11:28:46 - [TEST_STEP][PASSED] - navigateToUrl("https://chudenangcao2021.cf/"): Navigate to 'https://chudenangcao2021.cf/' successfully

2021-05-30 11:28:46 - [MESSAGE][PASSED] - Navigate to 'https://chudenangcao2021.cf/' successfully

2021-05-30 11:28:46 - [TEST_STEP][PASSED] - setText(findTestObject("Object Repository/Page_Mattermost/input_All team communication in one place, _dcc84b"), findTestData("Internal/Internal Login Data").getValue(1, 1)): Text 'nguyenvanb' is set on object 'Object Repository/Page_Mattermost/input_All team communication in one place, _dcc84b'

2021-05-30 11:28:48 - [MESSAGE][PASSED] - Text 'nguyenvanb' is set on object 'Object Repository/Page_Mattermost/input_All team communication in one place, _dcc84b'

2021-05-30 11:28:48 - [TEST_STEP][PASSED] - setEncryptedText(findTestObject("Object Repository/Page_Mattermost/input_All team communication in one place, _a3edc6"), findTestData("Internal/Internal Login Data").getValue(2, 1)): Text ****** has been set on object 'Object Repository/Page_Mattermost/input_All team communication in one place, _a3edc6'

2021-05-30 11:28:48 - [MESSAGE][PASSED] - Text ****** has been set on object 'Object Repository/Page_Mattermost/input_All team communication in one place, _a3edc6'

2021-05-30 11:28:48 - [TEST_STEP][PASSED] - click(findTestObject("Object Repository/Page_Mattermost/button_Sign in")): Object: 'Object Repository/Page_Mattermost/button_Sign in' is clicked on

2021-05-30 11:28:49 - [MESSAGE][PASSED] - Object: 'Object Repository/Page_Mattermost/button_Sign in' is clicked on

2021-05-30 11:28:49 - [TEST_STEP][PASSED] - verifyLinksAccessible(["https://chudenangcao2021.cf/cdnc-cnpm-2021/channels"]): All links are accessible

2021-05-30 11:28:49 - [MESSAGE][INFO] - HAR: C:\Users\nttuan\Downloads\CDNC\mattermost-testing\Reports\20210530_111523\Run all test cases\20210530_111523\requests\main\45.har

2021-05-30 11:28:49 - [MESSAGE][PASSED] - Send request successfully

2021-05-30 11:28:49 - [MESSAGE][PASSED] - All links are accessible

2021-05-30 11:28:49 - [MESSAGE][PASSED] - Call Test Case 'Test Cases/Internal Test Cases/Successful Login' successfully

2021-05-30 11:28:49 - [TEST_STEP][PASSED] - click(findTestObject("Object Repository/Find chanel/Page_span_Town Square - Team 1 Mattermost/span_Find channel")): Object: 'Object Repository/Find chanel/Page_span_Town Square - Team 1 Mattermost/span_Find channel' is clicked on

2021-05-30 11:28:51 - [MESSAGE][PASSED] - Object: 'Object Repository/Find chanel/Page_span_Town Square - Team 1 Mattermost/span_Find channel' is clicked on

2021-05-30 11:28:51 - [TEST_STEP][PASSED] - for ([rowNum = 1, rowNum <= findTestData("Internal/Internal Name Channel").getRowNumbers(), (rowNum++)]): Text 'new channel' is set on object 'Object Repository/Find chanel/Page_span_Town Square - Team 1 Mattermost/input_ESC_quickSwitchInput'

2021-05-30 11:28:51 - [TEST_STEP][PASSED] - setText(findTestObject("Object Repository/Find chanel/Page_span_Town Square - Team 1 Mattermost/input_ESC_quickSwitchInput"), findTestData("Internal/Internal Name Channel").getValue(1, rowNum)): Text 'Channel1' is set on object 'Object Repository/Find chanel/Page_span_Town Square - Team 1 Mattermost/input_ESC_quickSwitchInput'

2021-05-30 11:28:52 - [MESSAGE][PASSED] - Text 'Channel1' is set on object 'Object Repository/Find chanel/Page_span_Town Square - Team 1 Mattermost/input_ESC_quickSwitchInput'

2021-05-30 11:28:52 - [TEST_STEP][PASSED] - setText(findTestObject("Object Repository/Find chanel/Page_span_Town Square - Team 1 Mattermost/input_ESC_quickSwitchInput"), findTestData("Internal/Internal Name Channel").getValue(1, rowNum)): Text 'Channel2' is set on object 'Object Repository/Find chanel/Page_span_Town Square - Team 1 Mattermost/input_ESC_quickSwitchInput'

2021-05-30 11:28:52 - [MESSAGE][PASSED] - Text 'Channel2' is set on object 'Object Repository/Find chanel/Page_span_Town Square - Team 1 Mattermost/input_ESC_quickSwitchInput'

2021-05-30 11:28:53 - [TEST_STEP][PASSED] - setText(findTestObject("Object Repository/Find chanel/Page_span_Town Square - Team 1 Mattermost/input_ESC_quickSwitchInput"), findTestData("Internal/Internal Name Channel").getValue(1, rowNum)): Text 'channel3' is set on object 'Object Repository/Find chanel/Page_span_Town Square - Team 1 Mattermost/input_ESC_quickSwitchInput'

2021-05-30 11:28:53 - [MESSAGE][PASSED] - Text 'channel3' is set on object 'Object Repository/Find chanel/Page_span_Town Square - Team 1 Mattermost/input_ESC_quickSwitchInput'

2021-05-30 11:28:53 - [TEST_STEP][PASSED] - setText(findTestObject("Object Repository/Find chanel/Page_span_Town Square - Team 1 Mattermost/input_ESC_quickSwitchInput"), findTestData("Internal/Internal Name Channel").getValue(1, rowNum)): Text 'channel4' is set on object 'Object Repository/Find chanel/Page_span_Town Square - Team 1 Mattermost/input_ESC_quickSwitchInput'

2021-05-30 11:28:54 - [MESSAGE][PASSED] - Text 'channel4' is set on object 'Object Repository/Find chanel/Page_span_Town Square - Team 1 Mattermost/input_ESC_quickSwitchInput'

2021-05-30 11:28:54 - [TEST_STEP][PASSED] - setText(findTestObject("Object Repository/Find chanel/Page_span_Town Square - Team 1 Mattermost/input_ESC_quickSwitchInput"), findTestData("Internal/Internal Name Channel").getValue(1, rowNum)): Text 'new channel' is set on object 'Object Repository/Find chanel/Page_span_Town Square - Team 1 Mattermost/input_ESC_quickSwitchInput'

2021-05-30 11:28:55 - [MESSAGE][PASSED] - Text 'new channel' is set on object 'Object Repository/Find chanel/Page_span_Town Square - Team 1 Mattermost/input_ESC_quickSwitchInput'

2021-05-30 11:28:55 - [TEST_STEP][PASSED] - closeBrowser(): Browser is closed

2021-05-30 11:28:56 - [MESSAGE][PASSED] - Browser is closed]]></system-out>
         <system-err><![CDATA[]]></system-err>
      </testcase>
      <testcase name="Test Cases/Internal Test Cases/RenameChannel" time="26.555" classname="Test Cases/Internal Test Cases/RenameChannel" status="PASSED">
         <system-out><![CDATA[2021-05-30 11:28:56 - [TEST_CASE][PASSED] - Test Cases/Internal Test Cases/RenameChannel: Test Cases/Internal Test Cases/RenameChannel

2021-05-30 11:28:56 - [TEST_STEP][PASSED] - callTestCase(findTestCase("Internal Test Cases/Successful Login"), ["Username":"", "Password":""], STOP_ON_FAILURE): Call Test Case 'Test Cases/Internal Test Cases/Successful Login' successfully

2021-05-30 11:28:56 - [TEST_CASE][PASSED] - Test Cases/Internal Test Cases/Successful Login: Test Cases/Internal Test Cases/Successful Login

2021-05-30 11:28:56 - [TEST_STEP][PASSED] - openBrowser(""): Browser is opened with url: ''

2021-05-30 11:28:56 - [MESSAGE][INFO] - Starting 'Chrome' driver

2021-05-30 11:28:56 - [MESSAGE][INFO] - Action delay is set to 0 milliseconds

2021-05-30 11:28:58 - [MESSAGE][PASSED] - Browser is opened with url: ''

2021-05-30 11:28:58 - [TEST_STEP][PASSED] - navigateToUrl("https://chudenangcao2021.cf/"): Navigate to 'https://chudenangcao2021.cf/' successfully

2021-05-30 11:28:58 - [MESSAGE][PASSED] - Navigate to 'https://chudenangcao2021.cf/' successfully

2021-05-30 11:28:58 - [TEST_STEP][PASSED] - setText(findTestObject("Object Repository/Page_Mattermost/input_All team communication in one place, _dcc84b"), findTestData("Internal/Internal Login Data").getValue(1, 1)): Text 'nguyenvanb' is set on object 'Object Repository/Page_Mattermost/input_All team communication in one place, _dcc84b'

2021-05-30 11:29:00 - [MESSAGE][PASSED] - Text 'nguyenvanb' is set on object 'Object Repository/Page_Mattermost/input_All team communication in one place, _dcc84b'

2021-05-30 11:29:00 - [TEST_STEP][PASSED] - setEncryptedText(findTestObject("Object Repository/Page_Mattermost/input_All team communication in one place, _a3edc6"), findTestData("Internal/Internal Login Data").getValue(2, 1)): Text ****** has been set on object 'Object Repository/Page_Mattermost/input_All team communication in one place, _a3edc6'

2021-05-30 11:29:00 - [MESSAGE][PASSED] - Text ****** has been set on object 'Object Repository/Page_Mattermost/input_All team communication in one place, _a3edc6'

2021-05-30 11:29:00 - [TEST_STEP][PASSED] - click(findTestObject("Object Repository/Page_Mattermost/button_Sign in")): Object: 'Object Repository/Page_Mattermost/button_Sign in' is clicked on

2021-05-30 11:29:01 - [MESSAGE][PASSED] - Object: 'Object Repository/Page_Mattermost/button_Sign in' is clicked on

2021-05-30 11:29:01 - [TEST_STEP][PASSED] - verifyLinksAccessible(["https://chudenangcao2021.cf/cdnc-cnpm-2021/channels"]): All links are accessible

2021-05-30 11:29:01 - [MESSAGE][INFO] - HAR: C:\Users\nttuan\Downloads\CDNC\mattermost-testing\Reports\20210530_111523\Run all test cases\20210530_111523\requests\main\46.har

2021-05-30 11:29:01 - [MESSAGE][PASSED] - Send request successfully

2021-05-30 11:29:01 - [MESSAGE][PASSED] - All links are accessible

2021-05-30 11:29:01 - [MESSAGE][PASSED] - Call Test Case 'Test Cases/Internal Test Cases/Successful Login' successfully

2021-05-30 11:29:01 - [TEST_STEP][PASSED] - for ([rowNum = 1, rowNum <= findTestData("Internal/Internal Rename").getRowNumbers(), (rowNum++)]): Object: 'Object Repository/Page_Town Square - TEAM NAME Mattermost/span_Save' is clicked on

2021-05-30 11:29:01 - [TEST_STEP][PASSED] - click(findTestObject("Object Repository/Page_Town Square - TEAM NAME Mattermost/span_Town Square")): Object: 'Object Repository/Page_Town Square - TEAM NAME Mattermost/span_Town Square' is clicked on

2021-05-30 11:29:03 - [MESSAGE][PASSED] - Object: 'Object Repository/Page_Town Square - TEAM NAME Mattermost/span_Town Square' is clicked on

2021-05-30 11:29:03 - [TEST_STEP][PASSED] - click(findTestObject("Object Repository/Page_Town Square - TEAM NAME Mattermost/span_Town Square_channelHeaderDropdownIcon")): Object: 'Object Repository/Page_Town Square - TEAM NAME Mattermost/span_Town Square_channelHeaderDropdownIcon' is clicked on

2021-05-30 11:29:03 - [MESSAGE][PASSED] - Object: 'Object Repository/Page_Town Square - TEAM NAME Mattermost/span_Town Square_channelHeaderDropdownIcon' is clicked on

2021-05-30 11:29:03 - [TEST_STEP][PASSED] - click(findTestObject("Object Repository/Page_Town Square - TEAM NAME Mattermost/span_Rename Channel")): Object: 'Object Repository/Page_Town Square - TEAM NAME Mattermost/span_Rename Channel' is clicked on

2021-05-30 11:29:04 - [MESSAGE][PASSED] - Object: 'Object Repository/Page_Town Square - TEAM NAME Mattermost/span_Rename Channel' is clicked on

2021-05-30 11:29:04 - [TEST_STEP][PASSED] - click(findTestObject("Object Repository/Page_Town Square - TEAM NAME Mattermost/div_CloseRename ChannelDisplay NameURL - Ca_afce32")): Object: 'Object Repository/Page_Town Square - TEAM NAME Mattermost/div_CloseRename ChannelDisplay NameURL - Ca_afce32' is clicked on

2021-05-30 11:29:04 - [MESSAGE][PASSED] - Object: 'Object Repository/Page_Town Square - TEAM NAME Mattermost/div_CloseRename ChannelDisplay NameURL - Ca_afce32' is clicked on

2021-05-30 11:29:04 - [TEST_STEP][PASSED] - setText(findTestObject("Object Repository/Page_Town Square - TEAM NAME Mattermost/input_Display Name_display_name"), findTestData("Internal/Internal Rename").getValue(1, rowNum)): Text 'YOGA CHANNEL' is set on object 'Object Repository/Page_Town Square - TEAM NAME Mattermost/input_Display Name_display_name'

2021-05-30 11:29:05 - [MESSAGE][PASSED] - Text 'YOGA CHANNEL' is set on object 'Object Repository/Page_Town Square - TEAM NAME Mattermost/input_Display Name_display_name'

2021-05-30 11:29:05 - [TEST_STEP][PASSED] - rightClick(findTestObject("Object Repository/Page_Town Square - TEAM NAME Mattermost/div_CloseRename ChannelDisplay NameURL - Ca_afce32")): Object: 'Object Repository/Page_Town Square - TEAM NAME Mattermost/div_CloseRename ChannelDisplay NameURL - Ca_afce32' is right clicked on

2021-05-30 11:29:05 - [MESSAGE][PASSED] - Object: 'Object Repository/Page_Town Square - TEAM NAME Mattermost/div_CloseRename ChannelDisplay NameURL - Ca_afce32' is right clicked on

2021-05-30 11:29:05 - [TEST_STEP][PASSED] - click(findTestObject("Object Repository/Page_Town Square - TEAM NAME Mattermost/span_Save")): Object: 'Object Repository/Page_Town Square - TEAM NAME Mattermost/span_Save' is clicked on

2021-05-30 11:29:06 - [MESSAGE][PASSED] - Object: 'Object Repository/Page_Town Square - TEAM NAME Mattermost/span_Save' is clicked on

2021-05-30 11:29:06 - [TEST_STEP][PASSED] - click(findTestObject("Object Repository/Page_Town Square - TEAM NAME Mattermost/span_Town Square")): Object: 'Object Repository/Page_Town Square - TEAM NAME Mattermost/span_Town Square' is clicked on

2021-05-30 11:29:07 - [MESSAGE][PASSED] - Object: 'Object Repository/Page_Town Square - TEAM NAME Mattermost/span_Town Square' is clicked on

2021-05-30 11:29:07 - [TEST_STEP][PASSED] - click(findTestObject("Object Repository/Page_Town Square - TEAM NAME Mattermost/span_Town Square_channelHeaderDropdownIcon")): Object: 'Object Repository/Page_Town Square - TEAM NAME Mattermost/span_Town Square_channelHeaderDropdownIcon' is clicked on

2021-05-30 11:29:07 - [MESSAGE][PASSED] - Object: 'Object Repository/Page_Town Square - TEAM NAME Mattermost/span_Town Square_channelHeaderDropdownIcon' is clicked on

2021-05-30 11:29:07 - [TEST_STEP][PASSED] - click(findTestObject("Object Repository/Page_Town Square - TEAM NAME Mattermost/span_Rename Channel")): Object: 'Object Repository/Page_Town Square - TEAM NAME Mattermost/span_Rename Channel' is clicked on

2021-05-30 11:29:08 - [MESSAGE][PASSED] - Object: 'Object Repository/Page_Town Square - TEAM NAME Mattermost/span_Rename Channel' is clicked on

2021-05-30 11:29:08 - [TEST_STEP][PASSED] - click(findTestObject("Object Repository/Page_Town Square - TEAM NAME Mattermost/div_CloseRename ChannelDisplay NameURL - Ca_afce32")): Object: 'Object Repository/Page_Town Square - TEAM NAME Mattermost/div_CloseRename ChannelDisplay NameURL - Ca_afce32' is clicked on

2021-05-30 11:29:08 - [MESSAGE][PASSED] - Object: 'Object Repository/Page_Town Square - TEAM NAME Mattermost/div_CloseRename ChannelDisplay NameURL - Ca_afce32' is clicked on

2021-05-30 11:29:08 - [TEST_STEP][PASSED] - setText(findTestObject("Object Repository/Page_Town Square - TEAM NAME Mattermost/input_Display Name_display_name"), findTestData("Internal/Internal Rename").getValue(1, rowNum)): Text 'COMPUTER CHANNEL' is set on object 'Object Repository/Page_Town Square - TEAM NAME Mattermost/input_Display Name_display_name'

2021-05-30 11:29:09 - [MESSAGE][PASSED] - Text 'COMPUTER CHANNEL' is set on object 'Object Repository/Page_Town Square - TEAM NAME Mattermost/input_Display Name_display_name'

2021-05-30 11:29:09 - [TEST_STEP][PASSED] - rightClick(findTestObject("Object Repository/Page_Town Square - TEAM NAME Mattermost/div_CloseRename ChannelDisplay NameURL - Ca_afce32")): Object: 'Object Repository/Page_Town Square - TEAM NAME Mattermost/div_CloseRename ChannelDisplay NameURL - Ca_afce32' is right clicked on

2021-05-30 11:29:09 - [MESSAGE][PASSED] - Object: 'Object Repository/Page_Town Square - TEAM NAME Mattermost/div_CloseRename ChannelDisplay NameURL - Ca_afce32' is right clicked on

2021-05-30 11:29:09 - [TEST_STEP][PASSED] - click(findTestObject("Object Repository/Page_Town Square - TEAM NAME Mattermost/span_Save")): Object: 'Object Repository/Page_Town Square - TEAM NAME Mattermost/span_Save' is clicked on

2021-05-30 11:29:10 - [MESSAGE][PASSED] - Object: 'Object Repository/Page_Town Square - TEAM NAME Mattermost/span_Save' is clicked on

2021-05-30 11:29:10 - [TEST_STEP][PASSED] - click(findTestObject("Object Repository/Page_Town Square - TEAM NAME Mattermost/span_Town Square")): Object: 'Object Repository/Page_Town Square - TEAM NAME Mattermost/span_Town Square' is clicked on

2021-05-30 11:29:11 - [MESSAGE][PASSED] - Object: 'Object Repository/Page_Town Square - TEAM NAME Mattermost/span_Town Square' is clicked on

2021-05-30 11:29:11 - [TEST_STEP][PASSED] - click(findTestObject("Object Repository/Page_Town Square - TEAM NAME Mattermost/span_Town Square_channelHeaderDropdownIcon")): Object: 'Object Repository/Page_Town Square - TEAM NAME Mattermost/span_Town Square_channelHeaderDropdownIcon' is clicked on

2021-05-30 11:29:11 - [MESSAGE][PASSED] - Object: 'Object Repository/Page_Town Square - TEAM NAME Mattermost/span_Town Square_channelHeaderDropdownIcon' is clicked on

2021-05-30 11:29:11 - [TEST_STEP][PASSED] - click(findTestObject("Object Repository/Page_Town Square - TEAM NAME Mattermost/span_Rename Channel")): Object: 'Object Repository/Page_Town Square - TEAM NAME Mattermost/span_Rename Channel' is clicked on

2021-05-30 11:29:12 - [MESSAGE][PASSED] - Object: 'Object Repository/Page_Town Square - TEAM NAME Mattermost/span_Rename Channel' is clicked on

2021-05-30 11:29:12 - [TEST_STEP][PASSED] - click(findTestObject("Object Repository/Page_Town Square - TEAM NAME Mattermost/div_CloseRename ChannelDisplay NameURL - Ca_afce32")): Object: 'Object Repository/Page_Town Square - TEAM NAME Mattermost/div_CloseRename ChannelDisplay NameURL - Ca_afce32' is clicked on

2021-05-30 11:29:12 - [MESSAGE][PASSED] - Object: 'Object Repository/Page_Town Square - TEAM NAME Mattermost/div_CloseRename ChannelDisplay NameURL - Ca_afce32' is clicked on

2021-05-30 11:29:12 - [TEST_STEP][PASSED] - setText(findTestObject("Object Repository/Page_Town Square - TEAM NAME Mattermost/input_Display Name_display_name"), findTestData("Internal/Internal Rename").getValue(1, rowNum)): Text 'KID CHANNEL' is set on object 'Object Repository/Page_Town Square - TEAM NAME Mattermost/input_Display Name_display_name'

2021-05-30 11:29:13 - [MESSAGE][PASSED] - Text 'KID CHANNEL' is set on object 'Object Repository/Page_Town Square - TEAM NAME Mattermost/input_Display Name_display_name'

2021-05-30 11:29:13 - [TEST_STEP][PASSED] - rightClick(findTestObject("Object Repository/Page_Town Square - TEAM NAME Mattermost/div_CloseRename ChannelDisplay NameURL - Ca_afce32")): Object: 'Object Repository/Page_Town Square - TEAM NAME Mattermost/div_CloseRename ChannelDisplay NameURL - Ca_afce32' is right clicked on

2021-05-30 11:29:13 - [MESSAGE][PASSED] - Object: 'Object Repository/Page_Town Square - TEAM NAME Mattermost/div_CloseRename ChannelDisplay NameURL - Ca_afce32' is right clicked on

2021-05-30 11:29:13 - [TEST_STEP][PASSED] - click(findTestObject("Object Repository/Page_Town Square - TEAM NAME Mattermost/span_Save")): Object: 'Object Repository/Page_Town Square - TEAM NAME Mattermost/span_Save' is clicked on

2021-05-30 11:29:14 - [MESSAGE][PASSED] - Object: 'Object Repository/Page_Town Square - TEAM NAME Mattermost/span_Save' is clicked on

2021-05-30 11:29:14 - [TEST_STEP][PASSED] - click(findTestObject("Object Repository/Page_Town Square - TEAM NAME Mattermost/span_Town Square")): Object: 'Object Repository/Page_Town Square - TEAM NAME Mattermost/span_Town Square' is clicked on

2021-05-30 11:29:15 - [MESSAGE][PASSED] - Object: 'Object Repository/Page_Town Square - TEAM NAME Mattermost/span_Town Square' is clicked on

2021-05-30 11:29:15 - [TEST_STEP][PASSED] - click(findTestObject("Object Repository/Page_Town Square - TEAM NAME Mattermost/span_Town Square_channelHeaderDropdownIcon")): Object: 'Object Repository/Page_Town Square - TEAM NAME Mattermost/span_Town Square_channelHeaderDropdownIcon' is clicked on

2021-05-30 11:29:15 - [MESSAGE][PASSED] - Object: 'Object Repository/Page_Town Square - TEAM NAME Mattermost/span_Town Square_channelHeaderDropdownIcon' is clicked on

2021-05-30 11:29:15 - [TEST_STEP][PASSED] - click(findTestObject("Object Repository/Page_Town Square - TEAM NAME Mattermost/span_Rename Channel")): Object: 'Object Repository/Page_Town Square - TEAM NAME Mattermost/span_Rename Channel' is clicked on

2021-05-30 11:29:16 - [MESSAGE][PASSED] - Object: 'Object Repository/Page_Town Square - TEAM NAME Mattermost/span_Rename Channel' is clicked on

2021-05-30 11:29:16 - [TEST_STEP][PASSED] - click(findTestObject("Object Repository/Page_Town Square - TEAM NAME Mattermost/div_CloseRename ChannelDisplay NameURL - Ca_afce32")): Object: 'Object Repository/Page_Town Square - TEAM NAME Mattermost/div_CloseRename ChannelDisplay NameURL - Ca_afce32' is clicked on

2021-05-30 11:29:16 - [MESSAGE][PASSED] - Object: 'Object Repository/Page_Town Square - TEAM NAME Mattermost/div_CloseRename ChannelDisplay NameURL - Ca_afce32' is clicked on

2021-05-30 11:29:16 - [TEST_STEP][PASSED] - setText(findTestObject("Object Repository/Page_Town Square - TEAM NAME Mattermost/input_Display Name_display_name"), findTestData("Internal/Internal Rename").getValue(1, rowNum)): Text 'TEST CHANNEL' is set on object 'Object Repository/Page_Town Square - TEAM NAME Mattermost/input_Display Name_display_name'

2021-05-30 11:29:17 - [MESSAGE][PASSED] - Text 'TEST CHANNEL' is set on object 'Object Repository/Page_Town Square - TEAM NAME Mattermost/input_Display Name_display_name'

2021-05-30 11:29:17 - [TEST_STEP][PASSED] - rightClick(findTestObject("Object Repository/Page_Town Square - TEAM NAME Mattermost/div_CloseRename ChannelDisplay NameURL - Ca_afce32")): Object: 'Object Repository/Page_Town Square - TEAM NAME Mattermost/div_CloseRename ChannelDisplay NameURL - Ca_afce32' is right clicked on

2021-05-30 11:29:17 - [MESSAGE][PASSED] - Object: 'Object Repository/Page_Town Square - TEAM NAME Mattermost/div_CloseRename ChannelDisplay NameURL - Ca_afce32' is right clicked on

2021-05-30 11:29:17 - [TEST_STEP][PASSED] - click(findTestObject("Object Repository/Page_Town Square - TEAM NAME Mattermost/span_Save")): Object: 'Object Repository/Page_Town Square - TEAM NAME Mattermost/span_Save' is clicked on

2021-05-30 11:29:18 - [MESSAGE][PASSED] - Object: 'Object Repository/Page_Town Square - TEAM NAME Mattermost/span_Save' is clicked on

2021-05-30 11:29:18 - [TEST_STEP][PASSED] - click(findTestObject("Object Repository/Page_Town Square - TEAM NAME Mattermost/span_Town Square")): Object: 'Object Repository/Page_Town Square - TEAM NAME Mattermost/span_Town Square' is clicked on

2021-05-30 11:29:19 - [MESSAGE][PASSED] - Object: 'Object Repository/Page_Town Square - TEAM NAME Mattermost/span_Town Square' is clicked on

2021-05-30 11:29:19 - [TEST_STEP][PASSED] - click(findTestObject("Object Repository/Page_Town Square - TEAM NAME Mattermost/span_Town Square_channelHeaderDropdownIcon")): Object: 'Object Repository/Page_Town Square - TEAM NAME Mattermost/span_Town Square_channelHeaderDropdownIcon' is clicked on

2021-05-30 11:29:19 - [MESSAGE][PASSED] - Object: 'Object Repository/Page_Town Square - TEAM NAME Mattermost/span_Town Square_channelHeaderDropdownIcon' is clicked on

2021-05-30 11:29:19 - [TEST_STEP][PASSED] - click(findTestObject("Object Repository/Page_Town Square - TEAM NAME Mattermost/span_Rename Channel")): Object: 'Object Repository/Page_Town Square - TEAM NAME Mattermost/span_Rename Channel' is clicked on

2021-05-30 11:29:20 - [MESSAGE][PASSED] - Object: 'Object Repository/Page_Town Square - TEAM NAME Mattermost/span_Rename Channel' is clicked on

2021-05-30 11:29:20 - [TEST_STEP][PASSED] - click(findTestObject("Object Repository/Page_Town Square - TEAM NAME Mattermost/div_CloseRename ChannelDisplay NameURL - Ca_afce32")): Object: 'Object Repository/Page_Town Square - TEAM NAME Mattermost/div_CloseRename ChannelDisplay NameURL - Ca_afce32' is clicked on

2021-05-30 11:29:20 - [MESSAGE][PASSED] - Object: 'Object Repository/Page_Town Square - TEAM NAME Mattermost/div_CloseRename ChannelDisplay NameURL - Ca_afce32' is clicked on

2021-05-30 11:29:20 - [TEST_STEP][PASSED] - setText(findTestObject("Object Repository/Page_Town Square - TEAM NAME Mattermost/input_Display Name_display_name"), findTestData("Internal/Internal Rename").getValue(1, rowNum)): Text 'span_Town Square' is set on object 'Object Repository/Page_Town Square - TEAM NAME Mattermost/input_Display Name_display_name'

2021-05-30 11:29:21 - [MESSAGE][PASSED] - Text 'span_Town Square' is set on object 'Object Repository/Page_Town Square - TEAM NAME Mattermost/input_Display Name_display_name'

2021-05-30 11:29:21 - [TEST_STEP][PASSED] - rightClick(findTestObject("Object Repository/Page_Town Square - TEAM NAME Mattermost/div_CloseRename ChannelDisplay NameURL - Ca_afce32")): Object: 'Object Repository/Page_Town Square - TEAM NAME Mattermost/div_CloseRename ChannelDisplay NameURL - Ca_afce32' is right clicked on

2021-05-30 11:29:21 - [MESSAGE][PASSED] - Object: 'Object Repository/Page_Town Square - TEAM NAME Mattermost/div_CloseRename ChannelDisplay NameURL - Ca_afce32' is right clicked on

2021-05-30 11:29:21 - [TEST_STEP][PASSED] - click(findTestObject("Object Repository/Page_Town Square - TEAM NAME Mattermost/span_Save")): Object: 'Object Repository/Page_Town Square - TEAM NAME Mattermost/span_Save' is clicked on

2021-05-30 11:29:22 - [MESSAGE][PASSED] - Object: 'Object Repository/Page_Town Square - TEAM NAME Mattermost/span_Save' is clicked on

2021-05-30 11:29:22 - [TEST_STEP][PASSED] - closeBrowser(): Browser is closed

2021-05-30 11:29:22 - [MESSAGE][PASSED] - Browser is closed]]></system-out>
         <system-err><![CDATA[]]></system-err>
      </testcase>
      <testcase name="Test Cases/Internal Test Cases/SearchInChannel" time="47.499" classname="Test Cases/Internal Test Cases/SearchInChannel" status="PASSED">
         <system-out><![CDATA[2021-05-30 11:29:22 - [TEST_CASE][PASSED] - Test Cases/Internal Test Cases/SearchInChannel: Test Cases/Internal Test Cases/SearchInChannel

2021-05-30 11:29:23 - [TEST_STEP][PASSED] - callTestCase(findTestCase("Internal Test Cases/Successful Login"), ["Username":"", "Password":""], STOP_ON_FAILURE): Call Test Case 'Test Cases/Internal Test Cases/Successful Login' successfully

2021-05-30 11:29:23 - [TEST_CASE][PASSED] - Test Cases/Internal Test Cases/Successful Login: Test Cases/Internal Test Cases/Successful Login

2021-05-30 11:29:23 - [TEST_STEP][PASSED] - openBrowser(""): Browser is opened with url: ''

2021-05-30 11:29:23 - [MESSAGE][INFO] - Starting 'Chrome' driver

2021-05-30 11:29:23 - [MESSAGE][INFO] - Action delay is set to 0 milliseconds

2021-05-30 11:29:24 - [MESSAGE][PASSED] - Browser is opened with url: ''

2021-05-30 11:29:24 - [TEST_STEP][PASSED] - navigateToUrl("https://chudenangcao2021.cf/"): Navigate to 'https://chudenangcao2021.cf/' successfully

2021-05-30 11:29:25 - [MESSAGE][PASSED] - Navigate to 'https://chudenangcao2021.cf/' successfully

2021-05-30 11:29:25 - [TEST_STEP][PASSED] - setText(findTestObject("Object Repository/Page_Mattermost/input_All team communication in one place, _dcc84b"), findTestData("Internal/Internal Login Data").getValue(1, 1)): Text 'nguyenvanb' is set on object 'Object Repository/Page_Mattermost/input_All team communication in one place, _dcc84b'

2021-05-30 11:29:26 - [MESSAGE][PASSED] - Text 'nguyenvanb' is set on object 'Object Repository/Page_Mattermost/input_All team communication in one place, _dcc84b'

2021-05-30 11:29:26 - [TEST_STEP][PASSED] - setEncryptedText(findTestObject("Object Repository/Page_Mattermost/input_All team communication in one place, _a3edc6"), findTestData("Internal/Internal Login Data").getValue(2, 1)): Text ****** has been set on object 'Object Repository/Page_Mattermost/input_All team communication in one place, _a3edc6'

2021-05-30 11:29:27 - [MESSAGE][PASSED] - Text ****** has been set on object 'Object Repository/Page_Mattermost/input_All team communication in one place, _a3edc6'

2021-05-30 11:29:27 - [TEST_STEP][PASSED] - click(findTestObject("Object Repository/Page_Mattermost/button_Sign in")): Object: 'Object Repository/Page_Mattermost/button_Sign in' is clicked on

2021-05-30 11:29:27 - [MESSAGE][PASSED] - Object: 'Object Repository/Page_Mattermost/button_Sign in' is clicked on

2021-05-30 11:29:27 - [TEST_STEP][PASSED] - verifyLinksAccessible(["https://chudenangcao2021.cf/cdnc-cnpm-2021/channels"]): All links are accessible

2021-05-30 11:29:27 - [MESSAGE][INFO] - HAR: C:\Users\nttuan\Downloads\CDNC\mattermost-testing\Reports\20210530_111523\Run all test cases\20210530_111523\requests\main\47.har

2021-05-30 11:29:27 - [MESSAGE][PASSED] - Send request successfully

2021-05-30 11:29:27 - [MESSAGE][PASSED] - All links are accessible

2021-05-30 11:29:27 - [MESSAGE][PASSED] - Call Test Case 'Test Cases/Internal Test Cases/Successful Login' successfully

2021-05-30 11:29:27 - [TEST_STEP][PASSED] - click(findTestObject("Object Repository/Page_Town Square - TEAM NAME Mattermost/span_Town Square")): Object: 'Object Repository/Page_Town Square - TEAM NAME Mattermost/span_Town Square' is clicked on

2021-05-30 11:29:29 - [MESSAGE][PASSED] - Object: 'Object Repository/Page_Town Square - TEAM NAME Mattermost/span_Town Square' is clicked on

2021-05-30 11:29:29 - [TEST_STEP][PASSED] - click(findTestObject("Object Repository/Page_Town Square - TEAM NAME Mattermost/svg")): Object: 'Object Repository/Page_Town Square - TEAM NAME Mattermost/svg' is clicked on

2021-05-30 11:30:00 - [MESSAGE][INFO] - Unable to find the element located by 'By.xpath: (.//*[normalize-space(text()) and normalize-space(.)='Town Square'])[3]/following::*[name()='svg'][1]'. Please recheck the objects properties to make sure the desired element is located. 

2021-05-30 11:30:00 - [MESSAGE][WARNING] - [SELF-HEALING] Failed to find element with id 'Object Repository/Page_Town Square - TEAM NAME Mattermost/svg'. Try using Self-healing.

2021-05-30 11:30:00 - [MESSAGE][WARNING] - [SELF-HEALING] The current locator of test object 'Object Repository/Page_Town Square - TEAM NAME Mattermost/svg' was broken. Propose an alternative one: '(.//*[normalize-space(text()) and normalize-space(.)='Drop a file to upload it.'])[1]/following::*[name()='svg'][1]'.

2021-05-30 11:30:01 - [MESSAGE][PASSED] - Object: 'Object Repository/Page_Town Square - TEAM NAME Mattermost/svg' is clicked on

2021-05-30 11:30:01 - [TEST_STEP][PASSED] - for ([rowNum = 1, rowNum <= findTestData("Internal/Internal Key For Search").getRowNumbers(), (rowNum++)]): Keys 'ENTER + ' sent to object: 'Object Repository/Page_Town Square - TEAM NAME Mattermost/input_Town Square_searchBox'

2021-05-30 11:30:01 - [TEST_STEP][PASSED] - setText(findTestObject("Object Repository/Page_Town Square - TEAM NAME Mattermost/input_Town Square_searchBox"), findTestData("Internal/Internal Key For Search").getValue(1, rowNum)): Text 'Hello' is set on object 'Object Repository/Page_Town Square - TEAM NAME Mattermost/input_Town Square_searchBox'

2021-05-30 11:30:01 - [MESSAGE][PASSED] - Text 'Hello' is set on object 'Object Repository/Page_Town Square - TEAM NAME Mattermost/input_Town Square_searchBox'

2021-05-30 11:30:01 - [TEST_STEP][PASSED] - sendKeys(findTestObject("Object Repository/Page_Town Square - TEAM NAME Mattermost/input_Town Square_searchBox"), Keys.chord(ENTER)): Keys 'ENTER + ' sent to object: 'Object Repository/Page_Town Square - TEAM NAME Mattermost/input_Town Square_searchBox'

2021-05-30 11:30:02 - [MESSAGE][PASSED] - Keys 'ENTER + ' sent to object: 'Object Repository/Page_Town Square - TEAM NAME Mattermost/input_Town Square_searchBox'

2021-05-30 11:30:02 - [TEST_STEP][PASSED] - setText(findTestObject("Object Repository/Page_Town Square - TEAM NAME Mattermost/input_Town Square_searchBox"), findTestData("Internal/Internal Key For Search").getValue(1, rowNum)): Text 'yo' is set on object 'Object Repository/Page_Town Square - TEAM NAME Mattermost/input_Town Square_searchBox'

2021-05-30 11:30:03 - [MESSAGE][PASSED] - Text 'yo' is set on object 'Object Repository/Page_Town Square - TEAM NAME Mattermost/input_Town Square_searchBox'

2021-05-30 11:30:03 - [TEST_STEP][PASSED] - sendKeys(findTestObject("Object Repository/Page_Town Square - TEAM NAME Mattermost/input_Town Square_searchBox"), Keys.chord(ENTER)): Keys 'ENTER + ' sent to object: 'Object Repository/Page_Town Square - TEAM NAME Mattermost/input_Town Square_searchBox'

2021-05-30 11:30:04 - [MESSAGE][PASSED] - Keys 'ENTER + ' sent to object: 'Object Repository/Page_Town Square - TEAM NAME Mattermost/input_Town Square_searchBox'

2021-05-30 11:30:04 - [TEST_STEP][PASSED] - setText(findTestObject("Object Repository/Page_Town Square - TEAM NAME Mattermost/input_Town Square_searchBox"), findTestData("Internal/Internal Key For Search").getValue(1, rowNum)): Text 'ghê' is set on object 'Object Repository/Page_Town Square - TEAM NAME Mattermost/input_Town Square_searchBox'

2021-05-30 11:30:05 - [MESSAGE][PASSED] - Text 'ghê' is set on object 'Object Repository/Page_Town Square - TEAM NAME Mattermost/input_Town Square_searchBox'

2021-05-30 11:30:05 - [TEST_STEP][PASSED] - sendKeys(findTestObject("Object Repository/Page_Town Square - TEAM NAME Mattermost/input_Town Square_searchBox"), Keys.chord(ENTER)): Keys 'ENTER + ' sent to object: 'Object Repository/Page_Town Square - TEAM NAME Mattermost/input_Town Square_searchBox'

2021-05-30 11:30:05 - [MESSAGE][PASSED] - Keys 'ENTER + ' sent to object: 'Object Repository/Page_Town Square - TEAM NAME Mattermost/input_Town Square_searchBox'

2021-05-30 11:30:05 - [TEST_STEP][PASSED] - setText(findTestObject("Object Repository/Page_Town Square - TEAM NAME Mattermost/input_Town Square_searchBox"), findTestData("Internal/Internal Key For Search").getValue(1, rowNum)): Text 'no' is set on object 'Object Repository/Page_Town Square - TEAM NAME Mattermost/input_Town Square_searchBox'

2021-05-30 11:30:06 - [MESSAGE][PASSED] - Text 'no' is set on object 'Object Repository/Page_Town Square - TEAM NAME Mattermost/input_Town Square_searchBox'

2021-05-30 11:30:06 - [TEST_STEP][PASSED] - sendKeys(findTestObject("Object Repository/Page_Town Square - TEAM NAME Mattermost/input_Town Square_searchBox"), Keys.chord(ENTER)): Keys 'ENTER + ' sent to object: 'Object Repository/Page_Town Square - TEAM NAME Mattermost/input_Town Square_searchBox'

2021-05-30 11:30:07 - [MESSAGE][PASSED] - Keys 'ENTER + ' sent to object: 'Object Repository/Page_Town Square - TEAM NAME Mattermost/input_Town Square_searchBox'

2021-05-30 11:30:07 - [TEST_STEP][PASSED] - setText(findTestObject("Object Repository/Page_Town Square - TEAM NAME Mattermost/input_Town Square_searchBox"), findTestData("Internal/Internal Key For Search").getValue(1, rowNum)): Text 'ok' is set on object 'Object Repository/Page_Town Square - TEAM NAME Mattermost/input_Town Square_searchBox'

2021-05-30 11:30:08 - [MESSAGE][PASSED] - Text 'ok' is set on object 'Object Repository/Page_Town Square - TEAM NAME Mattermost/input_Town Square_searchBox'

2021-05-30 11:30:08 - [TEST_STEP][PASSED] - sendKeys(findTestObject("Object Repository/Page_Town Square - TEAM NAME Mattermost/input_Town Square_searchBox"), Keys.chord(ENTER)): Keys 'ENTER + ' sent to object: 'Object Repository/Page_Town Square - TEAM NAME Mattermost/input_Town Square_searchBox'

2021-05-30 11:30:09 - [MESSAGE][PASSED] - Keys 'ENTER + ' sent to object: 'Object Repository/Page_Town Square - TEAM NAME Mattermost/input_Town Square_searchBox'

2021-05-30 11:30:09 - [TEST_STEP][PASSED] - closeBrowser(): Browser is closed

2021-05-30 11:30:10 - [MESSAGE][PASSED] - Browser is closed]]></system-out>
         <system-err><![CDATA[]]></system-err>
      </testcase>
      <testcase name="Test Cases/Internal Test Cases/Successful Login" time="4.344" classname="Test Cases/Internal Test Cases/Successful Login" status="PASSED">
         <system-out><![CDATA[2021-05-30 11:30:10 - [TEST_CASE][PASSED] - Test Cases/Internal Test Cases/Successful Login: Test Cases/Internal Test Cases/Successful Login

2021-05-30 11:30:10 - [TEST_STEP][PASSED] - openBrowser(""): Browser is opened with url: ''

2021-05-30 11:30:10 - [MESSAGE][INFO] - Starting 'Chrome' driver

2021-05-30 11:30:10 - [MESSAGE][INFO] - Action delay is set to 0 milliseconds

2021-05-30 11:30:11 - [MESSAGE][PASSED] - Browser is opened with url: ''

2021-05-30 11:30:11 - [TEST_STEP][PASSED] - navigateToUrl("https://chudenangcao2021.cf/"): Navigate to 'https://chudenangcao2021.cf/' successfully

2021-05-30 11:30:12 - [MESSAGE][PASSED] - Navigate to 'https://chudenangcao2021.cf/' successfully

2021-05-30 11:30:12 - [TEST_STEP][PASSED] - setText(findTestObject("Object Repository/Page_Mattermost/input_All team communication in one place, _dcc84b"), findTestData("Internal/Internal Login Data").getValue(1, 1)): Text 'nguyenvanb' is set on object 'Object Repository/Page_Mattermost/input_All team communication in one place, _dcc84b'

2021-05-30 11:30:13 - [MESSAGE][PASSED] - Text 'nguyenvanb' is set on object 'Object Repository/Page_Mattermost/input_All team communication in one place, _dcc84b'

2021-05-30 11:30:13 - [TEST_STEP][PASSED] - setEncryptedText(findTestObject("Object Repository/Page_Mattermost/input_All team communication in one place, _a3edc6"), findTestData("Internal/Internal Login Data").getValue(2, 1)): Text ****** has been set on object 'Object Repository/Page_Mattermost/input_All team communication in one place, _a3edc6'

2021-05-30 11:30:14 - [MESSAGE][PASSED] - Text ****** has been set on object 'Object Repository/Page_Mattermost/input_All team communication in one place, _a3edc6'

2021-05-30 11:30:14 - [TEST_STEP][PASSED] - click(findTestObject("Object Repository/Page_Mattermost/button_Sign in")): Object: 'Object Repository/Page_Mattermost/button_Sign in' is clicked on

2021-05-30 11:30:14 - [MESSAGE][PASSED] - Object: 'Object Repository/Page_Mattermost/button_Sign in' is clicked on

2021-05-30 11:30:14 - [TEST_STEP][PASSED] - verifyLinksAccessible(["https://chudenangcao2021.cf/cdnc-cnpm-2021/channels"]): All links are accessible

2021-05-30 11:30:14 - [MESSAGE][INFO] - HAR: C:\Users\nttuan\Downloads\CDNC\mattermost-testing\Reports\20210530_111523\Run all test cases\20210530_111523\requests\main\48.har

2021-05-30 11:30:14 - [MESSAGE][PASSED] - Send request successfully

2021-05-30 11:30:14 - [MESSAGE][PASSED] - All links are accessible]]></system-out>
         <system-err><![CDATA[]]></system-err>
      </testcase>
      <testcase name="Test Cases/Data CSV Test Case/ChangEmail" time="30.809" classname="Test Cases/Data CSV Test Case/ChangEmail" status="PASSED">
         <system-out><![CDATA[2021-05-30 11:30:14 - [TEST_CASE][PASSED] - Test Cases/Data CSV Test Case/ChangEmail: Test Cases/Data CSV Test Case/ChangEmail

2021-05-30 11:30:15 - [TEST_STEP][PASSED] - callTestCase(findTestCase("Internal Test Cases/Successful Login"), ["Username":"", "Password":""], STOP_ON_FAILURE): Call Test Case 'Test Cases/Internal Test Cases/Successful Login' successfully

2021-05-30 11:30:15 - [TEST_CASE][PASSED] - Test Cases/Internal Test Cases/Successful Login: Test Cases/Internal Test Cases/Successful Login

2021-05-30 11:30:15 - [TEST_STEP][PASSED] - openBrowser(""): Browser is opened with url: ''

2021-05-30 11:30:15 - [MESSAGE][WARNING] - A browser is already opened. Closing browser and opening a new one

2021-05-30 11:30:15 - [MESSAGE][INFO] - Starting 'Chrome' driver

2021-05-30 11:30:15 - [MESSAGE][INFO] - Action delay is set to 0 milliseconds

2021-05-30 11:30:17 - [MESSAGE][PASSED] - Browser is opened with url: ''

2021-05-30 11:30:17 - [TEST_STEP][PASSED] - navigateToUrl("https://chudenangcao2021.cf/"): Navigate to 'https://chudenangcao2021.cf/' successfully

2021-05-30 11:30:17 - [MESSAGE][PASSED] - Navigate to 'https://chudenangcao2021.cf/' successfully

2021-05-30 11:30:17 - [TEST_STEP][PASSED] - setText(findTestObject("Object Repository/Page_Mattermost/input_All team communication in one place, _dcc84b"), findTestData("Internal/Internal Login Data").getValue(1, 1)): Text 'nguyenvanb' is set on object 'Object Repository/Page_Mattermost/input_All team communication in one place, _dcc84b'

2021-05-30 11:30:19 - [MESSAGE][PASSED] - Text 'nguyenvanb' is set on object 'Object Repository/Page_Mattermost/input_All team communication in one place, _dcc84b'

2021-05-30 11:30:19 - [TEST_STEP][PASSED] - setEncryptedText(findTestObject("Object Repository/Page_Mattermost/input_All team communication in one place, _a3edc6"), findTestData("Internal/Internal Login Data").getValue(2, 1)): Text ****** has been set on object 'Object Repository/Page_Mattermost/input_All team communication in one place, _a3edc6'

2021-05-30 11:30:19 - [MESSAGE][PASSED] - Text ****** has been set on object 'Object Repository/Page_Mattermost/input_All team communication in one place, _a3edc6'

2021-05-30 11:30:19 - [TEST_STEP][PASSED] - click(findTestObject("Object Repository/Page_Mattermost/button_Sign in")): Object: 'Object Repository/Page_Mattermost/button_Sign in' is clicked on

2021-05-30 11:30:20 - [MESSAGE][PASSED] - Object: 'Object Repository/Page_Mattermost/button_Sign in' is clicked on

2021-05-30 11:30:20 - [TEST_STEP][PASSED] - verifyLinksAccessible(["https://chudenangcao2021.cf/cdnc-cnpm-2021/channels"]): All links are accessible

2021-05-30 11:30:20 - [MESSAGE][INFO] - HAR: C:\Users\nttuan\Downloads\CDNC\mattermost-testing\Reports\20210530_111523\Run all test cases\20210530_111523\requests\main\49.har

2021-05-30 11:30:20 - [MESSAGE][PASSED] - Send request successfully

2021-05-30 11:30:20 - [MESSAGE][PASSED] - All links are accessible

2021-05-30 11:30:20 - [MESSAGE][PASSED] - Call Test Case 'Test Cases/Internal Test Cases/Successful Login' successfully

2021-05-30 11:30:20 - [TEST_STEP][PASSED] - for ([rowNum = 1, rowNum <= findTestData("Data CSV/Email").getRowNumbers(), (rowNum++)]): Object: 'Object Repository/Change Email/Page_TEST CHANNEL - TEAM NAME Mattermost/span_' is clicked on

2021-05-30 11:30:20 - [TEST_STEP][PASSED] - click(findTestObject("Object Repository/Change Email/Page_TEST CHANNEL - TEAM NAME Mattermost/button_nguyenvanb_style--none sidebar-heade_3f663e")): Object: 'Object Repository/Change Email/Page_TEST CHANNEL - TEAM NAME Mattermost/button_nguyenvanb_style--none sidebar-heade_3f663e' is clicked on

2021-05-30 11:30:22 - [MESSAGE][PASSED] - Object: 'Object Repository/Change Email/Page_TEST CHANNEL - TEAM NAME Mattermost/button_nguyenvanb_style--none sidebar-heade_3f663e' is clicked on

2021-05-30 11:30:22 - [TEST_STEP][PASSED] - click(findTestObject("Object Repository/Change Email/Page_TEST CHANNEL - TEAM NAME Mattermost/button_Account Settings")): Object: 'Object Repository/Change Email/Page_TEST CHANNEL - TEAM NAME Mattermost/button_Account Settings' is clicked on

2021-05-30 11:30:22 - [MESSAGE][PASSED] - Object: 'Object Repository/Change Email/Page_TEST CHANNEL - TEAM NAME Mattermost/button_Account Settings' is clicked on

2021-05-30 11:30:22 - [TEST_STEP][PASSED] - click(findTestObject("Object Repository/Change Email/Page_TEST CHANNEL - TEAM NAME Mattermost/span_Edit")): Object: 'Object Repository/Change Email/Page_TEST CHANNEL - TEAM NAME Mattermost/span_Edit' is clicked on

2021-05-30 11:30:23 - [MESSAGE][PASSED] - Object: 'Object Repository/Change Email/Page_TEST CHANNEL - TEAM NAME Mattermost/span_Edit' is clicked on

2021-05-30 11:30:23 - [TEST_STEP][PASSED] - setText(findTestObject("Object Repository/Change Email/Page_TEST CHANNEL - TEAM NAME Mattermost/input_New Email_primaryEmail"), findTestData("Data CSV/Email").getValue(1, rowNum)): Text 'thanhtung@gmail.com' is set on object 'Object Repository/Change Email/Page_TEST CHANNEL - TEAM NAME Mattermost/input_New Email_primaryEmail'

2021-05-30 11:30:24 - [MESSAGE][PASSED] - Text 'thanhtung@gmail.com' is set on object 'Object Repository/Change Email/Page_TEST CHANNEL - TEAM NAME Mattermost/input_New Email_primaryEmail'

2021-05-30 11:30:24 - [TEST_STEP][PASSED] - setText(findTestObject("Object Repository/Change Email/Page_TEST CHANNEL - TEAM NAME Mattermost/input_Confirm Email_confirmEmail"), findTestData("Data CSV/Email").getValue(1, rowNum)): Text 'thanhtung@gmail.com' is set on object 'Object Repository/Change Email/Page_TEST CHANNEL - TEAM NAME Mattermost/input_Confirm Email_confirmEmail'

2021-05-30 11:30:24 - [MESSAGE][PASSED] - Text 'thanhtung@gmail.com' is set on object 'Object Repository/Change Email/Page_TEST CHANNEL - TEAM NAME Mattermost/input_Confirm Email_confirmEmail'

2021-05-30 11:30:24 - [TEST_STEP][PASSED] - setText(findTestObject("Object Repository/Change Email/Page_TEST CHANNEL - TEAM NAME Mattermost/input_Current Password_currentPassword"), "Tung@123456"): Text 'Tung@123456' is set on object 'Object Repository/Change Email/Page_TEST CHANNEL - TEAM NAME Mattermost/input_Current Password_currentPassword'

2021-05-30 11:30:25 - [MESSAGE][PASSED] - Text 'Tung@123456' is set on object 'Object Repository/Change Email/Page_TEST CHANNEL - TEAM NAME Mattermost/input_Current Password_currentPassword'

2021-05-30 11:30:25 - [TEST_STEP][PASSED] - click(findTestObject("Object Repository/Change Email/Page_TEST CHANNEL - TEAM NAME Mattermost/button_Save")): Object: 'Object Repository/Change Email/Page_TEST CHANNEL - TEAM NAME Mattermost/button_Save' is clicked on

2021-05-30 11:30:25 - [MESSAGE][PASSED] - Object: 'Object Repository/Change Email/Page_TEST CHANNEL - TEAM NAME Mattermost/button_Save' is clicked on

2021-05-30 11:30:25 - [TEST_STEP][PASSED] - click(findTestObject("Object Repository/Change Email/Page_TEST CHANNEL - TEAM NAME Mattermost/span_")): Object: 'Object Repository/Change Email/Page_TEST CHANNEL - TEAM NAME Mattermost/span_' is clicked on

2021-05-30 11:30:26 - [MESSAGE][PASSED] - Object: 'Object Repository/Change Email/Page_TEST CHANNEL - TEAM NAME Mattermost/span_' is clicked on

2021-05-30 11:30:26 - [TEST_STEP][PASSED] - click(findTestObject("Object Repository/Change Email/Page_TEST CHANNEL - TEAM NAME Mattermost/button_nguyenvanb_style--none sidebar-heade_3f663e")): Object: 'Object Repository/Change Email/Page_TEST CHANNEL - TEAM NAME Mattermost/button_nguyenvanb_style--none sidebar-heade_3f663e' is clicked on

2021-05-30 11:30:26 - [MESSAGE][PASSED] - Object: 'Object Repository/Change Email/Page_TEST CHANNEL - TEAM NAME Mattermost/button_nguyenvanb_style--none sidebar-heade_3f663e' is clicked on

2021-05-30 11:30:26 - [TEST_STEP][PASSED] - click(findTestObject("Object Repository/Change Email/Page_TEST CHANNEL - TEAM NAME Mattermost/button_Account Settings")): Object: 'Object Repository/Change Email/Page_TEST CHANNEL - TEAM NAME Mattermost/button_Account Settings' is clicked on

2021-05-30 11:30:27 - [MESSAGE][PASSED] - Object: 'Object Repository/Change Email/Page_TEST CHANNEL - TEAM NAME Mattermost/button_Account Settings' is clicked on

2021-05-30 11:30:27 - [TEST_STEP][PASSED] - click(findTestObject("Object Repository/Change Email/Page_TEST CHANNEL - TEAM NAME Mattermost/span_Edit")): Object: 'Object Repository/Change Email/Page_TEST CHANNEL - TEAM NAME Mattermost/span_Edit' is clicked on

2021-05-30 11:30:27 - [MESSAGE][PASSED] - Object: 'Object Repository/Change Email/Page_TEST CHANNEL - TEAM NAME Mattermost/span_Edit' is clicked on

2021-05-30 11:30:27 - [TEST_STEP][PASSED] - setText(findTestObject("Object Repository/Change Email/Page_TEST CHANNEL - TEAM NAME Mattermost/input_New Email_primaryEmail"), findTestData("Data CSV/Email").getValue(1, rowNum)): Text 'thotuan@gmail.com' is set on object 'Object Repository/Change Email/Page_TEST CHANNEL - TEAM NAME Mattermost/input_New Email_primaryEmail'

2021-05-30 11:30:28 - [MESSAGE][PASSED] - Text 'thotuan@gmail.com' is set on object 'Object Repository/Change Email/Page_TEST CHANNEL - TEAM NAME Mattermost/input_New Email_primaryEmail'

2021-05-30 11:30:28 - [TEST_STEP][PASSED] - setText(findTestObject("Object Repository/Change Email/Page_TEST CHANNEL - TEAM NAME Mattermost/input_Confirm Email_confirmEmail"), findTestData("Data CSV/Email").getValue(1, rowNum)): Text 'thotuan@gmail.com' is set on object 'Object Repository/Change Email/Page_TEST CHANNEL - TEAM NAME Mattermost/input_Confirm Email_confirmEmail'

2021-05-30 11:30:29 - [MESSAGE][PASSED] - Text 'thotuan@gmail.com' is set on object 'Object Repository/Change Email/Page_TEST CHANNEL - TEAM NAME Mattermost/input_Confirm Email_confirmEmail'

2021-05-30 11:30:29 - [TEST_STEP][PASSED] - setText(findTestObject("Object Repository/Change Email/Page_TEST CHANNEL - TEAM NAME Mattermost/input_Current Password_currentPassword"), "Tung@123456"): Text 'Tung@123456' is set on object 'Object Repository/Change Email/Page_TEST CHANNEL - TEAM NAME Mattermost/input_Current Password_currentPassword'

2021-05-30 11:30:29 - [MESSAGE][PASSED] - Text 'Tung@123456' is set on object 'Object Repository/Change Email/Page_TEST CHANNEL - TEAM NAME Mattermost/input_Current Password_currentPassword'

2021-05-30 11:30:29 - [TEST_STEP][PASSED] - click(findTestObject("Object Repository/Change Email/Page_TEST CHANNEL - TEAM NAME Mattermost/button_Save")): Object: 'Object Repository/Change Email/Page_TEST CHANNEL - TEAM NAME Mattermost/button_Save' is clicked on

2021-05-30 11:30:30 - [MESSAGE][PASSED] - Object: 'Object Repository/Change Email/Page_TEST CHANNEL - TEAM NAME Mattermost/button_Save' is clicked on

2021-05-30 11:30:30 - [TEST_STEP][PASSED] - click(findTestObject("Object Repository/Change Email/Page_TEST CHANNEL - TEAM NAME Mattermost/span_")): Object: 'Object Repository/Change Email/Page_TEST CHANNEL - TEAM NAME Mattermost/span_' is clicked on

2021-05-30 11:30:31 - [MESSAGE][PASSED] - Object: 'Object Repository/Change Email/Page_TEST CHANNEL - TEAM NAME Mattermost/span_' is clicked on

2021-05-30 11:30:31 - [TEST_STEP][PASSED] - click(findTestObject("Object Repository/Change Email/Page_TEST CHANNEL - TEAM NAME Mattermost/button_nguyenvanb_style--none sidebar-heade_3f663e")): Object: 'Object Repository/Change Email/Page_TEST CHANNEL - TEAM NAME Mattermost/button_nguyenvanb_style--none sidebar-heade_3f663e' is clicked on

2021-05-30 11:30:31 - [MESSAGE][PASSED] - Object: 'Object Repository/Change Email/Page_TEST CHANNEL - TEAM NAME Mattermost/button_nguyenvanb_style--none sidebar-heade_3f663e' is clicked on

2021-05-30 11:30:31 - [TEST_STEP][PASSED] - click(findTestObject("Object Repository/Change Email/Page_TEST CHANNEL - TEAM NAME Mattermost/button_Account Settings")): Object: 'Object Repository/Change Email/Page_TEST CHANNEL - TEAM NAME Mattermost/button_Account Settings' is clicked on

2021-05-30 11:30:31 - [MESSAGE][PASSED] - Object: 'Object Repository/Change Email/Page_TEST CHANNEL - TEAM NAME Mattermost/button_Account Settings' is clicked on

2021-05-30 11:30:31 - [TEST_STEP][PASSED] - click(findTestObject("Object Repository/Change Email/Page_TEST CHANNEL - TEAM NAME Mattermost/span_Edit")): Object: 'Object Repository/Change Email/Page_TEST CHANNEL - TEAM NAME Mattermost/span_Edit' is clicked on

2021-05-30 11:30:32 - [MESSAGE][PASSED] - Object: 'Object Repository/Change Email/Page_TEST CHANNEL - TEAM NAME Mattermost/span_Edit' is clicked on

2021-05-30 11:30:32 - [TEST_STEP][PASSED] - setText(findTestObject("Object Repository/Change Email/Page_TEST CHANNEL - TEAM NAME Mattermost/input_New Email_primaryEmail"), findTestData("Data CSV/Email").getValue(1, rowNum)): Text 'xuantuan@gmail.com' is set on object 'Object Repository/Change Email/Page_TEST CHANNEL - TEAM NAME Mattermost/input_New Email_primaryEmail'

2021-05-30 11:30:33 - [MESSAGE][PASSED] - Text 'xuantuan@gmail.com' is set on object 'Object Repository/Change Email/Page_TEST CHANNEL - TEAM NAME Mattermost/input_New Email_primaryEmail'

2021-05-30 11:30:33 - [TEST_STEP][PASSED] - setText(findTestObject("Object Repository/Change Email/Page_TEST CHANNEL - TEAM NAME Mattermost/input_Confirm Email_confirmEmail"), findTestData("Data CSV/Email").getValue(1, rowNum)): Text 'xuantuan@gmail.com' is set on object 'Object Repository/Change Email/Page_TEST CHANNEL - TEAM NAME Mattermost/input_Confirm Email_confirmEmail'

2021-05-30 11:30:33 - [MESSAGE][PASSED] - Text 'xuantuan@gmail.com' is set on object 'Object Repository/Change Email/Page_TEST CHANNEL - TEAM NAME Mattermost/input_Confirm Email_confirmEmail'

2021-05-30 11:30:33 - [TEST_STEP][PASSED] - setText(findTestObject("Object Repository/Change Email/Page_TEST CHANNEL - TEAM NAME Mattermost/input_Current Password_currentPassword"), "Tung@123456"): Text 'Tung@123456' is set on object 'Object Repository/Change Email/Page_TEST CHANNEL - TEAM NAME Mattermost/input_Current Password_currentPassword'

2021-05-30 11:30:34 - [MESSAGE][PASSED] - Text 'Tung@123456' is set on object 'Object Repository/Change Email/Page_TEST CHANNEL - TEAM NAME Mattermost/input_Current Password_currentPassword'

2021-05-30 11:30:34 - [TEST_STEP][PASSED] - click(findTestObject("Object Repository/Change Email/Page_TEST CHANNEL - TEAM NAME Mattermost/button_Save")): Object: 'Object Repository/Change Email/Page_TEST CHANNEL - TEAM NAME Mattermost/button_Save' is clicked on

2021-05-30 11:30:35 - [MESSAGE][PASSED] - Object: 'Object Repository/Change Email/Page_TEST CHANNEL - TEAM NAME Mattermost/button_Save' is clicked on

2021-05-30 11:30:35 - [TEST_STEP][PASSED] - click(findTestObject("Object Repository/Change Email/Page_TEST CHANNEL - TEAM NAME Mattermost/span_")): Object: 'Object Repository/Change Email/Page_TEST CHANNEL - TEAM NAME Mattermost/span_' is clicked on

2021-05-30 11:30:35 - [MESSAGE][PASSED] - Object: 'Object Repository/Change Email/Page_TEST CHANNEL - TEAM NAME Mattermost/span_' is clicked on

2021-05-30 11:30:35 - [TEST_STEP][PASSED] - click(findTestObject("Object Repository/Change Email/Page_TEST CHANNEL - TEAM NAME Mattermost/button_nguyenvanb_style--none sidebar-heade_3f663e")): Object: 'Object Repository/Change Email/Page_TEST CHANNEL - TEAM NAME Mattermost/button_nguyenvanb_style--none sidebar-heade_3f663e' is clicked on

2021-05-30 11:30:36 - [MESSAGE][PASSED] - Object: 'Object Repository/Change Email/Page_TEST CHANNEL - TEAM NAME Mattermost/button_nguyenvanb_style--none sidebar-heade_3f663e' is clicked on

2021-05-30 11:30:36 - [TEST_STEP][PASSED] - click(findTestObject("Object Repository/Change Email/Page_TEST CHANNEL - TEAM NAME Mattermost/button_Account Settings")): Object: 'Object Repository/Change Email/Page_TEST CHANNEL - TEAM NAME Mattermost/button_Account Settings' is clicked on

2021-05-30 11:30:36 - [MESSAGE][PASSED] - Object: 'Object Repository/Change Email/Page_TEST CHANNEL - TEAM NAME Mattermost/button_Account Settings' is clicked on

2021-05-30 11:30:36 - [TEST_STEP][PASSED] - click(findTestObject("Object Repository/Change Email/Page_TEST CHANNEL - TEAM NAME Mattermost/span_Edit")): Object: 'Object Repository/Change Email/Page_TEST CHANNEL - TEAM NAME Mattermost/span_Edit' is clicked on

2021-05-30 11:30:37 - [MESSAGE][PASSED] - Object: 'Object Repository/Change Email/Page_TEST CHANNEL - TEAM NAME Mattermost/span_Edit' is clicked on

2021-05-30 11:30:37 - [TEST_STEP][PASSED] - setText(findTestObject("Object Repository/Change Email/Page_TEST CHANNEL - TEAM NAME Mattermost/input_New Email_primaryEmail"), findTestData("Data CSV/Email").getValue(1, rowNum)): Text 'minhvu@gmail.com' is set on object 'Object Repository/Change Email/Page_TEST CHANNEL - TEAM NAME Mattermost/input_New Email_primaryEmail'

2021-05-30 11:30:37 - [MESSAGE][PASSED] - Text 'minhvu@gmail.com' is set on object 'Object Repository/Change Email/Page_TEST CHANNEL - TEAM NAME Mattermost/input_New Email_primaryEmail'

2021-05-30 11:30:37 - [TEST_STEP][PASSED] - setText(findTestObject("Object Repository/Change Email/Page_TEST CHANNEL - TEAM NAME Mattermost/input_Confirm Email_confirmEmail"), findTestData("Data CSV/Email").getValue(1, rowNum)): Text 'minhvu@gmail.com' is set on object 'Object Repository/Change Email/Page_TEST CHANNEL - TEAM NAME Mattermost/input_Confirm Email_confirmEmail'

2021-05-30 11:30:38 - [MESSAGE][PASSED] - Text 'minhvu@gmail.com' is set on object 'Object Repository/Change Email/Page_TEST CHANNEL - TEAM NAME Mattermost/input_Confirm Email_confirmEmail'

2021-05-30 11:30:38 - [TEST_STEP][PASSED] - setText(findTestObject("Object Repository/Change Email/Page_TEST CHANNEL - TEAM NAME Mattermost/input_Current Password_currentPassword"), "Tung@123456"): Text 'Tung@123456' is set on object 'Object Repository/Change Email/Page_TEST CHANNEL - TEAM NAME Mattermost/input_Current Password_currentPassword'

2021-05-30 11:30:39 - [MESSAGE][PASSED] - Text 'Tung@123456' is set on object 'Object Repository/Change Email/Page_TEST CHANNEL - TEAM NAME Mattermost/input_Current Password_currentPassword'

2021-05-30 11:30:39 - [TEST_STEP][PASSED] - click(findTestObject("Object Repository/Change Email/Page_TEST CHANNEL - TEAM NAME Mattermost/button_Save")): Object: 'Object Repository/Change Email/Page_TEST CHANNEL - TEAM NAME Mattermost/button_Save' is clicked on

2021-05-30 11:30:39 - [MESSAGE][PASSED] - Object: 'Object Repository/Change Email/Page_TEST CHANNEL - TEAM NAME Mattermost/button_Save' is clicked on

2021-05-30 11:30:39 - [TEST_STEP][PASSED] - click(findTestObject("Object Repository/Change Email/Page_TEST CHANNEL - TEAM NAME Mattermost/span_")): Object: 'Object Repository/Change Email/Page_TEST CHANNEL - TEAM NAME Mattermost/span_' is clicked on

2021-05-30 11:30:40 - [MESSAGE][PASSED] - Object: 'Object Repository/Change Email/Page_TEST CHANNEL - TEAM NAME Mattermost/span_' is clicked on

2021-05-30 11:30:40 - [TEST_STEP][PASSED] - click(findTestObject("Object Repository/Change Email/Page_TEST CHANNEL - TEAM NAME Mattermost/button_nguyenvanb_style--none sidebar-heade_3f663e")): Object: 'Object Repository/Change Email/Page_TEST CHANNEL - TEAM NAME Mattermost/button_nguyenvanb_style--none sidebar-heade_3f663e' is clicked on

2021-05-30 11:30:40 - [MESSAGE][PASSED] - Object: 'Object Repository/Change Email/Page_TEST CHANNEL - TEAM NAME Mattermost/button_nguyenvanb_style--none sidebar-heade_3f663e' is clicked on

2021-05-30 11:30:40 - [TEST_STEP][PASSED] - click(findTestObject("Object Repository/Change Email/Page_TEST CHANNEL - TEAM NAME Mattermost/button_Account Settings")): Object: 'Object Repository/Change Email/Page_TEST CHANNEL - TEAM NAME Mattermost/button_Account Settings' is clicked on

2021-05-30 11:30:41 - [MESSAGE][PASSED] - Object: 'Object Repository/Change Email/Page_TEST CHANNEL - TEAM NAME Mattermost/button_Account Settings' is clicked on

2021-05-30 11:30:41 - [TEST_STEP][PASSED] - click(findTestObject("Object Repository/Change Email/Page_TEST CHANNEL - TEAM NAME Mattermost/span_Edit")): Object: 'Object Repository/Change Email/Page_TEST CHANNEL - TEAM NAME Mattermost/span_Edit' is clicked on

2021-05-30 11:30:41 - [MESSAGE][PASSED] - Object: 'Object Repository/Change Email/Page_TEST CHANNEL - TEAM NAME Mattermost/span_Edit' is clicked on

2021-05-30 11:30:41 - [TEST_STEP][PASSED] - setText(findTestObject("Object Repository/Change Email/Page_TEST CHANNEL - TEAM NAME Mattermost/input_New Email_primaryEmail"), findTestData("Data CSV/Email").getValue(1, rowNum)): Text 'chudenangcao@gmail.com' is set on object 'Object Repository/Change Email/Page_TEST CHANNEL - TEAM NAME Mattermost/input_New Email_primaryEmail'

2021-05-30 11:30:42 - [MESSAGE][PASSED] - Text 'chudenangcao@gmail.com' is set on object 'Object Repository/Change Email/Page_TEST CHANNEL - TEAM NAME Mattermost/input_New Email_primaryEmail'

2021-05-30 11:30:42 - [TEST_STEP][PASSED] - setText(findTestObject("Object Repository/Change Email/Page_TEST CHANNEL - TEAM NAME Mattermost/input_Confirm Email_confirmEmail"), findTestData("Data CSV/Email").getValue(1, rowNum)): Text 'chudenangcao@gmail.com' is set on object 'Object Repository/Change Email/Page_TEST CHANNEL - TEAM NAME Mattermost/input_Confirm Email_confirmEmail'

2021-05-30 11:30:43 - [MESSAGE][PASSED] - Text 'chudenangcao@gmail.com' is set on object 'Object Repository/Change Email/Page_TEST CHANNEL - TEAM NAME Mattermost/input_Confirm Email_confirmEmail'

2021-05-30 11:30:43 - [TEST_STEP][PASSED] - setText(findTestObject("Object Repository/Change Email/Page_TEST CHANNEL - TEAM NAME Mattermost/input_Current Password_currentPassword"), "Tung@123456"): Text 'Tung@123456' is set on object 'Object Repository/Change Email/Page_TEST CHANNEL - TEAM NAME Mattermost/input_Current Password_currentPassword'

2021-05-30 11:30:43 - [MESSAGE][PASSED] - Text 'Tung@123456' is set on object 'Object Repository/Change Email/Page_TEST CHANNEL - TEAM NAME Mattermost/input_Current Password_currentPassword'

2021-05-30 11:30:43 - [TEST_STEP][PASSED] - click(findTestObject("Object Repository/Change Email/Page_TEST CHANNEL - TEAM NAME Mattermost/button_Save")): Object: 'Object Repository/Change Email/Page_TEST CHANNEL - TEAM NAME Mattermost/button_Save' is clicked on

2021-05-30 11:30:44 - [MESSAGE][PASSED] - Object: 'Object Repository/Change Email/Page_TEST CHANNEL - TEAM NAME Mattermost/button_Save' is clicked on

2021-05-30 11:30:44 - [TEST_STEP][PASSED] - click(findTestObject("Object Repository/Change Email/Page_TEST CHANNEL - TEAM NAME Mattermost/span_")): Object: 'Object Repository/Change Email/Page_TEST CHANNEL - TEAM NAME Mattermost/span_' is clicked on

2021-05-30 11:30:44 - [MESSAGE][PASSED] - Object: 'Object Repository/Change Email/Page_TEST CHANNEL - TEAM NAME Mattermost/span_' is clicked on

2021-05-30 11:30:44 - [TEST_STEP][PASSED] - closeBrowser(): Browser is closed

2021-05-30 11:30:45 - [MESSAGE][PASSED] - Browser is closed]]></system-out>
         <system-err><![CDATA[]]></system-err>
      </testcase>
      <testcase name="Test Cases/Data CSV Test Case/LoginWrongEmail" time="15.661" classname="Test Cases/Data CSV Test Case/LoginWrongEmail" status="PASSED">
         <system-out><![CDATA[2021-05-30 11:30:45 - [TEST_CASE][PASSED] - Test Cases/Data CSV Test Case/LoginWrongEmail: Test Cases/Data CSV Test Case/LoginWrongEmail

2021-05-30 11:30:45 - [TEST_STEP][PASSED] - openBrowser(""): Browser is opened with url: ''

2021-05-30 11:30:45 - [MESSAGE][INFO] - Starting 'Chrome' driver

2021-05-30 11:30:45 - [MESSAGE][INFO] - Action delay is set to 0 milliseconds

2021-05-30 11:30:47 - [MESSAGE][PASSED] - Browser is opened with url: ''

2021-05-30 11:30:47 - [TEST_STEP][PASSED] - navigateToUrl("https://chudenangcao2021.cf/"): Navigate to 'https://chudenangcao2021.cf/' successfully

2021-05-30 11:30:47 - [MESSAGE][PASSED] - Navigate to 'https://chudenangcao2021.cf/' successfully

2021-05-30 11:30:47 - [TEST_STEP][PASSED] - for ([rowNum = 1, rowNum <= findTestData("Data CSV/Wrong Email").getRowNumbers(), (rowNum++)]): Object 'Object Repository/Wrong Password/Page_Mattermost/label_Enter a valid email or username andor_ef8acb' is present

2021-05-30 11:30:47 - [TEST_STEP][PASSED] - setText(findTestObject("Object Repository/Wrong Password/Page_Mattermost/input_All team communication in one place, _dcc84b"), findTestData("Data CSV/Wrong Email").getValue(1, rowNum)): Text 'thanhtung@gmail.com' is set on object 'Object Repository/Wrong Password/Page_Mattermost/input_All team communication in one place, _dcc84b'

2021-05-30 11:30:49 - [MESSAGE][PASSED] - Text 'thanhtung@gmail.com' is set on object 'Object Repository/Wrong Password/Page_Mattermost/input_All team communication in one place, _dcc84b'

2021-05-30 11:30:49 - [TEST_STEP][PASSED] - setText(findTestObject("Object Repository/Wrong Password/Page_Mattermost/input_All team communication in one place, _a3edc6"), "Tung@123456"): Text 'Tung@123456' is set on object 'Object Repository/Wrong Password/Page_Mattermost/input_All team communication in one place, _a3edc6'

2021-05-30 11:30:50 - [MESSAGE][PASSED] - Text 'Tung@123456' is set on object 'Object Repository/Wrong Password/Page_Mattermost/input_All team communication in one place, _a3edc6'

2021-05-30 11:30:50 - [TEST_STEP][PASSED] - click(findTestObject("Object Repository/Wrong Password/Page_Mattermost/button_Sign in")): Object: 'Object Repository/Wrong Password/Page_Mattermost/button_Sign in' is clicked on

2021-05-30 11:30:50 - [MESSAGE][PASSED] - Object: 'Object Repository/Wrong Password/Page_Mattermost/button_Sign in' is clicked on

2021-05-30 11:30:50 - [TEST_STEP][PASSED] - verifyElementPresent(findTestObject("Object Repository/Wrong Password/Page_Mattermost/label_Enter a valid email or username andor_ef8acb"), 0): Object 'Object Repository/Wrong Password/Page_Mattermost/label_Enter a valid email or username andor_ef8acb' is present

2021-05-30 11:30:50 - [MESSAGE][WARNING] - Timeout '0' is invalid. Using default page load timeout: '30'

2021-05-30 11:30:51 - [MESSAGE][PASSED] - Object 'Object Repository/Wrong Password/Page_Mattermost/label_Enter a valid email or username andor_ef8acb' is present

2021-05-30 11:30:51 - [TEST_STEP][PASSED] - setText(findTestObject("Object Repository/Wrong Password/Page_Mattermost/input_All team communication in one place, _dcc84b"), findTestData("Data CSV/Wrong Email").getValue(1, rowNum)): Text 'thotuan@gmail.com' is set on object 'Object Repository/Wrong Password/Page_Mattermost/input_All team communication in one place, _dcc84b'

2021-05-30 11:30:51 - [MESSAGE][PASSED] - Text 'thotuan@gmail.com' is set on object 'Object Repository/Wrong Password/Page_Mattermost/input_All team communication in one place, _dcc84b'

2021-05-30 11:30:51 - [TEST_STEP][PASSED] - setText(findTestObject("Object Repository/Wrong Password/Page_Mattermost/input_All team communication in one place, _a3edc6"), "Tung@123456"): Text 'Tung@123456' is set on object 'Object Repository/Wrong Password/Page_Mattermost/input_All team communication in one place, _a3edc6'

2021-05-30 11:30:52 - [MESSAGE][PASSED] - Text 'Tung@123456' is set on object 'Object Repository/Wrong Password/Page_Mattermost/input_All team communication in one place, _a3edc6'

2021-05-30 11:30:52 - [TEST_STEP][PASSED] - click(findTestObject("Object Repository/Wrong Password/Page_Mattermost/button_Sign in")): Object: 'Object Repository/Wrong Password/Page_Mattermost/button_Sign in' is clicked on

2021-05-30 11:30:52 - [MESSAGE][PASSED] - Object: 'Object Repository/Wrong Password/Page_Mattermost/button_Sign in' is clicked on

2021-05-30 11:30:52 - [TEST_STEP][PASSED] - verifyElementPresent(findTestObject("Object Repository/Wrong Password/Page_Mattermost/label_Enter a valid email or username andor_ef8acb"), 0): Object 'Object Repository/Wrong Password/Page_Mattermost/label_Enter a valid email or username andor_ef8acb' is present

2021-05-30 11:30:53 - [MESSAGE][WARNING] - Timeout '0' is invalid. Using default page load timeout: '30'

2021-05-30 11:30:53 - [MESSAGE][PASSED] - Object 'Object Repository/Wrong Password/Page_Mattermost/label_Enter a valid email or username andor_ef8acb' is present

2021-05-30 11:30:53 - [TEST_STEP][PASSED] - setText(findTestObject("Object Repository/Wrong Password/Page_Mattermost/input_All team communication in one place, _dcc84b"), findTestData("Data CSV/Wrong Email").getValue(1, rowNum)): Text 'xuantuan@gmail.com' is set on object 'Object Repository/Wrong Password/Page_Mattermost/input_All team communication in one place, _dcc84b'

2021-05-30 11:30:54 - [MESSAGE][PASSED] - Text 'xuantuan@gmail.com' is set on object 'Object Repository/Wrong Password/Page_Mattermost/input_All team communication in one place, _dcc84b'

2021-05-30 11:30:54 - [TEST_STEP][PASSED] - setText(findTestObject("Object Repository/Wrong Password/Page_Mattermost/input_All team communication in one place, _a3edc6"), "Tung@123456"): Text 'Tung@123456' is set on object 'Object Repository/Wrong Password/Page_Mattermost/input_All team communication in one place, _a3edc6'

2021-05-30 11:30:54 - [MESSAGE][PASSED] - Text 'Tung@123456' is set on object 'Object Repository/Wrong Password/Page_Mattermost/input_All team communication in one place, _a3edc6'

2021-05-30 11:30:54 - [TEST_STEP][PASSED] - click(findTestObject("Object Repository/Wrong Password/Page_Mattermost/button_Sign in")): Object: 'Object Repository/Wrong Password/Page_Mattermost/button_Sign in' is clicked on

2021-05-30 11:30:55 - [MESSAGE][PASSED] - Object: 'Object Repository/Wrong Password/Page_Mattermost/button_Sign in' is clicked on

2021-05-30 11:30:55 - [TEST_STEP][PASSED] - verifyElementPresent(findTestObject("Object Repository/Wrong Password/Page_Mattermost/label_Enter a valid email or username andor_ef8acb"), 0): Object 'Object Repository/Wrong Password/Page_Mattermost/label_Enter a valid email or username andor_ef8acb' is present

2021-05-30 11:30:55 - [MESSAGE][WARNING] - Timeout '0' is invalid. Using default page load timeout: '30'

2021-05-30 11:30:55 - [MESSAGE][PASSED] - Object 'Object Repository/Wrong Password/Page_Mattermost/label_Enter a valid email or username andor_ef8acb' is present

2021-05-30 11:30:55 - [TEST_STEP][PASSED] - setText(findTestObject("Object Repository/Wrong Password/Page_Mattermost/input_All team communication in one place, _dcc84b"), findTestData("Data CSV/Wrong Email").getValue(1, rowNum)): Text 'minhvu@gmail.com' is set on object 'Object Repository/Wrong Password/Page_Mattermost/input_All team communication in one place, _dcc84b'

2021-05-30 11:30:56 - [MESSAGE][PASSED] - Text 'minhvu@gmail.com' is set on object 'Object Repository/Wrong Password/Page_Mattermost/input_All team communication in one place, _dcc84b'

2021-05-30 11:30:56 - [TEST_STEP][PASSED] - setText(findTestObject("Object Repository/Wrong Password/Page_Mattermost/input_All team communication in one place, _a3edc6"), "Tung@123456"): Text 'Tung@123456' is set on object 'Object Repository/Wrong Password/Page_Mattermost/input_All team communication in one place, _a3edc6'

2021-05-30 11:30:57 - [MESSAGE][PASSED] - Text 'Tung@123456' is set on object 'Object Repository/Wrong Password/Page_Mattermost/input_All team communication in one place, _a3edc6'

2021-05-30 11:30:57 - [TEST_STEP][PASSED] - click(findTestObject("Object Repository/Wrong Password/Page_Mattermost/button_Sign in")): Object: 'Object Repository/Wrong Password/Page_Mattermost/button_Sign in' is clicked on

2021-05-30 11:30:57 - [MESSAGE][PASSED] - Object: 'Object Repository/Wrong Password/Page_Mattermost/button_Sign in' is clicked on

2021-05-30 11:30:57 - [TEST_STEP][PASSED] - verifyElementPresent(findTestObject("Object Repository/Wrong Password/Page_Mattermost/label_Enter a valid email or username andor_ef8acb"), 0): Object 'Object Repository/Wrong Password/Page_Mattermost/label_Enter a valid email or username andor_ef8acb' is present

2021-05-30 11:30:57 - [MESSAGE][WARNING] - Timeout '0' is invalid. Using default page load timeout: '30'

2021-05-30 11:30:58 - [MESSAGE][PASSED] - Object 'Object Repository/Wrong Password/Page_Mattermost/label_Enter a valid email or username andor_ef8acb' is present

2021-05-30 11:30:58 - [TEST_STEP][PASSED] - setText(findTestObject("Object Repository/Wrong Password/Page_Mattermost/input_All team communication in one place, _dcc84b"), findTestData("Data CSV/Wrong Email").getValue(1, rowNum)): Text 'dacnpm@gmail.com' is set on object 'Object Repository/Wrong Password/Page_Mattermost/input_All team communication in one place, _dcc84b'

2021-05-30 11:30:58 - [MESSAGE][PASSED] - Text 'dacnpm@gmail.com' is set on object 'Object Repository/Wrong Password/Page_Mattermost/input_All team communication in one place, _dcc84b'

2021-05-30 11:30:58 - [TEST_STEP][PASSED] - setText(findTestObject("Object Repository/Wrong Password/Page_Mattermost/input_All team communication in one place, _a3edc6"), "Tung@123456"): Text 'Tung@123456' is set on object 'Object Repository/Wrong Password/Page_Mattermost/input_All team communication in one place, _a3edc6'

2021-05-30 11:30:59 - [MESSAGE][PASSED] - Text 'Tung@123456' is set on object 'Object Repository/Wrong Password/Page_Mattermost/input_All team communication in one place, _a3edc6'

2021-05-30 11:30:59 - [TEST_STEP][PASSED] - click(findTestObject("Object Repository/Wrong Password/Page_Mattermost/button_Sign in")): Object: 'Object Repository/Wrong Password/Page_Mattermost/button_Sign in' is clicked on

2021-05-30 11:31:00 - [MESSAGE][PASSED] - Object: 'Object Repository/Wrong Password/Page_Mattermost/button_Sign in' is clicked on

2021-05-30 11:31:00 - [TEST_STEP][PASSED] - verifyElementPresent(findTestObject("Object Repository/Wrong Password/Page_Mattermost/label_Enter a valid email or username andor_ef8acb"), 0): Object 'Object Repository/Wrong Password/Page_Mattermost/label_Enter a valid email or username andor_ef8acb' is present

2021-05-30 11:31:00 - [MESSAGE][WARNING] - Timeout '0' is invalid. Using default page load timeout: '30'

2021-05-30 11:31:00 - [MESSAGE][PASSED] - Object 'Object Repository/Wrong Password/Page_Mattermost/label_Enter a valid email or username andor_ef8acb' is present

2021-05-30 11:31:00 - [TEST_STEP][PASSED] - closeBrowser(): Browser is closed

2021-05-30 11:31:01 - [MESSAGE][PASSED] - Browser is closed]]></system-out>
         <system-err><![CDATA[]]></system-err>
      </testcase>
      <testcase name="Test Cases/Data CSV Test Case/LoginWrongPassword" time="15.951" classname="Test Cases/Data CSV Test Case/LoginWrongPassword" status="PASSED">
         <system-out><![CDATA[2021-05-30 11:31:01 - [TEST_CASE][PASSED] - Test Cases/Data CSV Test Case/LoginWrongPassword: Test Cases/Data CSV Test Case/LoginWrongPassword

2021-05-30 11:31:01 - [TEST_STEP][PASSED] - openBrowser(""): Browser is opened with url: ''

2021-05-30 11:31:01 - [MESSAGE][INFO] - Starting 'Chrome' driver

2021-05-30 11:31:01 - [MESSAGE][INFO] - Action delay is set to 0 milliseconds

2021-05-30 11:31:02 - [MESSAGE][PASSED] - Browser is opened with url: ''

2021-05-30 11:31:02 - [TEST_STEP][PASSED] - navigateToUrl("https://chudenangcao2021.cf/"): Navigate to 'https://chudenangcao2021.cf/' successfully

2021-05-30 11:31:03 - [MESSAGE][PASSED] - Navigate to 'https://chudenangcao2021.cf/' successfully

2021-05-30 11:31:03 - [TEST_STEP][PASSED] - for ([rowNum = 1, rowNum <= findTestData("Data CSV/Wrong Password").getRowNumbers(), (rowNum++)]): Object 'Object Repository/Wrong Password/Page_Mattermost/label_Enter a valid email or username andor_ef8acb' is present

2021-05-30 11:31:03 - [TEST_STEP][PASSED] - setText(findTestObject("Object Repository/Wrong Password/Page_Mattermost/input_All team communication in one place, _dcc84b"), "nguyenvana"): Text 'nguyenvana' is set on object 'Object Repository/Wrong Password/Page_Mattermost/input_All team communication in one place, _dcc84b'

2021-05-30 11:31:04 - [MESSAGE][PASSED] - Text 'nguyenvana' is set on object 'Object Repository/Wrong Password/Page_Mattermost/input_All team communication in one place, _dcc84b'

2021-05-30 11:31:04 - [TEST_STEP][PASSED] - setText(findTestObject("Object Repository/Wrong Password/Page_Mattermost/input_All team communication in one place, _a3edc6"), findTestData("Data CSV/Wrong Password").getValue(1, rowNum)): Text '123456' is set on object 'Object Repository/Wrong Password/Page_Mattermost/input_All team communication in one place, _a3edc6'

2021-05-30 11:31:05 - [MESSAGE][PASSED] - Text '123456' is set on object 'Object Repository/Wrong Password/Page_Mattermost/input_All team communication in one place, _a3edc6'

2021-05-30 11:31:05 - [TEST_STEP][PASSED] - click(findTestObject("Object Repository/Wrong Password/Page_Mattermost/button_Sign in")): Object: 'Object Repository/Wrong Password/Page_Mattermost/button_Sign in' is clicked on

2021-05-30 11:31:06 - [MESSAGE][PASSED] - Object: 'Object Repository/Wrong Password/Page_Mattermost/button_Sign in' is clicked on

2021-05-30 11:31:06 - [TEST_STEP][PASSED] - verifyElementPresent(findTestObject("Object Repository/Wrong Password/Page_Mattermost/label_Enter a valid email or username andor_ef8acb"), 0): Object 'Object Repository/Wrong Password/Page_Mattermost/label_Enter a valid email or username andor_ef8acb' is present

2021-05-30 11:31:06 - [MESSAGE][WARNING] - Timeout '0' is invalid. Using default page load timeout: '30'

2021-05-30 11:31:06 - [MESSAGE][PASSED] - Object 'Object Repository/Wrong Password/Page_Mattermost/label_Enter a valid email or username andor_ef8acb' is present

2021-05-30 11:31:06 - [TEST_STEP][PASSED] - setText(findTestObject("Object Repository/Wrong Password/Page_Mattermost/input_All team communication in one place, _dcc84b"), "nguyenvana"): Text 'nguyenvana' is set on object 'Object Repository/Wrong Password/Page_Mattermost/input_All team communication in one place, _dcc84b'

2021-05-30 11:31:07 - [MESSAGE][PASSED] - Text 'nguyenvana' is set on object 'Object Repository/Wrong Password/Page_Mattermost/input_All team communication in one place, _dcc84b'

2021-05-30 11:31:07 - [TEST_STEP][PASSED] - setText(findTestObject("Object Repository/Wrong Password/Page_Mattermost/input_All team communication in one place, _a3edc6"), findTestData("Data CSV/Wrong Password").getValue(1, rowNum)): Text 'minhvu12' is set on object 'Object Repository/Wrong Password/Page_Mattermost/input_All team communication in one place, _a3edc6'

2021-05-30 11:31:08 - [MESSAGE][PASSED] - Text 'minhvu12' is set on object 'Object Repository/Wrong Password/Page_Mattermost/input_All team communication in one place, _a3edc6'

2021-05-30 11:31:08 - [TEST_STEP][PASSED] - click(findTestObject("Object Repository/Wrong Password/Page_Mattermost/button_Sign in")): Object: 'Object Repository/Wrong Password/Page_Mattermost/button_Sign in' is clicked on

2021-05-30 11:31:08 - [MESSAGE][PASSED] - Object: 'Object Repository/Wrong Password/Page_Mattermost/button_Sign in' is clicked on

2021-05-30 11:31:08 - [TEST_STEP][PASSED] - verifyElementPresent(findTestObject("Object Repository/Wrong Password/Page_Mattermost/label_Enter a valid email or username andor_ef8acb"), 0): Object 'Object Repository/Wrong Password/Page_Mattermost/label_Enter a valid email or username andor_ef8acb' is present

2021-05-30 11:31:08 - [MESSAGE][WARNING] - Timeout '0' is invalid. Using default page load timeout: '30'

2021-05-30 11:31:09 - [MESSAGE][PASSED] - Object 'Object Repository/Wrong Password/Page_Mattermost/label_Enter a valid email or username andor_ef8acb' is present

2021-05-30 11:31:09 - [TEST_STEP][PASSED] - setText(findTestObject("Object Repository/Wrong Password/Page_Mattermost/input_All team communication in one place, _dcc84b"), "nguyenvana"): Text 'nguyenvana' is set on object 'Object Repository/Wrong Password/Page_Mattermost/input_All team communication in one place, _dcc84b'

2021-05-30 11:31:09 - [MESSAGE][PASSED] - Text 'nguyenvana' is set on object 'Object Repository/Wrong Password/Page_Mattermost/input_All team communication in one place, _dcc84b'

2021-05-30 11:31:09 - [TEST_STEP][PASSED] - setText(findTestObject("Object Repository/Wrong Password/Page_Mattermost/input_All team communication in one place, _a3edc6"), findTestData("Data CSV/Wrong Password").getValue(1, rowNum)): Text 'thanhtung' is set on object 'Object Repository/Wrong Password/Page_Mattermost/input_All team communication in one place, _a3edc6'

2021-05-30 11:31:10 - [MESSAGE][PASSED] - Text 'thanhtung' is set on object 'Object Repository/Wrong Password/Page_Mattermost/input_All team communication in one place, _a3edc6'

2021-05-30 11:31:10 - [TEST_STEP][PASSED] - click(findTestObject("Object Repository/Wrong Password/Page_Mattermost/button_Sign in")): Object: 'Object Repository/Wrong Password/Page_Mattermost/button_Sign in' is clicked on

2021-05-30 11:31:11 - [MESSAGE][PASSED] - Object: 'Object Repository/Wrong Password/Page_Mattermost/button_Sign in' is clicked on

2021-05-30 11:31:11 - [TEST_STEP][PASSED] - verifyElementPresent(findTestObject("Object Repository/Wrong Password/Page_Mattermost/label_Enter a valid email or username andor_ef8acb"), 0): Object 'Object Repository/Wrong Password/Page_Mattermost/label_Enter a valid email or username andor_ef8acb' is present

2021-05-30 11:31:11 - [MESSAGE][WARNING] - Timeout '0' is invalid. Using default page load timeout: '30'

2021-05-30 11:31:11 - [MESSAGE][PASSED] - Object 'Object Repository/Wrong Password/Page_Mattermost/label_Enter a valid email or username andor_ef8acb' is present

2021-05-30 11:31:11 - [TEST_STEP][PASSED] - setText(findTestObject("Object Repository/Wrong Password/Page_Mattermost/input_All team communication in one place, _dcc84b"), "nguyenvana"): Text 'nguyenvana' is set on object 'Object Repository/Wrong Password/Page_Mattermost/input_All team communication in one place, _dcc84b'

2021-05-30 11:31:12 - [MESSAGE][PASSED] - Text 'nguyenvana' is set on object 'Object Repository/Wrong Password/Page_Mattermost/input_All team communication in one place, _dcc84b'

2021-05-30 11:31:12 - [TEST_STEP][PASSED] - setText(findTestObject("Object Repository/Wrong Password/Page_Mattermost/input_All team communication in one place, _a3edc6"), findTestData("Data CSV/Wrong Password").getValue(1, rowNum)): Text 'tuan456' is set on object 'Object Repository/Wrong Password/Page_Mattermost/input_All team communication in one place, _a3edc6'

2021-05-30 11:31:13 - [MESSAGE][PASSED] - Text 'tuan456' is set on object 'Object Repository/Wrong Password/Page_Mattermost/input_All team communication in one place, _a3edc6'

2021-05-30 11:31:13 - [TEST_STEP][PASSED] - click(findTestObject("Object Repository/Wrong Password/Page_Mattermost/button_Sign in")): Object: 'Object Repository/Wrong Password/Page_Mattermost/button_Sign in' is clicked on

2021-05-30 11:31:13 - [MESSAGE][PASSED] - Object: 'Object Repository/Wrong Password/Page_Mattermost/button_Sign in' is clicked on

2021-05-30 11:31:13 - [TEST_STEP][PASSED] - verifyElementPresent(findTestObject("Object Repository/Wrong Password/Page_Mattermost/label_Enter a valid email or username andor_ef8acb"), 0): Object 'Object Repository/Wrong Password/Page_Mattermost/label_Enter a valid email or username andor_ef8acb' is present

2021-05-30 11:31:13 - [MESSAGE][WARNING] - Timeout '0' is invalid. Using default page load timeout: '30'

2021-05-30 11:31:14 - [MESSAGE][PASSED] - Object 'Object Repository/Wrong Password/Page_Mattermost/label_Enter a valid email or username andor_ef8acb' is present

2021-05-30 11:31:14 - [TEST_STEP][PASSED] - setText(findTestObject("Object Repository/Wrong Password/Page_Mattermost/input_All team communication in one place, _dcc84b"), "nguyenvana"): Text 'nguyenvana' is set on object 'Object Repository/Wrong Password/Page_Mattermost/input_All team communication in one place, _dcc84b'

2021-05-30 11:31:14 - [MESSAGE][PASSED] - Text 'nguyenvana' is set on object 'Object Repository/Wrong Password/Page_Mattermost/input_All team communication in one place, _dcc84b'

2021-05-30 11:31:14 - [TEST_STEP][PASSED] - setText(findTestObject("Object Repository/Wrong Password/Page_Mattermost/input_All team communication in one place, _a3edc6"), findTestData("Data CSV/Wrong Password").getValue(1, rowNum)): Text 'ttuan5689' is set on object 'Object Repository/Wrong Password/Page_Mattermost/input_All team communication in one place, _a3edc6'

2021-05-30 11:31:15 - [MESSAGE][PASSED] - Text 'ttuan5689' is set on object 'Object Repository/Wrong Password/Page_Mattermost/input_All team communication in one place, _a3edc6'

2021-05-30 11:31:15 - [TEST_STEP][PASSED] - click(findTestObject("Object Repository/Wrong Password/Page_Mattermost/button_Sign in")): Object: 'Object Repository/Wrong Password/Page_Mattermost/button_Sign in' is clicked on

2021-05-30 11:31:16 - [MESSAGE][PASSED] - Object: 'Object Repository/Wrong Password/Page_Mattermost/button_Sign in' is clicked on

2021-05-30 11:31:16 - [TEST_STEP][PASSED] - verifyElementPresent(findTestObject("Object Repository/Wrong Password/Page_Mattermost/label_Enter a valid email or username andor_ef8acb"), 0): Object 'Object Repository/Wrong Password/Page_Mattermost/label_Enter a valid email or username andor_ef8acb' is present

2021-05-30 11:31:16 - [MESSAGE][WARNING] - Timeout '0' is invalid. Using default page load timeout: '30'

2021-05-30 11:31:16 - [MESSAGE][PASSED] - Object 'Object Repository/Wrong Password/Page_Mattermost/label_Enter a valid email or username andor_ef8acb' is present

2021-05-30 11:31:16 - [TEST_STEP][PASSED] - closeBrowser(): Browser is closed

2021-05-30 11:31:17 - [MESSAGE][PASSED] - Browser is closed]]></system-out>
         <system-err><![CDATA[]]></system-err>
      </testcase>
      <testcase name="Test Cases/Data CSV Test Case/SearchMember" time="19.864" classname="Test Cases/Data CSV Test Case/SearchMember" status="PASSED">
         <system-out><![CDATA[2021-05-30 11:31:17 - [TEST_CASE][PASSED] - Test Cases/Data CSV Test Case/SearchMember: Test Cases/Data CSV Test Case/SearchMember

2021-05-30 11:31:17 - [TEST_STEP][PASSED] - callTestCase(findTestCase("Internal Test Cases/Successful Login"), ["Username":"", "Password":""], STOP_ON_FAILURE): Call Test Case 'Test Cases/Internal Test Cases/Successful Login' successfully

2021-05-30 11:31:17 - [TEST_CASE][PASSED] - Test Cases/Internal Test Cases/Successful Login: Test Cases/Internal Test Cases/Successful Login

2021-05-30 11:31:17 - [TEST_STEP][PASSED] - openBrowser(""): Browser is opened with url: ''

2021-05-30 11:31:17 - [MESSAGE][INFO] - Starting 'Chrome' driver

2021-05-30 11:31:17 - [MESSAGE][INFO] - Action delay is set to 0 milliseconds

2021-05-30 11:31:18 - [MESSAGE][PASSED] - Browser is opened with url: ''

2021-05-30 11:31:18 - [TEST_STEP][PASSED] - navigateToUrl("https://chudenangcao2021.cf/"): Navigate to 'https://chudenangcao2021.cf/' successfully

2021-05-30 11:31:19 - [MESSAGE][PASSED] - Navigate to 'https://chudenangcao2021.cf/' successfully

2021-05-30 11:31:19 - [TEST_STEP][PASSED] - setText(findTestObject("Object Repository/Page_Mattermost/input_All team communication in one place, _dcc84b"), findTestData("Internal/Internal Login Data").getValue(1, 1)): Text 'nguyenvanb' is set on object 'Object Repository/Page_Mattermost/input_All team communication in one place, _dcc84b'

2021-05-30 11:31:20 - [MESSAGE][PASSED] - Text 'nguyenvanb' is set on object 'Object Repository/Page_Mattermost/input_All team communication in one place, _dcc84b'

2021-05-30 11:31:20 - [TEST_STEP][PASSED] - setEncryptedText(findTestObject("Object Repository/Page_Mattermost/input_All team communication in one place, _a3edc6"), findTestData("Internal/Internal Login Data").getValue(2, 1)): Text ****** has been set on object 'Object Repository/Page_Mattermost/input_All team communication in one place, _a3edc6'

2021-05-30 11:31:21 - [MESSAGE][PASSED] - Text ****** has been set on object 'Object Repository/Page_Mattermost/input_All team communication in one place, _a3edc6'

2021-05-30 11:31:21 - [TEST_STEP][PASSED] - click(findTestObject("Object Repository/Page_Mattermost/button_Sign in")): Object: 'Object Repository/Page_Mattermost/button_Sign in' is clicked on

2021-05-30 11:31:22 - [MESSAGE][PASSED] - Object: 'Object Repository/Page_Mattermost/button_Sign in' is clicked on

2021-05-30 11:31:22 - [TEST_STEP][PASSED] - verifyLinksAccessible(["https://chudenangcao2021.cf/cdnc-cnpm-2021/channels"]): All links are accessible

2021-05-30 11:31:22 - [MESSAGE][INFO] - HAR: C:\Users\nttuan\Downloads\CDNC\mattermost-testing\Reports\20210530_111523\Run all test cases\20210530_111523\requests\main\50.har

2021-05-30 11:31:22 - [MESSAGE][PASSED] - Send request successfully

2021-05-30 11:31:22 - [MESSAGE][PASSED] - All links are accessible

2021-05-30 11:31:22 - [MESSAGE][PASSED] - Call Test Case 'Test Cases/Internal Test Cases/Successful Login' successfully

2021-05-30 11:31:22 - [TEST_STEP][PASSED] - for ([rowNum = 1, rowNum <= findTestData("Data CSV/SearchMember").getRowNumbers(), (rowNum++)]): Object: 'Object Repository/Page_(20) span_Town Square - TEAM NAME Mattermost/span_' is clicked on

2021-05-30 11:31:22 - [TEST_STEP][PASSED] - click(findTestObject("Object Repository/Page_(20) span_Town Square - TEAM NAME Mattermost/span_span_Town Square")): Object: 'Object Repository/Page_(20) span_Town Square - TEAM NAME Mattermost/span_span_Town Square' is clicked on

2021-05-30 11:31:24 - [MESSAGE][PASSED] - Object: 'Object Repository/Page_(20) span_Town Square - TEAM NAME Mattermost/span_span_Town Square' is clicked on

2021-05-30 11:31:24 - [TEST_STEP][PASSED] - click(findTestObject("Object Repository/Page_(20) span_Town Square - TEAM NAME Mattermost/button_View Members")): Object: 'Object Repository/Page_(20) span_Town Square - TEAM NAME Mattermost/button_View Members' is clicked on

2021-05-30 11:31:24 - [MESSAGE][PASSED] - Object: 'Object Repository/Page_(20) span_Town Square - TEAM NAME Mattermost/button_View Members' is clicked on

2021-05-30 11:31:24 - [TEST_STEP][PASSED] - setText(findTestObject("Object Repository/Page_(20) span_Town Square - TEAM NAME Mattermost/input_Search users_searchUsersInput"), findTestData("Data CSV/SearchMember").getValue(1, rowNum)): Text 'cxtuan' is set on object 'Object Repository/Page_(20) span_Town Square - TEAM NAME Mattermost/input_Search users_searchUsersInput'

2021-05-30 11:31:25 - [MESSAGE][PASSED] - Text 'cxtuan' is set on object 'Object Repository/Page_(20) span_Town Square - TEAM NAME Mattermost/input_Search users_searchUsersInput'

2021-05-30 11:31:25 - [TEST_STEP][PASSED] - click(findTestObject("Object Repository/Page_(20) span_Town Square - TEAM NAME Mattermost/span_")): Object: 'Object Repository/Page_(20) span_Town Square - TEAM NAME Mattermost/span_' is clicked on

2021-05-30 11:31:26 - [MESSAGE][PASSED] - Object: 'Object Repository/Page_(20) span_Town Square - TEAM NAME Mattermost/span_' is clicked on

2021-05-30 11:31:26 - [TEST_STEP][PASSED] - click(findTestObject("Object Repository/Page_(20) span_Town Square - TEAM NAME Mattermost/span_span_Town Square")): Object: 'Object Repository/Page_(20) span_Town Square - TEAM NAME Mattermost/span_span_Town Square' is clicked on

2021-05-30 11:31:26 - [MESSAGE][PASSED] - Object: 'Object Repository/Page_(20) span_Town Square - TEAM NAME Mattermost/span_span_Town Square' is clicked on

2021-05-30 11:31:26 - [TEST_STEP][PASSED] - click(findTestObject("Object Repository/Page_(20) span_Town Square - TEAM NAME Mattermost/button_View Members")): Object: 'Object Repository/Page_(20) span_Town Square - TEAM NAME Mattermost/button_View Members' is clicked on

2021-05-30 11:31:27 - [MESSAGE][PASSED] - Object: 'Object Repository/Page_(20) span_Town Square - TEAM NAME Mattermost/button_View Members' is clicked on

2021-05-30 11:31:27 - [TEST_STEP][PASSED] - setText(findTestObject("Object Repository/Page_(20) span_Town Square - TEAM NAME Mattermost/input_Search users_searchUsersInput"), findTestData("Data CSV/SearchMember").getValue(1, rowNum)): Text 'nttuan' is set on object 'Object Repository/Page_(20) span_Town Square - TEAM NAME Mattermost/input_Search users_searchUsersInput'

2021-05-30 11:31:28 - [MESSAGE][PASSED] - Text 'nttuan' is set on object 'Object Repository/Page_(20) span_Town Square - TEAM NAME Mattermost/input_Search users_searchUsersInput'

2021-05-30 11:31:28 - [TEST_STEP][PASSED] - click(findTestObject("Object Repository/Page_(20) span_Town Square - TEAM NAME Mattermost/span_")): Object: 'Object Repository/Page_(20) span_Town Square - TEAM NAME Mattermost/span_' is clicked on

2021-05-30 11:31:29 - [MESSAGE][PASSED] - Object: 'Object Repository/Page_(20) span_Town Square - TEAM NAME Mattermost/span_' is clicked on

2021-05-30 11:31:29 - [TEST_STEP][PASSED] - click(findTestObject("Object Repository/Page_(20) span_Town Square - TEAM NAME Mattermost/span_span_Town Square")): Object: 'Object Repository/Page_(20) span_Town Square - TEAM NAME Mattermost/span_span_Town Square' is clicked on

2021-05-30 11:31:29 - [MESSAGE][PASSED] - Object: 'Object Repository/Page_(20) span_Town Square - TEAM NAME Mattermost/span_span_Town Square' is clicked on

2021-05-30 11:31:29 - [TEST_STEP][PASSED] - click(findTestObject("Object Repository/Page_(20) span_Town Square - TEAM NAME Mattermost/button_View Members")): Object: 'Object Repository/Page_(20) span_Town Square - TEAM NAME Mattermost/button_View Members' is clicked on

2021-05-30 11:31:29 - [MESSAGE][PASSED] - Object: 'Object Repository/Page_(20) span_Town Square - TEAM NAME Mattermost/button_View Members' is clicked on

2021-05-30 11:31:29 - [TEST_STEP][PASSED] - setText(findTestObject("Object Repository/Page_(20) span_Town Square - TEAM NAME Mattermost/input_Search users_searchUsersInput"), findTestData("Data CSV/SearchMember").getValue(1, rowNum)): Text 'nguyenvana' is set on object 'Object Repository/Page_(20) span_Town Square - TEAM NAME Mattermost/input_Search users_searchUsersInput'

2021-05-30 11:31:30 - [MESSAGE][PASSED] - Text 'nguyenvana' is set on object 'Object Repository/Page_(20) span_Town Square - TEAM NAME Mattermost/input_Search users_searchUsersInput'

2021-05-30 11:31:30 - [TEST_STEP][PASSED] - click(findTestObject("Object Repository/Page_(20) span_Town Square - TEAM NAME Mattermost/span_")): Object: 'Object Repository/Page_(20) span_Town Square - TEAM NAME Mattermost/span_' is clicked on

2021-05-30 11:31:31 - [MESSAGE][PASSED] - Object: 'Object Repository/Page_(20) span_Town Square - TEAM NAME Mattermost/span_' is clicked on

2021-05-30 11:31:31 - [TEST_STEP][PASSED] - click(findTestObject("Object Repository/Page_(20) span_Town Square - TEAM NAME Mattermost/span_span_Town Square")): Object: 'Object Repository/Page_(20) span_Town Square - TEAM NAME Mattermost/span_span_Town Square' is clicked on

2021-05-30 11:31:31 - [MESSAGE][PASSED] - Object: 'Object Repository/Page_(20) span_Town Square - TEAM NAME Mattermost/span_span_Town Square' is clicked on

2021-05-30 11:31:31 - [TEST_STEP][PASSED] - click(findTestObject("Object Repository/Page_(20) span_Town Square - TEAM NAME Mattermost/button_View Members")): Object: 'Object Repository/Page_(20) span_Town Square - TEAM NAME Mattermost/button_View Members' is clicked on

2021-05-30 11:31:32 - [MESSAGE][PASSED] - Object: 'Object Repository/Page_(20) span_Town Square - TEAM NAME Mattermost/button_View Members' is clicked on

2021-05-30 11:31:32 - [TEST_STEP][PASSED] - setText(findTestObject("Object Repository/Page_(20) span_Town Square - TEAM NAME Mattermost/input_Search users_searchUsersInput"), findTestData("Data CSV/SearchMember").getValue(1, rowNum)): Text 'nguyenvanb' is set on object 'Object Repository/Page_(20) span_Town Square - TEAM NAME Mattermost/input_Search users_searchUsersInput'

2021-05-30 11:31:33 - [MESSAGE][PASSED] - Text 'nguyenvanb' is set on object 'Object Repository/Page_(20) span_Town Square - TEAM NAME Mattermost/input_Search users_searchUsersInput'

2021-05-30 11:31:33 - [TEST_STEP][PASSED] - click(findTestObject("Object Repository/Page_(20) span_Town Square - TEAM NAME Mattermost/span_")): Object: 'Object Repository/Page_(20) span_Town Square - TEAM NAME Mattermost/span_' is clicked on

2021-05-30 11:31:34 - [MESSAGE][PASSED] - Object: 'Object Repository/Page_(20) span_Town Square - TEAM NAME Mattermost/span_' is clicked on

2021-05-30 11:31:34 - [TEST_STEP][PASSED] - click(findTestObject("Object Repository/Page_(20) span_Town Square - TEAM NAME Mattermost/span_span_Town Square")): Object: 'Object Repository/Page_(20) span_Town Square - TEAM NAME Mattermost/span_span_Town Square' is clicked on

2021-05-30 11:31:34 - [MESSAGE][PASSED] - Object: 'Object Repository/Page_(20) span_Town Square - TEAM NAME Mattermost/span_span_Town Square' is clicked on

2021-05-30 11:31:34 - [TEST_STEP][PASSED] - click(findTestObject("Object Repository/Page_(20) span_Town Square - TEAM NAME Mattermost/button_View Members")): Object: 'Object Repository/Page_(20) span_Town Square - TEAM NAME Mattermost/button_View Members' is clicked on

2021-05-30 11:31:34 - [MESSAGE][PASSED] - Object: 'Object Repository/Page_(20) span_Town Square - TEAM NAME Mattermost/button_View Members' is clicked on

2021-05-30 11:31:34 - [TEST_STEP][PASSED] - setText(findTestObject("Object Repository/Page_(20) span_Town Square - TEAM NAME Mattermost/input_Search users_searchUsersInput"), findTestData("Data CSV/SearchMember").getValue(1, rowNum)): Text 'thanhtung' is set on object 'Object Repository/Page_(20) span_Town Square - TEAM NAME Mattermost/input_Search users_searchUsersInput'

2021-05-30 11:31:35 - [MESSAGE][PASSED] - Text 'thanhtung' is set on object 'Object Repository/Page_(20) span_Town Square - TEAM NAME Mattermost/input_Search users_searchUsersInput'

2021-05-30 11:31:35 - [TEST_STEP][PASSED] - click(findTestObject("Object Repository/Page_(20) span_Town Square - TEAM NAME Mattermost/span_")): Object: 'Object Repository/Page_(20) span_Town Square - TEAM NAME Mattermost/span_' is clicked on

2021-05-30 11:31:36 - [MESSAGE][PASSED] - Object: 'Object Repository/Page_(20) span_Town Square - TEAM NAME Mattermost/span_' is clicked on

2021-05-30 11:31:36 - [TEST_STEP][PASSED] - closeBrowser(): Browser is closed

2021-05-30 11:31:37 - [MESSAGE][PASSED] - Browser is closed]]></system-out>
         <system-err><![CDATA[]]></system-err>
      </testcase>
      <testcase name="Test Cases/Data CSV Test Case/SetStatus" time="73.39" classname="Test Cases/Data CSV Test Case/SetStatus" status="FAILED">
         <failure type="FAILED" message="Test Cases/Data CSV Test Case/SetStatus FAILED.
Reason:
com.kms.katalon.core.exception.StepFailedException: Unable to click on object 'Object Repository/SetStatus/Page_TEST CHANNEL - TEAM NAME Mattermost/img_TEAM NAME_Avatar Avatar-lg'
	at com.kms.katalon.core.webui.keyword.internal.WebUIKeywordMain.stepFailed(WebUIKeywordMain.groovy:64)
	at com.kms.katalon.core.webui.keyword.internal.WebUIKeywordMain.runKeyword(WebUIKeywordMain.groovy:26)
	at com.kms.katalon.core.webui.keyword.builtin.ClickKeyword.click(ClickKeyword.groovy:75)
	at com.kms.katalon.core.webui.keyword.builtin.ClickKeyword.execute(ClickKeyword.groovy:42)
	at com.kms.katalon.core.keyword.internal.KeywordExecutor.executeKeywordForPlatform(KeywordExecutor.groovy:73)
	at com.kms.katalon.core.webui.keyword.WebUiBuiltInKeywords.click(WebUiBuiltInKeywords.groovy:619)
	at com.kms.katalon.core.webui.keyword.WebUiBuiltInKeywords$click$2.call(Unknown Source)
	at SetStatus.run(SetStatus:24)
	at com.kms.katalon.core.main.ScriptEngine.run(ScriptEngine.java:194)
	at com.kms.katalon.core.main.ScriptEngine.runScriptAsRawText(ScriptEngine.java:119)
	at com.kms.katalon.core.main.TestCaseExecutor.runScript(TestCaseExecutor.java:398)
	at com.kms.katalon.core.main.TestCaseExecutor.doExecute(TestCaseExecutor.java:389)
	at com.kms.katalon.core.main.TestCaseExecutor.processExecutionPhase(TestCaseExecutor.java:368)
	at com.kms.katalon.core.main.TestCaseExecutor.accessMainPhase(TestCaseExecutor.java:360)
	at com.kms.katalon.core.main.TestCaseExecutor.execute(TestCaseExecutor.java:255)
	at com.kms.katalon.core.main.TestSuiteExecutor.accessTestCaseMainPhase(TestSuiteExecutor.java:203)
	at com.kms.katalon.core.main.TestSuiteExecutor.accessTestSuiteMainPhase(TestSuiteExecutor.java:152)
	at com.kms.katalon.core.main.TestSuiteExecutor.execute(TestSuiteExecutor.java:95)
	at com.kms.katalon.core.main.TestCaseMain.startTestSuite(TestCaseMain.java:157)
	at com.kms.katalon.core.main.TestCaseMain$startTestSuite$0.call(Unknown Source)
	at TempTestSuite1622373323128.run(TempTestSuite1622373323128.groovy:39)
Caused by: org.openqa.selenium.ElementClickInterceptedException: element click intercepted: Element &lt;img class=&quot;Avatar Avatar-lg&quot; alt=&quot;user profile image&quot; src=&quot;https://chudenangcao2021.cf/api/v4/users/75sk9tnqntyaixbqarg1ps69we/image&quot;> is not clickable at point (99, 30). Other element would receive the click: &lt;div role=&quot;dialog&quot; aria-labelledby=&quot;genericModalLabel&quot; id=&quot;custom_status_modal&quot; tabindex=&quot;-1&quot; class=&quot;fade in modal&quot; style=&quot;display: block;&quot;>...&lt;/div>
  (Session info: chrome=91.0.4472.77)
Build info: version: '3.141.59', revision: 'e82be7d358', time: '2018-11-14T08:25:53'
System info: host: 'WIN-SERVER-2019', ip: '10.1.0.4', os.name: 'Windows Server 2019', os.arch: 'amd64', os.version: '10.0', java.version: '1.8.0_282'
Driver info: com.kms.katalon.selenium.driver.CChromeDriver
Capabilities {acceptInsecureCerts: false, browserName: chrome, browserVersion: 91.0.4472.77, chrome: {chromedriverVersion: 90.0.4430.24 (4c6d850f087da..., userDataDir: C:\Users\nttuan\AppData\Loc...}, goog:chromeOptions: {debuggerAddress: localhost:59651}, javascriptEnabled: true, networkConnectionEnabled: false, pageLoadStrategy: normal, platform: WINDOWS, platformName: WINDOWS, proxy: Proxy(), setWindowRect: true, strictFileInteractability: false, timeouts: {implicit: 0, pageLoad: 300000, script: 30000}, unhandledPromptBehavior: dismiss and notify, webauthn:extension:largeBlob: true, webauthn:virtualAuthenticators: true}
Session ID: 617b0e0b89821543dbf0b75ab8d3087f
	at org.openqa.selenium.remote.http.W3CHttpResponseCodec.createException(W3CHttpResponseCodec.java:187)
	at org.openqa.selenium.remote.http.W3CHttpResponseCodec.decode(W3CHttpResponseCodec.java:122)
	at org.openqa.selenium.remote.http.W3CHttpResponseCodec.decode(W3CHttpResponseCodec.java:49)
	at org.openqa.selenium.remote.HttpCommandExecutor.execute(HttpCommandExecutor.java:158)
	at org.openqa.selenium.remote.service.DriverCommandExecutor.execute(DriverCommandExecutor.java:83)
	at org.openqa.selenium.remote.RemoteWebDriver.execute(RemoteWebDriver.java:552)
	at com.kms.katalon.selenium.driver.CChromeDriver.execute(CChromeDriver.java:19)
	at org.openqa.selenium.remote.RemoteWebElement.execute(RemoteWebElement.java:285)
	at org.openqa.selenium.remote.RemoteWebElement.click(RemoteWebElement.java:84)
	at org.openqa.selenium.support.events.EventFiringWebDriver$EventFiringWebElement.lambda$new$0(EventFiringWebDriver.java:404)
	at com.sun.proxy.$Proxy17.click(Unknown Source)
	at org.openqa.selenium.support.events.EventFiringWebDriver$EventFiringWebElement.click(EventFiringWebDriver.java:417)
	at com.kms.katalon.core.webui.keyword.builtin.ClickKeyword$_click_closure1.doCall(ClickKeyword.groovy:68)
	at com.kms.katalon.core.webui.keyword.builtin.ClickKeyword$_click_closure1.call(ClickKeyword.groovy)
	at com.kms.katalon.core.webui.keyword.internal.WebUIKeywordMain.runKeyword(WebUIKeywordMain.groovy:20)
	... 19 more
"/>
         <system-out><![CDATA[2021-05-30 11:31:37 - [TEST_CASE][FAILED] - Test Cases/Data CSV Test Case/SetStatus: Test Cases/Data CSV Test Case/SetStatus FAILED.
Reason:
com.kms.katalon.core.exception.StepFailedException: Unable to click on object 'Object Repository/SetStatus/Page_TEST CHANNEL - TEAM NAME Mattermost/img_TEAM NAME_Avatar Avatar-lg'
	at com.kms.katalon.core.webui.keyword.internal.WebUIKeywordMain.stepFailed(WebUIKeywordMain.groovy:64)
	at com.kms.katalon.core.webui.keyword.internal.WebUIKeywordMain.runKeyword(WebUIKeywordMain.groovy:26)
	at com.kms.katalon.core.webui.keyword.builtin.ClickKeyword.click(ClickKeyword.groovy:75)
	at com.kms.katalon.core.webui.keyword.builtin.ClickKeyword.execute(ClickKeyword.groovy:42)
	at com.kms.katalon.core.keyword.internal.KeywordExecutor.executeKeywordForPlatform(KeywordExecutor.groovy:73)
	at com.kms.katalon.core.webui.keyword.WebUiBuiltInKeywords.click(WebUiBuiltInKeywords.groovy:619)
	at com.kms.katalon.core.webui.keyword.WebUiBuiltInKeywords$click$2.call(Unknown Source)
	at SetStatus.run(SetStatus:24)
	at com.kms.katalon.core.main.ScriptEngine.run(ScriptEngine.java:194)
	at com.kms.katalon.core.main.ScriptEngine.runScriptAsRawText(ScriptEngine.java:119)
	at com.kms.katalon.core.main.TestCaseExecutor.runScript(TestCaseExecutor.java:398)
	at com.kms.katalon.core.main.TestCaseExecutor.doExecute(TestCaseExecutor.java:389)
	at com.kms.katalon.core.main.TestCaseExecutor.processExecutionPhase(TestCaseExecutor.java:368)
	at com.kms.katalon.core.main.TestCaseExecutor.accessMainPhase(TestCaseExecutor.java:360)
	at com.kms.katalon.core.main.TestCaseExecutor.execute(TestCaseExecutor.java:255)
	at com.kms.katalon.core.main.TestSuiteExecutor.accessTestCaseMainPhase(TestSuiteExecutor.java:203)
	at com.kms.katalon.core.main.TestSuiteExecutor.accessTestSuiteMainPhase(TestSuiteExecutor.java:152)
	at com.kms.katalon.core.main.TestSuiteExecutor.execute(TestSuiteExecutor.java:95)
	at com.kms.katalon.core.main.TestCaseMain.startTestSuite(TestCaseMain.java:157)
	at com.kms.katalon.core.main.TestCaseMain$startTestSuite$0.call(Unknown Source)
	at TempTestSuite1622373323128.run(TempTestSuite1622373323128.groovy:39)
Caused by: org.openqa.selenium.ElementClickInterceptedException: element click intercepted: Element <img class="Avatar Avatar-lg" alt="user profile image" src="https://chudenangcao2021.cf/api/v4/users/75sk9tnqntyaixbqarg1ps69we/image"> is not clickable at point (99, 30). Other element would receive the click: <div role="dialog" aria-labelledby="genericModalLabel" id="custom_status_modal" tabindex="-1" class="fade in modal" style="display: block;">...</div>
  (Session info: chrome=91.0.4472.77)
Build info: version: '3.141.59', revision: 'e82be7d358', time: '2018-11-14T08:25:53'
System info: host: 'WIN-SERVER-2019', ip: '10.1.0.4', os.name: 'Windows Server 2019', os.arch: 'amd64', os.version: '10.0', java.version: '1.8.0_282'
Driver info: com.kms.katalon.selenium.driver.CChromeDriver
Capabilities {acceptInsecureCerts: false, browserName: chrome, browserVersion: 91.0.4472.77, chrome: {chromedriverVersion: 90.0.4430.24 (4c6d850f087da..., userDataDir: C:\Users\nttuan\AppData\Loc...}, goog:chromeOptions: {debuggerAddress: localhost:59651}, javascriptEnabled: true, networkConnectionEnabled: false, pageLoadStrategy: normal, platform: WINDOWS, platformName: WINDOWS, proxy: Proxy(), setWindowRect: true, strictFileInteractability: false, timeouts: {implicit: 0, pageLoad: 300000, script: 30000}, unhandledPromptBehavior: dismiss and notify, webauthn:extension:largeBlob: true, webauthn:virtualAuthenticators: true}
Session ID: 617b0e0b89821543dbf0b75ab8d3087f
	at org.openqa.selenium.remote.http.W3CHttpResponseCodec.createException(W3CHttpResponseCodec.java:187)
	at org.openqa.selenium.remote.http.W3CHttpResponseCodec.decode(W3CHttpResponseCodec.java:122)
	at org.openqa.selenium.remote.http.W3CHttpResponseCodec.decode(W3CHttpResponseCodec.java:49)
	at org.openqa.selenium.remote.HttpCommandExecutor.execute(HttpCommandExecutor.java:158)
	at org.openqa.selenium.remote.service.DriverCommandExecutor.execute(DriverCommandExecutor.java:83)
	at org.openqa.selenium.remote.RemoteWebDriver.execute(RemoteWebDriver.java:552)
	at com.kms.katalon.selenium.driver.CChromeDriver.execute(CChromeDriver.java:19)
	at org.openqa.selenium.remote.RemoteWebElement.execute(RemoteWebElement.java:285)
	at org.openqa.selenium.remote.RemoteWebElement.click(RemoteWebElement.java:84)
	at org.openqa.selenium.support.events.EventFiringWebDriver$EventFiringWebElement.lambda$new$0(EventFiringWebDriver.java:404)
	at com.sun.proxy.$Proxy17.click(Unknown Source)
	at org.openqa.selenium.support.events.EventFiringWebDriver$EventFiringWebElement.click(EventFiringWebDriver.java:417)
	at com.kms.katalon.core.webui.keyword.builtin.ClickKeyword$_click_closure1.doCall(ClickKeyword.groovy:68)
	at com.kms.katalon.core.webui.keyword.builtin.ClickKeyword$_click_closure1.call(ClickKeyword.groovy)
	at com.kms.katalon.core.webui.keyword.internal.WebUIKeywordMain.runKeyword(WebUIKeywordMain.groovy:20)
	... 19 more


2021-05-30 11:31:37 - [TEST_STEP][PASSED] - callTestCase(findTestCase("Internal Test Cases/Successful Login"), ["Username":"", "Password":""], STOP_ON_FAILURE): Call Test Case 'Test Cases/Internal Test Cases/Successful Login' successfully

2021-05-30 11:31:37 - [TEST_CASE][PASSED] - Test Cases/Internal Test Cases/Successful Login: Test Cases/Internal Test Cases/Successful Login

2021-05-30 11:31:37 - [TEST_STEP][PASSED] - openBrowser(""): Browser is opened with url: ''

2021-05-30 11:31:37 - [MESSAGE][INFO] - Starting 'Chrome' driver

2021-05-30 11:31:37 - [MESSAGE][INFO] - Action delay is set to 0 milliseconds

2021-05-30 11:31:38 - [MESSAGE][PASSED] - Browser is opened with url: ''

2021-05-30 11:31:38 - [TEST_STEP][PASSED] - navigateToUrl("https://chudenangcao2021.cf/"): Navigate to 'https://chudenangcao2021.cf/' successfully

2021-05-30 11:31:40 - [MESSAGE][PASSED] - Navigate to 'https://chudenangcao2021.cf/' successfully

2021-05-30 11:31:40 - [TEST_STEP][PASSED] - setText(findTestObject("Object Repository/Page_Mattermost/input_All team communication in one place, _dcc84b"), findTestData("Internal/Internal Login Data").getValue(1, 1)): Text 'nguyenvanb' is set on object 'Object Repository/Page_Mattermost/input_All team communication in one place, _dcc84b'

2021-05-30 11:31:41 - [MESSAGE][PASSED] - Text 'nguyenvanb' is set on object 'Object Repository/Page_Mattermost/input_All team communication in one place, _dcc84b'

2021-05-30 11:31:41 - [TEST_STEP][PASSED] - setEncryptedText(findTestObject("Object Repository/Page_Mattermost/input_All team communication in one place, _a3edc6"), findTestData("Internal/Internal Login Data").getValue(2, 1)): Text ****** has been set on object 'Object Repository/Page_Mattermost/input_All team communication in one place, _a3edc6'

2021-05-30 11:31:42 - [MESSAGE][PASSED] - Text ****** has been set on object 'Object Repository/Page_Mattermost/input_All team communication in one place, _a3edc6'

2021-05-30 11:31:42 - [TEST_STEP][PASSED] - click(findTestObject("Object Repository/Page_Mattermost/button_Sign in")): Object: 'Object Repository/Page_Mattermost/button_Sign in' is clicked on

2021-05-30 11:31:42 - [MESSAGE][PASSED] - Object: 'Object Repository/Page_Mattermost/button_Sign in' is clicked on

2021-05-30 11:31:42 - [TEST_STEP][PASSED] - verifyLinksAccessible(["https://chudenangcao2021.cf/cdnc-cnpm-2021/channels"]): All links are accessible

2021-05-30 11:31:43 - [MESSAGE][INFO] - HAR: C:\Users\nttuan\Downloads\CDNC\mattermost-testing\Reports\20210530_111523\Run all test cases\20210530_111523\requests\main\51.har

2021-05-30 11:31:43 - [MESSAGE][PASSED] - Send request successfully

2021-05-30 11:31:43 - [MESSAGE][PASSED] - All links are accessible

2021-05-30 11:31:43 - [MESSAGE][PASSED] - Call Test Case 'Test Cases/Internal Test Cases/Successful Login' successfully

2021-05-30 11:31:43 - [TEST_STEP][FAILED] - for ([rowNum = 1, rowNum <= findTestData("Data CSV/Set Status").getRowNumbers(), (rowNum++)]): Unable to click on object 'Object Repository/SetStatus/Page_TEST CHANNEL - TEAM NAME Mattermost/img_TEAM NAME_Avatar Avatar-lg' (Root cause: com.kms.katalon.core.exception.StepFailedException: Unable to click on object 'Object Repository/SetStatus/Page_TEST CHANNEL - TEAM NAME Mattermost/img_TEAM NAME_Avatar Avatar-lg'
	at com.kms.katalon.core.webui.keyword.internal.WebUIKeywordMain.stepFailed(WebUIKeywordMain.groovy:64)
	at com.kms.katalon.core.webui.keyword.internal.WebUIKeywordMain.runKeyword(WebUIKeywordMain.groovy:26)
	at com.kms.katalon.core.webui.keyword.builtin.ClickKeyword.click(ClickKeyword.groovy:75)
	at com.kms.katalon.core.webui.keyword.builtin.ClickKeyword.execute(ClickKeyword.groovy:42)
	at com.kms.katalon.core.keyword.internal.KeywordExecutor.executeKeywordForPlatform(KeywordExecutor.groovy:73)
	at com.kms.katalon.core.webui.keyword.WebUiBuiltInKeywords.click(WebUiBuiltInKeywords.groovy:619)
	at com.kms.katalon.core.webui.keyword.WebUiBuiltInKeywords$click$2.call(Unknown Source)
	at SetStatus.run(SetStatus:24)
	at com.kms.katalon.core.main.ScriptEngine.run(ScriptEngine.java:194)
	at com.kms.katalon.core.main.ScriptEngine.runScriptAsRawText(ScriptEngine.java:119)
	at com.kms.katalon.core.main.TestCaseExecutor.runScript(TestCaseExecutor.java:398)
	at com.kms.katalon.core.main.TestCaseExecutor.doExecute(TestCaseExecutor.java:389)
	at com.kms.katalon.core.main.TestCaseExecutor.processExecutionPhase(TestCaseExecutor.java:368)
	at com.kms.katalon.core.main.TestCaseExecutor.accessMainPhase(TestCaseExecutor.java:360)
	at com.kms.katalon.core.main.TestCaseExecutor.execute(TestCaseExecutor.java:255)
	at com.kms.katalon.core.main.TestSuiteExecutor.accessTestCaseMainPhase(TestSuiteExecutor.java:203)
	at com.kms.katalon.core.main.TestSuiteExecutor.accessTestSuiteMainPhase(TestSuiteExecutor.java:152)
	at com.kms.katalon.core.main.TestSuiteExecutor.execute(TestSuiteExecutor.java:95)
	at com.kms.katalon.core.main.TestCaseMain.startTestSuite(TestCaseMain.java:157)
	at com.kms.katalon.core.main.TestCaseMain$startTestSuite$0.call(Unknown Source)
	at TempTestSuite1622373323128.run(TempTestSuite1622373323128.groovy:39)
Caused by: org.openqa.selenium.ElementClickInterceptedException: element click intercepted: Element <img class="Avatar Avatar-lg" alt="user profile image" src="https://chudenangcao2021.cf/api/v4/users/75sk9tnqntyaixbqarg1ps69we/image"> is not clickable at point (99, 30). Other element would receive the click: <div role="dialog" aria-labelledby="genericModalLabel" id="custom_status_modal" tabindex="-1" class="fade in modal" style="display: block;">...</div>
  (Session info: chrome=91.0.4472.77)
Build info: version: '3.141.59', revision: 'e82be7d358', time: '2018-11-14T08:25:53'
System info: host: 'WIN-SERVER-2019', ip: '10.1.0.4', os.name: 'Windows Server 2019', os.arch: 'amd64', os.version: '10.0', java.version: '1.8.0_282'
Driver info: com.kms.katalon.selenium.driver.CChromeDriver
Capabilities {acceptInsecureCerts: false, browserName: chrome, browserVersion: 91.0.4472.77, chrome: {chromedriverVersion: 90.0.4430.24 (4c6d850f087da..., userDataDir: C:\Users\nttuan\AppData\Loc...}, goog:chromeOptions: {debuggerAddress: localhost:59651}, javascriptEnabled: true, networkConnectionEnabled: false, pageLoadStrategy: normal, platform: WINDOWS, platformName: WINDOWS, proxy: Proxy(), setWindowRect: true, strictFileInteractability: false, timeouts: {implicit: 0, pageLoad: 300000, script: 30000}, unhandledPromptBehavior: dismiss and notify, webauthn:extension:largeBlob: true, webauthn:virtualAuthenticators: true}
Session ID: 617b0e0b89821543dbf0b75ab8d3087f
	at org.openqa.selenium.remote.http.W3CHttpResponseCodec.createException(W3CHttpResponseCodec.java:187)
	at org.openqa.selenium.remote.http.W3CHttpResponseCodec.decode(W3CHttpResponseCodec.java:122)
	at org.openqa.selenium.remote.http.W3CHttpResponseCodec.decode(W3CHttpResponseCodec.java:49)
	at org.openqa.selenium.remote.HttpCommandExecutor.execute(HttpCommandExecutor.java:158)
	at org.openqa.selenium.remote.service.DriverCommandExecutor.execute(DriverCommandExecutor.java:83)
	at org.openqa.selenium.remote.RemoteWebDriver.execute(RemoteWebDriver.java:552)
	at com.kms.katalon.selenium.driver.CChromeDriver.execute(CChromeDriver.java:19)
	at org.openqa.selenium.remote.RemoteWebElement.execute(RemoteWebElement.java:285)
	at org.openqa.selenium.remote.RemoteWebElement.click(RemoteWebElement.java:84)
	at org.openqa.selenium.support.events.EventFiringWebDriver$EventFiringWebElement.lambda$new$0(EventFiringWebDriver.java:404)
	at com.sun.proxy.$Proxy17.click(Unknown Source)
	at org.openqa.selenium.support.events.EventFiringWebDriver$EventFiringWebElement.click(EventFiringWebDriver.java:417)
	at com.kms.katalon.core.webui.keyword.builtin.ClickKeyword$_click_closure1.doCall(ClickKeyword.groovy:68)
	at com.kms.katalon.core.webui.keyword.builtin.ClickKeyword$_click_closure1.call(ClickKeyword.groovy)
	at com.kms.katalon.core.webui.keyword.internal.WebUIKeywordMain.runKeyword(WebUIKeywordMain.groovy:20)
	at com.kms.katalon.core.webui.keyword.builtin.ClickKeyword.click(ClickKeyword.groovy:75)
	at com.kms.katalon.core.webui.keyword.builtin.ClickKeyword.execute(ClickKeyword.groovy:42)
	at com.kms.katalon.core.keyword.internal.KeywordExecutor.executeKeywordForPlatform(KeywordExecutor.groovy:73)
	at com.kms.katalon.core.webui.keyword.WebUiBuiltInKeywords.click(WebUiBuiltInKeywords.groovy:619)
	at com.kms.katalon.core.webui.keyword.WebUiBuiltInKeywords$click$2.call(Unknown Source)
	at Script1622098923482.run(Script1622098923482.groovy:24)
	... 13 more
)

2021-05-30 11:31:43 - [TEST_STEP][PASSED] - click(findTestObject("Object Repository/SetStatus/Page_TEST CHANNEL - TEAM NAME Mattermost/img_TEAM NAME_Avatar Avatar-lg")): Object: 'Object Repository/SetStatus/Page_TEST CHANNEL - TEAM NAME Mattermost/img_TEAM NAME_Avatar Avatar-lg' is clicked on

2021-05-30 11:31:44 - [MESSAGE][PASSED] - Object: 'Object Repository/SetStatus/Page_TEST CHANNEL - TEAM NAME Mattermost/img_TEAM NAME_Avatar Avatar-lg' is clicked on

2021-05-30 11:31:44 - [TEST_STEP][PASSED] - click(findTestObject("Object Repository/SetStatus/Page_TEST CHANNEL - TEAM NAME Mattermost/button_on duty")): Object: 'Object Repository/SetStatus/Page_TEST CHANNEL - TEAM NAME Mattermost/button_on duty' is clicked on

2021-05-30 11:31:45 - [MESSAGE][PASSED] - Object: 'Object Repository/SetStatus/Page_TEST CHANNEL - TEAM NAME Mattermost/button_on duty' is clicked on

2021-05-30 11:31:45 - [TEST_STEP][PASSED] - setText(findTestObject("Object Repository/SetStatus/Page_TEST CHANNEL - TEAM NAME Mattermost/input_Set a status_MaxLengthInput form-control"), findTestData("Data CSV/Set Status").getValue(1, rowNum)): Text 'on business' is set on object 'Object Repository/SetStatus/Page_TEST CHANNEL - TEAM NAME Mattermost/input_Set a status_MaxLengthInput form-control'

2021-05-30 11:32:16 - [MESSAGE][INFO] - Unable to find the element located by 'By.xpath: (//input[@value=''])[2]'. Please recheck the objects properties to make sure the desired element is located. 

2021-05-30 11:32:16 - [MESSAGE][WARNING] - [SELF-HEALING] Failed to find element with id 'Object Repository/SetStatus/Page_TEST CHANNEL - TEAM NAME Mattermost/input_Set a status_MaxLengthInput form-control'. Try using Self-healing.

2021-05-30 11:32:16 - [MESSAGE][WARNING] - [SELF-HEALING] The current locator of test object 'Object Repository/SetStatus/Page_TEST CHANNEL - TEAM NAME Mattermost/input_Set a status_MaxLengthInput form-control' was broken. Propose an alternative one: '//div[@id='custom_status_modal']/div/div/form/div/div[2]/div/div/div[2]/input'.

2021-05-30 11:32:47 - [MESSAGE][INFO] - Unable to find the element located by 'By.xpath: (//input[@value=''])[2]'. Please recheck the objects properties to make sure the desired element is located. 

2021-05-30 11:32:47 - [MESSAGE][WARNING] - [SELF-HEALING] Failed to find element with id 'Object Repository/SetStatus/Page_TEST CHANNEL - TEAM NAME Mattermost/input_Set a status_MaxLengthInput form-control'. Try using Self-healing.

2021-05-30 11:32:48 - [MESSAGE][WARNING] - [SELF-HEALING] The current locator of test object 'Object Repository/SetStatus/Page_TEST CHANNEL - TEAM NAME Mattermost/input_Set a status_MaxLengthInput form-control' was broken. Propose an alternative one: '//div[@id='custom_status_modal']/div/div/form/div/div[2]/div/div/div[2]/input'.

2021-05-30 11:32:48 - [MESSAGE][PASSED] - Text 'on business' is set on object 'Object Repository/SetStatus/Page_TEST CHANNEL - TEAM NAME Mattermost/input_Set a status_MaxLengthInput form-control'

2021-05-30 11:32:48 - [TEST_STEP][PASSED] - click(findTestObject("Object Repository/SetStatus/Page_TEST CHANNEL - TEAM NAME Mattermost/button_Set Status")): Object: 'Object Repository/SetStatus/Page_TEST CHANNEL - TEAM NAME Mattermost/button_Set Status' is clicked on

2021-05-30 11:32:48 - [MESSAGE][PASSED] - Object: 'Object Repository/SetStatus/Page_TEST CHANNEL - TEAM NAME Mattermost/button_Set Status' is clicked on

2021-05-30 11:32:48 - [TEST_STEP][FAILED] - click(findTestObject("Object Repository/SetStatus/Page_TEST CHANNEL - TEAM NAME Mattermost/img_TEAM NAME_Avatar Avatar-lg")): Unable to click on object 'Object Repository/SetStatus/Page_TEST CHANNEL - TEAM NAME Mattermost/img_TEAM NAME_Avatar Avatar-lg' (Root cause: com.kms.katalon.core.exception.StepFailedException: Unable to click on object 'Object Repository/SetStatus/Page_TEST CHANNEL - TEAM NAME Mattermost/img_TEAM NAME_Avatar Avatar-lg'
	at com.kms.katalon.core.webui.keyword.internal.WebUIKeywordMain.stepFailed(WebUIKeywordMain.groovy:64)
	at com.kms.katalon.core.webui.keyword.internal.WebUIKeywordMain.runKeyword(WebUIKeywordMain.groovy:26)
	at com.kms.katalon.core.webui.keyword.builtin.ClickKeyword.click(ClickKeyword.groovy:75)
	at com.kms.katalon.core.webui.keyword.builtin.ClickKeyword.execute(ClickKeyword.groovy:42)
	at com.kms.katalon.core.keyword.internal.KeywordExecutor.executeKeywordForPlatform(KeywordExecutor.groovy:73)
	at com.kms.katalon.core.webui.keyword.WebUiBuiltInKeywords.click(WebUiBuiltInKeywords.groovy:619)
	at com.kms.katalon.core.webui.keyword.WebUiBuiltInKeywords$click$2.call(Unknown Source)
	at SetStatus.run(SetStatus:24)
	at com.kms.katalon.core.main.ScriptEngine.run(ScriptEngine.java:194)
	at com.kms.katalon.core.main.ScriptEngine.runScriptAsRawText(ScriptEngine.java:119)
	at com.kms.katalon.core.main.TestCaseExecutor.runScript(TestCaseExecutor.java:398)
	at com.kms.katalon.core.main.TestCaseExecutor.doExecute(TestCaseExecutor.java:389)
	at com.kms.katalon.core.main.TestCaseExecutor.processExecutionPhase(TestCaseExecutor.java:368)
	at com.kms.katalon.core.main.TestCaseExecutor.accessMainPhase(TestCaseExecutor.java:360)
	at com.kms.katalon.core.main.TestCaseExecutor.execute(TestCaseExecutor.java:255)
	at com.kms.katalon.core.main.TestSuiteExecutor.accessTestCaseMainPhase(TestSuiteExecutor.java:203)
	at com.kms.katalon.core.main.TestSuiteExecutor.accessTestSuiteMainPhase(TestSuiteExecutor.java:152)
	at com.kms.katalon.core.main.TestSuiteExecutor.execute(TestSuiteExecutor.java:95)
	at com.kms.katalon.core.main.TestCaseMain.startTestSuite(TestCaseMain.java:157)
	at com.kms.katalon.core.main.TestCaseMain$startTestSuite$0.call(Unknown Source)
	at TempTestSuite1622373323128.run(TempTestSuite1622373323128.groovy:39)
Caused by: org.openqa.selenium.ElementClickInterceptedException: element click intercepted: Element <img class="Avatar Avatar-lg" alt="user profile image" src="https://chudenangcao2021.cf/api/v4/users/75sk9tnqntyaixbqarg1ps69we/image"> is not clickable at point (99, 30). Other element would receive the click: <div role="dialog" aria-labelledby="genericModalLabel" id="custom_status_modal" tabindex="-1" class="fade in modal" style="display: block;">...</div>
  (Session info: chrome=91.0.4472.77)
Build info: version: '3.141.59', revision: 'e82be7d358', time: '2018-11-14T08:25:53'
System info: host: 'WIN-SERVER-2019', ip: '10.1.0.4', os.name: 'Windows Server 2019', os.arch: 'amd64', os.version: '10.0', java.version: '1.8.0_282'
Driver info: com.kms.katalon.selenium.driver.CChromeDriver
Capabilities {acceptInsecureCerts: false, browserName: chrome, browserVersion: 91.0.4472.77, chrome: {chromedriverVersion: 90.0.4430.24 (4c6d850f087da..., userDataDir: C:\Users\nttuan\AppData\Loc...}, goog:chromeOptions: {debuggerAddress: localhost:59651}, javascriptEnabled: true, networkConnectionEnabled: false, pageLoadStrategy: normal, platform: WINDOWS, platformName: WINDOWS, proxy: Proxy(), setWindowRect: true, strictFileInteractability: false, timeouts: {implicit: 0, pageLoad: 300000, script: 30000}, unhandledPromptBehavior: dismiss and notify, webauthn:extension:largeBlob: true, webauthn:virtualAuthenticators: true}
Session ID: 617b0e0b89821543dbf0b75ab8d3087f
	at org.openqa.selenium.remote.http.W3CHttpResponseCodec.createException(W3CHttpResponseCodec.java:187)
	at org.openqa.selenium.remote.http.W3CHttpResponseCodec.decode(W3CHttpResponseCodec.java:122)
	at org.openqa.selenium.remote.http.W3CHttpResponseCodec.decode(W3CHttpResponseCodec.java:49)
	at org.openqa.selenium.remote.HttpCommandExecutor.execute(HttpCommandExecutor.java:158)
	at org.openqa.selenium.remote.service.DriverCommandExecutor.execute(DriverCommandExecutor.java:83)
	at org.openqa.selenium.remote.RemoteWebDriver.execute(RemoteWebDriver.java:552)
	at com.kms.katalon.selenium.driver.CChromeDriver.execute(CChromeDriver.java:19)
	at org.openqa.selenium.remote.RemoteWebElement.execute(RemoteWebElement.java:285)
	at org.openqa.selenium.remote.RemoteWebElement.click(RemoteWebElement.java:84)
	at org.openqa.selenium.support.events.EventFiringWebDriver$EventFiringWebElement.lambda$new$0(EventFiringWebDriver.java:404)
	at com.sun.proxy.$Proxy17.click(Unknown Source)
	at org.openqa.selenium.support.events.EventFiringWebDriver$EventFiringWebElement.click(EventFiringWebDriver.java:417)
	at com.kms.katalon.core.webui.keyword.builtin.ClickKeyword$_click_closure1.doCall(ClickKeyword.groovy:68)
	at com.kms.katalon.core.webui.keyword.builtin.ClickKeyword$_click_closure1.call(ClickKeyword.groovy)
	at com.kms.katalon.core.webui.keyword.internal.WebUIKeywordMain.runKeyword(WebUIKeywordMain.groovy:20)
	at com.kms.katalon.core.webui.keyword.builtin.ClickKeyword.click(ClickKeyword.groovy:75)
	at com.kms.katalon.core.webui.keyword.builtin.ClickKeyword.execute(ClickKeyword.groovy:42)
	at com.kms.katalon.core.keyword.internal.KeywordExecutor.executeKeywordForPlatform(KeywordExecutor.groovy:73)
	at com.kms.katalon.core.webui.keyword.WebUiBuiltInKeywords.click(WebUiBuiltInKeywords.groovy:619)
	at com.kms.katalon.core.webui.keyword.WebUiBuiltInKeywords$click$2.call(Unknown Source)
	at Script1622098923482.run(Script1622098923482.groovy:24)
	... 13 more
)

2021-05-30 11:32:50 - [MESSAGE][FAILED] - Unable to click on object 'Object Repository/SetStatus/Page_TEST CHANNEL - TEAM NAME Mattermost/img_TEAM NAME_Avatar Avatar-lg' (Root cause: com.kms.katalon.core.exception.StepFailedException: Unable to click on object 'Object Repository/SetStatus/Page_TEST CHANNEL - TEAM NAME Mattermost/img_TEAM NAME_Avatar Avatar-lg'
	at com.kms.katalon.core.webui.keyword.internal.WebUIKeywordMain.stepFailed(WebUIKeywordMain.groovy:64)
	at com.kms.katalon.core.webui.keyword.internal.WebUIKeywordMain.runKeyword(WebUIKeywordMain.groovy:26)
	at com.kms.katalon.core.webui.keyword.builtin.ClickKeyword.click(ClickKeyword.groovy:75)
	at com.kms.katalon.core.webui.keyword.builtin.ClickKeyword.execute(ClickKeyword.groovy:42)
	at com.kms.katalon.core.keyword.internal.KeywordExecutor.executeKeywordForPlatform(KeywordExecutor.groovy:73)
	at com.kms.katalon.core.webui.keyword.WebUiBuiltInKeywords.click(WebUiBuiltInKeywords.groovy:619)
	at com.kms.katalon.core.webui.keyword.WebUiBuiltInKeywords$click$2.call(Unknown Source)
	at SetStatus.run(SetStatus:24)
	at com.kms.katalon.core.main.ScriptEngine.run(ScriptEngine.java:194)
	at com.kms.katalon.core.main.ScriptEngine.runScriptAsRawText(ScriptEngine.java:119)
	at com.kms.katalon.core.main.TestCaseExecutor.runScript(TestCaseExecutor.java:398)
	at com.kms.katalon.core.main.TestCaseExecutor.doExecute(TestCaseExecutor.java:389)
	at com.kms.katalon.core.main.TestCaseExecutor.processExecutionPhase(TestCaseExecutor.java:368)
	at com.kms.katalon.core.main.TestCaseExecutor.accessMainPhase(TestCaseExecutor.java:360)
	at com.kms.katalon.core.main.TestCaseExecutor.execute(TestCaseExecutor.java:255)
	at com.kms.katalon.core.main.TestSuiteExecutor.accessTestCaseMainPhase(TestSuiteExecutor.java:203)
	at com.kms.katalon.core.main.TestSuiteExecutor.accessTestSuiteMainPhase(TestSuiteExecutor.java:152)
	at com.kms.katalon.core.main.TestSuiteExecutor.execute(TestSuiteExecutor.java:95)
	at com.kms.katalon.core.main.TestCaseMain.startTestSuite(TestCaseMain.java:157)
	at com.kms.katalon.core.main.TestCaseMain$startTestSuite$0.call(Unknown Source)
	at TempTestSuite1622373323128.run(TempTestSuite1622373323128.groovy:39)
Caused by: org.openqa.selenium.ElementClickInterceptedException: element click intercepted: Element <img class="Avatar Avatar-lg" alt="user profile image" src="https://chudenangcao2021.cf/api/v4/users/75sk9tnqntyaixbqarg1ps69we/image"> is not clickable at point (99, 30). Other element would receive the click: <div role="dialog" aria-labelledby="genericModalLabel" id="custom_status_modal" tabindex="-1" class="fade in modal" style="display: block;">...</div>
  (Session info: chrome=91.0.4472.77)
Build info: version: '3.141.59', revision: 'e82be7d358', time: '2018-11-14T08:25:53'
System info: host: 'WIN-SERVER-2019', ip: '10.1.0.4', os.name: 'Windows Server 2019', os.arch: 'amd64', os.version: '10.0', java.version: '1.8.0_282'
Driver info: com.kms.katalon.selenium.driver.CChromeDriver
Capabilities {acceptInsecureCerts: false, browserName: chrome, browserVersion: 91.0.4472.77, chrome: {chromedriverVersion: 90.0.4430.24 (4c6d850f087da..., userDataDir: C:\Users\nttuan\AppData\Loc...}, goog:chromeOptions: {debuggerAddress: localhost:59651}, javascriptEnabled: true, networkConnectionEnabled: false, pageLoadStrategy: normal, platform: WINDOWS, platformName: WINDOWS, proxy: Proxy(), setWindowRect: true, strictFileInteractability: false, timeouts: {implicit: 0, pageLoad: 300000, script: 30000}, unhandledPromptBehavior: dismiss and notify, webauthn:extension:largeBlob: true, webauthn:virtualAuthenticators: true}
Session ID: 617b0e0b89821543dbf0b75ab8d3087f
	at org.openqa.selenium.remote.http.W3CHttpResponseCodec.createException(W3CHttpResponseCodec.java:187)
	at org.openqa.selenium.remote.http.W3CHttpResponseCodec.decode(W3CHttpResponseCodec.java:122)
	at org.openqa.selenium.remote.http.W3CHttpResponseCodec.decode(W3CHttpResponseCodec.java:49)
	at org.openqa.selenium.remote.HttpCommandExecutor.execute(HttpCommandExecutor.java:158)
	at org.openqa.selenium.remote.service.DriverCommandExecutor.execute(DriverCommandExecutor.java:83)
	at org.openqa.selenium.remote.RemoteWebDriver.execute(RemoteWebDriver.java:552)
	at com.kms.katalon.selenium.driver.CChromeDriver.execute(CChromeDriver.java:19)
	at org.openqa.selenium.remote.RemoteWebElement.execute(RemoteWebElement.java:285)
	at org.openqa.selenium.remote.RemoteWebElement.click(RemoteWebElement.java:84)
	at org.openqa.selenium.support.events.EventFiringWebDriver$EventFiringWebElement.lambda$new$0(EventFiringWebDriver.java:404)
	at com.sun.proxy.$Proxy17.click(Unknown Source)
	at org.openqa.selenium.support.events.EventFiringWebDriver$EventFiringWebElement.click(EventFiringWebDriver.java:417)
	at com.kms.katalon.core.webui.keyword.builtin.ClickKeyword$_click_closure1.doCall(ClickKeyword.groovy:68)
	at com.kms.katalon.core.webui.keyword.builtin.ClickKeyword$_click_closure1.call(ClickKeyword.groovy)
	at com.kms.katalon.core.webui.keyword.internal.WebUIKeywordMain.runKeyword(WebUIKeywordMain.groovy:20)
	at com.kms.katalon.core.webui.keyword.builtin.ClickKeyword.click(ClickKeyword.groovy:75)
	at com.kms.katalon.core.webui.keyword.builtin.ClickKeyword.execute(ClickKeyword.groovy:42)
	at com.kms.katalon.core.keyword.internal.KeywordExecutor.executeKeywordForPlatform(KeywordExecutor.groovy:73)
	at com.kms.katalon.core.webui.keyword.WebUiBuiltInKeywords.click(WebUiBuiltInKeywords.groovy:619)
	at com.kms.katalon.core.webui.keyword.WebUiBuiltInKeywords$click$2.call(Unknown Source)
	at Script1622098923482.run(Script1622098923482.groovy:24)
	... 13 more
)
[[ATTACHMENT|C:\\Users\\nttuan\\Downloads\\CDNC\\mattermost-testing\\Reports\\20210530_111523\\Run all test cases\\20210530_111523\\1622374370398.png]]]]></system-out>
         <system-err><![CDATA[2021-05-30 11:31:37 - [TEST_CASE][FAILED] - Test Cases/Data CSV Test Case/SetStatus: Test Cases/Data CSV Test Case/SetStatus FAILED.
Reason:
com.kms.katalon.core.exception.StepFailedException: Unable to click on object 'Object Repository/SetStatus/Page_TEST CHANNEL - TEAM NAME Mattermost/img_TEAM NAME_Avatar Avatar-lg'
	at com.kms.katalon.core.webui.keyword.internal.WebUIKeywordMain.stepFailed(WebUIKeywordMain.groovy:64)
	at com.kms.katalon.core.webui.keyword.internal.WebUIKeywordMain.runKeyword(WebUIKeywordMain.groovy:26)
	at com.kms.katalon.core.webui.keyword.builtin.ClickKeyword.click(ClickKeyword.groovy:75)
	at com.kms.katalon.core.webui.keyword.builtin.ClickKeyword.execute(ClickKeyword.groovy:42)
	at com.kms.katalon.core.keyword.internal.KeywordExecutor.executeKeywordForPlatform(KeywordExecutor.groovy:73)
	at com.kms.katalon.core.webui.keyword.WebUiBuiltInKeywords.click(WebUiBuiltInKeywords.groovy:619)
	at com.kms.katalon.core.webui.keyword.WebUiBuiltInKeywords$click$2.call(Unknown Source)
	at SetStatus.run(SetStatus:24)
	at com.kms.katalon.core.main.ScriptEngine.run(ScriptEngine.java:194)
	at com.kms.katalon.core.main.ScriptEngine.runScriptAsRawText(ScriptEngine.java:119)
	at com.kms.katalon.core.main.TestCaseExecutor.runScript(TestCaseExecutor.java:398)
	at com.kms.katalon.core.main.TestCaseExecutor.doExecute(TestCaseExecutor.java:389)
	at com.kms.katalon.core.main.TestCaseExecutor.processExecutionPhase(TestCaseExecutor.java:368)
	at com.kms.katalon.core.main.TestCaseExecutor.accessMainPhase(TestCaseExecutor.java:360)
	at com.kms.katalon.core.main.TestCaseExecutor.execute(TestCaseExecutor.java:255)
	at com.kms.katalon.core.main.TestSuiteExecutor.accessTestCaseMainPhase(TestSuiteExecutor.java:203)
	at com.kms.katalon.core.main.TestSuiteExecutor.accessTestSuiteMainPhase(TestSuiteExecutor.java:152)
	at com.kms.katalon.core.main.TestSuiteExecutor.execute(TestSuiteExecutor.java:95)
	at com.kms.katalon.core.main.TestCaseMain.startTestSuite(TestCaseMain.java:157)
	at com.kms.katalon.core.main.TestCaseMain$startTestSuite$0.call(Unknown Source)
	at TempTestSuite1622373323128.run(TempTestSuite1622373323128.groovy:39)
Caused by: org.openqa.selenium.ElementClickInterceptedException: element click intercepted: Element <img class="Avatar Avatar-lg" alt="user profile image" src="https://chudenangcao2021.cf/api/v4/users/75sk9tnqntyaixbqarg1ps69we/image"> is not clickable at point (99, 30). Other element would receive the click: <div role="dialog" aria-labelledby="genericModalLabel" id="custom_status_modal" tabindex="-1" class="fade in modal" style="display: block;">...</div>
  (Session info: chrome=91.0.4472.77)
Build info: version: '3.141.59', revision: 'e82be7d358', time: '2018-11-14T08:25:53'
System info: host: 'WIN-SERVER-2019', ip: '10.1.0.4', os.name: 'Windows Server 2019', os.arch: 'amd64', os.version: '10.0', java.version: '1.8.0_282'
Driver info: com.kms.katalon.selenium.driver.CChromeDriver
Capabilities {acceptInsecureCerts: false, browserName: chrome, browserVersion: 91.0.4472.77, chrome: {chromedriverVersion: 90.0.4430.24 (4c6d850f087da..., userDataDir: C:\Users\nttuan\AppData\Loc...}, goog:chromeOptions: {debuggerAddress: localhost:59651}, javascriptEnabled: true, networkConnectionEnabled: false, pageLoadStrategy: normal, platform: WINDOWS, platformName: WINDOWS, proxy: Proxy(), setWindowRect: true, strictFileInteractability: false, timeouts: {implicit: 0, pageLoad: 300000, script: 30000}, unhandledPromptBehavior: dismiss and notify, webauthn:extension:largeBlob: true, webauthn:virtualAuthenticators: true}
Session ID: 617b0e0b89821543dbf0b75ab8d3087f
	at org.openqa.selenium.remote.http.W3CHttpResponseCodec.createException(W3CHttpResponseCodec.java:187)
	at org.openqa.selenium.remote.http.W3CHttpResponseCodec.decode(W3CHttpResponseCodec.java:122)
	at org.openqa.selenium.remote.http.W3CHttpResponseCodec.decode(W3CHttpResponseCodec.java:49)
	at org.openqa.selenium.remote.HttpCommandExecutor.execute(HttpCommandExecutor.java:158)
	at org.openqa.selenium.remote.service.DriverCommandExecutor.execute(DriverCommandExecutor.java:83)
	at org.openqa.selenium.remote.RemoteWebDriver.execute(RemoteWebDriver.java:552)
	at com.kms.katalon.selenium.driver.CChromeDriver.execute(CChromeDriver.java:19)
	at org.openqa.selenium.remote.RemoteWebElement.execute(RemoteWebElement.java:285)
	at org.openqa.selenium.remote.RemoteWebElement.click(RemoteWebElement.java:84)
	at org.openqa.selenium.support.events.EventFiringWebDriver$EventFiringWebElement.lambda$new$0(EventFiringWebDriver.java:404)
	at com.sun.proxy.$Proxy17.click(Unknown Source)
	at org.openqa.selenium.support.events.EventFiringWebDriver$EventFiringWebElement.click(EventFiringWebDriver.java:417)
	at com.kms.katalon.core.webui.keyword.builtin.ClickKeyword$_click_closure1.doCall(ClickKeyword.groovy:68)
	at com.kms.katalon.core.webui.keyword.builtin.ClickKeyword$_click_closure1.call(ClickKeyword.groovy)
	at com.kms.katalon.core.webui.keyword.internal.WebUIKeywordMain.runKeyword(WebUIKeywordMain.groovy:20)
	... 19 more]]></system-err>
      </testcase>
      <testcase name="Test Cases/TestCasesIf/CallChangeTime" time="37.989" classname="Test Cases/TestCasesIf/CallChangeTime" status="PASSED">
         <system-out><![CDATA[2021-05-30 11:32:50 - [TEST_CASE][PASSED] - Test Cases/TestCasesIf/CallChangeTime: Test Cases/TestCasesIf/CallChangeTime

2021-05-30 11:32:50 - [TEST_STEP][PASSED] - callTestCase(findTestCase("Test Cases/TestCasesIf/Time24hIfUserNameThanTen"), ["username":"cxtuan", "password":"01672471821nT@"]): Call Test Case 'Test Cases/TestCasesIf/Time24hIfUserNameThanTen' successfully

2021-05-30 11:32:50 - [TEST_CASE][PASSED] - Test Cases/TestCasesIf/Time24hIfUserNameThanTen: Test Cases/TestCasesIf/Time24hIfUserNameThanTen

2021-05-30 11:32:51 - [TEST_STEP][PASSED] - callTestCase(findTestCase("Test Cases/Common Test Cases/Login"), ["Username":username, "Password":password]): Call Test Case 'Test Cases/Common Test Cases/Login' successfully

2021-05-30 11:32:51 - [TEST_CASE][PASSED] - Test Cases/Common Test Cases/Login: Test Cases/Common Test Cases/Login

2021-05-30 11:32:51 - [TEST_STEP][PASSED] - openBrowser(""): Browser is opened with url: ''

2021-05-30 11:32:51 - [MESSAGE][WARNING] - A browser is already opened. Closing browser and opening a new one

2021-05-30 11:32:51 - [MESSAGE][INFO] - Starting 'Chrome' driver

2021-05-30 11:32:51 - [MESSAGE][INFO] - Action delay is set to 0 milliseconds

2021-05-30 11:32:53 - [MESSAGE][PASSED] - Browser is opened with url: ''

2021-05-30 11:32:53 - [TEST_STEP][PASSED] - navigateToUrl("https://chudenangcao2021.cf/"): Navigate to 'https://chudenangcao2021.cf/' successfully

2021-05-30 11:32:53 - [MESSAGE][PASSED] - Navigate to 'https://chudenangcao2021.cf/' successfully

2021-05-30 11:32:53 - [TEST_STEP][PASSED] - setText(findTestObject("Object Repository/Page_Mattermost/input_All team communication in one place, _dcc84b"), Username): Text 'cxtuan' is set on object 'Object Repository/Page_Mattermost/input_All team communication in one place, _dcc84b'

2021-05-30 11:32:55 - [MESSAGE][PASSED] - Text 'cxtuan' is set on object 'Object Repository/Page_Mattermost/input_All team communication in one place, _dcc84b'

2021-05-30 11:32:55 - [TEST_STEP][PASSED] - setText(findTestObject("Object Repository/Page_Mattermost/input_All team communication in one place, _a3edc6"), Password): Text '01672471821nT@' is set on object 'Object Repository/Page_Mattermost/input_All team communication in one place, _a3edc6'

2021-05-30 11:32:55 - [MESSAGE][PASSED] - Text '01672471821nT@' is set on object 'Object Repository/Page_Mattermost/input_All team communication in one place, _a3edc6'

2021-05-30 11:32:55 - [TEST_STEP][PASSED] - click(findTestObject("Object Repository/Page_Mattermost/button_Sign in")): Object: 'Object Repository/Page_Mattermost/button_Sign in' is clicked on

2021-05-30 11:32:56 - [MESSAGE][PASSED] - Object: 'Object Repository/Page_Mattermost/button_Sign in' is clicked on

2021-05-30 11:32:56 - [TEST_STEP][PASSED] - verifyLinksAccessible(["https://chudenangcao2021.cf/cdnc-cnpm-2021/channels"]): All links are accessible

2021-05-30 11:32:56 - [MESSAGE][INFO] - HAR: C:\Users\nttuan\Downloads\CDNC\mattermost-testing\Reports\20210530_111523\Run all test cases\20210530_111523\requests\main\52.har

2021-05-30 11:32:56 - [MESSAGE][PASSED] - Send request successfully

2021-05-30 11:32:56 - [MESSAGE][PASSED] - All links are accessible

2021-05-30 11:32:56 - [MESSAGE][PASSED] - Call Test Case 'Test Cases/Common Test Cases/Login' successfully

2021-05-30 11:32:56 - [TEST_STEP][PASSED] - object = findTestObject("Object Repository/IFObject/Page_TEST CHANNEL - TEAM NAME Mattermost/button_cxtuan_style--none sidebar-header-dropdown__icon"): null

2021-05-30 11:32:56 - [TEST_STEP][PASSED] - bool = false: null

2021-05-30 11:32:56 - [TEST_STEP][FAILED] - try: Unable to verify object 'Object Repository/IFObject/Page_TEST CHANNEL - TEAM NAME Mattermost/button_cxtuan_style--none sidebar-header-dropdown__icon' is present (Root cause: com.kms.katalon.core.exception.StepFailedException: Unable to verify object 'Object Repository/IFObject/Page_TEST CHANNEL - TEAM NAME Mattermost/button_cxtuan_style--none sidebar-header-dropdown__icon' is present
	at com.kms.katalon.core.webui.keyword.internal.WebUIKeywordMain.stepFailed(WebUIKeywordMain.groovy:64)
	at com.kms.katalon.core.webui.keyword.internal.WebUIKeywordMain.runKeyword(WebUIKeywordMain.groovy:26)
	at com.kms.katalon.core.webui.keyword.builtin.VerifyElementPresentKeyword.verifyElementPresent(VerifyElementPresentKeyword.groovy:92)
	at com.kms.katalon.core.webui.keyword.builtin.VerifyElementPresentKeyword.execute(VerifyElementPresentKeyword.groovy:68)
	at com.kms.katalon.core.keyword.internal.KeywordExecutor.executeKeywordForPlatform(KeywordExecutor.groovy:73)
	at com.kms.katalon.core.webui.keyword.WebUiBuiltInKeywords.verifyElementPresent(WebUiBuiltInKeywords.groovy:1463)
	at com.kms.katalon.core.webui.keyword.WebUiBuiltInKeywords$verifyElementPresent$4.call(Unknown Source)
	at Time24hIfUserNameThanTen.run(Time24hIfUserNameThanTen:45)
	at com.kms.katalon.core.main.ScriptEngine.run(ScriptEngine.java:194)
	at com.kms.katalon.core.main.ScriptEngine.runScriptAsRawText(ScriptEngine.java:119)
	at com.kms.katalon.core.main.TestCaseExecutor.runScript(TestCaseExecutor.java:398)
	at com.kms.katalon.core.main.TestCaseExecutor.doExecute(TestCaseExecutor.java:389)
	at com.kms.katalon.core.main.TestCaseExecutor.processExecutionPhase(TestCaseExecutor.java:368)
	at com.kms.katalon.core.main.TestCaseExecutor.accessMainPhase(TestCaseExecutor.java:360)
	at com.kms.katalon.core.main.TestCaseExecutor.execute(TestCaseExecutor.java:255)
	at com.kms.katalon.core.main.TestCaseMain.runTestCase(TestCaseMain.java:114)
	at com.kms.katalon.core.keyword.builtin.CallTestCaseKeyword$_callTestCase_closure1.doCall(CallTestCaseKeyword.groovy:59)
	at com.kms.katalon.core.keyword.builtin.CallTestCaseKeyword$_callTestCase_closure1.call(CallTestCaseKeyword.groovy)
	at com.kms.katalon.core.keyword.internal.KeywordMain.runKeyword(KeywordMain.groovy:68)
	at com.kms.katalon.core.keyword.builtin.CallTestCaseKeyword.callTestCase(CallTestCaseKeyword.groovy:81)
	at com.kms.katalon.core.keyword.builtin.CallTestCaseKeyword.execute(CallTestCaseKeyword.groovy:44)
	at com.kms.katalon.core.keyword.internal.KeywordExecutor.executeKeywordForPlatform(KeywordExecutor.groovy:73)
	at com.kms.katalon.core.keyword.BuiltinKeywords.callTestCase(BuiltinKeywords.groovy:350)
	at CallChangeTime.run(CallChangeTime:20)
	at com.kms.katalon.core.main.ScriptEngine.run(ScriptEngine.java:194)
	at com.kms.katalon.core.main.ScriptEngine.runScriptAsRawText(ScriptEngine.java:119)
	at com.kms.katalon.core.main.TestCaseExecutor.runScript(TestCaseExecutor.java:398)
	at com.kms.katalon.core.main.TestCaseExecutor.doExecute(TestCaseExecutor.java:389)
	at com.kms.katalon.core.main.TestCaseExecutor.processExecutionPhase(TestCaseExecutor.java:368)
	at com.kms.katalon.core.main.TestCaseExecutor.accessMainPhase(TestCaseExecutor.java:360)
	at com.kms.katalon.core.main.TestCaseExecutor.execute(TestCaseExecutor.java:255)
	at com.kms.katalon.core.main.TestSuiteExecutor.accessTestCaseMainPhase(TestSuiteExecutor.java:203)
	at com.kms.katalon.core.main.TestSuiteExecutor.accessTestSuiteMainPhase(TestSuiteExecutor.java:152)
	at com.kms.katalon.core.main.TestSuiteExecutor.execute(TestSuiteExecutor.java:95)
	at com.kms.katalon.core.main.TestCaseMain.startTestSuite(TestCaseMain.java:157)
	at com.kms.katalon.core.main.TestCaseMain$startTestSuite$0.call(Unknown Source)
	at TempTestSuite1622373323128.run(TempTestSuite1622373323128.groovy:39)
Caused by: com.kms.katalon.core.exception.StepFailedException: com.kms.katalon.core.webui.exception.WebElementNotFoundException: Web element with id: 'Object Repository/IFObject/Page_TEST CHANNEL - TEAM NAME Mattermost/button_cxtuan_style--none sidebar-header-dropdown__icon' located by '//div[@id='headerInfo']/button' not found
	at com.kms.katalon.core.webui.keyword.internal.WebUIKeywordMain.stepFailed(WebUIKeywordMain.groovy:64)
	at com.kms.katalon.core.webui.keyword.builtin.VerifyElementPresentKeyword$_verifyElementPresent_closure1.doCall(VerifyElementPresentKeyword.groovy:85)
	at com.kms.katalon.core.webui.keyword.builtin.VerifyElementPresentKeyword$_verifyElementPresent_closure1.call(VerifyElementPresentKeyword.groovy)
	at com.kms.katalon.core.webui.keyword.internal.WebUIKeywordMain.runKeyword(WebUIKeywordMain.groovy:20)
	... 35 more
)

2021-05-30 11:32:56 - [TEST_STEP][FAILED] - bool = verifyElementPresent(object, 0): Unable to verify object 'Object Repository/IFObject/Page_TEST CHANNEL - TEAM NAME Mattermost/button_cxtuan_style--none sidebar-header-dropdown__icon' is present (Root cause: com.kms.katalon.core.exception.StepFailedException: Unable to verify object 'Object Repository/IFObject/Page_TEST CHANNEL - TEAM NAME Mattermost/button_cxtuan_style--none sidebar-header-dropdown__icon' is present
	at com.kms.katalon.core.webui.keyword.internal.WebUIKeywordMain.stepFailed(WebUIKeywordMain.groovy:64)
	at com.kms.katalon.core.webui.keyword.internal.WebUIKeywordMain.runKeyword(WebUIKeywordMain.groovy:26)
	at com.kms.katalon.core.webui.keyword.builtin.VerifyElementPresentKeyword.verifyElementPresent(VerifyElementPresentKeyword.groovy:92)
	at com.kms.katalon.core.webui.keyword.builtin.VerifyElementPresentKeyword.execute(VerifyElementPresentKeyword.groovy:68)
	at com.kms.katalon.core.keyword.internal.KeywordExecutor.executeKeywordForPlatform(KeywordExecutor.groovy:73)
	at com.kms.katalon.core.webui.keyword.WebUiBuiltInKeywords.verifyElementPresent(WebUiBuiltInKeywords.groovy:1463)
	at com.kms.katalon.core.webui.keyword.WebUiBuiltInKeywords$verifyElementPresent$4.call(Unknown Source)
	at Time24hIfUserNameThanTen.run(Time24hIfUserNameThanTen:45)
	at com.kms.katalon.core.main.ScriptEngine.run(ScriptEngine.java:194)
	at com.kms.katalon.core.main.ScriptEngine.runScriptAsRawText(ScriptEngine.java:119)
	at com.kms.katalon.core.main.TestCaseExecutor.runScript(TestCaseExecutor.java:398)
	at com.kms.katalon.core.main.TestCaseExecutor.doExecute(TestCaseExecutor.java:389)
	at com.kms.katalon.core.main.TestCaseExecutor.processExecutionPhase(TestCaseExecutor.java:368)
	at com.kms.katalon.core.main.TestCaseExecutor.accessMainPhase(TestCaseExecutor.java:360)
	at com.kms.katalon.core.main.TestCaseExecutor.execute(TestCaseExecutor.java:255)
	at com.kms.katalon.core.main.TestCaseMain.runTestCase(TestCaseMain.java:114)
	at com.kms.katalon.core.keyword.builtin.CallTestCaseKeyword$_callTestCase_closure1.doCall(CallTestCaseKeyword.groovy:59)
	at com.kms.katalon.core.keyword.builtin.CallTestCaseKeyword$_callTestCase_closure1.call(CallTestCaseKeyword.groovy)
	at com.kms.katalon.core.keyword.internal.KeywordMain.runKeyword(KeywordMain.groovy:68)
	at com.kms.katalon.core.keyword.builtin.CallTestCaseKeyword.callTestCase(CallTestCaseKeyword.groovy:81)
	at com.kms.katalon.core.keyword.builtin.CallTestCaseKeyword.execute(CallTestCaseKeyword.groovy:44)
	at com.kms.katalon.core.keyword.internal.KeywordExecutor.executeKeywordForPlatform(KeywordExecutor.groovy:73)
	at com.kms.katalon.core.keyword.BuiltinKeywords.callTestCase(BuiltinKeywords.groovy:350)
	at CallChangeTime.run(CallChangeTime:20)
	at com.kms.katalon.core.main.ScriptEngine.run(ScriptEngine.java:194)
	at com.kms.katalon.core.main.ScriptEngine.runScriptAsRawText(ScriptEngine.java:119)
	at com.kms.katalon.core.main.TestCaseExecutor.runScript(TestCaseExecutor.java:398)
	at com.kms.katalon.core.main.TestCaseExecutor.doExecute(TestCaseExecutor.java:389)
	at com.kms.katalon.core.main.TestCaseExecutor.processExecutionPhase(TestCaseExecutor.java:368)
	at com.kms.katalon.core.main.TestCaseExecutor.accessMainPhase(TestCaseExecutor.java:360)
	at com.kms.katalon.core.main.TestCaseExecutor.execute(TestCaseExecutor.java:255)
	at com.kms.katalon.core.main.TestSuiteExecutor.accessTestCaseMainPhase(TestSuiteExecutor.java:203)
	at com.kms.katalon.core.main.TestSuiteExecutor.accessTestSuiteMainPhase(TestSuiteExecutor.java:152)
	at com.kms.katalon.core.main.TestSuiteExecutor.execute(TestSuiteExecutor.java:95)
	at com.kms.katalon.core.main.TestCaseMain.startTestSuite(TestCaseMain.java:157)
	at com.kms.katalon.core.main.TestCaseMain$startTestSuite$0.call(Unknown Source)
	at TempTestSuite1622373323128.run(TempTestSuite1622373323128.groovy:39)
Caused by: com.kms.katalon.core.exception.StepFailedException: com.kms.katalon.core.webui.exception.WebElementNotFoundException: Web element with id: 'Object Repository/IFObject/Page_TEST CHANNEL - TEAM NAME Mattermost/button_cxtuan_style--none sidebar-header-dropdown__icon' located by '//div[@id='headerInfo']/button' not found
	at com.kms.katalon.core.webui.keyword.internal.WebUIKeywordMain.stepFailed(WebUIKeywordMain.groovy:64)
	at com.kms.katalon.core.webui.keyword.builtin.VerifyElementPresentKeyword$_verifyElementPresent_closure1.doCall(VerifyElementPresentKeyword.groovy:85)
	at com.kms.katalon.core.webui.keyword.builtin.VerifyElementPresentKeyword$_verifyElementPresent_closure1.call(VerifyElementPresentKeyword.groovy)
	at com.kms.katalon.core.webui.keyword.internal.WebUIKeywordMain.runKeyword(WebUIKeywordMain.groovy:20)
	... 35 more
)

2021-05-30 11:32:56 - [MESSAGE][WARNING] - Timeout '0' is invalid. Using default page load timeout: '30'

2021-05-30 11:33:27 - [MESSAGE][INFO] - Unable to find the element located by 'By.xpath: //div[@id='headerInfo']/button'. Please recheck the objects properties to make sure the desired element is located. 

2021-05-30 11:33:27 - [MESSAGE][FAILED] - com.kms.katalon.core.webui.exception.WebElementNotFoundException: Web element with id: 'Object Repository/IFObject/Page_TEST CHANNEL - TEAM NAME Mattermost/button_cxtuan_style--none sidebar-header-dropdown__icon' located by '//div[@id='headerInfo']/button' not found (Root cause: com.kms.katalon.core.exception.StepFailedException: com.kms.katalon.core.webui.exception.WebElementNotFoundException: Web element with id: 'Object Repository/IFObject/Page_TEST CHANNEL - TEAM NAME Mattermost/button_cxtuan_style--none sidebar-header-dropdown__icon' located by '//div[@id='headerInfo']/button' not found
	at com.kms.katalon.core.webui.keyword.internal.WebUIKeywordMain.stepFailed(WebUIKeywordMain.groovy:64)
	at com.kms.katalon.core.webui.keyword.builtin.VerifyElementPresentKeyword$_verifyElementPresent_closure1.doCall(VerifyElementPresentKeyword.groovy:85)
	at com.kms.katalon.core.webui.keyword.builtin.VerifyElementPresentKeyword$_verifyElementPresent_closure1.call(VerifyElementPresentKeyword.groovy)
	at com.kms.katalon.core.webui.keyword.internal.WebUIKeywordMain.runKeyword(WebUIKeywordMain.groovy:20)
	at com.kms.katalon.core.webui.keyword.builtin.VerifyElementPresentKeyword.verifyElementPresent(VerifyElementPresentKeyword.groovy:92)
	at com.kms.katalon.core.webui.keyword.builtin.VerifyElementPresentKeyword.execute(VerifyElementPresentKeyword.groovy:68)
	at com.kms.katalon.core.keyword.internal.KeywordExecutor.executeKeywordForPlatform(KeywordExecutor.groovy:73)
	at com.kms.katalon.core.webui.keyword.WebUiBuiltInKeywords.verifyElementPresent(WebUiBuiltInKeywords.groovy:1463)
	at com.kms.katalon.core.webui.keyword.WebUiBuiltInKeywords$verifyElementPresent$4.call(Unknown Source)
	at Time24hIfUserNameThanTen.run(Time24hIfUserNameThanTen:45)
	at com.kms.katalon.core.main.ScriptEngine.run(ScriptEngine.java:194)
	at com.kms.katalon.core.main.ScriptEngine.runScriptAsRawText(ScriptEngine.java:119)
	at com.kms.katalon.core.main.TestCaseExecutor.runScript(TestCaseExecutor.java:398)
	at com.kms.katalon.core.main.TestCaseExecutor.doExecute(TestCaseExecutor.java:389)
	at com.kms.katalon.core.main.TestCaseExecutor.processExecutionPhase(TestCaseExecutor.java:368)
	at com.kms.katalon.core.main.TestCaseExecutor.accessMainPhase(TestCaseExecutor.java:360)
	at com.kms.katalon.core.main.TestCaseExecutor.execute(TestCaseExecutor.java:255)
	at com.kms.katalon.core.main.TestCaseMain.runTestCase(TestCaseMain.java:114)
	at com.kms.katalon.core.keyword.builtin.CallTestCaseKeyword$_callTestCase_closure1.doCall(CallTestCaseKeyword.groovy:59)
	at com.kms.katalon.core.keyword.builtin.CallTestCaseKeyword$_callTestCase_closure1.call(CallTestCaseKeyword.groovy)
	at com.kms.katalon.core.keyword.internal.KeywordMain.runKeyword(KeywordMain.groovy:68)
	at com.kms.katalon.core.keyword.builtin.CallTestCaseKeyword.callTestCase(CallTestCaseKeyword.groovy:81)
	at com.kms.katalon.core.keyword.builtin.CallTestCaseKeyword.execute(CallTestCaseKeyword.groovy:44)
	at com.kms.katalon.core.keyword.internal.KeywordExecutor.executeKeywordForPlatform(KeywordExecutor.groovy:73)
	at com.kms.katalon.core.keyword.BuiltinKeywords.callTestCase(BuiltinKeywords.groovy:350)
	at CallChangeTime.run(CallChangeTime:20)
	at com.kms.katalon.core.main.ScriptEngine.run(ScriptEngine.java:194)
	at com.kms.katalon.core.main.ScriptEngine.runScriptAsRawText(ScriptEngine.java:119)
	at com.kms.katalon.core.main.TestCaseExecutor.runScript(TestCaseExecutor.java:398)
	at com.kms.katalon.core.main.TestCaseExecutor.doExecute(TestCaseExecutor.java:389)
	at com.kms.katalon.core.main.TestCaseExecutor.processExecutionPhase(TestCaseExecutor.java:368)
	at com.kms.katalon.core.main.TestCaseExecutor.accessMainPhase(TestCaseExecutor.java:360)
	at com.kms.katalon.core.main.TestCaseExecutor.execute(TestCaseExecutor.java:255)
	at com.kms.katalon.core.main.TestSuiteExecutor.accessTestCaseMainPhase(TestSuiteExecutor.java:203)
	at com.kms.katalon.core.main.TestSuiteExecutor.accessTestSuiteMainPhase(TestSuiteExecutor.java:152)
	at com.kms.katalon.core.main.TestSuiteExecutor.execute(TestSuiteExecutor.java:95)
	at com.kms.katalon.core.main.TestCaseMain.startTestSuite(TestCaseMain.java:157)
	at com.kms.katalon.core.main.TestCaseMain$startTestSuite$0.call(Unknown Source)
	at TempTestSuite1622373323128.run(TempTestSuite1622373323128.groovy:39)
)
[[ATTACHMENT|C:\\Users\\nttuan\\Downloads\\CDNC\\mattermost-testing\\Reports\\20210530_111523\\Run all test cases\\20210530_111523\\1622374407657.png]]

2021-05-30 11:33:27 - [MESSAGE][FAILED] - Unable to verify object 'Object Repository/IFObject/Page_TEST CHANNEL - TEAM NAME Mattermost/button_cxtuan_style--none sidebar-header-dropdown__icon' is present (Root cause: com.kms.katalon.core.exception.StepFailedException: Unable to verify object 'Object Repository/IFObject/Page_TEST CHANNEL - TEAM NAME Mattermost/button_cxtuan_style--none sidebar-header-dropdown__icon' is present
	at com.kms.katalon.core.webui.keyword.internal.WebUIKeywordMain.stepFailed(WebUIKeywordMain.groovy:64)
	at com.kms.katalon.core.webui.keyword.internal.WebUIKeywordMain.runKeyword(WebUIKeywordMain.groovy:26)
	at com.kms.katalon.core.webui.keyword.builtin.VerifyElementPresentKeyword.verifyElementPresent(VerifyElementPresentKeyword.groovy:92)
	at com.kms.katalon.core.webui.keyword.builtin.VerifyElementPresentKeyword.execute(VerifyElementPresentKeyword.groovy:68)
	at com.kms.katalon.core.keyword.internal.KeywordExecutor.executeKeywordForPlatform(KeywordExecutor.groovy:73)
	at com.kms.katalon.core.webui.keyword.WebUiBuiltInKeywords.verifyElementPresent(WebUiBuiltInKeywords.groovy:1463)
	at com.kms.katalon.core.webui.keyword.WebUiBuiltInKeywords$verifyElementPresent$4.call(Unknown Source)
	at Time24hIfUserNameThanTen.run(Time24hIfUserNameThanTen:45)
	at com.kms.katalon.core.main.ScriptEngine.run(ScriptEngine.java:194)
	at com.kms.katalon.core.main.ScriptEngine.runScriptAsRawText(ScriptEngine.java:119)
	at com.kms.katalon.core.main.TestCaseExecutor.runScript(TestCaseExecutor.java:398)
	at com.kms.katalon.core.main.TestCaseExecutor.doExecute(TestCaseExecutor.java:389)
	at com.kms.katalon.core.main.TestCaseExecutor.processExecutionPhase(TestCaseExecutor.java:368)
	at com.kms.katalon.core.main.TestCaseExecutor.accessMainPhase(TestCaseExecutor.java:360)
	at com.kms.katalon.core.main.TestCaseExecutor.execute(TestCaseExecutor.java:255)
	at com.kms.katalon.core.main.TestCaseMain.runTestCase(TestCaseMain.java:114)
	at com.kms.katalon.core.keyword.builtin.CallTestCaseKeyword$_callTestCase_closure1.doCall(CallTestCaseKeyword.groovy:59)
	at com.kms.katalon.core.keyword.builtin.CallTestCaseKeyword$_callTestCase_closure1.call(CallTestCaseKeyword.groovy)
	at com.kms.katalon.core.keyword.internal.KeywordMain.runKeyword(KeywordMain.groovy:68)
	at com.kms.katalon.core.keyword.builtin.CallTestCaseKeyword.callTestCase(CallTestCaseKeyword.groovy:81)
	at com.kms.katalon.core.keyword.builtin.CallTestCaseKeyword.execute(CallTestCaseKeyword.groovy:44)
	at com.kms.katalon.core.keyword.internal.KeywordExecutor.executeKeywordForPlatform(KeywordExecutor.groovy:73)
	at com.kms.katalon.core.keyword.BuiltinKeywords.callTestCase(BuiltinKeywords.groovy:350)
	at CallChangeTime.run(CallChangeTime:20)
	at com.kms.katalon.core.main.ScriptEngine.run(ScriptEngine.java:194)
	at com.kms.katalon.core.main.ScriptEngine.runScriptAsRawText(ScriptEngine.java:119)
	at com.kms.katalon.core.main.TestCaseExecutor.runScript(TestCaseExecutor.java:398)
	at com.kms.katalon.core.main.TestCaseExecutor.doExecute(TestCaseExecutor.java:389)
	at com.kms.katalon.core.main.TestCaseExecutor.processExecutionPhase(TestCaseExecutor.java:368)
	at com.kms.katalon.core.main.TestCaseExecutor.accessMainPhase(TestCaseExecutor.java:360)
	at com.kms.katalon.core.main.TestCaseExecutor.execute(TestCaseExecutor.java:255)
	at com.kms.katalon.core.main.TestSuiteExecutor.accessTestCaseMainPhase(TestSuiteExecutor.java:203)
	at com.kms.katalon.core.main.TestSuiteExecutor.accessTestSuiteMainPhase(TestSuiteExecutor.java:152)
	at com.kms.katalon.core.main.TestSuiteExecutor.execute(TestSuiteExecutor.java:95)
	at com.kms.katalon.core.main.TestCaseMain.startTestSuite(TestCaseMain.java:157)
	at com.kms.katalon.core.main.TestCaseMain$startTestSuite$0.call(Unknown Source)
	at TempTestSuite1622373323128.run(TempTestSuite1622373323128.groovy:39)
Caused by: com.kms.katalon.core.exception.StepFailedException: com.kms.katalon.core.webui.exception.WebElementNotFoundException: Web element with id: 'Object Repository/IFObject/Page_TEST CHANNEL - TEAM NAME Mattermost/button_cxtuan_style--none sidebar-header-dropdown__icon' located by '//div[@id='headerInfo']/button' not found
	at com.kms.katalon.core.webui.keyword.internal.WebUIKeywordMain.stepFailed(WebUIKeywordMain.groovy:64)
	at com.kms.katalon.core.webui.keyword.builtin.VerifyElementPresentKeyword$_verifyElementPresent_closure1.doCall(VerifyElementPresentKeyword.groovy:85)
	at com.kms.katalon.core.webui.keyword.builtin.VerifyElementPresentKeyword$_verifyElementPresent_closure1.call(VerifyElementPresentKeyword.groovy)
	at com.kms.katalon.core.webui.keyword.internal.WebUIKeywordMain.runKeyword(WebUIKeywordMain.groovy:20)
	... 35 more
)
[[ATTACHMENT|C:\\Users\\nttuan\\Downloads\\CDNC\\mattermost-testing\\Reports\\20210530_111523\\Run all test cases\\20210530_111523\\1622374407733.png]]

2021-05-30 11:33:27 - [TEST_STEP][PASSED] - catch (Exception ex): null

2021-05-30 11:33:27 - [TEST_STEP][PASSED] - Finally: Browser is closed

2021-05-30 11:33:27 - [TEST_STEP][PASSED] - if (bool && username.length() < 10): null

2021-05-30 11:33:27 - [TEST_STEP][PASSED] - else: Browser is closed

2021-05-30 11:33:27 - [TEST_STEP][PASSED] - closeBrowser(): Browser is closed

2021-05-30 11:33:28 - [MESSAGE][PASSED] - Browser is closed

2021-05-30 11:33:28 - [MESSAGE][PASSED] - Call Test Case 'Test Cases/TestCasesIf/Time24hIfUserNameThanTen' successfully]]></system-out>
         <system-err><![CDATA[]]></system-err>
      </testcase>
      <testcase name="Test Cases/TestCasesIf/CallChangeUserName" time="37.242" classname="Test Cases/TestCasesIf/CallChangeUserName" status="PASSED">
         <system-out><![CDATA[2021-05-30 11:33:28 - [TEST_CASE][PASSED] - Test Cases/TestCasesIf/CallChangeUserName: Test Cases/TestCasesIf/CallChangeUserName

2021-05-30 11:33:28 - [TEST_STEP][PASSED] - callTestCase(findTestCase("TestCasesIf/ChangeUserNameIfLessTen"), ["username":"cxtuan", "password":"01672471821nT@"]): Call Test Case 'Test Cases/TestCasesIf/ChangeUserNameIfLessTen' successfully

2021-05-30 11:33:28 - [TEST_CASE][PASSED] - Test Cases/TestCasesIf/ChangeUserNameIfLessTen: Test Cases/TestCasesIf/ChangeUserNameIfLessTen

2021-05-30 11:33:29 - [TEST_STEP][PASSED] - callTestCase(findTestCase("Test Cases/Common Test Cases/Login"), ["Username":username, "Password":password]): Call Test Case 'Test Cases/Common Test Cases/Login' successfully

2021-05-30 11:33:29 - [TEST_CASE][PASSED] - Test Cases/Common Test Cases/Login: Test Cases/Common Test Cases/Login

2021-05-30 11:33:29 - [TEST_STEP][PASSED] - openBrowser(""): Browser is opened with url: ''

2021-05-30 11:33:29 - [MESSAGE][INFO] - Starting 'Chrome' driver

2021-05-30 11:33:29 - [MESSAGE][INFO] - Action delay is set to 0 milliseconds

2021-05-30 11:33:30 - [MESSAGE][PASSED] - Browser is opened with url: ''

2021-05-30 11:33:30 - [TEST_STEP][PASSED] - navigateToUrl("https://chudenangcao2021.cf/"): Navigate to 'https://chudenangcao2021.cf/' successfully

2021-05-30 11:33:31 - [MESSAGE][PASSED] - Navigate to 'https://chudenangcao2021.cf/' successfully

2021-05-30 11:33:31 - [TEST_STEP][PASSED] - setText(findTestObject("Object Repository/Page_Mattermost/input_All team communication in one place, _dcc84b"), Username): Text 'cxtuan' is set on object 'Object Repository/Page_Mattermost/input_All team communication in one place, _dcc84b'

2021-05-30 11:33:32 - [MESSAGE][PASSED] - Text 'cxtuan' is set on object 'Object Repository/Page_Mattermost/input_All team communication in one place, _dcc84b'

2021-05-30 11:33:32 - [TEST_STEP][PASSED] - setText(findTestObject("Object Repository/Page_Mattermost/input_All team communication in one place, _a3edc6"), Password): Text '01672471821nT@' is set on object 'Object Repository/Page_Mattermost/input_All team communication in one place, _a3edc6'

2021-05-30 11:33:33 - [MESSAGE][PASSED] - Text '01672471821nT@' is set on object 'Object Repository/Page_Mattermost/input_All team communication in one place, _a3edc6'

2021-05-30 11:33:33 - [TEST_STEP][PASSED] - click(findTestObject("Object Repository/Page_Mattermost/button_Sign in")): Object: 'Object Repository/Page_Mattermost/button_Sign in' is clicked on

2021-05-30 11:33:33 - [MESSAGE][PASSED] - Object: 'Object Repository/Page_Mattermost/button_Sign in' is clicked on

2021-05-30 11:33:33 - [TEST_STEP][PASSED] - verifyLinksAccessible(["https://chudenangcao2021.cf/cdnc-cnpm-2021/channels"]): All links are accessible

2021-05-30 11:33:33 - [MESSAGE][INFO] - HAR: C:\Users\nttuan\Downloads\CDNC\mattermost-testing\Reports\20210530_111523\Run all test cases\20210530_111523\requests\main\53.har

2021-05-30 11:33:33 - [MESSAGE][PASSED] - Send request successfully

2021-05-30 11:33:33 - [MESSAGE][PASSED] - All links are accessible

2021-05-30 11:33:33 - [MESSAGE][PASSED] - Call Test Case 'Test Cases/Common Test Cases/Login' successfully

2021-05-30 11:33:33 - [TEST_STEP][PASSED] - object = findTestObject("Object Repository/IFObject/Page_TEST CHANNEL - TEAM NAME Mattermost/button_cxtuan_style--none sidebar-header-dropdown__icon"): null

2021-05-30 11:33:33 - [TEST_STEP][PASSED] - bool = false: null

2021-05-30 11:33:33 - [TEST_STEP][FAILED] - try: Unable to verify object 'Object Repository/IFObject/Page_TEST CHANNEL - TEAM NAME Mattermost/button_cxtuan_style--none sidebar-header-dropdown__icon' is present (Root cause: com.kms.katalon.core.exception.StepFailedException: Unable to verify object 'Object Repository/IFObject/Page_TEST CHANNEL - TEAM NAME Mattermost/button_cxtuan_style--none sidebar-header-dropdown__icon' is present
	at com.kms.katalon.core.webui.keyword.internal.WebUIKeywordMain.stepFailed(WebUIKeywordMain.groovy:64)
	at com.kms.katalon.core.webui.keyword.internal.WebUIKeywordMain.runKeyword(WebUIKeywordMain.groovy:26)
	at com.kms.katalon.core.webui.keyword.builtin.VerifyElementPresentKeyword.verifyElementPresent(VerifyElementPresentKeyword.groovy:92)
	at com.kms.katalon.core.webui.keyword.builtin.VerifyElementPresentKeyword.execute(VerifyElementPresentKeyword.groovy:68)
	at com.kms.katalon.core.keyword.internal.KeywordExecutor.executeKeywordForPlatform(KeywordExecutor.groovy:73)
	at com.kms.katalon.core.webui.keyword.WebUiBuiltInKeywords.verifyElementPresent(WebUiBuiltInKeywords.groovy:1463)
	at com.kms.katalon.core.webui.keyword.WebUiBuiltInKeywords$verifyElementPresent$4.call(Unknown Source)
	at ChangeUserNameIfLessTen.run(ChangeUserNameIfLessTen:45)
	at com.kms.katalon.core.main.ScriptEngine.run(ScriptEngine.java:194)
	at com.kms.katalon.core.main.ScriptEngine.runScriptAsRawText(ScriptEngine.java:119)
	at com.kms.katalon.core.main.TestCaseExecutor.runScript(TestCaseExecutor.java:398)
	at com.kms.katalon.core.main.TestCaseExecutor.doExecute(TestCaseExecutor.java:389)
	at com.kms.katalon.core.main.TestCaseExecutor.processExecutionPhase(TestCaseExecutor.java:368)
	at com.kms.katalon.core.main.TestCaseExecutor.accessMainPhase(TestCaseExecutor.java:360)
	at com.kms.katalon.core.main.TestCaseExecutor.execute(TestCaseExecutor.java:255)
	at com.kms.katalon.core.main.TestCaseMain.runTestCase(TestCaseMain.java:114)
	at com.kms.katalon.core.keyword.builtin.CallTestCaseKeyword$_callTestCase_closure1.doCall(CallTestCaseKeyword.groovy:59)
	at com.kms.katalon.core.keyword.builtin.CallTestCaseKeyword$_callTestCase_closure1.call(CallTestCaseKeyword.groovy)
	at com.kms.katalon.core.keyword.internal.KeywordMain.runKeyword(KeywordMain.groovy:68)
	at com.kms.katalon.core.keyword.builtin.CallTestCaseKeyword.callTestCase(CallTestCaseKeyword.groovy:81)
	at com.kms.katalon.core.keyword.builtin.CallTestCaseKeyword.execute(CallTestCaseKeyword.groovy:44)
	at com.kms.katalon.core.keyword.internal.KeywordExecutor.executeKeywordForPlatform(KeywordExecutor.groovy:73)
	at com.kms.katalon.core.keyword.BuiltinKeywords.callTestCase(BuiltinKeywords.groovy:350)
	at CallChangeUserName.run(CallChangeUserName:20)
	at com.kms.katalon.core.main.ScriptEngine.run(ScriptEngine.java:194)
	at com.kms.katalon.core.main.ScriptEngine.runScriptAsRawText(ScriptEngine.java:119)
	at com.kms.katalon.core.main.TestCaseExecutor.runScript(TestCaseExecutor.java:398)
	at com.kms.katalon.core.main.TestCaseExecutor.doExecute(TestCaseExecutor.java:389)
	at com.kms.katalon.core.main.TestCaseExecutor.processExecutionPhase(TestCaseExecutor.java:368)
	at com.kms.katalon.core.main.TestCaseExecutor.accessMainPhase(TestCaseExecutor.java:360)
	at com.kms.katalon.core.main.TestCaseExecutor.execute(TestCaseExecutor.java:255)
	at com.kms.katalon.core.main.TestSuiteExecutor.accessTestCaseMainPhase(TestSuiteExecutor.java:203)
	at com.kms.katalon.core.main.TestSuiteExecutor.accessTestSuiteMainPhase(TestSuiteExecutor.java:152)
	at com.kms.katalon.core.main.TestSuiteExecutor.execute(TestSuiteExecutor.java:95)
	at com.kms.katalon.core.main.TestCaseMain.startTestSuite(TestCaseMain.java:157)
	at com.kms.katalon.core.main.TestCaseMain$startTestSuite$0.call(Unknown Source)
	at TempTestSuite1622373323128.run(TempTestSuite1622373323128.groovy:39)
Caused by: com.kms.katalon.core.exception.StepFailedException: com.kms.katalon.core.webui.exception.WebElementNotFoundException: Web element with id: 'Object Repository/IFObject/Page_TEST CHANNEL - TEAM NAME Mattermost/button_cxtuan_style--none sidebar-header-dropdown__icon' located by '//div[@id='headerInfo']/button' not found
	at com.kms.katalon.core.webui.keyword.internal.WebUIKeywordMain.stepFailed(WebUIKeywordMain.groovy:64)
	at com.kms.katalon.core.webui.keyword.builtin.VerifyElementPresentKeyword$_verifyElementPresent_closure1.doCall(VerifyElementPresentKeyword.groovy:85)
	at com.kms.katalon.core.webui.keyword.builtin.VerifyElementPresentKeyword$_verifyElementPresent_closure1.call(VerifyElementPresentKeyword.groovy)
	at com.kms.katalon.core.webui.keyword.internal.WebUIKeywordMain.runKeyword(WebUIKeywordMain.groovy:20)
	... 35 more
)

2021-05-30 11:33:33 - [TEST_STEP][FAILED] - bool = verifyElementPresent(object, 0): Unable to verify object 'Object Repository/IFObject/Page_TEST CHANNEL - TEAM NAME Mattermost/button_cxtuan_style--none sidebar-header-dropdown__icon' is present (Root cause: com.kms.katalon.core.exception.StepFailedException: Unable to verify object 'Object Repository/IFObject/Page_TEST CHANNEL - TEAM NAME Mattermost/button_cxtuan_style--none sidebar-header-dropdown__icon' is present
	at com.kms.katalon.core.webui.keyword.internal.WebUIKeywordMain.stepFailed(WebUIKeywordMain.groovy:64)
	at com.kms.katalon.core.webui.keyword.internal.WebUIKeywordMain.runKeyword(WebUIKeywordMain.groovy:26)
	at com.kms.katalon.core.webui.keyword.builtin.VerifyElementPresentKeyword.verifyElementPresent(VerifyElementPresentKeyword.groovy:92)
	at com.kms.katalon.core.webui.keyword.builtin.VerifyElementPresentKeyword.execute(VerifyElementPresentKeyword.groovy:68)
	at com.kms.katalon.core.keyword.internal.KeywordExecutor.executeKeywordForPlatform(KeywordExecutor.groovy:73)
	at com.kms.katalon.core.webui.keyword.WebUiBuiltInKeywords.verifyElementPresent(WebUiBuiltInKeywords.groovy:1463)
	at com.kms.katalon.core.webui.keyword.WebUiBuiltInKeywords$verifyElementPresent$4.call(Unknown Source)
	at ChangeUserNameIfLessTen.run(ChangeUserNameIfLessTen:45)
	at com.kms.katalon.core.main.ScriptEngine.run(ScriptEngine.java:194)
	at com.kms.katalon.core.main.ScriptEngine.runScriptAsRawText(ScriptEngine.java:119)
	at com.kms.katalon.core.main.TestCaseExecutor.runScript(TestCaseExecutor.java:398)
	at com.kms.katalon.core.main.TestCaseExecutor.doExecute(TestCaseExecutor.java:389)
	at com.kms.katalon.core.main.TestCaseExecutor.processExecutionPhase(TestCaseExecutor.java:368)
	at com.kms.katalon.core.main.TestCaseExecutor.accessMainPhase(TestCaseExecutor.java:360)
	at com.kms.katalon.core.main.TestCaseExecutor.execute(TestCaseExecutor.java:255)
	at com.kms.katalon.core.main.TestCaseMain.runTestCase(TestCaseMain.java:114)
	at com.kms.katalon.core.keyword.builtin.CallTestCaseKeyword$_callTestCase_closure1.doCall(CallTestCaseKeyword.groovy:59)
	at com.kms.katalon.core.keyword.builtin.CallTestCaseKeyword$_callTestCase_closure1.call(CallTestCaseKeyword.groovy)
	at com.kms.katalon.core.keyword.internal.KeywordMain.runKeyword(KeywordMain.groovy:68)
	at com.kms.katalon.core.keyword.builtin.CallTestCaseKeyword.callTestCase(CallTestCaseKeyword.groovy:81)
	at com.kms.katalon.core.keyword.builtin.CallTestCaseKeyword.execute(CallTestCaseKeyword.groovy:44)
	at com.kms.katalon.core.keyword.internal.KeywordExecutor.executeKeywordForPlatform(KeywordExecutor.groovy:73)
	at com.kms.katalon.core.keyword.BuiltinKeywords.callTestCase(BuiltinKeywords.groovy:350)
	at CallChangeUserName.run(CallChangeUserName:20)
	at com.kms.katalon.core.main.ScriptEngine.run(ScriptEngine.java:194)
	at com.kms.katalon.core.main.ScriptEngine.runScriptAsRawText(ScriptEngine.java:119)
	at com.kms.katalon.core.main.TestCaseExecutor.runScript(TestCaseExecutor.java:398)
	at com.kms.katalon.core.main.TestCaseExecutor.doExecute(TestCaseExecutor.java:389)
	at com.kms.katalon.core.main.TestCaseExecutor.processExecutionPhase(TestCaseExecutor.java:368)
	at com.kms.katalon.core.main.TestCaseExecutor.accessMainPhase(TestCaseExecutor.java:360)
	at com.kms.katalon.core.main.TestCaseExecutor.execute(TestCaseExecutor.java:255)
	at com.kms.katalon.core.main.TestSuiteExecutor.accessTestCaseMainPhase(TestSuiteExecutor.java:203)
	at com.kms.katalon.core.main.TestSuiteExecutor.accessTestSuiteMainPhase(TestSuiteExecutor.java:152)
	at com.kms.katalon.core.main.TestSuiteExecutor.execute(TestSuiteExecutor.java:95)
	at com.kms.katalon.core.main.TestCaseMain.startTestSuite(TestCaseMain.java:157)
	at com.kms.katalon.core.main.TestCaseMain$startTestSuite$0.call(Unknown Source)
	at TempTestSuite1622373323128.run(TempTestSuite1622373323128.groovy:39)
Caused by: com.kms.katalon.core.exception.StepFailedException: com.kms.katalon.core.webui.exception.WebElementNotFoundException: Web element with id: 'Object Repository/IFObject/Page_TEST CHANNEL - TEAM NAME Mattermost/button_cxtuan_style--none sidebar-header-dropdown__icon' located by '//div[@id='headerInfo']/button' not found
	at com.kms.katalon.core.webui.keyword.internal.WebUIKeywordMain.stepFailed(WebUIKeywordMain.groovy:64)
	at com.kms.katalon.core.webui.keyword.builtin.VerifyElementPresentKeyword$_verifyElementPresent_closure1.doCall(VerifyElementPresentKeyword.groovy:85)
	at com.kms.katalon.core.webui.keyword.builtin.VerifyElementPresentKeyword$_verifyElementPresent_closure1.call(VerifyElementPresentKeyword.groovy)
	at com.kms.katalon.core.webui.keyword.internal.WebUIKeywordMain.runKeyword(WebUIKeywordMain.groovy:20)
	... 35 more
)

2021-05-30 11:33:33 - [MESSAGE][WARNING] - Timeout '0' is invalid. Using default page load timeout: '30'

2021-05-30 11:34:04 - [MESSAGE][INFO] - Unable to find the element located by 'By.xpath: //div[@id='headerInfo']/button'. Please recheck the objects properties to make sure the desired element is located. 

2021-05-30 11:34:05 - [MESSAGE][FAILED] - com.kms.katalon.core.webui.exception.WebElementNotFoundException: Web element with id: 'Object Repository/IFObject/Page_TEST CHANNEL - TEAM NAME Mattermost/button_cxtuan_style--none sidebar-header-dropdown__icon' located by '//div[@id='headerInfo']/button' not found (Root cause: com.kms.katalon.core.exception.StepFailedException: com.kms.katalon.core.webui.exception.WebElementNotFoundException: Web element with id: 'Object Repository/IFObject/Page_TEST CHANNEL - TEAM NAME Mattermost/button_cxtuan_style--none sidebar-header-dropdown__icon' located by '//div[@id='headerInfo']/button' not found
	at com.kms.katalon.core.webui.keyword.internal.WebUIKeywordMain.stepFailed(WebUIKeywordMain.groovy:64)
	at com.kms.katalon.core.webui.keyword.builtin.VerifyElementPresentKeyword$_verifyElementPresent_closure1.doCall(VerifyElementPresentKeyword.groovy:85)
	at com.kms.katalon.core.webui.keyword.builtin.VerifyElementPresentKeyword$_verifyElementPresent_closure1.call(VerifyElementPresentKeyword.groovy)
	at com.kms.katalon.core.webui.keyword.internal.WebUIKeywordMain.runKeyword(WebUIKeywordMain.groovy:20)
	at com.kms.katalon.core.webui.keyword.builtin.VerifyElementPresentKeyword.verifyElementPresent(VerifyElementPresentKeyword.groovy:92)
	at com.kms.katalon.core.webui.keyword.builtin.VerifyElementPresentKeyword.execute(VerifyElementPresentKeyword.groovy:68)
	at com.kms.katalon.core.keyword.internal.KeywordExecutor.executeKeywordForPlatform(KeywordExecutor.groovy:73)
	at com.kms.katalon.core.webui.keyword.WebUiBuiltInKeywords.verifyElementPresent(WebUiBuiltInKeywords.groovy:1463)
	at com.kms.katalon.core.webui.keyword.WebUiBuiltInKeywords$verifyElementPresent$4.call(Unknown Source)
	at ChangeUserNameIfLessTen.run(ChangeUserNameIfLessTen:45)
	at com.kms.katalon.core.main.ScriptEngine.run(ScriptEngine.java:194)
	at com.kms.katalon.core.main.ScriptEngine.runScriptAsRawText(ScriptEngine.java:119)
	at com.kms.katalon.core.main.TestCaseExecutor.runScript(TestCaseExecutor.java:398)
	at com.kms.katalon.core.main.TestCaseExecutor.doExecute(TestCaseExecutor.java:389)
	at com.kms.katalon.core.main.TestCaseExecutor.processExecutionPhase(TestCaseExecutor.java:368)
	at com.kms.katalon.core.main.TestCaseExecutor.accessMainPhase(TestCaseExecutor.java:360)
	at com.kms.katalon.core.main.TestCaseExecutor.execute(TestCaseExecutor.java:255)
	at com.kms.katalon.core.main.TestCaseMain.runTestCase(TestCaseMain.java:114)
	at com.kms.katalon.core.keyword.builtin.CallTestCaseKeyword$_callTestCase_closure1.doCall(CallTestCaseKeyword.groovy:59)
	at com.kms.katalon.core.keyword.builtin.CallTestCaseKeyword$_callTestCase_closure1.call(CallTestCaseKeyword.groovy)
	at com.kms.katalon.core.keyword.internal.KeywordMain.runKeyword(KeywordMain.groovy:68)
	at com.kms.katalon.core.keyword.builtin.CallTestCaseKeyword.callTestCase(CallTestCaseKeyword.groovy:81)
	at com.kms.katalon.core.keyword.builtin.CallTestCaseKeyword.execute(CallTestCaseKeyword.groovy:44)
	at com.kms.katalon.core.keyword.internal.KeywordExecutor.executeKeywordForPlatform(KeywordExecutor.groovy:73)
	at com.kms.katalon.core.keyword.BuiltinKeywords.callTestCase(BuiltinKeywords.groovy:350)
	at CallChangeUserName.run(CallChangeUserName:20)
	at com.kms.katalon.core.main.ScriptEngine.run(ScriptEngine.java:194)
	at com.kms.katalon.core.main.ScriptEngine.runScriptAsRawText(ScriptEngine.java:119)
	at com.kms.katalon.core.main.TestCaseExecutor.runScript(TestCaseExecutor.java:398)
	at com.kms.katalon.core.main.TestCaseExecutor.doExecute(TestCaseExecutor.java:389)
	at com.kms.katalon.core.main.TestCaseExecutor.processExecutionPhase(TestCaseExecutor.java:368)
	at com.kms.katalon.core.main.TestCaseExecutor.accessMainPhase(TestCaseExecutor.java:360)
	at com.kms.katalon.core.main.TestCaseExecutor.execute(TestCaseExecutor.java:255)
	at com.kms.katalon.core.main.TestSuiteExecutor.accessTestCaseMainPhase(TestSuiteExecutor.java:203)
	at com.kms.katalon.core.main.TestSuiteExecutor.accessTestSuiteMainPhase(TestSuiteExecutor.java:152)
	at com.kms.katalon.core.main.TestSuiteExecutor.execute(TestSuiteExecutor.java:95)
	at com.kms.katalon.core.main.TestCaseMain.startTestSuite(TestCaseMain.java:157)
	at com.kms.katalon.core.main.TestCaseMain$startTestSuite$0.call(Unknown Source)
	at TempTestSuite1622373323128.run(TempTestSuite1622373323128.groovy:39)
)
[[ATTACHMENT|C:\\Users\\nttuan\\Downloads\\CDNC\\mattermost-testing\\Reports\\20210530_111523\\Run all test cases\\20210530_111523\\1622374444990.png]]

2021-05-30 11:34:05 - [MESSAGE][FAILED] - Unable to verify object 'Object Repository/IFObject/Page_TEST CHANNEL - TEAM NAME Mattermost/button_cxtuan_style--none sidebar-header-dropdown__icon' is present (Root cause: com.kms.katalon.core.exception.StepFailedException: Unable to verify object 'Object Repository/IFObject/Page_TEST CHANNEL - TEAM NAME Mattermost/button_cxtuan_style--none sidebar-header-dropdown__icon' is present
	at com.kms.katalon.core.webui.keyword.internal.WebUIKeywordMain.stepFailed(WebUIKeywordMain.groovy:64)
	at com.kms.katalon.core.webui.keyword.internal.WebUIKeywordMain.runKeyword(WebUIKeywordMain.groovy:26)
	at com.kms.katalon.core.webui.keyword.builtin.VerifyElementPresentKeyword.verifyElementPresent(VerifyElementPresentKeyword.groovy:92)
	at com.kms.katalon.core.webui.keyword.builtin.VerifyElementPresentKeyword.execute(VerifyElementPresentKeyword.groovy:68)
	at com.kms.katalon.core.keyword.internal.KeywordExecutor.executeKeywordForPlatform(KeywordExecutor.groovy:73)
	at com.kms.katalon.core.webui.keyword.WebUiBuiltInKeywords.verifyElementPresent(WebUiBuiltInKeywords.groovy:1463)
	at com.kms.katalon.core.webui.keyword.WebUiBuiltInKeywords$verifyElementPresent$4.call(Unknown Source)
	at ChangeUserNameIfLessTen.run(ChangeUserNameIfLessTen:45)
	at com.kms.katalon.core.main.ScriptEngine.run(ScriptEngine.java:194)
	at com.kms.katalon.core.main.ScriptEngine.runScriptAsRawText(ScriptEngine.java:119)
	at com.kms.katalon.core.main.TestCaseExecutor.runScript(TestCaseExecutor.java:398)
	at com.kms.katalon.core.main.TestCaseExecutor.doExecute(TestCaseExecutor.java:389)
	at com.kms.katalon.core.main.TestCaseExecutor.processExecutionPhase(TestCaseExecutor.java:368)
	at com.kms.katalon.core.main.TestCaseExecutor.accessMainPhase(TestCaseExecutor.java:360)
	at com.kms.katalon.core.main.TestCaseExecutor.execute(TestCaseExecutor.java:255)
	at com.kms.katalon.core.main.TestCaseMain.runTestCase(TestCaseMain.java:114)
	at com.kms.katalon.core.keyword.builtin.CallTestCaseKeyword$_callTestCase_closure1.doCall(CallTestCaseKeyword.groovy:59)
	at com.kms.katalon.core.keyword.builtin.CallTestCaseKeyword$_callTestCase_closure1.call(CallTestCaseKeyword.groovy)
	at com.kms.katalon.core.keyword.internal.KeywordMain.runKeyword(KeywordMain.groovy:68)
	at com.kms.katalon.core.keyword.builtin.CallTestCaseKeyword.callTestCase(CallTestCaseKeyword.groovy:81)
	at com.kms.katalon.core.keyword.builtin.CallTestCaseKeyword.execute(CallTestCaseKeyword.groovy:44)
	at com.kms.katalon.core.keyword.internal.KeywordExecutor.executeKeywordForPlatform(KeywordExecutor.groovy:73)
	at com.kms.katalon.core.keyword.BuiltinKeywords.callTestCase(BuiltinKeywords.groovy:350)
	at CallChangeUserName.run(CallChangeUserName:20)
	at com.kms.katalon.core.main.ScriptEngine.run(ScriptEngine.java:194)
	at com.kms.katalon.core.main.ScriptEngine.runScriptAsRawText(ScriptEngine.java:119)
	at com.kms.katalon.core.main.TestCaseExecutor.runScript(TestCaseExecutor.java:398)
	at com.kms.katalon.core.main.TestCaseExecutor.doExecute(TestCaseExecutor.java:389)
	at com.kms.katalon.core.main.TestCaseExecutor.processExecutionPhase(TestCaseExecutor.java:368)
	at com.kms.katalon.core.main.TestCaseExecutor.accessMainPhase(TestCaseExecutor.java:360)
	at com.kms.katalon.core.main.TestCaseExecutor.execute(TestCaseExecutor.java:255)
	at com.kms.katalon.core.main.TestSuiteExecutor.accessTestCaseMainPhase(TestSuiteExecutor.java:203)
	at com.kms.katalon.core.main.TestSuiteExecutor.accessTestSuiteMainPhase(TestSuiteExecutor.java:152)
	at com.kms.katalon.core.main.TestSuiteExecutor.execute(TestSuiteExecutor.java:95)
	at com.kms.katalon.core.main.TestCaseMain.startTestSuite(TestCaseMain.java:157)
	at com.kms.katalon.core.main.TestCaseMain$startTestSuite$0.call(Unknown Source)
	at TempTestSuite1622373323128.run(TempTestSuite1622373323128.groovy:39)
Caused by: com.kms.katalon.core.exception.StepFailedException: com.kms.katalon.core.webui.exception.WebElementNotFoundException: Web element with id: 'Object Repository/IFObject/Page_TEST CHANNEL - TEAM NAME Mattermost/button_cxtuan_style--none sidebar-header-dropdown__icon' located by '//div[@id='headerInfo']/button' not found
	at com.kms.katalon.core.webui.keyword.internal.WebUIKeywordMain.stepFailed(WebUIKeywordMain.groovy:64)
	at com.kms.katalon.core.webui.keyword.builtin.VerifyElementPresentKeyword$_verifyElementPresent_closure1.doCall(VerifyElementPresentKeyword.groovy:85)
	at com.kms.katalon.core.webui.keyword.builtin.VerifyElementPresentKeyword$_verifyElementPresent_closure1.call(VerifyElementPresentKeyword.groovy)
	at com.kms.katalon.core.webui.keyword.internal.WebUIKeywordMain.runKeyword(WebUIKeywordMain.groovy:20)
	... 35 more
)
[[ATTACHMENT|C:\\Users\\nttuan\\Downloads\\CDNC\\mattermost-testing\\Reports\\20210530_111523\\Run all test cases\\20210530_111523\\1622374445061.png]]

2021-05-30 11:34:05 - [TEST_STEP][PASSED] - catch (Exception ex): null

2021-05-30 11:34:05 - [TEST_STEP][PASSED] - Finally: Browser is closed

2021-05-30 11:34:05 - [TEST_STEP][PASSED] - if (bool && username.length() < 10): null

2021-05-30 11:34:05 - [TEST_STEP][PASSED] - else: Browser is closed

2021-05-30 11:34:05 - [TEST_STEP][PASSED] - closeBrowser(): Browser is closed

2021-05-30 11:34:05 - [MESSAGE][PASSED] - Browser is closed

2021-05-30 11:34:05 - [MESSAGE][PASSED] - Call Test Case 'Test Cases/TestCasesIf/ChangeUserNameIfLessTen' successfully]]></system-out>
         <system-err><![CDATA[]]></system-err>
      </testcase>
      <testcase name="Test Cases/TestCasesIf/ChangeUserNameIfLessTen" time="36.954" classname="Test Cases/TestCasesIf/ChangeUserNameIfLessTen" status="PASSED">
         <system-out><![CDATA[2021-05-30 11:34:05 - [TEST_CASE][PASSED] - Test Cases/TestCasesIf/ChangeUserNameIfLessTen: Test Cases/TestCasesIf/ChangeUserNameIfLessTen

2021-05-30 11:34:05 - [TEST_STEP][PASSED] - callTestCase(findTestCase("Test Cases/Common Test Cases/Login"), ["Username":username, "Password":password]): Call Test Case 'Test Cases/Common Test Cases/Login' successfully

2021-05-30 11:34:05 - [TEST_CASE][PASSED] - Test Cases/Common Test Cases/Login: Test Cases/Common Test Cases/Login

2021-05-30 11:34:05 - [TEST_STEP][PASSED] - openBrowser(""): Browser is opened with url: ''

2021-05-30 11:34:05 - [MESSAGE][INFO] - Starting 'Chrome' driver

2021-05-30 11:34:05 - [MESSAGE][INFO] - Action delay is set to 0 milliseconds

2021-05-30 11:34:07 - [MESSAGE][PASSED] - Browser is opened with url: ''

2021-05-30 11:34:07 - [TEST_STEP][PASSED] - navigateToUrl("https://chudenangcao2021.cf/"): Navigate to 'https://chudenangcao2021.cf/' successfully

2021-05-30 11:34:07 - [MESSAGE][PASSED] - Navigate to 'https://chudenangcao2021.cf/' successfully

2021-05-30 11:34:07 - [TEST_STEP][PASSED] - setText(findTestObject("Object Repository/Page_Mattermost/input_All team communication in one place, _dcc84b"), Username): Text 'cxtuan' is set on object 'Object Repository/Page_Mattermost/input_All team communication in one place, _dcc84b'

2021-05-30 11:34:09 - [MESSAGE][PASSED] - Text 'cxtuan' is set on object 'Object Repository/Page_Mattermost/input_All team communication in one place, _dcc84b'

2021-05-30 11:34:09 - [TEST_STEP][PASSED] - setText(findTestObject("Object Repository/Page_Mattermost/input_All team communication in one place, _a3edc6"), Password): Text '01672471821nT@' is set on object 'Object Repository/Page_Mattermost/input_All team communication in one place, _a3edc6'

2021-05-30 11:34:10 - [MESSAGE][PASSED] - Text '01672471821nT@' is set on object 'Object Repository/Page_Mattermost/input_All team communication in one place, _a3edc6'

2021-05-30 11:34:10 - [TEST_STEP][PASSED] - click(findTestObject("Object Repository/Page_Mattermost/button_Sign in")): Object: 'Object Repository/Page_Mattermost/button_Sign in' is clicked on

2021-05-30 11:34:10 - [MESSAGE][PASSED] - Object: 'Object Repository/Page_Mattermost/button_Sign in' is clicked on

2021-05-30 11:34:10 - [TEST_STEP][PASSED] - verifyLinksAccessible(["https://chudenangcao2021.cf/cdnc-cnpm-2021/channels"]): All links are accessible

2021-05-30 11:34:10 - [MESSAGE][INFO] - HAR: C:\Users\nttuan\Downloads\CDNC\mattermost-testing\Reports\20210530_111523\Run all test cases\20210530_111523\requests\main\54.har

2021-05-30 11:34:10 - [MESSAGE][PASSED] - Send request successfully

2021-05-30 11:34:10 - [MESSAGE][PASSED] - All links are accessible

2021-05-30 11:34:10 - [MESSAGE][PASSED] - Call Test Case 'Test Cases/Common Test Cases/Login' successfully

2021-05-30 11:34:10 - [TEST_STEP][PASSED] - object = findTestObject("Object Repository/IFObject/Page_TEST CHANNEL - TEAM NAME Mattermost/button_cxtuan_style--none sidebar-header-dropdown__icon"): null

2021-05-30 11:34:10 - [TEST_STEP][PASSED] - bool = false: null

2021-05-30 11:34:10 - [TEST_STEP][FAILED] - try: Unable to verify object 'Object Repository/IFObject/Page_TEST CHANNEL - TEAM NAME Mattermost/button_cxtuan_style--none sidebar-header-dropdown__icon' is present (Root cause: com.kms.katalon.core.exception.StepFailedException: Unable to verify object 'Object Repository/IFObject/Page_TEST CHANNEL - TEAM NAME Mattermost/button_cxtuan_style--none sidebar-header-dropdown__icon' is present
	at com.kms.katalon.core.webui.keyword.internal.WebUIKeywordMain.stepFailed(WebUIKeywordMain.groovy:64)
	at com.kms.katalon.core.webui.keyword.internal.WebUIKeywordMain.runKeyword(WebUIKeywordMain.groovy:26)
	at com.kms.katalon.core.webui.keyword.builtin.VerifyElementPresentKeyword.verifyElementPresent(VerifyElementPresentKeyword.groovy:92)
	at com.kms.katalon.core.webui.keyword.builtin.VerifyElementPresentKeyword.execute(VerifyElementPresentKeyword.groovy:68)
	at com.kms.katalon.core.keyword.internal.KeywordExecutor.executeKeywordForPlatform(KeywordExecutor.groovy:73)
	at com.kms.katalon.core.webui.keyword.WebUiBuiltInKeywords.verifyElementPresent(WebUiBuiltInKeywords.groovy:1463)
	at com.kms.katalon.core.webui.keyword.WebUiBuiltInKeywords$verifyElementPresent$4.call(Unknown Source)
	at ChangeUserNameIfLessTen.run(ChangeUserNameIfLessTen:45)
	at com.kms.katalon.core.main.ScriptEngine.run(ScriptEngine.java:194)
	at com.kms.katalon.core.main.ScriptEngine.runScriptAsRawText(ScriptEngine.java:119)
	at com.kms.katalon.core.main.TestCaseExecutor.runScript(TestCaseExecutor.java:398)
	at com.kms.katalon.core.main.TestCaseExecutor.doExecute(TestCaseExecutor.java:389)
	at com.kms.katalon.core.main.TestCaseExecutor.processExecutionPhase(TestCaseExecutor.java:368)
	at com.kms.katalon.core.main.TestCaseExecutor.accessMainPhase(TestCaseExecutor.java:360)
	at com.kms.katalon.core.main.TestCaseExecutor.execute(TestCaseExecutor.java:255)
	at com.kms.katalon.core.main.TestSuiteExecutor.accessTestCaseMainPhase(TestSuiteExecutor.java:203)
	at com.kms.katalon.core.main.TestSuiteExecutor.accessTestSuiteMainPhase(TestSuiteExecutor.java:152)
	at com.kms.katalon.core.main.TestSuiteExecutor.execute(TestSuiteExecutor.java:95)
	at com.kms.katalon.core.main.TestCaseMain.startTestSuite(TestCaseMain.java:157)
	at com.kms.katalon.core.main.TestCaseMain$startTestSuite$0.call(Unknown Source)
	at TempTestSuite1622373323128.run(TempTestSuite1622373323128.groovy:39)
Caused by: com.kms.katalon.core.exception.StepFailedException: com.kms.katalon.core.webui.exception.WebElementNotFoundException: Web element with id: 'Object Repository/IFObject/Page_TEST CHANNEL - TEAM NAME Mattermost/button_cxtuan_style--none sidebar-header-dropdown__icon' located by '//div[@id='headerInfo']/button' not found
	at com.kms.katalon.core.webui.keyword.internal.WebUIKeywordMain.stepFailed(WebUIKeywordMain.groovy:64)
	at com.kms.katalon.core.webui.keyword.builtin.VerifyElementPresentKeyword$_verifyElementPresent_closure1.doCall(VerifyElementPresentKeyword.groovy:85)
	at com.kms.katalon.core.webui.keyword.builtin.VerifyElementPresentKeyword$_verifyElementPresent_closure1.call(VerifyElementPresentKeyword.groovy)
	at com.kms.katalon.core.webui.keyword.internal.WebUIKeywordMain.runKeyword(WebUIKeywordMain.groovy:20)
	... 19 more
)

2021-05-30 11:34:10 - [TEST_STEP][FAILED] - bool = verifyElementPresent(object, 0): Unable to verify object 'Object Repository/IFObject/Page_TEST CHANNEL - TEAM NAME Mattermost/button_cxtuan_style--none sidebar-header-dropdown__icon' is present (Root cause: com.kms.katalon.core.exception.StepFailedException: Unable to verify object 'Object Repository/IFObject/Page_TEST CHANNEL - TEAM NAME Mattermost/button_cxtuan_style--none sidebar-header-dropdown__icon' is present
	at com.kms.katalon.core.webui.keyword.internal.WebUIKeywordMain.stepFailed(WebUIKeywordMain.groovy:64)
	at com.kms.katalon.core.webui.keyword.internal.WebUIKeywordMain.runKeyword(WebUIKeywordMain.groovy:26)
	at com.kms.katalon.core.webui.keyword.builtin.VerifyElementPresentKeyword.verifyElementPresent(VerifyElementPresentKeyword.groovy:92)
	at com.kms.katalon.core.webui.keyword.builtin.VerifyElementPresentKeyword.execute(VerifyElementPresentKeyword.groovy:68)
	at com.kms.katalon.core.keyword.internal.KeywordExecutor.executeKeywordForPlatform(KeywordExecutor.groovy:73)
	at com.kms.katalon.core.webui.keyword.WebUiBuiltInKeywords.verifyElementPresent(WebUiBuiltInKeywords.groovy:1463)
	at com.kms.katalon.core.webui.keyword.WebUiBuiltInKeywords$verifyElementPresent$4.call(Unknown Source)
	at ChangeUserNameIfLessTen.run(ChangeUserNameIfLessTen:45)
	at com.kms.katalon.core.main.ScriptEngine.run(ScriptEngine.java:194)
	at com.kms.katalon.core.main.ScriptEngine.runScriptAsRawText(ScriptEngine.java:119)
	at com.kms.katalon.core.main.TestCaseExecutor.runScript(TestCaseExecutor.java:398)
	at com.kms.katalon.core.main.TestCaseExecutor.doExecute(TestCaseExecutor.java:389)
	at com.kms.katalon.core.main.TestCaseExecutor.processExecutionPhase(TestCaseExecutor.java:368)
	at com.kms.katalon.core.main.TestCaseExecutor.accessMainPhase(TestCaseExecutor.java:360)
	at com.kms.katalon.core.main.TestCaseExecutor.execute(TestCaseExecutor.java:255)
	at com.kms.katalon.core.main.TestSuiteExecutor.accessTestCaseMainPhase(TestSuiteExecutor.java:203)
	at com.kms.katalon.core.main.TestSuiteExecutor.accessTestSuiteMainPhase(TestSuiteExecutor.java:152)
	at com.kms.katalon.core.main.TestSuiteExecutor.execute(TestSuiteExecutor.java:95)
	at com.kms.katalon.core.main.TestCaseMain.startTestSuite(TestCaseMain.java:157)
	at com.kms.katalon.core.main.TestCaseMain$startTestSuite$0.call(Unknown Source)
	at TempTestSuite1622373323128.run(TempTestSuite1622373323128.groovy:39)
Caused by: com.kms.katalon.core.exception.StepFailedException: com.kms.katalon.core.webui.exception.WebElementNotFoundException: Web element with id: 'Object Repository/IFObject/Page_TEST CHANNEL - TEAM NAME Mattermost/button_cxtuan_style--none sidebar-header-dropdown__icon' located by '//div[@id='headerInfo']/button' not found
	at com.kms.katalon.core.webui.keyword.internal.WebUIKeywordMain.stepFailed(WebUIKeywordMain.groovy:64)
	at com.kms.katalon.core.webui.keyword.builtin.VerifyElementPresentKeyword$_verifyElementPresent_closure1.doCall(VerifyElementPresentKeyword.groovy:85)
	at com.kms.katalon.core.webui.keyword.builtin.VerifyElementPresentKeyword$_verifyElementPresent_closure1.call(VerifyElementPresentKeyword.groovy)
	at com.kms.katalon.core.webui.keyword.internal.WebUIKeywordMain.runKeyword(WebUIKeywordMain.groovy:20)
	... 19 more
)

2021-05-30 11:34:10 - [MESSAGE][WARNING] - Timeout '0' is invalid. Using default page load timeout: '30'

2021-05-30 11:34:41 - [MESSAGE][INFO] - Unable to find the element located by 'By.xpath: //div[@id='headerInfo']/button'. Please recheck the objects properties to make sure the desired element is located. 

2021-05-30 11:34:42 - [MESSAGE][FAILED] - com.kms.katalon.core.webui.exception.WebElementNotFoundException: Web element with id: 'Object Repository/IFObject/Page_TEST CHANNEL - TEAM NAME Mattermost/button_cxtuan_style--none sidebar-header-dropdown__icon' located by '//div[@id='headerInfo']/button' not found (Root cause: com.kms.katalon.core.exception.StepFailedException: com.kms.katalon.core.webui.exception.WebElementNotFoundException: Web element with id: 'Object Repository/IFObject/Page_TEST CHANNEL - TEAM NAME Mattermost/button_cxtuan_style--none sidebar-header-dropdown__icon' located by '//div[@id='headerInfo']/button' not found
	at com.kms.katalon.core.webui.keyword.internal.WebUIKeywordMain.stepFailed(WebUIKeywordMain.groovy:64)
	at com.kms.katalon.core.webui.keyword.builtin.VerifyElementPresentKeyword$_verifyElementPresent_closure1.doCall(VerifyElementPresentKeyword.groovy:85)
	at com.kms.katalon.core.webui.keyword.builtin.VerifyElementPresentKeyword$_verifyElementPresent_closure1.call(VerifyElementPresentKeyword.groovy)
	at com.kms.katalon.core.webui.keyword.internal.WebUIKeywordMain.runKeyword(WebUIKeywordMain.groovy:20)
	at com.kms.katalon.core.webui.keyword.builtin.VerifyElementPresentKeyword.verifyElementPresent(VerifyElementPresentKeyword.groovy:92)
	at com.kms.katalon.core.webui.keyword.builtin.VerifyElementPresentKeyword.execute(VerifyElementPresentKeyword.groovy:68)
	at com.kms.katalon.core.keyword.internal.KeywordExecutor.executeKeywordForPlatform(KeywordExecutor.groovy:73)
	at com.kms.katalon.core.webui.keyword.WebUiBuiltInKeywords.verifyElementPresent(WebUiBuiltInKeywords.groovy:1463)
	at com.kms.katalon.core.webui.keyword.WebUiBuiltInKeywords$verifyElementPresent$4.call(Unknown Source)
	at ChangeUserNameIfLessTen.run(ChangeUserNameIfLessTen:45)
	at com.kms.katalon.core.main.ScriptEngine.run(ScriptEngine.java:194)
	at com.kms.katalon.core.main.ScriptEngine.runScriptAsRawText(ScriptEngine.java:119)
	at com.kms.katalon.core.main.TestCaseExecutor.runScript(TestCaseExecutor.java:398)
	at com.kms.katalon.core.main.TestCaseExecutor.doExecute(TestCaseExecutor.java:389)
	at com.kms.katalon.core.main.TestCaseExecutor.processExecutionPhase(TestCaseExecutor.java:368)
	at com.kms.katalon.core.main.TestCaseExecutor.accessMainPhase(TestCaseExecutor.java:360)
	at com.kms.katalon.core.main.TestCaseExecutor.execute(TestCaseExecutor.java:255)
	at com.kms.katalon.core.main.TestSuiteExecutor.accessTestCaseMainPhase(TestSuiteExecutor.java:203)
	at com.kms.katalon.core.main.TestSuiteExecutor.accessTestSuiteMainPhase(TestSuiteExecutor.java:152)
	at com.kms.katalon.core.main.TestSuiteExecutor.execute(TestSuiteExecutor.java:95)
	at com.kms.katalon.core.main.TestCaseMain.startTestSuite(TestCaseMain.java:157)
	at com.kms.katalon.core.main.TestCaseMain$startTestSuite$0.call(Unknown Source)
	at TempTestSuite1622373323128.run(TempTestSuite1622373323128.groovy:39)
)
[[ATTACHMENT|C:\\Users\\nttuan\\Downloads\\CDNC\\mattermost-testing\\Reports\\20210530_111523\\Run all test cases\\20210530_111523\\1622374481935.png]]

2021-05-30 11:34:42 - [MESSAGE][FAILED] - Unable to verify object 'Object Repository/IFObject/Page_TEST CHANNEL - TEAM NAME Mattermost/button_cxtuan_style--none sidebar-header-dropdown__icon' is present (Root cause: com.kms.katalon.core.exception.StepFailedException: Unable to verify object 'Object Repository/IFObject/Page_TEST CHANNEL - TEAM NAME Mattermost/button_cxtuan_style--none sidebar-header-dropdown__icon' is present
	at com.kms.katalon.core.webui.keyword.internal.WebUIKeywordMain.stepFailed(WebUIKeywordMain.groovy:64)
	at com.kms.katalon.core.webui.keyword.internal.WebUIKeywordMain.runKeyword(WebUIKeywordMain.groovy:26)
	at com.kms.katalon.core.webui.keyword.builtin.VerifyElementPresentKeyword.verifyElementPresent(VerifyElementPresentKeyword.groovy:92)
	at com.kms.katalon.core.webui.keyword.builtin.VerifyElementPresentKeyword.execute(VerifyElementPresentKeyword.groovy:68)
	at com.kms.katalon.core.keyword.internal.KeywordExecutor.executeKeywordForPlatform(KeywordExecutor.groovy:73)
	at com.kms.katalon.core.webui.keyword.WebUiBuiltInKeywords.verifyElementPresent(WebUiBuiltInKeywords.groovy:1463)
	at com.kms.katalon.core.webui.keyword.WebUiBuiltInKeywords$verifyElementPresent$4.call(Unknown Source)
	at ChangeUserNameIfLessTen.run(ChangeUserNameIfLessTen:45)
	at com.kms.katalon.core.main.ScriptEngine.run(ScriptEngine.java:194)
	at com.kms.katalon.core.main.ScriptEngine.runScriptAsRawText(ScriptEngine.java:119)
	at com.kms.katalon.core.main.TestCaseExecutor.runScript(TestCaseExecutor.java:398)
	at com.kms.katalon.core.main.TestCaseExecutor.doExecute(TestCaseExecutor.java:389)
	at com.kms.katalon.core.main.TestCaseExecutor.processExecutionPhase(TestCaseExecutor.java:368)
	at com.kms.katalon.core.main.TestCaseExecutor.accessMainPhase(TestCaseExecutor.java:360)
	at com.kms.katalon.core.main.TestCaseExecutor.execute(TestCaseExecutor.java:255)
	at com.kms.katalon.core.main.TestSuiteExecutor.accessTestCaseMainPhase(TestSuiteExecutor.java:203)
	at com.kms.katalon.core.main.TestSuiteExecutor.accessTestSuiteMainPhase(TestSuiteExecutor.java:152)
	at com.kms.katalon.core.main.TestSuiteExecutor.execute(TestSuiteExecutor.java:95)
	at com.kms.katalon.core.main.TestCaseMain.startTestSuite(TestCaseMain.java:157)
	at com.kms.katalon.core.main.TestCaseMain$startTestSuite$0.call(Unknown Source)
	at TempTestSuite1622373323128.run(TempTestSuite1622373323128.groovy:39)
Caused by: com.kms.katalon.core.exception.StepFailedException: com.kms.katalon.core.webui.exception.WebElementNotFoundException: Web element with id: 'Object Repository/IFObject/Page_TEST CHANNEL - TEAM NAME Mattermost/button_cxtuan_style--none sidebar-header-dropdown__icon' located by '//div[@id='headerInfo']/button' not found
	at com.kms.katalon.core.webui.keyword.internal.WebUIKeywordMain.stepFailed(WebUIKeywordMain.groovy:64)
	at com.kms.katalon.core.webui.keyword.builtin.VerifyElementPresentKeyword$_verifyElementPresent_closure1.doCall(VerifyElementPresentKeyword.groovy:85)
	at com.kms.katalon.core.webui.keyword.builtin.VerifyElementPresentKeyword$_verifyElementPresent_closure1.call(VerifyElementPresentKeyword.groovy)
	at com.kms.katalon.core.webui.keyword.internal.WebUIKeywordMain.runKeyword(WebUIKeywordMain.groovy:20)
	... 19 more
)
[[ATTACHMENT|C:\\Users\\nttuan\\Downloads\\CDNC\\mattermost-testing\\Reports\\20210530_111523\\Run all test cases\\20210530_111523\\1622374482003.png]]

2021-05-30 11:34:42 - [TEST_STEP][PASSED] - catch (Exception ex): null

2021-05-30 11:34:42 - [TEST_STEP][PASSED] - Finally: Browser is closed

2021-05-30 11:34:42 - [TEST_STEP][PASSED] - if (bool && username.length() < 10): null

2021-05-30 11:34:42 - [TEST_STEP][PASSED] - else: Browser is closed

2021-05-30 11:34:42 - [TEST_STEP][PASSED] - closeBrowser(): Browser is closed

2021-05-30 11:34:42 - [MESSAGE][PASSED] - Browser is closed]]></system-out>
         <system-err><![CDATA[]]></system-err>
      </testcase>
      <testcase name="Test Cases/TestCasesIf/CheckNavToNewChannel" time="40.653" classname="Test Cases/TestCasesIf/CheckNavToNewChannel" status="PASSED">
         <system-out><![CDATA[2021-05-30 11:34:42 - [TEST_CASE][PASSED] - Test Cases/TestCasesIf/CheckNavToNewChannel: Test Cases/TestCasesIf/CheckNavToNewChannel

2021-05-30 11:34:43 - [TEST_STEP][PASSED] - callTestCase(findTestCase("Test Cases/Common Test Cases/Login"), ["Username":"cxtuan", "Password":"01672471821nT@"]): Call Test Case 'Test Cases/Common Test Cases/Login' successfully

2021-05-30 11:34:43 - [TEST_CASE][PASSED] - Test Cases/Common Test Cases/Login: Test Cases/Common Test Cases/Login

2021-05-30 11:34:43 - [TEST_STEP][PASSED] - openBrowser(""): Browser is opened with url: ''

2021-05-30 11:34:43 - [MESSAGE][INFO] - Starting 'Chrome' driver

2021-05-30 11:34:43 - [MESSAGE][INFO] - Action delay is set to 0 milliseconds

2021-05-30 11:34:44 - [MESSAGE][PASSED] - Browser is opened with url: ''

2021-05-30 11:34:44 - [TEST_STEP][PASSED] - navigateToUrl("https://chudenangcao2021.cf/"): Navigate to 'https://chudenangcao2021.cf/' successfully

2021-05-30 11:34:44 - [MESSAGE][PASSED] - Navigate to 'https://chudenangcao2021.cf/' successfully

2021-05-30 11:34:44 - [TEST_STEP][PASSED] - setText(findTestObject("Object Repository/Page_Mattermost/input_All team communication in one place, _dcc84b"), Username): Text 'cxtuan' is set on object 'Object Repository/Page_Mattermost/input_All team communication in one place, _dcc84b'

2021-05-30 11:34:46 - [MESSAGE][PASSED] - Text 'cxtuan' is set on object 'Object Repository/Page_Mattermost/input_All team communication in one place, _dcc84b'

2021-05-30 11:34:46 - [TEST_STEP][PASSED] - setText(findTestObject("Object Repository/Page_Mattermost/input_All team communication in one place, _a3edc6"), Password): Text '01672471821nT@' is set on object 'Object Repository/Page_Mattermost/input_All team communication in one place, _a3edc6'

2021-05-30 11:34:47 - [MESSAGE][PASSED] - Text '01672471821nT@' is set on object 'Object Repository/Page_Mattermost/input_All team communication in one place, _a3edc6'

2021-05-30 11:34:47 - [TEST_STEP][PASSED] - click(findTestObject("Object Repository/Page_Mattermost/button_Sign in")): Object: 'Object Repository/Page_Mattermost/button_Sign in' is clicked on

2021-05-30 11:34:47 - [MESSAGE][PASSED] - Object: 'Object Repository/Page_Mattermost/button_Sign in' is clicked on

2021-05-30 11:34:47 - [TEST_STEP][PASSED] - verifyLinksAccessible(["https://chudenangcao2021.cf/cdnc-cnpm-2021/channels"]): All links are accessible

2021-05-30 11:34:47 - [MESSAGE][INFO] - HAR: C:\Users\nttuan\Downloads\CDNC\mattermost-testing\Reports\20210530_111523\Run all test cases\20210530_111523\requests\main\55.har

2021-05-30 11:34:47 - [MESSAGE][PASSED] - Send request successfully

2021-05-30 11:34:47 - [MESSAGE][PASSED] - All links are accessible

2021-05-30 11:34:47 - [MESSAGE][PASSED] - Call Test Case 'Test Cases/Common Test Cases/Login' successfully

2021-05-30 11:34:47 - [TEST_STEP][PASSED] - object = findTestObject("Object Repository/IFObject/Page_TEST CHANNEL - TEAM NAME Mattermost/div_CtrlK_MenuWrapper AddChannelDropdown"): null

2021-05-30 11:34:47 - [TEST_STEP][PASSED] - bool = false: null

2021-05-30 11:34:47 - [TEST_STEP][FAILED] - try: Unable to verify object 'Object Repository/IFObject/Page_TEST CHANNEL - TEAM NAME Mattermost/div_CtrlK_MenuWrapper AddChannelDropdown' is visible (Root cause: com.kms.katalon.core.exception.StepFailedException: Unable to verify object 'Object Repository/IFObject/Page_TEST CHANNEL - TEAM NAME Mattermost/div_CtrlK_MenuWrapper AddChannelDropdown' is visible
	at com.kms.katalon.core.webui.keyword.internal.WebUIKeywordMain.stepFailed(WebUIKeywordMain.groovy:64)
	at com.kms.katalon.core.webui.keyword.internal.WebUIKeywordMain.runKeyword(WebUIKeywordMain.groovy:26)
	at com.kms.katalon.core.webui.keyword.builtin.VerifyElementVisibleKeyword.verifyElementVisible(VerifyElementVisibleKeyword.groovy:97)
	at com.kms.katalon.core.webui.keyword.builtin.VerifyElementVisibleKeyword.execute(VerifyElementVisibleKeyword.groovy:67)
	at com.kms.katalon.core.keyword.internal.KeywordExecutor.executeKeywordForPlatform(KeywordExecutor.groovy:73)
	at com.kms.katalon.core.webui.keyword.WebUiBuiltInKeywords.verifyElementVisible(WebUiBuiltInKeywords.groovy:375)
	at com.kms.katalon.core.webui.keyword.WebUiBuiltInKeywords$verifyElementVisible$11.call(Unknown Source)
	at CheckNavToNewChannel.run(CheckNavToNewChannel:24)
	at com.kms.katalon.core.main.ScriptEngine.run(ScriptEngine.java:194)
	at com.kms.katalon.core.main.ScriptEngine.runScriptAsRawText(ScriptEngine.java:119)
	at com.kms.katalon.core.main.TestCaseExecutor.runScript(TestCaseExecutor.java:398)
	at com.kms.katalon.core.main.TestCaseExecutor.doExecute(TestCaseExecutor.java:389)
	at com.kms.katalon.core.main.TestCaseExecutor.processExecutionPhase(TestCaseExecutor.java:368)
	at com.kms.katalon.core.main.TestCaseExecutor.accessMainPhase(TestCaseExecutor.java:360)
	at com.kms.katalon.core.main.TestCaseExecutor.execute(TestCaseExecutor.java:255)
	at com.kms.katalon.core.main.TestSuiteExecutor.accessTestCaseMainPhase(TestSuiteExecutor.java:203)
	at com.kms.katalon.core.main.TestSuiteExecutor.accessTestSuiteMainPhase(TestSuiteExecutor.java:152)
	at com.kms.katalon.core.main.TestSuiteExecutor.execute(TestSuiteExecutor.java:95)
	at com.kms.katalon.core.main.TestCaseMain.startTestSuite(TestCaseMain.java:157)
	at com.kms.katalon.core.main.TestCaseMain$startTestSuite$0.call(Unknown Source)
	at TempTestSuite1622373323128.run(TempTestSuite1622373323128.groovy:39)
Caused by: com.kms.katalon.core.exception.StepFailedException: Web element with id: 'Object Repository/IFObject/Page_TEST CHANNEL - TEAM NAME Mattermost/div_CtrlK_MenuWrapper AddChannelDropdown' located by '//div[@id='lhsNavigator']/div/div[2]' not found
	at com.kms.katalon.core.webui.keyword.internal.WebUIKeywordMain.stepFailed(WebUIKeywordMain.groovy:64)
	at com.kms.katalon.core.webui.keyword.builtin.VerifyElementVisibleKeyword$_verifyElementVisible_closure1.doCall(VerifyElementVisibleKeyword.groovy:89)
	at com.kms.katalon.core.webui.keyword.builtin.VerifyElementVisibleKeyword$_verifyElementVisible_closure1.call(VerifyElementVisibleKeyword.groovy)
	at com.kms.katalon.core.webui.keyword.internal.WebUIKeywordMain.runKeyword(WebUIKeywordMain.groovy:20)
	... 19 more
)

2021-05-30 11:34:47 - [TEST_STEP][FAILED] - bool = verifyElementVisible(object): Unable to verify object 'Object Repository/IFObject/Page_TEST CHANNEL - TEAM NAME Mattermost/div_CtrlK_MenuWrapper AddChannelDropdown' is visible (Root cause: com.kms.katalon.core.exception.StepFailedException: Unable to verify object 'Object Repository/IFObject/Page_TEST CHANNEL - TEAM NAME Mattermost/div_CtrlK_MenuWrapper AddChannelDropdown' is visible
	at com.kms.katalon.core.webui.keyword.internal.WebUIKeywordMain.stepFailed(WebUIKeywordMain.groovy:64)
	at com.kms.katalon.core.webui.keyword.internal.WebUIKeywordMain.runKeyword(WebUIKeywordMain.groovy:26)
	at com.kms.katalon.core.webui.keyword.builtin.VerifyElementVisibleKeyword.verifyElementVisible(VerifyElementVisibleKeyword.groovy:97)
	at com.kms.katalon.core.webui.keyword.builtin.VerifyElementVisibleKeyword.execute(VerifyElementVisibleKeyword.groovy:67)
	at com.kms.katalon.core.keyword.internal.KeywordExecutor.executeKeywordForPlatform(KeywordExecutor.groovy:73)
	at com.kms.katalon.core.webui.keyword.WebUiBuiltInKeywords.verifyElementVisible(WebUiBuiltInKeywords.groovy:375)
	at com.kms.katalon.core.webui.keyword.WebUiBuiltInKeywords$verifyElementVisible$11.call(Unknown Source)
	at CheckNavToNewChannel.run(CheckNavToNewChannel:24)
	at com.kms.katalon.core.main.ScriptEngine.run(ScriptEngine.java:194)
	at com.kms.katalon.core.main.ScriptEngine.runScriptAsRawText(ScriptEngine.java:119)
	at com.kms.katalon.core.main.TestCaseExecutor.runScript(TestCaseExecutor.java:398)
	at com.kms.katalon.core.main.TestCaseExecutor.doExecute(TestCaseExecutor.java:389)
	at com.kms.katalon.core.main.TestCaseExecutor.processExecutionPhase(TestCaseExecutor.java:368)
	at com.kms.katalon.core.main.TestCaseExecutor.accessMainPhase(TestCaseExecutor.java:360)
	at com.kms.katalon.core.main.TestCaseExecutor.execute(TestCaseExecutor.java:255)
	at com.kms.katalon.core.main.TestSuiteExecutor.accessTestCaseMainPhase(TestSuiteExecutor.java:203)
	at com.kms.katalon.core.main.TestSuiteExecutor.accessTestSuiteMainPhase(TestSuiteExecutor.java:152)
	at com.kms.katalon.core.main.TestSuiteExecutor.execute(TestSuiteExecutor.java:95)
	at com.kms.katalon.core.main.TestCaseMain.startTestSuite(TestCaseMain.java:157)
	at com.kms.katalon.core.main.TestCaseMain$startTestSuite$0.call(Unknown Source)
	at TempTestSuite1622373323128.run(TempTestSuite1622373323128.groovy:39)
Caused by: com.kms.katalon.core.exception.StepFailedException: Web element with id: 'Object Repository/IFObject/Page_TEST CHANNEL - TEAM NAME Mattermost/div_CtrlK_MenuWrapper AddChannelDropdown' located by '//div[@id='lhsNavigator']/div/div[2]' not found
	at com.kms.katalon.core.webui.keyword.internal.WebUIKeywordMain.stepFailed(WebUIKeywordMain.groovy:64)
	at com.kms.katalon.core.webui.keyword.builtin.VerifyElementVisibleKeyword$_verifyElementVisible_closure1.doCall(VerifyElementVisibleKeyword.groovy:89)
	at com.kms.katalon.core.webui.keyword.builtin.VerifyElementVisibleKeyword$_verifyElementVisible_closure1.call(VerifyElementVisibleKeyword.groovy)
	at com.kms.katalon.core.webui.keyword.internal.WebUIKeywordMain.runKeyword(WebUIKeywordMain.groovy:20)
	... 19 more
)

2021-05-30 11:35:18 - [MESSAGE][INFO] - Unable to find the element located by 'By.xpath: //div[@id='lhsNavigator']/div/div[2]'. Please recheck the objects properties to make sure the desired element is located. 

2021-05-30 11:35:18 - [MESSAGE][WARNING] - [SELF-HEALING] Failed to find element with id 'Object Repository/IFObject/Page_TEST CHANNEL - TEAM NAME Mattermost/div_CtrlK_MenuWrapper AddChannelDropdown'. Try using Self-healing.

2021-05-30 11:35:19 - [MESSAGE][INFO] - [SELF-HEALING] Failed Locator: '//div[@id='lhsNavigator']/div/div[2]'.

2021-05-30 11:35:19 - [MESSAGE][INFO] - [SELF-HEALING] Failed Locator: '(.//*[normalize-space(text()) and normalize-space(.)='Ctrl+K'])[1]/following::div[1]'.

2021-05-30 11:35:19 - [MESSAGE][INFO] - [SELF-HEALING] Failed Locator: '(.//*[normalize-space(text()) and normalize-space(.)='Find channel'])[1]/following::div[2]'.

2021-05-30 11:35:19 - [MESSAGE][INFO] - [SELF-HEALING] Failed Locator: '(.//*[normalize-space(text()) and normalize-space(.)='More unreads'])[1]/preceding::div[1]'.

2021-05-30 11:35:20 - [MESSAGE][INFO] - [SELF-HEALING] Failed Locator: '(.//*[normalize-space(text()) and normalize-space(.)='More unreads'])[2]/preceding::div[2]'.

2021-05-30 11:35:20 - [MESSAGE][INFO] - [SELF-HEALING] Failed Locator: '//div[3]/div[2]/div/div[2]'.

2021-05-30 11:35:21 - [MESSAGE][INFO] - Unable to find the element located by 'By.xpath: id("lhsNavigator")/div[@class="SidebarChannelNavigator webapp"]/div[@class="MenuWrapper AddChannelDropdown"]'. Please recheck the objects properties to make sure the desired element is located. 

2021-05-30 11:35:22 - [MESSAGE][INFO] - Unable to find the element located by 'By.cssSelector: div.MenuWrapper.AddChannelDropdown'. Please recheck the objects properties to make sure the desired element is located. 

2021-05-30 11:35:22 - [MESSAGE][FAILED] - Web element with id: 'Object Repository/IFObject/Page_TEST CHANNEL - TEAM NAME Mattermost/div_CtrlK_MenuWrapper AddChannelDropdown' located by '//div[@id='lhsNavigator']/div/div[2]' not found (Root cause: com.kms.katalon.core.exception.StepFailedException: Web element with id: 'Object Repository/IFObject/Page_TEST CHANNEL - TEAM NAME Mattermost/div_CtrlK_MenuWrapper AddChannelDropdown' located by '//div[@id='lhsNavigator']/div/div[2]' not found
	at com.kms.katalon.core.webui.keyword.internal.WebUIKeywordMain.stepFailed(WebUIKeywordMain.groovy:64)
	at com.kms.katalon.core.webui.keyword.builtin.VerifyElementVisibleKeyword$_verifyElementVisible_closure1.doCall(VerifyElementVisibleKeyword.groovy:89)
	at com.kms.katalon.core.webui.keyword.builtin.VerifyElementVisibleKeyword$_verifyElementVisible_closure1.call(VerifyElementVisibleKeyword.groovy)
	at com.kms.katalon.core.webui.keyword.internal.WebUIKeywordMain.runKeyword(WebUIKeywordMain.groovy:20)
	at com.kms.katalon.core.webui.keyword.builtin.VerifyElementVisibleKeyword.verifyElementVisible(VerifyElementVisibleKeyword.groovy:97)
	at com.kms.katalon.core.webui.keyword.builtin.VerifyElementVisibleKeyword.execute(VerifyElementVisibleKeyword.groovy:67)
	at com.kms.katalon.core.keyword.internal.KeywordExecutor.executeKeywordForPlatform(KeywordExecutor.groovy:73)
	at com.kms.katalon.core.webui.keyword.WebUiBuiltInKeywords.verifyElementVisible(WebUiBuiltInKeywords.groovy:375)
	at com.kms.katalon.core.webui.keyword.WebUiBuiltInKeywords$verifyElementVisible$11.call(Unknown Source)
	at CheckNavToNewChannel.run(CheckNavToNewChannel:24)
	at com.kms.katalon.core.main.ScriptEngine.run(ScriptEngine.java:194)
	at com.kms.katalon.core.main.ScriptEngine.runScriptAsRawText(ScriptEngine.java:119)
	at com.kms.katalon.core.main.TestCaseExecutor.runScript(TestCaseExecutor.java:398)
	at com.kms.katalon.core.main.TestCaseExecutor.doExecute(TestCaseExecutor.java:389)
	at com.kms.katalon.core.main.TestCaseExecutor.processExecutionPhase(TestCaseExecutor.java:368)
	at com.kms.katalon.core.main.TestCaseExecutor.accessMainPhase(TestCaseExecutor.java:360)
	at com.kms.katalon.core.main.TestCaseExecutor.execute(TestCaseExecutor.java:255)
	at com.kms.katalon.core.main.TestSuiteExecutor.accessTestCaseMainPhase(TestSuiteExecutor.java:203)
	at com.kms.katalon.core.main.TestSuiteExecutor.accessTestSuiteMainPhase(TestSuiteExecutor.java:152)
	at com.kms.katalon.core.main.TestSuiteExecutor.execute(TestSuiteExecutor.java:95)
	at com.kms.katalon.core.main.TestCaseMain.startTestSuite(TestCaseMain.java:157)
	at com.kms.katalon.core.main.TestCaseMain$startTestSuite$0.call(Unknown Source)
	at TempTestSuite1622373323128.run(TempTestSuite1622373323128.groovy:39)
)
[[ATTACHMENT|C:\\Users\\nttuan\\Downloads\\CDNC\\mattermost-testing\\Reports\\20210530_111523\\Run all test cases\\20210530_111523\\1622374522568.png]]

2021-05-30 11:35:22 - [MESSAGE][FAILED] - Unable to verify object 'Object Repository/IFObject/Page_TEST CHANNEL - TEAM NAME Mattermost/div_CtrlK_MenuWrapper AddChannelDropdown' is visible (Root cause: com.kms.katalon.core.exception.StepFailedException: Unable to verify object 'Object Repository/IFObject/Page_TEST CHANNEL - TEAM NAME Mattermost/div_CtrlK_MenuWrapper AddChannelDropdown' is visible
	at com.kms.katalon.core.webui.keyword.internal.WebUIKeywordMain.stepFailed(WebUIKeywordMain.groovy:64)
	at com.kms.katalon.core.webui.keyword.internal.WebUIKeywordMain.runKeyword(WebUIKeywordMain.groovy:26)
	at com.kms.katalon.core.webui.keyword.builtin.VerifyElementVisibleKeyword.verifyElementVisible(VerifyElementVisibleKeyword.groovy:97)
	at com.kms.katalon.core.webui.keyword.builtin.VerifyElementVisibleKeyword.execute(VerifyElementVisibleKeyword.groovy:67)
	at com.kms.katalon.core.keyword.internal.KeywordExecutor.executeKeywordForPlatform(KeywordExecutor.groovy:73)
	at com.kms.katalon.core.webui.keyword.WebUiBuiltInKeywords.verifyElementVisible(WebUiBuiltInKeywords.groovy:375)
	at com.kms.katalon.core.webui.keyword.WebUiBuiltInKeywords$verifyElementVisible$11.call(Unknown Source)
	at CheckNavToNewChannel.run(CheckNavToNewChannel:24)
	at com.kms.katalon.core.main.ScriptEngine.run(ScriptEngine.java:194)
	at com.kms.katalon.core.main.ScriptEngine.runScriptAsRawText(ScriptEngine.java:119)
	at com.kms.katalon.core.main.TestCaseExecutor.runScript(TestCaseExecutor.java:398)
	at com.kms.katalon.core.main.TestCaseExecutor.doExecute(TestCaseExecutor.java:389)
	at com.kms.katalon.core.main.TestCaseExecutor.processExecutionPhase(TestCaseExecutor.java:368)
	at com.kms.katalon.core.main.TestCaseExecutor.accessMainPhase(TestCaseExecutor.java:360)
	at com.kms.katalon.core.main.TestCaseExecutor.execute(TestCaseExecutor.java:255)
	at com.kms.katalon.core.main.TestSuiteExecutor.accessTestCaseMainPhase(TestSuiteExecutor.java:203)
	at com.kms.katalon.core.main.TestSuiteExecutor.accessTestSuiteMainPhase(TestSuiteExecutor.java:152)
	at com.kms.katalon.core.main.TestSuiteExecutor.execute(TestSuiteExecutor.java:95)
	at com.kms.katalon.core.main.TestCaseMain.startTestSuite(TestCaseMain.java:157)
	at com.kms.katalon.core.main.TestCaseMain$startTestSuite$0.call(Unknown Source)
	at TempTestSuite1622373323128.run(TempTestSuite1622373323128.groovy:39)
Caused by: com.kms.katalon.core.exception.StepFailedException: Web element with id: 'Object Repository/IFObject/Page_TEST CHANNEL - TEAM NAME Mattermost/div_CtrlK_MenuWrapper AddChannelDropdown' located by '//div[@id='lhsNavigator']/div/div[2]' not found
	at com.kms.katalon.core.webui.keyword.internal.WebUIKeywordMain.stepFailed(WebUIKeywordMain.groovy:64)
	at com.kms.katalon.core.webui.keyword.builtin.VerifyElementVisibleKeyword$_verifyElementVisible_closure1.doCall(VerifyElementVisibleKeyword.groovy:89)
	at com.kms.katalon.core.webui.keyword.builtin.VerifyElementVisibleKeyword$_verifyElementVisible_closure1.call(VerifyElementVisibleKeyword.groovy)
	at com.kms.katalon.core.webui.keyword.internal.WebUIKeywordMain.runKeyword(WebUIKeywordMain.groovy:20)
	... 19 more
)
[[ATTACHMENT|C:\\Users\\nttuan\\Downloads\\CDNC\\mattermost-testing\\Reports\\20210530_111523\\Run all test cases\\20210530_111523\\1622374522631.png]]

2021-05-30 11:35:22 - [TEST_STEP][PASSED] - catch (Exception ex): null

2021-05-30 11:35:22 - [TEST_STEP][PASSED] - Finally: Browser is closed

2021-05-30 11:35:22 - [TEST_STEP][PASSED] - if (bool): null

2021-05-30 11:35:22 - [TEST_STEP][PASSED] - else: Browser is closed

2021-05-30 11:35:22 - [TEST_STEP][PASSED] - closeBrowser(): Browser is closed

2021-05-30 11:35:23 - [MESSAGE][PASSED] - Browser is closed]]></system-out>
         <system-err><![CDATA[]]></system-err>
      </testcase>
      <testcase name="Test Cases/TestCasesIf/IfSwitchChannel" time="40.289" classname="Test Cases/TestCasesIf/IfSwitchChannel" status="FAILED">
         <failure type="FAILED" message="Test Cases/TestCasesIf/IfSwitchChannel FAILED.
Reason:
com.kms.katalon.core.exception.StepFailedException: Unable to click on object 'Object Repository/IFObject/Page_span_Town Square - TEAM NAME Mattermost/button_Find channelCtrlK'
	at com.kms.katalon.core.webui.keyword.internal.WebUIKeywordMain.stepFailed(WebUIKeywordMain.groovy:64)
	at com.kms.katalon.core.webui.keyword.internal.WebUIKeywordMain.runKeyword(WebUIKeywordMain.groovy:26)
	at com.kms.katalon.core.webui.keyword.builtin.ClickKeyword.click(ClickKeyword.groovy:75)
	at com.kms.katalon.core.webui.keyword.builtin.ClickKeyword.execute(ClickKeyword.groovy:42)
	at com.kms.katalon.core.keyword.internal.KeywordExecutor.executeKeywordForPlatform(KeywordExecutor.groovy:73)
	at com.kms.katalon.core.webui.keyword.WebUiBuiltInKeywords.click(WebUiBuiltInKeywords.groovy:619)
	at com.kms.katalon.core.webui.keyword.WebUiBuiltInKeywords$click$2.call(Unknown Source)
	at IfSwitchChannel.run(IfSwitchChannel:23)
	at com.kms.katalon.core.main.ScriptEngine.run(ScriptEngine.java:194)
	at com.kms.katalon.core.main.ScriptEngine.runScriptAsRawText(ScriptEngine.java:119)
	at com.kms.katalon.core.main.TestCaseExecutor.runScript(TestCaseExecutor.java:398)
	at com.kms.katalon.core.main.TestCaseExecutor.doExecute(TestCaseExecutor.java:389)
	at com.kms.katalon.core.main.TestCaseExecutor.processExecutionPhase(TestCaseExecutor.java:368)
	at com.kms.katalon.core.main.TestCaseExecutor.accessMainPhase(TestCaseExecutor.java:360)
	at com.kms.katalon.core.main.TestCaseExecutor.execute(TestCaseExecutor.java:255)
	at com.kms.katalon.core.main.TestSuiteExecutor.accessTestCaseMainPhase(TestSuiteExecutor.java:203)
	at com.kms.katalon.core.main.TestSuiteExecutor.accessTestSuiteMainPhase(TestSuiteExecutor.java:152)
	at com.kms.katalon.core.main.TestSuiteExecutor.execute(TestSuiteExecutor.java:95)
	at com.kms.katalon.core.main.TestCaseMain.startTestSuite(TestCaseMain.java:157)
	at com.kms.katalon.core.main.TestCaseMain$startTestSuite$0.call(Unknown Source)
	at TempTestSuite1622373323128.run(TempTestSuite1622373323128.groovy:39)
Caused by: com.kms.katalon.core.webui.exception.WebElementNotFoundException: Web element with id: 'Object Repository/IFObject/Page_span_Town Square - TEAM NAME Mattermost/button_Find channelCtrlK' located by '//div[@id='lhsNavigator']/div/button' not found
	at com.kms.katalon.core.webui.common.WebUiCommonHelper.findWebElement(WebUiCommonHelper.java:1368)
	at com.kms.katalon.core.webui.keyword.internal.WebUIAbstractKeyword.findWebElement(WebUIAbstractKeyword.groovy:27)
	at com.kms.katalon.core.webui.keyword.internal.WebUIAbstractKeyword.findWebElement(WebUIAbstractKeyword.groovy:26)
	at com.kms.katalon.core.webui.keyword.builtin.ClickKeyword$_click_closure1.doCall(ClickKeyword.groovy:66)
	at com.kms.katalon.core.webui.keyword.builtin.ClickKeyword$_click_closure1.call(ClickKeyword.groovy)
	at com.kms.katalon.core.webui.keyword.internal.WebUIKeywordMain.runKeyword(WebUIKeywordMain.groovy:20)
	... 19 more
"/>
         <system-out><![CDATA[2021-05-30 11:35:23 - [TEST_CASE][FAILED] - Test Cases/TestCasesIf/IfSwitchChannel: Test Cases/TestCasesIf/IfSwitchChannel FAILED.
Reason:
com.kms.katalon.core.exception.StepFailedException: Unable to click on object 'Object Repository/IFObject/Page_span_Town Square - TEAM NAME Mattermost/button_Find channelCtrlK'
	at com.kms.katalon.core.webui.keyword.internal.WebUIKeywordMain.stepFailed(WebUIKeywordMain.groovy:64)
	at com.kms.katalon.core.webui.keyword.internal.WebUIKeywordMain.runKeyword(WebUIKeywordMain.groovy:26)
	at com.kms.katalon.core.webui.keyword.builtin.ClickKeyword.click(ClickKeyword.groovy:75)
	at com.kms.katalon.core.webui.keyword.builtin.ClickKeyword.execute(ClickKeyword.groovy:42)
	at com.kms.katalon.core.keyword.internal.KeywordExecutor.executeKeywordForPlatform(KeywordExecutor.groovy:73)
	at com.kms.katalon.core.webui.keyword.WebUiBuiltInKeywords.click(WebUiBuiltInKeywords.groovy:619)
	at com.kms.katalon.core.webui.keyword.WebUiBuiltInKeywords$click$2.call(Unknown Source)
	at IfSwitchChannel.run(IfSwitchChannel:23)
	at com.kms.katalon.core.main.ScriptEngine.run(ScriptEngine.java:194)
	at com.kms.katalon.core.main.ScriptEngine.runScriptAsRawText(ScriptEngine.java:119)
	at com.kms.katalon.core.main.TestCaseExecutor.runScript(TestCaseExecutor.java:398)
	at com.kms.katalon.core.main.TestCaseExecutor.doExecute(TestCaseExecutor.java:389)
	at com.kms.katalon.core.main.TestCaseExecutor.processExecutionPhase(TestCaseExecutor.java:368)
	at com.kms.katalon.core.main.TestCaseExecutor.accessMainPhase(TestCaseExecutor.java:360)
	at com.kms.katalon.core.main.TestCaseExecutor.execute(TestCaseExecutor.java:255)
	at com.kms.katalon.core.main.TestSuiteExecutor.accessTestCaseMainPhase(TestSuiteExecutor.java:203)
	at com.kms.katalon.core.main.TestSuiteExecutor.accessTestSuiteMainPhase(TestSuiteExecutor.java:152)
	at com.kms.katalon.core.main.TestSuiteExecutor.execute(TestSuiteExecutor.java:95)
	at com.kms.katalon.core.main.TestCaseMain.startTestSuite(TestCaseMain.java:157)
	at com.kms.katalon.core.main.TestCaseMain$startTestSuite$0.call(Unknown Source)
	at TempTestSuite1622373323128.run(TempTestSuite1622373323128.groovy:39)
Caused by: com.kms.katalon.core.webui.exception.WebElementNotFoundException: Web element with id: 'Object Repository/IFObject/Page_span_Town Square - TEAM NAME Mattermost/button_Find channelCtrlK' located by '//div[@id='lhsNavigator']/div/button' not found
	at com.kms.katalon.core.webui.common.WebUiCommonHelper.findWebElement(WebUiCommonHelper.java:1368)
	at com.kms.katalon.core.webui.keyword.internal.WebUIAbstractKeyword.findWebElement(WebUIAbstractKeyword.groovy:27)
	at com.kms.katalon.core.webui.keyword.internal.WebUIAbstractKeyword.findWebElement(WebUIAbstractKeyword.groovy:26)
	at com.kms.katalon.core.webui.keyword.builtin.ClickKeyword$_click_closure1.doCall(ClickKeyword.groovy:66)
	at com.kms.katalon.core.webui.keyword.builtin.ClickKeyword$_click_closure1.call(ClickKeyword.groovy)
	at com.kms.katalon.core.webui.keyword.internal.WebUIKeywordMain.runKeyword(WebUIKeywordMain.groovy:20)
	... 19 more


2021-05-30 11:35:23 - [TEST_STEP][PASSED] - callTestCase(findTestCase("Test Cases/Common Test Cases/Login"), ["Username":Username, "Password":Password]): Call Test Case 'Test Cases/Common Test Cases/Login' successfully

2021-05-30 11:35:23 - [TEST_CASE][PASSED] - Test Cases/Common Test Cases/Login: Test Cases/Common Test Cases/Login

2021-05-30 11:35:23 - [TEST_STEP][PASSED] - openBrowser(""): Browser is opened with url: ''

2021-05-30 11:35:23 - [MESSAGE][INFO] - Starting 'Chrome' driver

2021-05-30 11:35:23 - [MESSAGE][INFO] - Action delay is set to 0 milliseconds

2021-05-30 11:35:25 - [MESSAGE][PASSED] - Browser is opened with url: ''

2021-05-30 11:35:25 - [TEST_STEP][PASSED] - navigateToUrl("https://chudenangcao2021.cf/"): Navigate to 'https://chudenangcao2021.cf/' successfully

2021-05-30 11:35:25 - [MESSAGE][PASSED] - Navigate to 'https://chudenangcao2021.cf/' successfully

2021-05-30 11:35:25 - [TEST_STEP][PASSED] - setText(findTestObject("Object Repository/Page_Mattermost/input_All team communication in one place, _dcc84b"), Username): Text 'cxtuan' is set on object 'Object Repository/Page_Mattermost/input_All team communication in one place, _dcc84b'

2021-05-30 11:35:27 - [MESSAGE][PASSED] - Text 'cxtuan' is set on object 'Object Repository/Page_Mattermost/input_All team communication in one place, _dcc84b'

2021-05-30 11:35:27 - [TEST_STEP][PASSED] - setText(findTestObject("Object Repository/Page_Mattermost/input_All team communication in one place, _a3edc6"), Password): Text '01672471821nnT@' is set on object 'Object Repository/Page_Mattermost/input_All team communication in one place, _a3edc6'

2021-05-30 11:35:27 - [MESSAGE][PASSED] - Text '01672471821nnT@' is set on object 'Object Repository/Page_Mattermost/input_All team communication in one place, _a3edc6'

2021-05-30 11:35:27 - [TEST_STEP][PASSED] - click(findTestObject("Object Repository/Page_Mattermost/button_Sign in")): Object: 'Object Repository/Page_Mattermost/button_Sign in' is clicked on

2021-05-30 11:35:28 - [MESSAGE][PASSED] - Object: 'Object Repository/Page_Mattermost/button_Sign in' is clicked on

2021-05-30 11:35:28 - [TEST_STEP][PASSED] - verifyLinksAccessible(["https://chudenangcao2021.cf/cdnc-cnpm-2021/channels"]): All links are accessible

2021-05-30 11:35:28 - [MESSAGE][INFO] - HAR: C:\Users\nttuan\Downloads\CDNC\mattermost-testing\Reports\20210530_111523\Run all test cases\20210530_111523\requests\main\56.har

2021-05-30 11:35:28 - [MESSAGE][PASSED] - Send request successfully

2021-05-30 11:35:28 - [MESSAGE][PASSED] - All links are accessible

2021-05-30 11:35:28 - [MESSAGE][PASSED] - Call Test Case 'Test Cases/Common Test Cases/Login' successfully

2021-05-30 11:35:28 - [TEST_STEP][FAILED] - click(findTestObject("Object Repository/IFObject/Page_span_Town Square - TEAM NAME Mattermost/button_Find channelCtrlK")): Unable to click on object 'Object Repository/IFObject/Page_span_Town Square - TEAM NAME Mattermost/button_Find channelCtrlK' (Root cause: com.kms.katalon.core.exception.StepFailedException: Unable to click on object 'Object Repository/IFObject/Page_span_Town Square - TEAM NAME Mattermost/button_Find channelCtrlK'
	at com.kms.katalon.core.webui.keyword.internal.WebUIKeywordMain.stepFailed(WebUIKeywordMain.groovy:64)
	at com.kms.katalon.core.webui.keyword.internal.WebUIKeywordMain.runKeyword(WebUIKeywordMain.groovy:26)
	at com.kms.katalon.core.webui.keyword.builtin.ClickKeyword.click(ClickKeyword.groovy:75)
	at com.kms.katalon.core.webui.keyword.builtin.ClickKeyword.execute(ClickKeyword.groovy:42)
	at com.kms.katalon.core.keyword.internal.KeywordExecutor.executeKeywordForPlatform(KeywordExecutor.groovy:73)
	at com.kms.katalon.core.webui.keyword.WebUiBuiltInKeywords.click(WebUiBuiltInKeywords.groovy:619)
	at com.kms.katalon.core.webui.keyword.WebUiBuiltInKeywords$click$2.call(Unknown Source)
	at IfSwitchChannel.run(IfSwitchChannel:23)
	at com.kms.katalon.core.main.ScriptEngine.run(ScriptEngine.java:194)
	at com.kms.katalon.core.main.ScriptEngine.runScriptAsRawText(ScriptEngine.java:119)
	at com.kms.katalon.core.main.TestCaseExecutor.runScript(TestCaseExecutor.java:398)
	at com.kms.katalon.core.main.TestCaseExecutor.doExecute(TestCaseExecutor.java:389)
	at com.kms.katalon.core.main.TestCaseExecutor.processExecutionPhase(TestCaseExecutor.java:368)
	at com.kms.katalon.core.main.TestCaseExecutor.accessMainPhase(TestCaseExecutor.java:360)
	at com.kms.katalon.core.main.TestCaseExecutor.execute(TestCaseExecutor.java:255)
	at com.kms.katalon.core.main.TestSuiteExecutor.accessTestCaseMainPhase(TestSuiteExecutor.java:203)
	at com.kms.katalon.core.main.TestSuiteExecutor.accessTestSuiteMainPhase(TestSuiteExecutor.java:152)
	at com.kms.katalon.core.main.TestSuiteExecutor.execute(TestSuiteExecutor.java:95)
	at com.kms.katalon.core.main.TestCaseMain.startTestSuite(TestCaseMain.java:157)
	at com.kms.katalon.core.main.TestCaseMain$startTestSuite$0.call(Unknown Source)
	at TempTestSuite1622373323128.run(TempTestSuite1622373323128.groovy:39)
Caused by: com.kms.katalon.core.webui.exception.WebElementNotFoundException: Web element with id: 'Object Repository/IFObject/Page_span_Town Square - TEAM NAME Mattermost/button_Find channelCtrlK' located by '//div[@id='lhsNavigator']/div/button' not found
	at com.kms.katalon.core.webui.common.WebUiCommonHelper.findWebElement(WebUiCommonHelper.java:1368)
	at com.kms.katalon.core.webui.keyword.internal.WebUIAbstractKeyword.findWebElement(WebUIAbstractKeyword.groovy:27)
	at com.kms.katalon.core.webui.keyword.internal.WebUIAbstractKeyword.findWebElement(WebUIAbstractKeyword.groovy:26)
	at com.kms.katalon.core.webui.keyword.builtin.ClickKeyword$_click_closure1.doCall(ClickKeyword.groovy:66)
	at com.kms.katalon.core.webui.keyword.builtin.ClickKeyword$_click_closure1.call(ClickKeyword.groovy)
	at com.kms.katalon.core.webui.keyword.internal.WebUIKeywordMain.runKeyword(WebUIKeywordMain.groovy:20)
	at com.kms.katalon.core.webui.keyword.builtin.ClickKeyword.click(ClickKeyword.groovy:75)
	at com.kms.katalon.core.webui.keyword.builtin.ClickKeyword.execute(ClickKeyword.groovy:42)
	at com.kms.katalon.core.keyword.internal.KeywordExecutor.executeKeywordForPlatform(KeywordExecutor.groovy:73)
	at com.kms.katalon.core.webui.keyword.WebUiBuiltInKeywords.click(WebUiBuiltInKeywords.groovy:619)
	at com.kms.katalon.core.webui.keyword.WebUiBuiltInKeywords$click$2.call(Unknown Source)
	at Script1622262104484.run(Script1622262104484.groovy:23)
	... 13 more
)

2021-05-30 11:35:59 - [MESSAGE][INFO] - Unable to find the element located by 'By.xpath: //div[@id='lhsNavigator']/div/button'. Please recheck the objects properties to make sure the desired element is located. 

2021-05-30 11:35:59 - [MESSAGE][WARNING] - [SELF-HEALING] Failed to find element with id 'Object Repository/IFObject/Page_span_Town Square - TEAM NAME Mattermost/button_Find channelCtrlK'. Try using Self-healing.

2021-05-30 11:35:59 - [MESSAGE][INFO] - [SELF-HEALING] Failed Locator: '//div[@id='lhsNavigator']/div/button'.

2021-05-30 11:35:59 - [MESSAGE][INFO] - [SELF-HEALING] Failed Locator: '(.//*[normalize-space(text()) and normalize-space(.)='@cxtuan'])[1]/following::button[2]'.

2021-05-30 11:36:00 - [MESSAGE][INFO] - [SELF-HEALING] Failed Locator: '(.//*[normalize-space(text()) and normalize-space(.)='TEAM NAME'])[2]/following::button[2]'.

2021-05-30 11:36:00 - [MESSAGE][INFO] - [SELF-HEALING] Failed Locator: '//div[2]/div/button'.

2021-05-30 11:36:00 - [MESSAGE][INFO] - [SELF-HEALING] Failed Locator: '//div[@id='lhsNavigator']/div/button'.

2021-05-30 11:36:00 - [MESSAGE][INFO] - [SELF-HEALING] Failed Locator: '(.//*[normalize-space(text()) and normalize-space(.)='@cxtuan'])[1]/following::button[2]'.

2021-05-30 11:36:01 - [MESSAGE][INFO] - [SELF-HEALING] Failed Locator: '(.//*[normalize-space(text()) and normalize-space(.)='TEAM NAME'])[2]/following::button[2]'.

2021-05-30 11:36:01 - [MESSAGE][INFO] - [SELF-HEALING] Failed Locator: '//div[2]/div/button'.

2021-05-30 11:36:02 - [MESSAGE][INFO] - Unable to find the element located by 'By.xpath: //*[(text() = 'Find channelCtrl+K' or . = 'Find channelCtrl+K')]'. Please recheck the objects properties to make sure the desired element is located. 

2021-05-30 11:36:03 - [MESSAGE][INFO] - Unable to find the element located by 'By.cssSelector: button.SidebarChannelNavigator_jumpToButton'. Please recheck the objects properties to make sure the desired element is located. 

2021-05-30 11:36:03 - [MESSAGE][FAILED] - Unable to click on object 'Object Repository/IFObject/Page_span_Town Square - TEAM NAME Mattermost/button_Find channelCtrlK' (Root cause: com.kms.katalon.core.exception.StepFailedException: Unable to click on object 'Object Repository/IFObject/Page_span_Town Square - TEAM NAME Mattermost/button_Find channelCtrlK'
	at com.kms.katalon.core.webui.keyword.internal.WebUIKeywordMain.stepFailed(WebUIKeywordMain.groovy:64)
	at com.kms.katalon.core.webui.keyword.internal.WebUIKeywordMain.runKeyword(WebUIKeywordMain.groovy:26)
	at com.kms.katalon.core.webui.keyword.builtin.ClickKeyword.click(ClickKeyword.groovy:75)
	at com.kms.katalon.core.webui.keyword.builtin.ClickKeyword.execute(ClickKeyword.groovy:42)
	at com.kms.katalon.core.keyword.internal.KeywordExecutor.executeKeywordForPlatform(KeywordExecutor.groovy:73)
	at com.kms.katalon.core.webui.keyword.WebUiBuiltInKeywords.click(WebUiBuiltInKeywords.groovy:619)
	at com.kms.katalon.core.webui.keyword.WebUiBuiltInKeywords$click$2.call(Unknown Source)
	at IfSwitchChannel.run(IfSwitchChannel:23)
	at com.kms.katalon.core.main.ScriptEngine.run(ScriptEngine.java:194)
	at com.kms.katalon.core.main.ScriptEngine.runScriptAsRawText(ScriptEngine.java:119)
	at com.kms.katalon.core.main.TestCaseExecutor.runScript(TestCaseExecutor.java:398)
	at com.kms.katalon.core.main.TestCaseExecutor.doExecute(TestCaseExecutor.java:389)
	at com.kms.katalon.core.main.TestCaseExecutor.processExecutionPhase(TestCaseExecutor.java:368)
	at com.kms.katalon.core.main.TestCaseExecutor.accessMainPhase(TestCaseExecutor.java:360)
	at com.kms.katalon.core.main.TestCaseExecutor.execute(TestCaseExecutor.java:255)
	at com.kms.katalon.core.main.TestSuiteExecutor.accessTestCaseMainPhase(TestSuiteExecutor.java:203)
	at com.kms.katalon.core.main.TestSuiteExecutor.accessTestSuiteMainPhase(TestSuiteExecutor.java:152)
	at com.kms.katalon.core.main.TestSuiteExecutor.execute(TestSuiteExecutor.java:95)
	at com.kms.katalon.core.main.TestCaseMain.startTestSuite(TestCaseMain.java:157)
	at com.kms.katalon.core.main.TestCaseMain$startTestSuite$0.call(Unknown Source)
	at TempTestSuite1622373323128.run(TempTestSuite1622373323128.groovy:39)
Caused by: com.kms.katalon.core.webui.exception.WebElementNotFoundException: Web element with id: 'Object Repository/IFObject/Page_span_Town Square - TEAM NAME Mattermost/button_Find channelCtrlK' located by '//div[@id='lhsNavigator']/div/button' not found
	at com.kms.katalon.core.webui.common.WebUiCommonHelper.findWebElement(WebUiCommonHelper.java:1368)
	at com.kms.katalon.core.webui.keyword.internal.WebUIAbstractKeyword.findWebElement(WebUIAbstractKeyword.groovy:27)
	at com.kms.katalon.core.webui.keyword.internal.WebUIAbstractKeyword.findWebElement(WebUIAbstractKeyword.groovy:26)
	at com.kms.katalon.core.webui.keyword.builtin.ClickKeyword$_click_closure1.doCall(ClickKeyword.groovy:66)
	at com.kms.katalon.core.webui.keyword.builtin.ClickKeyword$_click_closure1.call(ClickKeyword.groovy)
	at com.kms.katalon.core.webui.keyword.internal.WebUIKeywordMain.runKeyword(WebUIKeywordMain.groovy:20)
	at com.kms.katalon.core.webui.keyword.builtin.ClickKeyword.click(ClickKeyword.groovy:75)
	at com.kms.katalon.core.webui.keyword.builtin.ClickKeyword.execute(ClickKeyword.groovy:42)
	at com.kms.katalon.core.keyword.internal.KeywordExecutor.executeKeywordForPlatform(KeywordExecutor.groovy:73)
	at com.kms.katalon.core.webui.keyword.WebUiBuiltInKeywords.click(WebUiBuiltInKeywords.groovy:619)
	at com.kms.katalon.core.webui.keyword.WebUiBuiltInKeywords$click$2.call(Unknown Source)
	at Script1622262104484.run(Script1622262104484.groovy:23)
	... 13 more
)
[[ATTACHMENT|C:\\Users\\nttuan\\Downloads\\CDNC\\mattermost-testing\\Reports\\20210530_111523\\Run all test cases\\20210530_111523\\1622374563583.png]]]]></system-out>
         <system-err><![CDATA[2021-05-30 11:35:23 - [TEST_CASE][FAILED] - Test Cases/TestCasesIf/IfSwitchChannel: Test Cases/TestCasesIf/IfSwitchChannel FAILED.
Reason:
com.kms.katalon.core.exception.StepFailedException: Unable to click on object 'Object Repository/IFObject/Page_span_Town Square - TEAM NAME Mattermost/button_Find channelCtrlK'
	at com.kms.katalon.core.webui.keyword.internal.WebUIKeywordMain.stepFailed(WebUIKeywordMain.groovy:64)
	at com.kms.katalon.core.webui.keyword.internal.WebUIKeywordMain.runKeyword(WebUIKeywordMain.groovy:26)
	at com.kms.katalon.core.webui.keyword.builtin.ClickKeyword.click(ClickKeyword.groovy:75)
	at com.kms.katalon.core.webui.keyword.builtin.ClickKeyword.execute(ClickKeyword.groovy:42)
	at com.kms.katalon.core.keyword.internal.KeywordExecutor.executeKeywordForPlatform(KeywordExecutor.groovy:73)
	at com.kms.katalon.core.webui.keyword.WebUiBuiltInKeywords.click(WebUiBuiltInKeywords.groovy:619)
	at com.kms.katalon.core.webui.keyword.WebUiBuiltInKeywords$click$2.call(Unknown Source)
	at IfSwitchChannel.run(IfSwitchChannel:23)
	at com.kms.katalon.core.main.ScriptEngine.run(ScriptEngine.java:194)
	at com.kms.katalon.core.main.ScriptEngine.runScriptAsRawText(ScriptEngine.java:119)
	at com.kms.katalon.core.main.TestCaseExecutor.runScript(TestCaseExecutor.java:398)
	at com.kms.katalon.core.main.TestCaseExecutor.doExecute(TestCaseExecutor.java:389)
	at com.kms.katalon.core.main.TestCaseExecutor.processExecutionPhase(TestCaseExecutor.java:368)
	at com.kms.katalon.core.main.TestCaseExecutor.accessMainPhase(TestCaseExecutor.java:360)
	at com.kms.katalon.core.main.TestCaseExecutor.execute(TestCaseExecutor.java:255)
	at com.kms.katalon.core.main.TestSuiteExecutor.accessTestCaseMainPhase(TestSuiteExecutor.java:203)
	at com.kms.katalon.core.main.TestSuiteExecutor.accessTestSuiteMainPhase(TestSuiteExecutor.java:152)
	at com.kms.katalon.core.main.TestSuiteExecutor.execute(TestSuiteExecutor.java:95)
	at com.kms.katalon.core.main.TestCaseMain.startTestSuite(TestCaseMain.java:157)
	at com.kms.katalon.core.main.TestCaseMain$startTestSuite$0.call(Unknown Source)
	at TempTestSuite1622373323128.run(TempTestSuite1622373323128.groovy:39)
Caused by: com.kms.katalon.core.webui.exception.WebElementNotFoundException: Web element with id: 'Object Repository/IFObject/Page_span_Town Square - TEAM NAME Mattermost/button_Find channelCtrlK' located by '//div[@id='lhsNavigator']/div/button' not found
	at com.kms.katalon.core.webui.common.WebUiCommonHelper.findWebElement(WebUiCommonHelper.java:1368)
	at com.kms.katalon.core.webui.keyword.internal.WebUIAbstractKeyword.findWebElement(WebUIAbstractKeyword.groovy:27)
	at com.kms.katalon.core.webui.keyword.internal.WebUIAbstractKeyword.findWebElement(WebUIAbstractKeyword.groovy:26)
	at com.kms.katalon.core.webui.keyword.builtin.ClickKeyword$_click_closure1.doCall(ClickKeyword.groovy:66)
	at com.kms.katalon.core.webui.keyword.builtin.ClickKeyword$_click_closure1.call(ClickKeyword.groovy)
	at com.kms.katalon.core.webui.keyword.internal.WebUIKeywordMain.runKeyword(WebUIKeywordMain.groovy:20)
	... 19 more]]></system-err>
      </testcase>
      <testcase name="Test Cases/TestCasesIf/LeaveTeam" time="37.75" classname="Test Cases/TestCasesIf/LeaveTeam" status="PASSED">
         <system-out><![CDATA[2021-05-30 11:36:03 - [TEST_CASE][PASSED] - Test Cases/TestCasesIf/LeaveTeam: Test Cases/TestCasesIf/LeaveTeam

2021-05-30 11:36:03 - [TEST_STEP][PASSED] - callTestCase(findTestCase("Test Cases/Common Test Cases/Login"), ["Username":"cxtuan", "Password":"01672471821nT@"]): Call Test Case 'Test Cases/Common Test Cases/Login' successfully

2021-05-30 11:36:04 - [TEST_CASE][PASSED] - Test Cases/Common Test Cases/Login: Test Cases/Common Test Cases/Login

2021-05-30 11:36:04 - [TEST_STEP][PASSED] - openBrowser(""): Browser is opened with url: ''

2021-05-30 11:36:04 - [MESSAGE][WARNING] - A browser is already opened. Closing browser and opening a new one

2021-05-30 11:36:04 - [MESSAGE][INFO] - Starting 'Chrome' driver

2021-05-30 11:36:04 - [MESSAGE][INFO] - Action delay is set to 0 milliseconds

2021-05-30 11:36:05 - [MESSAGE][PASSED] - Browser is opened with url: ''

2021-05-30 11:36:05 - [TEST_STEP][PASSED] - navigateToUrl("https://chudenangcao2021.cf/"): Navigate to 'https://chudenangcao2021.cf/' successfully

2021-05-30 11:36:06 - [MESSAGE][PASSED] - Navigate to 'https://chudenangcao2021.cf/' successfully

2021-05-30 11:36:06 - [TEST_STEP][PASSED] - setText(findTestObject("Object Repository/Page_Mattermost/input_All team communication in one place, _dcc84b"), Username): Text 'cxtuan' is set on object 'Object Repository/Page_Mattermost/input_All team communication in one place, _dcc84b'

2021-05-30 11:36:07 - [MESSAGE][PASSED] - Text 'cxtuan' is set on object 'Object Repository/Page_Mattermost/input_All team communication in one place, _dcc84b'

2021-05-30 11:36:07 - [TEST_STEP][PASSED] - setText(findTestObject("Object Repository/Page_Mattermost/input_All team communication in one place, _a3edc6"), Password): Text '01672471821nT@' is set on object 'Object Repository/Page_Mattermost/input_All team communication in one place, _a3edc6'

2021-05-30 11:36:08 - [MESSAGE][PASSED] - Text '01672471821nT@' is set on object 'Object Repository/Page_Mattermost/input_All team communication in one place, _a3edc6'

2021-05-30 11:36:08 - [TEST_STEP][PASSED] - click(findTestObject("Object Repository/Page_Mattermost/button_Sign in")): Object: 'Object Repository/Page_Mattermost/button_Sign in' is clicked on

2021-05-30 11:36:09 - [MESSAGE][PASSED] - Object: 'Object Repository/Page_Mattermost/button_Sign in' is clicked on

2021-05-30 11:36:09 - [TEST_STEP][PASSED] - verifyLinksAccessible(["https://chudenangcao2021.cf/cdnc-cnpm-2021/channels"]): All links are accessible

2021-05-30 11:36:09 - [MESSAGE][INFO] - HAR: C:\Users\nttuan\Downloads\CDNC\mattermost-testing\Reports\20210530_111523\Run all test cases\20210530_111523\requests\main\57.har

2021-05-30 11:36:09 - [MESSAGE][PASSED] - Send request successfully

2021-05-30 11:36:09 - [MESSAGE][PASSED] - All links are accessible

2021-05-30 11:36:09 - [MESSAGE][PASSED] - Call Test Case 'Test Cases/Common Test Cases/Login' successfully

2021-05-30 11:36:09 - [TEST_STEP][PASSED] - object = findTestObject("Object Repository/IFObject/Page_TEST CHANNEL - TEAM NAME Mattermost/div_te"): null

2021-05-30 11:36:09 - [TEST_STEP][PASSED] - bool = false: null

2021-05-30 11:36:09 - [TEST_STEP][FAILED] - try: Unable to verify object 'Object Repository/IFObject/Page_TEST CHANNEL - TEAM NAME Mattermost/div_te' is present (Root cause: com.kms.katalon.core.exception.StepFailedException: Unable to verify object 'Object Repository/IFObject/Page_TEST CHANNEL - TEAM NAME Mattermost/div_te' is present
	at com.kms.katalon.core.webui.keyword.internal.WebUIKeywordMain.stepFailed(WebUIKeywordMain.groovy:64)
	at com.kms.katalon.core.webui.keyword.internal.WebUIKeywordMain.runKeyword(WebUIKeywordMain.groovy:26)
	at com.kms.katalon.core.webui.keyword.builtin.VerifyElementPresentKeyword.verifyElementPresent(VerifyElementPresentKeyword.groovy:92)
	at com.kms.katalon.core.webui.keyword.builtin.VerifyElementPresentKeyword.execute(VerifyElementPresentKeyword.groovy:68)
	at com.kms.katalon.core.keyword.internal.KeywordExecutor.executeKeywordForPlatform(KeywordExecutor.groovy:73)
	at com.kms.katalon.core.webui.keyword.WebUiBuiltInKeywords.verifyElementPresent(WebUiBuiltInKeywords.groovy:1463)
	at com.kms.katalon.core.webui.keyword.WebUiBuiltInKeywords$verifyElementPresent$4.call(Unknown Source)
	at LeaveTeam.run(LeaveTeam:24)
	at com.kms.katalon.core.main.ScriptEngine.run(ScriptEngine.java:194)
	at com.kms.katalon.core.main.ScriptEngine.runScriptAsRawText(ScriptEngine.java:119)
	at com.kms.katalon.core.main.TestCaseExecutor.runScript(TestCaseExecutor.java:398)
	at com.kms.katalon.core.main.TestCaseExecutor.doExecute(TestCaseExecutor.java:389)
	at com.kms.katalon.core.main.TestCaseExecutor.processExecutionPhase(TestCaseExecutor.java:368)
	at com.kms.katalon.core.main.TestCaseExecutor.accessMainPhase(TestCaseExecutor.java:360)
	at com.kms.katalon.core.main.TestCaseExecutor.execute(TestCaseExecutor.java:255)
	at com.kms.katalon.core.main.TestSuiteExecutor.accessTestCaseMainPhase(TestSuiteExecutor.java:203)
	at com.kms.katalon.core.main.TestSuiteExecutor.accessTestSuiteMainPhase(TestSuiteExecutor.java:152)
	at com.kms.katalon.core.main.TestSuiteExecutor.execute(TestSuiteExecutor.java:95)
	at com.kms.katalon.core.main.TestCaseMain.startTestSuite(TestCaseMain.java:157)
	at com.kms.katalon.core.main.TestCaseMain$startTestSuite$0.call(Unknown Source)
	at TempTestSuite1622373323128.run(TempTestSuite1622373323128.groovy:39)
Caused by: com.kms.katalon.core.exception.StepFailedException: com.kms.katalon.core.webui.exception.WebElementNotFoundException: Web element with id: 'Object Repository/IFObject/Page_TEST CHANNEL - TEAM NAME Mattermost/div_te' located by '//a[@id='test1TeamButton']/div/div/div' not found
	at com.kms.katalon.core.webui.keyword.internal.WebUIKeywordMain.stepFailed(WebUIKeywordMain.groovy:64)
	at com.kms.katalon.core.webui.keyword.builtin.VerifyElementPresentKeyword$_verifyElementPresent_closure1.doCall(VerifyElementPresentKeyword.groovy:85)
	at com.kms.katalon.core.webui.keyword.builtin.VerifyElementPresentKeyword$_verifyElementPresent_closure1.call(VerifyElementPresentKeyword.groovy)
	at com.kms.katalon.core.webui.keyword.internal.WebUIKeywordMain.runKeyword(WebUIKeywordMain.groovy:20)
	... 19 more
)

2021-05-30 11:36:09 - [TEST_STEP][FAILED] - bool = verifyElementPresent(object, 0): Unable to verify object 'Object Repository/IFObject/Page_TEST CHANNEL - TEAM NAME Mattermost/div_te' is present (Root cause: com.kms.katalon.core.exception.StepFailedException: Unable to verify object 'Object Repository/IFObject/Page_TEST CHANNEL - TEAM NAME Mattermost/div_te' is present
	at com.kms.katalon.core.webui.keyword.internal.WebUIKeywordMain.stepFailed(WebUIKeywordMain.groovy:64)
	at com.kms.katalon.core.webui.keyword.internal.WebUIKeywordMain.runKeyword(WebUIKeywordMain.groovy:26)
	at com.kms.katalon.core.webui.keyword.builtin.VerifyElementPresentKeyword.verifyElementPresent(VerifyElementPresentKeyword.groovy:92)
	at com.kms.katalon.core.webui.keyword.builtin.VerifyElementPresentKeyword.execute(VerifyElementPresentKeyword.groovy:68)
	at com.kms.katalon.core.keyword.internal.KeywordExecutor.executeKeywordForPlatform(KeywordExecutor.groovy:73)
	at com.kms.katalon.core.webui.keyword.WebUiBuiltInKeywords.verifyElementPresent(WebUiBuiltInKeywords.groovy:1463)
	at com.kms.katalon.core.webui.keyword.WebUiBuiltInKeywords$verifyElementPresent$4.call(Unknown Source)
	at LeaveTeam.run(LeaveTeam:24)
	at com.kms.katalon.core.main.ScriptEngine.run(ScriptEngine.java:194)
	at com.kms.katalon.core.main.ScriptEngine.runScriptAsRawText(ScriptEngine.java:119)
	at com.kms.katalon.core.main.TestCaseExecutor.runScript(TestCaseExecutor.java:398)
	at com.kms.katalon.core.main.TestCaseExecutor.doExecute(TestCaseExecutor.java:389)
	at com.kms.katalon.core.main.TestCaseExecutor.processExecutionPhase(TestCaseExecutor.java:368)
	at com.kms.katalon.core.main.TestCaseExecutor.accessMainPhase(TestCaseExecutor.java:360)
	at com.kms.katalon.core.main.TestCaseExecutor.execute(TestCaseExecutor.java:255)
	at com.kms.katalon.core.main.TestSuiteExecutor.accessTestCaseMainPhase(TestSuiteExecutor.java:203)
	at com.kms.katalon.core.main.TestSuiteExecutor.accessTestSuiteMainPhase(TestSuiteExecutor.java:152)
	at com.kms.katalon.core.main.TestSuiteExecutor.execute(TestSuiteExecutor.java:95)
	at com.kms.katalon.core.main.TestCaseMain.startTestSuite(TestCaseMain.java:157)
	at com.kms.katalon.core.main.TestCaseMain$startTestSuite$0.call(Unknown Source)
	at TempTestSuite1622373323128.run(TempTestSuite1622373323128.groovy:39)
Caused by: com.kms.katalon.core.exception.StepFailedException: com.kms.katalon.core.webui.exception.WebElementNotFoundException: Web element with id: 'Object Repository/IFObject/Page_TEST CHANNEL - TEAM NAME Mattermost/div_te' located by '//a[@id='test1TeamButton']/div/div/div' not found
	at com.kms.katalon.core.webui.keyword.internal.WebUIKeywordMain.stepFailed(WebUIKeywordMain.groovy:64)
	at com.kms.katalon.core.webui.keyword.builtin.VerifyElementPresentKeyword$_verifyElementPresent_closure1.doCall(VerifyElementPresentKeyword.groovy:85)
	at com.kms.katalon.core.webui.keyword.builtin.VerifyElementPresentKeyword$_verifyElementPresent_closure1.call(VerifyElementPresentKeyword.groovy)
	at com.kms.katalon.core.webui.keyword.internal.WebUIKeywordMain.runKeyword(WebUIKeywordMain.groovy:20)
	... 19 more
)

2021-05-30 11:36:09 - [MESSAGE][WARNING] - Timeout '0' is invalid. Using default page load timeout: '30'

2021-05-30 11:36:40 - [MESSAGE][INFO] - Unable to find the element located by 'By.xpath: //a[@id='test1TeamButton']/div/div/div'. Please recheck the objects properties to make sure the desired element is located. 

2021-05-30 11:36:40 - [MESSAGE][FAILED] - com.kms.katalon.core.webui.exception.WebElementNotFoundException: Web element with id: 'Object Repository/IFObject/Page_TEST CHANNEL - TEAM NAME Mattermost/div_te' located by '//a[@id='test1TeamButton']/div/div/div' not found (Root cause: com.kms.katalon.core.exception.StepFailedException: com.kms.katalon.core.webui.exception.WebElementNotFoundException: Web element with id: 'Object Repository/IFObject/Page_TEST CHANNEL - TEAM NAME Mattermost/div_te' located by '//a[@id='test1TeamButton']/div/div/div' not found
	at com.kms.katalon.core.webui.keyword.internal.WebUIKeywordMain.stepFailed(WebUIKeywordMain.groovy:64)
	at com.kms.katalon.core.webui.keyword.builtin.VerifyElementPresentKeyword$_verifyElementPresent_closure1.doCall(VerifyElementPresentKeyword.groovy:85)
	at com.kms.katalon.core.webui.keyword.builtin.VerifyElementPresentKeyword$_verifyElementPresent_closure1.call(VerifyElementPresentKeyword.groovy)
	at com.kms.katalon.core.webui.keyword.internal.WebUIKeywordMain.runKeyword(WebUIKeywordMain.groovy:20)
	at com.kms.katalon.core.webui.keyword.builtin.VerifyElementPresentKeyword.verifyElementPresent(VerifyElementPresentKeyword.groovy:92)
	at com.kms.katalon.core.webui.keyword.builtin.VerifyElementPresentKeyword.execute(VerifyElementPresentKeyword.groovy:68)
	at com.kms.katalon.core.keyword.internal.KeywordExecutor.executeKeywordForPlatform(KeywordExecutor.groovy:73)
	at com.kms.katalon.core.webui.keyword.WebUiBuiltInKeywords.verifyElementPresent(WebUiBuiltInKeywords.groovy:1463)
	at com.kms.katalon.core.webui.keyword.WebUiBuiltInKeywords$verifyElementPresent$4.call(Unknown Source)
	at LeaveTeam.run(LeaveTeam:24)
	at com.kms.katalon.core.main.ScriptEngine.run(ScriptEngine.java:194)
	at com.kms.katalon.core.main.ScriptEngine.runScriptAsRawText(ScriptEngine.java:119)
	at com.kms.katalon.core.main.TestCaseExecutor.runScript(TestCaseExecutor.java:398)
	at com.kms.katalon.core.main.TestCaseExecutor.doExecute(TestCaseExecutor.java:389)
	at com.kms.katalon.core.main.TestCaseExecutor.processExecutionPhase(TestCaseExecutor.java:368)
	at com.kms.katalon.core.main.TestCaseExecutor.accessMainPhase(TestCaseExecutor.java:360)
	at com.kms.katalon.core.main.TestCaseExecutor.execute(TestCaseExecutor.java:255)
	at com.kms.katalon.core.main.TestSuiteExecutor.accessTestCaseMainPhase(TestSuiteExecutor.java:203)
	at com.kms.katalon.core.main.TestSuiteExecutor.accessTestSuiteMainPhase(TestSuiteExecutor.java:152)
	at com.kms.katalon.core.main.TestSuiteExecutor.execute(TestSuiteExecutor.java:95)
	at com.kms.katalon.core.main.TestCaseMain.startTestSuite(TestCaseMain.java:157)
	at com.kms.katalon.core.main.TestCaseMain$startTestSuite$0.call(Unknown Source)
	at TempTestSuite1622373323128.run(TempTestSuite1622373323128.groovy:39)
)
[[ATTACHMENT|C:\\Users\\nttuan\\Downloads\\CDNC\\mattermost-testing\\Reports\\20210530_111523\\Run all test cases\\20210530_111523\\1622374600609.png]]

2021-05-30 11:36:40 - [MESSAGE][FAILED] - Unable to verify object 'Object Repository/IFObject/Page_TEST CHANNEL - TEAM NAME Mattermost/div_te' is present (Root cause: com.kms.katalon.core.exception.StepFailedException: Unable to verify object 'Object Repository/IFObject/Page_TEST CHANNEL - TEAM NAME Mattermost/div_te' is present
	at com.kms.katalon.core.webui.keyword.internal.WebUIKeywordMain.stepFailed(WebUIKeywordMain.groovy:64)
	at com.kms.katalon.core.webui.keyword.internal.WebUIKeywordMain.runKeyword(WebUIKeywordMain.groovy:26)
	at com.kms.katalon.core.webui.keyword.builtin.VerifyElementPresentKeyword.verifyElementPresent(VerifyElementPresentKeyword.groovy:92)
	at com.kms.katalon.core.webui.keyword.builtin.VerifyElementPresentKeyword.execute(VerifyElementPresentKeyword.groovy:68)
	at com.kms.katalon.core.keyword.internal.KeywordExecutor.executeKeywordForPlatform(KeywordExecutor.groovy:73)
	at com.kms.katalon.core.webui.keyword.WebUiBuiltInKeywords.verifyElementPresent(WebUiBuiltInKeywords.groovy:1463)
	at com.kms.katalon.core.webui.keyword.WebUiBuiltInKeywords$verifyElementPresent$4.call(Unknown Source)
	at LeaveTeam.run(LeaveTeam:24)
	at com.kms.katalon.core.main.ScriptEngine.run(ScriptEngine.java:194)
	at com.kms.katalon.core.main.ScriptEngine.runScriptAsRawText(ScriptEngine.java:119)
	at com.kms.katalon.core.main.TestCaseExecutor.runScript(TestCaseExecutor.java:398)
	at com.kms.katalon.core.main.TestCaseExecutor.doExecute(TestCaseExecutor.java:389)
	at com.kms.katalon.core.main.TestCaseExecutor.processExecutionPhase(TestCaseExecutor.java:368)
	at com.kms.katalon.core.main.TestCaseExecutor.accessMainPhase(TestCaseExecutor.java:360)
	at com.kms.katalon.core.main.TestCaseExecutor.execute(TestCaseExecutor.java:255)
	at com.kms.katalon.core.main.TestSuiteExecutor.accessTestCaseMainPhase(TestSuiteExecutor.java:203)
	at com.kms.katalon.core.main.TestSuiteExecutor.accessTestSuiteMainPhase(TestSuiteExecutor.java:152)
	at com.kms.katalon.core.main.TestSuiteExecutor.execute(TestSuiteExecutor.java:95)
	at com.kms.katalon.core.main.TestCaseMain.startTestSuite(TestCaseMain.java:157)
	at com.kms.katalon.core.main.TestCaseMain$startTestSuite$0.call(Unknown Source)
	at TempTestSuite1622373323128.run(TempTestSuite1622373323128.groovy:39)
Caused by: com.kms.katalon.core.exception.StepFailedException: com.kms.katalon.core.webui.exception.WebElementNotFoundException: Web element with id: 'Object Repository/IFObject/Page_TEST CHANNEL - TEAM NAME Mattermost/div_te' located by '//a[@id='test1TeamButton']/div/div/div' not found
	at com.kms.katalon.core.webui.keyword.internal.WebUIKeywordMain.stepFailed(WebUIKeywordMain.groovy:64)
	at com.kms.katalon.core.webui.keyword.builtin.VerifyElementPresentKeyword$_verifyElementPresent_closure1.doCall(VerifyElementPresentKeyword.groovy:85)
	at com.kms.katalon.core.webui.keyword.builtin.VerifyElementPresentKeyword$_verifyElementPresent_closure1.call(VerifyElementPresentKeyword.groovy)
	at com.kms.katalon.core.webui.keyword.internal.WebUIKeywordMain.runKeyword(WebUIKeywordMain.groovy:20)
	... 19 more
)
[[ATTACHMENT|C:\\Users\\nttuan\\Downloads\\CDNC\\mattermost-testing\\Reports\\20210530_111523\\Run all test cases\\20210530_111523\\1622374600678.png]]

2021-05-30 11:36:40 - [TEST_STEP][PASSED] - catch (Exception ex): null

2021-05-30 11:36:40 - [TEST_STEP][PASSED] - Finally: Browser is closed

2021-05-30 11:36:40 - [TEST_STEP][PASSED] - if (bool): null

2021-05-30 11:36:40 - [TEST_STEP][PASSED] - else: Browser is closed

2021-05-30 11:36:40 - [TEST_STEP][PASSED] - closeBrowser(): Browser is closed

2021-05-30 11:36:41 - [MESSAGE][PASSED] - Browser is closed]]></system-out>
         <system-err><![CDATA[]]></system-err>
      </testcase>
      <testcase name="Test Cases/TestCasesIf/Time24hIfUserNameThanTen" time="36.753" classname="Test Cases/TestCasesIf/Time24hIfUserNameThanTen" status="PASSED">
         <system-out><![CDATA[2021-05-30 11:36:41 - [TEST_CASE][PASSED] - Test Cases/TestCasesIf/Time24hIfUserNameThanTen: Test Cases/TestCasesIf/Time24hIfUserNameThanTen

2021-05-30 11:36:41 - [TEST_STEP][PASSED] - callTestCase(findTestCase("Test Cases/Common Test Cases/Login"), ["Username":username, "Password":password]): Call Test Case 'Test Cases/Common Test Cases/Login' successfully

2021-05-30 11:36:41 - [TEST_CASE][PASSED] - Test Cases/Common Test Cases/Login: Test Cases/Common Test Cases/Login

2021-05-30 11:36:41 - [TEST_STEP][PASSED] - openBrowser(""): Browser is opened with url: ''

2021-05-30 11:36:41 - [MESSAGE][INFO] - Starting 'Chrome' driver

2021-05-30 11:36:41 - [MESSAGE][INFO] - Action delay is set to 0 milliseconds

2021-05-30 11:36:42 - [MESSAGE][PASSED] - Browser is opened with url: ''

2021-05-30 11:36:42 - [TEST_STEP][PASSED] - navigateToUrl("https://chudenangcao2021.cf/"): Navigate to 'https://chudenangcao2021.cf/' successfully

2021-05-30 11:36:43 - [MESSAGE][PASSED] - Navigate to 'https://chudenangcao2021.cf/' successfully

2021-05-30 11:36:43 - [TEST_STEP][PASSED] - setText(findTestObject("Object Repository/Page_Mattermost/input_All team communication in one place, _dcc84b"), Username): Text 'cxtuan' is set on object 'Object Repository/Page_Mattermost/input_All team communication in one place, _dcc84b'

2021-05-30 11:36:44 - [MESSAGE][PASSED] - Text 'cxtuan' is set on object 'Object Repository/Page_Mattermost/input_All team communication in one place, _dcc84b'

2021-05-30 11:36:44 - [TEST_STEP][PASSED] - setText(findTestObject("Object Repository/Page_Mattermost/input_All team communication in one place, _a3edc6"), Password): Text '01672471821nT@' is set on object 'Object Repository/Page_Mattermost/input_All team communication in one place, _a3edc6'

2021-05-30 11:36:45 - [MESSAGE][PASSED] - Text '01672471821nT@' is set on object 'Object Repository/Page_Mattermost/input_All team communication in one place, _a3edc6'

2021-05-30 11:36:45 - [TEST_STEP][PASSED] - click(findTestObject("Object Repository/Page_Mattermost/button_Sign in")): Object: 'Object Repository/Page_Mattermost/button_Sign in' is clicked on

2021-05-30 11:36:46 - [MESSAGE][PASSED] - Object: 'Object Repository/Page_Mattermost/button_Sign in' is clicked on

2021-05-30 11:36:46 - [TEST_STEP][PASSED] - verifyLinksAccessible(["https://chudenangcao2021.cf/cdnc-cnpm-2021/channels"]): All links are accessible

2021-05-30 11:36:46 - [MESSAGE][INFO] - HAR: C:\Users\nttuan\Downloads\CDNC\mattermost-testing\Reports\20210530_111523\Run all test cases\20210530_111523\requests\main\58.har

2021-05-30 11:36:46 - [MESSAGE][PASSED] - Send request successfully

2021-05-30 11:36:46 - [MESSAGE][PASSED] - All links are accessible

2021-05-30 11:36:46 - [MESSAGE][PASSED] - Call Test Case 'Test Cases/Common Test Cases/Login' successfully

2021-05-30 11:36:46 - [TEST_STEP][PASSED] - object = findTestObject("Object Repository/IFObject/Page_TEST CHANNEL - TEAM NAME Mattermost/button_cxtuan_style--none sidebar-header-dropdown__icon"): null

2021-05-30 11:36:46 - [TEST_STEP][PASSED] - bool = false: null

2021-05-30 11:36:46 - [TEST_STEP][FAILED] - try: Unable to verify object 'Object Repository/IFObject/Page_TEST CHANNEL - TEAM NAME Mattermost/button_cxtuan_style--none sidebar-header-dropdown__icon' is present (Root cause: com.kms.katalon.core.exception.StepFailedException: Unable to verify object 'Object Repository/IFObject/Page_TEST CHANNEL - TEAM NAME Mattermost/button_cxtuan_style--none sidebar-header-dropdown__icon' is present
	at com.kms.katalon.core.webui.keyword.internal.WebUIKeywordMain.stepFailed(WebUIKeywordMain.groovy:64)
	at com.kms.katalon.core.webui.keyword.internal.WebUIKeywordMain.runKeyword(WebUIKeywordMain.groovy:26)
	at com.kms.katalon.core.webui.keyword.builtin.VerifyElementPresentKeyword.verifyElementPresent(VerifyElementPresentKeyword.groovy:92)
	at com.kms.katalon.core.webui.keyword.builtin.VerifyElementPresentKeyword.execute(VerifyElementPresentKeyword.groovy:68)
	at com.kms.katalon.core.keyword.internal.KeywordExecutor.executeKeywordForPlatform(KeywordExecutor.groovy:73)
	at com.kms.katalon.core.webui.keyword.WebUiBuiltInKeywords.verifyElementPresent(WebUiBuiltInKeywords.groovy:1463)
	at com.kms.katalon.core.webui.keyword.WebUiBuiltInKeywords$verifyElementPresent$4.call(Unknown Source)
	at Time24hIfUserNameThanTen.run(Time24hIfUserNameThanTen:45)
	at com.kms.katalon.core.main.ScriptEngine.run(ScriptEngine.java:194)
	at com.kms.katalon.core.main.ScriptEngine.runScriptAsRawText(ScriptEngine.java:119)
	at com.kms.katalon.core.main.TestCaseExecutor.runScript(TestCaseExecutor.java:398)
	at com.kms.katalon.core.main.TestCaseExecutor.doExecute(TestCaseExecutor.java:389)
	at com.kms.katalon.core.main.TestCaseExecutor.processExecutionPhase(TestCaseExecutor.java:368)
	at com.kms.katalon.core.main.TestCaseExecutor.accessMainPhase(TestCaseExecutor.java:360)
	at com.kms.katalon.core.main.TestCaseExecutor.execute(TestCaseExecutor.java:255)
	at com.kms.katalon.core.main.TestSuiteExecutor.accessTestCaseMainPhase(TestSuiteExecutor.java:203)
	at com.kms.katalon.core.main.TestSuiteExecutor.accessTestSuiteMainPhase(TestSuiteExecutor.java:152)
	at com.kms.katalon.core.main.TestSuiteExecutor.execute(TestSuiteExecutor.java:95)
	at com.kms.katalon.core.main.TestCaseMain.startTestSuite(TestCaseMain.java:157)
	at com.kms.katalon.core.main.TestCaseMain$startTestSuite$0.call(Unknown Source)
	at TempTestSuite1622373323128.run(TempTestSuite1622373323128.groovy:39)
Caused by: com.kms.katalon.core.exception.StepFailedException: com.kms.katalon.core.webui.exception.WebElementNotFoundException: Web element with id: 'Object Repository/IFObject/Page_TEST CHANNEL - TEAM NAME Mattermost/button_cxtuan_style--none sidebar-header-dropdown__icon' located by '//div[@id='headerInfo']/button' not found
	at com.kms.katalon.core.webui.keyword.internal.WebUIKeywordMain.stepFailed(WebUIKeywordMain.groovy:64)
	at com.kms.katalon.core.webui.keyword.builtin.VerifyElementPresentKeyword$_verifyElementPresent_closure1.doCall(VerifyElementPresentKeyword.groovy:85)
	at com.kms.katalon.core.webui.keyword.builtin.VerifyElementPresentKeyword$_verifyElementPresent_closure1.call(VerifyElementPresentKeyword.groovy)
	at com.kms.katalon.core.webui.keyword.internal.WebUIKeywordMain.runKeyword(WebUIKeywordMain.groovy:20)
	... 19 more
)

2021-05-30 11:36:46 - [TEST_STEP][FAILED] - bool = verifyElementPresent(object, 0): Unable to verify object 'Object Repository/IFObject/Page_TEST CHANNEL - TEAM NAME Mattermost/button_cxtuan_style--none sidebar-header-dropdown__icon' is present (Root cause: com.kms.katalon.core.exception.StepFailedException: Unable to verify object 'Object Repository/IFObject/Page_TEST CHANNEL - TEAM NAME Mattermost/button_cxtuan_style--none sidebar-header-dropdown__icon' is present
	at com.kms.katalon.core.webui.keyword.internal.WebUIKeywordMain.stepFailed(WebUIKeywordMain.groovy:64)
	at com.kms.katalon.core.webui.keyword.internal.WebUIKeywordMain.runKeyword(WebUIKeywordMain.groovy:26)
	at com.kms.katalon.core.webui.keyword.builtin.VerifyElementPresentKeyword.verifyElementPresent(VerifyElementPresentKeyword.groovy:92)
	at com.kms.katalon.core.webui.keyword.builtin.VerifyElementPresentKeyword.execute(VerifyElementPresentKeyword.groovy:68)
	at com.kms.katalon.core.keyword.internal.KeywordExecutor.executeKeywordForPlatform(KeywordExecutor.groovy:73)
	at com.kms.katalon.core.webui.keyword.WebUiBuiltInKeywords.verifyElementPresent(WebUiBuiltInKeywords.groovy:1463)
	at com.kms.katalon.core.webui.keyword.WebUiBuiltInKeywords$verifyElementPresent$4.call(Unknown Source)
	at Time24hIfUserNameThanTen.run(Time24hIfUserNameThanTen:45)
	at com.kms.katalon.core.main.ScriptEngine.run(ScriptEngine.java:194)
	at com.kms.katalon.core.main.ScriptEngine.runScriptAsRawText(ScriptEngine.java:119)
	at com.kms.katalon.core.main.TestCaseExecutor.runScript(TestCaseExecutor.java:398)
	at com.kms.katalon.core.main.TestCaseExecutor.doExecute(TestCaseExecutor.java:389)
	at com.kms.katalon.core.main.TestCaseExecutor.processExecutionPhase(TestCaseExecutor.java:368)
	at com.kms.katalon.core.main.TestCaseExecutor.accessMainPhase(TestCaseExecutor.java:360)
	at com.kms.katalon.core.main.TestCaseExecutor.execute(TestCaseExecutor.java:255)
	at com.kms.katalon.core.main.TestSuiteExecutor.accessTestCaseMainPhase(TestSuiteExecutor.java:203)
	at com.kms.katalon.core.main.TestSuiteExecutor.accessTestSuiteMainPhase(TestSuiteExecutor.java:152)
	at com.kms.katalon.core.main.TestSuiteExecutor.execute(TestSuiteExecutor.java:95)
	at com.kms.katalon.core.main.TestCaseMain.startTestSuite(TestCaseMain.java:157)
	at com.kms.katalon.core.main.TestCaseMain$startTestSuite$0.call(Unknown Source)
	at TempTestSuite1622373323128.run(TempTestSuite1622373323128.groovy:39)
Caused by: com.kms.katalon.core.exception.StepFailedException: com.kms.katalon.core.webui.exception.WebElementNotFoundException: Web element with id: 'Object Repository/IFObject/Page_TEST CHANNEL - TEAM NAME Mattermost/button_cxtuan_style--none sidebar-header-dropdown__icon' located by '//div[@id='headerInfo']/button' not found
	at com.kms.katalon.core.webui.keyword.internal.WebUIKeywordMain.stepFailed(WebUIKeywordMain.groovy:64)
	at com.kms.katalon.core.webui.keyword.builtin.VerifyElementPresentKeyword$_verifyElementPresent_closure1.doCall(VerifyElementPresentKeyword.groovy:85)
	at com.kms.katalon.core.webui.keyword.builtin.VerifyElementPresentKeyword$_verifyElementPresent_closure1.call(VerifyElementPresentKeyword.groovy)
	at com.kms.katalon.core.webui.keyword.internal.WebUIKeywordMain.runKeyword(WebUIKeywordMain.groovy:20)
	... 19 more
)

2021-05-30 11:36:46 - [MESSAGE][WARNING] - Timeout '0' is invalid. Using default page load timeout: '30'

2021-05-30 11:37:17 - [MESSAGE][INFO] - Unable to find the element located by 'By.xpath: //div[@id='headerInfo']/button'. Please recheck the objects properties to make sure the desired element is located. 

2021-05-30 11:37:17 - [MESSAGE][FAILED] - com.kms.katalon.core.webui.exception.WebElementNotFoundException: Web element with id: 'Object Repository/IFObject/Page_TEST CHANNEL - TEAM NAME Mattermost/button_cxtuan_style--none sidebar-header-dropdown__icon' located by '//div[@id='headerInfo']/button' not found (Root cause: com.kms.katalon.core.exception.StepFailedException: com.kms.katalon.core.webui.exception.WebElementNotFoundException: Web element with id: 'Object Repository/IFObject/Page_TEST CHANNEL - TEAM NAME Mattermost/button_cxtuan_style--none sidebar-header-dropdown__icon' located by '//div[@id='headerInfo']/button' not found
	at com.kms.katalon.core.webui.keyword.internal.WebUIKeywordMain.stepFailed(WebUIKeywordMain.groovy:64)
	at com.kms.katalon.core.webui.keyword.builtin.VerifyElementPresentKeyword$_verifyElementPresent_closure1.doCall(VerifyElementPresentKeyword.groovy:85)
	at com.kms.katalon.core.webui.keyword.builtin.VerifyElementPresentKeyword$_verifyElementPresent_closure1.call(VerifyElementPresentKeyword.groovy)
	at com.kms.katalon.core.webui.keyword.internal.WebUIKeywordMain.runKeyword(WebUIKeywordMain.groovy:20)
	at com.kms.katalon.core.webui.keyword.builtin.VerifyElementPresentKeyword.verifyElementPresent(VerifyElementPresentKeyword.groovy:92)
	at com.kms.katalon.core.webui.keyword.builtin.VerifyElementPresentKeyword.execute(VerifyElementPresentKeyword.groovy:68)
	at com.kms.katalon.core.keyword.internal.KeywordExecutor.executeKeywordForPlatform(KeywordExecutor.groovy:73)
	at com.kms.katalon.core.webui.keyword.WebUiBuiltInKeywords.verifyElementPresent(WebUiBuiltInKeywords.groovy:1463)
	at com.kms.katalon.core.webui.keyword.WebUiBuiltInKeywords$verifyElementPresent$4.call(Unknown Source)
	at Time24hIfUserNameThanTen.run(Time24hIfUserNameThanTen:45)
	at com.kms.katalon.core.main.ScriptEngine.run(ScriptEngine.java:194)
	at com.kms.katalon.core.main.ScriptEngine.runScriptAsRawText(ScriptEngine.java:119)
	at com.kms.katalon.core.main.TestCaseExecutor.runScript(TestCaseExecutor.java:398)
	at com.kms.katalon.core.main.TestCaseExecutor.doExecute(TestCaseExecutor.java:389)
	at com.kms.katalon.core.main.TestCaseExecutor.processExecutionPhase(TestCaseExecutor.java:368)
	at com.kms.katalon.core.main.TestCaseExecutor.accessMainPhase(TestCaseExecutor.java:360)
	at com.kms.katalon.core.main.TestCaseExecutor.execute(TestCaseExecutor.java:255)
	at com.kms.katalon.core.main.TestSuiteExecutor.accessTestCaseMainPhase(TestSuiteExecutor.java:203)
	at com.kms.katalon.core.main.TestSuiteExecutor.accessTestSuiteMainPhase(TestSuiteExecutor.java:152)
	at com.kms.katalon.core.main.TestSuiteExecutor.execute(TestSuiteExecutor.java:95)
	at com.kms.katalon.core.main.TestCaseMain.startTestSuite(TestCaseMain.java:157)
	at com.kms.katalon.core.main.TestCaseMain$startTestSuite$0.call(Unknown Source)
	at TempTestSuite1622373323128.run(TempTestSuite1622373323128.groovy:39)
)
[[ATTACHMENT|C:\\Users\\nttuan\\Downloads\\CDNC\\mattermost-testing\\Reports\\20210530_111523\\Run all test cases\\20210530_111523\\1622374637338.png]]

2021-05-30 11:37:17 - [MESSAGE][FAILED] - Unable to verify object 'Object Repository/IFObject/Page_TEST CHANNEL - TEAM NAME Mattermost/button_cxtuan_style--none sidebar-header-dropdown__icon' is present (Root cause: com.kms.katalon.core.exception.StepFailedException: Unable to verify object 'Object Repository/IFObject/Page_TEST CHANNEL - TEAM NAME Mattermost/button_cxtuan_style--none sidebar-header-dropdown__icon' is present
	at com.kms.katalon.core.webui.keyword.internal.WebUIKeywordMain.stepFailed(WebUIKeywordMain.groovy:64)
	at com.kms.katalon.core.webui.keyword.internal.WebUIKeywordMain.runKeyword(WebUIKeywordMain.groovy:26)
	at com.kms.katalon.core.webui.keyword.builtin.VerifyElementPresentKeyword.verifyElementPresent(VerifyElementPresentKeyword.groovy:92)
	at com.kms.katalon.core.webui.keyword.builtin.VerifyElementPresentKeyword.execute(VerifyElementPresentKeyword.groovy:68)
	at com.kms.katalon.core.keyword.internal.KeywordExecutor.executeKeywordForPlatform(KeywordExecutor.groovy:73)
	at com.kms.katalon.core.webui.keyword.WebUiBuiltInKeywords.verifyElementPresent(WebUiBuiltInKeywords.groovy:1463)
	at com.kms.katalon.core.webui.keyword.WebUiBuiltInKeywords$verifyElementPresent$4.call(Unknown Source)
	at Time24hIfUserNameThanTen.run(Time24hIfUserNameThanTen:45)
	at com.kms.katalon.core.main.ScriptEngine.run(ScriptEngine.java:194)
	at com.kms.katalon.core.main.ScriptEngine.runScriptAsRawText(ScriptEngine.java:119)
	at com.kms.katalon.core.main.TestCaseExecutor.runScript(TestCaseExecutor.java:398)
	at com.kms.katalon.core.main.TestCaseExecutor.doExecute(TestCaseExecutor.java:389)
	at com.kms.katalon.core.main.TestCaseExecutor.processExecutionPhase(TestCaseExecutor.java:368)
	at com.kms.katalon.core.main.TestCaseExecutor.accessMainPhase(TestCaseExecutor.java:360)
	at com.kms.katalon.core.main.TestCaseExecutor.execute(TestCaseExecutor.java:255)
	at com.kms.katalon.core.main.TestSuiteExecutor.accessTestCaseMainPhase(TestSuiteExecutor.java:203)
	at com.kms.katalon.core.main.TestSuiteExecutor.accessTestSuiteMainPhase(TestSuiteExecutor.java:152)
	at com.kms.katalon.core.main.TestSuiteExecutor.execute(TestSuiteExecutor.java:95)
	at com.kms.katalon.core.main.TestCaseMain.startTestSuite(TestCaseMain.java:157)
	at com.kms.katalon.core.main.TestCaseMain$startTestSuite$0.call(Unknown Source)
	at TempTestSuite1622373323128.run(TempTestSuite1622373323128.groovy:39)
Caused by: com.kms.katalon.core.exception.StepFailedException: com.kms.katalon.core.webui.exception.WebElementNotFoundException: Web element with id: 'Object Repository/IFObject/Page_TEST CHANNEL - TEAM NAME Mattermost/button_cxtuan_style--none sidebar-header-dropdown__icon' located by '//div[@id='headerInfo']/button' not found
	at com.kms.katalon.core.webui.keyword.internal.WebUIKeywordMain.stepFailed(WebUIKeywordMain.groovy:64)
	at com.kms.katalon.core.webui.keyword.builtin.VerifyElementPresentKeyword$_verifyElementPresent_closure1.doCall(VerifyElementPresentKeyword.groovy:85)
	at com.kms.katalon.core.webui.keyword.builtin.VerifyElementPresentKeyword$_verifyElementPresent_closure1.call(VerifyElementPresentKeyword.groovy)
	at com.kms.katalon.core.webui.keyword.internal.WebUIKeywordMain.runKeyword(WebUIKeywordMain.groovy:20)
	... 19 more
)
[[ATTACHMENT|C:\\Users\\nttuan\\Downloads\\CDNC\\mattermost-testing\\Reports\\20210530_111523\\Run all test cases\\20210530_111523\\1622374637399.png]]

2021-05-30 11:37:17 - [TEST_STEP][PASSED] - catch (Exception ex): null

2021-05-30 11:37:17 - [TEST_STEP][PASSED] - Finally: Browser is closed

2021-05-30 11:37:17 - [TEST_STEP][PASSED] - if (bool && username.length() < 10): null

2021-05-30 11:37:17 - [TEST_STEP][PASSED] - else: Browser is closed

2021-05-30 11:37:17 - [TEST_STEP][PASSED] - closeBrowser(): Browser is closed

2021-05-30 11:37:18 - [MESSAGE][PASSED] - Browser is closed]]></system-out>
         <system-err><![CDATA[]]></system-err>
      </testcase>
      <system-out><![CDATA[2021-05-30 11:15:28 - [TEST_SUITE][FAILED] - Run all test cases: Test Cases/Internal Test Cases/CreateChannelPrivate FAILED.
Reason:
com.kms.katalon.core.exception.StepFailedException: Unable to click on object 'Object Repository/CreateChannel/Page_TEST CHANNEL - TEAM NAME Mattermost/i_CtrlK_icon-plus'
	at com.kms.katalon.core.webui.keyword.internal.WebUIKeywordMain.stepFailed(WebUIKeywordMain.groovy:64)
	at com.kms.katalon.core.webui.keyword.internal.WebUIKeywordMain.runKeyword(WebUIKeywordMain.groovy:26)
	at com.kms.katalon.core.webui.keyword.builtin.ClickKeyword.click(ClickKeyword.groovy:75)
	at com.kms.katalon.core.webui.keyword.builtin.ClickKeyword.execute(ClickKeyword.groovy:42)
	at com.kms.katalon.core.keyword.internal.KeywordExecutor.executeKeywordForPlatform(KeywordExecutor.groovy:73)
	at com.kms.katalon.core.webui.keyword.WebUiBuiltInKeywords.click(WebUiBuiltInKeywords.groovy:619)
	at com.kms.katalon.core.webui.keyword.WebUiBuiltInKeywords$click$2.call(Unknown Source)
	at CreateChannelPrivate.run(CreateChannelPrivate:23)
	at com.kms.katalon.core.main.ScriptEngine.run(ScriptEngine.java:194)
	at com.kms.katalon.core.main.ScriptEngine.runScriptAsRawText(ScriptEngine.java:119)
	at com.kms.katalon.core.main.TestCaseExecutor.runScript(TestCaseExecutor.java:398)
	at com.kms.katalon.core.main.TestCaseExecutor.doExecute(TestCaseExecutor.java:389)
	at com.kms.katalon.core.main.TestCaseExecutor.processExecutionPhase(TestCaseExecutor.java:368)
	at com.kms.katalon.core.main.TestCaseExecutor.accessMainPhase(TestCaseExecutor.java:360)
	at com.kms.katalon.core.main.TestCaseExecutor.execute(TestCaseExecutor.java:255)
	at com.kms.katalon.core.main.TestSuiteExecutor.accessTestCaseMainPhase(TestSuiteExecutor.java:203)
	at com.kms.katalon.core.main.TestSuiteExecutor.accessTestSuiteMainPhase(TestSuiteExecutor.java:152)
	at com.kms.katalon.core.main.TestSuiteExecutor.execute(TestSuiteExecutor.java:95)
	at com.kms.katalon.core.main.TestCaseMain.startTestSuite(TestCaseMain.java:157)
	at com.kms.katalon.core.main.TestCaseMain$startTestSuite$0.call(Unknown Source)
	at TempTestSuite1622373323128.run(TempTestSuite1622373323128.groovy:39)
Caused by: org.openqa.selenium.ElementClickInterceptedException: element click intercepted: Element <i class="icon-plus"></i> is not clickable at point (273, 155). Other element would receive the click: <div class="form-group">...</div>
  (Session info: chrome=91.0.4472.77)
Build info: version: '3.141.59', revision: 'e82be7d358', time: '2018-11-14T08:25:53'
System info: host: 'WIN-SERVER-2019', ip: '10.1.0.4', os.name: 'Windows Server 2019', os.arch: 'amd64', os.version: '10.0', java.version: '1.8.0_282'
Driver info: com.kms.katalon.selenium.driver.CChromeDriver
Capabilities {acceptInsecureCerts: false, browserName: chrome, browserVersion: 91.0.4472.77, chrome: {chromedriverVersion: 90.0.4430.24 (4c6d850f087da..., userDataDir: C:\Users\nttuan\AppData\Loc...}, goog:chromeOptions: {debuggerAddress: localhost:64037}, javascriptEnabled: true, networkConnectionEnabled: false, pageLoadStrategy: normal, platform: WINDOWS, platformName: WINDOWS, proxy: Proxy(), setWindowRect: true, strictFileInteractability: false, timeouts: {implicit: 0, pageLoad: 300000, script: 30000}, unhandledPromptBehavior: dismiss and notify, webauthn:extension:largeBlob: true, webauthn:virtualAuthenticators: true}
Session ID: 97a5039dc6310755ce7899cc0e9cccf4
	at org.openqa.selenium.remote.http.W3CHttpResponseCodec.createException(W3CHttpResponseCodec.java:187)
	at org.openqa.selenium.remote.http.W3CHttpResponseCodec.decode(W3CHttpResponseCodec.java:122)
	at org.openqa.selenium.remote.http.W3CHttpResponseCodec.decode(W3CHttpResponseCodec.java:49)
	at org.openqa.selenium.remote.HttpCommandExecutor.execute(HttpCommandExecutor.java:158)
	at org.openqa.selenium.remote.service.DriverCommandExecutor.execute(DriverCommandExecutor.java:83)
	at org.openqa.selenium.remote.RemoteWebDriver.execute(RemoteWebDriver.java:552)
	at com.kms.katalon.selenium.driver.CChromeDriver.execute(CChromeDriver.java:19)
	at org.openqa.selenium.remote.RemoteWebElement.execute(RemoteWebElement.java:285)
	at org.openqa.selenium.remote.RemoteWebElement.click(RemoteWebElement.java:84)
	at org.openqa.selenium.support.events.EventFiringWebDriver$EventFiringWebElement.lambda$new$0(EventFiringWebDriver.java:404)
	at com.sun.proxy.$Proxy17.click(Unknown Source)
	at org.openqa.selenium.support.events.EventFiringWebDriver$EventFiringWebElement.click(EventFiringWebDriver.java:417)
	at com.kms.katalon.core.webui.keyword.builtin.ClickKeyword$_click_closure1.doCall(ClickKeyword.groovy:68)
	at com.kms.katalon.core.webui.keyword.builtin.ClickKeyword$_click_closure1.call(ClickKeyword.groovy)
	at com.kms.katalon.core.webui.keyword.internal.WebUIKeywordMain.runKeyword(WebUIKeywordMain.groovy:20)
	... 19 more]]></system-out>
      <system-err><![CDATA[2021-05-30 11:15:28 - [TEST_SUITE][FAILED] - Run all test cases: Test Cases/Internal Test Cases/CreateChannelPrivate FAILED.
Reason:
com.kms.katalon.core.exception.StepFailedException: Unable to click on object 'Object Repository/CreateChannel/Page_TEST CHANNEL - TEAM NAME Mattermost/i_CtrlK_icon-plus'
	at com.kms.katalon.core.webui.keyword.internal.WebUIKeywordMain.stepFailed(WebUIKeywordMain.groovy:64)
	at com.kms.katalon.core.webui.keyword.internal.WebUIKeywordMain.runKeyword(WebUIKeywordMain.groovy:26)
	at com.kms.katalon.core.webui.keyword.builtin.ClickKeyword.click(ClickKeyword.groovy:75)
	at com.kms.katalon.core.webui.keyword.builtin.ClickKeyword.execute(ClickKeyword.groovy:42)
	at com.kms.katalon.core.keyword.internal.KeywordExecutor.executeKeywordForPlatform(KeywordExecutor.groovy:73)
	at com.kms.katalon.core.webui.keyword.WebUiBuiltInKeywords.click(WebUiBuiltInKeywords.groovy:619)
	at com.kms.katalon.core.webui.keyword.WebUiBuiltInKeywords$click$2.call(Unknown Source)
	at CreateChannelPrivate.run(CreateChannelPrivate:23)
	at com.kms.katalon.core.main.ScriptEngine.run(ScriptEngine.java:194)
	at com.kms.katalon.core.main.ScriptEngine.runScriptAsRawText(ScriptEngine.java:119)
	at com.kms.katalon.core.main.TestCaseExecutor.runScript(TestCaseExecutor.java:398)
	at com.kms.katalon.core.main.TestCaseExecutor.doExecute(TestCaseExecutor.java:389)
	at com.kms.katalon.core.main.TestCaseExecutor.processExecutionPhase(TestCaseExecutor.java:368)
	at com.kms.katalon.core.main.TestCaseExecutor.accessMainPhase(TestCaseExecutor.java:360)
	at com.kms.katalon.core.main.TestCaseExecutor.execute(TestCaseExecutor.java:255)
	at com.kms.katalon.core.main.TestSuiteExecutor.accessTestCaseMainPhase(TestSuiteExecutor.java:203)
	at com.kms.katalon.core.main.TestSuiteExecutor.accessTestSuiteMainPhase(TestSuiteExecutor.java:152)
	at com.kms.katalon.core.main.TestSuiteExecutor.execute(TestSuiteExecutor.java:95)
	at com.kms.katalon.core.main.TestCaseMain.startTestSuite(TestCaseMain.java:157)
	at com.kms.katalon.core.main.TestCaseMain$startTestSuite$0.call(Unknown Source)
	at TempTestSuite1622373323128.run(TempTestSuite1622373323128.groovy:39)
Caused by: org.openqa.selenium.ElementClickInterceptedException: element click intercepted: Element <i class="icon-plus"></i> is not clickable at point (273, 155). Other element would receive the click: <div class="form-group">...</div>
  (Session info: chrome=91.0.4472.77)
Build info: version: '3.141.59', revision: 'e82be7d358', time: '2018-11-14T08:25:53'
System info: host: 'WIN-SERVER-2019', ip: '10.1.0.4', os.name: 'Windows Server 2019', os.arch: 'amd64', os.version: '10.0', java.version: '1.8.0_282'
Driver info: com.kms.katalon.selenium.driver.CChromeDriver
Capabilities {acceptInsecureCerts: false, browserName: chrome, browserVersion: 91.0.4472.77, chrome: {chromedriverVersion: 90.0.4430.24 (4c6d850f087da..., userDataDir: C:\Users\nttuan\AppData\Loc...}, goog:chromeOptions: {debuggerAddress: localhost:64037}, javascriptEnabled: true, networkConnectionEnabled: false, pageLoadStrategy: normal, platform: WINDOWS, platformName: WINDOWS, proxy: Proxy(), setWindowRect: true, strictFileInteractability: false, timeouts: {implicit: 0, pageLoad: 300000, script: 30000}, unhandledPromptBehavior: dismiss and notify, webauthn:extension:largeBlob: true, webauthn:virtualAuthenticators: true}
Session ID: 97a5039dc6310755ce7899cc0e9cccf4
	at org.openqa.selenium.remote.http.W3CHttpResponseCodec.createException(W3CHttpResponseCodec.java:187)
	at org.openqa.selenium.remote.http.W3CHttpResponseCodec.decode(W3CHttpResponseCodec.java:122)
	at org.openqa.selenium.remote.http.W3CHttpResponseCodec.decode(W3CHttpResponseCodec.java:49)
	at org.openqa.selenium.remote.HttpCommandExecutor.execute(HttpCommandExecutor.java:158)
	at org.openqa.selenium.remote.service.DriverCommandExecutor.execute(DriverCommandExecutor.java:83)
	at org.openqa.selenium.remote.RemoteWebDriver.execute(RemoteWebDriver.java:552)
	at com.kms.katalon.selenium.driver.CChromeDriver.execute(CChromeDriver.java:19)
	at org.openqa.selenium.remote.RemoteWebElement.execute(RemoteWebElement.java:285)
	at org.openqa.selenium.remote.RemoteWebElement.click(RemoteWebElement.java:84)
	at org.openqa.selenium.support.events.EventFiringWebDriver$EventFiringWebElement.lambda$new$0(EventFiringWebDriver.java:404)
	at com.sun.proxy.$Proxy17.click(Unknown Source)
	at org.openqa.selenium.support.events.EventFiringWebDriver$EventFiringWebElement.click(EventFiringWebDriver.java:417)
	at com.kms.katalon.core.webui.keyword.builtin.ClickKeyword$_click_closure1.doCall(ClickKeyword.groovy:68)
	at com.kms.katalon.core.webui.keyword.builtin.ClickKeyword$_click_closure1.call(ClickKeyword.groovy)
	at com.kms.katalon.core.webui.keyword.internal.WebUIKeywordMain.runKeyword(WebUIKeywordMain.groovy:20)
	... 19 more]]></system-err>
   </testsuite>
</testsuites>
