<?xml version="1.0" encoding="UTF-8"?>
<testsuites name="Run all test cases" time="1338.845" tests="53" failures="4" errors="0">
   <testsuite name="Run all test cases" tests="53" failures="4" errors="0" time="1338.845" skipped="0" timestamp="2021-05-30 02:37:35" hostname="nttuan - WIN-SERVER-2019.sgdiozk5pmeurpqewmqk3za5qe.bx.internal.cloudapp.net" id="Test Suites/Run all test cases">
      <properties>
         <property name="deviceName" value=""/>
         <property name="devicePlatform" value=""/>
         <property name="logFolder" value="C:\\Users\\nttuan\\Downloads\\CDNC\\mattermost-testing\\Reports\\20210530_023726\\Run all test cases\\20210530_023726"/>
         <property name="logFiles" value="C:\\Users\\nttuan\\Downloads\\CDNC\\mattermost-testing\\Reports\\20210530_023726\\Run all test cases\\20210530_023726\\execution0.log"/>
         <property name="attachments" value="C:\\Users\\nttuan\\Downloads\\CDNC\\mattermost-testing\\Reports\\20210530_023726\\Run all test cases\\20210530_023726\\1622342395538.png, C:\\Users\\nttuan\\Downloads\\CDNC\\mattermost-testing\\Reports\\20210530_023726\\Run all test cases\\20210530_023726\\1622342461625.png, C:\\Users\\nttuan\\Downloads\\CDNC\\mattermost-testing\\Reports\\20210530_023726\\Run all test cases\\20210530_023726\\1622342527707.png, C:\\Users\\nttuan\\Downloads\\CDNC\\mattermost-testing\\Reports\\20210530_023726\\Run all test cases\\20210530_023726\\1622342764312.png, C:\\Users\\nttuan\\Downloads\\CDNC\\mattermost-testing\\Reports\\20210530_023726\\Run all test cases\\20210530_023726\\1622343452585.png, C:\\Users\\nttuan\\Downloads\\CDNC\\mattermost-testing\\Reports\\20210530_023726\\Run all test cases\\20210530_023726\\1622343505091.png, C:\\Users\\nttuan\\Downloads\\CDNC\\mattermost-testing\\Reports\\20210530_023726\\Run all test cases\\20210530_023726\\1622343546108.png, C:\\Users\\nttuan\\Downloads\\CDNC\\mattermost-testing\\Reports\\20210530_023726\\Run all test cases\\20210530_023726\\1622343582977.png, C:\\Users\\nttuan\\Downloads\\CDNC\\mattermost-testing\\Reports\\20210530_023726\\Run all test cases\\20210530_023726\\1622343583141.png"/>
         <property name="hostName" value="nttuan - WIN-SERVER-2019.sgdiozk5pmeurpqewmqk3za5qe.bx.internal.cloudapp.net"/>
         <property name="os" value="Windows Server 2019 64bit"/>
         <property name="katalonVersion" value="8.0.1.208"/>
         <property name="browser" value="Chrome 91.0.4472.77"/>
         <property name="hostAddress" value="10.1.0.4"/>
         <property name="sessionId" value="4e45dfe2597ca28c2962b0bd83404216"/>
         <property name="seleniumVersion" value="3.141.59"/>
         <property name="proxyInformation" value="ProxyInformation { proxyOption=NO_PROXY, proxyServerType=HTTP, username=, password=********, proxyServerAddress=, proxyServerPort=0, executionList=&quot;&quot;, isApplyToDesiredCapabilities=true }"/>
         <property name="platform" value="Windows Server 2019"/>
      </properties>
      <testcase name="Test Cases/API/API - Cannot receive a user list after logout" time="2.303" classname="Test Cases/API/API - Cannot receive a user list after logout" status="PASSED">
         <system-out><![CDATA[2021-05-30 02:37:36 - [TEST_CASE][PASSED] - Test Cases/API/API - Cannot receive a user list after logout: Test Cases/API/API - Cannot receive a user list after logout

2021-05-30 02:37:37 - [TEST_STEP][PASSED] - loginResponse = sendRequest(findTestObject("API/Login")): Send request successfully

2021-05-30 02:37:38 - [MESSAGE][INFO] - HAR: C:\Users\nttuan\Downloads\CDNC\mattermost-testing\Reports\20210530_023726\Run all test cases\20210530_023726\requests\main\0.har

2021-05-30 02:37:38 - [MESSAGE][PASSED] - Send request successfully

2021-05-30 02:37:38 - [TEST_STEP][PASSED] - token = loginResponse.getHeaderField("Token"): null

2021-05-30 02:37:38 - [TEST_STEP][PASSED] - out.println("Token: " + token): null

2021-05-30 02:37:38 - [TEST_STEP][PASSED] - HTTPHeader = new java.util.ArrayList(): null

2021-05-30 02:37:38 - [TEST_STEP][PASSED] - HTTPHeader.add(new com.kms.katalon.core.testobject.TestObjectProperty(Authorization, com.kms.katalon.core.testobject.ConditionType.EQUALS, (Bearer  + token))): null

2021-05-30 02:37:38 - [TEST_STEP][PASSED] - Logout_ScopeToProject = findTestObject("API/Logout"): null

2021-05-30 02:37:38 - [TEST_STEP][PASSED] - Logout_ScopeToProject.setHttpHeaderProperties(HTTPHeader): null

2021-05-30 02:37:38 - [TEST_STEP][PASSED] - logoutResponse = sendRequest(Logout_ScopeToProject): Send request successfully

2021-05-30 02:37:39 - [MESSAGE][INFO] - HAR: C:\Users\nttuan\Downloads\CDNC\mattermost-testing\Reports\20210530_023726\Run all test cases\20210530_023726\requests\main\1.har

2021-05-30 02:37:39 - [MESSAGE][PASSED] - Send request successfully

2021-05-30 02:37:39 - [TEST_STEP][PASSED] - verifyResponseStatusCode(logoutResponse, 200): Verify response status code successfully

2021-05-30 02:37:39 - [MESSAGE][PASSED] - Verify response status code successfully

2021-05-30 02:37:39 - [TEST_STEP][PASSED] - ScopeToProject = findTestObject("API/Get users"): null

2021-05-30 02:37:39 - [TEST_STEP][PASSED] - ScopeToProject.setHttpHeaderProperties(HTTPHeader): null

2021-05-30 02:37:39 - [TEST_STEP][PASSED] - response = sendRequest(ScopeToProject): Send request successfully

2021-05-30 02:37:39 - [MESSAGE][INFO] - HAR: C:\Users\nttuan\Downloads\CDNC\mattermost-testing\Reports\20210530_023726\Run all test cases\20210530_023726\requests\main\2.har

2021-05-30 02:37:39 - [MESSAGE][PASSED] - Send request successfully

2021-05-30 02:37:39 - [TEST_STEP][PASSED] - out.println("Body content: " + response.getResponseBodyContent()): null

2021-05-30 02:37:39 - [TEST_STEP][PASSED] - verifyResponseStatusCode(response, 401): Verify response status code successfully

2021-05-30 02:37:39 - [MESSAGE][PASSED] - Verify response status code successfully]]></system-out>
         <system-err><![CDATA[]]></system-err>
      </testcase>
      <testcase name="Test Cases/API/API - Verify successful login" time="0.658" classname="Test Cases/API/API - Verify successful login" status="PASSED">
         <system-out><![CDATA[2021-05-30 02:37:39 - [TEST_CASE][PASSED] - Test Cases/API/API - Verify successful login: Test Cases/API/API - Verify successful login

2021-05-30 02:37:39 - [TEST_STEP][PASSED] - response = sendRequest(findTestObject("API/Login")): Send request successfully

2021-05-30 02:37:39 - [MESSAGE][INFO] - HAR: C:\Users\nttuan\Downloads\CDNC\mattermost-testing\Reports\20210530_023726\Run all test cases\20210530_023726\requests\main\3.har

2021-05-30 02:37:39 - [MESSAGE][PASSED] - Send request successfully

2021-05-30 02:37:39 - [TEST_STEP][PASSED] - out.println("Body content: " + response.getResponseBodyContent()): null

2021-05-30 02:37:39 - [TEST_STEP][PASSED] - out.println("Token: " + response.getHeaderField("Token")): null

2021-05-30 02:37:39 - [TEST_STEP][PASSED] - verifyResponseStatusCode(response, 200): Verify response status code successfully

2021-05-30 02:37:39 - [MESSAGE][PASSED] - Verify response status code successfully

2021-05-30 02:37:39 - [TEST_STEP][PASSED] - verifyElementPropertyValue(response, "username", "nguyenvana"): Verify element property value successfully

2021-05-30 02:37:39 - [MESSAGE][PASSED] - Verify element property value successfully]]></system-out>
         <system-err><![CDATA[]]></system-err>
      </testcase>
      <testcase name="Test Cases/API/API - Verify successfuly get a user by email" time="0.64" classname="Test Cases/API/API - Verify successfuly get a user by email" status="PASSED">
         <system-out><![CDATA[2021-05-30 02:37:39 - [TEST_CASE][PASSED] - Test Cases/API/API - Verify successfuly get a user by email: Test Cases/API/API - Verify successfuly get a user by email

2021-05-30 02:37:40 - [TEST_STEP][PASSED] - loginResponse = sendRequest(findTestObject("API/Login")): Send request successfully

2021-05-30 02:37:40 - [MESSAGE][INFO] - HAR: C:\Users\nttuan\Downloads\CDNC\mattermost-testing\Reports\20210530_023726\Run all test cases\20210530_023726\requests\main\4.har

2021-05-30 02:37:40 - [MESSAGE][PASSED] - Send request successfully

2021-05-30 02:37:40 - [TEST_STEP][PASSED] - token = loginResponse.getHeaderField("Token"): null

2021-05-30 02:37:40 - [TEST_STEP][PASSED] - out.println("Token: " + token): null

2021-05-30 02:37:40 - [TEST_STEP][PASSED] - ScopeToProject = findTestObject("API/Get a user by email"): null

2021-05-30 02:37:40 - [TEST_STEP][PASSED] - HTTPHeader = new java.util.ArrayList(): null

2021-05-30 02:37:40 - [TEST_STEP][PASSED] - HTTPHeader.add(new com.kms.katalon.core.testobject.TestObjectProperty(Authorization, com.kms.katalon.core.testobject.ConditionType.EQUALS, (Bearer  + token))): null

2021-05-30 02:37:40 - [TEST_STEP][PASSED] - ScopeToProject.setHttpHeaderProperties(HTTPHeader): null

2021-05-30 02:37:40 - [TEST_STEP][PASSED] - response = sendRequest(ScopeToProject): Send request successfully

2021-05-30 02:37:40 - [MESSAGE][INFO] - HAR: C:\Users\nttuan\Downloads\CDNC\mattermost-testing\Reports\20210530_023726\Run all test cases\20210530_023726\requests\main\5.har

2021-05-30 02:37:40 - [MESSAGE][PASSED] - Send request successfully

2021-05-30 02:37:40 - [TEST_STEP][PASSED] - out.println("Body content: " + response.getResponseBodyContent()): null

2021-05-30 02:37:40 - [TEST_STEP][PASSED] - verifyResponseStatusCode(response, 200): Verify response status code successfully

2021-05-30 02:37:40 - [MESSAGE][PASSED] - Verify response status code successfully

2021-05-30 02:37:40 - [TEST_STEP][PASSED] - verifyElementPropertyValue(response, "email", "tttung468@gmail.com"): Verify element property value successfully

2021-05-30 02:37:40 - [MESSAGE][PASSED] - Verify element property value successfully]]></system-out>
         <system-err><![CDATA[]]></system-err>
      </testcase>
      <testcase name="Test Cases/API/API - Verify successfuly get a user by username" time="0.714" classname="Test Cases/API/API - Verify successfuly get a user by username" status="PASSED">
         <system-out><![CDATA[2021-05-30 02:37:40 - [TEST_CASE][PASSED] - Test Cases/API/API - Verify successfuly get a user by username: Test Cases/API/API - Verify successfuly get a user by username

2021-05-30 02:37:41 - [TEST_STEP][PASSED] - loginResponse = sendRequest(findTestObject("API/Login")): Send request successfully

2021-05-30 02:37:41 - [MESSAGE][INFO] - HAR: C:\Users\nttuan\Downloads\CDNC\mattermost-testing\Reports\20210530_023726\Run all test cases\20210530_023726\requests\main\6.har

2021-05-30 02:37:41 - [MESSAGE][PASSED] - Send request successfully

2021-05-30 02:37:41 - [TEST_STEP][PASSED] - token = loginResponse.getHeaderField("Token"): null

2021-05-30 02:37:41 - [TEST_STEP][PASSED] - out.println("Token: " + token): null

2021-05-30 02:37:41 - [TEST_STEP][PASSED] - ScopeToProject = findTestObject("API/Get a user by username"): null

2021-05-30 02:37:41 - [TEST_STEP][PASSED] - HTTPHeader = new java.util.ArrayList(): null

2021-05-30 02:37:41 - [TEST_STEP][PASSED] - HTTPHeader.add(new com.kms.katalon.core.testobject.TestObjectProperty(Authorization, com.kms.katalon.core.testobject.ConditionType.EQUALS, (Bearer  + token))): null

2021-05-30 02:37:41 - [TEST_STEP][PASSED] - ScopeToProject.setHttpHeaderProperties(HTTPHeader): null

2021-05-30 02:37:41 - [TEST_STEP][PASSED] - response = sendRequest(ScopeToProject): Send request successfully

2021-05-30 02:37:41 - [MESSAGE][INFO] - HAR: C:\Users\nttuan\Downloads\CDNC\mattermost-testing\Reports\20210530_023726\Run all test cases\20210530_023726\requests\main\7.har

2021-05-30 02:37:41 - [MESSAGE][PASSED] - Send request successfully

2021-05-30 02:37:41 - [TEST_STEP][PASSED] - out.println("Body content: " + response.getResponseBodyContent()): null

2021-05-30 02:37:41 - [TEST_STEP][PASSED] - verifyResponseStatusCode(response, 200): Verify response status code successfully

2021-05-30 02:37:41 - [MESSAGE][PASSED] - Verify response status code successfully

2021-05-30 02:37:41 - [TEST_STEP][PASSED] - verifyElementPropertyValue(response, "username", "thanhtung"): Verify element property value successfully

2021-05-30 02:37:41 - [MESSAGE][PASSED] - Verify element property value successfully]]></system-out>
         <system-err><![CDATA[]]></system-err>
      </testcase>
      <testcase name="Test Cases/API/API - Verify successfuly get a user list" time="0.562" classname="Test Cases/API/API - Verify successfuly get a user list" status="PASSED">
         <system-out><![CDATA[2021-05-30 02:37:41 - [TEST_CASE][PASSED] - Test Cases/API/API - Verify successfuly get a user list: Test Cases/API/API - Verify successfuly get a user list

2021-05-30 02:37:41 - [TEST_STEP][PASSED] - loginResponse = sendRequest(findTestObject("API/Login")): Send request successfully

2021-05-30 02:37:41 - [MESSAGE][INFO] - HAR: C:\Users\nttuan\Downloads\CDNC\mattermost-testing\Reports\20210530_023726\Run all test cases\20210530_023726\requests\main\8.har

2021-05-30 02:37:41 - [MESSAGE][PASSED] - Send request successfully

2021-05-30 02:37:41 - [TEST_STEP][PASSED] - token = loginResponse.getHeaderField("Token"): null

2021-05-30 02:37:41 - [TEST_STEP][PASSED] - out.println("Token: " + token): null

2021-05-30 02:37:41 - [TEST_STEP][PASSED] - ScopeToProject = findTestObject("API/Get users"): null

2021-05-30 02:37:41 - [TEST_STEP][PASSED] - HTTPHeader = new java.util.ArrayList(): null

2021-05-30 02:37:41 - [TEST_STEP][PASSED] - HTTPHeader.add(new com.kms.katalon.core.testobject.TestObjectProperty(Authorization, com.kms.katalon.core.testobject.ConditionType.EQUALS, (Bearer  + token))): null

2021-05-30 02:37:41 - [TEST_STEP][PASSED] - ScopeToProject.setHttpHeaderProperties(HTTPHeader): null

2021-05-30 02:37:41 - [TEST_STEP][PASSED] - response = sendRequest(ScopeToProject): Send request successfully

2021-05-30 02:37:41 - [MESSAGE][INFO] - HAR: C:\Users\nttuan\Downloads\CDNC\mattermost-testing\Reports\20210530_023726\Run all test cases\20210530_023726\requests\main\9.har

2021-05-30 02:37:41 - [MESSAGE][PASSED] - Send request successfully

2021-05-30 02:37:41 - [TEST_STEP][PASSED] - out.println("Body content: " + response.getResponseBodyContent()): null

2021-05-30 02:37:41 - [TEST_STEP][PASSED] - verifyResponseStatusCode(response, 200): Verify response status code successfully

2021-05-30 02:37:41 - [MESSAGE][PASSED] - Verify response status code successfully]]></system-out>
         <system-err><![CDATA[]]></system-err>
      </testcase>
      <testcase name="Test Cases/API/API - Verify successfuly get total count of users in the system" time="0.64" classname="Test Cases/API/API - Verify successfuly get total count of users in the system" status="PASSED">
         <system-out><![CDATA[2021-05-30 02:37:41 - [TEST_CASE][PASSED] - Test Cases/API/API - Verify successfuly get total count of users in the system: Test Cases/API/API - Verify successfuly get total count of users in the system

2021-05-30 02:37:42 - [TEST_STEP][PASSED] - loginResponse = sendRequest(findTestObject("API/Login")): Send request successfully

2021-05-30 02:37:42 - [MESSAGE][INFO] - HAR: C:\Users\nttuan\Downloads\CDNC\mattermost-testing\Reports\20210530_023726\Run all test cases\20210530_023726\requests\main\10.har

2021-05-30 02:37:42 - [MESSAGE][PASSED] - Send request successfully

2021-05-30 02:37:42 - [TEST_STEP][PASSED] - token = loginResponse.getHeaderField("Token"): null

2021-05-30 02:37:42 - [TEST_STEP][PASSED] - out.println("Token: " + token): null

2021-05-30 02:37:42 - [TEST_STEP][PASSED] - ScopeToProject = findTestObject("API/Get total count of users in the system"): null

2021-05-30 02:37:42 - [TEST_STEP][PASSED] - HTTPHeader = new java.util.ArrayList(): null

2021-05-30 02:37:42 - [TEST_STEP][PASSED] - HTTPHeader.add(new com.kms.katalon.core.testobject.TestObjectProperty(Authorization, com.kms.katalon.core.testobject.ConditionType.EQUALS, (Bearer  + token))): null

2021-05-30 02:37:42 - [TEST_STEP][PASSED] - ScopeToProject.setHttpHeaderProperties(HTTPHeader): null

2021-05-30 02:37:42 - [TEST_STEP][PASSED] - response = sendRequest(ScopeToProject): Send request successfully

2021-05-30 02:37:42 - [MESSAGE][INFO] - HAR: C:\Users\nttuan\Downloads\CDNC\mattermost-testing\Reports\20210530_023726\Run all test cases\20210530_023726\requests\main\11.har

2021-05-30 02:37:42 - [MESSAGE][PASSED] - Send request successfully

2021-05-30 02:37:42 - [TEST_STEP][PASSED] - out.println("Body content: " + response.getResponseBodyContent()): null

2021-05-30 02:37:42 - [TEST_STEP][PASSED] - verifyResponseStatusCode(response, 200): Verify response status code successfully

2021-05-30 02:37:42 - [MESSAGE][PASSED] - Verify response status code successfully

2021-05-30 02:37:42 - [TEST_STEP][PASSED] - containsString(response, "total_users_count", false): Check contain string successfully

2021-05-30 02:37:42 - [MESSAGE][PASSED] - Check contain string successfully]]></system-out>
         <system-err><![CDATA[]]></system-err>
      </testcase>
      <testcase name="Test Cases/API/API - Verify successfuly get users by ids" time="0.657" classname="Test Cases/API/API - Verify successfuly get users by ids" status="PASSED">
         <system-out><![CDATA[2021-05-30 02:37:42 - [TEST_CASE][PASSED] - Test Cases/API/API - Verify successfuly get users by ids: Test Cases/API/API - Verify successfuly get users by ids

2021-05-30 02:37:42 - [TEST_STEP][PASSED] - loginResponse = sendRequest(findTestObject("API/Login")): Send request successfully

2021-05-30 02:37:43 - [MESSAGE][INFO] - HAR: C:\Users\nttuan\Downloads\CDNC\mattermost-testing\Reports\20210530_023726\Run all test cases\20210530_023726\requests\main\12.har

2021-05-30 02:37:43 - [MESSAGE][PASSED] - Send request successfully

2021-05-30 02:37:43 - [TEST_STEP][PASSED] - token = loginResponse.getHeaderField("Token"): null

2021-05-30 02:37:43 - [TEST_STEP][PASSED] - out.println("Token: " + token): null

2021-05-30 02:37:43 - [TEST_STEP][PASSED] - ScopeToProject = findTestObject("API/Get users by ids"): null

2021-05-30 02:37:43 - [TEST_STEP][PASSED] - HTTPHeader = new java.util.ArrayList(): null

2021-05-30 02:37:43 - [TEST_STEP][PASSED] - HTTPHeader.add(new com.kms.katalon.core.testobject.TestObjectProperty(Authorization, com.kms.katalon.core.testobject.ConditionType.EQUALS, (Bearer  + token))): null

2021-05-30 02:37:43 - [TEST_STEP][PASSED] - ScopeToProject.setHttpHeaderProperties(HTTPHeader): null

2021-05-30 02:37:43 - [TEST_STEP][PASSED] - response = sendRequest(ScopeToProject): Send request successfully

2021-05-30 02:37:43 - [MESSAGE][INFO] - HAR: C:\Users\nttuan\Downloads\CDNC\mattermost-testing\Reports\20210530_023726\Run all test cases\20210530_023726\requests\main\13.har

2021-05-30 02:37:43 - [MESSAGE][PASSED] - Send request successfully

2021-05-30 02:37:43 - [TEST_STEP][PASSED] - out.println("Body content: " + response.getResponseBodyContent()): null

2021-05-30 02:37:43 - [TEST_STEP][PASSED] - verifyResponseStatusCode(response, 200): Verify response status code successfully

2021-05-30 02:37:43 - [MESSAGE][PASSED] - Verify response status code successfully

2021-05-30 02:37:43 - [TEST_STEP][PASSED] - verifyElementPropertyValue(response, "[0].id", "dttuo8b67bno3j4s9acuspapra"): Verify element property value successfully

2021-05-30 02:37:43 - [MESSAGE][PASSED] - Verify element property value successfully

2021-05-30 02:37:43 - [TEST_STEP][PASSED] - verifyElementPropertyValue(response, "[0].username", "nguyenvana"): Verify element property value successfully

2021-05-30 02:37:43 - [MESSAGE][PASSED] - Verify element property value successfully

2021-05-30 02:37:43 - [TEST_STEP][PASSED] - verifyElementPropertyValue(response, "[1].id", "ifcc1quidtbbxnd3id16f1uywa"): Verify element property value successfully

2021-05-30 02:37:43 - [MESSAGE][PASSED] - Verify element property value successfully

2021-05-30 02:37:43 - [TEST_STEP][PASSED] - verifyElementPropertyValue(response, "[1].username", "thanhtung"): Verify element property value successfully

2021-05-30 02:37:43 - [MESSAGE][PASSED] - Verify element property value successfully]]></system-out>
         <system-err><![CDATA[]]></system-err>
      </testcase>
      <testcase name="Test Cases/API/API - Verify successfuly get users by usernames" time="0.852" classname="Test Cases/API/API - Verify successfuly get users by usernames" status="PASSED">
         <system-out><![CDATA[2021-05-30 02:37:43 - [TEST_CASE][PASSED] - Test Cases/API/API - Verify successfuly get users by usernames: Test Cases/API/API - Verify successfuly get users by usernames

2021-05-30 02:37:43 - [TEST_STEP][PASSED] - loginResponse = sendRequest(findTestObject("API/Login")): Send request successfully

2021-05-30 02:37:43 - [MESSAGE][INFO] - HAR: C:\Users\nttuan\Downloads\CDNC\mattermost-testing\Reports\20210530_023726\Run all test cases\20210530_023726\requests\main\14.har

2021-05-30 02:37:43 - [MESSAGE][PASSED] - Send request successfully

2021-05-30 02:37:43 - [TEST_STEP][PASSED] - token = loginResponse.getHeaderField("Token"): null

2021-05-30 02:37:43 - [TEST_STEP][PASSED] - out.println("Token: " + token): null

2021-05-30 02:37:43 - [TEST_STEP][PASSED] - ScopeToProject = findTestObject("API/Get users by usernames"): null

2021-05-30 02:37:43 - [TEST_STEP][PASSED] - HTTPHeader = new java.util.ArrayList(): null

2021-05-30 02:37:43 - [TEST_STEP][PASSED] - HTTPHeader.add(new com.kms.katalon.core.testobject.TestObjectProperty(Authorization, com.kms.katalon.core.testobject.ConditionType.EQUALS, (Bearer  + token))): null

2021-05-30 02:37:43 - [TEST_STEP][PASSED] - ScopeToProject.setHttpHeaderProperties(HTTPHeader): null

2021-05-30 02:37:43 - [TEST_STEP][PASSED] - response = sendRequest(ScopeToProject): Send request successfully

2021-05-30 02:37:43 - [MESSAGE][INFO] - HAR: C:\Users\nttuan\Downloads\CDNC\mattermost-testing\Reports\20210530_023726\Run all test cases\20210530_023726\requests\main\15.har

2021-05-30 02:37:43 - [MESSAGE][PASSED] - Send request successfully

2021-05-30 02:37:43 - [TEST_STEP][PASSED] - out.println("Body content: " + response.getResponseBodyContent()): null

2021-05-30 02:37:43 - [TEST_STEP][PASSED] - verifyResponseStatusCode(response, 200): Verify response status code successfully

2021-05-30 02:37:43 - [MESSAGE][PASSED] - Verify response status code successfully

2021-05-30 02:37:43 - [TEST_STEP][PASSED] - verifyElementPropertyValue(response, "[0].username", "nguyenvana"): Verify element property value successfully

2021-05-30 02:37:44 - [MESSAGE][PASSED] - Verify element property value successfully

2021-05-30 02:37:44 - [TEST_STEP][PASSED] - verifyElementPropertyValue(response, "[1].username", "thanhtung"): Verify element property value successfully

2021-05-30 02:37:44 - [MESSAGE][PASSED] - Verify element property value successfully]]></system-out>
         <system-err><![CDATA[]]></system-err>
      </testcase>
      <testcase name="Test Cases/Login/Verify login failed with empty password" time="7.405" classname="Test Cases/Login/Verify login failed with empty password" status="PASSED">
         <system-out><![CDATA[2021-05-30 02:37:44 - [TEST_CASE][PASSED] - Test Cases/Login/Verify login failed with empty password: Test Cases/Login/Verify login failed with empty password

2021-05-30 02:37:44 - [TEST_STEP][PASSED] - callTestCase(findTestCase("Common Test Cases/Login"), ["Username":findTestData("Internal Data for Login").getValue(1, 2), "Password":findTestData("Internal Data for Login").getValue(2, 2)], STOP_ON_FAILURE): Call Test Case 'Test Cases/Common Test Cases/Login' successfully

2021-05-30 02:37:44 - [TEST_CASE][PASSED] - Test Cases/Common Test Cases/Login: Test Cases/Common Test Cases/Login

2021-05-30 02:37:44 - [TEST_STEP][PASSED] - openBrowser(""): Browser is opened with url: ''

2021-05-30 02:37:44 - [MESSAGE][INFO] - Starting 'Chrome' driver

2021-05-30 02:37:45 - [MESSAGE][INFO] - Action delay is set to 0 milliseconds

2021-05-30 02:37:46 - [MESSAGE][PASSED] - Browser is opened with url: ''

2021-05-30 02:37:46 - [TEST_STEP][PASSED] - navigateToUrl("https://chudenangcao2021.cf/"): Navigate to 'https://chudenangcao2021.cf/' successfully

2021-05-30 02:37:47 - [MESSAGE][PASSED] - Navigate to 'https://chudenangcao2021.cf/' successfully

2021-05-30 02:37:47 - [TEST_STEP][PASSED] - setText(findTestObject("Object Repository/Page_Mattermost/input_All team communication in one place, _dcc84b"), Username): Text 'nguyenvana' is set on object 'Object Repository/Page_Mattermost/input_All team communication in one place, _dcc84b'

2021-05-30 02:37:49 - [MESSAGE][PASSED] - Text 'nguyenvana' is set on object 'Object Repository/Page_Mattermost/input_All team communication in one place, _dcc84b'

2021-05-30 02:37:49 - [TEST_STEP][PASSED] - setText(findTestObject("Object Repository/Page_Mattermost/input_All team communication in one place, _a3edc6"), Password): Text '' is set on object 'Object Repository/Page_Mattermost/input_All team communication in one place, _a3edc6'

2021-05-30 02:37:49 - [MESSAGE][PASSED] - Text '' is set on object 'Object Repository/Page_Mattermost/input_All team communication in one place, _a3edc6'

2021-05-30 02:37:49 - [TEST_STEP][PASSED] - click(findTestObject("Object Repository/Page_Mattermost/button_Sign in")): Object: 'Object Repository/Page_Mattermost/button_Sign in' is clicked on

2021-05-30 02:37:50 - [MESSAGE][PASSED] - Object: 'Object Repository/Page_Mattermost/button_Sign in' is clicked on

2021-05-30 02:37:50 - [TEST_STEP][PASSED] - verifyLinksAccessible(["https://chudenangcao2021.cf/cdnc-cnpm-2021/channels"]): All links are accessible

2021-05-30 02:37:50 - [MESSAGE][INFO] - HAR: C:\Users\nttuan\Downloads\CDNC\mattermost-testing\Reports\20210530_023726\Run all test cases\20210530_023726\requests\main\16.har

2021-05-30 02:37:50 - [MESSAGE][PASSED] - Send request successfully

2021-05-30 02:37:50 - [MESSAGE][PASSED] - All links are accessible

2021-05-30 02:37:50 - [MESSAGE][PASSED] - Call Test Case 'Test Cases/Common Test Cases/Login' successfully

2021-05-30 02:37:50 - [TEST_STEP][PASSED] - verifyElementPresent(findTestObject("Page_Mattermost/label_Please enter your password"), 0): Object 'Object Repository/Page_Mattermost/label_Please enter your password' is present

2021-05-30 02:37:50 - [MESSAGE][WARNING] - Timeout '0' is invalid. Using default page load timeout: '30'

2021-05-30 02:37:50 - [MESSAGE][PASSED] - Object 'Object Repository/Page_Mattermost/label_Please enter your password' is present

2021-05-30 02:37:50 - [TEST_STEP][PASSED] - closeBrowser(): Browser is closed

2021-05-30 02:37:51 - [MESSAGE][PASSED] - Browser is closed]]></system-out>
         <system-err><![CDATA[]]></system-err>
      </testcase>
      <testcase name="Test Cases/Login/Verify login failed with empty username" time="5.846" classname="Test Cases/Login/Verify login failed with empty username" status="PASSED">
         <system-out><![CDATA[2021-05-30 02:37:51 - [TEST_CASE][PASSED] - Test Cases/Login/Verify login failed with empty username: Test Cases/Login/Verify login failed with empty username

2021-05-30 02:37:51 - [TEST_STEP][PASSED] - callTestCase(findTestCase("Common Test Cases/Login"), ["Username":findTestData("Internal Data for Login").getValue(1, 1), "Password":findTestData("Internal Data for Login").getValue(2, 1)], STOP_ON_FAILURE): Call Test Case 'Test Cases/Common Test Cases/Login' successfully

2021-05-30 02:37:51 - [TEST_CASE][PASSED] - Test Cases/Common Test Cases/Login: Test Cases/Common Test Cases/Login

2021-05-30 02:37:51 - [TEST_STEP][PASSED] - openBrowser(""): Browser is opened with url: ''

2021-05-30 02:37:51 - [MESSAGE][INFO] - Starting 'Chrome' driver

2021-05-30 02:37:51 - [MESSAGE][INFO] - Action delay is set to 0 milliseconds

2021-05-30 02:37:53 - [MESSAGE][PASSED] - Browser is opened with url: ''

2021-05-30 02:37:53 - [TEST_STEP][PASSED] - navigateToUrl("https://chudenangcao2021.cf/"): Navigate to 'https://chudenangcao2021.cf/' successfully

2021-05-30 02:37:53 - [MESSAGE][PASSED] - Navigate to 'https://chudenangcao2021.cf/' successfully

2021-05-30 02:37:53 - [TEST_STEP][PASSED] - setText(findTestObject("Object Repository/Page_Mattermost/input_All team communication in one place, _dcc84b"), Username): Text '' is set on object 'Object Repository/Page_Mattermost/input_All team communication in one place, _dcc84b'

2021-05-30 02:37:55 - [MESSAGE][PASSED] - Text '' is set on object 'Object Repository/Page_Mattermost/input_All team communication in one place, _dcc84b'

2021-05-30 02:37:55 - [TEST_STEP][PASSED] - setText(findTestObject("Object Repository/Page_Mattermost/input_All team communication in one place, _a3edc6"), Password): Text 'Tung@123456' is set on object 'Object Repository/Page_Mattermost/input_All team communication in one place, _a3edc6'

2021-05-30 02:37:55 - [MESSAGE][PASSED] - Text 'Tung@123456' is set on object 'Object Repository/Page_Mattermost/input_All team communication in one place, _a3edc6'

2021-05-30 02:37:55 - [TEST_STEP][PASSED] - click(findTestObject("Object Repository/Page_Mattermost/button_Sign in")): Object: 'Object Repository/Page_Mattermost/button_Sign in' is clicked on

2021-05-30 02:37:56 - [MESSAGE][PASSED] - Object: 'Object Repository/Page_Mattermost/button_Sign in' is clicked on

2021-05-30 02:37:56 - [TEST_STEP][PASSED] - verifyLinksAccessible(["https://chudenangcao2021.cf/cdnc-cnpm-2021/channels"]): All links are accessible

2021-05-30 02:37:56 - [MESSAGE][INFO] - HAR: C:\Users\nttuan\Downloads\CDNC\mattermost-testing\Reports\20210530_023726\Run all test cases\20210530_023726\requests\main\17.har

2021-05-30 02:37:56 - [MESSAGE][PASSED] - Send request successfully

2021-05-30 02:37:56 - [MESSAGE][PASSED] - All links are accessible

2021-05-30 02:37:56 - [MESSAGE][PASSED] - Call Test Case 'Test Cases/Common Test Cases/Login' successfully

2021-05-30 02:37:56 - [TEST_STEP][PASSED] - verifyElementPresent(findTestObject("Page_Mattermost/label_Please enter your email or username"), 0): Object 'Object Repository/Page_Mattermost/label_Please enter your email or username' is present

2021-05-30 02:37:56 - [MESSAGE][WARNING] - Timeout '0' is invalid. Using default page load timeout: '30'

2021-05-30 02:37:56 - [MESSAGE][PASSED] - Object 'Object Repository/Page_Mattermost/label_Please enter your email or username' is present

2021-05-30 02:37:56 - [TEST_STEP][PASSED] - closeBrowser(): Browser is closed

2021-05-30 02:37:57 - [MESSAGE][PASSED] - Browser is closed]]></system-out>
         <system-err><![CDATA[]]></system-err>
      </testcase>
      <testcase name="Test Cases/Login/Verify login failed with invalid password" time="6.128" classname="Test Cases/Login/Verify login failed with invalid password" status="PASSED">
         <system-out><![CDATA[2021-05-30 02:37:57 - [TEST_CASE][PASSED] - Test Cases/Login/Verify login failed with invalid password: Test Cases/Login/Verify login failed with invalid password

2021-05-30 02:37:57 - [TEST_STEP][PASSED] - callTestCase(findTestCase("Common Test Cases/Login"), ["Username":findTestData("Internal Data for Login").getValue(1, 4), "Password":findTestData("Internal Data for Login").getValue(2, 4)], STOP_ON_FAILURE): Call Test Case 'Test Cases/Common Test Cases/Login' successfully

2021-05-30 02:37:57 - [TEST_CASE][PASSED] - Test Cases/Common Test Cases/Login: Test Cases/Common Test Cases/Login

2021-05-30 02:37:57 - [TEST_STEP][PASSED] - openBrowser(""): Browser is opened with url: ''

2021-05-30 02:37:57 - [MESSAGE][INFO] - Starting 'Chrome' driver

2021-05-30 02:37:57 - [MESSAGE][INFO] - Action delay is set to 0 milliseconds

2021-05-30 02:37:58 - [MESSAGE][PASSED] - Browser is opened with url: ''

2021-05-30 02:37:58 - [TEST_STEP][PASSED] - navigateToUrl("https://chudenangcao2021.cf/"): Navigate to 'https://chudenangcao2021.cf/' successfully

2021-05-30 02:37:59 - [MESSAGE][PASSED] - Navigate to 'https://chudenangcao2021.cf/' successfully

2021-05-30 02:37:59 - [TEST_STEP][PASSED] - setText(findTestObject("Object Repository/Page_Mattermost/input_All team communication in one place, _dcc84b"), Username): Text 'nguyenvana' is set on object 'Object Repository/Page_Mattermost/input_All team communication in one place, _dcc84b'

2021-05-30 02:38:00 - [MESSAGE][PASSED] - Text 'nguyenvana' is set on object 'Object Repository/Page_Mattermost/input_All team communication in one place, _dcc84b'

2021-05-30 02:38:00 - [TEST_STEP][PASSED] - setText(findTestObject("Object Repository/Page_Mattermost/input_All team communication in one place, _a3edc6"), Password): Text 'Tung@123456789' is set on object 'Object Repository/Page_Mattermost/input_All team communication in one place, _a3edc6'

2021-05-30 02:38:01 - [MESSAGE][PASSED] - Text 'Tung@123456789' is set on object 'Object Repository/Page_Mattermost/input_All team communication in one place, _a3edc6'

2021-05-30 02:38:01 - [TEST_STEP][PASSED] - click(findTestObject("Object Repository/Page_Mattermost/button_Sign in")): Object: 'Object Repository/Page_Mattermost/button_Sign in' is clicked on

2021-05-30 02:38:02 - [MESSAGE][PASSED] - Object: 'Object Repository/Page_Mattermost/button_Sign in' is clicked on

2021-05-30 02:38:02 - [TEST_STEP][PASSED] - verifyLinksAccessible(["https://chudenangcao2021.cf/cdnc-cnpm-2021/channels"]): All links are accessible

2021-05-30 02:38:02 - [MESSAGE][INFO] - HAR: C:\Users\nttuan\Downloads\CDNC\mattermost-testing\Reports\20210530_023726\Run all test cases\20210530_023726\requests\main\18.har

2021-05-30 02:38:02 - [MESSAGE][PASSED] - Send request successfully

2021-05-30 02:38:02 - [MESSAGE][PASSED] - All links are accessible

2021-05-30 02:38:02 - [MESSAGE][PASSED] - Call Test Case 'Test Cases/Common Test Cases/Login' successfully

2021-05-30 02:38:02 - [TEST_STEP][PASSED] - verifyElementPresent(findTestObject("Page_Mattermost/label_Enter a valid email or username andor password"), 0): Object 'Object Repository/Page_Mattermost/label_Enter a valid email or username andor password' is present

2021-05-30 02:38:02 - [MESSAGE][WARNING] - Timeout '0' is invalid. Using default page load timeout: '30'

2021-05-30 02:38:02 - [MESSAGE][PASSED] - Object 'Object Repository/Page_Mattermost/label_Enter a valid email or username andor password' is present

2021-05-30 02:38:02 - [TEST_STEP][PASSED] - closeBrowser(): Browser is closed

2021-05-30 02:38:03 - [MESSAGE][PASSED] - Browser is closed]]></system-out>
         <system-err><![CDATA[]]></system-err>
      </testcase>
      <testcase name="Test Cases/Login/Verify login failed with invalid username" time="6.027" classname="Test Cases/Login/Verify login failed with invalid username" status="PASSED">
         <system-out><![CDATA[2021-05-30 02:38:03 - [TEST_CASE][PASSED] - Test Cases/Login/Verify login failed with invalid username: Test Cases/Login/Verify login failed with invalid username

2021-05-30 02:38:03 - [TEST_STEP][PASSED] - callTestCase(findTestCase("Common Test Cases/Login"), ["Username":findTestData("Internal Data for Login").getValue(1, 3), "Password":findTestData("Internal Data for Login").getValue(2, 3)], STOP_ON_FAILURE): Call Test Case 'Test Cases/Common Test Cases/Login' successfully

2021-05-30 02:38:03 - [TEST_CASE][PASSED] - Test Cases/Common Test Cases/Login: Test Cases/Common Test Cases/Login

2021-05-30 02:38:03 - [TEST_STEP][PASSED] - openBrowser(""): Browser is opened with url: ''

2021-05-30 02:38:03 - [MESSAGE][INFO] - Starting 'Chrome' driver

2021-05-30 02:38:03 - [MESSAGE][INFO] - Action delay is set to 0 milliseconds

2021-05-30 02:38:05 - [MESSAGE][PASSED] - Browser is opened with url: ''

2021-05-30 02:38:05 - [TEST_STEP][PASSED] - navigateToUrl("https://chudenangcao2021.cf/"): Navigate to 'https://chudenangcao2021.cf/' successfully

2021-05-30 02:38:05 - [MESSAGE][PASSED] - Navigate to 'https://chudenangcao2021.cf/' successfully

2021-05-30 02:38:05 - [TEST_STEP][PASSED] - setText(findTestObject("Object Repository/Page_Mattermost/input_All team communication in one place, _dcc84b"), Username): Text 'nguyenvanaaaa' is set on object 'Object Repository/Page_Mattermost/input_All team communication in one place, _dcc84b'

2021-05-30 02:38:07 - [MESSAGE][PASSED] - Text 'nguyenvanaaaa' is set on object 'Object Repository/Page_Mattermost/input_All team communication in one place, _dcc84b'

2021-05-30 02:38:07 - [TEST_STEP][PASSED] - setText(findTestObject("Object Repository/Page_Mattermost/input_All team communication in one place, _a3edc6"), Password): Text 'Tung@123456' is set on object 'Object Repository/Page_Mattermost/input_All team communication in one place, _a3edc6'

2021-05-30 02:38:07 - [MESSAGE][PASSED] - Text 'Tung@123456' is set on object 'Object Repository/Page_Mattermost/input_All team communication in one place, _a3edc6'

2021-05-30 02:38:07 - [TEST_STEP][PASSED] - click(findTestObject("Object Repository/Page_Mattermost/button_Sign in")): Object: 'Object Repository/Page_Mattermost/button_Sign in' is clicked on

2021-05-30 02:38:08 - [MESSAGE][PASSED] - Object: 'Object Repository/Page_Mattermost/button_Sign in' is clicked on

2021-05-30 02:38:08 - [TEST_STEP][PASSED] - verifyLinksAccessible(["https://chudenangcao2021.cf/cdnc-cnpm-2021/channels"]): All links are accessible

2021-05-30 02:38:08 - [MESSAGE][INFO] - HAR: C:\Users\nttuan\Downloads\CDNC\mattermost-testing\Reports\20210530_023726\Run all test cases\20210530_023726\requests\main\19.har

2021-05-30 02:38:08 - [MESSAGE][PASSED] - Send request successfully

2021-05-30 02:38:08 - [MESSAGE][PASSED] - All links are accessible

2021-05-30 02:38:08 - [MESSAGE][PASSED] - Call Test Case 'Test Cases/Common Test Cases/Login' successfully

2021-05-30 02:38:08 - [TEST_STEP][PASSED] - verifyElementPresent(findTestObject("Page_Mattermost/label_Enter a valid email or username andor password"), 0): Object 'Object Repository/Page_Mattermost/label_Enter a valid email or username andor password' is present

2021-05-30 02:38:08 - [MESSAGE][WARNING] - Timeout '0' is invalid. Using default page load timeout: '30'

2021-05-30 02:38:08 - [MESSAGE][PASSED] - Object 'Object Repository/Page_Mattermost/label_Enter a valid email or username andor password' is present

2021-05-30 02:38:08 - [TEST_STEP][PASSED] - closeBrowser(): Browser is closed

2021-05-30 02:38:09 - [MESSAGE][PASSED] - Browser is closed]]></system-out>
         <system-err><![CDATA[]]></system-err>
      </testcase>
      <testcase name="Test Cases/Login/Verify successful login" time="8.097" classname="Test Cases/Login/Verify successful login" status="PASSED">
         <system-out><![CDATA[2021-05-30 02:38:09 - [TEST_CASE][PASSED] - Test Cases/Login/Verify successful login: Test Cases/Login/Verify successful login

2021-05-30 02:38:09 - [TEST_STEP][PASSED] - callTestCase(findTestCase("Common Test Cases/Login"), ["Username":findTestData("Internal Data for Login").getValue(1, 5), "Password":findTestData("Internal Data for Login").getValue(2, 5)], STOP_ON_FAILURE): Call Test Case 'Test Cases/Common Test Cases/Login' successfully

2021-05-30 02:38:09 - [TEST_CASE][PASSED] - Test Cases/Common Test Cases/Login: Test Cases/Common Test Cases/Login

2021-05-30 02:38:09 - [TEST_STEP][PASSED] - openBrowser(""): Browser is opened with url: ''

2021-05-30 02:38:09 - [MESSAGE][INFO] - Starting 'Chrome' driver

2021-05-30 02:38:09 - [MESSAGE][INFO] - Action delay is set to 0 milliseconds

2021-05-30 02:38:11 - [MESSAGE][PASSED] - Browser is opened with url: ''

2021-05-30 02:38:11 - [TEST_STEP][PASSED] - navigateToUrl("https://chudenangcao2021.cf/"): Navigate to 'https://chudenangcao2021.cf/' successfully

2021-05-30 02:38:11 - [MESSAGE][PASSED] - Navigate to 'https://chudenangcao2021.cf/' successfully

2021-05-30 02:38:11 - [TEST_STEP][PASSED] - setText(findTestObject("Object Repository/Page_Mattermost/input_All team communication in one place, _dcc84b"), Username): Text 'nguyenvana' is set on object 'Object Repository/Page_Mattermost/input_All team communication in one place, _dcc84b'

2021-05-30 02:38:13 - [MESSAGE][PASSED] - Text 'nguyenvana' is set on object 'Object Repository/Page_Mattermost/input_All team communication in one place, _dcc84b'

2021-05-30 02:38:13 - [TEST_STEP][PASSED] - setText(findTestObject("Object Repository/Page_Mattermost/input_All team communication in one place, _a3edc6"), Password): Text 'Tung@123456' is set on object 'Object Repository/Page_Mattermost/input_All team communication in one place, _a3edc6'

2021-05-30 02:38:14 - [MESSAGE][PASSED] - Text 'Tung@123456' is set on object 'Object Repository/Page_Mattermost/input_All team communication in one place, _a3edc6'

2021-05-30 02:38:14 - [TEST_STEP][PASSED] - click(findTestObject("Object Repository/Page_Mattermost/button_Sign in")): Object: 'Object Repository/Page_Mattermost/button_Sign in' is clicked on

2021-05-30 02:38:14 - [MESSAGE][PASSED] - Object: 'Object Repository/Page_Mattermost/button_Sign in' is clicked on

2021-05-30 02:38:14 - [TEST_STEP][PASSED] - verifyLinksAccessible(["https://chudenangcao2021.cf/cdnc-cnpm-2021/channels"]): All links are accessible

2021-05-30 02:38:14 - [MESSAGE][INFO] - HAR: C:\Users\nttuan\Downloads\CDNC\mattermost-testing\Reports\20210530_023726\Run all test cases\20210530_023726\requests\main\20.har

2021-05-30 02:38:14 - [MESSAGE][PASSED] - Send request successfully

2021-05-30 02:38:14 - [MESSAGE][PASSED] - All links are accessible

2021-05-30 02:38:14 - [MESSAGE][PASSED] - Call Test Case 'Test Cases/Common Test Cases/Login' successfully

2021-05-30 02:38:14 - [TEST_STEP][PASSED] - verifyElementPresent(findTestObject("Page_Town Square - TEAM NAME Mattermost/div_CHANNELS"), 0): Object 'Object Repository/Page_Town Square - TEAM NAME Mattermost/div_CHANNELS' is present

2021-05-30 02:38:14 - [MESSAGE][WARNING] - Timeout '0' is invalid. Using default page load timeout: '30'

2021-05-30 02:38:16 - [MESSAGE][PASSED] - Object 'Object Repository/Page_Town Square - TEAM NAME Mattermost/div_CHANNELS' is present

2021-05-30 02:38:16 - [TEST_STEP][PASSED] - verifyElementPresent(findTestObject("Page_Town Square - TEAM NAME Mattermost/div_DIRECT MESSAGES"), 0): Object 'Object Repository/Page_Town Square - TEAM NAME Mattermost/div_DIRECT MESSAGES' is present

2021-05-30 02:38:16 - [MESSAGE][WARNING] - Timeout '0' is invalid. Using default page load timeout: '30'

2021-05-30 02:38:16 - [MESSAGE][PASSED] - Object 'Object Repository/Page_Town Square - TEAM NAME Mattermost/div_DIRECT MESSAGES' is present

2021-05-30 02:38:16 - [TEST_STEP][PASSED] - closeBrowser(): Browser is closed

2021-05-30 02:38:17 - [MESSAGE][PASSED] - Browser is closed]]></system-out>
         <system-err><![CDATA[]]></system-err>
      </testcase>
      <testcase name="Test Cases/SwitchCaseTest/ChangeLanguge" time="10.24" classname="Test Cases/SwitchCaseTest/ChangeLanguge" status="PASSED">
         <system-out><![CDATA[2021-05-30 02:38:17 - [TEST_CASE][PASSED] - Test Cases/SwitchCaseTest/ChangeLanguge: Test Cases/SwitchCaseTest/ChangeLanguge

2021-05-30 02:38:18 - [TEST_STEP][PASSED] - callTestCase(findTestCase("Test Cases/Common Test Cases/Login"), ["username":username, "password":password], STOP_ON_FAILURE): Call Test Case 'Test Cases/Common Test Cases/Login' successfully

2021-05-30 02:38:18 - [TEST_CASE][PASSED] - Test Cases/Common Test Cases/Login: Test Cases/Common Test Cases/Login

2021-05-30 02:38:18 - [TEST_STEP][PASSED] - openBrowser(""): Browser is opened with url: ''

2021-05-30 02:38:18 - [MESSAGE][INFO] - Starting 'Chrome' driver

2021-05-30 02:38:18 - [MESSAGE][INFO] - Action delay is set to 0 milliseconds

2021-05-30 02:38:19 - [MESSAGE][PASSED] - Browser is opened with url: ''

2021-05-30 02:38:19 - [TEST_STEP][PASSED] - navigateToUrl("https://chudenangcao2021.cf/"): Navigate to 'https://chudenangcao2021.cf/' successfully

2021-05-30 02:38:20 - [MESSAGE][PASSED] - Navigate to 'https://chudenangcao2021.cf/' successfully

2021-05-30 02:38:20 - [TEST_STEP][PASSED] - setText(findTestObject("Object Repository/Page_Mattermost/input_All team communication in one place, _dcc84b"), Username): Text 'Minhvu12918' is set on object 'Object Repository/Page_Mattermost/input_All team communication in one place, _dcc84b'

2021-05-30 02:38:21 - [MESSAGE][PASSED] - Text 'Minhvu12918' is set on object 'Object Repository/Page_Mattermost/input_All team communication in one place, _dcc84b'

2021-05-30 02:38:21 - [TEST_STEP][PASSED] - setText(findTestObject("Object Repository/Page_Mattermost/input_All team communication in one place, _a3edc6"), Password): Text 'Minhvuabc2@' is set on object 'Object Repository/Page_Mattermost/input_All team communication in one place, _a3edc6'

2021-05-30 02:38:22 - [MESSAGE][PASSED] - Text 'Minhvuabc2@' is set on object 'Object Repository/Page_Mattermost/input_All team communication in one place, _a3edc6'

2021-05-30 02:38:22 - [TEST_STEP][PASSED] - click(findTestObject("Object Repository/Page_Mattermost/button_Sign in")): Object: 'Object Repository/Page_Mattermost/button_Sign in' is clicked on

2021-05-30 02:38:22 - [MESSAGE][PASSED] - Object: 'Object Repository/Page_Mattermost/button_Sign in' is clicked on

2021-05-30 02:38:22 - [TEST_STEP][PASSED] - verifyLinksAccessible(["https://chudenangcao2021.cf/cdnc-cnpm-2021/channels"]): All links are accessible

2021-05-30 02:38:22 - [MESSAGE][INFO] - HAR: C:\Users\nttuan\Downloads\CDNC\mattermost-testing\Reports\20210530_023726\Run all test cases\20210530_023726\requests\main\21.har

2021-05-30 02:38:22 - [MESSAGE][PASSED] - Send request successfully

2021-05-30 02:38:22 - [MESSAGE][PASSED] - All links are accessible

2021-05-30 02:38:22 - [MESSAGE][PASSED] - Call Test Case 'Test Cases/Common Test Cases/Login' successfully

2021-05-30 02:38:22 - [TEST_STEP][PASSED] - click(findTestObject("Object Repository/IFObject/Page_TEST CHANNEL - TEAM NAME Mattermost/button_cxtuan_style--none sidebar-header-dropdown__icon")): Object: 'Object Repository/IFObject/Page_TEST CHANNEL - TEAM NAME Mattermost/button_cxtuan_style--none sidebar-header-dropdown__icon' is clicked on

2021-05-30 02:38:24 - [MESSAGE][PASSED] - Object: 'Object Repository/IFObject/Page_TEST CHANNEL - TEAM NAME Mattermost/button_cxtuan_style--none sidebar-header-dropdown__icon' is clicked on

2021-05-30 02:38:24 - [TEST_STEP][PASSED] - click(findTestObject("Object Repository/IFObject/Page_TEST CHANNEL - TEAM NAME Mattermost/button_Account Settings")): Object: 'Object Repository/IFObject/Page_TEST CHANNEL - TEAM NAME Mattermost/button_Account Settings' is clicked on

2021-05-30 02:38:25 - [MESSAGE][PASSED] - Object: 'Object Repository/IFObject/Page_TEST CHANNEL - TEAM NAME Mattermost/button_Account Settings' is clicked on

2021-05-30 02:38:25 - [TEST_STEP][PASSED] - lang = language: null

2021-05-30 02:38:25 - [TEST_STEP][PASSED] - click(findTestObject("Object Repository/SwitchCase/Change language/button_Display")): Object: 'Object Repository/SwitchCase/Change language/button_Display' is clicked on

2021-05-30 02:38:25 - [MESSAGE][PASSED] - Object: 'Object Repository/SwitchCase/Change language/button_Display' is clicked on

2021-05-30 02:38:25 - [TEST_STEP][PASSED] - click(findTestObject("Object Repository/SwitchCase/Change language/button_EditLanguage")): Object: 'Object Repository/SwitchCase/Change language/button_EditLanguage' is clicked on

2021-05-30 02:38:26 - [MESSAGE][PASSED] - Object: 'Object Repository/SwitchCase/Change language/button_EditLanguage' is clicked on

2021-05-30 02:38:26 - [TEST_STEP][PASSED] - click(findTestObject("Object Repository/SwitchCase/Change language/div_English")): Object: 'Object Repository/SwitchCase/Change language/div_English' is clicked on

2021-05-30 02:38:26 - [MESSAGE][PASSED] - Object: 'Object Repository/SwitchCase/Change language/div_English' is clicked on

2021-05-30 02:38:26 - [TEST_STEP][PASSED] - switch (lang): null

2021-05-30 02:38:26 - [TEST_STEP][PASSED] - case "Italiano":: null

2021-05-30 02:38:26 - [TEST_STEP][PASSED] - click(findTestObject("Object Repository/SwitchCase/Page_span_Town Square - TEAM NAME Mattermost/div_Italiano")): Object: 'Object Repository/SwitchCase/Page_span_Town Square - TEAM NAME Mattermost/div_Italiano' is clicked on

2021-05-30 02:38:27 - [MESSAGE][PASSED] - Object: 'Object Repository/SwitchCase/Page_span_Town Square - TEAM NAME Mattermost/div_Italiano' is clicked on

2021-05-30 02:38:27 - [TEST_STEP][PASSED] - break: null

2021-05-30 02:38:27 - [TEST_STEP][PASSED] - click(findTestObject("Object Repository/SwitchCase/Change language/button_Save")): Object: 'Object Repository/SwitchCase/Change language/button_Save' is clicked on

2021-05-30 02:38:27 - [MESSAGE][PASSED] - Object: 'Object Repository/SwitchCase/Change language/button_Save' is clicked on]]></system-out>
         <system-err><![CDATA[]]></system-err>
      </testcase>
      <testcase name="Test Cases/SwitchCaseTest/CallChangeDefaultLanguage" time="10.672" classname="Test Cases/SwitchCaseTest/CallChangeDefaultLanguage" status="PASSED">
         <system-out><![CDATA[2021-05-30 02:38:27 - [TEST_CASE][PASSED] - Test Cases/SwitchCaseTest/CallChangeDefaultLanguage: Test Cases/SwitchCaseTest/CallChangeDefaultLanguage

2021-05-30 02:38:28 - [TEST_STEP][PASSED] - callTestCase(findTestCase("SwitchCaseTest/ChangeLanguge"), ["username":"cxtuan", "password":"01672471821nT@", "language":"English"], STOP_ON_FAILURE): Call Test Case 'Test Cases/SwitchCaseTest/ChangeLanguge' successfully

2021-05-30 02:38:28 - [TEST_CASE][PASSED] - Test Cases/SwitchCaseTest/ChangeLanguge: Test Cases/SwitchCaseTest/ChangeLanguge

2021-05-30 02:38:28 - [TEST_STEP][PASSED] - callTestCase(findTestCase("Test Cases/Common Test Cases/Login"), ["username":username, "password":password], STOP_ON_FAILURE): Call Test Case 'Test Cases/Common Test Cases/Login' successfully

2021-05-30 02:38:28 - [TEST_CASE][PASSED] - Test Cases/Common Test Cases/Login: Test Cases/Common Test Cases/Login

2021-05-30 02:38:28 - [TEST_STEP][PASSED] - openBrowser(""): Browser is opened with url: ''

2021-05-30 02:38:28 - [MESSAGE][WARNING] - A browser is already opened. Closing browser and opening a new one

2021-05-30 02:38:29 - [MESSAGE][INFO] - Starting 'Chrome' driver

2021-05-30 02:38:29 - [MESSAGE][INFO] - Action delay is set to 0 milliseconds

2021-05-30 02:38:30 - [MESSAGE][PASSED] - Browser is opened with url: ''

2021-05-30 02:38:30 - [TEST_STEP][PASSED] - navigateToUrl("https://chudenangcao2021.cf/"): Navigate to 'https://chudenangcao2021.cf/' successfully

2021-05-30 02:38:30 - [MESSAGE][PASSED] - Navigate to 'https://chudenangcao2021.cf/' successfully

2021-05-30 02:38:30 - [TEST_STEP][PASSED] - setText(findTestObject("Object Repository/Page_Mattermost/input_All team communication in one place, _dcc84b"), Username): Text 'Minhvu12918' is set on object 'Object Repository/Page_Mattermost/input_All team communication in one place, _dcc84b'

2021-05-30 02:38:32 - [MESSAGE][PASSED] - Text 'Minhvu12918' is set on object 'Object Repository/Page_Mattermost/input_All team communication in one place, _dcc84b'

2021-05-30 02:38:32 - [TEST_STEP][PASSED] - setText(findTestObject("Object Repository/Page_Mattermost/input_All team communication in one place, _a3edc6"), Password): Text 'Minhvuabc2@' is set on object 'Object Repository/Page_Mattermost/input_All team communication in one place, _a3edc6'

2021-05-30 02:38:33 - [MESSAGE][PASSED] - Text 'Minhvuabc2@' is set on object 'Object Repository/Page_Mattermost/input_All team communication in one place, _a3edc6'

2021-05-30 02:38:33 - [TEST_STEP][PASSED] - click(findTestObject("Object Repository/Page_Mattermost/button_Sign in")): Object: 'Object Repository/Page_Mattermost/button_Sign in' is clicked on

2021-05-30 02:38:33 - [MESSAGE][PASSED] - Object: 'Object Repository/Page_Mattermost/button_Sign in' is clicked on

2021-05-30 02:38:33 - [TEST_STEP][PASSED] - verifyLinksAccessible(["https://chudenangcao2021.cf/cdnc-cnpm-2021/channels"]): All links are accessible

2021-05-30 02:38:33 - [MESSAGE][INFO] - HAR: C:\Users\nttuan\Downloads\CDNC\mattermost-testing\Reports\20210530_023726\Run all test cases\20210530_023726\requests\main\22.har

2021-05-30 02:38:33 - [MESSAGE][PASSED] - Send request successfully

2021-05-30 02:38:33 - [MESSAGE][PASSED] - All links are accessible

2021-05-30 02:38:33 - [MESSAGE][PASSED] - Call Test Case 'Test Cases/Common Test Cases/Login' successfully

2021-05-30 02:38:33 - [TEST_STEP][PASSED] - click(findTestObject("Object Repository/IFObject/Page_TEST CHANNEL - TEAM NAME Mattermost/button_cxtuan_style--none sidebar-header-dropdown__icon")): Object: 'Object Repository/IFObject/Page_TEST CHANNEL - TEAM NAME Mattermost/button_cxtuan_style--none sidebar-header-dropdown__icon' is clicked on

2021-05-30 02:38:35 - [MESSAGE][PASSED] - Object: 'Object Repository/IFObject/Page_TEST CHANNEL - TEAM NAME Mattermost/button_cxtuan_style--none sidebar-header-dropdown__icon' is clicked on

2021-05-30 02:38:35 - [TEST_STEP][PASSED] - click(findTestObject("Object Repository/IFObject/Page_TEST CHANNEL - TEAM NAME Mattermost/button_Account Settings")): Object: 'Object Repository/IFObject/Page_TEST CHANNEL - TEAM NAME Mattermost/button_Account Settings' is clicked on

2021-05-30 02:38:35 - [MESSAGE][PASSED] - Object: 'Object Repository/IFObject/Page_TEST CHANNEL - TEAM NAME Mattermost/button_Account Settings' is clicked on

2021-05-30 02:38:35 - [TEST_STEP][PASSED] - lang = language: null

2021-05-30 02:38:35 - [TEST_STEP][PASSED] - click(findTestObject("Object Repository/SwitchCase/Change language/button_Display")): Object: 'Object Repository/SwitchCase/Change language/button_Display' is clicked on

2021-05-30 02:38:36 - [MESSAGE][PASSED] - Object: 'Object Repository/SwitchCase/Change language/button_Display' is clicked on

2021-05-30 02:38:36 - [TEST_STEP][PASSED] - click(findTestObject("Object Repository/SwitchCase/Change language/button_EditLanguage")): Object: 'Object Repository/SwitchCase/Change language/button_EditLanguage' is clicked on

2021-05-30 02:38:37 - [MESSAGE][PASSED] - Object: 'Object Repository/SwitchCase/Change language/button_EditLanguage' is clicked on

2021-05-30 02:38:37 - [TEST_STEP][PASSED] - click(findTestObject("Object Repository/SwitchCase/Change language/div_English")): Object: 'Object Repository/SwitchCase/Change language/div_English' is clicked on

2021-05-30 02:38:37 - [MESSAGE][PASSED] - Object: 'Object Repository/SwitchCase/Change language/div_English' is clicked on

2021-05-30 02:38:37 - [TEST_STEP][PASSED] - switch (lang): Object: 'Object Repository/SwitchCase/Page_span_Town Square - TEAM NAME Mattermost/div_English' is clicked on

2021-05-30 02:38:37 - [TEST_STEP][PASSED] - Default: Object: 'Object Repository/SwitchCase/Page_span_Town Square - TEAM NAME Mattermost/div_English' is clicked on

2021-05-30 02:38:37 - [TEST_STEP][PASSED] - click(findTestObject("Object Repository/SwitchCase/Page_span_Town Square - TEAM NAME Mattermost/div_English")): Object: 'Object Repository/SwitchCase/Page_span_Town Square - TEAM NAME Mattermost/div_English' is clicked on

2021-05-30 02:38:38 - [MESSAGE][PASSED] - Object: 'Object Repository/SwitchCase/Page_span_Town Square - TEAM NAME Mattermost/div_English' is clicked on

2021-05-30 02:38:38 - [TEST_STEP][PASSED] - click(findTestObject("Object Repository/SwitchCase/Change language/button_Save")): Object: 'Object Repository/SwitchCase/Change language/button_Save' is clicked on

2021-05-30 02:38:38 - [MESSAGE][PASSED] - Object: 'Object Repository/SwitchCase/Change language/button_Save' is clicked on

2021-05-30 02:38:38 - [MESSAGE][PASSED] - Call Test Case 'Test Cases/SwitchCaseTest/ChangeLanguge' successfully]]></system-out>
         <system-err><![CDATA[]]></system-err>
      </testcase>
      <testcase name="Test Cases/SwitchCaseTest/ChangeNotificationEmail" time="11.66" classname="Test Cases/SwitchCaseTest/ChangeNotificationEmail" status="PASSED">
         <system-out><![CDATA[2021-05-30 02:38:38 - [TEST_CASE][PASSED] - Test Cases/SwitchCaseTest/ChangeNotificationEmail: Test Cases/SwitchCaseTest/ChangeNotificationEmail

2021-05-30 02:38:38 - [TEST_STEP][PASSED] - openBrowser(""): Browser is opened with url: ''

2021-05-30 02:38:38 - [MESSAGE][WARNING] - A browser is already opened. Closing browser and opening a new one

2021-05-30 02:38:39 - [MESSAGE][INFO] - Starting 'Chrome' driver

2021-05-30 02:38:39 - [MESSAGE][INFO] - Action delay is set to 0 milliseconds

2021-05-30 02:38:40 - [MESSAGE][PASSED] - Browser is opened with url: ''

2021-05-30 02:38:40 - [TEST_STEP][PASSED] - callTestCase(findTestCase("Test Cases/Common Test Cases/Login"), ["username":username, "password":password], STOP_ON_FAILURE): Call Test Case 'Test Cases/Common Test Cases/Login' successfully

2021-05-30 02:38:40 - [TEST_CASE][PASSED] - Test Cases/Common Test Cases/Login: Test Cases/Common Test Cases/Login

2021-05-30 02:38:40 - [TEST_STEP][PASSED] - openBrowser(""): Browser is opened with url: ''

2021-05-30 02:38:40 - [MESSAGE][WARNING] - A browser is already opened. Closing browser and opening a new one

2021-05-30 02:38:41 - [MESSAGE][INFO] - Starting 'Chrome' driver

2021-05-30 02:38:41 - [MESSAGE][INFO] - Action delay is set to 0 milliseconds

2021-05-30 02:38:42 - [MESSAGE][PASSED] - Browser is opened with url: ''

2021-05-30 02:38:42 - [TEST_STEP][PASSED] - navigateToUrl("https://chudenangcao2021.cf/"): Navigate to 'https://chudenangcao2021.cf/' successfully

2021-05-30 02:38:43 - [MESSAGE][PASSED] - Navigate to 'https://chudenangcao2021.cf/' successfully

2021-05-30 02:38:43 - [TEST_STEP][PASSED] - setText(findTestObject("Object Repository/Page_Mattermost/input_All team communication in one place, _dcc84b"), Username): Text 'Minhvu12918' is set on object 'Object Repository/Page_Mattermost/input_All team communication in one place, _dcc84b'

2021-05-30 02:38:44 - [MESSAGE][PASSED] - Text 'Minhvu12918' is set on object 'Object Repository/Page_Mattermost/input_All team communication in one place, _dcc84b'

2021-05-30 02:38:44 - [TEST_STEP][PASSED] - setText(findTestObject("Object Repository/Page_Mattermost/input_All team communication in one place, _a3edc6"), Password): Text 'Minhvuabc2@' is set on object 'Object Repository/Page_Mattermost/input_All team communication in one place, _a3edc6'

2021-05-30 02:38:45 - [MESSAGE][PASSED] - Text 'Minhvuabc2@' is set on object 'Object Repository/Page_Mattermost/input_All team communication in one place, _a3edc6'

2021-05-30 02:38:45 - [TEST_STEP][PASSED] - click(findTestObject("Object Repository/Page_Mattermost/button_Sign in")): Object: 'Object Repository/Page_Mattermost/button_Sign in' is clicked on

2021-05-30 02:38:46 - [MESSAGE][PASSED] - Object: 'Object Repository/Page_Mattermost/button_Sign in' is clicked on

2021-05-30 02:38:46 - [TEST_STEP][PASSED] - verifyLinksAccessible(["https://chudenangcao2021.cf/cdnc-cnpm-2021/channels"]): All links are accessible

2021-05-30 02:38:46 - [MESSAGE][INFO] - HAR: C:\Users\nttuan\Downloads\CDNC\mattermost-testing\Reports\20210530_023726\Run all test cases\20210530_023726\requests\main\23.har

2021-05-30 02:38:46 - [MESSAGE][PASSED] - Send request successfully

2021-05-30 02:38:46 - [MESSAGE][PASSED] - All links are accessible

2021-05-30 02:38:46 - [MESSAGE][PASSED] - Call Test Case 'Test Cases/Common Test Cases/Login' successfully

2021-05-30 02:38:46 - [TEST_STEP][PASSED] - click(findTestObject("Object Repository/SwitchCase/NotifyEmail/Page_span_Town Square - TEAM NAME Mattermost/span")): Object: 'Object Repository/SwitchCase/NotifyEmail/Page_span_Town Square - TEAM NAME Mattermost/span' is clicked on

2021-05-30 02:38:47 - [MESSAGE][PASSED] - Object: 'Object Repository/SwitchCase/NotifyEmail/Page_span_Town Square - TEAM NAME Mattermost/span' is clicked on

2021-05-30 02:38:47 - [TEST_STEP][PASSED] - click(findTestObject("Object Repository/SwitchCase/NotifyEmail/Page_span_Town Square - TEAM NAME Mattermost/button_Account Settings")): Object: 'Object Repository/SwitchCase/NotifyEmail/Page_span_Town Square - TEAM NAME Mattermost/button_Account Settings' is clicked on

2021-05-30 02:38:48 - [MESSAGE][PASSED] - Object: 'Object Repository/SwitchCase/NotifyEmail/Page_span_Town Square - TEAM NAME Mattermost/button_Account Settings' is clicked on

2021-05-30 02:38:48 - [TEST_STEP][PASSED] - click(findTestObject("Object Repository/SwitchCase/NotifyEmail/Page_span_Town Square - TEAM NAME Mattermost/button_Notifications")): Object: 'Object Repository/SwitchCase/NotifyEmail/Page_span_Town Square - TEAM NAME Mattermost/button_Notifications' is clicked on

2021-05-30 02:38:48 - [MESSAGE][PASSED] - Object: 'Object Repository/SwitchCase/NotifyEmail/Page_span_Town Square - TEAM NAME Mattermost/button_Notifications' is clicked on

2021-05-30 02:38:48 - [TEST_STEP][PASSED] - click(findTestObject("Object Repository/SwitchCase/NotifyEmail/Page_span_Town Square - TEAM NAME Mattermost/div_Email NotificationsEditImmediately")): Object: 'Object Repository/SwitchCase/NotifyEmail/Page_span_Town Square - TEAM NAME Mattermost/div_Email NotificationsEditImmediately' is clicked on

2021-05-30 02:38:49 - [MESSAGE][PASSED] - Object: 'Object Repository/SwitchCase/NotifyEmail/Page_span_Town Square - TEAM NAME Mattermost/div_Email NotificationsEditImmediately' is clicked on

2021-05-30 02:38:49 - [TEST_STEP][PASSED] - notify = notify: null

2021-05-30 02:38:49 - [TEST_STEP][PASSED] - switch (notify): null

2021-05-30 02:38:49 - [TEST_STEP][PASSED] - case "no":: null

2021-05-30 02:38:49 - [TEST_STEP][PASSED] - click(findTestObject("Object Repository/SwitchCase/NotifyEmail/Page_span_Town Square - TEAM NAME Mattermost/label_Never")): Object: 'Object Repository/SwitchCase/NotifyEmail/Page_span_Town Square - TEAM NAME Mattermost/label_Never' is clicked on

2021-05-30 02:38:49 - [MESSAGE][PASSED] - Object: 'Object Repository/SwitchCase/NotifyEmail/Page_span_Town Square - TEAM NAME Mattermost/label_Never' is clicked on

2021-05-30 02:38:49 - [TEST_STEP][PASSED] - break: null

2021-05-30 02:38:49 - [TEST_STEP][PASSED] - click(findTestObject("Object Repository/SwitchCase/NotifyEmail/Page_span_Town Square - TEAM NAME Mattermost/span_Save")): Object: 'Object Repository/SwitchCase/NotifyEmail/Page_span_Town Square - TEAM NAME Mattermost/span_Save' is clicked on

2021-05-30 02:38:50 - [MESSAGE][PASSED] - Object: 'Object Repository/SwitchCase/NotifyEmail/Page_span_Town Square - TEAM NAME Mattermost/span_Save' is clicked on]]></system-out>
         <system-err><![CDATA[]]></system-err>
      </testcase>
      <testcase name="Test Cases/SwitchCaseTest/CallChangeDefaultNotificationEmail" time="11.747" classname="Test Cases/SwitchCaseTest/CallChangeDefaultNotificationEmail" status="PASSED">
         <system-out><![CDATA[2021-05-30 02:38:50 - [TEST_CASE][PASSED] - Test Cases/SwitchCaseTest/CallChangeDefaultNotificationEmail: Test Cases/SwitchCaseTest/CallChangeDefaultNotificationEmail

2021-05-30 02:38:50 - [TEST_STEP][PASSED] - callTestCase(findTestCase("SwitchCaseTest/ChangeNotificationEmail"), ["username":"cxtuan", "password":"01672471821nT@", "notify":"yes"], STOP_ON_FAILURE): Call Test Case 'Test Cases/SwitchCaseTest/ChangeNotificationEmail' successfully

2021-05-30 02:38:50 - [TEST_CASE][PASSED] - Test Cases/SwitchCaseTest/ChangeNotificationEmail: Test Cases/SwitchCaseTest/ChangeNotificationEmail

2021-05-30 02:38:50 - [TEST_STEP][PASSED] - openBrowser(""): Browser is opened with url: ''

2021-05-30 02:38:50 - [MESSAGE][WARNING] - A browser is already opened. Closing browser and opening a new one

2021-05-30 02:38:51 - [MESSAGE][INFO] - Starting 'Chrome' driver

2021-05-30 02:38:51 - [MESSAGE][INFO] - Action delay is set to 0 milliseconds

2021-05-30 02:38:52 - [MESSAGE][PASSED] - Browser is opened with url: ''

2021-05-30 02:38:52 - [TEST_STEP][PASSED] - callTestCase(findTestCase("Test Cases/Common Test Cases/Login"), ["username":username, "password":password], STOP_ON_FAILURE): Call Test Case 'Test Cases/Common Test Cases/Login' successfully

2021-05-30 02:38:52 - [TEST_CASE][PASSED] - Test Cases/Common Test Cases/Login: Test Cases/Common Test Cases/Login

2021-05-30 02:38:52 - [TEST_STEP][PASSED] - openBrowser(""): Browser is opened with url: ''

2021-05-30 02:38:52 - [MESSAGE][WARNING] - A browser is already opened. Closing browser and opening a new one

2021-05-30 02:38:53 - [MESSAGE][INFO] - Starting 'Chrome' driver

2021-05-30 02:38:53 - [MESSAGE][INFO] - Action delay is set to 0 milliseconds

2021-05-30 02:38:54 - [MESSAGE][PASSED] - Browser is opened with url: ''

2021-05-30 02:38:54 - [TEST_STEP][PASSED] - navigateToUrl("https://chudenangcao2021.cf/"): Navigate to 'https://chudenangcao2021.cf/' successfully

2021-05-30 02:38:55 - [MESSAGE][PASSED] - Navigate to 'https://chudenangcao2021.cf/' successfully

2021-05-30 02:38:55 - [TEST_STEP][PASSED] - setText(findTestObject("Object Repository/Page_Mattermost/input_All team communication in one place, _dcc84b"), Username): Text 'Minhvu12918' is set on object 'Object Repository/Page_Mattermost/input_All team communication in one place, _dcc84b'

2021-05-30 02:38:56 - [MESSAGE][PASSED] - Text 'Minhvu12918' is set on object 'Object Repository/Page_Mattermost/input_All team communication in one place, _dcc84b'

2021-05-30 02:38:56 - [TEST_STEP][PASSED] - setText(findTestObject("Object Repository/Page_Mattermost/input_All team communication in one place, _a3edc6"), Password): Text 'Minhvuabc2@' is set on object 'Object Repository/Page_Mattermost/input_All team communication in one place, _a3edc6'

2021-05-30 02:38:57 - [MESSAGE][PASSED] - Text 'Minhvuabc2@' is set on object 'Object Repository/Page_Mattermost/input_All team communication in one place, _a3edc6'

2021-05-30 02:38:57 - [TEST_STEP][PASSED] - click(findTestObject("Object Repository/Page_Mattermost/button_Sign in")): Object: 'Object Repository/Page_Mattermost/button_Sign in' is clicked on

2021-05-30 02:38:57 - [MESSAGE][PASSED] - Object: 'Object Repository/Page_Mattermost/button_Sign in' is clicked on

2021-05-30 02:38:57 - [TEST_STEP][PASSED] - verifyLinksAccessible(["https://chudenangcao2021.cf/cdnc-cnpm-2021/channels"]): All links are accessible

2021-05-30 02:38:57 - [MESSAGE][INFO] - HAR: C:\Users\nttuan\Downloads\CDNC\mattermost-testing\Reports\20210530_023726\Run all test cases\20210530_023726\requests\main\24.har

2021-05-30 02:38:57 - [MESSAGE][PASSED] - Send request successfully

2021-05-30 02:38:57 - [MESSAGE][PASSED] - All links are accessible

2021-05-30 02:38:57 - [MESSAGE][PASSED] - Call Test Case 'Test Cases/Common Test Cases/Login' successfully

2021-05-30 02:38:57 - [TEST_STEP][PASSED] - click(findTestObject("Object Repository/SwitchCase/NotifyEmail/Page_span_Town Square - TEAM NAME Mattermost/span")): Object: 'Object Repository/SwitchCase/NotifyEmail/Page_span_Town Square - TEAM NAME Mattermost/span' is clicked on

2021-05-30 02:38:59 - [MESSAGE][PASSED] - Object: 'Object Repository/SwitchCase/NotifyEmail/Page_span_Town Square - TEAM NAME Mattermost/span' is clicked on

2021-05-30 02:38:59 - [TEST_STEP][PASSED] - click(findTestObject("Object Repository/SwitchCase/NotifyEmail/Page_span_Town Square - TEAM NAME Mattermost/button_Account Settings")): Object: 'Object Repository/SwitchCase/NotifyEmail/Page_span_Town Square - TEAM NAME Mattermost/button_Account Settings' is clicked on

2021-05-30 02:38:59 - [MESSAGE][PASSED] - Object: 'Object Repository/SwitchCase/NotifyEmail/Page_span_Town Square - TEAM NAME Mattermost/button_Account Settings' is clicked on

2021-05-30 02:38:59 - [TEST_STEP][PASSED] - click(findTestObject("Object Repository/SwitchCase/NotifyEmail/Page_span_Town Square - TEAM NAME Mattermost/button_Notifications")): Object: 'Object Repository/SwitchCase/NotifyEmail/Page_span_Town Square - TEAM NAME Mattermost/button_Notifications' is clicked on

2021-05-30 02:39:00 - [MESSAGE][PASSED] - Object: 'Object Repository/SwitchCase/NotifyEmail/Page_span_Town Square - TEAM NAME Mattermost/button_Notifications' is clicked on

2021-05-30 02:39:00 - [TEST_STEP][PASSED] - click(findTestObject("Object Repository/SwitchCase/NotifyEmail/Page_span_Town Square - TEAM NAME Mattermost/div_Email NotificationsEditImmediately")): Object: 'Object Repository/SwitchCase/NotifyEmail/Page_span_Town Square - TEAM NAME Mattermost/div_Email NotificationsEditImmediately' is clicked on

2021-05-30 02:39:01 - [MESSAGE][PASSED] - Object: 'Object Repository/SwitchCase/NotifyEmail/Page_span_Town Square - TEAM NAME Mattermost/div_Email NotificationsEditImmediately' is clicked on

2021-05-30 02:39:01 - [TEST_STEP][PASSED] - notify = notify: null

2021-05-30 02:39:01 - [TEST_STEP][PASSED] - switch (notify): null

2021-05-30 02:39:01 - [TEST_STEP][PASSED] - case "yes":: null

2021-05-30 02:39:01 - [TEST_STEP][PASSED] - click(findTestObject("Object Repository/SwitchCase/NotifyEmail/Page_span_Town Square - TEAM NAME Mattermost/label_Immediately")): Object: 'Object Repository/SwitchCase/NotifyEmail/Page_span_Town Square - TEAM NAME Mattermost/label_Immediately' is clicked on

2021-05-30 02:39:01 - [MESSAGE][PASSED] - Object: 'Object Repository/SwitchCase/NotifyEmail/Page_span_Town Square - TEAM NAME Mattermost/label_Immediately' is clicked on

2021-05-30 02:39:01 - [TEST_STEP][PASSED] - break: null

2021-05-30 02:39:01 - [TEST_STEP][PASSED] - click(findTestObject("Object Repository/SwitchCase/NotifyEmail/Page_span_Town Square - TEAM NAME Mattermost/span_Save")): Object: 'Object Repository/SwitchCase/NotifyEmail/Page_span_Town Square - TEAM NAME Mattermost/span_Save' is clicked on

2021-05-30 02:39:02 - [MESSAGE][PASSED] - Object: 'Object Repository/SwitchCase/NotifyEmail/Page_span_Town Square - TEAM NAME Mattermost/span_Save' is clicked on

2021-05-30 02:39:02 - [MESSAGE][PASSED] - Call Test Case 'Test Cases/SwitchCaseTest/ChangeNotificationEmail' successfully]]></system-out>
         <system-err><![CDATA[]]></system-err>
      </testcase>
      <testcase name="Test Cases/SwitchCaseTest/NumberOfDirectMessages" time="11.244" classname="Test Cases/SwitchCaseTest/NumberOfDirectMessages" status="PASSED">
         <system-out><![CDATA[2021-05-30 02:39:02 - [TEST_CASE][PASSED] - Test Cases/SwitchCaseTest/NumberOfDirectMessages: Test Cases/SwitchCaseTest/NumberOfDirectMessages

2021-05-30 02:39:02 - [TEST_STEP][PASSED] - callTestCase(findTestCase("Common Test Cases/Login"), ["Username":"nttuan", "Password":"12345678zZ@"], STOP_ON_FAILURE): Call Test Case 'Test Cases/Common Test Cases/Login' successfully

2021-05-30 02:39:02 - [TEST_CASE][PASSED] - Test Cases/Common Test Cases/Login: Test Cases/Common Test Cases/Login

2021-05-30 02:39:02 - [TEST_STEP][PASSED] - openBrowser(""): Browser is opened with url: ''

2021-05-30 02:39:02 - [MESSAGE][WARNING] - A browser is already opened. Closing browser and opening a new one

2021-05-30 02:39:03 - [MESSAGE][INFO] - Starting 'Chrome' driver

2021-05-30 02:39:03 - [MESSAGE][INFO] - Action delay is set to 0 milliseconds

2021-05-30 02:39:04 - [MESSAGE][PASSED] - Browser is opened with url: ''

2021-05-30 02:39:04 - [TEST_STEP][PASSED] - navigateToUrl("https://chudenangcao2021.cf/"): Navigate to 'https://chudenangcao2021.cf/' successfully

2021-05-30 02:39:04 - [MESSAGE][PASSED] - Navigate to 'https://chudenangcao2021.cf/' successfully

2021-05-30 02:39:04 - [TEST_STEP][PASSED] - setText(findTestObject("Object Repository/Page_Mattermost/input_All team communication in one place, _dcc84b"), Username): Text 'nttuan' is set on object 'Object Repository/Page_Mattermost/input_All team communication in one place, _dcc84b'

2021-05-30 02:39:06 - [MESSAGE][PASSED] - Text 'nttuan' is set on object 'Object Repository/Page_Mattermost/input_All team communication in one place, _dcc84b'

2021-05-30 02:39:06 - [TEST_STEP][PASSED] - setText(findTestObject("Object Repository/Page_Mattermost/input_All team communication in one place, _a3edc6"), Password): Text '12345678zZ@' is set on object 'Object Repository/Page_Mattermost/input_All team communication in one place, _a3edc6'

2021-05-30 02:39:06 - [MESSAGE][PASSED] - Text '12345678zZ@' is set on object 'Object Repository/Page_Mattermost/input_All team communication in one place, _a3edc6'

2021-05-30 02:39:06 - [TEST_STEP][PASSED] - click(findTestObject("Object Repository/Page_Mattermost/button_Sign in")): Object: 'Object Repository/Page_Mattermost/button_Sign in' is clicked on

2021-05-30 02:39:07 - [MESSAGE][PASSED] - Object: 'Object Repository/Page_Mattermost/button_Sign in' is clicked on

2021-05-30 02:39:07 - [TEST_STEP][PASSED] - verifyLinksAccessible(["https://chudenangcao2021.cf/cdnc-cnpm-2021/channels"]): All links are accessible

2021-05-30 02:39:07 - [MESSAGE][INFO] - HAR: C:\Users\nttuan\Downloads\CDNC\mattermost-testing\Reports\20210530_023726\Run all test cases\20210530_023726\requests\main\25.har

2021-05-30 02:39:07 - [MESSAGE][PASSED] - Send request successfully

2021-05-30 02:39:07 - [MESSAGE][PASSED] - All links are accessible

2021-05-30 02:39:07 - [MESSAGE][PASSED] - Call Test Case 'Test Cases/Common Test Cases/Login' successfully

2021-05-30 02:39:07 - [TEST_STEP][PASSED] - click(findTestObject("Object Repository/SwitchCase/NumberOfDirectMessages/Page_span_Town Square - TEAM NAME Mattermost/button_nttuan_style--none sidebar-header-dr_897f13")): Object: 'Object Repository/SwitchCase/NumberOfDirectMessages/Page_span_Town Square - TEAM NAME Mattermost/button_nttuan_style--none sidebar-header-dr_897f13' is clicked on

2021-05-30 02:39:09 - [MESSAGE][PASSED] - Object: 'Object Repository/SwitchCase/NumberOfDirectMessages/Page_span_Town Square - TEAM NAME Mattermost/button_nttuan_style--none sidebar-header-dr_897f13' is clicked on

2021-05-30 02:39:09 - [TEST_STEP][PASSED] - click(findTestObject("Object Repository/SwitchCase/NumberOfDirectMessages/Page_span_Town Square - TEAM NAME Mattermost/span_Account Settings")): Object: 'Object Repository/SwitchCase/NumberOfDirectMessages/Page_span_Town Square - TEAM NAME Mattermost/span_Account Settings' is clicked on

2021-05-30 02:39:09 - [MESSAGE][PASSED] - Object: 'Object Repository/SwitchCase/NumberOfDirectMessages/Page_span_Town Square - TEAM NAME Mattermost/span_Account Settings' is clicked on

2021-05-30 02:39:09 - [TEST_STEP][PASSED] - click(findTestObject("Object Repository/SwitchCase/NumberOfDirectMessages/Page_span_Town Square - TEAM NAME Mattermost/button_Sidebar")): Object: 'Object Repository/SwitchCase/NumberOfDirectMessages/Page_span_Town Square - TEAM NAME Mattermost/button_Sidebar' is clicked on

2021-05-30 02:39:10 - [MESSAGE][PASSED] - Object: 'Object Repository/SwitchCase/NumberOfDirectMessages/Page_span_Town Square - TEAM NAME Mattermost/button_Sidebar' is clicked on

2021-05-30 02:39:10 - [TEST_STEP][PASSED] - click(findTestObject("Object Repository/SwitchCase/NumberOfDirectMessages/Page_span_Town Square - TEAM NAME Mattermost/span_Edit")): Object: 'Object Repository/SwitchCase/NumberOfDirectMessages/Page_span_Town Square - TEAM NAME Mattermost/span_Edit' is clicked on

2021-05-30 02:39:10 - [MESSAGE][PASSED] - Object: 'Object Repository/SwitchCase/NumberOfDirectMessages/Page_span_Town Square - TEAM NAME Mattermost/span_Edit' is clicked on

2021-05-30 02:39:10 - [TEST_STEP][PASSED] - click(findTestObject("SwitchCase/NumberOfDirectMessages/Page_span_Town Square - TEAM NAME Mattermost/div_All Direct Messages_css-1thkkgx")): Object: 'Object Repository/SwitchCase/NumberOfDirectMessages/Page_span_Town Square - TEAM NAME Mattermost/div_All Direct Messages_css-1thkkgx' is clicked on

2021-05-30 02:39:11 - [MESSAGE][PASSED] - Object: 'Object Repository/SwitchCase/NumberOfDirectMessages/Page_span_Town Square - TEAM NAME Mattermost/div_All Direct Messages_css-1thkkgx' is clicked on

2021-05-30 02:39:11 - [TEST_STEP][PASSED] - switch (nMessage): null

2021-05-30 02:39:11 - [TEST_STEP][PASSED] - case 40:: null

2021-05-30 02:39:11 - [TEST_STEP][PASSED] - click(findTestObject("Object Repository/SwitchCase/NumberOfDirectMessages/Page_span_Town Square - TEAM NAME Mattermost/div_20")): Object: 'Object Repository/SwitchCase/NumberOfDirectMessages/Page_span_Town Square - TEAM NAME Mattermost/div_20' is clicked on

2021-05-30 02:39:12 - [MESSAGE][PASSED] - Object: 'Object Repository/SwitchCase/NumberOfDirectMessages/Page_span_Town Square - TEAM NAME Mattermost/div_20' is clicked on

2021-05-30 02:39:12 - [TEST_STEP][PASSED] - break: null

2021-05-30 02:39:12 - [TEST_STEP][PASSED] - click(findTestObject("Object Repository/SwitchCase/NumberOfDirectMessages/Page_span_Town Square - TEAM NAME Mattermost/button_Save")): Object: 'Object Repository/SwitchCase/NumberOfDirectMessages/Page_span_Town Square - TEAM NAME Mattermost/button_Save' is clicked on

2021-05-30 02:39:12 - [MESSAGE][PASSED] - Object: 'Object Repository/SwitchCase/NumberOfDirectMessages/Page_span_Town Square - TEAM NAME Mattermost/button_Save' is clicked on

2021-05-30 02:39:12 - [TEST_STEP][PASSED] - closeBrowser(): Browser is closed

2021-05-30 02:39:13 - [MESSAGE][PASSED] - Browser is closed]]></system-out>
         <system-err><![CDATA[]]></system-err>
      </testcase>
      <testcase name="Test Cases/SwitchCaseTest/CallChangeDefaultNumberOfDirectMessage" time="10.448" classname="Test Cases/SwitchCaseTest/CallChangeDefaultNumberOfDirectMessage" status="PASSED">
         <system-out><![CDATA[2021-05-30 02:39:13 - [TEST_CASE][PASSED] - Test Cases/SwitchCaseTest/CallChangeDefaultNumberOfDirectMessage: Test Cases/SwitchCaseTest/CallChangeDefaultNumberOfDirectMessage

2021-05-30 02:39:13 - [TEST_STEP][PASSED] - callTestCase(findTestCase("SwitchCaseTest/NumberOfDirectMessages"), ["nMessage":1000], STOP_ON_FAILURE): Call Test Case 'Test Cases/SwitchCaseTest/NumberOfDirectMessages' successfully

2021-05-30 02:39:13 - [TEST_CASE][PASSED] - Test Cases/SwitchCaseTest/NumberOfDirectMessages: Test Cases/SwitchCaseTest/NumberOfDirectMessages

2021-05-30 02:39:13 - [TEST_STEP][PASSED] - callTestCase(findTestCase("Common Test Cases/Login"), ["Username":"nttuan", "Password":"12345678zZ@"], STOP_ON_FAILURE): Call Test Case 'Test Cases/Common Test Cases/Login' successfully

2021-05-30 02:39:13 - [TEST_CASE][PASSED] - Test Cases/Common Test Cases/Login: Test Cases/Common Test Cases/Login

2021-05-30 02:39:13 - [TEST_STEP][PASSED] - openBrowser(""): Browser is opened with url: ''

2021-05-30 02:39:13 - [MESSAGE][INFO] - Starting 'Chrome' driver

2021-05-30 02:39:13 - [MESSAGE][INFO] - Action delay is set to 0 milliseconds

2021-05-30 02:39:14 - [MESSAGE][PASSED] - Browser is opened with url: ''

2021-05-30 02:39:14 - [TEST_STEP][PASSED] - navigateToUrl("https://chudenangcao2021.cf/"): Navigate to 'https://chudenangcao2021.cf/' successfully

2021-05-30 02:39:15 - [MESSAGE][PASSED] - Navigate to 'https://chudenangcao2021.cf/' successfully

2021-05-30 02:39:15 - [TEST_STEP][PASSED] - setText(findTestObject("Object Repository/Page_Mattermost/input_All team communication in one place, _dcc84b"), Username): Text 'nttuan' is set on object 'Object Repository/Page_Mattermost/input_All team communication in one place, _dcc84b'

2021-05-30 02:39:16 - [MESSAGE][PASSED] - Text 'nttuan' is set on object 'Object Repository/Page_Mattermost/input_All team communication in one place, _dcc84b'

2021-05-30 02:39:16 - [TEST_STEP][PASSED] - setText(findTestObject("Object Repository/Page_Mattermost/input_All team communication in one place, _a3edc6"), Password): Text '12345678zZ@' is set on object 'Object Repository/Page_Mattermost/input_All team communication in one place, _a3edc6'

2021-05-30 02:39:17 - [MESSAGE][PASSED] - Text '12345678zZ@' is set on object 'Object Repository/Page_Mattermost/input_All team communication in one place, _a3edc6'

2021-05-30 02:39:17 - [TEST_STEP][PASSED] - click(findTestObject("Object Repository/Page_Mattermost/button_Sign in")): Object: 'Object Repository/Page_Mattermost/button_Sign in' is clicked on

2021-05-30 02:39:18 - [MESSAGE][PASSED] - Object: 'Object Repository/Page_Mattermost/button_Sign in' is clicked on

2021-05-30 02:39:18 - [TEST_STEP][PASSED] - verifyLinksAccessible(["https://chudenangcao2021.cf/cdnc-cnpm-2021/channels"]): All links are accessible

2021-05-30 02:39:18 - [MESSAGE][INFO] - HAR: C:\Users\nttuan\Downloads\CDNC\mattermost-testing\Reports\20210530_023726\Run all test cases\20210530_023726\requests\main\26.har

2021-05-30 02:39:18 - [MESSAGE][PASSED] - Send request successfully

2021-05-30 02:39:18 - [MESSAGE][PASSED] - All links are accessible

2021-05-30 02:39:18 - [MESSAGE][PASSED] - Call Test Case 'Test Cases/Common Test Cases/Login' successfully

2021-05-30 02:39:18 - [TEST_STEP][PASSED] - click(findTestObject("Object Repository/SwitchCase/NumberOfDirectMessages/Page_span_Town Square - TEAM NAME Mattermost/button_nttuan_style--none sidebar-header-dr_897f13")): Object: 'Object Repository/SwitchCase/NumberOfDirectMessages/Page_span_Town Square - TEAM NAME Mattermost/button_nttuan_style--none sidebar-header-dr_897f13' is clicked on

2021-05-30 02:39:19 - [MESSAGE][PASSED] - Object: 'Object Repository/SwitchCase/NumberOfDirectMessages/Page_span_Town Square - TEAM NAME Mattermost/button_nttuan_style--none sidebar-header-dr_897f13' is clicked on

2021-05-30 02:39:19 - [TEST_STEP][PASSED] - click(findTestObject("Object Repository/SwitchCase/NumberOfDirectMessages/Page_span_Town Square - TEAM NAME Mattermost/span_Account Settings")): Object: 'Object Repository/SwitchCase/NumberOfDirectMessages/Page_span_Town Square - TEAM NAME Mattermost/span_Account Settings' is clicked on

2021-05-30 02:39:20 - [MESSAGE][PASSED] - Object: 'Object Repository/SwitchCase/NumberOfDirectMessages/Page_span_Town Square - TEAM NAME Mattermost/span_Account Settings' is clicked on

2021-05-30 02:39:20 - [TEST_STEP][PASSED] - click(findTestObject("Object Repository/SwitchCase/NumberOfDirectMessages/Page_span_Town Square - TEAM NAME Mattermost/button_Sidebar")): Object: 'Object Repository/SwitchCase/NumberOfDirectMessages/Page_span_Town Square - TEAM NAME Mattermost/button_Sidebar' is clicked on

2021-05-30 02:39:20 - [MESSAGE][PASSED] - Object: 'Object Repository/SwitchCase/NumberOfDirectMessages/Page_span_Town Square - TEAM NAME Mattermost/button_Sidebar' is clicked on

2021-05-30 02:39:20 - [TEST_STEP][PASSED] - click(findTestObject("Object Repository/SwitchCase/NumberOfDirectMessages/Page_span_Town Square - TEAM NAME Mattermost/span_Edit")): Object: 'Object Repository/SwitchCase/NumberOfDirectMessages/Page_span_Town Square - TEAM NAME Mattermost/span_Edit' is clicked on

2021-05-30 02:39:21 - [MESSAGE][PASSED] - Object: 'Object Repository/SwitchCase/NumberOfDirectMessages/Page_span_Town Square - TEAM NAME Mattermost/span_Edit' is clicked on

2021-05-30 02:39:21 - [TEST_STEP][PASSED] - click(findTestObject("SwitchCase/NumberOfDirectMessages/Page_span_Town Square - TEAM NAME Mattermost/div_All Direct Messages_css-1thkkgx")): Object: 'Object Repository/SwitchCase/NumberOfDirectMessages/Page_span_Town Square - TEAM NAME Mattermost/div_All Direct Messages_css-1thkkgx' is clicked on

2021-05-30 02:39:21 - [MESSAGE][PASSED] - Object: 'Object Repository/SwitchCase/NumberOfDirectMessages/Page_span_Town Square - TEAM NAME Mattermost/div_All Direct Messages_css-1thkkgx' is clicked on

2021-05-30 02:39:21 - [TEST_STEP][PASSED] - switch (nMessage): Object: 'Object Repository/SwitchCase/NumberOfDirectMessages/Page_span_Town Square - TEAM NAME Mattermost/div_All Direct Messages' is clicked on

2021-05-30 02:39:21 - [TEST_STEP][PASSED] - Default: Object: 'Object Repository/SwitchCase/NumberOfDirectMessages/Page_span_Town Square - TEAM NAME Mattermost/div_All Direct Messages' is clicked on

2021-05-30 02:39:21 - [TEST_STEP][PASSED] - click(findTestObject("Object Repository/SwitchCase/NumberOfDirectMessages/Page_span_Town Square - TEAM NAME Mattermost/div_All Direct Messages")): Object: 'Object Repository/SwitchCase/NumberOfDirectMessages/Page_span_Town Square - TEAM NAME Mattermost/div_All Direct Messages' is clicked on

2021-05-30 02:39:22 - [MESSAGE][PASSED] - Object: 'Object Repository/SwitchCase/NumberOfDirectMessages/Page_span_Town Square - TEAM NAME Mattermost/div_All Direct Messages' is clicked on

2021-05-30 02:39:22 - [TEST_STEP][PASSED] - click(findTestObject("Object Repository/SwitchCase/NumberOfDirectMessages/Page_span_Town Square - TEAM NAME Mattermost/button_Save")): Object: 'Object Repository/SwitchCase/NumberOfDirectMessages/Page_span_Town Square - TEAM NAME Mattermost/button_Save' is clicked on

2021-05-30 02:39:23 - [MESSAGE][PASSED] - Object: 'Object Repository/SwitchCase/NumberOfDirectMessages/Page_span_Town Square - TEAM NAME Mattermost/button_Save' is clicked on

2021-05-30 02:39:23 - [TEST_STEP][PASSED] - closeBrowser(): Browser is closed

2021-05-30 02:39:23 - [MESSAGE][PASSED] - Browser is closed

2021-05-30 02:39:23 - [MESSAGE][PASSED] - Call Test Case 'Test Cases/SwitchCaseTest/NumberOfDirectMessages' successfully]]></system-out>
         <system-err><![CDATA[]]></system-err>
      </testcase>
      <testcase name="Test Cases/SwitchCaseTest/ReplyNotification" time="9.649" classname="Test Cases/SwitchCaseTest/ReplyNotification" status="PASSED">
         <system-out><![CDATA[2021-05-30 02:39:23 - [TEST_CASE][PASSED] - Test Cases/SwitchCaseTest/ReplyNotification: Test Cases/SwitchCaseTest/ReplyNotification

2021-05-30 02:39:24 - [TEST_STEP][PASSED] - callTestCase(findTestCase("Common Test Cases/Login"), ["Username":"nttuan", "Password":"12345678zZ@"], STOP_ON_FAILURE): Call Test Case 'Test Cases/Common Test Cases/Login' successfully

2021-05-30 02:39:24 - [TEST_CASE][PASSED] - Test Cases/Common Test Cases/Login: Test Cases/Common Test Cases/Login

2021-05-30 02:39:24 - [TEST_STEP][PASSED] - openBrowser(""): Browser is opened with url: ''

2021-05-30 02:39:24 - [MESSAGE][INFO] - Starting 'Chrome' driver

2021-05-30 02:39:24 - [MESSAGE][INFO] - Action delay is set to 0 milliseconds

2021-05-30 02:39:25 - [MESSAGE][PASSED] - Browser is opened with url: ''

2021-05-30 02:39:25 - [TEST_STEP][PASSED] - navigateToUrl("https://chudenangcao2021.cf/"): Navigate to 'https://chudenangcao2021.cf/' successfully

2021-05-30 02:39:25 - [MESSAGE][PASSED] - Navigate to 'https://chudenangcao2021.cf/' successfully

2021-05-30 02:39:25 - [TEST_STEP][PASSED] - setText(findTestObject("Object Repository/Page_Mattermost/input_All team communication in one place, _dcc84b"), Username): Text 'nttuan' is set on object 'Object Repository/Page_Mattermost/input_All team communication in one place, _dcc84b'

2021-05-30 02:39:27 - [MESSAGE][PASSED] - Text 'nttuan' is set on object 'Object Repository/Page_Mattermost/input_All team communication in one place, _dcc84b'

2021-05-30 02:39:27 - [TEST_STEP][PASSED] - setText(findTestObject("Object Repository/Page_Mattermost/input_All team communication in one place, _a3edc6"), Password): Text '12345678zZ@' is set on object 'Object Repository/Page_Mattermost/input_All team communication in one place, _a3edc6'

2021-05-30 02:39:28 - [MESSAGE][PASSED] - Text '12345678zZ@' is set on object 'Object Repository/Page_Mattermost/input_All team communication in one place, _a3edc6'

2021-05-30 02:39:28 - [TEST_STEP][PASSED] - click(findTestObject("Object Repository/Page_Mattermost/button_Sign in")): Object: 'Object Repository/Page_Mattermost/button_Sign in' is clicked on

2021-05-30 02:39:28 - [MESSAGE][PASSED] - Object: 'Object Repository/Page_Mattermost/button_Sign in' is clicked on

2021-05-30 02:39:28 - [TEST_STEP][PASSED] - verifyLinksAccessible(["https://chudenangcao2021.cf/cdnc-cnpm-2021/channels"]): All links are accessible

2021-05-30 02:39:28 - [MESSAGE][INFO] - HAR: C:\Users\nttuan\Downloads\CDNC\mattermost-testing\Reports\20210530_023726\Run all test cases\20210530_023726\requests\main\27.har

2021-05-30 02:39:28 - [MESSAGE][PASSED] - Send request successfully

2021-05-30 02:39:28 - [MESSAGE][PASSED] - All links are accessible

2021-05-30 02:39:28 - [MESSAGE][PASSED] - Call Test Case 'Test Cases/Common Test Cases/Login' successfully

2021-05-30 02:39:28 - [TEST_STEP][PASSED] - click(findTestObject("Object Repository/SwitchCase/RelyNotification/Page_span_Town Square - TEAM NAME Mattermost/svg")): Object: 'Object Repository/SwitchCase/RelyNotification/Page_span_Town Square - TEAM NAME Mattermost/svg' is clicked on

2021-05-30 02:39:30 - [MESSAGE][PASSED] - Object: 'Object Repository/SwitchCase/RelyNotification/Page_span_Town Square - TEAM NAME Mattermost/svg' is clicked on

2021-05-30 02:39:30 - [TEST_STEP][PASSED] - click(findTestObject("Object Repository/SwitchCase/RelyNotification/Page_span_Town Square - TEAM NAME Mattermost/button_Account Settings")): Object: 'Object Repository/SwitchCase/RelyNotification/Page_span_Town Square - TEAM NAME Mattermost/button_Account Settings' is clicked on

2021-05-30 02:39:30 - [MESSAGE][PASSED] - Object: 'Object Repository/SwitchCase/RelyNotification/Page_span_Town Square - TEAM NAME Mattermost/button_Account Settings' is clicked on

2021-05-30 02:39:30 - [TEST_STEP][PASSED] - click(findTestObject("Object Repository/SwitchCase/RelyNotification/Page_span_Town Square - TEAM NAME Mattermost/button_Notifications")): Object: 'Object Repository/SwitchCase/RelyNotification/Page_span_Town Square - TEAM NAME Mattermost/button_Notifications' is clicked on

2021-05-30 02:39:31 - [MESSAGE][PASSED] - Object: 'Object Repository/SwitchCase/RelyNotification/Page_span_Town Square - TEAM NAME Mattermost/button_Notifications' is clicked on

2021-05-30 02:39:31 - [TEST_STEP][PASSED] - click(findTestObject("Object Repository/SwitchCase/RelyNotification/Page_span_Town Square - TEAM NAME Mattermost/span_Edit")): Object: 'Object Repository/SwitchCase/RelyNotification/Page_span_Town Square - TEAM NAME Mattermost/span_Edit' is clicked on

2021-05-30 02:39:31 - [MESSAGE][PASSED] - Object: 'Object Repository/SwitchCase/RelyNotification/Page_span_Town Square - TEAM NAME Mattermost/span_Edit' is clicked on

2021-05-30 02:39:31 - [TEST_STEP][PASSED] - switch (replyNotificationType): null

2021-05-30 02:39:31 - [TEST_STEP][PASSED] - case "donot":: null

2021-05-30 02:39:31 - [TEST_STEP][PASSED] - click(findTestObject("Object Repository/SwitchCase/RelyNotification/Page_span_Town Square - TEAM NAME Mattermost/label_Do not trigger notifications on messa_d7ce81")): Object: 'Object Repository/SwitchCase/RelyNotification/Page_span_Town Square - TEAM NAME Mattermost/label_Do not trigger notifications on messa_d7ce81' is clicked on

2021-05-30 02:39:32 - [MESSAGE][PASSED] - Object: 'Object Repository/SwitchCase/RelyNotification/Page_span_Town Square - TEAM NAME Mattermost/label_Do not trigger notifications on messa_d7ce81' is clicked on

2021-05-30 02:39:32 - [TEST_STEP][PASSED] - break: null

2021-05-30 02:39:32 - [TEST_STEP][PASSED] - click(findTestObject("Object Repository/SwitchCase/RelyNotification/Page_span_Town Square - TEAM NAME Mattermost/button_Save")): Object: 'Object Repository/SwitchCase/RelyNotification/Page_span_Town Square - TEAM NAME Mattermost/button_Save' is clicked on

2021-05-30 02:39:32 - [MESSAGE][PASSED] - Object: 'Object Repository/SwitchCase/RelyNotification/Page_span_Town Square - TEAM NAME Mattermost/button_Save' is clicked on

2021-05-30 02:39:32 - [TEST_STEP][PASSED] - closeBrowser(): Browser is closed

2021-05-30 02:39:33 - [MESSAGE][PASSED] - Browser is closed]]></system-out>
         <system-err><![CDATA[]]></system-err>
      </testcase>
      <testcase name="Test Cases/SwitchCaseTest/TeammateNameDisplay" time="10.859" classname="Test Cases/SwitchCaseTest/TeammateNameDisplay" status="PASSED">
         <system-out><![CDATA[2021-05-30 02:39:33 - [TEST_CASE][PASSED] - Test Cases/SwitchCaseTest/TeammateNameDisplay: Test Cases/SwitchCaseTest/TeammateNameDisplay

2021-05-30 02:39:33 - [TEST_STEP][PASSED] - openBrowser(""): Browser is opened with url: ''

2021-05-30 02:39:33 - [MESSAGE][INFO] - Starting 'Chrome' driver

2021-05-30 02:39:33 - [MESSAGE][INFO] - Action delay is set to 0 milliseconds

2021-05-30 02:39:34 - [MESSAGE][PASSED] - Browser is opened with url: ''

2021-05-30 02:39:34 - [TEST_STEP][PASSED] - callTestCase(findTestCase("Test Cases/Common Test Cases/Login"), ["username":username, "password":password], STOP_ON_FAILURE): Call Test Case 'Test Cases/Common Test Cases/Login' successfully

2021-05-30 02:39:34 - [TEST_CASE][PASSED] - Test Cases/Common Test Cases/Login: Test Cases/Common Test Cases/Login

2021-05-30 02:39:34 - [TEST_STEP][PASSED] - openBrowser(""): Browser is opened with url: ''

2021-05-30 02:39:34 - [MESSAGE][WARNING] - A browser is already opened. Closing browser and opening a new one

2021-05-30 02:39:35 - [MESSAGE][INFO] - Starting 'Chrome' driver

2021-05-30 02:39:35 - [MESSAGE][INFO] - Action delay is set to 0 milliseconds

2021-05-30 02:39:36 - [MESSAGE][PASSED] - Browser is opened with url: ''

2021-05-30 02:39:36 - [TEST_STEP][PASSED] - navigateToUrl("https://chudenangcao2021.cf/"): Navigate to 'https://chudenangcao2021.cf/' successfully

2021-05-30 02:39:37 - [MESSAGE][PASSED] - Navigate to 'https://chudenangcao2021.cf/' successfully

2021-05-30 02:39:37 - [TEST_STEP][PASSED] - setText(findTestObject("Object Repository/Page_Mattermost/input_All team communication in one place, _dcc84b"), Username): Text 'Minhvu12918' is set on object 'Object Repository/Page_Mattermost/input_All team communication in one place, _dcc84b'

2021-05-30 02:39:38 - [MESSAGE][PASSED] - Text 'Minhvu12918' is set on object 'Object Repository/Page_Mattermost/input_All team communication in one place, _dcc84b'

2021-05-30 02:39:38 - [TEST_STEP][PASSED] - setText(findTestObject("Object Repository/Page_Mattermost/input_All team communication in one place, _a3edc6"), Password): Text 'Minhvuabc2@' is set on object 'Object Repository/Page_Mattermost/input_All team communication in one place, _a3edc6'

2021-05-30 02:39:39 - [MESSAGE][PASSED] - Text 'Minhvuabc2@' is set on object 'Object Repository/Page_Mattermost/input_All team communication in one place, _a3edc6'

2021-05-30 02:39:39 - [TEST_STEP][PASSED] - click(findTestObject("Object Repository/Page_Mattermost/button_Sign in")): Object: 'Object Repository/Page_Mattermost/button_Sign in' is clicked on

2021-05-30 02:39:40 - [MESSAGE][PASSED] - Object: 'Object Repository/Page_Mattermost/button_Sign in' is clicked on

2021-05-30 02:39:40 - [TEST_STEP][PASSED] - verifyLinksAccessible(["https://chudenangcao2021.cf/cdnc-cnpm-2021/channels"]): All links are accessible

2021-05-30 02:39:40 - [MESSAGE][INFO] - HAR: C:\Users\nttuan\Downloads\CDNC\mattermost-testing\Reports\20210530_023726\Run all test cases\20210530_023726\requests\main\28.har

2021-05-30 02:39:40 - [MESSAGE][PASSED] - Send request successfully

2021-05-30 02:39:40 - [MESSAGE][PASSED] - All links are accessible

2021-05-30 02:39:40 - [MESSAGE][PASSED] - Call Test Case 'Test Cases/Common Test Cases/Login' successfully

2021-05-30 02:39:40 - [TEST_STEP][PASSED] - click(findTestObject("Object Repository/SwitchCase/NotifyEmail/Page_span_Town Square - TEAM NAME Mattermost/span")): Object: 'Object Repository/SwitchCase/NotifyEmail/Page_span_Town Square - TEAM NAME Mattermost/span' is clicked on

2021-05-30 02:39:41 - [MESSAGE][PASSED] - Object: 'Object Repository/SwitchCase/NotifyEmail/Page_span_Town Square - TEAM NAME Mattermost/span' is clicked on

2021-05-30 02:39:41 - [TEST_STEP][PASSED] - click(findTestObject("Object Repository/SwitchCase/NotifyEmail/Page_span_Town Square - TEAM NAME Mattermost/button_Account Settings")): Object: 'Object Repository/SwitchCase/NotifyEmail/Page_span_Town Square - TEAM NAME Mattermost/button_Account Settings' is clicked on

2021-05-30 02:39:42 - [MESSAGE][PASSED] - Object: 'Object Repository/SwitchCase/NotifyEmail/Page_span_Town Square - TEAM NAME Mattermost/button_Account Settings' is clicked on

2021-05-30 02:39:42 - [TEST_STEP][PASSED] - click(findTestObject("Object Repository/SwitchCase/TeamMateName/button_Display")): Object: 'Object Repository/SwitchCase/TeamMateName/button_Display' is clicked on

2021-05-30 02:39:42 - [MESSAGE][PASSED] - Object: 'Object Repository/SwitchCase/TeamMateName/button_Display' is clicked on

2021-05-30 02:39:42 - [TEST_STEP][PASSED] - click(findTestObject("Object Repository/SwitchCase/TeamMateName/div_Teammate Name DisplayEditShow username")): Object: 'Object Repository/SwitchCase/TeamMateName/div_Teammate Name DisplayEditShow username' is clicked on

2021-05-30 02:39:43 - [MESSAGE][PASSED] - Object: 'Object Repository/SwitchCase/TeamMateName/div_Teammate Name DisplayEditShow username' is clicked on

2021-05-30 02:39:43 - [TEST_STEP][PASSED] - show = show: null

2021-05-30 02:39:43 - [TEST_STEP][PASSED] - switch (show): null

2021-05-30 02:39:43 - [TEST_STEP][PASSED] - case "nickname":: null

2021-05-30 02:39:43 - [TEST_STEP][PASSED] - click(findTestObject("Object Repository/SwitchCase/TeamMateName/label_Show nickname if one exists, otherwise show first and last name")): Object: 'Object Repository/SwitchCase/TeamMateName/label_Show nickname if one exists, otherwise show first and last name' is clicked on

2021-05-30 02:39:43 - [MESSAGE][PASSED] - Object: 'Object Repository/SwitchCase/TeamMateName/label_Show nickname if one exists, otherwise show first and last name' is clicked on

2021-05-30 02:39:43 - [TEST_STEP][PASSED] - break: null

2021-05-30 02:39:43 - [TEST_STEP][PASSED] - click(findTestObject("Object Repository/SwitchCase/TeamMateName/button_Save")): Object: 'Object Repository/SwitchCase/TeamMateName/button_Save' is clicked on

2021-05-30 02:39:44 - [MESSAGE][PASSED] - Object: 'Object Repository/SwitchCase/TeamMateName/button_Save' is clicked on]]></system-out>
         <system-err><![CDATA[]]></system-err>
      </testcase>
      <testcase name="Test Cases/Loop/Add members to channel" time="144.666" classname="Test Cases/Loop/Add members to channel" status="PASSED">
         <system-out><![CDATA[2021-05-30 02:39:44 - [TEST_CASE][PASSED] - Test Cases/Loop/Add members to channel: Test Cases/Loop/Add members to channel

2021-05-30 02:39:44 - [TEST_STEP][PASSED] - callTestCase(findTestCase("Common Test Cases/Login"), ["Username":"nttuan", "Password":"12345678zZ@"], STOP_ON_FAILURE): Call Test Case 'Test Cases/Common Test Cases/Login' successfully

2021-05-30 02:39:44 - [TEST_CASE][PASSED] - Test Cases/Common Test Cases/Login: Test Cases/Common Test Cases/Login

2021-05-30 02:39:44 - [TEST_STEP][PASSED] - openBrowser(""): Browser is opened with url: ''

2021-05-30 02:39:44 - [MESSAGE][WARNING] - A browser is already opened. Closing browser and opening a new one

2021-05-30 02:39:45 - [MESSAGE][INFO] - Starting 'Chrome' driver

2021-05-30 02:39:45 - [MESSAGE][INFO] - Action delay is set to 0 milliseconds

2021-05-30 02:39:46 - [MESSAGE][PASSED] - Browser is opened with url: ''

2021-05-30 02:39:46 - [TEST_STEP][PASSED] - navigateToUrl("https://chudenangcao2021.cf/"): Navigate to 'https://chudenangcao2021.cf/' successfully

2021-05-30 02:39:47 - [MESSAGE][PASSED] - Navigate to 'https://chudenangcao2021.cf/' successfully

2021-05-30 02:39:47 - [TEST_STEP][PASSED] - setText(findTestObject("Object Repository/Page_Mattermost/input_All team communication in one place, _dcc84b"), Username): Text 'nttuan' is set on object 'Object Repository/Page_Mattermost/input_All team communication in one place, _dcc84b'

2021-05-30 02:39:48 - [MESSAGE][PASSED] - Text 'nttuan' is set on object 'Object Repository/Page_Mattermost/input_All team communication in one place, _dcc84b'

2021-05-30 02:39:48 - [TEST_STEP][PASSED] - setText(findTestObject("Object Repository/Page_Mattermost/input_All team communication in one place, _a3edc6"), Password): Text '12345678zZ@' is set on object 'Object Repository/Page_Mattermost/input_All team communication in one place, _a3edc6'

2021-05-30 02:39:49 - [MESSAGE][PASSED] - Text '12345678zZ@' is set on object 'Object Repository/Page_Mattermost/input_All team communication in one place, _a3edc6'

2021-05-30 02:39:49 - [TEST_STEP][PASSED] - click(findTestObject("Object Repository/Page_Mattermost/button_Sign in")): Object: 'Object Repository/Page_Mattermost/button_Sign in' is clicked on

2021-05-30 02:39:49 - [MESSAGE][PASSED] - Object: 'Object Repository/Page_Mattermost/button_Sign in' is clicked on

2021-05-30 02:39:49 - [TEST_STEP][PASSED] - verifyLinksAccessible(["https://chudenangcao2021.cf/cdnc-cnpm-2021/channels"]): All links are accessible

2021-05-30 02:39:49 - [MESSAGE][INFO] - HAR: C:\Users\nttuan\Downloads\CDNC\mattermost-testing\Reports\20210530_023726\Run all test cases\20210530_023726\requests\main\29.har

2021-05-30 02:39:49 - [MESSAGE][PASSED] - Send request successfully

2021-05-30 02:39:49 - [MESSAGE][PASSED] - All links are accessible

2021-05-30 02:39:49 - [MESSAGE][PASSED] - Call Test Case 'Test Cases/Common Test Cases/Login' successfully

2021-05-30 02:39:49 - [TEST_STEP][PASSED] - click(findTestObject("ChanelMember/Page_Channel to test add  remove members - TEAM NAME Mattermost/span_Channel to test add  remove members")): Object: 'Object Repository/ChanelMember/Page_Channel to test add  remove members - TEAM NAME Mattermost/span_Channel to test add  remove members' is clicked on

2021-05-30 02:39:51 - [MESSAGE][PASSED] - Object: 'Object Repository/ChanelMember/Page_Channel to test add  remove members - TEAM NAME Mattermost/span_Channel to test add  remove members' is clicked on

2021-05-30 02:39:51 - [TEST_STEP][PASSED] - usernames = Arrays.asList("cxtuan", "nguyenvana", "nguyenvanb"): null

2021-05-30 02:39:51 - [TEST_STEP][FAILED] - for ([i = 0, i < usernames.size(), (i++)]): null

2021-05-30 02:39:51 - [TEST_STEP][PASSED] - username = usernames.get(i): null

2021-05-30 02:39:51 - [TEST_STEP][PASSED] - click(findTestObject("Object Repository/ChanelMember/Page_Channel to test add  remove members - _a376a4/span_Channel to test add  remove members")): Object: 'Object Repository/ChanelMember/Page_Channel to test add  remove members - _a376a4/span_Channel to test add  remove members' is clicked on

2021-05-30 02:39:52 - [MESSAGE][PASSED] - Object: 'Object Repository/ChanelMember/Page_Channel to test add  remove members - _a376a4/span_Channel to test add  remove members' is clicked on

2021-05-30 02:39:52 - [TEST_STEP][PASSED] - click(findTestObject("Object Repository/ChanelMember/Page_Channel to test add  remove members - _a376a4/span_Add Members")): Object: 'Object Repository/ChanelMember/Page_Channel to test add  remove members - _a376a4/span_Add Members' is clicked on

2021-05-30 02:39:52 - [MESSAGE][PASSED] - Object: 'Object Repository/ChanelMember/Page_Channel to test add  remove members - _a376a4/span_Add Members' is clicked on

2021-05-30 02:39:52 - [TEST_STEP][PASSED] - click(findTestObject("ChanelMember/Page_Channel to test add  remove members - _a376a4/div_Search for people")): Object: 'Object Repository/ChanelMember/Page_Channel to test add  remove members - _a376a4/div_Search for people' is clicked on

2021-05-30 02:39:53 - [MESSAGE][PASSED] - Object: 'Object Repository/ChanelMember/Page_Channel to test add  remove members - _a376a4/div_Search for people' is clicked on

2021-05-30 02:39:53 - [TEST_STEP][PASSED] - setText(findTestObject("Object Repository/ChanelMember/Page_Channel to test add  remove members - _a376a4/input_Search for people_react-select-2-input"), username): Text 'cxtuan' is set on object 'Object Repository/ChanelMember/Page_Channel to test add  remove members - _a376a4/input_Search for people_react-select-2-input'

2021-05-30 02:39:54 - [MESSAGE][PASSED] - Text 'cxtuan' is set on object 'Object Repository/ChanelMember/Page_Channel to test add  remove members - _a376a4/input_Search for people_react-select-2-input'

2021-05-30 02:39:54 - [TEST_STEP][FAILED] - try: Unable to send keys '' to object 'Object Repository/ChanelMember/Page_Channel to test add  remove members - _a376a4/div_Search for people' (Root cause: com.kms.katalon.core.exception.StepFailedException: Unable to send keys '' to object 'Object Repository/ChanelMember/Page_Channel to test add  remove members - _a376a4/div_Search for people'
	at com.kms.katalon.core.webui.keyword.internal.WebUIKeywordMain.stepFailed(WebUIKeywordMain.groovy:64)
	at com.kms.katalon.core.webui.keyword.internal.WebUIKeywordMain.runKeyword(WebUIKeywordMain.groovy:26)
	at com.kms.katalon.core.webui.keyword.builtin.SendKeysKeyword.sendKeys(SendKeysKeyword.groovy:60)
	at com.kms.katalon.core.webui.keyword.builtin.SendKeysKeyword.execute(SendKeysKeyword.groovy:38)
	at com.kms.katalon.core.keyword.internal.KeywordExecutor.executeKeywordForPlatform(KeywordExecutor.groovy:73)
	at com.kms.katalon.core.webui.keyword.WebUiBuiltInKeywords.sendKeys(WebUiBuiltInKeywords.groovy:863)
	at com.kms.katalon.core.webui.keyword.WebUiBuiltInKeywords$sendKeys$7.call(Unknown Source)
	at Add members to channel.run(Add members to channel:44)
	at com.kms.katalon.core.main.ScriptEngine.run(ScriptEngine.java:194)
	at com.kms.katalon.core.main.ScriptEngine.runScriptAsRawText(ScriptEngine.java:119)
	at com.kms.katalon.core.main.TestCaseExecutor.runScript(TestCaseExecutor.java:398)
	at com.kms.katalon.core.main.TestCaseExecutor.doExecute(TestCaseExecutor.java:389)
	at com.kms.katalon.core.main.TestCaseExecutor.processExecutionPhase(TestCaseExecutor.java:368)
	at com.kms.katalon.core.main.TestCaseExecutor.accessMainPhase(TestCaseExecutor.java:360)
	at com.kms.katalon.core.main.TestCaseExecutor.execute(TestCaseExecutor.java:255)
	at com.kms.katalon.core.main.TestSuiteExecutor.accessTestCaseMainPhase(TestSuiteExecutor.java:203)
	at com.kms.katalon.core.main.TestSuiteExecutor.accessTestSuiteMainPhase(TestSuiteExecutor.java:152)
	at com.kms.katalon.core.main.TestSuiteExecutor.execute(TestSuiteExecutor.java:95)
	at com.kms.katalon.core.main.TestCaseMain.startTestSuite(TestCaseMain.java:157)
	at com.kms.katalon.core.main.TestCaseMain$startTestSuite$0.call(Unknown Source)
	at TempTestSuite1622342246554.run(TempTestSuite1622342246554.groovy:39)
Caused by: org.openqa.selenium.ElementNotInteractableException: element not interactable
  (Session info: chrome=91.0.4472.77)
Build info: version: '3.141.59', revision: 'e82be7d358', time: '2018-11-14T08:25:53'
System info: host: 'WIN-SERVER-2019', ip: '10.1.0.4', os.name: 'Windows Server 2019', os.arch: 'amd64', os.version: '10.0', java.version: '1.8.0_282'
Driver info: com.kms.katalon.selenium.driver.CChromeDriver
Capabilities {acceptInsecureCerts: false, browserName: chrome, browserVersion: 91.0.4472.77, chrome: {chromedriverVersion: 90.0.4430.24 (4c6d850f087da..., userDataDir: C:\Users\nttuan\AppData\Loc...}, goog:chromeOptions: {debuggerAddress: localhost:52155}, javascriptEnabled: true, networkConnectionEnabled: false, pageLoadStrategy: normal, platform: WINDOWS, platformName: WINDOWS, proxy: Proxy(), setWindowRect: true, strictFileInteractability: false, timeouts: {implicit: 0, pageLoad: 300000, script: 30000}, unhandledPromptBehavior: dismiss and notify, webauthn:extension:largeBlob: true, webauthn:virtualAuthenticators: true}
Session ID: 3a7975dc30534c841e2169e4fcfbf3ae
	at org.openqa.selenium.remote.http.W3CHttpResponseCodec.createException(W3CHttpResponseCodec.java:187)
	at org.openqa.selenium.remote.http.W3CHttpResponseCodec.decode(W3CHttpResponseCodec.java:122)
	at org.openqa.selenium.remote.http.W3CHttpResponseCodec.decode(W3CHttpResponseCodec.java:49)
	at org.openqa.selenium.remote.HttpCommandExecutor.execute(HttpCommandExecutor.java:158)
	at org.openqa.selenium.remote.service.DriverCommandExecutor.execute(DriverCommandExecutor.java:83)
	at org.openqa.selenium.remote.RemoteWebDriver.execute(RemoteWebDriver.java:552)
	at com.kms.katalon.selenium.driver.CChromeDriver.execute(CChromeDriver.java:19)
	at org.openqa.selenium.remote.RemoteWebElement.execute(RemoteWebElement.java:285)
	at org.openqa.selenium.remote.RemoteWebElement.sendKeys(RemoteWebElement.java:106)
	at org.openqa.selenium.support.events.EventFiringWebDriver$EventFiringWebElement.lambda$new$0(EventFiringWebDriver.java:404)
	at com.sun.proxy.$Proxy17.sendKeys(Unknown Source)
	at org.openqa.selenium.support.events.EventFiringWebDriver$EventFiringWebElement.sendKeys(EventFiringWebDriver.java:429)
	at com.kms.katalon.core.webui.keyword.builtin.SendKeysKeyword$_sendKeys_closure1.doCall(SendKeysKeyword.groovy:53)
	at com.kms.katalon.core.webui.keyword.builtin.SendKeysKeyword$_sendKeys_closure1.call(SendKeysKeyword.groovy)
	at com.kms.katalon.core.webui.keyword.internal.WebUIKeywordMain.runKeyword(WebUIKeywordMain.groovy:20)
	at com.kms.katalon.core.webui.keyword.builtin.SendKeysKeyword.sendKeys(SendKeysKeyword.groovy:60)
	at com.kms.katalon.core.webui.keyword.builtin.SendKeysKeyword.execute(SendKeysKeyword.groovy:38)
	at com.kms.katalon.core.keyword.internal.KeywordExecutor.executeKeywordForPlatform(KeywordExecutor.groovy:73)
	at com.kms.katalon.core.webui.keyword.WebUiBuiltInKeywords.sendKeys(WebUiBuiltInKeywords.groovy:863)
	at com.kms.katalon.core.webui.keyword.WebUiBuiltInKeywords$sendKeys$7.call(Unknown Source)
	at Script1622167440372.run(Script1622167440372.groovy:44)
	... 13 more
)

2021-05-30 02:39:54 - [TEST_STEP][PASSED] - verifyTextNotPresent("No results found matching", false): Text 'No results found matching' is not present on page

2021-05-30 02:39:55 - [MESSAGE][PASSED] - Text 'No results found matching' is not present on page

2021-05-30 02:39:55 - [TEST_STEP][FAILED] - sendKeys(findTestObject("ChanelMember/Page_Channel to test add  remove members - _a376a4/div_Search for people"), Keys.chord(ENTER)): Unable to send keys '' to object 'Object Repository/ChanelMember/Page_Channel to test add  remove members - _a376a4/div_Search for people' (Root cause: com.kms.katalon.core.exception.StepFailedException: Unable to send keys '' to object 'Object Repository/ChanelMember/Page_Channel to test add  remove members - _a376a4/div_Search for people'
	at com.kms.katalon.core.webui.keyword.internal.WebUIKeywordMain.stepFailed(WebUIKeywordMain.groovy:64)
	at com.kms.katalon.core.webui.keyword.internal.WebUIKeywordMain.runKeyword(WebUIKeywordMain.groovy:26)
	at com.kms.katalon.core.webui.keyword.builtin.SendKeysKeyword.sendKeys(SendKeysKeyword.groovy:60)
	at com.kms.katalon.core.webui.keyword.builtin.SendKeysKeyword.execute(SendKeysKeyword.groovy:38)
	at com.kms.katalon.core.keyword.internal.KeywordExecutor.executeKeywordForPlatform(KeywordExecutor.groovy:73)
	at com.kms.katalon.core.webui.keyword.WebUiBuiltInKeywords.sendKeys(WebUiBuiltInKeywords.groovy:863)
	at com.kms.katalon.core.webui.keyword.WebUiBuiltInKeywords$sendKeys$7.call(Unknown Source)
	at Add members to channel.run(Add members to channel:44)
	at com.kms.katalon.core.main.ScriptEngine.run(ScriptEngine.java:194)
	at com.kms.katalon.core.main.ScriptEngine.runScriptAsRawText(ScriptEngine.java:119)
	at com.kms.katalon.core.main.TestCaseExecutor.runScript(TestCaseExecutor.java:398)
	at com.kms.katalon.core.main.TestCaseExecutor.doExecute(TestCaseExecutor.java:389)
	at com.kms.katalon.core.main.TestCaseExecutor.processExecutionPhase(TestCaseExecutor.java:368)
	at com.kms.katalon.core.main.TestCaseExecutor.accessMainPhase(TestCaseExecutor.java:360)
	at com.kms.katalon.core.main.TestCaseExecutor.execute(TestCaseExecutor.java:255)
	at com.kms.katalon.core.main.TestSuiteExecutor.accessTestCaseMainPhase(TestSuiteExecutor.java:203)
	at com.kms.katalon.core.main.TestSuiteExecutor.accessTestSuiteMainPhase(TestSuiteExecutor.java:152)
	at com.kms.katalon.core.main.TestSuiteExecutor.execute(TestSuiteExecutor.java:95)
	at com.kms.katalon.core.main.TestCaseMain.startTestSuite(TestCaseMain.java:157)
	at com.kms.katalon.core.main.TestCaseMain$startTestSuite$0.call(Unknown Source)
	at TempTestSuite1622342246554.run(TempTestSuite1622342246554.groovy:39)
Caused by: org.openqa.selenium.ElementNotInteractableException: element not interactable
  (Session info: chrome=91.0.4472.77)
Build info: version: '3.141.59', revision: 'e82be7d358', time: '2018-11-14T08:25:53'
System info: host: 'WIN-SERVER-2019', ip: '10.1.0.4', os.name: 'Windows Server 2019', os.arch: 'amd64', os.version: '10.0', java.version: '1.8.0_282'
Driver info: com.kms.katalon.selenium.driver.CChromeDriver
Capabilities {acceptInsecureCerts: false, browserName: chrome, browserVersion: 91.0.4472.77, chrome: {chromedriverVersion: 90.0.4430.24 (4c6d850f087da..., userDataDir: C:\Users\nttuan\AppData\Loc...}, goog:chromeOptions: {debuggerAddress: localhost:52155}, javascriptEnabled: true, networkConnectionEnabled: false, pageLoadStrategy: normal, platform: WINDOWS, platformName: WINDOWS, proxy: Proxy(), setWindowRect: true, strictFileInteractability: false, timeouts: {implicit: 0, pageLoad: 300000, script: 30000}, unhandledPromptBehavior: dismiss and notify, webauthn:extension:largeBlob: true, webauthn:virtualAuthenticators: true}
Session ID: 3a7975dc30534c841e2169e4fcfbf3ae
	at org.openqa.selenium.remote.http.W3CHttpResponseCodec.createException(W3CHttpResponseCodec.java:187)
	at org.openqa.selenium.remote.http.W3CHttpResponseCodec.decode(W3CHttpResponseCodec.java:122)
	at org.openqa.selenium.remote.http.W3CHttpResponseCodec.decode(W3CHttpResponseCodec.java:49)
	at org.openqa.selenium.remote.HttpCommandExecutor.execute(HttpCommandExecutor.java:158)
	at org.openqa.selenium.remote.service.DriverCommandExecutor.execute(DriverCommandExecutor.java:83)
	at org.openqa.selenium.remote.RemoteWebDriver.execute(RemoteWebDriver.java:552)
	at com.kms.katalon.selenium.driver.CChromeDriver.execute(CChromeDriver.java:19)
	at org.openqa.selenium.remote.RemoteWebElement.execute(RemoteWebElement.java:285)
	at org.openqa.selenium.remote.RemoteWebElement.sendKeys(RemoteWebElement.java:106)
	at org.openqa.selenium.support.events.EventFiringWebDriver$EventFiringWebElement.lambda$new$0(EventFiringWebDriver.java:404)
	at com.sun.proxy.$Proxy17.sendKeys(Unknown Source)
	at org.openqa.selenium.support.events.EventFiringWebDriver$EventFiringWebElement.sendKeys(EventFiringWebDriver.java:429)
	at com.kms.katalon.core.webui.keyword.builtin.SendKeysKeyword$_sendKeys_closure1.doCall(SendKeysKeyword.groovy:53)
	at com.kms.katalon.core.webui.keyword.builtin.SendKeysKeyword$_sendKeys_closure1.call(SendKeysKeyword.groovy)
	at com.kms.katalon.core.webui.keyword.internal.WebUIKeywordMain.runKeyword(WebUIKeywordMain.groovy:20)
	at com.kms.katalon.core.webui.keyword.builtin.SendKeysKeyword.sendKeys(SendKeysKeyword.groovy:60)
	at com.kms.katalon.core.webui.keyword.builtin.SendKeysKeyword.execute(SendKeysKeyword.groovy:38)
	at com.kms.katalon.core.keyword.internal.KeywordExecutor.executeKeywordForPlatform(KeywordExecutor.groovy:73)
	at com.kms.katalon.core.webui.keyword.WebUiBuiltInKeywords.sendKeys(WebUiBuiltInKeywords.groovy:863)
	at com.kms.katalon.core.webui.keyword.WebUiBuiltInKeywords$sendKeys$7.call(Unknown Source)
	at Script1622167440372.run(Script1622167440372.groovy:44)
	... 13 more
)

2021-05-30 02:39:55 - [MESSAGE][FAILED] - Unable to send keys '' to object 'Object Repository/ChanelMember/Page_Channel to test add  remove members - _a376a4/div_Search for people' (Root cause: com.kms.katalon.core.exception.StepFailedException: Unable to send keys '' to object 'Object Repository/ChanelMember/Page_Channel to test add  remove members - _a376a4/div_Search for people'
	at com.kms.katalon.core.webui.keyword.internal.WebUIKeywordMain.stepFailed(WebUIKeywordMain.groovy:64)
	at com.kms.katalon.core.webui.keyword.internal.WebUIKeywordMain.runKeyword(WebUIKeywordMain.groovy:26)
	at com.kms.katalon.core.webui.keyword.builtin.SendKeysKeyword.sendKeys(SendKeysKeyword.groovy:60)
	at com.kms.katalon.core.webui.keyword.builtin.SendKeysKeyword.execute(SendKeysKeyword.groovy:38)
	at com.kms.katalon.core.keyword.internal.KeywordExecutor.executeKeywordForPlatform(KeywordExecutor.groovy:73)
	at com.kms.katalon.core.webui.keyword.WebUiBuiltInKeywords.sendKeys(WebUiBuiltInKeywords.groovy:863)
	at com.kms.katalon.core.webui.keyword.WebUiBuiltInKeywords$sendKeys$7.call(Unknown Source)
	at Add members to channel.run(Add members to channel:44)
	at com.kms.katalon.core.main.ScriptEngine.run(ScriptEngine.java:194)
	at com.kms.katalon.core.main.ScriptEngine.runScriptAsRawText(ScriptEngine.java:119)
	at com.kms.katalon.core.main.TestCaseExecutor.runScript(TestCaseExecutor.java:398)
	at com.kms.katalon.core.main.TestCaseExecutor.doExecute(TestCaseExecutor.java:389)
	at com.kms.katalon.core.main.TestCaseExecutor.processExecutionPhase(TestCaseExecutor.java:368)
	at com.kms.katalon.core.main.TestCaseExecutor.accessMainPhase(TestCaseExecutor.java:360)
	at com.kms.katalon.core.main.TestCaseExecutor.execute(TestCaseExecutor.java:255)
	at com.kms.katalon.core.main.TestSuiteExecutor.accessTestCaseMainPhase(TestSuiteExecutor.java:203)
	at com.kms.katalon.core.main.TestSuiteExecutor.accessTestSuiteMainPhase(TestSuiteExecutor.java:152)
	at com.kms.katalon.core.main.TestSuiteExecutor.execute(TestSuiteExecutor.java:95)
	at com.kms.katalon.core.main.TestCaseMain.startTestSuite(TestCaseMain.java:157)
	at com.kms.katalon.core.main.TestCaseMain$startTestSuite$0.call(Unknown Source)
	at TempTestSuite1622342246554.run(TempTestSuite1622342246554.groovy:39)
Caused by: org.openqa.selenium.ElementNotInteractableException: element not interactable
  (Session info: chrome=91.0.4472.77)
Build info: version: '3.141.59', revision: 'e82be7d358', time: '2018-11-14T08:25:53'
System info: host: 'WIN-SERVER-2019', ip: '10.1.0.4', os.name: 'Windows Server 2019', os.arch: 'amd64', os.version: '10.0', java.version: '1.8.0_282'
Driver info: com.kms.katalon.selenium.driver.CChromeDriver
Capabilities {acceptInsecureCerts: false, browserName: chrome, browserVersion: 91.0.4472.77, chrome: {chromedriverVersion: 90.0.4430.24 (4c6d850f087da..., userDataDir: C:\Users\nttuan\AppData\Loc...}, goog:chromeOptions: {debuggerAddress: localhost:52155}, javascriptEnabled: true, networkConnectionEnabled: false, pageLoadStrategy: normal, platform: WINDOWS, platformName: WINDOWS, proxy: Proxy(), setWindowRect: true, strictFileInteractability: false, timeouts: {implicit: 0, pageLoad: 300000, script: 30000}, unhandledPromptBehavior: dismiss and notify, webauthn:extension:largeBlob: true, webauthn:virtualAuthenticators: true}
Session ID: 3a7975dc30534c841e2169e4fcfbf3ae
	at org.openqa.selenium.remote.http.W3CHttpResponseCodec.createException(W3CHttpResponseCodec.java:187)
	at org.openqa.selenium.remote.http.W3CHttpResponseCodec.decode(W3CHttpResponseCodec.java:122)
	at org.openqa.selenium.remote.http.W3CHttpResponseCodec.decode(W3CHttpResponseCodec.java:49)
	at org.openqa.selenium.remote.HttpCommandExecutor.execute(HttpCommandExecutor.java:158)
	at org.openqa.selenium.remote.service.DriverCommandExecutor.execute(DriverCommandExecutor.java:83)
	at org.openqa.selenium.remote.RemoteWebDriver.execute(RemoteWebDriver.java:552)
	at com.kms.katalon.selenium.driver.CChromeDriver.execute(CChromeDriver.java:19)
	at org.openqa.selenium.remote.RemoteWebElement.execute(RemoteWebElement.java:285)
	at org.openqa.selenium.remote.RemoteWebElement.sendKeys(RemoteWebElement.java:106)
	at org.openqa.selenium.support.events.EventFiringWebDriver$EventFiringWebElement.lambda$new$0(EventFiringWebDriver.java:404)
	at com.sun.proxy.$Proxy17.sendKeys(Unknown Source)
	at org.openqa.selenium.support.events.EventFiringWebDriver$EventFiringWebElement.sendKeys(EventFiringWebDriver.java:429)
	at com.kms.katalon.core.webui.keyword.builtin.SendKeysKeyword$_sendKeys_closure1.doCall(SendKeysKeyword.groovy:53)
	at com.kms.katalon.core.webui.keyword.builtin.SendKeysKeyword$_sendKeys_closure1.call(SendKeysKeyword.groovy)
	at com.kms.katalon.core.webui.keyword.internal.WebUIKeywordMain.runKeyword(WebUIKeywordMain.groovy:20)
	at com.kms.katalon.core.webui.keyword.builtin.SendKeysKeyword.sendKeys(SendKeysKeyword.groovy:60)
	at com.kms.katalon.core.webui.keyword.builtin.SendKeysKeyword.execute(SendKeysKeyword.groovy:38)
	at com.kms.katalon.core.keyword.internal.KeywordExecutor.executeKeywordForPlatform(KeywordExecutor.groovy:73)
	at com.kms.katalon.core.webui.keyword.WebUiBuiltInKeywords.sendKeys(WebUiBuiltInKeywords.groovy:863)
	at com.kms.katalon.core.webui.keyword.WebUiBuiltInKeywords$sendKeys$7.call(Unknown Source)
	at Script1622167440372.run(Script1622167440372.groovy:44)
	... 13 more
)
[[ATTACHMENT|C:\\Users\\nttuan\\Downloads\\CDNC\\mattermost-testing\\Reports\\20210530_023726\\Run all test cases\\20210530_023726\\1622342395538.png]]

2021-05-30 02:39:55 - [TEST_STEP][PASSED] - catch (Exception e): Object: 'Object Repository/ChanelMember/Page_Channel to test add  remove members - TEAM NAME Mattermost/div_CloseAdd search' is clicked on

2021-05-30 02:39:55 - [TEST_STEP][PASSED] - click(findTestObject("ChanelMember/Page_Channel to test add  remove members - TEAM NAME Mattermost/div_CloseAdd search")): Object: 'Object Repository/ChanelMember/Page_Channel to test add  remove members - TEAM NAME Mattermost/div_CloseAdd search' is clicked on

2021-05-30 02:39:56 - [MESSAGE][PASSED] - Object: 'Object Repository/ChanelMember/Page_Channel to test add  remove members - TEAM NAME Mattermost/div_CloseAdd search' is clicked on

2021-05-30 02:39:56 - [TEST_STEP][PASSED] - username = usernames.get(i): null

2021-05-30 02:39:56 - [TEST_STEP][PASSED] - click(findTestObject("Object Repository/ChanelMember/Page_Channel to test add  remove members - _a376a4/span_Channel to test add  remove members")): Object: 'Object Repository/ChanelMember/Page_Channel to test add  remove members - _a376a4/span_Channel to test add  remove members' is clicked on

2021-05-30 02:39:56 - [MESSAGE][PASSED] - Object: 'Object Repository/ChanelMember/Page_Channel to test add  remove members - _a376a4/span_Channel to test add  remove members' is clicked on

2021-05-30 02:39:56 - [TEST_STEP][PASSED] - click(findTestObject("Object Repository/ChanelMember/Page_Channel to test add  remove members - _a376a4/span_Add Members")): Object: 'Object Repository/ChanelMember/Page_Channel to test add  remove members - _a376a4/span_Add Members' is clicked on

2021-05-30 02:39:56 - [MESSAGE][PASSED] - Object: 'Object Repository/ChanelMember/Page_Channel to test add  remove members - _a376a4/span_Add Members' is clicked on

2021-05-30 02:39:56 - [TEST_STEP][PASSED] - click(findTestObject("ChanelMember/Page_Channel to test add  remove members - _a376a4/div_Search for people")): Object: 'Object Repository/ChanelMember/Page_Channel to test add  remove members - _a376a4/div_Search for people' is clicked on

2021-05-30 02:39:57 - [MESSAGE][PASSED] - Object: 'Object Repository/ChanelMember/Page_Channel to test add  remove members - _a376a4/div_Search for people' is clicked on

2021-05-30 02:39:57 - [TEST_STEP][PASSED] - setText(findTestObject("Object Repository/ChanelMember/Page_Channel to test add  remove members - _a376a4/input_Search for people_react-select-2-input"), username): Text 'nguyenvana' is set on object 'Object Repository/ChanelMember/Page_Channel to test add  remove members - _a376a4/input_Search for people_react-select-2-input'

2021-05-30 02:40:28 - [MESSAGE][INFO] - Unable to find the element located by 'By.xpath: //input[@id='react-select-2-input']'. Please recheck the objects properties to make sure the desired element is located. 

2021-05-30 02:40:28 - [MESSAGE][WARNING] - [SELF-HEALING] Failed to find element with id 'Object Repository/ChanelMember/Page_Channel to test add  remove members - _a376a4/input_Search for people_react-select-2-input'. Try using Self-healing.

2021-05-30 02:40:28 - [MESSAGE][WARNING] - [SELF-HEALING] The current locator of test object 'Object Repository/ChanelMember/Page_Channel to test add  remove members - _a376a4/input_Search for people_react-select-2-input' was broken. Propose an alternative one: '//div[@id='selectItems']/div/div/div[2]/div/input'.

2021-05-30 02:41:00 - [MESSAGE][INFO] - Unable to find the element located by 'By.xpath: //input[@id='react-select-2-input']'. Please recheck the objects properties to make sure the desired element is located. 

2021-05-30 02:41:00 - [MESSAGE][WARNING] - [SELF-HEALING] Failed to find element with id 'Object Repository/ChanelMember/Page_Channel to test add  remove members - _a376a4/input_Search for people_react-select-2-input'. Try using Self-healing.

2021-05-30 02:41:00 - [MESSAGE][WARNING] - [SELF-HEALING] The current locator of test object 'Object Repository/ChanelMember/Page_Channel to test add  remove members - _a376a4/input_Search for people_react-select-2-input' was broken. Propose an alternative one: '//div[@id='selectItems']/div/div/div[2]/div/input'.

2021-05-30 02:41:00 - [MESSAGE][PASSED] - Text 'nguyenvana' is set on object 'Object Repository/ChanelMember/Page_Channel to test add  remove members - _a376a4/input_Search for people_react-select-2-input'

2021-05-30 02:41:00 - [TEST_STEP][FAILED] - try: Unable to send keys '' to object 'Object Repository/ChanelMember/Page_Channel to test add  remove members - _a376a4/div_Search for people' (Root cause: com.kms.katalon.core.exception.StepFailedException: Unable to send keys '' to object 'Object Repository/ChanelMember/Page_Channel to test add  remove members - _a376a4/div_Search for people'
	at com.kms.katalon.core.webui.keyword.internal.WebUIKeywordMain.stepFailed(WebUIKeywordMain.groovy:64)
	at com.kms.katalon.core.webui.keyword.internal.WebUIKeywordMain.runKeyword(WebUIKeywordMain.groovy:26)
	at com.kms.katalon.core.webui.keyword.builtin.SendKeysKeyword.sendKeys(SendKeysKeyword.groovy:60)
	at com.kms.katalon.core.webui.keyword.builtin.SendKeysKeyword.execute(SendKeysKeyword.groovy:38)
	at com.kms.katalon.core.keyword.internal.KeywordExecutor.executeKeywordForPlatform(KeywordExecutor.groovy:73)
	at com.kms.katalon.core.webui.keyword.WebUiBuiltInKeywords.sendKeys(WebUiBuiltInKeywords.groovy:863)
	at com.kms.katalon.core.webui.keyword.WebUiBuiltInKeywords$sendKeys$7.call(Unknown Source)
	at Add members to channel.run(Add members to channel:44)
	at com.kms.katalon.core.main.ScriptEngine.run(ScriptEngine.java:194)
	at com.kms.katalon.core.main.ScriptEngine.runScriptAsRawText(ScriptEngine.java:119)
	at com.kms.katalon.core.main.TestCaseExecutor.runScript(TestCaseExecutor.java:398)
	at com.kms.katalon.core.main.TestCaseExecutor.doExecute(TestCaseExecutor.java:389)
	at com.kms.katalon.core.main.TestCaseExecutor.processExecutionPhase(TestCaseExecutor.java:368)
	at com.kms.katalon.core.main.TestCaseExecutor.accessMainPhase(TestCaseExecutor.java:360)
	at com.kms.katalon.core.main.TestCaseExecutor.execute(TestCaseExecutor.java:255)
	at com.kms.katalon.core.main.TestSuiteExecutor.accessTestCaseMainPhase(TestSuiteExecutor.java:203)
	at com.kms.katalon.core.main.TestSuiteExecutor.accessTestSuiteMainPhase(TestSuiteExecutor.java:152)
	at com.kms.katalon.core.main.TestSuiteExecutor.execute(TestSuiteExecutor.java:95)
	at com.kms.katalon.core.main.TestCaseMain.startTestSuite(TestCaseMain.java:157)
	at com.kms.katalon.core.main.TestCaseMain$startTestSuite$0.call(Unknown Source)
	at TempTestSuite1622342246554.run(TempTestSuite1622342246554.groovy:39)
Caused by: org.openqa.selenium.ElementNotInteractableException: element not interactable
  (Session info: chrome=91.0.4472.77)
Build info: version: '3.141.59', revision: 'e82be7d358', time: '2018-11-14T08:25:53'
System info: host: 'WIN-SERVER-2019', ip: '10.1.0.4', os.name: 'Windows Server 2019', os.arch: 'amd64', os.version: '10.0', java.version: '1.8.0_282'
Driver info: com.kms.katalon.selenium.driver.CChromeDriver
Capabilities {acceptInsecureCerts: false, browserName: chrome, browserVersion: 91.0.4472.77, chrome: {chromedriverVersion: 90.0.4430.24 (4c6d850f087da..., userDataDir: C:\Users\nttuan\AppData\Loc...}, goog:chromeOptions: {debuggerAddress: localhost:52155}, javascriptEnabled: true, networkConnectionEnabled: false, pageLoadStrategy: normal, platform: WINDOWS, platformName: WINDOWS, proxy: Proxy(), setWindowRect: true, strictFileInteractability: false, timeouts: {implicit: 0, pageLoad: 300000, script: 30000}, unhandledPromptBehavior: dismiss and notify, webauthn:extension:largeBlob: true, webauthn:virtualAuthenticators: true}
Session ID: 3a7975dc30534c841e2169e4fcfbf3ae
	at org.openqa.selenium.remote.http.W3CHttpResponseCodec.createException(W3CHttpResponseCodec.java:187)
	at org.openqa.selenium.remote.http.W3CHttpResponseCodec.decode(W3CHttpResponseCodec.java:122)
	at org.openqa.selenium.remote.http.W3CHttpResponseCodec.decode(W3CHttpResponseCodec.java:49)
	at org.openqa.selenium.remote.HttpCommandExecutor.execute(HttpCommandExecutor.java:158)
	at org.openqa.selenium.remote.service.DriverCommandExecutor.execute(DriverCommandExecutor.java:83)
	at org.openqa.selenium.remote.RemoteWebDriver.execute(RemoteWebDriver.java:552)
	at com.kms.katalon.selenium.driver.CChromeDriver.execute(CChromeDriver.java:19)
	at org.openqa.selenium.remote.RemoteWebElement.execute(RemoteWebElement.java:285)
	at org.openqa.selenium.remote.RemoteWebElement.sendKeys(RemoteWebElement.java:106)
	at org.openqa.selenium.support.events.EventFiringWebDriver$EventFiringWebElement.lambda$new$0(EventFiringWebDriver.java:404)
	at com.sun.proxy.$Proxy17.sendKeys(Unknown Source)
	at org.openqa.selenium.support.events.EventFiringWebDriver$EventFiringWebElement.sendKeys(EventFiringWebDriver.java:429)
	at com.kms.katalon.core.webui.keyword.builtin.SendKeysKeyword$_sendKeys_closure1.doCall(SendKeysKeyword.groovy:53)
	at com.kms.katalon.core.webui.keyword.builtin.SendKeysKeyword$_sendKeys_closure1.call(SendKeysKeyword.groovy)
	at com.kms.katalon.core.webui.keyword.internal.WebUIKeywordMain.runKeyword(WebUIKeywordMain.groovy:20)
	at com.kms.katalon.core.webui.keyword.builtin.SendKeysKeyword.sendKeys(SendKeysKeyword.groovy:60)
	at com.kms.katalon.core.webui.keyword.builtin.SendKeysKeyword.execute(SendKeysKeyword.groovy:38)
	at com.kms.katalon.core.keyword.internal.KeywordExecutor.executeKeywordForPlatform(KeywordExecutor.groovy:73)
	at com.kms.katalon.core.webui.keyword.WebUiBuiltInKeywords.sendKeys(WebUiBuiltInKeywords.groovy:863)
	at com.kms.katalon.core.webui.keyword.WebUiBuiltInKeywords$sendKeys$7.call(Unknown Source)
	at Script1622167440372.run(Script1622167440372.groovy:44)
	... 13 more
)

2021-05-30 02:41:00 - [TEST_STEP][PASSED] - verifyTextNotPresent("No results found matching", false): Text 'No results found matching' is not present on page

2021-05-30 02:41:01 - [MESSAGE][PASSED] - Text 'No results found matching' is not present on page

2021-05-30 02:41:01 - [TEST_STEP][FAILED] - sendKeys(findTestObject("ChanelMember/Page_Channel to test add  remove members - _a376a4/div_Search for people"), Keys.chord(ENTER)): Unable to send keys '' to object 'Object Repository/ChanelMember/Page_Channel to test add  remove members - _a376a4/div_Search for people' (Root cause: com.kms.katalon.core.exception.StepFailedException: Unable to send keys '' to object 'Object Repository/ChanelMember/Page_Channel to test add  remove members - _a376a4/div_Search for people'
	at com.kms.katalon.core.webui.keyword.internal.WebUIKeywordMain.stepFailed(WebUIKeywordMain.groovy:64)
	at com.kms.katalon.core.webui.keyword.internal.WebUIKeywordMain.runKeyword(WebUIKeywordMain.groovy:26)
	at com.kms.katalon.core.webui.keyword.builtin.SendKeysKeyword.sendKeys(SendKeysKeyword.groovy:60)
	at com.kms.katalon.core.webui.keyword.builtin.SendKeysKeyword.execute(SendKeysKeyword.groovy:38)
	at com.kms.katalon.core.keyword.internal.KeywordExecutor.executeKeywordForPlatform(KeywordExecutor.groovy:73)
	at com.kms.katalon.core.webui.keyword.WebUiBuiltInKeywords.sendKeys(WebUiBuiltInKeywords.groovy:863)
	at com.kms.katalon.core.webui.keyword.WebUiBuiltInKeywords$sendKeys$7.call(Unknown Source)
	at Add members to channel.run(Add members to channel:44)
	at com.kms.katalon.core.main.ScriptEngine.run(ScriptEngine.java:194)
	at com.kms.katalon.core.main.ScriptEngine.runScriptAsRawText(ScriptEngine.java:119)
	at com.kms.katalon.core.main.TestCaseExecutor.runScript(TestCaseExecutor.java:398)
	at com.kms.katalon.core.main.TestCaseExecutor.doExecute(TestCaseExecutor.java:389)
	at com.kms.katalon.core.main.TestCaseExecutor.processExecutionPhase(TestCaseExecutor.java:368)
	at com.kms.katalon.core.main.TestCaseExecutor.accessMainPhase(TestCaseExecutor.java:360)
	at com.kms.katalon.core.main.TestCaseExecutor.execute(TestCaseExecutor.java:255)
	at com.kms.katalon.core.main.TestSuiteExecutor.accessTestCaseMainPhase(TestSuiteExecutor.java:203)
	at com.kms.katalon.core.main.TestSuiteExecutor.accessTestSuiteMainPhase(TestSuiteExecutor.java:152)
	at com.kms.katalon.core.main.TestSuiteExecutor.execute(TestSuiteExecutor.java:95)
	at com.kms.katalon.core.main.TestCaseMain.startTestSuite(TestCaseMain.java:157)
	at com.kms.katalon.core.main.TestCaseMain$startTestSuite$0.call(Unknown Source)
	at TempTestSuite1622342246554.run(TempTestSuite1622342246554.groovy:39)
Caused by: org.openqa.selenium.ElementNotInteractableException: element not interactable
  (Session info: chrome=91.0.4472.77)
Build info: version: '3.141.59', revision: 'e82be7d358', time: '2018-11-14T08:25:53'
System info: host: 'WIN-SERVER-2019', ip: '10.1.0.4', os.name: 'Windows Server 2019', os.arch: 'amd64', os.version: '10.0', java.version: '1.8.0_282'
Driver info: com.kms.katalon.selenium.driver.CChromeDriver
Capabilities {acceptInsecureCerts: false, browserName: chrome, browserVersion: 91.0.4472.77, chrome: {chromedriverVersion: 90.0.4430.24 (4c6d850f087da..., userDataDir: C:\Users\nttuan\AppData\Loc...}, goog:chromeOptions: {debuggerAddress: localhost:52155}, javascriptEnabled: true, networkConnectionEnabled: false, pageLoadStrategy: normal, platform: WINDOWS, platformName: WINDOWS, proxy: Proxy(), setWindowRect: true, strictFileInteractability: false, timeouts: {implicit: 0, pageLoad: 300000, script: 30000}, unhandledPromptBehavior: dismiss and notify, webauthn:extension:largeBlob: true, webauthn:virtualAuthenticators: true}
Session ID: 3a7975dc30534c841e2169e4fcfbf3ae
	at org.openqa.selenium.remote.http.W3CHttpResponseCodec.createException(W3CHttpResponseCodec.java:187)
	at org.openqa.selenium.remote.http.W3CHttpResponseCodec.decode(W3CHttpResponseCodec.java:122)
	at org.openqa.selenium.remote.http.W3CHttpResponseCodec.decode(W3CHttpResponseCodec.java:49)
	at org.openqa.selenium.remote.HttpCommandExecutor.execute(HttpCommandExecutor.java:158)
	at org.openqa.selenium.remote.service.DriverCommandExecutor.execute(DriverCommandExecutor.java:83)
	at org.openqa.selenium.remote.RemoteWebDriver.execute(RemoteWebDriver.java:552)
	at com.kms.katalon.selenium.driver.CChromeDriver.execute(CChromeDriver.java:19)
	at org.openqa.selenium.remote.RemoteWebElement.execute(RemoteWebElement.java:285)
	at org.openqa.selenium.remote.RemoteWebElement.sendKeys(RemoteWebElement.java:106)
	at org.openqa.selenium.support.events.EventFiringWebDriver$EventFiringWebElement.lambda$new$0(EventFiringWebDriver.java:404)
	at com.sun.proxy.$Proxy17.sendKeys(Unknown Source)
	at org.openqa.selenium.support.events.EventFiringWebDriver$EventFiringWebElement.sendKeys(EventFiringWebDriver.java:429)
	at com.kms.katalon.core.webui.keyword.builtin.SendKeysKeyword$_sendKeys_closure1.doCall(SendKeysKeyword.groovy:53)
	at com.kms.katalon.core.webui.keyword.builtin.SendKeysKeyword$_sendKeys_closure1.call(SendKeysKeyword.groovy)
	at com.kms.katalon.core.webui.keyword.internal.WebUIKeywordMain.runKeyword(WebUIKeywordMain.groovy:20)
	at com.kms.katalon.core.webui.keyword.builtin.SendKeysKeyword.sendKeys(SendKeysKeyword.groovy:60)
	at com.kms.katalon.core.webui.keyword.builtin.SendKeysKeyword.execute(SendKeysKeyword.groovy:38)
	at com.kms.katalon.core.keyword.internal.KeywordExecutor.executeKeywordForPlatform(KeywordExecutor.groovy:73)
	at com.kms.katalon.core.webui.keyword.WebUiBuiltInKeywords.sendKeys(WebUiBuiltInKeywords.groovy:863)
	at com.kms.katalon.core.webui.keyword.WebUiBuiltInKeywords$sendKeys$7.call(Unknown Source)
	at Script1622167440372.run(Script1622167440372.groovy:44)
	... 13 more
)

2021-05-30 02:41:01 - [MESSAGE][FAILED] - Unable to send keys '' to object 'Object Repository/ChanelMember/Page_Channel to test add  remove members - _a376a4/div_Search for people' (Root cause: com.kms.katalon.core.exception.StepFailedException: Unable to send keys '' to object 'Object Repository/ChanelMember/Page_Channel to test add  remove members - _a376a4/div_Search for people'
	at com.kms.katalon.core.webui.keyword.internal.WebUIKeywordMain.stepFailed(WebUIKeywordMain.groovy:64)
	at com.kms.katalon.core.webui.keyword.internal.WebUIKeywordMain.runKeyword(WebUIKeywordMain.groovy:26)
	at com.kms.katalon.core.webui.keyword.builtin.SendKeysKeyword.sendKeys(SendKeysKeyword.groovy:60)
	at com.kms.katalon.core.webui.keyword.builtin.SendKeysKeyword.execute(SendKeysKeyword.groovy:38)
	at com.kms.katalon.core.keyword.internal.KeywordExecutor.executeKeywordForPlatform(KeywordExecutor.groovy:73)
	at com.kms.katalon.core.webui.keyword.WebUiBuiltInKeywords.sendKeys(WebUiBuiltInKeywords.groovy:863)
	at com.kms.katalon.core.webui.keyword.WebUiBuiltInKeywords$sendKeys$7.call(Unknown Source)
	at Add members to channel.run(Add members to channel:44)
	at com.kms.katalon.core.main.ScriptEngine.run(ScriptEngine.java:194)
	at com.kms.katalon.core.main.ScriptEngine.runScriptAsRawText(ScriptEngine.java:119)
	at com.kms.katalon.core.main.TestCaseExecutor.runScript(TestCaseExecutor.java:398)
	at com.kms.katalon.core.main.TestCaseExecutor.doExecute(TestCaseExecutor.java:389)
	at com.kms.katalon.core.main.TestCaseExecutor.processExecutionPhase(TestCaseExecutor.java:368)
	at com.kms.katalon.core.main.TestCaseExecutor.accessMainPhase(TestCaseExecutor.java:360)
	at com.kms.katalon.core.main.TestCaseExecutor.execute(TestCaseExecutor.java:255)
	at com.kms.katalon.core.main.TestSuiteExecutor.accessTestCaseMainPhase(TestSuiteExecutor.java:203)
	at com.kms.katalon.core.main.TestSuiteExecutor.accessTestSuiteMainPhase(TestSuiteExecutor.java:152)
	at com.kms.katalon.core.main.TestSuiteExecutor.execute(TestSuiteExecutor.java:95)
	at com.kms.katalon.core.main.TestCaseMain.startTestSuite(TestCaseMain.java:157)
	at com.kms.katalon.core.main.TestCaseMain$startTestSuite$0.call(Unknown Source)
	at TempTestSuite1622342246554.run(TempTestSuite1622342246554.groovy:39)
Caused by: org.openqa.selenium.ElementNotInteractableException: element not interactable
  (Session info: chrome=91.0.4472.77)
Build info: version: '3.141.59', revision: 'e82be7d358', time: '2018-11-14T08:25:53'
System info: host: 'WIN-SERVER-2019', ip: '10.1.0.4', os.name: 'Windows Server 2019', os.arch: 'amd64', os.version: '10.0', java.version: '1.8.0_282'
Driver info: com.kms.katalon.selenium.driver.CChromeDriver
Capabilities {acceptInsecureCerts: false, browserName: chrome, browserVersion: 91.0.4472.77, chrome: {chromedriverVersion: 90.0.4430.24 (4c6d850f087da..., userDataDir: C:\Users\nttuan\AppData\Loc...}, goog:chromeOptions: {debuggerAddress: localhost:52155}, javascriptEnabled: true, networkConnectionEnabled: false, pageLoadStrategy: normal, platform: WINDOWS, platformName: WINDOWS, proxy: Proxy(), setWindowRect: true, strictFileInteractability: false, timeouts: {implicit: 0, pageLoad: 300000, script: 30000}, unhandledPromptBehavior: dismiss and notify, webauthn:extension:largeBlob: true, webauthn:virtualAuthenticators: true}
Session ID: 3a7975dc30534c841e2169e4fcfbf3ae
	at org.openqa.selenium.remote.http.W3CHttpResponseCodec.createException(W3CHttpResponseCodec.java:187)
	at org.openqa.selenium.remote.http.W3CHttpResponseCodec.decode(W3CHttpResponseCodec.java:122)
	at org.openqa.selenium.remote.http.W3CHttpResponseCodec.decode(W3CHttpResponseCodec.java:49)
	at org.openqa.selenium.remote.HttpCommandExecutor.execute(HttpCommandExecutor.java:158)
	at org.openqa.selenium.remote.service.DriverCommandExecutor.execute(DriverCommandExecutor.java:83)
	at org.openqa.selenium.remote.RemoteWebDriver.execute(RemoteWebDriver.java:552)
	at com.kms.katalon.selenium.driver.CChromeDriver.execute(CChromeDriver.java:19)
	at org.openqa.selenium.remote.RemoteWebElement.execute(RemoteWebElement.java:285)
	at org.openqa.selenium.remote.RemoteWebElement.sendKeys(RemoteWebElement.java:106)
	at org.openqa.selenium.support.events.EventFiringWebDriver$EventFiringWebElement.lambda$new$0(EventFiringWebDriver.java:404)
	at com.sun.proxy.$Proxy17.sendKeys(Unknown Source)
	at org.openqa.selenium.support.events.EventFiringWebDriver$EventFiringWebElement.sendKeys(EventFiringWebDriver.java:429)
	at com.kms.katalon.core.webui.keyword.builtin.SendKeysKeyword$_sendKeys_closure1.doCall(SendKeysKeyword.groovy:53)
	at com.kms.katalon.core.webui.keyword.builtin.SendKeysKeyword$_sendKeys_closure1.call(SendKeysKeyword.groovy)
	at com.kms.katalon.core.webui.keyword.internal.WebUIKeywordMain.runKeyword(WebUIKeywordMain.groovy:20)
	at com.kms.katalon.core.webui.keyword.builtin.SendKeysKeyword.sendKeys(SendKeysKeyword.groovy:60)
	at com.kms.katalon.core.webui.keyword.builtin.SendKeysKeyword.execute(SendKeysKeyword.groovy:38)
	at com.kms.katalon.core.keyword.internal.KeywordExecutor.executeKeywordForPlatform(KeywordExecutor.groovy:73)
	at com.kms.katalon.core.webui.keyword.WebUiBuiltInKeywords.sendKeys(WebUiBuiltInKeywords.groovy:863)
	at com.kms.katalon.core.webui.keyword.WebUiBuiltInKeywords$sendKeys$7.call(Unknown Source)
	at Script1622167440372.run(Script1622167440372.groovy:44)
	... 13 more
)
[[ATTACHMENT|C:\\Users\\nttuan\\Downloads\\CDNC\\mattermost-testing\\Reports\\20210530_023726\\Run all test cases\\20210530_023726\\1622342461625.png]]

2021-05-30 02:41:01 - [TEST_STEP][PASSED] - catch (Exception e): Object: 'Object Repository/ChanelMember/Page_Channel to test add  remove members - TEAM NAME Mattermost/div_CloseAdd search' is clicked on

2021-05-30 02:41:01 - [TEST_STEP][PASSED] - click(findTestObject("ChanelMember/Page_Channel to test add  remove members - TEAM NAME Mattermost/div_CloseAdd search")): Object: 'Object Repository/ChanelMember/Page_Channel to test add  remove members - TEAM NAME Mattermost/div_CloseAdd search' is clicked on

2021-05-30 02:41:02 - [MESSAGE][PASSED] - Object: 'Object Repository/ChanelMember/Page_Channel to test add  remove members - TEAM NAME Mattermost/div_CloseAdd search' is clicked on

2021-05-30 02:41:02 - [TEST_STEP][PASSED] - username = usernames.get(i): null

2021-05-30 02:41:02 - [TEST_STEP][PASSED] - click(findTestObject("Object Repository/ChanelMember/Page_Channel to test add  remove members - _a376a4/span_Channel to test add  remove members")): Object: 'Object Repository/ChanelMember/Page_Channel to test add  remove members - _a376a4/span_Channel to test add  remove members' is clicked on

2021-05-30 02:41:02 - [MESSAGE][PASSED] - Object: 'Object Repository/ChanelMember/Page_Channel to test add  remove members - _a376a4/span_Channel to test add  remove members' is clicked on

2021-05-30 02:41:02 - [TEST_STEP][PASSED] - click(findTestObject("Object Repository/ChanelMember/Page_Channel to test add  remove members - _a376a4/span_Add Members")): Object: 'Object Repository/ChanelMember/Page_Channel to test add  remove members - _a376a4/span_Add Members' is clicked on

2021-05-30 02:41:03 - [MESSAGE][PASSED] - Object: 'Object Repository/ChanelMember/Page_Channel to test add  remove members - _a376a4/span_Add Members' is clicked on

2021-05-30 02:41:03 - [TEST_STEP][PASSED] - click(findTestObject("ChanelMember/Page_Channel to test add  remove members - _a376a4/div_Search for people")): Object: 'Object Repository/ChanelMember/Page_Channel to test add  remove members - _a376a4/div_Search for people' is clicked on

2021-05-30 02:41:03 - [MESSAGE][PASSED] - Object: 'Object Repository/ChanelMember/Page_Channel to test add  remove members - _a376a4/div_Search for people' is clicked on

2021-05-30 02:41:03 - [TEST_STEP][PASSED] - setText(findTestObject("Object Repository/ChanelMember/Page_Channel to test add  remove members - _a376a4/input_Search for people_react-select-2-input"), username): Text 'nguyenvanb' is set on object 'Object Repository/ChanelMember/Page_Channel to test add  remove members - _a376a4/input_Search for people_react-select-2-input'

2021-05-30 02:41:34 - [MESSAGE][INFO] - Unable to find the element located by 'By.xpath: //input[@id='react-select-2-input']'. Please recheck the objects properties to make sure the desired element is located. 

2021-05-30 02:41:34 - [MESSAGE][WARNING] - [SELF-HEALING] Failed to find element with id 'Object Repository/ChanelMember/Page_Channel to test add  remove members - _a376a4/input_Search for people_react-select-2-input'. Try using Self-healing.

2021-05-30 02:41:35 - [MESSAGE][WARNING] - [SELF-HEALING] The current locator of test object 'Object Repository/ChanelMember/Page_Channel to test add  remove members - _a376a4/input_Search for people_react-select-2-input' was broken. Propose an alternative one: '//div[@id='selectItems']/div/div/div[2]/div/input'.

2021-05-30 02:42:06 - [MESSAGE][INFO] - Unable to find the element located by 'By.xpath: //input[@id='react-select-2-input']'. Please recheck the objects properties to make sure the desired element is located. 

2021-05-30 02:42:06 - [MESSAGE][WARNING] - [SELF-HEALING] Failed to find element with id 'Object Repository/ChanelMember/Page_Channel to test add  remove members - _a376a4/input_Search for people_react-select-2-input'. Try using Self-healing.

2021-05-30 02:42:06 - [MESSAGE][WARNING] - [SELF-HEALING] The current locator of test object 'Object Repository/ChanelMember/Page_Channel to test add  remove members - _a376a4/input_Search for people_react-select-2-input' was broken. Propose an alternative one: '//div[@id='selectItems']/div/div/div[2]/div/input'.

2021-05-30 02:42:06 - [MESSAGE][PASSED] - Text 'nguyenvanb' is set on object 'Object Repository/ChanelMember/Page_Channel to test add  remove members - _a376a4/input_Search for people_react-select-2-input'

2021-05-30 02:42:06 - [TEST_STEP][FAILED] - try: Unable to send keys '' to object 'Object Repository/ChanelMember/Page_Channel to test add  remove members - _a376a4/div_Search for people' (Root cause: com.kms.katalon.core.exception.StepFailedException: Unable to send keys '' to object 'Object Repository/ChanelMember/Page_Channel to test add  remove members - _a376a4/div_Search for people'
	at com.kms.katalon.core.webui.keyword.internal.WebUIKeywordMain.stepFailed(WebUIKeywordMain.groovy:64)
	at com.kms.katalon.core.webui.keyword.internal.WebUIKeywordMain.runKeyword(WebUIKeywordMain.groovy:26)
	at com.kms.katalon.core.webui.keyword.builtin.SendKeysKeyword.sendKeys(SendKeysKeyword.groovy:60)
	at com.kms.katalon.core.webui.keyword.builtin.SendKeysKeyword.execute(SendKeysKeyword.groovy:38)
	at com.kms.katalon.core.keyword.internal.KeywordExecutor.executeKeywordForPlatform(KeywordExecutor.groovy:73)
	at com.kms.katalon.core.webui.keyword.WebUiBuiltInKeywords.sendKeys(WebUiBuiltInKeywords.groovy:863)
	at com.kms.katalon.core.webui.keyword.WebUiBuiltInKeywords$sendKeys$7.call(Unknown Source)
	at Add members to channel.run(Add members to channel:44)
	at com.kms.katalon.core.main.ScriptEngine.run(ScriptEngine.java:194)
	at com.kms.katalon.core.main.ScriptEngine.runScriptAsRawText(ScriptEngine.java:119)
	at com.kms.katalon.core.main.TestCaseExecutor.runScript(TestCaseExecutor.java:398)
	at com.kms.katalon.core.main.TestCaseExecutor.doExecute(TestCaseExecutor.java:389)
	at com.kms.katalon.core.main.TestCaseExecutor.processExecutionPhase(TestCaseExecutor.java:368)
	at com.kms.katalon.core.main.TestCaseExecutor.accessMainPhase(TestCaseExecutor.java:360)
	at com.kms.katalon.core.main.TestCaseExecutor.execute(TestCaseExecutor.java:255)
	at com.kms.katalon.core.main.TestSuiteExecutor.accessTestCaseMainPhase(TestSuiteExecutor.java:203)
	at com.kms.katalon.core.main.TestSuiteExecutor.accessTestSuiteMainPhase(TestSuiteExecutor.java:152)
	at com.kms.katalon.core.main.TestSuiteExecutor.execute(TestSuiteExecutor.java:95)
	at com.kms.katalon.core.main.TestCaseMain.startTestSuite(TestCaseMain.java:157)
	at com.kms.katalon.core.main.TestCaseMain$startTestSuite$0.call(Unknown Source)
	at TempTestSuite1622342246554.run(TempTestSuite1622342246554.groovy:39)
Caused by: org.openqa.selenium.ElementNotInteractableException: element not interactable
  (Session info: chrome=91.0.4472.77)
Build info: version: '3.141.59', revision: 'e82be7d358', time: '2018-11-14T08:25:53'
System info: host: 'WIN-SERVER-2019', ip: '10.1.0.4', os.name: 'Windows Server 2019', os.arch: 'amd64', os.version: '10.0', java.version: '1.8.0_282'
Driver info: com.kms.katalon.selenium.driver.CChromeDriver
Capabilities {acceptInsecureCerts: false, browserName: chrome, browserVersion: 91.0.4472.77, chrome: {chromedriverVersion: 90.0.4430.24 (4c6d850f087da..., userDataDir: C:\Users\nttuan\AppData\Loc...}, goog:chromeOptions: {debuggerAddress: localhost:52155}, javascriptEnabled: true, networkConnectionEnabled: false, pageLoadStrategy: normal, platform: WINDOWS, platformName: WINDOWS, proxy: Proxy(), setWindowRect: true, strictFileInteractability: false, timeouts: {implicit: 0, pageLoad: 300000, script: 30000}, unhandledPromptBehavior: dismiss and notify, webauthn:extension:largeBlob: true, webauthn:virtualAuthenticators: true}
Session ID: 3a7975dc30534c841e2169e4fcfbf3ae
	at org.openqa.selenium.remote.http.W3CHttpResponseCodec.createException(W3CHttpResponseCodec.java:187)
	at org.openqa.selenium.remote.http.W3CHttpResponseCodec.decode(W3CHttpResponseCodec.java:122)
	at org.openqa.selenium.remote.http.W3CHttpResponseCodec.decode(W3CHttpResponseCodec.java:49)
	at org.openqa.selenium.remote.HttpCommandExecutor.execute(HttpCommandExecutor.java:158)
	at org.openqa.selenium.remote.service.DriverCommandExecutor.execute(DriverCommandExecutor.java:83)
	at org.openqa.selenium.remote.RemoteWebDriver.execute(RemoteWebDriver.java:552)
	at com.kms.katalon.selenium.driver.CChromeDriver.execute(CChromeDriver.java:19)
	at org.openqa.selenium.remote.RemoteWebElement.execute(RemoteWebElement.java:285)
	at org.openqa.selenium.remote.RemoteWebElement.sendKeys(RemoteWebElement.java:106)
	at org.openqa.selenium.support.events.EventFiringWebDriver$EventFiringWebElement.lambda$new$0(EventFiringWebDriver.java:404)
	at com.sun.proxy.$Proxy17.sendKeys(Unknown Source)
	at org.openqa.selenium.support.events.EventFiringWebDriver$EventFiringWebElement.sendKeys(EventFiringWebDriver.java:429)
	at com.kms.katalon.core.webui.keyword.builtin.SendKeysKeyword$_sendKeys_closure1.doCall(SendKeysKeyword.groovy:53)
	at com.kms.katalon.core.webui.keyword.builtin.SendKeysKeyword$_sendKeys_closure1.call(SendKeysKeyword.groovy)
	at com.kms.katalon.core.webui.keyword.internal.WebUIKeywordMain.runKeyword(WebUIKeywordMain.groovy:20)
	at com.kms.katalon.core.webui.keyword.builtin.SendKeysKeyword.sendKeys(SendKeysKeyword.groovy:60)
	at com.kms.katalon.core.webui.keyword.builtin.SendKeysKeyword.execute(SendKeysKeyword.groovy:38)
	at com.kms.katalon.core.keyword.internal.KeywordExecutor.executeKeywordForPlatform(KeywordExecutor.groovy:73)
	at com.kms.katalon.core.webui.keyword.WebUiBuiltInKeywords.sendKeys(WebUiBuiltInKeywords.groovy:863)
	at com.kms.katalon.core.webui.keyword.WebUiBuiltInKeywords$sendKeys$7.call(Unknown Source)
	at Script1622167440372.run(Script1622167440372.groovy:44)
	... 13 more
)

2021-05-30 02:42:06 - [TEST_STEP][PASSED] - verifyTextNotPresent("No results found matching", false): Text 'No results found matching' is not present on page

2021-05-30 02:42:07 - [MESSAGE][PASSED] - Text 'No results found matching' is not present on page

2021-05-30 02:42:07 - [TEST_STEP][FAILED] - sendKeys(findTestObject("ChanelMember/Page_Channel to test add  remove members - _a376a4/div_Search for people"), Keys.chord(ENTER)): Unable to send keys '' to object 'Object Repository/ChanelMember/Page_Channel to test add  remove members - _a376a4/div_Search for people' (Root cause: com.kms.katalon.core.exception.StepFailedException: Unable to send keys '' to object 'Object Repository/ChanelMember/Page_Channel to test add  remove members - _a376a4/div_Search for people'
	at com.kms.katalon.core.webui.keyword.internal.WebUIKeywordMain.stepFailed(WebUIKeywordMain.groovy:64)
	at com.kms.katalon.core.webui.keyword.internal.WebUIKeywordMain.runKeyword(WebUIKeywordMain.groovy:26)
	at com.kms.katalon.core.webui.keyword.builtin.SendKeysKeyword.sendKeys(SendKeysKeyword.groovy:60)
	at com.kms.katalon.core.webui.keyword.builtin.SendKeysKeyword.execute(SendKeysKeyword.groovy:38)
	at com.kms.katalon.core.keyword.internal.KeywordExecutor.executeKeywordForPlatform(KeywordExecutor.groovy:73)
	at com.kms.katalon.core.webui.keyword.WebUiBuiltInKeywords.sendKeys(WebUiBuiltInKeywords.groovy:863)
	at com.kms.katalon.core.webui.keyword.WebUiBuiltInKeywords$sendKeys$7.call(Unknown Source)
	at Add members to channel.run(Add members to channel:44)
	at com.kms.katalon.core.main.ScriptEngine.run(ScriptEngine.java:194)
	at com.kms.katalon.core.main.ScriptEngine.runScriptAsRawText(ScriptEngine.java:119)
	at com.kms.katalon.core.main.TestCaseExecutor.runScript(TestCaseExecutor.java:398)
	at com.kms.katalon.core.main.TestCaseExecutor.doExecute(TestCaseExecutor.java:389)
	at com.kms.katalon.core.main.TestCaseExecutor.processExecutionPhase(TestCaseExecutor.java:368)
	at com.kms.katalon.core.main.TestCaseExecutor.accessMainPhase(TestCaseExecutor.java:360)
	at com.kms.katalon.core.main.TestCaseExecutor.execute(TestCaseExecutor.java:255)
	at com.kms.katalon.core.main.TestSuiteExecutor.accessTestCaseMainPhase(TestSuiteExecutor.java:203)
	at com.kms.katalon.core.main.TestSuiteExecutor.accessTestSuiteMainPhase(TestSuiteExecutor.java:152)
	at com.kms.katalon.core.main.TestSuiteExecutor.execute(TestSuiteExecutor.java:95)
	at com.kms.katalon.core.main.TestCaseMain.startTestSuite(TestCaseMain.java:157)
	at com.kms.katalon.core.main.TestCaseMain$startTestSuite$0.call(Unknown Source)
	at TempTestSuite1622342246554.run(TempTestSuite1622342246554.groovy:39)
Caused by: org.openqa.selenium.ElementNotInteractableException: element not interactable
  (Session info: chrome=91.0.4472.77)
Build info: version: '3.141.59', revision: 'e82be7d358', time: '2018-11-14T08:25:53'
System info: host: 'WIN-SERVER-2019', ip: '10.1.0.4', os.name: 'Windows Server 2019', os.arch: 'amd64', os.version: '10.0', java.version: '1.8.0_282'
Driver info: com.kms.katalon.selenium.driver.CChromeDriver
Capabilities {acceptInsecureCerts: false, browserName: chrome, browserVersion: 91.0.4472.77, chrome: {chromedriverVersion: 90.0.4430.24 (4c6d850f087da..., userDataDir: C:\Users\nttuan\AppData\Loc...}, goog:chromeOptions: {debuggerAddress: localhost:52155}, javascriptEnabled: true, networkConnectionEnabled: false, pageLoadStrategy: normal, platform: WINDOWS, platformName: WINDOWS, proxy: Proxy(), setWindowRect: true, strictFileInteractability: false, timeouts: {implicit: 0, pageLoad: 300000, script: 30000}, unhandledPromptBehavior: dismiss and notify, webauthn:extension:largeBlob: true, webauthn:virtualAuthenticators: true}
Session ID: 3a7975dc30534c841e2169e4fcfbf3ae
	at org.openqa.selenium.remote.http.W3CHttpResponseCodec.createException(W3CHttpResponseCodec.java:187)
	at org.openqa.selenium.remote.http.W3CHttpResponseCodec.decode(W3CHttpResponseCodec.java:122)
	at org.openqa.selenium.remote.http.W3CHttpResponseCodec.decode(W3CHttpResponseCodec.java:49)
	at org.openqa.selenium.remote.HttpCommandExecutor.execute(HttpCommandExecutor.java:158)
	at org.openqa.selenium.remote.service.DriverCommandExecutor.execute(DriverCommandExecutor.java:83)
	at org.openqa.selenium.remote.RemoteWebDriver.execute(RemoteWebDriver.java:552)
	at com.kms.katalon.selenium.driver.CChromeDriver.execute(CChromeDriver.java:19)
	at org.openqa.selenium.remote.RemoteWebElement.execute(RemoteWebElement.java:285)
	at org.openqa.selenium.remote.RemoteWebElement.sendKeys(RemoteWebElement.java:106)
	at org.openqa.selenium.support.events.EventFiringWebDriver$EventFiringWebElement.lambda$new$0(EventFiringWebDriver.java:404)
	at com.sun.proxy.$Proxy17.sendKeys(Unknown Source)
	at org.openqa.selenium.support.events.EventFiringWebDriver$EventFiringWebElement.sendKeys(EventFiringWebDriver.java:429)
	at com.kms.katalon.core.webui.keyword.builtin.SendKeysKeyword$_sendKeys_closure1.doCall(SendKeysKeyword.groovy:53)
	at com.kms.katalon.core.webui.keyword.builtin.SendKeysKeyword$_sendKeys_closure1.call(SendKeysKeyword.groovy)
	at com.kms.katalon.core.webui.keyword.internal.WebUIKeywordMain.runKeyword(WebUIKeywordMain.groovy:20)
	at com.kms.katalon.core.webui.keyword.builtin.SendKeysKeyword.sendKeys(SendKeysKeyword.groovy:60)
	at com.kms.katalon.core.webui.keyword.builtin.SendKeysKeyword.execute(SendKeysKeyword.groovy:38)
	at com.kms.katalon.core.keyword.internal.KeywordExecutor.executeKeywordForPlatform(KeywordExecutor.groovy:73)
	at com.kms.katalon.core.webui.keyword.WebUiBuiltInKeywords.sendKeys(WebUiBuiltInKeywords.groovy:863)
	at com.kms.katalon.core.webui.keyword.WebUiBuiltInKeywords$sendKeys$7.call(Unknown Source)
	at Script1622167440372.run(Script1622167440372.groovy:44)
	... 13 more
)

2021-05-30 02:42:07 - [MESSAGE][FAILED] - Unable to send keys '' to object 'Object Repository/ChanelMember/Page_Channel to test add  remove members - _a376a4/div_Search for people' (Root cause: com.kms.katalon.core.exception.StepFailedException: Unable to send keys '' to object 'Object Repository/ChanelMember/Page_Channel to test add  remove members - _a376a4/div_Search for people'
	at com.kms.katalon.core.webui.keyword.internal.WebUIKeywordMain.stepFailed(WebUIKeywordMain.groovy:64)
	at com.kms.katalon.core.webui.keyword.internal.WebUIKeywordMain.runKeyword(WebUIKeywordMain.groovy:26)
	at com.kms.katalon.core.webui.keyword.builtin.SendKeysKeyword.sendKeys(SendKeysKeyword.groovy:60)
	at com.kms.katalon.core.webui.keyword.builtin.SendKeysKeyword.execute(SendKeysKeyword.groovy:38)
	at com.kms.katalon.core.keyword.internal.KeywordExecutor.executeKeywordForPlatform(KeywordExecutor.groovy:73)
	at com.kms.katalon.core.webui.keyword.WebUiBuiltInKeywords.sendKeys(WebUiBuiltInKeywords.groovy:863)
	at com.kms.katalon.core.webui.keyword.WebUiBuiltInKeywords$sendKeys$7.call(Unknown Source)
	at Add members to channel.run(Add members to channel:44)
	at com.kms.katalon.core.main.ScriptEngine.run(ScriptEngine.java:194)
	at com.kms.katalon.core.main.ScriptEngine.runScriptAsRawText(ScriptEngine.java:119)
	at com.kms.katalon.core.main.TestCaseExecutor.runScript(TestCaseExecutor.java:398)
	at com.kms.katalon.core.main.TestCaseExecutor.doExecute(TestCaseExecutor.java:389)
	at com.kms.katalon.core.main.TestCaseExecutor.processExecutionPhase(TestCaseExecutor.java:368)
	at com.kms.katalon.core.main.TestCaseExecutor.accessMainPhase(TestCaseExecutor.java:360)
	at com.kms.katalon.core.main.TestCaseExecutor.execute(TestCaseExecutor.java:255)
	at com.kms.katalon.core.main.TestSuiteExecutor.accessTestCaseMainPhase(TestSuiteExecutor.java:203)
	at com.kms.katalon.core.main.TestSuiteExecutor.accessTestSuiteMainPhase(TestSuiteExecutor.java:152)
	at com.kms.katalon.core.main.TestSuiteExecutor.execute(TestSuiteExecutor.java:95)
	at com.kms.katalon.core.main.TestCaseMain.startTestSuite(TestCaseMain.java:157)
	at com.kms.katalon.core.main.TestCaseMain$startTestSuite$0.call(Unknown Source)
	at TempTestSuite1622342246554.run(TempTestSuite1622342246554.groovy:39)
Caused by: org.openqa.selenium.ElementNotInteractableException: element not interactable
  (Session info: chrome=91.0.4472.77)
Build info: version: '3.141.59', revision: 'e82be7d358', time: '2018-11-14T08:25:53'
System info: host: 'WIN-SERVER-2019', ip: '10.1.0.4', os.name: 'Windows Server 2019', os.arch: 'amd64', os.version: '10.0', java.version: '1.8.0_282'
Driver info: com.kms.katalon.selenium.driver.CChromeDriver
Capabilities {acceptInsecureCerts: false, browserName: chrome, browserVersion: 91.0.4472.77, chrome: {chromedriverVersion: 90.0.4430.24 (4c6d850f087da..., userDataDir: C:\Users\nttuan\AppData\Loc...}, goog:chromeOptions: {debuggerAddress: localhost:52155}, javascriptEnabled: true, networkConnectionEnabled: false, pageLoadStrategy: normal, platform: WINDOWS, platformName: WINDOWS, proxy: Proxy(), setWindowRect: true, strictFileInteractability: false, timeouts: {implicit: 0, pageLoad: 300000, script: 30000}, unhandledPromptBehavior: dismiss and notify, webauthn:extension:largeBlob: true, webauthn:virtualAuthenticators: true}
Session ID: 3a7975dc30534c841e2169e4fcfbf3ae
	at org.openqa.selenium.remote.http.W3CHttpResponseCodec.createException(W3CHttpResponseCodec.java:187)
	at org.openqa.selenium.remote.http.W3CHttpResponseCodec.decode(W3CHttpResponseCodec.java:122)
	at org.openqa.selenium.remote.http.W3CHttpResponseCodec.decode(W3CHttpResponseCodec.java:49)
	at org.openqa.selenium.remote.HttpCommandExecutor.execute(HttpCommandExecutor.java:158)
	at org.openqa.selenium.remote.service.DriverCommandExecutor.execute(DriverCommandExecutor.java:83)
	at org.openqa.selenium.remote.RemoteWebDriver.execute(RemoteWebDriver.java:552)
	at com.kms.katalon.selenium.driver.CChromeDriver.execute(CChromeDriver.java:19)
	at org.openqa.selenium.remote.RemoteWebElement.execute(RemoteWebElement.java:285)
	at org.openqa.selenium.remote.RemoteWebElement.sendKeys(RemoteWebElement.java:106)
	at org.openqa.selenium.support.events.EventFiringWebDriver$EventFiringWebElement.lambda$new$0(EventFiringWebDriver.java:404)
	at com.sun.proxy.$Proxy17.sendKeys(Unknown Source)
	at org.openqa.selenium.support.events.EventFiringWebDriver$EventFiringWebElement.sendKeys(EventFiringWebDriver.java:429)
	at com.kms.katalon.core.webui.keyword.builtin.SendKeysKeyword$_sendKeys_closure1.doCall(SendKeysKeyword.groovy:53)
	at com.kms.katalon.core.webui.keyword.builtin.SendKeysKeyword$_sendKeys_closure1.call(SendKeysKeyword.groovy)
	at com.kms.katalon.core.webui.keyword.internal.WebUIKeywordMain.runKeyword(WebUIKeywordMain.groovy:20)
	at com.kms.katalon.core.webui.keyword.builtin.SendKeysKeyword.sendKeys(SendKeysKeyword.groovy:60)
	at com.kms.katalon.core.webui.keyword.builtin.SendKeysKeyword.execute(SendKeysKeyword.groovy:38)
	at com.kms.katalon.core.keyword.internal.KeywordExecutor.executeKeywordForPlatform(KeywordExecutor.groovy:73)
	at com.kms.katalon.core.webui.keyword.WebUiBuiltInKeywords.sendKeys(WebUiBuiltInKeywords.groovy:863)
	at com.kms.katalon.core.webui.keyword.WebUiBuiltInKeywords$sendKeys$7.call(Unknown Source)
	at Script1622167440372.run(Script1622167440372.groovy:44)
	... 13 more
)
[[ATTACHMENT|C:\\Users\\nttuan\\Downloads\\CDNC\\mattermost-testing\\Reports\\20210530_023726\\Run all test cases\\20210530_023726\\1622342527707.png]]

2021-05-30 02:42:07 - [TEST_STEP][PASSED] - catch (Exception e): Object: 'Object Repository/ChanelMember/Page_Channel to test add  remove members - TEAM NAME Mattermost/div_CloseAdd search' is clicked on

2021-05-30 02:42:07 - [TEST_STEP][PASSED] - click(findTestObject("ChanelMember/Page_Channel to test add  remove members - TEAM NAME Mattermost/div_CloseAdd search")): Object: 'Object Repository/ChanelMember/Page_Channel to test add  remove members - TEAM NAME Mattermost/div_CloseAdd search' is clicked on

2021-05-30 02:42:08 - [MESSAGE][PASSED] - Object: 'Object Repository/ChanelMember/Page_Channel to test add  remove members - TEAM NAME Mattermost/div_CloseAdd search' is clicked on

2021-05-30 02:42:08 - [TEST_STEP][PASSED] - closeBrowser(): Browser is closed

2021-05-30 02:42:08 - [MESSAGE][PASSED] - Browser is closed]]></system-out>
         <system-err><![CDATA[]]></system-err>
      </testcase>
      <testcase name="Test Cases/Loop/Search messages" time="17.603" classname="Test Cases/Loop/Search messages" status="PASSED">
         <system-out><![CDATA[2021-05-30 02:42:08 - [TEST_CASE][PASSED] - Test Cases/Loop/Search messages: Test Cases/Loop/Search messages

2021-05-30 02:42:09 - [TEST_STEP][PASSED] - callTestCase(findTestCase("Common Test Cases/Login"), ["Username":"nttuan", "Password":"12345678zZ@"], STOP_ON_FAILURE): Call Test Case 'Test Cases/Common Test Cases/Login' successfully

2021-05-30 02:42:09 - [TEST_CASE][PASSED] - Test Cases/Common Test Cases/Login: Test Cases/Common Test Cases/Login

2021-05-30 02:42:09 - [TEST_STEP][PASSED] - openBrowser(""): Browser is opened with url: ''

2021-05-30 02:42:09 - [MESSAGE][INFO] - Starting 'Chrome' driver

2021-05-30 02:42:09 - [MESSAGE][INFO] - Action delay is set to 0 milliseconds

2021-05-30 02:42:10 - [MESSAGE][PASSED] - Browser is opened with url: ''

2021-05-30 02:42:10 - [TEST_STEP][PASSED] - navigateToUrl("https://chudenangcao2021.cf/"): Navigate to 'https://chudenangcao2021.cf/' successfully

2021-05-30 02:42:11 - [MESSAGE][PASSED] - Navigate to 'https://chudenangcao2021.cf/' successfully

2021-05-30 02:42:11 - [TEST_STEP][PASSED] - setText(findTestObject("Object Repository/Page_Mattermost/input_All team communication in one place, _dcc84b"), Username): Text 'nttuan' is set on object 'Object Repository/Page_Mattermost/input_All team communication in one place, _dcc84b'

2021-05-30 02:42:12 - [MESSAGE][PASSED] - Text 'nttuan' is set on object 'Object Repository/Page_Mattermost/input_All team communication in one place, _dcc84b'

2021-05-30 02:42:12 - [TEST_STEP][PASSED] - setText(findTestObject("Object Repository/Page_Mattermost/input_All team communication in one place, _a3edc6"), Password): Text '12345678zZ@' is set on object 'Object Repository/Page_Mattermost/input_All team communication in one place, _a3edc6'

2021-05-30 02:42:13 - [MESSAGE][PASSED] - Text '12345678zZ@' is set on object 'Object Repository/Page_Mattermost/input_All team communication in one place, _a3edc6'

2021-05-30 02:42:13 - [TEST_STEP][PASSED] - click(findTestObject("Object Repository/Page_Mattermost/button_Sign in")): Object: 'Object Repository/Page_Mattermost/button_Sign in' is clicked on

2021-05-30 02:42:13 - [MESSAGE][PASSED] - Object: 'Object Repository/Page_Mattermost/button_Sign in' is clicked on

2021-05-30 02:42:13 - [TEST_STEP][PASSED] - verifyLinksAccessible(["https://chudenangcao2021.cf/cdnc-cnpm-2021/channels"]): All links are accessible

2021-05-30 02:42:13 - [MESSAGE][INFO] - HAR: C:\Users\nttuan\Downloads\CDNC\mattermost-testing\Reports\20210530_023726\Run all test cases\20210530_023726\requests\main\30.har

2021-05-30 02:42:13 - [MESSAGE][PASSED] - Send request successfully

2021-05-30 02:42:13 - [MESSAGE][PASSED] - All links are accessible

2021-05-30 02:42:13 - [MESSAGE][PASSED] - Call Test Case 'Test Cases/Common Test Cases/Login' successfully

2021-05-30 02:42:13 - [TEST_STEP][PASSED] - click(findTestObject("Object Repository/SearchMessage/Page_TEST CHANNEL - TEAM NAME Mattermost/span_TEST CHANNEL")): Object: 'Object Repository/SearchMessage/Page_TEST CHANNEL - TEAM NAME Mattermost/span_TEST CHANNEL' is clicked on

2021-05-30 02:42:15 - [MESSAGE][PASSED] - Object: 'Object Repository/SearchMessage/Page_TEST CHANNEL - TEAM NAME Mattermost/span_TEST CHANNEL' is clicked on

2021-05-30 02:42:15 - [TEST_STEP][PASSED] - click(findTestObject("Object Repository/SearchMessage/Page_TEST CHANNEL - TEAM NAME Mattermost/span_TEST CHANNEL_icon icon--standard")): Object: 'Object Repository/SearchMessage/Page_TEST CHANNEL - TEAM NAME Mattermost/span_TEST CHANNEL_icon icon--standard' is clicked on

2021-05-30 02:42:15 - [MESSAGE][PASSED] - Object: 'Object Repository/SearchMessage/Page_TEST CHANNEL - TEAM NAME Mattermost/span_TEST CHANNEL_icon icon--standard' is clicked on

2021-05-30 02:42:15 - [TEST_STEP][PASSED] - internalSearchMessages = findTestData("Internal/Internal Search Messages"): null

2021-05-30 02:42:15 - [TEST_STEP][PASSED] - nMessages = internalSearchMessages.getRowNumbers(): null

2021-05-30 02:42:15 - [TEST_STEP][PASSED] - for ([i = 1, i <= nMessages, (i++)]): null

2021-05-30 02:42:15 - [TEST_STEP][PASSED] - message = internalSearchMessages.getValue(1, i): null

2021-05-30 02:42:15 - [TEST_STEP][PASSED] - setText(findTestObject("Object Repository/SearchMessage/Page_TEST CHANNEL - TEAM NAME Mattermost/input_TEST CHANNEL_searchBox"), message): Text 'test' is set on object 'Object Repository/SearchMessage/Page_TEST CHANNEL - TEAM NAME Mattermost/input_TEST CHANNEL_searchBox'

2021-05-30 02:42:16 - [MESSAGE][PASSED] - Text 'test' is set on object 'Object Repository/SearchMessage/Page_TEST CHANNEL - TEAM NAME Mattermost/input_TEST CHANNEL_searchBox'

2021-05-30 02:42:16 - [TEST_STEP][PASSED] - sendKeys(findTestObject("Object Repository/SearchMessage/Page_TEST CHANNEL - TEAM NAME Mattermost/input_TEST CHANNEL_searchBox"), Keys.chord(ENTER)): Keys 'ENTER + ' sent to object: 'Object Repository/SearchMessage/Page_TEST CHANNEL - TEAM NAME Mattermost/input_TEST CHANNEL_searchBox'

2021-05-30 02:42:17 - [MESSAGE][PASSED] - Keys 'ENTER + ' sent to object: 'Object Repository/SearchMessage/Page_TEST CHANNEL - TEAM NAME Mattermost/input_TEST CHANNEL_searchBox'

2021-05-30 02:42:17 - [TEST_STEP][PASSED] - Thread.sleep(500): null

2021-05-30 02:42:18 - [TEST_STEP][PASSED] - message = internalSearchMessages.getValue(1, i): null

2021-05-30 02:42:18 - [TEST_STEP][PASSED] - setText(findTestObject("Object Repository/SearchMessage/Page_TEST CHANNEL - TEAM NAME Mattermost/input_TEST CHANNEL_searchBox"), message): Text 'hello' is set on object 'Object Repository/SearchMessage/Page_TEST CHANNEL - TEAM NAME Mattermost/input_TEST CHANNEL_searchBox'

2021-05-30 02:42:19 - [MESSAGE][PASSED] - Text 'hello' is set on object 'Object Repository/SearchMessage/Page_TEST CHANNEL - TEAM NAME Mattermost/input_TEST CHANNEL_searchBox'

2021-05-30 02:42:19 - [TEST_STEP][PASSED] - sendKeys(findTestObject("Object Repository/SearchMessage/Page_TEST CHANNEL - TEAM NAME Mattermost/input_TEST CHANNEL_searchBox"), Keys.chord(ENTER)): Keys 'ENTER + ' sent to object: 'Object Repository/SearchMessage/Page_TEST CHANNEL - TEAM NAME Mattermost/input_TEST CHANNEL_searchBox'

2021-05-30 02:42:19 - [MESSAGE][PASSED] - Keys 'ENTER + ' sent to object: 'Object Repository/SearchMessage/Page_TEST CHANNEL - TEAM NAME Mattermost/input_TEST CHANNEL_searchBox'

2021-05-30 02:42:19 - [TEST_STEP][PASSED] - Thread.sleep(500): null

2021-05-30 02:42:20 - [TEST_STEP][PASSED] - message = internalSearchMessages.getValue(1, i): null

2021-05-30 02:42:20 - [TEST_STEP][PASSED] - setText(findTestObject("Object Repository/SearchMessage/Page_TEST CHANNEL - TEAM NAME Mattermost/input_TEST CHANNEL_searchBox"), message): Text 'current' is set on object 'Object Repository/SearchMessage/Page_TEST CHANNEL - TEAM NAME Mattermost/input_TEST CHANNEL_searchBox'

2021-05-30 02:42:21 - [MESSAGE][PASSED] - Text 'current' is set on object 'Object Repository/SearchMessage/Page_TEST CHANNEL - TEAM NAME Mattermost/input_TEST CHANNEL_searchBox'

2021-05-30 02:42:21 - [TEST_STEP][PASSED] - sendKeys(findTestObject("Object Repository/SearchMessage/Page_TEST CHANNEL - TEAM NAME Mattermost/input_TEST CHANNEL_searchBox"), Keys.chord(ENTER)): Keys 'ENTER + ' sent to object: 'Object Repository/SearchMessage/Page_TEST CHANNEL - TEAM NAME Mattermost/input_TEST CHANNEL_searchBox'

2021-05-30 02:42:21 - [MESSAGE][PASSED] - Keys 'ENTER + ' sent to object: 'Object Repository/SearchMessage/Page_TEST CHANNEL - TEAM NAME Mattermost/input_TEST CHANNEL_searchBox'

2021-05-30 02:42:21 - [TEST_STEP][PASSED] - Thread.sleep(500): null

2021-05-30 02:42:21 - [TEST_STEP][PASSED] - message = internalSearchMessages.getValue(1, i): null

2021-05-30 02:42:21 - [TEST_STEP][PASSED] - setText(findTestObject("Object Repository/SearchMessage/Page_TEST CHANNEL - TEAM NAME Mattermost/input_TEST CHANNEL_searchBox"), message): Text 'virus' is set on object 'Object Repository/SearchMessage/Page_TEST CHANNEL - TEAM NAME Mattermost/input_TEST CHANNEL_searchBox'

2021-05-30 02:42:23 - [MESSAGE][PASSED] - Text 'virus' is set on object 'Object Repository/SearchMessage/Page_TEST CHANNEL - TEAM NAME Mattermost/input_TEST CHANNEL_searchBox'

2021-05-30 02:42:23 - [TEST_STEP][PASSED] - sendKeys(findTestObject("Object Repository/SearchMessage/Page_TEST CHANNEL - TEAM NAME Mattermost/input_TEST CHANNEL_searchBox"), Keys.chord(ENTER)): Keys 'ENTER + ' sent to object: 'Object Repository/SearchMessage/Page_TEST CHANNEL - TEAM NAME Mattermost/input_TEST CHANNEL_searchBox'

2021-05-30 02:42:23 - [MESSAGE][PASSED] - Keys 'ENTER + ' sent to object: 'Object Repository/SearchMessage/Page_TEST CHANNEL - TEAM NAME Mattermost/input_TEST CHANNEL_searchBox'

2021-05-30 02:42:23 - [TEST_STEP][PASSED] - Thread.sleep(500): null

2021-05-30 02:42:23 - [TEST_STEP][PASSED] - message = internalSearchMessages.getValue(1, i): null

2021-05-30 02:42:23 - [TEST_STEP][PASSED] - setText(findTestObject("Object Repository/SearchMessage/Page_TEST CHANNEL - TEAM NAME Mattermost/input_TEST CHANNEL_searchBox"), message): Text 'not found this message' is set on object 'Object Repository/SearchMessage/Page_TEST CHANNEL - TEAM NAME Mattermost/input_TEST CHANNEL_searchBox'

2021-05-30 02:42:24 - [MESSAGE][PASSED] - Text 'not found this message' is set on object 'Object Repository/SearchMessage/Page_TEST CHANNEL - TEAM NAME Mattermost/input_TEST CHANNEL_searchBox'

2021-05-30 02:42:24 - [TEST_STEP][PASSED] - sendKeys(findTestObject("Object Repository/SearchMessage/Page_TEST CHANNEL - TEAM NAME Mattermost/input_TEST CHANNEL_searchBox"), Keys.chord(ENTER)): Keys 'ENTER + ' sent to object: 'Object Repository/SearchMessage/Page_TEST CHANNEL - TEAM NAME Mattermost/input_TEST CHANNEL_searchBox'

2021-05-30 02:42:25 - [MESSAGE][PASSED] - Keys 'ENTER + ' sent to object: 'Object Repository/SearchMessage/Page_TEST CHANNEL - TEAM NAME Mattermost/input_TEST CHANNEL_searchBox'

2021-05-30 02:42:25 - [TEST_STEP][PASSED] - Thread.sleep(500): null

2021-05-30 02:42:25 - [TEST_STEP][PASSED] - closeBrowser(): Browser is closed

2021-05-30 02:42:26 - [MESSAGE][PASSED] - Browser is closed]]></system-out>
         <system-err><![CDATA[]]></system-err>
      </testcase>
      <testcase name="Test Cases/Loop/Send direct messages" time="21.795" classname="Test Cases/Loop/Send direct messages" status="PASSED">
         <system-out><![CDATA[2021-05-30 02:42:26 - [TEST_CASE][PASSED] - Test Cases/Loop/Send direct messages: Test Cases/Loop/Send direct messages

2021-05-30 02:42:26 - [TEST_STEP][PASSED] - callTestCase(findTestCase("Common Test Cases/Login"), ["Username":"nttuan", "Password":"12345678zZ@"], STOP_ON_FAILURE): Call Test Case 'Test Cases/Common Test Cases/Login' successfully

2021-05-30 02:42:26 - [TEST_CASE][PASSED] - Test Cases/Common Test Cases/Login: Test Cases/Common Test Cases/Login

2021-05-30 02:42:26 - [TEST_STEP][PASSED] - openBrowser(""): Browser is opened with url: ''

2021-05-30 02:42:26 - [MESSAGE][INFO] - Starting 'Chrome' driver

2021-05-30 02:42:26 - [MESSAGE][INFO] - Action delay is set to 0 milliseconds

2021-05-30 02:42:28 - [MESSAGE][PASSED] - Browser is opened with url: ''

2021-05-30 02:42:28 - [TEST_STEP][PASSED] - navigateToUrl("https://chudenangcao2021.cf/"): Navigate to 'https://chudenangcao2021.cf/' successfully

2021-05-30 02:42:28 - [MESSAGE][PASSED] - Navigate to 'https://chudenangcao2021.cf/' successfully

2021-05-30 02:42:28 - [TEST_STEP][PASSED] - setText(findTestObject("Object Repository/Page_Mattermost/input_All team communication in one place, _dcc84b"), Username): Text 'nttuan' is set on object 'Object Repository/Page_Mattermost/input_All team communication in one place, _dcc84b'

2021-05-30 02:42:30 - [MESSAGE][PASSED] - Text 'nttuan' is set on object 'Object Repository/Page_Mattermost/input_All team communication in one place, _dcc84b'

2021-05-30 02:42:30 - [TEST_STEP][PASSED] - setText(findTestObject("Object Repository/Page_Mattermost/input_All team communication in one place, _a3edc6"), Password): Text '12345678zZ@' is set on object 'Object Repository/Page_Mattermost/input_All team communication in one place, _a3edc6'

2021-05-30 02:42:30 - [MESSAGE][PASSED] - Text '12345678zZ@' is set on object 'Object Repository/Page_Mattermost/input_All team communication in one place, _a3edc6'

2021-05-30 02:42:30 - [TEST_STEP][PASSED] - click(findTestObject("Object Repository/Page_Mattermost/button_Sign in")): Object: 'Object Repository/Page_Mattermost/button_Sign in' is clicked on

2021-05-30 02:42:31 - [MESSAGE][PASSED] - Object: 'Object Repository/Page_Mattermost/button_Sign in' is clicked on

2021-05-30 02:42:31 - [TEST_STEP][PASSED] - verifyLinksAccessible(["https://chudenangcao2021.cf/cdnc-cnpm-2021/channels"]): All links are accessible

2021-05-30 02:42:31 - [MESSAGE][INFO] - HAR: C:\Users\nttuan\Downloads\CDNC\mattermost-testing\Reports\20210530_023726\Run all test cases\20210530_023726\requests\main\31.har

2021-05-30 02:42:31 - [MESSAGE][PASSED] - Send request successfully

2021-05-30 02:42:31 - [MESSAGE][PASSED] - All links are accessible

2021-05-30 02:42:31 - [MESSAGE][PASSED] - Call Test Case 'Test Cases/Common Test Cases/Login' successfully

2021-05-30 02:42:31 - [TEST_STEP][PASSED] - click(findTestObject("Object Repository/Direct Message/Page_TEST CHANNEL - TEAM NAME Mattermost/i_DIRECT MESSAGES_icon-plus")): Object: 'Object Repository/Direct Message/Page_TEST CHANNEL - TEAM NAME Mattermost/i_DIRECT MESSAGES_icon-plus' is clicked on

2021-05-30 02:42:33 - [MESSAGE][PASSED] - Object: 'Object Repository/Direct Message/Page_TEST CHANNEL - TEAM NAME Mattermost/i_DIRECT MESSAGES_icon-plus' is clicked on

2021-05-30 02:42:33 - [TEST_STEP][PASSED] - setText(findTestObject("Object Repository/Direct Message/Page_TEST CHANNEL - TEAM NAME Mattermost/input_Search for people_react-select-2-input"), username): Text 'nguyenvanb' is set on object 'Object Repository/Direct Message/Page_TEST CHANNEL - TEAM NAME Mattermost/input_Search for people_react-select-2-input'

2021-05-30 02:42:34 - [MESSAGE][PASSED] - Text 'nguyenvanb' is set on object 'Object Repository/Direct Message/Page_TEST CHANNEL - TEAM NAME Mattermost/input_Search for people_react-select-2-input'

2021-05-30 02:42:34 - [TEST_STEP][PASSED] - sendKeys(findTestObject("Object Repository/Direct Message/Page_TEST CHANNEL - TEAM NAME Mattermost/input_Search for people_react-select-2-input"), Keys.chord(ENTER)): Keys 'ENTER + ' sent to object: 'Object Repository/Direct Message/Page_TEST CHANNEL - TEAM NAME Mattermost/input_Search for people_react-select-2-input'

2021-05-30 02:42:35 - [MESSAGE][PASSED] - Keys 'ENTER + ' sent to object: 'Object Repository/Direct Message/Page_TEST CHANNEL - TEAM NAME Mattermost/input_Search for people_react-select-2-input'

2021-05-30 02:42:35 - [TEST_STEP][PASSED] - click(findTestObject("Object Repository/Direct Message/Page_TEST CHANNEL - TEAM NAME Mattermost/button_Go")): Object: 'Object Repository/Direct Message/Page_TEST CHANNEL - TEAM NAME Mattermost/button_Go' is clicked on

2021-05-30 02:42:35 - [MESSAGE][PASSED] - Object: 'Object Repository/Direct Message/Page_TEST CHANNEL - TEAM NAME Mattermost/button_Go' is clicked on

2021-05-30 02:42:35 - [TEST_STEP][PASSED] - message = String.format("This test will sent %d direct messages using while loop", nMessage): null

2021-05-30 02:42:35 - [TEST_STEP][PASSED] - format = DateTimeFormatter.ofPattern("dd-MM-yyyy HH:mm:ss"): null

2021-05-30 02:42:35 - [TEST_STEP][PASSED] - setText(findTestObject("Object Repository/Direct Message/Page_nguyenvanb - TEAM NAME Mattermost/textarea_Write to nguyenvanb_post_textbox"), message): Text 'This test will sent 5 direct messages using while loop' is set on object 'Object Repository/Direct Message/Page_nguyenvanb - TEAM NAME Mattermost/textarea_Write to nguyenvanb_post_textbox'

2021-05-30 02:42:37 - [MESSAGE][PASSED] - Text 'This test will sent 5 direct messages using while loop' is set on object 'Object Repository/Direct Message/Page_nguyenvanb - TEAM NAME Mattermost/textarea_Write to nguyenvanb_post_textbox'

2021-05-30 02:42:37 - [TEST_STEP][PASSED] - sendKeys(findTestObject("Object Repository/Direct Message/Page_nguyenvanb - TEAM NAME Mattermost/textarea_Write to nguyenvanb_post_textbox"), Keys.chord(ENTER)): Keys 'ENTER + ' sent to object: 'Object Repository/Direct Message/Page_nguyenvanb - TEAM NAME Mattermost/textarea_Write to nguyenvanb_post_textbox'

2021-05-30 02:42:38 - [MESSAGE][PASSED] - Keys 'ENTER + ' sent to object: 'Object Repository/Direct Message/Page_nguyenvanb - TEAM NAME Mattermost/textarea_Write to nguyenvanb_post_textbox'

2021-05-30 02:42:38 - [TEST_STEP][PASSED] - while (nMessage > 0): null

2021-05-30 02:42:38 - [TEST_STEP][PASSED] - message = String.format("Sent message to %s at %s", username, now().format(format)): null

2021-05-30 02:42:38 - [TEST_STEP][PASSED] - setText(findTestObject("Object Repository/Direct Message/Page_nguyenvanb - TEAM NAME Mattermost/textarea_Write to nguyenvanb_post_textbox"), message): Text 'Sent message to nguyenvanb at 30-05-2021 03:42:38' is set on object 'Object Repository/Direct Message/Page_nguyenvanb - TEAM NAME Mattermost/textarea_Write to nguyenvanb_post_textbox'

2021-05-30 02:42:39 - [MESSAGE][PASSED] - Text 'Sent message to nguyenvanb at 30-05-2021 03:42:38' is set on object 'Object Repository/Direct Message/Page_nguyenvanb - TEAM NAME Mattermost/textarea_Write to nguyenvanb_post_textbox'

2021-05-30 02:42:39 - [TEST_STEP][PASSED] - sendKeys(findTestObject("Object Repository/Direct Message/Page_nguyenvanb - TEAM NAME Mattermost/textarea_Write to nguyenvanb_post_textbox"), Keys.chord(ENTER)): Keys 'ENTER + ' sent to object: 'Object Repository/Direct Message/Page_nguyenvanb - TEAM NAME Mattermost/textarea_Write to nguyenvanb_post_textbox'

2021-05-30 02:42:39 - [MESSAGE][PASSED] - Keys 'ENTER + ' sent to object: 'Object Repository/Direct Message/Page_nguyenvanb - TEAM NAME Mattermost/textarea_Write to nguyenvanb_post_textbox'

2021-05-30 02:42:39 - [TEST_STEP][PASSED] - Thread.sleep(500): null

2021-05-30 02:42:40 - [TEST_STEP][PASSED] - (nMessage--): null

2021-05-30 02:42:40 - [TEST_STEP][PASSED] - message = String.format("Sent message to %s at %s", username, now().format(format)): null

2021-05-30 02:42:40 - [TEST_STEP][PASSED] - setText(findTestObject("Object Repository/Direct Message/Page_nguyenvanb - TEAM NAME Mattermost/textarea_Write to nguyenvanb_post_textbox"), message): Text 'Sent message to nguyenvanb at 30-05-2021 03:42:40' is set on object 'Object Repository/Direct Message/Page_nguyenvanb - TEAM NAME Mattermost/textarea_Write to nguyenvanb_post_textbox'

2021-05-30 02:42:41 - [MESSAGE][PASSED] - Text 'Sent message to nguyenvanb at 30-05-2021 03:42:40' is set on object 'Object Repository/Direct Message/Page_nguyenvanb - TEAM NAME Mattermost/textarea_Write to nguyenvanb_post_textbox'

2021-05-30 02:42:41 - [TEST_STEP][PASSED] - sendKeys(findTestObject("Object Repository/Direct Message/Page_nguyenvanb - TEAM NAME Mattermost/textarea_Write to nguyenvanb_post_textbox"), Keys.chord(ENTER)): Keys 'ENTER + ' sent to object: 'Object Repository/Direct Message/Page_nguyenvanb - TEAM NAME Mattermost/textarea_Write to nguyenvanb_post_textbox'

2021-05-30 02:42:41 - [MESSAGE][PASSED] - Keys 'ENTER + ' sent to object: 'Object Repository/Direct Message/Page_nguyenvanb - TEAM NAME Mattermost/textarea_Write to nguyenvanb_post_textbox'

2021-05-30 02:42:41 - [TEST_STEP][PASSED] - Thread.sleep(500): null

2021-05-30 02:42:42 - [TEST_STEP][PASSED] - (nMessage--): null

2021-05-30 02:42:42 - [TEST_STEP][PASSED] - message = String.format("Sent message to %s at %s", username, now().format(format)): null

2021-05-30 02:42:42 - [TEST_STEP][PASSED] - setText(findTestObject("Object Repository/Direct Message/Page_nguyenvanb - TEAM NAME Mattermost/textarea_Write to nguyenvanb_post_textbox"), message): Text 'Sent message to nguyenvanb at 30-05-2021 03:42:42' is set on object 'Object Repository/Direct Message/Page_nguyenvanb - TEAM NAME Mattermost/textarea_Write to nguyenvanb_post_textbox'

2021-05-30 02:42:42 - [MESSAGE][PASSED] - Text 'Sent message to nguyenvanb at 30-05-2021 03:42:42' is set on object 'Object Repository/Direct Message/Page_nguyenvanb - TEAM NAME Mattermost/textarea_Write to nguyenvanb_post_textbox'

2021-05-30 02:42:42 - [TEST_STEP][PASSED] - sendKeys(findTestObject("Object Repository/Direct Message/Page_nguyenvanb - TEAM NAME Mattermost/textarea_Write to nguyenvanb_post_textbox"), Keys.chord(ENTER)): Keys 'ENTER + ' sent to object: 'Object Repository/Direct Message/Page_nguyenvanb - TEAM NAME Mattermost/textarea_Write to nguyenvanb_post_textbox'

2021-05-30 02:42:43 - [MESSAGE][PASSED] - Keys 'ENTER + ' sent to object: 'Object Repository/Direct Message/Page_nguyenvanb - TEAM NAME Mattermost/textarea_Write to nguyenvanb_post_textbox'

2021-05-30 02:42:43 - [TEST_STEP][PASSED] - Thread.sleep(500): null

2021-05-30 02:42:43 - [TEST_STEP][PASSED] - (nMessage--): null

2021-05-30 02:42:43 - [TEST_STEP][PASSED] - message = String.format("Sent message to %s at %s", username, now().format(format)): null

2021-05-30 02:42:43 - [TEST_STEP][PASSED] - setText(findTestObject("Object Repository/Direct Message/Page_nguyenvanb - TEAM NAME Mattermost/textarea_Write to nguyenvanb_post_textbox"), message): Text 'Sent message to nguyenvanb at 30-05-2021 03:42:43' is set on object 'Object Repository/Direct Message/Page_nguyenvanb - TEAM NAME Mattermost/textarea_Write to nguyenvanb_post_textbox'

2021-05-30 02:42:44 - [MESSAGE][PASSED] - Text 'Sent message to nguyenvanb at 30-05-2021 03:42:43' is set on object 'Object Repository/Direct Message/Page_nguyenvanb - TEAM NAME Mattermost/textarea_Write to nguyenvanb_post_textbox'

2021-05-30 02:42:44 - [TEST_STEP][PASSED] - sendKeys(findTestObject("Object Repository/Direct Message/Page_nguyenvanb - TEAM NAME Mattermost/textarea_Write to nguyenvanb_post_textbox"), Keys.chord(ENTER)): Keys 'ENTER + ' sent to object: 'Object Repository/Direct Message/Page_nguyenvanb - TEAM NAME Mattermost/textarea_Write to nguyenvanb_post_textbox'

2021-05-30 02:42:45 - [MESSAGE][PASSED] - Keys 'ENTER + ' sent to object: 'Object Repository/Direct Message/Page_nguyenvanb - TEAM NAME Mattermost/textarea_Write to nguyenvanb_post_textbox'

2021-05-30 02:42:45 - [TEST_STEP][PASSED] - Thread.sleep(500): null

2021-05-30 02:42:45 - [TEST_STEP][PASSED] - (nMessage--): null

2021-05-30 02:42:45 - [TEST_STEP][PASSED] - message = String.format("Sent message to %s at %s", username, now().format(format)): null

2021-05-30 02:42:45 - [TEST_STEP][PASSED] - setText(findTestObject("Object Repository/Direct Message/Page_nguyenvanb - TEAM NAME Mattermost/textarea_Write to nguyenvanb_post_textbox"), message): Text 'Sent message to nguyenvanb at 30-05-2021 03:42:45' is set on object 'Object Repository/Direct Message/Page_nguyenvanb - TEAM NAME Mattermost/textarea_Write to nguyenvanb_post_textbox'

2021-05-30 02:42:46 - [MESSAGE][PASSED] - Text 'Sent message to nguyenvanb at 30-05-2021 03:42:45' is set on object 'Object Repository/Direct Message/Page_nguyenvanb - TEAM NAME Mattermost/textarea_Write to nguyenvanb_post_textbox'

2021-05-30 02:42:46 - [TEST_STEP][PASSED] - sendKeys(findTestObject("Object Repository/Direct Message/Page_nguyenvanb - TEAM NAME Mattermost/textarea_Write to nguyenvanb_post_textbox"), Keys.chord(ENTER)): Keys 'ENTER + ' sent to object: 'Object Repository/Direct Message/Page_nguyenvanb - TEAM NAME Mattermost/textarea_Write to nguyenvanb_post_textbox'

2021-05-30 02:42:47 - [MESSAGE][PASSED] - Keys 'ENTER + ' sent to object: 'Object Repository/Direct Message/Page_nguyenvanb - TEAM NAME Mattermost/textarea_Write to nguyenvanb_post_textbox'

2021-05-30 02:42:47 - [TEST_STEP][PASSED] - Thread.sleep(500): null

2021-05-30 02:42:47 - [TEST_STEP][PASSED] - (nMessage--): null

2021-05-30 02:42:47 - [TEST_STEP][PASSED] - closeBrowser(): Browser is closed

2021-05-30 02:42:48 - [MESSAGE][PASSED] - Browser is closed]]></system-out>
         <system-err><![CDATA[]]></system-err>
      </testcase>
      <testcase name="Test Cases/Loop/Send messages to private channel" time="18.786" classname="Test Cases/Loop/Send messages to private channel" status="PASSED">
         <system-out><![CDATA[2021-05-30 02:42:48 - [TEST_CASE][PASSED] - Test Cases/Loop/Send messages to private channel: Test Cases/Loop/Send messages to private channel

2021-05-30 02:42:48 - [TEST_STEP][PASSED] - callTestCase(findTestCase("Common Test Cases/Login"), ["Username":"nttuan", "Password":"12345678zZ@"], STOP_ON_FAILURE): Call Test Case 'Test Cases/Common Test Cases/Login' successfully

2021-05-30 02:42:48 - [TEST_CASE][PASSED] - Test Cases/Common Test Cases/Login: Test Cases/Common Test Cases/Login

2021-05-30 02:42:48 - [TEST_STEP][PASSED] - openBrowser(""): Browser is opened with url: ''

2021-05-30 02:42:48 - [MESSAGE][INFO] - Starting 'Chrome' driver

2021-05-30 02:42:48 - [MESSAGE][INFO] - Action delay is set to 0 milliseconds

2021-05-30 02:42:49 - [MESSAGE][PASSED] - Browser is opened with url: ''

2021-05-30 02:42:49 - [TEST_STEP][PASSED] - navigateToUrl("https://chudenangcao2021.cf/"): Navigate to 'https://chudenangcao2021.cf/' successfully

2021-05-30 02:42:50 - [MESSAGE][PASSED] - Navigate to 'https://chudenangcao2021.cf/' successfully

2021-05-30 02:42:50 - [TEST_STEP][PASSED] - setText(findTestObject("Object Repository/Page_Mattermost/input_All team communication in one place, _dcc84b"), Username): Text 'nttuan' is set on object 'Object Repository/Page_Mattermost/input_All team communication in one place, _dcc84b'

2021-05-30 02:42:51 - [MESSAGE][PASSED] - Text 'nttuan' is set on object 'Object Repository/Page_Mattermost/input_All team communication in one place, _dcc84b'

2021-05-30 02:42:51 - [TEST_STEP][PASSED] - setText(findTestObject("Object Repository/Page_Mattermost/input_All team communication in one place, _a3edc6"), Password): Text '12345678zZ@' is set on object 'Object Repository/Page_Mattermost/input_All team communication in one place, _a3edc6'

2021-05-30 02:42:52 - [MESSAGE][PASSED] - Text '12345678zZ@' is set on object 'Object Repository/Page_Mattermost/input_All team communication in one place, _a3edc6'

2021-05-30 02:42:52 - [TEST_STEP][PASSED] - click(findTestObject("Object Repository/Page_Mattermost/button_Sign in")): Object: 'Object Repository/Page_Mattermost/button_Sign in' is clicked on

2021-05-30 02:42:53 - [MESSAGE][PASSED] - Object: 'Object Repository/Page_Mattermost/button_Sign in' is clicked on

2021-05-30 02:42:53 - [TEST_STEP][PASSED] - verifyLinksAccessible(["https://chudenangcao2021.cf/cdnc-cnpm-2021/channels"]): All links are accessible

2021-05-30 02:42:53 - [MESSAGE][INFO] - HAR: C:\Users\nttuan\Downloads\CDNC\mattermost-testing\Reports\20210530_023726\Run all test cases\20210530_023726\requests\main\32.har

2021-05-30 02:42:53 - [MESSAGE][PASSED] - Send request successfully

2021-05-30 02:42:53 - [MESSAGE][PASSED] - All links are accessible

2021-05-30 02:42:53 - [MESSAGE][PASSED] - Call Test Case 'Test Cases/Common Test Cases/Login' successfully

2021-05-30 02:42:53 - [TEST_STEP][PASSED] - click(findTestObject("Object Repository/Private Channel/Page_TEST CHANNEL - TEAM NAME Mattermost/span_private channel")): Object: 'Object Repository/Private Channel/Page_TEST CHANNEL - TEAM NAME Mattermost/span_private channel' is clicked on

2021-05-30 02:42:54 - [MESSAGE][PASSED] - Object: 'Object Repository/Private Channel/Page_TEST CHANNEL - TEAM NAME Mattermost/span_private channel' is clicked on

2021-05-30 02:42:54 - [TEST_STEP][PASSED] - message = String.format("This test will sent %d messages using while loop", nMessage): null

2021-05-30 02:42:54 - [TEST_STEP][PASSED] - format = DateTimeFormatter.ofPattern("dd-MM-yyyy HH:mm:ss"): null

2021-05-30 02:42:54 - [TEST_STEP][PASSED] - setText(findTestObject("Object Repository/Private Channel/Page_private channel - TEAM NAME Mattermost/textarea_Write to private channel_post_textbox"), message): Text 'This test will sent 5 messages using while loop' is set on object 'Object Repository/Private Channel/Page_private channel - TEAM NAME Mattermost/textarea_Write to private channel_post_textbox'

2021-05-30 02:42:56 - [MESSAGE][PASSED] - Text 'This test will sent 5 messages using while loop' is set on object 'Object Repository/Private Channel/Page_private channel - TEAM NAME Mattermost/textarea_Write to private channel_post_textbox'

2021-05-30 02:42:56 - [TEST_STEP][PASSED] - sendKeys(findTestObject("Object Repository/Private Channel/Page_private channel - TEAM NAME Mattermost/textarea_Write to private channel_post_textbox"), Keys.chord(ENTER)): Keys 'ENTER + ' sent to object: 'Object Repository/Private Channel/Page_private channel - TEAM NAME Mattermost/textarea_Write to private channel_post_textbox'

2021-05-30 02:42:56 - [MESSAGE][PASSED] - Keys 'ENTER + ' sent to object: 'Object Repository/Private Channel/Page_private channel - TEAM NAME Mattermost/textarea_Write to private channel_post_textbox'

2021-05-30 02:42:56 - [TEST_STEP][PASSED] - while (nMessage > 0): null

2021-05-30 02:42:56 - [TEST_STEP][PASSED] - message = String.format("Send messages to private channel at %s", now().format(format)): null

2021-05-30 02:42:56 - [TEST_STEP][PASSED] - setText(findTestObject("Object Repository/Private Channel/Page_private channel - TEAM NAME Mattermost/textarea_Write to private channel_post_textbox"), message): Text 'Send messages to private channel at 30-05-2021 03:42:56' is set on object 'Object Repository/Private Channel/Page_private channel - TEAM NAME Mattermost/textarea_Write to private channel_post_textbox'

2021-05-30 02:42:57 - [MESSAGE][PASSED] - Text 'Send messages to private channel at 30-05-2021 03:42:56' is set on object 'Object Repository/Private Channel/Page_private channel - TEAM NAME Mattermost/textarea_Write to private channel_post_textbox'

2021-05-30 02:42:57 - [TEST_STEP][PASSED] - sendKeys(findTestObject("Object Repository/Private Channel/Page_private channel - TEAM NAME Mattermost/textarea_Write to private channel_post_textbox"), Keys.chord(ENTER)): Keys 'ENTER + ' sent to object: 'Object Repository/Private Channel/Page_private channel - TEAM NAME Mattermost/textarea_Write to private channel_post_textbox'

2021-05-30 02:42:58 - [MESSAGE][PASSED] - Keys 'ENTER + ' sent to object: 'Object Repository/Private Channel/Page_private channel - TEAM NAME Mattermost/textarea_Write to private channel_post_textbox'

2021-05-30 02:42:58 - [TEST_STEP][PASSED] - Thread.sleep(500): null

2021-05-30 02:42:59 - [TEST_STEP][PASSED] - (nMessage--): null

2021-05-30 02:42:59 - [TEST_STEP][PASSED] - message = String.format("Send messages to private channel at %s", now().format(format)): null

2021-05-30 02:42:59 - [TEST_STEP][PASSED] - setText(findTestObject("Object Repository/Private Channel/Page_private channel - TEAM NAME Mattermost/textarea_Write to private channel_post_textbox"), message): Text 'Send messages to private channel at 30-05-2021 03:42:59' is set on object 'Object Repository/Private Channel/Page_private channel - TEAM NAME Mattermost/textarea_Write to private channel_post_textbox'

2021-05-30 02:42:59 - [MESSAGE][PASSED] - Text 'Send messages to private channel at 30-05-2021 03:42:59' is set on object 'Object Repository/Private Channel/Page_private channel - TEAM NAME Mattermost/textarea_Write to private channel_post_textbox'

2021-05-30 02:42:59 - [TEST_STEP][PASSED] - sendKeys(findTestObject("Object Repository/Private Channel/Page_private channel - TEAM NAME Mattermost/textarea_Write to private channel_post_textbox"), Keys.chord(ENTER)): Keys 'ENTER + ' sent to object: 'Object Repository/Private Channel/Page_private channel - TEAM NAME Mattermost/textarea_Write to private channel_post_textbox'

2021-05-30 02:43:00 - [MESSAGE][PASSED] - Keys 'ENTER + ' sent to object: 'Object Repository/Private Channel/Page_private channel - TEAM NAME Mattermost/textarea_Write to private channel_post_textbox'

2021-05-30 02:43:00 - [TEST_STEP][PASSED] - Thread.sleep(500): null

2021-05-30 02:43:00 - [TEST_STEP][PASSED] - (nMessage--): null

2021-05-30 02:43:00 - [TEST_STEP][PASSED] - message = String.format("Send messages to private channel at %s", now().format(format)): null

2021-05-30 02:43:00 - [TEST_STEP][PASSED] - setText(findTestObject("Object Repository/Private Channel/Page_private channel - TEAM NAME Mattermost/textarea_Write to private channel_post_textbox"), message): Text 'Send messages to private channel at 30-05-2021 03:43:00' is set on object 'Object Repository/Private Channel/Page_private channel - TEAM NAME Mattermost/textarea_Write to private channel_post_textbox'

2021-05-30 02:43:01 - [MESSAGE][PASSED] - Text 'Send messages to private channel at 30-05-2021 03:43:00' is set on object 'Object Repository/Private Channel/Page_private channel - TEAM NAME Mattermost/textarea_Write to private channel_post_textbox'

2021-05-30 02:43:01 - [TEST_STEP][PASSED] - sendKeys(findTestObject("Object Repository/Private Channel/Page_private channel - TEAM NAME Mattermost/textarea_Write to private channel_post_textbox"), Keys.chord(ENTER)): Keys 'ENTER + ' sent to object: 'Object Repository/Private Channel/Page_private channel - TEAM NAME Mattermost/textarea_Write to private channel_post_textbox'

2021-05-30 02:43:02 - [MESSAGE][PASSED] - Keys 'ENTER + ' sent to object: 'Object Repository/Private Channel/Page_private channel - TEAM NAME Mattermost/textarea_Write to private channel_post_textbox'

2021-05-30 02:43:02 - [TEST_STEP][PASSED] - Thread.sleep(500): null

2021-05-30 02:43:02 - [TEST_STEP][PASSED] - (nMessage--): null

2021-05-30 02:43:02 - [TEST_STEP][PASSED] - message = String.format("Send messages to private channel at %s", now().format(format)): null

2021-05-30 02:43:02 - [TEST_STEP][PASSED] - setText(findTestObject("Object Repository/Private Channel/Page_private channel - TEAM NAME Mattermost/textarea_Write to private channel_post_textbox"), message): Text 'Send messages to private channel at 30-05-2021 03:43:02' is set on object 'Object Repository/Private Channel/Page_private channel - TEAM NAME Mattermost/textarea_Write to private channel_post_textbox'

2021-05-30 02:43:03 - [MESSAGE][PASSED] - Text 'Send messages to private channel at 30-05-2021 03:43:02' is set on object 'Object Repository/Private Channel/Page_private channel - TEAM NAME Mattermost/textarea_Write to private channel_post_textbox'

2021-05-30 02:43:03 - [TEST_STEP][PASSED] - sendKeys(findTestObject("Object Repository/Private Channel/Page_private channel - TEAM NAME Mattermost/textarea_Write to private channel_post_textbox"), Keys.chord(ENTER)): Keys 'ENTER + ' sent to object: 'Object Repository/Private Channel/Page_private channel - TEAM NAME Mattermost/textarea_Write to private channel_post_textbox'

2021-05-30 02:43:04 - [MESSAGE][PASSED] - Keys 'ENTER + ' sent to object: 'Object Repository/Private Channel/Page_private channel - TEAM NAME Mattermost/textarea_Write to private channel_post_textbox'

2021-05-30 02:43:04 - [TEST_STEP][PASSED] - Thread.sleep(500): null

2021-05-30 02:43:04 - [TEST_STEP][PASSED] - (nMessage--): null

2021-05-30 02:43:04 - [TEST_STEP][PASSED] - message = String.format("Send messages to private channel at %s", now().format(format)): null

2021-05-30 02:43:04 - [TEST_STEP][PASSED] - setText(findTestObject("Object Repository/Private Channel/Page_private channel - TEAM NAME Mattermost/textarea_Write to private channel_post_textbox"), message): Text 'Send messages to private channel at 30-05-2021 03:43:04' is set on object 'Object Repository/Private Channel/Page_private channel - TEAM NAME Mattermost/textarea_Write to private channel_post_textbox'

2021-05-30 02:43:05 - [MESSAGE][PASSED] - Text 'Send messages to private channel at 30-05-2021 03:43:04' is set on object 'Object Repository/Private Channel/Page_private channel - TEAM NAME Mattermost/textarea_Write to private channel_post_textbox'

2021-05-30 02:43:05 - [TEST_STEP][PASSED] - sendKeys(findTestObject("Object Repository/Private Channel/Page_private channel - TEAM NAME Mattermost/textarea_Write to private channel_post_textbox"), Keys.chord(ENTER)): Keys 'ENTER + ' sent to object: 'Object Repository/Private Channel/Page_private channel - TEAM NAME Mattermost/textarea_Write to private channel_post_textbox'

2021-05-30 02:43:05 - [MESSAGE][PASSED] - Keys 'ENTER + ' sent to object: 'Object Repository/Private Channel/Page_private channel - TEAM NAME Mattermost/textarea_Write to private channel_post_textbox'

2021-05-30 02:43:05 - [TEST_STEP][PASSED] - Thread.sleep(500): null

2021-05-30 02:43:06 - [TEST_STEP][PASSED] - (nMessage--): null

2021-05-30 02:43:06 - [TEST_STEP][PASSED] - closeBrowser(): Browser is closed

2021-05-30 02:43:07 - [MESSAGE][PASSED] - Browser is closed]]></system-out>
         <system-err><![CDATA[]]></system-err>
      </testcase>
      <testcase name="Test Cases/Loop/Send messages to public channel" time="14.62" classname="Test Cases/Loop/Send messages to public channel" status="PASSED">
         <system-out><![CDATA[2021-05-30 02:43:07 - [TEST_CASE][PASSED] - Test Cases/Loop/Send messages to public channel: Test Cases/Loop/Send messages to public channel

2021-05-30 02:43:07 - [TEST_STEP][PASSED] - callTestCase(findTestCase("Common Test Cases/Login"), ["Username":"nttuan", "Password":"12345678zZ@"], STOP_ON_FAILURE): Call Test Case 'Test Cases/Common Test Cases/Login' successfully

2021-05-30 02:43:07 - [TEST_CASE][PASSED] - Test Cases/Common Test Cases/Login: Test Cases/Common Test Cases/Login

2021-05-30 02:43:07 - [TEST_STEP][PASSED] - openBrowser(""): Browser is opened with url: ''

2021-05-30 02:43:07 - [MESSAGE][INFO] - Starting 'Chrome' driver

2021-05-30 02:43:07 - [MESSAGE][INFO] - Action delay is set to 0 milliseconds

2021-05-30 02:43:08 - [MESSAGE][PASSED] - Browser is opened with url: ''

2021-05-30 02:43:08 - [TEST_STEP][PASSED] - navigateToUrl("https://chudenangcao2021.cf/"): Navigate to 'https://chudenangcao2021.cf/' successfully

2021-05-30 02:43:09 - [MESSAGE][PASSED] - Navigate to 'https://chudenangcao2021.cf/' successfully

2021-05-30 02:43:09 - [TEST_STEP][PASSED] - setText(findTestObject("Object Repository/Page_Mattermost/input_All team communication in one place, _dcc84b"), Username): Text 'nttuan' is set on object 'Object Repository/Page_Mattermost/input_All team communication in one place, _dcc84b'

2021-05-30 02:43:10 - [MESSAGE][PASSED] - Text 'nttuan' is set on object 'Object Repository/Page_Mattermost/input_All team communication in one place, _dcc84b'

2021-05-30 02:43:10 - [TEST_STEP][PASSED] - setText(findTestObject("Object Repository/Page_Mattermost/input_All team communication in one place, _a3edc6"), Password): Text '12345678zZ@' is set on object 'Object Repository/Page_Mattermost/input_All team communication in one place, _a3edc6'

2021-05-30 02:43:11 - [MESSAGE][PASSED] - Text '12345678zZ@' is set on object 'Object Repository/Page_Mattermost/input_All team communication in one place, _a3edc6'

2021-05-30 02:43:11 - [TEST_STEP][PASSED] - click(findTestObject("Object Repository/Page_Mattermost/button_Sign in")): Object: 'Object Repository/Page_Mattermost/button_Sign in' is clicked on

2021-05-30 02:43:12 - [MESSAGE][PASSED] - Object: 'Object Repository/Page_Mattermost/button_Sign in' is clicked on

2021-05-30 02:43:12 - [TEST_STEP][PASSED] - verifyLinksAccessible(["https://chudenangcao2021.cf/cdnc-cnpm-2021/channels"]): All links are accessible

2021-05-30 02:43:12 - [MESSAGE][INFO] - HAR: C:\Users\nttuan\Downloads\CDNC\mattermost-testing\Reports\20210530_023726\Run all test cases\20210530_023726\requests\main\33.har

2021-05-30 02:43:12 - [MESSAGE][PASSED] - Send request successfully

2021-05-30 02:43:12 - [MESSAGE][PASSED] - All links are accessible

2021-05-30 02:43:12 - [MESSAGE][PASSED] - Call Test Case 'Test Cases/Common Test Cases/Login' successfully

2021-05-30 02:43:12 - [TEST_STEP][PASSED] - click(findTestObject("Page_TEST CHANNEL - TEAM NAME Mattermost/Page_TEST CHANNEL - TEAM NAME Mattermost/a_TEST CHANNEL")): Object: 'Object Repository/Page_TEST CHANNEL - TEAM NAME Mattermost/Page_TEST CHANNEL - TEAM NAME Mattermost/a_TEST CHANNEL' is clicked on

2021-05-30 02:43:13 - [MESSAGE][PASSED] - Object: 'Object Repository/Page_TEST CHANNEL - TEAM NAME Mattermost/Page_TEST CHANNEL - TEAM NAME Mattermost/a_TEST CHANNEL' is clicked on

2021-05-30 02:43:13 - [TEST_STEP][PASSED] - message = String.format("This test will sent %d messages using while loop", nMessage): null

2021-05-30 02:43:13 - [TEST_STEP][PASSED] - format = DateTimeFormatter.ofPattern("dd-MM-yyyy HH:mm:ss"): null

2021-05-30 02:43:13 - [TEST_STEP][PASSED] - setText(findTestObject("Page_TEST CHANNEL - TEAM NAME Mattermost/textarea_Write to TEST CHANNEL_post_textbox"), message): Text 'This test will sent 3 messages using while loop' is set on object 'Object Repository/Page_TEST CHANNEL - TEAM NAME Mattermost/textarea_Write to TEST CHANNEL_post_textbox'

2021-05-30 02:43:14 - [MESSAGE][PASSED] - Text 'This test will sent 3 messages using while loop' is set on object 'Object Repository/Page_TEST CHANNEL - TEAM NAME Mattermost/textarea_Write to TEST CHANNEL_post_textbox'

2021-05-30 02:43:14 - [TEST_STEP][PASSED] - sendKeys(findTestObject("Page_TEST CHANNEL - TEAM NAME Mattermost/textarea_Write to TEST CHANNEL_post_textbox"), Keys.chord(ENTER)): Keys 'ENTER + ' sent to object: 'Object Repository/Page_TEST CHANNEL - TEAM NAME Mattermost/textarea_Write to TEST CHANNEL_post_textbox'

2021-05-30 02:43:15 - [MESSAGE][PASSED] - Keys 'ENTER + ' sent to object: 'Object Repository/Page_TEST CHANNEL - TEAM NAME Mattermost/textarea_Write to TEST CHANNEL_post_textbox'

2021-05-30 02:43:15 - [TEST_STEP][PASSED] - while (nMessage > 0): null

2021-05-30 02:43:15 - [TEST_STEP][PASSED] - message = String.format("Send messages to public channel at %s", now().format(format)): null

2021-05-30 02:43:15 - [TEST_STEP][PASSED] - setText(findTestObject("Page_TEST CHANNEL - TEAM NAME Mattermost/textarea_Write to TEST CHANNEL_post_textbox"), message): Text 'Send messages to public channel at 30-05-2021 03:43:15' is set on object 'Object Repository/Page_TEST CHANNEL - TEAM NAME Mattermost/textarea_Write to TEST CHANNEL_post_textbox'

2021-05-30 02:43:16 - [MESSAGE][PASSED] - Text 'Send messages to public channel at 30-05-2021 03:43:15' is set on object 'Object Repository/Page_TEST CHANNEL - TEAM NAME Mattermost/textarea_Write to TEST CHANNEL_post_textbox'

2021-05-30 02:43:16 - [TEST_STEP][PASSED] - sendKeys(findTestObject("Page_TEST CHANNEL - TEAM NAME Mattermost/textarea_Write to TEST CHANNEL_post_textbox"), Keys.chord(ENTER)): Keys 'ENTER + ' sent to object: 'Object Repository/Page_TEST CHANNEL - TEAM NAME Mattermost/textarea_Write to TEST CHANNEL_post_textbox'

2021-05-30 02:43:16 - [MESSAGE][PASSED] - Keys 'ENTER + ' sent to object: 'Object Repository/Page_TEST CHANNEL - TEAM NAME Mattermost/textarea_Write to TEST CHANNEL_post_textbox'

2021-05-30 02:43:16 - [TEST_STEP][PASSED] - Thread.sleep(500): null

2021-05-30 02:43:17 - [TEST_STEP][PASSED] - (nMessage--): null

2021-05-30 02:43:17 - [TEST_STEP][PASSED] - message = String.format("Send messages to public channel at %s", now().format(format)): null

2021-05-30 02:43:17 - [TEST_STEP][PASSED] - setText(findTestObject("Page_TEST CHANNEL - TEAM NAME Mattermost/textarea_Write to TEST CHANNEL_post_textbox"), message): Text 'Send messages to public channel at 30-05-2021 03:43:17' is set on object 'Object Repository/Page_TEST CHANNEL - TEAM NAME Mattermost/textarea_Write to TEST CHANNEL_post_textbox'

2021-05-30 02:43:18 - [MESSAGE][PASSED] - Text 'Send messages to public channel at 30-05-2021 03:43:17' is set on object 'Object Repository/Page_TEST CHANNEL - TEAM NAME Mattermost/textarea_Write to TEST CHANNEL_post_textbox'

2021-05-30 02:43:18 - [TEST_STEP][PASSED] - sendKeys(findTestObject("Page_TEST CHANNEL - TEAM NAME Mattermost/textarea_Write to TEST CHANNEL_post_textbox"), Keys.chord(ENTER)): Keys 'ENTER + ' sent to object: 'Object Repository/Page_TEST CHANNEL - TEAM NAME Mattermost/textarea_Write to TEST CHANNEL_post_textbox'

2021-05-30 02:43:18 - [MESSAGE][PASSED] - Keys 'ENTER + ' sent to object: 'Object Repository/Page_TEST CHANNEL - TEAM NAME Mattermost/textarea_Write to TEST CHANNEL_post_textbox'

2021-05-30 02:43:18 - [TEST_STEP][PASSED] - Thread.sleep(500): null

2021-05-30 02:43:19 - [TEST_STEP][PASSED] - (nMessage--): null

2021-05-30 02:43:19 - [TEST_STEP][PASSED] - message = String.format("Send messages to public channel at %s", now().format(format)): null

2021-05-30 02:43:19 - [TEST_STEP][PASSED] - setText(findTestObject("Page_TEST CHANNEL - TEAM NAME Mattermost/textarea_Write to TEST CHANNEL_post_textbox"), message): Text 'Send messages to public channel at 30-05-2021 03:43:19' is set on object 'Object Repository/Page_TEST CHANNEL - TEAM NAME Mattermost/textarea_Write to TEST CHANNEL_post_textbox'

2021-05-30 02:43:20 - [MESSAGE][PASSED] - Text 'Send messages to public channel at 30-05-2021 03:43:19' is set on object 'Object Repository/Page_TEST CHANNEL - TEAM NAME Mattermost/textarea_Write to TEST CHANNEL_post_textbox'

2021-05-30 02:43:20 - [TEST_STEP][PASSED] - sendKeys(findTestObject("Page_TEST CHANNEL - TEAM NAME Mattermost/textarea_Write to TEST CHANNEL_post_textbox"), Keys.chord(ENTER)): Keys 'ENTER + ' sent to object: 'Object Repository/Page_TEST CHANNEL - TEAM NAME Mattermost/textarea_Write to TEST CHANNEL_post_textbox'

2021-05-30 02:43:20 - [MESSAGE][PASSED] - Keys 'ENTER + ' sent to object: 'Object Repository/Page_TEST CHANNEL - TEAM NAME Mattermost/textarea_Write to TEST CHANNEL_post_textbox'

2021-05-30 02:43:20 - [TEST_STEP][PASSED] - Thread.sleep(500): null

2021-05-30 02:43:21 - [TEST_STEP][PASSED] - (nMessage--): null

2021-05-30 02:43:21 - [TEST_STEP][PASSED] - closeBrowser(): Browser is closed

2021-05-30 02:43:21 - [MESSAGE][PASSED] - Browser is closed]]></system-out>
         <system-err><![CDATA[]]></system-err>
      </testcase>
      <testcase name="Test Cases/Internal Test Cases/CreateCategory" time="20.579" classname="Test Cases/Internal Test Cases/CreateCategory" status="PASSED">
         <system-out><![CDATA[2021-05-30 02:43:21 - [TEST_CASE][PASSED] - Test Cases/Internal Test Cases/CreateCategory: Test Cases/Internal Test Cases/CreateCategory

2021-05-30 02:43:22 - [TEST_STEP][PASSED] - callTestCase(findTestCase("Internal Test Cases/Successful Login"), ["Username":"", "Password":""], STOP_ON_FAILURE): Call Test Case 'Test Cases/Internal Test Cases/Successful Login' successfully

2021-05-30 02:43:22 - [TEST_CASE][PASSED] - Test Cases/Internal Test Cases/Successful Login: Test Cases/Internal Test Cases/Successful Login

2021-05-30 02:43:22 - [TEST_STEP][PASSED] - openBrowser(""): Browser is opened with url: ''

2021-05-30 02:43:22 - [MESSAGE][INFO] - Starting 'Chrome' driver

2021-05-30 02:43:22 - [MESSAGE][INFO] - Action delay is set to 0 milliseconds

2021-05-30 02:43:23 - [MESSAGE][PASSED] - Browser is opened with url: ''

2021-05-30 02:43:23 - [TEST_STEP][PASSED] - navigateToUrl("https://chudenangcao2021.cf/"): Navigate to 'https://chudenangcao2021.cf/' successfully

2021-05-30 02:43:24 - [MESSAGE][PASSED] - Navigate to 'https://chudenangcao2021.cf/' successfully

2021-05-30 02:43:24 - [TEST_STEP][PASSED] - setText(findTestObject("Object Repository/Page_Mattermost/input_All team communication in one place, _dcc84b"), findTestData("Internal/Internal Login Data").getValue(1, 1)): Text 'nguyenvanb' is set on object 'Object Repository/Page_Mattermost/input_All team communication in one place, _dcc84b'

2021-05-30 02:43:25 - [MESSAGE][PASSED] - Text 'nguyenvanb' is set on object 'Object Repository/Page_Mattermost/input_All team communication in one place, _dcc84b'

2021-05-30 02:43:25 - [TEST_STEP][PASSED] - setEncryptedText(findTestObject("Object Repository/Page_Mattermost/input_All team communication in one place, _a3edc6"), findTestData("Internal/Internal Login Data").getValue(2, 1)): Text ****** has been set on object 'Object Repository/Page_Mattermost/input_All team communication in one place, _a3edc6'

2021-05-30 02:43:26 - [MESSAGE][PASSED] - Text ****** has been set on object 'Object Repository/Page_Mattermost/input_All team communication in one place, _a3edc6'

2021-05-30 02:43:26 - [TEST_STEP][PASSED] - click(findTestObject("Object Repository/Page_Mattermost/button_Sign in")): Object: 'Object Repository/Page_Mattermost/button_Sign in' is clicked on

2021-05-30 02:43:26 - [MESSAGE][PASSED] - Object: 'Object Repository/Page_Mattermost/button_Sign in' is clicked on

2021-05-30 02:43:26 - [TEST_STEP][PASSED] - verifyLinksAccessible(["https://chudenangcao2021.cf/cdnc-cnpm-2021/channels"]): All links are accessible

2021-05-30 02:43:26 - [MESSAGE][INFO] - HAR: C:\Users\nttuan\Downloads\CDNC\mattermost-testing\Reports\20210530_023726\Run all test cases\20210530_023726\requests\main\34.har

2021-05-30 02:43:26 - [MESSAGE][PASSED] - Send request successfully

2021-05-30 02:43:26 - [MESSAGE][PASSED] - All links are accessible

2021-05-30 02:43:26 - [MESSAGE][PASSED] - Call Test Case 'Test Cases/Internal Test Cases/Successful Login' successfully

2021-05-30 02:43:26 - [TEST_STEP][PASSED] - for ([rowNum = 1, rowNum <= findTestData("Internal/Internal Category").getRowNumbers(), (rowNum++)]): Object: 'Object Repository/CreateCtegory/Page_TEST CHANNEL - TEAM NAME Mattermost/span_Create' is clicked on

2021-05-30 02:43:26 - [TEST_STEP][PASSED] - click(findTestObject("Object Repository/CreateCtegory/Page_TEST CHANNEL - TEAM NAME Mattermost/i_CtrlK_icon-plus")): Object: 'Object Repository/CreateCtegory/Page_TEST CHANNEL - TEAM NAME Mattermost/i_CtrlK_icon-plus' is clicked on

2021-05-30 02:43:28 - [MESSAGE][PASSED] - Object: 'Object Repository/CreateCtegory/Page_TEST CHANNEL - TEAM NAME Mattermost/i_CtrlK_icon-plus' is clicked on

2021-05-30 02:43:28 - [TEST_STEP][PASSED] - click(findTestObject("Object Repository/CreateCtegory/Page_TEST CHANNEL - TEAM NAME Mattermost/span_Create New Category")): Object: 'Object Repository/CreateCtegory/Page_TEST CHANNEL - TEAM NAME Mattermost/span_Create New Category' is clicked on

2021-05-30 02:43:29 - [MESSAGE][PASSED] - Object: 'Object Repository/CreateCtegory/Page_TEST CHANNEL - TEAM NAME Mattermost/span_Create New Category' is clicked on

2021-05-30 02:43:29 - [TEST_STEP][PASSED] - setText(findTestObject("Object Repository/CreateCtegory/Page_TEST CHANNEL - TEAM NAME Mattermost/input_Create New Category_MaxLengthInput fo_27ca36"), findTestData("Internal/Internal Category").getValue(1, rowNum)): Text 'Category 1' is set on object 'Object Repository/CreateCtegory/Page_TEST CHANNEL - TEAM NAME Mattermost/input_Create New Category_MaxLengthInput fo_27ca36'

2021-05-30 02:43:30 - [MESSAGE][PASSED] - Text 'Category 1' is set on object 'Object Repository/CreateCtegory/Page_TEST CHANNEL - TEAM NAME Mattermost/input_Create New Category_MaxLengthInput fo_27ca36'

2021-05-30 02:43:30 - [TEST_STEP][PASSED] - click(findTestObject("Object Repository/CreateCtegory/Page_TEST CHANNEL - TEAM NAME Mattermost/span_Create")): Object: 'Object Repository/CreateCtegory/Page_TEST CHANNEL - TEAM NAME Mattermost/span_Create' is clicked on

2021-05-30 02:43:30 - [MESSAGE][PASSED] - Object: 'Object Repository/CreateCtegory/Page_TEST CHANNEL - TEAM NAME Mattermost/span_Create' is clicked on

2021-05-30 02:43:30 - [TEST_STEP][PASSED] - click(findTestObject("Object Repository/CreateCtegory/Page_TEST CHANNEL - TEAM NAME Mattermost/i_CtrlK_icon-plus")): Object: 'Object Repository/CreateCtegory/Page_TEST CHANNEL - TEAM NAME Mattermost/i_CtrlK_icon-plus' is clicked on

2021-05-30 02:43:31 - [MESSAGE][PASSED] - Object: 'Object Repository/CreateCtegory/Page_TEST CHANNEL - TEAM NAME Mattermost/i_CtrlK_icon-plus' is clicked on

2021-05-30 02:43:31 - [TEST_STEP][PASSED] - click(findTestObject("Object Repository/CreateCtegory/Page_TEST CHANNEL - TEAM NAME Mattermost/span_Create New Category")): Object: 'Object Repository/CreateCtegory/Page_TEST CHANNEL - TEAM NAME Mattermost/span_Create New Category' is clicked on

2021-05-30 02:43:31 - [MESSAGE][PASSED] - Object: 'Object Repository/CreateCtegory/Page_TEST CHANNEL - TEAM NAME Mattermost/span_Create New Category' is clicked on

2021-05-30 02:43:31 - [TEST_STEP][PASSED] - setText(findTestObject("Object Repository/CreateCtegory/Page_TEST CHANNEL - TEAM NAME Mattermost/input_Create New Category_MaxLengthInput fo_27ca36"), findTestData("Internal/Internal Category").getValue(1, rowNum)): Text 'Category 2' is set on object 'Object Repository/CreateCtegory/Page_TEST CHANNEL - TEAM NAME Mattermost/input_Create New Category_MaxLengthInput fo_27ca36'

2021-05-30 02:43:33 - [MESSAGE][PASSED] - Text 'Category 2' is set on object 'Object Repository/CreateCtegory/Page_TEST CHANNEL - TEAM NAME Mattermost/input_Create New Category_MaxLengthInput fo_27ca36'

2021-05-30 02:43:33 - [TEST_STEP][PASSED] - click(findTestObject("Object Repository/CreateCtegory/Page_TEST CHANNEL - TEAM NAME Mattermost/span_Create")): Object: 'Object Repository/CreateCtegory/Page_TEST CHANNEL - TEAM NAME Mattermost/span_Create' is clicked on

2021-05-30 02:43:33 - [MESSAGE][PASSED] - Object: 'Object Repository/CreateCtegory/Page_TEST CHANNEL - TEAM NAME Mattermost/span_Create' is clicked on

2021-05-30 02:43:33 - [TEST_STEP][PASSED] - click(findTestObject("Object Repository/CreateCtegory/Page_TEST CHANNEL - TEAM NAME Mattermost/i_CtrlK_icon-plus")): Object: 'Object Repository/CreateCtegory/Page_TEST CHANNEL - TEAM NAME Mattermost/i_CtrlK_icon-plus' is clicked on

2021-05-30 02:43:34 - [MESSAGE][PASSED] - Object: 'Object Repository/CreateCtegory/Page_TEST CHANNEL - TEAM NAME Mattermost/i_CtrlK_icon-plus' is clicked on

2021-05-30 02:43:34 - [TEST_STEP][PASSED] - click(findTestObject("Object Repository/CreateCtegory/Page_TEST CHANNEL - TEAM NAME Mattermost/span_Create New Category")): Object: 'Object Repository/CreateCtegory/Page_TEST CHANNEL - TEAM NAME Mattermost/span_Create New Category' is clicked on

2021-05-30 02:43:34 - [MESSAGE][PASSED] - Object: 'Object Repository/CreateCtegory/Page_TEST CHANNEL - TEAM NAME Mattermost/span_Create New Category' is clicked on

2021-05-30 02:43:34 - [TEST_STEP][PASSED] - setText(findTestObject("Object Repository/CreateCtegory/Page_TEST CHANNEL - TEAM NAME Mattermost/input_Create New Category_MaxLengthInput fo_27ca36"), findTestData("Internal/Internal Category").getValue(1, rowNum)): Text 'Category 3' is set on object 'Object Repository/CreateCtegory/Page_TEST CHANNEL - TEAM NAME Mattermost/input_Create New Category_MaxLengthInput fo_27ca36'

2021-05-30 02:43:35 - [MESSAGE][PASSED] - Text 'Category 3' is set on object 'Object Repository/CreateCtegory/Page_TEST CHANNEL - TEAM NAME Mattermost/input_Create New Category_MaxLengthInput fo_27ca36'

2021-05-30 02:43:35 - [TEST_STEP][PASSED] - click(findTestObject("Object Repository/CreateCtegory/Page_TEST CHANNEL - TEAM NAME Mattermost/span_Create")): Object: 'Object Repository/CreateCtegory/Page_TEST CHANNEL - TEAM NAME Mattermost/span_Create' is clicked on

2021-05-30 02:43:36 - [MESSAGE][PASSED] - Object: 'Object Repository/CreateCtegory/Page_TEST CHANNEL - TEAM NAME Mattermost/span_Create' is clicked on

2021-05-30 02:43:36 - [TEST_STEP][PASSED] - click(findTestObject("Object Repository/CreateCtegory/Page_TEST CHANNEL - TEAM NAME Mattermost/i_CtrlK_icon-plus")): Object: 'Object Repository/CreateCtegory/Page_TEST CHANNEL - TEAM NAME Mattermost/i_CtrlK_icon-plus' is clicked on

2021-05-30 02:43:36 - [MESSAGE][PASSED] - Object: 'Object Repository/CreateCtegory/Page_TEST CHANNEL - TEAM NAME Mattermost/i_CtrlK_icon-plus' is clicked on

2021-05-30 02:43:36 - [TEST_STEP][PASSED] - click(findTestObject("Object Repository/CreateCtegory/Page_TEST CHANNEL - TEAM NAME Mattermost/span_Create New Category")): Object: 'Object Repository/CreateCtegory/Page_TEST CHANNEL - TEAM NAME Mattermost/span_Create New Category' is clicked on

2021-05-30 02:43:37 - [MESSAGE][PASSED] - Object: 'Object Repository/CreateCtegory/Page_TEST CHANNEL - TEAM NAME Mattermost/span_Create New Category' is clicked on

2021-05-30 02:43:37 - [TEST_STEP][PASSED] - setText(findTestObject("Object Repository/CreateCtegory/Page_TEST CHANNEL - TEAM NAME Mattermost/input_Create New Category_MaxLengthInput fo_27ca36"), findTestData("Internal/Internal Category").getValue(1, rowNum)): Text 'Category 4' is set on object 'Object Repository/CreateCtegory/Page_TEST CHANNEL - TEAM NAME Mattermost/input_Create New Category_MaxLengthInput fo_27ca36'

2021-05-30 02:43:38 - [MESSAGE][PASSED] - Text 'Category 4' is set on object 'Object Repository/CreateCtegory/Page_TEST CHANNEL - TEAM NAME Mattermost/input_Create New Category_MaxLengthInput fo_27ca36'

2021-05-30 02:43:38 - [TEST_STEP][PASSED] - click(findTestObject("Object Repository/CreateCtegory/Page_TEST CHANNEL - TEAM NAME Mattermost/span_Create")): Object: 'Object Repository/CreateCtegory/Page_TEST CHANNEL - TEAM NAME Mattermost/span_Create' is clicked on

2021-05-30 02:43:39 - [MESSAGE][PASSED] - Object: 'Object Repository/CreateCtegory/Page_TEST CHANNEL - TEAM NAME Mattermost/span_Create' is clicked on

2021-05-30 02:43:39 - [TEST_STEP][PASSED] - click(findTestObject("Object Repository/CreateCtegory/Page_TEST CHANNEL - TEAM NAME Mattermost/i_CtrlK_icon-plus")): Object: 'Object Repository/CreateCtegory/Page_TEST CHANNEL - TEAM NAME Mattermost/i_CtrlK_icon-plus' is clicked on

2021-05-30 02:43:39 - [MESSAGE][PASSED] - Object: 'Object Repository/CreateCtegory/Page_TEST CHANNEL - TEAM NAME Mattermost/i_CtrlK_icon-plus' is clicked on

2021-05-30 02:43:39 - [TEST_STEP][PASSED] - click(findTestObject("Object Repository/CreateCtegory/Page_TEST CHANNEL - TEAM NAME Mattermost/span_Create New Category")): Object: 'Object Repository/CreateCtegory/Page_TEST CHANNEL - TEAM NAME Mattermost/span_Create New Category' is clicked on

2021-05-30 02:43:40 - [MESSAGE][PASSED] - Object: 'Object Repository/CreateCtegory/Page_TEST CHANNEL - TEAM NAME Mattermost/span_Create New Category' is clicked on

2021-05-30 02:43:40 - [TEST_STEP][PASSED] - setText(findTestObject("Object Repository/CreateCtegory/Page_TEST CHANNEL - TEAM NAME Mattermost/input_Create New Category_MaxLengthInput fo_27ca36"), findTestData("Internal/Internal Category").getValue(1, rowNum)): Text 'Category 5' is set on object 'Object Repository/CreateCtegory/Page_TEST CHANNEL - TEAM NAME Mattermost/input_Create New Category_MaxLengthInput fo_27ca36'

2021-05-30 02:43:41 - [MESSAGE][PASSED] - Text 'Category 5' is set on object 'Object Repository/CreateCtegory/Page_TEST CHANNEL - TEAM NAME Mattermost/input_Create New Category_MaxLengthInput fo_27ca36'

2021-05-30 02:43:41 - [TEST_STEP][PASSED] - click(findTestObject("Object Repository/CreateCtegory/Page_TEST CHANNEL - TEAM NAME Mattermost/span_Create")): Object: 'Object Repository/CreateCtegory/Page_TEST CHANNEL - TEAM NAME Mattermost/span_Create' is clicked on

2021-05-30 02:43:41 - [MESSAGE][PASSED] - Object: 'Object Repository/CreateCtegory/Page_TEST CHANNEL - TEAM NAME Mattermost/span_Create' is clicked on

2021-05-30 02:43:41 - [TEST_STEP][PASSED] - closeBrowser(): Browser is closed

2021-05-30 02:43:42 - [MESSAGE][PASSED] - Browser is closed]]></system-out>
         <system-err><![CDATA[]]></system-err>
      </testcase>
      <testcase name="Test Cases/Internal Test Cases/CreateChannelPrivate" time="22.127" classname="Test Cases/Internal Test Cases/CreateChannelPrivate" status="PASSED">
         <system-out><![CDATA[2021-05-30 02:43:42 - [TEST_CASE][PASSED] - Test Cases/Internal Test Cases/CreateChannelPrivate: Test Cases/Internal Test Cases/CreateChannelPrivate

2021-05-30 02:43:42 - [TEST_STEP][PASSED] - callTestCase(findTestCase("Internal Test Cases/Successful Login"), ["Username":"", "Password":""], STOP_ON_FAILURE): Call Test Case 'Test Cases/Internal Test Cases/Successful Login' successfully

2021-05-30 02:43:42 - [TEST_CASE][PASSED] - Test Cases/Internal Test Cases/Successful Login: Test Cases/Internal Test Cases/Successful Login

2021-05-30 02:43:42 - [TEST_STEP][PASSED] - openBrowser(""): Browser is opened with url: ''

2021-05-30 02:43:42 - [MESSAGE][INFO] - Starting 'Chrome' driver

2021-05-30 02:43:42 - [MESSAGE][INFO] - Action delay is set to 0 milliseconds

2021-05-30 02:43:43 - [MESSAGE][PASSED] - Browser is opened with url: ''

2021-05-30 02:43:43 - [TEST_STEP][PASSED] - navigateToUrl("https://chudenangcao2021.cf/"): Navigate to 'https://chudenangcao2021.cf/' successfully

2021-05-30 02:43:44 - [MESSAGE][PASSED] - Navigate to 'https://chudenangcao2021.cf/' successfully

2021-05-30 02:43:44 - [TEST_STEP][PASSED] - setText(findTestObject("Object Repository/Page_Mattermost/input_All team communication in one place, _dcc84b"), findTestData("Internal/Internal Login Data").getValue(1, 1)): Text 'nguyenvanb' is set on object 'Object Repository/Page_Mattermost/input_All team communication in one place, _dcc84b'

2021-05-30 02:43:45 - [MESSAGE][PASSED] - Text 'nguyenvanb' is set on object 'Object Repository/Page_Mattermost/input_All team communication in one place, _dcc84b'

2021-05-30 02:43:45 - [TEST_STEP][PASSED] - setEncryptedText(findTestObject("Object Repository/Page_Mattermost/input_All team communication in one place, _a3edc6"), findTestData("Internal/Internal Login Data").getValue(2, 1)): Text ****** has been set on object 'Object Repository/Page_Mattermost/input_All team communication in one place, _a3edc6'

2021-05-30 02:43:46 - [MESSAGE][PASSED] - Text ****** has been set on object 'Object Repository/Page_Mattermost/input_All team communication in one place, _a3edc6'

2021-05-30 02:43:46 - [TEST_STEP][PASSED] - click(findTestObject("Object Repository/Page_Mattermost/button_Sign in")): Object: 'Object Repository/Page_Mattermost/button_Sign in' is clicked on

2021-05-30 02:43:46 - [MESSAGE][PASSED] - Object: 'Object Repository/Page_Mattermost/button_Sign in' is clicked on

2021-05-30 02:43:46 - [TEST_STEP][PASSED] - verifyLinksAccessible(["https://chudenangcao2021.cf/cdnc-cnpm-2021/channels"]): All links are accessible

2021-05-30 02:43:46 - [MESSAGE][INFO] - HAR: C:\Users\nttuan\Downloads\CDNC\mattermost-testing\Reports\20210530_023726\Run all test cases\20210530_023726\requests\main\35.har

2021-05-30 02:43:47 - [MESSAGE][PASSED] - Send request successfully

2021-05-30 02:43:47 - [MESSAGE][PASSED] - All links are accessible

2021-05-30 02:43:47 - [MESSAGE][PASSED] - Call Test Case 'Test Cases/Internal Test Cases/Successful Login' successfully

2021-05-30 02:43:47 - [TEST_STEP][PASSED] - for ([rowNum = 1, rowNum <= findTestData("Internal/Internal Channel Private").getRowNumbers(), (rowNum++)]): Object: 'Object Repository/CreateChannel/Page_TEST CHANNEL - TEAM NAME Mattermost/button_Create Channel' is clicked on

2021-05-30 02:43:47 - [TEST_STEP][PASSED] - click(findTestObject("Object Repository/CreateChannel/Page_TEST CHANNEL - TEAM NAME Mattermost/i_CtrlK_icon-plus")): Object: 'Object Repository/CreateChannel/Page_TEST CHANNEL - TEAM NAME Mattermost/i_CtrlK_icon-plus' is clicked on

2021-05-30 02:43:48 - [MESSAGE][PASSED] - Object: 'Object Repository/CreateChannel/Page_TEST CHANNEL - TEAM NAME Mattermost/i_CtrlK_icon-plus' is clicked on

2021-05-30 02:43:48 - [TEST_STEP][PASSED] - click(findTestObject("Object Repository/CreateChannel/Page_TEST CHANNEL - TEAM NAME Mattermost/span_Create New Channel")): Object: 'Object Repository/CreateChannel/Page_TEST CHANNEL - TEAM NAME Mattermost/span_Create New Channel' is clicked on

2021-05-30 02:43:49 - [MESSAGE][PASSED] - Object: 'Object Repository/CreateChannel/Page_TEST CHANNEL - TEAM NAME Mattermost/span_Create New Channel' is clicked on

2021-05-30 02:43:49 - [TEST_STEP][PASSED] - click(findTestObject("Object Repository/CreateChannelPrivate/Page_TEST CHANNEL - TEAM NAME Mattermost/input_- Anyone can join this channel_channelType")): Object: 'Object Repository/CreateChannelPrivate/Page_TEST CHANNEL - TEAM NAME Mattermost/input_- Anyone can join this channel_channelType' is clicked on

2021-05-30 02:43:49 - [MESSAGE][PASSED] - Object: 'Object Repository/CreateChannelPrivate/Page_TEST CHANNEL - TEAM NAME Mattermost/input_- Anyone can join this channel_channelType' is clicked on

2021-05-30 02:43:49 - [TEST_STEP][PASSED] - setText(findTestObject("Object Repository/CreateChannel/Page_TEST CHANNEL - TEAM NAME Mattermost/input_Name_newChannelName"), findTestData("Internal/Internal Channel Private").getValue(1, rowNum)): Text 'Channel private 1223' is set on object 'Object Repository/CreateChannel/Page_TEST CHANNEL - TEAM NAME Mattermost/input_Name_newChannelName'

2021-05-30 02:43:50 - [MESSAGE][PASSED] - Text 'Channel private 1223' is set on object 'Object Repository/CreateChannel/Page_TEST CHANNEL - TEAM NAME Mattermost/input_Name_newChannelName'

2021-05-30 02:43:50 - [TEST_STEP][PASSED] - click(findTestObject("Object Repository/CreateChannel/Page_TEST CHANNEL - TEAM NAME Mattermost/button_Create Channel")): Object: 'Object Repository/CreateChannel/Page_TEST CHANNEL - TEAM NAME Mattermost/button_Create Channel' is clicked on

2021-05-30 02:43:51 - [MESSAGE][PASSED] - Object: 'Object Repository/CreateChannel/Page_TEST CHANNEL - TEAM NAME Mattermost/button_Create Channel' is clicked on

2021-05-30 02:43:51 - [TEST_STEP][PASSED] - click(findTestObject("Object Repository/CreateChannel/Page_TEST CHANNEL - TEAM NAME Mattermost/i_CtrlK_icon-plus")): Object: 'Object Repository/CreateChannel/Page_TEST CHANNEL - TEAM NAME Mattermost/i_CtrlK_icon-plus' is clicked on

2021-05-30 02:43:51 - [MESSAGE][PASSED] - Object: 'Object Repository/CreateChannel/Page_TEST CHANNEL - TEAM NAME Mattermost/i_CtrlK_icon-plus' is clicked on

2021-05-30 02:43:51 - [TEST_STEP][PASSED] - click(findTestObject("Object Repository/CreateChannel/Page_TEST CHANNEL - TEAM NAME Mattermost/span_Create New Channel")): Object: 'Object Repository/CreateChannel/Page_TEST CHANNEL - TEAM NAME Mattermost/span_Create New Channel' is clicked on

2021-05-30 02:43:52 - [MESSAGE][PASSED] - Object: 'Object Repository/CreateChannel/Page_TEST CHANNEL - TEAM NAME Mattermost/span_Create New Channel' is clicked on

2021-05-30 02:43:52 - [TEST_STEP][PASSED] - click(findTestObject("Object Repository/CreateChannelPrivate/Page_TEST CHANNEL - TEAM NAME Mattermost/input_- Anyone can join this channel_channelType")): Object: 'Object Repository/CreateChannelPrivate/Page_TEST CHANNEL - TEAM NAME Mattermost/input_- Anyone can join this channel_channelType' is clicked on

2021-05-30 02:43:53 - [MESSAGE][PASSED] - Object: 'Object Repository/CreateChannelPrivate/Page_TEST CHANNEL - TEAM NAME Mattermost/input_- Anyone can join this channel_channelType' is clicked on

2021-05-30 02:43:53 - [TEST_STEP][PASSED] - setText(findTestObject("Object Repository/CreateChannel/Page_TEST CHANNEL - TEAM NAME Mattermost/input_Name_newChannelName"), findTestData("Internal/Internal Channel Private").getValue(1, rowNum)): Text 'Channel private 2223' is set on object 'Object Repository/CreateChannel/Page_TEST CHANNEL - TEAM NAME Mattermost/input_Name_newChannelName'

2021-05-30 02:43:53 - [MESSAGE][PASSED] - Text 'Channel private 2223' is set on object 'Object Repository/CreateChannel/Page_TEST CHANNEL - TEAM NAME Mattermost/input_Name_newChannelName'

2021-05-30 02:43:53 - [TEST_STEP][PASSED] - click(findTestObject("Object Repository/CreateChannel/Page_TEST CHANNEL - TEAM NAME Mattermost/button_Create Channel")): Object: 'Object Repository/CreateChannel/Page_TEST CHANNEL - TEAM NAME Mattermost/button_Create Channel' is clicked on

2021-05-30 02:43:54 - [MESSAGE][PASSED] - Object: 'Object Repository/CreateChannel/Page_TEST CHANNEL - TEAM NAME Mattermost/button_Create Channel' is clicked on

2021-05-30 02:43:54 - [TEST_STEP][PASSED] - click(findTestObject("Object Repository/CreateChannel/Page_TEST CHANNEL - TEAM NAME Mattermost/i_CtrlK_icon-plus")): Object: 'Object Repository/CreateChannel/Page_TEST CHANNEL - TEAM NAME Mattermost/i_CtrlK_icon-plus' is clicked on

2021-05-30 02:43:54 - [MESSAGE][PASSED] - Object: 'Object Repository/CreateChannel/Page_TEST CHANNEL - TEAM NAME Mattermost/i_CtrlK_icon-plus' is clicked on

2021-05-30 02:43:54 - [TEST_STEP][PASSED] - click(findTestObject("Object Repository/CreateChannel/Page_TEST CHANNEL - TEAM NAME Mattermost/span_Create New Channel")): Object: 'Object Repository/CreateChannel/Page_TEST CHANNEL - TEAM NAME Mattermost/span_Create New Channel' is clicked on

2021-05-30 02:43:55 - [MESSAGE][PASSED] - Object: 'Object Repository/CreateChannel/Page_TEST CHANNEL - TEAM NAME Mattermost/span_Create New Channel' is clicked on

2021-05-30 02:43:55 - [TEST_STEP][PASSED] - click(findTestObject("Object Repository/CreateChannelPrivate/Page_TEST CHANNEL - TEAM NAME Mattermost/input_- Anyone can join this channel_channelType")): Object: 'Object Repository/CreateChannelPrivate/Page_TEST CHANNEL - TEAM NAME Mattermost/input_- Anyone can join this channel_channelType' is clicked on

2021-05-30 02:43:56 - [MESSAGE][PASSED] - Object: 'Object Repository/CreateChannelPrivate/Page_TEST CHANNEL - TEAM NAME Mattermost/input_- Anyone can join this channel_channelType' is clicked on

2021-05-30 02:43:56 - [TEST_STEP][PASSED] - setText(findTestObject("Object Repository/CreateChannel/Page_TEST CHANNEL - TEAM NAME Mattermost/input_Name_newChannelName"), findTestData("Internal/Internal Channel Private").getValue(1, rowNum)): Text 'Channel private 3223' is set on object 'Object Repository/CreateChannel/Page_TEST CHANNEL - TEAM NAME Mattermost/input_Name_newChannelName'

2021-05-30 02:43:56 - [MESSAGE][PASSED] - Text 'Channel private 3223' is set on object 'Object Repository/CreateChannel/Page_TEST CHANNEL - TEAM NAME Mattermost/input_Name_newChannelName'

2021-05-30 02:43:56 - [TEST_STEP][PASSED] - click(findTestObject("Object Repository/CreateChannel/Page_TEST CHANNEL - TEAM NAME Mattermost/button_Create Channel")): Object: 'Object Repository/CreateChannel/Page_TEST CHANNEL - TEAM NAME Mattermost/button_Create Channel' is clicked on

2021-05-30 02:43:57 - [MESSAGE][PASSED] - Object: 'Object Repository/CreateChannel/Page_TEST CHANNEL - TEAM NAME Mattermost/button_Create Channel' is clicked on

2021-05-30 02:43:57 - [TEST_STEP][PASSED] - click(findTestObject("Object Repository/CreateChannel/Page_TEST CHANNEL - TEAM NAME Mattermost/i_CtrlK_icon-plus")): Object: 'Object Repository/CreateChannel/Page_TEST CHANNEL - TEAM NAME Mattermost/i_CtrlK_icon-plus' is clicked on

2021-05-30 02:43:58 - [MESSAGE][PASSED] - Object: 'Object Repository/CreateChannel/Page_TEST CHANNEL - TEAM NAME Mattermost/i_CtrlK_icon-plus' is clicked on

2021-05-30 02:43:58 - [TEST_STEP][PASSED] - click(findTestObject("Object Repository/CreateChannel/Page_TEST CHANNEL - TEAM NAME Mattermost/span_Create New Channel")): Object: 'Object Repository/CreateChannel/Page_TEST CHANNEL - TEAM NAME Mattermost/span_Create New Channel' is clicked on

2021-05-30 02:43:58 - [MESSAGE][PASSED] - Object: 'Object Repository/CreateChannel/Page_TEST CHANNEL - TEAM NAME Mattermost/span_Create New Channel' is clicked on

2021-05-30 02:43:58 - [TEST_STEP][PASSED] - click(findTestObject("Object Repository/CreateChannelPrivate/Page_TEST CHANNEL - TEAM NAME Mattermost/input_- Anyone can join this channel_channelType")): Object: 'Object Repository/CreateChannelPrivate/Page_TEST CHANNEL - TEAM NAME Mattermost/input_- Anyone can join this channel_channelType' is clicked on

2021-05-30 02:43:59 - [MESSAGE][PASSED] - Object: 'Object Repository/CreateChannelPrivate/Page_TEST CHANNEL - TEAM NAME Mattermost/input_- Anyone can join this channel_channelType' is clicked on

2021-05-30 02:43:59 - [TEST_STEP][PASSED] - setText(findTestObject("Object Repository/CreateChannel/Page_TEST CHANNEL - TEAM NAME Mattermost/input_Name_newChannelName"), findTestData("Internal/Internal Channel Private").getValue(1, rowNum)): Text 'Channel private 4223' is set on object 'Object Repository/CreateChannel/Page_TEST CHANNEL - TEAM NAME Mattermost/input_Name_newChannelName'

2021-05-30 02:44:00 - [MESSAGE][PASSED] - Text 'Channel private 4223' is set on object 'Object Repository/CreateChannel/Page_TEST CHANNEL - TEAM NAME Mattermost/input_Name_newChannelName'

2021-05-30 02:44:00 - [TEST_STEP][PASSED] - click(findTestObject("Object Repository/CreateChannel/Page_TEST CHANNEL - TEAM NAME Mattermost/button_Create Channel")): Object: 'Object Repository/CreateChannel/Page_TEST CHANNEL - TEAM NAME Mattermost/button_Create Channel' is clicked on

2021-05-30 02:44:00 - [MESSAGE][PASSED] - Object: 'Object Repository/CreateChannel/Page_TEST CHANNEL - TEAM NAME Mattermost/button_Create Channel' is clicked on

2021-05-30 02:44:00 - [TEST_STEP][PASSED] - click(findTestObject("Object Repository/CreateChannel/Page_TEST CHANNEL - TEAM NAME Mattermost/i_CtrlK_icon-plus")): Object: 'Object Repository/CreateChannel/Page_TEST CHANNEL - TEAM NAME Mattermost/i_CtrlK_icon-plus' is clicked on

2021-05-30 02:44:01 - [MESSAGE][PASSED] - Object: 'Object Repository/CreateChannel/Page_TEST CHANNEL - TEAM NAME Mattermost/i_CtrlK_icon-plus' is clicked on

2021-05-30 02:44:01 - [TEST_STEP][PASSED] - click(findTestObject("Object Repository/CreateChannel/Page_TEST CHANNEL - TEAM NAME Mattermost/span_Create New Channel")): Object: 'Object Repository/CreateChannel/Page_TEST CHANNEL - TEAM NAME Mattermost/span_Create New Channel' is clicked on

2021-05-30 02:44:01 - [MESSAGE][PASSED] - Object: 'Object Repository/CreateChannel/Page_TEST CHANNEL - TEAM NAME Mattermost/span_Create New Channel' is clicked on

2021-05-30 02:44:01 - [TEST_STEP][PASSED] - click(findTestObject("Object Repository/CreateChannelPrivate/Page_TEST CHANNEL - TEAM NAME Mattermost/input_- Anyone can join this channel_channelType")): Object: 'Object Repository/CreateChannelPrivate/Page_TEST CHANNEL - TEAM NAME Mattermost/input_- Anyone can join this channel_channelType' is clicked on

2021-05-30 02:44:02 - [MESSAGE][PASSED] - Object: 'Object Repository/CreateChannelPrivate/Page_TEST CHANNEL - TEAM NAME Mattermost/input_- Anyone can join this channel_channelType' is clicked on

2021-05-30 02:44:02 - [TEST_STEP][PASSED] - setText(findTestObject("Object Repository/CreateChannel/Page_TEST CHANNEL - TEAM NAME Mattermost/input_Name_newChannelName"), findTestData("Internal/Internal Channel Private").getValue(1, rowNum)): Text 'Channel private 5223' is set on object 'Object Repository/CreateChannel/Page_TEST CHANNEL - TEAM NAME Mattermost/input_Name_newChannelName'

2021-05-30 02:44:03 - [MESSAGE][PASSED] - Text 'Channel private 5223' is set on object 'Object Repository/CreateChannel/Page_TEST CHANNEL - TEAM NAME Mattermost/input_Name_newChannelName'

2021-05-30 02:44:03 - [TEST_STEP][PASSED] - click(findTestObject("Object Repository/CreateChannel/Page_TEST CHANNEL - TEAM NAME Mattermost/button_Create Channel")): Object: 'Object Repository/CreateChannel/Page_TEST CHANNEL - TEAM NAME Mattermost/button_Create Channel' is clicked on

2021-05-30 02:44:03 - [MESSAGE][PASSED] - Object: 'Object Repository/CreateChannel/Page_TEST CHANNEL - TEAM NAME Mattermost/button_Create Channel' is clicked on

2021-05-30 02:44:03 - [TEST_STEP][PASSED] - closeBrowser(): Browser is closed

2021-05-30 02:44:04 - [MESSAGE][PASSED] - Browser is closed]]></system-out>
         <system-err><![CDATA[]]></system-err>
      </testcase>
      <testcase name="Test Cases/Internal Test Cases/CreateChannelPublic" time="22.483" classname="Test Cases/Internal Test Cases/CreateChannelPublic" status="PASSED">
         <system-out><![CDATA[2021-05-30 02:44:04 - [TEST_CASE][PASSED] - Test Cases/Internal Test Cases/CreateChannelPublic: Test Cases/Internal Test Cases/CreateChannelPublic

2021-05-30 02:44:04 - [TEST_STEP][PASSED] - callTestCase(findTestCase("Internal Test Cases/Successful Login"), ["Username":"", "Password":""], STOP_ON_FAILURE): Call Test Case 'Test Cases/Internal Test Cases/Successful Login' successfully

2021-05-30 02:44:04 - [TEST_CASE][PASSED] - Test Cases/Internal Test Cases/Successful Login: Test Cases/Internal Test Cases/Successful Login

2021-05-30 02:44:04 - [TEST_STEP][PASSED] - openBrowser(""): Browser is opened with url: ''

2021-05-30 02:44:04 - [MESSAGE][INFO] - Starting 'Chrome' driver

2021-05-30 02:44:04 - [MESSAGE][INFO] - Action delay is set to 0 milliseconds

2021-05-30 02:44:06 - [MESSAGE][PASSED] - Browser is opened with url: ''

2021-05-30 02:44:06 - [TEST_STEP][PASSED] - navigateToUrl("https://chudenangcao2021.cf/"): Navigate to 'https://chudenangcao2021.cf/' successfully

2021-05-30 02:44:06 - [MESSAGE][PASSED] - Navigate to 'https://chudenangcao2021.cf/' successfully

2021-05-30 02:44:06 - [TEST_STEP][PASSED] - setText(findTestObject("Object Repository/Page_Mattermost/input_All team communication in one place, _dcc84b"), findTestData("Internal/Internal Login Data").getValue(1, 1)): Text 'nguyenvanb' is set on object 'Object Repository/Page_Mattermost/input_All team communication in one place, _dcc84b'

2021-05-30 02:44:08 - [MESSAGE][PASSED] - Text 'nguyenvanb' is set on object 'Object Repository/Page_Mattermost/input_All team communication in one place, _dcc84b'

2021-05-30 02:44:08 - [TEST_STEP][PASSED] - setEncryptedText(findTestObject("Object Repository/Page_Mattermost/input_All team communication in one place, _a3edc6"), findTestData("Internal/Internal Login Data").getValue(2, 1)): Text ****** has been set on object 'Object Repository/Page_Mattermost/input_All team communication in one place, _a3edc6'

2021-05-30 02:44:08 - [MESSAGE][PASSED] - Text ****** has been set on object 'Object Repository/Page_Mattermost/input_All team communication in one place, _a3edc6'

2021-05-30 02:44:08 - [TEST_STEP][PASSED] - click(findTestObject("Object Repository/Page_Mattermost/button_Sign in")): Object: 'Object Repository/Page_Mattermost/button_Sign in' is clicked on

2021-05-30 02:44:09 - [MESSAGE][PASSED] - Object: 'Object Repository/Page_Mattermost/button_Sign in' is clicked on

2021-05-30 02:44:09 - [TEST_STEP][PASSED] - verifyLinksAccessible(["https://chudenangcao2021.cf/cdnc-cnpm-2021/channels"]): All links are accessible

2021-05-30 02:44:09 - [MESSAGE][INFO] - HAR: C:\Users\nttuan\Downloads\CDNC\mattermost-testing\Reports\20210530_023726\Run all test cases\20210530_023726\requests\main\36.har

2021-05-30 02:44:09 - [MESSAGE][PASSED] - Send request successfully

2021-05-30 02:44:09 - [MESSAGE][PASSED] - All links are accessible

2021-05-30 02:44:09 - [MESSAGE][PASSED] - Call Test Case 'Test Cases/Internal Test Cases/Successful Login' successfully

2021-05-30 02:44:09 - [TEST_STEP][PASSED] - for ([rowNum = 1, rowNum <= findTestData("Internal/Internal Channel Public").getRowNumbers(), (rowNum++)]): Object: 'Object Repository/CreateChannel/Page_TEST CHANNEL - TEAM NAME Mattermost/button_Create Channel' is clicked on

2021-05-30 02:44:09 - [TEST_STEP][PASSED] - click(findTestObject("Object Repository/CreateChannel/Page_TEST CHANNEL - TEAM NAME Mattermost/i_CtrlK_icon-plus")): Object: 'Object Repository/CreateChannel/Page_TEST CHANNEL - TEAM NAME Mattermost/i_CtrlK_icon-plus' is clicked on

2021-05-30 02:44:10 - [MESSAGE][PASSED] - Object: 'Object Repository/CreateChannel/Page_TEST CHANNEL - TEAM NAME Mattermost/i_CtrlK_icon-plus' is clicked on

2021-05-30 02:44:10 - [TEST_STEP][PASSED] - click(findTestObject("Object Repository/CreateChannel/Page_TEST CHANNEL - TEAM NAME Mattermost/span_Create New Channel")): Object: 'Object Repository/CreateChannel/Page_TEST CHANNEL - TEAM NAME Mattermost/span_Create New Channel' is clicked on

2021-05-30 02:44:11 - [MESSAGE][PASSED] - Object: 'Object Repository/CreateChannel/Page_TEST CHANNEL - TEAM NAME Mattermost/span_Create New Channel' is clicked on

2021-05-30 02:44:11 - [TEST_STEP][PASSED] - click(findTestObject("Object Repository/CreateChannel/Page_TEST CHANNEL - TEAM NAME Mattermost/input_Type_channelType")): Object: 'Object Repository/CreateChannel/Page_TEST CHANNEL - TEAM NAME Mattermost/input_Type_channelType' is clicked on

2021-05-30 02:44:12 - [MESSAGE][PASSED] - Object: 'Object Repository/CreateChannel/Page_TEST CHANNEL - TEAM NAME Mattermost/input_Type_channelType' is clicked on

2021-05-30 02:44:12 - [TEST_STEP][PASSED] - setText(findTestObject("Object Repository/CreateChannel/Page_TEST CHANNEL - TEAM NAME Mattermost/input_Name_newChannelName"), findTestData("Internal/Internal Channel Public").getValue(1, rowNum)): Text 'Channel Public 1244' is set on object 'Object Repository/CreateChannel/Page_TEST CHANNEL - TEAM NAME Mattermost/input_Name_newChannelName'

2021-05-30 02:44:12 - [MESSAGE][PASSED] - Text 'Channel Public 1244' is set on object 'Object Repository/CreateChannel/Page_TEST CHANNEL - TEAM NAME Mattermost/input_Name_newChannelName'

2021-05-30 02:44:12 - [TEST_STEP][PASSED] - click(findTestObject("Object Repository/CreateChannel/Page_TEST CHANNEL - TEAM NAME Mattermost/button_Create Channel")): Object: 'Object Repository/CreateChannel/Page_TEST CHANNEL - TEAM NAME Mattermost/button_Create Channel' is clicked on

2021-05-30 02:44:13 - [MESSAGE][PASSED] - Object: 'Object Repository/CreateChannel/Page_TEST CHANNEL - TEAM NAME Mattermost/button_Create Channel' is clicked on

2021-05-30 02:44:13 - [TEST_STEP][PASSED] - click(findTestObject("Object Repository/CreateChannel/Page_TEST CHANNEL - TEAM NAME Mattermost/i_CtrlK_icon-plus")): Object: 'Object Repository/CreateChannel/Page_TEST CHANNEL - TEAM NAME Mattermost/i_CtrlK_icon-plus' is clicked on

2021-05-30 02:44:13 - [MESSAGE][PASSED] - Object: 'Object Repository/CreateChannel/Page_TEST CHANNEL - TEAM NAME Mattermost/i_CtrlK_icon-plus' is clicked on

2021-05-30 02:44:13 - [TEST_STEP][PASSED] - click(findTestObject("Object Repository/CreateChannel/Page_TEST CHANNEL - TEAM NAME Mattermost/span_Create New Channel")): Object: 'Object Repository/CreateChannel/Page_TEST CHANNEL - TEAM NAME Mattermost/span_Create New Channel' is clicked on

2021-05-30 02:44:14 - [MESSAGE][PASSED] - Object: 'Object Repository/CreateChannel/Page_TEST CHANNEL - TEAM NAME Mattermost/span_Create New Channel' is clicked on

2021-05-30 02:44:14 - [TEST_STEP][PASSED] - click(findTestObject("Object Repository/CreateChannel/Page_TEST CHANNEL - TEAM NAME Mattermost/input_Type_channelType")): Object: 'Object Repository/CreateChannel/Page_TEST CHANNEL - TEAM NAME Mattermost/input_Type_channelType' is clicked on

2021-05-30 02:44:15 - [MESSAGE][PASSED] - Object: 'Object Repository/CreateChannel/Page_TEST CHANNEL - TEAM NAME Mattermost/input_Type_channelType' is clicked on

2021-05-30 02:44:15 - [TEST_STEP][PASSED] - setText(findTestObject("Object Repository/CreateChannel/Page_TEST CHANNEL - TEAM NAME Mattermost/input_Name_newChannelName"), findTestData("Internal/Internal Channel Public").getValue(1, rowNum)): Text 'Channel Public 2244' is set on object 'Object Repository/CreateChannel/Page_TEST CHANNEL - TEAM NAME Mattermost/input_Name_newChannelName'

2021-05-30 02:44:15 - [MESSAGE][PASSED] - Text 'Channel Public 2244' is set on object 'Object Repository/CreateChannel/Page_TEST CHANNEL - TEAM NAME Mattermost/input_Name_newChannelName'

2021-05-30 02:44:15 - [TEST_STEP][PASSED] - click(findTestObject("Object Repository/CreateChannel/Page_TEST CHANNEL - TEAM NAME Mattermost/button_Create Channel")): Object: 'Object Repository/CreateChannel/Page_TEST CHANNEL - TEAM NAME Mattermost/button_Create Channel' is clicked on

2021-05-30 02:44:16 - [MESSAGE][PASSED] - Object: 'Object Repository/CreateChannel/Page_TEST CHANNEL - TEAM NAME Mattermost/button_Create Channel' is clicked on

2021-05-30 02:44:16 - [TEST_STEP][PASSED] - click(findTestObject("Object Repository/CreateChannel/Page_TEST CHANNEL - TEAM NAME Mattermost/i_CtrlK_icon-plus")): Object: 'Object Repository/CreateChannel/Page_TEST CHANNEL - TEAM NAME Mattermost/i_CtrlK_icon-plus' is clicked on

2021-05-30 02:44:17 - [MESSAGE][PASSED] - Object: 'Object Repository/CreateChannel/Page_TEST CHANNEL - TEAM NAME Mattermost/i_CtrlK_icon-plus' is clicked on

2021-05-30 02:44:17 - [TEST_STEP][PASSED] - click(findTestObject("Object Repository/CreateChannel/Page_TEST CHANNEL - TEAM NAME Mattermost/span_Create New Channel")): Object: 'Object Repository/CreateChannel/Page_TEST CHANNEL - TEAM NAME Mattermost/span_Create New Channel' is clicked on

2021-05-30 02:44:17 - [MESSAGE][PASSED] - Object: 'Object Repository/CreateChannel/Page_TEST CHANNEL - TEAM NAME Mattermost/span_Create New Channel' is clicked on

2021-05-30 02:44:17 - [TEST_STEP][PASSED] - click(findTestObject("Object Repository/CreateChannel/Page_TEST CHANNEL - TEAM NAME Mattermost/input_Type_channelType")): Object: 'Object Repository/CreateChannel/Page_TEST CHANNEL - TEAM NAME Mattermost/input_Type_channelType' is clicked on

2021-05-30 02:44:18 - [MESSAGE][PASSED] - Object: 'Object Repository/CreateChannel/Page_TEST CHANNEL - TEAM NAME Mattermost/input_Type_channelType' is clicked on

2021-05-30 02:44:18 - [TEST_STEP][PASSED] - setText(findTestObject("Object Repository/CreateChannel/Page_TEST CHANNEL - TEAM NAME Mattermost/input_Name_newChannelName"), findTestData("Internal/Internal Channel Public").getValue(1, rowNum)): Text 'channel public 3344' is set on object 'Object Repository/CreateChannel/Page_TEST CHANNEL - TEAM NAME Mattermost/input_Name_newChannelName'

2021-05-30 02:44:19 - [MESSAGE][PASSED] - Text 'channel public 3344' is set on object 'Object Repository/CreateChannel/Page_TEST CHANNEL - TEAM NAME Mattermost/input_Name_newChannelName'

2021-05-30 02:44:19 - [TEST_STEP][PASSED] - click(findTestObject("Object Repository/CreateChannel/Page_TEST CHANNEL - TEAM NAME Mattermost/button_Create Channel")): Object: 'Object Repository/CreateChannel/Page_TEST CHANNEL - TEAM NAME Mattermost/button_Create Channel' is clicked on

2021-05-30 02:44:19 - [MESSAGE][PASSED] - Object: 'Object Repository/CreateChannel/Page_TEST CHANNEL - TEAM NAME Mattermost/button_Create Channel' is clicked on

2021-05-30 02:44:19 - [TEST_STEP][PASSED] - click(findTestObject("Object Repository/CreateChannel/Page_TEST CHANNEL - TEAM NAME Mattermost/i_CtrlK_icon-plus")): Object: 'Object Repository/CreateChannel/Page_TEST CHANNEL - TEAM NAME Mattermost/i_CtrlK_icon-plus' is clicked on

2021-05-30 02:44:20 - [MESSAGE][PASSED] - Object: 'Object Repository/CreateChannel/Page_TEST CHANNEL - TEAM NAME Mattermost/i_CtrlK_icon-plus' is clicked on

2021-05-30 02:44:20 - [TEST_STEP][PASSED] - click(findTestObject("Object Repository/CreateChannel/Page_TEST CHANNEL - TEAM NAME Mattermost/span_Create New Channel")): Object: 'Object Repository/CreateChannel/Page_TEST CHANNEL - TEAM NAME Mattermost/span_Create New Channel' is clicked on

2021-05-30 02:44:21 - [MESSAGE][PASSED] - Object: 'Object Repository/CreateChannel/Page_TEST CHANNEL - TEAM NAME Mattermost/span_Create New Channel' is clicked on

2021-05-30 02:44:21 - [TEST_STEP][PASSED] - click(findTestObject("Object Repository/CreateChannel/Page_TEST CHANNEL - TEAM NAME Mattermost/input_Type_channelType")): Object: 'Object Repository/CreateChannel/Page_TEST CHANNEL - TEAM NAME Mattermost/input_Type_channelType' is clicked on

2021-05-30 02:44:21 - [MESSAGE][PASSED] - Object: 'Object Repository/CreateChannel/Page_TEST CHANNEL - TEAM NAME Mattermost/input_Type_channelType' is clicked on

2021-05-30 02:44:21 - [TEST_STEP][PASSED] - setText(findTestObject("Object Repository/CreateChannel/Page_TEST CHANNEL - TEAM NAME Mattermost/input_Name_newChannelName"), findTestData("Internal/Internal Channel Public").getValue(1, rowNum)): Text 'Channel Public 4244' is set on object 'Object Repository/CreateChannel/Page_TEST CHANNEL - TEAM NAME Mattermost/input_Name_newChannelName'

2021-05-30 02:44:22 - [MESSAGE][PASSED] - Text 'Channel Public 4244' is set on object 'Object Repository/CreateChannel/Page_TEST CHANNEL - TEAM NAME Mattermost/input_Name_newChannelName'

2021-05-30 02:44:22 - [TEST_STEP][PASSED] - click(findTestObject("Object Repository/CreateChannel/Page_TEST CHANNEL - TEAM NAME Mattermost/button_Create Channel")): Object: 'Object Repository/CreateChannel/Page_TEST CHANNEL - TEAM NAME Mattermost/button_Create Channel' is clicked on

2021-05-30 02:44:23 - [MESSAGE][PASSED] - Object: 'Object Repository/CreateChannel/Page_TEST CHANNEL - TEAM NAME Mattermost/button_Create Channel' is clicked on

2021-05-30 02:44:23 - [TEST_STEP][PASSED] - click(findTestObject("Object Repository/CreateChannel/Page_TEST CHANNEL - TEAM NAME Mattermost/i_CtrlK_icon-plus")): Object: 'Object Repository/CreateChannel/Page_TEST CHANNEL - TEAM NAME Mattermost/i_CtrlK_icon-plus' is clicked on

2021-05-30 02:44:23 - [MESSAGE][PASSED] - Object: 'Object Repository/CreateChannel/Page_TEST CHANNEL - TEAM NAME Mattermost/i_CtrlK_icon-plus' is clicked on

2021-05-30 02:44:23 - [TEST_STEP][PASSED] - click(findTestObject("Object Repository/CreateChannel/Page_TEST CHANNEL - TEAM NAME Mattermost/span_Create New Channel")): Object: 'Object Repository/CreateChannel/Page_TEST CHANNEL - TEAM NAME Mattermost/span_Create New Channel' is clicked on

2021-05-30 02:44:24 - [MESSAGE][PASSED] - Object: 'Object Repository/CreateChannel/Page_TEST CHANNEL - TEAM NAME Mattermost/span_Create New Channel' is clicked on

2021-05-30 02:44:24 - [TEST_STEP][PASSED] - click(findTestObject("Object Repository/CreateChannel/Page_TEST CHANNEL - TEAM NAME Mattermost/input_Type_channelType")): Object: 'Object Repository/CreateChannel/Page_TEST CHANNEL - TEAM NAME Mattermost/input_Type_channelType' is clicked on

2021-05-30 02:44:25 - [MESSAGE][PASSED] - Object: 'Object Repository/CreateChannel/Page_TEST CHANNEL - TEAM NAME Mattermost/input_Type_channelType' is clicked on

2021-05-30 02:44:25 - [TEST_STEP][PASSED] - setText(findTestObject("Object Repository/CreateChannel/Page_TEST CHANNEL - TEAM NAME Mattermost/input_Name_newChannelName"), findTestData("Internal/Internal Channel Public").getValue(1, rowNum)): Text 'Channel Public 5244' is set on object 'Object Repository/CreateChannel/Page_TEST CHANNEL - TEAM NAME Mattermost/input_Name_newChannelName'

2021-05-30 02:44:25 - [MESSAGE][PASSED] - Text 'Channel Public 5244' is set on object 'Object Repository/CreateChannel/Page_TEST CHANNEL - TEAM NAME Mattermost/input_Name_newChannelName'

2021-05-30 02:44:25 - [TEST_STEP][PASSED] - click(findTestObject("Object Repository/CreateChannel/Page_TEST CHANNEL - TEAM NAME Mattermost/button_Create Channel")): Object: 'Object Repository/CreateChannel/Page_TEST CHANNEL - TEAM NAME Mattermost/button_Create Channel' is clicked on

2021-05-30 02:44:26 - [MESSAGE][PASSED] - Object: 'Object Repository/CreateChannel/Page_TEST CHANNEL - TEAM NAME Mattermost/button_Create Channel' is clicked on

2021-05-30 02:44:26 - [TEST_STEP][PASSED] - closeBrowser(): Browser is closed

2021-05-30 02:44:26 - [MESSAGE][PASSED] - Browser is closed]]></system-out>
         <system-err><![CDATA[]]></system-err>
      </testcase>
      <testcase name="Test Cases/Internal Test Cases/CreateTeam" time="20.949" classname="Test Cases/Internal Test Cases/CreateTeam" status="PASSED">
         <system-out><![CDATA[2021-05-30 02:44:26 - [TEST_CASE][PASSED] - Test Cases/Internal Test Cases/CreateTeam: Test Cases/Internal Test Cases/CreateTeam

2021-05-30 02:44:27 - [TEST_STEP][PASSED] - callTestCase(findTestCase("Internal Test Cases/Successful Login"), ["Username":"", "Password":""], STOP_ON_FAILURE): Call Test Case 'Test Cases/Internal Test Cases/Successful Login' successfully

2021-05-30 02:44:27 - [TEST_CASE][PASSED] - Test Cases/Internal Test Cases/Successful Login: Test Cases/Internal Test Cases/Successful Login

2021-05-30 02:44:27 - [TEST_STEP][PASSED] - openBrowser(""): Browser is opened with url: ''

2021-05-30 02:44:27 - [MESSAGE][INFO] - Starting 'Chrome' driver

2021-05-30 02:44:27 - [MESSAGE][INFO] - Action delay is set to 0 milliseconds

2021-05-30 02:44:28 - [MESSAGE][PASSED] - Browser is opened with url: ''

2021-05-30 02:44:28 - [TEST_STEP][PASSED] - navigateToUrl("https://chudenangcao2021.cf/"): Navigate to 'https://chudenangcao2021.cf/' successfully

2021-05-30 02:44:29 - [MESSAGE][PASSED] - Navigate to 'https://chudenangcao2021.cf/' successfully

2021-05-30 02:44:29 - [TEST_STEP][PASSED] - setText(findTestObject("Object Repository/Page_Mattermost/input_All team communication in one place, _dcc84b"), findTestData("Internal/Internal Login Data").getValue(1, 1)): Text 'nguyenvanb' is set on object 'Object Repository/Page_Mattermost/input_All team communication in one place, _dcc84b'

2021-05-30 02:44:30 - [MESSAGE][PASSED] - Text 'nguyenvanb' is set on object 'Object Repository/Page_Mattermost/input_All team communication in one place, _dcc84b'

2021-05-30 02:44:30 - [TEST_STEP][PASSED] - setEncryptedText(findTestObject("Object Repository/Page_Mattermost/input_All team communication in one place, _a3edc6"), findTestData("Internal/Internal Login Data").getValue(2, 1)): Text ****** has been set on object 'Object Repository/Page_Mattermost/input_All team communication in one place, _a3edc6'

2021-05-30 02:44:31 - [MESSAGE][PASSED] - Text ****** has been set on object 'Object Repository/Page_Mattermost/input_All team communication in one place, _a3edc6'

2021-05-30 02:44:31 - [TEST_STEP][PASSED] - click(findTestObject("Object Repository/Page_Mattermost/button_Sign in")): Object: 'Object Repository/Page_Mattermost/button_Sign in' is clicked on

2021-05-30 02:44:31 - [MESSAGE][PASSED] - Object: 'Object Repository/Page_Mattermost/button_Sign in' is clicked on

2021-05-30 02:44:31 - [TEST_STEP][PASSED] - verifyLinksAccessible(["https://chudenangcao2021.cf/cdnc-cnpm-2021/channels"]): All links are accessible

2021-05-30 02:44:31 - [MESSAGE][INFO] - HAR: C:\Users\nttuan\Downloads\CDNC\mattermost-testing\Reports\20210530_023726\Run all test cases\20210530_023726\requests\main\37.har

2021-05-30 02:44:31 - [MESSAGE][PASSED] - Send request successfully

2021-05-30 02:44:31 - [MESSAGE][PASSED] - All links are accessible

2021-05-30 02:44:31 - [MESSAGE][PASSED] - Call Test Case 'Test Cases/Internal Test Cases/Successful Login' successfully

2021-05-30 02:44:31 - [TEST_STEP][PASSED] - for ([rowNum = 1, rowNum <= findTestData("Internal/Internal Teamname").getRowNumbers(), (rowNum++)]): Object: 'Object Repository/Page_TEST CHANNEL - TEAM NAME Mattermost/span_Finish' is clicked on

2021-05-30 02:44:31 - [TEST_STEP][PASSED] - click(findTestObject("Object Repository/Page_TEST CHANNEL - TEAM NAME Mattermost/svg")): Object: 'Object Repository/Page_TEST CHANNEL - TEAM NAME Mattermost/svg' is clicked on

2021-05-30 02:44:33 - [MESSAGE][PASSED] - Object: 'Object Repository/Page_TEST CHANNEL - TEAM NAME Mattermost/svg' is clicked on

2021-05-30 02:44:33 - [TEST_STEP][PASSED] - click(findTestObject("Object Repository/Page_TEST CHANNEL - TEAM NAME Mattermost/a_Create a Team")): Object: 'Object Repository/Page_TEST CHANNEL - TEAM NAME Mattermost/a_Create a Team' is clicked on

2021-05-30 02:44:33 - [MESSAGE][PASSED] - Object: 'Object Repository/Page_TEST CHANNEL - TEAM NAME Mattermost/a_Create a Team' is clicked on

2021-05-30 02:44:33 - [TEST_STEP][PASSED] - setText(findTestObject("Object Repository/Page_TEST CHANNEL - TEAM NAME Mattermost/input_Team Name_teamNameInput"), findTestData("Internal/Internal Teamname").getValue(1, rowNum)): Text 'Team123' is set on object 'Object Repository/Page_TEST CHANNEL - TEAM NAME Mattermost/input_Team Name_teamNameInput'

2021-05-30 02:44:34 - [MESSAGE][PASSED] - Text 'Team123' is set on object 'Object Repository/Page_TEST CHANNEL - TEAM NAME Mattermost/input_Team Name_teamNameInput'

2021-05-30 02:44:34 - [TEST_STEP][PASSED] - click(findTestObject("Object Repository/Page_TEST CHANNEL - TEAM NAME Mattermost/button_Next")): Object: 'Object Repository/Page_TEST CHANNEL - TEAM NAME Mattermost/button_Next' is clicked on

2021-05-30 02:44:34 - [MESSAGE][PASSED] - Object: 'Object Repository/Page_TEST CHANNEL - TEAM NAME Mattermost/button_Next' is clicked on

2021-05-30 02:44:34 - [TEST_STEP][PASSED] - click(findTestObject("Object Repository/Page_TEST CHANNEL - TEAM NAME Mattermost/span_Finish")): Object: 'Object Repository/Page_TEST CHANNEL - TEAM NAME Mattermost/span_Finish' is clicked on

2021-05-30 02:44:35 - [MESSAGE][PASSED] - Object: 'Object Repository/Page_TEST CHANNEL - TEAM NAME Mattermost/span_Finish' is clicked on

2021-05-30 02:44:35 - [TEST_STEP][PASSED] - click(findTestObject("Object Repository/Page_TEST CHANNEL - TEAM NAME Mattermost/svg")): Object: 'Object Repository/Page_TEST CHANNEL - TEAM NAME Mattermost/svg' is clicked on

2021-05-30 02:44:36 - [MESSAGE][PASSED] - Object: 'Object Repository/Page_TEST CHANNEL - TEAM NAME Mattermost/svg' is clicked on

2021-05-30 02:44:36 - [TEST_STEP][PASSED] - click(findTestObject("Object Repository/Page_TEST CHANNEL - TEAM NAME Mattermost/a_Create a Team")): Object: 'Object Repository/Page_TEST CHANNEL - TEAM NAME Mattermost/a_Create a Team' is clicked on

2021-05-30 02:44:36 - [MESSAGE][PASSED] - Object: 'Object Repository/Page_TEST CHANNEL - TEAM NAME Mattermost/a_Create a Team' is clicked on

2021-05-30 02:44:36 - [TEST_STEP][PASSED] - setText(findTestObject("Object Repository/Page_TEST CHANNEL - TEAM NAME Mattermost/input_Team Name_teamNameInput"), findTestData("Internal/Internal Teamname").getValue(1, rowNum)): Text 'Team223' is set on object 'Object Repository/Page_TEST CHANNEL - TEAM NAME Mattermost/input_Team Name_teamNameInput'

2021-05-30 02:44:37 - [MESSAGE][PASSED] - Text 'Team223' is set on object 'Object Repository/Page_TEST CHANNEL - TEAM NAME Mattermost/input_Team Name_teamNameInput'

2021-05-30 02:44:37 - [TEST_STEP][PASSED] - click(findTestObject("Object Repository/Page_TEST CHANNEL - TEAM NAME Mattermost/button_Next")): Object: 'Object Repository/Page_TEST CHANNEL - TEAM NAME Mattermost/button_Next' is clicked on

2021-05-30 02:44:37 - [MESSAGE][PASSED] - Object: 'Object Repository/Page_TEST CHANNEL - TEAM NAME Mattermost/button_Next' is clicked on

2021-05-30 02:44:37 - [TEST_STEP][PASSED] - click(findTestObject("Object Repository/Page_TEST CHANNEL - TEAM NAME Mattermost/span_Finish")): Object: 'Object Repository/Page_TEST CHANNEL - TEAM NAME Mattermost/span_Finish' is clicked on

2021-05-30 02:44:38 - [MESSAGE][PASSED] - Object: 'Object Repository/Page_TEST CHANNEL - TEAM NAME Mattermost/span_Finish' is clicked on

2021-05-30 02:44:38 - [TEST_STEP][PASSED] - click(findTestObject("Object Repository/Page_TEST CHANNEL - TEAM NAME Mattermost/svg")): Object: 'Object Repository/Page_TEST CHANNEL - TEAM NAME Mattermost/svg' is clicked on

2021-05-30 02:44:39 - [MESSAGE][PASSED] - Object: 'Object Repository/Page_TEST CHANNEL - TEAM NAME Mattermost/svg' is clicked on

2021-05-30 02:44:39 - [TEST_STEP][PASSED] - click(findTestObject("Object Repository/Page_TEST CHANNEL - TEAM NAME Mattermost/a_Create a Team")): Object: 'Object Repository/Page_TEST CHANNEL - TEAM NAME Mattermost/a_Create a Team' is clicked on

2021-05-30 02:44:39 - [MESSAGE][PASSED] - Object: 'Object Repository/Page_TEST CHANNEL - TEAM NAME Mattermost/a_Create a Team' is clicked on

2021-05-30 02:44:39 - [TEST_STEP][PASSED] - setText(findTestObject("Object Repository/Page_TEST CHANNEL - TEAM NAME Mattermost/input_Team Name_teamNameInput"), findTestData("Internal/Internal Teamname").getValue(1, rowNum)): Text 'Team323' is set on object 'Object Repository/Page_TEST CHANNEL - TEAM NAME Mattermost/input_Team Name_teamNameInput'

2021-05-30 02:44:40 - [MESSAGE][PASSED] - Text 'Team323' is set on object 'Object Repository/Page_TEST CHANNEL - TEAM NAME Mattermost/input_Team Name_teamNameInput'

2021-05-30 02:44:40 - [TEST_STEP][PASSED] - click(findTestObject("Object Repository/Page_TEST CHANNEL - TEAM NAME Mattermost/button_Next")): Object: 'Object Repository/Page_TEST CHANNEL - TEAM NAME Mattermost/button_Next' is clicked on

2021-05-30 02:44:40 - [MESSAGE][PASSED] - Object: 'Object Repository/Page_TEST CHANNEL - TEAM NAME Mattermost/button_Next' is clicked on

2021-05-30 02:44:40 - [TEST_STEP][PASSED] - click(findTestObject("Object Repository/Page_TEST CHANNEL - TEAM NAME Mattermost/span_Finish")): Object: 'Object Repository/Page_TEST CHANNEL - TEAM NAME Mattermost/span_Finish' is clicked on

2021-05-30 02:44:41 - [MESSAGE][PASSED] - Object: 'Object Repository/Page_TEST CHANNEL - TEAM NAME Mattermost/span_Finish' is clicked on

2021-05-30 02:44:41 - [TEST_STEP][PASSED] - click(findTestObject("Object Repository/Page_TEST CHANNEL - TEAM NAME Mattermost/svg")): Object: 'Object Repository/Page_TEST CHANNEL - TEAM NAME Mattermost/svg' is clicked on

2021-05-30 02:44:42 - [MESSAGE][PASSED] - Object: 'Object Repository/Page_TEST CHANNEL - TEAM NAME Mattermost/svg' is clicked on

2021-05-30 02:44:42 - [TEST_STEP][PASSED] - click(findTestObject("Object Repository/Page_TEST CHANNEL - TEAM NAME Mattermost/a_Create a Team")): Object: 'Object Repository/Page_TEST CHANNEL - TEAM NAME Mattermost/a_Create a Team' is clicked on

2021-05-30 02:44:42 - [MESSAGE][PASSED] - Object: 'Object Repository/Page_TEST CHANNEL - TEAM NAME Mattermost/a_Create a Team' is clicked on

2021-05-30 02:44:42 - [TEST_STEP][PASSED] - setText(findTestObject("Object Repository/Page_TEST CHANNEL - TEAM NAME Mattermost/input_Team Name_teamNameInput"), findTestData("Internal/Internal Teamname").getValue(1, rowNum)): Text 'Team423' is set on object 'Object Repository/Page_TEST CHANNEL - TEAM NAME Mattermost/input_Team Name_teamNameInput'

2021-05-30 02:44:43 - [MESSAGE][PASSED] - Text 'Team423' is set on object 'Object Repository/Page_TEST CHANNEL - TEAM NAME Mattermost/input_Team Name_teamNameInput'

2021-05-30 02:44:43 - [TEST_STEP][PASSED] - click(findTestObject("Object Repository/Page_TEST CHANNEL - TEAM NAME Mattermost/button_Next")): Object: 'Object Repository/Page_TEST CHANNEL - TEAM NAME Mattermost/button_Next' is clicked on

2021-05-30 02:44:43 - [MESSAGE][PASSED] - Object: 'Object Repository/Page_TEST CHANNEL - TEAM NAME Mattermost/button_Next' is clicked on

2021-05-30 02:44:43 - [TEST_STEP][PASSED] - click(findTestObject("Object Repository/Page_TEST CHANNEL - TEAM NAME Mattermost/span_Finish")): Object: 'Object Repository/Page_TEST CHANNEL - TEAM NAME Mattermost/span_Finish' is clicked on

2021-05-30 02:44:44 - [MESSAGE][PASSED] - Object: 'Object Repository/Page_TEST CHANNEL - TEAM NAME Mattermost/span_Finish' is clicked on

2021-05-30 02:44:44 - [TEST_STEP][PASSED] - click(findTestObject("Object Repository/Page_TEST CHANNEL - TEAM NAME Mattermost/svg")): Object: 'Object Repository/Page_TEST CHANNEL - TEAM NAME Mattermost/svg' is clicked on

2021-05-30 02:44:45 - [MESSAGE][PASSED] - Object: 'Object Repository/Page_TEST CHANNEL - TEAM NAME Mattermost/svg' is clicked on

2021-05-30 02:44:45 - [TEST_STEP][PASSED] - click(findTestObject("Object Repository/Page_TEST CHANNEL - TEAM NAME Mattermost/a_Create a Team")): Object: 'Object Repository/Page_TEST CHANNEL - TEAM NAME Mattermost/a_Create a Team' is clicked on

2021-05-30 02:44:45 - [MESSAGE][PASSED] - Object: 'Object Repository/Page_TEST CHANNEL - TEAM NAME Mattermost/a_Create a Team' is clicked on

2021-05-30 02:44:45 - [TEST_STEP][PASSED] - setText(findTestObject("Object Repository/Page_TEST CHANNEL - TEAM NAME Mattermost/input_Team Name_teamNameInput"), findTestData("Internal/Internal Teamname").getValue(1, rowNum)): Text 'Team523' is set on object 'Object Repository/Page_TEST CHANNEL - TEAM NAME Mattermost/input_Team Name_teamNameInput'

2021-05-30 02:44:46 - [MESSAGE][PASSED] - Text 'Team523' is set on object 'Object Repository/Page_TEST CHANNEL - TEAM NAME Mattermost/input_Team Name_teamNameInput'

2021-05-30 02:44:46 - [TEST_STEP][PASSED] - click(findTestObject("Object Repository/Page_TEST CHANNEL - TEAM NAME Mattermost/button_Next")): Object: 'Object Repository/Page_TEST CHANNEL - TEAM NAME Mattermost/button_Next' is clicked on

2021-05-30 02:44:46 - [MESSAGE][PASSED] - Object: 'Object Repository/Page_TEST CHANNEL - TEAM NAME Mattermost/button_Next' is clicked on

2021-05-30 02:44:46 - [TEST_STEP][PASSED] - click(findTestObject("Object Repository/Page_TEST CHANNEL - TEAM NAME Mattermost/span_Finish")): Object: 'Object Repository/Page_TEST CHANNEL - TEAM NAME Mattermost/span_Finish' is clicked on

2021-05-30 02:44:47 - [MESSAGE][PASSED] - Object: 'Object Repository/Page_TEST CHANNEL - TEAM NAME Mattermost/span_Finish' is clicked on

2021-05-30 02:44:47 - [TEST_STEP][PASSED] - closeBrowser(): Browser is closed

2021-05-30 02:44:47 - [MESSAGE][PASSED] - Browser is closed]]></system-out>
         <system-err><![CDATA[]]></system-err>
      </testcase>
      <testcase name="Test Cases/Internal Test Cases/EditChannelHeader" time="76.456" classname="Test Cases/Internal Test Cases/EditChannelHeader" status="FAILED">
         <failure type="FAILED" message="Test Cases/Internal Test Cases/EditChannelHeader FAILED.
Reason:
com.kms.katalon.core.exception.StepFailedException: Unable to click on object 'Object Repository/Page_Town Square - TEAM NAME Mattermost/div_Off-Topic'
	at com.kms.katalon.core.webui.keyword.internal.WebUIKeywordMain.stepFailed(WebUIKeywordMain.groovy:64)
	at com.kms.katalon.core.webui.keyword.internal.WebUIKeywordMain.runKeyword(WebUIKeywordMain.groovy:26)
	at com.kms.katalon.core.webui.keyword.builtin.ClickKeyword.click(ClickKeyword.groovy:75)
	at com.kms.katalon.core.webui.keyword.builtin.ClickKeyword.execute(ClickKeyword.groovy:42)
	at com.kms.katalon.core.keyword.internal.KeywordExecutor.executeKeywordForPlatform(KeywordExecutor.groovy:73)
	at com.kms.katalon.core.webui.keyword.WebUiBuiltInKeywords.click(WebUiBuiltInKeywords.groovy:619)
	at com.kms.katalon.core.webui.keyword.WebUiBuiltInKeywords$click$2.call(Unknown Source)
	at EditChannelHeader.run(EditChannelHeader:23)
	at com.kms.katalon.core.main.ScriptEngine.run(ScriptEngine.java:194)
	at com.kms.katalon.core.main.ScriptEngine.runScriptAsRawText(ScriptEngine.java:119)
	at com.kms.katalon.core.main.TestCaseExecutor.runScript(TestCaseExecutor.java:398)
	at com.kms.katalon.core.main.TestCaseExecutor.doExecute(TestCaseExecutor.java:389)
	at com.kms.katalon.core.main.TestCaseExecutor.processExecutionPhase(TestCaseExecutor.java:368)
	at com.kms.katalon.core.main.TestCaseExecutor.accessMainPhase(TestCaseExecutor.java:360)
	at com.kms.katalon.core.main.TestCaseExecutor.execute(TestCaseExecutor.java:255)
	at com.kms.katalon.core.main.TestSuiteExecutor.accessTestCaseMainPhase(TestSuiteExecutor.java:203)
	at com.kms.katalon.core.main.TestSuiteExecutor.accessTestSuiteMainPhase(TestSuiteExecutor.java:152)
	at com.kms.katalon.core.main.TestSuiteExecutor.execute(TestSuiteExecutor.java:95)
	at com.kms.katalon.core.main.TestCaseMain.startTestSuite(TestCaseMain.java:157)
	at com.kms.katalon.core.main.TestCaseMain$startTestSuite$0.call(Unknown Source)
	at TempTestSuite1622342246554.run(TempTestSuite1622342246554.groovy:39)
Caused by: org.openqa.selenium.ElementClickInterceptedException: element click intercepted: Element &lt;div class=&quot;SidebarChannelLinkLabel_wrapper&quot;>...&lt;/div> is not clickable at point (197, 566). Other element would receive the click: &lt;div style=&quot;position: absolute; height: 6px; transition: opacity 500ms ease 0s; opacity: 0; right: 2px; bottom: 2px; left: 2px; border-radius: 3px;&quot;>...&lt;/div>
  (Session info: chrome=91.0.4472.77)
Build info: version: '3.141.59', revision: 'e82be7d358', time: '2018-11-14T08:25:53'
System info: host: 'WIN-SERVER-2019', ip: '10.1.0.4', os.name: 'Windows Server 2019', os.arch: 'amd64', os.version: '10.0', java.version: '1.8.0_282'
Driver info: com.kms.katalon.selenium.driver.CChromeDriver
Capabilities {acceptInsecureCerts: false, browserName: chrome, browserVersion: 91.0.4472.77, chrome: {chromedriverVersion: 90.0.4430.24 (4c6d850f087da..., userDataDir: C:\Users\nttuan\AppData\Loc...}, goog:chromeOptions: {debuggerAddress: localhost:58580}, javascriptEnabled: true, networkConnectionEnabled: false, pageLoadStrategy: normal, platform: WINDOWS, platformName: WINDOWS, proxy: Proxy(), setWindowRect: true, strictFileInteractability: false, timeouts: {implicit: 0, pageLoad: 300000, script: 30000}, unhandledPromptBehavior: dismiss and notify, webauthn:extension:largeBlob: true, webauthn:virtualAuthenticators: true}
Session ID: 7f9f549456099e09e2fa50a0e27638a5
	at org.openqa.selenium.remote.http.W3CHttpResponseCodec.createException(W3CHttpResponseCodec.java:187)
	at org.openqa.selenium.remote.http.W3CHttpResponseCodec.decode(W3CHttpResponseCodec.java:122)
	at org.openqa.selenium.remote.http.W3CHttpResponseCodec.decode(W3CHttpResponseCodec.java:49)
	at org.openqa.selenium.remote.HttpCommandExecutor.execute(HttpCommandExecutor.java:158)
	at org.openqa.selenium.remote.service.DriverCommandExecutor.execute(DriverCommandExecutor.java:83)
	at org.openqa.selenium.remote.RemoteWebDriver.execute(RemoteWebDriver.java:552)
	at com.kms.katalon.selenium.driver.CChromeDriver.execute(CChromeDriver.java:19)
	at org.openqa.selenium.remote.RemoteWebElement.execute(RemoteWebElement.java:285)
	at org.openqa.selenium.remote.RemoteWebElement.click(RemoteWebElement.java:84)
	at org.openqa.selenium.support.events.EventFiringWebDriver$EventFiringWebElement.lambda$new$0(EventFiringWebDriver.java:404)
	at com.sun.proxy.$Proxy17.click(Unknown Source)
	at org.openqa.selenium.support.events.EventFiringWebDriver$EventFiringWebElement.click(EventFiringWebDriver.java:417)
	at com.kms.katalon.core.webui.keyword.builtin.ClickKeyword$_click_closure1.doCall(ClickKeyword.groovy:68)
	at com.kms.katalon.core.webui.keyword.builtin.ClickKeyword$_click_closure1.call(ClickKeyword.groovy)
	at com.kms.katalon.core.webui.keyword.internal.WebUIKeywordMain.runKeyword(WebUIKeywordMain.groovy:20)
	... 19 more
"/>
         <system-out><![CDATA[2021-05-30 02:44:47 - [TEST_CASE][FAILED] - Test Cases/Internal Test Cases/EditChannelHeader: Test Cases/Internal Test Cases/EditChannelHeader FAILED.
Reason:
com.kms.katalon.core.exception.StepFailedException: Unable to click on object 'Object Repository/Page_Town Square - TEAM NAME Mattermost/div_Off-Topic'
	at com.kms.katalon.core.webui.keyword.internal.WebUIKeywordMain.stepFailed(WebUIKeywordMain.groovy:64)
	at com.kms.katalon.core.webui.keyword.internal.WebUIKeywordMain.runKeyword(WebUIKeywordMain.groovy:26)
	at com.kms.katalon.core.webui.keyword.builtin.ClickKeyword.click(ClickKeyword.groovy:75)
	at com.kms.katalon.core.webui.keyword.builtin.ClickKeyword.execute(ClickKeyword.groovy:42)
	at com.kms.katalon.core.keyword.internal.KeywordExecutor.executeKeywordForPlatform(KeywordExecutor.groovy:73)
	at com.kms.katalon.core.webui.keyword.WebUiBuiltInKeywords.click(WebUiBuiltInKeywords.groovy:619)
	at com.kms.katalon.core.webui.keyword.WebUiBuiltInKeywords$click$2.call(Unknown Source)
	at EditChannelHeader.run(EditChannelHeader:23)
	at com.kms.katalon.core.main.ScriptEngine.run(ScriptEngine.java:194)
	at com.kms.katalon.core.main.ScriptEngine.runScriptAsRawText(ScriptEngine.java:119)
	at com.kms.katalon.core.main.TestCaseExecutor.runScript(TestCaseExecutor.java:398)
	at com.kms.katalon.core.main.TestCaseExecutor.doExecute(TestCaseExecutor.java:389)
	at com.kms.katalon.core.main.TestCaseExecutor.processExecutionPhase(TestCaseExecutor.java:368)
	at com.kms.katalon.core.main.TestCaseExecutor.accessMainPhase(TestCaseExecutor.java:360)
	at com.kms.katalon.core.main.TestCaseExecutor.execute(TestCaseExecutor.java:255)
	at com.kms.katalon.core.main.TestSuiteExecutor.accessTestCaseMainPhase(TestSuiteExecutor.java:203)
	at com.kms.katalon.core.main.TestSuiteExecutor.accessTestSuiteMainPhase(TestSuiteExecutor.java:152)
	at com.kms.katalon.core.main.TestSuiteExecutor.execute(TestSuiteExecutor.java:95)
	at com.kms.katalon.core.main.TestCaseMain.startTestSuite(TestCaseMain.java:157)
	at com.kms.katalon.core.main.TestCaseMain$startTestSuite$0.call(Unknown Source)
	at TempTestSuite1622342246554.run(TempTestSuite1622342246554.groovy:39)
Caused by: org.openqa.selenium.ElementClickInterceptedException: element click intercepted: Element <div class="SidebarChannelLinkLabel_wrapper">...</div> is not clickable at point (197, 566). Other element would receive the click: <div style="position: absolute; height: 6px; transition: opacity 500ms ease 0s; opacity: 0; right: 2px; bottom: 2px; left: 2px; border-radius: 3px;">...</div>
  (Session info: chrome=91.0.4472.77)
Build info: version: '3.141.59', revision: 'e82be7d358', time: '2018-11-14T08:25:53'
System info: host: 'WIN-SERVER-2019', ip: '10.1.0.4', os.name: 'Windows Server 2019', os.arch: 'amd64', os.version: '10.0', java.version: '1.8.0_282'
Driver info: com.kms.katalon.selenium.driver.CChromeDriver
Capabilities {acceptInsecureCerts: false, browserName: chrome, browserVersion: 91.0.4472.77, chrome: {chromedriverVersion: 90.0.4430.24 (4c6d850f087da..., userDataDir: C:\Users\nttuan\AppData\Loc...}, goog:chromeOptions: {debuggerAddress: localhost:58580}, javascriptEnabled: true, networkConnectionEnabled: false, pageLoadStrategy: normal, platform: WINDOWS, platformName: WINDOWS, proxy: Proxy(), setWindowRect: true, strictFileInteractability: false, timeouts: {implicit: 0, pageLoad: 300000, script: 30000}, unhandledPromptBehavior: dismiss and notify, webauthn:extension:largeBlob: true, webauthn:virtualAuthenticators: true}
Session ID: 7f9f549456099e09e2fa50a0e27638a5
	at org.openqa.selenium.remote.http.W3CHttpResponseCodec.createException(W3CHttpResponseCodec.java:187)
	at org.openqa.selenium.remote.http.W3CHttpResponseCodec.decode(W3CHttpResponseCodec.java:122)
	at org.openqa.selenium.remote.http.W3CHttpResponseCodec.decode(W3CHttpResponseCodec.java:49)
	at org.openqa.selenium.remote.HttpCommandExecutor.execute(HttpCommandExecutor.java:158)
	at org.openqa.selenium.remote.service.DriverCommandExecutor.execute(DriverCommandExecutor.java:83)
	at org.openqa.selenium.remote.RemoteWebDriver.execute(RemoteWebDriver.java:552)
	at com.kms.katalon.selenium.driver.CChromeDriver.execute(CChromeDriver.java:19)
	at org.openqa.selenium.remote.RemoteWebElement.execute(RemoteWebElement.java:285)
	at org.openqa.selenium.remote.RemoteWebElement.click(RemoteWebElement.java:84)
	at org.openqa.selenium.support.events.EventFiringWebDriver$EventFiringWebElement.lambda$new$0(EventFiringWebDriver.java:404)
	at com.sun.proxy.$Proxy17.click(Unknown Source)
	at org.openqa.selenium.support.events.EventFiringWebDriver$EventFiringWebElement.click(EventFiringWebDriver.java:417)
	at com.kms.katalon.core.webui.keyword.builtin.ClickKeyword$_click_closure1.doCall(ClickKeyword.groovy:68)
	at com.kms.katalon.core.webui.keyword.builtin.ClickKeyword$_click_closure1.call(ClickKeyword.groovy)
	at com.kms.katalon.core.webui.keyword.internal.WebUIKeywordMain.runKeyword(WebUIKeywordMain.groovy:20)
	... 19 more


2021-05-30 02:44:48 - [TEST_STEP][PASSED] - callTestCase(findTestCase("Internal Test Cases/Successful Login"), ["Username":"", "Password":""], STOP_ON_FAILURE): Call Test Case 'Test Cases/Internal Test Cases/Successful Login' successfully

2021-05-30 02:44:48 - [TEST_CASE][PASSED] - Test Cases/Internal Test Cases/Successful Login: Test Cases/Internal Test Cases/Successful Login

2021-05-30 02:44:48 - [TEST_STEP][PASSED] - openBrowser(""): Browser is opened with url: ''

2021-05-30 02:44:48 - [MESSAGE][INFO] - Starting 'Chrome' driver

2021-05-30 02:44:48 - [MESSAGE][INFO] - Action delay is set to 0 milliseconds

2021-05-30 02:44:49 - [MESSAGE][PASSED] - Browser is opened with url: ''

2021-05-30 02:44:49 - [TEST_STEP][PASSED] - navigateToUrl("https://chudenangcao2021.cf/"): Navigate to 'https://chudenangcao2021.cf/' successfully

2021-05-30 02:44:50 - [MESSAGE][PASSED] - Navigate to 'https://chudenangcao2021.cf/' successfully

2021-05-30 02:44:50 - [TEST_STEP][PASSED] - setText(findTestObject("Object Repository/Page_Mattermost/input_All team communication in one place, _dcc84b"), findTestData("Internal/Internal Login Data").getValue(1, 1)): Text 'nguyenvanb' is set on object 'Object Repository/Page_Mattermost/input_All team communication in one place, _dcc84b'

2021-05-30 02:44:51 - [MESSAGE][PASSED] - Text 'nguyenvanb' is set on object 'Object Repository/Page_Mattermost/input_All team communication in one place, _dcc84b'

2021-05-30 02:44:51 - [TEST_STEP][PASSED] - setEncryptedText(findTestObject("Object Repository/Page_Mattermost/input_All team communication in one place, _a3edc6"), findTestData("Internal/Internal Login Data").getValue(2, 1)): Text ****** has been set on object 'Object Repository/Page_Mattermost/input_All team communication in one place, _a3edc6'

2021-05-30 02:44:51 - [MESSAGE][PASSED] - Text ****** has been set on object 'Object Repository/Page_Mattermost/input_All team communication in one place, _a3edc6'

2021-05-30 02:44:51 - [TEST_STEP][PASSED] - click(findTestObject("Object Repository/Page_Mattermost/button_Sign in")): Object: 'Object Repository/Page_Mattermost/button_Sign in' is clicked on

2021-05-30 02:44:52 - [MESSAGE][PASSED] - Object: 'Object Repository/Page_Mattermost/button_Sign in' is clicked on

2021-05-30 02:44:52 - [TEST_STEP][PASSED] - verifyLinksAccessible(["https://chudenangcao2021.cf/cdnc-cnpm-2021/channels"]): All links are accessible

2021-05-30 02:44:52 - [MESSAGE][INFO] - HAR: C:\Users\nttuan\Downloads\CDNC\mattermost-testing\Reports\20210530_023726\Run all test cases\20210530_023726\requests\main\38.har

2021-05-30 02:44:52 - [MESSAGE][PASSED] - Send request successfully

2021-05-30 02:44:52 - [MESSAGE][PASSED] - All links are accessible

2021-05-30 02:44:52 - [MESSAGE][PASSED] - Call Test Case 'Test Cases/Internal Test Cases/Successful Login' successfully

2021-05-30 02:44:52 - [TEST_STEP][FAILED] - for ([rowNum = 1, rowNum <= findTestData("Internal/Internal Channel Header").getRowNumbers(), (rowNum++)]): Unable to click on object 'Object Repository/Page_Town Square - TEAM NAME Mattermost/div_Off-Topic' (Root cause: com.kms.katalon.core.exception.StepFailedException: Unable to click on object 'Object Repository/Page_Town Square - TEAM NAME Mattermost/div_Off-Topic'
	at com.kms.katalon.core.webui.keyword.internal.WebUIKeywordMain.stepFailed(WebUIKeywordMain.groovy:64)
	at com.kms.katalon.core.webui.keyword.internal.WebUIKeywordMain.runKeyword(WebUIKeywordMain.groovy:26)
	at com.kms.katalon.core.webui.keyword.builtin.ClickKeyword.click(ClickKeyword.groovy:75)
	at com.kms.katalon.core.webui.keyword.builtin.ClickKeyword.execute(ClickKeyword.groovy:42)
	at com.kms.katalon.core.keyword.internal.KeywordExecutor.executeKeywordForPlatform(KeywordExecutor.groovy:73)
	at com.kms.katalon.core.webui.keyword.WebUiBuiltInKeywords.click(WebUiBuiltInKeywords.groovy:619)
	at com.kms.katalon.core.webui.keyword.WebUiBuiltInKeywords$click$2.call(Unknown Source)
	at EditChannelHeader.run(EditChannelHeader:23)
	at com.kms.katalon.core.main.ScriptEngine.run(ScriptEngine.java:194)
	at com.kms.katalon.core.main.ScriptEngine.runScriptAsRawText(ScriptEngine.java:119)
	at com.kms.katalon.core.main.TestCaseExecutor.runScript(TestCaseExecutor.java:398)
	at com.kms.katalon.core.main.TestCaseExecutor.doExecute(TestCaseExecutor.java:389)
	at com.kms.katalon.core.main.TestCaseExecutor.processExecutionPhase(TestCaseExecutor.java:368)
	at com.kms.katalon.core.main.TestCaseExecutor.accessMainPhase(TestCaseExecutor.java:360)
	at com.kms.katalon.core.main.TestCaseExecutor.execute(TestCaseExecutor.java:255)
	at com.kms.katalon.core.main.TestSuiteExecutor.accessTestCaseMainPhase(TestSuiteExecutor.java:203)
	at com.kms.katalon.core.main.TestSuiteExecutor.accessTestSuiteMainPhase(TestSuiteExecutor.java:152)
	at com.kms.katalon.core.main.TestSuiteExecutor.execute(TestSuiteExecutor.java:95)
	at com.kms.katalon.core.main.TestCaseMain.startTestSuite(TestCaseMain.java:157)
	at com.kms.katalon.core.main.TestCaseMain$startTestSuite$0.call(Unknown Source)
	at TempTestSuite1622342246554.run(TempTestSuite1622342246554.groovy:39)
Caused by: org.openqa.selenium.ElementClickInterceptedException: element click intercepted: Element <div class="SidebarChannelLinkLabel_wrapper">...</div> is not clickable at point (197, 566). Other element would receive the click: <div style="position: absolute; height: 6px; transition: opacity 500ms ease 0s; opacity: 0; right: 2px; bottom: 2px; left: 2px; border-radius: 3px;">...</div>
  (Session info: chrome=91.0.4472.77)
Build info: version: '3.141.59', revision: 'e82be7d358', time: '2018-11-14T08:25:53'
System info: host: 'WIN-SERVER-2019', ip: '10.1.0.4', os.name: 'Windows Server 2019', os.arch: 'amd64', os.version: '10.0', java.version: '1.8.0_282'
Driver info: com.kms.katalon.selenium.driver.CChromeDriver
Capabilities {acceptInsecureCerts: false, browserName: chrome, browserVersion: 91.0.4472.77, chrome: {chromedriverVersion: 90.0.4430.24 (4c6d850f087da..., userDataDir: C:\Users\nttuan\AppData\Loc...}, goog:chromeOptions: {debuggerAddress: localhost:58580}, javascriptEnabled: true, networkConnectionEnabled: false, pageLoadStrategy: normal, platform: WINDOWS, platformName: WINDOWS, proxy: Proxy(), setWindowRect: true, strictFileInteractability: false, timeouts: {implicit: 0, pageLoad: 300000, script: 30000}, unhandledPromptBehavior: dismiss and notify, webauthn:extension:largeBlob: true, webauthn:virtualAuthenticators: true}
Session ID: 7f9f549456099e09e2fa50a0e27638a5
	at org.openqa.selenium.remote.http.W3CHttpResponseCodec.createException(W3CHttpResponseCodec.java:187)
	at org.openqa.selenium.remote.http.W3CHttpResponseCodec.decode(W3CHttpResponseCodec.java:122)
	at org.openqa.selenium.remote.http.W3CHttpResponseCodec.decode(W3CHttpResponseCodec.java:49)
	at org.openqa.selenium.remote.HttpCommandExecutor.execute(HttpCommandExecutor.java:158)
	at org.openqa.selenium.remote.service.DriverCommandExecutor.execute(DriverCommandExecutor.java:83)
	at org.openqa.selenium.remote.RemoteWebDriver.execute(RemoteWebDriver.java:552)
	at com.kms.katalon.selenium.driver.CChromeDriver.execute(CChromeDriver.java:19)
	at org.openqa.selenium.remote.RemoteWebElement.execute(RemoteWebElement.java:285)
	at org.openqa.selenium.remote.RemoteWebElement.click(RemoteWebElement.java:84)
	at org.openqa.selenium.support.events.EventFiringWebDriver$EventFiringWebElement.lambda$new$0(EventFiringWebDriver.java:404)
	at com.sun.proxy.$Proxy17.click(Unknown Source)
	at org.openqa.selenium.support.events.EventFiringWebDriver$EventFiringWebElement.click(EventFiringWebDriver.java:417)
	at com.kms.katalon.core.webui.keyword.builtin.ClickKeyword$_click_closure1.doCall(ClickKeyword.groovy:68)
	at com.kms.katalon.core.webui.keyword.builtin.ClickKeyword$_click_closure1.call(ClickKeyword.groovy)
	at com.kms.katalon.core.webui.keyword.internal.WebUIKeywordMain.runKeyword(WebUIKeywordMain.groovy:20)
	at com.kms.katalon.core.webui.keyword.builtin.ClickKeyword.click(ClickKeyword.groovy:75)
	at com.kms.katalon.core.webui.keyword.builtin.ClickKeyword.execute(ClickKeyword.groovy:42)
	at com.kms.katalon.core.keyword.internal.KeywordExecutor.executeKeywordForPlatform(KeywordExecutor.groovy:73)
	at com.kms.katalon.core.webui.keyword.WebUiBuiltInKeywords.click(WebUiBuiltInKeywords.groovy:619)
	at com.kms.katalon.core.webui.keyword.WebUiBuiltInKeywords$click$2.call(Unknown Source)
	at Script1622086934210.run(Script1622086934210.groovy:23)
	... 13 more
)

2021-05-30 02:44:52 - [TEST_STEP][PASSED] - click(findTestObject("Object Repository/Page_Town Square - TEAM NAME Mattermost/div_Off-Topic")): Object: 'Object Repository/Page_Town Square - TEAM NAME Mattermost/div_Off-Topic' is clicked on

2021-05-30 02:44:54 - [MESSAGE][PASSED] - Object: 'Object Repository/Page_Town Square - TEAM NAME Mattermost/div_Off-Topic' is clicked on

2021-05-30 02:44:54 - [TEST_STEP][PASSED] - click(findTestObject("Object Repository/Page_Off-Topic - TEAM NAME Mattermost/span_Off-Topic_channelHeaderDropdownIcon")): Object: 'Object Repository/Page_Off-Topic - TEAM NAME Mattermost/span_Off-Topic_channelHeaderDropdownIcon' is clicked on

2021-05-30 02:44:55 - [MESSAGE][PASSED] - Object: 'Object Repository/Page_Off-Topic - TEAM NAME Mattermost/span_Off-Topic_channelHeaderDropdownIcon' is clicked on

2021-05-30 02:44:55 - [TEST_STEP][PASSED] - click(findTestObject("Object Repository/Page_Off-Topic - TEAM NAME Mattermost/span_Edit Channel Header")): Object: 'Object Repository/Page_Off-Topic - TEAM NAME Mattermost/span_Edit Channel Header' is clicked on

2021-05-30 02:44:56 - [MESSAGE][PASSED] - Object: 'Object Repository/Page_Off-Topic - TEAM NAME Mattermost/span_Edit Channel Header' is clicked on

2021-05-30 02:44:56 - [TEST_STEP][PASSED] - setText(findTestObject("Object Repository/Page_Off-Topic - TEAM NAME Mattermost/textarea_Hell"), findTestData("Internal/Internal Channel Header").getValue(1, rowNum)): Text 'Channel về tin tức' is set on object 'Object Repository/Page_Off-Topic - TEAM NAME Mattermost/textarea_Hell'

2021-05-30 02:44:56 - [MESSAGE][PASSED] - Text 'Channel về tin tức' is set on object 'Object Repository/Page_Off-Topic - TEAM NAME Mattermost/textarea_Hell'

2021-05-30 02:44:56 - [TEST_STEP][PASSED] - click(findTestObject("Object Repository/Page_Off-Topic - TEAM NAME Mattermost/span_Save")): Object: 'Object Repository/Page_Off-Topic - TEAM NAME Mattermost/span_Save' is clicked on

2021-05-30 02:45:27 - [MESSAGE][INFO] - Unable to find the element located by 'By.xpath: //button[@id='save-button']/span'. Please recheck the objects properties to make sure the desired element is located. 

2021-05-30 02:45:27 - [MESSAGE][WARNING] - [SELF-HEALING] Failed to find element with id 'Object Repository/Page_Off-Topic - TEAM NAME Mattermost/span_Save'. Try using Self-healing.

2021-05-30 02:45:28 - [MESSAGE][WARNING] - [SELF-HEALING] The current locator of test object 'Object Repository/Page_Off-Topic - TEAM NAME Mattermost/span_Save' was broken. Propose an alternative one: '(.//*[normalize-space(text()) and normalize-space(.)='Cancel'])[1]/following::span[1]'.

2021-05-30 02:45:28 - [MESSAGE][PASSED] - Object: 'Object Repository/Page_Off-Topic - TEAM NAME Mattermost/span_Save' is clicked on

2021-05-30 02:45:28 - [TEST_STEP][PASSED] - click(findTestObject("Object Repository/Page_Town Square - TEAM NAME Mattermost/div_Off-Topic")): Object: 'Object Repository/Page_Town Square - TEAM NAME Mattermost/div_Off-Topic' is clicked on

2021-05-30 02:45:29 - [MESSAGE][PASSED] - Object: 'Object Repository/Page_Town Square - TEAM NAME Mattermost/div_Off-Topic' is clicked on

2021-05-30 02:45:29 - [TEST_STEP][PASSED] - click(findTestObject("Object Repository/Page_Off-Topic - TEAM NAME Mattermost/span_Off-Topic_channelHeaderDropdownIcon")): Object: 'Object Repository/Page_Off-Topic - TEAM NAME Mattermost/span_Off-Topic_channelHeaderDropdownIcon' is clicked on

2021-05-30 02:45:29 - [MESSAGE][PASSED] - Object: 'Object Repository/Page_Off-Topic - TEAM NAME Mattermost/span_Off-Topic_channelHeaderDropdownIcon' is clicked on

2021-05-30 02:45:29 - [TEST_STEP][PASSED] - click(findTestObject("Object Repository/Page_Off-Topic - TEAM NAME Mattermost/span_Edit Channel Header")): Object: 'Object Repository/Page_Off-Topic - TEAM NAME Mattermost/span_Edit Channel Header' is clicked on

2021-05-30 02:45:30 - [MESSAGE][PASSED] - Object: 'Object Repository/Page_Off-Topic - TEAM NAME Mattermost/span_Edit Channel Header' is clicked on

2021-05-30 02:45:30 - [TEST_STEP][PASSED] - setText(findTestObject("Object Repository/Page_Off-Topic - TEAM NAME Mattermost/textarea_Hell"), findTestData("Internal/Internal Channel Header").getValue(1, rowNum)): Text 'Channel về du lịch' is set on object 'Object Repository/Page_Off-Topic - TEAM NAME Mattermost/textarea_Hell'

2021-05-30 02:45:31 - [MESSAGE][PASSED] - Text 'Channel về du lịch' is set on object 'Object Repository/Page_Off-Topic - TEAM NAME Mattermost/textarea_Hell'

2021-05-30 02:45:31 - [TEST_STEP][PASSED] - click(findTestObject("Object Repository/Page_Off-Topic - TEAM NAME Mattermost/span_Save")): Object: 'Object Repository/Page_Off-Topic - TEAM NAME Mattermost/span_Save' is clicked on

2021-05-30 02:46:02 - [MESSAGE][INFO] - Unable to find the element located by 'By.xpath: //button[@id='save-button']/span'. Please recheck the objects properties to make sure the desired element is located. 

2021-05-30 02:46:02 - [MESSAGE][WARNING] - [SELF-HEALING] Failed to find element with id 'Object Repository/Page_Off-Topic - TEAM NAME Mattermost/span_Save'. Try using Self-healing.

2021-05-30 02:46:02 - [MESSAGE][WARNING] - [SELF-HEALING] The current locator of test object 'Object Repository/Page_Off-Topic - TEAM NAME Mattermost/span_Save' was broken. Propose an alternative one: '(.//*[normalize-space(text()) and normalize-space(.)='Cancel'])[1]/following::span[1]'.

2021-05-30 02:46:02 - [MESSAGE][PASSED] - Object: 'Object Repository/Page_Off-Topic - TEAM NAME Mattermost/span_Save' is clicked on

2021-05-30 02:46:02 - [TEST_STEP][FAILED] - click(findTestObject("Object Repository/Page_Town Square - TEAM NAME Mattermost/div_Off-Topic")): Unable to click on object 'Object Repository/Page_Town Square - TEAM NAME Mattermost/div_Off-Topic' (Root cause: com.kms.katalon.core.exception.StepFailedException: Unable to click on object 'Object Repository/Page_Town Square - TEAM NAME Mattermost/div_Off-Topic'
	at com.kms.katalon.core.webui.keyword.internal.WebUIKeywordMain.stepFailed(WebUIKeywordMain.groovy:64)
	at com.kms.katalon.core.webui.keyword.internal.WebUIKeywordMain.runKeyword(WebUIKeywordMain.groovy:26)
	at com.kms.katalon.core.webui.keyword.builtin.ClickKeyword.click(ClickKeyword.groovy:75)
	at com.kms.katalon.core.webui.keyword.builtin.ClickKeyword.execute(ClickKeyword.groovy:42)
	at com.kms.katalon.core.keyword.internal.KeywordExecutor.executeKeywordForPlatform(KeywordExecutor.groovy:73)
	at com.kms.katalon.core.webui.keyword.WebUiBuiltInKeywords.click(WebUiBuiltInKeywords.groovy:619)
	at com.kms.katalon.core.webui.keyword.WebUiBuiltInKeywords$click$2.call(Unknown Source)
	at EditChannelHeader.run(EditChannelHeader:23)
	at com.kms.katalon.core.main.ScriptEngine.run(ScriptEngine.java:194)
	at com.kms.katalon.core.main.ScriptEngine.runScriptAsRawText(ScriptEngine.java:119)
	at com.kms.katalon.core.main.TestCaseExecutor.runScript(TestCaseExecutor.java:398)
	at com.kms.katalon.core.main.TestCaseExecutor.doExecute(TestCaseExecutor.java:389)
	at com.kms.katalon.core.main.TestCaseExecutor.processExecutionPhase(TestCaseExecutor.java:368)
	at com.kms.katalon.core.main.TestCaseExecutor.accessMainPhase(TestCaseExecutor.java:360)
	at com.kms.katalon.core.main.TestCaseExecutor.execute(TestCaseExecutor.java:255)
	at com.kms.katalon.core.main.TestSuiteExecutor.accessTestCaseMainPhase(TestSuiteExecutor.java:203)
	at com.kms.katalon.core.main.TestSuiteExecutor.accessTestSuiteMainPhase(TestSuiteExecutor.java:152)
	at com.kms.katalon.core.main.TestSuiteExecutor.execute(TestSuiteExecutor.java:95)
	at com.kms.katalon.core.main.TestCaseMain.startTestSuite(TestCaseMain.java:157)
	at com.kms.katalon.core.main.TestCaseMain$startTestSuite$0.call(Unknown Source)
	at TempTestSuite1622342246554.run(TempTestSuite1622342246554.groovy:39)
Caused by: org.openqa.selenium.ElementClickInterceptedException: element click intercepted: Element <div class="SidebarChannelLinkLabel_wrapper">...</div> is not clickable at point (197, 566). Other element would receive the click: <div style="position: absolute; height: 6px; transition: opacity 500ms ease 0s; opacity: 0; right: 2px; bottom: 2px; left: 2px; border-radius: 3px;">...</div>
  (Session info: chrome=91.0.4472.77)
Build info: version: '3.141.59', revision: 'e82be7d358', time: '2018-11-14T08:25:53'
System info: host: 'WIN-SERVER-2019', ip: '10.1.0.4', os.name: 'Windows Server 2019', os.arch: 'amd64', os.version: '10.0', java.version: '1.8.0_282'
Driver info: com.kms.katalon.selenium.driver.CChromeDriver
Capabilities {acceptInsecureCerts: false, browserName: chrome, browserVersion: 91.0.4472.77, chrome: {chromedriverVersion: 90.0.4430.24 (4c6d850f087da..., userDataDir: C:\Users\nttuan\AppData\Loc...}, goog:chromeOptions: {debuggerAddress: localhost:58580}, javascriptEnabled: true, networkConnectionEnabled: false, pageLoadStrategy: normal, platform: WINDOWS, platformName: WINDOWS, proxy: Proxy(), setWindowRect: true, strictFileInteractability: false, timeouts: {implicit: 0, pageLoad: 300000, script: 30000}, unhandledPromptBehavior: dismiss and notify, webauthn:extension:largeBlob: true, webauthn:virtualAuthenticators: true}
Session ID: 7f9f549456099e09e2fa50a0e27638a5
	at org.openqa.selenium.remote.http.W3CHttpResponseCodec.createException(W3CHttpResponseCodec.java:187)
	at org.openqa.selenium.remote.http.W3CHttpResponseCodec.decode(W3CHttpResponseCodec.java:122)
	at org.openqa.selenium.remote.http.W3CHttpResponseCodec.decode(W3CHttpResponseCodec.java:49)
	at org.openqa.selenium.remote.HttpCommandExecutor.execute(HttpCommandExecutor.java:158)
	at org.openqa.selenium.remote.service.DriverCommandExecutor.execute(DriverCommandExecutor.java:83)
	at org.openqa.selenium.remote.RemoteWebDriver.execute(RemoteWebDriver.java:552)
	at com.kms.katalon.selenium.driver.CChromeDriver.execute(CChromeDriver.java:19)
	at org.openqa.selenium.remote.RemoteWebElement.execute(RemoteWebElement.java:285)
	at org.openqa.selenium.remote.RemoteWebElement.click(RemoteWebElement.java:84)
	at org.openqa.selenium.support.events.EventFiringWebDriver$EventFiringWebElement.lambda$new$0(EventFiringWebDriver.java:404)
	at com.sun.proxy.$Proxy17.click(Unknown Source)
	at org.openqa.selenium.support.events.EventFiringWebDriver$EventFiringWebElement.click(EventFiringWebDriver.java:417)
	at com.kms.katalon.core.webui.keyword.builtin.ClickKeyword$_click_closure1.doCall(ClickKeyword.groovy:68)
	at com.kms.katalon.core.webui.keyword.builtin.ClickKeyword$_click_closure1.call(ClickKeyword.groovy)
	at com.kms.katalon.core.webui.keyword.internal.WebUIKeywordMain.runKeyword(WebUIKeywordMain.groovy:20)
	at com.kms.katalon.core.webui.keyword.builtin.ClickKeyword.click(ClickKeyword.groovy:75)
	at com.kms.katalon.core.webui.keyword.builtin.ClickKeyword.execute(ClickKeyword.groovy:42)
	at com.kms.katalon.core.keyword.internal.KeywordExecutor.executeKeywordForPlatform(KeywordExecutor.groovy:73)
	at com.kms.katalon.core.webui.keyword.WebUiBuiltInKeywords.click(WebUiBuiltInKeywords.groovy:619)
	at com.kms.katalon.core.webui.keyword.WebUiBuiltInKeywords$click$2.call(Unknown Source)
	at Script1622086934210.run(Script1622086934210.groovy:23)
	... 13 more
)

2021-05-30 02:46:04 - [MESSAGE][FAILED] - Unable to click on object 'Object Repository/Page_Town Square - TEAM NAME Mattermost/div_Off-Topic' (Root cause: com.kms.katalon.core.exception.StepFailedException: Unable to click on object 'Object Repository/Page_Town Square - TEAM NAME Mattermost/div_Off-Topic'
	at com.kms.katalon.core.webui.keyword.internal.WebUIKeywordMain.stepFailed(WebUIKeywordMain.groovy:64)
	at com.kms.katalon.core.webui.keyword.internal.WebUIKeywordMain.runKeyword(WebUIKeywordMain.groovy:26)
	at com.kms.katalon.core.webui.keyword.builtin.ClickKeyword.click(ClickKeyword.groovy:75)
	at com.kms.katalon.core.webui.keyword.builtin.ClickKeyword.execute(ClickKeyword.groovy:42)
	at com.kms.katalon.core.keyword.internal.KeywordExecutor.executeKeywordForPlatform(KeywordExecutor.groovy:73)
	at com.kms.katalon.core.webui.keyword.WebUiBuiltInKeywords.click(WebUiBuiltInKeywords.groovy:619)
	at com.kms.katalon.core.webui.keyword.WebUiBuiltInKeywords$click$2.call(Unknown Source)
	at EditChannelHeader.run(EditChannelHeader:23)
	at com.kms.katalon.core.main.ScriptEngine.run(ScriptEngine.java:194)
	at com.kms.katalon.core.main.ScriptEngine.runScriptAsRawText(ScriptEngine.java:119)
	at com.kms.katalon.core.main.TestCaseExecutor.runScript(TestCaseExecutor.java:398)
	at com.kms.katalon.core.main.TestCaseExecutor.doExecute(TestCaseExecutor.java:389)
	at com.kms.katalon.core.main.TestCaseExecutor.processExecutionPhase(TestCaseExecutor.java:368)
	at com.kms.katalon.core.main.TestCaseExecutor.accessMainPhase(TestCaseExecutor.java:360)
	at com.kms.katalon.core.main.TestCaseExecutor.execute(TestCaseExecutor.java:255)
	at com.kms.katalon.core.main.TestSuiteExecutor.accessTestCaseMainPhase(TestSuiteExecutor.java:203)
	at com.kms.katalon.core.main.TestSuiteExecutor.accessTestSuiteMainPhase(TestSuiteExecutor.java:152)
	at com.kms.katalon.core.main.TestSuiteExecutor.execute(TestSuiteExecutor.java:95)
	at com.kms.katalon.core.main.TestCaseMain.startTestSuite(TestCaseMain.java:157)
	at com.kms.katalon.core.main.TestCaseMain$startTestSuite$0.call(Unknown Source)
	at TempTestSuite1622342246554.run(TempTestSuite1622342246554.groovy:39)
Caused by: org.openqa.selenium.ElementClickInterceptedException: element click intercepted: Element <div class="SidebarChannelLinkLabel_wrapper">...</div> is not clickable at point (197, 566). Other element would receive the click: <div style="position: absolute; height: 6px; transition: opacity 500ms ease 0s; opacity: 0; right: 2px; bottom: 2px; left: 2px; border-radius: 3px;">...</div>
  (Session info: chrome=91.0.4472.77)
Build info: version: '3.141.59', revision: 'e82be7d358', time: '2018-11-14T08:25:53'
System info: host: 'WIN-SERVER-2019', ip: '10.1.0.4', os.name: 'Windows Server 2019', os.arch: 'amd64', os.version: '10.0', java.version: '1.8.0_282'
Driver info: com.kms.katalon.selenium.driver.CChromeDriver
Capabilities {acceptInsecureCerts: false, browserName: chrome, browserVersion: 91.0.4472.77, chrome: {chromedriverVersion: 90.0.4430.24 (4c6d850f087da..., userDataDir: C:\Users\nttuan\AppData\Loc...}, goog:chromeOptions: {debuggerAddress: localhost:58580}, javascriptEnabled: true, networkConnectionEnabled: false, pageLoadStrategy: normal, platform: WINDOWS, platformName: WINDOWS, proxy: Proxy(), setWindowRect: true, strictFileInteractability: false, timeouts: {implicit: 0, pageLoad: 300000, script: 30000}, unhandledPromptBehavior: dismiss and notify, webauthn:extension:largeBlob: true, webauthn:virtualAuthenticators: true}
Session ID: 7f9f549456099e09e2fa50a0e27638a5
	at org.openqa.selenium.remote.http.W3CHttpResponseCodec.createException(W3CHttpResponseCodec.java:187)
	at org.openqa.selenium.remote.http.W3CHttpResponseCodec.decode(W3CHttpResponseCodec.java:122)
	at org.openqa.selenium.remote.http.W3CHttpResponseCodec.decode(W3CHttpResponseCodec.java:49)
	at org.openqa.selenium.remote.HttpCommandExecutor.execute(HttpCommandExecutor.java:158)
	at org.openqa.selenium.remote.service.DriverCommandExecutor.execute(DriverCommandExecutor.java:83)
	at org.openqa.selenium.remote.RemoteWebDriver.execute(RemoteWebDriver.java:552)
	at com.kms.katalon.selenium.driver.CChromeDriver.execute(CChromeDriver.java:19)
	at org.openqa.selenium.remote.RemoteWebElement.execute(RemoteWebElement.java:285)
	at org.openqa.selenium.remote.RemoteWebElement.click(RemoteWebElement.java:84)
	at org.openqa.selenium.support.events.EventFiringWebDriver$EventFiringWebElement.lambda$new$0(EventFiringWebDriver.java:404)
	at com.sun.proxy.$Proxy17.click(Unknown Source)
	at org.openqa.selenium.support.events.EventFiringWebDriver$EventFiringWebElement.click(EventFiringWebDriver.java:417)
	at com.kms.katalon.core.webui.keyword.builtin.ClickKeyword$_click_closure1.doCall(ClickKeyword.groovy:68)
	at com.kms.katalon.core.webui.keyword.builtin.ClickKeyword$_click_closure1.call(ClickKeyword.groovy)
	at com.kms.katalon.core.webui.keyword.internal.WebUIKeywordMain.runKeyword(WebUIKeywordMain.groovy:20)
	at com.kms.katalon.core.webui.keyword.builtin.ClickKeyword.click(ClickKeyword.groovy:75)
	at com.kms.katalon.core.webui.keyword.builtin.ClickKeyword.execute(ClickKeyword.groovy:42)
	at com.kms.katalon.core.keyword.internal.KeywordExecutor.executeKeywordForPlatform(KeywordExecutor.groovy:73)
	at com.kms.katalon.core.webui.keyword.WebUiBuiltInKeywords.click(WebUiBuiltInKeywords.groovy:619)
	at com.kms.katalon.core.webui.keyword.WebUiBuiltInKeywords$click$2.call(Unknown Source)
	at Script1622086934210.run(Script1622086934210.groovy:23)
	... 13 more
)
[[ATTACHMENT|C:\\Users\\nttuan\\Downloads\\CDNC\\mattermost-testing\\Reports\\20210530_023726\\Run all test cases\\20210530_023726\\1622342764312.png]]]]></system-out>
         <system-err><![CDATA[2021-05-30 02:44:47 - [TEST_CASE][FAILED] - Test Cases/Internal Test Cases/EditChannelHeader: Test Cases/Internal Test Cases/EditChannelHeader FAILED.
Reason:
com.kms.katalon.core.exception.StepFailedException: Unable to click on object 'Object Repository/Page_Town Square - TEAM NAME Mattermost/div_Off-Topic'
	at com.kms.katalon.core.webui.keyword.internal.WebUIKeywordMain.stepFailed(WebUIKeywordMain.groovy:64)
	at com.kms.katalon.core.webui.keyword.internal.WebUIKeywordMain.runKeyword(WebUIKeywordMain.groovy:26)
	at com.kms.katalon.core.webui.keyword.builtin.ClickKeyword.click(ClickKeyword.groovy:75)
	at com.kms.katalon.core.webui.keyword.builtin.ClickKeyword.execute(ClickKeyword.groovy:42)
	at com.kms.katalon.core.keyword.internal.KeywordExecutor.executeKeywordForPlatform(KeywordExecutor.groovy:73)
	at com.kms.katalon.core.webui.keyword.WebUiBuiltInKeywords.click(WebUiBuiltInKeywords.groovy:619)
	at com.kms.katalon.core.webui.keyword.WebUiBuiltInKeywords$click$2.call(Unknown Source)
	at EditChannelHeader.run(EditChannelHeader:23)
	at com.kms.katalon.core.main.ScriptEngine.run(ScriptEngine.java:194)
	at com.kms.katalon.core.main.ScriptEngine.runScriptAsRawText(ScriptEngine.java:119)
	at com.kms.katalon.core.main.TestCaseExecutor.runScript(TestCaseExecutor.java:398)
	at com.kms.katalon.core.main.TestCaseExecutor.doExecute(TestCaseExecutor.java:389)
	at com.kms.katalon.core.main.TestCaseExecutor.processExecutionPhase(TestCaseExecutor.java:368)
	at com.kms.katalon.core.main.TestCaseExecutor.accessMainPhase(TestCaseExecutor.java:360)
	at com.kms.katalon.core.main.TestCaseExecutor.execute(TestCaseExecutor.java:255)
	at com.kms.katalon.core.main.TestSuiteExecutor.accessTestCaseMainPhase(TestSuiteExecutor.java:203)
	at com.kms.katalon.core.main.TestSuiteExecutor.accessTestSuiteMainPhase(TestSuiteExecutor.java:152)
	at com.kms.katalon.core.main.TestSuiteExecutor.execute(TestSuiteExecutor.java:95)
	at com.kms.katalon.core.main.TestCaseMain.startTestSuite(TestCaseMain.java:157)
	at com.kms.katalon.core.main.TestCaseMain$startTestSuite$0.call(Unknown Source)
	at TempTestSuite1622342246554.run(TempTestSuite1622342246554.groovy:39)
Caused by: org.openqa.selenium.ElementClickInterceptedException: element click intercepted: Element <div class="SidebarChannelLinkLabel_wrapper">...</div> is not clickable at point (197, 566). Other element would receive the click: <div style="position: absolute; height: 6px; transition: opacity 500ms ease 0s; opacity: 0; right: 2px; bottom: 2px; left: 2px; border-radius: 3px;">...</div>
  (Session info: chrome=91.0.4472.77)
Build info: version: '3.141.59', revision: 'e82be7d358', time: '2018-11-14T08:25:53'
System info: host: 'WIN-SERVER-2019', ip: '10.1.0.4', os.name: 'Windows Server 2019', os.arch: 'amd64', os.version: '10.0', java.version: '1.8.0_282'
Driver info: com.kms.katalon.selenium.driver.CChromeDriver
Capabilities {acceptInsecureCerts: false, browserName: chrome, browserVersion: 91.0.4472.77, chrome: {chromedriverVersion: 90.0.4430.24 (4c6d850f087da..., userDataDir: C:\Users\nttuan\AppData\Loc...}, goog:chromeOptions: {debuggerAddress: localhost:58580}, javascriptEnabled: true, networkConnectionEnabled: false, pageLoadStrategy: normal, platform: WINDOWS, platformName: WINDOWS, proxy: Proxy(), setWindowRect: true, strictFileInteractability: false, timeouts: {implicit: 0, pageLoad: 300000, script: 30000}, unhandledPromptBehavior: dismiss and notify, webauthn:extension:largeBlob: true, webauthn:virtualAuthenticators: true}
Session ID: 7f9f549456099e09e2fa50a0e27638a5
	at org.openqa.selenium.remote.http.W3CHttpResponseCodec.createException(W3CHttpResponseCodec.java:187)
	at org.openqa.selenium.remote.http.W3CHttpResponseCodec.decode(W3CHttpResponseCodec.java:122)
	at org.openqa.selenium.remote.http.W3CHttpResponseCodec.decode(W3CHttpResponseCodec.java:49)
	at org.openqa.selenium.remote.HttpCommandExecutor.execute(HttpCommandExecutor.java:158)
	at org.openqa.selenium.remote.service.DriverCommandExecutor.execute(DriverCommandExecutor.java:83)
	at org.openqa.selenium.remote.RemoteWebDriver.execute(RemoteWebDriver.java:552)
	at com.kms.katalon.selenium.driver.CChromeDriver.execute(CChromeDriver.java:19)
	at org.openqa.selenium.remote.RemoteWebElement.execute(RemoteWebElement.java:285)
	at org.openqa.selenium.remote.RemoteWebElement.click(RemoteWebElement.java:84)
	at org.openqa.selenium.support.events.EventFiringWebDriver$EventFiringWebElement.lambda$new$0(EventFiringWebDriver.java:404)
	at com.sun.proxy.$Proxy17.click(Unknown Source)
	at org.openqa.selenium.support.events.EventFiringWebDriver$EventFiringWebElement.click(EventFiringWebDriver.java:417)
	at com.kms.katalon.core.webui.keyword.builtin.ClickKeyword$_click_closure1.doCall(ClickKeyword.groovy:68)
	at com.kms.katalon.core.webui.keyword.builtin.ClickKeyword$_click_closure1.call(ClickKeyword.groovy)
	at com.kms.katalon.core.webui.keyword.internal.WebUIKeywordMain.runKeyword(WebUIKeywordMain.groovy:20)
	... 19 more]]></system-err>
      </testcase>
      <testcase name="Test Cases/Internal Test Cases/EditChannelPurpose" time="24.153" classname="Test Cases/Internal Test Cases/EditChannelPurpose" status="PASSED">
         <system-out><![CDATA[2021-05-30 02:46:04 - [TEST_CASE][PASSED] - Test Cases/Internal Test Cases/EditChannelPurpose: Test Cases/Internal Test Cases/EditChannelPurpose

2021-05-30 02:46:04 - [TEST_STEP][PASSED] - callTestCase(findTestCase("Internal Test Cases/Successful Login"), ["Username":"", "Password":""], STOP_ON_FAILURE): Call Test Case 'Test Cases/Internal Test Cases/Successful Login' successfully

2021-05-30 02:46:04 - [TEST_CASE][PASSED] - Test Cases/Internal Test Cases/Successful Login: Test Cases/Internal Test Cases/Successful Login

2021-05-30 02:46:04 - [TEST_STEP][PASSED] - openBrowser(""): Browser is opened with url: ''

2021-05-30 02:46:04 - [MESSAGE][WARNING] - A browser is already opened. Closing browser and opening a new one

2021-05-30 02:46:05 - [MESSAGE][INFO] - Starting 'Chrome' driver

2021-05-30 02:46:05 - [MESSAGE][INFO] - Action delay is set to 0 milliseconds

2021-05-30 02:46:06 - [MESSAGE][PASSED] - Browser is opened with url: ''

2021-05-30 02:46:06 - [TEST_STEP][PASSED] - navigateToUrl("https://chudenangcao2021.cf/"): Navigate to 'https://chudenangcao2021.cf/' successfully

2021-05-30 02:46:07 - [MESSAGE][PASSED] - Navigate to 'https://chudenangcao2021.cf/' successfully

2021-05-30 02:46:07 - [TEST_STEP][PASSED] - setText(findTestObject("Object Repository/Page_Mattermost/input_All team communication in one place, _dcc84b"), findTestData("Internal/Internal Login Data").getValue(1, 1)): Text 'nguyenvanb' is set on object 'Object Repository/Page_Mattermost/input_All team communication in one place, _dcc84b'

2021-05-30 02:46:08 - [MESSAGE][PASSED] - Text 'nguyenvanb' is set on object 'Object Repository/Page_Mattermost/input_All team communication in one place, _dcc84b'

2021-05-30 02:46:08 - [TEST_STEP][PASSED] - setEncryptedText(findTestObject("Object Repository/Page_Mattermost/input_All team communication in one place, _a3edc6"), findTestData("Internal/Internal Login Data").getValue(2, 1)): Text ****** has been set on object 'Object Repository/Page_Mattermost/input_All team communication in one place, _a3edc6'

2021-05-30 02:46:09 - [MESSAGE][PASSED] - Text ****** has been set on object 'Object Repository/Page_Mattermost/input_All team communication in one place, _a3edc6'

2021-05-30 02:46:09 - [TEST_STEP][PASSED] - click(findTestObject("Object Repository/Page_Mattermost/button_Sign in")): Object: 'Object Repository/Page_Mattermost/button_Sign in' is clicked on

2021-05-30 02:46:09 - [MESSAGE][PASSED] - Object: 'Object Repository/Page_Mattermost/button_Sign in' is clicked on

2021-05-30 02:46:09 - [TEST_STEP][PASSED] - verifyLinksAccessible(["https://chudenangcao2021.cf/cdnc-cnpm-2021/channels"]): All links are accessible

2021-05-30 02:46:09 - [MESSAGE][INFO] - HAR: C:\Users\nttuan\Downloads\CDNC\mattermost-testing\Reports\20210530_023726\Run all test cases\20210530_023726\requests\main\39.har

2021-05-30 02:46:09 - [MESSAGE][PASSED] - Send request successfully

2021-05-30 02:46:09 - [MESSAGE][PASSED] - All links are accessible

2021-05-30 02:46:09 - [MESSAGE][PASSED] - Call Test Case 'Test Cases/Internal Test Cases/Successful Login' successfully

2021-05-30 02:46:09 - [TEST_STEP][PASSED] - for ([rowNum = 1, rowNum <= findTestData("Internal/Internal Channel Purpose").getRowNumbers(), (rowNum++)]): Object: 'Object Repository/Edit Purpose/Page_span_Town Square - Team 1 Mattermost/button_Save' is clicked on

2021-05-30 02:46:09 - [TEST_STEP][PASSED] - click(findTestObject("Object Repository/Edit Purpose/Page_span_Town Square - Team 1 Mattermost/span_span_Town Square")): Object: 'Object Repository/Edit Purpose/Page_span_Town Square - Team 1 Mattermost/span_span_Town Square' is clicked on

2021-05-30 02:46:11 - [MESSAGE][PASSED] - Object: 'Object Repository/Edit Purpose/Page_span_Town Square - Team 1 Mattermost/span_span_Town Square' is clicked on

2021-05-30 02:46:11 - [TEST_STEP][PASSED] - click(findTestObject("Object Repository/Edit Purpose/Page_span_Town Square - Team 1 Mattermost/span_span_Town Square_channelHeaderDropdownIcon")): Object: 'Object Repository/Edit Purpose/Page_span_Town Square - Team 1 Mattermost/span_span_Town Square_channelHeaderDropdownIcon' is clicked on

2021-05-30 02:46:12 - [MESSAGE][PASSED] - Object: 'Object Repository/Edit Purpose/Page_span_Town Square - Team 1 Mattermost/span_span_Town Square_channelHeaderDropdownIcon' is clicked on

2021-05-30 02:46:12 - [TEST_STEP][PASSED] - click(findTestObject("Object Repository/Edit Purpose/Page_span_Town Square - Team 1 Mattermost/span_Edit Channel Purpose")): Object: 'Object Repository/Edit Purpose/Page_span_Town Square - Team 1 Mattermost/span_Edit Channel Purpose' is clicked on

2021-05-30 02:46:12 - [MESSAGE][PASSED] - Object: 'Object Repository/Edit Purpose/Page_span_Town Square - Team 1 Mattermost/span_Edit Channel Purpose' is clicked on

2021-05-30 02:46:12 - [TEST_STEP][PASSED] - setText(findTestObject("Object Repository/Edit Purpose/Page_span_Town Square - Team 1 Mattermost/textarea_span_Town Square_form-control no-resize"), findTestData("Internal/Internal Channel Purpose").getValue(1, rowNum)): Text 'Lời khuyên, sự hỗ trợ' is set on object 'Object Repository/Edit Purpose/Page_span_Town Square - Team 1 Mattermost/textarea_span_Town Square_form-control no-resize'

2021-05-30 02:46:13 - [MESSAGE][PASSED] - Text 'Lời khuyên, sự hỗ trợ' is set on object 'Object Repository/Edit Purpose/Page_span_Town Square - Team 1 Mattermost/textarea_span_Town Square_form-control no-resize'

2021-05-30 02:46:13 - [TEST_STEP][PASSED] - click(findTestObject("Object Repository/Edit Purpose/Page_span_Town Square - Team 1 Mattermost/button_Save")): Object: 'Object Repository/Edit Purpose/Page_span_Town Square - Team 1 Mattermost/button_Save' is clicked on

2021-05-30 02:46:14 - [MESSAGE][PASSED] - Object: 'Object Repository/Edit Purpose/Page_span_Town Square - Team 1 Mattermost/button_Save' is clicked on

2021-05-30 02:46:14 - [TEST_STEP][PASSED] - click(findTestObject("Object Repository/Edit Purpose/Page_span_Town Square - Team 1 Mattermost/span_span_Town Square")): Object: 'Object Repository/Edit Purpose/Page_span_Town Square - Team 1 Mattermost/span_span_Town Square' is clicked on

2021-05-30 02:46:15 - [MESSAGE][PASSED] - Object: 'Object Repository/Edit Purpose/Page_span_Town Square - Team 1 Mattermost/span_span_Town Square' is clicked on

2021-05-30 02:46:15 - [TEST_STEP][PASSED] - click(findTestObject("Object Repository/Edit Purpose/Page_span_Town Square - Team 1 Mattermost/span_span_Town Square_channelHeaderDropdownIcon")): Object: 'Object Repository/Edit Purpose/Page_span_Town Square - Team 1 Mattermost/span_span_Town Square_channelHeaderDropdownIcon' is clicked on

2021-05-30 02:46:15 - [MESSAGE][PASSED] - Object: 'Object Repository/Edit Purpose/Page_span_Town Square - Team 1 Mattermost/span_span_Town Square_channelHeaderDropdownIcon' is clicked on

2021-05-30 02:46:15 - [TEST_STEP][PASSED] - click(findTestObject("Object Repository/Edit Purpose/Page_span_Town Square - Team 1 Mattermost/span_Edit Channel Purpose")): Object: 'Object Repository/Edit Purpose/Page_span_Town Square - Team 1 Mattermost/span_Edit Channel Purpose' is clicked on

2021-05-30 02:46:16 - [MESSAGE][PASSED] - Object: 'Object Repository/Edit Purpose/Page_span_Town Square - Team 1 Mattermost/span_Edit Channel Purpose' is clicked on

2021-05-30 02:46:16 - [TEST_STEP][PASSED] - setText(findTestObject("Object Repository/Edit Purpose/Page_span_Town Square - Team 1 Mattermost/textarea_span_Town Square_form-control no-resize"), findTestData("Internal/Internal Channel Purpose").getValue(1, rowNum)): Text 'Bài viết truyền cảm hứng' is set on object 'Object Repository/Edit Purpose/Page_span_Town Square - Team 1 Mattermost/textarea_span_Town Square_form-control no-resize'

2021-05-30 02:46:17 - [MESSAGE][PASSED] - Text 'Bài viết truyền cảm hứng' is set on object 'Object Repository/Edit Purpose/Page_span_Town Square - Team 1 Mattermost/textarea_span_Town Square_form-control no-resize'

2021-05-30 02:46:17 - [TEST_STEP][PASSED] - click(findTestObject("Object Repository/Edit Purpose/Page_span_Town Square - Team 1 Mattermost/button_Save")): Object: 'Object Repository/Edit Purpose/Page_span_Town Square - Team 1 Mattermost/button_Save' is clicked on

2021-05-30 02:46:17 - [MESSAGE][PASSED] - Object: 'Object Repository/Edit Purpose/Page_span_Town Square - Team 1 Mattermost/button_Save' is clicked on

2021-05-30 02:46:17 - [TEST_STEP][PASSED] - click(findTestObject("Object Repository/Edit Purpose/Page_span_Town Square - Team 1 Mattermost/span_span_Town Square")): Object: 'Object Repository/Edit Purpose/Page_span_Town Square - Team 1 Mattermost/span_span_Town Square' is clicked on

2021-05-30 02:46:18 - [MESSAGE][PASSED] - Object: 'Object Repository/Edit Purpose/Page_span_Town Square - Team 1 Mattermost/span_span_Town Square' is clicked on

2021-05-30 02:46:18 - [TEST_STEP][PASSED] - click(findTestObject("Object Repository/Edit Purpose/Page_span_Town Square - Team 1 Mattermost/span_span_Town Square_channelHeaderDropdownIcon")): Object: 'Object Repository/Edit Purpose/Page_span_Town Square - Team 1 Mattermost/span_span_Town Square_channelHeaderDropdownIcon' is clicked on

2021-05-30 02:46:19 - [MESSAGE][PASSED] - Object: 'Object Repository/Edit Purpose/Page_span_Town Square - Team 1 Mattermost/span_span_Town Square_channelHeaderDropdownIcon' is clicked on

2021-05-30 02:46:19 - [TEST_STEP][PASSED] - click(findTestObject("Object Repository/Edit Purpose/Page_span_Town Square - Team 1 Mattermost/span_Edit Channel Purpose")): Object: 'Object Repository/Edit Purpose/Page_span_Town Square - Team 1 Mattermost/span_Edit Channel Purpose' is clicked on

2021-05-30 02:46:19 - [MESSAGE][PASSED] - Object: 'Object Repository/Edit Purpose/Page_span_Town Square - Team 1 Mattermost/span_Edit Channel Purpose' is clicked on

2021-05-30 02:46:19 - [TEST_STEP][PASSED] - setText(findTestObject("Object Repository/Edit Purpose/Page_span_Town Square - Team 1 Mattermost/textarea_span_Town Square_form-control no-resize"), findTestData("Internal/Internal Channel Purpose").getValue(1, rowNum)): Text 'Mục đích xã hội' is set on object 'Object Repository/Edit Purpose/Page_span_Town Square - Team 1 Mattermost/textarea_span_Town Square_form-control no-resize'

2021-05-30 02:46:20 - [MESSAGE][PASSED] - Text 'Mục đích xã hội' is set on object 'Object Repository/Edit Purpose/Page_span_Town Square - Team 1 Mattermost/textarea_span_Town Square_form-control no-resize'

2021-05-30 02:46:20 - [TEST_STEP][PASSED] - click(findTestObject("Object Repository/Edit Purpose/Page_span_Town Square - Team 1 Mattermost/button_Save")): Object: 'Object Repository/Edit Purpose/Page_span_Town Square - Team 1 Mattermost/button_Save' is clicked on

2021-05-30 02:46:21 - [MESSAGE][PASSED] - Object: 'Object Repository/Edit Purpose/Page_span_Town Square - Team 1 Mattermost/button_Save' is clicked on

2021-05-30 02:46:21 - [TEST_STEP][PASSED] - click(findTestObject("Object Repository/Edit Purpose/Page_span_Town Square - Team 1 Mattermost/span_span_Town Square")): Object: 'Object Repository/Edit Purpose/Page_span_Town Square - Team 1 Mattermost/span_span_Town Square' is clicked on

2021-05-30 02:46:22 - [MESSAGE][PASSED] - Object: 'Object Repository/Edit Purpose/Page_span_Town Square - Team 1 Mattermost/span_span_Town Square' is clicked on

2021-05-30 02:46:22 - [TEST_STEP][PASSED] - click(findTestObject("Object Repository/Edit Purpose/Page_span_Town Square - Team 1 Mattermost/span_span_Town Square_channelHeaderDropdownIcon")): Object: 'Object Repository/Edit Purpose/Page_span_Town Square - Team 1 Mattermost/span_span_Town Square_channelHeaderDropdownIcon' is clicked on

2021-05-30 02:46:22 - [MESSAGE][PASSED] - Object: 'Object Repository/Edit Purpose/Page_span_Town Square - Team 1 Mattermost/span_span_Town Square_channelHeaderDropdownIcon' is clicked on

2021-05-30 02:46:22 - [TEST_STEP][PASSED] - click(findTestObject("Object Repository/Edit Purpose/Page_span_Town Square - Team 1 Mattermost/span_Edit Channel Purpose")): Object: 'Object Repository/Edit Purpose/Page_span_Town Square - Team 1 Mattermost/span_Edit Channel Purpose' is clicked on

2021-05-30 02:46:23 - [MESSAGE][PASSED] - Object: 'Object Repository/Edit Purpose/Page_span_Town Square - Team 1 Mattermost/span_Edit Channel Purpose' is clicked on

2021-05-30 02:46:23 - [TEST_STEP][PASSED] - setText(findTestObject("Object Repository/Edit Purpose/Page_span_Town Square - Team 1 Mattermost/textarea_span_Town Square_form-control no-resize"), findTestData("Internal/Internal Channel Purpose").getValue(1, rowNum)): Text 'Nuôi dưỡng mối quan hệ' is set on object 'Object Repository/Edit Purpose/Page_span_Town Square - Team 1 Mattermost/textarea_span_Town Square_form-control no-resize'

2021-05-30 02:46:23 - [MESSAGE][PASSED] - Text 'Nuôi dưỡng mối quan hệ' is set on object 'Object Repository/Edit Purpose/Page_span_Town Square - Team 1 Mattermost/textarea_span_Town Square_form-control no-resize'

2021-05-30 02:46:23 - [TEST_STEP][PASSED] - click(findTestObject("Object Repository/Edit Purpose/Page_span_Town Square - Team 1 Mattermost/button_Save")): Object: 'Object Repository/Edit Purpose/Page_span_Town Square - Team 1 Mattermost/button_Save' is clicked on

2021-05-30 02:46:24 - [MESSAGE][PASSED] - Object: 'Object Repository/Edit Purpose/Page_span_Town Square - Team 1 Mattermost/button_Save' is clicked on

2021-05-30 02:46:24 - [TEST_STEP][PASSED] - click(findTestObject("Object Repository/Edit Purpose/Page_span_Town Square - Team 1 Mattermost/span_span_Town Square")): Object: 'Object Repository/Edit Purpose/Page_span_Town Square - Team 1 Mattermost/span_span_Town Square' is clicked on

2021-05-30 02:46:25 - [MESSAGE][PASSED] - Object: 'Object Repository/Edit Purpose/Page_span_Town Square - Team 1 Mattermost/span_span_Town Square' is clicked on

2021-05-30 02:46:25 - [TEST_STEP][PASSED] - click(findTestObject("Object Repository/Edit Purpose/Page_span_Town Square - Team 1 Mattermost/span_span_Town Square_channelHeaderDropdownIcon")): Object: 'Object Repository/Edit Purpose/Page_span_Town Square - Team 1 Mattermost/span_span_Town Square_channelHeaderDropdownIcon' is clicked on

2021-05-30 02:46:25 - [MESSAGE][PASSED] - Object: 'Object Repository/Edit Purpose/Page_span_Town Square - Team 1 Mattermost/span_span_Town Square_channelHeaderDropdownIcon' is clicked on

2021-05-30 02:46:25 - [TEST_STEP][PASSED] - click(findTestObject("Object Repository/Edit Purpose/Page_span_Town Square - Team 1 Mattermost/span_Edit Channel Purpose")): Object: 'Object Repository/Edit Purpose/Page_span_Town Square - Team 1 Mattermost/span_Edit Channel Purpose' is clicked on

2021-05-30 02:46:26 - [MESSAGE][PASSED] - Object: 'Object Repository/Edit Purpose/Page_span_Town Square - Team 1 Mattermost/span_Edit Channel Purpose' is clicked on

2021-05-30 02:46:26 - [TEST_STEP][PASSED] - setText(findTestObject("Object Repository/Edit Purpose/Page_span_Town Square - Team 1 Mattermost/textarea_span_Town Square_form-control no-resize"), findTestData("Internal/Internal Channel Purpose").getValue(1, rowNum)): Text ' Xây dựng nội dung có giá trị' is set on object 'Object Repository/Edit Purpose/Page_span_Town Square - Team 1 Mattermost/textarea_span_Town Square_form-control no-resize'

2021-05-30 02:46:27 - [MESSAGE][PASSED] - Text ' Xây dựng nội dung có giá trị' is set on object 'Object Repository/Edit Purpose/Page_span_Town Square - Team 1 Mattermost/textarea_span_Town Square_form-control no-resize'

2021-05-30 02:46:27 - [TEST_STEP][PASSED] - click(findTestObject("Object Repository/Edit Purpose/Page_span_Town Square - Team 1 Mattermost/button_Save")): Object: 'Object Repository/Edit Purpose/Page_span_Town Square - Team 1 Mattermost/button_Save' is clicked on

2021-05-30 02:46:27 - [MESSAGE][PASSED] - Object: 'Object Repository/Edit Purpose/Page_span_Town Square - Team 1 Mattermost/button_Save' is clicked on

2021-05-30 02:46:27 - [TEST_STEP][PASSED] - closeBrowser(): Browser is closed

2021-05-30 02:46:28 - [MESSAGE][PASSED] - Browser is closed]]></system-out>
         <system-err><![CDATA[]]></system-err>
      </testcase>
      <testcase name="Test Cases/Internal Test Cases/EditFullName" time="25.714" classname="Test Cases/Internal Test Cases/EditFullName" status="PASSED">
         <system-out><![CDATA[2021-05-30 02:46:28 - [TEST_CASE][PASSED] - Test Cases/Internal Test Cases/EditFullName: Test Cases/Internal Test Cases/EditFullName

2021-05-30 02:46:28 - [TEST_STEP][PASSED] - callTestCase(findTestCase("Internal Test Cases/Successful Login"), ["Username":"", "Password":""], STOP_ON_FAILURE): Call Test Case 'Test Cases/Internal Test Cases/Successful Login' successfully

2021-05-30 02:46:28 - [TEST_CASE][PASSED] - Test Cases/Internal Test Cases/Successful Login: Test Cases/Internal Test Cases/Successful Login

2021-05-30 02:46:28 - [TEST_STEP][PASSED] - openBrowser(""): Browser is opened with url: ''

2021-05-30 02:46:28 - [MESSAGE][INFO] - Starting 'Chrome' driver

2021-05-30 02:46:28 - [MESSAGE][INFO] - Action delay is set to 0 milliseconds

2021-05-30 02:46:30 - [MESSAGE][PASSED] - Browser is opened with url: ''

2021-05-30 02:46:30 - [TEST_STEP][PASSED] - navigateToUrl("https://chudenangcao2021.cf/"): Navigate to 'https://chudenangcao2021.cf/' successfully

2021-05-30 02:46:30 - [MESSAGE][PASSED] - Navigate to 'https://chudenangcao2021.cf/' successfully

2021-05-30 02:46:30 - [TEST_STEP][PASSED] - setText(findTestObject("Object Repository/Page_Mattermost/input_All team communication in one place, _dcc84b"), findTestData("Internal/Internal Login Data").getValue(1, 1)): Text 'nguyenvanb' is set on object 'Object Repository/Page_Mattermost/input_All team communication in one place, _dcc84b'

2021-05-30 02:46:32 - [MESSAGE][PASSED] - Text 'nguyenvanb' is set on object 'Object Repository/Page_Mattermost/input_All team communication in one place, _dcc84b'

2021-05-30 02:46:32 - [TEST_STEP][PASSED] - setEncryptedText(findTestObject("Object Repository/Page_Mattermost/input_All team communication in one place, _a3edc6"), findTestData("Internal/Internal Login Data").getValue(2, 1)): Text ****** has been set on object 'Object Repository/Page_Mattermost/input_All team communication in one place, _a3edc6'

2021-05-30 02:46:32 - [MESSAGE][PASSED] - Text ****** has been set on object 'Object Repository/Page_Mattermost/input_All team communication in one place, _a3edc6'

2021-05-30 02:46:32 - [TEST_STEP][PASSED] - click(findTestObject("Object Repository/Page_Mattermost/button_Sign in")): Object: 'Object Repository/Page_Mattermost/button_Sign in' is clicked on

2021-05-30 02:46:33 - [MESSAGE][PASSED] - Object: 'Object Repository/Page_Mattermost/button_Sign in' is clicked on

2021-05-30 02:46:33 - [TEST_STEP][PASSED] - verifyLinksAccessible(["https://chudenangcao2021.cf/cdnc-cnpm-2021/channels"]): All links are accessible

2021-05-30 02:46:33 - [MESSAGE][INFO] - HAR: C:\Users\nttuan\Downloads\CDNC\mattermost-testing\Reports\20210530_023726\Run all test cases\20210530_023726\requests\main\40.har

2021-05-30 02:46:33 - [MESSAGE][PASSED] - Send request successfully

2021-05-30 02:46:33 - [MESSAGE][PASSED] - All links are accessible

2021-05-30 02:46:33 - [MESSAGE][PASSED] - Call Test Case 'Test Cases/Internal Test Cases/Successful Login' successfully

2021-05-30 02:46:33 - [TEST_STEP][PASSED] - for ([rowNum = 1, rowNum <= findTestData("Internal/Internal Fullname").getRowNumbers(), (rowNum++)]): Object: 'Object Repository/Page_TEST CHANNEL - TEAM NAME Mattermost/span_' is clicked on

2021-05-30 02:46:33 - [TEST_STEP][PASSED] - click(findTestObject("Object Repository/Account Setting/Page_TEST CHANNEL - TEAM NAME Mattermost/span")): Object: 'Object Repository/Account Setting/Page_TEST CHANNEL - TEAM NAME Mattermost/span' is clicked on

2021-05-30 02:46:34 - [MESSAGE][PASSED] - Object: 'Object Repository/Account Setting/Page_TEST CHANNEL - TEAM NAME Mattermost/span' is clicked on

2021-05-30 02:46:34 - [TEST_STEP][PASSED] - click(findTestObject("Object Repository/Page_TEST CHANNEL - TEAM NAME Mattermost/button_Account Settings")): Object: 'Object Repository/Page_TEST CHANNEL - TEAM NAME Mattermost/button_Account Settings' is clicked on

2021-05-30 02:46:35 - [MESSAGE][PASSED] - Object: 'Object Repository/Page_TEST CHANNEL - TEAM NAME Mattermost/button_Account Settings' is clicked on

2021-05-30 02:46:35 - [TEST_STEP][PASSED] - click(findTestObject("Object Repository/Page_TEST CHANNEL - TEAM NAME Mattermost/span_Edit")): Object: 'Object Repository/Page_TEST CHANNEL - TEAM NAME Mattermost/span_Edit' is clicked on

2021-05-30 02:46:36 - [MESSAGE][PASSED] - Object: 'Object Repository/Page_TEST CHANNEL - TEAM NAME Mattermost/span_Edit' is clicked on

2021-05-30 02:46:36 - [TEST_STEP][PASSED] - setText(findTestObject("Object Repository/Page_TEST CHANNEL - TEAM NAME Mattermost/input_First Name_firstName"), findTestData("Internal/Internal Fullname").getValue(1, rowNum)): Text 'Tho' is set on object 'Object Repository/Page_TEST CHANNEL - TEAM NAME Mattermost/input_First Name_firstName'

2021-05-30 02:46:36 - [MESSAGE][PASSED] - Text 'Tho' is set on object 'Object Repository/Page_TEST CHANNEL - TEAM NAME Mattermost/input_First Name_firstName'

2021-05-30 02:46:36 - [TEST_STEP][PASSED] - setText(findTestObject("Object Repository/Page_TEST CHANNEL - TEAM NAME Mattermost/input_Last Name_lastName"), findTestData("Internal/Internal Fullname").getValue(2, rowNum)): Text 'Tuan' is set on object 'Object Repository/Page_TEST CHANNEL - TEAM NAME Mattermost/input_Last Name_lastName'

2021-05-30 02:46:37 - [MESSAGE][PASSED] - Text 'Tuan' is set on object 'Object Repository/Page_TEST CHANNEL - TEAM NAME Mattermost/input_Last Name_lastName'

2021-05-30 02:46:37 - [TEST_STEP][PASSED] - click(findTestObject("Object Repository/Page_TEST CHANNEL - TEAM NAME Mattermost/span_Save")): Object: 'Object Repository/Page_TEST CHANNEL - TEAM NAME Mattermost/span_Save' is clicked on

2021-05-30 02:46:37 - [MESSAGE][PASSED] - Object: 'Object Repository/Page_TEST CHANNEL - TEAM NAME Mattermost/span_Save' is clicked on

2021-05-30 02:46:37 - [TEST_STEP][PASSED] - click(findTestObject("Object Repository/Page_TEST CHANNEL - TEAM NAME Mattermost/span_")): Object: 'Object Repository/Page_TEST CHANNEL - TEAM NAME Mattermost/span_' is clicked on

2021-05-30 02:46:38 - [MESSAGE][PASSED] - Object: 'Object Repository/Page_TEST CHANNEL - TEAM NAME Mattermost/span_' is clicked on

2021-05-30 02:46:38 - [TEST_STEP][PASSED] - click(findTestObject("Object Repository/Account Setting/Page_TEST CHANNEL - TEAM NAME Mattermost/span")): Object: 'Object Repository/Account Setting/Page_TEST CHANNEL - TEAM NAME Mattermost/span' is clicked on

2021-05-30 02:46:38 - [MESSAGE][PASSED] - Object: 'Object Repository/Account Setting/Page_TEST CHANNEL - TEAM NAME Mattermost/span' is clicked on

2021-05-30 02:46:38 - [TEST_STEP][PASSED] - click(findTestObject("Object Repository/Page_TEST CHANNEL - TEAM NAME Mattermost/button_Account Settings")): Object: 'Object Repository/Page_TEST CHANNEL - TEAM NAME Mattermost/button_Account Settings' is clicked on

2021-05-30 02:46:39 - [MESSAGE][PASSED] - Object: 'Object Repository/Page_TEST CHANNEL - TEAM NAME Mattermost/button_Account Settings' is clicked on

2021-05-30 02:46:39 - [TEST_STEP][PASSED] - click(findTestObject("Object Repository/Page_TEST CHANNEL - TEAM NAME Mattermost/span_Edit")): Object: 'Object Repository/Page_TEST CHANNEL - TEAM NAME Mattermost/span_Edit' is clicked on

2021-05-30 02:46:39 - [MESSAGE][PASSED] - Object: 'Object Repository/Page_TEST CHANNEL - TEAM NAME Mattermost/span_Edit' is clicked on

2021-05-30 02:46:39 - [TEST_STEP][PASSED] - setText(findTestObject("Object Repository/Page_TEST CHANNEL - TEAM NAME Mattermost/input_First Name_firstName"), findTestData("Internal/Internal Fullname").getValue(1, rowNum)): Text 'Xuan' is set on object 'Object Repository/Page_TEST CHANNEL - TEAM NAME Mattermost/input_First Name_firstName'

2021-05-30 02:46:40 - [MESSAGE][PASSED] - Text 'Xuan' is set on object 'Object Repository/Page_TEST CHANNEL - TEAM NAME Mattermost/input_First Name_firstName'

2021-05-30 02:46:40 - [TEST_STEP][PASSED] - setText(findTestObject("Object Repository/Page_TEST CHANNEL - TEAM NAME Mattermost/input_Last Name_lastName"), findTestData("Internal/Internal Fullname").getValue(2, rowNum)): Text 'Tuan' is set on object 'Object Repository/Page_TEST CHANNEL - TEAM NAME Mattermost/input_Last Name_lastName'

2021-05-30 02:46:41 - [MESSAGE][PASSED] - Text 'Tuan' is set on object 'Object Repository/Page_TEST CHANNEL - TEAM NAME Mattermost/input_Last Name_lastName'

2021-05-30 02:46:41 - [TEST_STEP][PASSED] - click(findTestObject("Object Repository/Page_TEST CHANNEL - TEAM NAME Mattermost/span_Save")): Object: 'Object Repository/Page_TEST CHANNEL - TEAM NAME Mattermost/span_Save' is clicked on

2021-05-30 02:46:41 - [MESSAGE][PASSED] - Object: 'Object Repository/Page_TEST CHANNEL - TEAM NAME Mattermost/span_Save' is clicked on

2021-05-30 02:46:41 - [TEST_STEP][PASSED] - click(findTestObject("Object Repository/Page_TEST CHANNEL - TEAM NAME Mattermost/span_")): Object: 'Object Repository/Page_TEST CHANNEL - TEAM NAME Mattermost/span_' is clicked on

2021-05-30 02:46:42 - [MESSAGE][PASSED] - Object: 'Object Repository/Page_TEST CHANNEL - TEAM NAME Mattermost/span_' is clicked on

2021-05-30 02:46:42 - [TEST_STEP][PASSED] - click(findTestObject("Object Repository/Account Setting/Page_TEST CHANNEL - TEAM NAME Mattermost/span")): Object: 'Object Repository/Account Setting/Page_TEST CHANNEL - TEAM NAME Mattermost/span' is clicked on

2021-05-30 02:46:42 - [MESSAGE][PASSED] - Object: 'Object Repository/Account Setting/Page_TEST CHANNEL - TEAM NAME Mattermost/span' is clicked on

2021-05-30 02:46:42 - [TEST_STEP][PASSED] - click(findTestObject("Object Repository/Page_TEST CHANNEL - TEAM NAME Mattermost/button_Account Settings")): Object: 'Object Repository/Page_TEST CHANNEL - TEAM NAME Mattermost/button_Account Settings' is clicked on

2021-05-30 02:46:43 - [MESSAGE][PASSED] - Object: 'Object Repository/Page_TEST CHANNEL - TEAM NAME Mattermost/button_Account Settings' is clicked on

2021-05-30 02:46:43 - [TEST_STEP][PASSED] - click(findTestObject("Object Repository/Page_TEST CHANNEL - TEAM NAME Mattermost/span_Edit")): Object: 'Object Repository/Page_TEST CHANNEL - TEAM NAME Mattermost/span_Edit' is clicked on

2021-05-30 02:46:43 - [MESSAGE][PASSED] - Object: 'Object Repository/Page_TEST CHANNEL - TEAM NAME Mattermost/span_Edit' is clicked on

2021-05-30 02:46:43 - [TEST_STEP][PASSED] - setText(findTestObject("Object Repository/Page_TEST CHANNEL - TEAM NAME Mattermost/input_First Name_firstName"), findTestData("Internal/Internal Fullname").getValue(1, rowNum)): Text 'Bui' is set on object 'Object Repository/Page_TEST CHANNEL - TEAM NAME Mattermost/input_First Name_firstName'

2021-05-30 02:46:44 - [MESSAGE][PASSED] - Text 'Bui' is set on object 'Object Repository/Page_TEST CHANNEL - TEAM NAME Mattermost/input_First Name_firstName'

2021-05-30 02:46:44 - [TEST_STEP][PASSED] - setText(findTestObject("Object Repository/Page_TEST CHANNEL - TEAM NAME Mattermost/input_Last Name_lastName"), findTestData("Internal/Internal Fullname").getValue(2, rowNum)): Text 'Lam' is set on object 'Object Repository/Page_TEST CHANNEL - TEAM NAME Mattermost/input_Last Name_lastName'

2021-05-30 02:46:45 - [MESSAGE][PASSED] - Text 'Lam' is set on object 'Object Repository/Page_TEST CHANNEL - TEAM NAME Mattermost/input_Last Name_lastName'

2021-05-30 02:46:45 - [TEST_STEP][PASSED] - click(findTestObject("Object Repository/Page_TEST CHANNEL - TEAM NAME Mattermost/span_Save")): Object: 'Object Repository/Page_TEST CHANNEL - TEAM NAME Mattermost/span_Save' is clicked on

2021-05-30 02:46:45 - [MESSAGE][PASSED] - Object: 'Object Repository/Page_TEST CHANNEL - TEAM NAME Mattermost/span_Save' is clicked on

2021-05-30 02:46:45 - [TEST_STEP][PASSED] - click(findTestObject("Object Repository/Page_TEST CHANNEL - TEAM NAME Mattermost/span_")): Object: 'Object Repository/Page_TEST CHANNEL - TEAM NAME Mattermost/span_' is clicked on

2021-05-30 02:46:46 - [MESSAGE][PASSED] - Object: 'Object Repository/Page_TEST CHANNEL - TEAM NAME Mattermost/span_' is clicked on

2021-05-30 02:46:46 - [TEST_STEP][PASSED] - click(findTestObject("Object Repository/Account Setting/Page_TEST CHANNEL - TEAM NAME Mattermost/span")): Object: 'Object Repository/Account Setting/Page_TEST CHANNEL - TEAM NAME Mattermost/span' is clicked on

2021-05-30 02:46:46 - [MESSAGE][PASSED] - Object: 'Object Repository/Account Setting/Page_TEST CHANNEL - TEAM NAME Mattermost/span' is clicked on

2021-05-30 02:46:46 - [TEST_STEP][PASSED] - click(findTestObject("Object Repository/Page_TEST CHANNEL - TEAM NAME Mattermost/button_Account Settings")): Object: 'Object Repository/Page_TEST CHANNEL - TEAM NAME Mattermost/button_Account Settings' is clicked on

2021-05-30 02:46:46 - [MESSAGE][PASSED] - Object: 'Object Repository/Page_TEST CHANNEL - TEAM NAME Mattermost/button_Account Settings' is clicked on

2021-05-30 02:46:46 - [TEST_STEP][PASSED] - click(findTestObject("Object Repository/Page_TEST CHANNEL - TEAM NAME Mattermost/span_Edit")): Object: 'Object Repository/Page_TEST CHANNEL - TEAM NAME Mattermost/span_Edit' is clicked on

2021-05-30 02:46:47 - [MESSAGE][PASSED] - Object: 'Object Repository/Page_TEST CHANNEL - TEAM NAME Mattermost/span_Edit' is clicked on

2021-05-30 02:46:47 - [TEST_STEP][PASSED] - setText(findTestObject("Object Repository/Page_TEST CHANNEL - TEAM NAME Mattermost/input_First Name_firstName"), findTestData("Internal/Internal Fullname").getValue(1, rowNum)): Text 'Thanh' is set on object 'Object Repository/Page_TEST CHANNEL - TEAM NAME Mattermost/input_First Name_firstName'

2021-05-30 02:46:48 - [MESSAGE][PASSED] - Text 'Thanh' is set on object 'Object Repository/Page_TEST CHANNEL - TEAM NAME Mattermost/input_First Name_firstName'

2021-05-30 02:46:48 - [TEST_STEP][PASSED] - setText(findTestObject("Object Repository/Page_TEST CHANNEL - TEAM NAME Mattermost/input_Last Name_lastName"), findTestData("Internal/Internal Fullname").getValue(2, rowNum)): Text 'Tung' is set on object 'Object Repository/Page_TEST CHANNEL - TEAM NAME Mattermost/input_Last Name_lastName'

2021-05-30 02:46:48 - [MESSAGE][PASSED] - Text 'Tung' is set on object 'Object Repository/Page_TEST CHANNEL - TEAM NAME Mattermost/input_Last Name_lastName'

2021-05-30 02:46:48 - [TEST_STEP][PASSED] - click(findTestObject("Object Repository/Page_TEST CHANNEL - TEAM NAME Mattermost/span_Save")): Object: 'Object Repository/Page_TEST CHANNEL - TEAM NAME Mattermost/span_Save' is clicked on

2021-05-30 02:46:49 - [MESSAGE][PASSED] - Object: 'Object Repository/Page_TEST CHANNEL - TEAM NAME Mattermost/span_Save' is clicked on

2021-05-30 02:46:49 - [TEST_STEP][PASSED] - click(findTestObject("Object Repository/Page_TEST CHANNEL - TEAM NAME Mattermost/span_")): Object: 'Object Repository/Page_TEST CHANNEL - TEAM NAME Mattermost/span_' is clicked on

2021-05-30 02:46:49 - [MESSAGE][PASSED] - Object: 'Object Repository/Page_TEST CHANNEL - TEAM NAME Mattermost/span_' is clicked on

2021-05-30 02:46:49 - [TEST_STEP][PASSED] - click(findTestObject("Object Repository/Account Setting/Page_TEST CHANNEL - TEAM NAME Mattermost/span")): Object: 'Object Repository/Account Setting/Page_TEST CHANNEL - TEAM NAME Mattermost/span' is clicked on

2021-05-30 02:46:50 - [MESSAGE][PASSED] - Object: 'Object Repository/Account Setting/Page_TEST CHANNEL - TEAM NAME Mattermost/span' is clicked on

2021-05-30 02:46:50 - [TEST_STEP][PASSED] - click(findTestObject("Object Repository/Page_TEST CHANNEL - TEAM NAME Mattermost/button_Account Settings")): Object: 'Object Repository/Page_TEST CHANNEL - TEAM NAME Mattermost/button_Account Settings' is clicked on

2021-05-30 02:46:50 - [MESSAGE][PASSED] - Object: 'Object Repository/Page_TEST CHANNEL - TEAM NAME Mattermost/button_Account Settings' is clicked on

2021-05-30 02:46:50 - [TEST_STEP][PASSED] - click(findTestObject("Object Repository/Page_TEST CHANNEL - TEAM NAME Mattermost/span_Edit")): Object: 'Object Repository/Page_TEST CHANNEL - TEAM NAME Mattermost/span_Edit' is clicked on

2021-05-30 02:46:51 - [MESSAGE][PASSED] - Object: 'Object Repository/Page_TEST CHANNEL - TEAM NAME Mattermost/span_Edit' is clicked on

2021-05-30 02:46:51 - [TEST_STEP][PASSED] - setText(findTestObject("Object Repository/Page_TEST CHANNEL - TEAM NAME Mattermost/input_First Name_firstName"), findTestData("Internal/Internal Fullname").getValue(1, rowNum)): Text 'Minh' is set on object 'Object Repository/Page_TEST CHANNEL - TEAM NAME Mattermost/input_First Name_firstName'

2021-05-30 02:46:52 - [MESSAGE][PASSED] - Text 'Minh' is set on object 'Object Repository/Page_TEST CHANNEL - TEAM NAME Mattermost/input_First Name_firstName'

2021-05-30 02:46:52 - [TEST_STEP][PASSED] - setText(findTestObject("Object Repository/Page_TEST CHANNEL - TEAM NAME Mattermost/input_Last Name_lastName"), findTestData("Internal/Internal Fullname").getValue(2, rowNum)): Text 'Vu' is set on object 'Object Repository/Page_TEST CHANNEL - TEAM NAME Mattermost/input_Last Name_lastName'

2021-05-30 02:46:52 - [MESSAGE][PASSED] - Text 'Vu' is set on object 'Object Repository/Page_TEST CHANNEL - TEAM NAME Mattermost/input_Last Name_lastName'

2021-05-30 02:46:52 - [TEST_STEP][PASSED] - click(findTestObject("Object Repository/Page_TEST CHANNEL - TEAM NAME Mattermost/span_Save")): Object: 'Object Repository/Page_TEST CHANNEL - TEAM NAME Mattermost/span_Save' is clicked on

2021-05-30 02:46:53 - [MESSAGE][PASSED] - Object: 'Object Repository/Page_TEST CHANNEL - TEAM NAME Mattermost/span_Save' is clicked on

2021-05-30 02:46:53 - [TEST_STEP][PASSED] - click(findTestObject("Object Repository/Page_TEST CHANNEL - TEAM NAME Mattermost/span_")): Object: 'Object Repository/Page_TEST CHANNEL - TEAM NAME Mattermost/span_' is clicked on

2021-05-30 02:46:53 - [MESSAGE][PASSED] - Object: 'Object Repository/Page_TEST CHANNEL - TEAM NAME Mattermost/span_' is clicked on

2021-05-30 02:46:53 - [TEST_STEP][PASSED] - closeBrowser(): Browser is closed

2021-05-30 02:46:54 - [MESSAGE][PASSED] - Browser is closed]]></system-out>
         <system-err><![CDATA[]]></system-err>
      </testcase>
      <testcase name="Test Cases/Internal Test Cases/EditNickName" time="22.789" classname="Test Cases/Internal Test Cases/EditNickName" status="PASSED">
         <system-out><![CDATA[2021-05-30 02:46:54 - [TEST_CASE][PASSED] - Test Cases/Internal Test Cases/EditNickName: Test Cases/Internal Test Cases/EditNickName

2021-05-30 02:46:54 - [TEST_STEP][PASSED] - callTestCase(findTestCase("Internal Test Cases/Successful Login"), ["Username":"", "Password":""], STOP_ON_FAILURE): Call Test Case 'Test Cases/Internal Test Cases/Successful Login' successfully

2021-05-30 02:46:54 - [TEST_CASE][PASSED] - Test Cases/Internal Test Cases/Successful Login: Test Cases/Internal Test Cases/Successful Login

2021-05-30 02:46:54 - [TEST_STEP][PASSED] - openBrowser(""): Browser is opened with url: ''

2021-05-30 02:46:54 - [MESSAGE][INFO] - Starting 'Chrome' driver

2021-05-30 02:46:54 - [MESSAGE][INFO] - Action delay is set to 0 milliseconds

2021-05-30 02:46:55 - [MESSAGE][PASSED] - Browser is opened with url: ''

2021-05-30 02:46:55 - [TEST_STEP][PASSED] - navigateToUrl("https://chudenangcao2021.cf/"): Navigate to 'https://chudenangcao2021.cf/' successfully

2021-05-30 02:46:56 - [MESSAGE][PASSED] - Navigate to 'https://chudenangcao2021.cf/' successfully

2021-05-30 02:46:56 - [TEST_STEP][PASSED] - setText(findTestObject("Object Repository/Page_Mattermost/input_All team communication in one place, _dcc84b"), findTestData("Internal/Internal Login Data").getValue(1, 1)): Text 'nguyenvanb' is set on object 'Object Repository/Page_Mattermost/input_All team communication in one place, _dcc84b'

2021-05-30 02:46:57 - [MESSAGE][PASSED] - Text 'nguyenvanb' is set on object 'Object Repository/Page_Mattermost/input_All team communication in one place, _dcc84b'

2021-05-30 02:46:57 - [TEST_STEP][PASSED] - setEncryptedText(findTestObject("Object Repository/Page_Mattermost/input_All team communication in one place, _a3edc6"), findTestData("Internal/Internal Login Data").getValue(2, 1)): Text ****** has been set on object 'Object Repository/Page_Mattermost/input_All team communication in one place, _a3edc6'

2021-05-30 02:46:58 - [MESSAGE][PASSED] - Text ****** has been set on object 'Object Repository/Page_Mattermost/input_All team communication in one place, _a3edc6'

2021-05-30 02:46:58 - [TEST_STEP][PASSED] - click(findTestObject("Object Repository/Page_Mattermost/button_Sign in")): Object: 'Object Repository/Page_Mattermost/button_Sign in' is clicked on

2021-05-30 02:46:58 - [MESSAGE][PASSED] - Object: 'Object Repository/Page_Mattermost/button_Sign in' is clicked on

2021-05-30 02:46:58 - [TEST_STEP][PASSED] - verifyLinksAccessible(["https://chudenangcao2021.cf/cdnc-cnpm-2021/channels"]): All links are accessible

2021-05-30 02:46:58 - [MESSAGE][INFO] - HAR: C:\Users\nttuan\Downloads\CDNC\mattermost-testing\Reports\20210530_023726\Run all test cases\20210530_023726\requests\main\41.har

2021-05-30 02:46:58 - [MESSAGE][PASSED] - Send request successfully

2021-05-30 02:46:58 - [MESSAGE][PASSED] - All links are accessible

2021-05-30 02:46:58 - [MESSAGE][PASSED] - Call Test Case 'Test Cases/Internal Test Cases/Successful Login' successfully

2021-05-30 02:46:58 - [TEST_STEP][PASSED] - for ([rowNum = 1, rowNum <= findTestData("Internal/Internal Nickname").getRowNumbers(), (rowNum++)]): Object: 'Object Repository/Account Setting/Page_TEST CHANNEL - TEAM NAME Mattermost/span_' is clicked on

2021-05-30 02:46:58 - [TEST_STEP][PASSED] - click(findTestObject("Object Repository/Account Setting/Page_TEST CHANNEL - TEAM NAME Mattermost/span")): Object: 'Object Repository/Account Setting/Page_TEST CHANNEL - TEAM NAME Mattermost/span' is clicked on

2021-05-30 02:47:00 - [MESSAGE][PASSED] - Object: 'Object Repository/Account Setting/Page_TEST CHANNEL - TEAM NAME Mattermost/span' is clicked on

2021-05-30 02:47:00 - [TEST_STEP][PASSED] - click(findTestObject("Object Repository/Account Setting/Page_TEST CHANNEL - TEAM NAME Mattermost/button_Account Settings")): Object: 'Object Repository/Account Setting/Page_TEST CHANNEL - TEAM NAME Mattermost/button_Account Settings' is clicked on

2021-05-30 02:47:01 - [MESSAGE][PASSED] - Object: 'Object Repository/Account Setting/Page_TEST CHANNEL - TEAM NAME Mattermost/button_Account Settings' is clicked on

2021-05-30 02:47:01 - [TEST_STEP][PASSED] - click(findTestObject("Object Repository/Account Setting/Page_TEST CHANNEL - TEAM NAME Mattermost/span_Edit")): Object: 'Object Repository/Account Setting/Page_TEST CHANNEL - TEAM NAME Mattermost/span_Edit' is clicked on

2021-05-30 02:47:01 - [MESSAGE][PASSED] - Object: 'Object Repository/Account Setting/Page_TEST CHANNEL - TEAM NAME Mattermost/span_Edit' is clicked on

2021-05-30 02:47:01 - [TEST_STEP][PASSED] - setText(findTestObject("Object Repository/Account Setting/Page_TEST CHANNEL - TEAM NAME Mattermost/input_Nickname_nickname"), findTestData("Internal/Internal Nickname").getValue(1, rowNum)): Text 'Như Bảo' is set on object 'Object Repository/Account Setting/Page_TEST CHANNEL - TEAM NAME Mattermost/input_Nickname_nickname'

2021-05-30 02:47:02 - [MESSAGE][PASSED] - Text 'Như Bảo' is set on object 'Object Repository/Account Setting/Page_TEST CHANNEL - TEAM NAME Mattermost/input_Nickname_nickname'

2021-05-30 02:47:02 - [TEST_STEP][PASSED] - click(findTestObject("Object Repository/Account Setting/Page_TEST CHANNEL - TEAM NAME Mattermost/button_Save")): Object: 'Object Repository/Account Setting/Page_TEST CHANNEL - TEAM NAME Mattermost/button_Save' is clicked on

2021-05-30 02:47:02 - [MESSAGE][PASSED] - Object: 'Object Repository/Account Setting/Page_TEST CHANNEL - TEAM NAME Mattermost/button_Save' is clicked on

2021-05-30 02:47:02 - [TEST_STEP][PASSED] - click(findTestObject("Object Repository/Account Setting/Page_TEST CHANNEL - TEAM NAME Mattermost/span_")): Object: 'Object Repository/Account Setting/Page_TEST CHANNEL - TEAM NAME Mattermost/span_' is clicked on

2021-05-30 02:47:03 - [MESSAGE][PASSED] - Object: 'Object Repository/Account Setting/Page_TEST CHANNEL - TEAM NAME Mattermost/span_' is clicked on

2021-05-30 02:47:03 - [TEST_STEP][PASSED] - click(findTestObject("Object Repository/Account Setting/Page_TEST CHANNEL - TEAM NAME Mattermost/span")): Object: 'Object Repository/Account Setting/Page_TEST CHANNEL - TEAM NAME Mattermost/span' is clicked on

2021-05-30 02:47:03 - [MESSAGE][PASSED] - Object: 'Object Repository/Account Setting/Page_TEST CHANNEL - TEAM NAME Mattermost/span' is clicked on

2021-05-30 02:47:03 - [TEST_STEP][PASSED] - click(findTestObject("Object Repository/Account Setting/Page_TEST CHANNEL - TEAM NAME Mattermost/button_Account Settings")): Object: 'Object Repository/Account Setting/Page_TEST CHANNEL - TEAM NAME Mattermost/button_Account Settings' is clicked on

2021-05-30 02:47:04 - [MESSAGE][PASSED] - Object: 'Object Repository/Account Setting/Page_TEST CHANNEL - TEAM NAME Mattermost/button_Account Settings' is clicked on

2021-05-30 02:47:04 - [TEST_STEP][PASSED] - click(findTestObject("Object Repository/Account Setting/Page_TEST CHANNEL - TEAM NAME Mattermost/span_Edit")): Object: 'Object Repository/Account Setting/Page_TEST CHANNEL - TEAM NAME Mattermost/span_Edit' is clicked on

2021-05-30 02:47:04 - [MESSAGE][PASSED] - Object: 'Object Repository/Account Setting/Page_TEST CHANNEL - TEAM NAME Mattermost/span_Edit' is clicked on

2021-05-30 02:47:04 - [TEST_STEP][PASSED] - setText(findTestObject("Object Repository/Account Setting/Page_TEST CHANNEL - TEAM NAME Mattermost/input_Nickname_nickname"), findTestData("Internal/Internal Nickname").getValue(1, rowNum)): Text 'Châut' is set on object 'Object Repository/Account Setting/Page_TEST CHANNEL - TEAM NAME Mattermost/input_Nickname_nickname'

2021-05-30 02:47:05 - [MESSAGE][PASSED] - Text 'Châut' is set on object 'Object Repository/Account Setting/Page_TEST CHANNEL - TEAM NAME Mattermost/input_Nickname_nickname'

2021-05-30 02:47:05 - [TEST_STEP][PASSED] - click(findTestObject("Object Repository/Account Setting/Page_TEST CHANNEL - TEAM NAME Mattermost/button_Save")): Object: 'Object Repository/Account Setting/Page_TEST CHANNEL - TEAM NAME Mattermost/button_Save' is clicked on

2021-05-30 02:47:06 - [MESSAGE][PASSED] - Object: 'Object Repository/Account Setting/Page_TEST CHANNEL - TEAM NAME Mattermost/button_Save' is clicked on

2021-05-30 02:47:06 - [TEST_STEP][PASSED] - click(findTestObject("Object Repository/Account Setting/Page_TEST CHANNEL - TEAM NAME Mattermost/span_")): Object: 'Object Repository/Account Setting/Page_TEST CHANNEL - TEAM NAME Mattermost/span_' is clicked on

2021-05-30 02:47:06 - [MESSAGE][PASSED] - Object: 'Object Repository/Account Setting/Page_TEST CHANNEL - TEAM NAME Mattermost/span_' is clicked on

2021-05-30 02:47:06 - [TEST_STEP][PASSED] - click(findTestObject("Object Repository/Account Setting/Page_TEST CHANNEL - TEAM NAME Mattermost/span")): Object: 'Object Repository/Account Setting/Page_TEST CHANNEL - TEAM NAME Mattermost/span' is clicked on

2021-05-30 02:47:07 - [MESSAGE][PASSED] - Object: 'Object Repository/Account Setting/Page_TEST CHANNEL - TEAM NAME Mattermost/span' is clicked on

2021-05-30 02:47:07 - [TEST_STEP][PASSED] - click(findTestObject("Object Repository/Account Setting/Page_TEST CHANNEL - TEAM NAME Mattermost/button_Account Settings")): Object: 'Object Repository/Account Setting/Page_TEST CHANNEL - TEAM NAME Mattermost/button_Account Settings' is clicked on

2021-05-30 02:47:07 - [MESSAGE][PASSED] - Object: 'Object Repository/Account Setting/Page_TEST CHANNEL - TEAM NAME Mattermost/button_Account Settings' is clicked on

2021-05-30 02:47:07 - [TEST_STEP][PASSED] - click(findTestObject("Object Repository/Account Setting/Page_TEST CHANNEL - TEAM NAME Mattermost/span_Edit")): Object: 'Object Repository/Account Setting/Page_TEST CHANNEL - TEAM NAME Mattermost/span_Edit' is clicked on

2021-05-30 02:47:08 - [MESSAGE][PASSED] - Object: 'Object Repository/Account Setting/Page_TEST CHANNEL - TEAM NAME Mattermost/span_Edit' is clicked on

2021-05-30 02:47:08 - [TEST_STEP][PASSED] - setText(findTestObject("Object Repository/Account Setting/Page_TEST CHANNEL - TEAM NAME Mattermost/input_Nickname_nickname"), findTestData("Internal/Internal Nickname").getValue(1, rowNum)): Text 'Thot' is set on object 'Object Repository/Account Setting/Page_TEST CHANNEL - TEAM NAME Mattermost/input_Nickname_nickname'

2021-05-30 02:47:09 - [MESSAGE][PASSED] - Text 'Thot' is set on object 'Object Repository/Account Setting/Page_TEST CHANNEL - TEAM NAME Mattermost/input_Nickname_nickname'

2021-05-30 02:47:09 - [TEST_STEP][PASSED] - click(findTestObject("Object Repository/Account Setting/Page_TEST CHANNEL - TEAM NAME Mattermost/button_Save")): Object: 'Object Repository/Account Setting/Page_TEST CHANNEL - TEAM NAME Mattermost/button_Save' is clicked on

2021-05-30 02:47:09 - [MESSAGE][PASSED] - Object: 'Object Repository/Account Setting/Page_TEST CHANNEL - TEAM NAME Mattermost/button_Save' is clicked on

2021-05-30 02:47:09 - [TEST_STEP][PASSED] - click(findTestObject("Object Repository/Account Setting/Page_TEST CHANNEL - TEAM NAME Mattermost/span_")): Object: 'Object Repository/Account Setting/Page_TEST CHANNEL - TEAM NAME Mattermost/span_' is clicked on

2021-05-30 02:47:10 - [MESSAGE][PASSED] - Object: 'Object Repository/Account Setting/Page_TEST CHANNEL - TEAM NAME Mattermost/span_' is clicked on

2021-05-30 02:47:10 - [TEST_STEP][PASSED] - click(findTestObject("Object Repository/Account Setting/Page_TEST CHANNEL - TEAM NAME Mattermost/span")): Object: 'Object Repository/Account Setting/Page_TEST CHANNEL - TEAM NAME Mattermost/span' is clicked on

2021-05-30 02:47:10 - [MESSAGE][PASSED] - Object: 'Object Repository/Account Setting/Page_TEST CHANNEL - TEAM NAME Mattermost/span' is clicked on

2021-05-30 02:47:10 - [TEST_STEP][PASSED] - click(findTestObject("Object Repository/Account Setting/Page_TEST CHANNEL - TEAM NAME Mattermost/button_Account Settings")): Object: 'Object Repository/Account Setting/Page_TEST CHANNEL - TEAM NAME Mattermost/button_Account Settings' is clicked on

2021-05-30 02:47:10 - [MESSAGE][PASSED] - Object: 'Object Repository/Account Setting/Page_TEST CHANNEL - TEAM NAME Mattermost/button_Account Settings' is clicked on

2021-05-30 02:47:10 - [TEST_STEP][PASSED] - click(findTestObject("Object Repository/Account Setting/Page_TEST CHANNEL - TEAM NAME Mattermost/span_Edit")): Object: 'Object Repository/Account Setting/Page_TEST CHANNEL - TEAM NAME Mattermost/span_Edit' is clicked on

2021-05-30 02:47:11 - [MESSAGE][PASSED] - Object: 'Object Repository/Account Setting/Page_TEST CHANNEL - TEAM NAME Mattermost/span_Edit' is clicked on

2021-05-30 02:47:11 - [TEST_STEP][PASSED] - setText(findTestObject("Object Repository/Account Setting/Page_TEST CHANNEL - TEAM NAME Mattermost/input_Nickname_nickname"), findTestData("Internal/Internal Nickname").getValue(1, rowNum)): Text 'Thanht' is set on object 'Object Repository/Account Setting/Page_TEST CHANNEL - TEAM NAME Mattermost/input_Nickname_nickname'

2021-05-30 02:47:12 - [MESSAGE][PASSED] - Text 'Thanht' is set on object 'Object Repository/Account Setting/Page_TEST CHANNEL - TEAM NAME Mattermost/input_Nickname_nickname'

2021-05-30 02:47:12 - [TEST_STEP][PASSED] - click(findTestObject("Object Repository/Account Setting/Page_TEST CHANNEL - TEAM NAME Mattermost/button_Save")): Object: 'Object Repository/Account Setting/Page_TEST CHANNEL - TEAM NAME Mattermost/button_Save' is clicked on

2021-05-30 02:47:12 - [MESSAGE][PASSED] - Object: 'Object Repository/Account Setting/Page_TEST CHANNEL - TEAM NAME Mattermost/button_Save' is clicked on

2021-05-30 02:47:12 - [TEST_STEP][PASSED] - click(findTestObject("Object Repository/Account Setting/Page_TEST CHANNEL - TEAM NAME Mattermost/span_")): Object: 'Object Repository/Account Setting/Page_TEST CHANNEL - TEAM NAME Mattermost/span_' is clicked on

2021-05-30 02:47:13 - [MESSAGE][PASSED] - Object: 'Object Repository/Account Setting/Page_TEST CHANNEL - TEAM NAME Mattermost/span_' is clicked on

2021-05-30 02:47:13 - [TEST_STEP][PASSED] - click(findTestObject("Object Repository/Account Setting/Page_TEST CHANNEL - TEAM NAME Mattermost/span")): Object: 'Object Repository/Account Setting/Page_TEST CHANNEL - TEAM NAME Mattermost/span' is clicked on

2021-05-30 02:47:13 - [MESSAGE][PASSED] - Object: 'Object Repository/Account Setting/Page_TEST CHANNEL - TEAM NAME Mattermost/span' is clicked on

2021-05-30 02:47:13 - [TEST_STEP][PASSED] - click(findTestObject("Object Repository/Account Setting/Page_TEST CHANNEL - TEAM NAME Mattermost/button_Account Settings")): Object: 'Object Repository/Account Setting/Page_TEST CHANNEL - TEAM NAME Mattermost/button_Account Settings' is clicked on

2021-05-30 02:47:14 - [MESSAGE][PASSED] - Object: 'Object Repository/Account Setting/Page_TEST CHANNEL - TEAM NAME Mattermost/button_Account Settings' is clicked on

2021-05-30 02:47:14 - [TEST_STEP][PASSED] - click(findTestObject("Object Repository/Account Setting/Page_TEST CHANNEL - TEAM NAME Mattermost/span_Edit")): Object: 'Object Repository/Account Setting/Page_TEST CHANNEL - TEAM NAME Mattermost/span_Edit' is clicked on

2021-05-30 02:47:14 - [MESSAGE][PASSED] - Object: 'Object Repository/Account Setting/Page_TEST CHANNEL - TEAM NAME Mattermost/span_Edit' is clicked on

2021-05-30 02:47:14 - [TEST_STEP][PASSED] - setText(findTestObject("Object Repository/Account Setting/Page_TEST CHANNEL - TEAM NAME Mattermost/input_Nickname_nickname"), findTestData("Internal/Internal Nickname").getValue(1, rowNum)): Text 'Minhv' is set on object 'Object Repository/Account Setting/Page_TEST CHANNEL - TEAM NAME Mattermost/input_Nickname_nickname'

2021-05-30 02:47:15 - [MESSAGE][PASSED] - Text 'Minhv' is set on object 'Object Repository/Account Setting/Page_TEST CHANNEL - TEAM NAME Mattermost/input_Nickname_nickname'

2021-05-30 02:47:15 - [TEST_STEP][PASSED] - click(findTestObject("Object Repository/Account Setting/Page_TEST CHANNEL - TEAM NAME Mattermost/button_Save")): Object: 'Object Repository/Account Setting/Page_TEST CHANNEL - TEAM NAME Mattermost/button_Save' is clicked on

2021-05-30 02:47:15 - [MESSAGE][PASSED] - Object: 'Object Repository/Account Setting/Page_TEST CHANNEL - TEAM NAME Mattermost/button_Save' is clicked on

2021-05-30 02:47:15 - [TEST_STEP][PASSED] - click(findTestObject("Object Repository/Account Setting/Page_TEST CHANNEL - TEAM NAME Mattermost/span_")): Object: 'Object Repository/Account Setting/Page_TEST CHANNEL - TEAM NAME Mattermost/span_' is clicked on

2021-05-30 02:47:16 - [MESSAGE][PASSED] - Object: 'Object Repository/Account Setting/Page_TEST CHANNEL - TEAM NAME Mattermost/span_' is clicked on

2021-05-30 02:47:16 - [TEST_STEP][PASSED] - closeBrowser(): Browser is closed

2021-05-30 02:47:17 - [MESSAGE][PASSED] - Browser is closed]]></system-out>
         <system-err><![CDATA[]]></system-err>
      </testcase>
      <testcase name="Test Cases/Internal Test Cases/EditPosition" time="26.008" classname="Test Cases/Internal Test Cases/EditPosition" status="PASSED">
         <system-out><![CDATA[2021-05-30 02:47:17 - [TEST_CASE][PASSED] - Test Cases/Internal Test Cases/EditPosition: Test Cases/Internal Test Cases/EditPosition

2021-05-30 02:47:17 - [TEST_STEP][PASSED] - callTestCase(findTestCase("Internal Test Cases/Successful Login"), ["Username":"", "Password":""], STOP_ON_FAILURE): Call Test Case 'Test Cases/Internal Test Cases/Successful Login' successfully

2021-05-30 02:47:17 - [TEST_CASE][PASSED] - Test Cases/Internal Test Cases/Successful Login: Test Cases/Internal Test Cases/Successful Login

2021-05-30 02:47:17 - [TEST_STEP][PASSED] - openBrowser(""): Browser is opened with url: ''

2021-05-30 02:47:17 - [MESSAGE][INFO] - Starting 'Chrome' driver

2021-05-30 02:47:17 - [MESSAGE][INFO] - Action delay is set to 0 milliseconds

2021-05-30 02:47:18 - [MESSAGE][PASSED] - Browser is opened with url: ''

2021-05-30 02:47:18 - [TEST_STEP][PASSED] - navigateToUrl("https://chudenangcao2021.cf/"): Navigate to 'https://chudenangcao2021.cf/' successfully

2021-05-30 02:47:19 - [MESSAGE][PASSED] - Navigate to 'https://chudenangcao2021.cf/' successfully

2021-05-30 02:47:19 - [TEST_STEP][PASSED] - setText(findTestObject("Object Repository/Page_Mattermost/input_All team communication in one place, _dcc84b"), findTestData("Internal/Internal Login Data").getValue(1, 1)): Text 'nguyenvanb' is set on object 'Object Repository/Page_Mattermost/input_All team communication in one place, _dcc84b'

2021-05-30 02:47:20 - [MESSAGE][PASSED] - Text 'nguyenvanb' is set on object 'Object Repository/Page_Mattermost/input_All team communication in one place, _dcc84b'

2021-05-30 02:47:20 - [TEST_STEP][PASSED] - setEncryptedText(findTestObject("Object Repository/Page_Mattermost/input_All team communication in one place, _a3edc6"), findTestData("Internal/Internal Login Data").getValue(2, 1)): Text ****** has been set on object 'Object Repository/Page_Mattermost/input_All team communication in one place, _a3edc6'

2021-05-30 02:47:21 - [MESSAGE][PASSED] - Text ****** has been set on object 'Object Repository/Page_Mattermost/input_All team communication in one place, _a3edc6'

2021-05-30 02:47:21 - [TEST_STEP][PASSED] - click(findTestObject("Object Repository/Page_Mattermost/button_Sign in")): Object: 'Object Repository/Page_Mattermost/button_Sign in' is clicked on

2021-05-30 02:47:21 - [MESSAGE][PASSED] - Object: 'Object Repository/Page_Mattermost/button_Sign in' is clicked on

2021-05-30 02:47:21 - [TEST_STEP][PASSED] - verifyLinksAccessible(["https://chudenangcao2021.cf/cdnc-cnpm-2021/channels"]): All links are accessible

2021-05-30 02:47:21 - [MESSAGE][INFO] - HAR: C:\Users\nttuan\Downloads\CDNC\mattermost-testing\Reports\20210530_023726\Run all test cases\20210530_023726\requests\main\42.har

2021-05-30 02:47:21 - [MESSAGE][PASSED] - Send request successfully

2021-05-30 02:47:21 - [MESSAGE][PASSED] - All links are accessible

2021-05-30 02:47:21 - [MESSAGE][PASSED] - Call Test Case 'Test Cases/Internal Test Cases/Successful Login' successfully

2021-05-30 02:47:21 - [TEST_STEP][PASSED] - for ([rowNum = 1, rowNum <= findTestData("Internal/Internal Position").getRowNumbers(), (rowNum++)]): Object: 'Object Repository/Edit position/Page_span_Town Square - Team 1 Mattermost/span_' is clicked on

2021-05-30 02:47:21 - [TEST_STEP][PASSED] - click(findTestObject("Object Repository/Edit position/Page_span_Town Square - Team 1 Mattermost/span_span_Town Square")): Object: 'Object Repository/Edit position/Page_span_Town Square - Team 1 Mattermost/span_span_Town Square' is clicked on

2021-05-30 02:47:23 - [MESSAGE][PASSED] - Object: 'Object Repository/Edit position/Page_span_Town Square - Team 1 Mattermost/span_span_Town Square' is clicked on

2021-05-30 02:47:23 - [TEST_STEP][PASSED] - click(findTestObject("Object Repository/Edit position/Page_span_Town Square - Team 1 Mattermost/span")): Object: 'Object Repository/Edit position/Page_span_Town Square - Team 1 Mattermost/span' is clicked on

2021-05-30 02:47:24 - [MESSAGE][PASSED] - Object: 'Object Repository/Edit position/Page_span_Town Square - Team 1 Mattermost/span' is clicked on

2021-05-30 02:47:24 - [TEST_STEP][PASSED] - click(findTestObject("Object Repository/Edit position/Page_span_Town Square - Team 1 Mattermost/button_Account Settings")): Object: 'Object Repository/Edit position/Page_span_Town Square - Team 1 Mattermost/button_Account Settings' is clicked on

2021-05-30 02:47:24 - [MESSAGE][PASSED] - Object: 'Object Repository/Edit position/Page_span_Town Square - Team 1 Mattermost/button_Account Settings' is clicked on

2021-05-30 02:47:24 - [TEST_STEP][PASSED] - click(findTestObject("Object Repository/Edit position/Page_span_Town Square - Team 1 Mattermost/span_Edit")): Object: 'Object Repository/Edit position/Page_span_Town Square - Team 1 Mattermost/span_Edit' is clicked on

2021-05-30 02:47:25 - [MESSAGE][PASSED] - Object: 'Object Repository/Edit position/Page_span_Town Square - Team 1 Mattermost/span_Edit' is clicked on

2021-05-30 02:47:25 - [TEST_STEP][PASSED] - setText(findTestObject("Object Repository/Edit position/Page_span_Town Square - Team 1 Mattermost/input_Position_position"), findTestData("Internal/Internal Position").getValue(1, rowNum)): Text 'Trưởng phòng' is set on object 'Object Repository/Edit position/Page_span_Town Square - Team 1 Mattermost/input_Position_position'

2021-05-30 02:47:26 - [MESSAGE][PASSED] - Text 'Trưởng phòng' is set on object 'Object Repository/Edit position/Page_span_Town Square - Team 1 Mattermost/input_Position_position'

2021-05-30 02:47:26 - [TEST_STEP][PASSED] - click(findTestObject("Object Repository/Edit position/Page_span_Town Square - Team 1 Mattermost/button_Save")): Object: 'Object Repository/Edit position/Page_span_Town Square - Team 1 Mattermost/button_Save' is clicked on

2021-05-30 02:47:26 - [MESSAGE][PASSED] - Object: 'Object Repository/Edit position/Page_span_Town Square - Team 1 Mattermost/button_Save' is clicked on

2021-05-30 02:47:26 - [TEST_STEP][PASSED] - click(findTestObject("Object Repository/Edit position/Page_span_Town Square - Team 1 Mattermost/span_")): Object: 'Object Repository/Edit position/Page_span_Town Square - Team 1 Mattermost/span_' is clicked on

2021-05-30 02:47:27 - [MESSAGE][PASSED] - Object: 'Object Repository/Edit position/Page_span_Town Square - Team 1 Mattermost/span_' is clicked on

2021-05-30 02:47:27 - [TEST_STEP][PASSED] - click(findTestObject("Object Repository/Edit position/Page_span_Town Square - Team 1 Mattermost/span_span_Town Square")): Object: 'Object Repository/Edit position/Page_span_Town Square - Team 1 Mattermost/span_span_Town Square' is clicked on

2021-05-30 02:47:27 - [MESSAGE][PASSED] - Object: 'Object Repository/Edit position/Page_span_Town Square - Team 1 Mattermost/span_span_Town Square' is clicked on

2021-05-30 02:47:27 - [TEST_STEP][PASSED] - click(findTestObject("Object Repository/Edit position/Page_span_Town Square - Team 1 Mattermost/span")): Object: 'Object Repository/Edit position/Page_span_Town Square - Team 1 Mattermost/span' is clicked on

2021-05-30 02:47:27 - [MESSAGE][PASSED] - Object: 'Object Repository/Edit position/Page_span_Town Square - Team 1 Mattermost/span' is clicked on

2021-05-30 02:47:27 - [TEST_STEP][PASSED] - click(findTestObject("Object Repository/Edit position/Page_span_Town Square - Team 1 Mattermost/button_Account Settings")): Object: 'Object Repository/Edit position/Page_span_Town Square - Team 1 Mattermost/button_Account Settings' is clicked on

2021-05-30 02:47:28 - [MESSAGE][PASSED] - Object: 'Object Repository/Edit position/Page_span_Town Square - Team 1 Mattermost/button_Account Settings' is clicked on

2021-05-30 02:47:28 - [TEST_STEP][PASSED] - click(findTestObject("Object Repository/Edit position/Page_span_Town Square - Team 1 Mattermost/span_Edit")): Object: 'Object Repository/Edit position/Page_span_Town Square - Team 1 Mattermost/span_Edit' is clicked on

2021-05-30 02:47:29 - [MESSAGE][PASSED] - Object: 'Object Repository/Edit position/Page_span_Town Square - Team 1 Mattermost/span_Edit' is clicked on

2021-05-30 02:47:29 - [TEST_STEP][PASSED] - setText(findTestObject("Object Repository/Edit position/Page_span_Town Square - Team 1 Mattermost/input_Position_position"), findTestData("Internal/Internal Position").getValue(1, rowNum)): Text 'Kế toán' is set on object 'Object Repository/Edit position/Page_span_Town Square - Team 1 Mattermost/input_Position_position'

2021-05-30 02:47:29 - [MESSAGE][PASSED] - Text 'Kế toán' is set on object 'Object Repository/Edit position/Page_span_Town Square - Team 1 Mattermost/input_Position_position'

2021-05-30 02:47:29 - [TEST_STEP][PASSED] - click(findTestObject("Object Repository/Edit position/Page_span_Town Square - Team 1 Mattermost/button_Save")): Object: 'Object Repository/Edit position/Page_span_Town Square - Team 1 Mattermost/button_Save' is clicked on

2021-05-30 02:47:30 - [MESSAGE][PASSED] - Object: 'Object Repository/Edit position/Page_span_Town Square - Team 1 Mattermost/button_Save' is clicked on

2021-05-30 02:47:30 - [TEST_STEP][PASSED] - click(findTestObject("Object Repository/Edit position/Page_span_Town Square - Team 1 Mattermost/span_")): Object: 'Object Repository/Edit position/Page_span_Town Square - Team 1 Mattermost/span_' is clicked on

2021-05-30 02:47:30 - [MESSAGE][PASSED] - Object: 'Object Repository/Edit position/Page_span_Town Square - Team 1 Mattermost/span_' is clicked on

2021-05-30 02:47:30 - [TEST_STEP][PASSED] - click(findTestObject("Object Repository/Edit position/Page_span_Town Square - Team 1 Mattermost/span_span_Town Square")): Object: 'Object Repository/Edit position/Page_span_Town Square - Team 1 Mattermost/span_span_Town Square' is clicked on

2021-05-30 02:47:31 - [MESSAGE][PASSED] - Object: 'Object Repository/Edit position/Page_span_Town Square - Team 1 Mattermost/span_span_Town Square' is clicked on

2021-05-30 02:47:31 - [TEST_STEP][PASSED] - click(findTestObject("Object Repository/Edit position/Page_span_Town Square - Team 1 Mattermost/span")): Object: 'Object Repository/Edit position/Page_span_Town Square - Team 1 Mattermost/span' is clicked on

2021-05-30 02:47:31 - [MESSAGE][PASSED] - Object: 'Object Repository/Edit position/Page_span_Town Square - Team 1 Mattermost/span' is clicked on

2021-05-30 02:47:31 - [TEST_STEP][PASSED] - click(findTestObject("Object Repository/Edit position/Page_span_Town Square - Team 1 Mattermost/button_Account Settings")): Object: 'Object Repository/Edit position/Page_span_Town Square - Team 1 Mattermost/button_Account Settings' is clicked on

2021-05-30 02:47:32 - [MESSAGE][PASSED] - Object: 'Object Repository/Edit position/Page_span_Town Square - Team 1 Mattermost/button_Account Settings' is clicked on

2021-05-30 02:47:32 - [TEST_STEP][PASSED] - click(findTestObject("Object Repository/Edit position/Page_span_Town Square - Team 1 Mattermost/span_Edit")): Object: 'Object Repository/Edit position/Page_span_Town Square - Team 1 Mattermost/span_Edit' is clicked on

2021-05-30 02:47:32 - [MESSAGE][PASSED] - Object: 'Object Repository/Edit position/Page_span_Town Square - Team 1 Mattermost/span_Edit' is clicked on

2021-05-30 02:47:32 - [TEST_STEP][PASSED] - setText(findTestObject("Object Repository/Edit position/Page_span_Town Square - Team 1 Mattermost/input_Position_position"), findTestData("Internal/Internal Position").getValue(1, rowNum)): Text 'giám đốc' is set on object 'Object Repository/Edit position/Page_span_Town Square - Team 1 Mattermost/input_Position_position'

2021-05-30 02:47:33 - [MESSAGE][PASSED] - Text 'giám đốc' is set on object 'Object Repository/Edit position/Page_span_Town Square - Team 1 Mattermost/input_Position_position'

2021-05-30 02:47:33 - [TEST_STEP][PASSED] - click(findTestObject("Object Repository/Edit position/Page_span_Town Square - Team 1 Mattermost/button_Save")): Object: 'Object Repository/Edit position/Page_span_Town Square - Team 1 Mattermost/button_Save' is clicked on

2021-05-30 02:47:33 - [MESSAGE][PASSED] - Object: 'Object Repository/Edit position/Page_span_Town Square - Team 1 Mattermost/button_Save' is clicked on

2021-05-30 02:47:33 - [TEST_STEP][PASSED] - click(findTestObject("Object Repository/Edit position/Page_span_Town Square - Team 1 Mattermost/span_")): Object: 'Object Repository/Edit position/Page_span_Town Square - Team 1 Mattermost/span_' is clicked on

2021-05-30 02:47:34 - [MESSAGE][PASSED] - Object: 'Object Repository/Edit position/Page_span_Town Square - Team 1 Mattermost/span_' is clicked on

2021-05-30 02:47:34 - [TEST_STEP][PASSED] - click(findTestObject("Object Repository/Edit position/Page_span_Town Square - Team 1 Mattermost/span_span_Town Square")): Object: 'Object Repository/Edit position/Page_span_Town Square - Team 1 Mattermost/span_span_Town Square' is clicked on

2021-05-30 02:47:34 - [MESSAGE][PASSED] - Object: 'Object Repository/Edit position/Page_span_Town Square - Team 1 Mattermost/span_span_Town Square' is clicked on

2021-05-30 02:47:34 - [TEST_STEP][PASSED] - click(findTestObject("Object Repository/Edit position/Page_span_Town Square - Team 1 Mattermost/span")): Object: 'Object Repository/Edit position/Page_span_Town Square - Team 1 Mattermost/span' is clicked on

2021-05-30 02:47:35 - [MESSAGE][PASSED] - Object: 'Object Repository/Edit position/Page_span_Town Square - Team 1 Mattermost/span' is clicked on

2021-05-30 02:47:35 - [TEST_STEP][PASSED] - click(findTestObject("Object Repository/Edit position/Page_span_Town Square - Team 1 Mattermost/button_Account Settings")): Object: 'Object Repository/Edit position/Page_span_Town Square - Team 1 Mattermost/button_Account Settings' is clicked on

2021-05-30 02:47:35 - [MESSAGE][PASSED] - Object: 'Object Repository/Edit position/Page_span_Town Square - Team 1 Mattermost/button_Account Settings' is clicked on

2021-05-30 02:47:35 - [TEST_STEP][PASSED] - click(findTestObject("Object Repository/Edit position/Page_span_Town Square - Team 1 Mattermost/span_Edit")): Object: 'Object Repository/Edit position/Page_span_Town Square - Team 1 Mattermost/span_Edit' is clicked on

2021-05-30 02:47:36 - [MESSAGE][PASSED] - Object: 'Object Repository/Edit position/Page_span_Town Square - Team 1 Mattermost/span_Edit' is clicked on

2021-05-30 02:47:36 - [TEST_STEP][PASSED] - setText(findTestObject("Object Repository/Edit position/Page_span_Town Square - Team 1 Mattermost/input_Position_position"), findTestData("Internal/Internal Position").getValue(1, rowNum)): Text 'Nhân viên' is set on object 'Object Repository/Edit position/Page_span_Town Square - Team 1 Mattermost/input_Position_position'

2021-05-30 02:47:37 - [MESSAGE][PASSED] - Text 'Nhân viên' is set on object 'Object Repository/Edit position/Page_span_Town Square - Team 1 Mattermost/input_Position_position'

2021-05-30 02:47:37 - [TEST_STEP][PASSED] - click(findTestObject("Object Repository/Edit position/Page_span_Town Square - Team 1 Mattermost/button_Save")): Object: 'Object Repository/Edit position/Page_span_Town Square - Team 1 Mattermost/button_Save' is clicked on

2021-05-30 02:47:37 - [MESSAGE][PASSED] - Object: 'Object Repository/Edit position/Page_span_Town Square - Team 1 Mattermost/button_Save' is clicked on

2021-05-30 02:47:37 - [TEST_STEP][PASSED] - click(findTestObject("Object Repository/Edit position/Page_span_Town Square - Team 1 Mattermost/span_")): Object: 'Object Repository/Edit position/Page_span_Town Square - Team 1 Mattermost/span_' is clicked on

2021-05-30 02:47:38 - [MESSAGE][PASSED] - Object: 'Object Repository/Edit position/Page_span_Town Square - Team 1 Mattermost/span_' is clicked on

2021-05-30 02:47:38 - [TEST_STEP][PASSED] - click(findTestObject("Object Repository/Edit position/Page_span_Town Square - Team 1 Mattermost/span_span_Town Square")): Object: 'Object Repository/Edit position/Page_span_Town Square - Team 1 Mattermost/span_span_Town Square' is clicked on

2021-05-30 02:47:38 - [MESSAGE][PASSED] - Object: 'Object Repository/Edit position/Page_span_Town Square - Team 1 Mattermost/span_span_Town Square' is clicked on

2021-05-30 02:47:38 - [TEST_STEP][PASSED] - click(findTestObject("Object Repository/Edit position/Page_span_Town Square - Team 1 Mattermost/span")): Object: 'Object Repository/Edit position/Page_span_Town Square - Team 1 Mattermost/span' is clicked on

2021-05-30 02:47:39 - [MESSAGE][PASSED] - Object: 'Object Repository/Edit position/Page_span_Town Square - Team 1 Mattermost/span' is clicked on

2021-05-30 02:47:39 - [TEST_STEP][PASSED] - click(findTestObject("Object Repository/Edit position/Page_span_Town Square - Team 1 Mattermost/button_Account Settings")): Object: 'Object Repository/Edit position/Page_span_Town Square - Team 1 Mattermost/button_Account Settings' is clicked on

2021-05-30 02:47:40 - [MESSAGE][PASSED] - Object: 'Object Repository/Edit position/Page_span_Town Square - Team 1 Mattermost/button_Account Settings' is clicked on

2021-05-30 02:47:40 - [TEST_STEP][PASSED] - click(findTestObject("Object Repository/Edit position/Page_span_Town Square - Team 1 Mattermost/span_Edit")): Object: 'Object Repository/Edit position/Page_span_Town Square - Team 1 Mattermost/span_Edit' is clicked on

2021-05-30 02:47:40 - [MESSAGE][PASSED] - Object: 'Object Repository/Edit position/Page_span_Town Square - Team 1 Mattermost/span_Edit' is clicked on

2021-05-30 02:47:40 - [TEST_STEP][PASSED] - setText(findTestObject("Object Repository/Edit position/Page_span_Town Square - Team 1 Mattermost/input_Position_position"), findTestData("Internal/Internal Position").getValue(1, rowNum)): Text 'Lao công' is set on object 'Object Repository/Edit position/Page_span_Town Square - Team 1 Mattermost/input_Position_position'

2021-05-30 02:47:41 - [MESSAGE][PASSED] - Text 'Lao công' is set on object 'Object Repository/Edit position/Page_span_Town Square - Team 1 Mattermost/input_Position_position'

2021-05-30 02:47:41 - [TEST_STEP][PASSED] - click(findTestObject("Object Repository/Edit position/Page_span_Town Square - Team 1 Mattermost/button_Save")): Object: 'Object Repository/Edit position/Page_span_Town Square - Team 1 Mattermost/button_Save' is clicked on

2021-05-30 02:47:41 - [MESSAGE][PASSED] - Object: 'Object Repository/Edit position/Page_span_Town Square - Team 1 Mattermost/button_Save' is clicked on

2021-05-30 02:47:41 - [TEST_STEP][PASSED] - click(findTestObject("Object Repository/Edit position/Page_span_Town Square - Team 1 Mattermost/span_")): Object: 'Object Repository/Edit position/Page_span_Town Square - Team 1 Mattermost/span_' is clicked on

2021-05-30 02:47:42 - [MESSAGE][PASSED] - Object: 'Object Repository/Edit position/Page_span_Town Square - Team 1 Mattermost/span_' is clicked on

2021-05-30 02:47:42 - [TEST_STEP][PASSED] - closeBrowser(): Browser is closed

2021-05-30 02:47:43 - [MESSAGE][PASSED] - Browser is closed]]></system-out>
         <system-err><![CDATA[]]></system-err>
      </testcase>
      <testcase name="Test Cases/Internal Test Cases/EditUsername" time="336.021" classname="Test Cases/Internal Test Cases/EditUsername" status="PASSED">
         <system-out><![CDATA[2021-05-30 02:47:43 - [TEST_CASE][PASSED] - Test Cases/Internal Test Cases/EditUsername: Test Cases/Internal Test Cases/EditUsername

2021-05-30 02:47:43 - [TEST_STEP][PASSED] - callTestCase(findTestCase("Internal Test Cases/Successful Login"), ["Username":"", "Password":""], STOP_ON_FAILURE): Call Test Case 'Test Cases/Internal Test Cases/Successful Login' successfully

2021-05-30 02:47:43 - [TEST_CASE][PASSED] - Test Cases/Internal Test Cases/Successful Login: Test Cases/Internal Test Cases/Successful Login

2021-05-30 02:47:43 - [TEST_STEP][PASSED] - openBrowser(""): Browser is opened with url: ''

2021-05-30 02:47:43 - [MESSAGE][INFO] - Starting 'Chrome' driver

2021-05-30 02:47:43 - [MESSAGE][INFO] - Action delay is set to 0 milliseconds

2021-05-30 02:47:44 - [MESSAGE][PASSED] - Browser is opened with url: ''

2021-05-30 02:47:44 - [TEST_STEP][PASSED] - navigateToUrl("https://chudenangcao2021.cf/"): Navigate to 'https://chudenangcao2021.cf/' successfully

2021-05-30 02:47:45 - [MESSAGE][PASSED] - Navigate to 'https://chudenangcao2021.cf/' successfully

2021-05-30 02:47:45 - [TEST_STEP][PASSED] - setText(findTestObject("Object Repository/Page_Mattermost/input_All team communication in one place, _dcc84b"), findTestData("Internal/Internal Login Data").getValue(1, 1)): Text 'nguyenvanb' is set on object 'Object Repository/Page_Mattermost/input_All team communication in one place, _dcc84b'

2021-05-30 02:47:46 - [MESSAGE][PASSED] - Text 'nguyenvanb' is set on object 'Object Repository/Page_Mattermost/input_All team communication in one place, _dcc84b'

2021-05-30 02:47:46 - [TEST_STEP][PASSED] - setEncryptedText(findTestObject("Object Repository/Page_Mattermost/input_All team communication in one place, _a3edc6"), findTestData("Internal/Internal Login Data").getValue(2, 1)): Text ****** has been set on object 'Object Repository/Page_Mattermost/input_All team communication in one place, _a3edc6'

2021-05-30 02:47:47 - [MESSAGE][PASSED] - Text ****** has been set on object 'Object Repository/Page_Mattermost/input_All team communication in one place, _a3edc6'

2021-05-30 02:47:47 - [TEST_STEP][PASSED] - click(findTestObject("Object Repository/Page_Mattermost/button_Sign in")): Object: 'Object Repository/Page_Mattermost/button_Sign in' is clicked on

2021-05-30 02:47:47 - [MESSAGE][PASSED] - Object: 'Object Repository/Page_Mattermost/button_Sign in' is clicked on

2021-05-30 02:47:47 - [TEST_STEP][PASSED] - verifyLinksAccessible(["https://chudenangcao2021.cf/cdnc-cnpm-2021/channels"]): All links are accessible

2021-05-30 02:47:47 - [MESSAGE][INFO] - HAR: C:\Users\nttuan\Downloads\CDNC\mattermost-testing\Reports\20210530_023726\Run all test cases\20210530_023726\requests\main\43.har

2021-05-30 02:47:47 - [MESSAGE][PASSED] - Send request successfully

2021-05-30 02:47:47 - [MESSAGE][PASSED] - All links are accessible

2021-05-30 02:47:47 - [MESSAGE][PASSED] - Call Test Case 'Test Cases/Internal Test Cases/Successful Login' successfully

2021-05-30 02:47:47 - [TEST_STEP][PASSED] - for ([rowNum = 1, rowNum <= findTestData("Internal/Internal Username").getRowNumbers(), (rowNum++)]): Object: 'Object Repository/Account Setting/Page_TEST CHANNEL - TEAM NAME Mattermost/button_Close' is clicked on

2021-05-30 02:47:47 - [TEST_STEP][PASSED] - click(findTestObject("Object Repository/Account Setting/Page_TEST CHANNEL - TEAM NAME Mattermost/span")): Object: 'Object Repository/Account Setting/Page_TEST CHANNEL - TEAM NAME Mattermost/span' is clicked on

2021-05-30 02:47:49 - [MESSAGE][PASSED] - Object: 'Object Repository/Account Setting/Page_TEST CHANNEL - TEAM NAME Mattermost/span' is clicked on

2021-05-30 02:47:49 - [TEST_STEP][PASSED] - click(findTestObject("Object Repository/Account Setting/Page_TEST CHANNEL - TEAM NAME Mattermost/button_Account Settings")): Object: 'Object Repository/Account Setting/Page_TEST CHANNEL - TEAM NAME Mattermost/button_Account Settings' is clicked on

2021-05-30 02:47:50 - [MESSAGE][PASSED] - Object: 'Object Repository/Account Setting/Page_TEST CHANNEL - TEAM NAME Mattermost/button_Account Settings' is clicked on

2021-05-30 02:47:50 - [TEST_STEP][PASSED] - click(findTestObject("Object Repository/Account Setting/Page_TEST CHANNEL - TEAM NAME Mattermost/span_Edit")): Object: 'Object Repository/Account Setting/Page_TEST CHANNEL - TEAM NAME Mattermost/span_Edit' is clicked on

2021-05-30 02:47:50 - [MESSAGE][PASSED] - Object: 'Object Repository/Account Setting/Page_TEST CHANNEL - TEAM NAME Mattermost/span_Edit' is clicked on

2021-05-30 02:47:50 - [TEST_STEP][PASSED] - click(findTestObject("Object Repository/Account Setting/Page_TEST CHANNEL - TEAM NAME Mattermost/div_Username_col-sm-7")): Object: 'Object Repository/Account Setting/Page_TEST CHANNEL - TEAM NAME Mattermost/div_Username_col-sm-7' is clicked on

2021-05-30 02:47:51 - [MESSAGE][PASSED] - Object: 'Object Repository/Account Setting/Page_TEST CHANNEL - TEAM NAME Mattermost/div_Username_col-sm-7' is clicked on

2021-05-30 02:47:51 - [TEST_STEP][PASSED] - setText(findTestObject("Object Repository/Account Setting/Page_TEST CHANNEL - TEAM NAME Mattermost/input_Username_username"), findTestData("Internal/Internal Username").getValue(1, rowNum)): Text 'Minhvu' is set on object 'Object Repository/Account Setting/Page_TEST CHANNEL - TEAM NAME Mattermost/input_Username_username'

2021-05-30 02:48:22 - [MESSAGE][INFO] - Unable to find the element located by 'By.xpath: //input[@id='username']'. Please recheck the objects properties to make sure the desired element is located. 

2021-05-30 02:48:22 - [MESSAGE][WARNING] - [SELF-HEALING] Failed to find element with id 'Object Repository/Account Setting/Page_TEST CHANNEL - TEAM NAME Mattermost/input_Username_username'. Try using Self-healing.

2021-05-30 02:48:22 - [MESSAGE][WARNING] - [SELF-HEALING] The current locator of test object 'Object Repository/Account Setting/Page_TEST CHANNEL - TEAM NAME Mattermost/input_Username_username' was broken. Propose an alternative one: '//div[@id='generalSettings']/div[2]/section/div/div/div/div/div/input'.

2021-05-30 02:48:53 - [MESSAGE][INFO] - Unable to find the element located by 'By.xpath: //input[@id='username']'. Please recheck the objects properties to make sure the desired element is located. 

2021-05-30 02:48:53 - [MESSAGE][WARNING] - [SELF-HEALING] Failed to find element with id 'Object Repository/Account Setting/Page_TEST CHANNEL - TEAM NAME Mattermost/input_Username_username'. Try using Self-healing.

2021-05-30 02:48:53 - [MESSAGE][WARNING] - [SELF-HEALING] The current locator of test object 'Object Repository/Account Setting/Page_TEST CHANNEL - TEAM NAME Mattermost/input_Username_username' was broken. Propose an alternative one: '//div[@id='generalSettings']/div[2]/section/div/div/div/div/div/input'.

2021-05-30 02:48:53 - [MESSAGE][PASSED] - Text 'Minhvu' is set on object 'Object Repository/Account Setting/Page_TEST CHANNEL - TEAM NAME Mattermost/input_Username_username'

2021-05-30 02:48:53 - [TEST_STEP][PASSED] - click(findTestObject("Object Repository/Account Setting/Page_TEST CHANNEL - TEAM NAME Mattermost/button_Save")): Object: 'Object Repository/Account Setting/Page_TEST CHANNEL - TEAM NAME Mattermost/button_Save' is clicked on

2021-05-30 02:48:54 - [MESSAGE][PASSED] - Object: 'Object Repository/Account Setting/Page_TEST CHANNEL - TEAM NAME Mattermost/button_Save' is clicked on

2021-05-30 02:48:54 - [TEST_STEP][PASSED] - click(findTestObject("Object Repository/Account Setting/Page_TEST CHANNEL - TEAM NAME Mattermost/button_Close")): Object: 'Object Repository/Account Setting/Page_TEST CHANNEL - TEAM NAME Mattermost/button_Close' is clicked on

2021-05-30 02:48:55 - [MESSAGE][PASSED] - Object: 'Object Repository/Account Setting/Page_TEST CHANNEL - TEAM NAME Mattermost/button_Close' is clicked on

2021-05-30 02:48:55 - [TEST_STEP][PASSED] - click(findTestObject("Object Repository/Account Setting/Page_TEST CHANNEL - TEAM NAME Mattermost/span")): Object: 'Object Repository/Account Setting/Page_TEST CHANNEL - TEAM NAME Mattermost/span' is clicked on

2021-05-30 02:48:55 - [MESSAGE][PASSED] - Object: 'Object Repository/Account Setting/Page_TEST CHANNEL - TEAM NAME Mattermost/span' is clicked on

2021-05-30 02:48:55 - [TEST_STEP][PASSED] - click(findTestObject("Object Repository/Account Setting/Page_TEST CHANNEL - TEAM NAME Mattermost/button_Account Settings")): Object: 'Object Repository/Account Setting/Page_TEST CHANNEL - TEAM NAME Mattermost/button_Account Settings' is clicked on

2021-05-30 02:48:55 - [MESSAGE][PASSED] - Object: 'Object Repository/Account Setting/Page_TEST CHANNEL - TEAM NAME Mattermost/button_Account Settings' is clicked on

2021-05-30 02:48:55 - [TEST_STEP][PASSED] - click(findTestObject("Object Repository/Account Setting/Page_TEST CHANNEL - TEAM NAME Mattermost/span_Edit")): Object: 'Object Repository/Account Setting/Page_TEST CHANNEL - TEAM NAME Mattermost/span_Edit' is clicked on

2021-05-30 02:48:56 - [MESSAGE][PASSED] - Object: 'Object Repository/Account Setting/Page_TEST CHANNEL - TEAM NAME Mattermost/span_Edit' is clicked on

2021-05-30 02:48:56 - [TEST_STEP][PASSED] - click(findTestObject("Object Repository/Account Setting/Page_TEST CHANNEL - TEAM NAME Mattermost/div_Username_col-sm-7")): Object: 'Object Repository/Account Setting/Page_TEST CHANNEL - TEAM NAME Mattermost/div_Username_col-sm-7' is clicked on

2021-05-30 02:48:57 - [MESSAGE][PASSED] - Object: 'Object Repository/Account Setting/Page_TEST CHANNEL - TEAM NAME Mattermost/div_Username_col-sm-7' is clicked on

2021-05-30 02:48:57 - [TEST_STEP][PASSED] - setText(findTestObject("Object Repository/Account Setting/Page_TEST CHANNEL - TEAM NAME Mattermost/input_Username_username"), findTestData("Internal/Internal Username").getValue(1, rowNum)): Text 'ThoTuan' is set on object 'Object Repository/Account Setting/Page_TEST CHANNEL - TEAM NAME Mattermost/input_Username_username'

2021-05-30 02:49:28 - [MESSAGE][INFO] - Unable to find the element located by 'By.xpath: //input[@id='username']'. Please recheck the objects properties to make sure the desired element is located. 

2021-05-30 02:49:28 - [MESSAGE][WARNING] - [SELF-HEALING] Failed to find element with id 'Object Repository/Account Setting/Page_TEST CHANNEL - TEAM NAME Mattermost/input_Username_username'. Try using Self-healing.

2021-05-30 02:49:28 - [MESSAGE][WARNING] - [SELF-HEALING] The current locator of test object 'Object Repository/Account Setting/Page_TEST CHANNEL - TEAM NAME Mattermost/input_Username_username' was broken. Propose an alternative one: '//div[@id='generalSettings']/div[2]/section/div/div/div/div/div/input'.

2021-05-30 02:49:59 - [MESSAGE][INFO] - Unable to find the element located by 'By.xpath: //input[@id='username']'. Please recheck the objects properties to make sure the desired element is located. 

2021-05-30 02:49:59 - [MESSAGE][WARNING] - [SELF-HEALING] Failed to find element with id 'Object Repository/Account Setting/Page_TEST CHANNEL - TEAM NAME Mattermost/input_Username_username'. Try using Self-healing.

2021-05-30 02:49:59 - [MESSAGE][WARNING] - [SELF-HEALING] The current locator of test object 'Object Repository/Account Setting/Page_TEST CHANNEL - TEAM NAME Mattermost/input_Username_username' was broken. Propose an alternative one: '//div[@id='generalSettings']/div[2]/section/div/div/div/div/div/input'.

2021-05-30 02:49:59 - [MESSAGE][PASSED] - Text 'ThoTuan' is set on object 'Object Repository/Account Setting/Page_TEST CHANNEL - TEAM NAME Mattermost/input_Username_username'

2021-05-30 02:49:59 - [TEST_STEP][PASSED] - click(findTestObject("Object Repository/Account Setting/Page_TEST CHANNEL - TEAM NAME Mattermost/button_Save")): Object: 'Object Repository/Account Setting/Page_TEST CHANNEL - TEAM NAME Mattermost/button_Save' is clicked on

2021-05-30 02:50:00 - [MESSAGE][PASSED] - Object: 'Object Repository/Account Setting/Page_TEST CHANNEL - TEAM NAME Mattermost/button_Save' is clicked on

2021-05-30 02:50:00 - [TEST_STEP][PASSED] - click(findTestObject("Object Repository/Account Setting/Page_TEST CHANNEL - TEAM NAME Mattermost/button_Close")): Object: 'Object Repository/Account Setting/Page_TEST CHANNEL - TEAM NAME Mattermost/button_Close' is clicked on

2021-05-30 02:50:00 - [MESSAGE][PASSED] - Object: 'Object Repository/Account Setting/Page_TEST CHANNEL - TEAM NAME Mattermost/button_Close' is clicked on

2021-05-30 02:50:00 - [TEST_STEP][PASSED] - click(findTestObject("Object Repository/Account Setting/Page_TEST CHANNEL - TEAM NAME Mattermost/span")): Object: 'Object Repository/Account Setting/Page_TEST CHANNEL - TEAM NAME Mattermost/span' is clicked on

2021-05-30 02:50:01 - [MESSAGE][PASSED] - Object: 'Object Repository/Account Setting/Page_TEST CHANNEL - TEAM NAME Mattermost/span' is clicked on

2021-05-30 02:50:01 - [TEST_STEP][PASSED] - click(findTestObject("Object Repository/Account Setting/Page_TEST CHANNEL - TEAM NAME Mattermost/button_Account Settings")): Object: 'Object Repository/Account Setting/Page_TEST CHANNEL - TEAM NAME Mattermost/button_Account Settings' is clicked on

2021-05-30 02:50:01 - [MESSAGE][PASSED] - Object: 'Object Repository/Account Setting/Page_TEST CHANNEL - TEAM NAME Mattermost/button_Account Settings' is clicked on

2021-05-30 02:50:01 - [TEST_STEP][PASSED] - click(findTestObject("Object Repository/Account Setting/Page_TEST CHANNEL - TEAM NAME Mattermost/span_Edit")): Object: 'Object Repository/Account Setting/Page_TEST CHANNEL - TEAM NAME Mattermost/span_Edit' is clicked on

2021-05-30 02:50:02 - [MESSAGE][PASSED] - Object: 'Object Repository/Account Setting/Page_TEST CHANNEL - TEAM NAME Mattermost/span_Edit' is clicked on

2021-05-30 02:50:02 - [TEST_STEP][PASSED] - click(findTestObject("Object Repository/Account Setting/Page_TEST CHANNEL - TEAM NAME Mattermost/div_Username_col-sm-7")): Object: 'Object Repository/Account Setting/Page_TEST CHANNEL - TEAM NAME Mattermost/div_Username_col-sm-7' is clicked on

2021-05-30 02:50:02 - [MESSAGE][PASSED] - Object: 'Object Repository/Account Setting/Page_TEST CHANNEL - TEAM NAME Mattermost/div_Username_col-sm-7' is clicked on

2021-05-30 02:50:02 - [TEST_STEP][PASSED] - setText(findTestObject("Object Repository/Account Setting/Page_TEST CHANNEL - TEAM NAME Mattermost/input_Username_username"), findTestData("Internal/Internal Username").getValue(1, rowNum)): Text 'ChauTuan' is set on object 'Object Repository/Account Setting/Page_TEST CHANNEL - TEAM NAME Mattermost/input_Username_username'

2021-05-30 02:50:34 - [MESSAGE][INFO] - Unable to find the element located by 'By.xpath: //input[@id='username']'. Please recheck the objects properties to make sure the desired element is located. 

2021-05-30 02:50:34 - [MESSAGE][WARNING] - [SELF-HEALING] Failed to find element with id 'Object Repository/Account Setting/Page_TEST CHANNEL - TEAM NAME Mattermost/input_Username_username'. Try using Self-healing.

2021-05-30 02:50:34 - [MESSAGE][WARNING] - [SELF-HEALING] The current locator of test object 'Object Repository/Account Setting/Page_TEST CHANNEL - TEAM NAME Mattermost/input_Username_username' was broken. Propose an alternative one: '//div[@id='generalSettings']/div[2]/section/div/div/div/div/div/input'.

2021-05-30 02:51:05 - [MESSAGE][INFO] - Unable to find the element located by 'By.xpath: //input[@id='username']'. Please recheck the objects properties to make sure the desired element is located. 

2021-05-30 02:51:05 - [MESSAGE][WARNING] - [SELF-HEALING] Failed to find element with id 'Object Repository/Account Setting/Page_TEST CHANNEL - TEAM NAME Mattermost/input_Username_username'. Try using Self-healing.

2021-05-30 02:51:05 - [MESSAGE][WARNING] - [SELF-HEALING] The current locator of test object 'Object Repository/Account Setting/Page_TEST CHANNEL - TEAM NAME Mattermost/input_Username_username' was broken. Propose an alternative one: '//div[@id='generalSettings']/div[2]/section/div/div/div/div/div/input'.

2021-05-30 02:51:05 - [MESSAGE][PASSED] - Text 'ChauTuan' is set on object 'Object Repository/Account Setting/Page_TEST CHANNEL - TEAM NAME Mattermost/input_Username_username'

2021-05-30 02:51:05 - [TEST_STEP][PASSED] - click(findTestObject("Object Repository/Account Setting/Page_TEST CHANNEL - TEAM NAME Mattermost/button_Save")): Object: 'Object Repository/Account Setting/Page_TEST CHANNEL - TEAM NAME Mattermost/button_Save' is clicked on

2021-05-30 02:51:06 - [MESSAGE][PASSED] - Object: 'Object Repository/Account Setting/Page_TEST CHANNEL - TEAM NAME Mattermost/button_Save' is clicked on

2021-05-30 02:51:06 - [TEST_STEP][PASSED] - click(findTestObject("Object Repository/Account Setting/Page_TEST CHANNEL - TEAM NAME Mattermost/button_Close")): Object: 'Object Repository/Account Setting/Page_TEST CHANNEL - TEAM NAME Mattermost/button_Close' is clicked on

2021-05-30 02:51:06 - [MESSAGE][PASSED] - Object: 'Object Repository/Account Setting/Page_TEST CHANNEL - TEAM NAME Mattermost/button_Close' is clicked on

2021-05-30 02:51:06 - [TEST_STEP][PASSED] - click(findTestObject("Object Repository/Account Setting/Page_TEST CHANNEL - TEAM NAME Mattermost/span")): Object: 'Object Repository/Account Setting/Page_TEST CHANNEL - TEAM NAME Mattermost/span' is clicked on

2021-05-30 02:51:07 - [MESSAGE][PASSED] - Object: 'Object Repository/Account Setting/Page_TEST CHANNEL - TEAM NAME Mattermost/span' is clicked on

2021-05-30 02:51:07 - [TEST_STEP][PASSED] - click(findTestObject("Object Repository/Account Setting/Page_TEST CHANNEL - TEAM NAME Mattermost/button_Account Settings")): Object: 'Object Repository/Account Setting/Page_TEST CHANNEL - TEAM NAME Mattermost/button_Account Settings' is clicked on

2021-05-30 02:51:07 - [MESSAGE][PASSED] - Object: 'Object Repository/Account Setting/Page_TEST CHANNEL - TEAM NAME Mattermost/button_Account Settings' is clicked on

2021-05-30 02:51:07 - [TEST_STEP][PASSED] - click(findTestObject("Object Repository/Account Setting/Page_TEST CHANNEL - TEAM NAME Mattermost/span_Edit")): Object: 'Object Repository/Account Setting/Page_TEST CHANNEL - TEAM NAME Mattermost/span_Edit' is clicked on

2021-05-30 02:51:08 - [MESSAGE][PASSED] - Object: 'Object Repository/Account Setting/Page_TEST CHANNEL - TEAM NAME Mattermost/span_Edit' is clicked on

2021-05-30 02:51:08 - [TEST_STEP][PASSED] - click(findTestObject("Object Repository/Account Setting/Page_TEST CHANNEL - TEAM NAME Mattermost/div_Username_col-sm-7")): Object: 'Object Repository/Account Setting/Page_TEST CHANNEL - TEAM NAME Mattermost/div_Username_col-sm-7' is clicked on

2021-05-30 02:51:08 - [MESSAGE][PASSED] - Object: 'Object Repository/Account Setting/Page_TEST CHANNEL - TEAM NAME Mattermost/div_Username_col-sm-7' is clicked on

2021-05-30 02:51:08 - [TEST_STEP][PASSED] - setText(findTestObject("Object Repository/Account Setting/Page_TEST CHANNEL - TEAM NAME Mattermost/input_Username_username"), findTestData("Internal/Internal Username").getValue(1, rowNum)): Text 'ThanhTung' is set on object 'Object Repository/Account Setting/Page_TEST CHANNEL - TEAM NAME Mattermost/input_Username_username'

2021-05-30 02:51:39 - [MESSAGE][INFO] - Unable to find the element located by 'By.xpath: //input[@id='username']'. Please recheck the objects properties to make sure the desired element is located. 

2021-05-30 02:51:39 - [MESSAGE][WARNING] - [SELF-HEALING] Failed to find element with id 'Object Repository/Account Setting/Page_TEST CHANNEL - TEAM NAME Mattermost/input_Username_username'. Try using Self-healing.

2021-05-30 02:51:40 - [MESSAGE][WARNING] - [SELF-HEALING] The current locator of test object 'Object Repository/Account Setting/Page_TEST CHANNEL - TEAM NAME Mattermost/input_Username_username' was broken. Propose an alternative one: '//div[@id='generalSettings']/div[2]/section/div/div/div/div/div/input'.

2021-05-30 02:52:11 - [MESSAGE][INFO] - Unable to find the element located by 'By.xpath: //input[@id='username']'. Please recheck the objects properties to make sure the desired element is located. 

2021-05-30 02:52:11 - [MESSAGE][WARNING] - [SELF-HEALING] Failed to find element with id 'Object Repository/Account Setting/Page_TEST CHANNEL - TEAM NAME Mattermost/input_Username_username'. Try using Self-healing.

2021-05-30 02:52:11 - [MESSAGE][WARNING] - [SELF-HEALING] The current locator of test object 'Object Repository/Account Setting/Page_TEST CHANNEL - TEAM NAME Mattermost/input_Username_username' was broken. Propose an alternative one: '//div[@id='generalSettings']/div[2]/section/div/div/div/div/div/input'.

2021-05-30 02:52:11 - [MESSAGE][PASSED] - Text 'ThanhTung' is set on object 'Object Repository/Account Setting/Page_TEST CHANNEL - TEAM NAME Mattermost/input_Username_username'

2021-05-30 02:52:11 - [TEST_STEP][PASSED] - click(findTestObject("Object Repository/Account Setting/Page_TEST CHANNEL - TEAM NAME Mattermost/button_Save")): Object: 'Object Repository/Account Setting/Page_TEST CHANNEL - TEAM NAME Mattermost/button_Save' is clicked on

2021-05-30 02:52:11 - [MESSAGE][PASSED] - Object: 'Object Repository/Account Setting/Page_TEST CHANNEL - TEAM NAME Mattermost/button_Save' is clicked on

2021-05-30 02:52:11 - [TEST_STEP][PASSED] - click(findTestObject("Object Repository/Account Setting/Page_TEST CHANNEL - TEAM NAME Mattermost/button_Close")): Object: 'Object Repository/Account Setting/Page_TEST CHANNEL - TEAM NAME Mattermost/button_Close' is clicked on

2021-05-30 02:52:12 - [MESSAGE][PASSED] - Object: 'Object Repository/Account Setting/Page_TEST CHANNEL - TEAM NAME Mattermost/button_Close' is clicked on

2021-05-30 02:52:12 - [TEST_STEP][PASSED] - click(findTestObject("Object Repository/Account Setting/Page_TEST CHANNEL - TEAM NAME Mattermost/span")): Object: 'Object Repository/Account Setting/Page_TEST CHANNEL - TEAM NAME Mattermost/span' is clicked on

2021-05-30 02:52:12 - [MESSAGE][PASSED] - Object: 'Object Repository/Account Setting/Page_TEST CHANNEL - TEAM NAME Mattermost/span' is clicked on

2021-05-30 02:52:12 - [TEST_STEP][PASSED] - click(findTestObject("Object Repository/Account Setting/Page_TEST CHANNEL - TEAM NAME Mattermost/button_Account Settings")): Object: 'Object Repository/Account Setting/Page_TEST CHANNEL - TEAM NAME Mattermost/button_Account Settings' is clicked on

2021-05-30 02:52:13 - [MESSAGE][PASSED] - Object: 'Object Repository/Account Setting/Page_TEST CHANNEL - TEAM NAME Mattermost/button_Account Settings' is clicked on

2021-05-30 02:52:13 - [TEST_STEP][PASSED] - click(findTestObject("Object Repository/Account Setting/Page_TEST CHANNEL - TEAM NAME Mattermost/span_Edit")): Object: 'Object Repository/Account Setting/Page_TEST CHANNEL - TEAM NAME Mattermost/span_Edit' is clicked on

2021-05-30 02:52:13 - [MESSAGE][PASSED] - Object: 'Object Repository/Account Setting/Page_TEST CHANNEL - TEAM NAME Mattermost/span_Edit' is clicked on

2021-05-30 02:52:13 - [TEST_STEP][PASSED] - click(findTestObject("Object Repository/Account Setting/Page_TEST CHANNEL - TEAM NAME Mattermost/div_Username_col-sm-7")): Object: 'Object Repository/Account Setting/Page_TEST CHANNEL - TEAM NAME Mattermost/div_Username_col-sm-7' is clicked on

2021-05-30 02:52:14 - [MESSAGE][PASSED] - Object: 'Object Repository/Account Setting/Page_TEST CHANNEL - TEAM NAME Mattermost/div_Username_col-sm-7' is clicked on

2021-05-30 02:52:14 - [TEST_STEP][PASSED] - setText(findTestObject("Object Repository/Account Setting/Page_TEST CHANNEL - TEAM NAME Mattermost/input_Username_username"), findTestData("Internal/Internal Username").getValue(1, rowNum)): Text 'nguyenvanb' is set on object 'Object Repository/Account Setting/Page_TEST CHANNEL - TEAM NAME Mattermost/input_Username_username'

2021-05-30 02:52:45 - [MESSAGE][INFO] - Unable to find the element located by 'By.xpath: //input[@id='username']'. Please recheck the objects properties to make sure the desired element is located. 

2021-05-30 02:52:45 - [MESSAGE][WARNING] - [SELF-HEALING] Failed to find element with id 'Object Repository/Account Setting/Page_TEST CHANNEL - TEAM NAME Mattermost/input_Username_username'. Try using Self-healing.

2021-05-30 02:52:45 - [MESSAGE][WARNING] - [SELF-HEALING] The current locator of test object 'Object Repository/Account Setting/Page_TEST CHANNEL - TEAM NAME Mattermost/input_Username_username' was broken. Propose an alternative one: '//div[@id='generalSettings']/div[2]/section/div/div/div/div/div/input'.

2021-05-30 02:53:17 - [MESSAGE][INFO] - Unable to find the element located by 'By.xpath: //input[@id='username']'. Please recheck the objects properties to make sure the desired element is located. 

2021-05-30 02:53:17 - [MESSAGE][WARNING] - [SELF-HEALING] Failed to find element with id 'Object Repository/Account Setting/Page_TEST CHANNEL - TEAM NAME Mattermost/input_Username_username'. Try using Self-healing.

2021-05-30 02:53:17 - [MESSAGE][WARNING] - [SELF-HEALING] The current locator of test object 'Object Repository/Account Setting/Page_TEST CHANNEL - TEAM NAME Mattermost/input_Username_username' was broken. Propose an alternative one: '//div[@id='generalSettings']/div[2]/section/div/div/div/div/div/input'.

2021-05-30 02:53:17 - [MESSAGE][PASSED] - Text 'nguyenvanb' is set on object 'Object Repository/Account Setting/Page_TEST CHANNEL - TEAM NAME Mattermost/input_Username_username'

2021-05-30 02:53:17 - [TEST_STEP][PASSED] - click(findTestObject("Object Repository/Account Setting/Page_TEST CHANNEL - TEAM NAME Mattermost/button_Save")): Object: 'Object Repository/Account Setting/Page_TEST CHANNEL - TEAM NAME Mattermost/button_Save' is clicked on

2021-05-30 02:53:17 - [MESSAGE][PASSED] - Object: 'Object Repository/Account Setting/Page_TEST CHANNEL - TEAM NAME Mattermost/button_Save' is clicked on

2021-05-30 02:53:17 - [TEST_STEP][PASSED] - click(findTestObject("Object Repository/Account Setting/Page_TEST CHANNEL - TEAM NAME Mattermost/button_Close")): Object: 'Object Repository/Account Setting/Page_TEST CHANNEL - TEAM NAME Mattermost/button_Close' is clicked on

2021-05-30 02:53:18 - [MESSAGE][PASSED] - Object: 'Object Repository/Account Setting/Page_TEST CHANNEL - TEAM NAME Mattermost/button_Close' is clicked on

2021-05-30 02:53:18 - [TEST_STEP][PASSED] - closeBrowser(): Browser is closed

2021-05-30 02:53:19 - [MESSAGE][PASSED] - Browser is closed]]></system-out>
         <system-err><![CDATA[]]></system-err>
      </testcase>
      <testcase name="Test Cases/Internal Test Cases/FindChanelFailed" time="12.436" classname="Test Cases/Internal Test Cases/FindChanelFailed" status="PASSED">
         <system-out><![CDATA[2021-05-30 02:53:19 - [TEST_CASE][PASSED] - Test Cases/Internal Test Cases/FindChanelFailed: Test Cases/Internal Test Cases/FindChanelFailed

2021-05-30 02:53:19 - [TEST_STEP][PASSED] - callTestCase(findTestCase("Internal Test Cases/Successful Login"), ["Username":"", "Password":""], STOP_ON_FAILURE): Call Test Case 'Test Cases/Internal Test Cases/Successful Login' successfully

2021-05-30 02:53:19 - [TEST_CASE][PASSED] - Test Cases/Internal Test Cases/Successful Login: Test Cases/Internal Test Cases/Successful Login

2021-05-30 02:53:19 - [TEST_STEP][PASSED] - openBrowser(""): Browser is opened with url: ''

2021-05-30 02:53:19 - [MESSAGE][INFO] - Starting 'Chrome' driver

2021-05-30 02:53:19 - [MESSAGE][INFO] - Action delay is set to 0 milliseconds

2021-05-30 02:53:20 - [MESSAGE][PASSED] - Browser is opened with url: ''

2021-05-30 02:53:20 - [TEST_STEP][PASSED] - navigateToUrl("https://chudenangcao2021.cf/"): Navigate to 'https://chudenangcao2021.cf/' successfully

2021-05-30 02:53:21 - [MESSAGE][PASSED] - Navigate to 'https://chudenangcao2021.cf/' successfully

2021-05-30 02:53:21 - [TEST_STEP][PASSED] - setText(findTestObject("Object Repository/Page_Mattermost/input_All team communication in one place, _dcc84b"), findTestData("Internal/Internal Login Data").getValue(1, 1)): Text 'nguyenvanb' is set on object 'Object Repository/Page_Mattermost/input_All team communication in one place, _dcc84b'

2021-05-30 02:53:22 - [MESSAGE][PASSED] - Text 'nguyenvanb' is set on object 'Object Repository/Page_Mattermost/input_All team communication in one place, _dcc84b'

2021-05-30 02:53:22 - [TEST_STEP][PASSED] - setEncryptedText(findTestObject("Object Repository/Page_Mattermost/input_All team communication in one place, _a3edc6"), findTestData("Internal/Internal Login Data").getValue(2, 1)): Text ****** has been set on object 'Object Repository/Page_Mattermost/input_All team communication in one place, _a3edc6'

2021-05-30 02:53:23 - [MESSAGE][PASSED] - Text ****** has been set on object 'Object Repository/Page_Mattermost/input_All team communication in one place, _a3edc6'

2021-05-30 02:53:23 - [TEST_STEP][PASSED] - click(findTestObject("Object Repository/Page_Mattermost/button_Sign in")): Object: 'Object Repository/Page_Mattermost/button_Sign in' is clicked on

2021-05-30 02:53:23 - [MESSAGE][PASSED] - Object: 'Object Repository/Page_Mattermost/button_Sign in' is clicked on

2021-05-30 02:53:23 - [TEST_STEP][PASSED] - verifyLinksAccessible(["https://chudenangcao2021.cf/cdnc-cnpm-2021/channels"]): All links are accessible

2021-05-30 02:53:23 - [MESSAGE][INFO] - HAR: C:\Users\nttuan\Downloads\CDNC\mattermost-testing\Reports\20210530_023726\Run all test cases\20210530_023726\requests\main\44.har

2021-05-30 02:53:23 - [MESSAGE][PASSED] - Send request successfully

2021-05-30 02:53:23 - [MESSAGE][PASSED] - All links are accessible

2021-05-30 02:53:23 - [MESSAGE][PASSED] - Call Test Case 'Test Cases/Internal Test Cases/Successful Login' successfully

2021-05-30 02:53:23 - [TEST_STEP][PASSED] - click(findTestObject("Object Repository/Page_Town Square - TEAM NAME Mattermost/span_Find channel")): Object: 'Object Repository/Page_Town Square - TEAM NAME Mattermost/span_Find channel' is clicked on

2021-05-30 02:53:25 - [MESSAGE][PASSED] - Object: 'Object Repository/Page_Town Square - TEAM NAME Mattermost/span_Find channel' is clicked on

2021-05-30 02:53:25 - [TEST_STEP][PASSED] - for ([rowNum = 1, rowNum <= findTestData("Internal/Internal Name Channel Fail").getRowNumbers(), (rowNum++)]): Text 'Nhom5' is set on object 'Object Repository/Page_Town Square - TEAM NAME Mattermost/input_ESC_quickSwitchInput'

2021-05-30 02:53:25 - [TEST_STEP][PASSED] - setText(findTestObject("Page_Town Square - TEAM NAME Mattermost/input_ESC_quickSwitchInput"), findTestData("Internal/Internal Name Channel Fail").getValue(1, rowNum)): Text 'Nhom1' is set on object 'Object Repository/Page_Town Square - TEAM NAME Mattermost/input_ESC_quickSwitchInput'

2021-05-30 02:53:26 - [MESSAGE][PASSED] - Text 'Nhom1' is set on object 'Object Repository/Page_Town Square - TEAM NAME Mattermost/input_ESC_quickSwitchInput'

2021-05-30 02:53:26 - [TEST_STEP][PASSED] - setText(findTestObject("Page_Town Square - TEAM NAME Mattermost/input_ESC_quickSwitchInput"), findTestData("Internal/Internal Name Channel Fail").getValue(1, rowNum)): Text 'Nhom2' is set on object 'Object Repository/Page_Town Square - TEAM NAME Mattermost/input_ESC_quickSwitchInput'

2021-05-30 02:53:27 - [MESSAGE][PASSED] - Text 'Nhom2' is set on object 'Object Repository/Page_Town Square - TEAM NAME Mattermost/input_ESC_quickSwitchInput'

2021-05-30 02:53:27 - [TEST_STEP][PASSED] - setText(findTestObject("Page_Town Square - TEAM NAME Mattermost/input_ESC_quickSwitchInput"), findTestData("Internal/Internal Name Channel Fail").getValue(1, rowNum)): Text 'Nhom3' is set on object 'Object Repository/Page_Town Square - TEAM NAME Mattermost/input_ESC_quickSwitchInput'

2021-05-30 02:53:28 - [MESSAGE][PASSED] - Text 'Nhom3' is set on object 'Object Repository/Page_Town Square - TEAM NAME Mattermost/input_ESC_quickSwitchInput'

2021-05-30 02:53:28 - [TEST_STEP][PASSED] - setText(findTestObject("Page_Town Square - TEAM NAME Mattermost/input_ESC_quickSwitchInput"), findTestData("Internal/Internal Name Channel Fail").getValue(1, rowNum)): Text 'Nhom4' is set on object 'Object Repository/Page_Town Square - TEAM NAME Mattermost/input_ESC_quickSwitchInput'

2021-05-30 02:53:28 - [MESSAGE][PASSED] - Text 'Nhom4' is set on object 'Object Repository/Page_Town Square - TEAM NAME Mattermost/input_ESC_quickSwitchInput'

2021-05-30 02:53:28 - [TEST_STEP][PASSED] - setText(findTestObject("Page_Town Square - TEAM NAME Mattermost/input_ESC_quickSwitchInput"), findTestData("Internal/Internal Name Channel Fail").getValue(1, rowNum)): Text 'Nhom5' is set on object 'Object Repository/Page_Town Square - TEAM NAME Mattermost/input_ESC_quickSwitchInput'

2021-05-30 02:53:29 - [MESSAGE][PASSED] - Text 'Nhom5' is set on object 'Object Repository/Page_Town Square - TEAM NAME Mattermost/input_ESC_quickSwitchInput'

2021-05-30 02:53:29 - [TEST_STEP][PASSED] - verifyTextPresent("Check the spelling or try another search", false): Text 'Check the spelling or try another search' is present on page 

2021-05-30 02:53:30 - [MESSAGE][PASSED] - Text 'Check the spelling or try another search' is present on page 

2021-05-30 02:53:30 - [TEST_STEP][PASSED] - closeBrowser(): Browser is closed

2021-05-30 02:53:31 - [MESSAGE][PASSED] - Browser is closed]]></system-out>
         <system-err><![CDATA[]]></system-err>
      </testcase>
      <testcase name="Test Cases/Internal Test Cases/FindChanelSuccess" time="11.422" classname="Test Cases/Internal Test Cases/FindChanelSuccess" status="PASSED">
         <system-out><![CDATA[2021-05-30 02:53:31 - [TEST_CASE][PASSED] - Test Cases/Internal Test Cases/FindChanelSuccess: Test Cases/Internal Test Cases/FindChanelSuccess

2021-05-30 02:53:31 - [TEST_STEP][PASSED] - callTestCase(findTestCase("Internal Test Cases/Successful Login"), ["Username":"", "Password":""], STOP_ON_FAILURE): Call Test Case 'Test Cases/Internal Test Cases/Successful Login' successfully

2021-05-30 02:53:31 - [TEST_CASE][PASSED] - Test Cases/Internal Test Cases/Successful Login: Test Cases/Internal Test Cases/Successful Login

2021-05-30 02:53:31 - [TEST_STEP][PASSED] - openBrowser(""): Browser is opened with url: ''

2021-05-30 02:53:31 - [MESSAGE][INFO] - Starting 'Chrome' driver

2021-05-30 02:53:31 - [MESSAGE][INFO] - Action delay is set to 0 milliseconds

2021-05-30 02:53:33 - [MESSAGE][PASSED] - Browser is opened with url: ''

2021-05-30 02:53:33 - [TEST_STEP][PASSED] - navigateToUrl("https://chudenangcao2021.cf/"): Navigate to 'https://chudenangcao2021.cf/' successfully

2021-05-30 02:53:33 - [MESSAGE][PASSED] - Navigate to 'https://chudenangcao2021.cf/' successfully

2021-05-30 02:53:33 - [TEST_STEP][PASSED] - setText(findTestObject("Object Repository/Page_Mattermost/input_All team communication in one place, _dcc84b"), findTestData("Internal/Internal Login Data").getValue(1, 1)): Text 'nguyenvanb' is set on object 'Object Repository/Page_Mattermost/input_All team communication in one place, _dcc84b'

2021-05-30 02:53:35 - [MESSAGE][PASSED] - Text 'nguyenvanb' is set on object 'Object Repository/Page_Mattermost/input_All team communication in one place, _dcc84b'

2021-05-30 02:53:35 - [TEST_STEP][PASSED] - setEncryptedText(findTestObject("Object Repository/Page_Mattermost/input_All team communication in one place, _a3edc6"), findTestData("Internal/Internal Login Data").getValue(2, 1)): Text ****** has been set on object 'Object Repository/Page_Mattermost/input_All team communication in one place, _a3edc6'

2021-05-30 02:53:35 - [MESSAGE][PASSED] - Text ****** has been set on object 'Object Repository/Page_Mattermost/input_All team communication in one place, _a3edc6'

2021-05-30 02:53:35 - [TEST_STEP][PASSED] - click(findTestObject("Object Repository/Page_Mattermost/button_Sign in")): Object: 'Object Repository/Page_Mattermost/button_Sign in' is clicked on

2021-05-30 02:53:36 - [MESSAGE][PASSED] - Object: 'Object Repository/Page_Mattermost/button_Sign in' is clicked on

2021-05-30 02:53:36 - [TEST_STEP][PASSED] - verifyLinksAccessible(["https://chudenangcao2021.cf/cdnc-cnpm-2021/channels"]): All links are accessible

2021-05-30 02:53:36 - [MESSAGE][INFO] - HAR: C:\Users\nttuan\Downloads\CDNC\mattermost-testing\Reports\20210530_023726\Run all test cases\20210530_023726\requests\main\45.har

2021-05-30 02:53:36 - [MESSAGE][PASSED] - Send request successfully

2021-05-30 02:53:36 - [MESSAGE][PASSED] - All links are accessible

2021-05-30 02:53:36 - [MESSAGE][PASSED] - Call Test Case 'Test Cases/Internal Test Cases/Successful Login' successfully

2021-05-30 02:53:36 - [TEST_STEP][PASSED] - click(findTestObject("Object Repository/Find chanel/Page_span_Town Square - Team 1 Mattermost/span_Find channel")): Object: 'Object Repository/Find chanel/Page_span_Town Square - Team 1 Mattermost/span_Find channel' is clicked on

2021-05-30 02:53:37 - [MESSAGE][PASSED] - Object: 'Object Repository/Find chanel/Page_span_Town Square - Team 1 Mattermost/span_Find channel' is clicked on

2021-05-30 02:53:37 - [TEST_STEP][PASSED] - for ([rowNum = 1, rowNum <= findTestData("Internal/Internal Name Channel").getRowNumbers(), (rowNum++)]): Text 'new channel' is set on object 'Object Repository/Find chanel/Page_span_Town Square - Team 1 Mattermost/input_ESC_quickSwitchInput'

2021-05-30 02:53:37 - [TEST_STEP][PASSED] - setText(findTestObject("Object Repository/Find chanel/Page_span_Town Square - Team 1 Mattermost/input_ESC_quickSwitchInput"), findTestData("Internal/Internal Name Channel").getValue(1, rowNum)): Text 'Channel1' is set on object 'Object Repository/Find chanel/Page_span_Town Square - Team 1 Mattermost/input_ESC_quickSwitchInput'

2021-05-30 02:53:38 - [MESSAGE][PASSED] - Text 'Channel1' is set on object 'Object Repository/Find chanel/Page_span_Town Square - Team 1 Mattermost/input_ESC_quickSwitchInput'

2021-05-30 02:53:38 - [TEST_STEP][PASSED] - setText(findTestObject("Object Repository/Find chanel/Page_span_Town Square - Team 1 Mattermost/input_ESC_quickSwitchInput"), findTestData("Internal/Internal Name Channel").getValue(1, rowNum)): Text 'Channel2' is set on object 'Object Repository/Find chanel/Page_span_Town Square - Team 1 Mattermost/input_ESC_quickSwitchInput'

2021-05-30 02:53:39 - [MESSAGE][PASSED] - Text 'Channel2' is set on object 'Object Repository/Find chanel/Page_span_Town Square - Team 1 Mattermost/input_ESC_quickSwitchInput'

2021-05-30 02:53:39 - [TEST_STEP][PASSED] - setText(findTestObject("Object Repository/Find chanel/Page_span_Town Square - Team 1 Mattermost/input_ESC_quickSwitchInput"), findTestData("Internal/Internal Name Channel").getValue(1, rowNum)): Text 'channel3' is set on object 'Object Repository/Find chanel/Page_span_Town Square - Team 1 Mattermost/input_ESC_quickSwitchInput'

2021-05-30 02:53:40 - [MESSAGE][PASSED] - Text 'channel3' is set on object 'Object Repository/Find chanel/Page_span_Town Square - Team 1 Mattermost/input_ESC_quickSwitchInput'

2021-05-30 02:53:40 - [TEST_STEP][PASSED] - setText(findTestObject("Object Repository/Find chanel/Page_span_Town Square - Team 1 Mattermost/input_ESC_quickSwitchInput"), findTestData("Internal/Internal Name Channel").getValue(1, rowNum)): Text 'channel4' is set on object 'Object Repository/Find chanel/Page_span_Town Square - Team 1 Mattermost/input_ESC_quickSwitchInput'

2021-05-30 02:53:41 - [MESSAGE][PASSED] - Text 'channel4' is set on object 'Object Repository/Find chanel/Page_span_Town Square - Team 1 Mattermost/input_ESC_quickSwitchInput'

2021-05-30 02:53:41 - [TEST_STEP][PASSED] - setText(findTestObject("Object Repository/Find chanel/Page_span_Town Square - Team 1 Mattermost/input_ESC_quickSwitchInput"), findTestData("Internal/Internal Name Channel").getValue(1, rowNum)): Text 'new channel' is set on object 'Object Repository/Find chanel/Page_span_Town Square - Team 1 Mattermost/input_ESC_quickSwitchInput'

2021-05-30 02:53:42 - [MESSAGE][PASSED] - Text 'new channel' is set on object 'Object Repository/Find chanel/Page_span_Town Square - Team 1 Mattermost/input_ESC_quickSwitchInput'

2021-05-30 02:53:42 - [TEST_STEP][PASSED] - closeBrowser(): Browser is closed

2021-05-30 02:53:42 - [MESSAGE][PASSED] - Browser is closed]]></system-out>
         <system-err><![CDATA[]]></system-err>
      </testcase>
      <testcase name="Test Cases/Internal Test Cases/RenameChannel" time="25.952" classname="Test Cases/Internal Test Cases/RenameChannel" status="PASSED">
         <system-out><![CDATA[2021-05-30 02:53:42 - [TEST_CASE][PASSED] - Test Cases/Internal Test Cases/RenameChannel: Test Cases/Internal Test Cases/RenameChannel

2021-05-30 02:53:43 - [TEST_STEP][PASSED] - callTestCase(findTestCase("Internal Test Cases/Successful Login"), ["Username":"", "Password":""], STOP_ON_FAILURE): Call Test Case 'Test Cases/Internal Test Cases/Successful Login' successfully

2021-05-30 02:53:43 - [TEST_CASE][PASSED] - Test Cases/Internal Test Cases/Successful Login: Test Cases/Internal Test Cases/Successful Login

2021-05-30 02:53:43 - [TEST_STEP][PASSED] - openBrowser(""): Browser is opened with url: ''

2021-05-30 02:53:43 - [MESSAGE][INFO] - Starting 'Chrome' driver

2021-05-30 02:53:43 - [MESSAGE][INFO] - Action delay is set to 0 milliseconds

2021-05-30 02:53:44 - [MESSAGE][PASSED] - Browser is opened with url: ''

2021-05-30 02:53:44 - [TEST_STEP][PASSED] - navigateToUrl("https://chudenangcao2021.cf/"): Navigate to 'https://chudenangcao2021.cf/' successfully

2021-05-30 02:53:45 - [MESSAGE][PASSED] - Navigate to 'https://chudenangcao2021.cf/' successfully

2021-05-30 02:53:45 - [TEST_STEP][PASSED] - setText(findTestObject("Object Repository/Page_Mattermost/input_All team communication in one place, _dcc84b"), findTestData("Internal/Internal Login Data").getValue(1, 1)): Text 'nguyenvanb' is set on object 'Object Repository/Page_Mattermost/input_All team communication in one place, _dcc84b'

2021-05-30 02:53:46 - [MESSAGE][PASSED] - Text 'nguyenvanb' is set on object 'Object Repository/Page_Mattermost/input_All team communication in one place, _dcc84b'

2021-05-30 02:53:46 - [TEST_STEP][PASSED] - setEncryptedText(findTestObject("Object Repository/Page_Mattermost/input_All team communication in one place, _a3edc6"), findTestData("Internal/Internal Login Data").getValue(2, 1)): Text ****** has been set on object 'Object Repository/Page_Mattermost/input_All team communication in one place, _a3edc6'

2021-05-30 02:53:47 - [MESSAGE][PASSED] - Text ****** has been set on object 'Object Repository/Page_Mattermost/input_All team communication in one place, _a3edc6'

2021-05-30 02:53:47 - [TEST_STEP][PASSED] - click(findTestObject("Object Repository/Page_Mattermost/button_Sign in")): Object: 'Object Repository/Page_Mattermost/button_Sign in' is clicked on

2021-05-30 02:53:47 - [MESSAGE][PASSED] - Object: 'Object Repository/Page_Mattermost/button_Sign in' is clicked on

2021-05-30 02:53:47 - [TEST_STEP][PASSED] - verifyLinksAccessible(["https://chudenangcao2021.cf/cdnc-cnpm-2021/channels"]): All links are accessible

2021-05-30 02:53:47 - [MESSAGE][INFO] - HAR: C:\Users\nttuan\Downloads\CDNC\mattermost-testing\Reports\20210530_023726\Run all test cases\20210530_023726\requests\main\46.har

2021-05-30 02:53:47 - [MESSAGE][PASSED] - Send request successfully

2021-05-30 02:53:47 - [MESSAGE][PASSED] - All links are accessible

2021-05-30 02:53:47 - [MESSAGE][PASSED] - Call Test Case 'Test Cases/Internal Test Cases/Successful Login' successfully

2021-05-30 02:53:47 - [TEST_STEP][PASSED] - for ([rowNum = 1, rowNum <= findTestData("Internal/Internal Rename").getRowNumbers(), (rowNum++)]): Object: 'Object Repository/Page_Town Square - TEAM NAME Mattermost/span_Save' is clicked on

2021-05-30 02:53:47 - [TEST_STEP][PASSED] - click(findTestObject("Object Repository/Page_Town Square - TEAM NAME Mattermost/span_Town Square")): Object: 'Object Repository/Page_Town Square - TEAM NAME Mattermost/span_Town Square' is clicked on

2021-05-30 02:53:49 - [MESSAGE][PASSED] - Object: 'Object Repository/Page_Town Square - TEAM NAME Mattermost/span_Town Square' is clicked on

2021-05-30 02:53:49 - [TEST_STEP][PASSED] - click(findTestObject("Object Repository/Page_Town Square - TEAM NAME Mattermost/span_Town Square_channelHeaderDropdownIcon")): Object: 'Object Repository/Page_Town Square - TEAM NAME Mattermost/span_Town Square_channelHeaderDropdownIcon' is clicked on

2021-05-30 02:53:49 - [MESSAGE][PASSED] - Object: 'Object Repository/Page_Town Square - TEAM NAME Mattermost/span_Town Square_channelHeaderDropdownIcon' is clicked on

2021-05-30 02:53:49 - [TEST_STEP][PASSED] - click(findTestObject("Object Repository/Page_Town Square - TEAM NAME Mattermost/span_Rename Channel")): Object: 'Object Repository/Page_Town Square - TEAM NAME Mattermost/span_Rename Channel' is clicked on

2021-05-30 02:53:50 - [MESSAGE][PASSED] - Object: 'Object Repository/Page_Town Square - TEAM NAME Mattermost/span_Rename Channel' is clicked on

2021-05-30 02:53:50 - [TEST_STEP][PASSED] - click(findTestObject("Object Repository/Page_Town Square - TEAM NAME Mattermost/div_CloseRename ChannelDisplay NameURL - Ca_afce32")): Object: 'Object Repository/Page_Town Square - TEAM NAME Mattermost/div_CloseRename ChannelDisplay NameURL - Ca_afce32' is clicked on

2021-05-30 02:53:51 - [MESSAGE][PASSED] - Object: 'Object Repository/Page_Town Square - TEAM NAME Mattermost/div_CloseRename ChannelDisplay NameURL - Ca_afce32' is clicked on

2021-05-30 02:53:51 - [TEST_STEP][PASSED] - setText(findTestObject("Object Repository/Page_Town Square - TEAM NAME Mattermost/input_Display Name_display_name"), findTestData("Internal/Internal Rename").getValue(1, rowNum)): Text 'YOGA CHANNEL' is set on object 'Object Repository/Page_Town Square - TEAM NAME Mattermost/input_Display Name_display_name'

2021-05-30 02:53:51 - [MESSAGE][PASSED] - Text 'YOGA CHANNEL' is set on object 'Object Repository/Page_Town Square - TEAM NAME Mattermost/input_Display Name_display_name'

2021-05-30 02:53:51 - [TEST_STEP][PASSED] - rightClick(findTestObject("Object Repository/Page_Town Square - TEAM NAME Mattermost/div_CloseRename ChannelDisplay NameURL - Ca_afce32")): Object: 'Object Repository/Page_Town Square - TEAM NAME Mattermost/div_CloseRename ChannelDisplay NameURL - Ca_afce32' is right clicked on

2021-05-30 02:53:52 - [MESSAGE][PASSED] - Object: 'Object Repository/Page_Town Square - TEAM NAME Mattermost/div_CloseRename ChannelDisplay NameURL - Ca_afce32' is right clicked on

2021-05-30 02:53:52 - [TEST_STEP][PASSED] - click(findTestObject("Object Repository/Page_Town Square - TEAM NAME Mattermost/span_Save")): Object: 'Object Repository/Page_Town Square - TEAM NAME Mattermost/span_Save' is clicked on

2021-05-30 02:53:52 - [MESSAGE][PASSED] - Object: 'Object Repository/Page_Town Square - TEAM NAME Mattermost/span_Save' is clicked on

2021-05-30 02:53:52 - [TEST_STEP][PASSED] - click(findTestObject("Object Repository/Page_Town Square - TEAM NAME Mattermost/span_Town Square")): Object: 'Object Repository/Page_Town Square - TEAM NAME Mattermost/span_Town Square' is clicked on

2021-05-30 02:53:53 - [MESSAGE][PASSED] - Object: 'Object Repository/Page_Town Square - TEAM NAME Mattermost/span_Town Square' is clicked on

2021-05-30 02:53:53 - [TEST_STEP][PASSED] - click(findTestObject("Object Repository/Page_Town Square - TEAM NAME Mattermost/span_Town Square_channelHeaderDropdownIcon")): Object: 'Object Repository/Page_Town Square - TEAM NAME Mattermost/span_Town Square_channelHeaderDropdownIcon' is clicked on

2021-05-30 02:53:53 - [MESSAGE][PASSED] - Object: 'Object Repository/Page_Town Square - TEAM NAME Mattermost/span_Town Square_channelHeaderDropdownIcon' is clicked on

2021-05-30 02:53:53 - [TEST_STEP][PASSED] - click(findTestObject("Object Repository/Page_Town Square - TEAM NAME Mattermost/span_Rename Channel")): Object: 'Object Repository/Page_Town Square - TEAM NAME Mattermost/span_Rename Channel' is clicked on

2021-05-30 02:53:54 - [MESSAGE][PASSED] - Object: 'Object Repository/Page_Town Square - TEAM NAME Mattermost/span_Rename Channel' is clicked on

2021-05-30 02:53:54 - [TEST_STEP][PASSED] - click(findTestObject("Object Repository/Page_Town Square - TEAM NAME Mattermost/div_CloseRename ChannelDisplay NameURL - Ca_afce32")): Object: 'Object Repository/Page_Town Square - TEAM NAME Mattermost/div_CloseRename ChannelDisplay NameURL - Ca_afce32' is clicked on

2021-05-30 02:53:55 - [MESSAGE][PASSED] - Object: 'Object Repository/Page_Town Square - TEAM NAME Mattermost/div_CloseRename ChannelDisplay NameURL - Ca_afce32' is clicked on

2021-05-30 02:53:55 - [TEST_STEP][PASSED] - setText(findTestObject("Object Repository/Page_Town Square - TEAM NAME Mattermost/input_Display Name_display_name"), findTestData("Internal/Internal Rename").getValue(1, rowNum)): Text 'COMPUTER CHANNEL' is set on object 'Object Repository/Page_Town Square - TEAM NAME Mattermost/input_Display Name_display_name'

2021-05-30 02:53:55 - [MESSAGE][PASSED] - Text 'COMPUTER CHANNEL' is set on object 'Object Repository/Page_Town Square - TEAM NAME Mattermost/input_Display Name_display_name'

2021-05-30 02:53:55 - [TEST_STEP][PASSED] - rightClick(findTestObject("Object Repository/Page_Town Square - TEAM NAME Mattermost/div_CloseRename ChannelDisplay NameURL - Ca_afce32")): Object: 'Object Repository/Page_Town Square - TEAM NAME Mattermost/div_CloseRename ChannelDisplay NameURL - Ca_afce32' is right clicked on

2021-05-30 02:53:56 - [MESSAGE][PASSED] - Object: 'Object Repository/Page_Town Square - TEAM NAME Mattermost/div_CloseRename ChannelDisplay NameURL - Ca_afce32' is right clicked on

2021-05-30 02:53:56 - [TEST_STEP][PASSED] - click(findTestObject("Object Repository/Page_Town Square - TEAM NAME Mattermost/span_Save")): Object: 'Object Repository/Page_Town Square - TEAM NAME Mattermost/span_Save' is clicked on

2021-05-30 02:53:56 - [MESSAGE][PASSED] - Object: 'Object Repository/Page_Town Square - TEAM NAME Mattermost/span_Save' is clicked on

2021-05-30 02:53:56 - [TEST_STEP][PASSED] - click(findTestObject("Object Repository/Page_Town Square - TEAM NAME Mattermost/span_Town Square")): Object: 'Object Repository/Page_Town Square - TEAM NAME Mattermost/span_Town Square' is clicked on

2021-05-30 02:53:57 - [MESSAGE][PASSED] - Object: 'Object Repository/Page_Town Square - TEAM NAME Mattermost/span_Town Square' is clicked on

2021-05-30 02:53:57 - [TEST_STEP][PASSED] - click(findTestObject("Object Repository/Page_Town Square - TEAM NAME Mattermost/span_Town Square_channelHeaderDropdownIcon")): Object: 'Object Repository/Page_Town Square - TEAM NAME Mattermost/span_Town Square_channelHeaderDropdownIcon' is clicked on

2021-05-30 02:53:57 - [MESSAGE][PASSED] - Object: 'Object Repository/Page_Town Square - TEAM NAME Mattermost/span_Town Square_channelHeaderDropdownIcon' is clicked on

2021-05-30 02:53:57 - [TEST_STEP][PASSED] - click(findTestObject("Object Repository/Page_Town Square - TEAM NAME Mattermost/span_Rename Channel")): Object: 'Object Repository/Page_Town Square - TEAM NAME Mattermost/span_Rename Channel' is clicked on

2021-05-30 02:53:58 - [MESSAGE][PASSED] - Object: 'Object Repository/Page_Town Square - TEAM NAME Mattermost/span_Rename Channel' is clicked on

2021-05-30 02:53:58 - [TEST_STEP][PASSED] - click(findTestObject("Object Repository/Page_Town Square - TEAM NAME Mattermost/div_CloseRename ChannelDisplay NameURL - Ca_afce32")): Object: 'Object Repository/Page_Town Square - TEAM NAME Mattermost/div_CloseRename ChannelDisplay NameURL - Ca_afce32' is clicked on

2021-05-30 02:53:58 - [MESSAGE][PASSED] - Object: 'Object Repository/Page_Town Square - TEAM NAME Mattermost/div_CloseRename ChannelDisplay NameURL - Ca_afce32' is clicked on

2021-05-30 02:53:58 - [TEST_STEP][PASSED] - setText(findTestObject("Object Repository/Page_Town Square - TEAM NAME Mattermost/input_Display Name_display_name"), findTestData("Internal/Internal Rename").getValue(1, rowNum)): Text 'KID CHANNEL' is set on object 'Object Repository/Page_Town Square - TEAM NAME Mattermost/input_Display Name_display_name'

2021-05-30 02:53:59 - [MESSAGE][PASSED] - Text 'KID CHANNEL' is set on object 'Object Repository/Page_Town Square - TEAM NAME Mattermost/input_Display Name_display_name'

2021-05-30 02:53:59 - [TEST_STEP][PASSED] - rightClick(findTestObject("Object Repository/Page_Town Square - TEAM NAME Mattermost/div_CloseRename ChannelDisplay NameURL - Ca_afce32")): Object: 'Object Repository/Page_Town Square - TEAM NAME Mattermost/div_CloseRename ChannelDisplay NameURL - Ca_afce32' is right clicked on

2021-05-30 02:53:59 - [MESSAGE][PASSED] - Object: 'Object Repository/Page_Town Square - TEAM NAME Mattermost/div_CloseRename ChannelDisplay NameURL - Ca_afce32' is right clicked on

2021-05-30 02:53:59 - [TEST_STEP][PASSED] - click(findTestObject("Object Repository/Page_Town Square - TEAM NAME Mattermost/span_Save")): Object: 'Object Repository/Page_Town Square - TEAM NAME Mattermost/span_Save' is clicked on

2021-05-30 02:54:00 - [MESSAGE][PASSED] - Object: 'Object Repository/Page_Town Square - TEAM NAME Mattermost/span_Save' is clicked on

2021-05-30 02:54:00 - [TEST_STEP][PASSED] - click(findTestObject("Object Repository/Page_Town Square - TEAM NAME Mattermost/span_Town Square")): Object: 'Object Repository/Page_Town Square - TEAM NAME Mattermost/span_Town Square' is clicked on

2021-05-30 02:54:01 - [MESSAGE][PASSED] - Object: 'Object Repository/Page_Town Square - TEAM NAME Mattermost/span_Town Square' is clicked on

2021-05-30 02:54:01 - [TEST_STEP][PASSED] - click(findTestObject("Object Repository/Page_Town Square - TEAM NAME Mattermost/span_Town Square_channelHeaderDropdownIcon")): Object: 'Object Repository/Page_Town Square - TEAM NAME Mattermost/span_Town Square_channelHeaderDropdownIcon' is clicked on

2021-05-30 02:54:01 - [MESSAGE][PASSED] - Object: 'Object Repository/Page_Town Square - TEAM NAME Mattermost/span_Town Square_channelHeaderDropdownIcon' is clicked on

2021-05-30 02:54:01 - [TEST_STEP][PASSED] - click(findTestObject("Object Repository/Page_Town Square - TEAM NAME Mattermost/span_Rename Channel")): Object: 'Object Repository/Page_Town Square - TEAM NAME Mattermost/span_Rename Channel' is clicked on

2021-05-30 02:54:02 - [MESSAGE][PASSED] - Object: 'Object Repository/Page_Town Square - TEAM NAME Mattermost/span_Rename Channel' is clicked on

2021-05-30 02:54:02 - [TEST_STEP][PASSED] - click(findTestObject("Object Repository/Page_Town Square - TEAM NAME Mattermost/div_CloseRename ChannelDisplay NameURL - Ca_afce32")): Object: 'Object Repository/Page_Town Square - TEAM NAME Mattermost/div_CloseRename ChannelDisplay NameURL - Ca_afce32' is clicked on

2021-05-30 02:54:02 - [MESSAGE][PASSED] - Object: 'Object Repository/Page_Town Square - TEAM NAME Mattermost/div_CloseRename ChannelDisplay NameURL - Ca_afce32' is clicked on

2021-05-30 02:54:02 - [TEST_STEP][PASSED] - setText(findTestObject("Object Repository/Page_Town Square - TEAM NAME Mattermost/input_Display Name_display_name"), findTestData("Internal/Internal Rename").getValue(1, rowNum)): Text 'TEST CHANNEL' is set on object 'Object Repository/Page_Town Square - TEAM NAME Mattermost/input_Display Name_display_name'

2021-05-30 02:54:03 - [MESSAGE][PASSED] - Text 'TEST CHANNEL' is set on object 'Object Repository/Page_Town Square - TEAM NAME Mattermost/input_Display Name_display_name'

2021-05-30 02:54:03 - [TEST_STEP][PASSED] - rightClick(findTestObject("Object Repository/Page_Town Square - TEAM NAME Mattermost/div_CloseRename ChannelDisplay NameURL - Ca_afce32")): Object: 'Object Repository/Page_Town Square - TEAM NAME Mattermost/div_CloseRename ChannelDisplay NameURL - Ca_afce32' is right clicked on

2021-05-30 02:54:03 - [MESSAGE][PASSED] - Object: 'Object Repository/Page_Town Square - TEAM NAME Mattermost/div_CloseRename ChannelDisplay NameURL - Ca_afce32' is right clicked on

2021-05-30 02:54:03 - [TEST_STEP][PASSED] - click(findTestObject("Object Repository/Page_Town Square - TEAM NAME Mattermost/span_Save")): Object: 'Object Repository/Page_Town Square - TEAM NAME Mattermost/span_Save' is clicked on

2021-05-30 02:54:04 - [MESSAGE][PASSED] - Object: 'Object Repository/Page_Town Square - TEAM NAME Mattermost/span_Save' is clicked on

2021-05-30 02:54:04 - [TEST_STEP][PASSED] - click(findTestObject("Object Repository/Page_Town Square - TEAM NAME Mattermost/span_Town Square")): Object: 'Object Repository/Page_Town Square - TEAM NAME Mattermost/span_Town Square' is clicked on

2021-05-30 02:54:05 - [MESSAGE][PASSED] - Object: 'Object Repository/Page_Town Square - TEAM NAME Mattermost/span_Town Square' is clicked on

2021-05-30 02:54:05 - [TEST_STEP][PASSED] - click(findTestObject("Object Repository/Page_Town Square - TEAM NAME Mattermost/span_Town Square_channelHeaderDropdownIcon")): Object: 'Object Repository/Page_Town Square - TEAM NAME Mattermost/span_Town Square_channelHeaderDropdownIcon' is clicked on

2021-05-30 02:54:05 - [MESSAGE][PASSED] - Object: 'Object Repository/Page_Town Square - TEAM NAME Mattermost/span_Town Square_channelHeaderDropdownIcon' is clicked on

2021-05-30 02:54:05 - [TEST_STEP][PASSED] - click(findTestObject("Object Repository/Page_Town Square - TEAM NAME Mattermost/span_Rename Channel")): Object: 'Object Repository/Page_Town Square - TEAM NAME Mattermost/span_Rename Channel' is clicked on

2021-05-30 02:54:06 - [MESSAGE][PASSED] - Object: 'Object Repository/Page_Town Square - TEAM NAME Mattermost/span_Rename Channel' is clicked on

2021-05-30 02:54:06 - [TEST_STEP][PASSED] - click(findTestObject("Object Repository/Page_Town Square - TEAM NAME Mattermost/div_CloseRename ChannelDisplay NameURL - Ca_afce32")): Object: 'Object Repository/Page_Town Square - TEAM NAME Mattermost/div_CloseRename ChannelDisplay NameURL - Ca_afce32' is clicked on

2021-05-30 02:54:06 - [MESSAGE][PASSED] - Object: 'Object Repository/Page_Town Square - TEAM NAME Mattermost/div_CloseRename ChannelDisplay NameURL - Ca_afce32' is clicked on

2021-05-30 02:54:06 - [TEST_STEP][PASSED] - setText(findTestObject("Object Repository/Page_Town Square - TEAM NAME Mattermost/input_Display Name_display_name"), findTestData("Internal/Internal Rename").getValue(1, rowNum)): Text 'span_Town Square' is set on object 'Object Repository/Page_Town Square - TEAM NAME Mattermost/input_Display Name_display_name'

2021-05-30 02:54:07 - [MESSAGE][PASSED] - Text 'span_Town Square' is set on object 'Object Repository/Page_Town Square - TEAM NAME Mattermost/input_Display Name_display_name'

2021-05-30 02:54:07 - [TEST_STEP][PASSED] - rightClick(findTestObject("Object Repository/Page_Town Square - TEAM NAME Mattermost/div_CloseRename ChannelDisplay NameURL - Ca_afce32")): Object: 'Object Repository/Page_Town Square - TEAM NAME Mattermost/div_CloseRename ChannelDisplay NameURL - Ca_afce32' is right clicked on

2021-05-30 02:54:07 - [MESSAGE][PASSED] - Object: 'Object Repository/Page_Town Square - TEAM NAME Mattermost/div_CloseRename ChannelDisplay NameURL - Ca_afce32' is right clicked on

2021-05-30 02:54:07 - [TEST_STEP][PASSED] - click(findTestObject("Object Repository/Page_Town Square - TEAM NAME Mattermost/span_Save")): Object: 'Object Repository/Page_Town Square - TEAM NAME Mattermost/span_Save' is clicked on

2021-05-30 02:54:08 - [MESSAGE][PASSED] - Object: 'Object Repository/Page_Town Square - TEAM NAME Mattermost/span_Save' is clicked on

2021-05-30 02:54:08 - [TEST_STEP][PASSED] - closeBrowser(): Browser is closed

2021-05-30 02:54:08 - [MESSAGE][PASSED] - Browser is closed]]></system-out>
         <system-err><![CDATA[]]></system-err>
      </testcase>
      <testcase name="Test Cases/Internal Test Cases/SearchInChannel" time="47.131" classname="Test Cases/Internal Test Cases/SearchInChannel" status="PASSED">
         <system-out><![CDATA[2021-05-30 02:54:08 - [TEST_CASE][PASSED] - Test Cases/Internal Test Cases/SearchInChannel: Test Cases/Internal Test Cases/SearchInChannel

2021-05-30 02:54:09 - [TEST_STEP][PASSED] - callTestCase(findTestCase("Internal Test Cases/Successful Login"), ["Username":"", "Password":""], STOP_ON_FAILURE): Call Test Case 'Test Cases/Internal Test Cases/Successful Login' successfully

2021-05-30 02:54:09 - [TEST_CASE][PASSED] - Test Cases/Internal Test Cases/Successful Login: Test Cases/Internal Test Cases/Successful Login

2021-05-30 02:54:09 - [TEST_STEP][PASSED] - openBrowser(""): Browser is opened with url: ''

2021-05-30 02:54:09 - [MESSAGE][INFO] - Starting 'Chrome' driver

2021-05-30 02:54:09 - [MESSAGE][INFO] - Action delay is set to 0 milliseconds

2021-05-30 02:54:10 - [MESSAGE][PASSED] - Browser is opened with url: ''

2021-05-30 02:54:10 - [TEST_STEP][PASSED] - navigateToUrl("https://chudenangcao2021.cf/"): Navigate to 'https://chudenangcao2021.cf/' successfully

2021-05-30 02:54:11 - [MESSAGE][PASSED] - Navigate to 'https://chudenangcao2021.cf/' successfully

2021-05-30 02:54:11 - [TEST_STEP][PASSED] - setText(findTestObject("Object Repository/Page_Mattermost/input_All team communication in one place, _dcc84b"), findTestData("Internal/Internal Login Data").getValue(1, 1)): Text 'nguyenvanb' is set on object 'Object Repository/Page_Mattermost/input_All team communication in one place, _dcc84b'

2021-05-30 02:54:12 - [MESSAGE][PASSED] - Text 'nguyenvanb' is set on object 'Object Repository/Page_Mattermost/input_All team communication in one place, _dcc84b'

2021-05-30 02:54:12 - [TEST_STEP][PASSED] - setEncryptedText(findTestObject("Object Repository/Page_Mattermost/input_All team communication in one place, _a3edc6"), findTestData("Internal/Internal Login Data").getValue(2, 1)): Text ****** has been set on object 'Object Repository/Page_Mattermost/input_All team communication in one place, _a3edc6'

2021-05-30 02:54:13 - [MESSAGE][PASSED] - Text ****** has been set on object 'Object Repository/Page_Mattermost/input_All team communication in one place, _a3edc6'

2021-05-30 02:54:13 - [TEST_STEP][PASSED] - click(findTestObject("Object Repository/Page_Mattermost/button_Sign in")): Object: 'Object Repository/Page_Mattermost/button_Sign in' is clicked on

2021-05-30 02:54:13 - [MESSAGE][PASSED] - Object: 'Object Repository/Page_Mattermost/button_Sign in' is clicked on

2021-05-30 02:54:13 - [TEST_STEP][PASSED] - verifyLinksAccessible(["https://chudenangcao2021.cf/cdnc-cnpm-2021/channels"]): All links are accessible

2021-05-30 02:54:13 - [MESSAGE][INFO] - HAR: C:\Users\nttuan\Downloads\CDNC\mattermost-testing\Reports\20210530_023726\Run all test cases\20210530_023726\requests\main\47.har

2021-05-30 02:54:13 - [MESSAGE][PASSED] - Send request successfully

2021-05-30 02:54:13 - [MESSAGE][PASSED] - All links are accessible

2021-05-30 02:54:13 - [MESSAGE][PASSED] - Call Test Case 'Test Cases/Internal Test Cases/Successful Login' successfully

2021-05-30 02:54:13 - [TEST_STEP][PASSED] - click(findTestObject("Object Repository/Page_Town Square - TEAM NAME Mattermost/span_Town Square")): Object: 'Object Repository/Page_Town Square - TEAM NAME Mattermost/span_Town Square' is clicked on

2021-05-30 02:54:15 - [MESSAGE][PASSED] - Object: 'Object Repository/Page_Town Square - TEAM NAME Mattermost/span_Town Square' is clicked on

2021-05-30 02:54:15 - [TEST_STEP][PASSED] - click(findTestObject("Object Repository/Page_Town Square - TEAM NAME Mattermost/svg")): Object: 'Object Repository/Page_Town Square - TEAM NAME Mattermost/svg' is clicked on

2021-05-30 02:54:46 - [MESSAGE][INFO] - Unable to find the element located by 'By.xpath: (.//*[normalize-space(text()) and normalize-space(.)='Town Square'])[3]/following::*[name()='svg'][1]'. Please recheck the objects properties to make sure the desired element is located. 

2021-05-30 02:54:46 - [MESSAGE][WARNING] - [SELF-HEALING] Failed to find element with id 'Object Repository/Page_Town Square - TEAM NAME Mattermost/svg'. Try using Self-healing.

2021-05-30 02:54:46 - [MESSAGE][WARNING] - [SELF-HEALING] The current locator of test object 'Object Repository/Page_Town Square - TEAM NAME Mattermost/svg' was broken. Propose an alternative one: '(.//*[normalize-space(text()) and normalize-space(.)='Drop a file to upload it.'])[1]/following::*[name()='svg'][1]'.

2021-05-30 02:54:46 - [MESSAGE][PASSED] - Object: 'Object Repository/Page_Town Square - TEAM NAME Mattermost/svg' is clicked on

2021-05-30 02:54:46 - [TEST_STEP][PASSED] - for ([rowNum = 1, rowNum <= findTestData("Internal/Internal Key For Search").getRowNumbers(), (rowNum++)]): Keys 'ENTER + ' sent to object: 'Object Repository/Page_Town Square - TEAM NAME Mattermost/input_Town Square_searchBox'

2021-05-30 02:54:46 - [TEST_STEP][PASSED] - setText(findTestObject("Object Repository/Page_Town Square - TEAM NAME Mattermost/input_Town Square_searchBox"), findTestData("Internal/Internal Key For Search").getValue(1, rowNum)): Text 'Hello' is set on object 'Object Repository/Page_Town Square - TEAM NAME Mattermost/input_Town Square_searchBox'

2021-05-30 02:54:47 - [MESSAGE][PASSED] - Text 'Hello' is set on object 'Object Repository/Page_Town Square - TEAM NAME Mattermost/input_Town Square_searchBox'

2021-05-30 02:54:47 - [TEST_STEP][PASSED] - sendKeys(findTestObject("Object Repository/Page_Town Square - TEAM NAME Mattermost/input_Town Square_searchBox"), Keys.chord(ENTER)): Keys 'ENTER + ' sent to object: 'Object Repository/Page_Town Square - TEAM NAME Mattermost/input_Town Square_searchBox'

2021-05-30 02:54:48 - [MESSAGE][PASSED] - Keys 'ENTER + ' sent to object: 'Object Repository/Page_Town Square - TEAM NAME Mattermost/input_Town Square_searchBox'

2021-05-30 02:54:48 - [TEST_STEP][PASSED] - setText(findTestObject("Object Repository/Page_Town Square - TEAM NAME Mattermost/input_Town Square_searchBox"), findTestData("Internal/Internal Key For Search").getValue(1, rowNum)): Text 'yo' is set on object 'Object Repository/Page_Town Square - TEAM NAME Mattermost/input_Town Square_searchBox'

2021-05-30 02:54:49 - [MESSAGE][PASSED] - Text 'yo' is set on object 'Object Repository/Page_Town Square - TEAM NAME Mattermost/input_Town Square_searchBox'

2021-05-30 02:54:49 - [TEST_STEP][PASSED] - sendKeys(findTestObject("Object Repository/Page_Town Square - TEAM NAME Mattermost/input_Town Square_searchBox"), Keys.chord(ENTER)): Keys 'ENTER + ' sent to object: 'Object Repository/Page_Town Square - TEAM NAME Mattermost/input_Town Square_searchBox'

2021-05-30 02:54:49 - [MESSAGE][PASSED] - Keys 'ENTER + ' sent to object: 'Object Repository/Page_Town Square - TEAM NAME Mattermost/input_Town Square_searchBox'

2021-05-30 02:54:49 - [TEST_STEP][PASSED] - setText(findTestObject("Object Repository/Page_Town Square - TEAM NAME Mattermost/input_Town Square_searchBox"), findTestData("Internal/Internal Key For Search").getValue(1, rowNum)): Text 'ghê' is set on object 'Object Repository/Page_Town Square - TEAM NAME Mattermost/input_Town Square_searchBox'

2021-05-30 02:54:50 - [MESSAGE][PASSED] - Text 'ghê' is set on object 'Object Repository/Page_Town Square - TEAM NAME Mattermost/input_Town Square_searchBox'

2021-05-30 02:54:50 - [TEST_STEP][PASSED] - sendKeys(findTestObject("Object Repository/Page_Town Square - TEAM NAME Mattermost/input_Town Square_searchBox"), Keys.chord(ENTER)): Keys 'ENTER + ' sent to object: 'Object Repository/Page_Town Square - TEAM NAME Mattermost/input_Town Square_searchBox'

2021-05-30 02:54:51 - [MESSAGE][PASSED] - Keys 'ENTER + ' sent to object: 'Object Repository/Page_Town Square - TEAM NAME Mattermost/input_Town Square_searchBox'

2021-05-30 02:54:51 - [TEST_STEP][PASSED] - setText(findTestObject("Object Repository/Page_Town Square - TEAM NAME Mattermost/input_Town Square_searchBox"), findTestData("Internal/Internal Key For Search").getValue(1, rowNum)): Text 'no' is set on object 'Object Repository/Page_Town Square - TEAM NAME Mattermost/input_Town Square_searchBox'

2021-05-30 02:54:52 - [MESSAGE][PASSED] - Text 'no' is set on object 'Object Repository/Page_Town Square - TEAM NAME Mattermost/input_Town Square_searchBox'

2021-05-30 02:54:52 - [TEST_STEP][PASSED] - sendKeys(findTestObject("Object Repository/Page_Town Square - TEAM NAME Mattermost/input_Town Square_searchBox"), Keys.chord(ENTER)): Keys 'ENTER + ' sent to object: 'Object Repository/Page_Town Square - TEAM NAME Mattermost/input_Town Square_searchBox'

2021-05-30 02:54:53 - [MESSAGE][PASSED] - Keys 'ENTER + ' sent to object: 'Object Repository/Page_Town Square - TEAM NAME Mattermost/input_Town Square_searchBox'

2021-05-30 02:54:53 - [TEST_STEP][PASSED] - setText(findTestObject("Object Repository/Page_Town Square - TEAM NAME Mattermost/input_Town Square_searchBox"), findTestData("Internal/Internal Key For Search").getValue(1, rowNum)): Text 'ok' is set on object 'Object Repository/Page_Town Square - TEAM NAME Mattermost/input_Town Square_searchBox'

2021-05-30 02:54:54 - [MESSAGE][PASSED] - Text 'ok' is set on object 'Object Repository/Page_Town Square - TEAM NAME Mattermost/input_Town Square_searchBox'

2021-05-30 02:54:54 - [TEST_STEP][PASSED] - sendKeys(findTestObject("Object Repository/Page_Town Square - TEAM NAME Mattermost/input_Town Square_searchBox"), Keys.chord(ENTER)): Keys 'ENTER + ' sent to object: 'Object Repository/Page_Town Square - TEAM NAME Mattermost/input_Town Square_searchBox'

2021-05-30 02:54:55 - [MESSAGE][PASSED] - Keys 'ENTER + ' sent to object: 'Object Repository/Page_Town Square - TEAM NAME Mattermost/input_Town Square_searchBox'

2021-05-30 02:54:55 - [TEST_STEP][PASSED] - closeBrowser(): Browser is closed

2021-05-30 02:54:56 - [MESSAGE][PASSED] - Browser is closed]]></system-out>
         <system-err><![CDATA[]]></system-err>
      </testcase>
      <testcase name="Test Cases/Internal Test Cases/Successful Login" time="4.297" classname="Test Cases/Internal Test Cases/Successful Login" status="PASSED">
         <system-out><![CDATA[2021-05-30 02:54:56 - [TEST_CASE][PASSED] - Test Cases/Internal Test Cases/Successful Login: Test Cases/Internal Test Cases/Successful Login

2021-05-30 02:54:56 - [TEST_STEP][PASSED] - openBrowser(""): Browser is opened with url: ''

2021-05-30 02:54:56 - [MESSAGE][INFO] - Starting 'Chrome' driver

2021-05-30 02:54:56 - [MESSAGE][INFO] - Action delay is set to 0 milliseconds

2021-05-30 02:54:57 - [MESSAGE][PASSED] - Browser is opened with url: ''

2021-05-30 02:54:57 - [TEST_STEP][PASSED] - navigateToUrl("https://chudenangcao2021.cf/"): Navigate to 'https://chudenangcao2021.cf/' successfully

2021-05-30 02:54:57 - [MESSAGE][PASSED] - Navigate to 'https://chudenangcao2021.cf/' successfully

2021-05-30 02:54:57 - [TEST_STEP][PASSED] - setText(findTestObject("Object Repository/Page_Mattermost/input_All team communication in one place, _dcc84b"), findTestData("Internal/Internal Login Data").getValue(1, 1)): Text 'nguyenvanb' is set on object 'Object Repository/Page_Mattermost/input_All team communication in one place, _dcc84b'

2021-05-30 02:54:59 - [MESSAGE][PASSED] - Text 'nguyenvanb' is set on object 'Object Repository/Page_Mattermost/input_All team communication in one place, _dcc84b'

2021-05-30 02:54:59 - [TEST_STEP][PASSED] - setEncryptedText(findTestObject("Object Repository/Page_Mattermost/input_All team communication in one place, _a3edc6"), findTestData("Internal/Internal Login Data").getValue(2, 1)): Text ****** has been set on object 'Object Repository/Page_Mattermost/input_All team communication in one place, _a3edc6'

2021-05-30 02:54:59 - [MESSAGE][PASSED] - Text ****** has been set on object 'Object Repository/Page_Mattermost/input_All team communication in one place, _a3edc6'

2021-05-30 02:54:59 - [TEST_STEP][PASSED] - click(findTestObject("Object Repository/Page_Mattermost/button_Sign in")): Object: 'Object Repository/Page_Mattermost/button_Sign in' is clicked on

2021-05-30 02:55:00 - [MESSAGE][PASSED] - Object: 'Object Repository/Page_Mattermost/button_Sign in' is clicked on

2021-05-30 02:55:00 - [TEST_STEP][PASSED] - verifyLinksAccessible(["https://chudenangcao2021.cf/cdnc-cnpm-2021/channels"]): All links are accessible

2021-05-30 02:55:00 - [MESSAGE][INFO] - HAR: C:\Users\nttuan\Downloads\CDNC\mattermost-testing\Reports\20210530_023726\Run all test cases\20210530_023726\requests\main\48.har

2021-05-30 02:55:00 - [MESSAGE][PASSED] - Send request successfully

2021-05-30 02:55:00 - [MESSAGE][PASSED] - All links are accessible]]></system-out>
         <system-err><![CDATA[]]></system-err>
      </testcase>
      <testcase name="Test Cases/Data CSV Test Case/ChangEmail" time="30.121" classname="Test Cases/Data CSV Test Case/ChangEmail" status="PASSED">
         <system-out><![CDATA[2021-05-30 02:55:00 - [TEST_CASE][PASSED] - Test Cases/Data CSV Test Case/ChangEmail: Test Cases/Data CSV Test Case/ChangEmail

2021-05-30 02:55:00 - [TEST_STEP][PASSED] - callTestCase(findTestCase("Internal Test Cases/Successful Login"), ["Username":"", "Password":""], STOP_ON_FAILURE): Call Test Case 'Test Cases/Internal Test Cases/Successful Login' successfully

2021-05-30 02:55:00 - [TEST_CASE][PASSED] - Test Cases/Internal Test Cases/Successful Login: Test Cases/Internal Test Cases/Successful Login

2021-05-30 02:55:00 - [TEST_STEP][PASSED] - openBrowser(""): Browser is opened with url: ''

2021-05-30 02:55:00 - [MESSAGE][WARNING] - A browser is already opened. Closing browser and opening a new one

2021-05-30 02:55:01 - [MESSAGE][INFO] - Starting 'Chrome' driver

2021-05-30 02:55:01 - [MESSAGE][INFO] - Action delay is set to 0 milliseconds

2021-05-30 02:55:02 - [MESSAGE][PASSED] - Browser is opened with url: ''

2021-05-30 02:55:02 - [TEST_STEP][PASSED] - navigateToUrl("https://chudenangcao2021.cf/"): Navigate to 'https://chudenangcao2021.cf/' successfully

2021-05-30 02:55:03 - [MESSAGE][PASSED] - Navigate to 'https://chudenangcao2021.cf/' successfully

2021-05-30 02:55:03 - [TEST_STEP][PASSED] - setText(findTestObject("Object Repository/Page_Mattermost/input_All team communication in one place, _dcc84b"), findTestData("Internal/Internal Login Data").getValue(1, 1)): Text 'nguyenvanb' is set on object 'Object Repository/Page_Mattermost/input_All team communication in one place, _dcc84b'

2021-05-30 02:55:04 - [MESSAGE][PASSED] - Text 'nguyenvanb' is set on object 'Object Repository/Page_Mattermost/input_All team communication in one place, _dcc84b'

2021-05-30 02:55:04 - [TEST_STEP][PASSED] - setEncryptedText(findTestObject("Object Repository/Page_Mattermost/input_All team communication in one place, _a3edc6"), findTestData("Internal/Internal Login Data").getValue(2, 1)): Text ****** has been set on object 'Object Repository/Page_Mattermost/input_All team communication in one place, _a3edc6'

2021-05-30 02:55:05 - [MESSAGE][PASSED] - Text ****** has been set on object 'Object Repository/Page_Mattermost/input_All team communication in one place, _a3edc6'

2021-05-30 02:55:05 - [TEST_STEP][PASSED] - click(findTestObject("Object Repository/Page_Mattermost/button_Sign in")): Object: 'Object Repository/Page_Mattermost/button_Sign in' is clicked on

2021-05-30 02:55:05 - [MESSAGE][PASSED] - Object: 'Object Repository/Page_Mattermost/button_Sign in' is clicked on

2021-05-30 02:55:05 - [TEST_STEP][PASSED] - verifyLinksAccessible(["https://chudenangcao2021.cf/cdnc-cnpm-2021/channels"]): All links are accessible

2021-05-30 02:55:05 - [MESSAGE][INFO] - HAR: C:\Users\nttuan\Downloads\CDNC\mattermost-testing\Reports\20210530_023726\Run all test cases\20210530_023726\requests\main\49.har

2021-05-30 02:55:05 - [MESSAGE][PASSED] - Send request successfully

2021-05-30 02:55:05 - [MESSAGE][PASSED] - All links are accessible

2021-05-30 02:55:05 - [MESSAGE][PASSED] - Call Test Case 'Test Cases/Internal Test Cases/Successful Login' successfully

2021-05-30 02:55:05 - [TEST_STEP][PASSED] - for ([rowNum = 1, rowNum <= findTestData("Data CSV/Email").getRowNumbers(), (rowNum++)]): Object: 'Object Repository/Change Email/Page_TEST CHANNEL - TEAM NAME Mattermost/span_' is clicked on

2021-05-30 02:55:05 - [TEST_STEP][PASSED] - click(findTestObject("Object Repository/Change Email/Page_TEST CHANNEL - TEAM NAME Mattermost/button_nguyenvanb_style--none sidebar-heade_3f663e")): Object: 'Object Repository/Change Email/Page_TEST CHANNEL - TEAM NAME Mattermost/button_nguyenvanb_style--none sidebar-heade_3f663e' is clicked on

2021-05-30 02:55:07 - [MESSAGE][PASSED] - Object: 'Object Repository/Change Email/Page_TEST CHANNEL - TEAM NAME Mattermost/button_nguyenvanb_style--none sidebar-heade_3f663e' is clicked on

2021-05-30 02:55:07 - [TEST_STEP][PASSED] - click(findTestObject("Object Repository/Change Email/Page_TEST CHANNEL - TEAM NAME Mattermost/button_Account Settings")): Object: 'Object Repository/Change Email/Page_TEST CHANNEL - TEAM NAME Mattermost/button_Account Settings' is clicked on

2021-05-30 02:55:07 - [MESSAGE][PASSED] - Object: 'Object Repository/Change Email/Page_TEST CHANNEL - TEAM NAME Mattermost/button_Account Settings' is clicked on

2021-05-30 02:55:07 - [TEST_STEP][PASSED] - click(findTestObject("Object Repository/Change Email/Page_TEST CHANNEL - TEAM NAME Mattermost/span_Edit")): Object: 'Object Repository/Change Email/Page_TEST CHANNEL - TEAM NAME Mattermost/span_Edit' is clicked on

2021-05-30 02:55:08 - [MESSAGE][PASSED] - Object: 'Object Repository/Change Email/Page_TEST CHANNEL - TEAM NAME Mattermost/span_Edit' is clicked on

2021-05-30 02:55:08 - [TEST_STEP][PASSED] - setText(findTestObject("Object Repository/Change Email/Page_TEST CHANNEL - TEAM NAME Mattermost/input_New Email_primaryEmail"), findTestData("Data CSV/Email").getValue(1, rowNum)): Text 'thanhtung@gmail.com' is set on object 'Object Repository/Change Email/Page_TEST CHANNEL - TEAM NAME Mattermost/input_New Email_primaryEmail'

2021-05-30 02:55:09 - [MESSAGE][PASSED] - Text 'thanhtung@gmail.com' is set on object 'Object Repository/Change Email/Page_TEST CHANNEL - TEAM NAME Mattermost/input_New Email_primaryEmail'

2021-05-30 02:55:09 - [TEST_STEP][PASSED] - setText(findTestObject("Object Repository/Change Email/Page_TEST CHANNEL - TEAM NAME Mattermost/input_Confirm Email_confirmEmail"), findTestData("Data CSV/Email").getValue(1, rowNum)): Text 'thanhtung@gmail.com' is set on object 'Object Repository/Change Email/Page_TEST CHANNEL - TEAM NAME Mattermost/input_Confirm Email_confirmEmail'

2021-05-30 02:55:09 - [MESSAGE][PASSED] - Text 'thanhtung@gmail.com' is set on object 'Object Repository/Change Email/Page_TEST CHANNEL - TEAM NAME Mattermost/input_Confirm Email_confirmEmail'

2021-05-30 02:55:09 - [TEST_STEP][PASSED] - setText(findTestObject("Object Repository/Change Email/Page_TEST CHANNEL - TEAM NAME Mattermost/input_Current Password_currentPassword"), "Tung@123456"): Text 'Tung@123456' is set on object 'Object Repository/Change Email/Page_TEST CHANNEL - TEAM NAME Mattermost/input_Current Password_currentPassword'

2021-05-30 02:55:10 - [MESSAGE][PASSED] - Text 'Tung@123456' is set on object 'Object Repository/Change Email/Page_TEST CHANNEL - TEAM NAME Mattermost/input_Current Password_currentPassword'

2021-05-30 02:55:10 - [TEST_STEP][PASSED] - click(findTestObject("Object Repository/Change Email/Page_TEST CHANNEL - TEAM NAME Mattermost/button_Save")): Object: 'Object Repository/Change Email/Page_TEST CHANNEL - TEAM NAME Mattermost/button_Save' is clicked on

2021-05-30 02:55:10 - [MESSAGE][PASSED] - Object: 'Object Repository/Change Email/Page_TEST CHANNEL - TEAM NAME Mattermost/button_Save' is clicked on

2021-05-30 02:55:10 - [TEST_STEP][PASSED] - click(findTestObject("Object Repository/Change Email/Page_TEST CHANNEL - TEAM NAME Mattermost/span_")): Object: 'Object Repository/Change Email/Page_TEST CHANNEL - TEAM NAME Mattermost/span_' is clicked on

2021-05-30 02:55:11 - [MESSAGE][PASSED] - Object: 'Object Repository/Change Email/Page_TEST CHANNEL - TEAM NAME Mattermost/span_' is clicked on

2021-05-30 02:55:11 - [TEST_STEP][PASSED] - click(findTestObject("Object Repository/Change Email/Page_TEST CHANNEL - TEAM NAME Mattermost/button_nguyenvanb_style--none sidebar-heade_3f663e")): Object: 'Object Repository/Change Email/Page_TEST CHANNEL - TEAM NAME Mattermost/button_nguyenvanb_style--none sidebar-heade_3f663e' is clicked on

2021-05-30 02:55:11 - [MESSAGE][PASSED] - Object: 'Object Repository/Change Email/Page_TEST CHANNEL - TEAM NAME Mattermost/button_nguyenvanb_style--none sidebar-heade_3f663e' is clicked on

2021-05-30 02:55:11 - [TEST_STEP][PASSED] - click(findTestObject("Object Repository/Change Email/Page_TEST CHANNEL - TEAM NAME Mattermost/button_Account Settings")): Object: 'Object Repository/Change Email/Page_TEST CHANNEL - TEAM NAME Mattermost/button_Account Settings' is clicked on

2021-05-30 02:55:12 - [MESSAGE][PASSED] - Object: 'Object Repository/Change Email/Page_TEST CHANNEL - TEAM NAME Mattermost/button_Account Settings' is clicked on

2021-05-30 02:55:12 - [TEST_STEP][PASSED] - click(findTestObject("Object Repository/Change Email/Page_TEST CHANNEL - TEAM NAME Mattermost/span_Edit")): Object: 'Object Repository/Change Email/Page_TEST CHANNEL - TEAM NAME Mattermost/span_Edit' is clicked on

2021-05-30 02:55:13 - [MESSAGE][PASSED] - Object: 'Object Repository/Change Email/Page_TEST CHANNEL - TEAM NAME Mattermost/span_Edit' is clicked on

2021-05-30 02:55:13 - [TEST_STEP][PASSED] - setText(findTestObject("Object Repository/Change Email/Page_TEST CHANNEL - TEAM NAME Mattermost/input_New Email_primaryEmail"), findTestData("Data CSV/Email").getValue(1, rowNum)): Text 'thotuan@gmail.com' is set on object 'Object Repository/Change Email/Page_TEST CHANNEL - TEAM NAME Mattermost/input_New Email_primaryEmail'

2021-05-30 02:55:13 - [MESSAGE][PASSED] - Text 'thotuan@gmail.com' is set on object 'Object Repository/Change Email/Page_TEST CHANNEL - TEAM NAME Mattermost/input_New Email_primaryEmail'

2021-05-30 02:55:13 - [TEST_STEP][PASSED] - setText(findTestObject("Object Repository/Change Email/Page_TEST CHANNEL - TEAM NAME Mattermost/input_Confirm Email_confirmEmail"), findTestData("Data CSV/Email").getValue(1, rowNum)): Text 'thotuan@gmail.com' is set on object 'Object Repository/Change Email/Page_TEST CHANNEL - TEAM NAME Mattermost/input_Confirm Email_confirmEmail'

2021-05-30 02:55:14 - [MESSAGE][PASSED] - Text 'thotuan@gmail.com' is set on object 'Object Repository/Change Email/Page_TEST CHANNEL - TEAM NAME Mattermost/input_Confirm Email_confirmEmail'

2021-05-30 02:55:14 - [TEST_STEP][PASSED] - setText(findTestObject("Object Repository/Change Email/Page_TEST CHANNEL - TEAM NAME Mattermost/input_Current Password_currentPassword"), "Tung@123456"): Text 'Tung@123456' is set on object 'Object Repository/Change Email/Page_TEST CHANNEL - TEAM NAME Mattermost/input_Current Password_currentPassword'

2021-05-30 02:55:15 - [MESSAGE][PASSED] - Text 'Tung@123456' is set on object 'Object Repository/Change Email/Page_TEST CHANNEL - TEAM NAME Mattermost/input_Current Password_currentPassword'

2021-05-30 02:55:15 - [TEST_STEP][PASSED] - click(findTestObject("Object Repository/Change Email/Page_TEST CHANNEL - TEAM NAME Mattermost/button_Save")): Object: 'Object Repository/Change Email/Page_TEST CHANNEL - TEAM NAME Mattermost/button_Save' is clicked on

2021-05-30 02:55:15 - [MESSAGE][PASSED] - Object: 'Object Repository/Change Email/Page_TEST CHANNEL - TEAM NAME Mattermost/button_Save' is clicked on

2021-05-30 02:55:15 - [TEST_STEP][PASSED] - click(findTestObject("Object Repository/Change Email/Page_TEST CHANNEL - TEAM NAME Mattermost/span_")): Object: 'Object Repository/Change Email/Page_TEST CHANNEL - TEAM NAME Mattermost/span_' is clicked on

2021-05-30 02:55:16 - [MESSAGE][PASSED] - Object: 'Object Repository/Change Email/Page_TEST CHANNEL - TEAM NAME Mattermost/span_' is clicked on

2021-05-30 02:55:16 - [TEST_STEP][PASSED] - click(findTestObject("Object Repository/Change Email/Page_TEST CHANNEL - TEAM NAME Mattermost/button_nguyenvanb_style--none sidebar-heade_3f663e")): Object: 'Object Repository/Change Email/Page_TEST CHANNEL - TEAM NAME Mattermost/button_nguyenvanb_style--none sidebar-heade_3f663e' is clicked on

2021-05-30 02:55:16 - [MESSAGE][PASSED] - Object: 'Object Repository/Change Email/Page_TEST CHANNEL - TEAM NAME Mattermost/button_nguyenvanb_style--none sidebar-heade_3f663e' is clicked on

2021-05-30 02:55:16 - [TEST_STEP][PASSED] - click(findTestObject("Object Repository/Change Email/Page_TEST CHANNEL - TEAM NAME Mattermost/button_Account Settings")): Object: 'Object Repository/Change Email/Page_TEST CHANNEL - TEAM NAME Mattermost/button_Account Settings' is clicked on

2021-05-30 02:55:17 - [MESSAGE][PASSED] - Object: 'Object Repository/Change Email/Page_TEST CHANNEL - TEAM NAME Mattermost/button_Account Settings' is clicked on

2021-05-30 02:55:17 - [TEST_STEP][PASSED] - click(findTestObject("Object Repository/Change Email/Page_TEST CHANNEL - TEAM NAME Mattermost/span_Edit")): Object: 'Object Repository/Change Email/Page_TEST CHANNEL - TEAM NAME Mattermost/span_Edit' is clicked on

2021-05-30 02:55:17 - [MESSAGE][PASSED] - Object: 'Object Repository/Change Email/Page_TEST CHANNEL - TEAM NAME Mattermost/span_Edit' is clicked on

2021-05-30 02:55:17 - [TEST_STEP][PASSED] - setText(findTestObject("Object Repository/Change Email/Page_TEST CHANNEL - TEAM NAME Mattermost/input_New Email_primaryEmail"), findTestData("Data CSV/Email").getValue(1, rowNum)): Text 'xuantuan@gmail.com' is set on object 'Object Repository/Change Email/Page_TEST CHANNEL - TEAM NAME Mattermost/input_New Email_primaryEmail'

2021-05-30 02:55:18 - [MESSAGE][PASSED] - Text 'xuantuan@gmail.com' is set on object 'Object Repository/Change Email/Page_TEST CHANNEL - TEAM NAME Mattermost/input_New Email_primaryEmail'

2021-05-30 02:55:18 - [TEST_STEP][PASSED] - setText(findTestObject("Object Repository/Change Email/Page_TEST CHANNEL - TEAM NAME Mattermost/input_Confirm Email_confirmEmail"), findTestData("Data CSV/Email").getValue(1, rowNum)): Text 'xuantuan@gmail.com' is set on object 'Object Repository/Change Email/Page_TEST CHANNEL - TEAM NAME Mattermost/input_Confirm Email_confirmEmail'

2021-05-30 02:55:18 - [MESSAGE][PASSED] - Text 'xuantuan@gmail.com' is set on object 'Object Repository/Change Email/Page_TEST CHANNEL - TEAM NAME Mattermost/input_Confirm Email_confirmEmail'

2021-05-30 02:55:18 - [TEST_STEP][PASSED] - setText(findTestObject("Object Repository/Change Email/Page_TEST CHANNEL - TEAM NAME Mattermost/input_Current Password_currentPassword"), "Tung@123456"): Text 'Tung@123456' is set on object 'Object Repository/Change Email/Page_TEST CHANNEL - TEAM NAME Mattermost/input_Current Password_currentPassword'

2021-05-30 02:55:19 - [MESSAGE][PASSED] - Text 'Tung@123456' is set on object 'Object Repository/Change Email/Page_TEST CHANNEL - TEAM NAME Mattermost/input_Current Password_currentPassword'

2021-05-30 02:55:19 - [TEST_STEP][PASSED] - click(findTestObject("Object Repository/Change Email/Page_TEST CHANNEL - TEAM NAME Mattermost/button_Save")): Object: 'Object Repository/Change Email/Page_TEST CHANNEL - TEAM NAME Mattermost/button_Save' is clicked on

2021-05-30 02:55:19 - [MESSAGE][PASSED] - Object: 'Object Repository/Change Email/Page_TEST CHANNEL - TEAM NAME Mattermost/button_Save' is clicked on

2021-05-30 02:55:19 - [TEST_STEP][PASSED] - click(findTestObject("Object Repository/Change Email/Page_TEST CHANNEL - TEAM NAME Mattermost/span_")): Object: 'Object Repository/Change Email/Page_TEST CHANNEL - TEAM NAME Mattermost/span_' is clicked on

2021-05-30 02:55:20 - [MESSAGE][PASSED] - Object: 'Object Repository/Change Email/Page_TEST CHANNEL - TEAM NAME Mattermost/span_' is clicked on

2021-05-30 02:55:20 - [TEST_STEP][PASSED] - click(findTestObject("Object Repository/Change Email/Page_TEST CHANNEL - TEAM NAME Mattermost/button_nguyenvanb_style--none sidebar-heade_3f663e")): Object: 'Object Repository/Change Email/Page_TEST CHANNEL - TEAM NAME Mattermost/button_nguyenvanb_style--none sidebar-heade_3f663e' is clicked on

2021-05-30 02:55:21 - [MESSAGE][PASSED] - Object: 'Object Repository/Change Email/Page_TEST CHANNEL - TEAM NAME Mattermost/button_nguyenvanb_style--none sidebar-heade_3f663e' is clicked on

2021-05-30 02:55:21 - [TEST_STEP][PASSED] - click(findTestObject("Object Repository/Change Email/Page_TEST CHANNEL - TEAM NAME Mattermost/button_Account Settings")): Object: 'Object Repository/Change Email/Page_TEST CHANNEL - TEAM NAME Mattermost/button_Account Settings' is clicked on

2021-05-30 02:55:21 - [MESSAGE][PASSED] - Object: 'Object Repository/Change Email/Page_TEST CHANNEL - TEAM NAME Mattermost/button_Account Settings' is clicked on

2021-05-30 02:55:21 - [TEST_STEP][PASSED] - click(findTestObject("Object Repository/Change Email/Page_TEST CHANNEL - TEAM NAME Mattermost/span_Edit")): Object: 'Object Repository/Change Email/Page_TEST CHANNEL - TEAM NAME Mattermost/span_Edit' is clicked on

2021-05-30 02:55:22 - [MESSAGE][PASSED] - Object: 'Object Repository/Change Email/Page_TEST CHANNEL - TEAM NAME Mattermost/span_Edit' is clicked on

2021-05-30 02:55:22 - [TEST_STEP][PASSED] - setText(findTestObject("Object Repository/Change Email/Page_TEST CHANNEL - TEAM NAME Mattermost/input_New Email_primaryEmail"), findTestData("Data CSV/Email").getValue(1, rowNum)): Text 'minhvu@gmail.com' is set on object 'Object Repository/Change Email/Page_TEST CHANNEL - TEAM NAME Mattermost/input_New Email_primaryEmail'

2021-05-30 02:55:22 - [MESSAGE][PASSED] - Text 'minhvu@gmail.com' is set on object 'Object Repository/Change Email/Page_TEST CHANNEL - TEAM NAME Mattermost/input_New Email_primaryEmail'

2021-05-30 02:55:22 - [TEST_STEP][PASSED] - setText(findTestObject("Object Repository/Change Email/Page_TEST CHANNEL - TEAM NAME Mattermost/input_Confirm Email_confirmEmail"), findTestData("Data CSV/Email").getValue(1, rowNum)): Text 'minhvu@gmail.com' is set on object 'Object Repository/Change Email/Page_TEST CHANNEL - TEAM NAME Mattermost/input_Confirm Email_confirmEmail'

2021-05-30 02:55:23 - [MESSAGE][PASSED] - Text 'minhvu@gmail.com' is set on object 'Object Repository/Change Email/Page_TEST CHANNEL - TEAM NAME Mattermost/input_Confirm Email_confirmEmail'

2021-05-30 02:55:23 - [TEST_STEP][PASSED] - setText(findTestObject("Object Repository/Change Email/Page_TEST CHANNEL - TEAM NAME Mattermost/input_Current Password_currentPassword"), "Tung@123456"): Text 'Tung@123456' is set on object 'Object Repository/Change Email/Page_TEST CHANNEL - TEAM NAME Mattermost/input_Current Password_currentPassword'

2021-05-30 02:55:24 - [MESSAGE][PASSED] - Text 'Tung@123456' is set on object 'Object Repository/Change Email/Page_TEST CHANNEL - TEAM NAME Mattermost/input_Current Password_currentPassword'

2021-05-30 02:55:24 - [TEST_STEP][PASSED] - click(findTestObject("Object Repository/Change Email/Page_TEST CHANNEL - TEAM NAME Mattermost/button_Save")): Object: 'Object Repository/Change Email/Page_TEST CHANNEL - TEAM NAME Mattermost/button_Save' is clicked on

2021-05-30 02:55:24 - [MESSAGE][PASSED] - Object: 'Object Repository/Change Email/Page_TEST CHANNEL - TEAM NAME Mattermost/button_Save' is clicked on

2021-05-30 02:55:24 - [TEST_STEP][PASSED] - click(findTestObject("Object Repository/Change Email/Page_TEST CHANNEL - TEAM NAME Mattermost/span_")): Object: 'Object Repository/Change Email/Page_TEST CHANNEL - TEAM NAME Mattermost/span_' is clicked on

2021-05-30 02:55:25 - [MESSAGE][PASSED] - Object: 'Object Repository/Change Email/Page_TEST CHANNEL - TEAM NAME Mattermost/span_' is clicked on

2021-05-30 02:55:25 - [TEST_STEP][PASSED] - click(findTestObject("Object Repository/Change Email/Page_TEST CHANNEL - TEAM NAME Mattermost/button_nguyenvanb_style--none sidebar-heade_3f663e")): Object: 'Object Repository/Change Email/Page_TEST CHANNEL - TEAM NAME Mattermost/button_nguyenvanb_style--none sidebar-heade_3f663e' is clicked on

2021-05-30 02:55:25 - [MESSAGE][PASSED] - Object: 'Object Repository/Change Email/Page_TEST CHANNEL - TEAM NAME Mattermost/button_nguyenvanb_style--none sidebar-heade_3f663e' is clicked on

2021-05-30 02:55:25 - [TEST_STEP][PASSED] - click(findTestObject("Object Repository/Change Email/Page_TEST CHANNEL - TEAM NAME Mattermost/button_Account Settings")): Object: 'Object Repository/Change Email/Page_TEST CHANNEL - TEAM NAME Mattermost/button_Account Settings' is clicked on

2021-05-30 02:55:26 - [MESSAGE][PASSED] - Object: 'Object Repository/Change Email/Page_TEST CHANNEL - TEAM NAME Mattermost/button_Account Settings' is clicked on

2021-05-30 02:55:26 - [TEST_STEP][PASSED] - click(findTestObject("Object Repository/Change Email/Page_TEST CHANNEL - TEAM NAME Mattermost/span_Edit")): Object: 'Object Repository/Change Email/Page_TEST CHANNEL - TEAM NAME Mattermost/span_Edit' is clicked on

2021-05-30 02:55:26 - [MESSAGE][PASSED] - Object: 'Object Repository/Change Email/Page_TEST CHANNEL - TEAM NAME Mattermost/span_Edit' is clicked on

2021-05-30 02:55:26 - [TEST_STEP][PASSED] - setText(findTestObject("Object Repository/Change Email/Page_TEST CHANNEL - TEAM NAME Mattermost/input_New Email_primaryEmail"), findTestData("Data CSV/Email").getValue(1, rowNum)): Text 'chudenangcao@gmail.com' is set on object 'Object Repository/Change Email/Page_TEST CHANNEL - TEAM NAME Mattermost/input_New Email_primaryEmail'

2021-05-30 02:55:27 - [MESSAGE][PASSED] - Text 'chudenangcao@gmail.com' is set on object 'Object Repository/Change Email/Page_TEST CHANNEL - TEAM NAME Mattermost/input_New Email_primaryEmail'

2021-05-30 02:55:27 - [TEST_STEP][PASSED] - setText(findTestObject("Object Repository/Change Email/Page_TEST CHANNEL - TEAM NAME Mattermost/input_Confirm Email_confirmEmail"), findTestData("Data CSV/Email").getValue(1, rowNum)): Text 'chudenangcao@gmail.com' is set on object 'Object Repository/Change Email/Page_TEST CHANNEL - TEAM NAME Mattermost/input_Confirm Email_confirmEmail'

2021-05-30 02:55:28 - [MESSAGE][PASSED] - Text 'chudenangcao@gmail.com' is set on object 'Object Repository/Change Email/Page_TEST CHANNEL - TEAM NAME Mattermost/input_Confirm Email_confirmEmail'

2021-05-30 02:55:28 - [TEST_STEP][PASSED] - setText(findTestObject("Object Repository/Change Email/Page_TEST CHANNEL - TEAM NAME Mattermost/input_Current Password_currentPassword"), "Tung@123456"): Text 'Tung@123456' is set on object 'Object Repository/Change Email/Page_TEST CHANNEL - TEAM NAME Mattermost/input_Current Password_currentPassword'

2021-05-30 02:55:28 - [MESSAGE][PASSED] - Text 'Tung@123456' is set on object 'Object Repository/Change Email/Page_TEST CHANNEL - TEAM NAME Mattermost/input_Current Password_currentPassword'

2021-05-30 02:55:28 - [TEST_STEP][PASSED] - click(findTestObject("Object Repository/Change Email/Page_TEST CHANNEL - TEAM NAME Mattermost/button_Save")): Object: 'Object Repository/Change Email/Page_TEST CHANNEL - TEAM NAME Mattermost/button_Save' is clicked on

2021-05-30 02:55:29 - [MESSAGE][PASSED] - Object: 'Object Repository/Change Email/Page_TEST CHANNEL - TEAM NAME Mattermost/button_Save' is clicked on

2021-05-30 02:55:29 - [TEST_STEP][PASSED] - click(findTestObject("Object Repository/Change Email/Page_TEST CHANNEL - TEAM NAME Mattermost/span_")): Object: 'Object Repository/Change Email/Page_TEST CHANNEL - TEAM NAME Mattermost/span_' is clicked on

2021-05-30 02:55:29 - [MESSAGE][PASSED] - Object: 'Object Repository/Change Email/Page_TEST CHANNEL - TEAM NAME Mattermost/span_' is clicked on

2021-05-30 02:55:29 - [TEST_STEP][PASSED] - closeBrowser(): Browser is closed

2021-05-30 02:55:30 - [MESSAGE][PASSED] - Browser is closed]]></system-out>
         <system-err><![CDATA[]]></system-err>
      </testcase>
      <testcase name="Test Cases/Data CSV Test Case/LoginWrongEmail" time="15.427" classname="Test Cases/Data CSV Test Case/LoginWrongEmail" status="PASSED">
         <system-out><![CDATA[2021-05-30 02:55:30 - [TEST_CASE][PASSED] - Test Cases/Data CSV Test Case/LoginWrongEmail: Test Cases/Data CSV Test Case/LoginWrongEmail

2021-05-30 02:55:30 - [TEST_STEP][PASSED] - openBrowser(""): Browser is opened with url: ''

2021-05-30 02:55:30 - [MESSAGE][INFO] - Starting 'Chrome' driver

2021-05-30 02:55:30 - [MESSAGE][INFO] - Action delay is set to 0 milliseconds

2021-05-30 02:55:31 - [MESSAGE][PASSED] - Browser is opened with url: ''

2021-05-30 02:55:31 - [TEST_STEP][PASSED] - navigateToUrl("https://chudenangcao2021.cf/"): Navigate to 'https://chudenangcao2021.cf/' successfully

2021-05-30 02:55:32 - [MESSAGE][PASSED] - Navigate to 'https://chudenangcao2021.cf/' successfully

2021-05-30 02:55:32 - [TEST_STEP][PASSED] - for ([rowNum = 1, rowNum <= findTestData("Data CSV/Wrong Email").getRowNumbers(), (rowNum++)]): Object 'Object Repository/Wrong Password/Page_Mattermost/label_Enter a valid email or username andor_ef8acb' is present

2021-05-30 02:55:32 - [TEST_STEP][PASSED] - setText(findTestObject("Object Repository/Wrong Password/Page_Mattermost/input_All team communication in one place, _dcc84b"), findTestData("Data CSV/Wrong Email").getValue(1, rowNum)): Text 'thanhtung@gmail.com' is set on object 'Object Repository/Wrong Password/Page_Mattermost/input_All team communication in one place, _dcc84b'

2021-05-30 02:55:34 - [MESSAGE][PASSED] - Text 'thanhtung@gmail.com' is set on object 'Object Repository/Wrong Password/Page_Mattermost/input_All team communication in one place, _dcc84b'

2021-05-30 02:55:34 - [TEST_STEP][PASSED] - setText(findTestObject("Object Repository/Wrong Password/Page_Mattermost/input_All team communication in one place, _a3edc6"), "Tung@123456"): Text 'Tung@123456' is set on object 'Object Repository/Wrong Password/Page_Mattermost/input_All team communication in one place, _a3edc6'

2021-05-30 02:55:34 - [MESSAGE][PASSED] - Text 'Tung@123456' is set on object 'Object Repository/Wrong Password/Page_Mattermost/input_All team communication in one place, _a3edc6'

2021-05-30 02:55:34 - [TEST_STEP][PASSED] - click(findTestObject("Object Repository/Wrong Password/Page_Mattermost/button_Sign in")): Object: 'Object Repository/Wrong Password/Page_Mattermost/button_Sign in' is clicked on

2021-05-30 02:55:35 - [MESSAGE][PASSED] - Object: 'Object Repository/Wrong Password/Page_Mattermost/button_Sign in' is clicked on

2021-05-30 02:55:35 - [TEST_STEP][PASSED] - verifyElementPresent(findTestObject("Object Repository/Wrong Password/Page_Mattermost/label_Enter a valid email or username andor_ef8acb"), 0): Object 'Object Repository/Wrong Password/Page_Mattermost/label_Enter a valid email or username andor_ef8acb' is present

2021-05-30 02:55:35 - [MESSAGE][WARNING] - Timeout '0' is invalid. Using default page load timeout: '30'

2021-05-30 02:55:35 - [MESSAGE][PASSED] - Object 'Object Repository/Wrong Password/Page_Mattermost/label_Enter a valid email or username andor_ef8acb' is present

2021-05-30 02:55:35 - [TEST_STEP][PASSED] - setText(findTestObject("Object Repository/Wrong Password/Page_Mattermost/input_All team communication in one place, _dcc84b"), findTestData("Data CSV/Wrong Email").getValue(1, rowNum)): Text 'thotuan@gmail.com' is set on object 'Object Repository/Wrong Password/Page_Mattermost/input_All team communication in one place, _dcc84b'

2021-05-30 02:55:36 - [MESSAGE][PASSED] - Text 'thotuan@gmail.com' is set on object 'Object Repository/Wrong Password/Page_Mattermost/input_All team communication in one place, _dcc84b'

2021-05-30 02:55:36 - [TEST_STEP][PASSED] - setText(findTestObject("Object Repository/Wrong Password/Page_Mattermost/input_All team communication in one place, _a3edc6"), "Tung@123456"): Text 'Tung@123456' is set on object 'Object Repository/Wrong Password/Page_Mattermost/input_All team communication in one place, _a3edc6'

2021-05-30 02:55:37 - [MESSAGE][PASSED] - Text 'Tung@123456' is set on object 'Object Repository/Wrong Password/Page_Mattermost/input_All team communication in one place, _a3edc6'

2021-05-30 02:55:37 - [TEST_STEP][PASSED] - click(findTestObject("Object Repository/Wrong Password/Page_Mattermost/button_Sign in")): Object: 'Object Repository/Wrong Password/Page_Mattermost/button_Sign in' is clicked on

2021-05-30 02:55:37 - [MESSAGE][PASSED] - Object: 'Object Repository/Wrong Password/Page_Mattermost/button_Sign in' is clicked on

2021-05-30 02:55:37 - [TEST_STEP][PASSED] - verifyElementPresent(findTestObject("Object Repository/Wrong Password/Page_Mattermost/label_Enter a valid email or username andor_ef8acb"), 0): Object 'Object Repository/Wrong Password/Page_Mattermost/label_Enter a valid email or username andor_ef8acb' is present

2021-05-30 02:55:37 - [MESSAGE][WARNING] - Timeout '0' is invalid. Using default page load timeout: '30'

2021-05-30 02:55:38 - [MESSAGE][PASSED] - Object 'Object Repository/Wrong Password/Page_Mattermost/label_Enter a valid email or username andor_ef8acb' is present

2021-05-30 02:55:38 - [TEST_STEP][PASSED] - setText(findTestObject("Object Repository/Wrong Password/Page_Mattermost/input_All team communication in one place, _dcc84b"), findTestData("Data CSV/Wrong Email").getValue(1, rowNum)): Text 'xuantuan@gmail.com' is set on object 'Object Repository/Wrong Password/Page_Mattermost/input_All team communication in one place, _dcc84b'

2021-05-30 02:55:38 - [MESSAGE][PASSED] - Text 'xuantuan@gmail.com' is set on object 'Object Repository/Wrong Password/Page_Mattermost/input_All team communication in one place, _dcc84b'

2021-05-30 02:55:38 - [TEST_STEP][PASSED] - setText(findTestObject("Object Repository/Wrong Password/Page_Mattermost/input_All team communication in one place, _a3edc6"), "Tung@123456"): Text 'Tung@123456' is set on object 'Object Repository/Wrong Password/Page_Mattermost/input_All team communication in one place, _a3edc6'

2021-05-30 02:55:39 - [MESSAGE][PASSED] - Text 'Tung@123456' is set on object 'Object Repository/Wrong Password/Page_Mattermost/input_All team communication in one place, _a3edc6'

2021-05-30 02:55:39 - [TEST_STEP][PASSED] - click(findTestObject("Object Repository/Wrong Password/Page_Mattermost/button_Sign in")): Object: 'Object Repository/Wrong Password/Page_Mattermost/button_Sign in' is clicked on

2021-05-30 02:55:40 - [MESSAGE][PASSED] - Object: 'Object Repository/Wrong Password/Page_Mattermost/button_Sign in' is clicked on

2021-05-30 02:55:40 - [TEST_STEP][PASSED] - verifyElementPresent(findTestObject("Object Repository/Wrong Password/Page_Mattermost/label_Enter a valid email or username andor_ef8acb"), 0): Object 'Object Repository/Wrong Password/Page_Mattermost/label_Enter a valid email or username andor_ef8acb' is present

2021-05-30 02:55:40 - [MESSAGE][WARNING] - Timeout '0' is invalid. Using default page load timeout: '30'

2021-05-30 02:55:40 - [MESSAGE][PASSED] - Object 'Object Repository/Wrong Password/Page_Mattermost/label_Enter a valid email or username andor_ef8acb' is present

2021-05-30 02:55:40 - [TEST_STEP][PASSED] - setText(findTestObject("Object Repository/Wrong Password/Page_Mattermost/input_All team communication in one place, _dcc84b"), findTestData("Data CSV/Wrong Email").getValue(1, rowNum)): Text 'minhvu@gmail.com' is set on object 'Object Repository/Wrong Password/Page_Mattermost/input_All team communication in one place, _dcc84b'

2021-05-30 02:55:41 - [MESSAGE][PASSED] - Text 'minhvu@gmail.com' is set on object 'Object Repository/Wrong Password/Page_Mattermost/input_All team communication in one place, _dcc84b'

2021-05-30 02:55:41 - [TEST_STEP][PASSED] - setText(findTestObject("Object Repository/Wrong Password/Page_Mattermost/input_All team communication in one place, _a3edc6"), "Tung@123456"): Text 'Tung@123456' is set on object 'Object Repository/Wrong Password/Page_Mattermost/input_All team communication in one place, _a3edc6'

2021-05-30 02:55:41 - [MESSAGE][PASSED] - Text 'Tung@123456' is set on object 'Object Repository/Wrong Password/Page_Mattermost/input_All team communication in one place, _a3edc6'

2021-05-30 02:55:41 - [TEST_STEP][PASSED] - click(findTestObject("Object Repository/Wrong Password/Page_Mattermost/button_Sign in")): Object: 'Object Repository/Wrong Password/Page_Mattermost/button_Sign in' is clicked on

2021-05-30 02:55:42 - [MESSAGE][PASSED] - Object: 'Object Repository/Wrong Password/Page_Mattermost/button_Sign in' is clicked on

2021-05-30 02:55:42 - [TEST_STEP][PASSED] - verifyElementPresent(findTestObject("Object Repository/Wrong Password/Page_Mattermost/label_Enter a valid email or username andor_ef8acb"), 0): Object 'Object Repository/Wrong Password/Page_Mattermost/label_Enter a valid email or username andor_ef8acb' is present

2021-05-30 02:55:42 - [MESSAGE][WARNING] - Timeout '0' is invalid. Using default page load timeout: '30'

2021-05-30 02:55:42 - [MESSAGE][PASSED] - Object 'Object Repository/Wrong Password/Page_Mattermost/label_Enter a valid email or username andor_ef8acb' is present

2021-05-30 02:55:42 - [TEST_STEP][PASSED] - setText(findTestObject("Object Repository/Wrong Password/Page_Mattermost/input_All team communication in one place, _dcc84b"), findTestData("Data CSV/Wrong Email").getValue(1, rowNum)): Text 'dacnpm@gmail.com' is set on object 'Object Repository/Wrong Password/Page_Mattermost/input_All team communication in one place, _dcc84b'

2021-05-30 02:55:43 - [MESSAGE][PASSED] - Text 'dacnpm@gmail.com' is set on object 'Object Repository/Wrong Password/Page_Mattermost/input_All team communication in one place, _dcc84b'

2021-05-30 02:55:43 - [TEST_STEP][PASSED] - setText(findTestObject("Object Repository/Wrong Password/Page_Mattermost/input_All team communication in one place, _a3edc6"), "Tung@123456"): Text 'Tung@123456' is set on object 'Object Repository/Wrong Password/Page_Mattermost/input_All team communication in one place, _a3edc6'

2021-05-30 02:55:44 - [MESSAGE][PASSED] - Text 'Tung@123456' is set on object 'Object Repository/Wrong Password/Page_Mattermost/input_All team communication in one place, _a3edc6'

2021-05-30 02:55:44 - [TEST_STEP][PASSED] - click(findTestObject("Object Repository/Wrong Password/Page_Mattermost/button_Sign in")): Object: 'Object Repository/Wrong Password/Page_Mattermost/button_Sign in' is clicked on

2021-05-30 02:55:44 - [MESSAGE][PASSED] - Object: 'Object Repository/Wrong Password/Page_Mattermost/button_Sign in' is clicked on

2021-05-30 02:55:44 - [TEST_STEP][PASSED] - verifyElementPresent(findTestObject("Object Repository/Wrong Password/Page_Mattermost/label_Enter a valid email or username andor_ef8acb"), 0): Object 'Object Repository/Wrong Password/Page_Mattermost/label_Enter a valid email or username andor_ef8acb' is present

2021-05-30 02:55:44 - [MESSAGE][WARNING] - Timeout '0' is invalid. Using default page load timeout: '30'

2021-05-30 02:55:45 - [MESSAGE][PASSED] - Object 'Object Repository/Wrong Password/Page_Mattermost/label_Enter a valid email or username andor_ef8acb' is present

2021-05-30 02:55:45 - [TEST_STEP][PASSED] - closeBrowser(): Browser is closed

2021-05-30 02:55:45 - [MESSAGE][PASSED] - Browser is closed]]></system-out>
         <system-err><![CDATA[]]></system-err>
      </testcase>
      <testcase name="Test Cases/Data CSV Test Case/LoginWrongPassword" time="15.73" classname="Test Cases/Data CSV Test Case/LoginWrongPassword" status="PASSED">
         <system-out><![CDATA[2021-05-30 02:55:45 - [TEST_CASE][PASSED] - Test Cases/Data CSV Test Case/LoginWrongPassword: Test Cases/Data CSV Test Case/LoginWrongPassword

2021-05-30 02:55:46 - [TEST_STEP][PASSED] - openBrowser(""): Browser is opened with url: ''

2021-05-30 02:55:46 - [MESSAGE][INFO] - Starting 'Chrome' driver

2021-05-30 02:55:46 - [MESSAGE][INFO] - Action delay is set to 0 milliseconds

2021-05-30 02:55:47 - [MESSAGE][PASSED] - Browser is opened with url: ''

2021-05-30 02:55:47 - [TEST_STEP][PASSED] - navigateToUrl("https://chudenangcao2021.cf/"): Navigate to 'https://chudenangcao2021.cf/' successfully

2021-05-30 02:55:47 - [MESSAGE][PASSED] - Navigate to 'https://chudenangcao2021.cf/' successfully

2021-05-30 02:55:47 - [TEST_STEP][PASSED] - for ([rowNum = 1, rowNum <= findTestData("Data CSV/Wrong Password").getRowNumbers(), (rowNum++)]): Object 'Object Repository/Wrong Password/Page_Mattermost/label_Enter a valid email or username andor_ef8acb' is present

2021-05-30 02:55:47 - [TEST_STEP][PASSED] - setText(findTestObject("Object Repository/Wrong Password/Page_Mattermost/input_All team communication in one place, _dcc84b"), "nguyenvana"): Text 'nguyenvana' is set on object 'Object Repository/Wrong Password/Page_Mattermost/input_All team communication in one place, _dcc84b'

2021-05-30 02:55:49 - [MESSAGE][PASSED] - Text 'nguyenvana' is set on object 'Object Repository/Wrong Password/Page_Mattermost/input_All team communication in one place, _dcc84b'

2021-05-30 02:55:49 - [TEST_STEP][PASSED] - setText(findTestObject("Object Repository/Wrong Password/Page_Mattermost/input_All team communication in one place, _a3edc6"), findTestData("Data CSV/Wrong Password").getValue(1, rowNum)): Text '123456' is set on object 'Object Repository/Wrong Password/Page_Mattermost/input_All team communication in one place, _a3edc6'

2021-05-30 02:55:50 - [MESSAGE][PASSED] - Text '123456' is set on object 'Object Repository/Wrong Password/Page_Mattermost/input_All team communication in one place, _a3edc6'

2021-05-30 02:55:50 - [TEST_STEP][PASSED] - click(findTestObject("Object Repository/Wrong Password/Page_Mattermost/button_Sign in")): Object: 'Object Repository/Wrong Password/Page_Mattermost/button_Sign in' is clicked on

2021-05-30 02:55:50 - [MESSAGE][PASSED] - Object: 'Object Repository/Wrong Password/Page_Mattermost/button_Sign in' is clicked on

2021-05-30 02:55:50 - [TEST_STEP][PASSED] - verifyElementPresent(findTestObject("Object Repository/Wrong Password/Page_Mattermost/label_Enter a valid email or username andor_ef8acb"), 0): Object 'Object Repository/Wrong Password/Page_Mattermost/label_Enter a valid email or username andor_ef8acb' is present

2021-05-30 02:55:50 - [MESSAGE][WARNING] - Timeout '0' is invalid. Using default page load timeout: '30'

2021-05-30 02:55:51 - [MESSAGE][PASSED] - Object 'Object Repository/Wrong Password/Page_Mattermost/label_Enter a valid email or username andor_ef8acb' is present

2021-05-30 02:55:51 - [TEST_STEP][PASSED] - setText(findTestObject("Object Repository/Wrong Password/Page_Mattermost/input_All team communication in one place, _dcc84b"), "nguyenvana"): Text 'nguyenvana' is set on object 'Object Repository/Wrong Password/Page_Mattermost/input_All team communication in one place, _dcc84b'

2021-05-30 02:55:51 - [MESSAGE][PASSED] - Text 'nguyenvana' is set on object 'Object Repository/Wrong Password/Page_Mattermost/input_All team communication in one place, _dcc84b'

2021-05-30 02:55:51 - [TEST_STEP][PASSED] - setText(findTestObject("Object Repository/Wrong Password/Page_Mattermost/input_All team communication in one place, _a3edc6"), findTestData("Data CSV/Wrong Password").getValue(1, rowNum)): Text 'minhvu12' is set on object 'Object Repository/Wrong Password/Page_Mattermost/input_All team communication in one place, _a3edc6'

2021-05-30 02:55:52 - [MESSAGE][PASSED] - Text 'minhvu12' is set on object 'Object Repository/Wrong Password/Page_Mattermost/input_All team communication in one place, _a3edc6'

2021-05-30 02:55:52 - [TEST_STEP][PASSED] - click(findTestObject("Object Repository/Wrong Password/Page_Mattermost/button_Sign in")): Object: 'Object Repository/Wrong Password/Page_Mattermost/button_Sign in' is clicked on

2021-05-30 02:55:53 - [MESSAGE][PASSED] - Object: 'Object Repository/Wrong Password/Page_Mattermost/button_Sign in' is clicked on

2021-05-30 02:55:53 - [TEST_STEP][PASSED] - verifyElementPresent(findTestObject("Object Repository/Wrong Password/Page_Mattermost/label_Enter a valid email or username andor_ef8acb"), 0): Object 'Object Repository/Wrong Password/Page_Mattermost/label_Enter a valid email or username andor_ef8acb' is present

2021-05-30 02:55:53 - [MESSAGE][WARNING] - Timeout '0' is invalid. Using default page load timeout: '30'

2021-05-30 02:55:53 - [MESSAGE][PASSED] - Object 'Object Repository/Wrong Password/Page_Mattermost/label_Enter a valid email or username andor_ef8acb' is present

2021-05-30 02:55:53 - [TEST_STEP][PASSED] - setText(findTestObject("Object Repository/Wrong Password/Page_Mattermost/input_All team communication in one place, _dcc84b"), "nguyenvana"): Text 'nguyenvana' is set on object 'Object Repository/Wrong Password/Page_Mattermost/input_All team communication in one place, _dcc84b'

2021-05-30 02:55:54 - [MESSAGE][PASSED] - Text 'nguyenvana' is set on object 'Object Repository/Wrong Password/Page_Mattermost/input_All team communication in one place, _dcc84b'

2021-05-30 02:55:54 - [TEST_STEP][PASSED] - setText(findTestObject("Object Repository/Wrong Password/Page_Mattermost/input_All team communication in one place, _a3edc6"), findTestData("Data CSV/Wrong Password").getValue(1, rowNum)): Text 'thanhtung' is set on object 'Object Repository/Wrong Password/Page_Mattermost/input_All team communication in one place, _a3edc6'

2021-05-30 02:55:55 - [MESSAGE][PASSED] - Text 'thanhtung' is set on object 'Object Repository/Wrong Password/Page_Mattermost/input_All team communication in one place, _a3edc6'

2021-05-30 02:55:55 - [TEST_STEP][PASSED] - click(findTestObject("Object Repository/Wrong Password/Page_Mattermost/button_Sign in")): Object: 'Object Repository/Wrong Password/Page_Mattermost/button_Sign in' is clicked on

2021-05-30 02:55:55 - [MESSAGE][PASSED] - Object: 'Object Repository/Wrong Password/Page_Mattermost/button_Sign in' is clicked on

2021-05-30 02:55:55 - [TEST_STEP][PASSED] - verifyElementPresent(findTestObject("Object Repository/Wrong Password/Page_Mattermost/label_Enter a valid email or username andor_ef8acb"), 0): Object 'Object Repository/Wrong Password/Page_Mattermost/label_Enter a valid email or username andor_ef8acb' is present

2021-05-30 02:55:55 - [MESSAGE][WARNING] - Timeout '0' is invalid. Using default page load timeout: '30'

2021-05-30 02:55:56 - [MESSAGE][PASSED] - Object 'Object Repository/Wrong Password/Page_Mattermost/label_Enter a valid email or username andor_ef8acb' is present

2021-05-30 02:55:56 - [TEST_STEP][PASSED] - setText(findTestObject("Object Repository/Wrong Password/Page_Mattermost/input_All team communication in one place, _dcc84b"), "nguyenvana"): Text 'nguyenvana' is set on object 'Object Repository/Wrong Password/Page_Mattermost/input_All team communication in one place, _dcc84b'

2021-05-30 02:55:56 - [MESSAGE][PASSED] - Text 'nguyenvana' is set on object 'Object Repository/Wrong Password/Page_Mattermost/input_All team communication in one place, _dcc84b'

2021-05-30 02:55:56 - [TEST_STEP][PASSED] - setText(findTestObject("Object Repository/Wrong Password/Page_Mattermost/input_All team communication in one place, _a3edc6"), findTestData("Data CSV/Wrong Password").getValue(1, rowNum)): Text 'tuan456' is set on object 'Object Repository/Wrong Password/Page_Mattermost/input_All team communication in one place, _a3edc6'

2021-05-30 02:55:57 - [MESSAGE][PASSED] - Text 'tuan456' is set on object 'Object Repository/Wrong Password/Page_Mattermost/input_All team communication in one place, _a3edc6'

2021-05-30 02:55:57 - [TEST_STEP][PASSED] - click(findTestObject("Object Repository/Wrong Password/Page_Mattermost/button_Sign in")): Object: 'Object Repository/Wrong Password/Page_Mattermost/button_Sign in' is clicked on

2021-05-30 02:55:57 - [MESSAGE][PASSED] - Object: 'Object Repository/Wrong Password/Page_Mattermost/button_Sign in' is clicked on

2021-05-30 02:55:57 - [TEST_STEP][PASSED] - verifyElementPresent(findTestObject("Object Repository/Wrong Password/Page_Mattermost/label_Enter a valid email or username andor_ef8acb"), 0): Object 'Object Repository/Wrong Password/Page_Mattermost/label_Enter a valid email or username andor_ef8acb' is present

2021-05-30 02:55:58 - [MESSAGE][WARNING] - Timeout '0' is invalid. Using default page load timeout: '30'

2021-05-30 02:55:58 - [MESSAGE][PASSED] - Object 'Object Repository/Wrong Password/Page_Mattermost/label_Enter a valid email or username andor_ef8acb' is present

2021-05-30 02:55:58 - [TEST_STEP][PASSED] - setText(findTestObject("Object Repository/Wrong Password/Page_Mattermost/input_All team communication in one place, _dcc84b"), "nguyenvana"): Text 'nguyenvana' is set on object 'Object Repository/Wrong Password/Page_Mattermost/input_All team communication in one place, _dcc84b'

2021-05-30 02:55:59 - [MESSAGE][PASSED] - Text 'nguyenvana' is set on object 'Object Repository/Wrong Password/Page_Mattermost/input_All team communication in one place, _dcc84b'

2021-05-30 02:55:59 - [TEST_STEP][PASSED] - setText(findTestObject("Object Repository/Wrong Password/Page_Mattermost/input_All team communication in one place, _a3edc6"), findTestData("Data CSV/Wrong Password").getValue(1, rowNum)): Text 'ttuan5689' is set on object 'Object Repository/Wrong Password/Page_Mattermost/input_All team communication in one place, _a3edc6'

2021-05-30 02:55:59 - [MESSAGE][PASSED] - Text 'ttuan5689' is set on object 'Object Repository/Wrong Password/Page_Mattermost/input_All team communication in one place, _a3edc6'

2021-05-30 02:55:59 - [TEST_STEP][PASSED] - click(findTestObject("Object Repository/Wrong Password/Page_Mattermost/button_Sign in")): Object: 'Object Repository/Wrong Password/Page_Mattermost/button_Sign in' is clicked on

2021-05-30 02:56:00 - [MESSAGE][PASSED] - Object: 'Object Repository/Wrong Password/Page_Mattermost/button_Sign in' is clicked on

2021-05-30 02:56:00 - [TEST_STEP][PASSED] - verifyElementPresent(findTestObject("Object Repository/Wrong Password/Page_Mattermost/label_Enter a valid email or username andor_ef8acb"), 0): Object 'Object Repository/Wrong Password/Page_Mattermost/label_Enter a valid email or username andor_ef8acb' is present

2021-05-30 02:56:00 - [MESSAGE][WARNING] - Timeout '0' is invalid. Using default page load timeout: '30'

2021-05-30 02:56:00 - [MESSAGE][PASSED] - Object 'Object Repository/Wrong Password/Page_Mattermost/label_Enter a valid email or username andor_ef8acb' is present

2021-05-30 02:56:00 - [TEST_STEP][PASSED] - closeBrowser(): Browser is closed

2021-05-30 02:56:01 - [MESSAGE][PASSED] - Browser is closed]]></system-out>
         <system-err><![CDATA[]]></system-err>
      </testcase>
      <testcase name="Test Cases/Data CSV Test Case/SearchMember" time="18.518" classname="Test Cases/Data CSV Test Case/SearchMember" status="PASSED">
         <system-out><![CDATA[2021-05-30 02:56:01 - [TEST_CASE][PASSED] - Test Cases/Data CSV Test Case/SearchMember: Test Cases/Data CSV Test Case/SearchMember

2021-05-30 02:56:01 - [TEST_STEP][PASSED] - callTestCase(findTestCase("Internal Test Cases/Successful Login"), ["Username":"", "Password":""], STOP_ON_FAILURE): Call Test Case 'Test Cases/Internal Test Cases/Successful Login' successfully

2021-05-30 02:56:02 - [TEST_CASE][PASSED] - Test Cases/Internal Test Cases/Successful Login: Test Cases/Internal Test Cases/Successful Login

2021-05-30 02:56:02 - [TEST_STEP][PASSED] - openBrowser(""): Browser is opened with url: ''

2021-05-30 02:56:02 - [MESSAGE][INFO] - Starting 'Chrome' driver

2021-05-30 02:56:02 - [MESSAGE][INFO] - Action delay is set to 0 milliseconds

2021-05-30 02:56:03 - [MESSAGE][PASSED] - Browser is opened with url: ''

2021-05-30 02:56:03 - [TEST_STEP][PASSED] - navigateToUrl("https://chudenangcao2021.cf/"): Navigate to 'https://chudenangcao2021.cf/' successfully

2021-05-30 02:56:03 - [MESSAGE][PASSED] - Navigate to 'https://chudenangcao2021.cf/' successfully

2021-05-30 02:56:03 - [TEST_STEP][PASSED] - setText(findTestObject("Object Repository/Page_Mattermost/input_All team communication in one place, _dcc84b"), findTestData("Internal/Internal Login Data").getValue(1, 1)): Text 'nguyenvanb' is set on object 'Object Repository/Page_Mattermost/input_All team communication in one place, _dcc84b'

2021-05-30 02:56:05 - [MESSAGE][PASSED] - Text 'nguyenvanb' is set on object 'Object Repository/Page_Mattermost/input_All team communication in one place, _dcc84b'

2021-05-30 02:56:05 - [TEST_STEP][PASSED] - setEncryptedText(findTestObject("Object Repository/Page_Mattermost/input_All team communication in one place, _a3edc6"), findTestData("Internal/Internal Login Data").getValue(2, 1)): Text ****** has been set on object 'Object Repository/Page_Mattermost/input_All team communication in one place, _a3edc6'

2021-05-30 02:56:05 - [MESSAGE][PASSED] - Text ****** has been set on object 'Object Repository/Page_Mattermost/input_All team communication in one place, _a3edc6'

2021-05-30 02:56:05 - [TEST_STEP][PASSED] - click(findTestObject("Object Repository/Page_Mattermost/button_Sign in")): Object: 'Object Repository/Page_Mattermost/button_Sign in' is clicked on

2021-05-30 02:56:06 - [MESSAGE][PASSED] - Object: 'Object Repository/Page_Mattermost/button_Sign in' is clicked on

2021-05-30 02:56:06 - [TEST_STEP][PASSED] - verifyLinksAccessible(["https://chudenangcao2021.cf/cdnc-cnpm-2021/channels"]): All links are accessible

2021-05-30 02:56:06 - [MESSAGE][INFO] - HAR: C:\Users\nttuan\Downloads\CDNC\mattermost-testing\Reports\20210530_023726\Run all test cases\20210530_023726\requests\main\50.har

2021-05-30 02:56:06 - [MESSAGE][PASSED] - Send request successfully

2021-05-30 02:56:06 - [MESSAGE][PASSED] - All links are accessible

2021-05-30 02:56:06 - [MESSAGE][PASSED] - Call Test Case 'Test Cases/Internal Test Cases/Successful Login' successfully

2021-05-30 02:56:06 - [TEST_STEP][PASSED] - for ([rowNum = 1, rowNum <= findTestData("Data CSV/SearchMember").getRowNumbers(), (rowNum++)]): Object: 'Object Repository/Page_(20) span_Town Square - TEAM NAME Mattermost/span_' is clicked on

2021-05-30 02:56:06 - [TEST_STEP][PASSED] - click(findTestObject("Object Repository/Page_(20) span_Town Square - TEAM NAME Mattermost/span_span_Town Square")): Object: 'Object Repository/Page_(20) span_Town Square - TEAM NAME Mattermost/span_span_Town Square' is clicked on

2021-05-30 02:56:07 - [MESSAGE][PASSED] - Object: 'Object Repository/Page_(20) span_Town Square - TEAM NAME Mattermost/span_span_Town Square' is clicked on

2021-05-30 02:56:07 - [TEST_STEP][PASSED] - click(findTestObject("Object Repository/Page_(20) span_Town Square - TEAM NAME Mattermost/button_View Members")): Object: 'Object Repository/Page_(20) span_Town Square - TEAM NAME Mattermost/button_View Members' is clicked on

2021-05-30 02:56:08 - [MESSAGE][PASSED] - Object: 'Object Repository/Page_(20) span_Town Square - TEAM NAME Mattermost/button_View Members' is clicked on

2021-05-30 02:56:08 - [TEST_STEP][PASSED] - setText(findTestObject("Object Repository/Page_(20) span_Town Square - TEAM NAME Mattermost/input_Search users_searchUsersInput"), findTestData("Data CSV/SearchMember").getValue(1, rowNum)): Text 'cxtuan' is set on object 'Object Repository/Page_(20) span_Town Square - TEAM NAME Mattermost/input_Search users_searchUsersInput'

2021-05-30 02:56:09 - [MESSAGE][PASSED] - Text 'cxtuan' is set on object 'Object Repository/Page_(20) span_Town Square - TEAM NAME Mattermost/input_Search users_searchUsersInput'

2021-05-30 02:56:09 - [TEST_STEP][PASSED] - click(findTestObject("Object Repository/Page_(20) span_Town Square - TEAM NAME Mattermost/span_")): Object: 'Object Repository/Page_(20) span_Town Square - TEAM NAME Mattermost/span_' is clicked on

2021-05-30 02:56:10 - [MESSAGE][PASSED] - Object: 'Object Repository/Page_(20) span_Town Square - TEAM NAME Mattermost/span_' is clicked on

2021-05-30 02:56:10 - [TEST_STEP][PASSED] - click(findTestObject("Object Repository/Page_(20) span_Town Square - TEAM NAME Mattermost/span_span_Town Square")): Object: 'Object Repository/Page_(20) span_Town Square - TEAM NAME Mattermost/span_span_Town Square' is clicked on

2021-05-30 02:56:10 - [MESSAGE][PASSED] - Object: 'Object Repository/Page_(20) span_Town Square - TEAM NAME Mattermost/span_span_Town Square' is clicked on

2021-05-30 02:56:10 - [TEST_STEP][PASSED] - click(findTestObject("Object Repository/Page_(20) span_Town Square - TEAM NAME Mattermost/button_View Members")): Object: 'Object Repository/Page_(20) span_Town Square - TEAM NAME Mattermost/button_View Members' is clicked on

2021-05-30 02:56:10 - [MESSAGE][PASSED] - Object: 'Object Repository/Page_(20) span_Town Square - TEAM NAME Mattermost/button_View Members' is clicked on

2021-05-30 02:56:10 - [TEST_STEP][PASSED] - setText(findTestObject("Object Repository/Page_(20) span_Town Square - TEAM NAME Mattermost/input_Search users_searchUsersInput"), findTestData("Data CSV/SearchMember").getValue(1, rowNum)): Text 'nttuan' is set on object 'Object Repository/Page_(20) span_Town Square - TEAM NAME Mattermost/input_Search users_searchUsersInput'

2021-05-30 02:56:11 - [MESSAGE][PASSED] - Text 'nttuan' is set on object 'Object Repository/Page_(20) span_Town Square - TEAM NAME Mattermost/input_Search users_searchUsersInput'

2021-05-30 02:56:11 - [TEST_STEP][PASSED] - click(findTestObject("Object Repository/Page_(20) span_Town Square - TEAM NAME Mattermost/span_")): Object: 'Object Repository/Page_(20) span_Town Square - TEAM NAME Mattermost/span_' is clicked on

2021-05-30 02:56:12 - [MESSAGE][PASSED] - Object: 'Object Repository/Page_(20) span_Town Square - TEAM NAME Mattermost/span_' is clicked on

2021-05-30 02:56:12 - [TEST_STEP][PASSED] - click(findTestObject("Object Repository/Page_(20) span_Town Square - TEAM NAME Mattermost/span_span_Town Square")): Object: 'Object Repository/Page_(20) span_Town Square - TEAM NAME Mattermost/span_span_Town Square' is clicked on

2021-05-30 02:56:12 - [MESSAGE][PASSED] - Object: 'Object Repository/Page_(20) span_Town Square - TEAM NAME Mattermost/span_span_Town Square' is clicked on

2021-05-30 02:56:12 - [TEST_STEP][PASSED] - click(findTestObject("Object Repository/Page_(20) span_Town Square - TEAM NAME Mattermost/button_View Members")): Object: 'Object Repository/Page_(20) span_Town Square - TEAM NAME Mattermost/button_View Members' is clicked on

2021-05-30 02:56:13 - [MESSAGE][PASSED] - Object: 'Object Repository/Page_(20) span_Town Square - TEAM NAME Mattermost/button_View Members' is clicked on

2021-05-30 02:56:13 - [TEST_STEP][PASSED] - setText(findTestObject("Object Repository/Page_(20) span_Town Square - TEAM NAME Mattermost/input_Search users_searchUsersInput"), findTestData("Data CSV/SearchMember").getValue(1, rowNum)): Text 'nguyenvana' is set on object 'Object Repository/Page_(20) span_Town Square - TEAM NAME Mattermost/input_Search users_searchUsersInput'

2021-05-30 02:56:14 - [MESSAGE][PASSED] - Text 'nguyenvana' is set on object 'Object Repository/Page_(20) span_Town Square - TEAM NAME Mattermost/input_Search users_searchUsersInput'

2021-05-30 02:56:14 - [TEST_STEP][PASSED] - click(findTestObject("Object Repository/Page_(20) span_Town Square - TEAM NAME Mattermost/span_")): Object: 'Object Repository/Page_(20) span_Town Square - TEAM NAME Mattermost/span_' is clicked on

2021-05-30 02:56:14 - [MESSAGE][PASSED] - Object: 'Object Repository/Page_(20) span_Town Square - TEAM NAME Mattermost/span_' is clicked on

2021-05-30 02:56:14 - [TEST_STEP][PASSED] - click(findTestObject("Object Repository/Page_(20) span_Town Square - TEAM NAME Mattermost/span_span_Town Square")): Object: 'Object Repository/Page_(20) span_Town Square - TEAM NAME Mattermost/span_span_Town Square' is clicked on

2021-05-30 02:56:15 - [MESSAGE][PASSED] - Object: 'Object Repository/Page_(20) span_Town Square - TEAM NAME Mattermost/span_span_Town Square' is clicked on

2021-05-30 02:56:15 - [TEST_STEP][PASSED] - click(findTestObject("Object Repository/Page_(20) span_Town Square - TEAM NAME Mattermost/button_View Members")): Object: 'Object Repository/Page_(20) span_Town Square - TEAM NAME Mattermost/button_View Members' is clicked on

2021-05-30 02:56:15 - [MESSAGE][PASSED] - Object: 'Object Repository/Page_(20) span_Town Square - TEAM NAME Mattermost/button_View Members' is clicked on

2021-05-30 02:56:15 - [TEST_STEP][PASSED] - setText(findTestObject("Object Repository/Page_(20) span_Town Square - TEAM NAME Mattermost/input_Search users_searchUsersInput"), findTestData("Data CSV/SearchMember").getValue(1, rowNum)): Text 'nguyenvanb' is set on object 'Object Repository/Page_(20) span_Town Square - TEAM NAME Mattermost/input_Search users_searchUsersInput'

2021-05-30 02:56:16 - [MESSAGE][PASSED] - Text 'nguyenvanb' is set on object 'Object Repository/Page_(20) span_Town Square - TEAM NAME Mattermost/input_Search users_searchUsersInput'

2021-05-30 02:56:16 - [TEST_STEP][PASSED] - click(findTestObject("Object Repository/Page_(20) span_Town Square - TEAM NAME Mattermost/span_")): Object: 'Object Repository/Page_(20) span_Town Square - TEAM NAME Mattermost/span_' is clicked on

2021-05-30 02:56:17 - [MESSAGE][PASSED] - Object: 'Object Repository/Page_(20) span_Town Square - TEAM NAME Mattermost/span_' is clicked on

2021-05-30 02:56:17 - [TEST_STEP][PASSED] - click(findTestObject("Object Repository/Page_(20) span_Town Square - TEAM NAME Mattermost/span_span_Town Square")): Object: 'Object Repository/Page_(20) span_Town Square - TEAM NAME Mattermost/span_span_Town Square' is clicked on

2021-05-30 02:56:17 - [MESSAGE][PASSED] - Object: 'Object Repository/Page_(20) span_Town Square - TEAM NAME Mattermost/span_span_Town Square' is clicked on

2021-05-30 02:56:17 - [TEST_STEP][PASSED] - click(findTestObject("Object Repository/Page_(20) span_Town Square - TEAM NAME Mattermost/button_View Members")): Object: 'Object Repository/Page_(20) span_Town Square - TEAM NAME Mattermost/button_View Members' is clicked on

2021-05-30 02:56:18 - [MESSAGE][PASSED] - Object: 'Object Repository/Page_(20) span_Town Square - TEAM NAME Mattermost/button_View Members' is clicked on

2021-05-30 02:56:18 - [TEST_STEP][PASSED] - setText(findTestObject("Object Repository/Page_(20) span_Town Square - TEAM NAME Mattermost/input_Search users_searchUsersInput"), findTestData("Data CSV/SearchMember").getValue(1, rowNum)): Text 'thanhtung' is set on object 'Object Repository/Page_(20) span_Town Square - TEAM NAME Mattermost/input_Search users_searchUsersInput'

2021-05-30 02:56:18 - [MESSAGE][PASSED] - Text 'thanhtung' is set on object 'Object Repository/Page_(20) span_Town Square - TEAM NAME Mattermost/input_Search users_searchUsersInput'

2021-05-30 02:56:18 - [TEST_STEP][PASSED] - click(findTestObject("Object Repository/Page_(20) span_Town Square - TEAM NAME Mattermost/span_")): Object: 'Object Repository/Page_(20) span_Town Square - TEAM NAME Mattermost/span_' is clicked on

2021-05-30 02:56:19 - [MESSAGE][PASSED] - Object: 'Object Repository/Page_(20) span_Town Square - TEAM NAME Mattermost/span_' is clicked on

2021-05-30 02:56:19 - [TEST_STEP][PASSED] - closeBrowser(): Browser is closed

2021-05-30 02:56:20 - [MESSAGE][PASSED] - Browser is closed]]></system-out>
         <system-err><![CDATA[]]></system-err>
      </testcase>
      <testcase name="Test Cases/Data CSV Test Case/SetStatus" time="72.474" classname="Test Cases/Data CSV Test Case/SetStatus" status="FAILED">
         <failure type="FAILED" message="Test Cases/Data CSV Test Case/SetStatus FAILED.
Reason:
com.kms.katalon.core.exception.StepFailedException: Unable to click on object 'Object Repository/SetStatus/Page_TEST CHANNEL - TEAM NAME Mattermost/img_TEAM NAME_Avatar Avatar-lg'
	at com.kms.katalon.core.webui.keyword.internal.WebUIKeywordMain.stepFailed(WebUIKeywordMain.groovy:64)
	at com.kms.katalon.core.webui.keyword.internal.WebUIKeywordMain.runKeyword(WebUIKeywordMain.groovy:26)
	at com.kms.katalon.core.webui.keyword.builtin.ClickKeyword.click(ClickKeyword.groovy:75)
	at com.kms.katalon.core.webui.keyword.builtin.ClickKeyword.execute(ClickKeyword.groovy:42)
	at com.kms.katalon.core.keyword.internal.KeywordExecutor.executeKeywordForPlatform(KeywordExecutor.groovy:73)
	at com.kms.katalon.core.webui.keyword.WebUiBuiltInKeywords.click(WebUiBuiltInKeywords.groovy:619)
	at com.kms.katalon.core.webui.keyword.WebUiBuiltInKeywords$click$2.call(Unknown Source)
	at SetStatus.run(SetStatus:24)
	at com.kms.katalon.core.main.ScriptEngine.run(ScriptEngine.java:194)
	at com.kms.katalon.core.main.ScriptEngine.runScriptAsRawText(ScriptEngine.java:119)
	at com.kms.katalon.core.main.TestCaseExecutor.runScript(TestCaseExecutor.java:398)
	at com.kms.katalon.core.main.TestCaseExecutor.doExecute(TestCaseExecutor.java:389)
	at com.kms.katalon.core.main.TestCaseExecutor.processExecutionPhase(TestCaseExecutor.java:368)
	at com.kms.katalon.core.main.TestCaseExecutor.accessMainPhase(TestCaseExecutor.java:360)
	at com.kms.katalon.core.main.TestCaseExecutor.execute(TestCaseExecutor.java:255)
	at com.kms.katalon.core.main.TestSuiteExecutor.accessTestCaseMainPhase(TestSuiteExecutor.java:203)
	at com.kms.katalon.core.main.TestSuiteExecutor.accessTestSuiteMainPhase(TestSuiteExecutor.java:152)
	at com.kms.katalon.core.main.TestSuiteExecutor.execute(TestSuiteExecutor.java:95)
	at com.kms.katalon.core.main.TestCaseMain.startTestSuite(TestCaseMain.java:157)
	at com.kms.katalon.core.main.TestCaseMain$startTestSuite$0.call(Unknown Source)
	at TempTestSuite1622342246554.run(TempTestSuite1622342246554.groovy:39)
Caused by: org.openqa.selenium.ElementClickInterceptedException: element click intercepted: Element &lt;img class=&quot;Avatar Avatar-lg&quot; alt=&quot;user profile image&quot; src=&quot;https://chudenangcao2021.cf/api/v4/users/75sk9tnqntyaixbqarg1ps69we/image&quot;> is not clickable at point (99, 30). Other element would receive the click: &lt;div role=&quot;dialog&quot; aria-labelledby=&quot;genericModalLabel&quot; id=&quot;custom_status_modal&quot; tabindex=&quot;-1&quot; class=&quot;fade in modal&quot; style=&quot;display: block;&quot;>...&lt;/div>
  (Session info: chrome=91.0.4472.77)
Build info: version: '3.141.59', revision: 'e82be7d358', time: '2018-11-14T08:25:53'
System info: host: 'WIN-SERVER-2019', ip: '10.1.0.4', os.name: 'Windows Server 2019', os.arch: 'amd64', os.version: '10.0', java.version: '1.8.0_282'
Driver info: com.kms.katalon.selenium.driver.CChromeDriver
Capabilities {acceptInsecureCerts: false, browserName: chrome, browserVersion: 91.0.4472.77, chrome: {chromedriverVersion: 90.0.4430.24 (4c6d850f087da..., userDataDir: C:\Users\nttuan\AppData\Loc...}, goog:chromeOptions: {debuggerAddress: localhost:64532}, javascriptEnabled: true, networkConnectionEnabled: false, pageLoadStrategy: normal, platform: WINDOWS, platformName: WINDOWS, proxy: Proxy(), setWindowRect: true, strictFileInteractability: false, timeouts: {implicit: 0, pageLoad: 300000, script: 30000}, unhandledPromptBehavior: dismiss and notify, webauthn:extension:largeBlob: true, webauthn:virtualAuthenticators: true}
Session ID: 3da78bbc095930b8753e95487e580ff6
	at org.openqa.selenium.remote.http.W3CHttpResponseCodec.createException(W3CHttpResponseCodec.java:187)
	at org.openqa.selenium.remote.http.W3CHttpResponseCodec.decode(W3CHttpResponseCodec.java:122)
	at org.openqa.selenium.remote.http.W3CHttpResponseCodec.decode(W3CHttpResponseCodec.java:49)
	at org.openqa.selenium.remote.HttpCommandExecutor.execute(HttpCommandExecutor.java:158)
	at org.openqa.selenium.remote.service.DriverCommandExecutor.execute(DriverCommandExecutor.java:83)
	at org.openqa.selenium.remote.RemoteWebDriver.execute(RemoteWebDriver.java:552)
	at com.kms.katalon.selenium.driver.CChromeDriver.execute(CChromeDriver.java:19)
	at org.openqa.selenium.remote.RemoteWebElement.execute(RemoteWebElement.java:285)
	at org.openqa.selenium.remote.RemoteWebElement.click(RemoteWebElement.java:84)
	at org.openqa.selenium.support.events.EventFiringWebDriver$EventFiringWebElement.lambda$new$0(EventFiringWebDriver.java:404)
	at com.sun.proxy.$Proxy17.click(Unknown Source)
	at org.openqa.selenium.support.events.EventFiringWebDriver$EventFiringWebElement.click(EventFiringWebDriver.java:417)
	at com.kms.katalon.core.webui.keyword.builtin.ClickKeyword$_click_closure1.doCall(ClickKeyword.groovy:68)
	at com.kms.katalon.core.webui.keyword.builtin.ClickKeyword$_click_closure1.call(ClickKeyword.groovy)
	at com.kms.katalon.core.webui.keyword.internal.WebUIKeywordMain.runKeyword(WebUIKeywordMain.groovy:20)
	... 19 more
"/>
         <system-out><![CDATA[2021-05-30 02:56:20 - [TEST_CASE][FAILED] - Test Cases/Data CSV Test Case/SetStatus: Test Cases/Data CSV Test Case/SetStatus FAILED.
Reason:
com.kms.katalon.core.exception.StepFailedException: Unable to click on object 'Object Repository/SetStatus/Page_TEST CHANNEL - TEAM NAME Mattermost/img_TEAM NAME_Avatar Avatar-lg'
	at com.kms.katalon.core.webui.keyword.internal.WebUIKeywordMain.stepFailed(WebUIKeywordMain.groovy:64)
	at com.kms.katalon.core.webui.keyword.internal.WebUIKeywordMain.runKeyword(WebUIKeywordMain.groovy:26)
	at com.kms.katalon.core.webui.keyword.builtin.ClickKeyword.click(ClickKeyword.groovy:75)
	at com.kms.katalon.core.webui.keyword.builtin.ClickKeyword.execute(ClickKeyword.groovy:42)
	at com.kms.katalon.core.keyword.internal.KeywordExecutor.executeKeywordForPlatform(KeywordExecutor.groovy:73)
	at com.kms.katalon.core.webui.keyword.WebUiBuiltInKeywords.click(WebUiBuiltInKeywords.groovy:619)
	at com.kms.katalon.core.webui.keyword.WebUiBuiltInKeywords$click$2.call(Unknown Source)
	at SetStatus.run(SetStatus:24)
	at com.kms.katalon.core.main.ScriptEngine.run(ScriptEngine.java:194)
	at com.kms.katalon.core.main.ScriptEngine.runScriptAsRawText(ScriptEngine.java:119)
	at com.kms.katalon.core.main.TestCaseExecutor.runScript(TestCaseExecutor.java:398)
	at com.kms.katalon.core.main.TestCaseExecutor.doExecute(TestCaseExecutor.java:389)
	at com.kms.katalon.core.main.TestCaseExecutor.processExecutionPhase(TestCaseExecutor.java:368)
	at com.kms.katalon.core.main.TestCaseExecutor.accessMainPhase(TestCaseExecutor.java:360)
	at com.kms.katalon.core.main.TestCaseExecutor.execute(TestCaseExecutor.java:255)
	at com.kms.katalon.core.main.TestSuiteExecutor.accessTestCaseMainPhase(TestSuiteExecutor.java:203)
	at com.kms.katalon.core.main.TestSuiteExecutor.accessTestSuiteMainPhase(TestSuiteExecutor.java:152)
	at com.kms.katalon.core.main.TestSuiteExecutor.execute(TestSuiteExecutor.java:95)
	at com.kms.katalon.core.main.TestCaseMain.startTestSuite(TestCaseMain.java:157)
	at com.kms.katalon.core.main.TestCaseMain$startTestSuite$0.call(Unknown Source)
	at TempTestSuite1622342246554.run(TempTestSuite1622342246554.groovy:39)
Caused by: org.openqa.selenium.ElementClickInterceptedException: element click intercepted: Element <img class="Avatar Avatar-lg" alt="user profile image" src="https://chudenangcao2021.cf/api/v4/users/75sk9tnqntyaixbqarg1ps69we/image"> is not clickable at point (99, 30). Other element would receive the click: <div role="dialog" aria-labelledby="genericModalLabel" id="custom_status_modal" tabindex="-1" class="fade in modal" style="display: block;">...</div>
  (Session info: chrome=91.0.4472.77)
Build info: version: '3.141.59', revision: 'e82be7d358', time: '2018-11-14T08:25:53'
System info: host: 'WIN-SERVER-2019', ip: '10.1.0.4', os.name: 'Windows Server 2019', os.arch: 'amd64', os.version: '10.0', java.version: '1.8.0_282'
Driver info: com.kms.katalon.selenium.driver.CChromeDriver
Capabilities {acceptInsecureCerts: false, browserName: chrome, browserVersion: 91.0.4472.77, chrome: {chromedriverVersion: 90.0.4430.24 (4c6d850f087da..., userDataDir: C:\Users\nttuan\AppData\Loc...}, goog:chromeOptions: {debuggerAddress: localhost:64532}, javascriptEnabled: true, networkConnectionEnabled: false, pageLoadStrategy: normal, platform: WINDOWS, platformName: WINDOWS, proxy: Proxy(), setWindowRect: true, strictFileInteractability: false, timeouts: {implicit: 0, pageLoad: 300000, script: 30000}, unhandledPromptBehavior: dismiss and notify, webauthn:extension:largeBlob: true, webauthn:virtualAuthenticators: true}
Session ID: 3da78bbc095930b8753e95487e580ff6
	at org.openqa.selenium.remote.http.W3CHttpResponseCodec.createException(W3CHttpResponseCodec.java:187)
	at org.openqa.selenium.remote.http.W3CHttpResponseCodec.decode(W3CHttpResponseCodec.java:122)
	at org.openqa.selenium.remote.http.W3CHttpResponseCodec.decode(W3CHttpResponseCodec.java:49)
	at org.openqa.selenium.remote.HttpCommandExecutor.execute(HttpCommandExecutor.java:158)
	at org.openqa.selenium.remote.service.DriverCommandExecutor.execute(DriverCommandExecutor.java:83)
	at org.openqa.selenium.remote.RemoteWebDriver.execute(RemoteWebDriver.java:552)
	at com.kms.katalon.selenium.driver.CChromeDriver.execute(CChromeDriver.java:19)
	at org.openqa.selenium.remote.RemoteWebElement.execute(RemoteWebElement.java:285)
	at org.openqa.selenium.remote.RemoteWebElement.click(RemoteWebElement.java:84)
	at org.openqa.selenium.support.events.EventFiringWebDriver$EventFiringWebElement.lambda$new$0(EventFiringWebDriver.java:404)
	at com.sun.proxy.$Proxy17.click(Unknown Source)
	at org.openqa.selenium.support.events.EventFiringWebDriver$EventFiringWebElement.click(EventFiringWebDriver.java:417)
	at com.kms.katalon.core.webui.keyword.builtin.ClickKeyword$_click_closure1.doCall(ClickKeyword.groovy:68)
	at com.kms.katalon.core.webui.keyword.builtin.ClickKeyword$_click_closure1.call(ClickKeyword.groovy)
	at com.kms.katalon.core.webui.keyword.internal.WebUIKeywordMain.runKeyword(WebUIKeywordMain.groovy:20)
	... 19 more


2021-05-30 02:56:20 - [TEST_STEP][PASSED] - callTestCase(findTestCase("Internal Test Cases/Successful Login"), ["Username":"", "Password":""], STOP_ON_FAILURE): Call Test Case 'Test Cases/Internal Test Cases/Successful Login' successfully

2021-05-30 02:56:20 - [TEST_CASE][PASSED] - Test Cases/Internal Test Cases/Successful Login: Test Cases/Internal Test Cases/Successful Login

2021-05-30 02:56:20 - [TEST_STEP][PASSED] - openBrowser(""): Browser is opened with url: ''

2021-05-30 02:56:20 - [MESSAGE][INFO] - Starting 'Chrome' driver

2021-05-30 02:56:20 - [MESSAGE][INFO] - Action delay is set to 0 milliseconds

2021-05-30 02:56:21 - [MESSAGE][PASSED] - Browser is opened with url: ''

2021-05-30 02:56:21 - [TEST_STEP][PASSED] - navigateToUrl("https://chudenangcao2021.cf/"): Navigate to 'https://chudenangcao2021.cf/' successfully

2021-05-30 02:56:22 - [MESSAGE][PASSED] - Navigate to 'https://chudenangcao2021.cf/' successfully

2021-05-30 02:56:22 - [TEST_STEP][PASSED] - setText(findTestObject("Object Repository/Page_Mattermost/input_All team communication in one place, _dcc84b"), findTestData("Internal/Internal Login Data").getValue(1, 1)): Text 'nguyenvanb' is set on object 'Object Repository/Page_Mattermost/input_All team communication in one place, _dcc84b'

2021-05-30 02:56:23 - [MESSAGE][PASSED] - Text 'nguyenvanb' is set on object 'Object Repository/Page_Mattermost/input_All team communication in one place, _dcc84b'

2021-05-30 02:56:23 - [TEST_STEP][PASSED] - setEncryptedText(findTestObject("Object Repository/Page_Mattermost/input_All team communication in one place, _a3edc6"), findTestData("Internal/Internal Login Data").getValue(2, 1)): Text ****** has been set on object 'Object Repository/Page_Mattermost/input_All team communication in one place, _a3edc6'

2021-05-30 02:56:24 - [MESSAGE][PASSED] - Text ****** has been set on object 'Object Repository/Page_Mattermost/input_All team communication in one place, _a3edc6'

2021-05-30 02:56:24 - [TEST_STEP][PASSED] - click(findTestObject("Object Repository/Page_Mattermost/button_Sign in")): Object: 'Object Repository/Page_Mattermost/button_Sign in' is clicked on

2021-05-30 02:56:25 - [MESSAGE][PASSED] - Object: 'Object Repository/Page_Mattermost/button_Sign in' is clicked on

2021-05-30 02:56:25 - [TEST_STEP][PASSED] - verifyLinksAccessible(["https://chudenangcao2021.cf/cdnc-cnpm-2021/channels"]): All links are accessible

2021-05-30 02:56:25 - [MESSAGE][INFO] - HAR: C:\Users\nttuan\Downloads\CDNC\mattermost-testing\Reports\20210530_023726\Run all test cases\20210530_023726\requests\main\51.har

2021-05-30 02:56:25 - [MESSAGE][PASSED] - Send request successfully

2021-05-30 02:56:25 - [MESSAGE][PASSED] - All links are accessible

2021-05-30 02:56:25 - [MESSAGE][PASSED] - Call Test Case 'Test Cases/Internal Test Cases/Successful Login' successfully

2021-05-30 02:56:25 - [TEST_STEP][FAILED] - for ([rowNum = 1, rowNum <= findTestData("Data CSV/Set Status").getRowNumbers(), (rowNum++)]): Unable to click on object 'Object Repository/SetStatus/Page_TEST CHANNEL - TEAM NAME Mattermost/img_TEAM NAME_Avatar Avatar-lg' (Root cause: com.kms.katalon.core.exception.StepFailedException: Unable to click on object 'Object Repository/SetStatus/Page_TEST CHANNEL - TEAM NAME Mattermost/img_TEAM NAME_Avatar Avatar-lg'
	at com.kms.katalon.core.webui.keyword.internal.WebUIKeywordMain.stepFailed(WebUIKeywordMain.groovy:64)
	at com.kms.katalon.core.webui.keyword.internal.WebUIKeywordMain.runKeyword(WebUIKeywordMain.groovy:26)
	at com.kms.katalon.core.webui.keyword.builtin.ClickKeyword.click(ClickKeyword.groovy:75)
	at com.kms.katalon.core.webui.keyword.builtin.ClickKeyword.execute(ClickKeyword.groovy:42)
	at com.kms.katalon.core.keyword.internal.KeywordExecutor.executeKeywordForPlatform(KeywordExecutor.groovy:73)
	at com.kms.katalon.core.webui.keyword.WebUiBuiltInKeywords.click(WebUiBuiltInKeywords.groovy:619)
	at com.kms.katalon.core.webui.keyword.WebUiBuiltInKeywords$click$2.call(Unknown Source)
	at SetStatus.run(SetStatus:24)
	at com.kms.katalon.core.main.ScriptEngine.run(ScriptEngine.java:194)
	at com.kms.katalon.core.main.ScriptEngine.runScriptAsRawText(ScriptEngine.java:119)
	at com.kms.katalon.core.main.TestCaseExecutor.runScript(TestCaseExecutor.java:398)
	at com.kms.katalon.core.main.TestCaseExecutor.doExecute(TestCaseExecutor.java:389)
	at com.kms.katalon.core.main.TestCaseExecutor.processExecutionPhase(TestCaseExecutor.java:368)
	at com.kms.katalon.core.main.TestCaseExecutor.accessMainPhase(TestCaseExecutor.java:360)
	at com.kms.katalon.core.main.TestCaseExecutor.execute(TestCaseExecutor.java:255)
	at com.kms.katalon.core.main.TestSuiteExecutor.accessTestCaseMainPhase(TestSuiteExecutor.java:203)
	at com.kms.katalon.core.main.TestSuiteExecutor.accessTestSuiteMainPhase(TestSuiteExecutor.java:152)
	at com.kms.katalon.core.main.TestSuiteExecutor.execute(TestSuiteExecutor.java:95)
	at com.kms.katalon.core.main.TestCaseMain.startTestSuite(TestCaseMain.java:157)
	at com.kms.katalon.core.main.TestCaseMain$startTestSuite$0.call(Unknown Source)
	at TempTestSuite1622342246554.run(TempTestSuite1622342246554.groovy:39)
Caused by: org.openqa.selenium.ElementClickInterceptedException: element click intercepted: Element <img class="Avatar Avatar-lg" alt="user profile image" src="https://chudenangcao2021.cf/api/v4/users/75sk9tnqntyaixbqarg1ps69we/image"> is not clickable at point (99, 30). Other element would receive the click: <div role="dialog" aria-labelledby="genericModalLabel" id="custom_status_modal" tabindex="-1" class="fade in modal" style="display: block;">...</div>
  (Session info: chrome=91.0.4472.77)
Build info: version: '3.141.59', revision: 'e82be7d358', time: '2018-11-14T08:25:53'
System info: host: 'WIN-SERVER-2019', ip: '10.1.0.4', os.name: 'Windows Server 2019', os.arch: 'amd64', os.version: '10.0', java.version: '1.8.0_282'
Driver info: com.kms.katalon.selenium.driver.CChromeDriver
Capabilities {acceptInsecureCerts: false, browserName: chrome, browserVersion: 91.0.4472.77, chrome: {chromedriverVersion: 90.0.4430.24 (4c6d850f087da..., userDataDir: C:\Users\nttuan\AppData\Loc...}, goog:chromeOptions: {debuggerAddress: localhost:64532}, javascriptEnabled: true, networkConnectionEnabled: false, pageLoadStrategy: normal, platform: WINDOWS, platformName: WINDOWS, proxy: Proxy(), setWindowRect: true, strictFileInteractability: false, timeouts: {implicit: 0, pageLoad: 300000, script: 30000}, unhandledPromptBehavior: dismiss and notify, webauthn:extension:largeBlob: true, webauthn:virtualAuthenticators: true}
Session ID: 3da78bbc095930b8753e95487e580ff6
	at org.openqa.selenium.remote.http.W3CHttpResponseCodec.createException(W3CHttpResponseCodec.java:187)
	at org.openqa.selenium.remote.http.W3CHttpResponseCodec.decode(W3CHttpResponseCodec.java:122)
	at org.openqa.selenium.remote.http.W3CHttpResponseCodec.decode(W3CHttpResponseCodec.java:49)
	at org.openqa.selenium.remote.HttpCommandExecutor.execute(HttpCommandExecutor.java:158)
	at org.openqa.selenium.remote.service.DriverCommandExecutor.execute(DriverCommandExecutor.java:83)
	at org.openqa.selenium.remote.RemoteWebDriver.execute(RemoteWebDriver.java:552)
	at com.kms.katalon.selenium.driver.CChromeDriver.execute(CChromeDriver.java:19)
	at org.openqa.selenium.remote.RemoteWebElement.execute(RemoteWebElement.java:285)
	at org.openqa.selenium.remote.RemoteWebElement.click(RemoteWebElement.java:84)
	at org.openqa.selenium.support.events.EventFiringWebDriver$EventFiringWebElement.lambda$new$0(EventFiringWebDriver.java:404)
	at com.sun.proxy.$Proxy17.click(Unknown Source)
	at org.openqa.selenium.support.events.EventFiringWebDriver$EventFiringWebElement.click(EventFiringWebDriver.java:417)
	at com.kms.katalon.core.webui.keyword.builtin.ClickKeyword$_click_closure1.doCall(ClickKeyword.groovy:68)
	at com.kms.katalon.core.webui.keyword.builtin.ClickKeyword$_click_closure1.call(ClickKeyword.groovy)
	at com.kms.katalon.core.webui.keyword.internal.WebUIKeywordMain.runKeyword(WebUIKeywordMain.groovy:20)
	at com.kms.katalon.core.webui.keyword.builtin.ClickKeyword.click(ClickKeyword.groovy:75)
	at com.kms.katalon.core.webui.keyword.builtin.ClickKeyword.execute(ClickKeyword.groovy:42)
	at com.kms.katalon.core.keyword.internal.KeywordExecutor.executeKeywordForPlatform(KeywordExecutor.groovy:73)
	at com.kms.katalon.core.webui.keyword.WebUiBuiltInKeywords.click(WebUiBuiltInKeywords.groovy:619)
	at com.kms.katalon.core.webui.keyword.WebUiBuiltInKeywords$click$2.call(Unknown Source)
	at Script1622098923482.run(Script1622098923482.groovy:24)
	... 13 more
)

2021-05-30 02:56:25 - [TEST_STEP][PASSED] - click(findTestObject("Object Repository/SetStatus/Page_TEST CHANNEL - TEAM NAME Mattermost/img_TEAM NAME_Avatar Avatar-lg")): Object: 'Object Repository/SetStatus/Page_TEST CHANNEL - TEAM NAME Mattermost/img_TEAM NAME_Avatar Avatar-lg' is clicked on

2021-05-30 02:56:26 - [MESSAGE][PASSED] - Object: 'Object Repository/SetStatus/Page_TEST CHANNEL - TEAM NAME Mattermost/img_TEAM NAME_Avatar Avatar-lg' is clicked on

2021-05-30 02:56:26 - [TEST_STEP][PASSED] - click(findTestObject("Object Repository/SetStatus/Page_TEST CHANNEL - TEAM NAME Mattermost/button_on duty")): Object: 'Object Repository/SetStatus/Page_TEST CHANNEL - TEAM NAME Mattermost/button_on duty' is clicked on

2021-05-30 02:56:27 - [MESSAGE][PASSED] - Object: 'Object Repository/SetStatus/Page_TEST CHANNEL - TEAM NAME Mattermost/button_on duty' is clicked on

2021-05-30 02:56:27 - [TEST_STEP][PASSED] - setText(findTestObject("Object Repository/SetStatus/Page_TEST CHANNEL - TEAM NAME Mattermost/input_Set a status_MaxLengthInput form-control"), findTestData("Data CSV/Set Status").getValue(1, rowNum)): Text 'on business' is set on object 'Object Repository/SetStatus/Page_TEST CHANNEL - TEAM NAME Mattermost/input_Set a status_MaxLengthInput form-control'

2021-05-30 02:56:58 - [MESSAGE][INFO] - Unable to find the element located by 'By.xpath: (//input[@value=''])[2]'. Please recheck the objects properties to make sure the desired element is located. 

2021-05-30 02:56:58 - [MESSAGE][WARNING] - [SELF-HEALING] Failed to find element with id 'Object Repository/SetStatus/Page_TEST CHANNEL - TEAM NAME Mattermost/input_Set a status_MaxLengthInput form-control'. Try using Self-healing.

2021-05-30 02:56:58 - [MESSAGE][INFO] - [SELF-HEALING] Failed Locator: '(//input[@value=''])[2]'.

2021-05-30 02:56:58 - [MESSAGE][INFO] - [SELF-HEALING] Working Locator: '//div[@id='custom_status_modal']/div/div/form/div/div[2]/div/div/div[2]/input'.

2021-05-30 02:56:59 - [MESSAGE][INFO] - [SELF-HEALING] Screenshot: C:/Users/nttuan/Downloads/CDNC/mattermost-testing/Reports/Self-healing/Object Repository/SetStatus/Page_TEST CHANNEL - TEAM NAME Mattermost/input_Set a status_MaxLengthInput form-control_idRelative.png

2021-05-30 02:56:59 - [MESSAGE][WARNING] - [SELF-HEALING] The current locator of test object 'Object Repository/SetStatus/Page_TEST CHANNEL - TEAM NAME Mattermost/input_Set a status_MaxLengthInput form-control' was broken. Propose an alternative one: '//div[@id='custom_status_modal']/div/div/form/div/div[2]/div/div/div[2]/input'.

2021-05-30 02:57:30 - [MESSAGE][INFO] - Unable to find the element located by 'By.xpath: (//input[@value=''])[2]'. Please recheck the objects properties to make sure the desired element is located. 

2021-05-30 02:57:30 - [MESSAGE][WARNING] - [SELF-HEALING] Failed to find element with id 'Object Repository/SetStatus/Page_TEST CHANNEL - TEAM NAME Mattermost/input_Set a status_MaxLengthInput form-control'. Try using Self-healing.

2021-05-30 02:57:30 - [MESSAGE][WARNING] - [SELF-HEALING] The current locator of test object 'Object Repository/SetStatus/Page_TEST CHANNEL - TEAM NAME Mattermost/input_Set a status_MaxLengthInput form-control' was broken. Propose an alternative one: '//div[@id='custom_status_modal']/div/div/form/div/div[2]/div/div/div[2]/input'.

2021-05-30 02:57:30 - [MESSAGE][PASSED] - Text 'on business' is set on object 'Object Repository/SetStatus/Page_TEST CHANNEL - TEAM NAME Mattermost/input_Set a status_MaxLengthInput form-control'

2021-05-30 02:57:30 - [TEST_STEP][PASSED] - click(findTestObject("Object Repository/SetStatus/Page_TEST CHANNEL - TEAM NAME Mattermost/button_Set Status")): Object: 'Object Repository/SetStatus/Page_TEST CHANNEL - TEAM NAME Mattermost/button_Set Status' is clicked on

2021-05-30 02:57:31 - [MESSAGE][PASSED] - Object: 'Object Repository/SetStatus/Page_TEST CHANNEL - TEAM NAME Mattermost/button_Set Status' is clicked on

2021-05-30 02:57:31 - [TEST_STEP][FAILED] - click(findTestObject("Object Repository/SetStatus/Page_TEST CHANNEL - TEAM NAME Mattermost/img_TEAM NAME_Avatar Avatar-lg")): Unable to click on object 'Object Repository/SetStatus/Page_TEST CHANNEL - TEAM NAME Mattermost/img_TEAM NAME_Avatar Avatar-lg' (Root cause: com.kms.katalon.core.exception.StepFailedException: Unable to click on object 'Object Repository/SetStatus/Page_TEST CHANNEL - TEAM NAME Mattermost/img_TEAM NAME_Avatar Avatar-lg'
	at com.kms.katalon.core.webui.keyword.internal.WebUIKeywordMain.stepFailed(WebUIKeywordMain.groovy:64)
	at com.kms.katalon.core.webui.keyword.internal.WebUIKeywordMain.runKeyword(WebUIKeywordMain.groovy:26)
	at com.kms.katalon.core.webui.keyword.builtin.ClickKeyword.click(ClickKeyword.groovy:75)
	at com.kms.katalon.core.webui.keyword.builtin.ClickKeyword.execute(ClickKeyword.groovy:42)
	at com.kms.katalon.core.keyword.internal.KeywordExecutor.executeKeywordForPlatform(KeywordExecutor.groovy:73)
	at com.kms.katalon.core.webui.keyword.WebUiBuiltInKeywords.click(WebUiBuiltInKeywords.groovy:619)
	at com.kms.katalon.core.webui.keyword.WebUiBuiltInKeywords$click$2.call(Unknown Source)
	at SetStatus.run(SetStatus:24)
	at com.kms.katalon.core.main.ScriptEngine.run(ScriptEngine.java:194)
	at com.kms.katalon.core.main.ScriptEngine.runScriptAsRawText(ScriptEngine.java:119)
	at com.kms.katalon.core.main.TestCaseExecutor.runScript(TestCaseExecutor.java:398)
	at com.kms.katalon.core.main.TestCaseExecutor.doExecute(TestCaseExecutor.java:389)
	at com.kms.katalon.core.main.TestCaseExecutor.processExecutionPhase(TestCaseExecutor.java:368)
	at com.kms.katalon.core.main.TestCaseExecutor.accessMainPhase(TestCaseExecutor.java:360)
	at com.kms.katalon.core.main.TestCaseExecutor.execute(TestCaseExecutor.java:255)
	at com.kms.katalon.core.main.TestSuiteExecutor.accessTestCaseMainPhase(TestSuiteExecutor.java:203)
	at com.kms.katalon.core.main.TestSuiteExecutor.accessTestSuiteMainPhase(TestSuiteExecutor.java:152)
	at com.kms.katalon.core.main.TestSuiteExecutor.execute(TestSuiteExecutor.java:95)
	at com.kms.katalon.core.main.TestCaseMain.startTestSuite(TestCaseMain.java:157)
	at com.kms.katalon.core.main.TestCaseMain$startTestSuite$0.call(Unknown Source)
	at TempTestSuite1622342246554.run(TempTestSuite1622342246554.groovy:39)
Caused by: org.openqa.selenium.ElementClickInterceptedException: element click intercepted: Element <img class="Avatar Avatar-lg" alt="user profile image" src="https://chudenangcao2021.cf/api/v4/users/75sk9tnqntyaixbqarg1ps69we/image"> is not clickable at point (99, 30). Other element would receive the click: <div role="dialog" aria-labelledby="genericModalLabel" id="custom_status_modal" tabindex="-1" class="fade in modal" style="display: block;">...</div>
  (Session info: chrome=91.0.4472.77)
Build info: version: '3.141.59', revision: 'e82be7d358', time: '2018-11-14T08:25:53'
System info: host: 'WIN-SERVER-2019', ip: '10.1.0.4', os.name: 'Windows Server 2019', os.arch: 'amd64', os.version: '10.0', java.version: '1.8.0_282'
Driver info: com.kms.katalon.selenium.driver.CChromeDriver
Capabilities {acceptInsecureCerts: false, browserName: chrome, browserVersion: 91.0.4472.77, chrome: {chromedriverVersion: 90.0.4430.24 (4c6d850f087da..., userDataDir: C:\Users\nttuan\AppData\Loc...}, goog:chromeOptions: {debuggerAddress: localhost:64532}, javascriptEnabled: true, networkConnectionEnabled: false, pageLoadStrategy: normal, platform: WINDOWS, platformName: WINDOWS, proxy: Proxy(), setWindowRect: true, strictFileInteractability: false, timeouts: {implicit: 0, pageLoad: 300000, script: 30000}, unhandledPromptBehavior: dismiss and notify, webauthn:extension:largeBlob: true, webauthn:virtualAuthenticators: true}
Session ID: 3da78bbc095930b8753e95487e580ff6
	at org.openqa.selenium.remote.http.W3CHttpResponseCodec.createException(W3CHttpResponseCodec.java:187)
	at org.openqa.selenium.remote.http.W3CHttpResponseCodec.decode(W3CHttpResponseCodec.java:122)
	at org.openqa.selenium.remote.http.W3CHttpResponseCodec.decode(W3CHttpResponseCodec.java:49)
	at org.openqa.selenium.remote.HttpCommandExecutor.execute(HttpCommandExecutor.java:158)
	at org.openqa.selenium.remote.service.DriverCommandExecutor.execute(DriverCommandExecutor.java:83)
	at org.openqa.selenium.remote.RemoteWebDriver.execute(RemoteWebDriver.java:552)
	at com.kms.katalon.selenium.driver.CChromeDriver.execute(CChromeDriver.java:19)
	at org.openqa.selenium.remote.RemoteWebElement.execute(RemoteWebElement.java:285)
	at org.openqa.selenium.remote.RemoteWebElement.click(RemoteWebElement.java:84)
	at org.openqa.selenium.support.events.EventFiringWebDriver$EventFiringWebElement.lambda$new$0(EventFiringWebDriver.java:404)
	at com.sun.proxy.$Proxy17.click(Unknown Source)
	at org.openqa.selenium.support.events.EventFiringWebDriver$EventFiringWebElement.click(EventFiringWebDriver.java:417)
	at com.kms.katalon.core.webui.keyword.builtin.ClickKeyword$_click_closure1.doCall(ClickKeyword.groovy:68)
	at com.kms.katalon.core.webui.keyword.builtin.ClickKeyword$_click_closure1.call(ClickKeyword.groovy)
	at com.kms.katalon.core.webui.keyword.internal.WebUIKeywordMain.runKeyword(WebUIKeywordMain.groovy:20)
	at com.kms.katalon.core.webui.keyword.builtin.ClickKeyword.click(ClickKeyword.groovy:75)
	at com.kms.katalon.core.webui.keyword.builtin.ClickKeyword.execute(ClickKeyword.groovy:42)
	at com.kms.katalon.core.keyword.internal.KeywordExecutor.executeKeywordForPlatform(KeywordExecutor.groovy:73)
	at com.kms.katalon.core.webui.keyword.WebUiBuiltInKeywords.click(WebUiBuiltInKeywords.groovy:619)
	at com.kms.katalon.core.webui.keyword.WebUiBuiltInKeywords$click$2.call(Unknown Source)
	at Script1622098923482.run(Script1622098923482.groovy:24)
	... 13 more
)

2021-05-30 02:57:32 - [MESSAGE][FAILED] - Unable to click on object 'Object Repository/SetStatus/Page_TEST CHANNEL - TEAM NAME Mattermost/img_TEAM NAME_Avatar Avatar-lg' (Root cause: com.kms.katalon.core.exception.StepFailedException: Unable to click on object 'Object Repository/SetStatus/Page_TEST CHANNEL - TEAM NAME Mattermost/img_TEAM NAME_Avatar Avatar-lg'
	at com.kms.katalon.core.webui.keyword.internal.WebUIKeywordMain.stepFailed(WebUIKeywordMain.groovy:64)
	at com.kms.katalon.core.webui.keyword.internal.WebUIKeywordMain.runKeyword(WebUIKeywordMain.groovy:26)
	at com.kms.katalon.core.webui.keyword.builtin.ClickKeyword.click(ClickKeyword.groovy:75)
	at com.kms.katalon.core.webui.keyword.builtin.ClickKeyword.execute(ClickKeyword.groovy:42)
	at com.kms.katalon.core.keyword.internal.KeywordExecutor.executeKeywordForPlatform(KeywordExecutor.groovy:73)
	at com.kms.katalon.core.webui.keyword.WebUiBuiltInKeywords.click(WebUiBuiltInKeywords.groovy:619)
	at com.kms.katalon.core.webui.keyword.WebUiBuiltInKeywords$click$2.call(Unknown Source)
	at SetStatus.run(SetStatus:24)
	at com.kms.katalon.core.main.ScriptEngine.run(ScriptEngine.java:194)
	at com.kms.katalon.core.main.ScriptEngine.runScriptAsRawText(ScriptEngine.java:119)
	at com.kms.katalon.core.main.TestCaseExecutor.runScript(TestCaseExecutor.java:398)
	at com.kms.katalon.core.main.TestCaseExecutor.doExecute(TestCaseExecutor.java:389)
	at com.kms.katalon.core.main.TestCaseExecutor.processExecutionPhase(TestCaseExecutor.java:368)
	at com.kms.katalon.core.main.TestCaseExecutor.accessMainPhase(TestCaseExecutor.java:360)
	at com.kms.katalon.core.main.TestCaseExecutor.execute(TestCaseExecutor.java:255)
	at com.kms.katalon.core.main.TestSuiteExecutor.accessTestCaseMainPhase(TestSuiteExecutor.java:203)
	at com.kms.katalon.core.main.TestSuiteExecutor.accessTestSuiteMainPhase(TestSuiteExecutor.java:152)
	at com.kms.katalon.core.main.TestSuiteExecutor.execute(TestSuiteExecutor.java:95)
	at com.kms.katalon.core.main.TestCaseMain.startTestSuite(TestCaseMain.java:157)
	at com.kms.katalon.core.main.TestCaseMain$startTestSuite$0.call(Unknown Source)
	at TempTestSuite1622342246554.run(TempTestSuite1622342246554.groovy:39)
Caused by: org.openqa.selenium.ElementClickInterceptedException: element click intercepted: Element <img class="Avatar Avatar-lg" alt="user profile image" src="https://chudenangcao2021.cf/api/v4/users/75sk9tnqntyaixbqarg1ps69we/image"> is not clickable at point (99, 30). Other element would receive the click: <div role="dialog" aria-labelledby="genericModalLabel" id="custom_status_modal" tabindex="-1" class="fade in modal" style="display: block;">...</div>
  (Session info: chrome=91.0.4472.77)
Build info: version: '3.141.59', revision: 'e82be7d358', time: '2018-11-14T08:25:53'
System info: host: 'WIN-SERVER-2019', ip: '10.1.0.4', os.name: 'Windows Server 2019', os.arch: 'amd64', os.version: '10.0', java.version: '1.8.0_282'
Driver info: com.kms.katalon.selenium.driver.CChromeDriver
Capabilities {acceptInsecureCerts: false, browserName: chrome, browserVersion: 91.0.4472.77, chrome: {chromedriverVersion: 90.0.4430.24 (4c6d850f087da..., userDataDir: C:\Users\nttuan\AppData\Loc...}, goog:chromeOptions: {debuggerAddress: localhost:64532}, javascriptEnabled: true, networkConnectionEnabled: false, pageLoadStrategy: normal, platform: WINDOWS, platformName: WINDOWS, proxy: Proxy(), setWindowRect: true, strictFileInteractability: false, timeouts: {implicit: 0, pageLoad: 300000, script: 30000}, unhandledPromptBehavior: dismiss and notify, webauthn:extension:largeBlob: true, webauthn:virtualAuthenticators: true}
Session ID: 3da78bbc095930b8753e95487e580ff6
	at org.openqa.selenium.remote.http.W3CHttpResponseCodec.createException(W3CHttpResponseCodec.java:187)
	at org.openqa.selenium.remote.http.W3CHttpResponseCodec.decode(W3CHttpResponseCodec.java:122)
	at org.openqa.selenium.remote.http.W3CHttpResponseCodec.decode(W3CHttpResponseCodec.java:49)
	at org.openqa.selenium.remote.HttpCommandExecutor.execute(HttpCommandExecutor.java:158)
	at org.openqa.selenium.remote.service.DriverCommandExecutor.execute(DriverCommandExecutor.java:83)
	at org.openqa.selenium.remote.RemoteWebDriver.execute(RemoteWebDriver.java:552)
	at com.kms.katalon.selenium.driver.CChromeDriver.execute(CChromeDriver.java:19)
	at org.openqa.selenium.remote.RemoteWebElement.execute(RemoteWebElement.java:285)
	at org.openqa.selenium.remote.RemoteWebElement.click(RemoteWebElement.java:84)
	at org.openqa.selenium.support.events.EventFiringWebDriver$EventFiringWebElement.lambda$new$0(EventFiringWebDriver.java:404)
	at com.sun.proxy.$Proxy17.click(Unknown Source)
	at org.openqa.selenium.support.events.EventFiringWebDriver$EventFiringWebElement.click(EventFiringWebDriver.java:417)
	at com.kms.katalon.core.webui.keyword.builtin.ClickKeyword$_click_closure1.doCall(ClickKeyword.groovy:68)
	at com.kms.katalon.core.webui.keyword.builtin.ClickKeyword$_click_closure1.call(ClickKeyword.groovy)
	at com.kms.katalon.core.webui.keyword.internal.WebUIKeywordMain.runKeyword(WebUIKeywordMain.groovy:20)
	at com.kms.katalon.core.webui.keyword.builtin.ClickKeyword.click(ClickKeyword.groovy:75)
	at com.kms.katalon.core.webui.keyword.builtin.ClickKeyword.execute(ClickKeyword.groovy:42)
	at com.kms.katalon.core.keyword.internal.KeywordExecutor.executeKeywordForPlatform(KeywordExecutor.groovy:73)
	at com.kms.katalon.core.webui.keyword.WebUiBuiltInKeywords.click(WebUiBuiltInKeywords.groovy:619)
	at com.kms.katalon.core.webui.keyword.WebUiBuiltInKeywords$click$2.call(Unknown Source)
	at Script1622098923482.run(Script1622098923482.groovy:24)
	... 13 more
)
[[ATTACHMENT|C:\\Users\\nttuan\\Downloads\\CDNC\\mattermost-testing\\Reports\\20210530_023726\\Run all test cases\\20210530_023726\\1622343452585.png]]]]></system-out>
         <system-err><![CDATA[2021-05-30 02:56:20 - [TEST_CASE][FAILED] - Test Cases/Data CSV Test Case/SetStatus: Test Cases/Data CSV Test Case/SetStatus FAILED.
Reason:
com.kms.katalon.core.exception.StepFailedException: Unable to click on object 'Object Repository/SetStatus/Page_TEST CHANNEL - TEAM NAME Mattermost/img_TEAM NAME_Avatar Avatar-lg'
	at com.kms.katalon.core.webui.keyword.internal.WebUIKeywordMain.stepFailed(WebUIKeywordMain.groovy:64)
	at com.kms.katalon.core.webui.keyword.internal.WebUIKeywordMain.runKeyword(WebUIKeywordMain.groovy:26)
	at com.kms.katalon.core.webui.keyword.builtin.ClickKeyword.click(ClickKeyword.groovy:75)
	at com.kms.katalon.core.webui.keyword.builtin.ClickKeyword.execute(ClickKeyword.groovy:42)
	at com.kms.katalon.core.keyword.internal.KeywordExecutor.executeKeywordForPlatform(KeywordExecutor.groovy:73)
	at com.kms.katalon.core.webui.keyword.WebUiBuiltInKeywords.click(WebUiBuiltInKeywords.groovy:619)
	at com.kms.katalon.core.webui.keyword.WebUiBuiltInKeywords$click$2.call(Unknown Source)
	at SetStatus.run(SetStatus:24)
	at com.kms.katalon.core.main.ScriptEngine.run(ScriptEngine.java:194)
	at com.kms.katalon.core.main.ScriptEngine.runScriptAsRawText(ScriptEngine.java:119)
	at com.kms.katalon.core.main.TestCaseExecutor.runScript(TestCaseExecutor.java:398)
	at com.kms.katalon.core.main.TestCaseExecutor.doExecute(TestCaseExecutor.java:389)
	at com.kms.katalon.core.main.TestCaseExecutor.processExecutionPhase(TestCaseExecutor.java:368)
	at com.kms.katalon.core.main.TestCaseExecutor.accessMainPhase(TestCaseExecutor.java:360)
	at com.kms.katalon.core.main.TestCaseExecutor.execute(TestCaseExecutor.java:255)
	at com.kms.katalon.core.main.TestSuiteExecutor.accessTestCaseMainPhase(TestSuiteExecutor.java:203)
	at com.kms.katalon.core.main.TestSuiteExecutor.accessTestSuiteMainPhase(TestSuiteExecutor.java:152)
	at com.kms.katalon.core.main.TestSuiteExecutor.execute(TestSuiteExecutor.java:95)
	at com.kms.katalon.core.main.TestCaseMain.startTestSuite(TestCaseMain.java:157)
	at com.kms.katalon.core.main.TestCaseMain$startTestSuite$0.call(Unknown Source)
	at TempTestSuite1622342246554.run(TempTestSuite1622342246554.groovy:39)
Caused by: org.openqa.selenium.ElementClickInterceptedException: element click intercepted: Element <img class="Avatar Avatar-lg" alt="user profile image" src="https://chudenangcao2021.cf/api/v4/users/75sk9tnqntyaixbqarg1ps69we/image"> is not clickable at point (99, 30). Other element would receive the click: <div role="dialog" aria-labelledby="genericModalLabel" id="custom_status_modal" tabindex="-1" class="fade in modal" style="display: block;">...</div>
  (Session info: chrome=91.0.4472.77)
Build info: version: '3.141.59', revision: 'e82be7d358', time: '2018-11-14T08:25:53'
System info: host: 'WIN-SERVER-2019', ip: '10.1.0.4', os.name: 'Windows Server 2019', os.arch: 'amd64', os.version: '10.0', java.version: '1.8.0_282'
Driver info: com.kms.katalon.selenium.driver.CChromeDriver
Capabilities {acceptInsecureCerts: false, browserName: chrome, browserVersion: 91.0.4472.77, chrome: {chromedriverVersion: 90.0.4430.24 (4c6d850f087da..., userDataDir: C:\Users\nttuan\AppData\Loc...}, goog:chromeOptions: {debuggerAddress: localhost:64532}, javascriptEnabled: true, networkConnectionEnabled: false, pageLoadStrategy: normal, platform: WINDOWS, platformName: WINDOWS, proxy: Proxy(), setWindowRect: true, strictFileInteractability: false, timeouts: {implicit: 0, pageLoad: 300000, script: 30000}, unhandledPromptBehavior: dismiss and notify, webauthn:extension:largeBlob: true, webauthn:virtualAuthenticators: true}
Session ID: 3da78bbc095930b8753e95487e580ff6
	at org.openqa.selenium.remote.http.W3CHttpResponseCodec.createException(W3CHttpResponseCodec.java:187)
	at org.openqa.selenium.remote.http.W3CHttpResponseCodec.decode(W3CHttpResponseCodec.java:122)
	at org.openqa.selenium.remote.http.W3CHttpResponseCodec.decode(W3CHttpResponseCodec.java:49)
	at org.openqa.selenium.remote.HttpCommandExecutor.execute(HttpCommandExecutor.java:158)
	at org.openqa.selenium.remote.service.DriverCommandExecutor.execute(DriverCommandExecutor.java:83)
	at org.openqa.selenium.remote.RemoteWebDriver.execute(RemoteWebDriver.java:552)
	at com.kms.katalon.selenium.driver.CChromeDriver.execute(CChromeDriver.java:19)
	at org.openqa.selenium.remote.RemoteWebElement.execute(RemoteWebElement.java:285)
	at org.openqa.selenium.remote.RemoteWebElement.click(RemoteWebElement.java:84)
	at org.openqa.selenium.support.events.EventFiringWebDriver$EventFiringWebElement.lambda$new$0(EventFiringWebDriver.java:404)
	at com.sun.proxy.$Proxy17.click(Unknown Source)
	at org.openqa.selenium.support.events.EventFiringWebDriver$EventFiringWebElement.click(EventFiringWebDriver.java:417)
	at com.kms.katalon.core.webui.keyword.builtin.ClickKeyword$_click_closure1.doCall(ClickKeyword.groovy:68)
	at com.kms.katalon.core.webui.keyword.builtin.ClickKeyword$_click_closure1.call(ClickKeyword.groovy)
	at com.kms.katalon.core.webui.keyword.internal.WebUIKeywordMain.runKeyword(WebUIKeywordMain.groovy:20)
	... 19 more]]></system-err>
      </testcase>
      <testcase name="Test Cases/TestCasesIf/CallChangeTime" time="12.028" classname="Test Cases/TestCasesIf/CallChangeTime" status="PASSED">
         <system-out><![CDATA[2021-05-30 02:57:32 - [TEST_CASE][PASSED] - Test Cases/TestCasesIf/CallChangeTime: Test Cases/TestCasesIf/CallChangeTime

2021-05-30 02:57:32 - [TEST_STEP][PASSED] - callTestCase(findTestCase("Test Cases/TestCasesIf/Time24hIfUserNameThanTen"), ["username":"cxtuan", "password":"01672471821nT@"]): Call Test Case 'Test Cases/TestCasesIf/Time24hIfUserNameThanTen' successfully

2021-05-30 02:57:33 - [TEST_CASE][PASSED] - Test Cases/TestCasesIf/Time24hIfUserNameThanTen: Test Cases/TestCasesIf/Time24hIfUserNameThanTen

2021-05-30 02:57:33 - [TEST_STEP][PASSED] - callTestCase(findTestCase("Test Cases/Common Test Cases/Login"), ["Username":username, "Password":password]): Call Test Case 'Test Cases/Common Test Cases/Login' successfully

2021-05-30 02:57:33 - [TEST_CASE][PASSED] - Test Cases/Common Test Cases/Login: Test Cases/Common Test Cases/Login

2021-05-30 02:57:33 - [TEST_STEP][PASSED] - openBrowser(""): Browser is opened with url: ''

2021-05-30 02:57:33 - [MESSAGE][WARNING] - A browser is already opened. Closing browser and opening a new one

2021-05-30 02:57:34 - [MESSAGE][INFO] - Starting 'Chrome' driver

2021-05-30 02:57:34 - [MESSAGE][INFO] - Action delay is set to 0 milliseconds

2021-05-30 02:57:35 - [MESSAGE][PASSED] - Browser is opened with url: ''

2021-05-30 02:57:35 - [TEST_STEP][PASSED] - navigateToUrl("https://chudenangcao2021.cf/"): Navigate to 'https://chudenangcao2021.cf/' successfully

2021-05-30 02:57:35 - [MESSAGE][PASSED] - Navigate to 'https://chudenangcao2021.cf/' successfully

2021-05-30 02:57:35 - [TEST_STEP][PASSED] - setText(findTestObject("Object Repository/Page_Mattermost/input_All team communication in one place, _dcc84b"), Username): Text 'cxtuan' is set on object 'Object Repository/Page_Mattermost/input_All team communication in one place, _dcc84b'

2021-05-30 02:57:37 - [MESSAGE][PASSED] - Text 'cxtuan' is set on object 'Object Repository/Page_Mattermost/input_All team communication in one place, _dcc84b'

2021-05-30 02:57:37 - [TEST_STEP][PASSED] - setText(findTestObject("Object Repository/Page_Mattermost/input_All team communication in one place, _a3edc6"), Password): Text '01672471821nT@' is set on object 'Object Repository/Page_Mattermost/input_All team communication in one place, _a3edc6'

2021-05-30 02:57:38 - [MESSAGE][PASSED] - Text '01672471821nT@' is set on object 'Object Repository/Page_Mattermost/input_All team communication in one place, _a3edc6'

2021-05-30 02:57:38 - [TEST_STEP][PASSED] - click(findTestObject("Object Repository/Page_Mattermost/button_Sign in")): Object: 'Object Repository/Page_Mattermost/button_Sign in' is clicked on

2021-05-30 02:57:38 - [MESSAGE][PASSED] - Object: 'Object Repository/Page_Mattermost/button_Sign in' is clicked on

2021-05-30 02:57:38 - [TEST_STEP][PASSED] - verifyLinksAccessible(["https://chudenangcao2021.cf/cdnc-cnpm-2021/channels"]): All links are accessible

2021-05-30 02:57:38 - [MESSAGE][INFO] - HAR: C:\Users\nttuan\Downloads\CDNC\mattermost-testing\Reports\20210530_023726\Run all test cases\20210530_023726\requests\main\52.har

2021-05-30 02:57:38 - [MESSAGE][PASSED] - Send request successfully

2021-05-30 02:57:38 - [MESSAGE][PASSED] - All links are accessible

2021-05-30 02:57:38 - [MESSAGE][PASSED] - Call Test Case 'Test Cases/Common Test Cases/Login' successfully

2021-05-30 02:57:38 - [TEST_STEP][PASSED] - object = findTestObject("Object Repository/IFObject/Page_TEST CHANNEL - TEAM NAME Mattermost/button_cxtuan_style--none sidebar-header-dropdown__icon"): null

2021-05-30 02:57:38 - [TEST_STEP][PASSED] - bool = false: null

2021-05-30 02:57:38 - [TEST_STEP][PASSED] - try: Object 'Object Repository/IFObject/Page_TEST CHANNEL - TEAM NAME Mattermost/button_cxtuan_style--none sidebar-header-dropdown__icon' is present

2021-05-30 02:57:38 - [TEST_STEP][PASSED] - bool = verifyElementPresent(object, 0): Object 'Object Repository/IFObject/Page_TEST CHANNEL - TEAM NAME Mattermost/button_cxtuan_style--none sidebar-header-dropdown__icon' is present

2021-05-30 02:57:38 - [MESSAGE][WARNING] - Timeout '0' is invalid. Using default page load timeout: '30'

2021-05-30 02:57:40 - [MESSAGE][PASSED] - Object 'Object Repository/IFObject/Page_TEST CHANNEL - TEAM NAME Mattermost/button_cxtuan_style--none sidebar-header-dropdown__icon' is present

2021-05-30 02:57:40 - [TEST_STEP][PASSED] - Finally: Browser is closed

2021-05-30 02:57:40 - [TEST_STEP][PASSED] - if (bool && username.length() < 10): Browser is closed

2021-05-30 02:57:40 - [TEST_STEP][PASSED] - click(object): Object: 'Object Repository/IFObject/Page_TEST CHANNEL - TEAM NAME Mattermost/button_cxtuan_style--none sidebar-header-dropdown__icon' is clicked on

2021-05-30 02:57:40 - [MESSAGE][PASSED] - Object: 'Object Repository/IFObject/Page_TEST CHANNEL - TEAM NAME Mattermost/button_cxtuan_style--none sidebar-header-dropdown__icon' is clicked on

2021-05-30 02:57:40 - [TEST_STEP][PASSED] - click(findTestObject("Object Repository/IFObject/Page_TEST CHANNEL - TEAM NAME Mattermost/button_Account Settings")): Object: 'Object Repository/IFObject/Page_TEST CHANNEL - TEAM NAME Mattermost/button_Account Settings' is clicked on

2021-05-30 02:57:41 - [MESSAGE][PASSED] - Object: 'Object Repository/IFObject/Page_TEST CHANNEL - TEAM NAME Mattermost/button_Account Settings' is clicked on

2021-05-30 02:57:41 - [TEST_STEP][PASSED] - click(findTestObject("Object Repository/IFObject/Page_TEST CHANNEL - TEAM NAME Mattermost/button_Display")): Object: 'Object Repository/IFObject/Page_TEST CHANNEL - TEAM NAME Mattermost/button_Display' is clicked on

2021-05-30 02:57:42 - [MESSAGE][PASSED] - Object: 'Object Repository/IFObject/Page_TEST CHANNEL - TEAM NAME Mattermost/button_Display' is clicked on

2021-05-30 02:57:42 - [TEST_STEP][PASSED] - click(findTestObject("Object Repository/IFObject/Page_TEST CHANNEL - TEAM NAME Mattermost/div_Clock DisplayEdit")): Object: 'Object Repository/IFObject/Page_TEST CHANNEL - TEAM NAME Mattermost/div_Clock DisplayEdit' is clicked on

2021-05-30 02:57:42 - [MESSAGE][PASSED] - Object: 'Object Repository/IFObject/Page_TEST CHANNEL - TEAM NAME Mattermost/div_Clock DisplayEdit' is clicked on

2021-05-30 02:57:42 - [TEST_STEP][PASSED] - click(findTestObject("Object Repository/IFObject/Page_TEST CHANNEL - TEAM NAME Mattermost/label_24-hour clock (example 1600)")): Object: 'Object Repository/IFObject/Page_TEST CHANNEL - TEAM NAME Mattermost/label_24-hour clock (example 1600)' is clicked on

2021-05-30 02:57:43 - [MESSAGE][PASSED] - Object: 'Object Repository/IFObject/Page_TEST CHANNEL - TEAM NAME Mattermost/label_24-hour clock (example 1600)' is clicked on

2021-05-30 02:57:43 - [TEST_STEP][PASSED] - click(findTestObject("Object Repository/IFObject/Page_TEST CHANNEL - TEAM NAME Mattermost/button_Save")): Object: 'Object Repository/IFObject/Page_TEST CHANNEL - TEAM NAME Mattermost/button_Save' is clicked on

2021-05-30 02:57:43 - [MESSAGE][PASSED] - Object: 'Object Repository/IFObject/Page_TEST CHANNEL - TEAM NAME Mattermost/button_Save' is clicked on

2021-05-30 02:57:43 - [TEST_STEP][PASSED] - click(findTestObject("Object Repository/IFObject/Page_TEST CHANNEL - TEAM NAME Mattermost/button_Close")): Object: 'Object Repository/IFObject/Page_TEST CHANNEL - TEAM NAME Mattermost/button_Close' is clicked on

2021-05-30 02:57:44 - [MESSAGE][PASSED] - Object: 'Object Repository/IFObject/Page_TEST CHANNEL - TEAM NAME Mattermost/button_Close' is clicked on

2021-05-30 02:57:44 - [TEST_STEP][PASSED] - closeBrowser(): Browser is closed

2021-05-30 02:57:44 - [MESSAGE][PASSED] - Browser is closed

2021-05-30 02:57:44 - [MESSAGE][PASSED] - Call Test Case 'Test Cases/TestCasesIf/Time24hIfUserNameThanTen' successfully]]></system-out>
         <system-err><![CDATA[]]></system-err>
      </testcase>
      <testcase name="Test Cases/TestCasesIf/CallChangeUserName" time="15.879" classname="Test Cases/TestCasesIf/CallChangeUserName" status="PASSED">
         <system-out><![CDATA[2021-05-30 02:57:44 - [TEST_CASE][PASSED] - Test Cases/TestCasesIf/CallChangeUserName: Test Cases/TestCasesIf/CallChangeUserName

2021-05-30 02:57:45 - [TEST_STEP][PASSED] - callTestCase(findTestCase("TestCasesIf/ChangeUserNameIfLessTen"), ["username":"cxtuan", "password":"01672471821nT@"]): Call Test Case 'Test Cases/TestCasesIf/ChangeUserNameIfLessTen' successfully

2021-05-30 02:57:45 - [TEST_CASE][PASSED] - Test Cases/TestCasesIf/ChangeUserNameIfLessTen: Test Cases/TestCasesIf/ChangeUserNameIfLessTen

2021-05-30 02:57:45 - [TEST_STEP][PASSED] - callTestCase(findTestCase("Test Cases/Common Test Cases/Login"), ["Username":username, "Password":password]): Call Test Case 'Test Cases/Common Test Cases/Login' successfully

2021-05-30 02:57:45 - [TEST_CASE][PASSED] - Test Cases/Common Test Cases/Login: Test Cases/Common Test Cases/Login

2021-05-30 02:57:45 - [TEST_STEP][PASSED] - openBrowser(""): Browser is opened with url: ''

2021-05-30 02:57:45 - [MESSAGE][INFO] - Starting 'Chrome' driver

2021-05-30 02:57:45 - [MESSAGE][INFO] - Action delay is set to 0 milliseconds

2021-05-30 02:57:46 - [MESSAGE][PASSED] - Browser is opened with url: ''

2021-05-30 02:57:46 - [TEST_STEP][PASSED] - navigateToUrl("https://chudenangcao2021.cf/"): Navigate to 'https://chudenangcao2021.cf/' successfully

2021-05-30 02:57:47 - [MESSAGE][PASSED] - Navigate to 'https://chudenangcao2021.cf/' successfully

2021-05-30 02:57:47 - [TEST_STEP][PASSED] - setText(findTestObject("Object Repository/Page_Mattermost/input_All team communication in one place, _dcc84b"), Username): Text 'cxtuan' is set on object 'Object Repository/Page_Mattermost/input_All team communication in one place, _dcc84b'

2021-05-30 02:57:48 - [MESSAGE][PASSED] - Text 'cxtuan' is set on object 'Object Repository/Page_Mattermost/input_All team communication in one place, _dcc84b'

2021-05-30 02:57:48 - [TEST_STEP][PASSED] - setText(findTestObject("Object Repository/Page_Mattermost/input_All team communication in one place, _a3edc6"), Password): Text '01672471821nT@' is set on object 'Object Repository/Page_Mattermost/input_All team communication in one place, _a3edc6'

2021-05-30 02:57:49 - [MESSAGE][PASSED] - Text '01672471821nT@' is set on object 'Object Repository/Page_Mattermost/input_All team communication in one place, _a3edc6'

2021-05-30 02:57:49 - [TEST_STEP][PASSED] - click(findTestObject("Object Repository/Page_Mattermost/button_Sign in")): Object: 'Object Repository/Page_Mattermost/button_Sign in' is clicked on

2021-05-30 02:57:49 - [MESSAGE][PASSED] - Object: 'Object Repository/Page_Mattermost/button_Sign in' is clicked on

2021-05-30 02:57:49 - [TEST_STEP][PASSED] - verifyLinksAccessible(["https://chudenangcao2021.cf/cdnc-cnpm-2021/channels"]): All links are accessible

2021-05-30 02:57:50 - [MESSAGE][INFO] - HAR: C:\Users\nttuan\Downloads\CDNC\mattermost-testing\Reports\20210530_023726\Run all test cases\20210530_023726\requests\main\53.har

2021-05-30 02:57:50 - [MESSAGE][PASSED] - Send request successfully

2021-05-30 02:57:50 - [MESSAGE][PASSED] - All links are accessible

2021-05-30 02:57:50 - [MESSAGE][PASSED] - Call Test Case 'Test Cases/Common Test Cases/Login' successfully

2021-05-30 02:57:50 - [TEST_STEP][PASSED] - object = findTestObject("Object Repository/IFObject/Page_TEST CHANNEL - TEAM NAME Mattermost/button_cxtuan_style--none sidebar-header-dropdown__icon"): null

2021-05-30 02:57:50 - [TEST_STEP][PASSED] - bool = false: null

2021-05-30 02:57:50 - [TEST_STEP][PASSED] - try: Object 'Object Repository/IFObject/Page_TEST CHANNEL - TEAM NAME Mattermost/button_cxtuan_style--none sidebar-header-dropdown__icon' is present

2021-05-30 02:57:50 - [TEST_STEP][PASSED] - bool = verifyElementPresent(object, 0): Object 'Object Repository/IFObject/Page_TEST CHANNEL - TEAM NAME Mattermost/button_cxtuan_style--none sidebar-header-dropdown__icon' is present

2021-05-30 02:57:50 - [MESSAGE][WARNING] - Timeout '0' is invalid. Using default page load timeout: '30'

2021-05-30 02:57:51 - [MESSAGE][PASSED] - Object 'Object Repository/IFObject/Page_TEST CHANNEL - TEAM NAME Mattermost/button_cxtuan_style--none sidebar-header-dropdown__icon' is present

2021-05-30 02:57:51 - [TEST_STEP][PASSED] - Finally: Browser is closed

2021-05-30 02:57:51 - [TEST_STEP][PASSED] - if (bool && username.length() < 10): Browser is closed

2021-05-30 02:57:51 - [TEST_STEP][PASSED] - click(object): Object: 'Object Repository/IFObject/Page_TEST CHANNEL - TEAM NAME Mattermost/button_cxtuan_style--none sidebar-header-dropdown__icon' is clicked on

2021-05-30 02:57:51 - [MESSAGE][PASSED] - Object: 'Object Repository/IFObject/Page_TEST CHANNEL - TEAM NAME Mattermost/button_cxtuan_style--none sidebar-header-dropdown__icon' is clicked on

2021-05-30 02:57:51 - [TEST_STEP][PASSED] - click(findTestObject("Object Repository/IFObject/Page_TEST CHANNEL - TEAM NAME Mattermost/button_Account Settings")): Object: 'Object Repository/IFObject/Page_TEST CHANNEL - TEAM NAME Mattermost/button_Account Settings' is clicked on

2021-05-30 02:57:52 - [MESSAGE][PASSED] - Object: 'Object Repository/IFObject/Page_TEST CHANNEL - TEAM NAME Mattermost/button_Account Settings' is clicked on

2021-05-30 02:57:52 - [TEST_STEP][PASSED] - click(findTestObject("Object Repository/IFObject/Page_TEST CHANNEL - TEAM NAME Mattermost/div_UsernameEdit")): Object: 'Object Repository/IFObject/Page_TEST CHANNEL - TEAM NAME Mattermost/div_UsernameEdit' is clicked on

2021-05-30 02:57:52 - [MESSAGE][PASSED] - Object: 'Object Repository/IFObject/Page_TEST CHANNEL - TEAM NAME Mattermost/div_UsernameEdit' is clicked on

2021-05-30 02:57:52 - [TEST_STEP][PASSED] - setText(findTestObject("Object Repository/IFObject/Page_TEST CHANNEL - TEAM NAME Mattermost/input_Username_username"), username + username): Text 'cxtuancxtuan' is set on object 'Object Repository/IFObject/Page_TEST CHANNEL - TEAM NAME Mattermost/input_Username_username'

2021-05-30 02:57:53 - [MESSAGE][PASSED] - Text 'cxtuancxtuan' is set on object 'Object Repository/IFObject/Page_TEST CHANNEL - TEAM NAME Mattermost/input_Username_username'

2021-05-30 02:57:53 - [TEST_STEP][PASSED] - click(findTestObject("IFObject/Page_TEST CHANNEL - TEAM NAME Mattermost/button_Save_EditUserName")): Object: 'Object Repository/IFObject/Page_TEST CHANNEL - TEAM NAME Mattermost/button_Save_EditUserName' is clicked on

2021-05-30 02:57:54 - [MESSAGE][PASSED] - Object: 'Object Repository/IFObject/Page_TEST CHANNEL - TEAM NAME Mattermost/button_Save_EditUserName' is clicked on

2021-05-30 02:57:54 - [TEST_STEP][PASSED] - click(findTestObject("IFObject/Page_TEST CHANNEL - TEAM NAME Mattermost/button_Close_Edit_UserName")): Object: 'Object Repository/IFObject/Page_TEST CHANNEL - TEAM NAME Mattermost/button_Close_Edit_UserName' is clicked on

2021-05-30 02:57:54 - [MESSAGE][PASSED] - Object: 'Object Repository/IFObject/Page_TEST CHANNEL - TEAM NAME Mattermost/button_Close_Edit_UserName' is clicked on

2021-05-30 02:57:54 - [TEST_STEP][PASSED] - Thread.sleep(2000): null

2021-05-30 02:57:56 - [TEST_STEP][PASSED] - click(object): Object: 'Object Repository/IFObject/Page_TEST CHANNEL - TEAM NAME Mattermost/button_cxtuan_style--none sidebar-header-dropdown__icon' is clicked on

2021-05-30 02:57:57 - [MESSAGE][PASSED] - Object: 'Object Repository/IFObject/Page_TEST CHANNEL - TEAM NAME Mattermost/button_cxtuan_style--none sidebar-header-dropdown__icon' is clicked on

2021-05-30 02:57:57 - [TEST_STEP][PASSED] - click(findTestObject("Object Repository/IFObject/Page_TEST CHANNEL - TEAM NAME Mattermost/button_Account Settings")): Object: 'Object Repository/IFObject/Page_TEST CHANNEL - TEAM NAME Mattermost/button_Account Settings' is clicked on

2021-05-30 02:57:57 - [MESSAGE][PASSED] - Object: 'Object Repository/IFObject/Page_TEST CHANNEL - TEAM NAME Mattermost/button_Account Settings' is clicked on

2021-05-30 02:57:57 - [TEST_STEP][PASSED] - click(findTestObject("Object Repository/IFObject/Page_TEST CHANNEL - TEAM NAME Mattermost/div_UsernameEdit")): Object: 'Object Repository/IFObject/Page_TEST CHANNEL - TEAM NAME Mattermost/div_UsernameEdit' is clicked on

2021-05-30 02:57:58 - [MESSAGE][PASSED] - Object: 'Object Repository/IFObject/Page_TEST CHANNEL - TEAM NAME Mattermost/div_UsernameEdit' is clicked on

2021-05-30 02:57:58 - [TEST_STEP][PASSED] - setText(findTestObject("Object Repository/IFObject/Page_TEST CHANNEL - TEAM NAME Mattermost/input_Username_username"), username): Text 'cxtuan' is set on object 'Object Repository/IFObject/Page_TEST CHANNEL - TEAM NAME Mattermost/input_Username_username'

2021-05-30 02:57:58 - [MESSAGE][PASSED] - Text 'cxtuan' is set on object 'Object Repository/IFObject/Page_TEST CHANNEL - TEAM NAME Mattermost/input_Username_username'

2021-05-30 02:57:58 - [TEST_STEP][PASSED] - click(findTestObject("IFObject/Page_TEST CHANNEL - TEAM NAME Mattermost/button_Save_EditUserName")): Object: 'Object Repository/IFObject/Page_TEST CHANNEL - TEAM NAME Mattermost/button_Save_EditUserName' is clicked on

2021-05-30 02:57:59 - [MESSAGE][PASSED] - Object: 'Object Repository/IFObject/Page_TEST CHANNEL - TEAM NAME Mattermost/button_Save_EditUserName' is clicked on

2021-05-30 02:57:59 - [TEST_STEP][PASSED] - click(findTestObject("IFObject/Page_TEST CHANNEL - TEAM NAME Mattermost/button_Close_Edit_UserName")): Object: 'Object Repository/IFObject/Page_TEST CHANNEL - TEAM NAME Mattermost/button_Close_Edit_UserName' is clicked on

2021-05-30 02:57:59 - [MESSAGE][PASSED] - Object: 'Object Repository/IFObject/Page_TEST CHANNEL - TEAM NAME Mattermost/button_Close_Edit_UserName' is clicked on

2021-05-30 02:57:59 - [TEST_STEP][PASSED] - closeBrowser(): Browser is closed

2021-05-30 02:58:00 - [MESSAGE][PASSED] - Browser is closed

2021-05-30 02:58:00 - [MESSAGE][PASSED] - Call Test Case 'Test Cases/TestCasesIf/ChangeUserNameIfLessTen' successfully]]></system-out>
         <system-err><![CDATA[]]></system-err>
      </testcase>
      <testcase name="Test Cases/TestCasesIf/ChangeUserNameIfLessTen" time="14.869" classname="Test Cases/TestCasesIf/ChangeUserNameIfLessTen" status="PASSED">
         <system-out><![CDATA[2021-05-30 02:58:00 - [TEST_CASE][PASSED] - Test Cases/TestCasesIf/ChangeUserNameIfLessTen: Test Cases/TestCasesIf/ChangeUserNameIfLessTen

2021-05-30 02:58:00 - [TEST_STEP][PASSED] - callTestCase(findTestCase("Test Cases/Common Test Cases/Login"), ["Username":username, "Password":password]): Call Test Case 'Test Cases/Common Test Cases/Login' successfully

2021-05-30 02:58:00 - [TEST_CASE][PASSED] - Test Cases/Common Test Cases/Login: Test Cases/Common Test Cases/Login

2021-05-30 02:58:00 - [TEST_STEP][PASSED] - openBrowser(""): Browser is opened with url: ''

2021-05-30 02:58:00 - [MESSAGE][INFO] - Starting 'Chrome' driver

2021-05-30 02:58:00 - [MESSAGE][INFO] - Action delay is set to 0 milliseconds

2021-05-30 02:58:01 - [MESSAGE][PASSED] - Browser is opened with url: ''

2021-05-30 02:58:01 - [TEST_STEP][PASSED] - navigateToUrl("https://chudenangcao2021.cf/"): Navigate to 'https://chudenangcao2021.cf/' successfully

2021-05-30 02:58:02 - [MESSAGE][PASSED] - Navigate to 'https://chudenangcao2021.cf/' successfully

2021-05-30 02:58:02 - [TEST_STEP][PASSED] - setText(findTestObject("Object Repository/Page_Mattermost/input_All team communication in one place, _dcc84b"), Username): Text 'cxtuan' is set on object 'Object Repository/Page_Mattermost/input_All team communication in one place, _dcc84b'

2021-05-30 02:58:03 - [MESSAGE][PASSED] - Text 'cxtuan' is set on object 'Object Repository/Page_Mattermost/input_All team communication in one place, _dcc84b'

2021-05-30 02:58:03 - [TEST_STEP][PASSED] - setText(findTestObject("Object Repository/Page_Mattermost/input_All team communication in one place, _a3edc6"), Password): Text '01672471821nT@' is set on object 'Object Repository/Page_Mattermost/input_All team communication in one place, _a3edc6'

2021-05-30 02:58:04 - [MESSAGE][PASSED] - Text '01672471821nT@' is set on object 'Object Repository/Page_Mattermost/input_All team communication in one place, _a3edc6'

2021-05-30 02:58:04 - [TEST_STEP][PASSED] - click(findTestObject("Object Repository/Page_Mattermost/button_Sign in")): Object: 'Object Repository/Page_Mattermost/button_Sign in' is clicked on

2021-05-30 02:58:05 - [MESSAGE][PASSED] - Object: 'Object Repository/Page_Mattermost/button_Sign in' is clicked on

2021-05-30 02:58:05 - [TEST_STEP][PASSED] - verifyLinksAccessible(["https://chudenangcao2021.cf/cdnc-cnpm-2021/channels"]): All links are accessible

2021-05-30 02:58:05 - [MESSAGE][INFO] - HAR: C:\Users\nttuan\Downloads\CDNC\mattermost-testing\Reports\20210530_023726\Run all test cases\20210530_023726\requests\main\54.har

2021-05-30 02:58:05 - [MESSAGE][PASSED] - Send request successfully

2021-05-30 02:58:05 - [MESSAGE][PASSED] - All links are accessible

2021-05-30 02:58:05 - [MESSAGE][PASSED] - Call Test Case 'Test Cases/Common Test Cases/Login' successfully

2021-05-30 02:58:05 - [TEST_STEP][PASSED] - object = findTestObject("Object Repository/IFObject/Page_TEST CHANNEL - TEAM NAME Mattermost/button_cxtuan_style--none sidebar-header-dropdown__icon"): null

2021-05-30 02:58:05 - [TEST_STEP][PASSED] - bool = false: null

2021-05-30 02:58:05 - [TEST_STEP][PASSED] - try: Object 'Object Repository/IFObject/Page_TEST CHANNEL - TEAM NAME Mattermost/button_cxtuan_style--none sidebar-header-dropdown__icon' is present

2021-05-30 02:58:05 - [TEST_STEP][PASSED] - bool = verifyElementPresent(object, 0): Object 'Object Repository/IFObject/Page_TEST CHANNEL - TEAM NAME Mattermost/button_cxtuan_style--none sidebar-header-dropdown__icon' is present

2021-05-30 02:58:05 - [MESSAGE][WARNING] - Timeout '0' is invalid. Using default page load timeout: '30'

2021-05-30 02:58:06 - [MESSAGE][PASSED] - Object 'Object Repository/IFObject/Page_TEST CHANNEL - TEAM NAME Mattermost/button_cxtuan_style--none sidebar-header-dropdown__icon' is present

2021-05-30 02:58:06 - [TEST_STEP][PASSED] - Finally: Browser is closed

2021-05-30 02:58:06 - [TEST_STEP][PASSED] - if (bool && username.length() < 10): Browser is closed

2021-05-30 02:58:06 - [TEST_STEP][PASSED] - click(object): Object: 'Object Repository/IFObject/Page_TEST CHANNEL - TEAM NAME Mattermost/button_cxtuan_style--none sidebar-header-dropdown__icon' is clicked on

2021-05-30 02:58:06 - [MESSAGE][PASSED] - Object: 'Object Repository/IFObject/Page_TEST CHANNEL - TEAM NAME Mattermost/button_cxtuan_style--none sidebar-header-dropdown__icon' is clicked on

2021-05-30 02:58:06 - [TEST_STEP][PASSED] - click(findTestObject("Object Repository/IFObject/Page_TEST CHANNEL - TEAM NAME Mattermost/button_Account Settings")): Object: 'Object Repository/IFObject/Page_TEST CHANNEL - TEAM NAME Mattermost/button_Account Settings' is clicked on

2021-05-30 02:58:07 - [MESSAGE][PASSED] - Object: 'Object Repository/IFObject/Page_TEST CHANNEL - TEAM NAME Mattermost/button_Account Settings' is clicked on

2021-05-30 02:58:07 - [TEST_STEP][PASSED] - click(findTestObject("Object Repository/IFObject/Page_TEST CHANNEL - TEAM NAME Mattermost/div_UsernameEdit")): Object: 'Object Repository/IFObject/Page_TEST CHANNEL - TEAM NAME Mattermost/div_UsernameEdit' is clicked on

2021-05-30 02:58:07 - [MESSAGE][PASSED] - Object: 'Object Repository/IFObject/Page_TEST CHANNEL - TEAM NAME Mattermost/div_UsernameEdit' is clicked on

2021-05-30 02:58:07 - [TEST_STEP][PASSED] - setText(findTestObject("Object Repository/IFObject/Page_TEST CHANNEL - TEAM NAME Mattermost/input_Username_username"), username + username): Text 'cxtuancxtuan' is set on object 'Object Repository/IFObject/Page_TEST CHANNEL - TEAM NAME Mattermost/input_Username_username'

2021-05-30 02:58:08 - [MESSAGE][PASSED] - Text 'cxtuancxtuan' is set on object 'Object Repository/IFObject/Page_TEST CHANNEL - TEAM NAME Mattermost/input_Username_username'

2021-05-30 02:58:08 - [TEST_STEP][PASSED] - click(findTestObject("IFObject/Page_TEST CHANNEL - TEAM NAME Mattermost/button_Save_EditUserName")): Object: 'Object Repository/IFObject/Page_TEST CHANNEL - TEAM NAME Mattermost/button_Save_EditUserName' is clicked on

2021-05-30 02:58:09 - [MESSAGE][PASSED] - Object: 'Object Repository/IFObject/Page_TEST CHANNEL - TEAM NAME Mattermost/button_Save_EditUserName' is clicked on

2021-05-30 02:58:09 - [TEST_STEP][PASSED] - click(findTestObject("IFObject/Page_TEST CHANNEL - TEAM NAME Mattermost/button_Close_Edit_UserName")): Object: 'Object Repository/IFObject/Page_TEST CHANNEL - TEAM NAME Mattermost/button_Close_Edit_UserName' is clicked on

2021-05-30 02:58:09 - [MESSAGE][PASSED] - Object: 'Object Repository/IFObject/Page_TEST CHANNEL - TEAM NAME Mattermost/button_Close_Edit_UserName' is clicked on

2021-05-30 02:58:09 - [TEST_STEP][PASSED] - Thread.sleep(2000): null

2021-05-30 02:58:11 - [TEST_STEP][PASSED] - click(object): Object: 'Object Repository/IFObject/Page_TEST CHANNEL - TEAM NAME Mattermost/button_cxtuan_style--none sidebar-header-dropdown__icon' is clicked on

2021-05-30 02:58:12 - [MESSAGE][PASSED] - Object: 'Object Repository/IFObject/Page_TEST CHANNEL - TEAM NAME Mattermost/button_cxtuan_style--none sidebar-header-dropdown__icon' is clicked on

2021-05-30 02:58:12 - [TEST_STEP][PASSED] - click(findTestObject("Object Repository/IFObject/Page_TEST CHANNEL - TEAM NAME Mattermost/button_Account Settings")): Object: 'Object Repository/IFObject/Page_TEST CHANNEL - TEAM NAME Mattermost/button_Account Settings' is clicked on

2021-05-30 02:58:12 - [MESSAGE][PASSED] - Object: 'Object Repository/IFObject/Page_TEST CHANNEL - TEAM NAME Mattermost/button_Account Settings' is clicked on

2021-05-30 02:58:12 - [TEST_STEP][PASSED] - click(findTestObject("Object Repository/IFObject/Page_TEST CHANNEL - TEAM NAME Mattermost/div_UsernameEdit")): Object: 'Object Repository/IFObject/Page_TEST CHANNEL - TEAM NAME Mattermost/div_UsernameEdit' is clicked on

2021-05-30 02:58:13 - [MESSAGE][PASSED] - Object: 'Object Repository/IFObject/Page_TEST CHANNEL - TEAM NAME Mattermost/div_UsernameEdit' is clicked on

2021-05-30 02:58:13 - [TEST_STEP][PASSED] - setText(findTestObject("Object Repository/IFObject/Page_TEST CHANNEL - TEAM NAME Mattermost/input_Username_username"), username): Text 'cxtuan' is set on object 'Object Repository/IFObject/Page_TEST CHANNEL - TEAM NAME Mattermost/input_Username_username'

2021-05-30 02:58:13 - [MESSAGE][PASSED] - Text 'cxtuan' is set on object 'Object Repository/IFObject/Page_TEST CHANNEL - TEAM NAME Mattermost/input_Username_username'

2021-05-30 02:58:13 - [TEST_STEP][PASSED] - click(findTestObject("IFObject/Page_TEST CHANNEL - TEAM NAME Mattermost/button_Save_EditUserName")): Object: 'Object Repository/IFObject/Page_TEST CHANNEL - TEAM NAME Mattermost/button_Save_EditUserName' is clicked on

2021-05-30 02:58:14 - [MESSAGE][PASSED] - Object: 'Object Repository/IFObject/Page_TEST CHANNEL - TEAM NAME Mattermost/button_Save_EditUserName' is clicked on

2021-05-30 02:58:14 - [TEST_STEP][PASSED] - click(findTestObject("IFObject/Page_TEST CHANNEL - TEAM NAME Mattermost/button_Close_Edit_UserName")): Object: 'Object Repository/IFObject/Page_TEST CHANNEL - TEAM NAME Mattermost/button_Close_Edit_UserName' is clicked on

2021-05-30 02:58:14 - [MESSAGE][PASSED] - Object: 'Object Repository/IFObject/Page_TEST CHANNEL - TEAM NAME Mattermost/button_Close_Edit_UserName' is clicked on

2021-05-30 02:58:14 - [TEST_STEP][PASSED] - closeBrowser(): Browser is closed

2021-05-30 02:58:15 - [MESSAGE][PASSED] - Browser is closed]]></system-out>
         <system-err><![CDATA[]]></system-err>
      </testcase>
      <testcase name="Test Cases/TestCasesIf/CheckNavToNewChannel" time="9.736" classname="Test Cases/TestCasesIf/CheckNavToNewChannel" status="FAILED">
         <failure type="FAILED" message="Test Cases/TestCasesIf/CheckNavToNewChannel FAILED.
Reason:
com.kms.katalon.core.exception.StepFailedException: Unable to set text 'Channel Test If' of object 'Object Repository/IFObject/Page_te - TEAM NAME Mattermost/textarea_Write to te_post_textbox'
	at com.kms.katalon.core.webui.keyword.internal.WebUIKeywordMain.stepFailed(WebUIKeywordMain.groovy:64)
	at com.kms.katalon.core.webui.keyword.internal.WebUIKeywordMain.runKeyword(WebUIKeywordMain.groovy:26)
	at com.kms.katalon.core.webui.keyword.builtin.SetTextKeyword.setText(SetTextKeyword.groovy:66)
	at com.kms.katalon.core.webui.keyword.builtin.SetTextKeyword.execute(SetTextKeyword.groovy:37)
	at com.kms.katalon.core.keyword.internal.KeywordExecutor.executeKeywordForPlatform(KeywordExecutor.groovy:73)
	at com.kms.katalon.core.webui.keyword.WebUiBuiltInKeywords.setText(WebUiBuiltInKeywords.groovy:979)
	at com.kms.katalon.core.webui.keyword.WebUiBuiltInKeywords$setText$1.call(Unknown Source)
	at CheckNavToNewChannel.run(CheckNavToNewChannel:36)
	at com.kms.katalon.core.main.ScriptEngine.run(ScriptEngine.java:194)
	at com.kms.katalon.core.main.ScriptEngine.runScriptAsRawText(ScriptEngine.java:119)
	at com.kms.katalon.core.main.TestCaseExecutor.runScript(TestCaseExecutor.java:398)
	at com.kms.katalon.core.main.TestCaseExecutor.doExecute(TestCaseExecutor.java:389)
	at com.kms.katalon.core.main.TestCaseExecutor.processExecutionPhase(TestCaseExecutor.java:368)
	at com.kms.katalon.core.main.TestCaseExecutor.accessMainPhase(TestCaseExecutor.java:360)
	at com.kms.katalon.core.main.TestCaseExecutor.execute(TestCaseExecutor.java:255)
	at com.kms.katalon.core.main.TestSuiteExecutor.accessTestCaseMainPhase(TestSuiteExecutor.java:203)
	at com.kms.katalon.core.main.TestSuiteExecutor.accessTestSuiteMainPhase(TestSuiteExecutor.java:152)
	at com.kms.katalon.core.main.TestSuiteExecutor.execute(TestSuiteExecutor.java:95)
	at com.kms.katalon.core.main.TestCaseMain.startTestSuite(TestCaseMain.java:157)
	at com.kms.katalon.core.main.TestCaseMain$startTestSuite$0.call(Unknown Source)
	at TempTestSuite1622342246554.run(TempTestSuite1622342246554.groovy:39)
Caused by: org.openqa.selenium.ElementNotInteractableException: element not interactable
  (Session info: chrome=91.0.4472.77)
Build info: version: '3.141.59', revision: 'e82be7d358', time: '2018-11-14T08:25:53'
System info: host: 'WIN-SERVER-2019', ip: '10.1.0.4', os.name: 'Windows Server 2019', os.arch: 'amd64', os.version: '10.0', java.version: '1.8.0_282'
Driver info: com.kms.katalon.selenium.driver.CChromeDriver
Capabilities {acceptInsecureCerts: false, browserName: chrome, browserVersion: 91.0.4472.77, chrome: {chromedriverVersion: 90.0.4430.24 (4c6d850f087da..., userDataDir: C:\Users\nttuan\AppData\Loc...}, goog:chromeOptions: {debuggerAddress: localhost:60864}, javascriptEnabled: true, networkConnectionEnabled: false, pageLoadStrategy: normal, platform: WINDOWS, platformName: WINDOWS, proxy: Proxy(), setWindowRect: true, strictFileInteractability: false, timeouts: {implicit: 0, pageLoad: 300000, script: 30000}, unhandledPromptBehavior: dismiss and notify, webauthn:extension:largeBlob: true, webauthn:virtualAuthenticators: true}
Session ID: d1da20a10ff732e51eaa4f325ffdd083
	at org.openqa.selenium.remote.http.W3CHttpResponseCodec.createException(W3CHttpResponseCodec.java:187)
	at org.openqa.selenium.remote.http.W3CHttpResponseCodec.decode(W3CHttpResponseCodec.java:122)
	at org.openqa.selenium.remote.http.W3CHttpResponseCodec.decode(W3CHttpResponseCodec.java:49)
	at org.openqa.selenium.remote.HttpCommandExecutor.execute(HttpCommandExecutor.java:158)
	at org.openqa.selenium.remote.service.DriverCommandExecutor.execute(DriverCommandExecutor.java:83)
	at org.openqa.selenium.remote.RemoteWebDriver.execute(RemoteWebDriver.java:552)
	at com.kms.katalon.selenium.driver.CChromeDriver.execute(CChromeDriver.java:19)
	at org.openqa.selenium.remote.RemoteWebElement.execute(RemoteWebElement.java:285)
	at org.openqa.selenium.remote.RemoteWebElement.sendKeys(RemoteWebElement.java:106)
	at org.openqa.selenium.support.events.EventFiringWebDriver$EventFiringWebElement.lambda$new$0(EventFiringWebDriver.java:404)
	at com.sun.proxy.$Proxy17.sendKeys(Unknown Source)
	at org.openqa.selenium.support.events.EventFiringWebDriver$EventFiringWebElement.sendKeys(EventFiringWebDriver.java:429)
	at com.kms.katalon.core.webui.keyword.builtin.SetTextKeyword$_setText_closure1.doCall(SetTextKeyword.groovy:59)
	at com.kms.katalon.core.webui.keyword.builtin.SetTextKeyword$_setText_closure1.call(SetTextKeyword.groovy)
	at com.kms.katalon.core.webui.keyword.internal.WebUIKeywordMain.runKeyword(WebUIKeywordMain.groovy:20)
	... 19 more
"/>
         <system-out><![CDATA[2021-05-30 02:58:15 - [TEST_CASE][FAILED] - Test Cases/TestCasesIf/CheckNavToNewChannel: Test Cases/TestCasesIf/CheckNavToNewChannel FAILED.
Reason:
com.kms.katalon.core.exception.StepFailedException: Unable to set text 'Channel Test If' of object 'Object Repository/IFObject/Page_te - TEAM NAME Mattermost/textarea_Write to te_post_textbox'
	at com.kms.katalon.core.webui.keyword.internal.WebUIKeywordMain.stepFailed(WebUIKeywordMain.groovy:64)
	at com.kms.katalon.core.webui.keyword.internal.WebUIKeywordMain.runKeyword(WebUIKeywordMain.groovy:26)
	at com.kms.katalon.core.webui.keyword.builtin.SetTextKeyword.setText(SetTextKeyword.groovy:66)
	at com.kms.katalon.core.webui.keyword.builtin.SetTextKeyword.execute(SetTextKeyword.groovy:37)
	at com.kms.katalon.core.keyword.internal.KeywordExecutor.executeKeywordForPlatform(KeywordExecutor.groovy:73)
	at com.kms.katalon.core.webui.keyword.WebUiBuiltInKeywords.setText(WebUiBuiltInKeywords.groovy:979)
	at com.kms.katalon.core.webui.keyword.WebUiBuiltInKeywords$setText$1.call(Unknown Source)
	at CheckNavToNewChannel.run(CheckNavToNewChannel:36)
	at com.kms.katalon.core.main.ScriptEngine.run(ScriptEngine.java:194)
	at com.kms.katalon.core.main.ScriptEngine.runScriptAsRawText(ScriptEngine.java:119)
	at com.kms.katalon.core.main.TestCaseExecutor.runScript(TestCaseExecutor.java:398)
	at com.kms.katalon.core.main.TestCaseExecutor.doExecute(TestCaseExecutor.java:389)
	at com.kms.katalon.core.main.TestCaseExecutor.processExecutionPhase(TestCaseExecutor.java:368)
	at com.kms.katalon.core.main.TestCaseExecutor.accessMainPhase(TestCaseExecutor.java:360)
	at com.kms.katalon.core.main.TestCaseExecutor.execute(TestCaseExecutor.java:255)
	at com.kms.katalon.core.main.TestSuiteExecutor.accessTestCaseMainPhase(TestSuiteExecutor.java:203)
	at com.kms.katalon.core.main.TestSuiteExecutor.accessTestSuiteMainPhase(TestSuiteExecutor.java:152)
	at com.kms.katalon.core.main.TestSuiteExecutor.execute(TestSuiteExecutor.java:95)
	at com.kms.katalon.core.main.TestCaseMain.startTestSuite(TestCaseMain.java:157)
	at com.kms.katalon.core.main.TestCaseMain$startTestSuite$0.call(Unknown Source)
	at TempTestSuite1622342246554.run(TempTestSuite1622342246554.groovy:39)
Caused by: org.openqa.selenium.ElementNotInteractableException: element not interactable
  (Session info: chrome=91.0.4472.77)
Build info: version: '3.141.59', revision: 'e82be7d358', time: '2018-11-14T08:25:53'
System info: host: 'WIN-SERVER-2019', ip: '10.1.0.4', os.name: 'Windows Server 2019', os.arch: 'amd64', os.version: '10.0', java.version: '1.8.0_282'
Driver info: com.kms.katalon.selenium.driver.CChromeDriver
Capabilities {acceptInsecureCerts: false, browserName: chrome, browserVersion: 91.0.4472.77, chrome: {chromedriverVersion: 90.0.4430.24 (4c6d850f087da..., userDataDir: C:\Users\nttuan\AppData\Loc...}, goog:chromeOptions: {debuggerAddress: localhost:60864}, javascriptEnabled: true, networkConnectionEnabled: false, pageLoadStrategy: normal, platform: WINDOWS, platformName: WINDOWS, proxy: Proxy(), setWindowRect: true, strictFileInteractability: false, timeouts: {implicit: 0, pageLoad: 300000, script: 30000}, unhandledPromptBehavior: dismiss and notify, webauthn:extension:largeBlob: true, webauthn:virtualAuthenticators: true}
Session ID: d1da20a10ff732e51eaa4f325ffdd083
	at org.openqa.selenium.remote.http.W3CHttpResponseCodec.createException(W3CHttpResponseCodec.java:187)
	at org.openqa.selenium.remote.http.W3CHttpResponseCodec.decode(W3CHttpResponseCodec.java:122)
	at org.openqa.selenium.remote.http.W3CHttpResponseCodec.decode(W3CHttpResponseCodec.java:49)
	at org.openqa.selenium.remote.HttpCommandExecutor.execute(HttpCommandExecutor.java:158)
	at org.openqa.selenium.remote.service.DriverCommandExecutor.execute(DriverCommandExecutor.java:83)
	at org.openqa.selenium.remote.RemoteWebDriver.execute(RemoteWebDriver.java:552)
	at com.kms.katalon.selenium.driver.CChromeDriver.execute(CChromeDriver.java:19)
	at org.openqa.selenium.remote.RemoteWebElement.execute(RemoteWebElement.java:285)
	at org.openqa.selenium.remote.RemoteWebElement.sendKeys(RemoteWebElement.java:106)
	at org.openqa.selenium.support.events.EventFiringWebDriver$EventFiringWebElement.lambda$new$0(EventFiringWebDriver.java:404)
	at com.sun.proxy.$Proxy17.sendKeys(Unknown Source)
	at org.openqa.selenium.support.events.EventFiringWebDriver$EventFiringWebElement.sendKeys(EventFiringWebDriver.java:429)
	at com.kms.katalon.core.webui.keyword.builtin.SetTextKeyword$_setText_closure1.doCall(SetTextKeyword.groovy:59)
	at com.kms.katalon.core.webui.keyword.builtin.SetTextKeyword$_setText_closure1.call(SetTextKeyword.groovy)
	at com.kms.katalon.core.webui.keyword.internal.WebUIKeywordMain.runKeyword(WebUIKeywordMain.groovy:20)
	... 19 more


2021-05-30 02:58:15 - [TEST_STEP][PASSED] - callTestCase(findTestCase("Test Cases/Common Test Cases/Login"), ["Username":"cxtuan", "Password":"01672471821nT@"]): Call Test Case 'Test Cases/Common Test Cases/Login' successfully

2021-05-30 02:58:15 - [TEST_CASE][PASSED] - Test Cases/Common Test Cases/Login: Test Cases/Common Test Cases/Login

2021-05-30 02:58:15 - [TEST_STEP][PASSED] - openBrowser(""): Browser is opened with url: ''

2021-05-30 02:58:15 - [MESSAGE][INFO] - Starting 'Chrome' driver

2021-05-30 02:58:15 - [MESSAGE][INFO] - Action delay is set to 0 milliseconds

2021-05-30 02:58:17 - [MESSAGE][PASSED] - Browser is opened with url: ''

2021-05-30 02:58:17 - [TEST_STEP][PASSED] - navigateToUrl("https://chudenangcao2021.cf/"): Navigate to 'https://chudenangcao2021.cf/' successfully

2021-05-30 02:58:17 - [MESSAGE][PASSED] - Navigate to 'https://chudenangcao2021.cf/' successfully

2021-05-30 02:58:17 - [TEST_STEP][PASSED] - setText(findTestObject("Object Repository/Page_Mattermost/input_All team communication in one place, _dcc84b"), Username): Text 'cxtuan' is set on object 'Object Repository/Page_Mattermost/input_All team communication in one place, _dcc84b'

2021-05-30 02:58:18 - [MESSAGE][PASSED] - Text 'cxtuan' is set on object 'Object Repository/Page_Mattermost/input_All team communication in one place, _dcc84b'

2021-05-30 02:58:18 - [TEST_STEP][PASSED] - setText(findTestObject("Object Repository/Page_Mattermost/input_All team communication in one place, _a3edc6"), Password): Text '01672471821nT@' is set on object 'Object Repository/Page_Mattermost/input_All team communication in one place, _a3edc6'

2021-05-30 02:58:19 - [MESSAGE][PASSED] - Text '01672471821nT@' is set on object 'Object Repository/Page_Mattermost/input_All team communication in one place, _a3edc6'

2021-05-30 02:58:19 - [TEST_STEP][PASSED] - click(findTestObject("Object Repository/Page_Mattermost/button_Sign in")): Object: 'Object Repository/Page_Mattermost/button_Sign in' is clicked on

2021-05-30 02:58:20 - [MESSAGE][PASSED] - Object: 'Object Repository/Page_Mattermost/button_Sign in' is clicked on

2021-05-30 02:58:20 - [TEST_STEP][PASSED] - verifyLinksAccessible(["https://chudenangcao2021.cf/cdnc-cnpm-2021/channels"]): All links are accessible

2021-05-30 02:58:20 - [MESSAGE][INFO] - HAR: C:\Users\nttuan\Downloads\CDNC\mattermost-testing\Reports\20210530_023726\Run all test cases\20210530_023726\requests\main\55.har

2021-05-30 02:58:20 - [MESSAGE][PASSED] - Send request successfully

2021-05-30 02:58:20 - [MESSAGE][PASSED] - All links are accessible

2021-05-30 02:58:20 - [MESSAGE][PASSED] - Call Test Case 'Test Cases/Common Test Cases/Login' successfully

2021-05-30 02:58:20 - [TEST_STEP][PASSED] - object = findTestObject("Object Repository/IFObject/Page_TEST CHANNEL - TEAM NAME Mattermost/div_CtrlK_MenuWrapper AddChannelDropdown"): null

2021-05-30 02:58:20 - [TEST_STEP][PASSED] - bool = false: null

2021-05-30 02:58:20 - [TEST_STEP][PASSED] - try: Object 'Object Repository/IFObject/Page_TEST CHANNEL - TEAM NAME Mattermost/div_CtrlK_MenuWrapper AddChannelDropdown' is visible

2021-05-30 02:58:20 - [TEST_STEP][PASSED] - bool = verifyElementVisible(object): Object 'Object Repository/IFObject/Page_TEST CHANNEL - TEAM NAME Mattermost/div_CtrlK_MenuWrapper AddChannelDropdown' is visible

2021-05-30 02:58:21 - [MESSAGE][PASSED] - Object 'Object Repository/IFObject/Page_TEST CHANNEL - TEAM NAME Mattermost/div_CtrlK_MenuWrapper AddChannelDropdown' is visible

2021-05-30 02:58:21 - [TEST_STEP][FAILED] - Finally: Unable to set text 'Channel Test If' of object 'Object Repository/IFObject/Page_te - TEAM NAME Mattermost/textarea_Write to te_post_textbox' (Root cause: com.kms.katalon.core.exception.StepFailedException: Unable to set text 'Channel Test If' of object 'Object Repository/IFObject/Page_te - TEAM NAME Mattermost/textarea_Write to te_post_textbox'
	at com.kms.katalon.core.webui.keyword.internal.WebUIKeywordMain.stepFailed(WebUIKeywordMain.groovy:64)
	at com.kms.katalon.core.webui.keyword.internal.WebUIKeywordMain.runKeyword(WebUIKeywordMain.groovy:26)
	at com.kms.katalon.core.webui.keyword.builtin.SetTextKeyword.setText(SetTextKeyword.groovy:66)
	at com.kms.katalon.core.webui.keyword.builtin.SetTextKeyword.execute(SetTextKeyword.groovy:37)
	at com.kms.katalon.core.keyword.internal.KeywordExecutor.executeKeywordForPlatform(KeywordExecutor.groovy:73)
	at com.kms.katalon.core.webui.keyword.WebUiBuiltInKeywords.setText(WebUiBuiltInKeywords.groovy:979)
	at com.kms.katalon.core.webui.keyword.WebUiBuiltInKeywords$setText$1.call(Unknown Source)
	at CheckNavToNewChannel.run(CheckNavToNewChannel:36)
	at com.kms.katalon.core.main.ScriptEngine.run(ScriptEngine.java:194)
	at com.kms.katalon.core.main.ScriptEngine.runScriptAsRawText(ScriptEngine.java:119)
	at com.kms.katalon.core.main.TestCaseExecutor.runScript(TestCaseExecutor.java:398)
	at com.kms.katalon.core.main.TestCaseExecutor.doExecute(TestCaseExecutor.java:389)
	at com.kms.katalon.core.main.TestCaseExecutor.processExecutionPhase(TestCaseExecutor.java:368)
	at com.kms.katalon.core.main.TestCaseExecutor.accessMainPhase(TestCaseExecutor.java:360)
	at com.kms.katalon.core.main.TestCaseExecutor.execute(TestCaseExecutor.java:255)
	at com.kms.katalon.core.main.TestSuiteExecutor.accessTestCaseMainPhase(TestSuiteExecutor.java:203)
	at com.kms.katalon.core.main.TestSuiteExecutor.accessTestSuiteMainPhase(TestSuiteExecutor.java:152)
	at com.kms.katalon.core.main.TestSuiteExecutor.execute(TestSuiteExecutor.java:95)
	at com.kms.katalon.core.main.TestCaseMain.startTestSuite(TestCaseMain.java:157)
	at com.kms.katalon.core.main.TestCaseMain$startTestSuite$0.call(Unknown Source)
	at TempTestSuite1622342246554.run(TempTestSuite1622342246554.groovy:39)
Caused by: org.openqa.selenium.ElementNotInteractableException: element not interactable
  (Session info: chrome=91.0.4472.77)
Build info: version: '3.141.59', revision: 'e82be7d358', time: '2018-11-14T08:25:53'
System info: host: 'WIN-SERVER-2019', ip: '10.1.0.4', os.name: 'Windows Server 2019', os.arch: 'amd64', os.version: '10.0', java.version: '1.8.0_282'
Driver info: com.kms.katalon.selenium.driver.CChromeDriver
Capabilities {acceptInsecureCerts: false, browserName: chrome, browserVersion: 91.0.4472.77, chrome: {chromedriverVersion: 90.0.4430.24 (4c6d850f087da..., userDataDir: C:\Users\nttuan\AppData\Loc...}, goog:chromeOptions: {debuggerAddress: localhost:60864}, javascriptEnabled: true, networkConnectionEnabled: false, pageLoadStrategy: normal, platform: WINDOWS, platformName: WINDOWS, proxy: Proxy(), setWindowRect: true, strictFileInteractability: false, timeouts: {implicit: 0, pageLoad: 300000, script: 30000}, unhandledPromptBehavior: dismiss and notify, webauthn:extension:largeBlob: true, webauthn:virtualAuthenticators: true}
Session ID: d1da20a10ff732e51eaa4f325ffdd083
	at org.openqa.selenium.remote.http.W3CHttpResponseCodec.createException(W3CHttpResponseCodec.java:187)
	at org.openqa.selenium.remote.http.W3CHttpResponseCodec.decode(W3CHttpResponseCodec.java:122)
	at org.openqa.selenium.remote.http.W3CHttpResponseCodec.decode(W3CHttpResponseCodec.java:49)
	at org.openqa.selenium.remote.HttpCommandExecutor.execute(HttpCommandExecutor.java:158)
	at org.openqa.selenium.remote.service.DriverCommandExecutor.execute(DriverCommandExecutor.java:83)
	at org.openqa.selenium.remote.RemoteWebDriver.execute(RemoteWebDriver.java:552)
	at com.kms.katalon.selenium.driver.CChromeDriver.execute(CChromeDriver.java:19)
	at org.openqa.selenium.remote.RemoteWebElement.execute(RemoteWebElement.java:285)
	at org.openqa.selenium.remote.RemoteWebElement.sendKeys(RemoteWebElement.java:106)
	at org.openqa.selenium.support.events.EventFiringWebDriver$EventFiringWebElement.lambda$new$0(EventFiringWebDriver.java:404)
	at com.sun.proxy.$Proxy17.sendKeys(Unknown Source)
	at org.openqa.selenium.support.events.EventFiringWebDriver$EventFiringWebElement.sendKeys(EventFiringWebDriver.java:429)
	at com.kms.katalon.core.webui.keyword.builtin.SetTextKeyword$_setText_closure1.doCall(SetTextKeyword.groovy:59)
	at com.kms.katalon.core.webui.keyword.builtin.SetTextKeyword$_setText_closure1.call(SetTextKeyword.groovy)
	at com.kms.katalon.core.webui.keyword.internal.WebUIKeywordMain.runKeyword(WebUIKeywordMain.groovy:20)
	at com.kms.katalon.core.webui.keyword.builtin.SetTextKeyword.setText(SetTextKeyword.groovy:66)
	at com.kms.katalon.core.webui.keyword.builtin.SetTextKeyword.execute(SetTextKeyword.groovy:37)
	at com.kms.katalon.core.keyword.internal.KeywordExecutor.executeKeywordForPlatform(KeywordExecutor.groovy:73)
	at com.kms.katalon.core.webui.keyword.WebUiBuiltInKeywords.setText(WebUiBuiltInKeywords.groovy:979)
	at com.kms.katalon.core.webui.keyword.WebUiBuiltInKeywords$setText$1.call(Unknown Source)
	at Script1622127123030.run(Script1622127123030.groovy:36)
	... 13 more
)

2021-05-30 02:58:21 - [TEST_STEP][FAILED] - if (bool): Unable to set text 'Channel Test If' of object 'Object Repository/IFObject/Page_te - TEAM NAME Mattermost/textarea_Write to te_post_textbox' (Root cause: com.kms.katalon.core.exception.StepFailedException: Unable to set text 'Channel Test If' of object 'Object Repository/IFObject/Page_te - TEAM NAME Mattermost/textarea_Write to te_post_textbox'
	at com.kms.katalon.core.webui.keyword.internal.WebUIKeywordMain.stepFailed(WebUIKeywordMain.groovy:64)
	at com.kms.katalon.core.webui.keyword.internal.WebUIKeywordMain.runKeyword(WebUIKeywordMain.groovy:26)
	at com.kms.katalon.core.webui.keyword.builtin.SetTextKeyword.setText(SetTextKeyword.groovy:66)
	at com.kms.katalon.core.webui.keyword.builtin.SetTextKeyword.execute(SetTextKeyword.groovy:37)
	at com.kms.katalon.core.keyword.internal.KeywordExecutor.executeKeywordForPlatform(KeywordExecutor.groovy:73)
	at com.kms.katalon.core.webui.keyword.WebUiBuiltInKeywords.setText(WebUiBuiltInKeywords.groovy:979)
	at com.kms.katalon.core.webui.keyword.WebUiBuiltInKeywords$setText$1.call(Unknown Source)
	at CheckNavToNewChannel.run(CheckNavToNewChannel:36)
	at com.kms.katalon.core.main.ScriptEngine.run(ScriptEngine.java:194)
	at com.kms.katalon.core.main.ScriptEngine.runScriptAsRawText(ScriptEngine.java:119)
	at com.kms.katalon.core.main.TestCaseExecutor.runScript(TestCaseExecutor.java:398)
	at com.kms.katalon.core.main.TestCaseExecutor.doExecute(TestCaseExecutor.java:389)
	at com.kms.katalon.core.main.TestCaseExecutor.processExecutionPhase(TestCaseExecutor.java:368)
	at com.kms.katalon.core.main.TestCaseExecutor.accessMainPhase(TestCaseExecutor.java:360)
	at com.kms.katalon.core.main.TestCaseExecutor.execute(TestCaseExecutor.java:255)
	at com.kms.katalon.core.main.TestSuiteExecutor.accessTestCaseMainPhase(TestSuiteExecutor.java:203)
	at com.kms.katalon.core.main.TestSuiteExecutor.accessTestSuiteMainPhase(TestSuiteExecutor.java:152)
	at com.kms.katalon.core.main.TestSuiteExecutor.execute(TestSuiteExecutor.java:95)
	at com.kms.katalon.core.main.TestCaseMain.startTestSuite(TestCaseMain.java:157)
	at com.kms.katalon.core.main.TestCaseMain$startTestSuite$0.call(Unknown Source)
	at TempTestSuite1622342246554.run(TempTestSuite1622342246554.groovy:39)
Caused by: org.openqa.selenium.ElementNotInteractableException: element not interactable
  (Session info: chrome=91.0.4472.77)
Build info: version: '3.141.59', revision: 'e82be7d358', time: '2018-11-14T08:25:53'
System info: host: 'WIN-SERVER-2019', ip: '10.1.0.4', os.name: 'Windows Server 2019', os.arch: 'amd64', os.version: '10.0', java.version: '1.8.0_282'
Driver info: com.kms.katalon.selenium.driver.CChromeDriver
Capabilities {acceptInsecureCerts: false, browserName: chrome, browserVersion: 91.0.4472.77, chrome: {chromedriverVersion: 90.0.4430.24 (4c6d850f087da..., userDataDir: C:\Users\nttuan\AppData\Loc...}, goog:chromeOptions: {debuggerAddress: localhost:60864}, javascriptEnabled: true, networkConnectionEnabled: false, pageLoadStrategy: normal, platform: WINDOWS, platformName: WINDOWS, proxy: Proxy(), setWindowRect: true, strictFileInteractability: false, timeouts: {implicit: 0, pageLoad: 300000, script: 30000}, unhandledPromptBehavior: dismiss and notify, webauthn:extension:largeBlob: true, webauthn:virtualAuthenticators: true}
Session ID: d1da20a10ff732e51eaa4f325ffdd083
	at org.openqa.selenium.remote.http.W3CHttpResponseCodec.createException(W3CHttpResponseCodec.java:187)
	at org.openqa.selenium.remote.http.W3CHttpResponseCodec.decode(W3CHttpResponseCodec.java:122)
	at org.openqa.selenium.remote.http.W3CHttpResponseCodec.decode(W3CHttpResponseCodec.java:49)
	at org.openqa.selenium.remote.HttpCommandExecutor.execute(HttpCommandExecutor.java:158)
	at org.openqa.selenium.remote.service.DriverCommandExecutor.execute(DriverCommandExecutor.java:83)
	at org.openqa.selenium.remote.RemoteWebDriver.execute(RemoteWebDriver.java:552)
	at com.kms.katalon.selenium.driver.CChromeDriver.execute(CChromeDriver.java:19)
	at org.openqa.selenium.remote.RemoteWebElement.execute(RemoteWebElement.java:285)
	at org.openqa.selenium.remote.RemoteWebElement.sendKeys(RemoteWebElement.java:106)
	at org.openqa.selenium.support.events.EventFiringWebDriver$EventFiringWebElement.lambda$new$0(EventFiringWebDriver.java:404)
	at com.sun.proxy.$Proxy17.sendKeys(Unknown Source)
	at org.openqa.selenium.support.events.EventFiringWebDriver$EventFiringWebElement.sendKeys(EventFiringWebDriver.java:429)
	at com.kms.katalon.core.webui.keyword.builtin.SetTextKeyword$_setText_closure1.doCall(SetTextKeyword.groovy:59)
	at com.kms.katalon.core.webui.keyword.builtin.SetTextKeyword$_setText_closure1.call(SetTextKeyword.groovy)
	at com.kms.katalon.core.webui.keyword.internal.WebUIKeywordMain.runKeyword(WebUIKeywordMain.groovy:20)
	at com.kms.katalon.core.webui.keyword.builtin.SetTextKeyword.setText(SetTextKeyword.groovy:66)
	at com.kms.katalon.core.webui.keyword.builtin.SetTextKeyword.execute(SetTextKeyword.groovy:37)
	at com.kms.katalon.core.keyword.internal.KeywordExecutor.executeKeywordForPlatform(KeywordExecutor.groovy:73)
	at com.kms.katalon.core.webui.keyword.WebUiBuiltInKeywords.setText(WebUiBuiltInKeywords.groovy:979)
	at com.kms.katalon.core.webui.keyword.WebUiBuiltInKeywords$setText$1.call(Unknown Source)
	at Script1622127123030.run(Script1622127123030.groovy:36)
	... 13 more
)

2021-05-30 02:58:21 - [TEST_STEP][PASSED] - click(object): Object: 'Object Repository/IFObject/Page_TEST CHANNEL - TEAM NAME Mattermost/div_CtrlK_MenuWrapper AddChannelDropdown' is clicked on

2021-05-30 02:58:22 - [MESSAGE][PASSED] - Object: 'Object Repository/IFObject/Page_TEST CHANNEL - TEAM NAME Mattermost/div_CtrlK_MenuWrapper AddChannelDropdown' is clicked on

2021-05-30 02:58:22 - [TEST_STEP][PASSED] - click(findTestObject("Object Repository/IFObject/Page_TEST CHANNEL - TEAM NAME Mattermost/span_Create New Channel")): Object: 'Object Repository/IFObject/Page_TEST CHANNEL - TEAM NAME Mattermost/span_Create New Channel' is clicked on

2021-05-30 02:58:22 - [MESSAGE][PASSED] - Object: 'Object Repository/IFObject/Page_TEST CHANNEL - TEAM NAME Mattermost/span_Create New Channel' is clicked on

2021-05-30 02:58:22 - [TEST_STEP][PASSED] - setText(findTestObject("Object Repository/IFObject/Page_TEST CHANNEL - TEAM NAME Mattermost/input_Name_newChannelName"), "NewChannelTest1"): Text 'NewChannelTest1' is set on object 'Object Repository/IFObject/Page_TEST CHANNEL - TEAM NAME Mattermost/input_Name_newChannelName'

2021-05-30 02:58:23 - [MESSAGE][PASSED] - Text 'NewChannelTest1' is set on object 'Object Repository/IFObject/Page_TEST CHANNEL - TEAM NAME Mattermost/input_Name_newChannelName'

2021-05-30 02:58:23 - [TEST_STEP][PASSED] - click(findTestObject("Object Repository/IFObject/Page_TEST CHANNEL - TEAM NAME Mattermost/button_Create Channel")): Object: 'Object Repository/IFObject/Page_TEST CHANNEL - TEAM NAME Mattermost/button_Create Channel' is clicked on

2021-05-30 02:58:24 - [MESSAGE][PASSED] - Object: 'Object Repository/IFObject/Page_TEST CHANNEL - TEAM NAME Mattermost/button_Create Channel' is clicked on

2021-05-30 02:58:24 - [TEST_STEP][FAILED] - setText(findTestObject("Object Repository/IFObject/Page_te - TEAM NAME Mattermost/textarea_Write to te_post_textbox"), "Channel Test If"): Unable to set text 'Channel Test If' of object 'Object Repository/IFObject/Page_te - TEAM NAME Mattermost/textarea_Write to te_post_textbox' (Root cause: com.kms.katalon.core.exception.StepFailedException: Unable to set text 'Channel Test If' of object 'Object Repository/IFObject/Page_te - TEAM NAME Mattermost/textarea_Write to te_post_textbox'
	at com.kms.katalon.core.webui.keyword.internal.WebUIKeywordMain.stepFailed(WebUIKeywordMain.groovy:64)
	at com.kms.katalon.core.webui.keyword.internal.WebUIKeywordMain.runKeyword(WebUIKeywordMain.groovy:26)
	at com.kms.katalon.core.webui.keyword.builtin.SetTextKeyword.setText(SetTextKeyword.groovy:66)
	at com.kms.katalon.core.webui.keyword.builtin.SetTextKeyword.execute(SetTextKeyword.groovy:37)
	at com.kms.katalon.core.keyword.internal.KeywordExecutor.executeKeywordForPlatform(KeywordExecutor.groovy:73)
	at com.kms.katalon.core.webui.keyword.WebUiBuiltInKeywords.setText(WebUiBuiltInKeywords.groovy:979)
	at com.kms.katalon.core.webui.keyword.WebUiBuiltInKeywords$setText$1.call(Unknown Source)
	at CheckNavToNewChannel.run(CheckNavToNewChannel:36)
	at com.kms.katalon.core.main.ScriptEngine.run(ScriptEngine.java:194)
	at com.kms.katalon.core.main.ScriptEngine.runScriptAsRawText(ScriptEngine.java:119)
	at com.kms.katalon.core.main.TestCaseExecutor.runScript(TestCaseExecutor.java:398)
	at com.kms.katalon.core.main.TestCaseExecutor.doExecute(TestCaseExecutor.java:389)
	at com.kms.katalon.core.main.TestCaseExecutor.processExecutionPhase(TestCaseExecutor.java:368)
	at com.kms.katalon.core.main.TestCaseExecutor.accessMainPhase(TestCaseExecutor.java:360)
	at com.kms.katalon.core.main.TestCaseExecutor.execute(TestCaseExecutor.java:255)
	at com.kms.katalon.core.main.TestSuiteExecutor.accessTestCaseMainPhase(TestSuiteExecutor.java:203)
	at com.kms.katalon.core.main.TestSuiteExecutor.accessTestSuiteMainPhase(TestSuiteExecutor.java:152)
	at com.kms.katalon.core.main.TestSuiteExecutor.execute(TestSuiteExecutor.java:95)
	at com.kms.katalon.core.main.TestCaseMain.startTestSuite(TestCaseMain.java:157)
	at com.kms.katalon.core.main.TestCaseMain$startTestSuite$0.call(Unknown Source)
	at TempTestSuite1622342246554.run(TempTestSuite1622342246554.groovy:39)
Caused by: org.openqa.selenium.ElementNotInteractableException: element not interactable
  (Session info: chrome=91.0.4472.77)
Build info: version: '3.141.59', revision: 'e82be7d358', time: '2018-11-14T08:25:53'
System info: host: 'WIN-SERVER-2019', ip: '10.1.0.4', os.name: 'Windows Server 2019', os.arch: 'amd64', os.version: '10.0', java.version: '1.8.0_282'
Driver info: com.kms.katalon.selenium.driver.CChromeDriver
Capabilities {acceptInsecureCerts: false, browserName: chrome, browserVersion: 91.0.4472.77, chrome: {chromedriverVersion: 90.0.4430.24 (4c6d850f087da..., userDataDir: C:\Users\nttuan\AppData\Loc...}, goog:chromeOptions: {debuggerAddress: localhost:60864}, javascriptEnabled: true, networkConnectionEnabled: false, pageLoadStrategy: normal, platform: WINDOWS, platformName: WINDOWS, proxy: Proxy(), setWindowRect: true, strictFileInteractability: false, timeouts: {implicit: 0, pageLoad: 300000, script: 30000}, unhandledPromptBehavior: dismiss and notify, webauthn:extension:largeBlob: true, webauthn:virtualAuthenticators: true}
Session ID: d1da20a10ff732e51eaa4f325ffdd083
	at org.openqa.selenium.remote.http.W3CHttpResponseCodec.createException(W3CHttpResponseCodec.java:187)
	at org.openqa.selenium.remote.http.W3CHttpResponseCodec.decode(W3CHttpResponseCodec.java:122)
	at org.openqa.selenium.remote.http.W3CHttpResponseCodec.decode(W3CHttpResponseCodec.java:49)
	at org.openqa.selenium.remote.HttpCommandExecutor.execute(HttpCommandExecutor.java:158)
	at org.openqa.selenium.remote.service.DriverCommandExecutor.execute(DriverCommandExecutor.java:83)
	at org.openqa.selenium.remote.RemoteWebDriver.execute(RemoteWebDriver.java:552)
	at com.kms.katalon.selenium.driver.CChromeDriver.execute(CChromeDriver.java:19)
	at org.openqa.selenium.remote.RemoteWebElement.execute(RemoteWebElement.java:285)
	at org.openqa.selenium.remote.RemoteWebElement.sendKeys(RemoteWebElement.java:106)
	at org.openqa.selenium.support.events.EventFiringWebDriver$EventFiringWebElement.lambda$new$0(EventFiringWebDriver.java:404)
	at com.sun.proxy.$Proxy17.sendKeys(Unknown Source)
	at org.openqa.selenium.support.events.EventFiringWebDriver$EventFiringWebElement.sendKeys(EventFiringWebDriver.java:429)
	at com.kms.katalon.core.webui.keyword.builtin.SetTextKeyword$_setText_closure1.doCall(SetTextKeyword.groovy:59)
	at com.kms.katalon.core.webui.keyword.builtin.SetTextKeyword$_setText_closure1.call(SetTextKeyword.groovy)
	at com.kms.katalon.core.webui.keyword.internal.WebUIKeywordMain.runKeyword(WebUIKeywordMain.groovy:20)
	at com.kms.katalon.core.webui.keyword.builtin.SetTextKeyword.setText(SetTextKeyword.groovy:66)
	at com.kms.katalon.core.webui.keyword.builtin.SetTextKeyword.execute(SetTextKeyword.groovy:37)
	at com.kms.katalon.core.keyword.internal.KeywordExecutor.executeKeywordForPlatform(KeywordExecutor.groovy:73)
	at com.kms.katalon.core.webui.keyword.WebUiBuiltInKeywords.setText(WebUiBuiltInKeywords.groovy:979)
	at com.kms.katalon.core.webui.keyword.WebUiBuiltInKeywords$setText$1.call(Unknown Source)
	at Script1622127123030.run(Script1622127123030.groovy:36)
	... 13 more
)

2021-05-30 02:58:25 - [MESSAGE][FAILED] - Unable to set text 'Channel Test If' of object 'Object Repository/IFObject/Page_te - TEAM NAME Mattermost/textarea_Write to te_post_textbox' (Root cause: com.kms.katalon.core.exception.StepFailedException: Unable to set text 'Channel Test If' of object 'Object Repository/IFObject/Page_te - TEAM NAME Mattermost/textarea_Write to te_post_textbox'
	at com.kms.katalon.core.webui.keyword.internal.WebUIKeywordMain.stepFailed(WebUIKeywordMain.groovy:64)
	at com.kms.katalon.core.webui.keyword.internal.WebUIKeywordMain.runKeyword(WebUIKeywordMain.groovy:26)
	at com.kms.katalon.core.webui.keyword.builtin.SetTextKeyword.setText(SetTextKeyword.groovy:66)
	at com.kms.katalon.core.webui.keyword.builtin.SetTextKeyword.execute(SetTextKeyword.groovy:37)
	at com.kms.katalon.core.keyword.internal.KeywordExecutor.executeKeywordForPlatform(KeywordExecutor.groovy:73)
	at com.kms.katalon.core.webui.keyword.WebUiBuiltInKeywords.setText(WebUiBuiltInKeywords.groovy:979)
	at com.kms.katalon.core.webui.keyword.WebUiBuiltInKeywords$setText$1.call(Unknown Source)
	at CheckNavToNewChannel.run(CheckNavToNewChannel:36)
	at com.kms.katalon.core.main.ScriptEngine.run(ScriptEngine.java:194)
	at com.kms.katalon.core.main.ScriptEngine.runScriptAsRawText(ScriptEngine.java:119)
	at com.kms.katalon.core.main.TestCaseExecutor.runScript(TestCaseExecutor.java:398)
	at com.kms.katalon.core.main.TestCaseExecutor.doExecute(TestCaseExecutor.java:389)
	at com.kms.katalon.core.main.TestCaseExecutor.processExecutionPhase(TestCaseExecutor.java:368)
	at com.kms.katalon.core.main.TestCaseExecutor.accessMainPhase(TestCaseExecutor.java:360)
	at com.kms.katalon.core.main.TestCaseExecutor.execute(TestCaseExecutor.java:255)
	at com.kms.katalon.core.main.TestSuiteExecutor.accessTestCaseMainPhase(TestSuiteExecutor.java:203)
	at com.kms.katalon.core.main.TestSuiteExecutor.accessTestSuiteMainPhase(TestSuiteExecutor.java:152)
	at com.kms.katalon.core.main.TestSuiteExecutor.execute(TestSuiteExecutor.java:95)
	at com.kms.katalon.core.main.TestCaseMain.startTestSuite(TestCaseMain.java:157)
	at com.kms.katalon.core.main.TestCaseMain$startTestSuite$0.call(Unknown Source)
	at TempTestSuite1622342246554.run(TempTestSuite1622342246554.groovy:39)
Caused by: org.openqa.selenium.ElementNotInteractableException: element not interactable
  (Session info: chrome=91.0.4472.77)
Build info: version: '3.141.59', revision: 'e82be7d358', time: '2018-11-14T08:25:53'
System info: host: 'WIN-SERVER-2019', ip: '10.1.0.4', os.name: 'Windows Server 2019', os.arch: 'amd64', os.version: '10.0', java.version: '1.8.0_282'
Driver info: com.kms.katalon.selenium.driver.CChromeDriver
Capabilities {acceptInsecureCerts: false, browserName: chrome, browserVersion: 91.0.4472.77, chrome: {chromedriverVersion: 90.0.4430.24 (4c6d850f087da..., userDataDir: C:\Users\nttuan\AppData\Loc...}, goog:chromeOptions: {debuggerAddress: localhost:60864}, javascriptEnabled: true, networkConnectionEnabled: false, pageLoadStrategy: normal, platform: WINDOWS, platformName: WINDOWS, proxy: Proxy(), setWindowRect: true, strictFileInteractability: false, timeouts: {implicit: 0, pageLoad: 300000, script: 30000}, unhandledPromptBehavior: dismiss and notify, webauthn:extension:largeBlob: true, webauthn:virtualAuthenticators: true}
Session ID: d1da20a10ff732e51eaa4f325ffdd083
	at org.openqa.selenium.remote.http.W3CHttpResponseCodec.createException(W3CHttpResponseCodec.java:187)
	at org.openqa.selenium.remote.http.W3CHttpResponseCodec.decode(W3CHttpResponseCodec.java:122)
	at org.openqa.selenium.remote.http.W3CHttpResponseCodec.decode(W3CHttpResponseCodec.java:49)
	at org.openqa.selenium.remote.HttpCommandExecutor.execute(HttpCommandExecutor.java:158)
	at org.openqa.selenium.remote.service.DriverCommandExecutor.execute(DriverCommandExecutor.java:83)
	at org.openqa.selenium.remote.RemoteWebDriver.execute(RemoteWebDriver.java:552)
	at com.kms.katalon.selenium.driver.CChromeDriver.execute(CChromeDriver.java:19)
	at org.openqa.selenium.remote.RemoteWebElement.execute(RemoteWebElement.java:285)
	at org.openqa.selenium.remote.RemoteWebElement.sendKeys(RemoteWebElement.java:106)
	at org.openqa.selenium.support.events.EventFiringWebDriver$EventFiringWebElement.lambda$new$0(EventFiringWebDriver.java:404)
	at com.sun.proxy.$Proxy17.sendKeys(Unknown Source)
	at org.openqa.selenium.support.events.EventFiringWebDriver$EventFiringWebElement.sendKeys(EventFiringWebDriver.java:429)
	at com.kms.katalon.core.webui.keyword.builtin.SetTextKeyword$_setText_closure1.doCall(SetTextKeyword.groovy:59)
	at com.kms.katalon.core.webui.keyword.builtin.SetTextKeyword$_setText_closure1.call(SetTextKeyword.groovy)
	at com.kms.katalon.core.webui.keyword.internal.WebUIKeywordMain.runKeyword(WebUIKeywordMain.groovy:20)
	at com.kms.katalon.core.webui.keyword.builtin.SetTextKeyword.setText(SetTextKeyword.groovy:66)
	at com.kms.katalon.core.webui.keyword.builtin.SetTextKeyword.execute(SetTextKeyword.groovy:37)
	at com.kms.katalon.core.keyword.internal.KeywordExecutor.executeKeywordForPlatform(KeywordExecutor.groovy:73)
	at com.kms.katalon.core.webui.keyword.WebUiBuiltInKeywords.setText(WebUiBuiltInKeywords.groovy:979)
	at com.kms.katalon.core.webui.keyword.WebUiBuiltInKeywords$setText$1.call(Unknown Source)
	at Script1622127123030.run(Script1622127123030.groovy:36)
	... 13 more
)
[[ATTACHMENT|C:\\Users\\nttuan\\Downloads\\CDNC\\mattermost-testing\\Reports\\20210530_023726\\Run all test cases\\20210530_023726\\1622343505091.png]]]]></system-out>
         <system-err><![CDATA[2021-05-30 02:58:15 - [TEST_CASE][FAILED] - Test Cases/TestCasesIf/CheckNavToNewChannel: Test Cases/TestCasesIf/CheckNavToNewChannel FAILED.
Reason:
com.kms.katalon.core.exception.StepFailedException: Unable to set text 'Channel Test If' of object 'Object Repository/IFObject/Page_te - TEAM NAME Mattermost/textarea_Write to te_post_textbox'
	at com.kms.katalon.core.webui.keyword.internal.WebUIKeywordMain.stepFailed(WebUIKeywordMain.groovy:64)
	at com.kms.katalon.core.webui.keyword.internal.WebUIKeywordMain.runKeyword(WebUIKeywordMain.groovy:26)
	at com.kms.katalon.core.webui.keyword.builtin.SetTextKeyword.setText(SetTextKeyword.groovy:66)
	at com.kms.katalon.core.webui.keyword.builtin.SetTextKeyword.execute(SetTextKeyword.groovy:37)
	at com.kms.katalon.core.keyword.internal.KeywordExecutor.executeKeywordForPlatform(KeywordExecutor.groovy:73)
	at com.kms.katalon.core.webui.keyword.WebUiBuiltInKeywords.setText(WebUiBuiltInKeywords.groovy:979)
	at com.kms.katalon.core.webui.keyword.WebUiBuiltInKeywords$setText$1.call(Unknown Source)
	at CheckNavToNewChannel.run(CheckNavToNewChannel:36)
	at com.kms.katalon.core.main.ScriptEngine.run(ScriptEngine.java:194)
	at com.kms.katalon.core.main.ScriptEngine.runScriptAsRawText(ScriptEngine.java:119)
	at com.kms.katalon.core.main.TestCaseExecutor.runScript(TestCaseExecutor.java:398)
	at com.kms.katalon.core.main.TestCaseExecutor.doExecute(TestCaseExecutor.java:389)
	at com.kms.katalon.core.main.TestCaseExecutor.processExecutionPhase(TestCaseExecutor.java:368)
	at com.kms.katalon.core.main.TestCaseExecutor.accessMainPhase(TestCaseExecutor.java:360)
	at com.kms.katalon.core.main.TestCaseExecutor.execute(TestCaseExecutor.java:255)
	at com.kms.katalon.core.main.TestSuiteExecutor.accessTestCaseMainPhase(TestSuiteExecutor.java:203)
	at com.kms.katalon.core.main.TestSuiteExecutor.accessTestSuiteMainPhase(TestSuiteExecutor.java:152)
	at com.kms.katalon.core.main.TestSuiteExecutor.execute(TestSuiteExecutor.java:95)
	at com.kms.katalon.core.main.TestCaseMain.startTestSuite(TestCaseMain.java:157)
	at com.kms.katalon.core.main.TestCaseMain$startTestSuite$0.call(Unknown Source)
	at TempTestSuite1622342246554.run(TempTestSuite1622342246554.groovy:39)
Caused by: org.openqa.selenium.ElementNotInteractableException: element not interactable
  (Session info: chrome=91.0.4472.77)
Build info: version: '3.141.59', revision: 'e82be7d358', time: '2018-11-14T08:25:53'
System info: host: 'WIN-SERVER-2019', ip: '10.1.0.4', os.name: 'Windows Server 2019', os.arch: 'amd64', os.version: '10.0', java.version: '1.8.0_282'
Driver info: com.kms.katalon.selenium.driver.CChromeDriver
Capabilities {acceptInsecureCerts: false, browserName: chrome, browserVersion: 91.0.4472.77, chrome: {chromedriverVersion: 90.0.4430.24 (4c6d850f087da..., userDataDir: C:\Users\nttuan\AppData\Loc...}, goog:chromeOptions: {debuggerAddress: localhost:60864}, javascriptEnabled: true, networkConnectionEnabled: false, pageLoadStrategy: normal, platform: WINDOWS, platformName: WINDOWS, proxy: Proxy(), setWindowRect: true, strictFileInteractability: false, timeouts: {implicit: 0, pageLoad: 300000, script: 30000}, unhandledPromptBehavior: dismiss and notify, webauthn:extension:largeBlob: true, webauthn:virtualAuthenticators: true}
Session ID: d1da20a10ff732e51eaa4f325ffdd083
	at org.openqa.selenium.remote.http.W3CHttpResponseCodec.createException(W3CHttpResponseCodec.java:187)
	at org.openqa.selenium.remote.http.W3CHttpResponseCodec.decode(W3CHttpResponseCodec.java:122)
	at org.openqa.selenium.remote.http.W3CHttpResponseCodec.decode(W3CHttpResponseCodec.java:49)
	at org.openqa.selenium.remote.HttpCommandExecutor.execute(HttpCommandExecutor.java:158)
	at org.openqa.selenium.remote.service.DriverCommandExecutor.execute(DriverCommandExecutor.java:83)
	at org.openqa.selenium.remote.RemoteWebDriver.execute(RemoteWebDriver.java:552)
	at com.kms.katalon.selenium.driver.CChromeDriver.execute(CChromeDriver.java:19)
	at org.openqa.selenium.remote.RemoteWebElement.execute(RemoteWebElement.java:285)
	at org.openqa.selenium.remote.RemoteWebElement.sendKeys(RemoteWebElement.java:106)
	at org.openqa.selenium.support.events.EventFiringWebDriver$EventFiringWebElement.lambda$new$0(EventFiringWebDriver.java:404)
	at com.sun.proxy.$Proxy17.sendKeys(Unknown Source)
	at org.openqa.selenium.support.events.EventFiringWebDriver$EventFiringWebElement.sendKeys(EventFiringWebDriver.java:429)
	at com.kms.katalon.core.webui.keyword.builtin.SetTextKeyword$_setText_closure1.doCall(SetTextKeyword.groovy:59)
	at com.kms.katalon.core.webui.keyword.builtin.SetTextKeyword$_setText_closure1.call(SetTextKeyword.groovy)
	at com.kms.katalon.core.webui.keyword.internal.WebUIKeywordMain.runKeyword(WebUIKeywordMain.groovy:20)
	... 19 more]]></system-err>
      </testcase>
      <testcase name="Test Cases/TestCasesIf/IfSwitchChannel" time="40.982" classname="Test Cases/TestCasesIf/IfSwitchChannel" status="FAILED">
         <failure type="FAILED" message="Test Cases/TestCasesIf/IfSwitchChannel FAILED.
Reason:
com.kms.katalon.core.exception.StepFailedException: Unable to click on object 'Object Repository/IFObject/Page_span_Town Square - TEAM NAME Mattermost/button_Find channelCtrlK'
	at com.kms.katalon.core.webui.keyword.internal.WebUIKeywordMain.stepFailed(WebUIKeywordMain.groovy:64)
	at com.kms.katalon.core.webui.keyword.internal.WebUIKeywordMain.runKeyword(WebUIKeywordMain.groovy:26)
	at com.kms.katalon.core.webui.keyword.builtin.ClickKeyword.click(ClickKeyword.groovy:75)
	at com.kms.katalon.core.webui.keyword.builtin.ClickKeyword.execute(ClickKeyword.groovy:42)
	at com.kms.katalon.core.keyword.internal.KeywordExecutor.executeKeywordForPlatform(KeywordExecutor.groovy:73)
	at com.kms.katalon.core.webui.keyword.WebUiBuiltInKeywords.click(WebUiBuiltInKeywords.groovy:619)
	at com.kms.katalon.core.webui.keyword.WebUiBuiltInKeywords$click$2.call(Unknown Source)
	at IfSwitchChannel.run(IfSwitchChannel:23)
	at com.kms.katalon.core.main.ScriptEngine.run(ScriptEngine.java:194)
	at com.kms.katalon.core.main.ScriptEngine.runScriptAsRawText(ScriptEngine.java:119)
	at com.kms.katalon.core.main.TestCaseExecutor.runScript(TestCaseExecutor.java:398)
	at com.kms.katalon.core.main.TestCaseExecutor.doExecute(TestCaseExecutor.java:389)
	at com.kms.katalon.core.main.TestCaseExecutor.processExecutionPhase(TestCaseExecutor.java:368)
	at com.kms.katalon.core.main.TestCaseExecutor.accessMainPhase(TestCaseExecutor.java:360)
	at com.kms.katalon.core.main.TestCaseExecutor.execute(TestCaseExecutor.java:255)
	at com.kms.katalon.core.main.TestSuiteExecutor.accessTestCaseMainPhase(TestSuiteExecutor.java:203)
	at com.kms.katalon.core.main.TestSuiteExecutor.accessTestSuiteMainPhase(TestSuiteExecutor.java:152)
	at com.kms.katalon.core.main.TestSuiteExecutor.execute(TestSuiteExecutor.java:95)
	at com.kms.katalon.core.main.TestCaseMain.startTestSuite(TestCaseMain.java:157)
	at com.kms.katalon.core.main.TestCaseMain$startTestSuite$0.call(Unknown Source)
	at TempTestSuite1622342246554.run(TempTestSuite1622342246554.groovy:39)
Caused by: com.kms.katalon.core.webui.exception.WebElementNotFoundException: Web element with id: 'Object Repository/IFObject/Page_span_Town Square - TEAM NAME Mattermost/button_Find channelCtrlK' located by '//div[@id='lhsNavigator']/div/button' not found
	at com.kms.katalon.core.webui.common.WebUiCommonHelper.findWebElement(WebUiCommonHelper.java:1368)
	at com.kms.katalon.core.webui.keyword.internal.WebUIAbstractKeyword.findWebElement(WebUIAbstractKeyword.groovy:27)
	at com.kms.katalon.core.webui.keyword.internal.WebUIAbstractKeyword.findWebElement(WebUIAbstractKeyword.groovy:26)
	at com.kms.katalon.core.webui.keyword.builtin.ClickKeyword$_click_closure1.doCall(ClickKeyword.groovy:66)
	at com.kms.katalon.core.webui.keyword.builtin.ClickKeyword$_click_closure1.call(ClickKeyword.groovy)
	at com.kms.katalon.core.webui.keyword.internal.WebUIKeywordMain.runKeyword(WebUIKeywordMain.groovy:20)
	... 19 more
"/>
         <system-out><![CDATA[2021-05-30 02:58:25 - [TEST_CASE][FAILED] - Test Cases/TestCasesIf/IfSwitchChannel: Test Cases/TestCasesIf/IfSwitchChannel FAILED.
Reason:
com.kms.katalon.core.exception.StepFailedException: Unable to click on object 'Object Repository/IFObject/Page_span_Town Square - TEAM NAME Mattermost/button_Find channelCtrlK'
	at com.kms.katalon.core.webui.keyword.internal.WebUIKeywordMain.stepFailed(WebUIKeywordMain.groovy:64)
	at com.kms.katalon.core.webui.keyword.internal.WebUIKeywordMain.runKeyword(WebUIKeywordMain.groovy:26)
	at com.kms.katalon.core.webui.keyword.builtin.ClickKeyword.click(ClickKeyword.groovy:75)
	at com.kms.katalon.core.webui.keyword.builtin.ClickKeyword.execute(ClickKeyword.groovy:42)
	at com.kms.katalon.core.keyword.internal.KeywordExecutor.executeKeywordForPlatform(KeywordExecutor.groovy:73)
	at com.kms.katalon.core.webui.keyword.WebUiBuiltInKeywords.click(WebUiBuiltInKeywords.groovy:619)
	at com.kms.katalon.core.webui.keyword.WebUiBuiltInKeywords$click$2.call(Unknown Source)
	at IfSwitchChannel.run(IfSwitchChannel:23)
	at com.kms.katalon.core.main.ScriptEngine.run(ScriptEngine.java:194)
	at com.kms.katalon.core.main.ScriptEngine.runScriptAsRawText(ScriptEngine.java:119)
	at com.kms.katalon.core.main.TestCaseExecutor.runScript(TestCaseExecutor.java:398)
	at com.kms.katalon.core.main.TestCaseExecutor.doExecute(TestCaseExecutor.java:389)
	at com.kms.katalon.core.main.TestCaseExecutor.processExecutionPhase(TestCaseExecutor.java:368)
	at com.kms.katalon.core.main.TestCaseExecutor.accessMainPhase(TestCaseExecutor.java:360)
	at com.kms.katalon.core.main.TestCaseExecutor.execute(TestCaseExecutor.java:255)
	at com.kms.katalon.core.main.TestSuiteExecutor.accessTestCaseMainPhase(TestSuiteExecutor.java:203)
	at com.kms.katalon.core.main.TestSuiteExecutor.accessTestSuiteMainPhase(TestSuiteExecutor.java:152)
	at com.kms.katalon.core.main.TestSuiteExecutor.execute(TestSuiteExecutor.java:95)
	at com.kms.katalon.core.main.TestCaseMain.startTestSuite(TestCaseMain.java:157)
	at com.kms.katalon.core.main.TestCaseMain$startTestSuite$0.call(Unknown Source)
	at TempTestSuite1622342246554.run(TempTestSuite1622342246554.groovy:39)
Caused by: com.kms.katalon.core.webui.exception.WebElementNotFoundException: Web element with id: 'Object Repository/IFObject/Page_span_Town Square - TEAM NAME Mattermost/button_Find channelCtrlK' located by '//div[@id='lhsNavigator']/div/button' not found
	at com.kms.katalon.core.webui.common.WebUiCommonHelper.findWebElement(WebUiCommonHelper.java:1368)
	at com.kms.katalon.core.webui.keyword.internal.WebUIAbstractKeyword.findWebElement(WebUIAbstractKeyword.groovy:27)
	at com.kms.katalon.core.webui.keyword.internal.WebUIAbstractKeyword.findWebElement(WebUIAbstractKeyword.groovy:26)
	at com.kms.katalon.core.webui.keyword.builtin.ClickKeyword$_click_closure1.doCall(ClickKeyword.groovy:66)
	at com.kms.katalon.core.webui.keyword.builtin.ClickKeyword$_click_closure1.call(ClickKeyword.groovy)
	at com.kms.katalon.core.webui.keyword.internal.WebUIKeywordMain.runKeyword(WebUIKeywordMain.groovy:20)
	... 19 more


2021-05-30 02:58:25 - [TEST_STEP][PASSED] - callTestCase(findTestCase("Test Cases/Common Test Cases/Login"), ["Username":Username, "Password":Password]): Call Test Case 'Test Cases/Common Test Cases/Login' successfully

2021-05-30 02:58:25 - [TEST_CASE][PASSED] - Test Cases/Common Test Cases/Login: Test Cases/Common Test Cases/Login

2021-05-30 02:58:25 - [TEST_STEP][PASSED] - openBrowser(""): Browser is opened with url: ''

2021-05-30 02:58:25 - [MESSAGE][WARNING] - A browser is already opened. Closing browser and opening a new one

2021-05-30 02:58:26 - [MESSAGE][INFO] - Starting 'Chrome' driver

2021-05-30 02:58:26 - [MESSAGE][INFO] - Action delay is set to 0 milliseconds

2021-05-30 02:58:27 - [MESSAGE][PASSED] - Browser is opened with url: ''

2021-05-30 02:58:27 - [TEST_STEP][PASSED] - navigateToUrl("https://chudenangcao2021.cf/"): Navigate to 'https://chudenangcao2021.cf/' successfully

2021-05-30 02:58:28 - [MESSAGE][PASSED] - Navigate to 'https://chudenangcao2021.cf/' successfully

2021-05-30 02:58:28 - [TEST_STEP][PASSED] - setText(findTestObject("Object Repository/Page_Mattermost/input_All team communication in one place, _dcc84b"), Username): Text 'cxtuan' is set on object 'Object Repository/Page_Mattermost/input_All team communication in one place, _dcc84b'

2021-05-30 02:58:29 - [MESSAGE][PASSED] - Text 'cxtuan' is set on object 'Object Repository/Page_Mattermost/input_All team communication in one place, _dcc84b'

2021-05-30 02:58:29 - [TEST_STEP][PASSED] - setText(findTestObject("Object Repository/Page_Mattermost/input_All team communication in one place, _a3edc6"), Password): Text '01672471821nnT@' is set on object 'Object Repository/Page_Mattermost/input_All team communication in one place, _a3edc6'

2021-05-30 02:58:30 - [MESSAGE][PASSED] - Text '01672471821nnT@' is set on object 'Object Repository/Page_Mattermost/input_All team communication in one place, _a3edc6'

2021-05-30 02:58:30 - [TEST_STEP][PASSED] - click(findTestObject("Object Repository/Page_Mattermost/button_Sign in")): Object: 'Object Repository/Page_Mattermost/button_Sign in' is clicked on

2021-05-30 02:58:30 - [MESSAGE][PASSED] - Object: 'Object Repository/Page_Mattermost/button_Sign in' is clicked on

2021-05-30 02:58:30 - [TEST_STEP][PASSED] - verifyLinksAccessible(["https://chudenangcao2021.cf/cdnc-cnpm-2021/channels"]): All links are accessible

2021-05-30 02:58:30 - [MESSAGE][INFO] - HAR: C:\Users\nttuan\Downloads\CDNC\mattermost-testing\Reports\20210530_023726\Run all test cases\20210530_023726\requests\main\56.har

2021-05-30 02:58:30 - [MESSAGE][PASSED] - Send request successfully

2021-05-30 02:58:30 - [MESSAGE][PASSED] - All links are accessible

2021-05-30 02:58:30 - [MESSAGE][PASSED] - Call Test Case 'Test Cases/Common Test Cases/Login' successfully

2021-05-30 02:58:30 - [TEST_STEP][FAILED] - click(findTestObject("Object Repository/IFObject/Page_span_Town Square - TEAM NAME Mattermost/button_Find channelCtrlK")): Unable to click on object 'Object Repository/IFObject/Page_span_Town Square - TEAM NAME Mattermost/button_Find channelCtrlK' (Root cause: com.kms.katalon.core.exception.StepFailedException: Unable to click on object 'Object Repository/IFObject/Page_span_Town Square - TEAM NAME Mattermost/button_Find channelCtrlK'
	at com.kms.katalon.core.webui.keyword.internal.WebUIKeywordMain.stepFailed(WebUIKeywordMain.groovy:64)
	at com.kms.katalon.core.webui.keyword.internal.WebUIKeywordMain.runKeyword(WebUIKeywordMain.groovy:26)
	at com.kms.katalon.core.webui.keyword.builtin.ClickKeyword.click(ClickKeyword.groovy:75)
	at com.kms.katalon.core.webui.keyword.builtin.ClickKeyword.execute(ClickKeyword.groovy:42)
	at com.kms.katalon.core.keyword.internal.KeywordExecutor.executeKeywordForPlatform(KeywordExecutor.groovy:73)
	at com.kms.katalon.core.webui.keyword.WebUiBuiltInKeywords.click(WebUiBuiltInKeywords.groovy:619)
	at com.kms.katalon.core.webui.keyword.WebUiBuiltInKeywords$click$2.call(Unknown Source)
	at IfSwitchChannel.run(IfSwitchChannel:23)
	at com.kms.katalon.core.main.ScriptEngine.run(ScriptEngine.java:194)
	at com.kms.katalon.core.main.ScriptEngine.runScriptAsRawText(ScriptEngine.java:119)
	at com.kms.katalon.core.main.TestCaseExecutor.runScript(TestCaseExecutor.java:398)
	at com.kms.katalon.core.main.TestCaseExecutor.doExecute(TestCaseExecutor.java:389)
	at com.kms.katalon.core.main.TestCaseExecutor.processExecutionPhase(TestCaseExecutor.java:368)
	at com.kms.katalon.core.main.TestCaseExecutor.accessMainPhase(TestCaseExecutor.java:360)
	at com.kms.katalon.core.main.TestCaseExecutor.execute(TestCaseExecutor.java:255)
	at com.kms.katalon.core.main.TestSuiteExecutor.accessTestCaseMainPhase(TestSuiteExecutor.java:203)
	at com.kms.katalon.core.main.TestSuiteExecutor.accessTestSuiteMainPhase(TestSuiteExecutor.java:152)
	at com.kms.katalon.core.main.TestSuiteExecutor.execute(TestSuiteExecutor.java:95)
	at com.kms.katalon.core.main.TestCaseMain.startTestSuite(TestCaseMain.java:157)
	at com.kms.katalon.core.main.TestCaseMain$startTestSuite$0.call(Unknown Source)
	at TempTestSuite1622342246554.run(TempTestSuite1622342246554.groovy:39)
Caused by: com.kms.katalon.core.webui.exception.WebElementNotFoundException: Web element with id: 'Object Repository/IFObject/Page_span_Town Square - TEAM NAME Mattermost/button_Find channelCtrlK' located by '//div[@id='lhsNavigator']/div/button' not found
	at com.kms.katalon.core.webui.common.WebUiCommonHelper.findWebElement(WebUiCommonHelper.java:1368)
	at com.kms.katalon.core.webui.keyword.internal.WebUIAbstractKeyword.findWebElement(WebUIAbstractKeyword.groovy:27)
	at com.kms.katalon.core.webui.keyword.internal.WebUIAbstractKeyword.findWebElement(WebUIAbstractKeyword.groovy:26)
	at com.kms.katalon.core.webui.keyword.builtin.ClickKeyword$_click_closure1.doCall(ClickKeyword.groovy:66)
	at com.kms.katalon.core.webui.keyword.builtin.ClickKeyword$_click_closure1.call(ClickKeyword.groovy)
	at com.kms.katalon.core.webui.keyword.internal.WebUIKeywordMain.runKeyword(WebUIKeywordMain.groovy:20)
	at com.kms.katalon.core.webui.keyword.builtin.ClickKeyword.click(ClickKeyword.groovy:75)
	at com.kms.katalon.core.webui.keyword.builtin.ClickKeyword.execute(ClickKeyword.groovy:42)
	at com.kms.katalon.core.keyword.internal.KeywordExecutor.executeKeywordForPlatform(KeywordExecutor.groovy:73)
	at com.kms.katalon.core.webui.keyword.WebUiBuiltInKeywords.click(WebUiBuiltInKeywords.groovy:619)
	at com.kms.katalon.core.webui.keyword.WebUiBuiltInKeywords$click$2.call(Unknown Source)
	at Script1622262104484.run(Script1622262104484.groovy:23)
	... 13 more
)

2021-05-30 02:59:02 - [MESSAGE][INFO] - Unable to find the element located by 'By.xpath: //div[@id='lhsNavigator']/div/button'. Please recheck the objects properties to make sure the desired element is located. 

2021-05-30 02:59:02 - [MESSAGE][WARNING] - [SELF-HEALING] Failed to find element with id 'Object Repository/IFObject/Page_span_Town Square - TEAM NAME Mattermost/button_Find channelCtrlK'. Try using Self-healing.

2021-05-30 02:59:02 - [MESSAGE][INFO] - [SELF-HEALING] Failed Locator: '//div[@id='lhsNavigator']/div/button'.

2021-05-30 02:59:02 - [MESSAGE][INFO] - [SELF-HEALING] Failed Locator: '(.//*[normalize-space(text()) and normalize-space(.)='@cxtuan'])[1]/following::button[2]'.

2021-05-30 02:59:02 - [MESSAGE][INFO] - [SELF-HEALING] Failed Locator: '(.//*[normalize-space(text()) and normalize-space(.)='TEAM NAME'])[2]/following::button[2]'.

2021-05-30 02:59:02 - [MESSAGE][INFO] - [SELF-HEALING] Failed Locator: '//div[2]/div/button'.

2021-05-30 02:59:03 - [MESSAGE][INFO] - [SELF-HEALING] Failed Locator: '//div[@id='lhsNavigator']/div/button'.

2021-05-30 02:59:03 - [MESSAGE][INFO] - [SELF-HEALING] Failed Locator: '(.//*[normalize-space(text()) and normalize-space(.)='@cxtuan'])[1]/following::button[2]'.

2021-05-30 02:59:03 - [MESSAGE][INFO] - [SELF-HEALING] Failed Locator: '(.//*[normalize-space(text()) and normalize-space(.)='TEAM NAME'])[2]/following::button[2]'.

2021-05-30 02:59:03 - [MESSAGE][INFO] - [SELF-HEALING] Failed Locator: '//div[2]/div/button'.

2021-05-30 02:59:04 - [MESSAGE][INFO] - Unable to find the element located by 'By.xpath: //*[(text() = 'Find channelCtrl+K' or . = 'Find channelCtrl+K')]'. Please recheck the objects properties to make sure the desired element is located. 

2021-05-30 02:59:06 - [MESSAGE][INFO] - Unable to find the element located by 'By.cssSelector: button.SidebarChannelNavigator_jumpToButton'. Please recheck the objects properties to make sure the desired element is located. 

2021-05-30 02:59:06 - [MESSAGE][FAILED] - Unable to click on object 'Object Repository/IFObject/Page_span_Town Square - TEAM NAME Mattermost/button_Find channelCtrlK' (Root cause: com.kms.katalon.core.exception.StepFailedException: Unable to click on object 'Object Repository/IFObject/Page_span_Town Square - TEAM NAME Mattermost/button_Find channelCtrlK'
	at com.kms.katalon.core.webui.keyword.internal.WebUIKeywordMain.stepFailed(WebUIKeywordMain.groovy:64)
	at com.kms.katalon.core.webui.keyword.internal.WebUIKeywordMain.runKeyword(WebUIKeywordMain.groovy:26)
	at com.kms.katalon.core.webui.keyword.builtin.ClickKeyword.click(ClickKeyword.groovy:75)
	at com.kms.katalon.core.webui.keyword.builtin.ClickKeyword.execute(ClickKeyword.groovy:42)
	at com.kms.katalon.core.keyword.internal.KeywordExecutor.executeKeywordForPlatform(KeywordExecutor.groovy:73)
	at com.kms.katalon.core.webui.keyword.WebUiBuiltInKeywords.click(WebUiBuiltInKeywords.groovy:619)
	at com.kms.katalon.core.webui.keyword.WebUiBuiltInKeywords$click$2.call(Unknown Source)
	at IfSwitchChannel.run(IfSwitchChannel:23)
	at com.kms.katalon.core.main.ScriptEngine.run(ScriptEngine.java:194)
	at com.kms.katalon.core.main.ScriptEngine.runScriptAsRawText(ScriptEngine.java:119)
	at com.kms.katalon.core.main.TestCaseExecutor.runScript(TestCaseExecutor.java:398)
	at com.kms.katalon.core.main.TestCaseExecutor.doExecute(TestCaseExecutor.java:389)
	at com.kms.katalon.core.main.TestCaseExecutor.processExecutionPhase(TestCaseExecutor.java:368)
	at com.kms.katalon.core.main.TestCaseExecutor.accessMainPhase(TestCaseExecutor.java:360)
	at com.kms.katalon.core.main.TestCaseExecutor.execute(TestCaseExecutor.java:255)
	at com.kms.katalon.core.main.TestSuiteExecutor.accessTestCaseMainPhase(TestSuiteExecutor.java:203)
	at com.kms.katalon.core.main.TestSuiteExecutor.accessTestSuiteMainPhase(TestSuiteExecutor.java:152)
	at com.kms.katalon.core.main.TestSuiteExecutor.execute(TestSuiteExecutor.java:95)
	at com.kms.katalon.core.main.TestCaseMain.startTestSuite(TestCaseMain.java:157)
	at com.kms.katalon.core.main.TestCaseMain$startTestSuite$0.call(Unknown Source)
	at TempTestSuite1622342246554.run(TempTestSuite1622342246554.groovy:39)
Caused by: com.kms.katalon.core.webui.exception.WebElementNotFoundException: Web element with id: 'Object Repository/IFObject/Page_span_Town Square - TEAM NAME Mattermost/button_Find channelCtrlK' located by '//div[@id='lhsNavigator']/div/button' not found
	at com.kms.katalon.core.webui.common.WebUiCommonHelper.findWebElement(WebUiCommonHelper.java:1368)
	at com.kms.katalon.core.webui.keyword.internal.WebUIAbstractKeyword.findWebElement(WebUIAbstractKeyword.groovy:27)
	at com.kms.katalon.core.webui.keyword.internal.WebUIAbstractKeyword.findWebElement(WebUIAbstractKeyword.groovy:26)
	at com.kms.katalon.core.webui.keyword.builtin.ClickKeyword$_click_closure1.doCall(ClickKeyword.groovy:66)
	at com.kms.katalon.core.webui.keyword.builtin.ClickKeyword$_click_closure1.call(ClickKeyword.groovy)
	at com.kms.katalon.core.webui.keyword.internal.WebUIKeywordMain.runKeyword(WebUIKeywordMain.groovy:20)
	at com.kms.katalon.core.webui.keyword.builtin.ClickKeyword.click(ClickKeyword.groovy:75)
	at com.kms.katalon.core.webui.keyword.builtin.ClickKeyword.execute(ClickKeyword.groovy:42)
	at com.kms.katalon.core.keyword.internal.KeywordExecutor.executeKeywordForPlatform(KeywordExecutor.groovy:73)
	at com.kms.katalon.core.webui.keyword.WebUiBuiltInKeywords.click(WebUiBuiltInKeywords.groovy:619)
	at com.kms.katalon.core.webui.keyword.WebUiBuiltInKeywords$click$2.call(Unknown Source)
	at Script1622262104484.run(Script1622262104484.groovy:23)
	... 13 more
)
[[ATTACHMENT|C:\\Users\\nttuan\\Downloads\\CDNC\\mattermost-testing\\Reports\\20210530_023726\\Run all test cases\\20210530_023726\\1622343546108.png]]]]></system-out>
         <system-err><![CDATA[2021-05-30 02:58:25 - [TEST_CASE][FAILED] - Test Cases/TestCasesIf/IfSwitchChannel: Test Cases/TestCasesIf/IfSwitchChannel FAILED.
Reason:
com.kms.katalon.core.exception.StepFailedException: Unable to click on object 'Object Repository/IFObject/Page_span_Town Square - TEAM NAME Mattermost/button_Find channelCtrlK'
	at com.kms.katalon.core.webui.keyword.internal.WebUIKeywordMain.stepFailed(WebUIKeywordMain.groovy:64)
	at com.kms.katalon.core.webui.keyword.internal.WebUIKeywordMain.runKeyword(WebUIKeywordMain.groovy:26)
	at com.kms.katalon.core.webui.keyword.builtin.ClickKeyword.click(ClickKeyword.groovy:75)
	at com.kms.katalon.core.webui.keyword.builtin.ClickKeyword.execute(ClickKeyword.groovy:42)
	at com.kms.katalon.core.keyword.internal.KeywordExecutor.executeKeywordForPlatform(KeywordExecutor.groovy:73)
	at com.kms.katalon.core.webui.keyword.WebUiBuiltInKeywords.click(WebUiBuiltInKeywords.groovy:619)
	at com.kms.katalon.core.webui.keyword.WebUiBuiltInKeywords$click$2.call(Unknown Source)
	at IfSwitchChannel.run(IfSwitchChannel:23)
	at com.kms.katalon.core.main.ScriptEngine.run(ScriptEngine.java:194)
	at com.kms.katalon.core.main.ScriptEngine.runScriptAsRawText(ScriptEngine.java:119)
	at com.kms.katalon.core.main.TestCaseExecutor.runScript(TestCaseExecutor.java:398)
	at com.kms.katalon.core.main.TestCaseExecutor.doExecute(TestCaseExecutor.java:389)
	at com.kms.katalon.core.main.TestCaseExecutor.processExecutionPhase(TestCaseExecutor.java:368)
	at com.kms.katalon.core.main.TestCaseExecutor.accessMainPhase(TestCaseExecutor.java:360)
	at com.kms.katalon.core.main.TestCaseExecutor.execute(TestCaseExecutor.java:255)
	at com.kms.katalon.core.main.TestSuiteExecutor.accessTestCaseMainPhase(TestSuiteExecutor.java:203)
	at com.kms.katalon.core.main.TestSuiteExecutor.accessTestSuiteMainPhase(TestSuiteExecutor.java:152)
	at com.kms.katalon.core.main.TestSuiteExecutor.execute(TestSuiteExecutor.java:95)
	at com.kms.katalon.core.main.TestCaseMain.startTestSuite(TestCaseMain.java:157)
	at com.kms.katalon.core.main.TestCaseMain$startTestSuite$0.call(Unknown Source)
	at TempTestSuite1622342246554.run(TempTestSuite1622342246554.groovy:39)
Caused by: com.kms.katalon.core.webui.exception.WebElementNotFoundException: Web element with id: 'Object Repository/IFObject/Page_span_Town Square - TEAM NAME Mattermost/button_Find channelCtrlK' located by '//div[@id='lhsNavigator']/div/button' not found
	at com.kms.katalon.core.webui.common.WebUiCommonHelper.findWebElement(WebUiCommonHelper.java:1368)
	at com.kms.katalon.core.webui.keyword.internal.WebUIAbstractKeyword.findWebElement(WebUIAbstractKeyword.groovy:27)
	at com.kms.katalon.core.webui.keyword.internal.WebUIAbstractKeyword.findWebElement(WebUIAbstractKeyword.groovy:26)
	at com.kms.katalon.core.webui.keyword.builtin.ClickKeyword$_click_closure1.doCall(ClickKeyword.groovy:66)
	at com.kms.katalon.core.webui.keyword.builtin.ClickKeyword$_click_closure1.call(ClickKeyword.groovy)
	at com.kms.katalon.core.webui.keyword.internal.WebUIKeywordMain.runKeyword(WebUIKeywordMain.groovy:20)
	... 19 more]]></system-err>
      </testcase>
      <testcase name="Test Cases/TestCasesIf/LeaveTeam" time="37.767" classname="Test Cases/TestCasesIf/LeaveTeam" status="PASSED">
         <system-out><![CDATA[2021-05-30 02:59:06 - [TEST_CASE][PASSED] - Test Cases/TestCasesIf/LeaveTeam: Test Cases/TestCasesIf/LeaveTeam

2021-05-30 02:59:06 - [TEST_STEP][PASSED] - callTestCase(findTestCase("Test Cases/Common Test Cases/Login"), ["Username":"cxtuan", "Password":"01672471821nT@"]): Call Test Case 'Test Cases/Common Test Cases/Login' successfully

2021-05-30 02:59:06 - [TEST_CASE][PASSED] - Test Cases/Common Test Cases/Login: Test Cases/Common Test Cases/Login

2021-05-30 02:59:06 - [TEST_STEP][PASSED] - openBrowser(""): Browser is opened with url: ''

2021-05-30 02:59:06 - [MESSAGE][WARNING] - A browser is already opened. Closing browser and opening a new one

2021-05-30 02:59:07 - [MESSAGE][INFO] - Starting 'Chrome' driver

2021-05-30 02:59:07 - [MESSAGE][INFO] - Action delay is set to 0 milliseconds

2021-05-30 02:59:08 - [MESSAGE][PASSED] - Browser is opened with url: ''

2021-05-30 02:59:08 - [TEST_STEP][PASSED] - navigateToUrl("https://chudenangcao2021.cf/"): Navigate to 'https://chudenangcao2021.cf/' successfully

2021-05-30 02:59:09 - [MESSAGE][PASSED] - Navigate to 'https://chudenangcao2021.cf/' successfully

2021-05-30 02:59:09 - [TEST_STEP][PASSED] - setText(findTestObject("Object Repository/Page_Mattermost/input_All team communication in one place, _dcc84b"), Username): Text 'cxtuan' is set on object 'Object Repository/Page_Mattermost/input_All team communication in one place, _dcc84b'

2021-05-30 02:59:10 - [MESSAGE][PASSED] - Text 'cxtuan' is set on object 'Object Repository/Page_Mattermost/input_All team communication in one place, _dcc84b'

2021-05-30 02:59:10 - [TEST_STEP][PASSED] - setText(findTestObject("Object Repository/Page_Mattermost/input_All team communication in one place, _a3edc6"), Password): Text '01672471821nT@' is set on object 'Object Repository/Page_Mattermost/input_All team communication in one place, _a3edc6'

2021-05-30 02:59:11 - [MESSAGE][PASSED] - Text '01672471821nT@' is set on object 'Object Repository/Page_Mattermost/input_All team communication in one place, _a3edc6'

2021-05-30 02:59:11 - [TEST_STEP][PASSED] - click(findTestObject("Object Repository/Page_Mattermost/button_Sign in")): Object: 'Object Repository/Page_Mattermost/button_Sign in' is clicked on

2021-05-30 02:59:11 - [MESSAGE][PASSED] - Object: 'Object Repository/Page_Mattermost/button_Sign in' is clicked on

2021-05-30 02:59:11 - [TEST_STEP][PASSED] - verifyLinksAccessible(["https://chudenangcao2021.cf/cdnc-cnpm-2021/channels"]): All links are accessible

2021-05-30 02:59:11 - [MESSAGE][INFO] - HAR: C:\Users\nttuan\Downloads\CDNC\mattermost-testing\Reports\20210530_023726\Run all test cases\20210530_023726\requests\main\57.har

2021-05-30 02:59:11 - [MESSAGE][PASSED] - Send request successfully

2021-05-30 02:59:11 - [MESSAGE][PASSED] - All links are accessible

2021-05-30 02:59:11 - [MESSAGE][PASSED] - Call Test Case 'Test Cases/Common Test Cases/Login' successfully

2021-05-30 02:59:11 - [TEST_STEP][PASSED] - object = findTestObject("Object Repository/IFObject/Page_TEST CHANNEL - TEAM NAME Mattermost/div_te"): null

2021-05-30 02:59:11 - [TEST_STEP][PASSED] - bool = false: null

2021-05-30 02:59:11 - [TEST_STEP][FAILED] - try: Unable to verify object 'Object Repository/IFObject/Page_TEST CHANNEL - TEAM NAME Mattermost/div_te' is present (Root cause: com.kms.katalon.core.exception.StepFailedException: Unable to verify object 'Object Repository/IFObject/Page_TEST CHANNEL - TEAM NAME Mattermost/div_te' is present
	at com.kms.katalon.core.webui.keyword.internal.WebUIKeywordMain.stepFailed(WebUIKeywordMain.groovy:64)
	at com.kms.katalon.core.webui.keyword.internal.WebUIKeywordMain.runKeyword(WebUIKeywordMain.groovy:26)
	at com.kms.katalon.core.webui.keyword.builtin.VerifyElementPresentKeyword.verifyElementPresent(VerifyElementPresentKeyword.groovy:92)
	at com.kms.katalon.core.webui.keyword.builtin.VerifyElementPresentKeyword.execute(VerifyElementPresentKeyword.groovy:68)
	at com.kms.katalon.core.keyword.internal.KeywordExecutor.executeKeywordForPlatform(KeywordExecutor.groovy:73)
	at com.kms.katalon.core.webui.keyword.WebUiBuiltInKeywords.verifyElementPresent(WebUiBuiltInKeywords.groovy:1463)
	at com.kms.katalon.core.webui.keyword.WebUiBuiltInKeywords$verifyElementPresent$4.call(Unknown Source)
	at LeaveTeam.run(LeaveTeam:24)
	at com.kms.katalon.core.main.ScriptEngine.run(ScriptEngine.java:194)
	at com.kms.katalon.core.main.ScriptEngine.runScriptAsRawText(ScriptEngine.java:119)
	at com.kms.katalon.core.main.TestCaseExecutor.runScript(TestCaseExecutor.java:398)
	at com.kms.katalon.core.main.TestCaseExecutor.doExecute(TestCaseExecutor.java:389)
	at com.kms.katalon.core.main.TestCaseExecutor.processExecutionPhase(TestCaseExecutor.java:368)
	at com.kms.katalon.core.main.TestCaseExecutor.accessMainPhase(TestCaseExecutor.java:360)
	at com.kms.katalon.core.main.TestCaseExecutor.execute(TestCaseExecutor.java:255)
	at com.kms.katalon.core.main.TestSuiteExecutor.accessTestCaseMainPhase(TestSuiteExecutor.java:203)
	at com.kms.katalon.core.main.TestSuiteExecutor.accessTestSuiteMainPhase(TestSuiteExecutor.java:152)
	at com.kms.katalon.core.main.TestSuiteExecutor.execute(TestSuiteExecutor.java:95)
	at com.kms.katalon.core.main.TestCaseMain.startTestSuite(TestCaseMain.java:157)
	at com.kms.katalon.core.main.TestCaseMain$startTestSuite$0.call(Unknown Source)
	at TempTestSuite1622342246554.run(TempTestSuite1622342246554.groovy:39)
Caused by: com.kms.katalon.core.exception.StepFailedException: com.kms.katalon.core.webui.exception.WebElementNotFoundException: Web element with id: 'Object Repository/IFObject/Page_TEST CHANNEL - TEAM NAME Mattermost/div_te' located by '//a[@id='test1TeamButton']/div/div/div' not found
	at com.kms.katalon.core.webui.keyword.internal.WebUIKeywordMain.stepFailed(WebUIKeywordMain.groovy:64)
	at com.kms.katalon.core.webui.keyword.builtin.VerifyElementPresentKeyword$_verifyElementPresent_closure1.doCall(VerifyElementPresentKeyword.groovy:85)
	at com.kms.katalon.core.webui.keyword.builtin.VerifyElementPresentKeyword$_verifyElementPresent_closure1.call(VerifyElementPresentKeyword.groovy)
	at com.kms.katalon.core.webui.keyword.internal.WebUIKeywordMain.runKeyword(WebUIKeywordMain.groovy:20)
	... 19 more
)

2021-05-30 02:59:11 - [TEST_STEP][FAILED] - bool = verifyElementPresent(object, 0): Unable to verify object 'Object Repository/IFObject/Page_TEST CHANNEL - TEAM NAME Mattermost/div_te' is present (Root cause: com.kms.katalon.core.exception.StepFailedException: Unable to verify object 'Object Repository/IFObject/Page_TEST CHANNEL - TEAM NAME Mattermost/div_te' is present
	at com.kms.katalon.core.webui.keyword.internal.WebUIKeywordMain.stepFailed(WebUIKeywordMain.groovy:64)
	at com.kms.katalon.core.webui.keyword.internal.WebUIKeywordMain.runKeyword(WebUIKeywordMain.groovy:26)
	at com.kms.katalon.core.webui.keyword.builtin.VerifyElementPresentKeyword.verifyElementPresent(VerifyElementPresentKeyword.groovy:92)
	at com.kms.katalon.core.webui.keyword.builtin.VerifyElementPresentKeyword.execute(VerifyElementPresentKeyword.groovy:68)
	at com.kms.katalon.core.keyword.internal.KeywordExecutor.executeKeywordForPlatform(KeywordExecutor.groovy:73)
	at com.kms.katalon.core.webui.keyword.WebUiBuiltInKeywords.verifyElementPresent(WebUiBuiltInKeywords.groovy:1463)
	at com.kms.katalon.core.webui.keyword.WebUiBuiltInKeywords$verifyElementPresent$4.call(Unknown Source)
	at LeaveTeam.run(LeaveTeam:24)
	at com.kms.katalon.core.main.ScriptEngine.run(ScriptEngine.java:194)
	at com.kms.katalon.core.main.ScriptEngine.runScriptAsRawText(ScriptEngine.java:119)
	at com.kms.katalon.core.main.TestCaseExecutor.runScript(TestCaseExecutor.java:398)
	at com.kms.katalon.core.main.TestCaseExecutor.doExecute(TestCaseExecutor.java:389)
	at com.kms.katalon.core.main.TestCaseExecutor.processExecutionPhase(TestCaseExecutor.java:368)
	at com.kms.katalon.core.main.TestCaseExecutor.accessMainPhase(TestCaseExecutor.java:360)
	at com.kms.katalon.core.main.TestCaseExecutor.execute(TestCaseExecutor.java:255)
	at com.kms.katalon.core.main.TestSuiteExecutor.accessTestCaseMainPhase(TestSuiteExecutor.java:203)
	at com.kms.katalon.core.main.TestSuiteExecutor.accessTestSuiteMainPhase(TestSuiteExecutor.java:152)
	at com.kms.katalon.core.main.TestSuiteExecutor.execute(TestSuiteExecutor.java:95)
	at com.kms.katalon.core.main.TestCaseMain.startTestSuite(TestCaseMain.java:157)
	at com.kms.katalon.core.main.TestCaseMain$startTestSuite$0.call(Unknown Source)
	at TempTestSuite1622342246554.run(TempTestSuite1622342246554.groovy:39)
Caused by: com.kms.katalon.core.exception.StepFailedException: com.kms.katalon.core.webui.exception.WebElementNotFoundException: Web element with id: 'Object Repository/IFObject/Page_TEST CHANNEL - TEAM NAME Mattermost/div_te' located by '//a[@id='test1TeamButton']/div/div/div' not found
	at com.kms.katalon.core.webui.keyword.internal.WebUIKeywordMain.stepFailed(WebUIKeywordMain.groovy:64)
	at com.kms.katalon.core.webui.keyword.builtin.VerifyElementPresentKeyword$_verifyElementPresent_closure1.doCall(VerifyElementPresentKeyword.groovy:85)
	at com.kms.katalon.core.webui.keyword.builtin.VerifyElementPresentKeyword$_verifyElementPresent_closure1.call(VerifyElementPresentKeyword.groovy)
	at com.kms.katalon.core.webui.keyword.internal.WebUIKeywordMain.runKeyword(WebUIKeywordMain.groovy:20)
	... 19 more
)

2021-05-30 02:59:11 - [MESSAGE][WARNING] - Timeout '0' is invalid. Using default page load timeout: '30'

2021-05-30 02:59:42 - [MESSAGE][INFO] - Unable to find the element located by 'By.xpath: //a[@id='test1TeamButton']/div/div/div'. Please recheck the objects properties to make sure the desired element is located. 

2021-05-30 02:59:43 - [MESSAGE][FAILED] - com.kms.katalon.core.webui.exception.WebElementNotFoundException: Web element with id: 'Object Repository/IFObject/Page_TEST CHANNEL - TEAM NAME Mattermost/div_te' located by '//a[@id='test1TeamButton']/div/div/div' not found (Root cause: com.kms.katalon.core.exception.StepFailedException: com.kms.katalon.core.webui.exception.WebElementNotFoundException: Web element with id: 'Object Repository/IFObject/Page_TEST CHANNEL - TEAM NAME Mattermost/div_te' located by '//a[@id='test1TeamButton']/div/div/div' not found
	at com.kms.katalon.core.webui.keyword.internal.WebUIKeywordMain.stepFailed(WebUIKeywordMain.groovy:64)
	at com.kms.katalon.core.webui.keyword.builtin.VerifyElementPresentKeyword$_verifyElementPresent_closure1.doCall(VerifyElementPresentKeyword.groovy:85)
	at com.kms.katalon.core.webui.keyword.builtin.VerifyElementPresentKeyword$_verifyElementPresent_closure1.call(VerifyElementPresentKeyword.groovy)
	at com.kms.katalon.core.webui.keyword.internal.WebUIKeywordMain.runKeyword(WebUIKeywordMain.groovy:20)
	at com.kms.katalon.core.webui.keyword.builtin.VerifyElementPresentKeyword.verifyElementPresent(VerifyElementPresentKeyword.groovy:92)
	at com.kms.katalon.core.webui.keyword.builtin.VerifyElementPresentKeyword.execute(VerifyElementPresentKeyword.groovy:68)
	at com.kms.katalon.core.keyword.internal.KeywordExecutor.executeKeywordForPlatform(KeywordExecutor.groovy:73)
	at com.kms.katalon.core.webui.keyword.WebUiBuiltInKeywords.verifyElementPresent(WebUiBuiltInKeywords.groovy:1463)
	at com.kms.katalon.core.webui.keyword.WebUiBuiltInKeywords$verifyElementPresent$4.call(Unknown Source)
	at LeaveTeam.run(LeaveTeam:24)
	at com.kms.katalon.core.main.ScriptEngine.run(ScriptEngine.java:194)
	at com.kms.katalon.core.main.ScriptEngine.runScriptAsRawText(ScriptEngine.java:119)
	at com.kms.katalon.core.main.TestCaseExecutor.runScript(TestCaseExecutor.java:398)
	at com.kms.katalon.core.main.TestCaseExecutor.doExecute(TestCaseExecutor.java:389)
	at com.kms.katalon.core.main.TestCaseExecutor.processExecutionPhase(TestCaseExecutor.java:368)
	at com.kms.katalon.core.main.TestCaseExecutor.accessMainPhase(TestCaseExecutor.java:360)
	at com.kms.katalon.core.main.TestCaseExecutor.execute(TestCaseExecutor.java:255)
	at com.kms.katalon.core.main.TestSuiteExecutor.accessTestCaseMainPhase(TestSuiteExecutor.java:203)
	at com.kms.katalon.core.main.TestSuiteExecutor.accessTestSuiteMainPhase(TestSuiteExecutor.java:152)
	at com.kms.katalon.core.main.TestSuiteExecutor.execute(TestSuiteExecutor.java:95)
	at com.kms.katalon.core.main.TestCaseMain.startTestSuite(TestCaseMain.java:157)
	at com.kms.katalon.core.main.TestCaseMain$startTestSuite$0.call(Unknown Source)
	at TempTestSuite1622342246554.run(TempTestSuite1622342246554.groovy:39)
)
[[ATTACHMENT|C:\\Users\\nttuan\\Downloads\\CDNC\\mattermost-testing\\Reports\\20210530_023726\\Run all test cases\\20210530_023726\\1622343582977.png]]

2021-05-30 02:59:43 - [MESSAGE][FAILED] - Unable to verify object 'Object Repository/IFObject/Page_TEST CHANNEL - TEAM NAME Mattermost/div_te' is present (Root cause: com.kms.katalon.core.exception.StepFailedException: Unable to verify object 'Object Repository/IFObject/Page_TEST CHANNEL - TEAM NAME Mattermost/div_te' is present
	at com.kms.katalon.core.webui.keyword.internal.WebUIKeywordMain.stepFailed(WebUIKeywordMain.groovy:64)
	at com.kms.katalon.core.webui.keyword.internal.WebUIKeywordMain.runKeyword(WebUIKeywordMain.groovy:26)
	at com.kms.katalon.core.webui.keyword.builtin.VerifyElementPresentKeyword.verifyElementPresent(VerifyElementPresentKeyword.groovy:92)
	at com.kms.katalon.core.webui.keyword.builtin.VerifyElementPresentKeyword.execute(VerifyElementPresentKeyword.groovy:68)
	at com.kms.katalon.core.keyword.internal.KeywordExecutor.executeKeywordForPlatform(KeywordExecutor.groovy:73)
	at com.kms.katalon.core.webui.keyword.WebUiBuiltInKeywords.verifyElementPresent(WebUiBuiltInKeywords.groovy:1463)
	at com.kms.katalon.core.webui.keyword.WebUiBuiltInKeywords$verifyElementPresent$4.call(Unknown Source)
	at LeaveTeam.run(LeaveTeam:24)
	at com.kms.katalon.core.main.ScriptEngine.run(ScriptEngine.java:194)
	at com.kms.katalon.core.main.ScriptEngine.runScriptAsRawText(ScriptEngine.java:119)
	at com.kms.katalon.core.main.TestCaseExecutor.runScript(TestCaseExecutor.java:398)
	at com.kms.katalon.core.main.TestCaseExecutor.doExecute(TestCaseExecutor.java:389)
	at com.kms.katalon.core.main.TestCaseExecutor.processExecutionPhase(TestCaseExecutor.java:368)
	at com.kms.katalon.core.main.TestCaseExecutor.accessMainPhase(TestCaseExecutor.java:360)
	at com.kms.katalon.core.main.TestCaseExecutor.execute(TestCaseExecutor.java:255)
	at com.kms.katalon.core.main.TestSuiteExecutor.accessTestCaseMainPhase(TestSuiteExecutor.java:203)
	at com.kms.katalon.core.main.TestSuiteExecutor.accessTestSuiteMainPhase(TestSuiteExecutor.java:152)
	at com.kms.katalon.core.main.TestSuiteExecutor.execute(TestSuiteExecutor.java:95)
	at com.kms.katalon.core.main.TestCaseMain.startTestSuite(TestCaseMain.java:157)
	at com.kms.katalon.core.main.TestCaseMain$startTestSuite$0.call(Unknown Source)
	at TempTestSuite1622342246554.run(TempTestSuite1622342246554.groovy:39)
Caused by: com.kms.katalon.core.exception.StepFailedException: com.kms.katalon.core.webui.exception.WebElementNotFoundException: Web element with id: 'Object Repository/IFObject/Page_TEST CHANNEL - TEAM NAME Mattermost/div_te' located by '//a[@id='test1TeamButton']/div/div/div' not found
	at com.kms.katalon.core.webui.keyword.internal.WebUIKeywordMain.stepFailed(WebUIKeywordMain.groovy:64)
	at com.kms.katalon.core.webui.keyword.builtin.VerifyElementPresentKeyword$_verifyElementPresent_closure1.doCall(VerifyElementPresentKeyword.groovy:85)
	at com.kms.katalon.core.webui.keyword.builtin.VerifyElementPresentKeyword$_verifyElementPresent_closure1.call(VerifyElementPresentKeyword.groovy)
	at com.kms.katalon.core.webui.keyword.internal.WebUIKeywordMain.runKeyword(WebUIKeywordMain.groovy:20)
	... 19 more
)
[[ATTACHMENT|C:\\Users\\nttuan\\Downloads\\CDNC\\mattermost-testing\\Reports\\20210530_023726\\Run all test cases\\20210530_023726\\1622343583141.png]]

2021-05-30 02:59:43 - [TEST_STEP][PASSED] - catch (Exception ex): null

2021-05-30 02:59:43 - [TEST_STEP][PASSED] - Finally: Browser is closed

2021-05-30 02:59:43 - [TEST_STEP][PASSED] - if (bool): null

2021-05-30 02:59:43 - [TEST_STEP][PASSED] - else: Browser is closed

2021-05-30 02:59:43 - [TEST_STEP][PASSED] - closeBrowser(): Browser is closed

2021-05-30 02:59:43 - [MESSAGE][PASSED] - Browser is closed]]></system-out>
         <system-err><![CDATA[]]></system-err>
      </testcase>
      <testcase name="Test Cases/TestCasesIf/Time24hIfUserNameThanTen" time="10.033" classname="Test Cases/TestCasesIf/Time24hIfUserNameThanTen" status="PASSED">
         <system-out><![CDATA[2021-05-30 02:59:43 - [TEST_CASE][PASSED] - Test Cases/TestCasesIf/Time24hIfUserNameThanTen: Test Cases/TestCasesIf/Time24hIfUserNameThanTen

2021-05-30 02:59:43 - [TEST_STEP][PASSED] - callTestCase(findTestCase("Test Cases/Common Test Cases/Login"), ["Username":username, "Password":password]): Call Test Case 'Test Cases/Common Test Cases/Login' successfully

2021-05-30 02:59:44 - [TEST_CASE][PASSED] - Test Cases/Common Test Cases/Login: Test Cases/Common Test Cases/Login

2021-05-30 02:59:44 - [TEST_STEP][PASSED] - openBrowser(""): Browser is opened with url: ''

2021-05-30 02:59:44 - [MESSAGE][INFO] - Starting 'Chrome' driver

2021-05-30 02:59:44 - [MESSAGE][INFO] - Action delay is set to 0 milliseconds

2021-05-30 02:59:45 - [MESSAGE][PASSED] - Browser is opened with url: ''

2021-05-30 02:59:45 - [TEST_STEP][PASSED] - navigateToUrl("https://chudenangcao2021.cf/"): Navigate to 'https://chudenangcao2021.cf/' successfully

2021-05-30 02:59:45 - [MESSAGE][PASSED] - Navigate to 'https://chudenangcao2021.cf/' successfully

2021-05-30 02:59:45 - [TEST_STEP][PASSED] - setText(findTestObject("Object Repository/Page_Mattermost/input_All team communication in one place, _dcc84b"), Username): Text 'cxtuan' is set on object 'Object Repository/Page_Mattermost/input_All team communication in one place, _dcc84b'

2021-05-30 02:59:47 - [MESSAGE][PASSED] - Text 'cxtuan' is set on object 'Object Repository/Page_Mattermost/input_All team communication in one place, _dcc84b'

2021-05-30 02:59:47 - [TEST_STEP][PASSED] - setText(findTestObject("Object Repository/Page_Mattermost/input_All team communication in one place, _a3edc6"), Password): Text '01672471821nT@' is set on object 'Object Repository/Page_Mattermost/input_All team communication in one place, _a3edc6'

2021-05-30 02:59:47 - [MESSAGE][PASSED] - Text '01672471821nT@' is set on object 'Object Repository/Page_Mattermost/input_All team communication in one place, _a3edc6'

2021-05-30 02:59:47 - [TEST_STEP][PASSED] - click(findTestObject("Object Repository/Page_Mattermost/button_Sign in")): Object: 'Object Repository/Page_Mattermost/button_Sign in' is clicked on

2021-05-30 02:59:48 - [MESSAGE][PASSED] - Object: 'Object Repository/Page_Mattermost/button_Sign in' is clicked on

2021-05-30 02:59:48 - [TEST_STEP][PASSED] - verifyLinksAccessible(["https://chudenangcao2021.cf/cdnc-cnpm-2021/channels"]): All links are accessible

2021-05-30 02:59:48 - [MESSAGE][INFO] - HAR: C:\Users\nttuan\Downloads\CDNC\mattermost-testing\Reports\20210530_023726\Run all test cases\20210530_023726\requests\main\58.har

2021-05-30 02:59:48 - [MESSAGE][PASSED] - Send request successfully

2021-05-30 02:59:48 - [MESSAGE][PASSED] - All links are accessible

2021-05-30 02:59:48 - [MESSAGE][PASSED] - Call Test Case 'Test Cases/Common Test Cases/Login' successfully

2021-05-30 02:59:48 - [TEST_STEP][PASSED] - object = findTestObject("Object Repository/IFObject/Page_TEST CHANNEL - TEAM NAME Mattermost/button_cxtuan_style--none sidebar-header-dropdown__icon"): null

2021-05-30 02:59:48 - [TEST_STEP][PASSED] - bool = false: null

2021-05-30 02:59:48 - [TEST_STEP][PASSED] - try: Object 'Object Repository/IFObject/Page_TEST CHANNEL - TEAM NAME Mattermost/button_cxtuan_style--none sidebar-header-dropdown__icon' is present

2021-05-30 02:59:48 - [TEST_STEP][PASSED] - bool = verifyElementPresent(object, 0): Object 'Object Repository/IFObject/Page_TEST CHANNEL - TEAM NAME Mattermost/button_cxtuan_style--none sidebar-header-dropdown__icon' is present

2021-05-30 02:59:48 - [MESSAGE][WARNING] - Timeout '0' is invalid. Using default page load timeout: '30'

2021-05-30 02:59:50 - [MESSAGE][PASSED] - Object 'Object Repository/IFObject/Page_TEST CHANNEL - TEAM NAME Mattermost/button_cxtuan_style--none sidebar-header-dropdown__icon' is present

2021-05-30 02:59:50 - [TEST_STEP][PASSED] - Finally: Browser is closed

2021-05-30 02:59:50 - [TEST_STEP][PASSED] - if (bool && username.length() < 10): Browser is closed

2021-05-30 02:59:50 - [TEST_STEP][PASSED] - click(object): Object: 'Object Repository/IFObject/Page_TEST CHANNEL - TEAM NAME Mattermost/button_cxtuan_style--none sidebar-header-dropdown__icon' is clicked on

2021-05-30 02:59:50 - [MESSAGE][PASSED] - Object: 'Object Repository/IFObject/Page_TEST CHANNEL - TEAM NAME Mattermost/button_cxtuan_style--none sidebar-header-dropdown__icon' is clicked on

2021-05-30 02:59:50 - [TEST_STEP][PASSED] - click(findTestObject("Object Repository/IFObject/Page_TEST CHANNEL - TEAM NAME Mattermost/button_Account Settings")): Object: 'Object Repository/IFObject/Page_TEST CHANNEL - TEAM NAME Mattermost/button_Account Settings' is clicked on

2021-05-30 02:59:50 - [MESSAGE][PASSED] - Object: 'Object Repository/IFObject/Page_TEST CHANNEL - TEAM NAME Mattermost/button_Account Settings' is clicked on

2021-05-30 02:59:50 - [TEST_STEP][PASSED] - click(findTestObject("Object Repository/IFObject/Page_TEST CHANNEL - TEAM NAME Mattermost/button_Display")): Object: 'Object Repository/IFObject/Page_TEST CHANNEL - TEAM NAME Mattermost/button_Display' is clicked on

2021-05-30 02:59:51 - [MESSAGE][PASSED] - Object: 'Object Repository/IFObject/Page_TEST CHANNEL - TEAM NAME Mattermost/button_Display' is clicked on

2021-05-30 02:59:51 - [TEST_STEP][PASSED] - click(findTestObject("Object Repository/IFObject/Page_TEST CHANNEL - TEAM NAME Mattermost/div_Clock DisplayEdit")): Object: 'Object Repository/IFObject/Page_TEST CHANNEL - TEAM NAME Mattermost/div_Clock DisplayEdit' is clicked on

2021-05-30 02:59:51 - [MESSAGE][PASSED] - Object: 'Object Repository/IFObject/Page_TEST CHANNEL - TEAM NAME Mattermost/div_Clock DisplayEdit' is clicked on

2021-05-30 02:59:51 - [TEST_STEP][PASSED] - click(findTestObject("Object Repository/IFObject/Page_TEST CHANNEL - TEAM NAME Mattermost/label_24-hour clock (example 1600)")): Object: 'Object Repository/IFObject/Page_TEST CHANNEL - TEAM NAME Mattermost/label_24-hour clock (example 1600)' is clicked on

2021-05-30 02:59:52 - [MESSAGE][PASSED] - Object: 'Object Repository/IFObject/Page_TEST CHANNEL - TEAM NAME Mattermost/label_24-hour clock (example 1600)' is clicked on

2021-05-30 02:59:52 - [TEST_STEP][PASSED] - click(findTestObject("Object Repository/IFObject/Page_TEST CHANNEL - TEAM NAME Mattermost/button_Save")): Object: 'Object Repository/IFObject/Page_TEST CHANNEL - TEAM NAME Mattermost/button_Save' is clicked on

2021-05-30 02:59:52 - [MESSAGE][PASSED] - Object: 'Object Repository/IFObject/Page_TEST CHANNEL - TEAM NAME Mattermost/button_Save' is clicked on

2021-05-30 02:59:52 - [TEST_STEP][PASSED] - click(findTestObject("Object Repository/IFObject/Page_TEST CHANNEL - TEAM NAME Mattermost/button_Close")): Object: 'Object Repository/IFObject/Page_TEST CHANNEL - TEAM NAME Mattermost/button_Close' is clicked on

2021-05-30 02:59:53 - [MESSAGE][PASSED] - Object: 'Object Repository/IFObject/Page_TEST CHANNEL - TEAM NAME Mattermost/button_Close' is clicked on

2021-05-30 02:59:53 - [TEST_STEP][PASSED] - closeBrowser(): Browser is closed

2021-05-30 02:59:53 - [MESSAGE][PASSED] - Browser is closed]]></system-out>
         <system-err><![CDATA[]]></system-err>
      </testcase>
      <system-out><![CDATA[2021-05-30 02:37:35 - [TEST_SUITE][FAILED] - Run all test cases: Test Cases/Internal Test Cases/EditChannelHeader FAILED.
Reason:
com.kms.katalon.core.exception.StepFailedException: Unable to click on object 'Object Repository/Page_Town Square - TEAM NAME Mattermost/div_Off-Topic'
	at com.kms.katalon.core.webui.keyword.internal.WebUIKeywordMain.stepFailed(WebUIKeywordMain.groovy:64)
	at com.kms.katalon.core.webui.keyword.internal.WebUIKeywordMain.runKeyword(WebUIKeywordMain.groovy:26)
	at com.kms.katalon.core.webui.keyword.builtin.ClickKeyword.click(ClickKeyword.groovy:75)
	at com.kms.katalon.core.webui.keyword.builtin.ClickKeyword.execute(ClickKeyword.groovy:42)
	at com.kms.katalon.core.keyword.internal.KeywordExecutor.executeKeywordForPlatform(KeywordExecutor.groovy:73)
	at com.kms.katalon.core.webui.keyword.WebUiBuiltInKeywords.click(WebUiBuiltInKeywords.groovy:619)
	at com.kms.katalon.core.webui.keyword.WebUiBuiltInKeywords$click$2.call(Unknown Source)
	at EditChannelHeader.run(EditChannelHeader:23)
	at com.kms.katalon.core.main.ScriptEngine.run(ScriptEngine.java:194)
	at com.kms.katalon.core.main.ScriptEngine.runScriptAsRawText(ScriptEngine.java:119)
	at com.kms.katalon.core.main.TestCaseExecutor.runScript(TestCaseExecutor.java:398)
	at com.kms.katalon.core.main.TestCaseExecutor.doExecute(TestCaseExecutor.java:389)
	at com.kms.katalon.core.main.TestCaseExecutor.processExecutionPhase(TestCaseExecutor.java:368)
	at com.kms.katalon.core.main.TestCaseExecutor.accessMainPhase(TestCaseExecutor.java:360)
	at com.kms.katalon.core.main.TestCaseExecutor.execute(TestCaseExecutor.java:255)
	at com.kms.katalon.core.main.TestSuiteExecutor.accessTestCaseMainPhase(TestSuiteExecutor.java:203)
	at com.kms.katalon.core.main.TestSuiteExecutor.accessTestSuiteMainPhase(TestSuiteExecutor.java:152)
	at com.kms.katalon.core.main.TestSuiteExecutor.execute(TestSuiteExecutor.java:95)
	at com.kms.katalon.core.main.TestCaseMain.startTestSuite(TestCaseMain.java:157)
	at com.kms.katalon.core.main.TestCaseMain$startTestSuite$0.call(Unknown Source)
	at TempTestSuite1622342246554.run(TempTestSuite1622342246554.groovy:39)
Caused by: org.openqa.selenium.ElementClickInterceptedException: element click intercepted: Element <div class="SidebarChannelLinkLabel_wrapper">...</div> is not clickable at point (197, 566). Other element would receive the click: <div style="position: absolute; height: 6px; transition: opacity 500ms ease 0s; opacity: 0; right: 2px; bottom: 2px; left: 2px; border-radius: 3px;">...</div>
  (Session info: chrome=91.0.4472.77)
Build info: version: '3.141.59', revision: 'e82be7d358', time: '2018-11-14T08:25:53'
System info: host: 'WIN-SERVER-2019', ip: '10.1.0.4', os.name: 'Windows Server 2019', os.arch: 'amd64', os.version: '10.0', java.version: '1.8.0_282'
Driver info: com.kms.katalon.selenium.driver.CChromeDriver
Capabilities {acceptInsecureCerts: false, browserName: chrome, browserVersion: 91.0.4472.77, chrome: {chromedriverVersion: 90.0.4430.24 (4c6d850f087da..., userDataDir: C:\Users\nttuan\AppData\Loc...}, goog:chromeOptions: {debuggerAddress: localhost:58580}, javascriptEnabled: true, networkConnectionEnabled: false, pageLoadStrategy: normal, platform: WINDOWS, platformName: WINDOWS, proxy: Proxy(), setWindowRect: true, strictFileInteractability: false, timeouts: {implicit: 0, pageLoad: 300000, script: 30000}, unhandledPromptBehavior: dismiss and notify, webauthn:extension:largeBlob: true, webauthn:virtualAuthenticators: true}
Session ID: 7f9f549456099e09e2fa50a0e27638a5
	at org.openqa.selenium.remote.http.W3CHttpResponseCodec.createException(W3CHttpResponseCodec.java:187)
	at org.openqa.selenium.remote.http.W3CHttpResponseCodec.decode(W3CHttpResponseCodec.java:122)
	at org.openqa.selenium.remote.http.W3CHttpResponseCodec.decode(W3CHttpResponseCodec.java:49)
	at org.openqa.selenium.remote.HttpCommandExecutor.execute(HttpCommandExecutor.java:158)
	at org.openqa.selenium.remote.service.DriverCommandExecutor.execute(DriverCommandExecutor.java:83)
	at org.openqa.selenium.remote.RemoteWebDriver.execute(RemoteWebDriver.java:552)
	at com.kms.katalon.selenium.driver.CChromeDriver.execute(CChromeDriver.java:19)
	at org.openqa.selenium.remote.RemoteWebElement.execute(RemoteWebElement.java:285)
	at org.openqa.selenium.remote.RemoteWebElement.click(RemoteWebElement.java:84)
	at org.openqa.selenium.support.events.EventFiringWebDriver$EventFiringWebElement.lambda$new$0(EventFiringWebDriver.java:404)
	at com.sun.proxy.$Proxy17.click(Unknown Source)
	at org.openqa.selenium.support.events.EventFiringWebDriver$EventFiringWebElement.click(EventFiringWebDriver.java:417)
	at com.kms.katalon.core.webui.keyword.builtin.ClickKeyword$_click_closure1.doCall(ClickKeyword.groovy:68)
	at com.kms.katalon.core.webui.keyword.builtin.ClickKeyword$_click_closure1.call(ClickKeyword.groovy)
	at com.kms.katalon.core.webui.keyword.internal.WebUIKeywordMain.runKeyword(WebUIKeywordMain.groovy:20)
	... 19 more]]></system-out>
      <system-err><![CDATA[2021-05-30 02:37:35 - [TEST_SUITE][FAILED] - Run all test cases: Test Cases/Internal Test Cases/EditChannelHeader FAILED.
Reason:
com.kms.katalon.core.exception.StepFailedException: Unable to click on object 'Object Repository/Page_Town Square - TEAM NAME Mattermost/div_Off-Topic'
	at com.kms.katalon.core.webui.keyword.internal.WebUIKeywordMain.stepFailed(WebUIKeywordMain.groovy:64)
	at com.kms.katalon.core.webui.keyword.internal.WebUIKeywordMain.runKeyword(WebUIKeywordMain.groovy:26)
	at com.kms.katalon.core.webui.keyword.builtin.ClickKeyword.click(ClickKeyword.groovy:75)
	at com.kms.katalon.core.webui.keyword.builtin.ClickKeyword.execute(ClickKeyword.groovy:42)
	at com.kms.katalon.core.keyword.internal.KeywordExecutor.executeKeywordForPlatform(KeywordExecutor.groovy:73)
	at com.kms.katalon.core.webui.keyword.WebUiBuiltInKeywords.click(WebUiBuiltInKeywords.groovy:619)
	at com.kms.katalon.core.webui.keyword.WebUiBuiltInKeywords$click$2.call(Unknown Source)
	at EditChannelHeader.run(EditChannelHeader:23)
	at com.kms.katalon.core.main.ScriptEngine.run(ScriptEngine.java:194)
	at com.kms.katalon.core.main.ScriptEngine.runScriptAsRawText(ScriptEngine.java:119)
	at com.kms.katalon.core.main.TestCaseExecutor.runScript(TestCaseExecutor.java:398)
	at com.kms.katalon.core.main.TestCaseExecutor.doExecute(TestCaseExecutor.java:389)
	at com.kms.katalon.core.main.TestCaseExecutor.processExecutionPhase(TestCaseExecutor.java:368)
	at com.kms.katalon.core.main.TestCaseExecutor.accessMainPhase(TestCaseExecutor.java:360)
	at com.kms.katalon.core.main.TestCaseExecutor.execute(TestCaseExecutor.java:255)
	at com.kms.katalon.core.main.TestSuiteExecutor.accessTestCaseMainPhase(TestSuiteExecutor.java:203)
	at com.kms.katalon.core.main.TestSuiteExecutor.accessTestSuiteMainPhase(TestSuiteExecutor.java:152)
	at com.kms.katalon.core.main.TestSuiteExecutor.execute(TestSuiteExecutor.java:95)
	at com.kms.katalon.core.main.TestCaseMain.startTestSuite(TestCaseMain.java:157)
	at com.kms.katalon.core.main.TestCaseMain$startTestSuite$0.call(Unknown Source)
	at TempTestSuite1622342246554.run(TempTestSuite1622342246554.groovy:39)
Caused by: org.openqa.selenium.ElementClickInterceptedException: element click intercepted: Element <div class="SidebarChannelLinkLabel_wrapper">...</div> is not clickable at point (197, 566). Other element would receive the click: <div style="position: absolute; height: 6px; transition: opacity 500ms ease 0s; opacity: 0; right: 2px; bottom: 2px; left: 2px; border-radius: 3px;">...</div>
  (Session info: chrome=91.0.4472.77)
Build info: version: '3.141.59', revision: 'e82be7d358', time: '2018-11-14T08:25:53'
System info: host: 'WIN-SERVER-2019', ip: '10.1.0.4', os.name: 'Windows Server 2019', os.arch: 'amd64', os.version: '10.0', java.version: '1.8.0_282'
Driver info: com.kms.katalon.selenium.driver.CChromeDriver
Capabilities {acceptInsecureCerts: false, browserName: chrome, browserVersion: 91.0.4472.77, chrome: {chromedriverVersion: 90.0.4430.24 (4c6d850f087da..., userDataDir: C:\Users\nttuan\AppData\Loc...}, goog:chromeOptions: {debuggerAddress: localhost:58580}, javascriptEnabled: true, networkConnectionEnabled: false, pageLoadStrategy: normal, platform: WINDOWS, platformName: WINDOWS, proxy: Proxy(), setWindowRect: true, strictFileInteractability: false, timeouts: {implicit: 0, pageLoad: 300000, script: 30000}, unhandledPromptBehavior: dismiss and notify, webauthn:extension:largeBlob: true, webauthn:virtualAuthenticators: true}
Session ID: 7f9f549456099e09e2fa50a0e27638a5
	at org.openqa.selenium.remote.http.W3CHttpResponseCodec.createException(W3CHttpResponseCodec.java:187)
	at org.openqa.selenium.remote.http.W3CHttpResponseCodec.decode(W3CHttpResponseCodec.java:122)
	at org.openqa.selenium.remote.http.W3CHttpResponseCodec.decode(W3CHttpResponseCodec.java:49)
	at org.openqa.selenium.remote.HttpCommandExecutor.execute(HttpCommandExecutor.java:158)
	at org.openqa.selenium.remote.service.DriverCommandExecutor.execute(DriverCommandExecutor.java:83)
	at org.openqa.selenium.remote.RemoteWebDriver.execute(RemoteWebDriver.java:552)
	at com.kms.katalon.selenium.driver.CChromeDriver.execute(CChromeDriver.java:19)
	at org.openqa.selenium.remote.RemoteWebElement.execute(RemoteWebElement.java:285)
	at org.openqa.selenium.remote.RemoteWebElement.click(RemoteWebElement.java:84)
	at org.openqa.selenium.support.events.EventFiringWebDriver$EventFiringWebElement.lambda$new$0(EventFiringWebDriver.java:404)
	at com.sun.proxy.$Proxy17.click(Unknown Source)
	at org.openqa.selenium.support.events.EventFiringWebDriver$EventFiringWebElement.click(EventFiringWebDriver.java:417)
	at com.kms.katalon.core.webui.keyword.builtin.ClickKeyword$_click_closure1.doCall(ClickKeyword.groovy:68)
	at com.kms.katalon.core.webui.keyword.builtin.ClickKeyword$_click_closure1.call(ClickKeyword.groovy)
	at com.kms.katalon.core.webui.keyword.internal.WebUIKeywordMain.runKeyword(WebUIKeywordMain.groovy:20)
	... 19 more]]></system-err>
   </testsuite>
</testsuites>
