<?xml version="1.0" encoding="UTF-8"?>
<testsuites name="Run all test cases" time="785.691" tests="31" failures="7" errors="0">
   <testsuite name="Run all test cases" tests="31" failures="7" errors="0" time="785.691" skipped="0" timestamp="2021-05-29 17:00:59" hostname="nttuan - WIN-SERVER-2019.sgdiozk5pmeurpqewmqk3za5qe.bx.internal.cloudapp.net" id="Test Suites/Run all test cases">
      <properties>
         <property name="deviceName" value=""/>
         <property name="devicePlatform" value=""/>
         <property name="logFolder" value="C:\\Users\\nttuan\\Downloads\\CDNC\\mattermost-testing\\Reports\\20210529_170053\\Run all test cases\\20210529_170053"/>
         <property name="logFiles" value="C:\\Users\\nttuan\\Downloads\\CDNC\\mattermost-testing\\Reports\\20210529_170053\\Run all test cases\\20210529_170053\\execution0.log"/>
         <property name="attachments" value="C:\\Users\\nttuan\\Downloads\\CDNC\\mattermost-testing\\Reports\\20210529_170053\\Run all test cases\\20210529_170053\\1622307705760.png, C:\\Users\\nttuan\\Downloads\\CDNC\\mattermost-testing\\Reports\\20210529_170053\\Run all test cases\\20210529_170053\\1622307705876.png, C:\\Users\\nttuan\\Downloads\\CDNC\\mattermost-testing\\Reports\\20210529_170053\\Run all test cases\\20210529_170053\\1622307742761.png, C:\\Users\\nttuan\\Downloads\\CDNC\\mattermost-testing\\Reports\\20210529_170053\\Run all test cases\\20210529_170053\\1622307742876.png, C:\\Users\\nttuan\\Downloads\\CDNC\\mattermost-testing\\Reports\\20210529_170053\\Run all test cases\\20210529_170053\\1622307780774.png, C:\\Users\\nttuan\\Downloads\\CDNC\\mattermost-testing\\Reports\\20210529_170053\\Run all test cases\\20210529_170053\\1622307780906.png, C:\\Users\\nttuan\\Downloads\\CDNC\\mattermost-testing\\Reports\\20210529_170053\\Run all test cases\\20210529_170053\\1622307817968.png, C:\\Users\\nttuan\\Downloads\\CDNC\\mattermost-testing\\Reports\\20210529_170053\\Run all test cases\\20210529_170053\\1622307818034.png, C:\\Users\\nttuan\\Downloads\\CDNC\\mattermost-testing\\Reports\\20210529_170053\\Run all test cases\\20210529_170053\\1622307956049.png, C:\\Users\\nttuan\\Downloads\\CDNC\\mattermost-testing\\Reports\\20210529_170053\\Run all test cases\\20210529_170053\\1622308022604.png, C:\\Users\\nttuan\\Downloads\\CDNC\\mattermost-testing\\Reports\\20210529_170053\\Run all test cases\\20210529_170053\\1622308088510.png, C:\\Users\\nttuan\\Downloads\\CDNC\\mattermost-testing\\Reports\\20210529_170053\\Run all test cases\\20210529_170053\\1622308193508.png, C:\\Users\\nttuan\\Downloads\\CDNC\\mattermost-testing\\Reports\\20210529_170053\\Run all test cases\\20210529_170053\\1622308204863.png, C:\\Users\\nttuan\\Downloads\\CDNC\\mattermost-testing\\Reports\\20210529_170053\\Run all test cases\\20210529_170053\\1622308265776.png"/>
         <property name="hostName" value="nttuan - WIN-SERVER-2019.sgdiozk5pmeurpqewmqk3za5qe.bx.internal.cloudapp.net"/>
         <property name="os" value="Windows Server 2019 64bit"/>
         <property name="katalonVersion" value="8.0.1.208"/>
         <property name="browser" value="Chrome 91.0.4472.77"/>
         <property name="hostAddress" value="10.1.0.4"/>
         <property name="sessionId" value="e35359dd879c84081d1b0d7eb706d20f"/>
         <property name="seleniumVersion" value="3.141.59"/>
         <property name="proxyInformation" value="ProxyInformation { proxyOption=NO_PROXY, proxyServerType=HTTP, username=, password=********, proxyServerAddress=, proxyServerPort=0, executionList=&quot;&quot;, isApplyToDesiredCapabilities=true }"/>
         <property name="platform" value="Windows Server 2019"/>
      </properties>
      <testcase name="Test Cases/API/API - Cannot receive a user list after logout" time="2.304" classname="Test Cases/API/API - Cannot receive a user list after logout" status="PASSED">
         <system-out><![CDATA[2021-05-29 17:01:00 - [TEST_CASE][PASSED] - Test Cases/API/API - Cannot receive a user list after logout: Test Cases/API/API - Cannot receive a user list after logout

2021-05-29 17:01:00 - [TEST_STEP][PASSED] - loginResponse = sendRequest(findTestObject("API/Login")): Send request successfully

2021-05-29 17:01:01 - [MESSAGE][INFO] - HAR: C:\Users\nttuan\Downloads\CDNC\mattermost-testing\Reports\20210529_170053\Run all test cases\20210529_170053\requests\main\0.har

2021-05-29 17:01:01 - [MESSAGE][PASSED] - Send request successfully

2021-05-29 17:01:01 - [TEST_STEP][PASSED] - token = loginResponse.getHeaderField("Token"): null

2021-05-29 17:01:01 - [TEST_STEP][PASSED] - out.println("Token: " + token): null

2021-05-29 17:01:02 - [TEST_STEP][PASSED] - HTTPHeader = new java.util.ArrayList(): null

2021-05-29 17:01:02 - [TEST_STEP][PASSED] - HTTPHeader.add(new com.kms.katalon.core.testobject.TestObjectProperty(Authorization, com.kms.katalon.core.testobject.ConditionType.EQUALS, (Bearer  + token))): null

2021-05-29 17:01:02 - [TEST_STEP][PASSED] - Logout_ScopeToProject = findTestObject("API/Logout"): null

2021-05-29 17:01:02 - [TEST_STEP][PASSED] - Logout_ScopeToProject.setHttpHeaderProperties(HTTPHeader): null

2021-05-29 17:01:02 - [TEST_STEP][PASSED] - logoutResponse = sendRequest(Logout_ScopeToProject): Send request successfully

2021-05-29 17:01:02 - [MESSAGE][INFO] - HAR: C:\Users\nttuan\Downloads\CDNC\mattermost-testing\Reports\20210529_170053\Run all test cases\20210529_170053\requests\main\1.har

2021-05-29 17:01:02 - [MESSAGE][PASSED] - Send request successfully

2021-05-29 17:01:02 - [TEST_STEP][PASSED] - verifyResponseStatusCode(logoutResponse, 200): Verify response status code successfully

2021-05-29 17:01:02 - [MESSAGE][PASSED] - Verify response status code successfully

2021-05-29 17:01:02 - [TEST_STEP][PASSED] - ScopeToProject = findTestObject("API/Get users"): null

2021-05-29 17:01:02 - [TEST_STEP][PASSED] - ScopeToProject.setHttpHeaderProperties(HTTPHeader): null

2021-05-29 17:01:02 - [TEST_STEP][PASSED] - response = sendRequest(ScopeToProject): Send request successfully

2021-05-29 17:01:02 - [MESSAGE][INFO] - HAR: C:\Users\nttuan\Downloads\CDNC\mattermost-testing\Reports\20210529_170053\Run all test cases\20210529_170053\requests\main\2.har

2021-05-29 17:01:02 - [MESSAGE][PASSED] - Send request successfully

2021-05-29 17:01:02 - [TEST_STEP][PASSED] - out.println("Body content: " + response.getResponseBodyContent()): null

2021-05-29 17:01:02 - [TEST_STEP][PASSED] - verifyResponseStatusCode(response, 401): Verify response status code successfully

2021-05-29 17:01:02 - [MESSAGE][PASSED] - Verify response status code successfully]]></system-out>
         <system-err><![CDATA[]]></system-err>
      </testcase>
      <testcase name="Test Cases/API/API - Verify successful login" time="0.639" classname="Test Cases/API/API - Verify successful login" status="PASSED">
         <system-out><![CDATA[2021-05-29 17:01:02 - [TEST_CASE][PASSED] - Test Cases/API/API - Verify successful login: Test Cases/API/API - Verify successful login

2021-05-29 17:01:02 - [TEST_STEP][PASSED] - response = sendRequest(findTestObject("API/Login")): Send request successfully

2021-05-29 17:01:02 - [MESSAGE][INFO] - HAR: C:\Users\nttuan\Downloads\CDNC\mattermost-testing\Reports\20210529_170053\Run all test cases\20210529_170053\requests\main\3.har

2021-05-29 17:01:02 - [MESSAGE][PASSED] - Send request successfully

2021-05-29 17:01:02 - [TEST_STEP][PASSED] - out.println("Body content: " + response.getResponseBodyContent()): null

2021-05-29 17:01:02 - [TEST_STEP][PASSED] - out.println("Token: " + response.getHeaderField("Token")): null

2021-05-29 17:01:02 - [TEST_STEP][PASSED] - verifyResponseStatusCode(response, 200): Verify response status code successfully

2021-05-29 17:01:02 - [MESSAGE][PASSED] - Verify response status code successfully

2021-05-29 17:01:02 - [TEST_STEP][PASSED] - verifyElementPropertyValue(response, "username", "nguyenvana"): Verify element property value successfully

2021-05-29 17:01:03 - [MESSAGE][PASSED] - Verify element property value successfully]]></system-out>
         <system-err><![CDATA[]]></system-err>
      </testcase>
      <testcase name="Test Cases/API/API - Verify successfuly get a user by email" time="0.609" classname="Test Cases/API/API - Verify successfuly get a user by email" status="PASSED">
         <system-out><![CDATA[2021-05-29 17:01:03 - [TEST_CASE][PASSED] - Test Cases/API/API - Verify successfuly get a user by email: Test Cases/API/API - Verify successfuly get a user by email

2021-05-29 17:01:03 - [TEST_STEP][PASSED] - loginResponse = sendRequest(findTestObject("API/Login")): Send request successfully

2021-05-29 17:01:03 - [MESSAGE][INFO] - HAR: C:\Users\nttuan\Downloads\CDNC\mattermost-testing\Reports\20210529_170053\Run all test cases\20210529_170053\requests\main\4.har

2021-05-29 17:01:03 - [MESSAGE][PASSED] - Send request successfully

2021-05-29 17:01:03 - [TEST_STEP][PASSED] - token = loginResponse.getHeaderField("Token"): null

2021-05-29 17:01:03 - [TEST_STEP][PASSED] - out.println("Token: " + token): null

2021-05-29 17:01:03 - [TEST_STEP][PASSED] - ScopeToProject = findTestObject("API/Get a user by email"): null

2021-05-29 17:01:03 - [TEST_STEP][PASSED] - HTTPHeader = new java.util.ArrayList(): null

2021-05-29 17:01:03 - [TEST_STEP][PASSED] - HTTPHeader.add(new com.kms.katalon.core.testobject.TestObjectProperty(Authorization, com.kms.katalon.core.testobject.ConditionType.EQUALS, (Bearer  + token))): null

2021-05-29 17:01:03 - [TEST_STEP][PASSED] - ScopeToProject.setHttpHeaderProperties(HTTPHeader): null

2021-05-29 17:01:03 - [TEST_STEP][PASSED] - response = sendRequest(ScopeToProject): Send request successfully

2021-05-29 17:01:03 - [MESSAGE][INFO] - HAR: C:\Users\nttuan\Downloads\CDNC\mattermost-testing\Reports\20210529_170053\Run all test cases\20210529_170053\requests\main\5.har

2021-05-29 17:01:03 - [MESSAGE][PASSED] - Send request successfully

2021-05-29 17:01:03 - [TEST_STEP][PASSED] - out.println("Body content: " + response.getResponseBodyContent()): null

2021-05-29 17:01:03 - [TEST_STEP][PASSED] - verifyResponseStatusCode(response, 200): Verify response status code successfully

2021-05-29 17:01:03 - [MESSAGE][PASSED] - Verify response status code successfully

2021-05-29 17:01:03 - [TEST_STEP][PASSED] - verifyElementPropertyValue(response, "email", "tttung468@gmail.com"): Verify element property value successfully

2021-05-29 17:01:03 - [MESSAGE][PASSED] - Verify element property value successfully]]></system-out>
         <system-err><![CDATA[]]></system-err>
      </testcase>
      <testcase name="Test Cases/API/API - Verify successfuly get a user by username" time="0.631" classname="Test Cases/API/API - Verify successfuly get a user by username" status="PASSED">
         <system-out><![CDATA[2021-05-29 17:01:03 - [TEST_CASE][PASSED] - Test Cases/API/API - Verify successfuly get a user by username: Test Cases/API/API - Verify successfuly get a user by username

2021-05-29 17:01:03 - [TEST_STEP][PASSED] - loginResponse = sendRequest(findTestObject("API/Login")): Send request successfully

2021-05-29 17:01:04 - [MESSAGE][INFO] - HAR: C:\Users\nttuan\Downloads\CDNC\mattermost-testing\Reports\20210529_170053\Run all test cases\20210529_170053\requests\main\6.har

2021-05-29 17:01:04 - [MESSAGE][PASSED] - Send request successfully

2021-05-29 17:01:04 - [TEST_STEP][PASSED] - token = loginResponse.getHeaderField("Token"): null

2021-05-29 17:01:04 - [TEST_STEP][PASSED] - out.println("Token: " + token): null

2021-05-29 17:01:04 - [TEST_STEP][PASSED] - ScopeToProject = findTestObject("API/Get a user by username"): null

2021-05-29 17:01:04 - [TEST_STEP][PASSED] - HTTPHeader = new java.util.ArrayList(): null

2021-05-29 17:01:04 - [TEST_STEP][PASSED] - HTTPHeader.add(new com.kms.katalon.core.testobject.TestObjectProperty(Authorization, com.kms.katalon.core.testobject.ConditionType.EQUALS, (Bearer  + token))): null

2021-05-29 17:01:04 - [TEST_STEP][PASSED] - ScopeToProject.setHttpHeaderProperties(HTTPHeader): null

2021-05-29 17:01:04 - [TEST_STEP][PASSED] - response = sendRequest(ScopeToProject): Send request successfully

2021-05-29 17:01:04 - [MESSAGE][INFO] - HAR: C:\Users\nttuan\Downloads\CDNC\mattermost-testing\Reports\20210529_170053\Run all test cases\20210529_170053\requests\main\7.har

2021-05-29 17:01:04 - [MESSAGE][PASSED] - Send request successfully

2021-05-29 17:01:04 - [TEST_STEP][PASSED] - out.println("Body content: " + response.getResponseBodyContent()): null

2021-05-29 17:01:04 - [TEST_STEP][PASSED] - verifyResponseStatusCode(response, 200): Verify response status code successfully

2021-05-29 17:01:04 - [MESSAGE][PASSED] - Verify response status code successfully

2021-05-29 17:01:04 - [TEST_STEP][PASSED] - verifyElementPropertyValue(response, "username", "thanhtung"): Verify element property value successfully

2021-05-29 17:01:04 - [MESSAGE][PASSED] - Verify element property value successfully]]></system-out>
         <system-err><![CDATA[]]></system-err>
      </testcase>
      <testcase name="Test Cases/API/API - Verify successfuly get a user list" time="0.594" classname="Test Cases/API/API - Verify successfuly get a user list" status="PASSED">
         <system-out><![CDATA[2021-05-29 17:01:04 - [TEST_CASE][PASSED] - Test Cases/API/API - Verify successfuly get a user list: Test Cases/API/API - Verify successfuly get a user list

2021-05-29 17:01:04 - [TEST_STEP][PASSED] - loginResponse = sendRequest(findTestObject("API/Login")): Send request successfully

2021-05-29 17:01:04 - [MESSAGE][INFO] - HAR: C:\Users\nttuan\Downloads\CDNC\mattermost-testing\Reports\20210529_170053\Run all test cases\20210529_170053\requests\main\8.har

2021-05-29 17:01:04 - [MESSAGE][PASSED] - Send request successfully

2021-05-29 17:01:04 - [TEST_STEP][PASSED] - token = loginResponse.getHeaderField("Token"): null

2021-05-29 17:01:04 - [TEST_STEP][PASSED] - out.println("Token: " + token): null

2021-05-29 17:01:04 - [TEST_STEP][PASSED] - ScopeToProject = findTestObject("API/Get users"): null

2021-05-29 17:01:04 - [TEST_STEP][PASSED] - HTTPHeader = new java.util.ArrayList(): null

2021-05-29 17:01:04 - [TEST_STEP][PASSED] - HTTPHeader.add(new com.kms.katalon.core.testobject.TestObjectProperty(Authorization, com.kms.katalon.core.testobject.ConditionType.EQUALS, (Bearer  + token))): null

2021-05-29 17:01:04 - [TEST_STEP][PASSED] - ScopeToProject.setHttpHeaderProperties(HTTPHeader): null

2021-05-29 17:01:04 - [TEST_STEP][PASSED] - response = sendRequest(ScopeToProject): Send request successfully

2021-05-29 17:01:04 - [MESSAGE][INFO] - HAR: C:\Users\nttuan\Downloads\CDNC\mattermost-testing\Reports\20210529_170053\Run all test cases\20210529_170053\requests\main\9.har

2021-05-29 17:01:04 - [MESSAGE][PASSED] - Send request successfully

2021-05-29 17:01:04 - [TEST_STEP][PASSED] - out.println("Body content: " + response.getResponseBodyContent()): null

2021-05-29 17:01:04 - [TEST_STEP][PASSED] - verifyResponseStatusCode(response, 200): Verify response status code successfully

2021-05-29 17:01:04 - [MESSAGE][PASSED] - Verify response status code successfully]]></system-out>
         <system-err><![CDATA[]]></system-err>
      </testcase>
      <testcase name="Test Cases/API/API - Verify successfuly get total count of users in the system" time="0.592" classname="Test Cases/API/API - Verify successfuly get total count of users in the system" status="PASSED">
         <system-out><![CDATA[2021-05-29 17:01:04 - [TEST_CASE][PASSED] - Test Cases/API/API - Verify successfuly get total count of users in the system: Test Cases/API/API - Verify successfuly get total count of users in the system

2021-05-29 17:01:05 - [TEST_STEP][PASSED] - loginResponse = sendRequest(findTestObject("API/Login")): Send request successfully

2021-05-29 17:01:05 - [MESSAGE][INFO] - HAR: C:\Users\nttuan\Downloads\CDNC\mattermost-testing\Reports\20210529_170053\Run all test cases\20210529_170053\requests\main\10.har

2021-05-29 17:01:05 - [MESSAGE][PASSED] - Send request successfully

2021-05-29 17:01:05 - [TEST_STEP][PASSED] - token = loginResponse.getHeaderField("Token"): null

2021-05-29 17:01:05 - [TEST_STEP][PASSED] - out.println("Token: " + token): null

2021-05-29 17:01:05 - [TEST_STEP][PASSED] - ScopeToProject = findTestObject("API/Get total count of users in the system"): null

2021-05-29 17:01:05 - [TEST_STEP][PASSED] - HTTPHeader = new java.util.ArrayList(): null

2021-05-29 17:01:05 - [TEST_STEP][PASSED] - HTTPHeader.add(new com.kms.katalon.core.testobject.TestObjectProperty(Authorization, com.kms.katalon.core.testobject.ConditionType.EQUALS, (Bearer  + token))): null

2021-05-29 17:01:05 - [TEST_STEP][PASSED] - ScopeToProject.setHttpHeaderProperties(HTTPHeader): null

2021-05-29 17:01:05 - [TEST_STEP][PASSED] - response = sendRequest(ScopeToProject): Send request successfully

2021-05-29 17:01:05 - [MESSAGE][INFO] - HAR: C:\Users\nttuan\Downloads\CDNC\mattermost-testing\Reports\20210529_170053\Run all test cases\20210529_170053\requests\main\11.har

2021-05-29 17:01:05 - [MESSAGE][PASSED] - Send request successfully

2021-05-29 17:01:05 - [TEST_STEP][PASSED] - out.println("Body content: " + response.getResponseBodyContent()): null

2021-05-29 17:01:05 - [TEST_STEP][PASSED] - verifyResponseStatusCode(response, 200): Verify response status code successfully

2021-05-29 17:01:05 - [MESSAGE][PASSED] - Verify response status code successfully

2021-05-29 17:01:05 - [TEST_STEP][PASSED] - containsString(response, "total_users_count", false): Check contain string successfully

2021-05-29 17:01:05 - [MESSAGE][PASSED] - Check contain string successfully]]></system-out>
         <system-err><![CDATA[]]></system-err>
      </testcase>
      <testcase name="Test Cases/API/API - Verify successfuly get users by ids" time="0.708" classname="Test Cases/API/API - Verify successfuly get users by ids" status="PASSED">
         <system-out><![CDATA[2021-05-29 17:01:05 - [TEST_CASE][PASSED] - Test Cases/API/API - Verify successfuly get users by ids: Test Cases/API/API - Verify successfuly get users by ids

2021-05-29 17:01:05 - [TEST_STEP][PASSED] - loginResponse = sendRequest(findTestObject("API/Login")): Send request successfully

2021-05-29 17:01:05 - [MESSAGE][INFO] - HAR: C:\Users\nttuan\Downloads\CDNC\mattermost-testing\Reports\20210529_170053\Run all test cases\20210529_170053\requests\main\12.har

2021-05-29 17:01:06 - [MESSAGE][PASSED] - Send request successfully

2021-05-29 17:01:06 - [TEST_STEP][PASSED] - token = loginResponse.getHeaderField("Token"): null

2021-05-29 17:01:06 - [TEST_STEP][PASSED] - out.println("Token: " + token): null

2021-05-29 17:01:06 - [TEST_STEP][PASSED] - ScopeToProject = findTestObject("API/Get users by ids"): null

2021-05-29 17:01:06 - [TEST_STEP][PASSED] - HTTPHeader = new java.util.ArrayList(): null

2021-05-29 17:01:06 - [TEST_STEP][PASSED] - HTTPHeader.add(new com.kms.katalon.core.testobject.TestObjectProperty(Authorization, com.kms.katalon.core.testobject.ConditionType.EQUALS, (Bearer  + token))): null

2021-05-29 17:01:06 - [TEST_STEP][PASSED] - ScopeToProject.setHttpHeaderProperties(HTTPHeader): null

2021-05-29 17:01:06 - [TEST_STEP][PASSED] - response = sendRequest(ScopeToProject): Send request successfully

2021-05-29 17:01:06 - [MESSAGE][INFO] - HAR: C:\Users\nttuan\Downloads\CDNC\mattermost-testing\Reports\20210529_170053\Run all test cases\20210529_170053\requests\main\13.har

2021-05-29 17:01:06 - [MESSAGE][PASSED] - Send request successfully

2021-05-29 17:01:06 - [TEST_STEP][PASSED] - out.println("Body content: " + response.getResponseBodyContent()): null

2021-05-29 17:01:06 - [TEST_STEP][PASSED] - verifyResponseStatusCode(response, 200): Verify response status code successfully

2021-05-29 17:01:06 - [MESSAGE][PASSED] - Verify response status code successfully

2021-05-29 17:01:06 - [TEST_STEP][PASSED] - verifyElementPropertyValue(response, "[0].id", "dttuo8b67bno3j4s9acuspapra"): Verify element property value successfully

2021-05-29 17:01:06 - [MESSAGE][PASSED] - Verify element property value successfully

2021-05-29 17:01:06 - [TEST_STEP][PASSED] - verifyElementPropertyValue(response, "[0].username", "nguyenvana"): Verify element property value successfully

2021-05-29 17:01:06 - [MESSAGE][PASSED] - Verify element property value successfully

2021-05-29 17:01:06 - [TEST_STEP][PASSED] - verifyElementPropertyValue(response, "[1].id", "ifcc1quidtbbxnd3id16f1uywa"): Verify element property value successfully

2021-05-29 17:01:06 - [MESSAGE][PASSED] - Verify element property value successfully

2021-05-29 17:01:06 - [TEST_STEP][PASSED] - verifyElementPropertyValue(response, "[1].username", "thanhtung"): Verify element property value successfully

2021-05-29 17:01:06 - [MESSAGE][PASSED] - Verify element property value successfully]]></system-out>
         <system-err><![CDATA[]]></system-err>
      </testcase>
      <testcase name="Test Cases/API/API - Verify successfuly get users by usernames" time="0.625" classname="Test Cases/API/API - Verify successfuly get users by usernames" status="PASSED">
         <system-out><![CDATA[2021-05-29 17:01:06 - [TEST_CASE][PASSED] - Test Cases/API/API - Verify successfuly get users by usernames: Test Cases/API/API - Verify successfuly get users by usernames

2021-05-29 17:01:06 - [TEST_STEP][PASSED] - loginResponse = sendRequest(findTestObject("API/Login")): Send request successfully

2021-05-29 17:01:06 - [MESSAGE][INFO] - HAR: C:\Users\nttuan\Downloads\CDNC\mattermost-testing\Reports\20210529_170053\Run all test cases\20210529_170053\requests\main\14.har

2021-05-29 17:01:06 - [MESSAGE][PASSED] - Send request successfully

2021-05-29 17:01:06 - [TEST_STEP][PASSED] - token = loginResponse.getHeaderField("Token"): null

2021-05-29 17:01:06 - [TEST_STEP][PASSED] - out.println("Token: " + token): null

2021-05-29 17:01:06 - [TEST_STEP][PASSED] - ScopeToProject = findTestObject("API/Get users by usernames"): null

2021-05-29 17:01:06 - [TEST_STEP][PASSED] - HTTPHeader = new java.util.ArrayList(): null

2021-05-29 17:01:06 - [TEST_STEP][PASSED] - HTTPHeader.add(new com.kms.katalon.core.testobject.TestObjectProperty(Authorization, com.kms.katalon.core.testobject.ConditionType.EQUALS, (Bearer  + token))): null

2021-05-29 17:01:06 - [TEST_STEP][PASSED] - ScopeToProject.setHttpHeaderProperties(HTTPHeader): null

2021-05-29 17:01:06 - [TEST_STEP][PASSED] - response = sendRequest(ScopeToProject): Send request successfully

2021-05-29 17:01:06 - [MESSAGE][INFO] - HAR: C:\Users\nttuan\Downloads\CDNC\mattermost-testing\Reports\20210529_170053\Run all test cases\20210529_170053\requests\main\15.har

2021-05-29 17:01:06 - [MESSAGE][PASSED] - Send request successfully

2021-05-29 17:01:06 - [TEST_STEP][PASSED] - out.println("Body content: " + response.getResponseBodyContent()): null

2021-05-29 17:01:06 - [TEST_STEP][PASSED] - verifyResponseStatusCode(response, 200): Verify response status code successfully

2021-05-29 17:01:06 - [MESSAGE][PASSED] - Verify response status code successfully

2021-05-29 17:01:06 - [TEST_STEP][PASSED] - verifyElementPropertyValue(response, "[0].username", "nguyenvana"): Verify element property value successfully

2021-05-29 17:01:06 - [MESSAGE][PASSED] - Verify element property value successfully

2021-05-29 17:01:06 - [TEST_STEP][PASSED] - verifyElementPropertyValue(response, "[1].username", "thanhtung"): Verify element property value successfully

2021-05-29 17:01:06 - [MESSAGE][PASSED] - Verify element property value successfully]]></system-out>
         <system-err><![CDATA[]]></system-err>
      </testcase>
      <testcase name="Test Cases/Login/Verify login failed with empty password" time="39.158" classname="Test Cases/Login/Verify login failed with empty password" status="FAILED">
         <failure type="FAILED" message="Test Cases/Login/Verify login failed with empty password FAILED.
Reason:
com.kms.katalon.core.exception.StepFailedException: Unable to verify object 'Object Repository/Page_Mattermost/label_Please enter your password' is present
	at com.kms.katalon.core.webui.keyword.internal.WebUIKeywordMain.stepFailed(WebUIKeywordMain.groovy:64)
	at com.kms.katalon.core.webui.keyword.internal.WebUIKeywordMain.runKeyword(WebUIKeywordMain.groovy:26)
	at com.kms.katalon.core.webui.keyword.builtin.VerifyElementPresentKeyword.verifyElementPresent(VerifyElementPresentKeyword.groovy:92)
	at com.kms.katalon.core.webui.keyword.builtin.VerifyElementPresentKeyword.execute(VerifyElementPresentKeyword.groovy:68)
	at com.kms.katalon.core.keyword.internal.KeywordExecutor.executeKeywordForPlatform(KeywordExecutor.groovy:73)
	at com.kms.katalon.core.webui.keyword.WebUiBuiltInKeywords.verifyElementPresent(WebUiBuiltInKeywords.groovy:1463)
	at com.kms.katalon.core.webui.keyword.WebUiBuiltInKeywords$verifyElementPresent$4.call(Unknown Source)
	at Verify login failed with empty password.run(Verify login failed with empty password:23)
	at com.kms.katalon.core.main.ScriptEngine.run(ScriptEngine.java:194)
	at com.kms.katalon.core.main.ScriptEngine.runScriptAsRawText(ScriptEngine.java:119)
	at com.kms.katalon.core.main.TestCaseExecutor.runScript(TestCaseExecutor.java:398)
	at com.kms.katalon.core.main.TestCaseExecutor.doExecute(TestCaseExecutor.java:389)
	at com.kms.katalon.core.main.TestCaseExecutor.processExecutionPhase(TestCaseExecutor.java:368)
	at com.kms.katalon.core.main.TestCaseExecutor.accessMainPhase(TestCaseExecutor.java:360)
	at com.kms.katalon.core.main.TestCaseExecutor.execute(TestCaseExecutor.java:255)
	at com.kms.katalon.core.main.TestSuiteExecutor.accessTestCaseMainPhase(TestSuiteExecutor.java:203)
	at com.kms.katalon.core.main.TestSuiteExecutor.accessTestSuiteMainPhase(TestSuiteExecutor.java:152)
	at com.kms.katalon.core.main.TestSuiteExecutor.execute(TestSuiteExecutor.java:95)
	at com.kms.katalon.core.main.TestCaseMain.startTestSuite(TestCaseMain.java:157)
	at com.kms.katalon.core.main.TestCaseMain$startTestSuite$0.call(Unknown Source)
	at TempTestSuite1622307653786.run(TempTestSuite1622307653786.groovy:39)
Caused by: com.kms.katalon.core.exception.StepFailedException: com.kms.katalon.core.webui.exception.WebElementNotFoundException: Web element with id: 'Object Repository/Page_Mattermost/label_Please enter your password' located by '//div[@id='login_section']/div/div[2]/div/form/div/div/label' not found
	at com.kms.katalon.core.webui.keyword.internal.WebUIKeywordMain.stepFailed(WebUIKeywordMain.groovy:64)
	at com.kms.katalon.core.webui.keyword.builtin.VerifyElementPresentKeyword$_verifyElementPresent_closure1.doCall(VerifyElementPresentKeyword.groovy:85)
	at com.kms.katalon.core.webui.keyword.builtin.VerifyElementPresentKeyword$_verifyElementPresent_closure1.call(VerifyElementPresentKeyword.groovy)
	at com.kms.katalon.core.webui.keyword.internal.WebUIKeywordMain.runKeyword(WebUIKeywordMain.groovy:20)
	... 19 more
"/>
         <system-out><![CDATA[2021-05-29 17:01:06 - [TEST_CASE][FAILED] - Test Cases/Login/Verify login failed with empty password: Test Cases/Login/Verify login failed with empty password FAILED.
Reason:
com.kms.katalon.core.exception.StepFailedException: Unable to verify object 'Object Repository/Page_Mattermost/label_Please enter your password' is present
	at com.kms.katalon.core.webui.keyword.internal.WebUIKeywordMain.stepFailed(WebUIKeywordMain.groovy:64)
	at com.kms.katalon.core.webui.keyword.internal.WebUIKeywordMain.runKeyword(WebUIKeywordMain.groovy:26)
	at com.kms.katalon.core.webui.keyword.builtin.VerifyElementPresentKeyword.verifyElementPresent(VerifyElementPresentKeyword.groovy:92)
	at com.kms.katalon.core.webui.keyword.builtin.VerifyElementPresentKeyword.execute(VerifyElementPresentKeyword.groovy:68)
	at com.kms.katalon.core.keyword.internal.KeywordExecutor.executeKeywordForPlatform(KeywordExecutor.groovy:73)
	at com.kms.katalon.core.webui.keyword.WebUiBuiltInKeywords.verifyElementPresent(WebUiBuiltInKeywords.groovy:1463)
	at com.kms.katalon.core.webui.keyword.WebUiBuiltInKeywords$verifyElementPresent$4.call(Unknown Source)
	at Verify login failed with empty password.run(Verify login failed with empty password:23)
	at com.kms.katalon.core.main.ScriptEngine.run(ScriptEngine.java:194)
	at com.kms.katalon.core.main.ScriptEngine.runScriptAsRawText(ScriptEngine.java:119)
	at com.kms.katalon.core.main.TestCaseExecutor.runScript(TestCaseExecutor.java:398)
	at com.kms.katalon.core.main.TestCaseExecutor.doExecute(TestCaseExecutor.java:389)
	at com.kms.katalon.core.main.TestCaseExecutor.processExecutionPhase(TestCaseExecutor.java:368)
	at com.kms.katalon.core.main.TestCaseExecutor.accessMainPhase(TestCaseExecutor.java:360)
	at com.kms.katalon.core.main.TestCaseExecutor.execute(TestCaseExecutor.java:255)
	at com.kms.katalon.core.main.TestSuiteExecutor.accessTestCaseMainPhase(TestSuiteExecutor.java:203)
	at com.kms.katalon.core.main.TestSuiteExecutor.accessTestSuiteMainPhase(TestSuiteExecutor.java:152)
	at com.kms.katalon.core.main.TestSuiteExecutor.execute(TestSuiteExecutor.java:95)
	at com.kms.katalon.core.main.TestCaseMain.startTestSuite(TestCaseMain.java:157)
	at com.kms.katalon.core.main.TestCaseMain$startTestSuite$0.call(Unknown Source)
	at TempTestSuite1622307653786.run(TempTestSuite1622307653786.groovy:39)
Caused by: com.kms.katalon.core.exception.StepFailedException: com.kms.katalon.core.webui.exception.WebElementNotFoundException: Web element with id: 'Object Repository/Page_Mattermost/label_Please enter your password' located by '//div[@id='login_section']/div/div[2]/div/form/div/div/label' not found
	at com.kms.katalon.core.webui.keyword.internal.WebUIKeywordMain.stepFailed(WebUIKeywordMain.groovy:64)
	at com.kms.katalon.core.webui.keyword.builtin.VerifyElementPresentKeyword$_verifyElementPresent_closure1.doCall(VerifyElementPresentKeyword.groovy:85)
	at com.kms.katalon.core.webui.keyword.builtin.VerifyElementPresentKeyword$_verifyElementPresent_closure1.call(VerifyElementPresentKeyword.groovy)
	at com.kms.katalon.core.webui.keyword.internal.WebUIKeywordMain.runKeyword(WebUIKeywordMain.groovy:20)
	... 19 more


2021-05-29 17:01:07 - [TEST_STEP][PASSED] - callTestCase(findTestCase("Common Test Cases/Login"), ["Username":findTestData("Internal Data for Login").getValue(1, 2), "Password":findTestData("Internal Data for Login").getValue(2, 2)], STOP_ON_FAILURE): Call Test Case 'Test Cases/Common Test Cases/Login' successfully

2021-05-29 17:01:07 - [TEST_CASE][PASSED] - Test Cases/Common Test Cases/Login: Test Cases/Common Test Cases/Login

2021-05-29 17:01:07 - [TEST_STEP][PASSED] - openBrowser(""): Browser is opened with url: ''

2021-05-29 17:01:07 - [MESSAGE][INFO] - Starting 'Chrome' driver

2021-05-29 17:01:07 - [MESSAGE][INFO] - Action delay is set to 0 milliseconds

2021-05-29 17:01:09 - [MESSAGE][PASSED] - Browser is opened with url: ''

2021-05-29 17:01:09 - [TEST_STEP][PASSED] - navigateToUrl("https://chudenangcao2021.cf/"): Navigate to 'https://chudenangcao2021.cf/' successfully

2021-05-29 17:01:11 - [MESSAGE][PASSED] - Navigate to 'https://chudenangcao2021.cf/' successfully

2021-05-29 17:01:11 - [TEST_STEP][PASSED] - setText(findTestObject("Object Repository/Page_Mattermost/input_All team communication in one place, _dcc84b"), Username): Text 'nguyenvana' is set on object 'Object Repository/Page_Mattermost/input_All team communication in one place, _dcc84b'

2021-05-29 17:01:12 - [MESSAGE][PASSED] - Text 'nguyenvana' is set on object 'Object Repository/Page_Mattermost/input_All team communication in one place, _dcc84b'

2021-05-29 17:01:12 - [TEST_STEP][PASSED] - setText(findTestObject("Object Repository/Page_Mattermost/input_All team communication in one place, _a3edc6"), Password): Text '' is set on object 'Object Repository/Page_Mattermost/input_All team communication in one place, _a3edc6'

2021-05-29 17:01:13 - [MESSAGE][PASSED] - Text '' is set on object 'Object Repository/Page_Mattermost/input_All team communication in one place, _a3edc6'

2021-05-29 17:01:13 - [TEST_STEP][PASSED] - click(findTestObject("Object Repository/Page_Mattermost/button_Sign in")): Object: 'Object Repository/Page_Mattermost/button_Sign in' is clicked on

2021-05-29 17:01:13 - [MESSAGE][PASSED] - Object: 'Object Repository/Page_Mattermost/button_Sign in' is clicked on

2021-05-29 17:01:13 - [TEST_STEP][PASSED] - verifyLinksAccessible(["https://chudenangcao2021.cf/cdnc-cnpm-2021/channels"]): All links are accessible

2021-05-29 17:01:13 - [MESSAGE][INFO] - HAR: C:\Users\nttuan\Downloads\CDNC\mattermost-testing\Reports\20210529_170053\Run all test cases\20210529_170053\requests\main\16.har

2021-05-29 17:01:13 - [MESSAGE][PASSED] - Send request successfully

2021-05-29 17:01:13 - [MESSAGE][PASSED] - All links are accessible

2021-05-29 17:01:13 - [MESSAGE][PASSED] - Call Test Case 'Test Cases/Common Test Cases/Login' successfully

2021-05-29 17:01:13 - [TEST_STEP][FAILED] - verifyElementPresent(findTestObject("Page_Mattermost/label_Please enter your password"), 0): Unable to verify object 'Object Repository/Page_Mattermost/label_Please enter your password' is present (Root cause: com.kms.katalon.core.exception.StepFailedException: Unable to verify object 'Object Repository/Page_Mattermost/label_Please enter your password' is present
	at com.kms.katalon.core.webui.keyword.internal.WebUIKeywordMain.stepFailed(WebUIKeywordMain.groovy:64)
	at com.kms.katalon.core.webui.keyword.internal.WebUIKeywordMain.runKeyword(WebUIKeywordMain.groovy:26)
	at com.kms.katalon.core.webui.keyword.builtin.VerifyElementPresentKeyword.verifyElementPresent(VerifyElementPresentKeyword.groovy:92)
	at com.kms.katalon.core.webui.keyword.builtin.VerifyElementPresentKeyword.execute(VerifyElementPresentKeyword.groovy:68)
	at com.kms.katalon.core.keyword.internal.KeywordExecutor.executeKeywordForPlatform(KeywordExecutor.groovy:73)
	at com.kms.katalon.core.webui.keyword.WebUiBuiltInKeywords.verifyElementPresent(WebUiBuiltInKeywords.groovy:1463)
	at com.kms.katalon.core.webui.keyword.WebUiBuiltInKeywords$verifyElementPresent$4.call(Unknown Source)
	at Verify login failed with empty password.run(Verify login failed with empty password:23)
	at com.kms.katalon.core.main.ScriptEngine.run(ScriptEngine.java:194)
	at com.kms.katalon.core.main.ScriptEngine.runScriptAsRawText(ScriptEngine.java:119)
	at com.kms.katalon.core.main.TestCaseExecutor.runScript(TestCaseExecutor.java:398)
	at com.kms.katalon.core.main.TestCaseExecutor.doExecute(TestCaseExecutor.java:389)
	at com.kms.katalon.core.main.TestCaseExecutor.processExecutionPhase(TestCaseExecutor.java:368)
	at com.kms.katalon.core.main.TestCaseExecutor.accessMainPhase(TestCaseExecutor.java:360)
	at com.kms.katalon.core.main.TestCaseExecutor.execute(TestCaseExecutor.java:255)
	at com.kms.katalon.core.main.TestSuiteExecutor.accessTestCaseMainPhase(TestSuiteExecutor.java:203)
	at com.kms.katalon.core.main.TestSuiteExecutor.accessTestSuiteMainPhase(TestSuiteExecutor.java:152)
	at com.kms.katalon.core.main.TestSuiteExecutor.execute(TestSuiteExecutor.java:95)
	at com.kms.katalon.core.main.TestCaseMain.startTestSuite(TestCaseMain.java:157)
	at com.kms.katalon.core.main.TestCaseMain$startTestSuite$0.call(Unknown Source)
	at TempTestSuite1622307653786.run(TempTestSuite1622307653786.groovy:39)
Caused by: com.kms.katalon.core.exception.StepFailedException: com.kms.katalon.core.webui.exception.WebElementNotFoundException: Web element with id: 'Object Repository/Page_Mattermost/label_Please enter your password' located by '//div[@id='login_section']/div/div[2]/div/form/div/div/label' not found
	at com.kms.katalon.core.webui.keyword.internal.WebUIKeywordMain.stepFailed(WebUIKeywordMain.groovy:64)
	at com.kms.katalon.core.webui.keyword.builtin.VerifyElementPresentKeyword$_verifyElementPresent_closure1.doCall(VerifyElementPresentKeyword.groovy:85)
	at com.kms.katalon.core.webui.keyword.builtin.VerifyElementPresentKeyword$_verifyElementPresent_closure1.call(VerifyElementPresentKeyword.groovy)
	at com.kms.katalon.core.webui.keyword.internal.WebUIKeywordMain.runKeyword(WebUIKeywordMain.groovy:20)
	... 19 more
)

2021-05-29 17:01:13 - [MESSAGE][WARNING] - Timeout '0' is invalid. Using default page load timeout: '30'

2021-05-29 17:01:45 - [MESSAGE][INFO] - Unable to find the element located by 'By.xpath: //div[@id='login_section']/div/div[2]/div/form/div/div/label'. Please recheck the objects properties to make sure the desired element is located. 

2021-05-29 17:01:45 - [MESSAGE][FAILED] - com.kms.katalon.core.webui.exception.WebElementNotFoundException: Web element with id: 'Object Repository/Page_Mattermost/label_Please enter your password' located by '//div[@id='login_section']/div/div[2]/div/form/div/div/label' not found (Root cause: com.kms.katalon.core.exception.StepFailedException: com.kms.katalon.core.webui.exception.WebElementNotFoundException: Web element with id: 'Object Repository/Page_Mattermost/label_Please enter your password' located by '//div[@id='login_section']/div/div[2]/div/form/div/div/label' not found
	at com.kms.katalon.core.webui.keyword.internal.WebUIKeywordMain.stepFailed(WebUIKeywordMain.groovy:64)
	at com.kms.katalon.core.webui.keyword.builtin.VerifyElementPresentKeyword$_verifyElementPresent_closure1.doCall(VerifyElementPresentKeyword.groovy:85)
	at com.kms.katalon.core.webui.keyword.builtin.VerifyElementPresentKeyword$_verifyElementPresent_closure1.call(VerifyElementPresentKeyword.groovy)
	at com.kms.katalon.core.webui.keyword.internal.WebUIKeywordMain.runKeyword(WebUIKeywordMain.groovy:20)
	at com.kms.katalon.core.webui.keyword.builtin.VerifyElementPresentKeyword.verifyElementPresent(VerifyElementPresentKeyword.groovy:92)
	at com.kms.katalon.core.webui.keyword.builtin.VerifyElementPresentKeyword.execute(VerifyElementPresentKeyword.groovy:68)
	at com.kms.katalon.core.keyword.internal.KeywordExecutor.executeKeywordForPlatform(KeywordExecutor.groovy:73)
	at com.kms.katalon.core.webui.keyword.WebUiBuiltInKeywords.verifyElementPresent(WebUiBuiltInKeywords.groovy:1463)
	at com.kms.katalon.core.webui.keyword.WebUiBuiltInKeywords$verifyElementPresent$4.call(Unknown Source)
	at Verify login failed with empty password.run(Verify login failed with empty password:23)
	at com.kms.katalon.core.main.ScriptEngine.run(ScriptEngine.java:194)
	at com.kms.katalon.core.main.ScriptEngine.runScriptAsRawText(ScriptEngine.java:119)
	at com.kms.katalon.core.main.TestCaseExecutor.runScript(TestCaseExecutor.java:398)
	at com.kms.katalon.core.main.TestCaseExecutor.doExecute(TestCaseExecutor.java:389)
	at com.kms.katalon.core.main.TestCaseExecutor.processExecutionPhase(TestCaseExecutor.java:368)
	at com.kms.katalon.core.main.TestCaseExecutor.accessMainPhase(TestCaseExecutor.java:360)
	at com.kms.katalon.core.main.TestCaseExecutor.execute(TestCaseExecutor.java:255)
	at com.kms.katalon.core.main.TestSuiteExecutor.accessTestCaseMainPhase(TestSuiteExecutor.java:203)
	at com.kms.katalon.core.main.TestSuiteExecutor.accessTestSuiteMainPhase(TestSuiteExecutor.java:152)
	at com.kms.katalon.core.main.TestSuiteExecutor.execute(TestSuiteExecutor.java:95)
	at com.kms.katalon.core.main.TestCaseMain.startTestSuite(TestCaseMain.java:157)
	at com.kms.katalon.core.main.TestCaseMain$startTestSuite$0.call(Unknown Source)
	at TempTestSuite1622307653786.run(TempTestSuite1622307653786.groovy:39)
)
[[ATTACHMENT|C:\\Users\\nttuan\\Downloads\\CDNC\\mattermost-testing\\Reports\\20210529_170053\\Run all test cases\\20210529_170053\\1622307705760.png]]

2021-05-29 17:01:45 - [MESSAGE][FAILED] - Unable to verify object 'Object Repository/Page_Mattermost/label_Please enter your password' is present (Root cause: com.kms.katalon.core.exception.StepFailedException: Unable to verify object 'Object Repository/Page_Mattermost/label_Please enter your password' is present
	at com.kms.katalon.core.webui.keyword.internal.WebUIKeywordMain.stepFailed(WebUIKeywordMain.groovy:64)
	at com.kms.katalon.core.webui.keyword.internal.WebUIKeywordMain.runKeyword(WebUIKeywordMain.groovy:26)
	at com.kms.katalon.core.webui.keyword.builtin.VerifyElementPresentKeyword.verifyElementPresent(VerifyElementPresentKeyword.groovy:92)
	at com.kms.katalon.core.webui.keyword.builtin.VerifyElementPresentKeyword.execute(VerifyElementPresentKeyword.groovy:68)
	at com.kms.katalon.core.keyword.internal.KeywordExecutor.executeKeywordForPlatform(KeywordExecutor.groovy:73)
	at com.kms.katalon.core.webui.keyword.WebUiBuiltInKeywords.verifyElementPresent(WebUiBuiltInKeywords.groovy:1463)
	at com.kms.katalon.core.webui.keyword.WebUiBuiltInKeywords$verifyElementPresent$4.call(Unknown Source)
	at Verify login failed with empty password.run(Verify login failed with empty password:23)
	at com.kms.katalon.core.main.ScriptEngine.run(ScriptEngine.java:194)
	at com.kms.katalon.core.main.ScriptEngine.runScriptAsRawText(ScriptEngine.java:119)
	at com.kms.katalon.core.main.TestCaseExecutor.runScript(TestCaseExecutor.java:398)
	at com.kms.katalon.core.main.TestCaseExecutor.doExecute(TestCaseExecutor.java:389)
	at com.kms.katalon.core.main.TestCaseExecutor.processExecutionPhase(TestCaseExecutor.java:368)
	at com.kms.katalon.core.main.TestCaseExecutor.accessMainPhase(TestCaseExecutor.java:360)
	at com.kms.katalon.core.main.TestCaseExecutor.execute(TestCaseExecutor.java:255)
	at com.kms.katalon.core.main.TestSuiteExecutor.accessTestCaseMainPhase(TestSuiteExecutor.java:203)
	at com.kms.katalon.core.main.TestSuiteExecutor.accessTestSuiteMainPhase(TestSuiteExecutor.java:152)
	at com.kms.katalon.core.main.TestSuiteExecutor.execute(TestSuiteExecutor.java:95)
	at com.kms.katalon.core.main.TestCaseMain.startTestSuite(TestCaseMain.java:157)
	at com.kms.katalon.core.main.TestCaseMain$startTestSuite$0.call(Unknown Source)
	at TempTestSuite1622307653786.run(TempTestSuite1622307653786.groovy:39)
Caused by: com.kms.katalon.core.exception.StepFailedException: com.kms.katalon.core.webui.exception.WebElementNotFoundException: Web element with id: 'Object Repository/Page_Mattermost/label_Please enter your password' located by '//div[@id='login_section']/div/div[2]/div/form/div/div/label' not found
	at com.kms.katalon.core.webui.keyword.internal.WebUIKeywordMain.stepFailed(WebUIKeywordMain.groovy:64)
	at com.kms.katalon.core.webui.keyword.builtin.VerifyElementPresentKeyword$_verifyElementPresent_closure1.doCall(VerifyElementPresentKeyword.groovy:85)
	at com.kms.katalon.core.webui.keyword.builtin.VerifyElementPresentKeyword$_verifyElementPresent_closure1.call(VerifyElementPresentKeyword.groovy)
	at com.kms.katalon.core.webui.keyword.internal.WebUIKeywordMain.runKeyword(WebUIKeywordMain.groovy:20)
	... 19 more
)
[[ATTACHMENT|C:\\Users\\nttuan\\Downloads\\CDNC\\mattermost-testing\\Reports\\20210529_170053\\Run all test cases\\20210529_170053\\1622307705876.png]]]]></system-out>
         <system-err><![CDATA[2021-05-29 17:01:06 - [TEST_CASE][FAILED] - Test Cases/Login/Verify login failed with empty password: Test Cases/Login/Verify login failed with empty password FAILED.
Reason:
com.kms.katalon.core.exception.StepFailedException: Unable to verify object 'Object Repository/Page_Mattermost/label_Please enter your password' is present
	at com.kms.katalon.core.webui.keyword.internal.WebUIKeywordMain.stepFailed(WebUIKeywordMain.groovy:64)
	at com.kms.katalon.core.webui.keyword.internal.WebUIKeywordMain.runKeyword(WebUIKeywordMain.groovy:26)
	at com.kms.katalon.core.webui.keyword.builtin.VerifyElementPresentKeyword.verifyElementPresent(VerifyElementPresentKeyword.groovy:92)
	at com.kms.katalon.core.webui.keyword.builtin.VerifyElementPresentKeyword.execute(VerifyElementPresentKeyword.groovy:68)
	at com.kms.katalon.core.keyword.internal.KeywordExecutor.executeKeywordForPlatform(KeywordExecutor.groovy:73)
	at com.kms.katalon.core.webui.keyword.WebUiBuiltInKeywords.verifyElementPresent(WebUiBuiltInKeywords.groovy:1463)
	at com.kms.katalon.core.webui.keyword.WebUiBuiltInKeywords$verifyElementPresent$4.call(Unknown Source)
	at Verify login failed with empty password.run(Verify login failed with empty password:23)
	at com.kms.katalon.core.main.ScriptEngine.run(ScriptEngine.java:194)
	at com.kms.katalon.core.main.ScriptEngine.runScriptAsRawText(ScriptEngine.java:119)
	at com.kms.katalon.core.main.TestCaseExecutor.runScript(TestCaseExecutor.java:398)
	at com.kms.katalon.core.main.TestCaseExecutor.doExecute(TestCaseExecutor.java:389)
	at com.kms.katalon.core.main.TestCaseExecutor.processExecutionPhase(TestCaseExecutor.java:368)
	at com.kms.katalon.core.main.TestCaseExecutor.accessMainPhase(TestCaseExecutor.java:360)
	at com.kms.katalon.core.main.TestCaseExecutor.execute(TestCaseExecutor.java:255)
	at com.kms.katalon.core.main.TestSuiteExecutor.accessTestCaseMainPhase(TestSuiteExecutor.java:203)
	at com.kms.katalon.core.main.TestSuiteExecutor.accessTestSuiteMainPhase(TestSuiteExecutor.java:152)
	at com.kms.katalon.core.main.TestSuiteExecutor.execute(TestSuiteExecutor.java:95)
	at com.kms.katalon.core.main.TestCaseMain.startTestSuite(TestCaseMain.java:157)
	at com.kms.katalon.core.main.TestCaseMain$startTestSuite$0.call(Unknown Source)
	at TempTestSuite1622307653786.run(TempTestSuite1622307653786.groovy:39)
Caused by: com.kms.katalon.core.exception.StepFailedException: com.kms.katalon.core.webui.exception.WebElementNotFoundException: Web element with id: 'Object Repository/Page_Mattermost/label_Please enter your password' located by '//div[@id='login_section']/div/div[2]/div/form/div/div/label' not found
	at com.kms.katalon.core.webui.keyword.internal.WebUIKeywordMain.stepFailed(WebUIKeywordMain.groovy:64)
	at com.kms.katalon.core.webui.keyword.builtin.VerifyElementPresentKeyword$_verifyElementPresent_closure1.doCall(VerifyElementPresentKeyword.groovy:85)
	at com.kms.katalon.core.webui.keyword.builtin.VerifyElementPresentKeyword$_verifyElementPresent_closure1.call(VerifyElementPresentKeyword.groovy)
	at com.kms.katalon.core.webui.keyword.internal.WebUIKeywordMain.runKeyword(WebUIKeywordMain.groovy:20)
	... 19 more]]></system-err>
      </testcase>
      <testcase name="Test Cases/Login/Verify login failed with empty username" time="37.022" classname="Test Cases/Login/Verify login failed with empty username" status="FAILED">
         <failure type="FAILED" message="Test Cases/Login/Verify login failed with empty username FAILED.
Reason:
com.kms.katalon.core.exception.StepFailedException: Unable to verify object 'Object Repository/Page_Mattermost/label_Please enter your email or username' is present
	at com.kms.katalon.core.webui.keyword.internal.WebUIKeywordMain.stepFailed(WebUIKeywordMain.groovy:64)
	at com.kms.katalon.core.webui.keyword.internal.WebUIKeywordMain.runKeyword(WebUIKeywordMain.groovy:26)
	at com.kms.katalon.core.webui.keyword.builtin.VerifyElementPresentKeyword.verifyElementPresent(VerifyElementPresentKeyword.groovy:92)
	at com.kms.katalon.core.webui.keyword.builtin.VerifyElementPresentKeyword.execute(VerifyElementPresentKeyword.groovy:68)
	at com.kms.katalon.core.keyword.internal.KeywordExecutor.executeKeywordForPlatform(KeywordExecutor.groovy:73)
	at com.kms.katalon.core.webui.keyword.WebUiBuiltInKeywords.verifyElementPresent(WebUiBuiltInKeywords.groovy:1463)
	at com.kms.katalon.core.webui.keyword.WebUiBuiltInKeywords$verifyElementPresent$4.call(Unknown Source)
	at Verify login failed with empty username.run(Verify login failed with empty username:23)
	at com.kms.katalon.core.main.ScriptEngine.run(ScriptEngine.java:194)
	at com.kms.katalon.core.main.ScriptEngine.runScriptAsRawText(ScriptEngine.java:119)
	at com.kms.katalon.core.main.TestCaseExecutor.runScript(TestCaseExecutor.java:398)
	at com.kms.katalon.core.main.TestCaseExecutor.doExecute(TestCaseExecutor.java:389)
	at com.kms.katalon.core.main.TestCaseExecutor.processExecutionPhase(TestCaseExecutor.java:368)
	at com.kms.katalon.core.main.TestCaseExecutor.accessMainPhase(TestCaseExecutor.java:360)
	at com.kms.katalon.core.main.TestCaseExecutor.execute(TestCaseExecutor.java:255)
	at com.kms.katalon.core.main.TestSuiteExecutor.accessTestCaseMainPhase(TestSuiteExecutor.java:203)
	at com.kms.katalon.core.main.TestSuiteExecutor.accessTestSuiteMainPhase(TestSuiteExecutor.java:152)
	at com.kms.katalon.core.main.TestSuiteExecutor.execute(TestSuiteExecutor.java:95)
	at com.kms.katalon.core.main.TestCaseMain.startTestSuite(TestCaseMain.java:157)
	at com.kms.katalon.core.main.TestCaseMain$startTestSuite$0.call(Unknown Source)
	at TempTestSuite1622307653786.run(TempTestSuite1622307653786.groovy:39)
Caused by: com.kms.katalon.core.exception.StepFailedException: com.kms.katalon.core.webui.exception.WebElementNotFoundException: Web element with id: 'Object Repository/Page_Mattermost/label_Please enter your email or username' located by '//div[@id='login_section']/div/div[2]/div/form/div/div/label' not found
	at com.kms.katalon.core.webui.keyword.internal.WebUIKeywordMain.stepFailed(WebUIKeywordMain.groovy:64)
	at com.kms.katalon.core.webui.keyword.builtin.VerifyElementPresentKeyword$_verifyElementPresent_closure1.doCall(VerifyElementPresentKeyword.groovy:85)
	at com.kms.katalon.core.webui.keyword.builtin.VerifyElementPresentKeyword$_verifyElementPresent_closure1.call(VerifyElementPresentKeyword.groovy)
	at com.kms.katalon.core.webui.keyword.internal.WebUIKeywordMain.runKeyword(WebUIKeywordMain.groovy:20)
	... 19 more
"/>
         <system-out><![CDATA[2021-05-29 17:01:45 - [TEST_CASE][FAILED] - Test Cases/Login/Verify login failed with empty username: Test Cases/Login/Verify login failed with empty username FAILED.
Reason:
com.kms.katalon.core.exception.StepFailedException: Unable to verify object 'Object Repository/Page_Mattermost/label_Please enter your email or username' is present
	at com.kms.katalon.core.webui.keyword.internal.WebUIKeywordMain.stepFailed(WebUIKeywordMain.groovy:64)
	at com.kms.katalon.core.webui.keyword.internal.WebUIKeywordMain.runKeyword(WebUIKeywordMain.groovy:26)
	at com.kms.katalon.core.webui.keyword.builtin.VerifyElementPresentKeyword.verifyElementPresent(VerifyElementPresentKeyword.groovy:92)
	at com.kms.katalon.core.webui.keyword.builtin.VerifyElementPresentKeyword.execute(VerifyElementPresentKeyword.groovy:68)
	at com.kms.katalon.core.keyword.internal.KeywordExecutor.executeKeywordForPlatform(KeywordExecutor.groovy:73)
	at com.kms.katalon.core.webui.keyword.WebUiBuiltInKeywords.verifyElementPresent(WebUiBuiltInKeywords.groovy:1463)
	at com.kms.katalon.core.webui.keyword.WebUiBuiltInKeywords$verifyElementPresent$4.call(Unknown Source)
	at Verify login failed with empty username.run(Verify login failed with empty username:23)
	at com.kms.katalon.core.main.ScriptEngine.run(ScriptEngine.java:194)
	at com.kms.katalon.core.main.ScriptEngine.runScriptAsRawText(ScriptEngine.java:119)
	at com.kms.katalon.core.main.TestCaseExecutor.runScript(TestCaseExecutor.java:398)
	at com.kms.katalon.core.main.TestCaseExecutor.doExecute(TestCaseExecutor.java:389)
	at com.kms.katalon.core.main.TestCaseExecutor.processExecutionPhase(TestCaseExecutor.java:368)
	at com.kms.katalon.core.main.TestCaseExecutor.accessMainPhase(TestCaseExecutor.java:360)
	at com.kms.katalon.core.main.TestCaseExecutor.execute(TestCaseExecutor.java:255)
	at com.kms.katalon.core.main.TestSuiteExecutor.accessTestCaseMainPhase(TestSuiteExecutor.java:203)
	at com.kms.katalon.core.main.TestSuiteExecutor.accessTestSuiteMainPhase(TestSuiteExecutor.java:152)
	at com.kms.katalon.core.main.TestSuiteExecutor.execute(TestSuiteExecutor.java:95)
	at com.kms.katalon.core.main.TestCaseMain.startTestSuite(TestCaseMain.java:157)
	at com.kms.katalon.core.main.TestCaseMain$startTestSuite$0.call(Unknown Source)
	at TempTestSuite1622307653786.run(TempTestSuite1622307653786.groovy:39)
Caused by: com.kms.katalon.core.exception.StepFailedException: com.kms.katalon.core.webui.exception.WebElementNotFoundException: Web element with id: 'Object Repository/Page_Mattermost/label_Please enter your email or username' located by '//div[@id='login_section']/div/div[2]/div/form/div/div/label' not found
	at com.kms.katalon.core.webui.keyword.internal.WebUIKeywordMain.stepFailed(WebUIKeywordMain.groovy:64)
	at com.kms.katalon.core.webui.keyword.builtin.VerifyElementPresentKeyword$_verifyElementPresent_closure1.doCall(VerifyElementPresentKeyword.groovy:85)
	at com.kms.katalon.core.webui.keyword.builtin.VerifyElementPresentKeyword$_verifyElementPresent_closure1.call(VerifyElementPresentKeyword.groovy)
	at com.kms.katalon.core.webui.keyword.internal.WebUIKeywordMain.runKeyword(WebUIKeywordMain.groovy:20)
	... 19 more


2021-05-29 17:01:46 - [TEST_STEP][PASSED] - callTestCase(findTestCase("Common Test Cases/Login"), ["Username":findTestData("Internal Data for Login").getValue(1, 1), "Password":findTestData("Internal Data for Login").getValue(2, 1)], STOP_ON_FAILURE): Call Test Case 'Test Cases/Common Test Cases/Login' successfully

2021-05-29 17:01:46 - [TEST_CASE][PASSED] - Test Cases/Common Test Cases/Login: Test Cases/Common Test Cases/Login

2021-05-29 17:01:46 - [TEST_STEP][PASSED] - openBrowser(""): Browser is opened with url: ''

2021-05-29 17:01:46 - [MESSAGE][WARNING] - A browser is already opened. Closing browser and opening a new one

2021-05-29 17:01:47 - [MESSAGE][INFO] - Starting 'Chrome' driver

2021-05-29 17:01:47 - [MESSAGE][INFO] - Action delay is set to 0 milliseconds

2021-05-29 17:01:48 - [MESSAGE][PASSED] - Browser is opened with url: ''

2021-05-29 17:01:48 - [TEST_STEP][PASSED] - navigateToUrl("https://chudenangcao2021.cf/"): Navigate to 'https://chudenangcao2021.cf/' successfully

2021-05-29 17:01:48 - [MESSAGE][PASSED] - Navigate to 'https://chudenangcao2021.cf/' successfully

2021-05-29 17:01:48 - [TEST_STEP][PASSED] - setText(findTestObject("Object Repository/Page_Mattermost/input_All team communication in one place, _dcc84b"), Username): Text '' is set on object 'Object Repository/Page_Mattermost/input_All team communication in one place, _dcc84b'

2021-05-29 17:01:50 - [MESSAGE][PASSED] - Text '' is set on object 'Object Repository/Page_Mattermost/input_All team communication in one place, _dcc84b'

2021-05-29 17:01:50 - [TEST_STEP][PASSED] - setText(findTestObject("Object Repository/Page_Mattermost/input_All team communication in one place, _a3edc6"), Password): Text 'Tung@123456' is set on object 'Object Repository/Page_Mattermost/input_All team communication in one place, _a3edc6'

2021-05-29 17:01:50 - [MESSAGE][PASSED] - Text 'Tung@123456' is set on object 'Object Repository/Page_Mattermost/input_All team communication in one place, _a3edc6'

2021-05-29 17:01:50 - [TEST_STEP][PASSED] - click(findTestObject("Object Repository/Page_Mattermost/button_Sign in")): Object: 'Object Repository/Page_Mattermost/button_Sign in' is clicked on

2021-05-29 17:01:51 - [MESSAGE][PASSED] - Object: 'Object Repository/Page_Mattermost/button_Sign in' is clicked on

2021-05-29 17:01:51 - [TEST_STEP][PASSED] - verifyLinksAccessible(["https://chudenangcao2021.cf/cdnc-cnpm-2021/channels"]): All links are accessible

2021-05-29 17:01:51 - [MESSAGE][INFO] - HAR: C:\Users\nttuan\Downloads\CDNC\mattermost-testing\Reports\20210529_170053\Run all test cases\20210529_170053\requests\main\17.har

2021-05-29 17:01:51 - [MESSAGE][PASSED] - Send request successfully

2021-05-29 17:01:51 - [MESSAGE][PASSED] - All links are accessible

2021-05-29 17:01:51 - [MESSAGE][PASSED] - Call Test Case 'Test Cases/Common Test Cases/Login' successfully

2021-05-29 17:01:51 - [TEST_STEP][FAILED] - verifyElementPresent(findTestObject("Page_Mattermost/label_Please enter your email or username"), 0): Unable to verify object 'Object Repository/Page_Mattermost/label_Please enter your email or username' is present (Root cause: com.kms.katalon.core.exception.StepFailedException: Unable to verify object 'Object Repository/Page_Mattermost/label_Please enter your email or username' is present
	at com.kms.katalon.core.webui.keyword.internal.WebUIKeywordMain.stepFailed(WebUIKeywordMain.groovy:64)
	at com.kms.katalon.core.webui.keyword.internal.WebUIKeywordMain.runKeyword(WebUIKeywordMain.groovy:26)
	at com.kms.katalon.core.webui.keyword.builtin.VerifyElementPresentKeyword.verifyElementPresent(VerifyElementPresentKeyword.groovy:92)
	at com.kms.katalon.core.webui.keyword.builtin.VerifyElementPresentKeyword.execute(VerifyElementPresentKeyword.groovy:68)
	at com.kms.katalon.core.keyword.internal.KeywordExecutor.executeKeywordForPlatform(KeywordExecutor.groovy:73)
	at com.kms.katalon.core.webui.keyword.WebUiBuiltInKeywords.verifyElementPresent(WebUiBuiltInKeywords.groovy:1463)
	at com.kms.katalon.core.webui.keyword.WebUiBuiltInKeywords$verifyElementPresent$4.call(Unknown Source)
	at Verify login failed with empty username.run(Verify login failed with empty username:23)
	at com.kms.katalon.core.main.ScriptEngine.run(ScriptEngine.java:194)
	at com.kms.katalon.core.main.ScriptEngine.runScriptAsRawText(ScriptEngine.java:119)
	at com.kms.katalon.core.main.TestCaseExecutor.runScript(TestCaseExecutor.java:398)
	at com.kms.katalon.core.main.TestCaseExecutor.doExecute(TestCaseExecutor.java:389)
	at com.kms.katalon.core.main.TestCaseExecutor.processExecutionPhase(TestCaseExecutor.java:368)
	at com.kms.katalon.core.main.TestCaseExecutor.accessMainPhase(TestCaseExecutor.java:360)
	at com.kms.katalon.core.main.TestCaseExecutor.execute(TestCaseExecutor.java:255)
	at com.kms.katalon.core.main.TestSuiteExecutor.accessTestCaseMainPhase(TestSuiteExecutor.java:203)
	at com.kms.katalon.core.main.TestSuiteExecutor.accessTestSuiteMainPhase(TestSuiteExecutor.java:152)
	at com.kms.katalon.core.main.TestSuiteExecutor.execute(TestSuiteExecutor.java:95)
	at com.kms.katalon.core.main.TestCaseMain.startTestSuite(TestCaseMain.java:157)
	at com.kms.katalon.core.main.TestCaseMain$startTestSuite$0.call(Unknown Source)
	at TempTestSuite1622307653786.run(TempTestSuite1622307653786.groovy:39)
Caused by: com.kms.katalon.core.exception.StepFailedException: com.kms.katalon.core.webui.exception.WebElementNotFoundException: Web element with id: 'Object Repository/Page_Mattermost/label_Please enter your email or username' located by '//div[@id='login_section']/div/div[2]/div/form/div/div/label' not found
	at com.kms.katalon.core.webui.keyword.internal.WebUIKeywordMain.stepFailed(WebUIKeywordMain.groovy:64)
	at com.kms.katalon.core.webui.keyword.builtin.VerifyElementPresentKeyword$_verifyElementPresent_closure1.doCall(VerifyElementPresentKeyword.groovy:85)
	at com.kms.katalon.core.webui.keyword.builtin.VerifyElementPresentKeyword$_verifyElementPresent_closure1.call(VerifyElementPresentKeyword.groovy)
	at com.kms.katalon.core.webui.keyword.internal.WebUIKeywordMain.runKeyword(WebUIKeywordMain.groovy:20)
	... 19 more
)

2021-05-29 17:01:51 - [MESSAGE][WARNING] - Timeout '0' is invalid. Using default page load timeout: '30'

2021-05-29 17:02:22 - [MESSAGE][INFO] - Unable to find the element located by 'By.xpath: //div[@id='login_section']/div/div[2]/div/form/div/div/label'. Please recheck the objects properties to make sure the desired element is located. 

2021-05-29 17:02:22 - [MESSAGE][FAILED] - com.kms.katalon.core.webui.exception.WebElementNotFoundException: Web element with id: 'Object Repository/Page_Mattermost/label_Please enter your email or username' located by '//div[@id='login_section']/div/div[2]/div/form/div/div/label' not found (Root cause: com.kms.katalon.core.exception.StepFailedException: com.kms.katalon.core.webui.exception.WebElementNotFoundException: Web element with id: 'Object Repository/Page_Mattermost/label_Please enter your email or username' located by '//div[@id='login_section']/div/div[2]/div/form/div/div/label' not found
	at com.kms.katalon.core.webui.keyword.internal.WebUIKeywordMain.stepFailed(WebUIKeywordMain.groovy:64)
	at com.kms.katalon.core.webui.keyword.builtin.VerifyElementPresentKeyword$_verifyElementPresent_closure1.doCall(VerifyElementPresentKeyword.groovy:85)
	at com.kms.katalon.core.webui.keyword.builtin.VerifyElementPresentKeyword$_verifyElementPresent_closure1.call(VerifyElementPresentKeyword.groovy)
	at com.kms.katalon.core.webui.keyword.internal.WebUIKeywordMain.runKeyword(WebUIKeywordMain.groovy:20)
	at com.kms.katalon.core.webui.keyword.builtin.VerifyElementPresentKeyword.verifyElementPresent(VerifyElementPresentKeyword.groovy:92)
	at com.kms.katalon.core.webui.keyword.builtin.VerifyElementPresentKeyword.execute(VerifyElementPresentKeyword.groovy:68)
	at com.kms.katalon.core.keyword.internal.KeywordExecutor.executeKeywordForPlatform(KeywordExecutor.groovy:73)
	at com.kms.katalon.core.webui.keyword.WebUiBuiltInKeywords.verifyElementPresent(WebUiBuiltInKeywords.groovy:1463)
	at com.kms.katalon.core.webui.keyword.WebUiBuiltInKeywords$verifyElementPresent$4.call(Unknown Source)
	at Verify login failed with empty username.run(Verify login failed with empty username:23)
	at com.kms.katalon.core.main.ScriptEngine.run(ScriptEngine.java:194)
	at com.kms.katalon.core.main.ScriptEngine.runScriptAsRawText(ScriptEngine.java:119)
	at com.kms.katalon.core.main.TestCaseExecutor.runScript(TestCaseExecutor.java:398)
	at com.kms.katalon.core.main.TestCaseExecutor.doExecute(TestCaseExecutor.java:389)
	at com.kms.katalon.core.main.TestCaseExecutor.processExecutionPhase(TestCaseExecutor.java:368)
	at com.kms.katalon.core.main.TestCaseExecutor.accessMainPhase(TestCaseExecutor.java:360)
	at com.kms.katalon.core.main.TestCaseExecutor.execute(TestCaseExecutor.java:255)
	at com.kms.katalon.core.main.TestSuiteExecutor.accessTestCaseMainPhase(TestSuiteExecutor.java:203)
	at com.kms.katalon.core.main.TestSuiteExecutor.accessTestSuiteMainPhase(TestSuiteExecutor.java:152)
	at com.kms.katalon.core.main.TestSuiteExecutor.execute(TestSuiteExecutor.java:95)
	at com.kms.katalon.core.main.TestCaseMain.startTestSuite(TestCaseMain.java:157)
	at com.kms.katalon.core.main.TestCaseMain$startTestSuite$0.call(Unknown Source)
	at TempTestSuite1622307653786.run(TempTestSuite1622307653786.groovy:39)
)
[[ATTACHMENT|C:\\Users\\nttuan\\Downloads\\CDNC\\mattermost-testing\\Reports\\20210529_170053\\Run all test cases\\20210529_170053\\1622307742761.png]]

2021-05-29 17:02:22 - [MESSAGE][FAILED] - Unable to verify object 'Object Repository/Page_Mattermost/label_Please enter your email or username' is present (Root cause: com.kms.katalon.core.exception.StepFailedException: Unable to verify object 'Object Repository/Page_Mattermost/label_Please enter your email or username' is present
	at com.kms.katalon.core.webui.keyword.internal.WebUIKeywordMain.stepFailed(WebUIKeywordMain.groovy:64)
	at com.kms.katalon.core.webui.keyword.internal.WebUIKeywordMain.runKeyword(WebUIKeywordMain.groovy:26)
	at com.kms.katalon.core.webui.keyword.builtin.VerifyElementPresentKeyword.verifyElementPresent(VerifyElementPresentKeyword.groovy:92)
	at com.kms.katalon.core.webui.keyword.builtin.VerifyElementPresentKeyword.execute(VerifyElementPresentKeyword.groovy:68)
	at com.kms.katalon.core.keyword.internal.KeywordExecutor.executeKeywordForPlatform(KeywordExecutor.groovy:73)
	at com.kms.katalon.core.webui.keyword.WebUiBuiltInKeywords.verifyElementPresent(WebUiBuiltInKeywords.groovy:1463)
	at com.kms.katalon.core.webui.keyword.WebUiBuiltInKeywords$verifyElementPresent$4.call(Unknown Source)
	at Verify login failed with empty username.run(Verify login failed with empty username:23)
	at com.kms.katalon.core.main.ScriptEngine.run(ScriptEngine.java:194)
	at com.kms.katalon.core.main.ScriptEngine.runScriptAsRawText(ScriptEngine.java:119)
	at com.kms.katalon.core.main.TestCaseExecutor.runScript(TestCaseExecutor.java:398)
	at com.kms.katalon.core.main.TestCaseExecutor.doExecute(TestCaseExecutor.java:389)
	at com.kms.katalon.core.main.TestCaseExecutor.processExecutionPhase(TestCaseExecutor.java:368)
	at com.kms.katalon.core.main.TestCaseExecutor.accessMainPhase(TestCaseExecutor.java:360)
	at com.kms.katalon.core.main.TestCaseExecutor.execute(TestCaseExecutor.java:255)
	at com.kms.katalon.core.main.TestSuiteExecutor.accessTestCaseMainPhase(TestSuiteExecutor.java:203)
	at com.kms.katalon.core.main.TestSuiteExecutor.accessTestSuiteMainPhase(TestSuiteExecutor.java:152)
	at com.kms.katalon.core.main.TestSuiteExecutor.execute(TestSuiteExecutor.java:95)
	at com.kms.katalon.core.main.TestCaseMain.startTestSuite(TestCaseMain.java:157)
	at com.kms.katalon.core.main.TestCaseMain$startTestSuite$0.call(Unknown Source)
	at TempTestSuite1622307653786.run(TempTestSuite1622307653786.groovy:39)
Caused by: com.kms.katalon.core.exception.StepFailedException: com.kms.katalon.core.webui.exception.WebElementNotFoundException: Web element with id: 'Object Repository/Page_Mattermost/label_Please enter your email or username' located by '//div[@id='login_section']/div/div[2]/div/form/div/div/label' not found
	at com.kms.katalon.core.webui.keyword.internal.WebUIKeywordMain.stepFailed(WebUIKeywordMain.groovy:64)
	at com.kms.katalon.core.webui.keyword.builtin.VerifyElementPresentKeyword$_verifyElementPresent_closure1.doCall(VerifyElementPresentKeyword.groovy:85)
	at com.kms.katalon.core.webui.keyword.builtin.VerifyElementPresentKeyword$_verifyElementPresent_closure1.call(VerifyElementPresentKeyword.groovy)
	at com.kms.katalon.core.webui.keyword.internal.WebUIKeywordMain.runKeyword(WebUIKeywordMain.groovy:20)
	... 19 more
)
[[ATTACHMENT|C:\\Users\\nttuan\\Downloads\\CDNC\\mattermost-testing\\Reports\\20210529_170053\\Run all test cases\\20210529_170053\\1622307742876.png]]]]></system-out>
         <system-err><![CDATA[2021-05-29 17:01:45 - [TEST_CASE][FAILED] - Test Cases/Login/Verify login failed with empty username: Test Cases/Login/Verify login failed with empty username FAILED.
Reason:
com.kms.katalon.core.exception.StepFailedException: Unable to verify object 'Object Repository/Page_Mattermost/label_Please enter your email or username' is present
	at com.kms.katalon.core.webui.keyword.internal.WebUIKeywordMain.stepFailed(WebUIKeywordMain.groovy:64)
	at com.kms.katalon.core.webui.keyword.internal.WebUIKeywordMain.runKeyword(WebUIKeywordMain.groovy:26)
	at com.kms.katalon.core.webui.keyword.builtin.VerifyElementPresentKeyword.verifyElementPresent(VerifyElementPresentKeyword.groovy:92)
	at com.kms.katalon.core.webui.keyword.builtin.VerifyElementPresentKeyword.execute(VerifyElementPresentKeyword.groovy:68)
	at com.kms.katalon.core.keyword.internal.KeywordExecutor.executeKeywordForPlatform(KeywordExecutor.groovy:73)
	at com.kms.katalon.core.webui.keyword.WebUiBuiltInKeywords.verifyElementPresent(WebUiBuiltInKeywords.groovy:1463)
	at com.kms.katalon.core.webui.keyword.WebUiBuiltInKeywords$verifyElementPresent$4.call(Unknown Source)
	at Verify login failed with empty username.run(Verify login failed with empty username:23)
	at com.kms.katalon.core.main.ScriptEngine.run(ScriptEngine.java:194)
	at com.kms.katalon.core.main.ScriptEngine.runScriptAsRawText(ScriptEngine.java:119)
	at com.kms.katalon.core.main.TestCaseExecutor.runScript(TestCaseExecutor.java:398)
	at com.kms.katalon.core.main.TestCaseExecutor.doExecute(TestCaseExecutor.java:389)
	at com.kms.katalon.core.main.TestCaseExecutor.processExecutionPhase(TestCaseExecutor.java:368)
	at com.kms.katalon.core.main.TestCaseExecutor.accessMainPhase(TestCaseExecutor.java:360)
	at com.kms.katalon.core.main.TestCaseExecutor.execute(TestCaseExecutor.java:255)
	at com.kms.katalon.core.main.TestSuiteExecutor.accessTestCaseMainPhase(TestSuiteExecutor.java:203)
	at com.kms.katalon.core.main.TestSuiteExecutor.accessTestSuiteMainPhase(TestSuiteExecutor.java:152)
	at com.kms.katalon.core.main.TestSuiteExecutor.execute(TestSuiteExecutor.java:95)
	at com.kms.katalon.core.main.TestCaseMain.startTestSuite(TestCaseMain.java:157)
	at com.kms.katalon.core.main.TestCaseMain$startTestSuite$0.call(Unknown Source)
	at TempTestSuite1622307653786.run(TempTestSuite1622307653786.groovy:39)
Caused by: com.kms.katalon.core.exception.StepFailedException: com.kms.katalon.core.webui.exception.WebElementNotFoundException: Web element with id: 'Object Repository/Page_Mattermost/label_Please enter your email or username' located by '//div[@id='login_section']/div/div[2]/div/form/div/div/label' not found
	at com.kms.katalon.core.webui.keyword.internal.WebUIKeywordMain.stepFailed(WebUIKeywordMain.groovy:64)
	at com.kms.katalon.core.webui.keyword.builtin.VerifyElementPresentKeyword$_verifyElementPresent_closure1.doCall(VerifyElementPresentKeyword.groovy:85)
	at com.kms.katalon.core.webui.keyword.builtin.VerifyElementPresentKeyword$_verifyElementPresent_closure1.call(VerifyElementPresentKeyword.groovy)
	at com.kms.katalon.core.webui.keyword.internal.WebUIKeywordMain.runKeyword(WebUIKeywordMain.groovy:20)
	... 19 more]]></system-err>
      </testcase>
      <testcase name="Test Cases/Login/Verify login failed with invalid password" time="37.998" classname="Test Cases/Login/Verify login failed with invalid password" status="FAILED">
         <failure type="FAILED" message="Test Cases/Login/Verify login failed with invalid password FAILED.
Reason:
com.kms.katalon.core.exception.StepFailedException: Unable to verify object 'Object Repository/Page_Mattermost/label_Enter a valid email or username andor password' is present
	at com.kms.katalon.core.webui.keyword.internal.WebUIKeywordMain.stepFailed(WebUIKeywordMain.groovy:64)
	at com.kms.katalon.core.webui.keyword.internal.WebUIKeywordMain.runKeyword(WebUIKeywordMain.groovy:26)
	at com.kms.katalon.core.webui.keyword.builtin.VerifyElementPresentKeyword.verifyElementPresent(VerifyElementPresentKeyword.groovy:92)
	at com.kms.katalon.core.webui.keyword.builtin.VerifyElementPresentKeyword.execute(VerifyElementPresentKeyword.groovy:68)
	at com.kms.katalon.core.keyword.internal.KeywordExecutor.executeKeywordForPlatform(KeywordExecutor.groovy:73)
	at com.kms.katalon.core.webui.keyword.WebUiBuiltInKeywords.verifyElementPresent(WebUiBuiltInKeywords.groovy:1463)
	at com.kms.katalon.core.webui.keyword.WebUiBuiltInKeywords$verifyElementPresent$4.call(Unknown Source)
	at Verify login failed with invalid password.run(Verify login failed with invalid password:23)
	at com.kms.katalon.core.main.ScriptEngine.run(ScriptEngine.java:194)
	at com.kms.katalon.core.main.ScriptEngine.runScriptAsRawText(ScriptEngine.java:119)
	at com.kms.katalon.core.main.TestCaseExecutor.runScript(TestCaseExecutor.java:398)
	at com.kms.katalon.core.main.TestCaseExecutor.doExecute(TestCaseExecutor.java:389)
	at com.kms.katalon.core.main.TestCaseExecutor.processExecutionPhase(TestCaseExecutor.java:368)
	at com.kms.katalon.core.main.TestCaseExecutor.accessMainPhase(TestCaseExecutor.java:360)
	at com.kms.katalon.core.main.TestCaseExecutor.execute(TestCaseExecutor.java:255)
	at com.kms.katalon.core.main.TestSuiteExecutor.accessTestCaseMainPhase(TestSuiteExecutor.java:203)
	at com.kms.katalon.core.main.TestSuiteExecutor.accessTestSuiteMainPhase(TestSuiteExecutor.java:152)
	at com.kms.katalon.core.main.TestSuiteExecutor.execute(TestSuiteExecutor.java:95)
	at com.kms.katalon.core.main.TestCaseMain.startTestSuite(TestCaseMain.java:157)
	at com.kms.katalon.core.main.TestCaseMain$startTestSuite$0.call(Unknown Source)
	at TempTestSuite1622307653786.run(TempTestSuite1622307653786.groovy:39)
Caused by: com.kms.katalon.core.exception.StepFailedException: com.kms.katalon.core.webui.exception.WebElementNotFoundException: Web element with id: 'Object Repository/Page_Mattermost/label_Enter a valid email or username andor password' located by '//div[@id='login_section']/div/div[2]/div/form/div/div/label' not found
	at com.kms.katalon.core.webui.keyword.internal.WebUIKeywordMain.stepFailed(WebUIKeywordMain.groovy:64)
	at com.kms.katalon.core.webui.keyword.builtin.VerifyElementPresentKeyword$_verifyElementPresent_closure1.doCall(VerifyElementPresentKeyword.groovy:85)
	at com.kms.katalon.core.webui.keyword.builtin.VerifyElementPresentKeyword$_verifyElementPresent_closure1.call(VerifyElementPresentKeyword.groovy)
	at com.kms.katalon.core.webui.keyword.internal.WebUIKeywordMain.runKeyword(WebUIKeywordMain.groovy:20)
	... 19 more
"/>
         <system-out><![CDATA[2021-05-29 17:02:23 - [TEST_CASE][FAILED] - Test Cases/Login/Verify login failed with invalid password: Test Cases/Login/Verify login failed with invalid password FAILED.
Reason:
com.kms.katalon.core.exception.StepFailedException: Unable to verify object 'Object Repository/Page_Mattermost/label_Enter a valid email or username andor password' is present
	at com.kms.katalon.core.webui.keyword.internal.WebUIKeywordMain.stepFailed(WebUIKeywordMain.groovy:64)
	at com.kms.katalon.core.webui.keyword.internal.WebUIKeywordMain.runKeyword(WebUIKeywordMain.groovy:26)
	at com.kms.katalon.core.webui.keyword.builtin.VerifyElementPresentKeyword.verifyElementPresent(VerifyElementPresentKeyword.groovy:92)
	at com.kms.katalon.core.webui.keyword.builtin.VerifyElementPresentKeyword.execute(VerifyElementPresentKeyword.groovy:68)
	at com.kms.katalon.core.keyword.internal.KeywordExecutor.executeKeywordForPlatform(KeywordExecutor.groovy:73)
	at com.kms.katalon.core.webui.keyword.WebUiBuiltInKeywords.verifyElementPresent(WebUiBuiltInKeywords.groovy:1463)
	at com.kms.katalon.core.webui.keyword.WebUiBuiltInKeywords$verifyElementPresent$4.call(Unknown Source)
	at Verify login failed with invalid password.run(Verify login failed with invalid password:23)
	at com.kms.katalon.core.main.ScriptEngine.run(ScriptEngine.java:194)
	at com.kms.katalon.core.main.ScriptEngine.runScriptAsRawText(ScriptEngine.java:119)
	at com.kms.katalon.core.main.TestCaseExecutor.runScript(TestCaseExecutor.java:398)
	at com.kms.katalon.core.main.TestCaseExecutor.doExecute(TestCaseExecutor.java:389)
	at com.kms.katalon.core.main.TestCaseExecutor.processExecutionPhase(TestCaseExecutor.java:368)
	at com.kms.katalon.core.main.TestCaseExecutor.accessMainPhase(TestCaseExecutor.java:360)
	at com.kms.katalon.core.main.TestCaseExecutor.execute(TestCaseExecutor.java:255)
	at com.kms.katalon.core.main.TestSuiteExecutor.accessTestCaseMainPhase(TestSuiteExecutor.java:203)
	at com.kms.katalon.core.main.TestSuiteExecutor.accessTestSuiteMainPhase(TestSuiteExecutor.java:152)
	at com.kms.katalon.core.main.TestSuiteExecutor.execute(TestSuiteExecutor.java:95)
	at com.kms.katalon.core.main.TestCaseMain.startTestSuite(TestCaseMain.java:157)
	at com.kms.katalon.core.main.TestCaseMain$startTestSuite$0.call(Unknown Source)
	at TempTestSuite1622307653786.run(TempTestSuite1622307653786.groovy:39)
Caused by: com.kms.katalon.core.exception.StepFailedException: com.kms.katalon.core.webui.exception.WebElementNotFoundException: Web element with id: 'Object Repository/Page_Mattermost/label_Enter a valid email or username andor password' located by '//div[@id='login_section']/div/div[2]/div/form/div/div/label' not found
	at com.kms.katalon.core.webui.keyword.internal.WebUIKeywordMain.stepFailed(WebUIKeywordMain.groovy:64)
	at com.kms.katalon.core.webui.keyword.builtin.VerifyElementPresentKeyword$_verifyElementPresent_closure1.doCall(VerifyElementPresentKeyword.groovy:85)
	at com.kms.katalon.core.webui.keyword.builtin.VerifyElementPresentKeyword$_verifyElementPresent_closure1.call(VerifyElementPresentKeyword.groovy)
	at com.kms.katalon.core.webui.keyword.internal.WebUIKeywordMain.runKeyword(WebUIKeywordMain.groovy:20)
	... 19 more


2021-05-29 17:02:23 - [TEST_STEP][PASSED] - callTestCase(findTestCase("Common Test Cases/Login"), ["Username":findTestData("Internal Data for Login").getValue(1, 4), "Password":findTestData("Internal Data for Login").getValue(2, 4)], STOP_ON_FAILURE): Call Test Case 'Test Cases/Common Test Cases/Login' successfully

2021-05-29 17:02:23 - [TEST_CASE][PASSED] - Test Cases/Common Test Cases/Login: Test Cases/Common Test Cases/Login

2021-05-29 17:02:23 - [TEST_STEP][PASSED] - openBrowser(""): Browser is opened with url: ''

2021-05-29 17:02:23 - [MESSAGE][WARNING] - A browser is already opened. Closing browser and opening a new one

2021-05-29 17:02:24 - [MESSAGE][INFO] - Starting 'Chrome' driver

2021-05-29 17:02:24 - [MESSAGE][INFO] - Action delay is set to 0 milliseconds

2021-05-29 17:02:25 - [MESSAGE][PASSED] - Browser is opened with url: ''

2021-05-29 17:02:25 - [TEST_STEP][PASSED] - navigateToUrl("https://chudenangcao2021.cf/"): Navigate to 'https://chudenangcao2021.cf/' successfully

2021-05-29 17:02:25 - [MESSAGE][PASSED] - Navigate to 'https://chudenangcao2021.cf/' successfully

2021-05-29 17:02:25 - [TEST_STEP][PASSED] - setText(findTestObject("Object Repository/Page_Mattermost/input_All team communication in one place, _dcc84b"), Username): Text 'nguyenvana' is set on object 'Object Repository/Page_Mattermost/input_All team communication in one place, _dcc84b'

2021-05-29 17:02:27 - [MESSAGE][PASSED] - Text 'nguyenvana' is set on object 'Object Repository/Page_Mattermost/input_All team communication in one place, _dcc84b'

2021-05-29 17:02:27 - [TEST_STEP][PASSED] - setText(findTestObject("Object Repository/Page_Mattermost/input_All team communication in one place, _a3edc6"), Password): Text 'Tung@123456789' is set on object 'Object Repository/Page_Mattermost/input_All team communication in one place, _a3edc6'

2021-05-29 17:02:27 - [MESSAGE][PASSED] - Text 'Tung@123456789' is set on object 'Object Repository/Page_Mattermost/input_All team communication in one place, _a3edc6'

2021-05-29 17:02:27 - [TEST_STEP][PASSED] - click(findTestObject("Object Repository/Page_Mattermost/button_Sign in")): Object: 'Object Repository/Page_Mattermost/button_Sign in' is clicked on

2021-05-29 17:02:28 - [MESSAGE][PASSED] - Object: 'Object Repository/Page_Mattermost/button_Sign in' is clicked on

2021-05-29 17:02:28 - [TEST_STEP][PASSED] - verifyLinksAccessible(["https://chudenangcao2021.cf/cdnc-cnpm-2021/channels"]): All links are accessible

2021-05-29 17:02:28 - [MESSAGE][INFO] - HAR: C:\Users\nttuan\Downloads\CDNC\mattermost-testing\Reports\20210529_170053\Run all test cases\20210529_170053\requests\main\18.har

2021-05-29 17:02:28 - [MESSAGE][PASSED] - Send request successfully

2021-05-29 17:02:28 - [MESSAGE][PASSED] - All links are accessible

2021-05-29 17:02:28 - [MESSAGE][PASSED] - Call Test Case 'Test Cases/Common Test Cases/Login' successfully

2021-05-29 17:02:28 - [TEST_STEP][FAILED] - verifyElementPresent(findTestObject("Page_Mattermost/label_Enter a valid email or username andor password"), 0): Unable to verify object 'Object Repository/Page_Mattermost/label_Enter a valid email or username andor password' is present (Root cause: com.kms.katalon.core.exception.StepFailedException: Unable to verify object 'Object Repository/Page_Mattermost/label_Enter a valid email or username andor password' is present
	at com.kms.katalon.core.webui.keyword.internal.WebUIKeywordMain.stepFailed(WebUIKeywordMain.groovy:64)
	at com.kms.katalon.core.webui.keyword.internal.WebUIKeywordMain.runKeyword(WebUIKeywordMain.groovy:26)
	at com.kms.katalon.core.webui.keyword.builtin.VerifyElementPresentKeyword.verifyElementPresent(VerifyElementPresentKeyword.groovy:92)
	at com.kms.katalon.core.webui.keyword.builtin.VerifyElementPresentKeyword.execute(VerifyElementPresentKeyword.groovy:68)
	at com.kms.katalon.core.keyword.internal.KeywordExecutor.executeKeywordForPlatform(KeywordExecutor.groovy:73)
	at com.kms.katalon.core.webui.keyword.WebUiBuiltInKeywords.verifyElementPresent(WebUiBuiltInKeywords.groovy:1463)
	at com.kms.katalon.core.webui.keyword.WebUiBuiltInKeywords$verifyElementPresent$4.call(Unknown Source)
	at Verify login failed with invalid password.run(Verify login failed with invalid password:23)
	at com.kms.katalon.core.main.ScriptEngine.run(ScriptEngine.java:194)
	at com.kms.katalon.core.main.ScriptEngine.runScriptAsRawText(ScriptEngine.java:119)
	at com.kms.katalon.core.main.TestCaseExecutor.runScript(TestCaseExecutor.java:398)
	at com.kms.katalon.core.main.TestCaseExecutor.doExecute(TestCaseExecutor.java:389)
	at com.kms.katalon.core.main.TestCaseExecutor.processExecutionPhase(TestCaseExecutor.java:368)
	at com.kms.katalon.core.main.TestCaseExecutor.accessMainPhase(TestCaseExecutor.java:360)
	at com.kms.katalon.core.main.TestCaseExecutor.execute(TestCaseExecutor.java:255)
	at com.kms.katalon.core.main.TestSuiteExecutor.accessTestCaseMainPhase(TestSuiteExecutor.java:203)
	at com.kms.katalon.core.main.TestSuiteExecutor.accessTestSuiteMainPhase(TestSuiteExecutor.java:152)
	at com.kms.katalon.core.main.TestSuiteExecutor.execute(TestSuiteExecutor.java:95)
	at com.kms.katalon.core.main.TestCaseMain.startTestSuite(TestCaseMain.java:157)
	at com.kms.katalon.core.main.TestCaseMain$startTestSuite$0.call(Unknown Source)
	at TempTestSuite1622307653786.run(TempTestSuite1622307653786.groovy:39)
Caused by: com.kms.katalon.core.exception.StepFailedException: com.kms.katalon.core.webui.exception.WebElementNotFoundException: Web element with id: 'Object Repository/Page_Mattermost/label_Enter a valid email or username andor password' located by '//div[@id='login_section']/div/div[2]/div/form/div/div/label' not found
	at com.kms.katalon.core.webui.keyword.internal.WebUIKeywordMain.stepFailed(WebUIKeywordMain.groovy:64)
	at com.kms.katalon.core.webui.keyword.builtin.VerifyElementPresentKeyword$_verifyElementPresent_closure1.doCall(VerifyElementPresentKeyword.groovy:85)
	at com.kms.katalon.core.webui.keyword.builtin.VerifyElementPresentKeyword$_verifyElementPresent_closure1.call(VerifyElementPresentKeyword.groovy)
	at com.kms.katalon.core.webui.keyword.internal.WebUIKeywordMain.runKeyword(WebUIKeywordMain.groovy:20)
	... 19 more
)

2021-05-29 17:02:28 - [MESSAGE][WARNING] - Timeout '0' is invalid. Using default page load timeout: '30'

2021-05-29 17:03:00 - [MESSAGE][INFO] - Unable to find the element located by 'By.xpath: //div[@id='login_section']/div/div[2]/div/form/div/div/label'. Please recheck the objects properties to make sure the desired element is located. 

2021-05-29 17:03:00 - [MESSAGE][FAILED] - com.kms.katalon.core.webui.exception.WebElementNotFoundException: Web element with id: 'Object Repository/Page_Mattermost/label_Enter a valid email or username andor password' located by '//div[@id='login_section']/div/div[2]/div/form/div/div/label' not found (Root cause: com.kms.katalon.core.exception.StepFailedException: com.kms.katalon.core.webui.exception.WebElementNotFoundException: Web element with id: 'Object Repository/Page_Mattermost/label_Enter a valid email or username andor password' located by '//div[@id='login_section']/div/div[2]/div/form/div/div/label' not found
	at com.kms.katalon.core.webui.keyword.internal.WebUIKeywordMain.stepFailed(WebUIKeywordMain.groovy:64)
	at com.kms.katalon.core.webui.keyword.builtin.VerifyElementPresentKeyword$_verifyElementPresent_closure1.doCall(VerifyElementPresentKeyword.groovy:85)
	at com.kms.katalon.core.webui.keyword.builtin.VerifyElementPresentKeyword$_verifyElementPresent_closure1.call(VerifyElementPresentKeyword.groovy)
	at com.kms.katalon.core.webui.keyword.internal.WebUIKeywordMain.runKeyword(WebUIKeywordMain.groovy:20)
	at com.kms.katalon.core.webui.keyword.builtin.VerifyElementPresentKeyword.verifyElementPresent(VerifyElementPresentKeyword.groovy:92)
	at com.kms.katalon.core.webui.keyword.builtin.VerifyElementPresentKeyword.execute(VerifyElementPresentKeyword.groovy:68)
	at com.kms.katalon.core.keyword.internal.KeywordExecutor.executeKeywordForPlatform(KeywordExecutor.groovy:73)
	at com.kms.katalon.core.webui.keyword.WebUiBuiltInKeywords.verifyElementPresent(WebUiBuiltInKeywords.groovy:1463)
	at com.kms.katalon.core.webui.keyword.WebUiBuiltInKeywords$verifyElementPresent$4.call(Unknown Source)
	at Verify login failed with invalid password.run(Verify login failed with invalid password:23)
	at com.kms.katalon.core.main.ScriptEngine.run(ScriptEngine.java:194)
	at com.kms.katalon.core.main.ScriptEngine.runScriptAsRawText(ScriptEngine.java:119)
	at com.kms.katalon.core.main.TestCaseExecutor.runScript(TestCaseExecutor.java:398)
	at com.kms.katalon.core.main.TestCaseExecutor.doExecute(TestCaseExecutor.java:389)
	at com.kms.katalon.core.main.TestCaseExecutor.processExecutionPhase(TestCaseExecutor.java:368)
	at com.kms.katalon.core.main.TestCaseExecutor.accessMainPhase(TestCaseExecutor.java:360)
	at com.kms.katalon.core.main.TestCaseExecutor.execute(TestCaseExecutor.java:255)
	at com.kms.katalon.core.main.TestSuiteExecutor.accessTestCaseMainPhase(TestSuiteExecutor.java:203)
	at com.kms.katalon.core.main.TestSuiteExecutor.accessTestSuiteMainPhase(TestSuiteExecutor.java:152)
	at com.kms.katalon.core.main.TestSuiteExecutor.execute(TestSuiteExecutor.java:95)
	at com.kms.katalon.core.main.TestCaseMain.startTestSuite(TestCaseMain.java:157)
	at com.kms.katalon.core.main.TestCaseMain$startTestSuite$0.call(Unknown Source)
	at TempTestSuite1622307653786.run(TempTestSuite1622307653786.groovy:39)
)
[[ATTACHMENT|C:\\Users\\nttuan\\Downloads\\CDNC\\mattermost-testing\\Reports\\20210529_170053\\Run all test cases\\20210529_170053\\1622307780774.png]]

2021-05-29 17:03:00 - [MESSAGE][FAILED] - Unable to verify object 'Object Repository/Page_Mattermost/label_Enter a valid email or username andor password' is present (Root cause: com.kms.katalon.core.exception.StepFailedException: Unable to verify object 'Object Repository/Page_Mattermost/label_Enter a valid email or username andor password' is present
	at com.kms.katalon.core.webui.keyword.internal.WebUIKeywordMain.stepFailed(WebUIKeywordMain.groovy:64)
	at com.kms.katalon.core.webui.keyword.internal.WebUIKeywordMain.runKeyword(WebUIKeywordMain.groovy:26)
	at com.kms.katalon.core.webui.keyword.builtin.VerifyElementPresentKeyword.verifyElementPresent(VerifyElementPresentKeyword.groovy:92)
	at com.kms.katalon.core.webui.keyword.builtin.VerifyElementPresentKeyword.execute(VerifyElementPresentKeyword.groovy:68)
	at com.kms.katalon.core.keyword.internal.KeywordExecutor.executeKeywordForPlatform(KeywordExecutor.groovy:73)
	at com.kms.katalon.core.webui.keyword.WebUiBuiltInKeywords.verifyElementPresent(WebUiBuiltInKeywords.groovy:1463)
	at com.kms.katalon.core.webui.keyword.WebUiBuiltInKeywords$verifyElementPresent$4.call(Unknown Source)
	at Verify login failed with invalid password.run(Verify login failed with invalid password:23)
	at com.kms.katalon.core.main.ScriptEngine.run(ScriptEngine.java:194)
	at com.kms.katalon.core.main.ScriptEngine.runScriptAsRawText(ScriptEngine.java:119)
	at com.kms.katalon.core.main.TestCaseExecutor.runScript(TestCaseExecutor.java:398)
	at com.kms.katalon.core.main.TestCaseExecutor.doExecute(TestCaseExecutor.java:389)
	at com.kms.katalon.core.main.TestCaseExecutor.processExecutionPhase(TestCaseExecutor.java:368)
	at com.kms.katalon.core.main.TestCaseExecutor.accessMainPhase(TestCaseExecutor.java:360)
	at com.kms.katalon.core.main.TestCaseExecutor.execute(TestCaseExecutor.java:255)
	at com.kms.katalon.core.main.TestSuiteExecutor.accessTestCaseMainPhase(TestSuiteExecutor.java:203)
	at com.kms.katalon.core.main.TestSuiteExecutor.accessTestSuiteMainPhase(TestSuiteExecutor.java:152)
	at com.kms.katalon.core.main.TestSuiteExecutor.execute(TestSuiteExecutor.java:95)
	at com.kms.katalon.core.main.TestCaseMain.startTestSuite(TestCaseMain.java:157)
	at com.kms.katalon.core.main.TestCaseMain$startTestSuite$0.call(Unknown Source)
	at TempTestSuite1622307653786.run(TempTestSuite1622307653786.groovy:39)
Caused by: com.kms.katalon.core.exception.StepFailedException: com.kms.katalon.core.webui.exception.WebElementNotFoundException: Web element with id: 'Object Repository/Page_Mattermost/label_Enter a valid email or username andor password' located by '//div[@id='login_section']/div/div[2]/div/form/div/div/label' not found
	at com.kms.katalon.core.webui.keyword.internal.WebUIKeywordMain.stepFailed(WebUIKeywordMain.groovy:64)
	at com.kms.katalon.core.webui.keyword.builtin.VerifyElementPresentKeyword$_verifyElementPresent_closure1.doCall(VerifyElementPresentKeyword.groovy:85)
	at com.kms.katalon.core.webui.keyword.builtin.VerifyElementPresentKeyword$_verifyElementPresent_closure1.call(VerifyElementPresentKeyword.groovy)
	at com.kms.katalon.core.webui.keyword.internal.WebUIKeywordMain.runKeyword(WebUIKeywordMain.groovy:20)
	... 19 more
)
[[ATTACHMENT|C:\\Users\\nttuan\\Downloads\\CDNC\\mattermost-testing\\Reports\\20210529_170053\\Run all test cases\\20210529_170053\\1622307780906.png]]]]></system-out>
         <system-err><![CDATA[2021-05-29 17:02:23 - [TEST_CASE][FAILED] - Test Cases/Login/Verify login failed with invalid password: Test Cases/Login/Verify login failed with invalid password FAILED.
Reason:
com.kms.katalon.core.exception.StepFailedException: Unable to verify object 'Object Repository/Page_Mattermost/label_Enter a valid email or username andor password' is present
	at com.kms.katalon.core.webui.keyword.internal.WebUIKeywordMain.stepFailed(WebUIKeywordMain.groovy:64)
	at com.kms.katalon.core.webui.keyword.internal.WebUIKeywordMain.runKeyword(WebUIKeywordMain.groovy:26)
	at com.kms.katalon.core.webui.keyword.builtin.VerifyElementPresentKeyword.verifyElementPresent(VerifyElementPresentKeyword.groovy:92)
	at com.kms.katalon.core.webui.keyword.builtin.VerifyElementPresentKeyword.execute(VerifyElementPresentKeyword.groovy:68)
	at com.kms.katalon.core.keyword.internal.KeywordExecutor.executeKeywordForPlatform(KeywordExecutor.groovy:73)
	at com.kms.katalon.core.webui.keyword.WebUiBuiltInKeywords.verifyElementPresent(WebUiBuiltInKeywords.groovy:1463)
	at com.kms.katalon.core.webui.keyword.WebUiBuiltInKeywords$verifyElementPresent$4.call(Unknown Source)
	at Verify login failed with invalid password.run(Verify login failed with invalid password:23)
	at com.kms.katalon.core.main.ScriptEngine.run(ScriptEngine.java:194)
	at com.kms.katalon.core.main.ScriptEngine.runScriptAsRawText(ScriptEngine.java:119)
	at com.kms.katalon.core.main.TestCaseExecutor.runScript(TestCaseExecutor.java:398)
	at com.kms.katalon.core.main.TestCaseExecutor.doExecute(TestCaseExecutor.java:389)
	at com.kms.katalon.core.main.TestCaseExecutor.processExecutionPhase(TestCaseExecutor.java:368)
	at com.kms.katalon.core.main.TestCaseExecutor.accessMainPhase(TestCaseExecutor.java:360)
	at com.kms.katalon.core.main.TestCaseExecutor.execute(TestCaseExecutor.java:255)
	at com.kms.katalon.core.main.TestSuiteExecutor.accessTestCaseMainPhase(TestSuiteExecutor.java:203)
	at com.kms.katalon.core.main.TestSuiteExecutor.accessTestSuiteMainPhase(TestSuiteExecutor.java:152)
	at com.kms.katalon.core.main.TestSuiteExecutor.execute(TestSuiteExecutor.java:95)
	at com.kms.katalon.core.main.TestCaseMain.startTestSuite(TestCaseMain.java:157)
	at com.kms.katalon.core.main.TestCaseMain$startTestSuite$0.call(Unknown Source)
	at TempTestSuite1622307653786.run(TempTestSuite1622307653786.groovy:39)
Caused by: com.kms.katalon.core.exception.StepFailedException: com.kms.katalon.core.webui.exception.WebElementNotFoundException: Web element with id: 'Object Repository/Page_Mattermost/label_Enter a valid email or username andor password' located by '//div[@id='login_section']/div/div[2]/div/form/div/div/label' not found
	at com.kms.katalon.core.webui.keyword.internal.WebUIKeywordMain.stepFailed(WebUIKeywordMain.groovy:64)
	at com.kms.katalon.core.webui.keyword.builtin.VerifyElementPresentKeyword$_verifyElementPresent_closure1.doCall(VerifyElementPresentKeyword.groovy:85)
	at com.kms.katalon.core.webui.keyword.builtin.VerifyElementPresentKeyword$_verifyElementPresent_closure1.call(VerifyElementPresentKeyword.groovy)
	at com.kms.katalon.core.webui.keyword.internal.WebUIKeywordMain.runKeyword(WebUIKeywordMain.groovy:20)
	... 19 more]]></system-err>
      </testcase>
      <testcase name="Test Cases/Login/Verify login failed with invalid username" time="37.101" classname="Test Cases/Login/Verify login failed with invalid username" status="FAILED">
         <failure type="FAILED" message="Test Cases/Login/Verify login failed with invalid username FAILED.
Reason:
com.kms.katalon.core.exception.StepFailedException: Unable to verify object 'Object Repository/Page_Mattermost/label_Enter a valid email or username andor password' is present
	at com.kms.katalon.core.webui.keyword.internal.WebUIKeywordMain.stepFailed(WebUIKeywordMain.groovy:64)
	at com.kms.katalon.core.webui.keyword.internal.WebUIKeywordMain.runKeyword(WebUIKeywordMain.groovy:26)
	at com.kms.katalon.core.webui.keyword.builtin.VerifyElementPresentKeyword.verifyElementPresent(VerifyElementPresentKeyword.groovy:92)
	at com.kms.katalon.core.webui.keyword.builtin.VerifyElementPresentKeyword.execute(VerifyElementPresentKeyword.groovy:68)
	at com.kms.katalon.core.keyword.internal.KeywordExecutor.executeKeywordForPlatform(KeywordExecutor.groovy:73)
	at com.kms.katalon.core.webui.keyword.WebUiBuiltInKeywords.verifyElementPresent(WebUiBuiltInKeywords.groovy:1463)
	at com.kms.katalon.core.webui.keyword.WebUiBuiltInKeywords$verifyElementPresent$4.call(Unknown Source)
	at Verify login failed with invalid username.run(Verify login failed with invalid username:23)
	at com.kms.katalon.core.main.ScriptEngine.run(ScriptEngine.java:194)
	at com.kms.katalon.core.main.ScriptEngine.runScriptAsRawText(ScriptEngine.java:119)
	at com.kms.katalon.core.main.TestCaseExecutor.runScript(TestCaseExecutor.java:398)
	at com.kms.katalon.core.main.TestCaseExecutor.doExecute(TestCaseExecutor.java:389)
	at com.kms.katalon.core.main.TestCaseExecutor.processExecutionPhase(TestCaseExecutor.java:368)
	at com.kms.katalon.core.main.TestCaseExecutor.accessMainPhase(TestCaseExecutor.java:360)
	at com.kms.katalon.core.main.TestCaseExecutor.execute(TestCaseExecutor.java:255)
	at com.kms.katalon.core.main.TestSuiteExecutor.accessTestCaseMainPhase(TestSuiteExecutor.java:203)
	at com.kms.katalon.core.main.TestSuiteExecutor.accessTestSuiteMainPhase(TestSuiteExecutor.java:152)
	at com.kms.katalon.core.main.TestSuiteExecutor.execute(TestSuiteExecutor.java:95)
	at com.kms.katalon.core.main.TestCaseMain.startTestSuite(TestCaseMain.java:157)
	at com.kms.katalon.core.main.TestCaseMain$startTestSuite$0.call(Unknown Source)
	at TempTestSuite1622307653786.run(TempTestSuite1622307653786.groovy:39)
Caused by: com.kms.katalon.core.exception.StepFailedException: com.kms.katalon.core.webui.exception.WebElementNotFoundException: Web element with id: 'Object Repository/Page_Mattermost/label_Enter a valid email or username andor password' located by '//div[@id='login_section']/div/div[2]/div/form/div/div/label' not found
	at com.kms.katalon.core.webui.keyword.internal.WebUIKeywordMain.stepFailed(WebUIKeywordMain.groovy:64)
	at com.kms.katalon.core.webui.keyword.builtin.VerifyElementPresentKeyword$_verifyElementPresent_closure1.doCall(VerifyElementPresentKeyword.groovy:85)
	at com.kms.katalon.core.webui.keyword.builtin.VerifyElementPresentKeyword$_verifyElementPresent_closure1.call(VerifyElementPresentKeyword.groovy)
	at com.kms.katalon.core.webui.keyword.internal.WebUIKeywordMain.runKeyword(WebUIKeywordMain.groovy:20)
	... 19 more
"/>
         <system-out><![CDATA[2021-05-29 17:03:01 - [TEST_CASE][FAILED] - Test Cases/Login/Verify login failed with invalid username: Test Cases/Login/Verify login failed with invalid username FAILED.
Reason:
com.kms.katalon.core.exception.StepFailedException: Unable to verify object 'Object Repository/Page_Mattermost/label_Enter a valid email or username andor password' is present
	at com.kms.katalon.core.webui.keyword.internal.WebUIKeywordMain.stepFailed(WebUIKeywordMain.groovy:64)
	at com.kms.katalon.core.webui.keyword.internal.WebUIKeywordMain.runKeyword(WebUIKeywordMain.groovy:26)
	at com.kms.katalon.core.webui.keyword.builtin.VerifyElementPresentKeyword.verifyElementPresent(VerifyElementPresentKeyword.groovy:92)
	at com.kms.katalon.core.webui.keyword.builtin.VerifyElementPresentKeyword.execute(VerifyElementPresentKeyword.groovy:68)
	at com.kms.katalon.core.keyword.internal.KeywordExecutor.executeKeywordForPlatform(KeywordExecutor.groovy:73)
	at com.kms.katalon.core.webui.keyword.WebUiBuiltInKeywords.verifyElementPresent(WebUiBuiltInKeywords.groovy:1463)
	at com.kms.katalon.core.webui.keyword.WebUiBuiltInKeywords$verifyElementPresent$4.call(Unknown Source)
	at Verify login failed with invalid username.run(Verify login failed with invalid username:23)
	at com.kms.katalon.core.main.ScriptEngine.run(ScriptEngine.java:194)
	at com.kms.katalon.core.main.ScriptEngine.runScriptAsRawText(ScriptEngine.java:119)
	at com.kms.katalon.core.main.TestCaseExecutor.runScript(TestCaseExecutor.java:398)
	at com.kms.katalon.core.main.TestCaseExecutor.doExecute(TestCaseExecutor.java:389)
	at com.kms.katalon.core.main.TestCaseExecutor.processExecutionPhase(TestCaseExecutor.java:368)
	at com.kms.katalon.core.main.TestCaseExecutor.accessMainPhase(TestCaseExecutor.java:360)
	at com.kms.katalon.core.main.TestCaseExecutor.execute(TestCaseExecutor.java:255)
	at com.kms.katalon.core.main.TestSuiteExecutor.accessTestCaseMainPhase(TestSuiteExecutor.java:203)
	at com.kms.katalon.core.main.TestSuiteExecutor.accessTestSuiteMainPhase(TestSuiteExecutor.java:152)
	at com.kms.katalon.core.main.TestSuiteExecutor.execute(TestSuiteExecutor.java:95)
	at com.kms.katalon.core.main.TestCaseMain.startTestSuite(TestCaseMain.java:157)
	at com.kms.katalon.core.main.TestCaseMain$startTestSuite$0.call(Unknown Source)
	at TempTestSuite1622307653786.run(TempTestSuite1622307653786.groovy:39)
Caused by: com.kms.katalon.core.exception.StepFailedException: com.kms.katalon.core.webui.exception.WebElementNotFoundException: Web element with id: 'Object Repository/Page_Mattermost/label_Enter a valid email or username andor password' located by '//div[@id='login_section']/div/div[2]/div/form/div/div/label' not found
	at com.kms.katalon.core.webui.keyword.internal.WebUIKeywordMain.stepFailed(WebUIKeywordMain.groovy:64)
	at com.kms.katalon.core.webui.keyword.builtin.VerifyElementPresentKeyword$_verifyElementPresent_closure1.doCall(VerifyElementPresentKeyword.groovy:85)
	at com.kms.katalon.core.webui.keyword.builtin.VerifyElementPresentKeyword$_verifyElementPresent_closure1.call(VerifyElementPresentKeyword.groovy)
	at com.kms.katalon.core.webui.keyword.internal.WebUIKeywordMain.runKeyword(WebUIKeywordMain.groovy:20)
	... 19 more


2021-05-29 17:03:01 - [TEST_STEP][PASSED] - callTestCase(findTestCase("Common Test Cases/Login"), ["Username":findTestData("Internal Data for Login").getValue(1, 3), "Password":findTestData("Internal Data for Login").getValue(2, 3)], STOP_ON_FAILURE): Call Test Case 'Test Cases/Common Test Cases/Login' successfully

2021-05-29 17:03:01 - [TEST_CASE][PASSED] - Test Cases/Common Test Cases/Login: Test Cases/Common Test Cases/Login

2021-05-29 17:03:01 - [TEST_STEP][PASSED] - openBrowser(""): Browser is opened with url: ''

2021-05-29 17:03:01 - [MESSAGE][WARNING] - A browser is already opened. Closing browser and opening a new one

2021-05-29 17:03:02 - [MESSAGE][INFO] - Starting 'Chrome' driver

2021-05-29 17:03:02 - [MESSAGE][INFO] - Action delay is set to 0 milliseconds

2021-05-29 17:03:03 - [MESSAGE][PASSED] - Browser is opened with url: ''

2021-05-29 17:03:03 - [TEST_STEP][PASSED] - navigateToUrl("https://chudenangcao2021.cf/"): Navigate to 'https://chudenangcao2021.cf/' successfully

2021-05-29 17:03:03 - [MESSAGE][PASSED] - Navigate to 'https://chudenangcao2021.cf/' successfully

2021-05-29 17:03:03 - [TEST_STEP][PASSED] - setText(findTestObject("Object Repository/Page_Mattermost/input_All team communication in one place, _dcc84b"), Username): Text 'nguyenvanaaaa' is set on object 'Object Repository/Page_Mattermost/input_All team communication in one place, _dcc84b'

2021-05-29 17:03:05 - [MESSAGE][PASSED] - Text 'nguyenvanaaaa' is set on object 'Object Repository/Page_Mattermost/input_All team communication in one place, _dcc84b'

2021-05-29 17:03:05 - [TEST_STEP][PASSED] - setText(findTestObject("Object Repository/Page_Mattermost/input_All team communication in one place, _a3edc6"), Password): Text 'Tung@123456' is set on object 'Object Repository/Page_Mattermost/input_All team communication in one place, _a3edc6'

2021-05-29 17:03:06 - [MESSAGE][PASSED] - Text 'Tung@123456' is set on object 'Object Repository/Page_Mattermost/input_All team communication in one place, _a3edc6'

2021-05-29 17:03:06 - [TEST_STEP][PASSED] - click(findTestObject("Object Repository/Page_Mattermost/button_Sign in")): Object: 'Object Repository/Page_Mattermost/button_Sign in' is clicked on

2021-05-29 17:03:06 - [MESSAGE][PASSED] - Object: 'Object Repository/Page_Mattermost/button_Sign in' is clicked on

2021-05-29 17:03:06 - [TEST_STEP][PASSED] - verifyLinksAccessible(["https://chudenangcao2021.cf/cdnc-cnpm-2021/channels"]): All links are accessible

2021-05-29 17:03:06 - [MESSAGE][INFO] - HAR: C:\Users\nttuan\Downloads\CDNC\mattermost-testing\Reports\20210529_170053\Run all test cases\20210529_170053\requests\main\19.har

2021-05-29 17:03:06 - [MESSAGE][PASSED] - Send request successfully

2021-05-29 17:03:06 - [MESSAGE][PASSED] - All links are accessible

2021-05-29 17:03:06 - [MESSAGE][PASSED] - Call Test Case 'Test Cases/Common Test Cases/Login' successfully

2021-05-29 17:03:06 - [TEST_STEP][FAILED] - verifyElementPresent(findTestObject("Page_Mattermost/label_Enter a valid email or username andor password"), 0): Unable to verify object 'Object Repository/Page_Mattermost/label_Enter a valid email or username andor password' is present (Root cause: com.kms.katalon.core.exception.StepFailedException: Unable to verify object 'Object Repository/Page_Mattermost/label_Enter a valid email or username andor password' is present
	at com.kms.katalon.core.webui.keyword.internal.WebUIKeywordMain.stepFailed(WebUIKeywordMain.groovy:64)
	at com.kms.katalon.core.webui.keyword.internal.WebUIKeywordMain.runKeyword(WebUIKeywordMain.groovy:26)
	at com.kms.katalon.core.webui.keyword.builtin.VerifyElementPresentKeyword.verifyElementPresent(VerifyElementPresentKeyword.groovy:92)
	at com.kms.katalon.core.webui.keyword.builtin.VerifyElementPresentKeyword.execute(VerifyElementPresentKeyword.groovy:68)
	at com.kms.katalon.core.keyword.internal.KeywordExecutor.executeKeywordForPlatform(KeywordExecutor.groovy:73)
	at com.kms.katalon.core.webui.keyword.WebUiBuiltInKeywords.verifyElementPresent(WebUiBuiltInKeywords.groovy:1463)
	at com.kms.katalon.core.webui.keyword.WebUiBuiltInKeywords$verifyElementPresent$4.call(Unknown Source)
	at Verify login failed with invalid username.run(Verify login failed with invalid username:23)
	at com.kms.katalon.core.main.ScriptEngine.run(ScriptEngine.java:194)
	at com.kms.katalon.core.main.ScriptEngine.runScriptAsRawText(ScriptEngine.java:119)
	at com.kms.katalon.core.main.TestCaseExecutor.runScript(TestCaseExecutor.java:398)
	at com.kms.katalon.core.main.TestCaseExecutor.doExecute(TestCaseExecutor.java:389)
	at com.kms.katalon.core.main.TestCaseExecutor.processExecutionPhase(TestCaseExecutor.java:368)
	at com.kms.katalon.core.main.TestCaseExecutor.accessMainPhase(TestCaseExecutor.java:360)
	at com.kms.katalon.core.main.TestCaseExecutor.execute(TestCaseExecutor.java:255)
	at com.kms.katalon.core.main.TestSuiteExecutor.accessTestCaseMainPhase(TestSuiteExecutor.java:203)
	at com.kms.katalon.core.main.TestSuiteExecutor.accessTestSuiteMainPhase(TestSuiteExecutor.java:152)
	at com.kms.katalon.core.main.TestSuiteExecutor.execute(TestSuiteExecutor.java:95)
	at com.kms.katalon.core.main.TestCaseMain.startTestSuite(TestCaseMain.java:157)
	at com.kms.katalon.core.main.TestCaseMain$startTestSuite$0.call(Unknown Source)
	at TempTestSuite1622307653786.run(TempTestSuite1622307653786.groovy:39)
Caused by: com.kms.katalon.core.exception.StepFailedException: com.kms.katalon.core.webui.exception.WebElementNotFoundException: Web element with id: 'Object Repository/Page_Mattermost/label_Enter a valid email or username andor password' located by '//div[@id='login_section']/div/div[2]/div/form/div/div/label' not found
	at com.kms.katalon.core.webui.keyword.internal.WebUIKeywordMain.stepFailed(WebUIKeywordMain.groovy:64)
	at com.kms.katalon.core.webui.keyword.builtin.VerifyElementPresentKeyword$_verifyElementPresent_closure1.doCall(VerifyElementPresentKeyword.groovy:85)
	at com.kms.katalon.core.webui.keyword.builtin.VerifyElementPresentKeyword$_verifyElementPresent_closure1.call(VerifyElementPresentKeyword.groovy)
	at com.kms.katalon.core.webui.keyword.internal.WebUIKeywordMain.runKeyword(WebUIKeywordMain.groovy:20)
	... 19 more
)

2021-05-29 17:03:06 - [MESSAGE][WARNING] - Timeout '0' is invalid. Using default page load timeout: '30'

2021-05-29 17:03:37 - [MESSAGE][INFO] - Unable to find the element located by 'By.xpath: //div[@id='login_section']/div/div[2]/div/form/div/div/label'. Please recheck the objects properties to make sure the desired element is located. 

2021-05-29 17:03:38 - [MESSAGE][FAILED] - com.kms.katalon.core.webui.exception.WebElementNotFoundException: Web element with id: 'Object Repository/Page_Mattermost/label_Enter a valid email or username andor password' located by '//div[@id='login_section']/div/div[2]/div/form/div/div/label' not found (Root cause: com.kms.katalon.core.exception.StepFailedException: com.kms.katalon.core.webui.exception.WebElementNotFoundException: Web element with id: 'Object Repository/Page_Mattermost/label_Enter a valid email or username andor password' located by '//div[@id='login_section']/div/div[2]/div/form/div/div/label' not found
	at com.kms.katalon.core.webui.keyword.internal.WebUIKeywordMain.stepFailed(WebUIKeywordMain.groovy:64)
	at com.kms.katalon.core.webui.keyword.builtin.VerifyElementPresentKeyword$_verifyElementPresent_closure1.doCall(VerifyElementPresentKeyword.groovy:85)
	at com.kms.katalon.core.webui.keyword.builtin.VerifyElementPresentKeyword$_verifyElementPresent_closure1.call(VerifyElementPresentKeyword.groovy)
	at com.kms.katalon.core.webui.keyword.internal.WebUIKeywordMain.runKeyword(WebUIKeywordMain.groovy:20)
	at com.kms.katalon.core.webui.keyword.builtin.VerifyElementPresentKeyword.verifyElementPresent(VerifyElementPresentKeyword.groovy:92)
	at com.kms.katalon.core.webui.keyword.builtin.VerifyElementPresentKeyword.execute(VerifyElementPresentKeyword.groovy:68)
	at com.kms.katalon.core.keyword.internal.KeywordExecutor.executeKeywordForPlatform(KeywordExecutor.groovy:73)
	at com.kms.katalon.core.webui.keyword.WebUiBuiltInKeywords.verifyElementPresent(WebUiBuiltInKeywords.groovy:1463)
	at com.kms.katalon.core.webui.keyword.WebUiBuiltInKeywords$verifyElementPresent$4.call(Unknown Source)
	at Verify login failed with invalid username.run(Verify login failed with invalid username:23)
	at com.kms.katalon.core.main.ScriptEngine.run(ScriptEngine.java:194)
	at com.kms.katalon.core.main.ScriptEngine.runScriptAsRawText(ScriptEngine.java:119)
	at com.kms.katalon.core.main.TestCaseExecutor.runScript(TestCaseExecutor.java:398)
	at com.kms.katalon.core.main.TestCaseExecutor.doExecute(TestCaseExecutor.java:389)
	at com.kms.katalon.core.main.TestCaseExecutor.processExecutionPhase(TestCaseExecutor.java:368)
	at com.kms.katalon.core.main.TestCaseExecutor.accessMainPhase(TestCaseExecutor.java:360)
	at com.kms.katalon.core.main.TestCaseExecutor.execute(TestCaseExecutor.java:255)
	at com.kms.katalon.core.main.TestSuiteExecutor.accessTestCaseMainPhase(TestSuiteExecutor.java:203)
	at com.kms.katalon.core.main.TestSuiteExecutor.accessTestSuiteMainPhase(TestSuiteExecutor.java:152)
	at com.kms.katalon.core.main.TestSuiteExecutor.execute(TestSuiteExecutor.java:95)
	at com.kms.katalon.core.main.TestCaseMain.startTestSuite(TestCaseMain.java:157)
	at com.kms.katalon.core.main.TestCaseMain$startTestSuite$0.call(Unknown Source)
	at TempTestSuite1622307653786.run(TempTestSuite1622307653786.groovy:39)
)
[[ATTACHMENT|C:\\Users\\nttuan\\Downloads\\CDNC\\mattermost-testing\\Reports\\20210529_170053\\Run all test cases\\20210529_170053\\1622307817968.png]]

2021-05-29 17:03:38 - [MESSAGE][FAILED] - Unable to verify object 'Object Repository/Page_Mattermost/label_Enter a valid email or username andor password' is present (Root cause: com.kms.katalon.core.exception.StepFailedException: Unable to verify object 'Object Repository/Page_Mattermost/label_Enter a valid email or username andor password' is present
	at com.kms.katalon.core.webui.keyword.internal.WebUIKeywordMain.stepFailed(WebUIKeywordMain.groovy:64)
	at com.kms.katalon.core.webui.keyword.internal.WebUIKeywordMain.runKeyword(WebUIKeywordMain.groovy:26)
	at com.kms.katalon.core.webui.keyword.builtin.VerifyElementPresentKeyword.verifyElementPresent(VerifyElementPresentKeyword.groovy:92)
	at com.kms.katalon.core.webui.keyword.builtin.VerifyElementPresentKeyword.execute(VerifyElementPresentKeyword.groovy:68)
	at com.kms.katalon.core.keyword.internal.KeywordExecutor.executeKeywordForPlatform(KeywordExecutor.groovy:73)
	at com.kms.katalon.core.webui.keyword.WebUiBuiltInKeywords.verifyElementPresent(WebUiBuiltInKeywords.groovy:1463)
	at com.kms.katalon.core.webui.keyword.WebUiBuiltInKeywords$verifyElementPresent$4.call(Unknown Source)
	at Verify login failed with invalid username.run(Verify login failed with invalid username:23)
	at com.kms.katalon.core.main.ScriptEngine.run(ScriptEngine.java:194)
	at com.kms.katalon.core.main.ScriptEngine.runScriptAsRawText(ScriptEngine.java:119)
	at com.kms.katalon.core.main.TestCaseExecutor.runScript(TestCaseExecutor.java:398)
	at com.kms.katalon.core.main.TestCaseExecutor.doExecute(TestCaseExecutor.java:389)
	at com.kms.katalon.core.main.TestCaseExecutor.processExecutionPhase(TestCaseExecutor.java:368)
	at com.kms.katalon.core.main.TestCaseExecutor.accessMainPhase(TestCaseExecutor.java:360)
	at com.kms.katalon.core.main.TestCaseExecutor.execute(TestCaseExecutor.java:255)
	at com.kms.katalon.core.main.TestSuiteExecutor.accessTestCaseMainPhase(TestSuiteExecutor.java:203)
	at com.kms.katalon.core.main.TestSuiteExecutor.accessTestSuiteMainPhase(TestSuiteExecutor.java:152)
	at com.kms.katalon.core.main.TestSuiteExecutor.execute(TestSuiteExecutor.java:95)
	at com.kms.katalon.core.main.TestCaseMain.startTestSuite(TestCaseMain.java:157)
	at com.kms.katalon.core.main.TestCaseMain$startTestSuite$0.call(Unknown Source)
	at TempTestSuite1622307653786.run(TempTestSuite1622307653786.groovy:39)
Caused by: com.kms.katalon.core.exception.StepFailedException: com.kms.katalon.core.webui.exception.WebElementNotFoundException: Web element with id: 'Object Repository/Page_Mattermost/label_Enter a valid email or username andor password' located by '//div[@id='login_section']/div/div[2]/div/form/div/div/label' not found
	at com.kms.katalon.core.webui.keyword.internal.WebUIKeywordMain.stepFailed(WebUIKeywordMain.groovy:64)
	at com.kms.katalon.core.webui.keyword.builtin.VerifyElementPresentKeyword$_verifyElementPresent_closure1.doCall(VerifyElementPresentKeyword.groovy:85)
	at com.kms.katalon.core.webui.keyword.builtin.VerifyElementPresentKeyword$_verifyElementPresent_closure1.call(VerifyElementPresentKeyword.groovy)
	at com.kms.katalon.core.webui.keyword.internal.WebUIKeywordMain.runKeyword(WebUIKeywordMain.groovy:20)
	... 19 more
)
[[ATTACHMENT|C:\\Users\\nttuan\\Downloads\\CDNC\\mattermost-testing\\Reports\\20210529_170053\\Run all test cases\\20210529_170053\\1622307818034.png]]]]></system-out>
         <system-err><![CDATA[2021-05-29 17:03:01 - [TEST_CASE][FAILED] - Test Cases/Login/Verify login failed with invalid username: Test Cases/Login/Verify login failed with invalid username FAILED.
Reason:
com.kms.katalon.core.exception.StepFailedException: Unable to verify object 'Object Repository/Page_Mattermost/label_Enter a valid email or username andor password' is present
	at com.kms.katalon.core.webui.keyword.internal.WebUIKeywordMain.stepFailed(WebUIKeywordMain.groovy:64)
	at com.kms.katalon.core.webui.keyword.internal.WebUIKeywordMain.runKeyword(WebUIKeywordMain.groovy:26)
	at com.kms.katalon.core.webui.keyword.builtin.VerifyElementPresentKeyword.verifyElementPresent(VerifyElementPresentKeyword.groovy:92)
	at com.kms.katalon.core.webui.keyword.builtin.VerifyElementPresentKeyword.execute(VerifyElementPresentKeyword.groovy:68)
	at com.kms.katalon.core.keyword.internal.KeywordExecutor.executeKeywordForPlatform(KeywordExecutor.groovy:73)
	at com.kms.katalon.core.webui.keyword.WebUiBuiltInKeywords.verifyElementPresent(WebUiBuiltInKeywords.groovy:1463)
	at com.kms.katalon.core.webui.keyword.WebUiBuiltInKeywords$verifyElementPresent$4.call(Unknown Source)
	at Verify login failed with invalid username.run(Verify login failed with invalid username:23)
	at com.kms.katalon.core.main.ScriptEngine.run(ScriptEngine.java:194)
	at com.kms.katalon.core.main.ScriptEngine.runScriptAsRawText(ScriptEngine.java:119)
	at com.kms.katalon.core.main.TestCaseExecutor.runScript(TestCaseExecutor.java:398)
	at com.kms.katalon.core.main.TestCaseExecutor.doExecute(TestCaseExecutor.java:389)
	at com.kms.katalon.core.main.TestCaseExecutor.processExecutionPhase(TestCaseExecutor.java:368)
	at com.kms.katalon.core.main.TestCaseExecutor.accessMainPhase(TestCaseExecutor.java:360)
	at com.kms.katalon.core.main.TestCaseExecutor.execute(TestCaseExecutor.java:255)
	at com.kms.katalon.core.main.TestSuiteExecutor.accessTestCaseMainPhase(TestSuiteExecutor.java:203)
	at com.kms.katalon.core.main.TestSuiteExecutor.accessTestSuiteMainPhase(TestSuiteExecutor.java:152)
	at com.kms.katalon.core.main.TestSuiteExecutor.execute(TestSuiteExecutor.java:95)
	at com.kms.katalon.core.main.TestCaseMain.startTestSuite(TestCaseMain.java:157)
	at com.kms.katalon.core.main.TestCaseMain$startTestSuite$0.call(Unknown Source)
	at TempTestSuite1622307653786.run(TempTestSuite1622307653786.groovy:39)
Caused by: com.kms.katalon.core.exception.StepFailedException: com.kms.katalon.core.webui.exception.WebElementNotFoundException: Web element with id: 'Object Repository/Page_Mattermost/label_Enter a valid email or username andor password' located by '//div[@id='login_section']/div/div[2]/div/form/div/div/label' not found
	at com.kms.katalon.core.webui.keyword.internal.WebUIKeywordMain.stepFailed(WebUIKeywordMain.groovy:64)
	at com.kms.katalon.core.webui.keyword.builtin.VerifyElementPresentKeyword$_verifyElementPresent_closure1.doCall(VerifyElementPresentKeyword.groovy:85)
	at com.kms.katalon.core.webui.keyword.builtin.VerifyElementPresentKeyword$_verifyElementPresent_closure1.call(VerifyElementPresentKeyword.groovy)
	at com.kms.katalon.core.webui.keyword.internal.WebUIKeywordMain.runKeyword(WebUIKeywordMain.groovy:20)
	... 19 more]]></system-err>
      </testcase>
      <testcase name="Test Cases/Login/Verify successful login" time="8.207" classname="Test Cases/Login/Verify successful login" status="PASSED">
         <system-out><![CDATA[2021-05-29 17:03:38 - [TEST_CASE][PASSED] - Test Cases/Login/Verify successful login: Test Cases/Login/Verify successful login

2021-05-29 17:03:38 - [TEST_STEP][PASSED] - callTestCase(findTestCase("Common Test Cases/Login"), ["Username":findTestData("Internal Data for Login").getValue(1, 5), "Password":findTestData("Internal Data for Login").getValue(2, 5)], STOP_ON_FAILURE): Call Test Case 'Test Cases/Common Test Cases/Login' successfully

2021-05-29 17:03:38 - [TEST_CASE][PASSED] - Test Cases/Common Test Cases/Login: Test Cases/Common Test Cases/Login

2021-05-29 17:03:38 - [TEST_STEP][PASSED] - openBrowser(""): Browser is opened with url: ''

2021-05-29 17:03:38 - [MESSAGE][WARNING] - A browser is already opened. Closing browser and opening a new one

2021-05-29 17:03:39 - [MESSAGE][INFO] - Starting 'Chrome' driver

2021-05-29 17:03:39 - [MESSAGE][INFO] - Action delay is set to 0 milliseconds

2021-05-29 17:03:40 - [MESSAGE][PASSED] - Browser is opened with url: ''

2021-05-29 17:03:40 - [TEST_STEP][PASSED] - navigateToUrl("https://chudenangcao2021.cf/"): Navigate to 'https://chudenangcao2021.cf/' successfully

2021-05-29 17:03:40 - [MESSAGE][PASSED] - Navigate to 'https://chudenangcao2021.cf/' successfully

2021-05-29 17:03:40 - [TEST_STEP][PASSED] - setText(findTestObject("Object Repository/Page_Mattermost/input_All team communication in one place, _dcc84b"), Username): Text 'nguyenvana' is set on object 'Object Repository/Page_Mattermost/input_All team communication in one place, _dcc84b'

2021-05-29 17:03:42 - [MESSAGE][PASSED] - Text 'nguyenvana' is set on object 'Object Repository/Page_Mattermost/input_All team communication in one place, _dcc84b'

2021-05-29 17:03:42 - [TEST_STEP][PASSED] - setText(findTestObject("Object Repository/Page_Mattermost/input_All team communication in one place, _a3edc6"), Password): Text 'Tung@123456' is set on object 'Object Repository/Page_Mattermost/input_All team communication in one place, _a3edc6'

2021-05-29 17:03:43 - [MESSAGE][PASSED] - Text 'Tung@123456' is set on object 'Object Repository/Page_Mattermost/input_All team communication in one place, _a3edc6'

2021-05-29 17:03:43 - [TEST_STEP][PASSED] - click(findTestObject("Object Repository/Page_Mattermost/button_Sign in")): Object: 'Object Repository/Page_Mattermost/button_Sign in' is clicked on

2021-05-29 17:03:43 - [MESSAGE][PASSED] - Object: 'Object Repository/Page_Mattermost/button_Sign in' is clicked on

2021-05-29 17:03:43 - [TEST_STEP][PASSED] - verifyLinksAccessible(["https://chudenangcao2021.cf/cdnc-cnpm-2021/channels"]): All links are accessible

2021-05-29 17:03:43 - [MESSAGE][INFO] - HAR: C:\Users\nttuan\Downloads\CDNC\mattermost-testing\Reports\20210529_170053\Run all test cases\20210529_170053\requests\main\20.har

2021-05-29 17:03:43 - [MESSAGE][PASSED] - Send request successfully

2021-05-29 17:03:43 - [MESSAGE][PASSED] - All links are accessible

2021-05-29 17:03:43 - [MESSAGE][PASSED] - Call Test Case 'Test Cases/Common Test Cases/Login' successfully

2021-05-29 17:03:43 - [TEST_STEP][PASSED] - verifyElementPresent(findTestObject("Page_Town Square - TEAM NAME Mattermost/div_CHANNELS"), 0): Object 'Object Repository/Page_Town Square - TEAM NAME Mattermost/div_CHANNELS' is present

2021-05-29 17:03:43 - [MESSAGE][WARNING] - Timeout '0' is invalid. Using default page load timeout: '30'

2021-05-29 17:03:45 - [MESSAGE][PASSED] - Object 'Object Repository/Page_Town Square - TEAM NAME Mattermost/div_CHANNELS' is present

2021-05-29 17:03:45 - [TEST_STEP][PASSED] - verifyElementPresent(findTestObject("Page_Town Square - TEAM NAME Mattermost/div_DIRECT MESSAGES"), 0): Object 'Object Repository/Page_Town Square - TEAM NAME Mattermost/div_DIRECT MESSAGES' is present

2021-05-29 17:03:45 - [MESSAGE][WARNING] - Timeout '0' is invalid. Using default page load timeout: '30'

2021-05-29 17:03:45 - [MESSAGE][PASSED] - Object 'Object Repository/Page_Town Square - TEAM NAME Mattermost/div_DIRECT MESSAGES' is present

2021-05-29 17:03:45 - [TEST_STEP][PASSED] - closeBrowser(): Browser is closed

2021-05-29 17:03:46 - [MESSAGE][PASSED] - Browser is closed]]></system-out>
         <system-err><![CDATA[]]></system-err>
      </testcase>
      <testcase name="Test Cases/SwitchCaseTest/ChangeLanguge" time="10.046" classname="Test Cases/SwitchCaseTest/ChangeLanguge" status="PASSED">
         <system-out><![CDATA[2021-05-29 17:03:46 - [TEST_CASE][PASSED] - Test Cases/SwitchCaseTest/ChangeLanguge: Test Cases/SwitchCaseTest/ChangeLanguge

2021-05-29 17:03:46 - [TEST_STEP][PASSED] - callTestCase(findTestCase("Test Cases/Common Test Cases/Login"), ["username":username, "password":password], STOP_ON_FAILURE): Call Test Case 'Test Cases/Common Test Cases/Login' successfully

2021-05-29 17:03:46 - [TEST_CASE][PASSED] - Test Cases/Common Test Cases/Login: Test Cases/Common Test Cases/Login

2021-05-29 17:03:46 - [TEST_STEP][PASSED] - openBrowser(""): Browser is opened with url: ''

2021-05-29 17:03:46 - [MESSAGE][INFO] - Starting 'Chrome' driver

2021-05-29 17:03:46 - [MESSAGE][INFO] - Action delay is set to 0 milliseconds

2021-05-29 17:03:48 - [MESSAGE][PASSED] - Browser is opened with url: ''

2021-05-29 17:03:48 - [TEST_STEP][PASSED] - navigateToUrl("https://chudenangcao2021.cf/"): Navigate to 'https://chudenangcao2021.cf/' successfully

2021-05-29 17:03:48 - [MESSAGE][PASSED] - Navigate to 'https://chudenangcao2021.cf/' successfully

2021-05-29 17:03:48 - [TEST_STEP][PASSED] - setText(findTestObject("Object Repository/Page_Mattermost/input_All team communication in one place, _dcc84b"), Username): Text 'Minhvu12918' is set on object 'Object Repository/Page_Mattermost/input_All team communication in one place, _dcc84b'

2021-05-29 17:03:50 - [MESSAGE][PASSED] - Text 'Minhvu12918' is set on object 'Object Repository/Page_Mattermost/input_All team communication in one place, _dcc84b'

2021-05-29 17:03:50 - [TEST_STEP][PASSED] - setText(findTestObject("Object Repository/Page_Mattermost/input_All team communication in one place, _a3edc6"), Password): Text 'Minhvuabc2@' is set on object 'Object Repository/Page_Mattermost/input_All team communication in one place, _a3edc6'

2021-05-29 17:03:50 - [MESSAGE][PASSED] - Text 'Minhvuabc2@' is set on object 'Object Repository/Page_Mattermost/input_All team communication in one place, _a3edc6'

2021-05-29 17:03:50 - [TEST_STEP][PASSED] - click(findTestObject("Object Repository/Page_Mattermost/button_Sign in")): Object: 'Object Repository/Page_Mattermost/button_Sign in' is clicked on

2021-05-29 17:03:51 - [MESSAGE][PASSED] - Object: 'Object Repository/Page_Mattermost/button_Sign in' is clicked on

2021-05-29 17:03:51 - [TEST_STEP][PASSED] - verifyLinksAccessible(["https://chudenangcao2021.cf/cdnc-cnpm-2021/channels"]): All links are accessible

2021-05-29 17:03:51 - [MESSAGE][INFO] - HAR: C:\Users\nttuan\Downloads\CDNC\mattermost-testing\Reports\20210529_170053\Run all test cases\20210529_170053\requests\main\21.har

2021-05-29 17:03:51 - [MESSAGE][PASSED] - Send request successfully

2021-05-29 17:03:51 - [MESSAGE][PASSED] - All links are accessible

2021-05-29 17:03:51 - [MESSAGE][PASSED] - Call Test Case 'Test Cases/Common Test Cases/Login' successfully

2021-05-29 17:03:51 - [TEST_STEP][PASSED] - click(findTestObject("Object Repository/IFObject/Page_TEST CHANNEL - TEAM NAME Mattermost/button_cxtuan_style--none sidebar-header-dropdown__icon")): Object: 'Object Repository/IFObject/Page_TEST CHANNEL - TEAM NAME Mattermost/button_cxtuan_style--none sidebar-header-dropdown__icon' is clicked on

2021-05-29 17:03:53 - [MESSAGE][PASSED] - Object: 'Object Repository/IFObject/Page_TEST CHANNEL - TEAM NAME Mattermost/button_cxtuan_style--none sidebar-header-dropdown__icon' is clicked on

2021-05-29 17:03:53 - [TEST_STEP][PASSED] - click(findTestObject("Object Repository/IFObject/Page_TEST CHANNEL - TEAM NAME Mattermost/button_Account Settings")): Object: 'Object Repository/IFObject/Page_TEST CHANNEL - TEAM NAME Mattermost/button_Account Settings' is clicked on

2021-05-29 17:03:53 - [MESSAGE][PASSED] - Object: 'Object Repository/IFObject/Page_TEST CHANNEL - TEAM NAME Mattermost/button_Account Settings' is clicked on

2021-05-29 17:03:53 - [TEST_STEP][PASSED] - lang = language: null

2021-05-29 17:03:53 - [TEST_STEP][PASSED] - click(findTestObject("Object Repository/SwitchCase/Change language/button_Display")): Object: 'Object Repository/SwitchCase/Change language/button_Display' is clicked on

2021-05-29 17:03:54 - [MESSAGE][PASSED] - Object: 'Object Repository/SwitchCase/Change language/button_Display' is clicked on

2021-05-29 17:03:54 - [TEST_STEP][PASSED] - click(findTestObject("Object Repository/SwitchCase/Change language/button_EditLanguage")): Object: 'Object Repository/SwitchCase/Change language/button_EditLanguage' is clicked on

2021-05-29 17:03:54 - [MESSAGE][PASSED] - Object: 'Object Repository/SwitchCase/Change language/button_EditLanguage' is clicked on

2021-05-29 17:03:54 - [TEST_STEP][PASSED] - click(findTestObject("Object Repository/SwitchCase/Change language/div_English")): Object: 'Object Repository/SwitchCase/Change language/div_English' is clicked on

2021-05-29 17:03:55 - [MESSAGE][PASSED] - Object: 'Object Repository/SwitchCase/Change language/div_English' is clicked on

2021-05-29 17:03:55 - [TEST_STEP][PASSED] - switch (lang): null

2021-05-29 17:03:55 - [TEST_STEP][PASSED] - case "Italiano":: null

2021-05-29 17:03:55 - [TEST_STEP][PASSED] - click(findTestObject("Object Repository/SwitchCase/Page_span_Town Square - TEAM NAME Mattermost/div_Italiano")): Object: 'Object Repository/SwitchCase/Page_span_Town Square - TEAM NAME Mattermost/div_Italiano' is clicked on

2021-05-29 17:03:55 - [MESSAGE][PASSED] - Object: 'Object Repository/SwitchCase/Page_span_Town Square - TEAM NAME Mattermost/div_Italiano' is clicked on

2021-05-29 17:03:55 - [TEST_STEP][PASSED] - break: null

2021-05-29 17:03:55 - [TEST_STEP][PASSED] - click(findTestObject("Object Repository/SwitchCase/Change language/button_Save")): Object: 'Object Repository/SwitchCase/Change language/button_Save' is clicked on

2021-05-29 17:03:56 - [MESSAGE][PASSED] - Object: 'Object Repository/SwitchCase/Change language/button_Save' is clicked on]]></system-out>
         <system-err><![CDATA[]]></system-err>
      </testcase>
      <testcase name="Test Cases/SwitchCaseTest/CallChangeDefaultLanguage" time="10.704" classname="Test Cases/SwitchCaseTest/CallChangeDefaultLanguage" status="PASSED">
         <system-out><![CDATA[2021-05-29 17:03:56 - [TEST_CASE][PASSED] - Test Cases/SwitchCaseTest/CallChangeDefaultLanguage: Test Cases/SwitchCaseTest/CallChangeDefaultLanguage

2021-05-29 17:03:56 - [TEST_STEP][PASSED] - callTestCase(findTestCase("SwitchCaseTest/ChangeLanguge"), ["username":"cxtuan", "password":"01672471821nT@", "language":"English"], STOP_ON_FAILURE): Call Test Case 'Test Cases/SwitchCaseTest/ChangeLanguge' successfully

2021-05-29 17:03:56 - [TEST_CASE][PASSED] - Test Cases/SwitchCaseTest/ChangeLanguge: Test Cases/SwitchCaseTest/ChangeLanguge

2021-05-29 17:03:56 - [TEST_STEP][PASSED] - callTestCase(findTestCase("Test Cases/Common Test Cases/Login"), ["username":username, "password":password], STOP_ON_FAILURE): Call Test Case 'Test Cases/Common Test Cases/Login' successfully

2021-05-29 17:03:56 - [TEST_CASE][PASSED] - Test Cases/Common Test Cases/Login: Test Cases/Common Test Cases/Login

2021-05-29 17:03:56 - [TEST_STEP][PASSED] - openBrowser(""): Browser is opened with url: ''

2021-05-29 17:03:56 - [MESSAGE][WARNING] - A browser is already opened. Closing browser and opening a new one

2021-05-29 17:03:57 - [MESSAGE][INFO] - Starting 'Chrome' driver

2021-05-29 17:03:57 - [MESSAGE][INFO] - Action delay is set to 0 milliseconds

2021-05-29 17:03:58 - [MESSAGE][PASSED] - Browser is opened with url: ''

2021-05-29 17:03:58 - [TEST_STEP][PASSED] - navigateToUrl("https://chudenangcao2021.cf/"): Navigate to 'https://chudenangcao2021.cf/' successfully

2021-05-29 17:03:59 - [MESSAGE][PASSED] - Navigate to 'https://chudenangcao2021.cf/' successfully

2021-05-29 17:03:59 - [TEST_STEP][PASSED] - setText(findTestObject("Object Repository/Page_Mattermost/input_All team communication in one place, _dcc84b"), Username): Text 'Minhvu12918' is set on object 'Object Repository/Page_Mattermost/input_All team communication in one place, _dcc84b'

2021-05-29 17:04:00 - [MESSAGE][PASSED] - Text 'Minhvu12918' is set on object 'Object Repository/Page_Mattermost/input_All team communication in one place, _dcc84b'

2021-05-29 17:04:00 - [TEST_STEP][PASSED] - setText(findTestObject("Object Repository/Page_Mattermost/input_All team communication in one place, _a3edc6"), Password): Text 'Minhvuabc2@' is set on object 'Object Repository/Page_Mattermost/input_All team communication in one place, _a3edc6'

2021-05-29 17:04:01 - [MESSAGE][PASSED] - Text 'Minhvuabc2@' is set on object 'Object Repository/Page_Mattermost/input_All team communication in one place, _a3edc6'

2021-05-29 17:04:01 - [TEST_STEP][PASSED] - click(findTestObject("Object Repository/Page_Mattermost/button_Sign in")): Object: 'Object Repository/Page_Mattermost/button_Sign in' is clicked on

2021-05-29 17:04:02 - [MESSAGE][PASSED] - Object: 'Object Repository/Page_Mattermost/button_Sign in' is clicked on

2021-05-29 17:04:02 - [TEST_STEP][PASSED] - verifyLinksAccessible(["https://chudenangcao2021.cf/cdnc-cnpm-2021/channels"]): All links are accessible

2021-05-29 17:04:02 - [MESSAGE][INFO] - HAR: C:\Users\nttuan\Downloads\CDNC\mattermost-testing\Reports\20210529_170053\Run all test cases\20210529_170053\requests\main\22.har

2021-05-29 17:04:02 - [MESSAGE][PASSED] - Send request successfully

2021-05-29 17:04:02 - [MESSAGE][PASSED] - All links are accessible

2021-05-29 17:04:02 - [MESSAGE][PASSED] - Call Test Case 'Test Cases/Common Test Cases/Login' successfully

2021-05-29 17:04:02 - [TEST_STEP][PASSED] - click(findTestObject("Object Repository/IFObject/Page_TEST CHANNEL - TEAM NAME Mattermost/button_cxtuan_style--none sidebar-header-dropdown__icon")): Object: 'Object Repository/IFObject/Page_TEST CHANNEL - TEAM NAME Mattermost/button_cxtuan_style--none sidebar-header-dropdown__icon' is clicked on

2021-05-29 17:04:03 - [MESSAGE][PASSED] - Object: 'Object Repository/IFObject/Page_TEST CHANNEL - TEAM NAME Mattermost/button_cxtuan_style--none sidebar-header-dropdown__icon' is clicked on

2021-05-29 17:04:03 - [TEST_STEP][PASSED] - click(findTestObject("Object Repository/IFObject/Page_TEST CHANNEL - TEAM NAME Mattermost/button_Account Settings")): Object: 'Object Repository/IFObject/Page_TEST CHANNEL - TEAM NAME Mattermost/button_Account Settings' is clicked on

2021-05-29 17:04:04 - [MESSAGE][PASSED] - Object: 'Object Repository/IFObject/Page_TEST CHANNEL - TEAM NAME Mattermost/button_Account Settings' is clicked on

2021-05-29 17:04:04 - [TEST_STEP][PASSED] - lang = language: null

2021-05-29 17:04:04 - [TEST_STEP][PASSED] - click(findTestObject("Object Repository/SwitchCase/Change language/button_Display")): Object: 'Object Repository/SwitchCase/Change language/button_Display' is clicked on

2021-05-29 17:04:04 - [MESSAGE][PASSED] - Object: 'Object Repository/SwitchCase/Change language/button_Display' is clicked on

2021-05-29 17:04:04 - [TEST_STEP][PASSED] - click(findTestObject("Object Repository/SwitchCase/Change language/button_EditLanguage")): Object: 'Object Repository/SwitchCase/Change language/button_EditLanguage' is clicked on

2021-05-29 17:04:05 - [MESSAGE][PASSED] - Object: 'Object Repository/SwitchCase/Change language/button_EditLanguage' is clicked on

2021-05-29 17:04:05 - [TEST_STEP][PASSED] - click(findTestObject("Object Repository/SwitchCase/Change language/div_English")): Object: 'Object Repository/SwitchCase/Change language/div_English' is clicked on

2021-05-29 17:04:05 - [MESSAGE][PASSED] - Object: 'Object Repository/SwitchCase/Change language/div_English' is clicked on

2021-05-29 17:04:05 - [TEST_STEP][PASSED] - switch (lang): Object: 'Object Repository/SwitchCase/Page_span_Town Square - TEAM NAME Mattermost/div_English' is clicked on

2021-05-29 17:04:05 - [TEST_STEP][PASSED] - Default: Object: 'Object Repository/SwitchCase/Page_span_Town Square - TEAM NAME Mattermost/div_English' is clicked on

2021-05-29 17:04:05 - [TEST_STEP][PASSED] - click(findTestObject("Object Repository/SwitchCase/Page_span_Town Square - TEAM NAME Mattermost/div_English")): Object: 'Object Repository/SwitchCase/Page_span_Town Square - TEAM NAME Mattermost/div_English' is clicked on

2021-05-29 17:04:06 - [MESSAGE][PASSED] - Object: 'Object Repository/SwitchCase/Page_span_Town Square - TEAM NAME Mattermost/div_English' is clicked on

2021-05-29 17:04:06 - [TEST_STEP][PASSED] - click(findTestObject("Object Repository/SwitchCase/Change language/button_Save")): Object: 'Object Repository/SwitchCase/Change language/button_Save' is clicked on

2021-05-29 17:04:07 - [MESSAGE][PASSED] - Object: 'Object Repository/SwitchCase/Change language/button_Save' is clicked on

2021-05-29 17:04:07 - [MESSAGE][PASSED] - Call Test Case 'Test Cases/SwitchCaseTest/ChangeLanguge' successfully]]></system-out>
         <system-err><![CDATA[]]></system-err>
      </testcase>
      <testcase name="Test Cases/SwitchCaseTest/ChangeNotificationEmail" time="11.501" classname="Test Cases/SwitchCaseTest/ChangeNotificationEmail" status="PASSED">
         <system-out><![CDATA[2021-05-29 17:04:07 - [TEST_CASE][PASSED] - Test Cases/SwitchCaseTest/ChangeNotificationEmail: Test Cases/SwitchCaseTest/ChangeNotificationEmail

2021-05-29 17:04:07 - [TEST_STEP][PASSED] - openBrowser(""): Browser is opened with url: ''

2021-05-29 17:04:07 - [MESSAGE][WARNING] - A browser is already opened. Closing browser and opening a new one

2021-05-29 17:04:08 - [MESSAGE][INFO] - Starting 'Chrome' driver

2021-05-29 17:04:08 - [MESSAGE][INFO] - Action delay is set to 0 milliseconds

2021-05-29 17:04:09 - [MESSAGE][PASSED] - Browser is opened with url: ''

2021-05-29 17:04:09 - [TEST_STEP][PASSED] - callTestCase(findTestCase("Test Cases/Common Test Cases/Login"), ["username":username, "password":password], STOP_ON_FAILURE): Call Test Case 'Test Cases/Common Test Cases/Login' successfully

2021-05-29 17:04:09 - [TEST_CASE][PASSED] - Test Cases/Common Test Cases/Login: Test Cases/Common Test Cases/Login

2021-05-29 17:04:09 - [TEST_STEP][PASSED] - openBrowser(""): Browser is opened with url: ''

2021-05-29 17:04:09 - [MESSAGE][WARNING] - A browser is already opened. Closing browser and opening a new one

2021-05-29 17:04:10 - [MESSAGE][INFO] - Starting 'Chrome' driver

2021-05-29 17:04:10 - [MESSAGE][INFO] - Action delay is set to 0 milliseconds

2021-05-29 17:04:11 - [MESSAGE][PASSED] - Browser is opened with url: ''

2021-05-29 17:04:11 - [TEST_STEP][PASSED] - navigateToUrl("https://chudenangcao2021.cf/"): Navigate to 'https://chudenangcao2021.cf/' successfully

2021-05-29 17:04:11 - [MESSAGE][PASSED] - Navigate to 'https://chudenangcao2021.cf/' successfully

2021-05-29 17:04:11 - [TEST_STEP][PASSED] - setText(findTestObject("Object Repository/Page_Mattermost/input_All team communication in one place, _dcc84b"), Username): Text 'Minhvu12918' is set on object 'Object Repository/Page_Mattermost/input_All team communication in one place, _dcc84b'

2021-05-29 17:04:13 - [MESSAGE][PASSED] - Text 'Minhvu12918' is set on object 'Object Repository/Page_Mattermost/input_All team communication in one place, _dcc84b'

2021-05-29 17:04:13 - [TEST_STEP][PASSED] - setText(findTestObject("Object Repository/Page_Mattermost/input_All team communication in one place, _a3edc6"), Password): Text 'Minhvuabc2@' is set on object 'Object Repository/Page_Mattermost/input_All team communication in one place, _a3edc6'

2021-05-29 17:04:13 - [MESSAGE][PASSED] - Text 'Minhvuabc2@' is set on object 'Object Repository/Page_Mattermost/input_All team communication in one place, _a3edc6'

2021-05-29 17:04:13 - [TEST_STEP][PASSED] - click(findTestObject("Object Repository/Page_Mattermost/button_Sign in")): Object: 'Object Repository/Page_Mattermost/button_Sign in' is clicked on

2021-05-29 17:04:14 - [MESSAGE][PASSED] - Object: 'Object Repository/Page_Mattermost/button_Sign in' is clicked on

2021-05-29 17:04:14 - [TEST_STEP][PASSED] - verifyLinksAccessible(["https://chudenangcao2021.cf/cdnc-cnpm-2021/channels"]): All links are accessible

2021-05-29 17:04:14 - [MESSAGE][INFO] - HAR: C:\Users\nttuan\Downloads\CDNC\mattermost-testing\Reports\20210529_170053\Run all test cases\20210529_170053\requests\main\23.har

2021-05-29 17:04:14 - [MESSAGE][PASSED] - Send request successfully

2021-05-29 17:04:14 - [MESSAGE][PASSED] - All links are accessible

2021-05-29 17:04:14 - [MESSAGE][PASSED] - Call Test Case 'Test Cases/Common Test Cases/Login' successfully

2021-05-29 17:04:14 - [TEST_STEP][PASSED] - click(findTestObject("Object Repository/SwitchCase/NotifyEmail/Page_span_Town Square - TEAM NAME Mattermost/span")): Object: 'Object Repository/SwitchCase/NotifyEmail/Page_span_Town Square - TEAM NAME Mattermost/span' is clicked on

2021-05-29 17:04:16 - [MESSAGE][PASSED] - Object: 'Object Repository/SwitchCase/NotifyEmail/Page_span_Town Square - TEAM NAME Mattermost/span' is clicked on

2021-05-29 17:04:16 - [TEST_STEP][PASSED] - click(findTestObject("Object Repository/SwitchCase/NotifyEmail/Page_span_Town Square - TEAM NAME Mattermost/button_Account Settings")): Object: 'Object Repository/SwitchCase/NotifyEmail/Page_span_Town Square - TEAM NAME Mattermost/button_Account Settings' is clicked on

2021-05-29 17:04:16 - [MESSAGE][PASSED] - Object: 'Object Repository/SwitchCase/NotifyEmail/Page_span_Town Square - TEAM NAME Mattermost/button_Account Settings' is clicked on

2021-05-29 17:04:16 - [TEST_STEP][PASSED] - click(findTestObject("Object Repository/SwitchCase/NotifyEmail/Page_span_Town Square - TEAM NAME Mattermost/button_Notifications")): Object: 'Object Repository/SwitchCase/NotifyEmail/Page_span_Town Square - TEAM NAME Mattermost/button_Notifications' is clicked on

2021-05-29 17:04:17 - [MESSAGE][PASSED] - Object: 'Object Repository/SwitchCase/NotifyEmail/Page_span_Town Square - TEAM NAME Mattermost/button_Notifications' is clicked on

2021-05-29 17:04:17 - [TEST_STEP][PASSED] - click(findTestObject("Object Repository/SwitchCase/NotifyEmail/Page_span_Town Square - TEAM NAME Mattermost/div_Email NotificationsEditImmediately")): Object: 'Object Repository/SwitchCase/NotifyEmail/Page_span_Town Square - TEAM NAME Mattermost/div_Email NotificationsEditImmediately' is clicked on

2021-05-29 17:04:17 - [MESSAGE][PASSED] - Object: 'Object Repository/SwitchCase/NotifyEmail/Page_span_Town Square - TEAM NAME Mattermost/div_Email NotificationsEditImmediately' is clicked on

2021-05-29 17:04:17 - [TEST_STEP][PASSED] - notify = notify: null

2021-05-29 17:04:17 - [TEST_STEP][PASSED] - switch (notify): null

2021-05-29 17:04:17 - [TEST_STEP][PASSED] - case "no":: null

2021-05-29 17:04:17 - [TEST_STEP][PASSED] - click(findTestObject("Object Repository/SwitchCase/NotifyEmail/Page_span_Town Square - TEAM NAME Mattermost/label_Never")): Object: 'Object Repository/SwitchCase/NotifyEmail/Page_span_Town Square - TEAM NAME Mattermost/label_Never' is clicked on

2021-05-29 17:04:18 - [MESSAGE][PASSED] - Object: 'Object Repository/SwitchCase/NotifyEmail/Page_span_Town Square - TEAM NAME Mattermost/label_Never' is clicked on

2021-05-29 17:04:18 - [TEST_STEP][PASSED] - break: null

2021-05-29 17:04:18 - [TEST_STEP][PASSED] - click(findTestObject("Object Repository/SwitchCase/NotifyEmail/Page_span_Town Square - TEAM NAME Mattermost/span_Save")): Object: 'Object Repository/SwitchCase/NotifyEmail/Page_span_Town Square - TEAM NAME Mattermost/span_Save' is clicked on

2021-05-29 17:04:18 - [MESSAGE][PASSED] - Object: 'Object Repository/SwitchCase/NotifyEmail/Page_span_Town Square - TEAM NAME Mattermost/span_Save' is clicked on]]></system-out>
         <system-err><![CDATA[]]></system-err>
      </testcase>
      <testcase name="Test Cases/SwitchCaseTest/CallChangeDefaultNotificationEmail" time="11.6" classname="Test Cases/SwitchCaseTest/CallChangeDefaultNotificationEmail" status="PASSED">
         <system-out><![CDATA[2021-05-29 17:04:18 - [TEST_CASE][PASSED] - Test Cases/SwitchCaseTest/CallChangeDefaultNotificationEmail: Test Cases/SwitchCaseTest/CallChangeDefaultNotificationEmail

2021-05-29 17:04:18 - [TEST_STEP][PASSED] - callTestCase(findTestCase("SwitchCaseTest/ChangeNotificationEmail"), ["username":"cxtuan", "password":"01672471821nT@", "notify":"yes"], STOP_ON_FAILURE): Call Test Case 'Test Cases/SwitchCaseTest/ChangeNotificationEmail' successfully

2021-05-29 17:04:18 - [TEST_CASE][PASSED] - Test Cases/SwitchCaseTest/ChangeNotificationEmail: Test Cases/SwitchCaseTest/ChangeNotificationEmail

2021-05-29 17:04:18 - [TEST_STEP][PASSED] - openBrowser(""): Browser is opened with url: ''

2021-05-29 17:04:18 - [MESSAGE][WARNING] - A browser is already opened. Closing browser and opening a new one

2021-05-29 17:04:19 - [MESSAGE][INFO] - Starting 'Chrome' driver

2021-05-29 17:04:19 - [MESSAGE][INFO] - Action delay is set to 0 milliseconds

2021-05-29 17:04:20 - [MESSAGE][PASSED] - Browser is opened with url: ''

2021-05-29 17:04:20 - [TEST_STEP][PASSED] - callTestCase(findTestCase("Test Cases/Common Test Cases/Login"), ["username":username, "password":password], STOP_ON_FAILURE): Call Test Case 'Test Cases/Common Test Cases/Login' successfully

2021-05-29 17:04:20 - [TEST_CASE][PASSED] - Test Cases/Common Test Cases/Login: Test Cases/Common Test Cases/Login

2021-05-29 17:04:20 - [TEST_STEP][PASSED] - openBrowser(""): Browser is opened with url: ''

2021-05-29 17:04:20 - [MESSAGE][WARNING] - A browser is already opened. Closing browser and opening a new one

2021-05-29 17:04:21 - [MESSAGE][INFO] - Starting 'Chrome' driver

2021-05-29 17:04:21 - [MESSAGE][INFO] - Action delay is set to 0 milliseconds

2021-05-29 17:04:22 - [MESSAGE][PASSED] - Browser is opened with url: ''

2021-05-29 17:04:22 - [TEST_STEP][PASSED] - navigateToUrl("https://chudenangcao2021.cf/"): Navigate to 'https://chudenangcao2021.cf/' successfully

2021-05-29 17:04:23 - [MESSAGE][PASSED] - Navigate to 'https://chudenangcao2021.cf/' successfully

2021-05-29 17:04:23 - [TEST_STEP][PASSED] - setText(findTestObject("Object Repository/Page_Mattermost/input_All team communication in one place, _dcc84b"), Username): Text 'Minhvu12918' is set on object 'Object Repository/Page_Mattermost/input_All team communication in one place, _dcc84b'

2021-05-29 17:04:24 - [MESSAGE][PASSED] - Text 'Minhvu12918' is set on object 'Object Repository/Page_Mattermost/input_All team communication in one place, _dcc84b'

2021-05-29 17:04:24 - [TEST_STEP][PASSED] - setText(findTestObject("Object Repository/Page_Mattermost/input_All team communication in one place, _a3edc6"), Password): Text 'Minhvuabc2@' is set on object 'Object Repository/Page_Mattermost/input_All team communication in one place, _a3edc6'

2021-05-29 17:04:25 - [MESSAGE][PASSED] - Text 'Minhvuabc2@' is set on object 'Object Repository/Page_Mattermost/input_All team communication in one place, _a3edc6'

2021-05-29 17:04:25 - [TEST_STEP][PASSED] - click(findTestObject("Object Repository/Page_Mattermost/button_Sign in")): Object: 'Object Repository/Page_Mattermost/button_Sign in' is clicked on

2021-05-29 17:04:26 - [MESSAGE][PASSED] - Object: 'Object Repository/Page_Mattermost/button_Sign in' is clicked on

2021-05-29 17:04:26 - [TEST_STEP][PASSED] - verifyLinksAccessible(["https://chudenangcao2021.cf/cdnc-cnpm-2021/channels"]): All links are accessible

2021-05-29 17:04:26 - [MESSAGE][INFO] - HAR: C:\Users\nttuan\Downloads\CDNC\mattermost-testing\Reports\20210529_170053\Run all test cases\20210529_170053\requests\main\24.har

2021-05-29 17:04:26 - [MESSAGE][PASSED] - Send request successfully

2021-05-29 17:04:26 - [MESSAGE][PASSED] - All links are accessible

2021-05-29 17:04:26 - [MESSAGE][PASSED] - Call Test Case 'Test Cases/Common Test Cases/Login' successfully

2021-05-29 17:04:26 - [TEST_STEP][PASSED] - click(findTestObject("Object Repository/SwitchCase/NotifyEmail/Page_span_Town Square - TEAM NAME Mattermost/span")): Object: 'Object Repository/SwitchCase/NotifyEmail/Page_span_Town Square - TEAM NAME Mattermost/span' is clicked on

2021-05-29 17:04:27 - [MESSAGE][PASSED] - Object: 'Object Repository/SwitchCase/NotifyEmail/Page_span_Town Square - TEAM NAME Mattermost/span' is clicked on

2021-05-29 17:04:27 - [TEST_STEP][PASSED] - click(findTestObject("Object Repository/SwitchCase/NotifyEmail/Page_span_Town Square - TEAM NAME Mattermost/button_Account Settings")): Object: 'Object Repository/SwitchCase/NotifyEmail/Page_span_Town Square - TEAM NAME Mattermost/button_Account Settings' is clicked on

2021-05-29 17:04:28 - [MESSAGE][PASSED] - Object: 'Object Repository/SwitchCase/NotifyEmail/Page_span_Town Square - TEAM NAME Mattermost/button_Account Settings' is clicked on

2021-05-29 17:04:28 - [TEST_STEP][PASSED] - click(findTestObject("Object Repository/SwitchCase/NotifyEmail/Page_span_Town Square - TEAM NAME Mattermost/button_Notifications")): Object: 'Object Repository/SwitchCase/NotifyEmail/Page_span_Town Square - TEAM NAME Mattermost/button_Notifications' is clicked on

2021-05-29 17:04:28 - [MESSAGE][PASSED] - Object: 'Object Repository/SwitchCase/NotifyEmail/Page_span_Town Square - TEAM NAME Mattermost/button_Notifications' is clicked on

2021-05-29 17:04:28 - [TEST_STEP][PASSED] - click(findTestObject("Object Repository/SwitchCase/NotifyEmail/Page_span_Town Square - TEAM NAME Mattermost/div_Email NotificationsEditImmediately")): Object: 'Object Repository/SwitchCase/NotifyEmail/Page_span_Town Square - TEAM NAME Mattermost/div_Email NotificationsEditImmediately' is clicked on

2021-05-29 17:04:29 - [MESSAGE][PASSED] - Object: 'Object Repository/SwitchCase/NotifyEmail/Page_span_Town Square - TEAM NAME Mattermost/div_Email NotificationsEditImmediately' is clicked on

2021-05-29 17:04:29 - [TEST_STEP][PASSED] - notify = notify: null

2021-05-29 17:04:29 - [TEST_STEP][PASSED] - switch (notify): null

2021-05-29 17:04:29 - [TEST_STEP][PASSED] - case "yes":: null

2021-05-29 17:04:29 - [TEST_STEP][PASSED] - click(findTestObject("Object Repository/SwitchCase/NotifyEmail/Page_span_Town Square - TEAM NAME Mattermost/label_Immediately")): Object: 'Object Repository/SwitchCase/NotifyEmail/Page_span_Town Square - TEAM NAME Mattermost/label_Immediately' is clicked on

2021-05-29 17:04:29 - [MESSAGE][PASSED] - Object: 'Object Repository/SwitchCase/NotifyEmail/Page_span_Town Square - TEAM NAME Mattermost/label_Immediately' is clicked on

2021-05-29 17:04:29 - [TEST_STEP][PASSED] - break: null

2021-05-29 17:04:29 - [TEST_STEP][PASSED] - click(findTestObject("Object Repository/SwitchCase/NotifyEmail/Page_span_Town Square - TEAM NAME Mattermost/span_Save")): Object: 'Object Repository/SwitchCase/NotifyEmail/Page_span_Town Square - TEAM NAME Mattermost/span_Save' is clicked on

2021-05-29 17:04:30 - [MESSAGE][PASSED] - Object: 'Object Repository/SwitchCase/NotifyEmail/Page_span_Town Square - TEAM NAME Mattermost/span_Save' is clicked on

2021-05-29 17:04:30 - [MESSAGE][PASSED] - Call Test Case 'Test Cases/SwitchCaseTest/ChangeNotificationEmail' successfully]]></system-out>
         <system-err><![CDATA[]]></system-err>
      </testcase>
      <testcase name="Test Cases/SwitchCaseTest/NumberOfDirectMessages" time="10.989" classname="Test Cases/SwitchCaseTest/NumberOfDirectMessages" status="PASSED">
         <system-out><![CDATA[2021-05-29 17:04:30 - [TEST_CASE][PASSED] - Test Cases/SwitchCaseTest/NumberOfDirectMessages: Test Cases/SwitchCaseTest/NumberOfDirectMessages

2021-05-29 17:04:30 - [TEST_STEP][PASSED] - callTestCase(findTestCase("Common Test Cases/Login"), ["Username":"nttuan", "Password":"12345678zZ@"], STOP_ON_FAILURE): Call Test Case 'Test Cases/Common Test Cases/Login' successfully

2021-05-29 17:04:30 - [TEST_CASE][PASSED] - Test Cases/Common Test Cases/Login: Test Cases/Common Test Cases/Login

2021-05-29 17:04:30 - [TEST_STEP][PASSED] - openBrowser(""): Browser is opened with url: ''

2021-05-29 17:04:30 - [MESSAGE][WARNING] - A browser is already opened. Closing browser and opening a new one

2021-05-29 17:04:31 - [MESSAGE][INFO] - Starting 'Chrome' driver

2021-05-29 17:04:31 - [MESSAGE][INFO] - Action delay is set to 0 milliseconds

2021-05-29 17:04:32 - [MESSAGE][PASSED] - Browser is opened with url: ''

2021-05-29 17:04:32 - [TEST_STEP][PASSED] - navigateToUrl("https://chudenangcao2021.cf/"): Navigate to 'https://chudenangcao2021.cf/' successfully

2021-05-29 17:04:32 - [MESSAGE][PASSED] - Navigate to 'https://chudenangcao2021.cf/' successfully

2021-05-29 17:04:32 - [TEST_STEP][PASSED] - setText(findTestObject("Object Repository/Page_Mattermost/input_All team communication in one place, _dcc84b"), Username): Text 'nttuan' is set on object 'Object Repository/Page_Mattermost/input_All team communication in one place, _dcc84b'

2021-05-29 17:04:34 - [MESSAGE][PASSED] - Text 'nttuan' is set on object 'Object Repository/Page_Mattermost/input_All team communication in one place, _dcc84b'

2021-05-29 17:04:34 - [TEST_STEP][PASSED] - setText(findTestObject("Object Repository/Page_Mattermost/input_All team communication in one place, _a3edc6"), Password): Text '12345678zZ@' is set on object 'Object Repository/Page_Mattermost/input_All team communication in one place, _a3edc6'

2021-05-29 17:04:35 - [MESSAGE][PASSED] - Text '12345678zZ@' is set on object 'Object Repository/Page_Mattermost/input_All team communication in one place, _a3edc6'

2021-05-29 17:04:35 - [TEST_STEP][PASSED] - click(findTestObject("Object Repository/Page_Mattermost/button_Sign in")): Object: 'Object Repository/Page_Mattermost/button_Sign in' is clicked on

2021-05-29 17:04:35 - [MESSAGE][PASSED] - Object: 'Object Repository/Page_Mattermost/button_Sign in' is clicked on

2021-05-29 17:04:35 - [TEST_STEP][PASSED] - verifyLinksAccessible(["https://chudenangcao2021.cf/cdnc-cnpm-2021/channels"]): All links are accessible

2021-05-29 17:04:35 - [MESSAGE][INFO] - HAR: C:\Users\nttuan\Downloads\CDNC\mattermost-testing\Reports\20210529_170053\Run all test cases\20210529_170053\requests\main\25.har

2021-05-29 17:04:35 - [MESSAGE][PASSED] - Send request successfully

2021-05-29 17:04:35 - [MESSAGE][PASSED] - All links are accessible

2021-05-29 17:04:35 - [MESSAGE][PASSED] - Call Test Case 'Test Cases/Common Test Cases/Login' successfully

2021-05-29 17:04:35 - [TEST_STEP][PASSED] - click(findTestObject("Object Repository/SwitchCase/NumberOfDirectMessages/Page_span_Town Square - TEAM NAME Mattermost/button_nttuan_style--none sidebar-header-dr_897f13")): Object: 'Object Repository/SwitchCase/NumberOfDirectMessages/Page_span_Town Square - TEAM NAME Mattermost/button_nttuan_style--none sidebar-header-dr_897f13' is clicked on

2021-05-29 17:04:37 - [MESSAGE][PASSED] - Object: 'Object Repository/SwitchCase/NumberOfDirectMessages/Page_span_Town Square - TEAM NAME Mattermost/button_nttuan_style--none sidebar-header-dr_897f13' is clicked on

2021-05-29 17:04:37 - [TEST_STEP][PASSED] - click(findTestObject("Object Repository/SwitchCase/NumberOfDirectMessages/Page_span_Town Square - TEAM NAME Mattermost/span_Account Settings")): Object: 'Object Repository/SwitchCase/NumberOfDirectMessages/Page_span_Town Square - TEAM NAME Mattermost/span_Account Settings' is clicked on

2021-05-29 17:04:37 - [MESSAGE][PASSED] - Object: 'Object Repository/SwitchCase/NumberOfDirectMessages/Page_span_Town Square - TEAM NAME Mattermost/span_Account Settings' is clicked on

2021-05-29 17:04:37 - [TEST_STEP][PASSED] - click(findTestObject("Object Repository/SwitchCase/NumberOfDirectMessages/Page_span_Town Square - TEAM NAME Mattermost/button_Sidebar")): Object: 'Object Repository/SwitchCase/NumberOfDirectMessages/Page_span_Town Square - TEAM NAME Mattermost/button_Sidebar' is clicked on

2021-05-29 17:04:38 - [MESSAGE][PASSED] - Object: 'Object Repository/SwitchCase/NumberOfDirectMessages/Page_span_Town Square - TEAM NAME Mattermost/button_Sidebar' is clicked on

2021-05-29 17:04:38 - [TEST_STEP][PASSED] - click(findTestObject("Object Repository/SwitchCase/NumberOfDirectMessages/Page_span_Town Square - TEAM NAME Mattermost/span_Edit")): Object: 'Object Repository/SwitchCase/NumberOfDirectMessages/Page_span_Town Square - TEAM NAME Mattermost/span_Edit' is clicked on

2021-05-29 17:04:38 - [MESSAGE][PASSED] - Object: 'Object Repository/SwitchCase/NumberOfDirectMessages/Page_span_Town Square - TEAM NAME Mattermost/span_Edit' is clicked on

2021-05-29 17:04:38 - [TEST_STEP][PASSED] - click(findTestObject("SwitchCase/NumberOfDirectMessages/Page_span_Town Square - TEAM NAME Mattermost/div_All Direct Messages_css-1thkkgx")): Object: 'Object Repository/SwitchCase/NumberOfDirectMessages/Page_span_Town Square - TEAM NAME Mattermost/div_All Direct Messages_css-1thkkgx' is clicked on

2021-05-29 17:04:39 - [MESSAGE][PASSED] - Object: 'Object Repository/SwitchCase/NumberOfDirectMessages/Page_span_Town Square - TEAM NAME Mattermost/div_All Direct Messages_css-1thkkgx' is clicked on

2021-05-29 17:04:39 - [TEST_STEP][PASSED] - switch (nMessage): null

2021-05-29 17:04:39 - [TEST_STEP][PASSED] - case 40:: null

2021-05-29 17:04:39 - [TEST_STEP][PASSED] - click(findTestObject("Object Repository/SwitchCase/NumberOfDirectMessages/Page_span_Town Square - TEAM NAME Mattermost/div_20")): Object: 'Object Repository/SwitchCase/NumberOfDirectMessages/Page_span_Town Square - TEAM NAME Mattermost/div_20' is clicked on

2021-05-29 17:04:39 - [MESSAGE][PASSED] - Object: 'Object Repository/SwitchCase/NumberOfDirectMessages/Page_span_Town Square - TEAM NAME Mattermost/div_20' is clicked on

2021-05-29 17:04:39 - [TEST_STEP][PASSED] - break: null

2021-05-29 17:04:39 - [TEST_STEP][PASSED] - click(findTestObject("Object Repository/SwitchCase/NumberOfDirectMessages/Page_span_Town Square - TEAM NAME Mattermost/button_Save")): Object: 'Object Repository/SwitchCase/NumberOfDirectMessages/Page_span_Town Square - TEAM NAME Mattermost/button_Save' is clicked on

2021-05-29 17:04:40 - [MESSAGE][PASSED] - Object: 'Object Repository/SwitchCase/NumberOfDirectMessages/Page_span_Town Square - TEAM NAME Mattermost/button_Save' is clicked on

2021-05-29 17:04:40 - [TEST_STEP][PASSED] - closeBrowser(): Browser is closed

2021-05-29 17:04:41 - [MESSAGE][PASSED] - Browser is closed]]></system-out>
         <system-err><![CDATA[]]></system-err>
      </testcase>
      <testcase name="Test Cases/SwitchCaseTest/CallChangeDefaultNumberOfDirectMessage" time="14.346" classname="Test Cases/SwitchCaseTest/CallChangeDefaultNumberOfDirectMessage" status="PASSED">
         <system-out><![CDATA[2021-05-29 17:04:41 - [TEST_CASE][PASSED] - Test Cases/SwitchCaseTest/CallChangeDefaultNumberOfDirectMessage: Test Cases/SwitchCaseTest/CallChangeDefaultNumberOfDirectMessage

2021-05-29 17:04:41 - [TEST_STEP][PASSED] - callTestCase(findTestCase("SwitchCaseTest/NumberOfDirectMessages"), ["nMessage":1000], STOP_ON_FAILURE): Call Test Case 'Test Cases/SwitchCaseTest/NumberOfDirectMessages' successfully

2021-05-29 17:04:41 - [TEST_CASE][PASSED] - Test Cases/SwitchCaseTest/NumberOfDirectMessages: Test Cases/SwitchCaseTest/NumberOfDirectMessages

2021-05-29 17:04:41 - [TEST_STEP][PASSED] - callTestCase(findTestCase("Common Test Cases/Login"), ["Username":"nttuan", "Password":"12345678zZ@"], STOP_ON_FAILURE): Call Test Case 'Test Cases/Common Test Cases/Login' successfully

2021-05-29 17:04:41 - [TEST_CASE][PASSED] - Test Cases/Common Test Cases/Login: Test Cases/Common Test Cases/Login

2021-05-29 17:04:41 - [TEST_STEP][PASSED] - openBrowser(""): Browser is opened with url: ''

2021-05-29 17:04:41 - [MESSAGE][INFO] - Starting 'Chrome' driver

2021-05-29 17:04:41 - [MESSAGE][INFO] - Action delay is set to 0 milliseconds

2021-05-29 17:04:42 - [MESSAGE][PASSED] - Browser is opened with url: ''

2021-05-29 17:04:42 - [TEST_STEP][PASSED] - navigateToUrl("https://chudenangcao2021.cf/"): Navigate to 'https://chudenangcao2021.cf/' successfully

2021-05-29 17:04:43 - [MESSAGE][PASSED] - Navigate to 'https://chudenangcao2021.cf/' successfully

2021-05-29 17:04:43 - [TEST_STEP][PASSED] - setText(findTestObject("Object Repository/Page_Mattermost/input_All team communication in one place, _dcc84b"), Username): Text 'nttuan' is set on object 'Object Repository/Page_Mattermost/input_All team communication in one place, _dcc84b'

2021-05-29 17:04:44 - [MESSAGE][PASSED] - Text 'nttuan' is set on object 'Object Repository/Page_Mattermost/input_All team communication in one place, _dcc84b'

2021-05-29 17:04:44 - [TEST_STEP][PASSED] - setText(findTestObject("Object Repository/Page_Mattermost/input_All team communication in one place, _a3edc6"), Password): Text '12345678zZ@' is set on object 'Object Repository/Page_Mattermost/input_All team communication in one place, _a3edc6'

2021-05-29 17:04:45 - [MESSAGE][PASSED] - Text '12345678zZ@' is set on object 'Object Repository/Page_Mattermost/input_All team communication in one place, _a3edc6'

2021-05-29 17:04:45 - [TEST_STEP][PASSED] - click(findTestObject("Object Repository/Page_Mattermost/button_Sign in")): Object: 'Object Repository/Page_Mattermost/button_Sign in' is clicked on

2021-05-29 17:04:46 - [MESSAGE][PASSED] - Object: 'Object Repository/Page_Mattermost/button_Sign in' is clicked on

2021-05-29 17:04:46 - [TEST_STEP][PASSED] - verifyLinksAccessible(["https://chudenangcao2021.cf/cdnc-cnpm-2021/channels"]): All links are accessible

2021-05-29 17:04:46 - [MESSAGE][INFO] - HAR: C:\Users\nttuan\Downloads\CDNC\mattermost-testing\Reports\20210529_170053\Run all test cases\20210529_170053\requests\main\26.har

2021-05-29 17:04:46 - [MESSAGE][PASSED] - Send request successfully

2021-05-29 17:04:46 - [MESSAGE][PASSED] - All links are accessible

2021-05-29 17:04:46 - [MESSAGE][PASSED] - Call Test Case 'Test Cases/Common Test Cases/Login' successfully

2021-05-29 17:04:46 - [TEST_STEP][PASSED] - click(findTestObject("Object Repository/SwitchCase/NumberOfDirectMessages/Page_span_Town Square - TEAM NAME Mattermost/button_nttuan_style--none sidebar-header-dr_897f13")): Object: 'Object Repository/SwitchCase/NumberOfDirectMessages/Page_span_Town Square - TEAM NAME Mattermost/button_nttuan_style--none sidebar-header-dr_897f13' is clicked on

2021-05-29 17:04:47 - [MESSAGE][PASSED] - Object: 'Object Repository/SwitchCase/NumberOfDirectMessages/Page_span_Town Square - TEAM NAME Mattermost/button_nttuan_style--none sidebar-header-dr_897f13' is clicked on

2021-05-29 17:04:47 - [TEST_STEP][PASSED] - click(findTestObject("Object Repository/SwitchCase/NumberOfDirectMessages/Page_span_Town Square - TEAM NAME Mattermost/span_Account Settings")): Object: 'Object Repository/SwitchCase/NumberOfDirectMessages/Page_span_Town Square - TEAM NAME Mattermost/span_Account Settings' is clicked on

2021-05-29 17:04:48 - [MESSAGE][PASSED] - Object: 'Object Repository/SwitchCase/NumberOfDirectMessages/Page_span_Town Square - TEAM NAME Mattermost/span_Account Settings' is clicked on

2021-05-29 17:04:48 - [TEST_STEP][PASSED] - click(findTestObject("Object Repository/SwitchCase/NumberOfDirectMessages/Page_span_Town Square - TEAM NAME Mattermost/button_Sidebar")): Object: 'Object Repository/SwitchCase/NumberOfDirectMessages/Page_span_Town Square - TEAM NAME Mattermost/button_Sidebar' is clicked on

2021-05-29 17:04:48 - [MESSAGE][PASSED] - Object: 'Object Repository/SwitchCase/NumberOfDirectMessages/Page_span_Town Square - TEAM NAME Mattermost/button_Sidebar' is clicked on

2021-05-29 17:04:48 - [TEST_STEP][PASSED] - click(findTestObject("Object Repository/SwitchCase/NumberOfDirectMessages/Page_span_Town Square - TEAM NAME Mattermost/span_Edit")): Object: 'Object Repository/SwitchCase/NumberOfDirectMessages/Page_span_Town Square - TEAM NAME Mattermost/span_Edit' is clicked on

2021-05-29 17:04:49 - [MESSAGE][PASSED] - Object: 'Object Repository/SwitchCase/NumberOfDirectMessages/Page_span_Town Square - TEAM NAME Mattermost/span_Edit' is clicked on

2021-05-29 17:04:49 - [TEST_STEP][PASSED] - click(findTestObject("SwitchCase/NumberOfDirectMessages/Page_span_Town Square - TEAM NAME Mattermost/div_All Direct Messages_css-1thkkgx")): Object: 'Object Repository/SwitchCase/NumberOfDirectMessages/Page_span_Town Square - TEAM NAME Mattermost/div_All Direct Messages_css-1thkkgx' is clicked on

2021-05-29 17:04:50 - [MESSAGE][PASSED] - Object: 'Object Repository/SwitchCase/NumberOfDirectMessages/Page_span_Town Square - TEAM NAME Mattermost/div_All Direct Messages_css-1thkkgx' is clicked on

2021-05-29 17:04:50 - [TEST_STEP][PASSED] - switch (nMessage): Object: 'Object Repository/SwitchCase/NumberOfDirectMessages/Page_span_Town Square - TEAM NAME Mattermost/div_All Direct Messages' is clicked on

2021-05-29 17:04:50 - [TEST_STEP][PASSED] - Default: Object: 'Object Repository/SwitchCase/NumberOfDirectMessages/Page_span_Town Square - TEAM NAME Mattermost/div_All Direct Messages' is clicked on

2021-05-29 17:04:50 - [TEST_STEP][PASSED] - click(findTestObject("Object Repository/SwitchCase/NumberOfDirectMessages/Page_span_Town Square - TEAM NAME Mattermost/div_All Direct Messages")): Object: 'Object Repository/SwitchCase/NumberOfDirectMessages/Page_span_Town Square - TEAM NAME Mattermost/div_All Direct Messages' is clicked on

2021-05-29 17:04:52 - [MESSAGE][PASSED] - Object: 'Object Repository/SwitchCase/NumberOfDirectMessages/Page_span_Town Square - TEAM NAME Mattermost/div_All Direct Messages' is clicked on

2021-05-29 17:04:52 - [TEST_STEP][PASSED] - click(findTestObject("Object Repository/SwitchCase/NumberOfDirectMessages/Page_span_Town Square - TEAM NAME Mattermost/button_Save")): Object: 'Object Repository/SwitchCase/NumberOfDirectMessages/Page_span_Town Square - TEAM NAME Mattermost/button_Save' is clicked on

2021-05-29 17:04:54 - [MESSAGE][PASSED] - Object: 'Object Repository/SwitchCase/NumberOfDirectMessages/Page_span_Town Square - TEAM NAME Mattermost/button_Save' is clicked on

2021-05-29 17:04:54 - [TEST_STEP][PASSED] - closeBrowser(): Browser is closed

2021-05-29 17:04:55 - [MESSAGE][PASSED] - Browser is closed

2021-05-29 17:04:55 - [MESSAGE][PASSED] - Call Test Case 'Test Cases/SwitchCaseTest/NumberOfDirectMessages' successfully]]></system-out>
         <system-err><![CDATA[]]></system-err>
      </testcase>
      <testcase name="Test Cases/SwitchCaseTest/ReplyNotification" time="24.07" classname="Test Cases/SwitchCaseTest/ReplyNotification" status="PASSED">
         <system-out><![CDATA[2021-05-29 17:04:55 - [TEST_CASE][PASSED] - Test Cases/SwitchCaseTest/ReplyNotification: Test Cases/SwitchCaseTest/ReplyNotification

2021-05-29 17:04:55 - [TEST_STEP][PASSED] - callTestCase(findTestCase("Common Test Cases/Login"), ["Username":"nttuan", "Password":"12345678zZ@"], STOP_ON_FAILURE): Call Test Case 'Test Cases/Common Test Cases/Login' successfully

2021-05-29 17:04:55 - [TEST_CASE][PASSED] - Test Cases/Common Test Cases/Login: Test Cases/Common Test Cases/Login

2021-05-29 17:04:55 - [TEST_STEP][PASSED] - openBrowser(""): Browser is opened with url: ''

2021-05-29 17:04:55 - [MESSAGE][INFO] - Starting 'Chrome' driver

2021-05-29 17:04:55 - [MESSAGE][INFO] - Action delay is set to 0 milliseconds

2021-05-29 17:04:57 - [MESSAGE][PASSED] - Browser is opened with url: ''

2021-05-29 17:04:57 - [TEST_STEP][PASSED] - navigateToUrl("https://chudenangcao2021.cf/"): Navigate to 'https://chudenangcao2021.cf/' successfully

2021-05-29 17:04:57 - [MESSAGE][PASSED] - Navigate to 'https://chudenangcao2021.cf/' successfully

2021-05-29 17:04:57 - [TEST_STEP][PASSED] - setText(findTestObject("Object Repository/Page_Mattermost/input_All team communication in one place, _dcc84b"), Username): Text 'nttuan' is set on object 'Object Repository/Page_Mattermost/input_All team communication in one place, _dcc84b'

2021-05-29 17:05:00 - [MESSAGE][PASSED] - Text 'nttuan' is set on object 'Object Repository/Page_Mattermost/input_All team communication in one place, _dcc84b'

2021-05-29 17:05:00 - [TEST_STEP][PASSED] - setText(findTestObject("Object Repository/Page_Mattermost/input_All team communication in one place, _a3edc6"), Password): Text '12345678zZ@' is set on object 'Object Repository/Page_Mattermost/input_All team communication in one place, _a3edc6'

2021-05-29 17:05:04 - [MESSAGE][PASSED] - Text '12345678zZ@' is set on object 'Object Repository/Page_Mattermost/input_All team communication in one place, _a3edc6'

2021-05-29 17:05:04 - [TEST_STEP][PASSED] - click(findTestObject("Object Repository/Page_Mattermost/button_Sign in")): Object: 'Object Repository/Page_Mattermost/button_Sign in' is clicked on

2021-05-29 17:05:06 - [MESSAGE][PASSED] - Object: 'Object Repository/Page_Mattermost/button_Sign in' is clicked on

2021-05-29 17:05:06 - [TEST_STEP][PASSED] - verifyLinksAccessible(["https://chudenangcao2021.cf/cdnc-cnpm-2021/channels"]): All links are accessible

2021-05-29 17:05:06 - [MESSAGE][INFO] - HAR: C:\Users\nttuan\Downloads\CDNC\mattermost-testing\Reports\20210529_170053\Run all test cases\20210529_170053\requests\main\27.har

2021-05-29 17:05:06 - [MESSAGE][PASSED] - Send request successfully

2021-05-29 17:05:06 - [MESSAGE][PASSED] - All links are accessible

2021-05-29 17:05:06 - [MESSAGE][PASSED] - Call Test Case 'Test Cases/Common Test Cases/Login' successfully

2021-05-29 17:05:06 - [TEST_STEP][PASSED] - click(findTestObject("Object Repository/SwitchCase/RelyNotification/Page_span_Town Square - TEAM NAME Mattermost/svg")): Object: 'Object Repository/SwitchCase/RelyNotification/Page_span_Town Square - TEAM NAME Mattermost/svg' is clicked on

2021-05-29 17:05:08 - [MESSAGE][PASSED] - Object: 'Object Repository/SwitchCase/RelyNotification/Page_span_Town Square - TEAM NAME Mattermost/svg' is clicked on

2021-05-29 17:05:08 - [TEST_STEP][PASSED] - click(findTestObject("Object Repository/SwitchCase/RelyNotification/Page_span_Town Square - TEAM NAME Mattermost/button_Account Settings")): Object: 'Object Repository/SwitchCase/RelyNotification/Page_span_Town Square - TEAM NAME Mattermost/button_Account Settings' is clicked on

2021-05-29 17:05:10 - [MESSAGE][PASSED] - Object: 'Object Repository/SwitchCase/RelyNotification/Page_span_Town Square - TEAM NAME Mattermost/button_Account Settings' is clicked on

2021-05-29 17:05:10 - [TEST_STEP][PASSED] - click(findTestObject("Object Repository/SwitchCase/RelyNotification/Page_span_Town Square - TEAM NAME Mattermost/button_Notifications")): Object: 'Object Repository/SwitchCase/RelyNotification/Page_span_Town Square - TEAM NAME Mattermost/button_Notifications' is clicked on

2021-05-29 17:05:12 - [MESSAGE][PASSED] - Object: 'Object Repository/SwitchCase/RelyNotification/Page_span_Town Square - TEAM NAME Mattermost/button_Notifications' is clicked on

2021-05-29 17:05:12 - [TEST_STEP][PASSED] - click(findTestObject("Object Repository/SwitchCase/RelyNotification/Page_span_Town Square - TEAM NAME Mattermost/span_Edit")): Object: 'Object Repository/SwitchCase/RelyNotification/Page_span_Town Square - TEAM NAME Mattermost/span_Edit' is clicked on

2021-05-29 17:05:14 - [MESSAGE][PASSED] - Object: 'Object Repository/SwitchCase/RelyNotification/Page_span_Town Square - TEAM NAME Mattermost/span_Edit' is clicked on

2021-05-29 17:05:14 - [TEST_STEP][PASSED] - switch (replyNotificationType): null

2021-05-29 17:05:14 - [TEST_STEP][PASSED] - case "donot":: null

2021-05-29 17:05:14 - [TEST_STEP][PASSED] - click(findTestObject("Object Repository/SwitchCase/RelyNotification/Page_span_Town Square - TEAM NAME Mattermost/label_Do not trigger notifications on messa_d7ce81")): Object: 'Object Repository/SwitchCase/RelyNotification/Page_span_Town Square - TEAM NAME Mattermost/label_Do not trigger notifications on messa_d7ce81' is clicked on

2021-05-29 17:05:16 - [MESSAGE][PASSED] - Object: 'Object Repository/SwitchCase/RelyNotification/Page_span_Town Square - TEAM NAME Mattermost/label_Do not trigger notifications on messa_d7ce81' is clicked on

2021-05-29 17:05:16 - [TEST_STEP][PASSED] - break: null

2021-05-29 17:05:16 - [TEST_STEP][PASSED] - click(findTestObject("Object Repository/SwitchCase/RelyNotification/Page_span_Town Square - TEAM NAME Mattermost/button_Save")): Object: 'Object Repository/SwitchCase/RelyNotification/Page_span_Town Square - TEAM NAME Mattermost/button_Save' is clicked on

2021-05-29 17:05:18 - [MESSAGE][PASSED] - Object: 'Object Repository/SwitchCase/RelyNotification/Page_span_Town Square - TEAM NAME Mattermost/button_Save' is clicked on

2021-05-29 17:05:18 - [TEST_STEP][PASSED] - closeBrowser(): Browser is closed

2021-05-29 17:05:19 - [MESSAGE][PASSED] - Browser is closed]]></system-out>
         <system-err><![CDATA[]]></system-err>
      </testcase>
      <testcase name="Test Cases/SwitchCaseTest/TeammateNameDisplay" time="25.215" classname="Test Cases/SwitchCaseTest/TeammateNameDisplay" status="PASSED">
         <system-out><![CDATA[2021-05-29 17:05:19 - [TEST_CASE][PASSED] - Test Cases/SwitchCaseTest/TeammateNameDisplay: Test Cases/SwitchCaseTest/TeammateNameDisplay

2021-05-29 17:05:19 - [TEST_STEP][PASSED] - openBrowser(""): Browser is opened with url: ''

2021-05-29 17:05:19 - [MESSAGE][INFO] - Starting 'Chrome' driver

2021-05-29 17:05:19 - [MESSAGE][INFO] - Action delay is set to 0 milliseconds

2021-05-29 17:05:21 - [MESSAGE][PASSED] - Browser is opened with url: ''

2021-05-29 17:05:21 - [TEST_STEP][PASSED] - callTestCase(findTestCase("Test Cases/Common Test Cases/Login"), ["username":username, "password":password], STOP_ON_FAILURE): Call Test Case 'Test Cases/Common Test Cases/Login' successfully

2021-05-29 17:05:21 - [TEST_CASE][PASSED] - Test Cases/Common Test Cases/Login: Test Cases/Common Test Cases/Login

2021-05-29 17:05:21 - [TEST_STEP][PASSED] - openBrowser(""): Browser is opened with url: ''

2021-05-29 17:05:21 - [MESSAGE][WARNING] - A browser is already opened. Closing browser and opening a new one

2021-05-29 17:05:21 - [MESSAGE][INFO] - Starting 'Chrome' driver

2021-05-29 17:05:21 - [MESSAGE][INFO] - Action delay is set to 0 milliseconds

2021-05-29 17:05:23 - [MESSAGE][PASSED] - Browser is opened with url: ''

2021-05-29 17:05:23 - [TEST_STEP][PASSED] - navigateToUrl("https://chudenangcao2021.cf/"): Navigate to 'https://chudenangcao2021.cf/' successfully

2021-05-29 17:05:23 - [MESSAGE][PASSED] - Navigate to 'https://chudenangcao2021.cf/' successfully

2021-05-29 17:05:23 - [TEST_STEP][PASSED] - setText(findTestObject("Object Repository/Page_Mattermost/input_All team communication in one place, _dcc84b"), Username): Text 'Minhvu12918' is set on object 'Object Repository/Page_Mattermost/input_All team communication in one place, _dcc84b'

2021-05-29 17:05:26 - [MESSAGE][PASSED] - Text 'Minhvu12918' is set on object 'Object Repository/Page_Mattermost/input_All team communication in one place, _dcc84b'

2021-05-29 17:05:26 - [TEST_STEP][PASSED] - setText(findTestObject("Object Repository/Page_Mattermost/input_All team communication in one place, _a3edc6"), Password): Text 'Minhvuabc2@' is set on object 'Object Repository/Page_Mattermost/input_All team communication in one place, _a3edc6'

2021-05-29 17:05:30 - [MESSAGE][PASSED] - Text 'Minhvuabc2@' is set on object 'Object Repository/Page_Mattermost/input_All team communication in one place, _a3edc6'

2021-05-29 17:05:30 - [TEST_STEP][PASSED] - click(findTestObject("Object Repository/Page_Mattermost/button_Sign in")): Object: 'Object Repository/Page_Mattermost/button_Sign in' is clicked on

2021-05-29 17:05:32 - [MESSAGE][PASSED] - Object: 'Object Repository/Page_Mattermost/button_Sign in' is clicked on

2021-05-29 17:05:32 - [TEST_STEP][PASSED] - verifyLinksAccessible(["https://chudenangcao2021.cf/cdnc-cnpm-2021/channels"]): All links are accessible

2021-05-29 17:05:32 - [MESSAGE][INFO] - HAR: C:\Users\nttuan\Downloads\CDNC\mattermost-testing\Reports\20210529_170053\Run all test cases\20210529_170053\requests\main\28.har

2021-05-29 17:05:32 - [MESSAGE][PASSED] - Send request successfully

2021-05-29 17:05:32 - [MESSAGE][PASSED] - All links are accessible

2021-05-29 17:05:32 - [MESSAGE][PASSED] - Call Test Case 'Test Cases/Common Test Cases/Login' successfully

2021-05-29 17:05:32 - [TEST_STEP][PASSED] - click(findTestObject("Object Repository/SwitchCase/NotifyEmail/Page_span_Town Square - TEAM NAME Mattermost/span")): Object: 'Object Repository/SwitchCase/NotifyEmail/Page_span_Town Square - TEAM NAME Mattermost/span' is clicked on

2021-05-29 17:05:34 - [MESSAGE][PASSED] - Object: 'Object Repository/SwitchCase/NotifyEmail/Page_span_Town Square - TEAM NAME Mattermost/span' is clicked on

2021-05-29 17:05:34 - [TEST_STEP][PASSED] - click(findTestObject("Object Repository/SwitchCase/NotifyEmail/Page_span_Town Square - TEAM NAME Mattermost/button_Account Settings")): Object: 'Object Repository/SwitchCase/NotifyEmail/Page_span_Town Square - TEAM NAME Mattermost/button_Account Settings' is clicked on

2021-05-29 17:05:36 - [MESSAGE][PASSED] - Object: 'Object Repository/SwitchCase/NotifyEmail/Page_span_Town Square - TEAM NAME Mattermost/button_Account Settings' is clicked on

2021-05-29 17:05:36 - [TEST_STEP][PASSED] - click(findTestObject("Object Repository/SwitchCase/TeamMateName/button_Display")): Object: 'Object Repository/SwitchCase/TeamMateName/button_Display' is clicked on

2021-05-29 17:05:38 - [MESSAGE][PASSED] - Object: 'Object Repository/SwitchCase/TeamMateName/button_Display' is clicked on

2021-05-29 17:05:38 - [TEST_STEP][PASSED] - click(findTestObject("Object Repository/SwitchCase/TeamMateName/div_Teammate Name DisplayEditShow username")): Object: 'Object Repository/SwitchCase/TeamMateName/div_Teammate Name DisplayEditShow username' is clicked on

2021-05-29 17:05:40 - [MESSAGE][PASSED] - Object: 'Object Repository/SwitchCase/TeamMateName/div_Teammate Name DisplayEditShow username' is clicked on

2021-05-29 17:05:40 - [TEST_STEP][PASSED] - show = show: null

2021-05-29 17:05:40 - [TEST_STEP][PASSED] - switch (show): null

2021-05-29 17:05:40 - [TEST_STEP][PASSED] - case "nickname":: null

2021-05-29 17:05:40 - [TEST_STEP][PASSED] - click(findTestObject("Object Repository/SwitchCase/TeamMateName/label_Show nickname if one exists, otherwise show first and last name")): Object: 'Object Repository/SwitchCase/TeamMateName/label_Show nickname if one exists, otherwise show first and last name' is clicked on

2021-05-29 17:05:42 - [MESSAGE][PASSED] - Object: 'Object Repository/SwitchCase/TeamMateName/label_Show nickname if one exists, otherwise show first and last name' is clicked on

2021-05-29 17:05:42 - [TEST_STEP][PASSED] - break: null

2021-05-29 17:05:42 - [TEST_STEP][PASSED] - click(findTestObject("Object Repository/SwitchCase/TeamMateName/button_Save")): Object: 'Object Repository/SwitchCase/TeamMateName/button_Save' is clicked on

2021-05-29 17:05:44 - [MESSAGE][PASSED] - Object: 'Object Repository/SwitchCase/TeamMateName/button_Save' is clicked on]]></system-out>
         <system-err><![CDATA[]]></system-err>
      </testcase>
      <testcase name="Test Cases/Loop/Add members to channel" time="144.923" classname="Test Cases/Loop/Add members to channel" status="PASSED">
         <system-out><![CDATA[2021-05-29 17:05:44 - [TEST_CASE][PASSED] - Test Cases/Loop/Add members to channel: Test Cases/Loop/Add members to channel

2021-05-29 17:05:45 - [TEST_STEP][PASSED] - callTestCase(findTestCase("Common Test Cases/Login"), ["Username":"nttuan", "Password":"12345678zZ@"], STOP_ON_FAILURE): Call Test Case 'Test Cases/Common Test Cases/Login' successfully

2021-05-29 17:05:45 - [TEST_CASE][PASSED] - Test Cases/Common Test Cases/Login: Test Cases/Common Test Cases/Login

2021-05-29 17:05:45 - [TEST_STEP][PASSED] - openBrowser(""): Browser is opened with url: ''

2021-05-29 17:05:45 - [MESSAGE][WARNING] - A browser is already opened. Closing browser and opening a new one

2021-05-29 17:05:45 - [MESSAGE][INFO] - Starting 'Chrome' driver

2021-05-29 17:05:45 - [MESSAGE][INFO] - Action delay is set to 0 milliseconds

2021-05-29 17:05:47 - [MESSAGE][PASSED] - Browser is opened with url: ''

2021-05-29 17:05:47 - [TEST_STEP][PASSED] - navigateToUrl("https://chudenangcao2021.cf/"): Navigate to 'https://chudenangcao2021.cf/' successfully

2021-05-29 17:05:47 - [MESSAGE][PASSED] - Navigate to 'https://chudenangcao2021.cf/' successfully

2021-05-29 17:05:47 - [TEST_STEP][PASSED] - setText(findTestObject("Object Repository/Page_Mattermost/input_All team communication in one place, _dcc84b"), Username): Text 'nttuan' is set on object 'Object Repository/Page_Mattermost/input_All team communication in one place, _dcc84b'

2021-05-29 17:05:48 - [MESSAGE][PASSED] - Text 'nttuan' is set on object 'Object Repository/Page_Mattermost/input_All team communication in one place, _dcc84b'

2021-05-29 17:05:48 - [TEST_STEP][PASSED] - setText(findTestObject("Object Repository/Page_Mattermost/input_All team communication in one place, _a3edc6"), Password): Text '12345678zZ@' is set on object 'Object Repository/Page_Mattermost/input_All team communication in one place, _a3edc6'

2021-05-29 17:05:49 - [MESSAGE][PASSED] - Text '12345678zZ@' is set on object 'Object Repository/Page_Mattermost/input_All team communication in one place, _a3edc6'

2021-05-29 17:05:49 - [TEST_STEP][PASSED] - click(findTestObject("Object Repository/Page_Mattermost/button_Sign in")): Object: 'Object Repository/Page_Mattermost/button_Sign in' is clicked on

2021-05-29 17:05:50 - [MESSAGE][PASSED] - Object: 'Object Repository/Page_Mattermost/button_Sign in' is clicked on

2021-05-29 17:05:50 - [TEST_STEP][PASSED] - verifyLinksAccessible(["https://chudenangcao2021.cf/cdnc-cnpm-2021/channels"]): All links are accessible

2021-05-29 17:05:50 - [MESSAGE][INFO] - HAR: C:\Users\nttuan\Downloads\CDNC\mattermost-testing\Reports\20210529_170053\Run all test cases\20210529_170053\requests\main\29.har

2021-05-29 17:05:50 - [MESSAGE][PASSED] - Send request successfully

2021-05-29 17:05:50 - [MESSAGE][PASSED] - All links are accessible

2021-05-29 17:05:50 - [MESSAGE][PASSED] - Call Test Case 'Test Cases/Common Test Cases/Login' successfully

2021-05-29 17:05:50 - [TEST_STEP][PASSED] - click(findTestObject("ChanelMember/Page_Channel to test add  remove members - TEAM NAME Mattermost/span_Channel to test add  remove members")): Object: 'Object Repository/ChanelMember/Page_Channel to test add  remove members - TEAM NAME Mattermost/span_Channel to test add  remove members' is clicked on

2021-05-29 17:05:51 - [MESSAGE][PASSED] - Object: 'Object Repository/ChanelMember/Page_Channel to test add  remove members - TEAM NAME Mattermost/span_Channel to test add  remove members' is clicked on

2021-05-29 17:05:51 - [TEST_STEP][PASSED] - usernames = Arrays.asList("cxtuan", "nguyenvana", "nguyenvanb"): null

2021-05-29 17:05:51 - [TEST_STEP][FAILED] - for ([i = 0, i < usernames.size(), (i++)]): null

2021-05-29 17:05:51 - [TEST_STEP][PASSED] - username = usernames.get(i): null

2021-05-29 17:05:51 - [TEST_STEP][PASSED] - click(findTestObject("Object Repository/ChanelMember/Page_Channel to test add  remove members - _a376a4/span_Channel to test add  remove members")): Object: 'Object Repository/ChanelMember/Page_Channel to test add  remove members - _a376a4/span_Channel to test add  remove members' is clicked on

2021-05-29 17:05:52 - [MESSAGE][PASSED] - Object: 'Object Repository/ChanelMember/Page_Channel to test add  remove members - _a376a4/span_Channel to test add  remove members' is clicked on

2021-05-29 17:05:52 - [TEST_STEP][PASSED] - click(findTestObject("Object Repository/ChanelMember/Page_Channel to test add  remove members - _a376a4/span_Add Members")): Object: 'Object Repository/ChanelMember/Page_Channel to test add  remove members - _a376a4/span_Add Members' is clicked on

2021-05-29 17:05:53 - [MESSAGE][PASSED] - Object: 'Object Repository/ChanelMember/Page_Channel to test add  remove members - _a376a4/span_Add Members' is clicked on

2021-05-29 17:05:53 - [TEST_STEP][PASSED] - click(findTestObject("ChanelMember/Page_Channel to test add  remove members - _a376a4/div_Search for people")): Object: 'Object Repository/ChanelMember/Page_Channel to test add  remove members - _a376a4/div_Search for people' is clicked on

2021-05-29 17:05:54 - [MESSAGE][PASSED] - Object: 'Object Repository/ChanelMember/Page_Channel to test add  remove members - _a376a4/div_Search for people' is clicked on

2021-05-29 17:05:54 - [TEST_STEP][PASSED] - setText(findTestObject("Object Repository/ChanelMember/Page_Channel to test add  remove members - _a376a4/input_Search for people_react-select-2-input"), username): Text 'cxtuan' is set on object 'Object Repository/ChanelMember/Page_Channel to test add  remove members - _a376a4/input_Search for people_react-select-2-input'

2021-05-29 17:05:54 - [MESSAGE][PASSED] - Text 'cxtuan' is set on object 'Object Repository/ChanelMember/Page_Channel to test add  remove members - _a376a4/input_Search for people_react-select-2-input'

2021-05-29 17:05:54 - [TEST_STEP][FAILED] - try: Unable to send keys '' to object 'Object Repository/ChanelMember/Page_Channel to test add  remove members - _a376a4/div_Search for people' (Root cause: com.kms.katalon.core.exception.StepFailedException: Unable to send keys '' to object 'Object Repository/ChanelMember/Page_Channel to test add  remove members - _a376a4/div_Search for people'
	at com.kms.katalon.core.webui.keyword.internal.WebUIKeywordMain.stepFailed(WebUIKeywordMain.groovy:64)
	at com.kms.katalon.core.webui.keyword.internal.WebUIKeywordMain.runKeyword(WebUIKeywordMain.groovy:26)
	at com.kms.katalon.core.webui.keyword.builtin.SendKeysKeyword.sendKeys(SendKeysKeyword.groovy:60)
	at com.kms.katalon.core.webui.keyword.builtin.SendKeysKeyword.execute(SendKeysKeyword.groovy:38)
	at com.kms.katalon.core.keyword.internal.KeywordExecutor.executeKeywordForPlatform(KeywordExecutor.groovy:73)
	at com.kms.katalon.core.webui.keyword.WebUiBuiltInKeywords.sendKeys(WebUiBuiltInKeywords.groovy:863)
	at com.kms.katalon.core.webui.keyword.WebUiBuiltInKeywords$sendKeys$7.call(Unknown Source)
	at Add members to channel.run(Add members to channel:44)
	at com.kms.katalon.core.main.ScriptEngine.run(ScriptEngine.java:194)
	at com.kms.katalon.core.main.ScriptEngine.runScriptAsRawText(ScriptEngine.java:119)
	at com.kms.katalon.core.main.TestCaseExecutor.runScript(TestCaseExecutor.java:398)
	at com.kms.katalon.core.main.TestCaseExecutor.doExecute(TestCaseExecutor.java:389)
	at com.kms.katalon.core.main.TestCaseExecutor.processExecutionPhase(TestCaseExecutor.java:368)
	at com.kms.katalon.core.main.TestCaseExecutor.accessMainPhase(TestCaseExecutor.java:360)
	at com.kms.katalon.core.main.TestCaseExecutor.execute(TestCaseExecutor.java:255)
	at com.kms.katalon.core.main.TestSuiteExecutor.accessTestCaseMainPhase(TestSuiteExecutor.java:203)
	at com.kms.katalon.core.main.TestSuiteExecutor.accessTestSuiteMainPhase(TestSuiteExecutor.java:152)
	at com.kms.katalon.core.main.TestSuiteExecutor.execute(TestSuiteExecutor.java:95)
	at com.kms.katalon.core.main.TestCaseMain.startTestSuite(TestCaseMain.java:157)
	at com.kms.katalon.core.main.TestCaseMain$startTestSuite$0.call(Unknown Source)
	at TempTestSuite1622307653786.run(TempTestSuite1622307653786.groovy:39)
Caused by: org.openqa.selenium.ElementNotInteractableException: element not interactable
  (Session info: chrome=91.0.4472.77)
Build info: version: '3.141.59', revision: 'e82be7d358', time: '2018-11-14T08:25:53'
System info: host: 'WIN-SERVER-2019', ip: '10.1.0.4', os.name: 'Windows Server 2019', os.arch: 'amd64', os.version: '10.0', java.version: '1.8.0_282'
Driver info: com.kms.katalon.selenium.driver.CChromeDriver
Capabilities {acceptInsecureCerts: false, browserName: chrome, browserVersion: 91.0.4472.77, chrome: {chromedriverVersion: 90.0.4430.24 (4c6d850f087da..., userDataDir: C:\Users\nttuan\AppData\Loc...}, goog:chromeOptions: {debuggerAddress: localhost:51303}, javascriptEnabled: true, networkConnectionEnabled: false, pageLoadStrategy: normal, platform: WINDOWS, platformName: WINDOWS, proxy: Proxy(), setWindowRect: true, strictFileInteractability: false, timeouts: {implicit: 0, pageLoad: 300000, script: 30000}, unhandledPromptBehavior: dismiss and notify, webauthn:extension:largeBlob: true, webauthn:virtualAuthenticators: true}
Session ID: 134c581d0cf5e2dd8a0ea7240159ff1b
	at org.openqa.selenium.remote.http.W3CHttpResponseCodec.createException(W3CHttpResponseCodec.java:187)
	at org.openqa.selenium.remote.http.W3CHttpResponseCodec.decode(W3CHttpResponseCodec.java:122)
	at org.openqa.selenium.remote.http.W3CHttpResponseCodec.decode(W3CHttpResponseCodec.java:49)
	at org.openqa.selenium.remote.HttpCommandExecutor.execute(HttpCommandExecutor.java:158)
	at org.openqa.selenium.remote.service.DriverCommandExecutor.execute(DriverCommandExecutor.java:83)
	at org.openqa.selenium.remote.RemoteWebDriver.execute(RemoteWebDriver.java:552)
	at com.kms.katalon.selenium.driver.CChromeDriver.execute(CChromeDriver.java:19)
	at org.openqa.selenium.remote.RemoteWebElement.execute(RemoteWebElement.java:285)
	at org.openqa.selenium.remote.RemoteWebElement.sendKeys(RemoteWebElement.java:106)
	at org.openqa.selenium.support.events.EventFiringWebDriver$EventFiringWebElement.lambda$new$0(EventFiringWebDriver.java:404)
	at com.sun.proxy.$Proxy17.sendKeys(Unknown Source)
	at org.openqa.selenium.support.events.EventFiringWebDriver$EventFiringWebElement.sendKeys(EventFiringWebDriver.java:429)
	at com.kms.katalon.core.webui.keyword.builtin.SendKeysKeyword$_sendKeys_closure1.doCall(SendKeysKeyword.groovy:53)
	at com.kms.katalon.core.webui.keyword.builtin.SendKeysKeyword$_sendKeys_closure1.call(SendKeysKeyword.groovy)
	at com.kms.katalon.core.webui.keyword.internal.WebUIKeywordMain.runKeyword(WebUIKeywordMain.groovy:20)
	at com.kms.katalon.core.webui.keyword.builtin.SendKeysKeyword.sendKeys(SendKeysKeyword.groovy:60)
	at com.kms.katalon.core.webui.keyword.builtin.SendKeysKeyword.execute(SendKeysKeyword.groovy:38)
	at com.kms.katalon.core.keyword.internal.KeywordExecutor.executeKeywordForPlatform(KeywordExecutor.groovy:73)
	at com.kms.katalon.core.webui.keyword.WebUiBuiltInKeywords.sendKeys(WebUiBuiltInKeywords.groovy:863)
	at com.kms.katalon.core.webui.keyword.WebUiBuiltInKeywords$sendKeys$7.call(Unknown Source)
	at Script1622167440372.run(Script1622167440372.groovy:44)
	... 13 more
)

2021-05-29 17:05:54 - [TEST_STEP][PASSED] - verifyTextNotPresent("No results found matching", false): Text 'No results found matching' is not present on page

2021-05-29 17:05:55 - [MESSAGE][PASSED] - Text 'No results found matching' is not present on page

2021-05-29 17:05:55 - [TEST_STEP][FAILED] - sendKeys(findTestObject("ChanelMember/Page_Channel to test add  remove members - _a376a4/div_Search for people"), Keys.chord(ENTER)): Unable to send keys '' to object 'Object Repository/ChanelMember/Page_Channel to test add  remove members - _a376a4/div_Search for people' (Root cause: com.kms.katalon.core.exception.StepFailedException: Unable to send keys '' to object 'Object Repository/ChanelMember/Page_Channel to test add  remove members - _a376a4/div_Search for people'
	at com.kms.katalon.core.webui.keyword.internal.WebUIKeywordMain.stepFailed(WebUIKeywordMain.groovy:64)
	at com.kms.katalon.core.webui.keyword.internal.WebUIKeywordMain.runKeyword(WebUIKeywordMain.groovy:26)
	at com.kms.katalon.core.webui.keyword.builtin.SendKeysKeyword.sendKeys(SendKeysKeyword.groovy:60)
	at com.kms.katalon.core.webui.keyword.builtin.SendKeysKeyword.execute(SendKeysKeyword.groovy:38)
	at com.kms.katalon.core.keyword.internal.KeywordExecutor.executeKeywordForPlatform(KeywordExecutor.groovy:73)
	at com.kms.katalon.core.webui.keyword.WebUiBuiltInKeywords.sendKeys(WebUiBuiltInKeywords.groovy:863)
	at com.kms.katalon.core.webui.keyword.WebUiBuiltInKeywords$sendKeys$7.call(Unknown Source)
	at Add members to channel.run(Add members to channel:44)
	at com.kms.katalon.core.main.ScriptEngine.run(ScriptEngine.java:194)
	at com.kms.katalon.core.main.ScriptEngine.runScriptAsRawText(ScriptEngine.java:119)
	at com.kms.katalon.core.main.TestCaseExecutor.runScript(TestCaseExecutor.java:398)
	at com.kms.katalon.core.main.TestCaseExecutor.doExecute(TestCaseExecutor.java:389)
	at com.kms.katalon.core.main.TestCaseExecutor.processExecutionPhase(TestCaseExecutor.java:368)
	at com.kms.katalon.core.main.TestCaseExecutor.accessMainPhase(TestCaseExecutor.java:360)
	at com.kms.katalon.core.main.TestCaseExecutor.execute(TestCaseExecutor.java:255)
	at com.kms.katalon.core.main.TestSuiteExecutor.accessTestCaseMainPhase(TestSuiteExecutor.java:203)
	at com.kms.katalon.core.main.TestSuiteExecutor.accessTestSuiteMainPhase(TestSuiteExecutor.java:152)
	at com.kms.katalon.core.main.TestSuiteExecutor.execute(TestSuiteExecutor.java:95)
	at com.kms.katalon.core.main.TestCaseMain.startTestSuite(TestCaseMain.java:157)
	at com.kms.katalon.core.main.TestCaseMain$startTestSuite$0.call(Unknown Source)
	at TempTestSuite1622307653786.run(TempTestSuite1622307653786.groovy:39)
Caused by: org.openqa.selenium.ElementNotInteractableException: element not interactable
  (Session info: chrome=91.0.4472.77)
Build info: version: '3.141.59', revision: 'e82be7d358', time: '2018-11-14T08:25:53'
System info: host: 'WIN-SERVER-2019', ip: '10.1.0.4', os.name: 'Windows Server 2019', os.arch: 'amd64', os.version: '10.0', java.version: '1.8.0_282'
Driver info: com.kms.katalon.selenium.driver.CChromeDriver
Capabilities {acceptInsecureCerts: false, browserName: chrome, browserVersion: 91.0.4472.77, chrome: {chromedriverVersion: 90.0.4430.24 (4c6d850f087da..., userDataDir: C:\Users\nttuan\AppData\Loc...}, goog:chromeOptions: {debuggerAddress: localhost:51303}, javascriptEnabled: true, networkConnectionEnabled: false, pageLoadStrategy: normal, platform: WINDOWS, platformName: WINDOWS, proxy: Proxy(), setWindowRect: true, strictFileInteractability: false, timeouts: {implicit: 0, pageLoad: 300000, script: 30000}, unhandledPromptBehavior: dismiss and notify, webauthn:extension:largeBlob: true, webauthn:virtualAuthenticators: true}
Session ID: 134c581d0cf5e2dd8a0ea7240159ff1b
	at org.openqa.selenium.remote.http.W3CHttpResponseCodec.createException(W3CHttpResponseCodec.java:187)
	at org.openqa.selenium.remote.http.W3CHttpResponseCodec.decode(W3CHttpResponseCodec.java:122)
	at org.openqa.selenium.remote.http.W3CHttpResponseCodec.decode(W3CHttpResponseCodec.java:49)
	at org.openqa.selenium.remote.HttpCommandExecutor.execute(HttpCommandExecutor.java:158)
	at org.openqa.selenium.remote.service.DriverCommandExecutor.execute(DriverCommandExecutor.java:83)
	at org.openqa.selenium.remote.RemoteWebDriver.execute(RemoteWebDriver.java:552)
	at com.kms.katalon.selenium.driver.CChromeDriver.execute(CChromeDriver.java:19)
	at org.openqa.selenium.remote.RemoteWebElement.execute(RemoteWebElement.java:285)
	at org.openqa.selenium.remote.RemoteWebElement.sendKeys(RemoteWebElement.java:106)
	at org.openqa.selenium.support.events.EventFiringWebDriver$EventFiringWebElement.lambda$new$0(EventFiringWebDriver.java:404)
	at com.sun.proxy.$Proxy17.sendKeys(Unknown Source)
	at org.openqa.selenium.support.events.EventFiringWebDriver$EventFiringWebElement.sendKeys(EventFiringWebDriver.java:429)
	at com.kms.katalon.core.webui.keyword.builtin.SendKeysKeyword$_sendKeys_closure1.doCall(SendKeysKeyword.groovy:53)
	at com.kms.katalon.core.webui.keyword.builtin.SendKeysKeyword$_sendKeys_closure1.call(SendKeysKeyword.groovy)
	at com.kms.katalon.core.webui.keyword.internal.WebUIKeywordMain.runKeyword(WebUIKeywordMain.groovy:20)
	at com.kms.katalon.core.webui.keyword.builtin.SendKeysKeyword.sendKeys(SendKeysKeyword.groovy:60)
	at com.kms.katalon.core.webui.keyword.builtin.SendKeysKeyword.execute(SendKeysKeyword.groovy:38)
	at com.kms.katalon.core.keyword.internal.KeywordExecutor.executeKeywordForPlatform(KeywordExecutor.groovy:73)
	at com.kms.katalon.core.webui.keyword.WebUiBuiltInKeywords.sendKeys(WebUiBuiltInKeywords.groovy:863)
	at com.kms.katalon.core.webui.keyword.WebUiBuiltInKeywords$sendKeys$7.call(Unknown Source)
	at Script1622167440372.run(Script1622167440372.groovy:44)
	... 13 more
)

2021-05-29 17:05:56 - [MESSAGE][FAILED] - Unable to send keys '' to object 'Object Repository/ChanelMember/Page_Channel to test add  remove members - _a376a4/div_Search for people' (Root cause: com.kms.katalon.core.exception.StepFailedException: Unable to send keys '' to object 'Object Repository/ChanelMember/Page_Channel to test add  remove members - _a376a4/div_Search for people'
	at com.kms.katalon.core.webui.keyword.internal.WebUIKeywordMain.stepFailed(WebUIKeywordMain.groovy:64)
	at com.kms.katalon.core.webui.keyword.internal.WebUIKeywordMain.runKeyword(WebUIKeywordMain.groovy:26)
	at com.kms.katalon.core.webui.keyword.builtin.SendKeysKeyword.sendKeys(SendKeysKeyword.groovy:60)
	at com.kms.katalon.core.webui.keyword.builtin.SendKeysKeyword.execute(SendKeysKeyword.groovy:38)
	at com.kms.katalon.core.keyword.internal.KeywordExecutor.executeKeywordForPlatform(KeywordExecutor.groovy:73)
	at com.kms.katalon.core.webui.keyword.WebUiBuiltInKeywords.sendKeys(WebUiBuiltInKeywords.groovy:863)
	at com.kms.katalon.core.webui.keyword.WebUiBuiltInKeywords$sendKeys$7.call(Unknown Source)
	at Add members to channel.run(Add members to channel:44)
	at com.kms.katalon.core.main.ScriptEngine.run(ScriptEngine.java:194)
	at com.kms.katalon.core.main.ScriptEngine.runScriptAsRawText(ScriptEngine.java:119)
	at com.kms.katalon.core.main.TestCaseExecutor.runScript(TestCaseExecutor.java:398)
	at com.kms.katalon.core.main.TestCaseExecutor.doExecute(TestCaseExecutor.java:389)
	at com.kms.katalon.core.main.TestCaseExecutor.processExecutionPhase(TestCaseExecutor.java:368)
	at com.kms.katalon.core.main.TestCaseExecutor.accessMainPhase(TestCaseExecutor.java:360)
	at com.kms.katalon.core.main.TestCaseExecutor.execute(TestCaseExecutor.java:255)
	at com.kms.katalon.core.main.TestSuiteExecutor.accessTestCaseMainPhase(TestSuiteExecutor.java:203)
	at com.kms.katalon.core.main.TestSuiteExecutor.accessTestSuiteMainPhase(TestSuiteExecutor.java:152)
	at com.kms.katalon.core.main.TestSuiteExecutor.execute(TestSuiteExecutor.java:95)
	at com.kms.katalon.core.main.TestCaseMain.startTestSuite(TestCaseMain.java:157)
	at com.kms.katalon.core.main.TestCaseMain$startTestSuite$0.call(Unknown Source)
	at TempTestSuite1622307653786.run(TempTestSuite1622307653786.groovy:39)
Caused by: org.openqa.selenium.ElementNotInteractableException: element not interactable
  (Session info: chrome=91.0.4472.77)
Build info: version: '3.141.59', revision: 'e82be7d358', time: '2018-11-14T08:25:53'
System info: host: 'WIN-SERVER-2019', ip: '10.1.0.4', os.name: 'Windows Server 2019', os.arch: 'amd64', os.version: '10.0', java.version: '1.8.0_282'
Driver info: com.kms.katalon.selenium.driver.CChromeDriver
Capabilities {acceptInsecureCerts: false, browserName: chrome, browserVersion: 91.0.4472.77, chrome: {chromedriverVersion: 90.0.4430.24 (4c6d850f087da..., userDataDir: C:\Users\nttuan\AppData\Loc...}, goog:chromeOptions: {debuggerAddress: localhost:51303}, javascriptEnabled: true, networkConnectionEnabled: false, pageLoadStrategy: normal, platform: WINDOWS, platformName: WINDOWS, proxy: Proxy(), setWindowRect: true, strictFileInteractability: false, timeouts: {implicit: 0, pageLoad: 300000, script: 30000}, unhandledPromptBehavior: dismiss and notify, webauthn:extension:largeBlob: true, webauthn:virtualAuthenticators: true}
Session ID: 134c581d0cf5e2dd8a0ea7240159ff1b
	at org.openqa.selenium.remote.http.W3CHttpResponseCodec.createException(W3CHttpResponseCodec.java:187)
	at org.openqa.selenium.remote.http.W3CHttpResponseCodec.decode(W3CHttpResponseCodec.java:122)
	at org.openqa.selenium.remote.http.W3CHttpResponseCodec.decode(W3CHttpResponseCodec.java:49)
	at org.openqa.selenium.remote.HttpCommandExecutor.execute(HttpCommandExecutor.java:158)
	at org.openqa.selenium.remote.service.DriverCommandExecutor.execute(DriverCommandExecutor.java:83)
	at org.openqa.selenium.remote.RemoteWebDriver.execute(RemoteWebDriver.java:552)
	at com.kms.katalon.selenium.driver.CChromeDriver.execute(CChromeDriver.java:19)
	at org.openqa.selenium.remote.RemoteWebElement.execute(RemoteWebElement.java:285)
	at org.openqa.selenium.remote.RemoteWebElement.sendKeys(RemoteWebElement.java:106)
	at org.openqa.selenium.support.events.EventFiringWebDriver$EventFiringWebElement.lambda$new$0(EventFiringWebDriver.java:404)
	at com.sun.proxy.$Proxy17.sendKeys(Unknown Source)
	at org.openqa.selenium.support.events.EventFiringWebDriver$EventFiringWebElement.sendKeys(EventFiringWebDriver.java:429)
	at com.kms.katalon.core.webui.keyword.builtin.SendKeysKeyword$_sendKeys_closure1.doCall(SendKeysKeyword.groovy:53)
	at com.kms.katalon.core.webui.keyword.builtin.SendKeysKeyword$_sendKeys_closure1.call(SendKeysKeyword.groovy)
	at com.kms.katalon.core.webui.keyword.internal.WebUIKeywordMain.runKeyword(WebUIKeywordMain.groovy:20)
	at com.kms.katalon.core.webui.keyword.builtin.SendKeysKeyword.sendKeys(SendKeysKeyword.groovy:60)
	at com.kms.katalon.core.webui.keyword.builtin.SendKeysKeyword.execute(SendKeysKeyword.groovy:38)
	at com.kms.katalon.core.keyword.internal.KeywordExecutor.executeKeywordForPlatform(KeywordExecutor.groovy:73)
	at com.kms.katalon.core.webui.keyword.WebUiBuiltInKeywords.sendKeys(WebUiBuiltInKeywords.groovy:863)
	at com.kms.katalon.core.webui.keyword.WebUiBuiltInKeywords$sendKeys$7.call(Unknown Source)
	at Script1622167440372.run(Script1622167440372.groovy:44)
	... 13 more
)
[[ATTACHMENT|C:\\Users\\nttuan\\Downloads\\CDNC\\mattermost-testing\\Reports\\20210529_170053\\Run all test cases\\20210529_170053\\1622307956049.png]]

2021-05-29 17:05:56 - [TEST_STEP][PASSED] - catch (Exception e): Object: 'Object Repository/ChanelMember/Page_Channel to test add  remove members - TEAM NAME Mattermost/div_CloseAdd search' is clicked on

2021-05-29 17:05:56 - [TEST_STEP][PASSED] - click(findTestObject("ChanelMember/Page_Channel to test add  remove members - TEAM NAME Mattermost/div_CloseAdd search")): Object: 'Object Repository/ChanelMember/Page_Channel to test add  remove members - TEAM NAME Mattermost/div_CloseAdd search' is clicked on

2021-05-29 17:05:56 - [MESSAGE][PASSED] - Object: 'Object Repository/ChanelMember/Page_Channel to test add  remove members - TEAM NAME Mattermost/div_CloseAdd search' is clicked on

2021-05-29 17:05:56 - [TEST_STEP][PASSED] - username = usernames.get(i): null

2021-05-29 17:05:56 - [TEST_STEP][PASSED] - click(findTestObject("Object Repository/ChanelMember/Page_Channel to test add  remove members - _a376a4/span_Channel to test add  remove members")): Object: 'Object Repository/ChanelMember/Page_Channel to test add  remove members - _a376a4/span_Channel to test add  remove members' is clicked on

2021-05-29 17:05:56 - [MESSAGE][PASSED] - Object: 'Object Repository/ChanelMember/Page_Channel to test add  remove members - _a376a4/span_Channel to test add  remove members' is clicked on

2021-05-29 17:05:56 - [TEST_STEP][PASSED] - click(findTestObject("Object Repository/ChanelMember/Page_Channel to test add  remove members - _a376a4/span_Add Members")): Object: 'Object Repository/ChanelMember/Page_Channel to test add  remove members - _a376a4/span_Add Members' is clicked on

2021-05-29 17:05:57 - [MESSAGE][PASSED] - Object: 'Object Repository/ChanelMember/Page_Channel to test add  remove members - _a376a4/span_Add Members' is clicked on

2021-05-29 17:05:57 - [TEST_STEP][PASSED] - click(findTestObject("ChanelMember/Page_Channel to test add  remove members - _a376a4/div_Search for people")): Object: 'Object Repository/ChanelMember/Page_Channel to test add  remove members - _a376a4/div_Search for people' is clicked on

2021-05-29 17:05:57 - [MESSAGE][PASSED] - Object: 'Object Repository/ChanelMember/Page_Channel to test add  remove members - _a376a4/div_Search for people' is clicked on

2021-05-29 17:05:57 - [TEST_STEP][PASSED] - setText(findTestObject("Object Repository/ChanelMember/Page_Channel to test add  remove members - _a376a4/input_Search for people_react-select-2-input"), username): Text 'nguyenvana' is set on object 'Object Repository/ChanelMember/Page_Channel to test add  remove members - _a376a4/input_Search for people_react-select-2-input'

2021-05-29 17:06:29 - [MESSAGE][INFO] - Unable to find the element located by 'By.xpath: //input[@id='react-select-2-input']'. Please recheck the objects properties to make sure the desired element is located. 

2021-05-29 17:06:29 - [MESSAGE][WARNING] - [SELF-HEALING] Failed to find element with id 'Object Repository/ChanelMember/Page_Channel to test add  remove members - _a376a4/input_Search for people_react-select-2-input'. Try using Self-healing.

2021-05-29 17:06:29 - [MESSAGE][INFO] - [SELF-HEALING] Failed Locator: '//input[@id='react-select-2-input']'.

2021-05-29 17:06:29 - [MESSAGE][INFO] - [SELF-HEALING] Working Locator: '//div[@id='selectItems']/div/div/div[2]/div/input'.

2021-05-29 17:06:29 - [MESSAGE][INFO] - [SELF-HEALING] Screenshot: C:/Users/nttuan/Downloads/CDNC/mattermost-testing/Reports/Self-healing/Object Repository/ChanelMember/Page_Channel to test add  remove members - _a376a4/input_Search for people_react-select-2-input_idRelative.png

2021-05-29 17:06:29 - [MESSAGE][WARNING] - [SELF-HEALING] The current locator of test object 'Object Repository/ChanelMember/Page_Channel to test add  remove members - _a376a4/input_Search for people_react-select-2-input' was broken. Propose an alternative one: '//div[@id='selectItems']/div/div/div[2]/div/input'.

2021-05-29 17:07:01 - [MESSAGE][INFO] - Unable to find the element located by 'By.xpath: //input[@id='react-select-2-input']'. Please recheck the objects properties to make sure the desired element is located. 

2021-05-29 17:07:01 - [MESSAGE][WARNING] - [SELF-HEALING] Failed to find element with id 'Object Repository/ChanelMember/Page_Channel to test add  remove members - _a376a4/input_Search for people_react-select-2-input'. Try using Self-healing.

2021-05-29 17:07:01 - [MESSAGE][WARNING] - [SELF-HEALING] The current locator of test object 'Object Repository/ChanelMember/Page_Channel to test add  remove members - _a376a4/input_Search for people_react-select-2-input' was broken. Propose an alternative one: '//div[@id='selectItems']/div/div/div[2]/div/input'.

2021-05-29 17:07:01 - [MESSAGE][PASSED] - Text 'nguyenvana' is set on object 'Object Repository/ChanelMember/Page_Channel to test add  remove members - _a376a4/input_Search for people_react-select-2-input'

2021-05-29 17:07:01 - [TEST_STEP][FAILED] - try: Unable to send keys '' to object 'Object Repository/ChanelMember/Page_Channel to test add  remove members - _a376a4/div_Search for people' (Root cause: com.kms.katalon.core.exception.StepFailedException: Unable to send keys '' to object 'Object Repository/ChanelMember/Page_Channel to test add  remove members - _a376a4/div_Search for people'
	at com.kms.katalon.core.webui.keyword.internal.WebUIKeywordMain.stepFailed(WebUIKeywordMain.groovy:64)
	at com.kms.katalon.core.webui.keyword.internal.WebUIKeywordMain.runKeyword(WebUIKeywordMain.groovy:26)
	at com.kms.katalon.core.webui.keyword.builtin.SendKeysKeyword.sendKeys(SendKeysKeyword.groovy:60)
	at com.kms.katalon.core.webui.keyword.builtin.SendKeysKeyword.execute(SendKeysKeyword.groovy:38)
	at com.kms.katalon.core.keyword.internal.KeywordExecutor.executeKeywordForPlatform(KeywordExecutor.groovy:73)
	at com.kms.katalon.core.webui.keyword.WebUiBuiltInKeywords.sendKeys(WebUiBuiltInKeywords.groovy:863)
	at com.kms.katalon.core.webui.keyword.WebUiBuiltInKeywords$sendKeys$7.call(Unknown Source)
	at Add members to channel.run(Add members to channel:44)
	at com.kms.katalon.core.main.ScriptEngine.run(ScriptEngine.java:194)
	at com.kms.katalon.core.main.ScriptEngine.runScriptAsRawText(ScriptEngine.java:119)
	at com.kms.katalon.core.main.TestCaseExecutor.runScript(TestCaseExecutor.java:398)
	at com.kms.katalon.core.main.TestCaseExecutor.doExecute(TestCaseExecutor.java:389)
	at com.kms.katalon.core.main.TestCaseExecutor.processExecutionPhase(TestCaseExecutor.java:368)
	at com.kms.katalon.core.main.TestCaseExecutor.accessMainPhase(TestCaseExecutor.java:360)
	at com.kms.katalon.core.main.TestCaseExecutor.execute(TestCaseExecutor.java:255)
	at com.kms.katalon.core.main.TestSuiteExecutor.accessTestCaseMainPhase(TestSuiteExecutor.java:203)
	at com.kms.katalon.core.main.TestSuiteExecutor.accessTestSuiteMainPhase(TestSuiteExecutor.java:152)
	at com.kms.katalon.core.main.TestSuiteExecutor.execute(TestSuiteExecutor.java:95)
	at com.kms.katalon.core.main.TestCaseMain.startTestSuite(TestCaseMain.java:157)
	at com.kms.katalon.core.main.TestCaseMain$startTestSuite$0.call(Unknown Source)
	at TempTestSuite1622307653786.run(TempTestSuite1622307653786.groovy:39)
Caused by: org.openqa.selenium.ElementNotInteractableException: element not interactable
  (Session info: chrome=91.0.4472.77)
Build info: version: '3.141.59', revision: 'e82be7d358', time: '2018-11-14T08:25:53'
System info: host: 'WIN-SERVER-2019', ip: '10.1.0.4', os.name: 'Windows Server 2019', os.arch: 'amd64', os.version: '10.0', java.version: '1.8.0_282'
Driver info: com.kms.katalon.selenium.driver.CChromeDriver
Capabilities {acceptInsecureCerts: false, browserName: chrome, browserVersion: 91.0.4472.77, chrome: {chromedriverVersion: 90.0.4430.24 (4c6d850f087da..., userDataDir: C:\Users\nttuan\AppData\Loc...}, goog:chromeOptions: {debuggerAddress: localhost:51303}, javascriptEnabled: true, networkConnectionEnabled: false, pageLoadStrategy: normal, platform: WINDOWS, platformName: WINDOWS, proxy: Proxy(), setWindowRect: true, strictFileInteractability: false, timeouts: {implicit: 0, pageLoad: 300000, script: 30000}, unhandledPromptBehavior: dismiss and notify, webauthn:extension:largeBlob: true, webauthn:virtualAuthenticators: true}
Session ID: 134c581d0cf5e2dd8a0ea7240159ff1b
	at org.openqa.selenium.remote.http.W3CHttpResponseCodec.createException(W3CHttpResponseCodec.java:187)
	at org.openqa.selenium.remote.http.W3CHttpResponseCodec.decode(W3CHttpResponseCodec.java:122)
	at org.openqa.selenium.remote.http.W3CHttpResponseCodec.decode(W3CHttpResponseCodec.java:49)
	at org.openqa.selenium.remote.HttpCommandExecutor.execute(HttpCommandExecutor.java:158)
	at org.openqa.selenium.remote.service.DriverCommandExecutor.execute(DriverCommandExecutor.java:83)
	at org.openqa.selenium.remote.RemoteWebDriver.execute(RemoteWebDriver.java:552)
	at com.kms.katalon.selenium.driver.CChromeDriver.execute(CChromeDriver.java:19)
	at org.openqa.selenium.remote.RemoteWebElement.execute(RemoteWebElement.java:285)
	at org.openqa.selenium.remote.RemoteWebElement.sendKeys(RemoteWebElement.java:106)
	at org.openqa.selenium.support.events.EventFiringWebDriver$EventFiringWebElement.lambda$new$0(EventFiringWebDriver.java:404)
	at com.sun.proxy.$Proxy17.sendKeys(Unknown Source)
	at org.openqa.selenium.support.events.EventFiringWebDriver$EventFiringWebElement.sendKeys(EventFiringWebDriver.java:429)
	at com.kms.katalon.core.webui.keyword.builtin.SendKeysKeyword$_sendKeys_closure1.doCall(SendKeysKeyword.groovy:53)
	at com.kms.katalon.core.webui.keyword.builtin.SendKeysKeyword$_sendKeys_closure1.call(SendKeysKeyword.groovy)
	at com.kms.katalon.core.webui.keyword.internal.WebUIKeywordMain.runKeyword(WebUIKeywordMain.groovy:20)
	at com.kms.katalon.core.webui.keyword.builtin.SendKeysKeyword.sendKeys(SendKeysKeyword.groovy:60)
	at com.kms.katalon.core.webui.keyword.builtin.SendKeysKeyword.execute(SendKeysKeyword.groovy:38)
	at com.kms.katalon.core.keyword.internal.KeywordExecutor.executeKeywordForPlatform(KeywordExecutor.groovy:73)
	at com.kms.katalon.core.webui.keyword.WebUiBuiltInKeywords.sendKeys(WebUiBuiltInKeywords.groovy:863)
	at com.kms.katalon.core.webui.keyword.WebUiBuiltInKeywords$sendKeys$7.call(Unknown Source)
	at Script1622167440372.run(Script1622167440372.groovy:44)
	... 13 more
)

2021-05-29 17:07:01 - [TEST_STEP][PASSED] - verifyTextNotPresent("No results found matching", false): Text 'No results found matching' is not present on page

2021-05-29 17:07:02 - [MESSAGE][PASSED] - Text 'No results found matching' is not present on page

2021-05-29 17:07:02 - [TEST_STEP][FAILED] - sendKeys(findTestObject("ChanelMember/Page_Channel to test add  remove members - _a376a4/div_Search for people"), Keys.chord(ENTER)): Unable to send keys '' to object 'Object Repository/ChanelMember/Page_Channel to test add  remove members - _a376a4/div_Search for people' (Root cause: com.kms.katalon.core.exception.StepFailedException: Unable to send keys '' to object 'Object Repository/ChanelMember/Page_Channel to test add  remove members - _a376a4/div_Search for people'
	at com.kms.katalon.core.webui.keyword.internal.WebUIKeywordMain.stepFailed(WebUIKeywordMain.groovy:64)
	at com.kms.katalon.core.webui.keyword.internal.WebUIKeywordMain.runKeyword(WebUIKeywordMain.groovy:26)
	at com.kms.katalon.core.webui.keyword.builtin.SendKeysKeyword.sendKeys(SendKeysKeyword.groovy:60)
	at com.kms.katalon.core.webui.keyword.builtin.SendKeysKeyword.execute(SendKeysKeyword.groovy:38)
	at com.kms.katalon.core.keyword.internal.KeywordExecutor.executeKeywordForPlatform(KeywordExecutor.groovy:73)
	at com.kms.katalon.core.webui.keyword.WebUiBuiltInKeywords.sendKeys(WebUiBuiltInKeywords.groovy:863)
	at com.kms.katalon.core.webui.keyword.WebUiBuiltInKeywords$sendKeys$7.call(Unknown Source)
	at Add members to channel.run(Add members to channel:44)
	at com.kms.katalon.core.main.ScriptEngine.run(ScriptEngine.java:194)
	at com.kms.katalon.core.main.ScriptEngine.runScriptAsRawText(ScriptEngine.java:119)
	at com.kms.katalon.core.main.TestCaseExecutor.runScript(TestCaseExecutor.java:398)
	at com.kms.katalon.core.main.TestCaseExecutor.doExecute(TestCaseExecutor.java:389)
	at com.kms.katalon.core.main.TestCaseExecutor.processExecutionPhase(TestCaseExecutor.java:368)
	at com.kms.katalon.core.main.TestCaseExecutor.accessMainPhase(TestCaseExecutor.java:360)
	at com.kms.katalon.core.main.TestCaseExecutor.execute(TestCaseExecutor.java:255)
	at com.kms.katalon.core.main.TestSuiteExecutor.accessTestCaseMainPhase(TestSuiteExecutor.java:203)
	at com.kms.katalon.core.main.TestSuiteExecutor.accessTestSuiteMainPhase(TestSuiteExecutor.java:152)
	at com.kms.katalon.core.main.TestSuiteExecutor.execute(TestSuiteExecutor.java:95)
	at com.kms.katalon.core.main.TestCaseMain.startTestSuite(TestCaseMain.java:157)
	at com.kms.katalon.core.main.TestCaseMain$startTestSuite$0.call(Unknown Source)
	at TempTestSuite1622307653786.run(TempTestSuite1622307653786.groovy:39)
Caused by: org.openqa.selenium.ElementNotInteractableException: element not interactable
  (Session info: chrome=91.0.4472.77)
Build info: version: '3.141.59', revision: 'e82be7d358', time: '2018-11-14T08:25:53'
System info: host: 'WIN-SERVER-2019', ip: '10.1.0.4', os.name: 'Windows Server 2019', os.arch: 'amd64', os.version: '10.0', java.version: '1.8.0_282'
Driver info: com.kms.katalon.selenium.driver.CChromeDriver
Capabilities {acceptInsecureCerts: false, browserName: chrome, browserVersion: 91.0.4472.77, chrome: {chromedriverVersion: 90.0.4430.24 (4c6d850f087da..., userDataDir: C:\Users\nttuan\AppData\Loc...}, goog:chromeOptions: {debuggerAddress: localhost:51303}, javascriptEnabled: true, networkConnectionEnabled: false, pageLoadStrategy: normal, platform: WINDOWS, platformName: WINDOWS, proxy: Proxy(), setWindowRect: true, strictFileInteractability: false, timeouts: {implicit: 0, pageLoad: 300000, script: 30000}, unhandledPromptBehavior: dismiss and notify, webauthn:extension:largeBlob: true, webauthn:virtualAuthenticators: true}
Session ID: 134c581d0cf5e2dd8a0ea7240159ff1b
	at org.openqa.selenium.remote.http.W3CHttpResponseCodec.createException(W3CHttpResponseCodec.java:187)
	at org.openqa.selenium.remote.http.W3CHttpResponseCodec.decode(W3CHttpResponseCodec.java:122)
	at org.openqa.selenium.remote.http.W3CHttpResponseCodec.decode(W3CHttpResponseCodec.java:49)
	at org.openqa.selenium.remote.HttpCommandExecutor.execute(HttpCommandExecutor.java:158)
	at org.openqa.selenium.remote.service.DriverCommandExecutor.execute(DriverCommandExecutor.java:83)
	at org.openqa.selenium.remote.RemoteWebDriver.execute(RemoteWebDriver.java:552)
	at com.kms.katalon.selenium.driver.CChromeDriver.execute(CChromeDriver.java:19)
	at org.openqa.selenium.remote.RemoteWebElement.execute(RemoteWebElement.java:285)
	at org.openqa.selenium.remote.RemoteWebElement.sendKeys(RemoteWebElement.java:106)
	at org.openqa.selenium.support.events.EventFiringWebDriver$EventFiringWebElement.lambda$new$0(EventFiringWebDriver.java:404)
	at com.sun.proxy.$Proxy17.sendKeys(Unknown Source)
	at org.openqa.selenium.support.events.EventFiringWebDriver$EventFiringWebElement.sendKeys(EventFiringWebDriver.java:429)
	at com.kms.katalon.core.webui.keyword.builtin.SendKeysKeyword$_sendKeys_closure1.doCall(SendKeysKeyword.groovy:53)
	at com.kms.katalon.core.webui.keyword.builtin.SendKeysKeyword$_sendKeys_closure1.call(SendKeysKeyword.groovy)
	at com.kms.katalon.core.webui.keyword.internal.WebUIKeywordMain.runKeyword(WebUIKeywordMain.groovy:20)
	at com.kms.katalon.core.webui.keyword.builtin.SendKeysKeyword.sendKeys(SendKeysKeyword.groovy:60)
	at com.kms.katalon.core.webui.keyword.builtin.SendKeysKeyword.execute(SendKeysKeyword.groovy:38)
	at com.kms.katalon.core.keyword.internal.KeywordExecutor.executeKeywordForPlatform(KeywordExecutor.groovy:73)
	at com.kms.katalon.core.webui.keyword.WebUiBuiltInKeywords.sendKeys(WebUiBuiltInKeywords.groovy:863)
	at com.kms.katalon.core.webui.keyword.WebUiBuiltInKeywords$sendKeys$7.call(Unknown Source)
	at Script1622167440372.run(Script1622167440372.groovy:44)
	... 13 more
)

2021-05-29 17:07:02 - [MESSAGE][FAILED] - Unable to send keys '' to object 'Object Repository/ChanelMember/Page_Channel to test add  remove members - _a376a4/div_Search for people' (Root cause: com.kms.katalon.core.exception.StepFailedException: Unable to send keys '' to object 'Object Repository/ChanelMember/Page_Channel to test add  remove members - _a376a4/div_Search for people'
	at com.kms.katalon.core.webui.keyword.internal.WebUIKeywordMain.stepFailed(WebUIKeywordMain.groovy:64)
	at com.kms.katalon.core.webui.keyword.internal.WebUIKeywordMain.runKeyword(WebUIKeywordMain.groovy:26)
	at com.kms.katalon.core.webui.keyword.builtin.SendKeysKeyword.sendKeys(SendKeysKeyword.groovy:60)
	at com.kms.katalon.core.webui.keyword.builtin.SendKeysKeyword.execute(SendKeysKeyword.groovy:38)
	at com.kms.katalon.core.keyword.internal.KeywordExecutor.executeKeywordForPlatform(KeywordExecutor.groovy:73)
	at com.kms.katalon.core.webui.keyword.WebUiBuiltInKeywords.sendKeys(WebUiBuiltInKeywords.groovy:863)
	at com.kms.katalon.core.webui.keyword.WebUiBuiltInKeywords$sendKeys$7.call(Unknown Source)
	at Add members to channel.run(Add members to channel:44)
	at com.kms.katalon.core.main.ScriptEngine.run(ScriptEngine.java:194)
	at com.kms.katalon.core.main.ScriptEngine.runScriptAsRawText(ScriptEngine.java:119)
	at com.kms.katalon.core.main.TestCaseExecutor.runScript(TestCaseExecutor.java:398)
	at com.kms.katalon.core.main.TestCaseExecutor.doExecute(TestCaseExecutor.java:389)
	at com.kms.katalon.core.main.TestCaseExecutor.processExecutionPhase(TestCaseExecutor.java:368)
	at com.kms.katalon.core.main.TestCaseExecutor.accessMainPhase(TestCaseExecutor.java:360)
	at com.kms.katalon.core.main.TestCaseExecutor.execute(TestCaseExecutor.java:255)
	at com.kms.katalon.core.main.TestSuiteExecutor.accessTestCaseMainPhase(TestSuiteExecutor.java:203)
	at com.kms.katalon.core.main.TestSuiteExecutor.accessTestSuiteMainPhase(TestSuiteExecutor.java:152)
	at com.kms.katalon.core.main.TestSuiteExecutor.execute(TestSuiteExecutor.java:95)
	at com.kms.katalon.core.main.TestCaseMain.startTestSuite(TestCaseMain.java:157)
	at com.kms.katalon.core.main.TestCaseMain$startTestSuite$0.call(Unknown Source)
	at TempTestSuite1622307653786.run(TempTestSuite1622307653786.groovy:39)
Caused by: org.openqa.selenium.ElementNotInteractableException: element not interactable
  (Session info: chrome=91.0.4472.77)
Build info: version: '3.141.59', revision: 'e82be7d358', time: '2018-11-14T08:25:53'
System info: host: 'WIN-SERVER-2019', ip: '10.1.0.4', os.name: 'Windows Server 2019', os.arch: 'amd64', os.version: '10.0', java.version: '1.8.0_282'
Driver info: com.kms.katalon.selenium.driver.CChromeDriver
Capabilities {acceptInsecureCerts: false, browserName: chrome, browserVersion: 91.0.4472.77, chrome: {chromedriverVersion: 90.0.4430.24 (4c6d850f087da..., userDataDir: C:\Users\nttuan\AppData\Loc...}, goog:chromeOptions: {debuggerAddress: localhost:51303}, javascriptEnabled: true, networkConnectionEnabled: false, pageLoadStrategy: normal, platform: WINDOWS, platformName: WINDOWS, proxy: Proxy(), setWindowRect: true, strictFileInteractability: false, timeouts: {implicit: 0, pageLoad: 300000, script: 30000}, unhandledPromptBehavior: dismiss and notify, webauthn:extension:largeBlob: true, webauthn:virtualAuthenticators: true}
Session ID: 134c581d0cf5e2dd8a0ea7240159ff1b
	at org.openqa.selenium.remote.http.W3CHttpResponseCodec.createException(W3CHttpResponseCodec.java:187)
	at org.openqa.selenium.remote.http.W3CHttpResponseCodec.decode(W3CHttpResponseCodec.java:122)
	at org.openqa.selenium.remote.http.W3CHttpResponseCodec.decode(W3CHttpResponseCodec.java:49)
	at org.openqa.selenium.remote.HttpCommandExecutor.execute(HttpCommandExecutor.java:158)
	at org.openqa.selenium.remote.service.DriverCommandExecutor.execute(DriverCommandExecutor.java:83)
	at org.openqa.selenium.remote.RemoteWebDriver.execute(RemoteWebDriver.java:552)
	at com.kms.katalon.selenium.driver.CChromeDriver.execute(CChromeDriver.java:19)
	at org.openqa.selenium.remote.RemoteWebElement.execute(RemoteWebElement.java:285)
	at org.openqa.selenium.remote.RemoteWebElement.sendKeys(RemoteWebElement.java:106)
	at org.openqa.selenium.support.events.EventFiringWebDriver$EventFiringWebElement.lambda$new$0(EventFiringWebDriver.java:404)
	at com.sun.proxy.$Proxy17.sendKeys(Unknown Source)
	at org.openqa.selenium.support.events.EventFiringWebDriver$EventFiringWebElement.sendKeys(EventFiringWebDriver.java:429)
	at com.kms.katalon.core.webui.keyword.builtin.SendKeysKeyword$_sendKeys_closure1.doCall(SendKeysKeyword.groovy:53)
	at com.kms.katalon.core.webui.keyword.builtin.SendKeysKeyword$_sendKeys_closure1.call(SendKeysKeyword.groovy)
	at com.kms.katalon.core.webui.keyword.internal.WebUIKeywordMain.runKeyword(WebUIKeywordMain.groovy:20)
	at com.kms.katalon.core.webui.keyword.builtin.SendKeysKeyword.sendKeys(SendKeysKeyword.groovy:60)
	at com.kms.katalon.core.webui.keyword.builtin.SendKeysKeyword.execute(SendKeysKeyword.groovy:38)
	at com.kms.katalon.core.keyword.internal.KeywordExecutor.executeKeywordForPlatform(KeywordExecutor.groovy:73)
	at com.kms.katalon.core.webui.keyword.WebUiBuiltInKeywords.sendKeys(WebUiBuiltInKeywords.groovy:863)
	at com.kms.katalon.core.webui.keyword.WebUiBuiltInKeywords$sendKeys$7.call(Unknown Source)
	at Script1622167440372.run(Script1622167440372.groovy:44)
	... 13 more
)
[[ATTACHMENT|C:\\Users\\nttuan\\Downloads\\CDNC\\mattermost-testing\\Reports\\20210529_170053\\Run all test cases\\20210529_170053\\1622308022604.png]]

2021-05-29 17:07:02 - [TEST_STEP][PASSED] - catch (Exception e): Object: 'Object Repository/ChanelMember/Page_Channel to test add  remove members - TEAM NAME Mattermost/div_CloseAdd search' is clicked on

2021-05-29 17:07:02 - [TEST_STEP][PASSED] - click(findTestObject("ChanelMember/Page_Channel to test add  remove members - TEAM NAME Mattermost/div_CloseAdd search")): Object: 'Object Repository/ChanelMember/Page_Channel to test add  remove members - TEAM NAME Mattermost/div_CloseAdd search' is clicked on

2021-05-29 17:07:03 - [MESSAGE][PASSED] - Object: 'Object Repository/ChanelMember/Page_Channel to test add  remove members - TEAM NAME Mattermost/div_CloseAdd search' is clicked on

2021-05-29 17:07:03 - [TEST_STEP][PASSED] - username = usernames.get(i): null

2021-05-29 17:07:03 - [TEST_STEP][PASSED] - click(findTestObject("Object Repository/ChanelMember/Page_Channel to test add  remove members - _a376a4/span_Channel to test add  remove members")): Object: 'Object Repository/ChanelMember/Page_Channel to test add  remove members - _a376a4/span_Channel to test add  remove members' is clicked on

2021-05-29 17:07:03 - [MESSAGE][PASSED] - Object: 'Object Repository/ChanelMember/Page_Channel to test add  remove members - _a376a4/span_Channel to test add  remove members' is clicked on

2021-05-29 17:07:03 - [TEST_STEP][PASSED] - click(findTestObject("Object Repository/ChanelMember/Page_Channel to test add  remove members - _a376a4/span_Add Members")): Object: 'Object Repository/ChanelMember/Page_Channel to test add  remove members - _a376a4/span_Add Members' is clicked on

2021-05-29 17:07:04 - [MESSAGE][PASSED] - Object: 'Object Repository/ChanelMember/Page_Channel to test add  remove members - _a376a4/span_Add Members' is clicked on

2021-05-29 17:07:04 - [TEST_STEP][PASSED] - click(findTestObject("ChanelMember/Page_Channel to test add  remove members - _a376a4/div_Search for people")): Object: 'Object Repository/ChanelMember/Page_Channel to test add  remove members - _a376a4/div_Search for people' is clicked on

2021-05-29 17:07:04 - [MESSAGE][PASSED] - Object: 'Object Repository/ChanelMember/Page_Channel to test add  remove members - _a376a4/div_Search for people' is clicked on

2021-05-29 17:07:04 - [TEST_STEP][PASSED] - setText(findTestObject("Object Repository/ChanelMember/Page_Channel to test add  remove members - _a376a4/input_Search for people_react-select-2-input"), username): Text 'nguyenvanb' is set on object 'Object Repository/ChanelMember/Page_Channel to test add  remove members - _a376a4/input_Search for people_react-select-2-input'

2021-05-29 17:07:35 - [MESSAGE][INFO] - Unable to find the element located by 'By.xpath: //input[@id='react-select-2-input']'. Please recheck the objects properties to make sure the desired element is located. 

2021-05-29 17:07:35 - [MESSAGE][WARNING] - [SELF-HEALING] Failed to find element with id 'Object Repository/ChanelMember/Page_Channel to test add  remove members - _a376a4/input_Search for people_react-select-2-input'. Try using Self-healing.

2021-05-29 17:07:35 - [MESSAGE][WARNING] - [SELF-HEALING] The current locator of test object 'Object Repository/ChanelMember/Page_Channel to test add  remove members - _a376a4/input_Search for people_react-select-2-input' was broken. Propose an alternative one: '//div[@id='selectItems']/div/div/div[2]/div/input'.

2021-05-29 17:08:06 - [MESSAGE][INFO] - Unable to find the element located by 'By.xpath: //input[@id='react-select-2-input']'. Please recheck the objects properties to make sure the desired element is located. 

2021-05-29 17:08:06 - [MESSAGE][WARNING] - [SELF-HEALING] Failed to find element with id 'Object Repository/ChanelMember/Page_Channel to test add  remove members - _a376a4/input_Search for people_react-select-2-input'. Try using Self-healing.

2021-05-29 17:08:07 - [MESSAGE][WARNING] - [SELF-HEALING] The current locator of test object 'Object Repository/ChanelMember/Page_Channel to test add  remove members - _a376a4/input_Search for people_react-select-2-input' was broken. Propose an alternative one: '//div[@id='selectItems']/div/div/div[2]/div/input'.

2021-05-29 17:08:07 - [MESSAGE][PASSED] - Text 'nguyenvanb' is set on object 'Object Repository/ChanelMember/Page_Channel to test add  remove members - _a376a4/input_Search for people_react-select-2-input'

2021-05-29 17:08:07 - [TEST_STEP][FAILED] - try: Unable to send keys '' to object 'Object Repository/ChanelMember/Page_Channel to test add  remove members - _a376a4/div_Search for people' (Root cause: com.kms.katalon.core.exception.StepFailedException: Unable to send keys '' to object 'Object Repository/ChanelMember/Page_Channel to test add  remove members - _a376a4/div_Search for people'
	at com.kms.katalon.core.webui.keyword.internal.WebUIKeywordMain.stepFailed(WebUIKeywordMain.groovy:64)
	at com.kms.katalon.core.webui.keyword.internal.WebUIKeywordMain.runKeyword(WebUIKeywordMain.groovy:26)
	at com.kms.katalon.core.webui.keyword.builtin.SendKeysKeyword.sendKeys(SendKeysKeyword.groovy:60)
	at com.kms.katalon.core.webui.keyword.builtin.SendKeysKeyword.execute(SendKeysKeyword.groovy:38)
	at com.kms.katalon.core.keyword.internal.KeywordExecutor.executeKeywordForPlatform(KeywordExecutor.groovy:73)
	at com.kms.katalon.core.webui.keyword.WebUiBuiltInKeywords.sendKeys(WebUiBuiltInKeywords.groovy:863)
	at com.kms.katalon.core.webui.keyword.WebUiBuiltInKeywords$sendKeys$7.call(Unknown Source)
	at Add members to channel.run(Add members to channel:44)
	at com.kms.katalon.core.main.ScriptEngine.run(ScriptEngine.java:194)
	at com.kms.katalon.core.main.ScriptEngine.runScriptAsRawText(ScriptEngine.java:119)
	at com.kms.katalon.core.main.TestCaseExecutor.runScript(TestCaseExecutor.java:398)
	at com.kms.katalon.core.main.TestCaseExecutor.doExecute(TestCaseExecutor.java:389)
	at com.kms.katalon.core.main.TestCaseExecutor.processExecutionPhase(TestCaseExecutor.java:368)
	at com.kms.katalon.core.main.TestCaseExecutor.accessMainPhase(TestCaseExecutor.java:360)
	at com.kms.katalon.core.main.TestCaseExecutor.execute(TestCaseExecutor.java:255)
	at com.kms.katalon.core.main.TestSuiteExecutor.accessTestCaseMainPhase(TestSuiteExecutor.java:203)
	at com.kms.katalon.core.main.TestSuiteExecutor.accessTestSuiteMainPhase(TestSuiteExecutor.java:152)
	at com.kms.katalon.core.main.TestSuiteExecutor.execute(TestSuiteExecutor.java:95)
	at com.kms.katalon.core.main.TestCaseMain.startTestSuite(TestCaseMain.java:157)
	at com.kms.katalon.core.main.TestCaseMain$startTestSuite$0.call(Unknown Source)
	at TempTestSuite1622307653786.run(TempTestSuite1622307653786.groovy:39)
Caused by: org.openqa.selenium.ElementNotInteractableException: element not interactable
  (Session info: chrome=91.0.4472.77)
Build info: version: '3.141.59', revision: 'e82be7d358', time: '2018-11-14T08:25:53'
System info: host: 'WIN-SERVER-2019', ip: '10.1.0.4', os.name: 'Windows Server 2019', os.arch: 'amd64', os.version: '10.0', java.version: '1.8.0_282'
Driver info: com.kms.katalon.selenium.driver.CChromeDriver
Capabilities {acceptInsecureCerts: false, browserName: chrome, browserVersion: 91.0.4472.77, chrome: {chromedriverVersion: 90.0.4430.24 (4c6d850f087da..., userDataDir: C:\Users\nttuan\AppData\Loc...}, goog:chromeOptions: {debuggerAddress: localhost:51303}, javascriptEnabled: true, networkConnectionEnabled: false, pageLoadStrategy: normal, platform: WINDOWS, platformName: WINDOWS, proxy: Proxy(), setWindowRect: true, strictFileInteractability: false, timeouts: {implicit: 0, pageLoad: 300000, script: 30000}, unhandledPromptBehavior: dismiss and notify, webauthn:extension:largeBlob: true, webauthn:virtualAuthenticators: true}
Session ID: 134c581d0cf5e2dd8a0ea7240159ff1b
	at org.openqa.selenium.remote.http.W3CHttpResponseCodec.createException(W3CHttpResponseCodec.java:187)
	at org.openqa.selenium.remote.http.W3CHttpResponseCodec.decode(W3CHttpResponseCodec.java:122)
	at org.openqa.selenium.remote.http.W3CHttpResponseCodec.decode(W3CHttpResponseCodec.java:49)
	at org.openqa.selenium.remote.HttpCommandExecutor.execute(HttpCommandExecutor.java:158)
	at org.openqa.selenium.remote.service.DriverCommandExecutor.execute(DriverCommandExecutor.java:83)
	at org.openqa.selenium.remote.RemoteWebDriver.execute(RemoteWebDriver.java:552)
	at com.kms.katalon.selenium.driver.CChromeDriver.execute(CChromeDriver.java:19)
	at org.openqa.selenium.remote.RemoteWebElement.execute(RemoteWebElement.java:285)
	at org.openqa.selenium.remote.RemoteWebElement.sendKeys(RemoteWebElement.java:106)
	at org.openqa.selenium.support.events.EventFiringWebDriver$EventFiringWebElement.lambda$new$0(EventFiringWebDriver.java:404)
	at com.sun.proxy.$Proxy17.sendKeys(Unknown Source)
	at org.openqa.selenium.support.events.EventFiringWebDriver$EventFiringWebElement.sendKeys(EventFiringWebDriver.java:429)
	at com.kms.katalon.core.webui.keyword.builtin.SendKeysKeyword$_sendKeys_closure1.doCall(SendKeysKeyword.groovy:53)
	at com.kms.katalon.core.webui.keyword.builtin.SendKeysKeyword$_sendKeys_closure1.call(SendKeysKeyword.groovy)
	at com.kms.katalon.core.webui.keyword.internal.WebUIKeywordMain.runKeyword(WebUIKeywordMain.groovy:20)
	at com.kms.katalon.core.webui.keyword.builtin.SendKeysKeyword.sendKeys(SendKeysKeyword.groovy:60)
	at com.kms.katalon.core.webui.keyword.builtin.SendKeysKeyword.execute(SendKeysKeyword.groovy:38)
	at com.kms.katalon.core.keyword.internal.KeywordExecutor.executeKeywordForPlatform(KeywordExecutor.groovy:73)
	at com.kms.katalon.core.webui.keyword.WebUiBuiltInKeywords.sendKeys(WebUiBuiltInKeywords.groovy:863)
	at com.kms.katalon.core.webui.keyword.WebUiBuiltInKeywords$sendKeys$7.call(Unknown Source)
	at Script1622167440372.run(Script1622167440372.groovy:44)
	... 13 more
)

2021-05-29 17:08:07 - [TEST_STEP][PASSED] - verifyTextNotPresent("No results found matching", false): Text 'No results found matching' is not present on page

2021-05-29 17:08:08 - [MESSAGE][PASSED] - Text 'No results found matching' is not present on page

2021-05-29 17:08:08 - [TEST_STEP][FAILED] - sendKeys(findTestObject("ChanelMember/Page_Channel to test add  remove members - _a376a4/div_Search for people"), Keys.chord(ENTER)): Unable to send keys '' to object 'Object Repository/ChanelMember/Page_Channel to test add  remove members - _a376a4/div_Search for people' (Root cause: com.kms.katalon.core.exception.StepFailedException: Unable to send keys '' to object 'Object Repository/ChanelMember/Page_Channel to test add  remove members - _a376a4/div_Search for people'
	at com.kms.katalon.core.webui.keyword.internal.WebUIKeywordMain.stepFailed(WebUIKeywordMain.groovy:64)
	at com.kms.katalon.core.webui.keyword.internal.WebUIKeywordMain.runKeyword(WebUIKeywordMain.groovy:26)
	at com.kms.katalon.core.webui.keyword.builtin.SendKeysKeyword.sendKeys(SendKeysKeyword.groovy:60)
	at com.kms.katalon.core.webui.keyword.builtin.SendKeysKeyword.execute(SendKeysKeyword.groovy:38)
	at com.kms.katalon.core.keyword.internal.KeywordExecutor.executeKeywordForPlatform(KeywordExecutor.groovy:73)
	at com.kms.katalon.core.webui.keyword.WebUiBuiltInKeywords.sendKeys(WebUiBuiltInKeywords.groovy:863)
	at com.kms.katalon.core.webui.keyword.WebUiBuiltInKeywords$sendKeys$7.call(Unknown Source)
	at Add members to channel.run(Add members to channel:44)
	at com.kms.katalon.core.main.ScriptEngine.run(ScriptEngine.java:194)
	at com.kms.katalon.core.main.ScriptEngine.runScriptAsRawText(ScriptEngine.java:119)
	at com.kms.katalon.core.main.TestCaseExecutor.runScript(TestCaseExecutor.java:398)
	at com.kms.katalon.core.main.TestCaseExecutor.doExecute(TestCaseExecutor.java:389)
	at com.kms.katalon.core.main.TestCaseExecutor.processExecutionPhase(TestCaseExecutor.java:368)
	at com.kms.katalon.core.main.TestCaseExecutor.accessMainPhase(TestCaseExecutor.java:360)
	at com.kms.katalon.core.main.TestCaseExecutor.execute(TestCaseExecutor.java:255)
	at com.kms.katalon.core.main.TestSuiteExecutor.accessTestCaseMainPhase(TestSuiteExecutor.java:203)
	at com.kms.katalon.core.main.TestSuiteExecutor.accessTestSuiteMainPhase(TestSuiteExecutor.java:152)
	at com.kms.katalon.core.main.TestSuiteExecutor.execute(TestSuiteExecutor.java:95)
	at com.kms.katalon.core.main.TestCaseMain.startTestSuite(TestCaseMain.java:157)
	at com.kms.katalon.core.main.TestCaseMain$startTestSuite$0.call(Unknown Source)
	at TempTestSuite1622307653786.run(TempTestSuite1622307653786.groovy:39)
Caused by: org.openqa.selenium.ElementNotInteractableException: element not interactable
  (Session info: chrome=91.0.4472.77)
Build info: version: '3.141.59', revision: 'e82be7d358', time: '2018-11-14T08:25:53'
System info: host: 'WIN-SERVER-2019', ip: '10.1.0.4', os.name: 'Windows Server 2019', os.arch: 'amd64', os.version: '10.0', java.version: '1.8.0_282'
Driver info: com.kms.katalon.selenium.driver.CChromeDriver
Capabilities {acceptInsecureCerts: false, browserName: chrome, browserVersion: 91.0.4472.77, chrome: {chromedriverVersion: 90.0.4430.24 (4c6d850f087da..., userDataDir: C:\Users\nttuan\AppData\Loc...}, goog:chromeOptions: {debuggerAddress: localhost:51303}, javascriptEnabled: true, networkConnectionEnabled: false, pageLoadStrategy: normal, platform: WINDOWS, platformName: WINDOWS, proxy: Proxy(), setWindowRect: true, strictFileInteractability: false, timeouts: {implicit: 0, pageLoad: 300000, script: 30000}, unhandledPromptBehavior: dismiss and notify, webauthn:extension:largeBlob: true, webauthn:virtualAuthenticators: true}
Session ID: 134c581d0cf5e2dd8a0ea7240159ff1b
	at org.openqa.selenium.remote.http.W3CHttpResponseCodec.createException(W3CHttpResponseCodec.java:187)
	at org.openqa.selenium.remote.http.W3CHttpResponseCodec.decode(W3CHttpResponseCodec.java:122)
	at org.openqa.selenium.remote.http.W3CHttpResponseCodec.decode(W3CHttpResponseCodec.java:49)
	at org.openqa.selenium.remote.HttpCommandExecutor.execute(HttpCommandExecutor.java:158)
	at org.openqa.selenium.remote.service.DriverCommandExecutor.execute(DriverCommandExecutor.java:83)
	at org.openqa.selenium.remote.RemoteWebDriver.execute(RemoteWebDriver.java:552)
	at com.kms.katalon.selenium.driver.CChromeDriver.execute(CChromeDriver.java:19)
	at org.openqa.selenium.remote.RemoteWebElement.execute(RemoteWebElement.java:285)
	at org.openqa.selenium.remote.RemoteWebElement.sendKeys(RemoteWebElement.java:106)
	at org.openqa.selenium.support.events.EventFiringWebDriver$EventFiringWebElement.lambda$new$0(EventFiringWebDriver.java:404)
	at com.sun.proxy.$Proxy17.sendKeys(Unknown Source)
	at org.openqa.selenium.support.events.EventFiringWebDriver$EventFiringWebElement.sendKeys(EventFiringWebDriver.java:429)
	at com.kms.katalon.core.webui.keyword.builtin.SendKeysKeyword$_sendKeys_closure1.doCall(SendKeysKeyword.groovy:53)
	at com.kms.katalon.core.webui.keyword.builtin.SendKeysKeyword$_sendKeys_closure1.call(SendKeysKeyword.groovy)
	at com.kms.katalon.core.webui.keyword.internal.WebUIKeywordMain.runKeyword(WebUIKeywordMain.groovy:20)
	at com.kms.katalon.core.webui.keyword.builtin.SendKeysKeyword.sendKeys(SendKeysKeyword.groovy:60)
	at com.kms.katalon.core.webui.keyword.builtin.SendKeysKeyword.execute(SendKeysKeyword.groovy:38)
	at com.kms.katalon.core.keyword.internal.KeywordExecutor.executeKeywordForPlatform(KeywordExecutor.groovy:73)
	at com.kms.katalon.core.webui.keyword.WebUiBuiltInKeywords.sendKeys(WebUiBuiltInKeywords.groovy:863)
	at com.kms.katalon.core.webui.keyword.WebUiBuiltInKeywords$sendKeys$7.call(Unknown Source)
	at Script1622167440372.run(Script1622167440372.groovy:44)
	... 13 more
)

2021-05-29 17:08:08 - [MESSAGE][FAILED] - Unable to send keys '' to object 'Object Repository/ChanelMember/Page_Channel to test add  remove members - _a376a4/div_Search for people' (Root cause: com.kms.katalon.core.exception.StepFailedException: Unable to send keys '' to object 'Object Repository/ChanelMember/Page_Channel to test add  remove members - _a376a4/div_Search for people'
	at com.kms.katalon.core.webui.keyword.internal.WebUIKeywordMain.stepFailed(WebUIKeywordMain.groovy:64)
	at com.kms.katalon.core.webui.keyword.internal.WebUIKeywordMain.runKeyword(WebUIKeywordMain.groovy:26)
	at com.kms.katalon.core.webui.keyword.builtin.SendKeysKeyword.sendKeys(SendKeysKeyword.groovy:60)
	at com.kms.katalon.core.webui.keyword.builtin.SendKeysKeyword.execute(SendKeysKeyword.groovy:38)
	at com.kms.katalon.core.keyword.internal.KeywordExecutor.executeKeywordForPlatform(KeywordExecutor.groovy:73)
	at com.kms.katalon.core.webui.keyword.WebUiBuiltInKeywords.sendKeys(WebUiBuiltInKeywords.groovy:863)
	at com.kms.katalon.core.webui.keyword.WebUiBuiltInKeywords$sendKeys$7.call(Unknown Source)
	at Add members to channel.run(Add members to channel:44)
	at com.kms.katalon.core.main.ScriptEngine.run(ScriptEngine.java:194)
	at com.kms.katalon.core.main.ScriptEngine.runScriptAsRawText(ScriptEngine.java:119)
	at com.kms.katalon.core.main.TestCaseExecutor.runScript(TestCaseExecutor.java:398)
	at com.kms.katalon.core.main.TestCaseExecutor.doExecute(TestCaseExecutor.java:389)
	at com.kms.katalon.core.main.TestCaseExecutor.processExecutionPhase(TestCaseExecutor.java:368)
	at com.kms.katalon.core.main.TestCaseExecutor.accessMainPhase(TestCaseExecutor.java:360)
	at com.kms.katalon.core.main.TestCaseExecutor.execute(TestCaseExecutor.java:255)
	at com.kms.katalon.core.main.TestSuiteExecutor.accessTestCaseMainPhase(TestSuiteExecutor.java:203)
	at com.kms.katalon.core.main.TestSuiteExecutor.accessTestSuiteMainPhase(TestSuiteExecutor.java:152)
	at com.kms.katalon.core.main.TestSuiteExecutor.execute(TestSuiteExecutor.java:95)
	at com.kms.katalon.core.main.TestCaseMain.startTestSuite(TestCaseMain.java:157)
	at com.kms.katalon.core.main.TestCaseMain$startTestSuite$0.call(Unknown Source)
	at TempTestSuite1622307653786.run(TempTestSuite1622307653786.groovy:39)
Caused by: org.openqa.selenium.ElementNotInteractableException: element not interactable
  (Session info: chrome=91.0.4472.77)
Build info: version: '3.141.59', revision: 'e82be7d358', time: '2018-11-14T08:25:53'
System info: host: 'WIN-SERVER-2019', ip: '10.1.0.4', os.name: 'Windows Server 2019', os.arch: 'amd64', os.version: '10.0', java.version: '1.8.0_282'
Driver info: com.kms.katalon.selenium.driver.CChromeDriver
Capabilities {acceptInsecureCerts: false, browserName: chrome, browserVersion: 91.0.4472.77, chrome: {chromedriverVersion: 90.0.4430.24 (4c6d850f087da..., userDataDir: C:\Users\nttuan\AppData\Loc...}, goog:chromeOptions: {debuggerAddress: localhost:51303}, javascriptEnabled: true, networkConnectionEnabled: false, pageLoadStrategy: normal, platform: WINDOWS, platformName: WINDOWS, proxy: Proxy(), setWindowRect: true, strictFileInteractability: false, timeouts: {implicit: 0, pageLoad: 300000, script: 30000}, unhandledPromptBehavior: dismiss and notify, webauthn:extension:largeBlob: true, webauthn:virtualAuthenticators: true}
Session ID: 134c581d0cf5e2dd8a0ea7240159ff1b
	at org.openqa.selenium.remote.http.W3CHttpResponseCodec.createException(W3CHttpResponseCodec.java:187)
	at org.openqa.selenium.remote.http.W3CHttpResponseCodec.decode(W3CHttpResponseCodec.java:122)
	at org.openqa.selenium.remote.http.W3CHttpResponseCodec.decode(W3CHttpResponseCodec.java:49)
	at org.openqa.selenium.remote.HttpCommandExecutor.execute(HttpCommandExecutor.java:158)
	at org.openqa.selenium.remote.service.DriverCommandExecutor.execute(DriverCommandExecutor.java:83)
	at org.openqa.selenium.remote.RemoteWebDriver.execute(RemoteWebDriver.java:552)
	at com.kms.katalon.selenium.driver.CChromeDriver.execute(CChromeDriver.java:19)
	at org.openqa.selenium.remote.RemoteWebElement.execute(RemoteWebElement.java:285)
	at org.openqa.selenium.remote.RemoteWebElement.sendKeys(RemoteWebElement.java:106)
	at org.openqa.selenium.support.events.EventFiringWebDriver$EventFiringWebElement.lambda$new$0(EventFiringWebDriver.java:404)
	at com.sun.proxy.$Proxy17.sendKeys(Unknown Source)
	at org.openqa.selenium.support.events.EventFiringWebDriver$EventFiringWebElement.sendKeys(EventFiringWebDriver.java:429)
	at com.kms.katalon.core.webui.keyword.builtin.SendKeysKeyword$_sendKeys_closure1.doCall(SendKeysKeyword.groovy:53)
	at com.kms.katalon.core.webui.keyword.builtin.SendKeysKeyword$_sendKeys_closure1.call(SendKeysKeyword.groovy)
	at com.kms.katalon.core.webui.keyword.internal.WebUIKeywordMain.runKeyword(WebUIKeywordMain.groovy:20)
	at com.kms.katalon.core.webui.keyword.builtin.SendKeysKeyword.sendKeys(SendKeysKeyword.groovy:60)
	at com.kms.katalon.core.webui.keyword.builtin.SendKeysKeyword.execute(SendKeysKeyword.groovy:38)
	at com.kms.katalon.core.keyword.internal.KeywordExecutor.executeKeywordForPlatform(KeywordExecutor.groovy:73)
	at com.kms.katalon.core.webui.keyword.WebUiBuiltInKeywords.sendKeys(WebUiBuiltInKeywords.groovy:863)
	at com.kms.katalon.core.webui.keyword.WebUiBuiltInKeywords$sendKeys$7.call(Unknown Source)
	at Script1622167440372.run(Script1622167440372.groovy:44)
	... 13 more
)
[[ATTACHMENT|C:\\Users\\nttuan\\Downloads\\CDNC\\mattermost-testing\\Reports\\20210529_170053\\Run all test cases\\20210529_170053\\1622308088510.png]]

2021-05-29 17:08:08 - [TEST_STEP][PASSED] - catch (Exception e): Object: 'Object Repository/ChanelMember/Page_Channel to test add  remove members - TEAM NAME Mattermost/div_CloseAdd search' is clicked on

2021-05-29 17:08:08 - [TEST_STEP][PASSED] - click(findTestObject("ChanelMember/Page_Channel to test add  remove members - TEAM NAME Mattermost/div_CloseAdd search")): Object: 'Object Repository/ChanelMember/Page_Channel to test add  remove members - TEAM NAME Mattermost/div_CloseAdd search' is clicked on

2021-05-29 17:08:09 - [MESSAGE][PASSED] - Object: 'Object Repository/ChanelMember/Page_Channel to test add  remove members - TEAM NAME Mattermost/div_CloseAdd search' is clicked on

2021-05-29 17:08:09 - [TEST_STEP][PASSED] - closeBrowser(): Browser is closed

2021-05-29 17:08:09 - [MESSAGE][PASSED] - Browser is closed]]></system-out>
         <system-err><![CDATA[]]></system-err>
      </testcase>
      <testcase name="Test Cases/Loop/Search messages" time="17.7" classname="Test Cases/Loop/Search messages" status="PASSED">
         <system-out><![CDATA[2021-05-29 17:08:09 - [TEST_CASE][PASSED] - Test Cases/Loop/Search messages: Test Cases/Loop/Search messages

2021-05-29 17:08:10 - [TEST_STEP][PASSED] - callTestCase(findTestCase("Common Test Cases/Login"), ["Username":"nttuan", "Password":"12345678zZ@"], STOP_ON_FAILURE): Call Test Case 'Test Cases/Common Test Cases/Login' successfully

2021-05-29 17:08:10 - [TEST_CASE][PASSED] - Test Cases/Common Test Cases/Login: Test Cases/Common Test Cases/Login

2021-05-29 17:08:10 - [TEST_STEP][PASSED] - openBrowser(""): Browser is opened with url: ''

2021-05-29 17:08:10 - [MESSAGE][INFO] - Starting 'Chrome' driver

2021-05-29 17:08:10 - [MESSAGE][INFO] - Action delay is set to 0 milliseconds

2021-05-29 17:08:11 - [MESSAGE][PASSED] - Browser is opened with url: ''

2021-05-29 17:08:11 - [TEST_STEP][PASSED] - navigateToUrl("https://chudenangcao2021.cf/"): Navigate to 'https://chudenangcao2021.cf/' successfully

2021-05-29 17:08:11 - [MESSAGE][PASSED] - Navigate to 'https://chudenangcao2021.cf/' successfully

2021-05-29 17:08:11 - [TEST_STEP][PASSED] - setText(findTestObject("Object Repository/Page_Mattermost/input_All team communication in one place, _dcc84b"), Username): Text 'nttuan' is set on object 'Object Repository/Page_Mattermost/input_All team communication in one place, _dcc84b'

2021-05-29 17:08:13 - [MESSAGE][PASSED] - Text 'nttuan' is set on object 'Object Repository/Page_Mattermost/input_All team communication in one place, _dcc84b'

2021-05-29 17:08:13 - [TEST_STEP][PASSED] - setText(findTestObject("Object Repository/Page_Mattermost/input_All team communication in one place, _a3edc6"), Password): Text '12345678zZ@' is set on object 'Object Repository/Page_Mattermost/input_All team communication in one place, _a3edc6'

2021-05-29 17:08:13 - [MESSAGE][PASSED] - Text '12345678zZ@' is set on object 'Object Repository/Page_Mattermost/input_All team communication in one place, _a3edc6'

2021-05-29 17:08:13 - [TEST_STEP][PASSED] - click(findTestObject("Object Repository/Page_Mattermost/button_Sign in")): Object: 'Object Repository/Page_Mattermost/button_Sign in' is clicked on

2021-05-29 17:08:14 - [MESSAGE][PASSED] - Object: 'Object Repository/Page_Mattermost/button_Sign in' is clicked on

2021-05-29 17:08:14 - [TEST_STEP][PASSED] - verifyLinksAccessible(["https://chudenangcao2021.cf/cdnc-cnpm-2021/channels"]): All links are accessible

2021-05-29 17:08:14 - [MESSAGE][INFO] - HAR: C:\Users\nttuan\Downloads\CDNC\mattermost-testing\Reports\20210529_170053\Run all test cases\20210529_170053\requests\main\30.har

2021-05-29 17:08:14 - [MESSAGE][PASSED] - Send request successfully

2021-05-29 17:08:14 - [MESSAGE][PASSED] - All links are accessible

2021-05-29 17:08:14 - [MESSAGE][PASSED] - Call Test Case 'Test Cases/Common Test Cases/Login' successfully

2021-05-29 17:08:14 - [TEST_STEP][PASSED] - click(findTestObject("Object Repository/SearchMessage/Page_TEST CHANNEL - TEAM NAME Mattermost/span_TEST CHANNEL")): Object: 'Object Repository/SearchMessage/Page_TEST CHANNEL - TEAM NAME Mattermost/span_TEST CHANNEL' is clicked on

2021-05-29 17:08:16 - [MESSAGE][PASSED] - Object: 'Object Repository/SearchMessage/Page_TEST CHANNEL - TEAM NAME Mattermost/span_TEST CHANNEL' is clicked on

2021-05-29 17:08:16 - [TEST_STEP][PASSED] - click(findTestObject("Object Repository/SearchMessage/Page_TEST CHANNEL - TEAM NAME Mattermost/span_TEST CHANNEL_icon icon--standard")): Object: 'Object Repository/SearchMessage/Page_TEST CHANNEL - TEAM NAME Mattermost/span_TEST CHANNEL_icon icon--standard' is clicked on

2021-05-29 17:08:16 - [MESSAGE][PASSED] - Object: 'Object Repository/SearchMessage/Page_TEST CHANNEL - TEAM NAME Mattermost/span_TEST CHANNEL_icon icon--standard' is clicked on

2021-05-29 17:08:16 - [TEST_STEP][PASSED] - internalSearchMessages = findTestData("Internal/Internal Search Messages"): null

2021-05-29 17:08:16 - [TEST_STEP][PASSED] - nMessages = internalSearchMessages.getRowNumbers(): null

2021-05-29 17:08:16 - [TEST_STEP][PASSED] - for ([i = 1, i <= nMessages, (i++)]): null

2021-05-29 17:08:16 - [TEST_STEP][PASSED] - message = internalSearchMessages.getValue(1, i): null

2021-05-29 17:08:16 - [TEST_STEP][PASSED] - setText(findTestObject("Object Repository/SearchMessage/Page_TEST CHANNEL - TEAM NAME Mattermost/input_TEST CHANNEL_searchBox"), message): Text 'test' is set on object 'Object Repository/SearchMessage/Page_TEST CHANNEL - TEAM NAME Mattermost/input_TEST CHANNEL_searchBox'

2021-05-29 17:08:17 - [MESSAGE][PASSED] - Text 'test' is set on object 'Object Repository/SearchMessage/Page_TEST CHANNEL - TEAM NAME Mattermost/input_TEST CHANNEL_searchBox'

2021-05-29 17:08:17 - [TEST_STEP][PASSED] - sendKeys(findTestObject("Object Repository/SearchMessage/Page_TEST CHANNEL - TEAM NAME Mattermost/input_TEST CHANNEL_searchBox"), Keys.chord(ENTER)): Keys 'ENTER + ' sent to object: 'Object Repository/SearchMessage/Page_TEST CHANNEL - TEAM NAME Mattermost/input_TEST CHANNEL_searchBox'

2021-05-29 17:08:18 - [MESSAGE][PASSED] - Keys 'ENTER + ' sent to object: 'Object Repository/SearchMessage/Page_TEST CHANNEL - TEAM NAME Mattermost/input_TEST CHANNEL_searchBox'

2021-05-29 17:08:18 - [TEST_STEP][PASSED] - Thread.sleep(500): null

2021-05-29 17:08:18 - [TEST_STEP][PASSED] - message = internalSearchMessages.getValue(1, i): null

2021-05-29 17:08:18 - [TEST_STEP][PASSED] - setText(findTestObject("Object Repository/SearchMessage/Page_TEST CHANNEL - TEAM NAME Mattermost/input_TEST CHANNEL_searchBox"), message): Text 'hello' is set on object 'Object Repository/SearchMessage/Page_TEST CHANNEL - TEAM NAME Mattermost/input_TEST CHANNEL_searchBox'

2021-05-29 17:08:20 - [MESSAGE][PASSED] - Text 'hello' is set on object 'Object Repository/SearchMessage/Page_TEST CHANNEL - TEAM NAME Mattermost/input_TEST CHANNEL_searchBox'

2021-05-29 17:08:20 - [TEST_STEP][PASSED] - sendKeys(findTestObject("Object Repository/SearchMessage/Page_TEST CHANNEL - TEAM NAME Mattermost/input_TEST CHANNEL_searchBox"), Keys.chord(ENTER)): Keys 'ENTER + ' sent to object: 'Object Repository/SearchMessage/Page_TEST CHANNEL - TEAM NAME Mattermost/input_TEST CHANNEL_searchBox'

2021-05-29 17:08:20 - [MESSAGE][PASSED] - Keys 'ENTER + ' sent to object: 'Object Repository/SearchMessage/Page_TEST CHANNEL - TEAM NAME Mattermost/input_TEST CHANNEL_searchBox'

2021-05-29 17:08:20 - [TEST_STEP][PASSED] - Thread.sleep(500): null

2021-05-29 17:08:20 - [TEST_STEP][PASSED] - message = internalSearchMessages.getValue(1, i): null

2021-05-29 17:08:20 - [TEST_STEP][PASSED] - setText(findTestObject("Object Repository/SearchMessage/Page_TEST CHANNEL - TEAM NAME Mattermost/input_TEST CHANNEL_searchBox"), message): Text 'current' is set on object 'Object Repository/SearchMessage/Page_TEST CHANNEL - TEAM NAME Mattermost/input_TEST CHANNEL_searchBox'

2021-05-29 17:08:21 - [MESSAGE][PASSED] - Text 'current' is set on object 'Object Repository/SearchMessage/Page_TEST CHANNEL - TEAM NAME Mattermost/input_TEST CHANNEL_searchBox'

2021-05-29 17:08:21 - [TEST_STEP][PASSED] - sendKeys(findTestObject("Object Repository/SearchMessage/Page_TEST CHANNEL - TEAM NAME Mattermost/input_TEST CHANNEL_searchBox"), Keys.chord(ENTER)): Keys 'ENTER + ' sent to object: 'Object Repository/SearchMessage/Page_TEST CHANNEL - TEAM NAME Mattermost/input_TEST CHANNEL_searchBox'

2021-05-29 17:08:22 - [MESSAGE][PASSED] - Keys 'ENTER + ' sent to object: 'Object Repository/SearchMessage/Page_TEST CHANNEL - TEAM NAME Mattermost/input_TEST CHANNEL_searchBox'

2021-05-29 17:08:22 - [TEST_STEP][PASSED] - Thread.sleep(500): null

2021-05-29 17:08:22 - [TEST_STEP][PASSED] - message = internalSearchMessages.getValue(1, i): null

2021-05-29 17:08:22 - [TEST_STEP][PASSED] - setText(findTestObject("Object Repository/SearchMessage/Page_TEST CHANNEL - TEAM NAME Mattermost/input_TEST CHANNEL_searchBox"), message): Text 'virus' is set on object 'Object Repository/SearchMessage/Page_TEST CHANNEL - TEAM NAME Mattermost/input_TEST CHANNEL_searchBox'

2021-05-29 17:08:23 - [MESSAGE][PASSED] - Text 'virus' is set on object 'Object Repository/SearchMessage/Page_TEST CHANNEL - TEAM NAME Mattermost/input_TEST CHANNEL_searchBox'

2021-05-29 17:08:23 - [TEST_STEP][PASSED] - sendKeys(findTestObject("Object Repository/SearchMessage/Page_TEST CHANNEL - TEAM NAME Mattermost/input_TEST CHANNEL_searchBox"), Keys.chord(ENTER)): Keys 'ENTER + ' sent to object: 'Object Repository/SearchMessage/Page_TEST CHANNEL - TEAM NAME Mattermost/input_TEST CHANNEL_searchBox'

2021-05-29 17:08:24 - [MESSAGE][PASSED] - Keys 'ENTER + ' sent to object: 'Object Repository/SearchMessage/Page_TEST CHANNEL - TEAM NAME Mattermost/input_TEST CHANNEL_searchBox'

2021-05-29 17:08:24 - [TEST_STEP][PASSED] - Thread.sleep(500): null

2021-05-29 17:08:24 - [TEST_STEP][PASSED] - message = internalSearchMessages.getValue(1, i): null

2021-05-29 17:08:24 - [TEST_STEP][PASSED] - setText(findTestObject("Object Repository/SearchMessage/Page_TEST CHANNEL - TEAM NAME Mattermost/input_TEST CHANNEL_searchBox"), message): Text 'not found this message' is set on object 'Object Repository/SearchMessage/Page_TEST CHANNEL - TEAM NAME Mattermost/input_TEST CHANNEL_searchBox'

2021-05-29 17:08:25 - [MESSAGE][PASSED] - Text 'not found this message' is set on object 'Object Repository/SearchMessage/Page_TEST CHANNEL - TEAM NAME Mattermost/input_TEST CHANNEL_searchBox'

2021-05-29 17:08:25 - [TEST_STEP][PASSED] - sendKeys(findTestObject("Object Repository/SearchMessage/Page_TEST CHANNEL - TEAM NAME Mattermost/input_TEST CHANNEL_searchBox"), Keys.chord(ENTER)): Keys 'ENTER + ' sent to object: 'Object Repository/SearchMessage/Page_TEST CHANNEL - TEAM NAME Mattermost/input_TEST CHANNEL_searchBox'

2021-05-29 17:08:26 - [MESSAGE][PASSED] - Keys 'ENTER + ' sent to object: 'Object Repository/SearchMessage/Page_TEST CHANNEL - TEAM NAME Mattermost/input_TEST CHANNEL_searchBox'

2021-05-29 17:08:26 - [TEST_STEP][PASSED] - Thread.sleep(500): null

2021-05-29 17:08:26 - [TEST_STEP][PASSED] - closeBrowser(): Browser is closed

2021-05-29 17:08:27 - [MESSAGE][PASSED] - Browser is closed]]></system-out>
         <system-err><![CDATA[]]></system-err>
      </testcase>
      <testcase name="Test Cases/Loop/Send direct messages" time="21.543" classname="Test Cases/Loop/Send direct messages" status="PASSED">
         <system-out><![CDATA[2021-05-29 17:08:27 - [TEST_CASE][PASSED] - Test Cases/Loop/Send direct messages: Test Cases/Loop/Send direct messages

2021-05-29 17:08:27 - [TEST_STEP][PASSED] - callTestCase(findTestCase("Common Test Cases/Login"), ["Username":"nttuan", "Password":"12345678zZ@"], STOP_ON_FAILURE): Call Test Case 'Test Cases/Common Test Cases/Login' successfully

2021-05-29 17:08:27 - [TEST_CASE][PASSED] - Test Cases/Common Test Cases/Login: Test Cases/Common Test Cases/Login

2021-05-29 17:08:27 - [TEST_STEP][PASSED] - openBrowser(""): Browser is opened with url: ''

2021-05-29 17:08:27 - [MESSAGE][INFO] - Starting 'Chrome' driver

2021-05-29 17:08:27 - [MESSAGE][INFO] - Action delay is set to 0 milliseconds

2021-05-29 17:08:29 - [MESSAGE][PASSED] - Browser is opened with url: ''

2021-05-29 17:08:29 - [TEST_STEP][PASSED] - navigateToUrl("https://chudenangcao2021.cf/"): Navigate to 'https://chudenangcao2021.cf/' successfully

2021-05-29 17:08:29 - [MESSAGE][PASSED] - Navigate to 'https://chudenangcao2021.cf/' successfully

2021-05-29 17:08:29 - [TEST_STEP][PASSED] - setText(findTestObject("Object Repository/Page_Mattermost/input_All team communication in one place, _dcc84b"), Username): Text 'nttuan' is set on object 'Object Repository/Page_Mattermost/input_All team communication in one place, _dcc84b'

2021-05-29 17:08:30 - [MESSAGE][PASSED] - Text 'nttuan' is set on object 'Object Repository/Page_Mattermost/input_All team communication in one place, _dcc84b'

2021-05-29 17:08:30 - [TEST_STEP][PASSED] - setText(findTestObject("Object Repository/Page_Mattermost/input_All team communication in one place, _a3edc6"), Password): Text '12345678zZ@' is set on object 'Object Repository/Page_Mattermost/input_All team communication in one place, _a3edc6'

2021-05-29 17:08:31 - [MESSAGE][PASSED] - Text '12345678zZ@' is set on object 'Object Repository/Page_Mattermost/input_All team communication in one place, _a3edc6'

2021-05-29 17:08:31 - [TEST_STEP][PASSED] - click(findTestObject("Object Repository/Page_Mattermost/button_Sign in")): Object: 'Object Repository/Page_Mattermost/button_Sign in' is clicked on

2021-05-29 17:08:32 - [MESSAGE][PASSED] - Object: 'Object Repository/Page_Mattermost/button_Sign in' is clicked on

2021-05-29 17:08:32 - [TEST_STEP][PASSED] - verifyLinksAccessible(["https://chudenangcao2021.cf/cdnc-cnpm-2021/channels"]): All links are accessible

2021-05-29 17:08:32 - [MESSAGE][INFO] - HAR: C:\Users\nttuan\Downloads\CDNC\mattermost-testing\Reports\20210529_170053\Run all test cases\20210529_170053\requests\main\31.har

2021-05-29 17:08:32 - [MESSAGE][PASSED] - Send request successfully

2021-05-29 17:08:32 - [MESSAGE][PASSED] - All links are accessible

2021-05-29 17:08:32 - [MESSAGE][PASSED] - Call Test Case 'Test Cases/Common Test Cases/Login' successfully

2021-05-29 17:08:32 - [TEST_STEP][PASSED] - click(findTestObject("Object Repository/Direct Message/Page_TEST CHANNEL - TEAM NAME Mattermost/i_DIRECT MESSAGES_icon-plus")): Object: 'Object Repository/Direct Message/Page_TEST CHANNEL - TEAM NAME Mattermost/i_DIRECT MESSAGES_icon-plus' is clicked on

2021-05-29 17:08:33 - [MESSAGE][PASSED] - Object: 'Object Repository/Direct Message/Page_TEST CHANNEL - TEAM NAME Mattermost/i_DIRECT MESSAGES_icon-plus' is clicked on

2021-05-29 17:08:33 - [TEST_STEP][PASSED] - setText(findTestObject("Object Repository/Direct Message/Page_TEST CHANNEL - TEAM NAME Mattermost/input_Search for people_react-select-2-input"), username): Text 'nguyenvanb' is set on object 'Object Repository/Direct Message/Page_TEST CHANNEL - TEAM NAME Mattermost/input_Search for people_react-select-2-input'

2021-05-29 17:08:35 - [MESSAGE][PASSED] - Text 'nguyenvanb' is set on object 'Object Repository/Direct Message/Page_TEST CHANNEL - TEAM NAME Mattermost/input_Search for people_react-select-2-input'

2021-05-29 17:08:35 - [TEST_STEP][PASSED] - sendKeys(findTestObject("Object Repository/Direct Message/Page_TEST CHANNEL - TEAM NAME Mattermost/input_Search for people_react-select-2-input"), Keys.chord(ENTER)): Keys 'ENTER + ' sent to object: 'Object Repository/Direct Message/Page_TEST CHANNEL - TEAM NAME Mattermost/input_Search for people_react-select-2-input'

2021-05-29 17:08:36 - [MESSAGE][PASSED] - Keys 'ENTER + ' sent to object: 'Object Repository/Direct Message/Page_TEST CHANNEL - TEAM NAME Mattermost/input_Search for people_react-select-2-input'

2021-05-29 17:08:36 - [TEST_STEP][PASSED] - click(findTestObject("Object Repository/Direct Message/Page_TEST CHANNEL - TEAM NAME Mattermost/button_Go")): Object: 'Object Repository/Direct Message/Page_TEST CHANNEL - TEAM NAME Mattermost/button_Go' is clicked on

2021-05-29 17:08:36 - [MESSAGE][PASSED] - Object: 'Object Repository/Direct Message/Page_TEST CHANNEL - TEAM NAME Mattermost/button_Go' is clicked on

2021-05-29 17:08:36 - [TEST_STEP][PASSED] - message = String.format("This test will sent %d direct messages using while loop", nMessage): null

2021-05-29 17:08:36 - [TEST_STEP][PASSED] - format = DateTimeFormatter.ofPattern("dd-MM-yyyy HH:mm:ss"): null

2021-05-29 17:08:36 - [TEST_STEP][PASSED] - setText(findTestObject("Object Repository/Direct Message/Page_nguyenvanb - TEAM NAME Mattermost/textarea_Write to nguyenvanb_post_textbox"), message): Text 'This test will sent 5 direct messages using while loop' is set on object 'Object Repository/Direct Message/Page_nguyenvanb - TEAM NAME Mattermost/textarea_Write to nguyenvanb_post_textbox'

2021-05-29 17:08:38 - [MESSAGE][PASSED] - Text 'This test will sent 5 direct messages using while loop' is set on object 'Object Repository/Direct Message/Page_nguyenvanb - TEAM NAME Mattermost/textarea_Write to nguyenvanb_post_textbox'

2021-05-29 17:08:38 - [TEST_STEP][PASSED] - sendKeys(findTestObject("Object Repository/Direct Message/Page_nguyenvanb - TEAM NAME Mattermost/textarea_Write to nguyenvanb_post_textbox"), Keys.chord(ENTER)): Keys 'ENTER + ' sent to object: 'Object Repository/Direct Message/Page_nguyenvanb - TEAM NAME Mattermost/textarea_Write to nguyenvanb_post_textbox'

2021-05-29 17:08:38 - [MESSAGE][PASSED] - Keys 'ENTER + ' sent to object: 'Object Repository/Direct Message/Page_nguyenvanb - TEAM NAME Mattermost/textarea_Write to nguyenvanb_post_textbox'

2021-05-29 17:08:38 - [TEST_STEP][PASSED] - while (nMessage > 0): null

2021-05-29 17:08:38 - [TEST_STEP][PASSED] - message = String.format("Sent message to %s at %s", username, now().format(format)): null

2021-05-29 17:08:38 - [TEST_STEP][PASSED] - setText(findTestObject("Object Repository/Direct Message/Page_nguyenvanb - TEAM NAME Mattermost/textarea_Write to nguyenvanb_post_textbox"), message): Text 'Sent message to nguyenvanb at 29-05-2021 17:08:38' is set on object 'Object Repository/Direct Message/Page_nguyenvanb - TEAM NAME Mattermost/textarea_Write to nguyenvanb_post_textbox'

2021-05-29 17:08:39 - [MESSAGE][PASSED] - Text 'Sent message to nguyenvanb at 29-05-2021 17:08:38' is set on object 'Object Repository/Direct Message/Page_nguyenvanb - TEAM NAME Mattermost/textarea_Write to nguyenvanb_post_textbox'

2021-05-29 17:08:39 - [TEST_STEP][PASSED] - sendKeys(findTestObject("Object Repository/Direct Message/Page_nguyenvanb - TEAM NAME Mattermost/textarea_Write to nguyenvanb_post_textbox"), Keys.chord(ENTER)): Keys 'ENTER + ' sent to object: 'Object Repository/Direct Message/Page_nguyenvanb - TEAM NAME Mattermost/textarea_Write to nguyenvanb_post_textbox'

2021-05-29 17:08:40 - [MESSAGE][PASSED] - Keys 'ENTER + ' sent to object: 'Object Repository/Direct Message/Page_nguyenvanb - TEAM NAME Mattermost/textarea_Write to nguyenvanb_post_textbox'

2021-05-29 17:08:40 - [TEST_STEP][PASSED] - Thread.sleep(500): null

2021-05-29 17:08:41 - [TEST_STEP][PASSED] - (nMessage--): null

2021-05-29 17:08:41 - [TEST_STEP][PASSED] - message = String.format("Sent message to %s at %s", username, now().format(format)): null

2021-05-29 17:08:41 - [TEST_STEP][PASSED] - setText(findTestObject("Object Repository/Direct Message/Page_nguyenvanb - TEAM NAME Mattermost/textarea_Write to nguyenvanb_post_textbox"), message): Text 'Sent message to nguyenvanb at 29-05-2021 17:08:41' is set on object 'Object Repository/Direct Message/Page_nguyenvanb - TEAM NAME Mattermost/textarea_Write to nguyenvanb_post_textbox'

2021-05-29 17:08:41 - [MESSAGE][PASSED] - Text 'Sent message to nguyenvanb at 29-05-2021 17:08:41' is set on object 'Object Repository/Direct Message/Page_nguyenvanb - TEAM NAME Mattermost/textarea_Write to nguyenvanb_post_textbox'

2021-05-29 17:08:41 - [TEST_STEP][PASSED] - sendKeys(findTestObject("Object Repository/Direct Message/Page_nguyenvanb - TEAM NAME Mattermost/textarea_Write to nguyenvanb_post_textbox"), Keys.chord(ENTER)): Keys 'ENTER + ' sent to object: 'Object Repository/Direct Message/Page_nguyenvanb - TEAM NAME Mattermost/textarea_Write to nguyenvanb_post_textbox'

2021-05-29 17:08:42 - [MESSAGE][PASSED] - Keys 'ENTER + ' sent to object: 'Object Repository/Direct Message/Page_nguyenvanb - TEAM NAME Mattermost/textarea_Write to nguyenvanb_post_textbox'

2021-05-29 17:08:42 - [TEST_STEP][PASSED] - Thread.sleep(500): null

2021-05-29 17:08:42 - [TEST_STEP][PASSED] - (nMessage--): null

2021-05-29 17:08:42 - [TEST_STEP][PASSED] - message = String.format("Sent message to %s at %s", username, now().format(format)): null

2021-05-29 17:08:42 - [TEST_STEP][PASSED] - setText(findTestObject("Object Repository/Direct Message/Page_nguyenvanb - TEAM NAME Mattermost/textarea_Write to nguyenvanb_post_textbox"), message): Text 'Sent message to nguyenvanb at 29-05-2021 17:08:42' is set on object 'Object Repository/Direct Message/Page_nguyenvanb - TEAM NAME Mattermost/textarea_Write to nguyenvanb_post_textbox'

2021-05-29 17:08:43 - [MESSAGE][PASSED] - Text 'Sent message to nguyenvanb at 29-05-2021 17:08:42' is set on object 'Object Repository/Direct Message/Page_nguyenvanb - TEAM NAME Mattermost/textarea_Write to nguyenvanb_post_textbox'

2021-05-29 17:08:43 - [TEST_STEP][PASSED] - sendKeys(findTestObject("Object Repository/Direct Message/Page_nguyenvanb - TEAM NAME Mattermost/textarea_Write to nguyenvanb_post_textbox"), Keys.chord(ENTER)): Keys 'ENTER + ' sent to object: 'Object Repository/Direct Message/Page_nguyenvanb - TEAM NAME Mattermost/textarea_Write to nguyenvanb_post_textbox'

2021-05-29 17:08:44 - [MESSAGE][PASSED] - Keys 'ENTER + ' sent to object: 'Object Repository/Direct Message/Page_nguyenvanb - TEAM NAME Mattermost/textarea_Write to nguyenvanb_post_textbox'

2021-05-29 17:08:44 - [TEST_STEP][PASSED] - Thread.sleep(500): null

2021-05-29 17:08:44 - [TEST_STEP][PASSED] - (nMessage--): null

2021-05-29 17:08:44 - [TEST_STEP][PASSED] - message = String.format("Sent message to %s at %s", username, now().format(format)): null

2021-05-29 17:08:44 - [TEST_STEP][PASSED] - setText(findTestObject("Object Repository/Direct Message/Page_nguyenvanb - TEAM NAME Mattermost/textarea_Write to nguyenvanb_post_textbox"), message): Text 'Sent message to nguyenvanb at 29-05-2021 17:08:44' is set on object 'Object Repository/Direct Message/Page_nguyenvanb - TEAM NAME Mattermost/textarea_Write to nguyenvanb_post_textbox'

2021-05-29 17:08:45 - [MESSAGE][PASSED] - Text 'Sent message to nguyenvanb at 29-05-2021 17:08:44' is set on object 'Object Repository/Direct Message/Page_nguyenvanb - TEAM NAME Mattermost/textarea_Write to nguyenvanb_post_textbox'

2021-05-29 17:08:45 - [TEST_STEP][PASSED] - sendKeys(findTestObject("Object Repository/Direct Message/Page_nguyenvanb - TEAM NAME Mattermost/textarea_Write to nguyenvanb_post_textbox"), Keys.chord(ENTER)): Keys 'ENTER + ' sent to object: 'Object Repository/Direct Message/Page_nguyenvanb - TEAM NAME Mattermost/textarea_Write to nguyenvanb_post_textbox'

2021-05-29 17:08:46 - [MESSAGE][PASSED] - Keys 'ENTER + ' sent to object: 'Object Repository/Direct Message/Page_nguyenvanb - TEAM NAME Mattermost/textarea_Write to nguyenvanb_post_textbox'

2021-05-29 17:08:46 - [TEST_STEP][PASSED] - Thread.sleep(500): null

2021-05-29 17:08:46 - [TEST_STEP][PASSED] - (nMessage--): null

2021-05-29 17:08:46 - [TEST_STEP][PASSED] - message = String.format("Sent message to %s at %s", username, now().format(format)): null

2021-05-29 17:08:46 - [TEST_STEP][PASSED] - setText(findTestObject("Object Repository/Direct Message/Page_nguyenvanb - TEAM NAME Mattermost/textarea_Write to nguyenvanb_post_textbox"), message): Text 'Sent message to nguyenvanb at 29-05-2021 17:08:46' is set on object 'Object Repository/Direct Message/Page_nguyenvanb - TEAM NAME Mattermost/textarea_Write to nguyenvanb_post_textbox'

2021-05-29 17:08:47 - [MESSAGE][PASSED] - Text 'Sent message to nguyenvanb at 29-05-2021 17:08:46' is set on object 'Object Repository/Direct Message/Page_nguyenvanb - TEAM NAME Mattermost/textarea_Write to nguyenvanb_post_textbox'

2021-05-29 17:08:47 - [TEST_STEP][PASSED] - sendKeys(findTestObject("Object Repository/Direct Message/Page_nguyenvanb - TEAM NAME Mattermost/textarea_Write to nguyenvanb_post_textbox"), Keys.chord(ENTER)): Keys 'ENTER + ' sent to object: 'Object Repository/Direct Message/Page_nguyenvanb - TEAM NAME Mattermost/textarea_Write to nguyenvanb_post_textbox'

2021-05-29 17:08:47 - [MESSAGE][PASSED] - Keys 'ENTER + ' sent to object: 'Object Repository/Direct Message/Page_nguyenvanb - TEAM NAME Mattermost/textarea_Write to nguyenvanb_post_textbox'

2021-05-29 17:08:47 - [TEST_STEP][PASSED] - Thread.sleep(500): null

2021-05-29 17:08:48 - [TEST_STEP][PASSED] - (nMessage--): null

2021-05-29 17:08:48 - [TEST_STEP][PASSED] - closeBrowser(): Browser is closed

2021-05-29 17:08:48 - [MESSAGE][PASSED] - Browser is closed]]></system-out>
         <system-err><![CDATA[]]></system-err>
      </testcase>
      <testcase name="Test Cases/Loop/Send messages to private channel" time="18.364" classname="Test Cases/Loop/Send messages to private channel" status="PASSED">
         <system-out><![CDATA[2021-05-29 17:08:48 - [TEST_CASE][PASSED] - Test Cases/Loop/Send messages to private channel: Test Cases/Loop/Send messages to private channel

2021-05-29 17:08:49 - [TEST_STEP][PASSED] - callTestCase(findTestCase("Common Test Cases/Login"), ["Username":"nttuan", "Password":"12345678zZ@"], STOP_ON_FAILURE): Call Test Case 'Test Cases/Common Test Cases/Login' successfully

2021-05-29 17:08:49 - [TEST_CASE][PASSED] - Test Cases/Common Test Cases/Login: Test Cases/Common Test Cases/Login

2021-05-29 17:08:49 - [TEST_STEP][PASSED] - openBrowser(""): Browser is opened with url: ''

2021-05-29 17:08:49 - [MESSAGE][INFO] - Starting 'Chrome' driver

2021-05-29 17:08:49 - [MESSAGE][INFO] - Action delay is set to 0 milliseconds

2021-05-29 17:08:50 - [MESSAGE][PASSED] - Browser is opened with url: ''

2021-05-29 17:08:50 - [TEST_STEP][PASSED] - navigateToUrl("https://chudenangcao2021.cf/"): Navigate to 'https://chudenangcao2021.cf/' successfully

2021-05-29 17:08:51 - [MESSAGE][PASSED] - Navigate to 'https://chudenangcao2021.cf/' successfully

2021-05-29 17:08:51 - [TEST_STEP][PASSED] - setText(findTestObject("Object Repository/Page_Mattermost/input_All team communication in one place, _dcc84b"), Username): Text 'nttuan' is set on object 'Object Repository/Page_Mattermost/input_All team communication in one place, _dcc84b'

2021-05-29 17:08:52 - [MESSAGE][PASSED] - Text 'nttuan' is set on object 'Object Repository/Page_Mattermost/input_All team communication in one place, _dcc84b'

2021-05-29 17:08:52 - [TEST_STEP][PASSED] - setText(findTestObject("Object Repository/Page_Mattermost/input_All team communication in one place, _a3edc6"), Password): Text '12345678zZ@' is set on object 'Object Repository/Page_Mattermost/input_All team communication in one place, _a3edc6'

2021-05-29 17:08:53 - [MESSAGE][PASSED] - Text '12345678zZ@' is set on object 'Object Repository/Page_Mattermost/input_All team communication in one place, _a3edc6'

2021-05-29 17:08:53 - [TEST_STEP][PASSED] - click(findTestObject("Object Repository/Page_Mattermost/button_Sign in")): Object: 'Object Repository/Page_Mattermost/button_Sign in' is clicked on

2021-05-29 17:08:53 - [MESSAGE][PASSED] - Object: 'Object Repository/Page_Mattermost/button_Sign in' is clicked on

2021-05-29 17:08:53 - [TEST_STEP][PASSED] - verifyLinksAccessible(["https://chudenangcao2021.cf/cdnc-cnpm-2021/channels"]): All links are accessible

2021-05-29 17:08:53 - [MESSAGE][INFO] - HAR: C:\Users\nttuan\Downloads\CDNC\mattermost-testing\Reports\20210529_170053\Run all test cases\20210529_170053\requests\main\32.har

2021-05-29 17:08:53 - [MESSAGE][PASSED] - Send request successfully

2021-05-29 17:08:53 - [MESSAGE][PASSED] - All links are accessible

2021-05-29 17:08:53 - [MESSAGE][PASSED] - Call Test Case 'Test Cases/Common Test Cases/Login' successfully

2021-05-29 17:08:53 - [TEST_STEP][PASSED] - click(findTestObject("Object Repository/Private Channel/Page_TEST CHANNEL - TEAM NAME Mattermost/span_private channel")): Object: 'Object Repository/Private Channel/Page_TEST CHANNEL - TEAM NAME Mattermost/span_private channel' is clicked on

2021-05-29 17:08:55 - [MESSAGE][PASSED] - Object: 'Object Repository/Private Channel/Page_TEST CHANNEL - TEAM NAME Mattermost/span_private channel' is clicked on

2021-05-29 17:08:55 - [TEST_STEP][PASSED] - message = String.format("This test will sent %d messages using while loop", nMessage): null

2021-05-29 17:08:55 - [TEST_STEP][PASSED] - format = DateTimeFormatter.ofPattern("dd-MM-yyyy HH:mm:ss"): null

2021-05-29 17:08:55 - [TEST_STEP][PASSED] - setText(findTestObject("Object Repository/Private Channel/Page_private channel - TEAM NAME Mattermost/textarea_Write to private channel_post_textbox"), message): Text 'This test will sent 5 messages using while loop' is set on object 'Object Repository/Private Channel/Page_private channel - TEAM NAME Mattermost/textarea_Write to private channel_post_textbox'

2021-05-29 17:08:56 - [MESSAGE][PASSED] - Text 'This test will sent 5 messages using while loop' is set on object 'Object Repository/Private Channel/Page_private channel - TEAM NAME Mattermost/textarea_Write to private channel_post_textbox'

2021-05-29 17:08:56 - [TEST_STEP][PASSED] - sendKeys(findTestObject("Object Repository/Private Channel/Page_private channel - TEAM NAME Mattermost/textarea_Write to private channel_post_textbox"), Keys.chord(ENTER)): Keys 'ENTER + ' sent to object: 'Object Repository/Private Channel/Page_private channel - TEAM NAME Mattermost/textarea_Write to private channel_post_textbox'

2021-05-29 17:08:57 - [MESSAGE][PASSED] - Keys 'ENTER + ' sent to object: 'Object Repository/Private Channel/Page_private channel - TEAM NAME Mattermost/textarea_Write to private channel_post_textbox'

2021-05-29 17:08:57 - [TEST_STEP][PASSED] - while (nMessage > 0): null

2021-05-29 17:08:57 - [TEST_STEP][PASSED] - message = String.format("Send messages to private channel at %s", now().format(format)): null

2021-05-29 17:08:57 - [TEST_STEP][PASSED] - setText(findTestObject("Object Repository/Private Channel/Page_private channel - TEAM NAME Mattermost/textarea_Write to private channel_post_textbox"), message): Text 'Send messages to private channel at 29-05-2021 17:08:57' is set on object 'Object Repository/Private Channel/Page_private channel - TEAM NAME Mattermost/textarea_Write to private channel_post_textbox'

2021-05-29 17:08:58 - [MESSAGE][PASSED] - Text 'Send messages to private channel at 29-05-2021 17:08:57' is set on object 'Object Repository/Private Channel/Page_private channel - TEAM NAME Mattermost/textarea_Write to private channel_post_textbox'

2021-05-29 17:08:58 - [TEST_STEP][PASSED] - sendKeys(findTestObject("Object Repository/Private Channel/Page_private channel - TEAM NAME Mattermost/textarea_Write to private channel_post_textbox"), Keys.chord(ENTER)): Keys 'ENTER + ' sent to object: 'Object Repository/Private Channel/Page_private channel - TEAM NAME Mattermost/textarea_Write to private channel_post_textbox'

2021-05-29 17:08:58 - [MESSAGE][PASSED] - Keys 'ENTER + ' sent to object: 'Object Repository/Private Channel/Page_private channel - TEAM NAME Mattermost/textarea_Write to private channel_post_textbox'

2021-05-29 17:08:58 - [TEST_STEP][PASSED] - Thread.sleep(500): null

2021-05-29 17:08:59 - [TEST_STEP][PASSED] - (nMessage--): null

2021-05-29 17:08:59 - [TEST_STEP][PASSED] - message = String.format("Send messages to private channel at %s", now().format(format)): null

2021-05-29 17:08:59 - [TEST_STEP][PASSED] - setText(findTestObject("Object Repository/Private Channel/Page_private channel - TEAM NAME Mattermost/textarea_Write to private channel_post_textbox"), message): Text 'Send messages to private channel at 29-05-2021 17:08:59' is set on object 'Object Repository/Private Channel/Page_private channel - TEAM NAME Mattermost/textarea_Write to private channel_post_textbox'

2021-05-29 17:08:59 - [MESSAGE][PASSED] - Text 'Send messages to private channel at 29-05-2021 17:08:59' is set on object 'Object Repository/Private Channel/Page_private channel - TEAM NAME Mattermost/textarea_Write to private channel_post_textbox'

2021-05-29 17:08:59 - [TEST_STEP][PASSED] - sendKeys(findTestObject("Object Repository/Private Channel/Page_private channel - TEAM NAME Mattermost/textarea_Write to private channel_post_textbox"), Keys.chord(ENTER)): Keys 'ENTER + ' sent to object: 'Object Repository/Private Channel/Page_private channel - TEAM NAME Mattermost/textarea_Write to private channel_post_textbox'

2021-05-29 17:09:00 - [MESSAGE][PASSED] - Keys 'ENTER + ' sent to object: 'Object Repository/Private Channel/Page_private channel - TEAM NAME Mattermost/textarea_Write to private channel_post_textbox'

2021-05-29 17:09:00 - [TEST_STEP][PASSED] - Thread.sleep(500): null

2021-05-29 17:09:01 - [TEST_STEP][PASSED] - (nMessage--): null

2021-05-29 17:09:01 - [TEST_STEP][PASSED] - message = String.format("Send messages to private channel at %s", now().format(format)): null

2021-05-29 17:09:01 - [TEST_STEP][PASSED] - setText(findTestObject("Object Repository/Private Channel/Page_private channel - TEAM NAME Mattermost/textarea_Write to private channel_post_textbox"), message): Text 'Send messages to private channel at 29-05-2021 17:09:01' is set on object 'Object Repository/Private Channel/Page_private channel - TEAM NAME Mattermost/textarea_Write to private channel_post_textbox'

2021-05-29 17:09:01 - [MESSAGE][PASSED] - Text 'Send messages to private channel at 29-05-2021 17:09:01' is set on object 'Object Repository/Private Channel/Page_private channel - TEAM NAME Mattermost/textarea_Write to private channel_post_textbox'

2021-05-29 17:09:01 - [TEST_STEP][PASSED] - sendKeys(findTestObject("Object Repository/Private Channel/Page_private channel - TEAM NAME Mattermost/textarea_Write to private channel_post_textbox"), Keys.chord(ENTER)): Keys 'ENTER + ' sent to object: 'Object Repository/Private Channel/Page_private channel - TEAM NAME Mattermost/textarea_Write to private channel_post_textbox'

2021-05-29 17:09:02 - [MESSAGE][PASSED] - Keys 'ENTER + ' sent to object: 'Object Repository/Private Channel/Page_private channel - TEAM NAME Mattermost/textarea_Write to private channel_post_textbox'

2021-05-29 17:09:02 - [TEST_STEP][PASSED] - Thread.sleep(500): null

2021-05-29 17:09:02 - [TEST_STEP][PASSED] - (nMessage--): null

2021-05-29 17:09:02 - [TEST_STEP][PASSED] - message = String.format("Send messages to private channel at %s", now().format(format)): null

2021-05-29 17:09:02 - [TEST_STEP][PASSED] - setText(findTestObject("Object Repository/Private Channel/Page_private channel - TEAM NAME Mattermost/textarea_Write to private channel_post_textbox"), message): Text 'Send messages to private channel at 29-05-2021 17:09:02' is set on object 'Object Repository/Private Channel/Page_private channel - TEAM NAME Mattermost/textarea_Write to private channel_post_textbox'

2021-05-29 17:09:03 - [MESSAGE][PASSED] - Text 'Send messages to private channel at 29-05-2021 17:09:02' is set on object 'Object Repository/Private Channel/Page_private channel - TEAM NAME Mattermost/textarea_Write to private channel_post_textbox'

2021-05-29 17:09:03 - [TEST_STEP][PASSED] - sendKeys(findTestObject("Object Repository/Private Channel/Page_private channel - TEAM NAME Mattermost/textarea_Write to private channel_post_textbox"), Keys.chord(ENTER)): Keys 'ENTER + ' sent to object: 'Object Repository/Private Channel/Page_private channel - TEAM NAME Mattermost/textarea_Write to private channel_post_textbox'

2021-05-29 17:09:04 - [MESSAGE][PASSED] - Keys 'ENTER + ' sent to object: 'Object Repository/Private Channel/Page_private channel - TEAM NAME Mattermost/textarea_Write to private channel_post_textbox'

2021-05-29 17:09:04 - [TEST_STEP][PASSED] - Thread.sleep(500): null

2021-05-29 17:09:04 - [TEST_STEP][PASSED] - (nMessage--): null

2021-05-29 17:09:04 - [TEST_STEP][PASSED] - message = String.format("Send messages to private channel at %s", now().format(format)): null

2021-05-29 17:09:04 - [TEST_STEP][PASSED] - setText(findTestObject("Object Repository/Private Channel/Page_private channel - TEAM NAME Mattermost/textarea_Write to private channel_post_textbox"), message): Text 'Send messages to private channel at 29-05-2021 17:09:04' is set on object 'Object Repository/Private Channel/Page_private channel - TEAM NAME Mattermost/textarea_Write to private channel_post_textbox'

2021-05-29 17:09:05 - [MESSAGE][PASSED] - Text 'Send messages to private channel at 29-05-2021 17:09:04' is set on object 'Object Repository/Private Channel/Page_private channel - TEAM NAME Mattermost/textarea_Write to private channel_post_textbox'

2021-05-29 17:09:05 - [TEST_STEP][PASSED] - sendKeys(findTestObject("Object Repository/Private Channel/Page_private channel - TEAM NAME Mattermost/textarea_Write to private channel_post_textbox"), Keys.chord(ENTER)): Keys 'ENTER + ' sent to object: 'Object Repository/Private Channel/Page_private channel - TEAM NAME Mattermost/textarea_Write to private channel_post_textbox'

2021-05-29 17:09:06 - [MESSAGE][PASSED] - Keys 'ENTER + ' sent to object: 'Object Repository/Private Channel/Page_private channel - TEAM NAME Mattermost/textarea_Write to private channel_post_textbox'

2021-05-29 17:09:06 - [TEST_STEP][PASSED] - Thread.sleep(500): null

2021-05-29 17:09:06 - [TEST_STEP][PASSED] - (nMessage--): null

2021-05-29 17:09:06 - [TEST_STEP][PASSED] - closeBrowser(): Browser is closed

2021-05-29 17:09:07 - [MESSAGE][PASSED] - Browser is closed]]></system-out>
         <system-err><![CDATA[]]></system-err>
      </testcase>
      <testcase name="Test Cases/Loop/Send messages to public channel" time="14.786" classname="Test Cases/Loop/Send messages to public channel" status="PASSED">
         <system-out><![CDATA[2021-05-29 17:09:07 - [TEST_CASE][PASSED] - Test Cases/Loop/Send messages to public channel: Test Cases/Loop/Send messages to public channel

2021-05-29 17:09:07 - [TEST_STEP][PASSED] - callTestCase(findTestCase("Common Test Cases/Login"), ["Username":"nttuan", "Password":"12345678zZ@"], STOP_ON_FAILURE): Call Test Case 'Test Cases/Common Test Cases/Login' successfully

2021-05-29 17:09:07 - [TEST_CASE][PASSED] - Test Cases/Common Test Cases/Login: Test Cases/Common Test Cases/Login

2021-05-29 17:09:07 - [TEST_STEP][PASSED] - openBrowser(""): Browser is opened with url: ''

2021-05-29 17:09:07 - [MESSAGE][INFO] - Starting 'Chrome' driver

2021-05-29 17:09:07 - [MESSAGE][INFO] - Action delay is set to 0 milliseconds

2021-05-29 17:09:08 - [MESSAGE][PASSED] - Browser is opened with url: ''

2021-05-29 17:09:08 - [TEST_STEP][PASSED] - navigateToUrl("https://chudenangcao2021.cf/"): Navigate to 'https://chudenangcao2021.cf/' successfully

2021-05-29 17:09:09 - [MESSAGE][PASSED] - Navigate to 'https://chudenangcao2021.cf/' successfully

2021-05-29 17:09:09 - [TEST_STEP][PASSED] - setText(findTestObject("Object Repository/Page_Mattermost/input_All team communication in one place, _dcc84b"), Username): Text 'nttuan' is set on object 'Object Repository/Page_Mattermost/input_All team communication in one place, _dcc84b'

2021-05-29 17:09:10 - [MESSAGE][PASSED] - Text 'nttuan' is set on object 'Object Repository/Page_Mattermost/input_All team communication in one place, _dcc84b'

2021-05-29 17:09:10 - [TEST_STEP][PASSED] - setText(findTestObject("Object Repository/Page_Mattermost/input_All team communication in one place, _a3edc6"), Password): Text '12345678zZ@' is set on object 'Object Repository/Page_Mattermost/input_All team communication in one place, _a3edc6'

2021-05-29 17:09:11 - [MESSAGE][PASSED] - Text '12345678zZ@' is set on object 'Object Repository/Page_Mattermost/input_All team communication in one place, _a3edc6'

2021-05-29 17:09:11 - [TEST_STEP][PASSED] - click(findTestObject("Object Repository/Page_Mattermost/button_Sign in")): Object: 'Object Repository/Page_Mattermost/button_Sign in' is clicked on

2021-05-29 17:09:12 - [MESSAGE][PASSED] - Object: 'Object Repository/Page_Mattermost/button_Sign in' is clicked on

2021-05-29 17:09:12 - [TEST_STEP][PASSED] - verifyLinksAccessible(["https://chudenangcao2021.cf/cdnc-cnpm-2021/channels"]): All links are accessible

2021-05-29 17:09:12 - [MESSAGE][INFO] - HAR: C:\Users\nttuan\Downloads\CDNC\mattermost-testing\Reports\20210529_170053\Run all test cases\20210529_170053\requests\main\33.har

2021-05-29 17:09:12 - [MESSAGE][PASSED] - Send request successfully

2021-05-29 17:09:12 - [MESSAGE][PASSED] - All links are accessible

2021-05-29 17:09:12 - [MESSAGE][PASSED] - Call Test Case 'Test Cases/Common Test Cases/Login' successfully

2021-05-29 17:09:12 - [TEST_STEP][PASSED] - click(findTestObject("Page_TEST CHANNEL - TEAM NAME Mattermost/Page_TEST CHANNEL - TEAM NAME Mattermost/a_TEST CHANNEL")): Object: 'Object Repository/Page_TEST CHANNEL - TEAM NAME Mattermost/Page_TEST CHANNEL - TEAM NAME Mattermost/a_TEST CHANNEL' is clicked on

2021-05-29 17:09:13 - [MESSAGE][PASSED] - Object: 'Object Repository/Page_TEST CHANNEL - TEAM NAME Mattermost/Page_TEST CHANNEL - TEAM NAME Mattermost/a_TEST CHANNEL' is clicked on

2021-05-29 17:09:13 - [TEST_STEP][PASSED] - message = String.format("This test will sent %d messages using while loop", nMessage): null

2021-05-29 17:09:13 - [TEST_STEP][PASSED] - format = DateTimeFormatter.ofPattern("dd-MM-yyyy HH:mm:ss"): null

2021-05-29 17:09:13 - [TEST_STEP][PASSED] - setText(findTestObject("Page_TEST CHANNEL - TEAM NAME Mattermost/textarea_Write to TEST CHANNEL_post_textbox"), message): Text 'This test will sent 3 messages using while loop' is set on object 'Object Repository/Page_TEST CHANNEL - TEAM NAME Mattermost/textarea_Write to TEST CHANNEL_post_textbox'

2021-05-29 17:09:14 - [MESSAGE][PASSED] - Text 'This test will sent 3 messages using while loop' is set on object 'Object Repository/Page_TEST CHANNEL - TEAM NAME Mattermost/textarea_Write to TEST CHANNEL_post_textbox'

2021-05-29 17:09:14 - [TEST_STEP][PASSED] - sendKeys(findTestObject("Page_TEST CHANNEL - TEAM NAME Mattermost/textarea_Write to TEST CHANNEL_post_textbox"), Keys.chord(ENTER)): Keys 'ENTER + ' sent to object: 'Object Repository/Page_TEST CHANNEL - TEAM NAME Mattermost/textarea_Write to TEST CHANNEL_post_textbox'

2021-05-29 17:09:15 - [MESSAGE][PASSED] - Keys 'ENTER + ' sent to object: 'Object Repository/Page_TEST CHANNEL - TEAM NAME Mattermost/textarea_Write to TEST CHANNEL_post_textbox'

2021-05-29 17:09:15 - [TEST_STEP][PASSED] - while (nMessage > 0): null

2021-05-29 17:09:15 - [TEST_STEP][PASSED] - message = String.format("Send messages to public channel at %s", now().format(format)): null

2021-05-29 17:09:15 - [TEST_STEP][PASSED] - setText(findTestObject("Page_TEST CHANNEL - TEAM NAME Mattermost/textarea_Write to TEST CHANNEL_post_textbox"), message): Text 'Send messages to public channel at 29-05-2021 17:09:15' is set on object 'Object Repository/Page_TEST CHANNEL - TEAM NAME Mattermost/textarea_Write to TEST CHANNEL_post_textbox'

2021-05-29 17:09:16 - [MESSAGE][PASSED] - Text 'Send messages to public channel at 29-05-2021 17:09:15' is set on object 'Object Repository/Page_TEST CHANNEL - TEAM NAME Mattermost/textarea_Write to TEST CHANNEL_post_textbox'

2021-05-29 17:09:16 - [TEST_STEP][PASSED] - sendKeys(findTestObject("Page_TEST CHANNEL - TEAM NAME Mattermost/textarea_Write to TEST CHANNEL_post_textbox"), Keys.chord(ENTER)): Keys 'ENTER + ' sent to object: 'Object Repository/Page_TEST CHANNEL - TEAM NAME Mattermost/textarea_Write to TEST CHANNEL_post_textbox'

2021-05-29 17:09:17 - [MESSAGE][PASSED] - Keys 'ENTER + ' sent to object: 'Object Repository/Page_TEST CHANNEL - TEAM NAME Mattermost/textarea_Write to TEST CHANNEL_post_textbox'

2021-05-29 17:09:17 - [TEST_STEP][PASSED] - Thread.sleep(500): null

2021-05-29 17:09:17 - [TEST_STEP][PASSED] - (nMessage--): null

2021-05-29 17:09:17 - [TEST_STEP][PASSED] - message = String.format("Send messages to public channel at %s", now().format(format)): null

2021-05-29 17:09:17 - [TEST_STEP][PASSED] - setText(findTestObject("Page_TEST CHANNEL - TEAM NAME Mattermost/textarea_Write to TEST CHANNEL_post_textbox"), message): Text 'Send messages to public channel at 29-05-2021 17:09:17' is set on object 'Object Repository/Page_TEST CHANNEL - TEAM NAME Mattermost/textarea_Write to TEST CHANNEL_post_textbox'

2021-05-29 17:09:18 - [MESSAGE][PASSED] - Text 'Send messages to public channel at 29-05-2021 17:09:17' is set on object 'Object Repository/Page_TEST CHANNEL - TEAM NAME Mattermost/textarea_Write to TEST CHANNEL_post_textbox'

2021-05-29 17:09:18 - [TEST_STEP][PASSED] - sendKeys(findTestObject("Page_TEST CHANNEL - TEAM NAME Mattermost/textarea_Write to TEST CHANNEL_post_textbox"), Keys.chord(ENTER)): Keys 'ENTER + ' sent to object: 'Object Repository/Page_TEST CHANNEL - TEAM NAME Mattermost/textarea_Write to TEST CHANNEL_post_textbox'

2021-05-29 17:09:18 - [MESSAGE][PASSED] - Keys 'ENTER + ' sent to object: 'Object Repository/Page_TEST CHANNEL - TEAM NAME Mattermost/textarea_Write to TEST CHANNEL_post_textbox'

2021-05-29 17:09:18 - [TEST_STEP][PASSED] - Thread.sleep(500): null

2021-05-29 17:09:19 - [TEST_STEP][PASSED] - (nMessage--): null

2021-05-29 17:09:19 - [TEST_STEP][PASSED] - message = String.format("Send messages to public channel at %s", now().format(format)): null

2021-05-29 17:09:19 - [TEST_STEP][PASSED] - setText(findTestObject("Page_TEST CHANNEL - TEAM NAME Mattermost/textarea_Write to TEST CHANNEL_post_textbox"), message): Text 'Send messages to public channel at 29-05-2021 17:09:19' is set on object 'Object Repository/Page_TEST CHANNEL - TEAM NAME Mattermost/textarea_Write to TEST CHANNEL_post_textbox'

2021-05-29 17:09:20 - [MESSAGE][PASSED] - Text 'Send messages to public channel at 29-05-2021 17:09:19' is set on object 'Object Repository/Page_TEST CHANNEL - TEAM NAME Mattermost/textarea_Write to TEST CHANNEL_post_textbox'

2021-05-29 17:09:20 - [TEST_STEP][PASSED] - sendKeys(findTestObject("Page_TEST CHANNEL - TEAM NAME Mattermost/textarea_Write to TEST CHANNEL_post_textbox"), Keys.chord(ENTER)): Keys 'ENTER + ' sent to object: 'Object Repository/Page_TEST CHANNEL - TEAM NAME Mattermost/textarea_Write to TEST CHANNEL_post_textbox'

2021-05-29 17:09:20 - [MESSAGE][PASSED] - Keys 'ENTER + ' sent to object: 'Object Repository/Page_TEST CHANNEL - TEAM NAME Mattermost/textarea_Write to TEST CHANNEL_post_textbox'

2021-05-29 17:09:20 - [TEST_STEP][PASSED] - Thread.sleep(500): null

2021-05-29 17:09:21 - [TEST_STEP][PASSED] - (nMessage--): null

2021-05-29 17:09:21 - [TEST_STEP][PASSED] - closeBrowser(): Browser is closed

2021-05-29 17:09:22 - [MESSAGE][PASSED] - Browser is closed]]></system-out>
         <system-err><![CDATA[]]></system-err>
      </testcase>
      <testcase name="Test Cases/Internal Test Cases/CreateCategory" time="20.95" classname="Test Cases/Internal Test Cases/CreateCategory" status="PASSED">
         <system-out><![CDATA[2021-05-29 17:09:22 - [TEST_CASE][PASSED] - Test Cases/Internal Test Cases/CreateCategory: Test Cases/Internal Test Cases/CreateCategory

2021-05-29 17:09:22 - [TEST_STEP][PASSED] - callTestCase(findTestCase("Internal Test Cases/Successful Login"), ["Username":"", "Password":""], STOP_ON_FAILURE): Call Test Case 'Test Cases/Internal Test Cases/Successful Login' successfully

2021-05-29 17:09:22 - [TEST_CASE][PASSED] - Test Cases/Internal Test Cases/Successful Login: Test Cases/Internal Test Cases/Successful Login

2021-05-29 17:09:22 - [TEST_STEP][PASSED] - openBrowser(""): Browser is opened with url: ''

2021-05-29 17:09:22 - [MESSAGE][INFO] - Starting 'Chrome' driver

2021-05-29 17:09:22 - [MESSAGE][INFO] - Action delay is set to 0 milliseconds

2021-05-29 17:09:24 - [MESSAGE][PASSED] - Browser is opened with url: ''

2021-05-29 17:09:24 - [TEST_STEP][PASSED] - navigateToUrl("https://chudenangcao2021.cf/"): Navigate to 'https://chudenangcao2021.cf/' successfully

2021-05-29 17:09:24 - [MESSAGE][PASSED] - Navigate to 'https://chudenangcao2021.cf/' successfully

2021-05-29 17:09:24 - [TEST_STEP][PASSED] - setText(findTestObject("Object Repository/Page_Mattermost/input_All team communication in one place, _dcc84b"), findTestData("Internal/Internal Login Data").getValue(1, 1)): Text 'nguyenvanb' is set on object 'Object Repository/Page_Mattermost/input_All team communication in one place, _dcc84b'

2021-05-29 17:09:26 - [MESSAGE][PASSED] - Text 'nguyenvanb' is set on object 'Object Repository/Page_Mattermost/input_All team communication in one place, _dcc84b'

2021-05-29 17:09:26 - [TEST_STEP][PASSED] - setEncryptedText(findTestObject("Object Repository/Page_Mattermost/input_All team communication in one place, _a3edc6"), findTestData("Internal/Internal Login Data").getValue(2, 1)): Text ****** has been set on object 'Object Repository/Page_Mattermost/input_All team communication in one place, _a3edc6'

2021-05-29 17:09:26 - [MESSAGE][PASSED] - Text ****** has been set on object 'Object Repository/Page_Mattermost/input_All team communication in one place, _a3edc6'

2021-05-29 17:09:26 - [TEST_STEP][PASSED] - click(findTestObject("Object Repository/Page_Mattermost/button_Sign in")): Object: 'Object Repository/Page_Mattermost/button_Sign in' is clicked on

2021-05-29 17:09:27 - [MESSAGE][PASSED] - Object: 'Object Repository/Page_Mattermost/button_Sign in' is clicked on

2021-05-29 17:09:27 - [TEST_STEP][PASSED] - verifyLinksAccessible(["https://chudenangcao2021.cf/cdnc-cnpm-2021/channels"]): All links are accessible

2021-05-29 17:09:27 - [MESSAGE][INFO] - HAR: C:\Users\nttuan\Downloads\CDNC\mattermost-testing\Reports\20210529_170053\Run all test cases\20210529_170053\requests\main\34.har

2021-05-29 17:09:27 - [MESSAGE][PASSED] - Send request successfully

2021-05-29 17:09:27 - [MESSAGE][PASSED] - All links are accessible

2021-05-29 17:09:27 - [MESSAGE][PASSED] - Call Test Case 'Test Cases/Internal Test Cases/Successful Login' successfully

2021-05-29 17:09:27 - [TEST_STEP][PASSED] - for ([rowNum = 1, rowNum <= findTestData("Internal/Internal Category").getRowNumbers(), (rowNum++)]): Object: 'Object Repository/CreateCtegory/Page_TEST CHANNEL - TEAM NAME Mattermost/span_Create' is clicked on

2021-05-29 17:09:27 - [TEST_STEP][PASSED] - click(findTestObject("Object Repository/CreateCtegory/Page_TEST CHANNEL - TEAM NAME Mattermost/i_CtrlK_icon-plus")): Object: 'Object Repository/CreateCtegory/Page_TEST CHANNEL - TEAM NAME Mattermost/i_CtrlK_icon-plus' is clicked on

2021-05-29 17:09:29 - [MESSAGE][PASSED] - Object: 'Object Repository/CreateCtegory/Page_TEST CHANNEL - TEAM NAME Mattermost/i_CtrlK_icon-plus' is clicked on

2021-05-29 17:09:29 - [TEST_STEP][PASSED] - click(findTestObject("Object Repository/CreateCtegory/Page_TEST CHANNEL - TEAM NAME Mattermost/span_Create New Category")): Object: 'Object Repository/CreateCtegory/Page_TEST CHANNEL - TEAM NAME Mattermost/span_Create New Category' is clicked on

2021-05-29 17:09:29 - [MESSAGE][PASSED] - Object: 'Object Repository/CreateCtegory/Page_TEST CHANNEL - TEAM NAME Mattermost/span_Create New Category' is clicked on

2021-05-29 17:09:29 - [TEST_STEP][PASSED] - setText(findTestObject("Object Repository/CreateCtegory/Page_TEST CHANNEL - TEAM NAME Mattermost/input_Create New Category_MaxLengthInput fo_27ca36"), findTestData("Internal/Internal Category").getValue(1, rowNum)): Text 'Category 1' is set on object 'Object Repository/CreateCtegory/Page_TEST CHANNEL - TEAM NAME Mattermost/input_Create New Category_MaxLengthInput fo_27ca36'

2021-05-29 17:09:30 - [MESSAGE][PASSED] - Text 'Category 1' is set on object 'Object Repository/CreateCtegory/Page_TEST CHANNEL - TEAM NAME Mattermost/input_Create New Category_MaxLengthInput fo_27ca36'

2021-05-29 17:09:30 - [TEST_STEP][PASSED] - click(findTestObject("Object Repository/CreateCtegory/Page_TEST CHANNEL - TEAM NAME Mattermost/span_Create")): Object: 'Object Repository/CreateCtegory/Page_TEST CHANNEL - TEAM NAME Mattermost/span_Create' is clicked on

2021-05-29 17:09:31 - [MESSAGE][PASSED] - Object: 'Object Repository/CreateCtegory/Page_TEST CHANNEL - TEAM NAME Mattermost/span_Create' is clicked on

2021-05-29 17:09:31 - [TEST_STEP][PASSED] - click(findTestObject("Object Repository/CreateCtegory/Page_TEST CHANNEL - TEAM NAME Mattermost/i_CtrlK_icon-plus")): Object: 'Object Repository/CreateCtegory/Page_TEST CHANNEL - TEAM NAME Mattermost/i_CtrlK_icon-plus' is clicked on

2021-05-29 17:09:31 - [MESSAGE][PASSED] - Object: 'Object Repository/CreateCtegory/Page_TEST CHANNEL - TEAM NAME Mattermost/i_CtrlK_icon-plus' is clicked on

2021-05-29 17:09:31 - [TEST_STEP][PASSED] - click(findTestObject("Object Repository/CreateCtegory/Page_TEST CHANNEL - TEAM NAME Mattermost/span_Create New Category")): Object: 'Object Repository/CreateCtegory/Page_TEST CHANNEL - TEAM NAME Mattermost/span_Create New Category' is clicked on

2021-05-29 17:09:32 - [MESSAGE][PASSED] - Object: 'Object Repository/CreateCtegory/Page_TEST CHANNEL - TEAM NAME Mattermost/span_Create New Category' is clicked on

2021-05-29 17:09:32 - [TEST_STEP][PASSED] - setText(findTestObject("Object Repository/CreateCtegory/Page_TEST CHANNEL - TEAM NAME Mattermost/input_Create New Category_MaxLengthInput fo_27ca36"), findTestData("Internal/Internal Category").getValue(1, rowNum)): Text 'Category 2' is set on object 'Object Repository/CreateCtegory/Page_TEST CHANNEL - TEAM NAME Mattermost/input_Create New Category_MaxLengthInput fo_27ca36'

2021-05-29 17:09:33 - [MESSAGE][PASSED] - Text 'Category 2' is set on object 'Object Repository/CreateCtegory/Page_TEST CHANNEL - TEAM NAME Mattermost/input_Create New Category_MaxLengthInput fo_27ca36'

2021-05-29 17:09:33 - [TEST_STEP][PASSED] - click(findTestObject("Object Repository/CreateCtegory/Page_TEST CHANNEL - TEAM NAME Mattermost/span_Create")): Object: 'Object Repository/CreateCtegory/Page_TEST CHANNEL - TEAM NAME Mattermost/span_Create' is clicked on

2021-05-29 17:09:33 - [MESSAGE][PASSED] - Object: 'Object Repository/CreateCtegory/Page_TEST CHANNEL - TEAM NAME Mattermost/span_Create' is clicked on

2021-05-29 17:09:33 - [TEST_STEP][PASSED] - click(findTestObject("Object Repository/CreateCtegory/Page_TEST CHANNEL - TEAM NAME Mattermost/i_CtrlK_icon-plus")): Object: 'Object Repository/CreateCtegory/Page_TEST CHANNEL - TEAM NAME Mattermost/i_CtrlK_icon-plus' is clicked on

2021-05-29 17:09:34 - [MESSAGE][PASSED] - Object: 'Object Repository/CreateCtegory/Page_TEST CHANNEL - TEAM NAME Mattermost/i_CtrlK_icon-plus' is clicked on

2021-05-29 17:09:34 - [TEST_STEP][PASSED] - click(findTestObject("Object Repository/CreateCtegory/Page_TEST CHANNEL - TEAM NAME Mattermost/span_Create New Category")): Object: 'Object Repository/CreateCtegory/Page_TEST CHANNEL - TEAM NAME Mattermost/span_Create New Category' is clicked on

2021-05-29 17:09:34 - [MESSAGE][PASSED] - Object: 'Object Repository/CreateCtegory/Page_TEST CHANNEL - TEAM NAME Mattermost/span_Create New Category' is clicked on

2021-05-29 17:09:34 - [TEST_STEP][PASSED] - setText(findTestObject("Object Repository/CreateCtegory/Page_TEST CHANNEL - TEAM NAME Mattermost/input_Create New Category_MaxLengthInput fo_27ca36"), findTestData("Internal/Internal Category").getValue(1, rowNum)): Text 'Category 3' is set on object 'Object Repository/CreateCtegory/Page_TEST CHANNEL - TEAM NAME Mattermost/input_Create New Category_MaxLengthInput fo_27ca36'

2021-05-29 17:09:35 - [MESSAGE][PASSED] - Text 'Category 3' is set on object 'Object Repository/CreateCtegory/Page_TEST CHANNEL - TEAM NAME Mattermost/input_Create New Category_MaxLengthInput fo_27ca36'

2021-05-29 17:09:35 - [TEST_STEP][PASSED] - click(findTestObject("Object Repository/CreateCtegory/Page_TEST CHANNEL - TEAM NAME Mattermost/span_Create")): Object: 'Object Repository/CreateCtegory/Page_TEST CHANNEL - TEAM NAME Mattermost/span_Create' is clicked on

2021-05-29 17:09:36 - [MESSAGE][PASSED] - Object: 'Object Repository/CreateCtegory/Page_TEST CHANNEL - TEAM NAME Mattermost/span_Create' is clicked on

2021-05-29 17:09:36 - [TEST_STEP][PASSED] - click(findTestObject("Object Repository/CreateCtegory/Page_TEST CHANNEL - TEAM NAME Mattermost/i_CtrlK_icon-plus")): Object: 'Object Repository/CreateCtegory/Page_TEST CHANNEL - TEAM NAME Mattermost/i_CtrlK_icon-plus' is clicked on

2021-05-29 17:09:37 - [MESSAGE][PASSED] - Object: 'Object Repository/CreateCtegory/Page_TEST CHANNEL - TEAM NAME Mattermost/i_CtrlK_icon-plus' is clicked on

2021-05-29 17:09:37 - [TEST_STEP][PASSED] - click(findTestObject("Object Repository/CreateCtegory/Page_TEST CHANNEL - TEAM NAME Mattermost/span_Create New Category")): Object: 'Object Repository/CreateCtegory/Page_TEST CHANNEL - TEAM NAME Mattermost/span_Create New Category' is clicked on

2021-05-29 17:09:38 - [MESSAGE][PASSED] - Object: 'Object Repository/CreateCtegory/Page_TEST CHANNEL - TEAM NAME Mattermost/span_Create New Category' is clicked on

2021-05-29 17:09:38 - [TEST_STEP][PASSED] - setText(findTestObject("Object Repository/CreateCtegory/Page_TEST CHANNEL - TEAM NAME Mattermost/input_Create New Category_MaxLengthInput fo_27ca36"), findTestData("Internal/Internal Category").getValue(1, rowNum)): Text 'Category 4' is set on object 'Object Repository/CreateCtegory/Page_TEST CHANNEL - TEAM NAME Mattermost/input_Create New Category_MaxLengthInput fo_27ca36'

2021-05-29 17:09:39 - [MESSAGE][PASSED] - Text 'Category 4' is set on object 'Object Repository/CreateCtegory/Page_TEST CHANNEL - TEAM NAME Mattermost/input_Create New Category_MaxLengthInput fo_27ca36'

2021-05-29 17:09:39 - [TEST_STEP][PASSED] - click(findTestObject("Object Repository/CreateCtegory/Page_TEST CHANNEL - TEAM NAME Mattermost/span_Create")): Object: 'Object Repository/CreateCtegory/Page_TEST CHANNEL - TEAM NAME Mattermost/span_Create' is clicked on

2021-05-29 17:09:39 - [MESSAGE][PASSED] - Object: 'Object Repository/CreateCtegory/Page_TEST CHANNEL - TEAM NAME Mattermost/span_Create' is clicked on

2021-05-29 17:09:39 - [TEST_STEP][PASSED] - click(findTestObject("Object Repository/CreateCtegory/Page_TEST CHANNEL - TEAM NAME Mattermost/i_CtrlK_icon-plus")): Object: 'Object Repository/CreateCtegory/Page_TEST CHANNEL - TEAM NAME Mattermost/i_CtrlK_icon-plus' is clicked on

2021-05-29 17:09:40 - [MESSAGE][PASSED] - Object: 'Object Repository/CreateCtegory/Page_TEST CHANNEL - TEAM NAME Mattermost/i_CtrlK_icon-plus' is clicked on

2021-05-29 17:09:40 - [TEST_STEP][PASSED] - click(findTestObject("Object Repository/CreateCtegory/Page_TEST CHANNEL - TEAM NAME Mattermost/span_Create New Category")): Object: 'Object Repository/CreateCtegory/Page_TEST CHANNEL - TEAM NAME Mattermost/span_Create New Category' is clicked on

2021-05-29 17:09:40 - [MESSAGE][PASSED] - Object: 'Object Repository/CreateCtegory/Page_TEST CHANNEL - TEAM NAME Mattermost/span_Create New Category' is clicked on

2021-05-29 17:09:40 - [TEST_STEP][PASSED] - setText(findTestObject("Object Repository/CreateCtegory/Page_TEST CHANNEL - TEAM NAME Mattermost/input_Create New Category_MaxLengthInput fo_27ca36"), findTestData("Internal/Internal Category").getValue(1, rowNum)): Text 'Category 5' is set on object 'Object Repository/CreateCtegory/Page_TEST CHANNEL - TEAM NAME Mattermost/input_Create New Category_MaxLengthInput fo_27ca36'

2021-05-29 17:09:41 - [MESSAGE][PASSED] - Text 'Category 5' is set on object 'Object Repository/CreateCtegory/Page_TEST CHANNEL - TEAM NAME Mattermost/input_Create New Category_MaxLengthInput fo_27ca36'

2021-05-29 17:09:41 - [TEST_STEP][PASSED] - click(findTestObject("Object Repository/CreateCtegory/Page_TEST CHANNEL - TEAM NAME Mattermost/span_Create")): Object: 'Object Repository/CreateCtegory/Page_TEST CHANNEL - TEAM NAME Mattermost/span_Create' is clicked on

2021-05-29 17:09:42 - [MESSAGE][PASSED] - Object: 'Object Repository/CreateCtegory/Page_TEST CHANNEL - TEAM NAME Mattermost/span_Create' is clicked on

2021-05-29 17:09:42 - [TEST_STEP][PASSED] - closeBrowser(): Browser is closed

2021-05-29 17:09:43 - [MESSAGE][PASSED] - Browser is closed]]></system-out>
         <system-err><![CDATA[]]></system-err>
      </testcase>
      <testcase name="Test Cases/Internal Test Cases/CreateChannelPrivate" time="10.515" classname="Test Cases/Internal Test Cases/CreateChannelPrivate" status="FAILED">
         <failure type="FAILED" message="Test Cases/Internal Test Cases/CreateChannelPrivate FAILED.
Reason:
com.kms.katalon.core.exception.StepFailedException: Unable to click on object 'Object Repository/CreateChannel/Page_TEST CHANNEL - TEAM NAME Mattermost/i_CtrlK_icon-plus'
	at com.kms.katalon.core.webui.keyword.internal.WebUIKeywordMain.stepFailed(WebUIKeywordMain.groovy:64)
	at com.kms.katalon.core.webui.keyword.internal.WebUIKeywordMain.runKeyword(WebUIKeywordMain.groovy:26)
	at com.kms.katalon.core.webui.keyword.builtin.ClickKeyword.click(ClickKeyword.groovy:75)
	at com.kms.katalon.core.webui.keyword.builtin.ClickKeyword.execute(ClickKeyword.groovy:42)
	at com.kms.katalon.core.keyword.internal.KeywordExecutor.executeKeywordForPlatform(KeywordExecutor.groovy:73)
	at com.kms.katalon.core.webui.keyword.WebUiBuiltInKeywords.click(WebUiBuiltInKeywords.groovy:619)
	at com.kms.katalon.core.webui.keyword.WebUiBuiltInKeywords$click$2.call(Unknown Source)
	at CreateChannelPrivate.run(CreateChannelPrivate:23)
	at com.kms.katalon.core.main.ScriptEngine.run(ScriptEngine.java:194)
	at com.kms.katalon.core.main.ScriptEngine.runScriptAsRawText(ScriptEngine.java:119)
	at com.kms.katalon.core.main.TestCaseExecutor.runScript(TestCaseExecutor.java:398)
	at com.kms.katalon.core.main.TestCaseExecutor.doExecute(TestCaseExecutor.java:389)
	at com.kms.katalon.core.main.TestCaseExecutor.processExecutionPhase(TestCaseExecutor.java:368)
	at com.kms.katalon.core.main.TestCaseExecutor.accessMainPhase(TestCaseExecutor.java:360)
	at com.kms.katalon.core.main.TestCaseExecutor.execute(TestCaseExecutor.java:255)
	at com.kms.katalon.core.main.TestSuiteExecutor.accessTestCaseMainPhase(TestSuiteExecutor.java:203)
	at com.kms.katalon.core.main.TestSuiteExecutor.accessTestSuiteMainPhase(TestSuiteExecutor.java:152)
	at com.kms.katalon.core.main.TestSuiteExecutor.execute(TestSuiteExecutor.java:95)
	at com.kms.katalon.core.main.TestCaseMain.startTestSuite(TestCaseMain.java:157)
	at com.kms.katalon.core.main.TestCaseMain$startTestSuite$0.call(Unknown Source)
	at TempTestSuite1622307653786.run(TempTestSuite1622307653786.groovy:39)
Caused by: org.openqa.selenium.ElementClickInterceptedException: element click intercepted: Element &lt;i class=&quot;icon-plus&quot;>&lt;/i> is not clickable at point (208, 92). Other element would receive the click: &lt;div class=&quot;modal-body&quot;>...&lt;/div>
  (Session info: chrome=91.0.4472.77)
Build info: version: '3.141.59', revision: 'e82be7d358', time: '2018-11-14T08:25:53'
System info: host: 'WIN-SERVER-2019', ip: '10.1.0.4', os.name: 'Windows Server 2019', os.arch: 'amd64', os.version: '10.0', java.version: '1.8.0_282'
Driver info: com.kms.katalon.selenium.driver.CChromeDriver
Capabilities {acceptInsecureCerts: false, browserName: chrome, browserVersion: 91.0.4472.77, chrome: {chromedriverVersion: 90.0.4430.24 (4c6d850f087da..., userDataDir: C:\Users\nttuan\AppData\Loc...}, goog:chromeOptions: {debuggerAddress: localhost:56148}, javascriptEnabled: true, networkConnectionEnabled: false, pageLoadStrategy: normal, platform: WINDOWS, platformName: WINDOWS, proxy: Proxy(), setWindowRect: true, strictFileInteractability: false, timeouts: {implicit: 0, pageLoad: 300000, script: 30000}, unhandledPromptBehavior: dismiss and notify, webauthn:extension:largeBlob: true, webauthn:virtualAuthenticators: true}
Session ID: 0e5914d19fbbf5b1a83e374872755ee5
	at org.openqa.selenium.remote.http.W3CHttpResponseCodec.createException(W3CHttpResponseCodec.java:187)
	at org.openqa.selenium.remote.http.W3CHttpResponseCodec.decode(W3CHttpResponseCodec.java:122)
	at org.openqa.selenium.remote.http.W3CHttpResponseCodec.decode(W3CHttpResponseCodec.java:49)
	at org.openqa.selenium.remote.HttpCommandExecutor.execute(HttpCommandExecutor.java:158)
	at org.openqa.selenium.remote.service.DriverCommandExecutor.execute(DriverCommandExecutor.java:83)
	at org.openqa.selenium.remote.RemoteWebDriver.execute(RemoteWebDriver.java:552)
	at com.kms.katalon.selenium.driver.CChromeDriver.execute(CChromeDriver.java:19)
	at org.openqa.selenium.remote.RemoteWebElement.execute(RemoteWebElement.java:285)
	at org.openqa.selenium.remote.RemoteWebElement.click(RemoteWebElement.java:84)
	at org.openqa.selenium.support.events.EventFiringWebDriver$EventFiringWebElement.lambda$new$0(EventFiringWebDriver.java:404)
	at com.sun.proxy.$Proxy17.click(Unknown Source)
	at org.openqa.selenium.support.events.EventFiringWebDriver$EventFiringWebElement.click(EventFiringWebDriver.java:417)
	at com.kms.katalon.core.webui.keyword.builtin.ClickKeyword$_click_closure1.doCall(ClickKeyword.groovy:68)
	at com.kms.katalon.core.webui.keyword.builtin.ClickKeyword$_click_closure1.call(ClickKeyword.groovy)
	at com.kms.katalon.core.webui.keyword.internal.WebUIKeywordMain.runKeyword(WebUIKeywordMain.groovy:20)
	... 19 more
"/>
         <system-out><![CDATA[2021-05-29 17:09:43 - [TEST_CASE][FAILED] - Test Cases/Internal Test Cases/CreateChannelPrivate: Test Cases/Internal Test Cases/CreateChannelPrivate FAILED.
Reason:
com.kms.katalon.core.exception.StepFailedException: Unable to click on object 'Object Repository/CreateChannel/Page_TEST CHANNEL - TEAM NAME Mattermost/i_CtrlK_icon-plus'
	at com.kms.katalon.core.webui.keyword.internal.WebUIKeywordMain.stepFailed(WebUIKeywordMain.groovy:64)
	at com.kms.katalon.core.webui.keyword.internal.WebUIKeywordMain.runKeyword(WebUIKeywordMain.groovy:26)
	at com.kms.katalon.core.webui.keyword.builtin.ClickKeyword.click(ClickKeyword.groovy:75)
	at com.kms.katalon.core.webui.keyword.builtin.ClickKeyword.execute(ClickKeyword.groovy:42)
	at com.kms.katalon.core.keyword.internal.KeywordExecutor.executeKeywordForPlatform(KeywordExecutor.groovy:73)
	at com.kms.katalon.core.webui.keyword.WebUiBuiltInKeywords.click(WebUiBuiltInKeywords.groovy:619)
	at com.kms.katalon.core.webui.keyword.WebUiBuiltInKeywords$click$2.call(Unknown Source)
	at CreateChannelPrivate.run(CreateChannelPrivate:23)
	at com.kms.katalon.core.main.ScriptEngine.run(ScriptEngine.java:194)
	at com.kms.katalon.core.main.ScriptEngine.runScriptAsRawText(ScriptEngine.java:119)
	at com.kms.katalon.core.main.TestCaseExecutor.runScript(TestCaseExecutor.java:398)
	at com.kms.katalon.core.main.TestCaseExecutor.doExecute(TestCaseExecutor.java:389)
	at com.kms.katalon.core.main.TestCaseExecutor.processExecutionPhase(TestCaseExecutor.java:368)
	at com.kms.katalon.core.main.TestCaseExecutor.accessMainPhase(TestCaseExecutor.java:360)
	at com.kms.katalon.core.main.TestCaseExecutor.execute(TestCaseExecutor.java:255)
	at com.kms.katalon.core.main.TestSuiteExecutor.accessTestCaseMainPhase(TestSuiteExecutor.java:203)
	at com.kms.katalon.core.main.TestSuiteExecutor.accessTestSuiteMainPhase(TestSuiteExecutor.java:152)
	at com.kms.katalon.core.main.TestSuiteExecutor.execute(TestSuiteExecutor.java:95)
	at com.kms.katalon.core.main.TestCaseMain.startTestSuite(TestCaseMain.java:157)
	at com.kms.katalon.core.main.TestCaseMain$startTestSuite$0.call(Unknown Source)
	at TempTestSuite1622307653786.run(TempTestSuite1622307653786.groovy:39)
Caused by: org.openqa.selenium.ElementClickInterceptedException: element click intercepted: Element <i class="icon-plus"></i> is not clickable at point (208, 92). Other element would receive the click: <div class="modal-body">...</div>
  (Session info: chrome=91.0.4472.77)
Build info: version: '3.141.59', revision: 'e82be7d358', time: '2018-11-14T08:25:53'
System info: host: 'WIN-SERVER-2019', ip: '10.1.0.4', os.name: 'Windows Server 2019', os.arch: 'amd64', os.version: '10.0', java.version: '1.8.0_282'
Driver info: com.kms.katalon.selenium.driver.CChromeDriver
Capabilities {acceptInsecureCerts: false, browserName: chrome, browserVersion: 91.0.4472.77, chrome: {chromedriverVersion: 90.0.4430.24 (4c6d850f087da..., userDataDir: C:\Users\nttuan\AppData\Loc...}, goog:chromeOptions: {debuggerAddress: localhost:56148}, javascriptEnabled: true, networkConnectionEnabled: false, pageLoadStrategy: normal, platform: WINDOWS, platformName: WINDOWS, proxy: Proxy(), setWindowRect: true, strictFileInteractability: false, timeouts: {implicit: 0, pageLoad: 300000, script: 30000}, unhandledPromptBehavior: dismiss and notify, webauthn:extension:largeBlob: true, webauthn:virtualAuthenticators: true}
Session ID: 0e5914d19fbbf5b1a83e374872755ee5
	at org.openqa.selenium.remote.http.W3CHttpResponseCodec.createException(W3CHttpResponseCodec.java:187)
	at org.openqa.selenium.remote.http.W3CHttpResponseCodec.decode(W3CHttpResponseCodec.java:122)
	at org.openqa.selenium.remote.http.W3CHttpResponseCodec.decode(W3CHttpResponseCodec.java:49)
	at org.openqa.selenium.remote.HttpCommandExecutor.execute(HttpCommandExecutor.java:158)
	at org.openqa.selenium.remote.service.DriverCommandExecutor.execute(DriverCommandExecutor.java:83)
	at org.openqa.selenium.remote.RemoteWebDriver.execute(RemoteWebDriver.java:552)
	at com.kms.katalon.selenium.driver.CChromeDriver.execute(CChromeDriver.java:19)
	at org.openqa.selenium.remote.RemoteWebElement.execute(RemoteWebElement.java:285)
	at org.openqa.selenium.remote.RemoteWebElement.click(RemoteWebElement.java:84)
	at org.openqa.selenium.support.events.EventFiringWebDriver$EventFiringWebElement.lambda$new$0(EventFiringWebDriver.java:404)
	at com.sun.proxy.$Proxy17.click(Unknown Source)
	at org.openqa.selenium.support.events.EventFiringWebDriver$EventFiringWebElement.click(EventFiringWebDriver.java:417)
	at com.kms.katalon.core.webui.keyword.builtin.ClickKeyword$_click_closure1.doCall(ClickKeyword.groovy:68)
	at com.kms.katalon.core.webui.keyword.builtin.ClickKeyword$_click_closure1.call(ClickKeyword.groovy)
	at com.kms.katalon.core.webui.keyword.internal.WebUIKeywordMain.runKeyword(WebUIKeywordMain.groovy:20)
	... 19 more


2021-05-29 17:09:43 - [TEST_STEP][PASSED] - callTestCase(findTestCase("Internal Test Cases/Successful Login"), ["Username":"", "Password":""], STOP_ON_FAILURE): Call Test Case 'Test Cases/Internal Test Cases/Successful Login' successfully

2021-05-29 17:09:43 - [TEST_CASE][PASSED] - Test Cases/Internal Test Cases/Successful Login: Test Cases/Internal Test Cases/Successful Login

2021-05-29 17:09:43 - [TEST_STEP][PASSED] - openBrowser(""): Browser is opened with url: ''

2021-05-29 17:09:43 - [MESSAGE][INFO] - Starting 'Chrome' driver

2021-05-29 17:09:43 - [MESSAGE][INFO] - Action delay is set to 0 milliseconds

2021-05-29 17:09:44 - [MESSAGE][PASSED] - Browser is opened with url: ''

2021-05-29 17:09:44 - [TEST_STEP][PASSED] - navigateToUrl("https://chudenangcao2021.cf/"): Navigate to 'https://chudenangcao2021.cf/' successfully

2021-05-29 17:09:45 - [MESSAGE][PASSED] - Navigate to 'https://chudenangcao2021.cf/' successfully

2021-05-29 17:09:45 - [TEST_STEP][PASSED] - setText(findTestObject("Object Repository/Page_Mattermost/input_All team communication in one place, _dcc84b"), findTestData("Internal/Internal Login Data").getValue(1, 1)): Text 'nguyenvanb' is set on object 'Object Repository/Page_Mattermost/input_All team communication in one place, _dcc84b'

2021-05-29 17:09:46 - [MESSAGE][PASSED] - Text 'nguyenvanb' is set on object 'Object Repository/Page_Mattermost/input_All team communication in one place, _dcc84b'

2021-05-29 17:09:46 - [TEST_STEP][PASSED] - setEncryptedText(findTestObject("Object Repository/Page_Mattermost/input_All team communication in one place, _a3edc6"), findTestData("Internal/Internal Login Data").getValue(2, 1)): Text ****** has been set on object 'Object Repository/Page_Mattermost/input_All team communication in one place, _a3edc6'

2021-05-29 17:09:47 - [MESSAGE][PASSED] - Text ****** has been set on object 'Object Repository/Page_Mattermost/input_All team communication in one place, _a3edc6'

2021-05-29 17:09:47 - [TEST_STEP][PASSED] - click(findTestObject("Object Repository/Page_Mattermost/button_Sign in")): Object: 'Object Repository/Page_Mattermost/button_Sign in' is clicked on

2021-05-29 17:09:47 - [MESSAGE][PASSED] - Object: 'Object Repository/Page_Mattermost/button_Sign in' is clicked on

2021-05-29 17:09:47 - [TEST_STEP][PASSED] - verifyLinksAccessible(["https://chudenangcao2021.cf/cdnc-cnpm-2021/channels"]): All links are accessible

2021-05-29 17:09:47 - [MESSAGE][INFO] - HAR: C:\Users\nttuan\Downloads\CDNC\mattermost-testing\Reports\20210529_170053\Run all test cases\20210529_170053\requests\main\35.har

2021-05-29 17:09:47 - [MESSAGE][PASSED] - Send request successfully

2021-05-29 17:09:47 - [MESSAGE][PASSED] - All links are accessible

2021-05-29 17:09:47 - [MESSAGE][PASSED] - Call Test Case 'Test Cases/Internal Test Cases/Successful Login' successfully

2021-05-29 17:09:47 - [TEST_STEP][FAILED] - for ([rowNum = 1, rowNum <= findTestData("Internal/Internal Channel Private").getRowNumbers(), (rowNum++)]): Unable to click on object 'Object Repository/CreateChannel/Page_TEST CHANNEL - TEAM NAME Mattermost/i_CtrlK_icon-plus' (Root cause: com.kms.katalon.core.exception.StepFailedException: Unable to click on object 'Object Repository/CreateChannel/Page_TEST CHANNEL - TEAM NAME Mattermost/i_CtrlK_icon-plus'
	at com.kms.katalon.core.webui.keyword.internal.WebUIKeywordMain.stepFailed(WebUIKeywordMain.groovy:64)
	at com.kms.katalon.core.webui.keyword.internal.WebUIKeywordMain.runKeyword(WebUIKeywordMain.groovy:26)
	at com.kms.katalon.core.webui.keyword.builtin.ClickKeyword.click(ClickKeyword.groovy:75)
	at com.kms.katalon.core.webui.keyword.builtin.ClickKeyword.execute(ClickKeyword.groovy:42)
	at com.kms.katalon.core.keyword.internal.KeywordExecutor.executeKeywordForPlatform(KeywordExecutor.groovy:73)
	at com.kms.katalon.core.webui.keyword.WebUiBuiltInKeywords.click(WebUiBuiltInKeywords.groovy:619)
	at com.kms.katalon.core.webui.keyword.WebUiBuiltInKeywords$click$2.call(Unknown Source)
	at CreateChannelPrivate.run(CreateChannelPrivate:23)
	at com.kms.katalon.core.main.ScriptEngine.run(ScriptEngine.java:194)
	at com.kms.katalon.core.main.ScriptEngine.runScriptAsRawText(ScriptEngine.java:119)
	at com.kms.katalon.core.main.TestCaseExecutor.runScript(TestCaseExecutor.java:398)
	at com.kms.katalon.core.main.TestCaseExecutor.doExecute(TestCaseExecutor.java:389)
	at com.kms.katalon.core.main.TestCaseExecutor.processExecutionPhase(TestCaseExecutor.java:368)
	at com.kms.katalon.core.main.TestCaseExecutor.accessMainPhase(TestCaseExecutor.java:360)
	at com.kms.katalon.core.main.TestCaseExecutor.execute(TestCaseExecutor.java:255)
	at com.kms.katalon.core.main.TestSuiteExecutor.accessTestCaseMainPhase(TestSuiteExecutor.java:203)
	at com.kms.katalon.core.main.TestSuiteExecutor.accessTestSuiteMainPhase(TestSuiteExecutor.java:152)
	at com.kms.katalon.core.main.TestSuiteExecutor.execute(TestSuiteExecutor.java:95)
	at com.kms.katalon.core.main.TestCaseMain.startTestSuite(TestCaseMain.java:157)
	at com.kms.katalon.core.main.TestCaseMain$startTestSuite$0.call(Unknown Source)
	at TempTestSuite1622307653786.run(TempTestSuite1622307653786.groovy:39)
Caused by: org.openqa.selenium.ElementClickInterceptedException: element click intercepted: Element <i class="icon-plus"></i> is not clickable at point (208, 92). Other element would receive the click: <div class="modal-body">...</div>
  (Session info: chrome=91.0.4472.77)
Build info: version: '3.141.59', revision: 'e82be7d358', time: '2018-11-14T08:25:53'
System info: host: 'WIN-SERVER-2019', ip: '10.1.0.4', os.name: 'Windows Server 2019', os.arch: 'amd64', os.version: '10.0', java.version: '1.8.0_282'
Driver info: com.kms.katalon.selenium.driver.CChromeDriver
Capabilities {acceptInsecureCerts: false, browserName: chrome, browserVersion: 91.0.4472.77, chrome: {chromedriverVersion: 90.0.4430.24 (4c6d850f087da..., userDataDir: C:\Users\nttuan\AppData\Loc...}, goog:chromeOptions: {debuggerAddress: localhost:56148}, javascriptEnabled: true, networkConnectionEnabled: false, pageLoadStrategy: normal, platform: WINDOWS, platformName: WINDOWS, proxy: Proxy(), setWindowRect: true, strictFileInteractability: false, timeouts: {implicit: 0, pageLoad: 300000, script: 30000}, unhandledPromptBehavior: dismiss and notify, webauthn:extension:largeBlob: true, webauthn:virtualAuthenticators: true}
Session ID: 0e5914d19fbbf5b1a83e374872755ee5
	at org.openqa.selenium.remote.http.W3CHttpResponseCodec.createException(W3CHttpResponseCodec.java:187)
	at org.openqa.selenium.remote.http.W3CHttpResponseCodec.decode(W3CHttpResponseCodec.java:122)
	at org.openqa.selenium.remote.http.W3CHttpResponseCodec.decode(W3CHttpResponseCodec.java:49)
	at org.openqa.selenium.remote.HttpCommandExecutor.execute(HttpCommandExecutor.java:158)
	at org.openqa.selenium.remote.service.DriverCommandExecutor.execute(DriverCommandExecutor.java:83)
	at org.openqa.selenium.remote.RemoteWebDriver.execute(RemoteWebDriver.java:552)
	at com.kms.katalon.selenium.driver.CChromeDriver.execute(CChromeDriver.java:19)
	at org.openqa.selenium.remote.RemoteWebElement.execute(RemoteWebElement.java:285)
	at org.openqa.selenium.remote.RemoteWebElement.click(RemoteWebElement.java:84)
	at org.openqa.selenium.support.events.EventFiringWebDriver$EventFiringWebElement.lambda$new$0(EventFiringWebDriver.java:404)
	at com.sun.proxy.$Proxy17.click(Unknown Source)
	at org.openqa.selenium.support.events.EventFiringWebDriver$EventFiringWebElement.click(EventFiringWebDriver.java:417)
	at com.kms.katalon.core.webui.keyword.builtin.ClickKeyword$_click_closure1.doCall(ClickKeyword.groovy:68)
	at com.kms.katalon.core.webui.keyword.builtin.ClickKeyword$_click_closure1.call(ClickKeyword.groovy)
	at com.kms.katalon.core.webui.keyword.internal.WebUIKeywordMain.runKeyword(WebUIKeywordMain.groovy:20)
	at com.kms.katalon.core.webui.keyword.builtin.ClickKeyword.click(ClickKeyword.groovy:75)
	at com.kms.katalon.core.webui.keyword.builtin.ClickKeyword.execute(ClickKeyword.groovy:42)
	at com.kms.katalon.core.keyword.internal.KeywordExecutor.executeKeywordForPlatform(KeywordExecutor.groovy:73)
	at com.kms.katalon.core.webui.keyword.WebUiBuiltInKeywords.click(WebUiBuiltInKeywords.groovy:619)
	at com.kms.katalon.core.webui.keyword.WebUiBuiltInKeywords$click$2.call(Unknown Source)
	at Script1622088285852.run(Script1622088285852.groovy:23)
	... 13 more
)

2021-05-29 17:09:47 - [TEST_STEP][PASSED] - click(findTestObject("Object Repository/CreateChannel/Page_TEST CHANNEL - TEAM NAME Mattermost/i_CtrlK_icon-plus")): Object: 'Object Repository/CreateChannel/Page_TEST CHANNEL - TEAM NAME Mattermost/i_CtrlK_icon-plus' is clicked on

2021-05-29 17:09:49 - [MESSAGE][PASSED] - Object: 'Object Repository/CreateChannel/Page_TEST CHANNEL - TEAM NAME Mattermost/i_CtrlK_icon-plus' is clicked on

2021-05-29 17:09:49 - [TEST_STEP][PASSED] - click(findTestObject("Object Repository/CreateChannel/Page_TEST CHANNEL - TEAM NAME Mattermost/span_Create New Channel")): Object: 'Object Repository/CreateChannel/Page_TEST CHANNEL - TEAM NAME Mattermost/span_Create New Channel' is clicked on

2021-05-29 17:09:50 - [MESSAGE][PASSED] - Object: 'Object Repository/CreateChannel/Page_TEST CHANNEL - TEAM NAME Mattermost/span_Create New Channel' is clicked on

2021-05-29 17:09:50 - [TEST_STEP][PASSED] - click(findTestObject("Object Repository/CreateChannelPrivate/Page_TEST CHANNEL - TEAM NAME Mattermost/input_- Anyone can join this channel_channelType")): Object: 'Object Repository/CreateChannelPrivate/Page_TEST CHANNEL - TEAM NAME Mattermost/input_- Anyone can join this channel_channelType' is clicked on

2021-05-29 17:09:50 - [MESSAGE][PASSED] - Object: 'Object Repository/CreateChannelPrivate/Page_TEST CHANNEL - TEAM NAME Mattermost/input_- Anyone can join this channel_channelType' is clicked on

2021-05-29 17:09:50 - [TEST_STEP][PASSED] - setText(findTestObject("Object Repository/CreateChannel/Page_TEST CHANNEL - TEAM NAME Mattermost/input_Name_newChannelName"), findTestData("Internal/Internal Channel Private").getValue(1, rowNum)): Text 'Channel private 12' is set on object 'Object Repository/CreateChannel/Page_TEST CHANNEL - TEAM NAME Mattermost/input_Name_newChannelName'

2021-05-29 17:09:51 - [MESSAGE][PASSED] - Text 'Channel private 12' is set on object 'Object Repository/CreateChannel/Page_TEST CHANNEL - TEAM NAME Mattermost/input_Name_newChannelName'

2021-05-29 17:09:51 - [TEST_STEP][PASSED] - click(findTestObject("Object Repository/CreateChannel/Page_TEST CHANNEL - TEAM NAME Mattermost/button_Create Channel")): Object: 'Object Repository/CreateChannel/Page_TEST CHANNEL - TEAM NAME Mattermost/button_Create Channel' is clicked on

2021-05-29 17:09:51 - [MESSAGE][PASSED] - Object: 'Object Repository/CreateChannel/Page_TEST CHANNEL - TEAM NAME Mattermost/button_Create Channel' is clicked on

2021-05-29 17:09:51 - [TEST_STEP][FAILED] - click(findTestObject("Object Repository/CreateChannel/Page_TEST CHANNEL - TEAM NAME Mattermost/i_CtrlK_icon-plus")): Unable to click on object 'Object Repository/CreateChannel/Page_TEST CHANNEL - TEAM NAME Mattermost/i_CtrlK_icon-plus' (Root cause: com.kms.katalon.core.exception.StepFailedException: Unable to click on object 'Object Repository/CreateChannel/Page_TEST CHANNEL - TEAM NAME Mattermost/i_CtrlK_icon-plus'
	at com.kms.katalon.core.webui.keyword.internal.WebUIKeywordMain.stepFailed(WebUIKeywordMain.groovy:64)
	at com.kms.katalon.core.webui.keyword.internal.WebUIKeywordMain.runKeyword(WebUIKeywordMain.groovy:26)
	at com.kms.katalon.core.webui.keyword.builtin.ClickKeyword.click(ClickKeyword.groovy:75)
	at com.kms.katalon.core.webui.keyword.builtin.ClickKeyword.execute(ClickKeyword.groovy:42)
	at com.kms.katalon.core.keyword.internal.KeywordExecutor.executeKeywordForPlatform(KeywordExecutor.groovy:73)
	at com.kms.katalon.core.webui.keyword.WebUiBuiltInKeywords.click(WebUiBuiltInKeywords.groovy:619)
	at com.kms.katalon.core.webui.keyword.WebUiBuiltInKeywords$click$2.call(Unknown Source)
	at CreateChannelPrivate.run(CreateChannelPrivate:23)
	at com.kms.katalon.core.main.ScriptEngine.run(ScriptEngine.java:194)
	at com.kms.katalon.core.main.ScriptEngine.runScriptAsRawText(ScriptEngine.java:119)
	at com.kms.katalon.core.main.TestCaseExecutor.runScript(TestCaseExecutor.java:398)
	at com.kms.katalon.core.main.TestCaseExecutor.doExecute(TestCaseExecutor.java:389)
	at com.kms.katalon.core.main.TestCaseExecutor.processExecutionPhase(TestCaseExecutor.java:368)
	at com.kms.katalon.core.main.TestCaseExecutor.accessMainPhase(TestCaseExecutor.java:360)
	at com.kms.katalon.core.main.TestCaseExecutor.execute(TestCaseExecutor.java:255)
	at com.kms.katalon.core.main.TestSuiteExecutor.accessTestCaseMainPhase(TestSuiteExecutor.java:203)
	at com.kms.katalon.core.main.TestSuiteExecutor.accessTestSuiteMainPhase(TestSuiteExecutor.java:152)
	at com.kms.katalon.core.main.TestSuiteExecutor.execute(TestSuiteExecutor.java:95)
	at com.kms.katalon.core.main.TestCaseMain.startTestSuite(TestCaseMain.java:157)
	at com.kms.katalon.core.main.TestCaseMain$startTestSuite$0.call(Unknown Source)
	at TempTestSuite1622307653786.run(TempTestSuite1622307653786.groovy:39)
Caused by: org.openqa.selenium.ElementClickInterceptedException: element click intercepted: Element <i class="icon-plus"></i> is not clickable at point (208, 92). Other element would receive the click: <div class="modal-body">...</div>
  (Session info: chrome=91.0.4472.77)
Build info: version: '3.141.59', revision: 'e82be7d358', time: '2018-11-14T08:25:53'
System info: host: 'WIN-SERVER-2019', ip: '10.1.0.4', os.name: 'Windows Server 2019', os.arch: 'amd64', os.version: '10.0', java.version: '1.8.0_282'
Driver info: com.kms.katalon.selenium.driver.CChromeDriver
Capabilities {acceptInsecureCerts: false, browserName: chrome, browserVersion: 91.0.4472.77, chrome: {chromedriverVersion: 90.0.4430.24 (4c6d850f087da..., userDataDir: C:\Users\nttuan\AppData\Loc...}, goog:chromeOptions: {debuggerAddress: localhost:56148}, javascriptEnabled: true, networkConnectionEnabled: false, pageLoadStrategy: normal, platform: WINDOWS, platformName: WINDOWS, proxy: Proxy(), setWindowRect: true, strictFileInteractability: false, timeouts: {implicit: 0, pageLoad: 300000, script: 30000}, unhandledPromptBehavior: dismiss and notify, webauthn:extension:largeBlob: true, webauthn:virtualAuthenticators: true}
Session ID: 0e5914d19fbbf5b1a83e374872755ee5
	at org.openqa.selenium.remote.http.W3CHttpResponseCodec.createException(W3CHttpResponseCodec.java:187)
	at org.openqa.selenium.remote.http.W3CHttpResponseCodec.decode(W3CHttpResponseCodec.java:122)
	at org.openqa.selenium.remote.http.W3CHttpResponseCodec.decode(W3CHttpResponseCodec.java:49)
	at org.openqa.selenium.remote.HttpCommandExecutor.execute(HttpCommandExecutor.java:158)
	at org.openqa.selenium.remote.service.DriverCommandExecutor.execute(DriverCommandExecutor.java:83)
	at org.openqa.selenium.remote.RemoteWebDriver.execute(RemoteWebDriver.java:552)
	at com.kms.katalon.selenium.driver.CChromeDriver.execute(CChromeDriver.java:19)
	at org.openqa.selenium.remote.RemoteWebElement.execute(RemoteWebElement.java:285)
	at org.openqa.selenium.remote.RemoteWebElement.click(RemoteWebElement.java:84)
	at org.openqa.selenium.support.events.EventFiringWebDriver$EventFiringWebElement.lambda$new$0(EventFiringWebDriver.java:404)
	at com.sun.proxy.$Proxy17.click(Unknown Source)
	at org.openqa.selenium.support.events.EventFiringWebDriver$EventFiringWebElement.click(EventFiringWebDriver.java:417)
	at com.kms.katalon.core.webui.keyword.builtin.ClickKeyword$_click_closure1.doCall(ClickKeyword.groovy:68)
	at com.kms.katalon.core.webui.keyword.builtin.ClickKeyword$_click_closure1.call(ClickKeyword.groovy)
	at com.kms.katalon.core.webui.keyword.internal.WebUIKeywordMain.runKeyword(WebUIKeywordMain.groovy:20)
	at com.kms.katalon.core.webui.keyword.builtin.ClickKeyword.click(ClickKeyword.groovy:75)
	at com.kms.katalon.core.webui.keyword.builtin.ClickKeyword.execute(ClickKeyword.groovy:42)
	at com.kms.katalon.core.keyword.internal.KeywordExecutor.executeKeywordForPlatform(KeywordExecutor.groovy:73)
	at com.kms.katalon.core.webui.keyword.WebUiBuiltInKeywords.click(WebUiBuiltInKeywords.groovy:619)
	at com.kms.katalon.core.webui.keyword.WebUiBuiltInKeywords$click$2.call(Unknown Source)
	at Script1622088285852.run(Script1622088285852.groovy:23)
	... 13 more
)

2021-05-29 17:09:53 - [MESSAGE][FAILED] - Unable to click on object 'Object Repository/CreateChannel/Page_TEST CHANNEL - TEAM NAME Mattermost/i_CtrlK_icon-plus' (Root cause: com.kms.katalon.core.exception.StepFailedException: Unable to click on object 'Object Repository/CreateChannel/Page_TEST CHANNEL - TEAM NAME Mattermost/i_CtrlK_icon-plus'
	at com.kms.katalon.core.webui.keyword.internal.WebUIKeywordMain.stepFailed(WebUIKeywordMain.groovy:64)
	at com.kms.katalon.core.webui.keyword.internal.WebUIKeywordMain.runKeyword(WebUIKeywordMain.groovy:26)
	at com.kms.katalon.core.webui.keyword.builtin.ClickKeyword.click(ClickKeyword.groovy:75)
	at com.kms.katalon.core.webui.keyword.builtin.ClickKeyword.execute(ClickKeyword.groovy:42)
	at com.kms.katalon.core.keyword.internal.KeywordExecutor.executeKeywordForPlatform(KeywordExecutor.groovy:73)
	at com.kms.katalon.core.webui.keyword.WebUiBuiltInKeywords.click(WebUiBuiltInKeywords.groovy:619)
	at com.kms.katalon.core.webui.keyword.WebUiBuiltInKeywords$click$2.call(Unknown Source)
	at CreateChannelPrivate.run(CreateChannelPrivate:23)
	at com.kms.katalon.core.main.ScriptEngine.run(ScriptEngine.java:194)
	at com.kms.katalon.core.main.ScriptEngine.runScriptAsRawText(ScriptEngine.java:119)
	at com.kms.katalon.core.main.TestCaseExecutor.runScript(TestCaseExecutor.java:398)
	at com.kms.katalon.core.main.TestCaseExecutor.doExecute(TestCaseExecutor.java:389)
	at com.kms.katalon.core.main.TestCaseExecutor.processExecutionPhase(TestCaseExecutor.java:368)
	at com.kms.katalon.core.main.TestCaseExecutor.accessMainPhase(TestCaseExecutor.java:360)
	at com.kms.katalon.core.main.TestCaseExecutor.execute(TestCaseExecutor.java:255)
	at com.kms.katalon.core.main.TestSuiteExecutor.accessTestCaseMainPhase(TestSuiteExecutor.java:203)
	at com.kms.katalon.core.main.TestSuiteExecutor.accessTestSuiteMainPhase(TestSuiteExecutor.java:152)
	at com.kms.katalon.core.main.TestSuiteExecutor.execute(TestSuiteExecutor.java:95)
	at com.kms.katalon.core.main.TestCaseMain.startTestSuite(TestCaseMain.java:157)
	at com.kms.katalon.core.main.TestCaseMain$startTestSuite$0.call(Unknown Source)
	at TempTestSuite1622307653786.run(TempTestSuite1622307653786.groovy:39)
Caused by: org.openqa.selenium.ElementClickInterceptedException: element click intercepted: Element <i class="icon-plus"></i> is not clickable at point (208, 92). Other element would receive the click: <div class="modal-body">...</div>
  (Session info: chrome=91.0.4472.77)
Build info: version: '3.141.59', revision: 'e82be7d358', time: '2018-11-14T08:25:53'
System info: host: 'WIN-SERVER-2019', ip: '10.1.0.4', os.name: 'Windows Server 2019', os.arch: 'amd64', os.version: '10.0', java.version: '1.8.0_282'
Driver info: com.kms.katalon.selenium.driver.CChromeDriver
Capabilities {acceptInsecureCerts: false, browserName: chrome, browserVersion: 91.0.4472.77, chrome: {chromedriverVersion: 90.0.4430.24 (4c6d850f087da..., userDataDir: C:\Users\nttuan\AppData\Loc...}, goog:chromeOptions: {debuggerAddress: localhost:56148}, javascriptEnabled: true, networkConnectionEnabled: false, pageLoadStrategy: normal, platform: WINDOWS, platformName: WINDOWS, proxy: Proxy(), setWindowRect: true, strictFileInteractability: false, timeouts: {implicit: 0, pageLoad: 300000, script: 30000}, unhandledPromptBehavior: dismiss and notify, webauthn:extension:largeBlob: true, webauthn:virtualAuthenticators: true}
Session ID: 0e5914d19fbbf5b1a83e374872755ee5
	at org.openqa.selenium.remote.http.W3CHttpResponseCodec.createException(W3CHttpResponseCodec.java:187)
	at org.openqa.selenium.remote.http.W3CHttpResponseCodec.decode(W3CHttpResponseCodec.java:122)
	at org.openqa.selenium.remote.http.W3CHttpResponseCodec.decode(W3CHttpResponseCodec.java:49)
	at org.openqa.selenium.remote.HttpCommandExecutor.execute(HttpCommandExecutor.java:158)
	at org.openqa.selenium.remote.service.DriverCommandExecutor.execute(DriverCommandExecutor.java:83)
	at org.openqa.selenium.remote.RemoteWebDriver.execute(RemoteWebDriver.java:552)
	at com.kms.katalon.selenium.driver.CChromeDriver.execute(CChromeDriver.java:19)
	at org.openqa.selenium.remote.RemoteWebElement.execute(RemoteWebElement.java:285)
	at org.openqa.selenium.remote.RemoteWebElement.click(RemoteWebElement.java:84)
	at org.openqa.selenium.support.events.EventFiringWebDriver$EventFiringWebElement.lambda$new$0(EventFiringWebDriver.java:404)
	at com.sun.proxy.$Proxy17.click(Unknown Source)
	at org.openqa.selenium.support.events.EventFiringWebDriver$EventFiringWebElement.click(EventFiringWebDriver.java:417)
	at com.kms.katalon.core.webui.keyword.builtin.ClickKeyword$_click_closure1.doCall(ClickKeyword.groovy:68)
	at com.kms.katalon.core.webui.keyword.builtin.ClickKeyword$_click_closure1.call(ClickKeyword.groovy)
	at com.kms.katalon.core.webui.keyword.internal.WebUIKeywordMain.runKeyword(WebUIKeywordMain.groovy:20)
	at com.kms.katalon.core.webui.keyword.builtin.ClickKeyword.click(ClickKeyword.groovy:75)
	at com.kms.katalon.core.webui.keyword.builtin.ClickKeyword.execute(ClickKeyword.groovy:42)
	at com.kms.katalon.core.keyword.internal.KeywordExecutor.executeKeywordForPlatform(KeywordExecutor.groovy:73)
	at com.kms.katalon.core.webui.keyword.WebUiBuiltInKeywords.click(WebUiBuiltInKeywords.groovy:619)
	at com.kms.katalon.core.webui.keyword.WebUiBuiltInKeywords$click$2.call(Unknown Source)
	at Script1622088285852.run(Script1622088285852.groovy:23)
	... 13 more
)
[[ATTACHMENT|C:\\Users\\nttuan\\Downloads\\CDNC\\mattermost-testing\\Reports\\20210529_170053\\Run all test cases\\20210529_170053\\1622308193508.png]]]]></system-out>
         <system-err><![CDATA[2021-05-29 17:09:43 - [TEST_CASE][FAILED] - Test Cases/Internal Test Cases/CreateChannelPrivate: Test Cases/Internal Test Cases/CreateChannelPrivate FAILED.
Reason:
com.kms.katalon.core.exception.StepFailedException: Unable to click on object 'Object Repository/CreateChannel/Page_TEST CHANNEL - TEAM NAME Mattermost/i_CtrlK_icon-plus'
	at com.kms.katalon.core.webui.keyword.internal.WebUIKeywordMain.stepFailed(WebUIKeywordMain.groovy:64)
	at com.kms.katalon.core.webui.keyword.internal.WebUIKeywordMain.runKeyword(WebUIKeywordMain.groovy:26)
	at com.kms.katalon.core.webui.keyword.builtin.ClickKeyword.click(ClickKeyword.groovy:75)
	at com.kms.katalon.core.webui.keyword.builtin.ClickKeyword.execute(ClickKeyword.groovy:42)
	at com.kms.katalon.core.keyword.internal.KeywordExecutor.executeKeywordForPlatform(KeywordExecutor.groovy:73)
	at com.kms.katalon.core.webui.keyword.WebUiBuiltInKeywords.click(WebUiBuiltInKeywords.groovy:619)
	at com.kms.katalon.core.webui.keyword.WebUiBuiltInKeywords$click$2.call(Unknown Source)
	at CreateChannelPrivate.run(CreateChannelPrivate:23)
	at com.kms.katalon.core.main.ScriptEngine.run(ScriptEngine.java:194)
	at com.kms.katalon.core.main.ScriptEngine.runScriptAsRawText(ScriptEngine.java:119)
	at com.kms.katalon.core.main.TestCaseExecutor.runScript(TestCaseExecutor.java:398)
	at com.kms.katalon.core.main.TestCaseExecutor.doExecute(TestCaseExecutor.java:389)
	at com.kms.katalon.core.main.TestCaseExecutor.processExecutionPhase(TestCaseExecutor.java:368)
	at com.kms.katalon.core.main.TestCaseExecutor.accessMainPhase(TestCaseExecutor.java:360)
	at com.kms.katalon.core.main.TestCaseExecutor.execute(TestCaseExecutor.java:255)
	at com.kms.katalon.core.main.TestSuiteExecutor.accessTestCaseMainPhase(TestSuiteExecutor.java:203)
	at com.kms.katalon.core.main.TestSuiteExecutor.accessTestSuiteMainPhase(TestSuiteExecutor.java:152)
	at com.kms.katalon.core.main.TestSuiteExecutor.execute(TestSuiteExecutor.java:95)
	at com.kms.katalon.core.main.TestCaseMain.startTestSuite(TestCaseMain.java:157)
	at com.kms.katalon.core.main.TestCaseMain$startTestSuite$0.call(Unknown Source)
	at TempTestSuite1622307653786.run(TempTestSuite1622307653786.groovy:39)
Caused by: org.openqa.selenium.ElementClickInterceptedException: element click intercepted: Element <i class="icon-plus"></i> is not clickable at point (208, 92). Other element would receive the click: <div class="modal-body">...</div>
  (Session info: chrome=91.0.4472.77)
Build info: version: '3.141.59', revision: 'e82be7d358', time: '2018-11-14T08:25:53'
System info: host: 'WIN-SERVER-2019', ip: '10.1.0.4', os.name: 'Windows Server 2019', os.arch: 'amd64', os.version: '10.0', java.version: '1.8.0_282'
Driver info: com.kms.katalon.selenium.driver.CChromeDriver
Capabilities {acceptInsecureCerts: false, browserName: chrome, browserVersion: 91.0.4472.77, chrome: {chromedriverVersion: 90.0.4430.24 (4c6d850f087da..., userDataDir: C:\Users\nttuan\AppData\Loc...}, goog:chromeOptions: {debuggerAddress: localhost:56148}, javascriptEnabled: true, networkConnectionEnabled: false, pageLoadStrategy: normal, platform: WINDOWS, platformName: WINDOWS, proxy: Proxy(), setWindowRect: true, strictFileInteractability: false, timeouts: {implicit: 0, pageLoad: 300000, script: 30000}, unhandledPromptBehavior: dismiss and notify, webauthn:extension:largeBlob: true, webauthn:virtualAuthenticators: true}
Session ID: 0e5914d19fbbf5b1a83e374872755ee5
	at org.openqa.selenium.remote.http.W3CHttpResponseCodec.createException(W3CHttpResponseCodec.java:187)
	at org.openqa.selenium.remote.http.W3CHttpResponseCodec.decode(W3CHttpResponseCodec.java:122)
	at org.openqa.selenium.remote.http.W3CHttpResponseCodec.decode(W3CHttpResponseCodec.java:49)
	at org.openqa.selenium.remote.HttpCommandExecutor.execute(HttpCommandExecutor.java:158)
	at org.openqa.selenium.remote.service.DriverCommandExecutor.execute(DriverCommandExecutor.java:83)
	at org.openqa.selenium.remote.RemoteWebDriver.execute(RemoteWebDriver.java:552)
	at com.kms.katalon.selenium.driver.CChromeDriver.execute(CChromeDriver.java:19)
	at org.openqa.selenium.remote.RemoteWebElement.execute(RemoteWebElement.java:285)
	at org.openqa.selenium.remote.RemoteWebElement.click(RemoteWebElement.java:84)
	at org.openqa.selenium.support.events.EventFiringWebDriver$EventFiringWebElement.lambda$new$0(EventFiringWebDriver.java:404)
	at com.sun.proxy.$Proxy17.click(Unknown Source)
	at org.openqa.selenium.support.events.EventFiringWebDriver$EventFiringWebElement.click(EventFiringWebDriver.java:417)
	at com.kms.katalon.core.webui.keyword.builtin.ClickKeyword$_click_closure1.doCall(ClickKeyword.groovy:68)
	at com.kms.katalon.core.webui.keyword.builtin.ClickKeyword$_click_closure1.call(ClickKeyword.groovy)
	at com.kms.katalon.core.webui.keyword.internal.WebUIKeywordMain.runKeyword(WebUIKeywordMain.groovy:20)
	... 19 more]]></system-err>
      </testcase>
      <testcase name="Test Cases/Internal Test Cases/CreateChannelPublic" time="11.348" classname="Test Cases/Internal Test Cases/CreateChannelPublic" status="FAILED">
         <failure type="FAILED" message="Test Cases/Internal Test Cases/CreateChannelPublic FAILED.
Reason:
com.kms.katalon.core.exception.StepFailedException: Unable to click on object 'Object Repository/CreateChannel/Page_TEST CHANNEL - TEAM NAME Mattermost/i_CtrlK_icon-plus'
	at com.kms.katalon.core.webui.keyword.internal.WebUIKeywordMain.stepFailed(WebUIKeywordMain.groovy:64)
	at com.kms.katalon.core.webui.keyword.internal.WebUIKeywordMain.runKeyword(WebUIKeywordMain.groovy:26)
	at com.kms.katalon.core.webui.keyword.builtin.ClickKeyword.click(ClickKeyword.groovy:75)
	at com.kms.katalon.core.webui.keyword.builtin.ClickKeyword.execute(ClickKeyword.groovy:42)
	at com.kms.katalon.core.keyword.internal.KeywordExecutor.executeKeywordForPlatform(KeywordExecutor.groovy:73)
	at com.kms.katalon.core.webui.keyword.WebUiBuiltInKeywords.click(WebUiBuiltInKeywords.groovy:619)
	at com.kms.katalon.core.webui.keyword.WebUiBuiltInKeywords$click$2.call(Unknown Source)
	at CreateChannelPublic.run(CreateChannelPublic:24)
	at com.kms.katalon.core.main.ScriptEngine.run(ScriptEngine.java:194)
	at com.kms.katalon.core.main.ScriptEngine.runScriptAsRawText(ScriptEngine.java:119)
	at com.kms.katalon.core.main.TestCaseExecutor.runScript(TestCaseExecutor.java:398)
	at com.kms.katalon.core.main.TestCaseExecutor.doExecute(TestCaseExecutor.java:389)
	at com.kms.katalon.core.main.TestCaseExecutor.processExecutionPhase(TestCaseExecutor.java:368)
	at com.kms.katalon.core.main.TestCaseExecutor.accessMainPhase(TestCaseExecutor.java:360)
	at com.kms.katalon.core.main.TestCaseExecutor.execute(TestCaseExecutor.java:255)
	at com.kms.katalon.core.main.TestSuiteExecutor.accessTestCaseMainPhase(TestSuiteExecutor.java:203)
	at com.kms.katalon.core.main.TestSuiteExecutor.accessTestSuiteMainPhase(TestSuiteExecutor.java:152)
	at com.kms.katalon.core.main.TestSuiteExecutor.execute(TestSuiteExecutor.java:95)
	at com.kms.katalon.core.main.TestCaseMain.startTestSuite(TestCaseMain.java:157)
	at com.kms.katalon.core.main.TestCaseMain$startTestSuite$0.call(Unknown Source)
	at TempTestSuite1622307653786.run(TempTestSuite1622307653786.groovy:39)
Caused by: org.openqa.selenium.ElementClickInterceptedException: element click intercepted: Element &lt;i class=&quot;icon-plus&quot;>&lt;/i> is not clickable at point (208, 92). Other element would receive the click: &lt;div class=&quot;modal-body&quot;>...&lt;/div>
  (Session info: chrome=91.0.4472.77)
Build info: version: '3.141.59', revision: 'e82be7d358', time: '2018-11-14T08:25:53'
System info: host: 'WIN-SERVER-2019', ip: '10.1.0.4', os.name: 'Windows Server 2019', os.arch: 'amd64', os.version: '10.0', java.version: '1.8.0_282'
Driver info: com.kms.katalon.selenium.driver.CChromeDriver
Capabilities {acceptInsecureCerts: false, browserName: chrome, browserVersion: 91.0.4472.77, chrome: {chromedriverVersion: 90.0.4430.24 (4c6d850f087da..., userDataDir: C:\Users\nttuan\AppData\Loc...}, goog:chromeOptions: {debuggerAddress: localhost:62580}, javascriptEnabled: true, networkConnectionEnabled: false, pageLoadStrategy: normal, platform: WINDOWS, platformName: WINDOWS, proxy: Proxy(), setWindowRect: true, strictFileInteractability: false, timeouts: {implicit: 0, pageLoad: 300000, script: 30000}, unhandledPromptBehavior: dismiss and notify, webauthn:extension:largeBlob: true, webauthn:virtualAuthenticators: true}
Session ID: 95c82efbd38089507cbeb6af3b78a1a9
	at org.openqa.selenium.remote.http.W3CHttpResponseCodec.createException(W3CHttpResponseCodec.java:187)
	at org.openqa.selenium.remote.http.W3CHttpResponseCodec.decode(W3CHttpResponseCodec.java:122)
	at org.openqa.selenium.remote.http.W3CHttpResponseCodec.decode(W3CHttpResponseCodec.java:49)
	at org.openqa.selenium.remote.HttpCommandExecutor.execute(HttpCommandExecutor.java:158)
	at org.openqa.selenium.remote.service.DriverCommandExecutor.execute(DriverCommandExecutor.java:83)
	at org.openqa.selenium.remote.RemoteWebDriver.execute(RemoteWebDriver.java:552)
	at com.kms.katalon.selenium.driver.CChromeDriver.execute(CChromeDriver.java:19)
	at org.openqa.selenium.remote.RemoteWebElement.execute(RemoteWebElement.java:285)
	at org.openqa.selenium.remote.RemoteWebElement.click(RemoteWebElement.java:84)
	at org.openqa.selenium.support.events.EventFiringWebDriver$EventFiringWebElement.lambda$new$0(EventFiringWebDriver.java:404)
	at com.sun.proxy.$Proxy17.click(Unknown Source)
	at org.openqa.selenium.support.events.EventFiringWebDriver$EventFiringWebElement.click(EventFiringWebDriver.java:417)
	at com.kms.katalon.core.webui.keyword.builtin.ClickKeyword$_click_closure1.doCall(ClickKeyword.groovy:68)
	at com.kms.katalon.core.webui.keyword.builtin.ClickKeyword$_click_closure1.call(ClickKeyword.groovy)
	at com.kms.katalon.core.webui.keyword.internal.WebUIKeywordMain.runKeyword(WebUIKeywordMain.groovy:20)
	... 19 more
"/>
         <system-out><![CDATA[2021-05-29 17:09:53 - [TEST_CASE][FAILED] - Test Cases/Internal Test Cases/CreateChannelPublic: Test Cases/Internal Test Cases/CreateChannelPublic FAILED.
Reason:
com.kms.katalon.core.exception.StepFailedException: Unable to click on object 'Object Repository/CreateChannel/Page_TEST CHANNEL - TEAM NAME Mattermost/i_CtrlK_icon-plus'
	at com.kms.katalon.core.webui.keyword.internal.WebUIKeywordMain.stepFailed(WebUIKeywordMain.groovy:64)
	at com.kms.katalon.core.webui.keyword.internal.WebUIKeywordMain.runKeyword(WebUIKeywordMain.groovy:26)
	at com.kms.katalon.core.webui.keyword.builtin.ClickKeyword.click(ClickKeyword.groovy:75)
	at com.kms.katalon.core.webui.keyword.builtin.ClickKeyword.execute(ClickKeyword.groovy:42)
	at com.kms.katalon.core.keyword.internal.KeywordExecutor.executeKeywordForPlatform(KeywordExecutor.groovy:73)
	at com.kms.katalon.core.webui.keyword.WebUiBuiltInKeywords.click(WebUiBuiltInKeywords.groovy:619)
	at com.kms.katalon.core.webui.keyword.WebUiBuiltInKeywords$click$2.call(Unknown Source)
	at CreateChannelPublic.run(CreateChannelPublic:24)
	at com.kms.katalon.core.main.ScriptEngine.run(ScriptEngine.java:194)
	at com.kms.katalon.core.main.ScriptEngine.runScriptAsRawText(ScriptEngine.java:119)
	at com.kms.katalon.core.main.TestCaseExecutor.runScript(TestCaseExecutor.java:398)
	at com.kms.katalon.core.main.TestCaseExecutor.doExecute(TestCaseExecutor.java:389)
	at com.kms.katalon.core.main.TestCaseExecutor.processExecutionPhase(TestCaseExecutor.java:368)
	at com.kms.katalon.core.main.TestCaseExecutor.accessMainPhase(TestCaseExecutor.java:360)
	at com.kms.katalon.core.main.TestCaseExecutor.execute(TestCaseExecutor.java:255)
	at com.kms.katalon.core.main.TestSuiteExecutor.accessTestCaseMainPhase(TestSuiteExecutor.java:203)
	at com.kms.katalon.core.main.TestSuiteExecutor.accessTestSuiteMainPhase(TestSuiteExecutor.java:152)
	at com.kms.katalon.core.main.TestSuiteExecutor.execute(TestSuiteExecutor.java:95)
	at com.kms.katalon.core.main.TestCaseMain.startTestSuite(TestCaseMain.java:157)
	at com.kms.katalon.core.main.TestCaseMain$startTestSuite$0.call(Unknown Source)
	at TempTestSuite1622307653786.run(TempTestSuite1622307653786.groovy:39)
Caused by: org.openqa.selenium.ElementClickInterceptedException: element click intercepted: Element <i class="icon-plus"></i> is not clickable at point (208, 92). Other element would receive the click: <div class="modal-body">...</div>
  (Session info: chrome=91.0.4472.77)
Build info: version: '3.141.59', revision: 'e82be7d358', time: '2018-11-14T08:25:53'
System info: host: 'WIN-SERVER-2019', ip: '10.1.0.4', os.name: 'Windows Server 2019', os.arch: 'amd64', os.version: '10.0', java.version: '1.8.0_282'
Driver info: com.kms.katalon.selenium.driver.CChromeDriver
Capabilities {acceptInsecureCerts: false, browserName: chrome, browserVersion: 91.0.4472.77, chrome: {chromedriverVersion: 90.0.4430.24 (4c6d850f087da..., userDataDir: C:\Users\nttuan\AppData\Loc...}, goog:chromeOptions: {debuggerAddress: localhost:62580}, javascriptEnabled: true, networkConnectionEnabled: false, pageLoadStrategy: normal, platform: WINDOWS, platformName: WINDOWS, proxy: Proxy(), setWindowRect: true, strictFileInteractability: false, timeouts: {implicit: 0, pageLoad: 300000, script: 30000}, unhandledPromptBehavior: dismiss and notify, webauthn:extension:largeBlob: true, webauthn:virtualAuthenticators: true}
Session ID: 95c82efbd38089507cbeb6af3b78a1a9
	at org.openqa.selenium.remote.http.W3CHttpResponseCodec.createException(W3CHttpResponseCodec.java:187)
	at org.openqa.selenium.remote.http.W3CHttpResponseCodec.decode(W3CHttpResponseCodec.java:122)
	at org.openqa.selenium.remote.http.W3CHttpResponseCodec.decode(W3CHttpResponseCodec.java:49)
	at org.openqa.selenium.remote.HttpCommandExecutor.execute(HttpCommandExecutor.java:158)
	at org.openqa.selenium.remote.service.DriverCommandExecutor.execute(DriverCommandExecutor.java:83)
	at org.openqa.selenium.remote.RemoteWebDriver.execute(RemoteWebDriver.java:552)
	at com.kms.katalon.selenium.driver.CChromeDriver.execute(CChromeDriver.java:19)
	at org.openqa.selenium.remote.RemoteWebElement.execute(RemoteWebElement.java:285)
	at org.openqa.selenium.remote.RemoteWebElement.click(RemoteWebElement.java:84)
	at org.openqa.selenium.support.events.EventFiringWebDriver$EventFiringWebElement.lambda$new$0(EventFiringWebDriver.java:404)
	at com.sun.proxy.$Proxy17.click(Unknown Source)
	at org.openqa.selenium.support.events.EventFiringWebDriver$EventFiringWebElement.click(EventFiringWebDriver.java:417)
	at com.kms.katalon.core.webui.keyword.builtin.ClickKeyword$_click_closure1.doCall(ClickKeyword.groovy:68)
	at com.kms.katalon.core.webui.keyword.builtin.ClickKeyword$_click_closure1.call(ClickKeyword.groovy)
	at com.kms.katalon.core.webui.keyword.internal.WebUIKeywordMain.runKeyword(WebUIKeywordMain.groovy:20)
	... 19 more


2021-05-29 17:09:53 - [TEST_STEP][PASSED] - callTestCase(findTestCase("Internal Test Cases/Successful Login"), ["Username":"", "Password":""], STOP_ON_FAILURE): Call Test Case 'Test Cases/Internal Test Cases/Successful Login' successfully

2021-05-29 17:09:53 - [TEST_CASE][PASSED] - Test Cases/Internal Test Cases/Successful Login: Test Cases/Internal Test Cases/Successful Login

2021-05-29 17:09:53 - [TEST_STEP][PASSED] - openBrowser(""): Browser is opened with url: ''

2021-05-29 17:09:53 - [MESSAGE][WARNING] - A browser is already opened. Closing browser and opening a new one

2021-05-29 17:09:54 - [MESSAGE][INFO] - Starting 'Chrome' driver

2021-05-29 17:09:54 - [MESSAGE][INFO] - Action delay is set to 0 milliseconds

2021-05-29 17:09:55 - [MESSAGE][PASSED] - Browser is opened with url: ''

2021-05-29 17:09:55 - [TEST_STEP][PASSED] - navigateToUrl("https://chudenangcao2021.cf/"): Navigate to 'https://chudenangcao2021.cf/' successfully

2021-05-29 17:09:56 - [MESSAGE][PASSED] - Navigate to 'https://chudenangcao2021.cf/' successfully

2021-05-29 17:09:56 - [TEST_STEP][PASSED] - setText(findTestObject("Object Repository/Page_Mattermost/input_All team communication in one place, _dcc84b"), findTestData("Internal/Internal Login Data").getValue(1, 1)): Text 'nguyenvanb' is set on object 'Object Repository/Page_Mattermost/input_All team communication in one place, _dcc84b'

2021-05-29 17:09:57 - [MESSAGE][PASSED] - Text 'nguyenvanb' is set on object 'Object Repository/Page_Mattermost/input_All team communication in one place, _dcc84b'

2021-05-29 17:09:57 - [TEST_STEP][PASSED] - setEncryptedText(findTestObject("Object Repository/Page_Mattermost/input_All team communication in one place, _a3edc6"), findTestData("Internal/Internal Login Data").getValue(2, 1)): Text ****** has been set on object 'Object Repository/Page_Mattermost/input_All team communication in one place, _a3edc6'

2021-05-29 17:09:58 - [MESSAGE][PASSED] - Text ****** has been set on object 'Object Repository/Page_Mattermost/input_All team communication in one place, _a3edc6'

2021-05-29 17:09:58 - [TEST_STEP][PASSED] - click(findTestObject("Object Repository/Page_Mattermost/button_Sign in")): Object: 'Object Repository/Page_Mattermost/button_Sign in' is clicked on

2021-05-29 17:09:59 - [MESSAGE][PASSED] - Object: 'Object Repository/Page_Mattermost/button_Sign in' is clicked on

2021-05-29 17:09:59 - [TEST_STEP][PASSED] - verifyLinksAccessible(["https://chudenangcao2021.cf/cdnc-cnpm-2021/channels"]): All links are accessible

2021-05-29 17:09:59 - [MESSAGE][INFO] - HAR: C:\Users\nttuan\Downloads\CDNC\mattermost-testing\Reports\20210529_170053\Run all test cases\20210529_170053\requests\main\36.har

2021-05-29 17:09:59 - [MESSAGE][PASSED] - Send request successfully

2021-05-29 17:09:59 - [MESSAGE][PASSED] - All links are accessible

2021-05-29 17:09:59 - [MESSAGE][PASSED] - Call Test Case 'Test Cases/Internal Test Cases/Successful Login' successfully

2021-05-29 17:09:59 - [TEST_STEP][FAILED] - for ([rowNum = 1, rowNum <= findTestData("Internal/Internal Channel Public").getRowNumbers(), (rowNum++)]): Unable to click on object 'Object Repository/CreateChannel/Page_TEST CHANNEL - TEAM NAME Mattermost/i_CtrlK_icon-plus' (Root cause: com.kms.katalon.core.exception.StepFailedException: Unable to click on object 'Object Repository/CreateChannel/Page_TEST CHANNEL - TEAM NAME Mattermost/i_CtrlK_icon-plus'
	at com.kms.katalon.core.webui.keyword.internal.WebUIKeywordMain.stepFailed(WebUIKeywordMain.groovy:64)
	at com.kms.katalon.core.webui.keyword.internal.WebUIKeywordMain.runKeyword(WebUIKeywordMain.groovy:26)
	at com.kms.katalon.core.webui.keyword.builtin.ClickKeyword.click(ClickKeyword.groovy:75)
	at com.kms.katalon.core.webui.keyword.builtin.ClickKeyword.execute(ClickKeyword.groovy:42)
	at com.kms.katalon.core.keyword.internal.KeywordExecutor.executeKeywordForPlatform(KeywordExecutor.groovy:73)
	at com.kms.katalon.core.webui.keyword.WebUiBuiltInKeywords.click(WebUiBuiltInKeywords.groovy:619)
	at com.kms.katalon.core.webui.keyword.WebUiBuiltInKeywords$click$2.call(Unknown Source)
	at CreateChannelPublic.run(CreateChannelPublic:24)
	at com.kms.katalon.core.main.ScriptEngine.run(ScriptEngine.java:194)
	at com.kms.katalon.core.main.ScriptEngine.runScriptAsRawText(ScriptEngine.java:119)
	at com.kms.katalon.core.main.TestCaseExecutor.runScript(TestCaseExecutor.java:398)
	at com.kms.katalon.core.main.TestCaseExecutor.doExecute(TestCaseExecutor.java:389)
	at com.kms.katalon.core.main.TestCaseExecutor.processExecutionPhase(TestCaseExecutor.java:368)
	at com.kms.katalon.core.main.TestCaseExecutor.accessMainPhase(TestCaseExecutor.java:360)
	at com.kms.katalon.core.main.TestCaseExecutor.execute(TestCaseExecutor.java:255)
	at com.kms.katalon.core.main.TestSuiteExecutor.accessTestCaseMainPhase(TestSuiteExecutor.java:203)
	at com.kms.katalon.core.main.TestSuiteExecutor.accessTestSuiteMainPhase(TestSuiteExecutor.java:152)
	at com.kms.katalon.core.main.TestSuiteExecutor.execute(TestSuiteExecutor.java:95)
	at com.kms.katalon.core.main.TestCaseMain.startTestSuite(TestCaseMain.java:157)
	at com.kms.katalon.core.main.TestCaseMain$startTestSuite$0.call(Unknown Source)
	at TempTestSuite1622307653786.run(TempTestSuite1622307653786.groovy:39)
Caused by: org.openqa.selenium.ElementClickInterceptedException: element click intercepted: Element <i class="icon-plus"></i> is not clickable at point (208, 92). Other element would receive the click: <div class="modal-body">...</div>
  (Session info: chrome=91.0.4472.77)
Build info: version: '3.141.59', revision: 'e82be7d358', time: '2018-11-14T08:25:53'
System info: host: 'WIN-SERVER-2019', ip: '10.1.0.4', os.name: 'Windows Server 2019', os.arch: 'amd64', os.version: '10.0', java.version: '1.8.0_282'
Driver info: com.kms.katalon.selenium.driver.CChromeDriver
Capabilities {acceptInsecureCerts: false, browserName: chrome, browserVersion: 91.0.4472.77, chrome: {chromedriverVersion: 90.0.4430.24 (4c6d850f087da..., userDataDir: C:\Users\nttuan\AppData\Loc...}, goog:chromeOptions: {debuggerAddress: localhost:62580}, javascriptEnabled: true, networkConnectionEnabled: false, pageLoadStrategy: normal, platform: WINDOWS, platformName: WINDOWS, proxy: Proxy(), setWindowRect: true, strictFileInteractability: false, timeouts: {implicit: 0, pageLoad: 300000, script: 30000}, unhandledPromptBehavior: dismiss and notify, webauthn:extension:largeBlob: true, webauthn:virtualAuthenticators: true}
Session ID: 95c82efbd38089507cbeb6af3b78a1a9
	at org.openqa.selenium.remote.http.W3CHttpResponseCodec.createException(W3CHttpResponseCodec.java:187)
	at org.openqa.selenium.remote.http.W3CHttpResponseCodec.decode(W3CHttpResponseCodec.java:122)
	at org.openqa.selenium.remote.http.W3CHttpResponseCodec.decode(W3CHttpResponseCodec.java:49)
	at org.openqa.selenium.remote.HttpCommandExecutor.execute(HttpCommandExecutor.java:158)
	at org.openqa.selenium.remote.service.DriverCommandExecutor.execute(DriverCommandExecutor.java:83)
	at org.openqa.selenium.remote.RemoteWebDriver.execute(RemoteWebDriver.java:552)
	at com.kms.katalon.selenium.driver.CChromeDriver.execute(CChromeDriver.java:19)
	at org.openqa.selenium.remote.RemoteWebElement.execute(RemoteWebElement.java:285)
	at org.openqa.selenium.remote.RemoteWebElement.click(RemoteWebElement.java:84)
	at org.openqa.selenium.support.events.EventFiringWebDriver$EventFiringWebElement.lambda$new$0(EventFiringWebDriver.java:404)
	at com.sun.proxy.$Proxy17.click(Unknown Source)
	at org.openqa.selenium.support.events.EventFiringWebDriver$EventFiringWebElement.click(EventFiringWebDriver.java:417)
	at com.kms.katalon.core.webui.keyword.builtin.ClickKeyword$_click_closure1.doCall(ClickKeyword.groovy:68)
	at com.kms.katalon.core.webui.keyword.builtin.ClickKeyword$_click_closure1.call(ClickKeyword.groovy)
	at com.kms.katalon.core.webui.keyword.internal.WebUIKeywordMain.runKeyword(WebUIKeywordMain.groovy:20)
	at com.kms.katalon.core.webui.keyword.builtin.ClickKeyword.click(ClickKeyword.groovy:75)
	at com.kms.katalon.core.webui.keyword.builtin.ClickKeyword.execute(ClickKeyword.groovy:42)
	at com.kms.katalon.core.keyword.internal.KeywordExecutor.executeKeywordForPlatform(KeywordExecutor.groovy:73)
	at com.kms.katalon.core.webui.keyword.WebUiBuiltInKeywords.click(WebUiBuiltInKeywords.groovy:619)
	at com.kms.katalon.core.webui.keyword.WebUiBuiltInKeywords$click$2.call(Unknown Source)
	at Script1622088008923.run(Script1622088008923.groovy:24)
	... 13 more
)

2021-05-29 17:09:59 - [TEST_STEP][PASSED] - click(findTestObject("Object Repository/CreateChannel/Page_TEST CHANNEL - TEAM NAME Mattermost/i_CtrlK_icon-plus")): Object: 'Object Repository/CreateChannel/Page_TEST CHANNEL - TEAM NAME Mattermost/i_CtrlK_icon-plus' is clicked on

2021-05-29 17:10:00 - [MESSAGE][PASSED] - Object: 'Object Repository/CreateChannel/Page_TEST CHANNEL - TEAM NAME Mattermost/i_CtrlK_icon-plus' is clicked on

2021-05-29 17:10:00 - [TEST_STEP][PASSED] - click(findTestObject("Object Repository/CreateChannel/Page_TEST CHANNEL - TEAM NAME Mattermost/span_Create New Channel")): Object: 'Object Repository/CreateChannel/Page_TEST CHANNEL - TEAM NAME Mattermost/span_Create New Channel' is clicked on

2021-05-29 17:10:01 - [MESSAGE][PASSED] - Object: 'Object Repository/CreateChannel/Page_TEST CHANNEL - TEAM NAME Mattermost/span_Create New Channel' is clicked on

2021-05-29 17:10:01 - [TEST_STEP][PASSED] - click(findTestObject("Object Repository/CreateChannel/Page_TEST CHANNEL - TEAM NAME Mattermost/input_Type_channelType")): Object: 'Object Repository/CreateChannel/Page_TEST CHANNEL - TEAM NAME Mattermost/input_Type_channelType' is clicked on

2021-05-29 17:10:02 - [MESSAGE][PASSED] - Object: 'Object Repository/CreateChannel/Page_TEST CHANNEL - TEAM NAME Mattermost/input_Type_channelType' is clicked on

2021-05-29 17:10:02 - [TEST_STEP][PASSED] - setText(findTestObject("Object Repository/CreateChannel/Page_TEST CHANNEL - TEAM NAME Mattermost/input_Name_newChannelName"), findTestData("Internal/Internal Channel Public").getValue(1, rowNum)): Text 'Channel Public 12' is set on object 'Object Repository/CreateChannel/Page_TEST CHANNEL - TEAM NAME Mattermost/input_Name_newChannelName'

2021-05-29 17:10:02 - [MESSAGE][PASSED] - Text 'Channel Public 12' is set on object 'Object Repository/CreateChannel/Page_TEST CHANNEL - TEAM NAME Mattermost/input_Name_newChannelName'

2021-05-29 17:10:02 - [TEST_STEP][PASSED] - click(findTestObject("Object Repository/CreateChannel/Page_TEST CHANNEL - TEAM NAME Mattermost/button_Create Channel")): Object: 'Object Repository/CreateChannel/Page_TEST CHANNEL - TEAM NAME Mattermost/button_Create Channel' is clicked on

2021-05-29 17:10:03 - [MESSAGE][PASSED] - Object: 'Object Repository/CreateChannel/Page_TEST CHANNEL - TEAM NAME Mattermost/button_Create Channel' is clicked on

2021-05-29 17:10:03 - [TEST_STEP][FAILED] - click(findTestObject("Object Repository/CreateChannel/Page_TEST CHANNEL - TEAM NAME Mattermost/i_CtrlK_icon-plus")): Unable to click on object 'Object Repository/CreateChannel/Page_TEST CHANNEL - TEAM NAME Mattermost/i_CtrlK_icon-plus' (Root cause: com.kms.katalon.core.exception.StepFailedException: Unable to click on object 'Object Repository/CreateChannel/Page_TEST CHANNEL - TEAM NAME Mattermost/i_CtrlK_icon-plus'
	at com.kms.katalon.core.webui.keyword.internal.WebUIKeywordMain.stepFailed(WebUIKeywordMain.groovy:64)
	at com.kms.katalon.core.webui.keyword.internal.WebUIKeywordMain.runKeyword(WebUIKeywordMain.groovy:26)
	at com.kms.katalon.core.webui.keyword.builtin.ClickKeyword.click(ClickKeyword.groovy:75)
	at com.kms.katalon.core.webui.keyword.builtin.ClickKeyword.execute(ClickKeyword.groovy:42)
	at com.kms.katalon.core.keyword.internal.KeywordExecutor.executeKeywordForPlatform(KeywordExecutor.groovy:73)
	at com.kms.katalon.core.webui.keyword.WebUiBuiltInKeywords.click(WebUiBuiltInKeywords.groovy:619)
	at com.kms.katalon.core.webui.keyword.WebUiBuiltInKeywords$click$2.call(Unknown Source)
	at CreateChannelPublic.run(CreateChannelPublic:24)
	at com.kms.katalon.core.main.ScriptEngine.run(ScriptEngine.java:194)
	at com.kms.katalon.core.main.ScriptEngine.runScriptAsRawText(ScriptEngine.java:119)
	at com.kms.katalon.core.main.TestCaseExecutor.runScript(TestCaseExecutor.java:398)
	at com.kms.katalon.core.main.TestCaseExecutor.doExecute(TestCaseExecutor.java:389)
	at com.kms.katalon.core.main.TestCaseExecutor.processExecutionPhase(TestCaseExecutor.java:368)
	at com.kms.katalon.core.main.TestCaseExecutor.accessMainPhase(TestCaseExecutor.java:360)
	at com.kms.katalon.core.main.TestCaseExecutor.execute(TestCaseExecutor.java:255)
	at com.kms.katalon.core.main.TestSuiteExecutor.accessTestCaseMainPhase(TestSuiteExecutor.java:203)
	at com.kms.katalon.core.main.TestSuiteExecutor.accessTestSuiteMainPhase(TestSuiteExecutor.java:152)
	at com.kms.katalon.core.main.TestSuiteExecutor.execute(TestSuiteExecutor.java:95)
	at com.kms.katalon.core.main.TestCaseMain.startTestSuite(TestCaseMain.java:157)
	at com.kms.katalon.core.main.TestCaseMain$startTestSuite$0.call(Unknown Source)
	at TempTestSuite1622307653786.run(TempTestSuite1622307653786.groovy:39)
Caused by: org.openqa.selenium.ElementClickInterceptedException: element click intercepted: Element <i class="icon-plus"></i> is not clickable at point (208, 92). Other element would receive the click: <div class="modal-body">...</div>
  (Session info: chrome=91.0.4472.77)
Build info: version: '3.141.59', revision: 'e82be7d358', time: '2018-11-14T08:25:53'
System info: host: 'WIN-SERVER-2019', ip: '10.1.0.4', os.name: 'Windows Server 2019', os.arch: 'amd64', os.version: '10.0', java.version: '1.8.0_282'
Driver info: com.kms.katalon.selenium.driver.CChromeDriver
Capabilities {acceptInsecureCerts: false, browserName: chrome, browserVersion: 91.0.4472.77, chrome: {chromedriverVersion: 90.0.4430.24 (4c6d850f087da..., userDataDir: C:\Users\nttuan\AppData\Loc...}, goog:chromeOptions: {debuggerAddress: localhost:62580}, javascriptEnabled: true, networkConnectionEnabled: false, pageLoadStrategy: normal, platform: WINDOWS, platformName: WINDOWS, proxy: Proxy(), setWindowRect: true, strictFileInteractability: false, timeouts: {implicit: 0, pageLoad: 300000, script: 30000}, unhandledPromptBehavior: dismiss and notify, webauthn:extension:largeBlob: true, webauthn:virtualAuthenticators: true}
Session ID: 95c82efbd38089507cbeb6af3b78a1a9
	at org.openqa.selenium.remote.http.W3CHttpResponseCodec.createException(W3CHttpResponseCodec.java:187)
	at org.openqa.selenium.remote.http.W3CHttpResponseCodec.decode(W3CHttpResponseCodec.java:122)
	at org.openqa.selenium.remote.http.W3CHttpResponseCodec.decode(W3CHttpResponseCodec.java:49)
	at org.openqa.selenium.remote.HttpCommandExecutor.execute(HttpCommandExecutor.java:158)
	at org.openqa.selenium.remote.service.DriverCommandExecutor.execute(DriverCommandExecutor.java:83)
	at org.openqa.selenium.remote.RemoteWebDriver.execute(RemoteWebDriver.java:552)
	at com.kms.katalon.selenium.driver.CChromeDriver.execute(CChromeDriver.java:19)
	at org.openqa.selenium.remote.RemoteWebElement.execute(RemoteWebElement.java:285)
	at org.openqa.selenium.remote.RemoteWebElement.click(RemoteWebElement.java:84)
	at org.openqa.selenium.support.events.EventFiringWebDriver$EventFiringWebElement.lambda$new$0(EventFiringWebDriver.java:404)
	at com.sun.proxy.$Proxy17.click(Unknown Source)
	at org.openqa.selenium.support.events.EventFiringWebDriver$EventFiringWebElement.click(EventFiringWebDriver.java:417)
	at com.kms.katalon.core.webui.keyword.builtin.ClickKeyword$_click_closure1.doCall(ClickKeyword.groovy:68)
	at com.kms.katalon.core.webui.keyword.builtin.ClickKeyword$_click_closure1.call(ClickKeyword.groovy)
	at com.kms.katalon.core.webui.keyword.internal.WebUIKeywordMain.runKeyword(WebUIKeywordMain.groovy:20)
	at com.kms.katalon.core.webui.keyword.builtin.ClickKeyword.click(ClickKeyword.groovy:75)
	at com.kms.katalon.core.webui.keyword.builtin.ClickKeyword.execute(ClickKeyword.groovy:42)
	at com.kms.katalon.core.keyword.internal.KeywordExecutor.executeKeywordForPlatform(KeywordExecutor.groovy:73)
	at com.kms.katalon.core.webui.keyword.WebUiBuiltInKeywords.click(WebUiBuiltInKeywords.groovy:619)
	at com.kms.katalon.core.webui.keyword.WebUiBuiltInKeywords$click$2.call(Unknown Source)
	at Script1622088008923.run(Script1622088008923.groovy:24)
	... 13 more
)

2021-05-29 17:10:04 - [MESSAGE][FAILED] - Unable to click on object 'Object Repository/CreateChannel/Page_TEST CHANNEL - TEAM NAME Mattermost/i_CtrlK_icon-plus' (Root cause: com.kms.katalon.core.exception.StepFailedException: Unable to click on object 'Object Repository/CreateChannel/Page_TEST CHANNEL - TEAM NAME Mattermost/i_CtrlK_icon-plus'
	at com.kms.katalon.core.webui.keyword.internal.WebUIKeywordMain.stepFailed(WebUIKeywordMain.groovy:64)
	at com.kms.katalon.core.webui.keyword.internal.WebUIKeywordMain.runKeyword(WebUIKeywordMain.groovy:26)
	at com.kms.katalon.core.webui.keyword.builtin.ClickKeyword.click(ClickKeyword.groovy:75)
	at com.kms.katalon.core.webui.keyword.builtin.ClickKeyword.execute(ClickKeyword.groovy:42)
	at com.kms.katalon.core.keyword.internal.KeywordExecutor.executeKeywordForPlatform(KeywordExecutor.groovy:73)
	at com.kms.katalon.core.webui.keyword.WebUiBuiltInKeywords.click(WebUiBuiltInKeywords.groovy:619)
	at com.kms.katalon.core.webui.keyword.WebUiBuiltInKeywords$click$2.call(Unknown Source)
	at CreateChannelPublic.run(CreateChannelPublic:24)
	at com.kms.katalon.core.main.ScriptEngine.run(ScriptEngine.java:194)
	at com.kms.katalon.core.main.ScriptEngine.runScriptAsRawText(ScriptEngine.java:119)
	at com.kms.katalon.core.main.TestCaseExecutor.runScript(TestCaseExecutor.java:398)
	at com.kms.katalon.core.main.TestCaseExecutor.doExecute(TestCaseExecutor.java:389)
	at com.kms.katalon.core.main.TestCaseExecutor.processExecutionPhase(TestCaseExecutor.java:368)
	at com.kms.katalon.core.main.TestCaseExecutor.accessMainPhase(TestCaseExecutor.java:360)
	at com.kms.katalon.core.main.TestCaseExecutor.execute(TestCaseExecutor.java:255)
	at com.kms.katalon.core.main.TestSuiteExecutor.accessTestCaseMainPhase(TestSuiteExecutor.java:203)
	at com.kms.katalon.core.main.TestSuiteExecutor.accessTestSuiteMainPhase(TestSuiteExecutor.java:152)
	at com.kms.katalon.core.main.TestSuiteExecutor.execute(TestSuiteExecutor.java:95)
	at com.kms.katalon.core.main.TestCaseMain.startTestSuite(TestCaseMain.java:157)
	at com.kms.katalon.core.main.TestCaseMain$startTestSuite$0.call(Unknown Source)
	at TempTestSuite1622307653786.run(TempTestSuite1622307653786.groovy:39)
Caused by: org.openqa.selenium.ElementClickInterceptedException: element click intercepted: Element <i class="icon-plus"></i> is not clickable at point (208, 92). Other element would receive the click: <div class="modal-body">...</div>
  (Session info: chrome=91.0.4472.77)
Build info: version: '3.141.59', revision: 'e82be7d358', time: '2018-11-14T08:25:53'
System info: host: 'WIN-SERVER-2019', ip: '10.1.0.4', os.name: 'Windows Server 2019', os.arch: 'amd64', os.version: '10.0', java.version: '1.8.0_282'
Driver info: com.kms.katalon.selenium.driver.CChromeDriver
Capabilities {acceptInsecureCerts: false, browserName: chrome, browserVersion: 91.0.4472.77, chrome: {chromedriverVersion: 90.0.4430.24 (4c6d850f087da..., userDataDir: C:\Users\nttuan\AppData\Loc...}, goog:chromeOptions: {debuggerAddress: localhost:62580}, javascriptEnabled: true, networkConnectionEnabled: false, pageLoadStrategy: normal, platform: WINDOWS, platformName: WINDOWS, proxy: Proxy(), setWindowRect: true, strictFileInteractability: false, timeouts: {implicit: 0, pageLoad: 300000, script: 30000}, unhandledPromptBehavior: dismiss and notify, webauthn:extension:largeBlob: true, webauthn:virtualAuthenticators: true}
Session ID: 95c82efbd38089507cbeb6af3b78a1a9
	at org.openqa.selenium.remote.http.W3CHttpResponseCodec.createException(W3CHttpResponseCodec.java:187)
	at org.openqa.selenium.remote.http.W3CHttpResponseCodec.decode(W3CHttpResponseCodec.java:122)
	at org.openqa.selenium.remote.http.W3CHttpResponseCodec.decode(W3CHttpResponseCodec.java:49)
	at org.openqa.selenium.remote.HttpCommandExecutor.execute(HttpCommandExecutor.java:158)
	at org.openqa.selenium.remote.service.DriverCommandExecutor.execute(DriverCommandExecutor.java:83)
	at org.openqa.selenium.remote.RemoteWebDriver.execute(RemoteWebDriver.java:552)
	at com.kms.katalon.selenium.driver.CChromeDriver.execute(CChromeDriver.java:19)
	at org.openqa.selenium.remote.RemoteWebElement.execute(RemoteWebElement.java:285)
	at org.openqa.selenium.remote.RemoteWebElement.click(RemoteWebElement.java:84)
	at org.openqa.selenium.support.events.EventFiringWebDriver$EventFiringWebElement.lambda$new$0(EventFiringWebDriver.java:404)
	at com.sun.proxy.$Proxy17.click(Unknown Source)
	at org.openqa.selenium.support.events.EventFiringWebDriver$EventFiringWebElement.click(EventFiringWebDriver.java:417)
	at com.kms.katalon.core.webui.keyword.builtin.ClickKeyword$_click_closure1.doCall(ClickKeyword.groovy:68)
	at com.kms.katalon.core.webui.keyword.builtin.ClickKeyword$_click_closure1.call(ClickKeyword.groovy)
	at com.kms.katalon.core.webui.keyword.internal.WebUIKeywordMain.runKeyword(WebUIKeywordMain.groovy:20)
	at com.kms.katalon.core.webui.keyword.builtin.ClickKeyword.click(ClickKeyword.groovy:75)
	at com.kms.katalon.core.webui.keyword.builtin.ClickKeyword.execute(ClickKeyword.groovy:42)
	at com.kms.katalon.core.keyword.internal.KeywordExecutor.executeKeywordForPlatform(KeywordExecutor.groovy:73)
	at com.kms.katalon.core.webui.keyword.WebUiBuiltInKeywords.click(WebUiBuiltInKeywords.groovy:619)
	at com.kms.katalon.core.webui.keyword.WebUiBuiltInKeywords$click$2.call(Unknown Source)
	at Script1622088008923.run(Script1622088008923.groovy:24)
	... 13 more
)
[[ATTACHMENT|C:\\Users\\nttuan\\Downloads\\CDNC\\mattermost-testing\\Reports\\20210529_170053\\Run all test cases\\20210529_170053\\1622308204863.png]]]]></system-out>
         <system-err><![CDATA[2021-05-29 17:09:53 - [TEST_CASE][FAILED] - Test Cases/Internal Test Cases/CreateChannelPublic: Test Cases/Internal Test Cases/CreateChannelPublic FAILED.
Reason:
com.kms.katalon.core.exception.StepFailedException: Unable to click on object 'Object Repository/CreateChannel/Page_TEST CHANNEL - TEAM NAME Mattermost/i_CtrlK_icon-plus'
	at com.kms.katalon.core.webui.keyword.internal.WebUIKeywordMain.stepFailed(WebUIKeywordMain.groovy:64)
	at com.kms.katalon.core.webui.keyword.internal.WebUIKeywordMain.runKeyword(WebUIKeywordMain.groovy:26)
	at com.kms.katalon.core.webui.keyword.builtin.ClickKeyword.click(ClickKeyword.groovy:75)
	at com.kms.katalon.core.webui.keyword.builtin.ClickKeyword.execute(ClickKeyword.groovy:42)
	at com.kms.katalon.core.keyword.internal.KeywordExecutor.executeKeywordForPlatform(KeywordExecutor.groovy:73)
	at com.kms.katalon.core.webui.keyword.WebUiBuiltInKeywords.click(WebUiBuiltInKeywords.groovy:619)
	at com.kms.katalon.core.webui.keyword.WebUiBuiltInKeywords$click$2.call(Unknown Source)
	at CreateChannelPublic.run(CreateChannelPublic:24)
	at com.kms.katalon.core.main.ScriptEngine.run(ScriptEngine.java:194)
	at com.kms.katalon.core.main.ScriptEngine.runScriptAsRawText(ScriptEngine.java:119)
	at com.kms.katalon.core.main.TestCaseExecutor.runScript(TestCaseExecutor.java:398)
	at com.kms.katalon.core.main.TestCaseExecutor.doExecute(TestCaseExecutor.java:389)
	at com.kms.katalon.core.main.TestCaseExecutor.processExecutionPhase(TestCaseExecutor.java:368)
	at com.kms.katalon.core.main.TestCaseExecutor.accessMainPhase(TestCaseExecutor.java:360)
	at com.kms.katalon.core.main.TestCaseExecutor.execute(TestCaseExecutor.java:255)
	at com.kms.katalon.core.main.TestSuiteExecutor.accessTestCaseMainPhase(TestSuiteExecutor.java:203)
	at com.kms.katalon.core.main.TestSuiteExecutor.accessTestSuiteMainPhase(TestSuiteExecutor.java:152)
	at com.kms.katalon.core.main.TestSuiteExecutor.execute(TestSuiteExecutor.java:95)
	at com.kms.katalon.core.main.TestCaseMain.startTestSuite(TestCaseMain.java:157)
	at com.kms.katalon.core.main.TestCaseMain$startTestSuite$0.call(Unknown Source)
	at TempTestSuite1622307653786.run(TempTestSuite1622307653786.groovy:39)
Caused by: org.openqa.selenium.ElementClickInterceptedException: element click intercepted: Element <i class="icon-plus"></i> is not clickable at point (208, 92). Other element would receive the click: <div class="modal-body">...</div>
  (Session info: chrome=91.0.4472.77)
Build info: version: '3.141.59', revision: 'e82be7d358', time: '2018-11-14T08:25:53'
System info: host: 'WIN-SERVER-2019', ip: '10.1.0.4', os.name: 'Windows Server 2019', os.arch: 'amd64', os.version: '10.0', java.version: '1.8.0_282'
Driver info: com.kms.katalon.selenium.driver.CChromeDriver
Capabilities {acceptInsecureCerts: false, browserName: chrome, browserVersion: 91.0.4472.77, chrome: {chromedriverVersion: 90.0.4430.24 (4c6d850f087da..., userDataDir: C:\Users\nttuan\AppData\Loc...}, goog:chromeOptions: {debuggerAddress: localhost:62580}, javascriptEnabled: true, networkConnectionEnabled: false, pageLoadStrategy: normal, platform: WINDOWS, platformName: WINDOWS, proxy: Proxy(), setWindowRect: true, strictFileInteractability: false, timeouts: {implicit: 0, pageLoad: 300000, script: 30000}, unhandledPromptBehavior: dismiss and notify, webauthn:extension:largeBlob: true, webauthn:virtualAuthenticators: true}
Session ID: 95c82efbd38089507cbeb6af3b78a1a9
	at org.openqa.selenium.remote.http.W3CHttpResponseCodec.createException(W3CHttpResponseCodec.java:187)
	at org.openqa.selenium.remote.http.W3CHttpResponseCodec.decode(W3CHttpResponseCodec.java:122)
	at org.openqa.selenium.remote.http.W3CHttpResponseCodec.decode(W3CHttpResponseCodec.java:49)
	at org.openqa.selenium.remote.HttpCommandExecutor.execute(HttpCommandExecutor.java:158)
	at org.openqa.selenium.remote.service.DriverCommandExecutor.execute(DriverCommandExecutor.java:83)
	at org.openqa.selenium.remote.RemoteWebDriver.execute(RemoteWebDriver.java:552)
	at com.kms.katalon.selenium.driver.CChromeDriver.execute(CChromeDriver.java:19)
	at org.openqa.selenium.remote.RemoteWebElement.execute(RemoteWebElement.java:285)
	at org.openqa.selenium.remote.RemoteWebElement.click(RemoteWebElement.java:84)
	at org.openqa.selenium.support.events.EventFiringWebDriver$EventFiringWebElement.lambda$new$0(EventFiringWebDriver.java:404)
	at com.sun.proxy.$Proxy17.click(Unknown Source)
	at org.openqa.selenium.support.events.EventFiringWebDriver$EventFiringWebElement.click(EventFiringWebDriver.java:417)
	at com.kms.katalon.core.webui.keyword.builtin.ClickKeyword$_click_closure1.doCall(ClickKeyword.groovy:68)
	at com.kms.katalon.core.webui.keyword.builtin.ClickKeyword$_click_closure1.call(ClickKeyword.groovy)
	at com.kms.katalon.core.webui.keyword.internal.WebUIKeywordMain.runKeyword(WebUIKeywordMain.groovy:20)
	... 19 more]]></system-err>
      </testcase>
      <testcase name="Test Cases/Internal Test Cases/CreateTeam" time="60.964" classname="Test Cases/Internal Test Cases/CreateTeam" status="FAILED">
         <failure type="FAILED" message="Test Cases/Internal Test Cases/CreateTeam FAILED.
Reason:
com.kms.katalon.core.exception.StepFailedException: Unable to click on object 'Object Repository/Page_TEST CHANNEL - TEAM NAME Mattermost/svg'
	at com.kms.katalon.core.webui.keyword.internal.WebUIKeywordMain.stepFailed(WebUIKeywordMain.groovy:64)
	at com.kms.katalon.core.webui.keyword.internal.WebUIKeywordMain.runKeyword(WebUIKeywordMain.groovy:26)
	at com.kms.katalon.core.webui.keyword.builtin.ClickKeyword.click(ClickKeyword.groovy:75)
	at com.kms.katalon.core.webui.keyword.builtin.ClickKeyword.execute(ClickKeyword.groovy:42)
	at com.kms.katalon.core.keyword.internal.KeywordExecutor.executeKeywordForPlatform(KeywordExecutor.groovy:73)
	at com.kms.katalon.core.webui.keyword.WebUiBuiltInKeywords.click(WebUiBuiltInKeywords.groovy:619)
	at com.kms.katalon.core.webui.keyword.WebUiBuiltInKeywords$click$2.call(Unknown Source)
	at CreateTeam.run(CreateTeam:23)
	at com.kms.katalon.core.main.ScriptEngine.run(ScriptEngine.java:194)
	at com.kms.katalon.core.main.ScriptEngine.runScriptAsRawText(ScriptEngine.java:119)
	at com.kms.katalon.core.main.TestCaseExecutor.runScript(TestCaseExecutor.java:398)
	at com.kms.katalon.core.main.TestCaseExecutor.doExecute(TestCaseExecutor.java:389)
	at com.kms.katalon.core.main.TestCaseExecutor.processExecutionPhase(TestCaseExecutor.java:368)
	at com.kms.katalon.core.main.TestCaseExecutor.accessMainPhase(TestCaseExecutor.java:360)
	at com.kms.katalon.core.main.TestCaseExecutor.execute(TestCaseExecutor.java:255)
	at com.kms.katalon.core.main.TestSuiteExecutor.accessTestCaseMainPhase(TestSuiteExecutor.java:203)
	at com.kms.katalon.core.main.TestSuiteExecutor.accessTestSuiteMainPhase(TestSuiteExecutor.java:152)
	at com.kms.katalon.core.main.TestSuiteExecutor.execute(TestSuiteExecutor.java:95)
	at com.kms.katalon.core.main.TestCaseMain.startTestSuite(TestCaseMain.java:157)
	at com.kms.katalon.core.main.TestCaseMain$startTestSuite$0.call(Unknown Source)
	at TempTestSuite1622307653786.run(TempTestSuite1622307653786.groovy:39)
Caused by: com.kms.katalon.core.webui.exception.WebElementNotFoundException: Web element with id: 'Object Repository/Page_TEST CHANNEL - TEAM NAME Mattermost/svg' located by '(.//*[normalize-space(text()) and normalize-space(.)='@nguyenvanb'])[1]/following::*[name()='svg'][1]' not found
	at com.kms.katalon.core.webui.common.WebUiCommonHelper.findWebElement(WebUiCommonHelper.java:1368)
	at com.kms.katalon.core.webui.keyword.internal.WebUIAbstractKeyword.findWebElement(WebUIAbstractKeyword.groovy:27)
	at com.kms.katalon.core.webui.keyword.internal.WebUIAbstractKeyword.findWebElement(WebUIAbstractKeyword.groovy:26)
	at com.kms.katalon.core.webui.keyword.builtin.ClickKeyword$_click_closure1.doCall(ClickKeyword.groovy:66)
	at com.kms.katalon.core.webui.keyword.builtin.ClickKeyword$_click_closure1.call(ClickKeyword.groovy)
	at com.kms.katalon.core.webui.keyword.internal.WebUIKeywordMain.runKeyword(WebUIKeywordMain.groovy:20)
	... 19 more
"/>
         <system-out><![CDATA[2021-05-29 17:10:04 - [TEST_CASE][FAILED] - Test Cases/Internal Test Cases/CreateTeam: Test Cases/Internal Test Cases/CreateTeam FAILED.
Reason:
com.kms.katalon.core.exception.StepFailedException: Unable to click on object 'Object Repository/Page_TEST CHANNEL - TEAM NAME Mattermost/svg'
	at com.kms.katalon.core.webui.keyword.internal.WebUIKeywordMain.stepFailed(WebUIKeywordMain.groovy:64)
	at com.kms.katalon.core.webui.keyword.internal.WebUIKeywordMain.runKeyword(WebUIKeywordMain.groovy:26)
	at com.kms.katalon.core.webui.keyword.builtin.ClickKeyword.click(ClickKeyword.groovy:75)
	at com.kms.katalon.core.webui.keyword.builtin.ClickKeyword.execute(ClickKeyword.groovy:42)
	at com.kms.katalon.core.keyword.internal.KeywordExecutor.executeKeywordForPlatform(KeywordExecutor.groovy:73)
	at com.kms.katalon.core.webui.keyword.WebUiBuiltInKeywords.click(WebUiBuiltInKeywords.groovy:619)
	at com.kms.katalon.core.webui.keyword.WebUiBuiltInKeywords$click$2.call(Unknown Source)
	at CreateTeam.run(CreateTeam:23)
	at com.kms.katalon.core.main.ScriptEngine.run(ScriptEngine.java:194)
	at com.kms.katalon.core.main.ScriptEngine.runScriptAsRawText(ScriptEngine.java:119)
	at com.kms.katalon.core.main.TestCaseExecutor.runScript(TestCaseExecutor.java:398)
	at com.kms.katalon.core.main.TestCaseExecutor.doExecute(TestCaseExecutor.java:389)
	at com.kms.katalon.core.main.TestCaseExecutor.processExecutionPhase(TestCaseExecutor.java:368)
	at com.kms.katalon.core.main.TestCaseExecutor.accessMainPhase(TestCaseExecutor.java:360)
	at com.kms.katalon.core.main.TestCaseExecutor.execute(TestCaseExecutor.java:255)
	at com.kms.katalon.core.main.TestSuiteExecutor.accessTestCaseMainPhase(TestSuiteExecutor.java:203)
	at com.kms.katalon.core.main.TestSuiteExecutor.accessTestSuiteMainPhase(TestSuiteExecutor.java:152)
	at com.kms.katalon.core.main.TestSuiteExecutor.execute(TestSuiteExecutor.java:95)
	at com.kms.katalon.core.main.TestCaseMain.startTestSuite(TestCaseMain.java:157)
	at com.kms.katalon.core.main.TestCaseMain$startTestSuite$0.call(Unknown Source)
	at TempTestSuite1622307653786.run(TempTestSuite1622307653786.groovy:39)
Caused by: com.kms.katalon.core.webui.exception.WebElementNotFoundException: Web element with id: 'Object Repository/Page_TEST CHANNEL - TEAM NAME Mattermost/svg' located by '(.//*[normalize-space(text()) and normalize-space(.)='@nguyenvanb'])[1]/following::*[name()='svg'][1]' not found
	at com.kms.katalon.core.webui.common.WebUiCommonHelper.findWebElement(WebUiCommonHelper.java:1368)
	at com.kms.katalon.core.webui.keyword.internal.WebUIAbstractKeyword.findWebElement(WebUIAbstractKeyword.groovy:27)
	at com.kms.katalon.core.webui.keyword.internal.WebUIAbstractKeyword.findWebElement(WebUIAbstractKeyword.groovy:26)
	at com.kms.katalon.core.webui.keyword.builtin.ClickKeyword$_click_closure1.doCall(ClickKeyword.groovy:66)
	at com.kms.katalon.core.webui.keyword.builtin.ClickKeyword$_click_closure1.call(ClickKeyword.groovy)
	at com.kms.katalon.core.webui.keyword.internal.WebUIKeywordMain.runKeyword(WebUIKeywordMain.groovy:20)
	... 19 more


2021-05-29 17:10:05 - [TEST_STEP][PASSED] - callTestCase(findTestCase("Internal Test Cases/Successful Login"), ["Username":"", "Password":""], STOP_ON_FAILURE): Call Test Case 'Test Cases/Internal Test Cases/Successful Login' successfully

2021-05-29 17:10:05 - [TEST_CASE][PASSED] - Test Cases/Internal Test Cases/Successful Login: Test Cases/Internal Test Cases/Successful Login

2021-05-29 17:10:05 - [TEST_STEP][PASSED] - openBrowser(""): Browser is opened with url: ''

2021-05-29 17:10:05 - [MESSAGE][WARNING] - A browser is already opened. Closing browser and opening a new one

2021-05-29 17:10:06 - [MESSAGE][INFO] - Starting 'Chrome' driver

2021-05-29 17:10:06 - [MESSAGE][INFO] - Action delay is set to 0 milliseconds

2021-05-29 17:10:07 - [MESSAGE][PASSED] - Browser is opened with url: ''

2021-05-29 17:10:07 - [TEST_STEP][PASSED] - navigateToUrl("https://chudenangcao2021.cf/"): Navigate to 'https://chudenangcao2021.cf/' successfully

2021-05-29 17:10:07 - [MESSAGE][PASSED] - Navigate to 'https://chudenangcao2021.cf/' successfully

2021-05-29 17:10:07 - [TEST_STEP][PASSED] - setText(findTestObject("Object Repository/Page_Mattermost/input_All team communication in one place, _dcc84b"), findTestData("Internal/Internal Login Data").getValue(1, 1)): Text 'nguyenvanb' is set on object 'Object Repository/Page_Mattermost/input_All team communication in one place, _dcc84b'

2021-05-29 17:10:09 - [MESSAGE][PASSED] - Text 'nguyenvanb' is set on object 'Object Repository/Page_Mattermost/input_All team communication in one place, _dcc84b'

2021-05-29 17:10:09 - [TEST_STEP][PASSED] - setEncryptedText(findTestObject("Object Repository/Page_Mattermost/input_All team communication in one place, _a3edc6"), findTestData("Internal/Internal Login Data").getValue(2, 1)): Text ****** has been set on object 'Object Repository/Page_Mattermost/input_All team communication in one place, _a3edc6'

2021-05-29 17:10:09 - [MESSAGE][PASSED] - Text ****** has been set on object 'Object Repository/Page_Mattermost/input_All team communication in one place, _a3edc6'

2021-05-29 17:10:09 - [TEST_STEP][PASSED] - click(findTestObject("Object Repository/Page_Mattermost/button_Sign in")): Object: 'Object Repository/Page_Mattermost/button_Sign in' is clicked on

2021-05-29 17:10:10 - [MESSAGE][PASSED] - Object: 'Object Repository/Page_Mattermost/button_Sign in' is clicked on

2021-05-29 17:10:10 - [TEST_STEP][PASSED] - verifyLinksAccessible(["https://chudenangcao2021.cf/cdnc-cnpm-2021/channels"]): All links are accessible

2021-05-29 17:10:10 - [MESSAGE][INFO] - HAR: C:\Users\nttuan\Downloads\CDNC\mattermost-testing\Reports\20210529_170053\Run all test cases\20210529_170053\requests\main\37.har

2021-05-29 17:10:10 - [MESSAGE][PASSED] - Send request successfully

2021-05-29 17:10:10 - [MESSAGE][PASSED] - All links are accessible

2021-05-29 17:10:10 - [MESSAGE][PASSED] - Call Test Case 'Test Cases/Internal Test Cases/Successful Login' successfully

2021-05-29 17:10:10 - [TEST_STEP][FAILED] - for ([rowNum = 1, rowNum <= findTestData("Internal/Internal Teamname").getRowNumbers(), (rowNum++)]): Unable to click on object 'Object Repository/Page_TEST CHANNEL - TEAM NAME Mattermost/svg' (Root cause: com.kms.katalon.core.exception.StepFailedException: Unable to click on object 'Object Repository/Page_TEST CHANNEL - TEAM NAME Mattermost/svg'
	at com.kms.katalon.core.webui.keyword.internal.WebUIKeywordMain.stepFailed(WebUIKeywordMain.groovy:64)
	at com.kms.katalon.core.webui.keyword.internal.WebUIKeywordMain.runKeyword(WebUIKeywordMain.groovy:26)
	at com.kms.katalon.core.webui.keyword.builtin.ClickKeyword.click(ClickKeyword.groovy:75)
	at com.kms.katalon.core.webui.keyword.builtin.ClickKeyword.execute(ClickKeyword.groovy:42)
	at com.kms.katalon.core.keyword.internal.KeywordExecutor.executeKeywordForPlatform(KeywordExecutor.groovy:73)
	at com.kms.katalon.core.webui.keyword.WebUiBuiltInKeywords.click(WebUiBuiltInKeywords.groovy:619)
	at com.kms.katalon.core.webui.keyword.WebUiBuiltInKeywords$click$2.call(Unknown Source)
	at CreateTeam.run(CreateTeam:23)
	at com.kms.katalon.core.main.ScriptEngine.run(ScriptEngine.java:194)
	at com.kms.katalon.core.main.ScriptEngine.runScriptAsRawText(ScriptEngine.java:119)
	at com.kms.katalon.core.main.TestCaseExecutor.runScript(TestCaseExecutor.java:398)
	at com.kms.katalon.core.main.TestCaseExecutor.doExecute(TestCaseExecutor.java:389)
	at com.kms.katalon.core.main.TestCaseExecutor.processExecutionPhase(TestCaseExecutor.java:368)
	at com.kms.katalon.core.main.TestCaseExecutor.accessMainPhase(TestCaseExecutor.java:360)
	at com.kms.katalon.core.main.TestCaseExecutor.execute(TestCaseExecutor.java:255)
	at com.kms.katalon.core.main.TestSuiteExecutor.accessTestCaseMainPhase(TestSuiteExecutor.java:203)
	at com.kms.katalon.core.main.TestSuiteExecutor.accessTestSuiteMainPhase(TestSuiteExecutor.java:152)
	at com.kms.katalon.core.main.TestSuiteExecutor.execute(TestSuiteExecutor.java:95)
	at com.kms.katalon.core.main.TestCaseMain.startTestSuite(TestCaseMain.java:157)
	at com.kms.katalon.core.main.TestCaseMain$startTestSuite$0.call(Unknown Source)
	at TempTestSuite1622307653786.run(TempTestSuite1622307653786.groovy:39)
Caused by: com.kms.katalon.core.webui.exception.WebElementNotFoundException: Web element with id: 'Object Repository/Page_TEST CHANNEL - TEAM NAME Mattermost/svg' located by '(.//*[normalize-space(text()) and normalize-space(.)='@nguyenvanb'])[1]/following::*[name()='svg'][1]' not found
	at com.kms.katalon.core.webui.common.WebUiCommonHelper.findWebElement(WebUiCommonHelper.java:1368)
	at com.kms.katalon.core.webui.keyword.internal.WebUIAbstractKeyword.findWebElement(WebUIAbstractKeyword.groovy:27)
	at com.kms.katalon.core.webui.keyword.internal.WebUIAbstractKeyword.findWebElement(WebUIAbstractKeyword.groovy:26)
	at com.kms.katalon.core.webui.keyword.builtin.ClickKeyword$_click_closure1.doCall(ClickKeyword.groovy:66)
	at com.kms.katalon.core.webui.keyword.builtin.ClickKeyword$_click_closure1.call(ClickKeyword.groovy)
	at com.kms.katalon.core.webui.keyword.internal.WebUIKeywordMain.runKeyword(WebUIKeywordMain.groovy:20)
	at com.kms.katalon.core.webui.keyword.builtin.ClickKeyword.click(ClickKeyword.groovy:75)
	at com.kms.katalon.core.webui.keyword.builtin.ClickKeyword.execute(ClickKeyword.groovy:42)
	at com.kms.katalon.core.keyword.internal.KeywordExecutor.executeKeywordForPlatform(KeywordExecutor.groovy:73)
	at com.kms.katalon.core.webui.keyword.WebUiBuiltInKeywords.click(WebUiBuiltInKeywords.groovy:619)
	at com.kms.katalon.core.webui.keyword.WebUiBuiltInKeywords$click$2.call(Unknown Source)
	at Script1622086940102.run(Script1622086940102.groovy:23)
	... 13 more
)

2021-05-29 17:10:10 - [TEST_STEP][PASSED] - click(findTestObject("Object Repository/Page_TEST CHANNEL - TEAM NAME Mattermost/svg")): Object: 'Object Repository/Page_TEST CHANNEL - TEAM NAME Mattermost/svg' is clicked on

2021-05-29 17:10:11 - [MESSAGE][PASSED] - Object: 'Object Repository/Page_TEST CHANNEL - TEAM NAME Mattermost/svg' is clicked on

2021-05-29 17:10:11 - [TEST_STEP][PASSED] - click(findTestObject("Object Repository/Page_TEST CHANNEL - TEAM NAME Mattermost/a_Create a Team")): Object: 'Object Repository/Page_TEST CHANNEL - TEAM NAME Mattermost/a_Create a Team' is clicked on

2021-05-29 17:10:13 - [MESSAGE][PASSED] - Object: 'Object Repository/Page_TEST CHANNEL - TEAM NAME Mattermost/a_Create a Team' is clicked on

2021-05-29 17:10:13 - [TEST_STEP][PASSED] - setText(findTestObject("Object Repository/Page_TEST CHANNEL - TEAM NAME Mattermost/input_Team Name_teamNameInput"), findTestData("Internal/Internal Teamname").getValue(1, rowNum)): Text 'Team1' is set on object 'Object Repository/Page_TEST CHANNEL - TEAM NAME Mattermost/input_Team Name_teamNameInput'

2021-05-29 17:10:17 - [MESSAGE][PASSED] - Text 'Team1' is set on object 'Object Repository/Page_TEST CHANNEL - TEAM NAME Mattermost/input_Team Name_teamNameInput'

2021-05-29 17:10:17 - [TEST_STEP][PASSED] - click(findTestObject("Object Repository/Page_TEST CHANNEL - TEAM NAME Mattermost/button_Next")): Object: 'Object Repository/Page_TEST CHANNEL - TEAM NAME Mattermost/button_Next' is clicked on

2021-05-29 17:10:19 - [MESSAGE][PASSED] - Object: 'Object Repository/Page_TEST CHANNEL - TEAM NAME Mattermost/button_Next' is clicked on

2021-05-29 17:10:19 - [TEST_STEP][PASSED] - click(findTestObject("Object Repository/Page_TEST CHANNEL - TEAM NAME Mattermost/span_Finish")): Object: 'Object Repository/Page_TEST CHANNEL - TEAM NAME Mattermost/span_Finish' is clicked on

2021-05-29 17:10:21 - [MESSAGE][PASSED] - Object: 'Object Repository/Page_TEST CHANNEL - TEAM NAME Mattermost/span_Finish' is clicked on

2021-05-29 17:10:21 - [TEST_STEP][FAILED] - click(findTestObject("Object Repository/Page_TEST CHANNEL - TEAM NAME Mattermost/svg")): Unable to click on object 'Object Repository/Page_TEST CHANNEL - TEAM NAME Mattermost/svg' (Root cause: com.kms.katalon.core.exception.StepFailedException: Unable to click on object 'Object Repository/Page_TEST CHANNEL - TEAM NAME Mattermost/svg'
	at com.kms.katalon.core.webui.keyword.internal.WebUIKeywordMain.stepFailed(WebUIKeywordMain.groovy:64)
	at com.kms.katalon.core.webui.keyword.internal.WebUIKeywordMain.runKeyword(WebUIKeywordMain.groovy:26)
	at com.kms.katalon.core.webui.keyword.builtin.ClickKeyword.click(ClickKeyword.groovy:75)
	at com.kms.katalon.core.webui.keyword.builtin.ClickKeyword.execute(ClickKeyword.groovy:42)
	at com.kms.katalon.core.keyword.internal.KeywordExecutor.executeKeywordForPlatform(KeywordExecutor.groovy:73)
	at com.kms.katalon.core.webui.keyword.WebUiBuiltInKeywords.click(WebUiBuiltInKeywords.groovy:619)
	at com.kms.katalon.core.webui.keyword.WebUiBuiltInKeywords$click$2.call(Unknown Source)
	at CreateTeam.run(CreateTeam:23)
	at com.kms.katalon.core.main.ScriptEngine.run(ScriptEngine.java:194)
	at com.kms.katalon.core.main.ScriptEngine.runScriptAsRawText(ScriptEngine.java:119)
	at com.kms.katalon.core.main.TestCaseExecutor.runScript(TestCaseExecutor.java:398)
	at com.kms.katalon.core.main.TestCaseExecutor.doExecute(TestCaseExecutor.java:389)
	at com.kms.katalon.core.main.TestCaseExecutor.processExecutionPhase(TestCaseExecutor.java:368)
	at com.kms.katalon.core.main.TestCaseExecutor.accessMainPhase(TestCaseExecutor.java:360)
	at com.kms.katalon.core.main.TestCaseExecutor.execute(TestCaseExecutor.java:255)
	at com.kms.katalon.core.main.TestSuiteExecutor.accessTestCaseMainPhase(TestSuiteExecutor.java:203)
	at com.kms.katalon.core.main.TestSuiteExecutor.accessTestSuiteMainPhase(TestSuiteExecutor.java:152)
	at com.kms.katalon.core.main.TestSuiteExecutor.execute(TestSuiteExecutor.java:95)
	at com.kms.katalon.core.main.TestCaseMain.startTestSuite(TestCaseMain.java:157)
	at com.kms.katalon.core.main.TestCaseMain$startTestSuite$0.call(Unknown Source)
	at TempTestSuite1622307653786.run(TempTestSuite1622307653786.groovy:39)
Caused by: com.kms.katalon.core.webui.exception.WebElementNotFoundException: Web element with id: 'Object Repository/Page_TEST CHANNEL - TEAM NAME Mattermost/svg' located by '(.//*[normalize-space(text()) and normalize-space(.)='@nguyenvanb'])[1]/following::*[name()='svg'][1]' not found
	at com.kms.katalon.core.webui.common.WebUiCommonHelper.findWebElement(WebUiCommonHelper.java:1368)
	at com.kms.katalon.core.webui.keyword.internal.WebUIAbstractKeyword.findWebElement(WebUIAbstractKeyword.groovy:27)
	at com.kms.katalon.core.webui.keyword.internal.WebUIAbstractKeyword.findWebElement(WebUIAbstractKeyword.groovy:26)
	at com.kms.katalon.core.webui.keyword.builtin.ClickKeyword$_click_closure1.doCall(ClickKeyword.groovy:66)
	at com.kms.katalon.core.webui.keyword.builtin.ClickKeyword$_click_closure1.call(ClickKeyword.groovy)
	at com.kms.katalon.core.webui.keyword.internal.WebUIKeywordMain.runKeyword(WebUIKeywordMain.groovy:20)
	at com.kms.katalon.core.webui.keyword.builtin.ClickKeyword.click(ClickKeyword.groovy:75)
	at com.kms.katalon.core.webui.keyword.builtin.ClickKeyword.execute(ClickKeyword.groovy:42)
	at com.kms.katalon.core.keyword.internal.KeywordExecutor.executeKeywordForPlatform(KeywordExecutor.groovy:73)
	at com.kms.katalon.core.webui.keyword.WebUiBuiltInKeywords.click(WebUiBuiltInKeywords.groovy:619)
	at com.kms.katalon.core.webui.keyword.WebUiBuiltInKeywords$click$2.call(Unknown Source)
	at Script1622086940102.run(Script1622086940102.groovy:23)
	... 13 more
)

2021-05-29 17:10:53 - [MESSAGE][INFO] - Unable to find the element located by 'By.xpath: (.//*[normalize-space(text()) and normalize-space(.)='@nguyenvanb'])[1]/following::*[name()='svg'][1]'. Please recheck the objects properties to make sure the desired element is located. 

2021-05-29 17:10:53 - [MESSAGE][WARNING] - [SELF-HEALING] Failed to find element with id 'Object Repository/Page_TEST CHANNEL - TEAM NAME Mattermost/svg'. Try using Self-healing.

2021-05-29 17:10:55 - [MESSAGE][INFO] - [SELF-HEALING] Failed Locator: '(.//*[normalize-space(text()) and normalize-space(.)='@nguyenvanb'])[1]/following::*[name()='svg'][1]'.

2021-05-29 17:10:57 - [MESSAGE][INFO] - [SELF-HEALING] Failed Locator: '(.//*[normalize-space(text()) and normalize-space(.)='TEAM NAME'])[2]/following::*[name()='svg'][1]'.

2021-05-29 17:10:59 - [MESSAGE][INFO] - [SELF-HEALING] Failed Locator: '(.//*[normalize-space(text()) and normalize-space(.)='Find channel'])[1]/preceding::*[name()='svg'][1]'.

2021-05-29 17:11:01 - [MESSAGE][INFO] - [SELF-HEALING] Failed Locator: '(.//*[normalize-space(text()) and normalize-space(.)='Ctrl+K'])[1]/preceding::*[name()='svg'][1]'.

2021-05-29 17:11:03 - [MESSAGE][INFO] - Unable to find the element located by 'By.xpath: id("headerInfo")/button[@class="style--none sidebar-header-dropdown__icon"]/span[1]/svg[1]'. Please recheck the objects properties to make sure the desired element is located. 

2021-05-29 17:11:05 - [MESSAGE][INFO] - Unable to find the element located by 'By.cssSelector: button.style--none.sidebar-header-dropdown__icon > span > svg'. Please recheck the objects properties to make sure the desired element is located. 

2021-05-29 17:11:05 - [MESSAGE][FAILED] - Unable to click on object 'Object Repository/Page_TEST CHANNEL - TEAM NAME Mattermost/svg' (Root cause: com.kms.katalon.core.exception.StepFailedException: Unable to click on object 'Object Repository/Page_TEST CHANNEL - TEAM NAME Mattermost/svg'
	at com.kms.katalon.core.webui.keyword.internal.WebUIKeywordMain.stepFailed(WebUIKeywordMain.groovy:64)
	at com.kms.katalon.core.webui.keyword.internal.WebUIKeywordMain.runKeyword(WebUIKeywordMain.groovy:26)
	at com.kms.katalon.core.webui.keyword.builtin.ClickKeyword.click(ClickKeyword.groovy:75)
	at com.kms.katalon.core.webui.keyword.builtin.ClickKeyword.execute(ClickKeyword.groovy:42)
	at com.kms.katalon.core.keyword.internal.KeywordExecutor.executeKeywordForPlatform(KeywordExecutor.groovy:73)
	at com.kms.katalon.core.webui.keyword.WebUiBuiltInKeywords.click(WebUiBuiltInKeywords.groovy:619)
	at com.kms.katalon.core.webui.keyword.WebUiBuiltInKeywords$click$2.call(Unknown Source)
	at CreateTeam.run(CreateTeam:23)
	at com.kms.katalon.core.main.ScriptEngine.run(ScriptEngine.java:194)
	at com.kms.katalon.core.main.ScriptEngine.runScriptAsRawText(ScriptEngine.java:119)
	at com.kms.katalon.core.main.TestCaseExecutor.runScript(TestCaseExecutor.java:398)
	at com.kms.katalon.core.main.TestCaseExecutor.doExecute(TestCaseExecutor.java:389)
	at com.kms.katalon.core.main.TestCaseExecutor.processExecutionPhase(TestCaseExecutor.java:368)
	at com.kms.katalon.core.main.TestCaseExecutor.accessMainPhase(TestCaseExecutor.java:360)
	at com.kms.katalon.core.main.TestCaseExecutor.execute(TestCaseExecutor.java:255)
	at com.kms.katalon.core.main.TestSuiteExecutor.accessTestCaseMainPhase(TestSuiteExecutor.java:203)
	at com.kms.katalon.core.main.TestSuiteExecutor.accessTestSuiteMainPhase(TestSuiteExecutor.java:152)
	at com.kms.katalon.core.main.TestSuiteExecutor.execute(TestSuiteExecutor.java:95)
	at com.kms.katalon.core.main.TestCaseMain.startTestSuite(TestCaseMain.java:157)
	at com.kms.katalon.core.main.TestCaseMain$startTestSuite$0.call(Unknown Source)
	at TempTestSuite1622307653786.run(TempTestSuite1622307653786.groovy:39)
Caused by: com.kms.katalon.core.webui.exception.WebElementNotFoundException: Web element with id: 'Object Repository/Page_TEST CHANNEL - TEAM NAME Mattermost/svg' located by '(.//*[normalize-space(text()) and normalize-space(.)='@nguyenvanb'])[1]/following::*[name()='svg'][1]' not found
	at com.kms.katalon.core.webui.common.WebUiCommonHelper.findWebElement(WebUiCommonHelper.java:1368)
	at com.kms.katalon.core.webui.keyword.internal.WebUIAbstractKeyword.findWebElement(WebUIAbstractKeyword.groovy:27)
	at com.kms.katalon.core.webui.keyword.internal.WebUIAbstractKeyword.findWebElement(WebUIAbstractKeyword.groovy:26)
	at com.kms.katalon.core.webui.keyword.builtin.ClickKeyword$_click_closure1.doCall(ClickKeyword.groovy:66)
	at com.kms.katalon.core.webui.keyword.builtin.ClickKeyword$_click_closure1.call(ClickKeyword.groovy)
	at com.kms.katalon.core.webui.keyword.internal.WebUIKeywordMain.runKeyword(WebUIKeywordMain.groovy:20)
	at com.kms.katalon.core.webui.keyword.builtin.ClickKeyword.click(ClickKeyword.groovy:75)
	at com.kms.katalon.core.webui.keyword.builtin.ClickKeyword.execute(ClickKeyword.groovy:42)
	at com.kms.katalon.core.keyword.internal.KeywordExecutor.executeKeywordForPlatform(KeywordExecutor.groovy:73)
	at com.kms.katalon.core.webui.keyword.WebUiBuiltInKeywords.click(WebUiBuiltInKeywords.groovy:619)
	at com.kms.katalon.core.webui.keyword.WebUiBuiltInKeywords$click$2.call(Unknown Source)
	at Script1622086940102.run(Script1622086940102.groovy:23)
	... 13 more
)
[[ATTACHMENT|C:\\Users\\nttuan\\Downloads\\CDNC\\mattermost-testing\\Reports\\20210529_170053\\Run all test cases\\20210529_170053\\1622308265776.png]]]]></system-out>
         <system-err><![CDATA[2021-05-29 17:10:04 - [TEST_CASE][FAILED] - Test Cases/Internal Test Cases/CreateTeam: Test Cases/Internal Test Cases/CreateTeam FAILED.
Reason:
com.kms.katalon.core.exception.StepFailedException: Unable to click on object 'Object Repository/Page_TEST CHANNEL - TEAM NAME Mattermost/svg'
	at com.kms.katalon.core.webui.keyword.internal.WebUIKeywordMain.stepFailed(WebUIKeywordMain.groovy:64)
	at com.kms.katalon.core.webui.keyword.internal.WebUIKeywordMain.runKeyword(WebUIKeywordMain.groovy:26)
	at com.kms.katalon.core.webui.keyword.builtin.ClickKeyword.click(ClickKeyword.groovy:75)
	at com.kms.katalon.core.webui.keyword.builtin.ClickKeyword.execute(ClickKeyword.groovy:42)
	at com.kms.katalon.core.keyword.internal.KeywordExecutor.executeKeywordForPlatform(KeywordExecutor.groovy:73)
	at com.kms.katalon.core.webui.keyword.WebUiBuiltInKeywords.click(WebUiBuiltInKeywords.groovy:619)
	at com.kms.katalon.core.webui.keyword.WebUiBuiltInKeywords$click$2.call(Unknown Source)
	at CreateTeam.run(CreateTeam:23)
	at com.kms.katalon.core.main.ScriptEngine.run(ScriptEngine.java:194)
	at com.kms.katalon.core.main.ScriptEngine.runScriptAsRawText(ScriptEngine.java:119)
	at com.kms.katalon.core.main.TestCaseExecutor.runScript(TestCaseExecutor.java:398)
	at com.kms.katalon.core.main.TestCaseExecutor.doExecute(TestCaseExecutor.java:389)
	at com.kms.katalon.core.main.TestCaseExecutor.processExecutionPhase(TestCaseExecutor.java:368)
	at com.kms.katalon.core.main.TestCaseExecutor.accessMainPhase(TestCaseExecutor.java:360)
	at com.kms.katalon.core.main.TestCaseExecutor.execute(TestCaseExecutor.java:255)
	at com.kms.katalon.core.main.TestSuiteExecutor.accessTestCaseMainPhase(TestSuiteExecutor.java:203)
	at com.kms.katalon.core.main.TestSuiteExecutor.accessTestSuiteMainPhase(TestSuiteExecutor.java:152)
	at com.kms.katalon.core.main.TestSuiteExecutor.execute(TestSuiteExecutor.java:95)
	at com.kms.katalon.core.main.TestCaseMain.startTestSuite(TestCaseMain.java:157)
	at com.kms.katalon.core.main.TestCaseMain$startTestSuite$0.call(Unknown Source)
	at TempTestSuite1622307653786.run(TempTestSuite1622307653786.groovy:39)
Caused by: com.kms.katalon.core.webui.exception.WebElementNotFoundException: Web element with id: 'Object Repository/Page_TEST CHANNEL - TEAM NAME Mattermost/svg' located by '(.//*[normalize-space(text()) and normalize-space(.)='@nguyenvanb'])[1]/following::*[name()='svg'][1]' not found
	at com.kms.katalon.core.webui.common.WebUiCommonHelper.findWebElement(WebUiCommonHelper.java:1368)
	at com.kms.katalon.core.webui.keyword.internal.WebUIAbstractKeyword.findWebElement(WebUIAbstractKeyword.groovy:27)
	at com.kms.katalon.core.webui.keyword.internal.WebUIAbstractKeyword.findWebElement(WebUIAbstractKeyword.groovy:26)
	at com.kms.katalon.core.webui.keyword.builtin.ClickKeyword$_click_closure1.doCall(ClickKeyword.groovy:66)
	at com.kms.katalon.core.webui.keyword.builtin.ClickKeyword$_click_closure1.call(ClickKeyword.groovy)
	at com.kms.katalon.core.webui.keyword.internal.WebUIKeywordMain.runKeyword(WebUIKeywordMain.groovy:20)
	... 19 more]]></system-err>
      </testcase>
      <testcase name="Test Cases/Internal Test Cases/EditChannelHeader" time="178.171" classname="Test Cases/Internal Test Cases/EditChannelHeader" status="PASSED">
         <system-out><![CDATA[2021-05-29 17:11:05 - [TEST_CASE][PASSED] - Test Cases/Internal Test Cases/EditChannelHeader: Test Cases/Internal Test Cases/EditChannelHeader

2021-05-29 17:11:06 - [TEST_STEP][PASSED] - callTestCase(findTestCase("Internal Test Cases/Successful Login"), ["Username":"", "Password":""], STOP_ON_FAILURE): Call Test Case 'Test Cases/Internal Test Cases/Successful Login' successfully

2021-05-29 17:11:06 - [TEST_CASE][PASSED] - Test Cases/Internal Test Cases/Successful Login: Test Cases/Internal Test Cases/Successful Login

2021-05-29 17:11:06 - [TEST_STEP][PASSED] - openBrowser(""): Browser is opened with url: ''

2021-05-29 17:11:06 - [MESSAGE][WARNING] - A browser is already opened. Closing browser and opening a new one

2021-05-29 17:11:06 - [MESSAGE][INFO] - Starting 'Chrome' driver

2021-05-29 17:11:06 - [MESSAGE][INFO] - Action delay is set to 0 milliseconds

2021-05-29 17:11:08 - [MESSAGE][PASSED] - Browser is opened with url: ''

2021-05-29 17:11:08 - [TEST_STEP][PASSED] - navigateToUrl("https://chudenangcao2021.cf/"): Navigate to 'https://chudenangcao2021.cf/' successfully

2021-05-29 17:11:08 - [MESSAGE][PASSED] - Navigate to 'https://chudenangcao2021.cf/' successfully

2021-05-29 17:11:08 - [TEST_STEP][PASSED] - setText(findTestObject("Object Repository/Page_Mattermost/input_All team communication in one place, _dcc84b"), findTestData("Internal/Internal Login Data").getValue(1, 1)): Text 'nguyenvanb' is set on object 'Object Repository/Page_Mattermost/input_All team communication in one place, _dcc84b'

2021-05-29 17:11:10 - [MESSAGE][PASSED] - Text 'nguyenvanb' is set on object 'Object Repository/Page_Mattermost/input_All team communication in one place, _dcc84b'

2021-05-29 17:11:10 - [TEST_STEP][PASSED] - setEncryptedText(findTestObject("Object Repository/Page_Mattermost/input_All team communication in one place, _a3edc6"), findTestData("Internal/Internal Login Data").getValue(2, 1)): Text ****** has been set on object 'Object Repository/Page_Mattermost/input_All team communication in one place, _a3edc6'

2021-05-29 17:11:10 - [MESSAGE][PASSED] - Text ****** has been set on object 'Object Repository/Page_Mattermost/input_All team communication in one place, _a3edc6'

2021-05-29 17:11:10 - [TEST_STEP][PASSED] - click(findTestObject("Object Repository/Page_Mattermost/button_Sign in")): Object: 'Object Repository/Page_Mattermost/button_Sign in' is clicked on

2021-05-29 17:11:11 - [MESSAGE][PASSED] - Object: 'Object Repository/Page_Mattermost/button_Sign in' is clicked on

2021-05-29 17:11:11 - [TEST_STEP][PASSED] - verifyLinksAccessible(["https://chudenangcao2021.cf/cdnc-cnpm-2021/channels"]): All links are accessible

2021-05-29 17:11:11 - [MESSAGE][INFO] - HAR: C:\Users\nttuan\Downloads\CDNC\mattermost-testing\Reports\20210529_170053\Run all test cases\20210529_170053\requests\main\38.har

2021-05-29 17:11:11 - [MESSAGE][PASSED] - Send request successfully

2021-05-29 17:11:11 - [MESSAGE][PASSED] - All links are accessible

2021-05-29 17:11:11 - [MESSAGE][PASSED] - Call Test Case 'Test Cases/Internal Test Cases/Successful Login' successfully

2021-05-29 17:11:11 - [TEST_STEP][PASSED] - for ([rowNum = 1, rowNum <= findTestData("Internal/Internal Channel Header").getRowNumbers(), (rowNum++)]): Object: 'Object Repository/Page_Off-Topic - TEAM NAME Mattermost/span_Save' is clicked on

2021-05-29 17:11:11 - [TEST_STEP][PASSED] - click(findTestObject("Object Repository/Page_Town Square - TEAM NAME Mattermost/div_Off-Topic")): Object: 'Object Repository/Page_Town Square - TEAM NAME Mattermost/div_Off-Topic' is clicked on

2021-05-29 17:11:13 - [MESSAGE][PASSED] - Object: 'Object Repository/Page_Town Square - TEAM NAME Mattermost/div_Off-Topic' is clicked on

2021-05-29 17:11:13 - [TEST_STEP][PASSED] - click(findTestObject("Object Repository/Page_Off-Topic - TEAM NAME Mattermost/span_Off-Topic_channelHeaderDropdownIcon")): Object: 'Object Repository/Page_Off-Topic - TEAM NAME Mattermost/span_Off-Topic_channelHeaderDropdownIcon' is clicked on

2021-05-29 17:11:13 - [MESSAGE][PASSED] - Object: 'Object Repository/Page_Off-Topic - TEAM NAME Mattermost/span_Off-Topic_channelHeaderDropdownIcon' is clicked on

2021-05-29 17:11:13 - [TEST_STEP][PASSED] - click(findTestObject("Object Repository/Page_Off-Topic - TEAM NAME Mattermost/span_Edit Channel Header")): Object: 'Object Repository/Page_Off-Topic - TEAM NAME Mattermost/span_Edit Channel Header' is clicked on

2021-05-29 17:11:14 - [MESSAGE][PASSED] - Object: 'Object Repository/Page_Off-Topic - TEAM NAME Mattermost/span_Edit Channel Header' is clicked on

2021-05-29 17:11:14 - [TEST_STEP][PASSED] - setText(findTestObject("Object Repository/Page_Off-Topic - TEAM NAME Mattermost/textarea_Hell"), findTestData("Internal/Internal Channel Header").getValue(1, rowNum)): Text 'Channel về tin tức' is set on object 'Object Repository/Page_Off-Topic - TEAM NAME Mattermost/textarea_Hell'

2021-05-29 17:11:15 - [MESSAGE][PASSED] - Text 'Channel về tin tức' is set on object 'Object Repository/Page_Off-Topic - TEAM NAME Mattermost/textarea_Hell'

2021-05-29 17:11:15 - [TEST_STEP][PASSED] - click(findTestObject("Object Repository/Page_Off-Topic - TEAM NAME Mattermost/span_Save")): Object: 'Object Repository/Page_Off-Topic - TEAM NAME Mattermost/span_Save' is clicked on

2021-05-29 17:11:46 - [MESSAGE][INFO] - Unable to find the element located by 'By.xpath: //button[@id='save-button']/span'. Please recheck the objects properties to make sure the desired element is located. 

2021-05-29 17:11:46 - [MESSAGE][WARNING] - [SELF-HEALING] Failed to find element with id 'Object Repository/Page_Off-Topic - TEAM NAME Mattermost/span_Save'. Try using Self-healing.

2021-05-29 17:11:46 - [MESSAGE][INFO] - [SELF-HEALING] Failed Locator: '//button[@id='save-button']/span'.

2021-05-29 17:11:46 - [MESSAGE][INFO] - [SELF-HEALING] Working Locator: '(.//*[normalize-space(text()) and normalize-space(.)='Cancel'])[1]/following::span[1]'.

2021-05-29 17:11:46 - [MESSAGE][INFO] - [SELF-HEALING] Screenshot: C:/Users/nttuan/Downloads/CDNC/mattermost-testing/Reports/Self-healing/Object Repository/Page_Off-Topic - TEAM NAME Mattermost/span_Save_neighbor.png

2021-05-29 17:11:46 - [MESSAGE][WARNING] - [SELF-HEALING] The current locator of test object 'Object Repository/Page_Off-Topic - TEAM NAME Mattermost/span_Save' was broken. Propose an alternative one: '(.//*[normalize-space(text()) and normalize-space(.)='Cancel'])[1]/following::span[1]'.

2021-05-29 17:11:47 - [MESSAGE][PASSED] - Object: 'Object Repository/Page_Off-Topic - TEAM NAME Mattermost/span_Save' is clicked on

2021-05-29 17:11:47 - [TEST_STEP][PASSED] - click(findTestObject("Object Repository/Page_Town Square - TEAM NAME Mattermost/div_Off-Topic")): Object: 'Object Repository/Page_Town Square - TEAM NAME Mattermost/div_Off-Topic' is clicked on

2021-05-29 17:11:47 - [MESSAGE][PASSED] - Object: 'Object Repository/Page_Town Square - TEAM NAME Mattermost/div_Off-Topic' is clicked on

2021-05-29 17:11:47 - [TEST_STEP][PASSED] - click(findTestObject("Object Repository/Page_Off-Topic - TEAM NAME Mattermost/span_Off-Topic_channelHeaderDropdownIcon")): Object: 'Object Repository/Page_Off-Topic - TEAM NAME Mattermost/span_Off-Topic_channelHeaderDropdownIcon' is clicked on

2021-05-29 17:11:48 - [MESSAGE][PASSED] - Object: 'Object Repository/Page_Off-Topic - TEAM NAME Mattermost/span_Off-Topic_channelHeaderDropdownIcon' is clicked on

2021-05-29 17:11:48 - [TEST_STEP][PASSED] - click(findTestObject("Object Repository/Page_Off-Topic - TEAM NAME Mattermost/span_Edit Channel Header")): Object: 'Object Repository/Page_Off-Topic - TEAM NAME Mattermost/span_Edit Channel Header' is clicked on

2021-05-29 17:11:48 - [MESSAGE][PASSED] - Object: 'Object Repository/Page_Off-Topic - TEAM NAME Mattermost/span_Edit Channel Header' is clicked on

2021-05-29 17:11:48 - [TEST_STEP][PASSED] - setText(findTestObject("Object Repository/Page_Off-Topic - TEAM NAME Mattermost/textarea_Hell"), findTestData("Internal/Internal Channel Header").getValue(1, rowNum)): Text 'Channel về du lịch' is set on object 'Object Repository/Page_Off-Topic - TEAM NAME Mattermost/textarea_Hell'

2021-05-29 17:11:49 - [MESSAGE][PASSED] - Text 'Channel về du lịch' is set on object 'Object Repository/Page_Off-Topic - TEAM NAME Mattermost/textarea_Hell'

2021-05-29 17:11:49 - [TEST_STEP][PASSED] - click(findTestObject("Object Repository/Page_Off-Topic - TEAM NAME Mattermost/span_Save")): Object: 'Object Repository/Page_Off-Topic - TEAM NAME Mattermost/span_Save' is clicked on

2021-05-29 17:12:20 - [MESSAGE][INFO] - Unable to find the element located by 'By.xpath: //button[@id='save-button']/span'. Please recheck the objects properties to make sure the desired element is located. 

2021-05-29 17:12:20 - [MESSAGE][WARNING] - [SELF-HEALING] Failed to find element with id 'Object Repository/Page_Off-Topic - TEAM NAME Mattermost/span_Save'. Try using Self-healing.

2021-05-29 17:12:20 - [MESSAGE][WARNING] - [SELF-HEALING] The current locator of test object 'Object Repository/Page_Off-Topic - TEAM NAME Mattermost/span_Save' was broken. Propose an alternative one: '(.//*[normalize-space(text()) and normalize-space(.)='Cancel'])[1]/following::span[1]'.

2021-05-29 17:12:21 - [MESSAGE][PASSED] - Object: 'Object Repository/Page_Off-Topic - TEAM NAME Mattermost/span_Save' is clicked on

2021-05-29 17:12:21 - [TEST_STEP][PASSED] - click(findTestObject("Object Repository/Page_Town Square - TEAM NAME Mattermost/div_Off-Topic")): Object: 'Object Repository/Page_Town Square - TEAM NAME Mattermost/div_Off-Topic' is clicked on

2021-05-29 17:12:21 - [MESSAGE][PASSED] - Object: 'Object Repository/Page_Town Square - TEAM NAME Mattermost/div_Off-Topic' is clicked on

2021-05-29 17:12:21 - [TEST_STEP][PASSED] - click(findTestObject("Object Repository/Page_Off-Topic - TEAM NAME Mattermost/span_Off-Topic_channelHeaderDropdownIcon")): Object: 'Object Repository/Page_Off-Topic - TEAM NAME Mattermost/span_Off-Topic_channelHeaderDropdownIcon' is clicked on

2021-05-29 17:12:22 - [MESSAGE][PASSED] - Object: 'Object Repository/Page_Off-Topic - TEAM NAME Mattermost/span_Off-Topic_channelHeaderDropdownIcon' is clicked on

2021-05-29 17:12:22 - [TEST_STEP][PASSED] - click(findTestObject("Object Repository/Page_Off-Topic - TEAM NAME Mattermost/span_Edit Channel Header")): Object: 'Object Repository/Page_Off-Topic - TEAM NAME Mattermost/span_Edit Channel Header' is clicked on

2021-05-29 17:12:22 - [MESSAGE][PASSED] - Object: 'Object Repository/Page_Off-Topic - TEAM NAME Mattermost/span_Edit Channel Header' is clicked on

2021-05-29 17:12:22 - [TEST_STEP][PASSED] - setText(findTestObject("Object Repository/Page_Off-Topic - TEAM NAME Mattermost/textarea_Hell"), findTestData("Internal/Internal Channel Header").getValue(1, rowNum)): Text 'Channel về kinh tế' is set on object 'Object Repository/Page_Off-Topic - TEAM NAME Mattermost/textarea_Hell'

2021-05-29 17:12:23 - [MESSAGE][PASSED] - Text 'Channel về kinh tế' is set on object 'Object Repository/Page_Off-Topic - TEAM NAME Mattermost/textarea_Hell'

2021-05-29 17:12:23 - [TEST_STEP][PASSED] - click(findTestObject("Object Repository/Page_Off-Topic - TEAM NAME Mattermost/span_Save")): Object: 'Object Repository/Page_Off-Topic - TEAM NAME Mattermost/span_Save' is clicked on

2021-05-29 17:12:54 - [MESSAGE][INFO] - Unable to find the element located by 'By.xpath: //button[@id='save-button']/span'. Please recheck the objects properties to make sure the desired element is located. 

2021-05-29 17:12:54 - [MESSAGE][WARNING] - [SELF-HEALING] Failed to find element with id 'Object Repository/Page_Off-Topic - TEAM NAME Mattermost/span_Save'. Try using Self-healing.

2021-05-29 17:12:55 - [MESSAGE][WARNING] - [SELF-HEALING] The current locator of test object 'Object Repository/Page_Off-Topic - TEAM NAME Mattermost/span_Save' was broken. Propose an alternative one: '(.//*[normalize-space(text()) and normalize-space(.)='Cancel'])[1]/following::span[1]'.

2021-05-29 17:12:55 - [MESSAGE][PASSED] - Object: 'Object Repository/Page_Off-Topic - TEAM NAME Mattermost/span_Save' is clicked on

2021-05-29 17:12:55 - [TEST_STEP][PASSED] - click(findTestObject("Object Repository/Page_Town Square - TEAM NAME Mattermost/div_Off-Topic")): Object: 'Object Repository/Page_Town Square - TEAM NAME Mattermost/div_Off-Topic' is clicked on

2021-05-29 17:12:55 - [MESSAGE][PASSED] - Object: 'Object Repository/Page_Town Square - TEAM NAME Mattermost/div_Off-Topic' is clicked on

2021-05-29 17:12:55 - [TEST_STEP][PASSED] - click(findTestObject("Object Repository/Page_Off-Topic - TEAM NAME Mattermost/span_Off-Topic_channelHeaderDropdownIcon")): Object: 'Object Repository/Page_Off-Topic - TEAM NAME Mattermost/span_Off-Topic_channelHeaderDropdownIcon' is clicked on

2021-05-29 17:12:56 - [MESSAGE][PASSED] - Object: 'Object Repository/Page_Off-Topic - TEAM NAME Mattermost/span_Off-Topic_channelHeaderDropdownIcon' is clicked on

2021-05-29 17:12:56 - [TEST_STEP][PASSED] - click(findTestObject("Object Repository/Page_Off-Topic - TEAM NAME Mattermost/span_Edit Channel Header")): Object: 'Object Repository/Page_Off-Topic - TEAM NAME Mattermost/span_Edit Channel Header' is clicked on

2021-05-29 17:12:56 - [MESSAGE][PASSED] - Object: 'Object Repository/Page_Off-Topic - TEAM NAME Mattermost/span_Edit Channel Header' is clicked on

2021-05-29 17:12:56 - [TEST_STEP][PASSED] - setText(findTestObject("Object Repository/Page_Off-Topic - TEAM NAME Mattermost/textarea_Hell"), findTestData("Internal/Internal Channel Header").getValue(1, rowNum)): Text 'Channel về giải trí' is set on object 'Object Repository/Page_Off-Topic - TEAM NAME Mattermost/textarea_Hell'

2021-05-29 17:12:57 - [MESSAGE][PASSED] - Text 'Channel về giải trí' is set on object 'Object Repository/Page_Off-Topic - TEAM NAME Mattermost/textarea_Hell'

2021-05-29 17:12:57 - [TEST_STEP][PASSED] - click(findTestObject("Object Repository/Page_Off-Topic - TEAM NAME Mattermost/span_Save")): Object: 'Object Repository/Page_Off-Topic - TEAM NAME Mattermost/span_Save' is clicked on

2021-05-29 17:13:28 - [MESSAGE][INFO] - Unable to find the element located by 'By.xpath: //button[@id='save-button']/span'. Please recheck the objects properties to make sure the desired element is located. 

2021-05-29 17:13:28 - [MESSAGE][WARNING] - [SELF-HEALING] Failed to find element with id 'Object Repository/Page_Off-Topic - TEAM NAME Mattermost/span_Save'. Try using Self-healing.

2021-05-29 17:13:28 - [MESSAGE][WARNING] - [SELF-HEALING] The current locator of test object 'Object Repository/Page_Off-Topic - TEAM NAME Mattermost/span_Save' was broken. Propose an alternative one: '(.//*[normalize-space(text()) and normalize-space(.)='Cancel'])[1]/following::span[1]'.

2021-05-29 17:13:29 - [MESSAGE][PASSED] - Object: 'Object Repository/Page_Off-Topic - TEAM NAME Mattermost/span_Save' is clicked on

2021-05-29 17:13:29 - [TEST_STEP][PASSED] - click(findTestObject("Object Repository/Page_Town Square - TEAM NAME Mattermost/div_Off-Topic")): Object: 'Object Repository/Page_Town Square - TEAM NAME Mattermost/div_Off-Topic' is clicked on

2021-05-29 17:13:29 - [MESSAGE][PASSED] - Object: 'Object Repository/Page_Town Square - TEAM NAME Mattermost/div_Off-Topic' is clicked on

2021-05-29 17:13:29 - [TEST_STEP][PASSED] - click(findTestObject("Object Repository/Page_Off-Topic - TEAM NAME Mattermost/span_Off-Topic_channelHeaderDropdownIcon")): Object: 'Object Repository/Page_Off-Topic - TEAM NAME Mattermost/span_Off-Topic_channelHeaderDropdownIcon' is clicked on

2021-05-29 17:13:30 - [MESSAGE][PASSED] - Object: 'Object Repository/Page_Off-Topic - TEAM NAME Mattermost/span_Off-Topic_channelHeaderDropdownIcon' is clicked on

2021-05-29 17:13:30 - [TEST_STEP][PASSED] - click(findTestObject("Object Repository/Page_Off-Topic - TEAM NAME Mattermost/span_Edit Channel Header")): Object: 'Object Repository/Page_Off-Topic - TEAM NAME Mattermost/span_Edit Channel Header' is clicked on

2021-05-29 17:13:30 - [MESSAGE][PASSED] - Object: 'Object Repository/Page_Off-Topic - TEAM NAME Mattermost/span_Edit Channel Header' is clicked on

2021-05-29 17:13:30 - [TEST_STEP][PASSED] - setText(findTestObject("Object Repository/Page_Off-Topic - TEAM NAME Mattermost/textarea_Hell"), findTestData("Internal/Internal Channel Header").getValue(1, rowNum)): Text 'Off-Topic' is set on object 'Object Repository/Page_Off-Topic - TEAM NAME Mattermost/textarea_Hell'

2021-05-29 17:13:31 - [MESSAGE][PASSED] - Text 'Off-Topic' is set on object 'Object Repository/Page_Off-Topic - TEAM NAME Mattermost/textarea_Hell'

2021-05-29 17:13:31 - [TEST_STEP][PASSED] - click(findTestObject("Object Repository/Page_Off-Topic - TEAM NAME Mattermost/span_Save")): Object: 'Object Repository/Page_Off-Topic - TEAM NAME Mattermost/span_Save' is clicked on

2021-05-29 17:14:03 - [MESSAGE][INFO] - Unable to find the element located by 'By.xpath: //button[@id='save-button']/span'. Please recheck the objects properties to make sure the desired element is located. 

2021-05-29 17:14:03 - [MESSAGE][WARNING] - [SELF-HEALING] Failed to find element with id 'Object Repository/Page_Off-Topic - TEAM NAME Mattermost/span_Save'. Try using Self-healing.

2021-05-29 17:14:03 - [MESSAGE][WARNING] - [SELF-HEALING] The current locator of test object 'Object Repository/Page_Off-Topic - TEAM NAME Mattermost/span_Save' was broken. Propose an alternative one: '(.//*[normalize-space(text()) and normalize-space(.)='Cancel'])[1]/following::span[1]'.

2021-05-29 17:14:03 - [MESSAGE][PASSED] - Object: 'Object Repository/Page_Off-Topic - TEAM NAME Mattermost/span_Save' is clicked on

2021-05-29 17:14:03 - [TEST_STEP][PASSED] - closeBrowser(): Browser is closed

2021-05-29 17:14:04 - [MESSAGE][PASSED] - Browser is closed]]></system-out>
         <system-err><![CDATA[]]></system-err>
      </testcase>
      <system-out><![CDATA[2021-05-29 17:00:59 - [TEST_SUITE][FAILED] - Run all test cases: Test Cases/Login/Verify login failed with empty password FAILED.
Reason:
com.kms.katalon.core.exception.StepFailedException: Unable to verify object 'Object Repository/Page_Mattermost/label_Please enter your password' is present
	at com.kms.katalon.core.webui.keyword.internal.WebUIKeywordMain.stepFailed(WebUIKeywordMain.groovy:64)
	at com.kms.katalon.core.webui.keyword.internal.WebUIKeywordMain.runKeyword(WebUIKeywordMain.groovy:26)
	at com.kms.katalon.core.webui.keyword.builtin.VerifyElementPresentKeyword.verifyElementPresent(VerifyElementPresentKeyword.groovy:92)
	at com.kms.katalon.core.webui.keyword.builtin.VerifyElementPresentKeyword.execute(VerifyElementPresentKeyword.groovy:68)
	at com.kms.katalon.core.keyword.internal.KeywordExecutor.executeKeywordForPlatform(KeywordExecutor.groovy:73)
	at com.kms.katalon.core.webui.keyword.WebUiBuiltInKeywords.verifyElementPresent(WebUiBuiltInKeywords.groovy:1463)
	at com.kms.katalon.core.webui.keyword.WebUiBuiltInKeywords$verifyElementPresent$4.call(Unknown Source)
	at Verify login failed with empty password.run(Verify login failed with empty password:23)
	at com.kms.katalon.core.main.ScriptEngine.run(ScriptEngine.java:194)
	at com.kms.katalon.core.main.ScriptEngine.runScriptAsRawText(ScriptEngine.java:119)
	at com.kms.katalon.core.main.TestCaseExecutor.runScript(TestCaseExecutor.java:398)
	at com.kms.katalon.core.main.TestCaseExecutor.doExecute(TestCaseExecutor.java:389)
	at com.kms.katalon.core.main.TestCaseExecutor.processExecutionPhase(TestCaseExecutor.java:368)
	at com.kms.katalon.core.main.TestCaseExecutor.accessMainPhase(TestCaseExecutor.java:360)
	at com.kms.katalon.core.main.TestCaseExecutor.execute(TestCaseExecutor.java:255)
	at com.kms.katalon.core.main.TestSuiteExecutor.accessTestCaseMainPhase(TestSuiteExecutor.java:203)
	at com.kms.katalon.core.main.TestSuiteExecutor.accessTestSuiteMainPhase(TestSuiteExecutor.java:152)
	at com.kms.katalon.core.main.TestSuiteExecutor.execute(TestSuiteExecutor.java:95)
	at com.kms.katalon.core.main.TestCaseMain.startTestSuite(TestCaseMain.java:157)
	at com.kms.katalon.core.main.TestCaseMain$startTestSuite$0.call(Unknown Source)
	at TempTestSuite1622307653786.run(TempTestSuite1622307653786.groovy:39)
Caused by: com.kms.katalon.core.exception.StepFailedException: com.kms.katalon.core.webui.exception.WebElementNotFoundException: Web element with id: 'Object Repository/Page_Mattermost/label_Please enter your password' located by '//div[@id='login_section']/div/div[2]/div/form/div/div/label' not found
	at com.kms.katalon.core.webui.keyword.internal.WebUIKeywordMain.stepFailed(WebUIKeywordMain.groovy:64)
	at com.kms.katalon.core.webui.keyword.builtin.VerifyElementPresentKeyword$_verifyElementPresent_closure1.doCall(VerifyElementPresentKeyword.groovy:85)
	at com.kms.katalon.core.webui.keyword.builtin.VerifyElementPresentKeyword$_verifyElementPresent_closure1.call(VerifyElementPresentKeyword.groovy)
	at com.kms.katalon.core.webui.keyword.internal.WebUIKeywordMain.runKeyword(WebUIKeywordMain.groovy:20)
	... 19 more]]></system-out>
      <system-err><![CDATA[2021-05-29 17:00:59 - [TEST_SUITE][FAILED] - Run all test cases: Test Cases/Login/Verify login failed with empty password FAILED.
Reason:
com.kms.katalon.core.exception.StepFailedException: Unable to verify object 'Object Repository/Page_Mattermost/label_Please enter your password' is present
	at com.kms.katalon.core.webui.keyword.internal.WebUIKeywordMain.stepFailed(WebUIKeywordMain.groovy:64)
	at com.kms.katalon.core.webui.keyword.internal.WebUIKeywordMain.runKeyword(WebUIKeywordMain.groovy:26)
	at com.kms.katalon.core.webui.keyword.builtin.VerifyElementPresentKeyword.verifyElementPresent(VerifyElementPresentKeyword.groovy:92)
	at com.kms.katalon.core.webui.keyword.builtin.VerifyElementPresentKeyword.execute(VerifyElementPresentKeyword.groovy:68)
	at com.kms.katalon.core.keyword.internal.KeywordExecutor.executeKeywordForPlatform(KeywordExecutor.groovy:73)
	at com.kms.katalon.core.webui.keyword.WebUiBuiltInKeywords.verifyElementPresent(WebUiBuiltInKeywords.groovy:1463)
	at com.kms.katalon.core.webui.keyword.WebUiBuiltInKeywords$verifyElementPresent$4.call(Unknown Source)
	at Verify login failed with empty password.run(Verify login failed with empty password:23)
	at com.kms.katalon.core.main.ScriptEngine.run(ScriptEngine.java:194)
	at com.kms.katalon.core.main.ScriptEngine.runScriptAsRawText(ScriptEngine.java:119)
	at com.kms.katalon.core.main.TestCaseExecutor.runScript(TestCaseExecutor.java:398)
	at com.kms.katalon.core.main.TestCaseExecutor.doExecute(TestCaseExecutor.java:389)
	at com.kms.katalon.core.main.TestCaseExecutor.processExecutionPhase(TestCaseExecutor.java:368)
	at com.kms.katalon.core.main.TestCaseExecutor.accessMainPhase(TestCaseExecutor.java:360)
	at com.kms.katalon.core.main.TestCaseExecutor.execute(TestCaseExecutor.java:255)
	at com.kms.katalon.core.main.TestSuiteExecutor.accessTestCaseMainPhase(TestSuiteExecutor.java:203)
	at com.kms.katalon.core.main.TestSuiteExecutor.accessTestSuiteMainPhase(TestSuiteExecutor.java:152)
	at com.kms.katalon.core.main.TestSuiteExecutor.execute(TestSuiteExecutor.java:95)
	at com.kms.katalon.core.main.TestCaseMain.startTestSuite(TestCaseMain.java:157)
	at com.kms.katalon.core.main.TestCaseMain$startTestSuite$0.call(Unknown Source)
	at TempTestSuite1622307653786.run(TempTestSuite1622307653786.groovy:39)
Caused by: com.kms.katalon.core.exception.StepFailedException: com.kms.katalon.core.webui.exception.WebElementNotFoundException: Web element with id: 'Object Repository/Page_Mattermost/label_Please enter your password' located by '//div[@id='login_section']/div/div[2]/div/form/div/div/label' not found
	at com.kms.katalon.core.webui.keyword.internal.WebUIKeywordMain.stepFailed(WebUIKeywordMain.groovy:64)
	at com.kms.katalon.core.webui.keyword.builtin.VerifyElementPresentKeyword$_verifyElementPresent_closure1.doCall(VerifyElementPresentKeyword.groovy:85)
	at com.kms.katalon.core.webui.keyword.builtin.VerifyElementPresentKeyword$_verifyElementPresent_closure1.call(VerifyElementPresentKeyword.groovy)
	at com.kms.katalon.core.webui.keyword.internal.WebUIKeywordMain.runKeyword(WebUIKeywordMain.groovy:20)
	... 19 more]]></system-err>
   </testsuite>
</testsuites>
