<?xml version="1.0" encoding="UTF-8"?>
<testsuites name="Run all test cases" time="1492.872" tests="53" failures="7" errors="0">
   <testsuite name="Run all test cases" tests="53" failures="7" errors="0" time="1492.872" skipped="0" timestamp="2021-05-30 15:28:33" hostname="nttuan - WIN-SERVER-2019.sgdiozk5pmeurpqewmqk3za5qe.bx.internal.cloudapp.net" id="Test Suites/Run all test cases">
      <properties>
         <property name="deviceName" value=""/>
         <property name="devicePlatform" value=""/>
         <property name="logFolder" value="C:\\Users\\nttuan\\Downloads\\CDNC\\mattermost-testing\\Reports\\20210530_152827\\Run all test cases\\20210530_152827"/>
         <property name="logFiles" value="C:\\Users\\nttuan\\Downloads\\CDNC\\mattermost-testing\\Reports\\20210530_152827\\Run all test cases\\20210530_152827\\execution0.log"/>
         <property name="attachments" value="C:\\Users\\nttuan\\Downloads\\CDNC\\mattermost-testing\\Reports\\20210530_152827\\Run all test cases\\20210530_152827\\1622388650471.png, C:\\Users\\nttuan\\Downloads\\CDNC\\mattermost-testing\\Reports\\20210530_152827\\Run all test cases\\20210530_152827\\1622388716588.png, C:\\Users\\nttuan\\Downloads\\CDNC\\mattermost-testing\\Reports\\20210530_152827\\Run all test cases\\20210530_152827\\1622388782568.png, C:\\Users\\nttuan\\Downloads\\CDNC\\mattermost-testing\\Reports\\20210530_152827\\Run all test cases\\20210530_152827\\1622388920652.png, C:\\Users\\nttuan\\Downloads\\CDNC\\mattermost-testing\\Reports\\20210530_152827\\Run all test cases\\20210530_152827\\1622388965493.png, C:\\Users\\nttuan\\Downloads\\CDNC\\mattermost-testing\\Reports\\20210530_152827\\Run all test cases\\20210530_152827\\1622389863179.png, C:\\Users\\nttuan\\Downloads\\CDNC\\mattermost-testing\\Reports\\20210530_152827\\Run all test cases\\20210530_152827\\1622389875148.png, C:\\Users\\nttuan\\Downloads\\CDNC\\mattermost-testing\\Reports\\20210530_152827\\Run all test cases\\20210530_152827\\1622389915988.png, C:\\Users\\nttuan\\Downloads\\CDNC\\mattermost-testing\\Reports\\20210530_152827\\Run all test cases\\20210530_152827\\1622389956797.png, C:\\Users\\nttuan\\Downloads\\CDNC\\mattermost-testing\\Reports\\20210530_152827\\Run all test cases\\20210530_152827\\1622389993537.png, C:\\Users\\nttuan\\Downloads\\CDNC\\mattermost-testing\\Reports\\20210530_152827\\Run all test cases\\20210530_152827\\1622389993631.png, C:\\Users\\nttuan\\Downloads\\CDNC\\mattermost-testing\\Reports\\20210530_152827\\Run all test cases\\20210530_152827\\1622390004997.png"/>
         <property name="hostName" value="nttuan - WIN-SERVER-2019.sgdiozk5pmeurpqewmqk3za5qe.bx.internal.cloudapp.net"/>
         <property name="os" value="Windows Server 2019 64bit"/>
         <property name="katalonVersion" value="8.0.1.208"/>
         <property name="browser" value="Chrome 91.0.4472.77"/>
         <property name="hostAddress" value="10.1.0.4"/>
         <property name="sessionId" value="e6428804a37dd34f209b5f19cc613f63"/>
         <property name="seleniumVersion" value="3.141.59"/>
         <property name="proxyInformation" value="ProxyInformation { proxyOption=NO_PROXY, proxyServerType=HTTP, username=, password=********, proxyServerAddress=, proxyServerPort=0, executionList=&quot;&quot;, isApplyToDesiredCapabilities=true }"/>
         <property name="platform" value="Windows Server 2019"/>
      </properties>
      <testcase name="Test Cases/API/API - Cannot receive a user list after logout" time="1.873" classname="Test Cases/API/API - Cannot receive a user list after logout" status="PASSED">
         <system-out><![CDATA[2021-05-30 15:28:34 - [TEST_CASE][PASSED] - Test Cases/API/API - Cannot receive a user list after logout: Test Cases/API/API - Cannot receive a user list after logout

2021-05-30 15:28:35 - [TEST_STEP][PASSED] - loginResponse = sendRequest(findTestObject("API/Login")): Send request successfully

2021-05-30 15:28:36 - [MESSAGE][INFO] - HAR: C:\Users\nttuan\Downloads\CDNC\mattermost-testing\Reports\20210530_152827\Run all test cases\20210530_152827\requests\main\0.har

2021-05-30 15:28:36 - [MESSAGE][PASSED] - Send request successfully

2021-05-30 15:28:36 - [TEST_STEP][PASSED] - token = loginResponse.getHeaderField("Token"): null

2021-05-30 15:28:36 - [TEST_STEP][PASSED] - out.println("Token: " + token): null

2021-05-30 15:28:36 - [TEST_STEP][PASSED] - HTTPHeader = new java.util.ArrayList(): null

2021-05-30 15:28:36 - [TEST_STEP][PASSED] - HTTPHeader.add(new com.kms.katalon.core.testobject.TestObjectProperty(Authorization, com.kms.katalon.core.testobject.ConditionType.EQUALS, (Bearer  + token))): null

2021-05-30 15:28:36 - [TEST_STEP][PASSED] - Logout_ScopeToProject = findTestObject("API/Logout"): null

2021-05-30 15:28:36 - [TEST_STEP][PASSED] - Logout_ScopeToProject.setHttpHeaderProperties(HTTPHeader): null

2021-05-30 15:28:36 - [TEST_STEP][PASSED] - logoutResponse = sendRequest(Logout_ScopeToProject): Send request successfully

2021-05-30 15:28:36 - [MESSAGE][INFO] - HAR: C:\Users\nttuan\Downloads\CDNC\mattermost-testing\Reports\20210530_152827\Run all test cases\20210530_152827\requests\main\1.har

2021-05-30 15:28:36 - [MESSAGE][PASSED] - Send request successfully

2021-05-30 15:28:36 - [TEST_STEP][PASSED] - verifyResponseStatusCode(logoutResponse, 200): Verify response status code successfully

2021-05-30 15:28:36 - [MESSAGE][PASSED] - Verify response status code successfully

2021-05-30 15:28:36 - [TEST_STEP][PASSED] - ScopeToProject = findTestObject("API/Get users"): null

2021-05-30 15:28:36 - [TEST_STEP][PASSED] - ScopeToProject.setHttpHeaderProperties(HTTPHeader): null

2021-05-30 15:28:36 - [TEST_STEP][PASSED] - response = sendRequest(ScopeToProject): Send request successfully

2021-05-30 15:28:36 - [MESSAGE][INFO] - HAR: C:\Users\nttuan\Downloads\CDNC\mattermost-testing\Reports\20210530_152827\Run all test cases\20210530_152827\requests\main\2.har

2021-05-30 15:28:36 - [MESSAGE][PASSED] - Send request successfully

2021-05-30 15:28:36 - [TEST_STEP][PASSED] - out.println("Body content: " + response.getResponseBodyContent()): null

2021-05-30 15:28:36 - [TEST_STEP][PASSED] - verifyResponseStatusCode(response, 401): Verify response status code successfully

2021-05-30 15:28:36 - [MESSAGE][PASSED] - Verify response status code successfully]]></system-out>
         <system-err><![CDATA[]]></system-err>
      </testcase>
      <testcase name="Test Cases/API/API - Verify successful login" time="0.623" classname="Test Cases/API/API - Verify successful login" status="PASSED">
         <system-out><![CDATA[2021-05-30 15:28:36 - [TEST_CASE][PASSED] - Test Cases/API/API - Verify successful login: Test Cases/API/API - Verify successful login

2021-05-30 15:28:36 - [TEST_STEP][PASSED] - response = sendRequest(findTestObject("API/Login")): Send request successfully

2021-05-30 15:28:36 - [MESSAGE][INFO] - HAR: C:\Users\nttuan\Downloads\CDNC\mattermost-testing\Reports\20210530_152827\Run all test cases\20210530_152827\requests\main\3.har

2021-05-30 15:28:36 - [MESSAGE][PASSED] - Send request successfully

2021-05-30 15:28:36 - [TEST_STEP][PASSED] - out.println("Body content: " + response.getResponseBodyContent()): null

2021-05-30 15:28:36 - [TEST_STEP][PASSED] - out.println("Token: " + response.getHeaderField("Token")): null

2021-05-30 15:28:36 - [TEST_STEP][PASSED] - verifyResponseStatusCode(response, 200): Verify response status code successfully

2021-05-30 15:28:37 - [MESSAGE][PASSED] - Verify response status code successfully

2021-05-30 15:28:37 - [TEST_STEP][PASSED] - verifyElementPropertyValue(response, "username", "nguyenvana"): Verify element property value successfully

2021-05-30 15:28:37 - [MESSAGE][PASSED] - Verify element property value successfully]]></system-out>
         <system-err><![CDATA[]]></system-err>
      </testcase>
      <testcase name="Test Cases/API/API - Verify successfuly get a user by email" time="0.595" classname="Test Cases/API/API - Verify successfuly get a user by email" status="PASSED">
         <system-out><![CDATA[2021-05-30 15:28:37 - [TEST_CASE][PASSED] - Test Cases/API/API - Verify successfuly get a user by email: Test Cases/API/API - Verify successfuly get a user by email

2021-05-30 15:28:37 - [TEST_STEP][PASSED] - loginResponse = sendRequest(findTestObject("API/Login")): Send request successfully

2021-05-30 15:28:37 - [MESSAGE][INFO] - HAR: C:\Users\nttuan\Downloads\CDNC\mattermost-testing\Reports\20210530_152827\Run all test cases\20210530_152827\requests\main\4.har

2021-05-30 15:28:37 - [MESSAGE][PASSED] - Send request successfully

2021-05-30 15:28:37 - [TEST_STEP][PASSED] - token = loginResponse.getHeaderField("Token"): null

2021-05-30 15:28:37 - [TEST_STEP][PASSED] - out.println("Token: " + token): null

2021-05-30 15:28:37 - [TEST_STEP][PASSED] - ScopeToProject = findTestObject("API/Get a user by email"): null

2021-05-30 15:28:37 - [TEST_STEP][PASSED] - HTTPHeader = new java.util.ArrayList(): null

2021-05-30 15:28:37 - [TEST_STEP][PASSED] - HTTPHeader.add(new com.kms.katalon.core.testobject.TestObjectProperty(Authorization, com.kms.katalon.core.testobject.ConditionType.EQUALS, (Bearer  + token))): null

2021-05-30 15:28:37 - [TEST_STEP][PASSED] - ScopeToProject.setHttpHeaderProperties(HTTPHeader): null

2021-05-30 15:28:37 - [TEST_STEP][PASSED] - response = sendRequest(ScopeToProject): Send request successfully

2021-05-30 15:28:37 - [MESSAGE][INFO] - HAR: C:\Users\nttuan\Downloads\CDNC\mattermost-testing\Reports\20210530_152827\Run all test cases\20210530_152827\requests\main\5.har

2021-05-30 15:28:37 - [MESSAGE][PASSED] - Send request successfully

2021-05-30 15:28:37 - [TEST_STEP][PASSED] - out.println("Body content: " + response.getResponseBodyContent()): null

2021-05-30 15:28:37 - [TEST_STEP][PASSED] - verifyResponseStatusCode(response, 200): Verify response status code successfully

2021-05-30 15:28:37 - [MESSAGE][PASSED] - Verify response status code successfully

2021-05-30 15:28:37 - [TEST_STEP][PASSED] - verifyElementPropertyValue(response, "email", "tttung468@gmail.com"): Verify element property value successfully

2021-05-30 15:28:37 - [MESSAGE][PASSED] - Verify element property value successfully]]></system-out>
         <system-err><![CDATA[]]></system-err>
      </testcase>
      <testcase name="Test Cases/API/API - Verify successfuly get a user by username" time="0.591" classname="Test Cases/API/API - Verify successfuly get a user by username" status="PASSED">
         <system-out><![CDATA[2021-05-30 15:28:37 - [TEST_CASE][PASSED] - Test Cases/API/API - Verify successfuly get a user by username: Test Cases/API/API - Verify successfuly get a user by username

2021-05-30 15:28:38 - [TEST_STEP][PASSED] - loginResponse = sendRequest(findTestObject("API/Login")): Send request successfully

2021-05-30 15:28:38 - [MESSAGE][INFO] - HAR: C:\Users\nttuan\Downloads\CDNC\mattermost-testing\Reports\20210530_152827\Run all test cases\20210530_152827\requests\main\6.har

2021-05-30 15:28:38 - [MESSAGE][PASSED] - Send request successfully

2021-05-30 15:28:38 - [TEST_STEP][PASSED] - token = loginResponse.getHeaderField("Token"): null

2021-05-30 15:28:38 - [TEST_STEP][PASSED] - out.println("Token: " + token): null

2021-05-30 15:28:38 - [TEST_STEP][PASSED] - ScopeToProject = findTestObject("API/Get a user by username"): null

2021-05-30 15:28:38 - [TEST_STEP][PASSED] - HTTPHeader = new java.util.ArrayList(): null

2021-05-30 15:28:38 - [TEST_STEP][PASSED] - HTTPHeader.add(new com.kms.katalon.core.testobject.TestObjectProperty(Authorization, com.kms.katalon.core.testobject.ConditionType.EQUALS, (Bearer  + token))): null

2021-05-30 15:28:38 - [TEST_STEP][PASSED] - ScopeToProject.setHttpHeaderProperties(HTTPHeader): null

2021-05-30 15:28:38 - [TEST_STEP][PASSED] - response = sendRequest(ScopeToProject): Send request successfully

2021-05-30 15:28:38 - [MESSAGE][INFO] - HAR: C:\Users\nttuan\Downloads\CDNC\mattermost-testing\Reports\20210530_152827\Run all test cases\20210530_152827\requests\main\7.har

2021-05-30 15:28:38 - [MESSAGE][PASSED] - Send request successfully

2021-05-30 15:28:38 - [TEST_STEP][PASSED] - out.println("Body content: " + response.getResponseBodyContent()): null

2021-05-30 15:28:38 - [TEST_STEP][PASSED] - verifyResponseStatusCode(response, 200): Verify response status code successfully

2021-05-30 15:28:38 - [MESSAGE][PASSED] - Verify response status code successfully

2021-05-30 15:28:38 - [TEST_STEP][PASSED] - verifyElementPropertyValue(response, "username", "thanhtung"): Verify element property value successfully

2021-05-30 15:28:38 - [MESSAGE][PASSED] - Verify element property value successfully]]></system-out>
         <system-err><![CDATA[]]></system-err>
      </testcase>
      <testcase name="Test Cases/API/API - Verify successfuly get a user list" time="0.571" classname="Test Cases/API/API - Verify successfuly get a user list" status="PASSED">
         <system-out><![CDATA[2021-05-30 15:28:38 - [TEST_CASE][PASSED] - Test Cases/API/API - Verify successfuly get a user list: Test Cases/API/API - Verify successfuly get a user list

2021-05-30 15:28:38 - [TEST_STEP][PASSED] - loginResponse = sendRequest(findTestObject("API/Login")): Send request successfully

2021-05-30 15:28:38 - [MESSAGE][INFO] - HAR: C:\Users\nttuan\Downloads\CDNC\mattermost-testing\Reports\20210530_152827\Run all test cases\20210530_152827\requests\main\8.har

2021-05-30 15:28:38 - [MESSAGE][PASSED] - Send request successfully

2021-05-30 15:28:38 - [TEST_STEP][PASSED] - token = loginResponse.getHeaderField("Token"): null

2021-05-30 15:28:38 - [TEST_STEP][PASSED] - out.println("Token: " + token): null

2021-05-30 15:28:38 - [TEST_STEP][PASSED] - ScopeToProject = findTestObject("API/Get users"): null

2021-05-30 15:28:38 - [TEST_STEP][PASSED] - HTTPHeader = new java.util.ArrayList(): null

2021-05-30 15:28:38 - [TEST_STEP][PASSED] - HTTPHeader.add(new com.kms.katalon.core.testobject.TestObjectProperty(Authorization, com.kms.katalon.core.testobject.ConditionType.EQUALS, (Bearer  + token))): null

2021-05-30 15:28:38 - [TEST_STEP][PASSED] - ScopeToProject.setHttpHeaderProperties(HTTPHeader): null

2021-05-30 15:28:38 - [TEST_STEP][PASSED] - response = sendRequest(ScopeToProject): Send request successfully

2021-05-30 15:28:38 - [MESSAGE][INFO] - HAR: C:\Users\nttuan\Downloads\CDNC\mattermost-testing\Reports\20210530_152827\Run all test cases\20210530_152827\requests\main\9.har

2021-05-30 15:28:38 - [MESSAGE][PASSED] - Send request successfully

2021-05-30 15:28:38 - [TEST_STEP][PASSED] - out.println("Body content: " + response.getResponseBodyContent()): null

2021-05-30 15:28:38 - [TEST_STEP][PASSED] - verifyResponseStatusCode(response, 200): Verify response status code successfully

2021-05-30 15:28:38 - [MESSAGE][PASSED] - Verify response status code successfully]]></system-out>
         <system-err><![CDATA[]]></system-err>
      </testcase>
      <testcase name="Test Cases/API/API - Verify successfuly get total count of users in the system" time="0.598" classname="Test Cases/API/API - Verify successfuly get total count of users in the system" status="PASSED">
         <system-out><![CDATA[2021-05-30 15:28:38 - [TEST_CASE][PASSED] - Test Cases/API/API - Verify successfuly get total count of users in the system: Test Cases/API/API - Verify successfuly get total count of users in the system

2021-05-30 15:28:39 - [TEST_STEP][PASSED] - loginResponse = sendRequest(findTestObject("API/Login")): Send request successfully

2021-05-30 15:28:39 - [MESSAGE][INFO] - HAR: C:\Users\nttuan\Downloads\CDNC\mattermost-testing\Reports\20210530_152827\Run all test cases\20210530_152827\requests\main\10.har

2021-05-30 15:28:39 - [MESSAGE][PASSED] - Send request successfully

2021-05-30 15:28:39 - [TEST_STEP][PASSED] - token = loginResponse.getHeaderField("Token"): null

2021-05-30 15:28:39 - [TEST_STEP][PASSED] - out.println("Token: " + token): null

2021-05-30 15:28:39 - [TEST_STEP][PASSED] - ScopeToProject = findTestObject("API/Get total count of users in the system"): null

2021-05-30 15:28:39 - [TEST_STEP][PASSED] - HTTPHeader = new java.util.ArrayList(): null

2021-05-30 15:28:39 - [TEST_STEP][PASSED] - HTTPHeader.add(new com.kms.katalon.core.testobject.TestObjectProperty(Authorization, com.kms.katalon.core.testobject.ConditionType.EQUALS, (Bearer  + token))): null

2021-05-30 15:28:39 - [TEST_STEP][PASSED] - ScopeToProject.setHttpHeaderProperties(HTTPHeader): null

2021-05-30 15:28:39 - [TEST_STEP][PASSED] - response = sendRequest(ScopeToProject): Send request successfully

2021-05-30 15:28:39 - [MESSAGE][INFO] - HAR: C:\Users\nttuan\Downloads\CDNC\mattermost-testing\Reports\20210530_152827\Run all test cases\20210530_152827\requests\main\11.har

2021-05-30 15:28:39 - [MESSAGE][PASSED] - Send request successfully

2021-05-30 15:28:39 - [TEST_STEP][PASSED] - out.println("Body content: " + response.getResponseBodyContent()): null

2021-05-30 15:28:39 - [TEST_STEP][PASSED] - verifyResponseStatusCode(response, 200): Verify response status code successfully

2021-05-30 15:28:39 - [MESSAGE][PASSED] - Verify response status code successfully

2021-05-30 15:28:39 - [TEST_STEP][PASSED] - containsString(response, "total_users_count", false): Check contain string successfully

2021-05-30 15:28:39 - [MESSAGE][PASSED] - Check contain string successfully]]></system-out>
         <system-err><![CDATA[]]></system-err>
      </testcase>
      <testcase name="Test Cases/API/API - Verify successfuly get users by ids" time="0.919" classname="Test Cases/API/API - Verify successfuly get users by ids" status="PASSED">
         <system-out><![CDATA[2021-05-30 15:28:39 - [TEST_CASE][PASSED] - Test Cases/API/API - Verify successfuly get users by ids: Test Cases/API/API - Verify successfuly get users by ids

2021-05-30 15:28:40 - [TEST_STEP][PASSED] - loginResponse = sendRequest(findTestObject("API/Login")): Send request successfully

2021-05-30 15:28:40 - [MESSAGE][INFO] - HAR: C:\Users\nttuan\Downloads\CDNC\mattermost-testing\Reports\20210530_152827\Run all test cases\20210530_152827\requests\main\12.har

2021-05-30 15:28:40 - [MESSAGE][PASSED] - Send request successfully

2021-05-30 15:28:40 - [TEST_STEP][PASSED] - token = loginResponse.getHeaderField("Token"): null

2021-05-30 15:28:40 - [TEST_STEP][PASSED] - out.println("Token: " + token): null

2021-05-30 15:28:40 - [TEST_STEP][PASSED] - ScopeToProject = findTestObject("API/Get users by ids"): null

2021-05-30 15:28:40 - [TEST_STEP][PASSED] - HTTPHeader = new java.util.ArrayList(): null

2021-05-30 15:28:40 - [TEST_STEP][PASSED] - HTTPHeader.add(new com.kms.katalon.core.testobject.TestObjectProperty(Authorization, com.kms.katalon.core.testobject.ConditionType.EQUALS, (Bearer  + token))): null

2021-05-30 15:28:40 - [TEST_STEP][PASSED] - ScopeToProject.setHttpHeaderProperties(HTTPHeader): null

2021-05-30 15:28:40 - [TEST_STEP][PASSED] - response = sendRequest(ScopeToProject): Send request successfully

2021-05-30 15:28:40 - [MESSAGE][INFO] - HAR: C:\Users\nttuan\Downloads\CDNC\mattermost-testing\Reports\20210530_152827\Run all test cases\20210530_152827\requests\main\13.har

2021-05-30 15:28:40 - [MESSAGE][PASSED] - Send request successfully

2021-05-30 15:28:40 - [TEST_STEP][PASSED] - out.println("Body content: " + response.getResponseBodyContent()): null

2021-05-30 15:28:40 - [TEST_STEP][PASSED] - verifyResponseStatusCode(response, 200): Verify response status code successfully

2021-05-30 15:28:40 - [MESSAGE][PASSED] - Verify response status code successfully

2021-05-30 15:28:40 - [TEST_STEP][PASSED] - verifyElementPropertyValue(response, "[0].id", "dttuo8b67bno3j4s9acuspapra"): Verify element property value successfully

2021-05-30 15:28:40 - [MESSAGE][PASSED] - Verify element property value successfully

2021-05-30 15:28:40 - [TEST_STEP][PASSED] - verifyElementPropertyValue(response, "[0].username", "nguyenvana"): Verify element property value successfully

2021-05-30 15:28:40 - [MESSAGE][PASSED] - Verify element property value successfully

2021-05-30 15:28:40 - [TEST_STEP][PASSED] - verifyElementPropertyValue(response, "[1].id", "ifcc1quidtbbxnd3id16f1uywa"): Verify element property value successfully

2021-05-30 15:28:40 - [MESSAGE][PASSED] - Verify element property value successfully

2021-05-30 15:28:40 - [TEST_STEP][PASSED] - verifyElementPropertyValue(response, "[1].username", "thanhtung"): Verify element property value successfully

2021-05-30 15:28:40 - [MESSAGE][PASSED] - Verify element property value successfully]]></system-out>
         <system-err><![CDATA[]]></system-err>
      </testcase>
      <testcase name="Test Cases/API/API - Verify successfuly get users by usernames" time="0.616" classname="Test Cases/API/API - Verify successfuly get users by usernames" status="PASSED">
         <system-out><![CDATA[2021-05-30 15:28:40 - [TEST_CASE][PASSED] - Test Cases/API/API - Verify successfuly get users by usernames: Test Cases/API/API - Verify successfuly get users by usernames

2021-05-30 15:28:40 - [TEST_STEP][PASSED] - loginResponse = sendRequest(findTestObject("API/Login")): Send request successfully

2021-05-30 15:28:40 - [MESSAGE][INFO] - HAR: C:\Users\nttuan\Downloads\CDNC\mattermost-testing\Reports\20210530_152827\Run all test cases\20210530_152827\requests\main\14.har

2021-05-30 15:28:40 - [MESSAGE][PASSED] - Send request successfully

2021-05-30 15:28:40 - [TEST_STEP][PASSED] - token = loginResponse.getHeaderField("Token"): null

2021-05-30 15:28:40 - [TEST_STEP][PASSED] - out.println("Token: " + token): null

2021-05-30 15:28:40 - [TEST_STEP][PASSED] - ScopeToProject = findTestObject("API/Get users by usernames"): null

2021-05-30 15:28:40 - [TEST_STEP][PASSED] - HTTPHeader = new java.util.ArrayList(): null

2021-05-30 15:28:40 - [TEST_STEP][PASSED] - HTTPHeader.add(new com.kms.katalon.core.testobject.TestObjectProperty(Authorization, com.kms.katalon.core.testobject.ConditionType.EQUALS, (Bearer  + token))): null

2021-05-30 15:28:40 - [TEST_STEP][PASSED] - ScopeToProject.setHttpHeaderProperties(HTTPHeader): null

2021-05-30 15:28:40 - [TEST_STEP][PASSED] - response = sendRequest(ScopeToProject): Send request successfully

2021-05-30 15:28:41 - [MESSAGE][INFO] - HAR: C:\Users\nttuan\Downloads\CDNC\mattermost-testing\Reports\20210530_152827\Run all test cases\20210530_152827\requests\main\15.har

2021-05-30 15:28:41 - [MESSAGE][PASSED] - Send request successfully

2021-05-30 15:28:41 - [TEST_STEP][PASSED] - out.println("Body content: " + response.getResponseBodyContent()): null

2021-05-30 15:28:41 - [TEST_STEP][PASSED] - verifyResponseStatusCode(response, 200): Verify response status code successfully

2021-05-30 15:28:41 - [MESSAGE][PASSED] - Verify response status code successfully

2021-05-30 15:28:41 - [TEST_STEP][PASSED] - verifyElementPropertyValue(response, "[0].username", "nguyenvana"): Verify element property value successfully

2021-05-30 15:28:41 - [MESSAGE][PASSED] - Verify element property value successfully

2021-05-30 15:28:41 - [TEST_STEP][PASSED] - verifyElementPropertyValue(response, "[1].username", "thanhtung"): Verify element property value successfully

2021-05-30 15:28:41 - [MESSAGE][PASSED] - Verify element property value successfully]]></system-out>
         <system-err><![CDATA[]]></system-err>
      </testcase>
      <testcase name="Test Cases/Login/Verify login failed with empty password" time="7.638" classname="Test Cases/Login/Verify login failed with empty password" status="PASSED">
         <system-out><![CDATA[2021-05-30 15:28:41 - [TEST_CASE][PASSED] - Test Cases/Login/Verify login failed with empty password: Test Cases/Login/Verify login failed with empty password

2021-05-30 15:28:41 - [TEST_STEP][PASSED] - callTestCase(findTestCase("Common Test Cases/Login"), ["Username":findTestData("Internal Data for Login").getValue(1, 2), "Password":findTestData("Internal Data for Login").getValue(2, 2)], STOP_ON_FAILURE): Call Test Case 'Test Cases/Common Test Cases/Login' successfully

2021-05-30 15:28:41 - [TEST_CASE][PASSED] - Test Cases/Common Test Cases/Login: Test Cases/Common Test Cases/Login

2021-05-30 15:28:41 - [TEST_STEP][PASSED] - openBrowser(""): Browser is opened with url: ''

2021-05-30 15:28:41 - [MESSAGE][INFO] - Starting 'Chrome' driver

2021-05-30 15:28:41 - [MESSAGE][INFO] - Action delay is set to 0 milliseconds

2021-05-30 15:28:43 - [MESSAGE][PASSED] - Browser is opened with url: ''

2021-05-30 15:28:43 - [TEST_STEP][PASSED] - navigateToUrl("https://chudenangcao2021.cf/"): Navigate to 'https://chudenangcao2021.cf/' successfully

2021-05-30 15:28:44 - [MESSAGE][PASSED] - Navigate to 'https://chudenangcao2021.cf/' successfully

2021-05-30 15:28:44 - [TEST_STEP][PASSED] - setText(findTestObject("Object Repository/Page_Mattermost/input_All team communication in one place, _dcc84b"), Username): Text 'nguyenvana' is set on object 'Object Repository/Page_Mattermost/input_All team communication in one place, _dcc84b'

2021-05-30 15:28:46 - [MESSAGE][PASSED] - Text 'nguyenvana' is set on object 'Object Repository/Page_Mattermost/input_All team communication in one place, _dcc84b'

2021-05-30 15:28:46 - [TEST_STEP][PASSED] - setText(findTestObject("Object Repository/Page_Mattermost/input_All team communication in one place, _a3edc6"), Password): Text '' is set on object 'Object Repository/Page_Mattermost/input_All team communication in one place, _a3edc6'

2021-05-30 15:28:47 - [MESSAGE][PASSED] - Text '' is set on object 'Object Repository/Page_Mattermost/input_All team communication in one place, _a3edc6'

2021-05-30 15:28:47 - [TEST_STEP][PASSED] - click(findTestObject("Object Repository/Page_Mattermost/button_Sign in")): Object: 'Object Repository/Page_Mattermost/button_Sign in' is clicked on

2021-05-30 15:28:47 - [MESSAGE][PASSED] - Object: 'Object Repository/Page_Mattermost/button_Sign in' is clicked on

2021-05-30 15:28:47 - [TEST_STEP][PASSED] - verifyLinksAccessible(["https://chudenangcao2021.cf/cdnc-cnpm-2021/channels"]): All links are accessible

2021-05-30 15:28:47 - [MESSAGE][INFO] - HAR: C:\Users\nttuan\Downloads\CDNC\mattermost-testing\Reports\20210530_152827\Run all test cases\20210530_152827\requests\main\16.har

2021-05-30 15:28:47 - [MESSAGE][PASSED] - Send request successfully

2021-05-30 15:28:47 - [MESSAGE][PASSED] - All links are accessible

2021-05-30 15:28:47 - [MESSAGE][PASSED] - Call Test Case 'Test Cases/Common Test Cases/Login' successfully

2021-05-30 15:28:47 - [TEST_STEP][PASSED] - verifyElementPresent(findTestObject("Page_Mattermost/label_Please enter your password"), 0): Object 'Object Repository/Page_Mattermost/label_Please enter your password' is present

2021-05-30 15:28:47 - [MESSAGE][WARNING] - Timeout '0' is invalid. Using default page load timeout: '30'

2021-05-30 15:28:47 - [MESSAGE][PASSED] - Object 'Object Repository/Page_Mattermost/label_Please enter your password' is present

2021-05-30 15:28:47 - [TEST_STEP][PASSED] - closeBrowser(): Browser is closed

2021-05-30 15:28:48 - [MESSAGE][PASSED] - Browser is closed]]></system-out>
         <system-err><![CDATA[]]></system-err>
      </testcase>
      <testcase name="Test Cases/Login/Verify login failed with empty username" time="6.123" classname="Test Cases/Login/Verify login failed with empty username" status="PASSED">
         <system-out><![CDATA[2021-05-30 15:28:48 - [TEST_CASE][PASSED] - Test Cases/Login/Verify login failed with empty username: Test Cases/Login/Verify login failed with empty username

2021-05-30 15:28:48 - [TEST_STEP][PASSED] - callTestCase(findTestCase("Common Test Cases/Login"), ["Username":findTestData("Internal Data for Login").getValue(1, 1), "Password":findTestData("Internal Data for Login").getValue(2, 1)], STOP_ON_FAILURE): Call Test Case 'Test Cases/Common Test Cases/Login' successfully

2021-05-30 15:28:49 - [TEST_CASE][PASSED] - Test Cases/Common Test Cases/Login: Test Cases/Common Test Cases/Login

2021-05-30 15:28:49 - [TEST_STEP][PASSED] - openBrowser(""): Browser is opened with url: ''

2021-05-30 15:28:49 - [MESSAGE][INFO] - Starting 'Chrome' driver

2021-05-30 15:28:49 - [MESSAGE][INFO] - Action delay is set to 0 milliseconds

2021-05-30 15:28:50 - [MESSAGE][PASSED] - Browser is opened with url: ''

2021-05-30 15:28:50 - [TEST_STEP][PASSED] - navigateToUrl("https://chudenangcao2021.cf/"): Navigate to 'https://chudenangcao2021.cf/' successfully

2021-05-30 15:28:51 - [MESSAGE][PASSED] - Navigate to 'https://chudenangcao2021.cf/' successfully

2021-05-30 15:28:51 - [TEST_STEP][PASSED] - setText(findTestObject("Object Repository/Page_Mattermost/input_All team communication in one place, _dcc84b"), Username): Text '' is set on object 'Object Repository/Page_Mattermost/input_All team communication in one place, _dcc84b'

2021-05-30 15:28:52 - [MESSAGE][PASSED] - Text '' is set on object 'Object Repository/Page_Mattermost/input_All team communication in one place, _dcc84b'

2021-05-30 15:28:52 - [TEST_STEP][PASSED] - setText(findTestObject("Object Repository/Page_Mattermost/input_All team communication in one place, _a3edc6"), Password): Text 'Tung@123456' is set on object 'Object Repository/Page_Mattermost/input_All team communication in one place, _a3edc6'

2021-05-30 15:28:53 - [MESSAGE][PASSED] - Text 'Tung@123456' is set on object 'Object Repository/Page_Mattermost/input_All team communication in one place, _a3edc6'

2021-05-30 15:28:53 - [TEST_STEP][PASSED] - click(findTestObject("Object Repository/Page_Mattermost/button_Sign in")): Object: 'Object Repository/Page_Mattermost/button_Sign in' is clicked on

2021-05-30 15:28:53 - [MESSAGE][PASSED] - Object: 'Object Repository/Page_Mattermost/button_Sign in' is clicked on

2021-05-30 15:28:53 - [TEST_STEP][PASSED] - verifyLinksAccessible(["https://chudenangcao2021.cf/cdnc-cnpm-2021/channels"]): All links are accessible

2021-05-30 15:28:53 - [MESSAGE][INFO] - HAR: C:\Users\nttuan\Downloads\CDNC\mattermost-testing\Reports\20210530_152827\Run all test cases\20210530_152827\requests\main\17.har

2021-05-30 15:28:53 - [MESSAGE][PASSED] - Send request successfully

2021-05-30 15:28:53 - [MESSAGE][PASSED] - All links are accessible

2021-05-30 15:28:53 - [MESSAGE][PASSED] - Call Test Case 'Test Cases/Common Test Cases/Login' successfully

2021-05-30 15:28:53 - [TEST_STEP][PASSED] - verifyElementPresent(findTestObject("Page_Mattermost/label_Please enter your email or username"), 0): Object 'Object Repository/Page_Mattermost/label_Please enter your email or username' is present

2021-05-30 15:28:53 - [MESSAGE][WARNING] - Timeout '0' is invalid. Using default page load timeout: '30'

2021-05-30 15:28:54 - [MESSAGE][PASSED] - Object 'Object Repository/Page_Mattermost/label_Please enter your email or username' is present

2021-05-30 15:28:54 - [TEST_STEP][PASSED] - closeBrowser(): Browser is closed

2021-05-30 15:28:54 - [MESSAGE][PASSED] - Browser is closed]]></system-out>
         <system-err><![CDATA[]]></system-err>
      </testcase>
      <testcase name="Test Cases/Login/Verify login failed with invalid password" time="6.244" classname="Test Cases/Login/Verify login failed with invalid password" status="PASSED">
         <system-out><![CDATA[2021-05-30 15:28:54 - [TEST_CASE][PASSED] - Test Cases/Login/Verify login failed with invalid password: Test Cases/Login/Verify login failed with invalid password

2021-05-30 15:28:55 - [TEST_STEP][PASSED] - callTestCase(findTestCase("Common Test Cases/Login"), ["Username":findTestData("Internal Data for Login").getValue(1, 4), "Password":findTestData("Internal Data for Login").getValue(2, 4)], STOP_ON_FAILURE): Call Test Case 'Test Cases/Common Test Cases/Login' successfully

2021-05-30 15:28:55 - [TEST_CASE][PASSED] - Test Cases/Common Test Cases/Login: Test Cases/Common Test Cases/Login

2021-05-30 15:28:55 - [TEST_STEP][PASSED] - openBrowser(""): Browser is opened with url: ''

2021-05-30 15:28:55 - [MESSAGE][INFO] - Starting 'Chrome' driver

2021-05-30 15:28:55 - [MESSAGE][INFO] - Action delay is set to 0 milliseconds

2021-05-30 15:28:56 - [MESSAGE][PASSED] - Browser is opened with url: ''

2021-05-30 15:28:56 - [TEST_STEP][PASSED] - navigateToUrl("https://chudenangcao2021.cf/"): Navigate to 'https://chudenangcao2021.cf/' successfully

2021-05-30 15:28:57 - [MESSAGE][PASSED] - Navigate to 'https://chudenangcao2021.cf/' successfully

2021-05-30 15:28:57 - [TEST_STEP][PASSED] - setText(findTestObject("Object Repository/Page_Mattermost/input_All team communication in one place, _dcc84b"), Username): Text 'nguyenvana' is set on object 'Object Repository/Page_Mattermost/input_All team communication in one place, _dcc84b'

2021-05-30 15:28:58 - [MESSAGE][PASSED] - Text 'nguyenvana' is set on object 'Object Repository/Page_Mattermost/input_All team communication in one place, _dcc84b'

2021-05-30 15:28:58 - [TEST_STEP][PASSED] - setText(findTestObject("Object Repository/Page_Mattermost/input_All team communication in one place, _a3edc6"), Password): Text 'Tung@123456789' is set on object 'Object Repository/Page_Mattermost/input_All team communication in one place, _a3edc6'

2021-05-30 15:28:59 - [MESSAGE][PASSED] - Text 'Tung@123456789' is set on object 'Object Repository/Page_Mattermost/input_All team communication in one place, _a3edc6'

2021-05-30 15:28:59 - [TEST_STEP][PASSED] - click(findTestObject("Object Repository/Page_Mattermost/button_Sign in")): Object: 'Object Repository/Page_Mattermost/button_Sign in' is clicked on

2021-05-30 15:28:59 - [MESSAGE][PASSED] - Object: 'Object Repository/Page_Mattermost/button_Sign in' is clicked on

2021-05-30 15:28:59 - [TEST_STEP][PASSED] - verifyLinksAccessible(["https://chudenangcao2021.cf/cdnc-cnpm-2021/channels"]): All links are accessible

2021-05-30 15:28:59 - [MESSAGE][INFO] - HAR: C:\Users\nttuan\Downloads\CDNC\mattermost-testing\Reports\20210530_152827\Run all test cases\20210530_152827\requests\main\18.har

2021-05-30 15:28:59 - [MESSAGE][PASSED] - Send request successfully

2021-05-30 15:28:59 - [MESSAGE][PASSED] - All links are accessible

2021-05-30 15:28:59 - [MESSAGE][PASSED] - Call Test Case 'Test Cases/Common Test Cases/Login' successfully

2021-05-30 15:28:59 - [TEST_STEP][PASSED] - verifyElementPresent(findTestObject("Page_Mattermost/label_Enter a valid email or username andor password"), 0): Object 'Object Repository/Page_Mattermost/label_Enter a valid email or username andor password' is present

2021-05-30 15:28:59 - [MESSAGE][WARNING] - Timeout '0' is invalid. Using default page load timeout: '30'

2021-05-30 15:29:00 - [MESSAGE][PASSED] - Object 'Object Repository/Page_Mattermost/label_Enter a valid email or username andor password' is present

2021-05-30 15:29:00 - [TEST_STEP][PASSED] - closeBrowser(): Browser is closed

2021-05-30 15:29:01 - [MESSAGE][PASSED] - Browser is closed]]></system-out>
         <system-err><![CDATA[]]></system-err>
      </testcase>
      <testcase name="Test Cases/Login/Verify login failed with invalid username" time="6.054" classname="Test Cases/Login/Verify login failed with invalid username" status="PASSED">
         <system-out><![CDATA[2021-05-30 15:29:01 - [TEST_CASE][PASSED] - Test Cases/Login/Verify login failed with invalid username: Test Cases/Login/Verify login failed with invalid username

2021-05-30 15:29:01 - [TEST_STEP][PASSED] - callTestCase(findTestCase("Common Test Cases/Login"), ["Username":findTestData("Internal Data for Login").getValue(1, 3), "Password":findTestData("Internal Data for Login").getValue(2, 3)], STOP_ON_FAILURE): Call Test Case 'Test Cases/Common Test Cases/Login' successfully

2021-05-30 15:29:01 - [TEST_CASE][PASSED] - Test Cases/Common Test Cases/Login: Test Cases/Common Test Cases/Login

2021-05-30 15:29:01 - [TEST_STEP][PASSED] - openBrowser(""): Browser is opened with url: ''

2021-05-30 15:29:01 - [MESSAGE][INFO] - Starting 'Chrome' driver

2021-05-30 15:29:01 - [MESSAGE][INFO] - Action delay is set to 0 milliseconds

2021-05-30 15:29:02 - [MESSAGE][PASSED] - Browser is opened with url: ''

2021-05-30 15:29:02 - [TEST_STEP][PASSED] - navigateToUrl("https://chudenangcao2021.cf/"): Navigate to 'https://chudenangcao2021.cf/' successfully

2021-05-30 15:29:03 - [MESSAGE][PASSED] - Navigate to 'https://chudenangcao2021.cf/' successfully

2021-05-30 15:29:03 - [TEST_STEP][PASSED] - setText(findTestObject("Object Repository/Page_Mattermost/input_All team communication in one place, _dcc84b"), Username): Text 'nguyenvanaaaa' is set on object 'Object Repository/Page_Mattermost/input_All team communication in one place, _dcc84b'

2021-05-30 15:29:04 - [MESSAGE][PASSED] - Text 'nguyenvanaaaa' is set on object 'Object Repository/Page_Mattermost/input_All team communication in one place, _dcc84b'

2021-05-30 15:29:04 - [TEST_STEP][PASSED] - setText(findTestObject("Object Repository/Page_Mattermost/input_All team communication in one place, _a3edc6"), Password): Text 'Tung@123456' is set on object 'Object Repository/Page_Mattermost/input_All team communication in one place, _a3edc6'

2021-05-30 15:29:05 - [MESSAGE][PASSED] - Text 'Tung@123456' is set on object 'Object Repository/Page_Mattermost/input_All team communication in one place, _a3edc6'

2021-05-30 15:29:05 - [TEST_STEP][PASSED] - click(findTestObject("Object Repository/Page_Mattermost/button_Sign in")): Object: 'Object Repository/Page_Mattermost/button_Sign in' is clicked on

2021-05-30 15:29:05 - [MESSAGE][PASSED] - Object: 'Object Repository/Page_Mattermost/button_Sign in' is clicked on

2021-05-30 15:29:05 - [TEST_STEP][PASSED] - verifyLinksAccessible(["https://chudenangcao2021.cf/cdnc-cnpm-2021/channels"]): All links are accessible

2021-05-30 15:29:05 - [MESSAGE][INFO] - HAR: C:\Users\nttuan\Downloads\CDNC\mattermost-testing\Reports\20210530_152827\Run all test cases\20210530_152827\requests\main\19.har

2021-05-30 15:29:05 - [MESSAGE][PASSED] - Send request successfully

2021-05-30 15:29:05 - [MESSAGE][PASSED] - All links are accessible

2021-05-30 15:29:05 - [MESSAGE][PASSED] - Call Test Case 'Test Cases/Common Test Cases/Login' successfully

2021-05-30 15:29:05 - [TEST_STEP][PASSED] - verifyElementPresent(findTestObject("Page_Mattermost/label_Enter a valid email or username andor password"), 0): Object 'Object Repository/Page_Mattermost/label_Enter a valid email or username andor password' is present

2021-05-30 15:29:06 - [MESSAGE][WARNING] - Timeout '0' is invalid. Using default page load timeout: '30'

2021-05-30 15:29:06 - [MESSAGE][PASSED] - Object 'Object Repository/Page_Mattermost/label_Enter a valid email or username andor password' is present

2021-05-30 15:29:06 - [TEST_STEP][PASSED] - closeBrowser(): Browser is closed

2021-05-30 15:29:07 - [MESSAGE][PASSED] - Browser is closed]]></system-out>
         <system-err><![CDATA[]]></system-err>
      </testcase>
      <testcase name="Test Cases/Login/Verify successful login" time="7.351" classname="Test Cases/Login/Verify successful login" status="PASSED">
         <system-out><![CDATA[2021-05-30 15:29:07 - [TEST_CASE][PASSED] - Test Cases/Login/Verify successful login: Test Cases/Login/Verify successful login

2021-05-30 15:29:07 - [TEST_STEP][PASSED] - callTestCase(findTestCase("Common Test Cases/Login"), ["Username":findTestData("Internal Data for Login").getValue(1, 5), "Password":findTestData("Internal Data for Login").getValue(2, 5)], STOP_ON_FAILURE): Call Test Case 'Test Cases/Common Test Cases/Login' successfully

2021-05-30 15:29:07 - [TEST_CASE][PASSED] - Test Cases/Common Test Cases/Login: Test Cases/Common Test Cases/Login

2021-05-30 15:29:07 - [TEST_STEP][PASSED] - openBrowser(""): Browser is opened with url: ''

2021-05-30 15:29:07 - [MESSAGE][INFO] - Starting 'Chrome' driver

2021-05-30 15:29:07 - [MESSAGE][INFO] - Action delay is set to 0 milliseconds

2021-05-30 15:29:08 - [MESSAGE][PASSED] - Browser is opened with url: ''

2021-05-30 15:29:08 - [TEST_STEP][PASSED] - navigateToUrl("https://chudenangcao2021.cf/"): Navigate to 'https://chudenangcao2021.cf/' successfully

2021-05-30 15:29:09 - [MESSAGE][PASSED] - Navigate to 'https://chudenangcao2021.cf/' successfully

2021-05-30 15:29:09 - [TEST_STEP][PASSED] - setText(findTestObject("Object Repository/Page_Mattermost/input_All team communication in one place, _dcc84b"), Username): Text 'nguyenvana' is set on object 'Object Repository/Page_Mattermost/input_All team communication in one place, _dcc84b'

2021-05-30 15:29:10 - [MESSAGE][PASSED] - Text 'nguyenvana' is set on object 'Object Repository/Page_Mattermost/input_All team communication in one place, _dcc84b'

2021-05-30 15:29:10 - [TEST_STEP][PASSED] - setText(findTestObject("Object Repository/Page_Mattermost/input_All team communication in one place, _a3edc6"), Password): Text 'Tung@123456' is set on object 'Object Repository/Page_Mattermost/input_All team communication in one place, _a3edc6'

2021-05-30 15:29:11 - [MESSAGE][PASSED] - Text 'Tung@123456' is set on object 'Object Repository/Page_Mattermost/input_All team communication in one place, _a3edc6'

2021-05-30 15:29:11 - [TEST_STEP][PASSED] - click(findTestObject("Object Repository/Page_Mattermost/button_Sign in")): Object: 'Object Repository/Page_Mattermost/button_Sign in' is clicked on

2021-05-30 15:29:11 - [MESSAGE][PASSED] - Object: 'Object Repository/Page_Mattermost/button_Sign in' is clicked on

2021-05-30 15:29:11 - [TEST_STEP][PASSED] - verifyLinksAccessible(["https://chudenangcao2021.cf/cdnc-cnpm-2021/channels"]): All links are accessible

2021-05-30 15:29:11 - [MESSAGE][INFO] - HAR: C:\Users\nttuan\Downloads\CDNC\mattermost-testing\Reports\20210530_152827\Run all test cases\20210530_152827\requests\main\20.har

2021-05-30 15:29:11 - [MESSAGE][PASSED] - Send request successfully

2021-05-30 15:29:11 - [MESSAGE][PASSED] - All links are accessible

2021-05-30 15:29:11 - [MESSAGE][PASSED] - Call Test Case 'Test Cases/Common Test Cases/Login' successfully

2021-05-30 15:29:11 - [TEST_STEP][PASSED] - verifyElementPresent(findTestObject("Page_Town Square - TEAM NAME Mattermost/div_CHANNELS"), 0): Object 'Object Repository/Page_Town Square - TEAM NAME Mattermost/div_CHANNELS' is present

2021-05-30 15:29:11 - [MESSAGE][WARNING] - Timeout '0' is invalid. Using default page load timeout: '30'

2021-05-30 15:29:13 - [MESSAGE][PASSED] - Object 'Object Repository/Page_Town Square - TEAM NAME Mattermost/div_CHANNELS' is present

2021-05-30 15:29:13 - [TEST_STEP][PASSED] - verifyElementPresent(findTestObject("Page_Town Square - TEAM NAME Mattermost/div_DIRECT MESSAGES"), 0): Object 'Object Repository/Page_Town Square - TEAM NAME Mattermost/div_DIRECT MESSAGES' is present

2021-05-30 15:29:13 - [MESSAGE][WARNING] - Timeout '0' is invalid. Using default page load timeout: '30'

2021-05-30 15:29:13 - [MESSAGE][PASSED] - Object 'Object Repository/Page_Town Square - TEAM NAME Mattermost/div_DIRECT MESSAGES' is present

2021-05-30 15:29:13 - [TEST_STEP][PASSED] - closeBrowser(): Browser is closed

2021-05-30 15:29:14 - [MESSAGE][PASSED] - Browser is closed]]></system-out>
         <system-err><![CDATA[]]></system-err>
      </testcase>
      <testcase name="Test Cases/SwitchCaseTest/ChangeLanguge" time="10.045" classname="Test Cases/SwitchCaseTest/ChangeLanguge" status="PASSED">
         <system-out><![CDATA[2021-05-30 15:29:14 - [TEST_CASE][PASSED] - Test Cases/SwitchCaseTest/ChangeLanguge: Test Cases/SwitchCaseTest/ChangeLanguge

2021-05-30 15:29:14 - [TEST_STEP][PASSED] - callTestCase(findTestCase("Test Cases/Common Test Cases/Login"), ["username":username, "password":password], STOP_ON_FAILURE): Call Test Case 'Test Cases/Common Test Cases/Login' successfully

2021-05-30 15:29:14 - [TEST_CASE][PASSED] - Test Cases/Common Test Cases/Login: Test Cases/Common Test Cases/Login

2021-05-30 15:29:14 - [TEST_STEP][PASSED] - openBrowser(""): Browser is opened with url: ''

2021-05-30 15:29:14 - [MESSAGE][INFO] - Starting 'Chrome' driver

2021-05-30 15:29:14 - [MESSAGE][INFO] - Action delay is set to 0 milliseconds

2021-05-30 15:29:16 - [MESSAGE][PASSED] - Browser is opened with url: ''

2021-05-30 15:29:16 - [TEST_STEP][PASSED] - navigateToUrl("https://chudenangcao2021.cf/"): Navigate to 'https://chudenangcao2021.cf/' successfully

2021-05-30 15:29:16 - [MESSAGE][PASSED] - Navigate to 'https://chudenangcao2021.cf/' successfully

2021-05-30 15:29:16 - [TEST_STEP][PASSED] - setText(findTestObject("Object Repository/Page_Mattermost/input_All team communication in one place, _dcc84b"), Username): Text 'Minhvu12918' is set on object 'Object Repository/Page_Mattermost/input_All team communication in one place, _dcc84b'

2021-05-30 15:29:18 - [MESSAGE][PASSED] - Text 'Minhvu12918' is set on object 'Object Repository/Page_Mattermost/input_All team communication in one place, _dcc84b'

2021-05-30 15:29:18 - [TEST_STEP][PASSED] - setText(findTestObject("Object Repository/Page_Mattermost/input_All team communication in one place, _a3edc6"), Password): Text 'Minhvuabc2@' is set on object 'Object Repository/Page_Mattermost/input_All team communication in one place, _a3edc6'

2021-05-30 15:29:18 - [MESSAGE][PASSED] - Text 'Minhvuabc2@' is set on object 'Object Repository/Page_Mattermost/input_All team communication in one place, _a3edc6'

2021-05-30 15:29:18 - [TEST_STEP][PASSED] - click(findTestObject("Object Repository/Page_Mattermost/button_Sign in")): Object: 'Object Repository/Page_Mattermost/button_Sign in' is clicked on

2021-05-30 15:29:19 - [MESSAGE][PASSED] - Object: 'Object Repository/Page_Mattermost/button_Sign in' is clicked on

2021-05-30 15:29:19 - [TEST_STEP][PASSED] - verifyLinksAccessible(["https://chudenangcao2021.cf/cdnc-cnpm-2021/channels"]): All links are accessible

2021-05-30 15:29:19 - [MESSAGE][INFO] - HAR: C:\Users\nttuan\Downloads\CDNC\mattermost-testing\Reports\20210530_152827\Run all test cases\20210530_152827\requests\main\21.har

2021-05-30 15:29:19 - [MESSAGE][PASSED] - Send request successfully

2021-05-30 15:29:19 - [MESSAGE][PASSED] - All links are accessible

2021-05-30 15:29:19 - [MESSAGE][PASSED] - Call Test Case 'Test Cases/Common Test Cases/Login' successfully

2021-05-30 15:29:19 - [TEST_STEP][PASSED] - click(findTestObject("Object Repository/IFObject/Page_TEST CHANNEL - TEAM NAME Mattermost/button_cxtuan_style--none sidebar-header-dropdown__icon")): Object: 'Object Repository/IFObject/Page_TEST CHANNEL - TEAM NAME Mattermost/button_cxtuan_style--none sidebar-header-dropdown__icon' is clicked on

2021-05-30 15:29:21 - [MESSAGE][PASSED] - Object: 'Object Repository/IFObject/Page_TEST CHANNEL - TEAM NAME Mattermost/button_cxtuan_style--none sidebar-header-dropdown__icon' is clicked on

2021-05-30 15:29:21 - [TEST_STEP][PASSED] - click(findTestObject("Object Repository/IFObject/Page_TEST CHANNEL - TEAM NAME Mattermost/button_Account Settings")): Object: 'Object Repository/IFObject/Page_TEST CHANNEL - TEAM NAME Mattermost/button_Account Settings' is clicked on

2021-05-30 15:29:21 - [MESSAGE][PASSED] - Object: 'Object Repository/IFObject/Page_TEST CHANNEL - TEAM NAME Mattermost/button_Account Settings' is clicked on

2021-05-30 15:29:21 - [TEST_STEP][PASSED] - lang = language: null

2021-05-30 15:29:21 - [TEST_STEP][PASSED] - click(findTestObject("Object Repository/SwitchCase/Change language/button_Display")): Object: 'Object Repository/SwitchCase/Change language/button_Display' is clicked on

2021-05-30 15:29:22 - [MESSAGE][PASSED] - Object: 'Object Repository/SwitchCase/Change language/button_Display' is clicked on

2021-05-30 15:29:22 - [TEST_STEP][PASSED] - click(findTestObject("Object Repository/SwitchCase/Change language/button_EditLanguage")): Object: 'Object Repository/SwitchCase/Change language/button_EditLanguage' is clicked on

2021-05-30 15:29:22 - [MESSAGE][PASSED] - Object: 'Object Repository/SwitchCase/Change language/button_EditLanguage' is clicked on

2021-05-30 15:29:22 - [TEST_STEP][PASSED] - click(findTestObject("Object Repository/SwitchCase/Change language/div_English")): Object: 'Object Repository/SwitchCase/Change language/div_English' is clicked on

2021-05-30 15:29:23 - [MESSAGE][PASSED] - Object: 'Object Repository/SwitchCase/Change language/div_English' is clicked on

2021-05-30 15:29:23 - [TEST_STEP][PASSED] - switch (lang): null

2021-05-30 15:29:23 - [TEST_STEP][PASSED] - case "Italiano":: null

2021-05-30 15:29:23 - [TEST_STEP][PASSED] - click(findTestObject("Object Repository/SwitchCase/Page_span_Town Square - TEAM NAME Mattermost/div_Italiano")): Object: 'Object Repository/SwitchCase/Page_span_Town Square - TEAM NAME Mattermost/div_Italiano' is clicked on

2021-05-30 15:29:23 - [MESSAGE][PASSED] - Object: 'Object Repository/SwitchCase/Page_span_Town Square - TEAM NAME Mattermost/div_Italiano' is clicked on

2021-05-30 15:29:23 - [TEST_STEP][PASSED] - break: null

2021-05-30 15:29:23 - [TEST_STEP][PASSED] - click(findTestObject("Object Repository/SwitchCase/Change language/button_Save")): Object: 'Object Repository/SwitchCase/Change language/button_Save' is clicked on

2021-05-30 15:29:24 - [MESSAGE][PASSED] - Object: 'Object Repository/SwitchCase/Change language/button_Save' is clicked on]]></system-out>
         <system-err><![CDATA[]]></system-err>
      </testcase>
      <testcase name="Test Cases/SwitchCaseTest/CallChangeDefaultLanguage" time="10.521" classname="Test Cases/SwitchCaseTest/CallChangeDefaultLanguage" status="PASSED">
         <system-out><![CDATA[2021-05-30 15:29:24 - [TEST_CASE][PASSED] - Test Cases/SwitchCaseTest/CallChangeDefaultLanguage: Test Cases/SwitchCaseTest/CallChangeDefaultLanguage

2021-05-30 15:29:24 - [TEST_STEP][PASSED] - callTestCase(findTestCase("SwitchCaseTest/ChangeLanguge"), ["username":"cxtuan", "password":"01672471821nT@", "language":"English"], STOP_ON_FAILURE): Call Test Case 'Test Cases/SwitchCaseTest/ChangeLanguge' successfully

2021-05-30 15:29:24 - [TEST_CASE][PASSED] - Test Cases/SwitchCaseTest/ChangeLanguge: Test Cases/SwitchCaseTest/ChangeLanguge

2021-05-30 15:29:24 - [TEST_STEP][PASSED] - callTestCase(findTestCase("Test Cases/Common Test Cases/Login"), ["username":username, "password":password], STOP_ON_FAILURE): Call Test Case 'Test Cases/Common Test Cases/Login' successfully

2021-05-30 15:29:24 - [TEST_CASE][PASSED] - Test Cases/Common Test Cases/Login: Test Cases/Common Test Cases/Login

2021-05-30 15:29:24 - [TEST_STEP][PASSED] - openBrowser(""): Browser is opened with url: ''

2021-05-30 15:29:24 - [MESSAGE][WARNING] - A browser is already opened. Closing browser and opening a new one

2021-05-30 15:29:25 - [MESSAGE][INFO] - Starting 'Chrome' driver

2021-05-30 15:29:25 - [MESSAGE][INFO] - Action delay is set to 0 milliseconds

2021-05-30 15:29:26 - [MESSAGE][PASSED] - Browser is opened with url: ''

2021-05-30 15:29:26 - [TEST_STEP][PASSED] - navigateToUrl("https://chudenangcao2021.cf/"): Navigate to 'https://chudenangcao2021.cf/' successfully

2021-05-30 15:29:27 - [MESSAGE][PASSED] - Navigate to 'https://chudenangcao2021.cf/' successfully

2021-05-30 15:29:27 - [TEST_STEP][PASSED] - setText(findTestObject("Object Repository/Page_Mattermost/input_All team communication in one place, _dcc84b"), Username): Text 'Minhvu12918' is set on object 'Object Repository/Page_Mattermost/input_All team communication in one place, _dcc84b'

2021-05-30 15:29:28 - [MESSAGE][PASSED] - Text 'Minhvu12918' is set on object 'Object Repository/Page_Mattermost/input_All team communication in one place, _dcc84b'

2021-05-30 15:29:28 - [TEST_STEP][PASSED] - setText(findTestObject("Object Repository/Page_Mattermost/input_All team communication in one place, _a3edc6"), Password): Text 'Minhvuabc2@' is set on object 'Object Repository/Page_Mattermost/input_All team communication in one place, _a3edc6'

2021-05-30 15:29:29 - [MESSAGE][PASSED] - Text 'Minhvuabc2@' is set on object 'Object Repository/Page_Mattermost/input_All team communication in one place, _a3edc6'

2021-05-30 15:29:29 - [TEST_STEP][PASSED] - click(findTestObject("Object Repository/Page_Mattermost/button_Sign in")): Object: 'Object Repository/Page_Mattermost/button_Sign in' is clicked on

2021-05-30 15:29:30 - [MESSAGE][PASSED] - Object: 'Object Repository/Page_Mattermost/button_Sign in' is clicked on

2021-05-30 15:29:30 - [TEST_STEP][PASSED] - verifyLinksAccessible(["https://chudenangcao2021.cf/cdnc-cnpm-2021/channels"]): All links are accessible

2021-05-30 15:29:30 - [MESSAGE][INFO] - HAR: C:\Users\nttuan\Downloads\CDNC\mattermost-testing\Reports\20210530_152827\Run all test cases\20210530_152827\requests\main\22.har

2021-05-30 15:29:30 - [MESSAGE][PASSED] - Send request successfully

2021-05-30 15:29:30 - [MESSAGE][PASSED] - All links are accessible

2021-05-30 15:29:30 - [MESSAGE][PASSED] - Call Test Case 'Test Cases/Common Test Cases/Login' successfully

2021-05-30 15:29:30 - [TEST_STEP][PASSED] - click(findTestObject("Object Repository/IFObject/Page_TEST CHANNEL - TEAM NAME Mattermost/button_cxtuan_style--none sidebar-header-dropdown__icon")): Object: 'Object Repository/IFObject/Page_TEST CHANNEL - TEAM NAME Mattermost/button_cxtuan_style--none sidebar-header-dropdown__icon' is clicked on

2021-05-30 15:29:31 - [MESSAGE][PASSED] - Object: 'Object Repository/IFObject/Page_TEST CHANNEL - TEAM NAME Mattermost/button_cxtuan_style--none sidebar-header-dropdown__icon' is clicked on

2021-05-30 15:29:31 - [TEST_STEP][PASSED] - click(findTestObject("Object Repository/IFObject/Page_TEST CHANNEL - TEAM NAME Mattermost/button_Account Settings")): Object: 'Object Repository/IFObject/Page_TEST CHANNEL - TEAM NAME Mattermost/button_Account Settings' is clicked on

2021-05-30 15:29:32 - [MESSAGE][PASSED] - Object: 'Object Repository/IFObject/Page_TEST CHANNEL - TEAM NAME Mattermost/button_Account Settings' is clicked on

2021-05-30 15:29:32 - [TEST_STEP][PASSED] - lang = language: null

2021-05-30 15:29:32 - [TEST_STEP][PASSED] - click(findTestObject("Object Repository/SwitchCase/Change language/button_Display")): Object: 'Object Repository/SwitchCase/Change language/button_Display' is clicked on

2021-05-30 15:29:32 - [MESSAGE][PASSED] - Object: 'Object Repository/SwitchCase/Change language/button_Display' is clicked on

2021-05-30 15:29:32 - [TEST_STEP][PASSED] - click(findTestObject("Object Repository/SwitchCase/Change language/button_EditLanguage")): Object: 'Object Repository/SwitchCase/Change language/button_EditLanguage' is clicked on

2021-05-30 15:29:33 - [MESSAGE][PASSED] - Object: 'Object Repository/SwitchCase/Change language/button_EditLanguage' is clicked on

2021-05-30 15:29:33 - [TEST_STEP][PASSED] - click(findTestObject("Object Repository/SwitchCase/Change language/div_English")): Object: 'Object Repository/SwitchCase/Change language/div_English' is clicked on

2021-05-30 15:29:33 - [MESSAGE][PASSED] - Object: 'Object Repository/SwitchCase/Change language/div_English' is clicked on

2021-05-30 15:29:33 - [TEST_STEP][PASSED] - switch (lang): Object: 'Object Repository/SwitchCase/Page_span_Town Square - TEAM NAME Mattermost/div_English' is clicked on

2021-05-30 15:29:33 - [TEST_STEP][PASSED] - Default: Object: 'Object Repository/SwitchCase/Page_span_Town Square - TEAM NAME Mattermost/div_English' is clicked on

2021-05-30 15:29:33 - [TEST_STEP][PASSED] - click(findTestObject("Object Repository/SwitchCase/Page_span_Town Square - TEAM NAME Mattermost/div_English")): Object: 'Object Repository/SwitchCase/Page_span_Town Square - TEAM NAME Mattermost/div_English' is clicked on

2021-05-30 15:29:34 - [MESSAGE][PASSED] - Object: 'Object Repository/SwitchCase/Page_span_Town Square - TEAM NAME Mattermost/div_English' is clicked on

2021-05-30 15:29:34 - [TEST_STEP][PASSED] - click(findTestObject("Object Repository/SwitchCase/Change language/button_Save")): Object: 'Object Repository/SwitchCase/Change language/button_Save' is clicked on

2021-05-30 15:29:35 - [MESSAGE][PASSED] - Object: 'Object Repository/SwitchCase/Change language/button_Save' is clicked on

2021-05-30 15:29:35 - [MESSAGE][PASSED] - Call Test Case 'Test Cases/SwitchCaseTest/ChangeLanguge' successfully]]></system-out>
         <system-err><![CDATA[]]></system-err>
      </testcase>
      <testcase name="Test Cases/SwitchCaseTest/ChangeNotificationEmail" time="11.483" classname="Test Cases/SwitchCaseTest/ChangeNotificationEmail" status="PASSED">
         <system-out><![CDATA[2021-05-30 15:29:35 - [TEST_CASE][PASSED] - Test Cases/SwitchCaseTest/ChangeNotificationEmail: Test Cases/SwitchCaseTest/ChangeNotificationEmail

2021-05-30 15:29:35 - [TEST_STEP][PASSED] - openBrowser(""): Browser is opened with url: ''

2021-05-30 15:29:35 - [MESSAGE][WARNING] - A browser is already opened. Closing browser and opening a new one

2021-05-30 15:29:36 - [MESSAGE][INFO] - Starting 'Chrome' driver

2021-05-30 15:29:36 - [MESSAGE][INFO] - Action delay is set to 0 milliseconds

2021-05-30 15:29:37 - [MESSAGE][PASSED] - Browser is opened with url: ''

2021-05-30 15:29:37 - [TEST_STEP][PASSED] - callTestCase(findTestCase("Test Cases/Common Test Cases/Login"), ["username":username, "password":password], STOP_ON_FAILURE): Call Test Case 'Test Cases/Common Test Cases/Login' successfully

2021-05-30 15:29:37 - [TEST_CASE][PASSED] - Test Cases/Common Test Cases/Login: Test Cases/Common Test Cases/Login

2021-05-30 15:29:37 - [TEST_STEP][PASSED] - openBrowser(""): Browser is opened with url: ''

2021-05-30 15:29:37 - [MESSAGE][WARNING] - A browser is already opened. Closing browser and opening a new one

2021-05-30 15:29:37 - [MESSAGE][INFO] - Starting 'Chrome' driver

2021-05-30 15:29:37 - [MESSAGE][INFO] - Action delay is set to 0 milliseconds

2021-05-30 15:29:39 - [MESSAGE][PASSED] - Browser is opened with url: ''

2021-05-30 15:29:39 - [TEST_STEP][PASSED] - navigateToUrl("https://chudenangcao2021.cf/"): Navigate to 'https://chudenangcao2021.cf/' successfully

2021-05-30 15:29:39 - [MESSAGE][PASSED] - Navigate to 'https://chudenangcao2021.cf/' successfully

2021-05-30 15:29:39 - [TEST_STEP][PASSED] - setText(findTestObject("Object Repository/Page_Mattermost/input_All team communication in one place, _dcc84b"), Username): Text 'Minhvu12918' is set on object 'Object Repository/Page_Mattermost/input_All team communication in one place, _dcc84b'

2021-05-30 15:29:41 - [MESSAGE][PASSED] - Text 'Minhvu12918' is set on object 'Object Repository/Page_Mattermost/input_All team communication in one place, _dcc84b'

2021-05-30 15:29:41 - [TEST_STEP][PASSED] - setText(findTestObject("Object Repository/Page_Mattermost/input_All team communication in one place, _a3edc6"), Password): Text 'Minhvuabc2@' is set on object 'Object Repository/Page_Mattermost/input_All team communication in one place, _a3edc6'

2021-05-30 15:29:41 - [MESSAGE][PASSED] - Text 'Minhvuabc2@' is set on object 'Object Repository/Page_Mattermost/input_All team communication in one place, _a3edc6'

2021-05-30 15:29:41 - [TEST_STEP][PASSED] - click(findTestObject("Object Repository/Page_Mattermost/button_Sign in")): Object: 'Object Repository/Page_Mattermost/button_Sign in' is clicked on

2021-05-30 15:29:42 - [MESSAGE][PASSED] - Object: 'Object Repository/Page_Mattermost/button_Sign in' is clicked on

2021-05-30 15:29:42 - [TEST_STEP][PASSED] - verifyLinksAccessible(["https://chudenangcao2021.cf/cdnc-cnpm-2021/channels"]): All links are accessible

2021-05-30 15:29:42 - [MESSAGE][INFO] - HAR: C:\Users\nttuan\Downloads\CDNC\mattermost-testing\Reports\20210530_152827\Run all test cases\20210530_152827\requests\main\23.har

2021-05-30 15:29:42 - [MESSAGE][PASSED] - Send request successfully

2021-05-30 15:29:42 - [MESSAGE][PASSED] - All links are accessible

2021-05-30 15:29:42 - [MESSAGE][PASSED] - Call Test Case 'Test Cases/Common Test Cases/Login' successfully

2021-05-30 15:29:42 - [TEST_STEP][PASSED] - click(findTestObject("Object Repository/SwitchCase/NotifyEmail/Page_span_Town Square - TEAM NAME Mattermost/span")): Object: 'Object Repository/SwitchCase/NotifyEmail/Page_span_Town Square - TEAM NAME Mattermost/span' is clicked on

2021-05-30 15:29:44 - [MESSAGE][PASSED] - Object: 'Object Repository/SwitchCase/NotifyEmail/Page_span_Town Square - TEAM NAME Mattermost/span' is clicked on

2021-05-30 15:29:44 - [TEST_STEP][PASSED] - click(findTestObject("Object Repository/SwitchCase/NotifyEmail/Page_span_Town Square - TEAM NAME Mattermost/button_Account Settings")): Object: 'Object Repository/SwitchCase/NotifyEmail/Page_span_Town Square - TEAM NAME Mattermost/button_Account Settings' is clicked on

2021-05-30 15:29:44 - [MESSAGE][PASSED] - Object: 'Object Repository/SwitchCase/NotifyEmail/Page_span_Town Square - TEAM NAME Mattermost/button_Account Settings' is clicked on

2021-05-30 15:29:44 - [TEST_STEP][PASSED] - click(findTestObject("Object Repository/SwitchCase/NotifyEmail/Page_span_Town Square - TEAM NAME Mattermost/button_Notifications")): Object: 'Object Repository/SwitchCase/NotifyEmail/Page_span_Town Square - TEAM NAME Mattermost/button_Notifications' is clicked on

2021-05-30 15:29:45 - [MESSAGE][PASSED] - Object: 'Object Repository/SwitchCase/NotifyEmail/Page_span_Town Square - TEAM NAME Mattermost/button_Notifications' is clicked on

2021-05-30 15:29:45 - [TEST_STEP][PASSED] - click(findTestObject("Object Repository/SwitchCase/NotifyEmail/Page_span_Town Square - TEAM NAME Mattermost/div_Email NotificationsEditImmediately")): Object: 'Object Repository/SwitchCase/NotifyEmail/Page_span_Town Square - TEAM NAME Mattermost/div_Email NotificationsEditImmediately' is clicked on

2021-05-30 15:29:45 - [MESSAGE][PASSED] - Object: 'Object Repository/SwitchCase/NotifyEmail/Page_span_Town Square - TEAM NAME Mattermost/div_Email NotificationsEditImmediately' is clicked on

2021-05-30 15:29:45 - [TEST_STEP][PASSED] - notify = notify: null

2021-05-30 15:29:45 - [TEST_STEP][PASSED] - switch (notify): null

2021-05-30 15:29:45 - [TEST_STEP][PASSED] - case "no":: null

2021-05-30 15:29:45 - [TEST_STEP][PASSED] - click(findTestObject("Object Repository/SwitchCase/NotifyEmail/Page_span_Town Square - TEAM NAME Mattermost/label_Never")): Object: 'Object Repository/SwitchCase/NotifyEmail/Page_span_Town Square - TEAM NAME Mattermost/label_Never' is clicked on

2021-05-30 15:29:46 - [MESSAGE][PASSED] - Object: 'Object Repository/SwitchCase/NotifyEmail/Page_span_Town Square - TEAM NAME Mattermost/label_Never' is clicked on

2021-05-30 15:29:46 - [TEST_STEP][PASSED] - break: null

2021-05-30 15:29:46 - [TEST_STEP][PASSED] - click(findTestObject("Object Repository/SwitchCase/NotifyEmail/Page_span_Town Square - TEAM NAME Mattermost/span_Save")): Object: 'Object Repository/SwitchCase/NotifyEmail/Page_span_Town Square - TEAM NAME Mattermost/span_Save' is clicked on

2021-05-30 15:29:46 - [MESSAGE][PASSED] - Object: 'Object Repository/SwitchCase/NotifyEmail/Page_span_Town Square - TEAM NAME Mattermost/span_Save' is clicked on]]></system-out>
         <system-err><![CDATA[]]></system-err>
      </testcase>
      <testcase name="Test Cases/SwitchCaseTest/CallChangeDefaultNotificationEmail" time="11.804" classname="Test Cases/SwitchCaseTest/CallChangeDefaultNotificationEmail" status="PASSED">
         <system-out><![CDATA[2021-05-30 15:29:46 - [TEST_CASE][PASSED] - Test Cases/SwitchCaseTest/CallChangeDefaultNotificationEmail: Test Cases/SwitchCaseTest/CallChangeDefaultNotificationEmail

2021-05-30 15:29:46 - [TEST_STEP][PASSED] - callTestCase(findTestCase("SwitchCaseTest/ChangeNotificationEmail"), ["username":"cxtuan", "password":"01672471821nT@", "notify":"yes"], STOP_ON_FAILURE): Call Test Case 'Test Cases/SwitchCaseTest/ChangeNotificationEmail' successfully

2021-05-30 15:29:46 - [TEST_CASE][PASSED] - Test Cases/SwitchCaseTest/ChangeNotificationEmail: Test Cases/SwitchCaseTest/ChangeNotificationEmail

2021-05-30 15:29:46 - [TEST_STEP][PASSED] - openBrowser(""): Browser is opened with url: ''

2021-05-30 15:29:46 - [MESSAGE][WARNING] - A browser is already opened. Closing browser and opening a new one

2021-05-30 15:29:47 - [MESSAGE][INFO] - Starting 'Chrome' driver

2021-05-30 15:29:47 - [MESSAGE][INFO] - Action delay is set to 0 milliseconds

2021-05-30 15:29:48 - [MESSAGE][PASSED] - Browser is opened with url: ''

2021-05-30 15:29:48 - [TEST_STEP][PASSED] - callTestCase(findTestCase("Test Cases/Common Test Cases/Login"), ["username":username, "password":password], STOP_ON_FAILURE): Call Test Case 'Test Cases/Common Test Cases/Login' successfully

2021-05-30 15:29:48 - [TEST_CASE][PASSED] - Test Cases/Common Test Cases/Login: Test Cases/Common Test Cases/Login

2021-05-30 15:29:48 - [TEST_STEP][PASSED] - openBrowser(""): Browser is opened with url: ''

2021-05-30 15:29:48 - [MESSAGE][WARNING] - A browser is already opened. Closing browser and opening a new one

2021-05-30 15:29:49 - [MESSAGE][INFO] - Starting 'Chrome' driver

2021-05-30 15:29:49 - [MESSAGE][INFO] - Action delay is set to 0 milliseconds

2021-05-30 15:29:51 - [MESSAGE][PASSED] - Browser is opened with url: ''

2021-05-30 15:29:51 - [TEST_STEP][PASSED] - navigateToUrl("https://chudenangcao2021.cf/"): Navigate to 'https://chudenangcao2021.cf/' successfully

2021-05-30 15:29:51 - [MESSAGE][PASSED] - Navigate to 'https://chudenangcao2021.cf/' successfully

2021-05-30 15:29:51 - [TEST_STEP][PASSED] - setText(findTestObject("Object Repository/Page_Mattermost/input_All team communication in one place, _dcc84b"), Username): Text 'Minhvu12918' is set on object 'Object Repository/Page_Mattermost/input_All team communication in one place, _dcc84b'

2021-05-30 15:29:52 - [MESSAGE][PASSED] - Text 'Minhvu12918' is set on object 'Object Repository/Page_Mattermost/input_All team communication in one place, _dcc84b'

2021-05-30 15:29:52 - [TEST_STEP][PASSED] - setText(findTestObject("Object Repository/Page_Mattermost/input_All team communication in one place, _a3edc6"), Password): Text 'Minhvuabc2@' is set on object 'Object Repository/Page_Mattermost/input_All team communication in one place, _a3edc6'

2021-05-30 15:29:53 - [MESSAGE][PASSED] - Text 'Minhvuabc2@' is set on object 'Object Repository/Page_Mattermost/input_All team communication in one place, _a3edc6'

2021-05-30 15:29:53 - [TEST_STEP][PASSED] - click(findTestObject("Object Repository/Page_Mattermost/button_Sign in")): Object: 'Object Repository/Page_Mattermost/button_Sign in' is clicked on

2021-05-30 15:29:54 - [MESSAGE][PASSED] - Object: 'Object Repository/Page_Mattermost/button_Sign in' is clicked on

2021-05-30 15:29:54 - [TEST_STEP][PASSED] - verifyLinksAccessible(["https://chudenangcao2021.cf/cdnc-cnpm-2021/channels"]): All links are accessible

2021-05-30 15:29:54 - [MESSAGE][INFO] - HAR: C:\Users\nttuan\Downloads\CDNC\mattermost-testing\Reports\20210530_152827\Run all test cases\20210530_152827\requests\main\24.har

2021-05-30 15:29:54 - [MESSAGE][PASSED] - Send request successfully

2021-05-30 15:29:54 - [MESSAGE][PASSED] - All links are accessible

2021-05-30 15:29:54 - [MESSAGE][PASSED] - Call Test Case 'Test Cases/Common Test Cases/Login' successfully

2021-05-30 15:29:54 - [TEST_STEP][PASSED] - click(findTestObject("Object Repository/SwitchCase/NotifyEmail/Page_span_Town Square - TEAM NAME Mattermost/span")): Object: 'Object Repository/SwitchCase/NotifyEmail/Page_span_Town Square - TEAM NAME Mattermost/span' is clicked on

2021-05-30 15:29:55 - [MESSAGE][PASSED] - Object: 'Object Repository/SwitchCase/NotifyEmail/Page_span_Town Square - TEAM NAME Mattermost/span' is clicked on

2021-05-30 15:29:55 - [TEST_STEP][PASSED] - click(findTestObject("Object Repository/SwitchCase/NotifyEmail/Page_span_Town Square - TEAM NAME Mattermost/button_Account Settings")): Object: 'Object Repository/SwitchCase/NotifyEmail/Page_span_Town Square - TEAM NAME Mattermost/button_Account Settings' is clicked on

2021-05-30 15:29:56 - [MESSAGE][PASSED] - Object: 'Object Repository/SwitchCase/NotifyEmail/Page_span_Town Square - TEAM NAME Mattermost/button_Account Settings' is clicked on

2021-05-30 15:29:56 - [TEST_STEP][PASSED] - click(findTestObject("Object Repository/SwitchCase/NotifyEmail/Page_span_Town Square - TEAM NAME Mattermost/button_Notifications")): Object: 'Object Repository/SwitchCase/NotifyEmail/Page_span_Town Square - TEAM NAME Mattermost/button_Notifications' is clicked on

2021-05-30 15:29:56 - [MESSAGE][PASSED] - Object: 'Object Repository/SwitchCase/NotifyEmail/Page_span_Town Square - TEAM NAME Mattermost/button_Notifications' is clicked on

2021-05-30 15:29:56 - [TEST_STEP][PASSED] - click(findTestObject("Object Repository/SwitchCase/NotifyEmail/Page_span_Town Square - TEAM NAME Mattermost/div_Email NotificationsEditImmediately")): Object: 'Object Repository/SwitchCase/NotifyEmail/Page_span_Town Square - TEAM NAME Mattermost/div_Email NotificationsEditImmediately' is clicked on

2021-05-30 15:29:57 - [MESSAGE][PASSED] - Object: 'Object Repository/SwitchCase/NotifyEmail/Page_span_Town Square - TEAM NAME Mattermost/div_Email NotificationsEditImmediately' is clicked on

2021-05-30 15:29:57 - [TEST_STEP][PASSED] - notify = notify: null

2021-05-30 15:29:57 - [TEST_STEP][PASSED] - switch (notify): null

2021-05-30 15:29:57 - [TEST_STEP][PASSED] - case "yes":: null

2021-05-30 15:29:57 - [TEST_STEP][PASSED] - click(findTestObject("Object Repository/SwitchCase/NotifyEmail/Page_span_Town Square - TEAM NAME Mattermost/label_Immediately")): Object: 'Object Repository/SwitchCase/NotifyEmail/Page_span_Town Square - TEAM NAME Mattermost/label_Immediately' is clicked on

2021-05-30 15:29:57 - [MESSAGE][PASSED] - Object: 'Object Repository/SwitchCase/NotifyEmail/Page_span_Town Square - TEAM NAME Mattermost/label_Immediately' is clicked on

2021-05-30 15:29:57 - [TEST_STEP][PASSED] - break: null

2021-05-30 15:29:57 - [TEST_STEP][PASSED] - click(findTestObject("Object Repository/SwitchCase/NotifyEmail/Page_span_Town Square - TEAM NAME Mattermost/span_Save")): Object: 'Object Repository/SwitchCase/NotifyEmail/Page_span_Town Square - TEAM NAME Mattermost/span_Save' is clicked on

2021-05-30 15:29:58 - [MESSAGE][PASSED] - Object: 'Object Repository/SwitchCase/NotifyEmail/Page_span_Town Square - TEAM NAME Mattermost/span_Save' is clicked on

2021-05-30 15:29:58 - [MESSAGE][PASSED] - Call Test Case 'Test Cases/SwitchCaseTest/ChangeNotificationEmail' successfully]]></system-out>
         <system-err><![CDATA[]]></system-err>
      </testcase>
      <testcase name="Test Cases/SwitchCaseTest/NumberOfDirectMessages" time="10.766" classname="Test Cases/SwitchCaseTest/NumberOfDirectMessages" status="PASSED">
         <system-out><![CDATA[2021-05-30 15:29:58 - [TEST_CASE][PASSED] - Test Cases/SwitchCaseTest/NumberOfDirectMessages: Test Cases/SwitchCaseTest/NumberOfDirectMessages

2021-05-30 15:29:58 - [TEST_STEP][PASSED] - callTestCase(findTestCase("Common Test Cases/Login"), ["Username":"nttuan", "Password":"12345678zZ@"], STOP_ON_FAILURE): Call Test Case 'Test Cases/Common Test Cases/Login' successfully

2021-05-30 15:29:58 - [TEST_CASE][PASSED] - Test Cases/Common Test Cases/Login: Test Cases/Common Test Cases/Login

2021-05-30 15:29:58 - [TEST_STEP][PASSED] - openBrowser(""): Browser is opened with url: ''

2021-05-30 15:29:58 - [MESSAGE][WARNING] - A browser is already opened. Closing browser and opening a new one

2021-05-30 15:29:59 - [MESSAGE][INFO] - Starting 'Chrome' driver

2021-05-30 15:29:59 - [MESSAGE][INFO] - Action delay is set to 0 milliseconds

2021-05-30 15:30:00 - [MESSAGE][PASSED] - Browser is opened with url: ''

2021-05-30 15:30:00 - [TEST_STEP][PASSED] - navigateToUrl("https://chudenangcao2021.cf/"): Navigate to 'https://chudenangcao2021.cf/' successfully

2021-05-30 15:30:01 - [MESSAGE][PASSED] - Navigate to 'https://chudenangcao2021.cf/' successfully

2021-05-30 15:30:01 - [TEST_STEP][PASSED] - setText(findTestObject("Object Repository/Page_Mattermost/input_All team communication in one place, _dcc84b"), Username): Text 'nttuan' is set on object 'Object Repository/Page_Mattermost/input_All team communication in one place, _dcc84b'

2021-05-30 15:30:02 - [MESSAGE][PASSED] - Text 'nttuan' is set on object 'Object Repository/Page_Mattermost/input_All team communication in one place, _dcc84b'

2021-05-30 15:30:02 - [TEST_STEP][PASSED] - setText(findTestObject("Object Repository/Page_Mattermost/input_All team communication in one place, _a3edc6"), Password): Text '12345678zZ@' is set on object 'Object Repository/Page_Mattermost/input_All team communication in one place, _a3edc6'

2021-05-30 15:30:03 - [MESSAGE][PASSED] - Text '12345678zZ@' is set on object 'Object Repository/Page_Mattermost/input_All team communication in one place, _a3edc6'

2021-05-30 15:30:03 - [TEST_STEP][PASSED] - click(findTestObject("Object Repository/Page_Mattermost/button_Sign in")): Object: 'Object Repository/Page_Mattermost/button_Sign in' is clicked on

2021-05-30 15:30:03 - [MESSAGE][PASSED] - Object: 'Object Repository/Page_Mattermost/button_Sign in' is clicked on

2021-05-30 15:30:03 - [TEST_STEP][PASSED] - verifyLinksAccessible(["https://chudenangcao2021.cf/cdnc-cnpm-2021/channels"]): All links are accessible

2021-05-30 15:30:03 - [MESSAGE][INFO] - HAR: C:\Users\nttuan\Downloads\CDNC\mattermost-testing\Reports\20210530_152827\Run all test cases\20210530_152827\requests\main\25.har

2021-05-30 15:30:03 - [MESSAGE][PASSED] - Send request successfully

2021-05-30 15:30:03 - [MESSAGE][PASSED] - All links are accessible

2021-05-30 15:30:03 - [MESSAGE][PASSED] - Call Test Case 'Test Cases/Common Test Cases/Login' successfully

2021-05-30 15:30:03 - [TEST_STEP][PASSED] - click(findTestObject("Object Repository/SwitchCase/NumberOfDirectMessages/Page_span_Town Square - TEAM NAME Mattermost/button_nttuan_style--none sidebar-header-dr_897f13")): Object: 'Object Repository/SwitchCase/NumberOfDirectMessages/Page_span_Town Square - TEAM NAME Mattermost/button_nttuan_style--none sidebar-header-dr_897f13' is clicked on

2021-05-30 15:30:05 - [MESSAGE][PASSED] - Object: 'Object Repository/SwitchCase/NumberOfDirectMessages/Page_span_Town Square - TEAM NAME Mattermost/button_nttuan_style--none sidebar-header-dr_897f13' is clicked on

2021-05-30 15:30:05 - [TEST_STEP][PASSED] - click(findTestObject("Object Repository/SwitchCase/NumberOfDirectMessages/Page_span_Town Square - TEAM NAME Mattermost/span_Account Settings")): Object: 'Object Repository/SwitchCase/NumberOfDirectMessages/Page_span_Town Square - TEAM NAME Mattermost/span_Account Settings' is clicked on

2021-05-30 15:30:05 - [MESSAGE][PASSED] - Object: 'Object Repository/SwitchCase/NumberOfDirectMessages/Page_span_Town Square - TEAM NAME Mattermost/span_Account Settings' is clicked on

2021-05-30 15:30:05 - [TEST_STEP][PASSED] - click(findTestObject("Object Repository/SwitchCase/NumberOfDirectMessages/Page_span_Town Square - TEAM NAME Mattermost/button_Sidebar")): Object: 'Object Repository/SwitchCase/NumberOfDirectMessages/Page_span_Town Square - TEAM NAME Mattermost/button_Sidebar' is clicked on

2021-05-30 15:30:06 - [MESSAGE][PASSED] - Object: 'Object Repository/SwitchCase/NumberOfDirectMessages/Page_span_Town Square - TEAM NAME Mattermost/button_Sidebar' is clicked on

2021-05-30 15:30:06 - [TEST_STEP][PASSED] - click(findTestObject("Object Repository/SwitchCase/NumberOfDirectMessages/Page_span_Town Square - TEAM NAME Mattermost/span_Edit")): Object: 'Object Repository/SwitchCase/NumberOfDirectMessages/Page_span_Town Square - TEAM NAME Mattermost/span_Edit' is clicked on

2021-05-30 15:30:06 - [MESSAGE][PASSED] - Object: 'Object Repository/SwitchCase/NumberOfDirectMessages/Page_span_Town Square - TEAM NAME Mattermost/span_Edit' is clicked on

2021-05-30 15:30:06 - [TEST_STEP][PASSED] - click(findTestObject("SwitchCase/NumberOfDirectMessages/Page_span_Town Square - TEAM NAME Mattermost/div_All Direct Messages_css-1thkkgx")): Object: 'Object Repository/SwitchCase/NumberOfDirectMessages/Page_span_Town Square - TEAM NAME Mattermost/div_All Direct Messages_css-1thkkgx' is clicked on

2021-05-30 15:30:07 - [MESSAGE][PASSED] - Object: 'Object Repository/SwitchCase/NumberOfDirectMessages/Page_span_Town Square - TEAM NAME Mattermost/div_All Direct Messages_css-1thkkgx' is clicked on

2021-05-30 15:30:07 - [TEST_STEP][PASSED] - switch (nMessage): null

2021-05-30 15:30:07 - [TEST_STEP][PASSED] - case 40:: null

2021-05-30 15:30:07 - [TEST_STEP][PASSED] - click(findTestObject("Object Repository/SwitchCase/NumberOfDirectMessages/Page_span_Town Square - TEAM NAME Mattermost/div_20")): Object: 'Object Repository/SwitchCase/NumberOfDirectMessages/Page_span_Town Square - TEAM NAME Mattermost/div_20' is clicked on

2021-05-30 15:30:07 - [MESSAGE][PASSED] - Object: 'Object Repository/SwitchCase/NumberOfDirectMessages/Page_span_Town Square - TEAM NAME Mattermost/div_20' is clicked on

2021-05-30 15:30:07 - [TEST_STEP][PASSED] - break: null

2021-05-30 15:30:07 - [TEST_STEP][PASSED] - click(findTestObject("Object Repository/SwitchCase/NumberOfDirectMessages/Page_span_Town Square - TEAM NAME Mattermost/button_Save")): Object: 'Object Repository/SwitchCase/NumberOfDirectMessages/Page_span_Town Square - TEAM NAME Mattermost/button_Save' is clicked on

2021-05-30 15:30:08 - [MESSAGE][PASSED] - Object: 'Object Repository/SwitchCase/NumberOfDirectMessages/Page_span_Town Square - TEAM NAME Mattermost/button_Save' is clicked on

2021-05-30 15:30:08 - [TEST_STEP][PASSED] - closeBrowser(): Browser is closed

2021-05-30 15:30:09 - [MESSAGE][PASSED] - Browser is closed]]></system-out>
         <system-err><![CDATA[]]></system-err>
      </testcase>
      <testcase name="Test Cases/SwitchCaseTest/CallChangeDefaultNumberOfDirectMessage" time="10.084" classname="Test Cases/SwitchCaseTest/CallChangeDefaultNumberOfDirectMessage" status="PASSED">
         <system-out><![CDATA[2021-05-30 15:30:09 - [TEST_CASE][PASSED] - Test Cases/SwitchCaseTest/CallChangeDefaultNumberOfDirectMessage: Test Cases/SwitchCaseTest/CallChangeDefaultNumberOfDirectMessage

2021-05-30 15:30:09 - [TEST_STEP][PASSED] - callTestCase(findTestCase("SwitchCaseTest/NumberOfDirectMessages"), ["nMessage":1000], STOP_ON_FAILURE): Call Test Case 'Test Cases/SwitchCaseTest/NumberOfDirectMessages' successfully

2021-05-30 15:30:09 - [TEST_CASE][PASSED] - Test Cases/SwitchCaseTest/NumberOfDirectMessages: Test Cases/SwitchCaseTest/NumberOfDirectMessages

2021-05-30 15:30:09 - [TEST_STEP][PASSED] - callTestCase(findTestCase("Common Test Cases/Login"), ["Username":"nttuan", "Password":"12345678zZ@"], STOP_ON_FAILURE): Call Test Case 'Test Cases/Common Test Cases/Login' successfully

2021-05-30 15:30:09 - [TEST_CASE][PASSED] - Test Cases/Common Test Cases/Login: Test Cases/Common Test Cases/Login

2021-05-30 15:30:09 - [TEST_STEP][PASSED] - openBrowser(""): Browser is opened with url: ''

2021-05-30 15:30:09 - [MESSAGE][INFO] - Starting 'Chrome' driver

2021-05-30 15:30:09 - [MESSAGE][INFO] - Action delay is set to 0 milliseconds

2021-05-30 15:30:10 - [MESSAGE][PASSED] - Browser is opened with url: ''

2021-05-30 15:30:10 - [TEST_STEP][PASSED] - navigateToUrl("https://chudenangcao2021.cf/"): Navigate to 'https://chudenangcao2021.cf/' successfully

2021-05-30 15:30:11 - [MESSAGE][PASSED] - Navigate to 'https://chudenangcao2021.cf/' successfully

2021-05-30 15:30:11 - [TEST_STEP][PASSED] - setText(findTestObject("Object Repository/Page_Mattermost/input_All team communication in one place, _dcc84b"), Username): Text 'nttuan' is set on object 'Object Repository/Page_Mattermost/input_All team communication in one place, _dcc84b'

2021-05-30 15:30:12 - [MESSAGE][PASSED] - Text 'nttuan' is set on object 'Object Repository/Page_Mattermost/input_All team communication in one place, _dcc84b'

2021-05-30 15:30:12 - [TEST_STEP][PASSED] - setText(findTestObject("Object Repository/Page_Mattermost/input_All team communication in one place, _a3edc6"), Password): Text '12345678zZ@' is set on object 'Object Repository/Page_Mattermost/input_All team communication in one place, _a3edc6'

2021-05-30 15:30:13 - [MESSAGE][PASSED] - Text '12345678zZ@' is set on object 'Object Repository/Page_Mattermost/input_All team communication in one place, _a3edc6'

2021-05-30 15:30:13 - [TEST_STEP][PASSED] - click(findTestObject("Object Repository/Page_Mattermost/button_Sign in")): Object: 'Object Repository/Page_Mattermost/button_Sign in' is clicked on

2021-05-30 15:30:14 - [MESSAGE][PASSED] - Object: 'Object Repository/Page_Mattermost/button_Sign in' is clicked on

2021-05-30 15:30:14 - [TEST_STEP][PASSED] - verifyLinksAccessible(["https://chudenangcao2021.cf/cdnc-cnpm-2021/channels"]): All links are accessible

2021-05-30 15:30:14 - [MESSAGE][INFO] - HAR: C:\Users\nttuan\Downloads\CDNC\mattermost-testing\Reports\20210530_152827\Run all test cases\20210530_152827\requests\main\26.har

2021-05-30 15:30:14 - [MESSAGE][PASSED] - Send request successfully

2021-05-30 15:30:14 - [MESSAGE][PASSED] - All links are accessible

2021-05-30 15:30:14 - [MESSAGE][PASSED] - Call Test Case 'Test Cases/Common Test Cases/Login' successfully

2021-05-30 15:30:14 - [TEST_STEP][PASSED] - click(findTestObject("Object Repository/SwitchCase/NumberOfDirectMessages/Page_span_Town Square - TEAM NAME Mattermost/button_nttuan_style--none sidebar-header-dr_897f13")): Object: 'Object Repository/SwitchCase/NumberOfDirectMessages/Page_span_Town Square - TEAM NAME Mattermost/button_nttuan_style--none sidebar-header-dr_897f13' is clicked on

2021-05-30 15:30:15 - [MESSAGE][PASSED] - Object: 'Object Repository/SwitchCase/NumberOfDirectMessages/Page_span_Town Square - TEAM NAME Mattermost/button_nttuan_style--none sidebar-header-dr_897f13' is clicked on

2021-05-30 15:30:15 - [TEST_STEP][PASSED] - click(findTestObject("Object Repository/SwitchCase/NumberOfDirectMessages/Page_span_Town Square - TEAM NAME Mattermost/span_Account Settings")): Object: 'Object Repository/SwitchCase/NumberOfDirectMessages/Page_span_Town Square - TEAM NAME Mattermost/span_Account Settings' is clicked on

2021-05-30 15:30:15 - [MESSAGE][PASSED] - Object: 'Object Repository/SwitchCase/NumberOfDirectMessages/Page_span_Town Square - TEAM NAME Mattermost/span_Account Settings' is clicked on

2021-05-30 15:30:15 - [TEST_STEP][PASSED] - click(findTestObject("Object Repository/SwitchCase/NumberOfDirectMessages/Page_span_Town Square - TEAM NAME Mattermost/button_Sidebar")): Object: 'Object Repository/SwitchCase/NumberOfDirectMessages/Page_span_Town Square - TEAM NAME Mattermost/button_Sidebar' is clicked on

2021-05-30 15:30:16 - [MESSAGE][PASSED] - Object: 'Object Repository/SwitchCase/NumberOfDirectMessages/Page_span_Town Square - TEAM NAME Mattermost/button_Sidebar' is clicked on

2021-05-30 15:30:16 - [TEST_STEP][PASSED] - click(findTestObject("Object Repository/SwitchCase/NumberOfDirectMessages/Page_span_Town Square - TEAM NAME Mattermost/span_Edit")): Object: 'Object Repository/SwitchCase/NumberOfDirectMessages/Page_span_Town Square - TEAM NAME Mattermost/span_Edit' is clicked on

2021-05-30 15:30:16 - [MESSAGE][PASSED] - Object: 'Object Repository/SwitchCase/NumberOfDirectMessages/Page_span_Town Square - TEAM NAME Mattermost/span_Edit' is clicked on

2021-05-30 15:30:16 - [TEST_STEP][PASSED] - click(findTestObject("SwitchCase/NumberOfDirectMessages/Page_span_Town Square - TEAM NAME Mattermost/div_All Direct Messages_css-1thkkgx")): Object: 'Object Repository/SwitchCase/NumberOfDirectMessages/Page_span_Town Square - TEAM NAME Mattermost/div_All Direct Messages_css-1thkkgx' is clicked on

2021-05-30 15:30:17 - [MESSAGE][PASSED] - Object: 'Object Repository/SwitchCase/NumberOfDirectMessages/Page_span_Town Square - TEAM NAME Mattermost/div_All Direct Messages_css-1thkkgx' is clicked on

2021-05-30 15:30:17 - [TEST_STEP][PASSED] - switch (nMessage): Object: 'Object Repository/SwitchCase/NumberOfDirectMessages/Page_span_Town Square - TEAM NAME Mattermost/div_All Direct Messages' is clicked on

2021-05-30 15:30:17 - [TEST_STEP][PASSED] - Default: Object: 'Object Repository/SwitchCase/NumberOfDirectMessages/Page_span_Town Square - TEAM NAME Mattermost/div_All Direct Messages' is clicked on

2021-05-30 15:30:17 - [TEST_STEP][PASSED] - click(findTestObject("Object Repository/SwitchCase/NumberOfDirectMessages/Page_span_Town Square - TEAM NAME Mattermost/div_All Direct Messages")): Object: 'Object Repository/SwitchCase/NumberOfDirectMessages/Page_span_Town Square - TEAM NAME Mattermost/div_All Direct Messages' is clicked on

2021-05-30 15:30:17 - [MESSAGE][PASSED] - Object: 'Object Repository/SwitchCase/NumberOfDirectMessages/Page_span_Town Square - TEAM NAME Mattermost/div_All Direct Messages' is clicked on

2021-05-30 15:30:17 - [TEST_STEP][PASSED] - click(findTestObject("Object Repository/SwitchCase/NumberOfDirectMessages/Page_span_Town Square - TEAM NAME Mattermost/button_Save")): Object: 'Object Repository/SwitchCase/NumberOfDirectMessages/Page_span_Town Square - TEAM NAME Mattermost/button_Save' is clicked on

2021-05-30 15:30:18 - [MESSAGE][PASSED] - Object: 'Object Repository/SwitchCase/NumberOfDirectMessages/Page_span_Town Square - TEAM NAME Mattermost/button_Save' is clicked on

2021-05-30 15:30:18 - [TEST_STEP][PASSED] - closeBrowser(): Browser is closed

2021-05-30 15:30:19 - [MESSAGE][PASSED] - Browser is closed

2021-05-30 15:30:19 - [MESSAGE][PASSED] - Call Test Case 'Test Cases/SwitchCaseTest/NumberOfDirectMessages' successfully]]></system-out>
         <system-err><![CDATA[]]></system-err>
      </testcase>
      <testcase name="Test Cases/SwitchCaseTest/ReplyNotification" time="9.47" classname="Test Cases/SwitchCaseTest/ReplyNotification" status="PASSED">
         <system-out><![CDATA[2021-05-30 15:30:19 - [TEST_CASE][PASSED] - Test Cases/SwitchCaseTest/ReplyNotification: Test Cases/SwitchCaseTest/ReplyNotification

2021-05-30 15:30:19 - [TEST_STEP][PASSED] - callTestCase(findTestCase("Common Test Cases/Login"), ["Username":"nttuan", "Password":"12345678zZ@"], STOP_ON_FAILURE): Call Test Case 'Test Cases/Common Test Cases/Login' successfully

2021-05-30 15:30:19 - [TEST_CASE][PASSED] - Test Cases/Common Test Cases/Login: Test Cases/Common Test Cases/Login

2021-05-30 15:30:19 - [TEST_STEP][PASSED] - openBrowser(""): Browser is opened with url: ''

2021-05-30 15:30:19 - [MESSAGE][INFO] - Starting 'Chrome' driver

2021-05-30 15:30:19 - [MESSAGE][INFO] - Action delay is set to 0 milliseconds

2021-05-30 15:30:20 - [MESSAGE][PASSED] - Browser is opened with url: ''

2021-05-30 15:30:20 - [TEST_STEP][PASSED] - navigateToUrl("https://chudenangcao2021.cf/"): Navigate to 'https://chudenangcao2021.cf/' successfully

2021-05-30 15:30:21 - [MESSAGE][PASSED] - Navigate to 'https://chudenangcao2021.cf/' successfully

2021-05-30 15:30:21 - [TEST_STEP][PASSED] - setText(findTestObject("Object Repository/Page_Mattermost/input_All team communication in one place, _dcc84b"), Username): Text 'nttuan' is set on object 'Object Repository/Page_Mattermost/input_All team communication in one place, _dcc84b'

2021-05-30 15:30:22 - [MESSAGE][PASSED] - Text 'nttuan' is set on object 'Object Repository/Page_Mattermost/input_All team communication in one place, _dcc84b'

2021-05-30 15:30:22 - [TEST_STEP][PASSED] - setText(findTestObject("Object Repository/Page_Mattermost/input_All team communication in one place, _a3edc6"), Password): Text '12345678zZ@' is set on object 'Object Repository/Page_Mattermost/input_All team communication in one place, _a3edc6'

2021-05-30 15:30:23 - [MESSAGE][PASSED] - Text '12345678zZ@' is set on object 'Object Repository/Page_Mattermost/input_All team communication in one place, _a3edc6'

2021-05-30 15:30:23 - [TEST_STEP][PASSED] - click(findTestObject("Object Repository/Page_Mattermost/button_Sign in")): Object: 'Object Repository/Page_Mattermost/button_Sign in' is clicked on

2021-05-30 15:30:24 - [MESSAGE][PASSED] - Object: 'Object Repository/Page_Mattermost/button_Sign in' is clicked on

2021-05-30 15:30:24 - [TEST_STEP][PASSED] - verifyLinksAccessible(["https://chudenangcao2021.cf/cdnc-cnpm-2021/channels"]): All links are accessible

2021-05-30 15:30:24 - [MESSAGE][INFO] - HAR: C:\Users\nttuan\Downloads\CDNC\mattermost-testing\Reports\20210530_152827\Run all test cases\20210530_152827\requests\main\27.har

2021-05-30 15:30:24 - [MESSAGE][PASSED] - Send request successfully

2021-05-30 15:30:24 - [MESSAGE][PASSED] - All links are accessible

2021-05-30 15:30:24 - [MESSAGE][PASSED] - Call Test Case 'Test Cases/Common Test Cases/Login' successfully

2021-05-30 15:30:24 - [TEST_STEP][PASSED] - click(findTestObject("Object Repository/SwitchCase/RelyNotification/Page_span_Town Square - TEAM NAME Mattermost/svg")): Object: 'Object Repository/SwitchCase/RelyNotification/Page_span_Town Square - TEAM NAME Mattermost/svg' is clicked on

2021-05-30 15:30:25 - [MESSAGE][PASSED] - Object: 'Object Repository/SwitchCase/RelyNotification/Page_span_Town Square - TEAM NAME Mattermost/svg' is clicked on

2021-05-30 15:30:25 - [TEST_STEP][PASSED] - click(findTestObject("Object Repository/SwitchCase/RelyNotification/Page_span_Town Square - TEAM NAME Mattermost/button_Account Settings")): Object: 'Object Repository/SwitchCase/RelyNotification/Page_span_Town Square - TEAM NAME Mattermost/button_Account Settings' is clicked on

2021-05-30 15:30:26 - [MESSAGE][PASSED] - Object: 'Object Repository/SwitchCase/RelyNotification/Page_span_Town Square - TEAM NAME Mattermost/button_Account Settings' is clicked on

2021-05-30 15:30:26 - [TEST_STEP][PASSED] - click(findTestObject("Object Repository/SwitchCase/RelyNotification/Page_span_Town Square - TEAM NAME Mattermost/button_Notifications")): Object: 'Object Repository/SwitchCase/RelyNotification/Page_span_Town Square - TEAM NAME Mattermost/button_Notifications' is clicked on

2021-05-30 15:30:26 - [MESSAGE][PASSED] - Object: 'Object Repository/SwitchCase/RelyNotification/Page_span_Town Square - TEAM NAME Mattermost/button_Notifications' is clicked on

2021-05-30 15:30:26 - [TEST_STEP][PASSED] - click(findTestObject("Object Repository/SwitchCase/RelyNotification/Page_span_Town Square - TEAM NAME Mattermost/span_Edit")): Object: 'Object Repository/SwitchCase/RelyNotification/Page_span_Town Square - TEAM NAME Mattermost/span_Edit' is clicked on

2021-05-30 15:30:27 - [MESSAGE][PASSED] - Object: 'Object Repository/SwitchCase/RelyNotification/Page_span_Town Square - TEAM NAME Mattermost/span_Edit' is clicked on

2021-05-30 15:30:27 - [TEST_STEP][PASSED] - switch (replyNotificationType): null

2021-05-30 15:30:27 - [TEST_STEP][PASSED] - case "donot":: null

2021-05-30 15:30:27 - [TEST_STEP][PASSED] - click(findTestObject("Object Repository/SwitchCase/RelyNotification/Page_span_Town Square - TEAM NAME Mattermost/label_Do not trigger notifications on messa_d7ce81")): Object: 'Object Repository/SwitchCase/RelyNotification/Page_span_Town Square - TEAM NAME Mattermost/label_Do not trigger notifications on messa_d7ce81' is clicked on

2021-05-30 15:30:27 - [MESSAGE][PASSED] - Object: 'Object Repository/SwitchCase/RelyNotification/Page_span_Town Square - TEAM NAME Mattermost/label_Do not trigger notifications on messa_d7ce81' is clicked on

2021-05-30 15:30:27 - [TEST_STEP][PASSED] - break: null

2021-05-30 15:30:27 - [TEST_STEP][PASSED] - click(findTestObject("Object Repository/SwitchCase/RelyNotification/Page_span_Town Square - TEAM NAME Mattermost/button_Save")): Object: 'Object Repository/SwitchCase/RelyNotification/Page_span_Town Square - TEAM NAME Mattermost/button_Save' is clicked on

2021-05-30 15:30:27 - [MESSAGE][PASSED] - Object: 'Object Repository/SwitchCase/RelyNotification/Page_span_Town Square - TEAM NAME Mattermost/button_Save' is clicked on

2021-05-30 15:30:27 - [TEST_STEP][PASSED] - closeBrowser(): Browser is closed

2021-05-30 15:30:28 - [MESSAGE][PASSED] - Browser is closed]]></system-out>
         <system-err><![CDATA[]]></system-err>
      </testcase>
      <testcase name="Test Cases/SwitchCaseTest/TeammateNameDisplay" time="10.791" classname="Test Cases/SwitchCaseTest/TeammateNameDisplay" status="PASSED">
         <system-out><![CDATA[2021-05-30 15:30:28 - [TEST_CASE][PASSED] - Test Cases/SwitchCaseTest/TeammateNameDisplay: Test Cases/SwitchCaseTest/TeammateNameDisplay

2021-05-30 15:30:28 - [TEST_STEP][PASSED] - openBrowser(""): Browser is opened with url: ''

2021-05-30 15:30:29 - [MESSAGE][INFO] - Starting 'Chrome' driver

2021-05-30 15:30:29 - [MESSAGE][INFO] - Action delay is set to 0 milliseconds

2021-05-30 15:30:30 - [MESSAGE][PASSED] - Browser is opened with url: ''

2021-05-30 15:30:30 - [TEST_STEP][PASSED] - callTestCase(findTestCase("Test Cases/Common Test Cases/Login"), ["username":username, "password":password], STOP_ON_FAILURE): Call Test Case 'Test Cases/Common Test Cases/Login' successfully

2021-05-30 15:30:30 - [TEST_CASE][PASSED] - Test Cases/Common Test Cases/Login: Test Cases/Common Test Cases/Login

2021-05-30 15:30:30 - [TEST_STEP][PASSED] - openBrowser(""): Browser is opened with url: ''

2021-05-30 15:30:30 - [MESSAGE][WARNING] - A browser is already opened. Closing browser and opening a new one

2021-05-30 15:30:31 - [MESSAGE][INFO] - Starting 'Chrome' driver

2021-05-30 15:30:31 - [MESSAGE][INFO] - Action delay is set to 0 milliseconds

2021-05-30 15:30:32 - [MESSAGE][PASSED] - Browser is opened with url: ''

2021-05-30 15:30:32 - [TEST_STEP][PASSED] - navigateToUrl("https://chudenangcao2021.cf/"): Navigate to 'https://chudenangcao2021.cf/' successfully

2021-05-30 15:30:32 - [MESSAGE][PASSED] - Navigate to 'https://chudenangcao2021.cf/' successfully

2021-05-30 15:30:32 - [TEST_STEP][PASSED] - setText(findTestObject("Object Repository/Page_Mattermost/input_All team communication in one place, _dcc84b"), Username): Text 'Minhvu12918' is set on object 'Object Repository/Page_Mattermost/input_All team communication in one place, _dcc84b'

2021-05-30 15:30:34 - [MESSAGE][PASSED] - Text 'Minhvu12918' is set on object 'Object Repository/Page_Mattermost/input_All team communication in one place, _dcc84b'

2021-05-30 15:30:34 - [TEST_STEP][PASSED] - setText(findTestObject("Object Repository/Page_Mattermost/input_All team communication in one place, _a3edc6"), Password): Text 'Minhvuabc2@' is set on object 'Object Repository/Page_Mattermost/input_All team communication in one place, _a3edc6'

2021-05-30 15:30:34 - [MESSAGE][PASSED] - Text 'Minhvuabc2@' is set on object 'Object Repository/Page_Mattermost/input_All team communication in one place, _a3edc6'

2021-05-30 15:30:34 - [TEST_STEP][PASSED] - click(findTestObject("Object Repository/Page_Mattermost/button_Sign in")): Object: 'Object Repository/Page_Mattermost/button_Sign in' is clicked on

2021-05-30 15:30:35 - [MESSAGE][PASSED] - Object: 'Object Repository/Page_Mattermost/button_Sign in' is clicked on

2021-05-30 15:30:35 - [TEST_STEP][PASSED] - verifyLinksAccessible(["https://chudenangcao2021.cf/cdnc-cnpm-2021/channels"]): All links are accessible

2021-05-30 15:30:35 - [MESSAGE][INFO] - HAR: C:\Users\nttuan\Downloads\CDNC\mattermost-testing\Reports\20210530_152827\Run all test cases\20210530_152827\requests\main\28.har

2021-05-30 15:30:35 - [MESSAGE][PASSED] - Send request successfully

2021-05-30 15:30:35 - [MESSAGE][PASSED] - All links are accessible

2021-05-30 15:30:35 - [MESSAGE][PASSED] - Call Test Case 'Test Cases/Common Test Cases/Login' successfully

2021-05-30 15:30:35 - [TEST_STEP][PASSED] - click(findTestObject("Object Repository/SwitchCase/NotifyEmail/Page_span_Town Square - TEAM NAME Mattermost/span")): Object: 'Object Repository/SwitchCase/NotifyEmail/Page_span_Town Square - TEAM NAME Mattermost/span' is clicked on

2021-05-30 15:30:36 - [MESSAGE][PASSED] - Object: 'Object Repository/SwitchCase/NotifyEmail/Page_span_Town Square - TEAM NAME Mattermost/span' is clicked on

2021-05-30 15:30:36 - [TEST_STEP][PASSED] - click(findTestObject("Object Repository/SwitchCase/NotifyEmail/Page_span_Town Square - TEAM NAME Mattermost/button_Account Settings")): Object: 'Object Repository/SwitchCase/NotifyEmail/Page_span_Town Square - TEAM NAME Mattermost/button_Account Settings' is clicked on

2021-05-30 15:30:37 - [MESSAGE][PASSED] - Object: 'Object Repository/SwitchCase/NotifyEmail/Page_span_Town Square - TEAM NAME Mattermost/button_Account Settings' is clicked on

2021-05-30 15:30:37 - [TEST_STEP][PASSED] - click(findTestObject("Object Repository/SwitchCase/TeamMateName/button_Display")): Object: 'Object Repository/SwitchCase/TeamMateName/button_Display' is clicked on

2021-05-30 15:30:38 - [MESSAGE][PASSED] - Object: 'Object Repository/SwitchCase/TeamMateName/button_Display' is clicked on

2021-05-30 15:30:38 - [TEST_STEP][PASSED] - click(findTestObject("Object Repository/SwitchCase/TeamMateName/div_Teammate Name DisplayEditShow username")): Object: 'Object Repository/SwitchCase/TeamMateName/div_Teammate Name DisplayEditShow username' is clicked on

2021-05-30 15:30:38 - [MESSAGE][PASSED] - Object: 'Object Repository/SwitchCase/TeamMateName/div_Teammate Name DisplayEditShow username' is clicked on

2021-05-30 15:30:38 - [TEST_STEP][PASSED] - show = show: null

2021-05-30 15:30:38 - [TEST_STEP][PASSED] - switch (show): null

2021-05-30 15:30:38 - [TEST_STEP][PASSED] - case "nickname":: null

2021-05-30 15:30:38 - [TEST_STEP][PASSED] - click(findTestObject("Object Repository/SwitchCase/TeamMateName/label_Show nickname if one exists, otherwise show first and last name")): Object: 'Object Repository/SwitchCase/TeamMateName/label_Show nickname if one exists, otherwise show first and last name' is clicked on

2021-05-30 15:30:39 - [MESSAGE][PASSED] - Object: 'Object Repository/SwitchCase/TeamMateName/label_Show nickname if one exists, otherwise show first and last name' is clicked on

2021-05-30 15:30:39 - [TEST_STEP][PASSED] - break: null

2021-05-30 15:30:39 - [TEST_STEP][PASSED] - click(findTestObject("Object Repository/SwitchCase/TeamMateName/button_Save")): Object: 'Object Repository/SwitchCase/TeamMateName/button_Save' is clicked on

2021-05-30 15:30:39 - [MESSAGE][PASSED] - Object: 'Object Repository/SwitchCase/TeamMateName/button_Save' is clicked on]]></system-out>
         <system-err><![CDATA[]]></system-err>
      </testcase>
      <testcase name="Test Cases/Loop/Add members to channel" time="144.322" classname="Test Cases/Loop/Add members to channel" status="PASSED">
         <system-out><![CDATA[2021-05-30 15:30:39 - [TEST_CASE][PASSED] - Test Cases/Loop/Add members to channel: Test Cases/Loop/Add members to channel

2021-05-30 15:30:39 - [TEST_STEP][PASSED] - callTestCase(findTestCase("Common Test Cases/Login"), ["Username":"nttuan", "Password":"12345678zZ@"], STOP_ON_FAILURE): Call Test Case 'Test Cases/Common Test Cases/Login' successfully

2021-05-30 15:30:39 - [TEST_CASE][PASSED] - Test Cases/Common Test Cases/Login: Test Cases/Common Test Cases/Login

2021-05-30 15:30:39 - [TEST_STEP][PASSED] - openBrowser(""): Browser is opened with url: ''

2021-05-30 15:30:39 - [MESSAGE][WARNING] - A browser is already opened. Closing browser and opening a new one

2021-05-30 15:30:40 - [MESSAGE][INFO] - Starting 'Chrome' driver

2021-05-30 15:30:40 - [MESSAGE][INFO] - Action delay is set to 0 milliseconds

2021-05-30 15:30:41 - [MESSAGE][PASSED] - Browser is opened with url: ''

2021-05-30 15:30:41 - [TEST_STEP][PASSED] - navigateToUrl("https://chudenangcao2021.cf/"): Navigate to 'https://chudenangcao2021.cf/' successfully

2021-05-30 15:30:42 - [MESSAGE][PASSED] - Navigate to 'https://chudenangcao2021.cf/' successfully

2021-05-30 15:30:42 - [TEST_STEP][PASSED] - setText(findTestObject("Object Repository/Page_Mattermost/input_All team communication in one place, _dcc84b"), Username): Text 'nttuan' is set on object 'Object Repository/Page_Mattermost/input_All team communication in one place, _dcc84b'

2021-05-30 15:30:43 - [MESSAGE][PASSED] - Text 'nttuan' is set on object 'Object Repository/Page_Mattermost/input_All team communication in one place, _dcc84b'

2021-05-30 15:30:43 - [TEST_STEP][PASSED] - setText(findTestObject("Object Repository/Page_Mattermost/input_All team communication in one place, _a3edc6"), Password): Text '12345678zZ@' is set on object 'Object Repository/Page_Mattermost/input_All team communication in one place, _a3edc6'

2021-05-30 15:30:44 - [MESSAGE][PASSED] - Text '12345678zZ@' is set on object 'Object Repository/Page_Mattermost/input_All team communication in one place, _a3edc6'

2021-05-30 15:30:44 - [TEST_STEP][PASSED] - click(findTestObject("Object Repository/Page_Mattermost/button_Sign in")): Object: 'Object Repository/Page_Mattermost/button_Sign in' is clicked on

2021-05-30 15:30:44 - [MESSAGE][PASSED] - Object: 'Object Repository/Page_Mattermost/button_Sign in' is clicked on

2021-05-30 15:30:44 - [TEST_STEP][PASSED] - verifyLinksAccessible(["https://chudenangcao2021.cf/cdnc-cnpm-2021/channels"]): All links are accessible

2021-05-30 15:30:44 - [MESSAGE][INFO] - HAR: C:\Users\nttuan\Downloads\CDNC\mattermost-testing\Reports\20210530_152827\Run all test cases\20210530_152827\requests\main\29.har

2021-05-30 15:30:44 - [MESSAGE][PASSED] - Send request successfully

2021-05-30 15:30:44 - [MESSAGE][PASSED] - All links are accessible

2021-05-30 15:30:44 - [MESSAGE][PASSED] - Call Test Case 'Test Cases/Common Test Cases/Login' successfully

2021-05-30 15:30:44 - [TEST_STEP][PASSED] - click(findTestObject("ChanelMember/Page_Channel to test add  remove members - TEAM NAME Mattermost/span_Channel to test add  remove members")): Object: 'Object Repository/ChanelMember/Page_Channel to test add  remove members - TEAM NAME Mattermost/span_Channel to test add  remove members' is clicked on

2021-05-30 15:30:46 - [MESSAGE][PASSED] - Object: 'Object Repository/ChanelMember/Page_Channel to test add  remove members - TEAM NAME Mattermost/span_Channel to test add  remove members' is clicked on

2021-05-30 15:30:46 - [TEST_STEP][PASSED] - usernames = Arrays.asList("cxtuan", "nguyenvana", "nguyenvanb"): null

2021-05-30 15:30:46 - [TEST_STEP][FAILED] - for ([i = 0, i < usernames.size(), (i++)]): null

2021-05-30 15:30:46 - [TEST_STEP][PASSED] - username = usernames.get(i): null

2021-05-30 15:30:46 - [TEST_STEP][PASSED] - click(findTestObject("Object Repository/ChanelMember/Page_Channel to test add  remove members - _a376a4/span_Channel to test add  remove members")): Object: 'Object Repository/ChanelMember/Page_Channel to test add  remove members - _a376a4/span_Channel to test add  remove members' is clicked on

2021-05-30 15:30:47 - [MESSAGE][PASSED] - Object: 'Object Repository/ChanelMember/Page_Channel to test add  remove members - _a376a4/span_Channel to test add  remove members' is clicked on

2021-05-30 15:30:47 - [TEST_STEP][PASSED] - click(findTestObject("Object Repository/ChanelMember/Page_Channel to test add  remove members - _a376a4/span_Add Members")): Object: 'Object Repository/ChanelMember/Page_Channel to test add  remove members - _a376a4/span_Add Members' is clicked on

2021-05-30 15:30:47 - [MESSAGE][PASSED] - Object: 'Object Repository/ChanelMember/Page_Channel to test add  remove members - _a376a4/span_Add Members' is clicked on

2021-05-30 15:30:47 - [TEST_STEP][PASSED] - click(findTestObject("ChanelMember/Page_Channel to test add  remove members - _a376a4/div_Search for people")): Object: 'Object Repository/ChanelMember/Page_Channel to test add  remove members - _a376a4/div_Search for people' is clicked on

2021-05-30 15:30:48 - [MESSAGE][PASSED] - Object: 'Object Repository/ChanelMember/Page_Channel to test add  remove members - _a376a4/div_Search for people' is clicked on

2021-05-30 15:30:48 - [TEST_STEP][PASSED] - setText(findTestObject("Object Repository/ChanelMember/Page_Channel to test add  remove members - _a376a4/input_Search for people_react-select-2-input"), username): Text 'cxtuan' is set on object 'Object Repository/ChanelMember/Page_Channel to test add  remove members - _a376a4/input_Search for people_react-select-2-input'

2021-05-30 15:30:49 - [MESSAGE][PASSED] - Text 'cxtuan' is set on object 'Object Repository/ChanelMember/Page_Channel to test add  remove members - _a376a4/input_Search for people_react-select-2-input'

2021-05-30 15:30:49 - [TEST_STEP][FAILED] - try: Unable to send keys '' to object 'Object Repository/ChanelMember/Page_Channel to test add  remove members - _a376a4/div_Search for people' (Root cause: com.kms.katalon.core.exception.StepFailedException: Unable to send keys '' to object 'Object Repository/ChanelMember/Page_Channel to test add  remove members - _a376a4/div_Search for people'
	at com.kms.katalon.core.webui.keyword.internal.WebUIKeywordMain.stepFailed(WebUIKeywordMain.groovy:64)
	at com.kms.katalon.core.webui.keyword.internal.WebUIKeywordMain.runKeyword(WebUIKeywordMain.groovy:26)
	at com.kms.katalon.core.webui.keyword.builtin.SendKeysKeyword.sendKeys(SendKeysKeyword.groovy:60)
	at com.kms.katalon.core.webui.keyword.builtin.SendKeysKeyword.execute(SendKeysKeyword.groovy:38)
	at com.kms.katalon.core.keyword.internal.KeywordExecutor.executeKeywordForPlatform(KeywordExecutor.groovy:73)
	at com.kms.katalon.core.webui.keyword.WebUiBuiltInKeywords.sendKeys(WebUiBuiltInKeywords.groovy:863)
	at com.kms.katalon.core.webui.keyword.WebUiBuiltInKeywords$sendKeys$7.call(Unknown Source)
	at Add members to channel.run(Add members to channel:44)
	at com.kms.katalon.core.main.ScriptEngine.run(ScriptEngine.java:194)
	at com.kms.katalon.core.main.ScriptEngine.runScriptAsRawText(ScriptEngine.java:119)
	at com.kms.katalon.core.main.TestCaseExecutor.runScript(TestCaseExecutor.java:398)
	at com.kms.katalon.core.main.TestCaseExecutor.doExecute(TestCaseExecutor.java:389)
	at com.kms.katalon.core.main.TestCaseExecutor.processExecutionPhase(TestCaseExecutor.java:368)
	at com.kms.katalon.core.main.TestCaseExecutor.accessMainPhase(TestCaseExecutor.java:360)
	at com.kms.katalon.core.main.TestCaseExecutor.execute(TestCaseExecutor.java:255)
	at com.kms.katalon.core.main.TestSuiteExecutor.accessTestCaseMainPhase(TestSuiteExecutor.java:203)
	at com.kms.katalon.core.main.TestSuiteExecutor.accessTestSuiteMainPhase(TestSuiteExecutor.java:152)
	at com.kms.katalon.core.main.TestSuiteExecutor.execute(TestSuiteExecutor.java:95)
	at com.kms.katalon.core.main.TestCaseMain.startTestSuite(TestCaseMain.java:157)
	at com.kms.katalon.core.main.TestCaseMain$startTestSuite$0.call(Unknown Source)
	at TempTestSuite1622388507297.run(TempTestSuite1622388507297.groovy:39)
Caused by: org.openqa.selenium.ElementNotInteractableException: element not interactable
  (Session info: chrome=91.0.4472.77)
Build info: version: '3.141.59', revision: 'e82be7d358', time: '2018-11-14T08:25:53'
System info: host: 'WIN-SERVER-2019', ip: '10.1.0.4', os.name: 'Windows Server 2019', os.arch: 'amd64', os.version: '10.0', java.version: '1.8.0_282'
Driver info: com.kms.katalon.selenium.driver.CChromeDriver
Capabilities {acceptInsecureCerts: false, browserName: chrome, browserVersion: 91.0.4472.77, chrome: {chromedriverVersion: 90.0.4430.24 (4c6d850f087da..., userDataDir: C:\Users\nttuan\AppData\Loc...}, goog:chromeOptions: {debuggerAddress: localhost:59132}, javascriptEnabled: true, networkConnectionEnabled: false, pageLoadStrategy: normal, platform: WINDOWS, platformName: WINDOWS, proxy: Proxy(), setWindowRect: true, strictFileInteractability: false, timeouts: {implicit: 0, pageLoad: 300000, script: 30000}, unhandledPromptBehavior: dismiss and notify, webauthn:extension:largeBlob: true, webauthn:virtualAuthenticators: true}
Session ID: 077e7be0eebd2b705610bff0818787a1
	at org.openqa.selenium.remote.http.W3CHttpResponseCodec.createException(W3CHttpResponseCodec.java:187)
	at org.openqa.selenium.remote.http.W3CHttpResponseCodec.decode(W3CHttpResponseCodec.java:122)
	at org.openqa.selenium.remote.http.W3CHttpResponseCodec.decode(W3CHttpResponseCodec.java:49)
	at org.openqa.selenium.remote.HttpCommandExecutor.execute(HttpCommandExecutor.java:158)
	at org.openqa.selenium.remote.service.DriverCommandExecutor.execute(DriverCommandExecutor.java:83)
	at org.openqa.selenium.remote.RemoteWebDriver.execute(RemoteWebDriver.java:552)
	at com.kms.katalon.selenium.driver.CChromeDriver.execute(CChromeDriver.java:19)
	at org.openqa.selenium.remote.RemoteWebElement.execute(RemoteWebElement.java:285)
	at org.openqa.selenium.remote.RemoteWebElement.sendKeys(RemoteWebElement.java:106)
	at org.openqa.selenium.support.events.EventFiringWebDriver$EventFiringWebElement.lambda$new$0(EventFiringWebDriver.java:404)
	at com.sun.proxy.$Proxy17.sendKeys(Unknown Source)
	at org.openqa.selenium.support.events.EventFiringWebDriver$EventFiringWebElement.sendKeys(EventFiringWebDriver.java:429)
	at com.kms.katalon.core.webui.keyword.builtin.SendKeysKeyword$_sendKeys_closure1.doCall(SendKeysKeyword.groovy:53)
	at com.kms.katalon.core.webui.keyword.builtin.SendKeysKeyword$_sendKeys_closure1.call(SendKeysKeyword.groovy)
	at com.kms.katalon.core.webui.keyword.internal.WebUIKeywordMain.runKeyword(WebUIKeywordMain.groovy:20)
	at com.kms.katalon.core.webui.keyword.builtin.SendKeysKeyword.sendKeys(SendKeysKeyword.groovy:60)
	at com.kms.katalon.core.webui.keyword.builtin.SendKeysKeyword.execute(SendKeysKeyword.groovy:38)
	at com.kms.katalon.core.keyword.internal.KeywordExecutor.executeKeywordForPlatform(KeywordExecutor.groovy:73)
	at com.kms.katalon.core.webui.keyword.WebUiBuiltInKeywords.sendKeys(WebUiBuiltInKeywords.groovy:863)
	at com.kms.katalon.core.webui.keyword.WebUiBuiltInKeywords$sendKeys$7.call(Unknown Source)
	at Script1622167440372.run(Script1622167440372.groovy:44)
	... 13 more
)

2021-05-30 15:30:49 - [TEST_STEP][PASSED] - verifyTextNotPresent("No results found matching", false): Text 'No results found matching' is not present on page

2021-05-30 15:30:50 - [MESSAGE][PASSED] - Text 'No results found matching' is not present on page

2021-05-30 15:30:50 - [TEST_STEP][FAILED] - sendKeys(findTestObject("ChanelMember/Page_Channel to test add  remove members - _a376a4/div_Search for people"), Keys.chord(ENTER)): Unable to send keys '' to object 'Object Repository/ChanelMember/Page_Channel to test add  remove members - _a376a4/div_Search for people' (Root cause: com.kms.katalon.core.exception.StepFailedException: Unable to send keys '' to object 'Object Repository/ChanelMember/Page_Channel to test add  remove members - _a376a4/div_Search for people'
	at com.kms.katalon.core.webui.keyword.internal.WebUIKeywordMain.stepFailed(WebUIKeywordMain.groovy:64)
	at com.kms.katalon.core.webui.keyword.internal.WebUIKeywordMain.runKeyword(WebUIKeywordMain.groovy:26)
	at com.kms.katalon.core.webui.keyword.builtin.SendKeysKeyword.sendKeys(SendKeysKeyword.groovy:60)
	at com.kms.katalon.core.webui.keyword.builtin.SendKeysKeyword.execute(SendKeysKeyword.groovy:38)
	at com.kms.katalon.core.keyword.internal.KeywordExecutor.executeKeywordForPlatform(KeywordExecutor.groovy:73)
	at com.kms.katalon.core.webui.keyword.WebUiBuiltInKeywords.sendKeys(WebUiBuiltInKeywords.groovy:863)
	at com.kms.katalon.core.webui.keyword.WebUiBuiltInKeywords$sendKeys$7.call(Unknown Source)
	at Add members to channel.run(Add members to channel:44)
	at com.kms.katalon.core.main.ScriptEngine.run(ScriptEngine.java:194)
	at com.kms.katalon.core.main.ScriptEngine.runScriptAsRawText(ScriptEngine.java:119)
	at com.kms.katalon.core.main.TestCaseExecutor.runScript(TestCaseExecutor.java:398)
	at com.kms.katalon.core.main.TestCaseExecutor.doExecute(TestCaseExecutor.java:389)
	at com.kms.katalon.core.main.TestCaseExecutor.processExecutionPhase(TestCaseExecutor.java:368)
	at com.kms.katalon.core.main.TestCaseExecutor.accessMainPhase(TestCaseExecutor.java:360)
	at com.kms.katalon.core.main.TestCaseExecutor.execute(TestCaseExecutor.java:255)
	at com.kms.katalon.core.main.TestSuiteExecutor.accessTestCaseMainPhase(TestSuiteExecutor.java:203)
	at com.kms.katalon.core.main.TestSuiteExecutor.accessTestSuiteMainPhase(TestSuiteExecutor.java:152)
	at com.kms.katalon.core.main.TestSuiteExecutor.execute(TestSuiteExecutor.java:95)
	at com.kms.katalon.core.main.TestCaseMain.startTestSuite(TestCaseMain.java:157)
	at com.kms.katalon.core.main.TestCaseMain$startTestSuite$0.call(Unknown Source)
	at TempTestSuite1622388507297.run(TempTestSuite1622388507297.groovy:39)
Caused by: org.openqa.selenium.ElementNotInteractableException: element not interactable
  (Session info: chrome=91.0.4472.77)
Build info: version: '3.141.59', revision: 'e82be7d358', time: '2018-11-14T08:25:53'
System info: host: 'WIN-SERVER-2019', ip: '10.1.0.4', os.name: 'Windows Server 2019', os.arch: 'amd64', os.version: '10.0', java.version: '1.8.0_282'
Driver info: com.kms.katalon.selenium.driver.CChromeDriver
Capabilities {acceptInsecureCerts: false, browserName: chrome, browserVersion: 91.0.4472.77, chrome: {chromedriverVersion: 90.0.4430.24 (4c6d850f087da..., userDataDir: C:\Users\nttuan\AppData\Loc...}, goog:chromeOptions: {debuggerAddress: localhost:59132}, javascriptEnabled: true, networkConnectionEnabled: false, pageLoadStrategy: normal, platform: WINDOWS, platformName: WINDOWS, proxy: Proxy(), setWindowRect: true, strictFileInteractability: false, timeouts: {implicit: 0, pageLoad: 300000, script: 30000}, unhandledPromptBehavior: dismiss and notify, webauthn:extension:largeBlob: true, webauthn:virtualAuthenticators: true}
Session ID: 077e7be0eebd2b705610bff0818787a1
	at org.openqa.selenium.remote.http.W3CHttpResponseCodec.createException(W3CHttpResponseCodec.java:187)
	at org.openqa.selenium.remote.http.W3CHttpResponseCodec.decode(W3CHttpResponseCodec.java:122)
	at org.openqa.selenium.remote.http.W3CHttpResponseCodec.decode(W3CHttpResponseCodec.java:49)
	at org.openqa.selenium.remote.HttpCommandExecutor.execute(HttpCommandExecutor.java:158)
	at org.openqa.selenium.remote.service.DriverCommandExecutor.execute(DriverCommandExecutor.java:83)
	at org.openqa.selenium.remote.RemoteWebDriver.execute(RemoteWebDriver.java:552)
	at com.kms.katalon.selenium.driver.CChromeDriver.execute(CChromeDriver.java:19)
	at org.openqa.selenium.remote.RemoteWebElement.execute(RemoteWebElement.java:285)
	at org.openqa.selenium.remote.RemoteWebElement.sendKeys(RemoteWebElement.java:106)
	at org.openqa.selenium.support.events.EventFiringWebDriver$EventFiringWebElement.lambda$new$0(EventFiringWebDriver.java:404)
	at com.sun.proxy.$Proxy17.sendKeys(Unknown Source)
	at org.openqa.selenium.support.events.EventFiringWebDriver$EventFiringWebElement.sendKeys(EventFiringWebDriver.java:429)
	at com.kms.katalon.core.webui.keyword.builtin.SendKeysKeyword$_sendKeys_closure1.doCall(SendKeysKeyword.groovy:53)
	at com.kms.katalon.core.webui.keyword.builtin.SendKeysKeyword$_sendKeys_closure1.call(SendKeysKeyword.groovy)
	at com.kms.katalon.core.webui.keyword.internal.WebUIKeywordMain.runKeyword(WebUIKeywordMain.groovy:20)
	at com.kms.katalon.core.webui.keyword.builtin.SendKeysKeyword.sendKeys(SendKeysKeyword.groovy:60)
	at com.kms.katalon.core.webui.keyword.builtin.SendKeysKeyword.execute(SendKeysKeyword.groovy:38)
	at com.kms.katalon.core.keyword.internal.KeywordExecutor.executeKeywordForPlatform(KeywordExecutor.groovy:73)
	at com.kms.katalon.core.webui.keyword.WebUiBuiltInKeywords.sendKeys(WebUiBuiltInKeywords.groovy:863)
	at com.kms.katalon.core.webui.keyword.WebUiBuiltInKeywords$sendKeys$7.call(Unknown Source)
	at Script1622167440372.run(Script1622167440372.groovy:44)
	... 13 more
)

2021-05-30 15:30:50 - [MESSAGE][FAILED] - Unable to send keys '' to object 'Object Repository/ChanelMember/Page_Channel to test add  remove members - _a376a4/div_Search for people' (Root cause: com.kms.katalon.core.exception.StepFailedException: Unable to send keys '' to object 'Object Repository/ChanelMember/Page_Channel to test add  remove members - _a376a4/div_Search for people'
	at com.kms.katalon.core.webui.keyword.internal.WebUIKeywordMain.stepFailed(WebUIKeywordMain.groovy:64)
	at com.kms.katalon.core.webui.keyword.internal.WebUIKeywordMain.runKeyword(WebUIKeywordMain.groovy:26)
	at com.kms.katalon.core.webui.keyword.builtin.SendKeysKeyword.sendKeys(SendKeysKeyword.groovy:60)
	at com.kms.katalon.core.webui.keyword.builtin.SendKeysKeyword.execute(SendKeysKeyword.groovy:38)
	at com.kms.katalon.core.keyword.internal.KeywordExecutor.executeKeywordForPlatform(KeywordExecutor.groovy:73)
	at com.kms.katalon.core.webui.keyword.WebUiBuiltInKeywords.sendKeys(WebUiBuiltInKeywords.groovy:863)
	at com.kms.katalon.core.webui.keyword.WebUiBuiltInKeywords$sendKeys$7.call(Unknown Source)
	at Add members to channel.run(Add members to channel:44)
	at com.kms.katalon.core.main.ScriptEngine.run(ScriptEngine.java:194)
	at com.kms.katalon.core.main.ScriptEngine.runScriptAsRawText(ScriptEngine.java:119)
	at com.kms.katalon.core.main.TestCaseExecutor.runScript(TestCaseExecutor.java:398)
	at com.kms.katalon.core.main.TestCaseExecutor.doExecute(TestCaseExecutor.java:389)
	at com.kms.katalon.core.main.TestCaseExecutor.processExecutionPhase(TestCaseExecutor.java:368)
	at com.kms.katalon.core.main.TestCaseExecutor.accessMainPhase(TestCaseExecutor.java:360)
	at com.kms.katalon.core.main.TestCaseExecutor.execute(TestCaseExecutor.java:255)
	at com.kms.katalon.core.main.TestSuiteExecutor.accessTestCaseMainPhase(TestSuiteExecutor.java:203)
	at com.kms.katalon.core.main.TestSuiteExecutor.accessTestSuiteMainPhase(TestSuiteExecutor.java:152)
	at com.kms.katalon.core.main.TestSuiteExecutor.execute(TestSuiteExecutor.java:95)
	at com.kms.katalon.core.main.TestCaseMain.startTestSuite(TestCaseMain.java:157)
	at com.kms.katalon.core.main.TestCaseMain$startTestSuite$0.call(Unknown Source)
	at TempTestSuite1622388507297.run(TempTestSuite1622388507297.groovy:39)
Caused by: org.openqa.selenium.ElementNotInteractableException: element not interactable
  (Session info: chrome=91.0.4472.77)
Build info: version: '3.141.59', revision: 'e82be7d358', time: '2018-11-14T08:25:53'
System info: host: 'WIN-SERVER-2019', ip: '10.1.0.4', os.name: 'Windows Server 2019', os.arch: 'amd64', os.version: '10.0', java.version: '1.8.0_282'
Driver info: com.kms.katalon.selenium.driver.CChromeDriver
Capabilities {acceptInsecureCerts: false, browserName: chrome, browserVersion: 91.0.4472.77, chrome: {chromedriverVersion: 90.0.4430.24 (4c6d850f087da..., userDataDir: C:\Users\nttuan\AppData\Loc...}, goog:chromeOptions: {debuggerAddress: localhost:59132}, javascriptEnabled: true, networkConnectionEnabled: false, pageLoadStrategy: normal, platform: WINDOWS, platformName: WINDOWS, proxy: Proxy(), setWindowRect: true, strictFileInteractability: false, timeouts: {implicit: 0, pageLoad: 300000, script: 30000}, unhandledPromptBehavior: dismiss and notify, webauthn:extension:largeBlob: true, webauthn:virtualAuthenticators: true}
Session ID: 077e7be0eebd2b705610bff0818787a1
	at org.openqa.selenium.remote.http.W3CHttpResponseCodec.createException(W3CHttpResponseCodec.java:187)
	at org.openqa.selenium.remote.http.W3CHttpResponseCodec.decode(W3CHttpResponseCodec.java:122)
	at org.openqa.selenium.remote.http.W3CHttpResponseCodec.decode(W3CHttpResponseCodec.java:49)
	at org.openqa.selenium.remote.HttpCommandExecutor.execute(HttpCommandExecutor.java:158)
	at org.openqa.selenium.remote.service.DriverCommandExecutor.execute(DriverCommandExecutor.java:83)
	at org.openqa.selenium.remote.RemoteWebDriver.execute(RemoteWebDriver.java:552)
	at com.kms.katalon.selenium.driver.CChromeDriver.execute(CChromeDriver.java:19)
	at org.openqa.selenium.remote.RemoteWebElement.execute(RemoteWebElement.java:285)
	at org.openqa.selenium.remote.RemoteWebElement.sendKeys(RemoteWebElement.java:106)
	at org.openqa.selenium.support.events.EventFiringWebDriver$EventFiringWebElement.lambda$new$0(EventFiringWebDriver.java:404)
	at com.sun.proxy.$Proxy17.sendKeys(Unknown Source)
	at org.openqa.selenium.support.events.EventFiringWebDriver$EventFiringWebElement.sendKeys(EventFiringWebDriver.java:429)
	at com.kms.katalon.core.webui.keyword.builtin.SendKeysKeyword$_sendKeys_closure1.doCall(SendKeysKeyword.groovy:53)
	at com.kms.katalon.core.webui.keyword.builtin.SendKeysKeyword$_sendKeys_closure1.call(SendKeysKeyword.groovy)
	at com.kms.katalon.core.webui.keyword.internal.WebUIKeywordMain.runKeyword(WebUIKeywordMain.groovy:20)
	at com.kms.katalon.core.webui.keyword.builtin.SendKeysKeyword.sendKeys(SendKeysKeyword.groovy:60)
	at com.kms.katalon.core.webui.keyword.builtin.SendKeysKeyword.execute(SendKeysKeyword.groovy:38)
	at com.kms.katalon.core.keyword.internal.KeywordExecutor.executeKeywordForPlatform(KeywordExecutor.groovy:73)
	at com.kms.katalon.core.webui.keyword.WebUiBuiltInKeywords.sendKeys(WebUiBuiltInKeywords.groovy:863)
	at com.kms.katalon.core.webui.keyword.WebUiBuiltInKeywords$sendKeys$7.call(Unknown Source)
	at Script1622167440372.run(Script1622167440372.groovy:44)
	... 13 more
)
[[ATTACHMENT|C:\\Users\\nttuan\\Downloads\\CDNC\\mattermost-testing\\Reports\\20210530_152827\\Run all test cases\\20210530_152827\\1622388650471.png]]

2021-05-30 15:30:50 - [TEST_STEP][PASSED] - catch (Exception e): Object: 'Object Repository/ChanelMember/Page_Channel to test add  remove members - TEAM NAME Mattermost/div_CloseAdd search' is clicked on

2021-05-30 15:30:50 - [TEST_STEP][PASSED] - click(findTestObject("ChanelMember/Page_Channel to test add  remove members - TEAM NAME Mattermost/div_CloseAdd search")): Object: 'Object Repository/ChanelMember/Page_Channel to test add  remove members - TEAM NAME Mattermost/div_CloseAdd search' is clicked on

2021-05-30 15:30:50 - [MESSAGE][PASSED] - Object: 'Object Repository/ChanelMember/Page_Channel to test add  remove members - TEAM NAME Mattermost/div_CloseAdd search' is clicked on

2021-05-30 15:30:50 - [TEST_STEP][PASSED] - username = usernames.get(i): null

2021-05-30 15:30:50 - [TEST_STEP][PASSED] - click(findTestObject("Object Repository/ChanelMember/Page_Channel to test add  remove members - _a376a4/span_Channel to test add  remove members")): Object: 'Object Repository/ChanelMember/Page_Channel to test add  remove members - _a376a4/span_Channel to test add  remove members' is clicked on

2021-05-30 15:30:51 - [MESSAGE][PASSED] - Object: 'Object Repository/ChanelMember/Page_Channel to test add  remove members - _a376a4/span_Channel to test add  remove members' is clicked on

2021-05-30 15:30:51 - [TEST_STEP][PASSED] - click(findTestObject("Object Repository/ChanelMember/Page_Channel to test add  remove members - _a376a4/span_Add Members")): Object: 'Object Repository/ChanelMember/Page_Channel to test add  remove members - _a376a4/span_Add Members' is clicked on

2021-05-30 15:30:51 - [MESSAGE][PASSED] - Object: 'Object Repository/ChanelMember/Page_Channel to test add  remove members - _a376a4/span_Add Members' is clicked on

2021-05-30 15:30:51 - [TEST_STEP][PASSED] - click(findTestObject("ChanelMember/Page_Channel to test add  remove members - _a376a4/div_Search for people")): Object: 'Object Repository/ChanelMember/Page_Channel to test add  remove members - _a376a4/div_Search for people' is clicked on

2021-05-30 15:30:52 - [MESSAGE][PASSED] - Object: 'Object Repository/ChanelMember/Page_Channel to test add  remove members - _a376a4/div_Search for people' is clicked on

2021-05-30 15:30:52 - [TEST_STEP][PASSED] - setText(findTestObject("Object Repository/ChanelMember/Page_Channel to test add  remove members - _a376a4/input_Search for people_react-select-2-input"), username): Text 'nguyenvana' is set on object 'Object Repository/ChanelMember/Page_Channel to test add  remove members - _a376a4/input_Search for people_react-select-2-input'

2021-05-30 15:31:23 - [MESSAGE][INFO] - Unable to find the element located by 'By.xpath: //input[@id='react-select-2-input']'. Please recheck the objects properties to make sure the desired element is located. 

2021-05-30 15:31:23 - [MESSAGE][WARNING] - [SELF-HEALING] Failed to find element with id 'Object Repository/ChanelMember/Page_Channel to test add  remove members - _a376a4/input_Search for people_react-select-2-input'. Try using Self-healing.

2021-05-30 15:31:23 - [MESSAGE][WARNING] - [SELF-HEALING] The current locator of test object 'Object Repository/ChanelMember/Page_Channel to test add  remove members - _a376a4/input_Search for people_react-select-2-input' was broken. Propose an alternative one: '//div[@id='selectItems']/div/div/div[2]/div/input'.

2021-05-30 15:31:55 - [MESSAGE][INFO] - Unable to find the element located by 'By.xpath: //input[@id='react-select-2-input']'. Please recheck the objects properties to make sure the desired element is located. 

2021-05-30 15:31:55 - [MESSAGE][WARNING] - [SELF-HEALING] Failed to find element with id 'Object Repository/ChanelMember/Page_Channel to test add  remove members - _a376a4/input_Search for people_react-select-2-input'. Try using Self-healing.

2021-05-30 15:31:55 - [MESSAGE][WARNING] - [SELF-HEALING] The current locator of test object 'Object Repository/ChanelMember/Page_Channel to test add  remove members - _a376a4/input_Search for people_react-select-2-input' was broken. Propose an alternative one: '//div[@id='selectItems']/div/div/div[2]/div/input'.

2021-05-30 15:31:55 - [MESSAGE][PASSED] - Text 'nguyenvana' is set on object 'Object Repository/ChanelMember/Page_Channel to test add  remove members - _a376a4/input_Search for people_react-select-2-input'

2021-05-30 15:31:55 - [TEST_STEP][FAILED] - try: Unable to send keys '' to object 'Object Repository/ChanelMember/Page_Channel to test add  remove members - _a376a4/div_Search for people' (Root cause: com.kms.katalon.core.exception.StepFailedException: Unable to send keys '' to object 'Object Repository/ChanelMember/Page_Channel to test add  remove members - _a376a4/div_Search for people'
	at com.kms.katalon.core.webui.keyword.internal.WebUIKeywordMain.stepFailed(WebUIKeywordMain.groovy:64)
	at com.kms.katalon.core.webui.keyword.internal.WebUIKeywordMain.runKeyword(WebUIKeywordMain.groovy:26)
	at com.kms.katalon.core.webui.keyword.builtin.SendKeysKeyword.sendKeys(SendKeysKeyword.groovy:60)
	at com.kms.katalon.core.webui.keyword.builtin.SendKeysKeyword.execute(SendKeysKeyword.groovy:38)
	at com.kms.katalon.core.keyword.internal.KeywordExecutor.executeKeywordForPlatform(KeywordExecutor.groovy:73)
	at com.kms.katalon.core.webui.keyword.WebUiBuiltInKeywords.sendKeys(WebUiBuiltInKeywords.groovy:863)
	at com.kms.katalon.core.webui.keyword.WebUiBuiltInKeywords$sendKeys$7.call(Unknown Source)
	at Add members to channel.run(Add members to channel:44)
	at com.kms.katalon.core.main.ScriptEngine.run(ScriptEngine.java:194)
	at com.kms.katalon.core.main.ScriptEngine.runScriptAsRawText(ScriptEngine.java:119)
	at com.kms.katalon.core.main.TestCaseExecutor.runScript(TestCaseExecutor.java:398)
	at com.kms.katalon.core.main.TestCaseExecutor.doExecute(TestCaseExecutor.java:389)
	at com.kms.katalon.core.main.TestCaseExecutor.processExecutionPhase(TestCaseExecutor.java:368)
	at com.kms.katalon.core.main.TestCaseExecutor.accessMainPhase(TestCaseExecutor.java:360)
	at com.kms.katalon.core.main.TestCaseExecutor.execute(TestCaseExecutor.java:255)
	at com.kms.katalon.core.main.TestSuiteExecutor.accessTestCaseMainPhase(TestSuiteExecutor.java:203)
	at com.kms.katalon.core.main.TestSuiteExecutor.accessTestSuiteMainPhase(TestSuiteExecutor.java:152)
	at com.kms.katalon.core.main.TestSuiteExecutor.execute(TestSuiteExecutor.java:95)
	at com.kms.katalon.core.main.TestCaseMain.startTestSuite(TestCaseMain.java:157)
	at com.kms.katalon.core.main.TestCaseMain$startTestSuite$0.call(Unknown Source)
	at TempTestSuite1622388507297.run(TempTestSuite1622388507297.groovy:39)
Caused by: org.openqa.selenium.ElementNotInteractableException: element not interactable
  (Session info: chrome=91.0.4472.77)
Build info: version: '3.141.59', revision: 'e82be7d358', time: '2018-11-14T08:25:53'
System info: host: 'WIN-SERVER-2019', ip: '10.1.0.4', os.name: 'Windows Server 2019', os.arch: 'amd64', os.version: '10.0', java.version: '1.8.0_282'
Driver info: com.kms.katalon.selenium.driver.CChromeDriver
Capabilities {acceptInsecureCerts: false, browserName: chrome, browserVersion: 91.0.4472.77, chrome: {chromedriverVersion: 90.0.4430.24 (4c6d850f087da..., userDataDir: C:\Users\nttuan\AppData\Loc...}, goog:chromeOptions: {debuggerAddress: localhost:59132}, javascriptEnabled: true, networkConnectionEnabled: false, pageLoadStrategy: normal, platform: WINDOWS, platformName: WINDOWS, proxy: Proxy(), setWindowRect: true, strictFileInteractability: false, timeouts: {implicit: 0, pageLoad: 300000, script: 30000}, unhandledPromptBehavior: dismiss and notify, webauthn:extension:largeBlob: true, webauthn:virtualAuthenticators: true}
Session ID: 077e7be0eebd2b705610bff0818787a1
	at org.openqa.selenium.remote.http.W3CHttpResponseCodec.createException(W3CHttpResponseCodec.java:187)
	at org.openqa.selenium.remote.http.W3CHttpResponseCodec.decode(W3CHttpResponseCodec.java:122)
	at org.openqa.selenium.remote.http.W3CHttpResponseCodec.decode(W3CHttpResponseCodec.java:49)
	at org.openqa.selenium.remote.HttpCommandExecutor.execute(HttpCommandExecutor.java:158)
	at org.openqa.selenium.remote.service.DriverCommandExecutor.execute(DriverCommandExecutor.java:83)
	at org.openqa.selenium.remote.RemoteWebDriver.execute(RemoteWebDriver.java:552)
	at com.kms.katalon.selenium.driver.CChromeDriver.execute(CChromeDriver.java:19)
	at org.openqa.selenium.remote.RemoteWebElement.execute(RemoteWebElement.java:285)
	at org.openqa.selenium.remote.RemoteWebElement.sendKeys(RemoteWebElement.java:106)
	at org.openqa.selenium.support.events.EventFiringWebDriver$EventFiringWebElement.lambda$new$0(EventFiringWebDriver.java:404)
	at com.sun.proxy.$Proxy17.sendKeys(Unknown Source)
	at org.openqa.selenium.support.events.EventFiringWebDriver$EventFiringWebElement.sendKeys(EventFiringWebDriver.java:429)
	at com.kms.katalon.core.webui.keyword.builtin.SendKeysKeyword$_sendKeys_closure1.doCall(SendKeysKeyword.groovy:53)
	at com.kms.katalon.core.webui.keyword.builtin.SendKeysKeyword$_sendKeys_closure1.call(SendKeysKeyword.groovy)
	at com.kms.katalon.core.webui.keyword.internal.WebUIKeywordMain.runKeyword(WebUIKeywordMain.groovy:20)
	at com.kms.katalon.core.webui.keyword.builtin.SendKeysKeyword.sendKeys(SendKeysKeyword.groovy:60)
	at com.kms.katalon.core.webui.keyword.builtin.SendKeysKeyword.execute(SendKeysKeyword.groovy:38)
	at com.kms.katalon.core.keyword.internal.KeywordExecutor.executeKeywordForPlatform(KeywordExecutor.groovy:73)
	at com.kms.katalon.core.webui.keyword.WebUiBuiltInKeywords.sendKeys(WebUiBuiltInKeywords.groovy:863)
	at com.kms.katalon.core.webui.keyword.WebUiBuiltInKeywords$sendKeys$7.call(Unknown Source)
	at Script1622167440372.run(Script1622167440372.groovy:44)
	... 13 more
)

2021-05-30 15:31:55 - [TEST_STEP][PASSED] - verifyTextNotPresent("No results found matching", false): Text 'No results found matching' is not present on page

2021-05-30 15:31:56 - [MESSAGE][PASSED] - Text 'No results found matching' is not present on page

2021-05-30 15:31:56 - [TEST_STEP][FAILED] - sendKeys(findTestObject("ChanelMember/Page_Channel to test add  remove members - _a376a4/div_Search for people"), Keys.chord(ENTER)): Unable to send keys '' to object 'Object Repository/ChanelMember/Page_Channel to test add  remove members - _a376a4/div_Search for people' (Root cause: com.kms.katalon.core.exception.StepFailedException: Unable to send keys '' to object 'Object Repository/ChanelMember/Page_Channel to test add  remove members - _a376a4/div_Search for people'
	at com.kms.katalon.core.webui.keyword.internal.WebUIKeywordMain.stepFailed(WebUIKeywordMain.groovy:64)
	at com.kms.katalon.core.webui.keyword.internal.WebUIKeywordMain.runKeyword(WebUIKeywordMain.groovy:26)
	at com.kms.katalon.core.webui.keyword.builtin.SendKeysKeyword.sendKeys(SendKeysKeyword.groovy:60)
	at com.kms.katalon.core.webui.keyword.builtin.SendKeysKeyword.execute(SendKeysKeyword.groovy:38)
	at com.kms.katalon.core.keyword.internal.KeywordExecutor.executeKeywordForPlatform(KeywordExecutor.groovy:73)
	at com.kms.katalon.core.webui.keyword.WebUiBuiltInKeywords.sendKeys(WebUiBuiltInKeywords.groovy:863)
	at com.kms.katalon.core.webui.keyword.WebUiBuiltInKeywords$sendKeys$7.call(Unknown Source)
	at Add members to channel.run(Add members to channel:44)
	at com.kms.katalon.core.main.ScriptEngine.run(ScriptEngine.java:194)
	at com.kms.katalon.core.main.ScriptEngine.runScriptAsRawText(ScriptEngine.java:119)
	at com.kms.katalon.core.main.TestCaseExecutor.runScript(TestCaseExecutor.java:398)
	at com.kms.katalon.core.main.TestCaseExecutor.doExecute(TestCaseExecutor.java:389)
	at com.kms.katalon.core.main.TestCaseExecutor.processExecutionPhase(TestCaseExecutor.java:368)
	at com.kms.katalon.core.main.TestCaseExecutor.accessMainPhase(TestCaseExecutor.java:360)
	at com.kms.katalon.core.main.TestCaseExecutor.execute(TestCaseExecutor.java:255)
	at com.kms.katalon.core.main.TestSuiteExecutor.accessTestCaseMainPhase(TestSuiteExecutor.java:203)
	at com.kms.katalon.core.main.TestSuiteExecutor.accessTestSuiteMainPhase(TestSuiteExecutor.java:152)
	at com.kms.katalon.core.main.TestSuiteExecutor.execute(TestSuiteExecutor.java:95)
	at com.kms.katalon.core.main.TestCaseMain.startTestSuite(TestCaseMain.java:157)
	at com.kms.katalon.core.main.TestCaseMain$startTestSuite$0.call(Unknown Source)
	at TempTestSuite1622388507297.run(TempTestSuite1622388507297.groovy:39)
Caused by: org.openqa.selenium.ElementNotInteractableException: element not interactable
  (Session info: chrome=91.0.4472.77)
Build info: version: '3.141.59', revision: 'e82be7d358', time: '2018-11-14T08:25:53'
System info: host: 'WIN-SERVER-2019', ip: '10.1.0.4', os.name: 'Windows Server 2019', os.arch: 'amd64', os.version: '10.0', java.version: '1.8.0_282'
Driver info: com.kms.katalon.selenium.driver.CChromeDriver
Capabilities {acceptInsecureCerts: false, browserName: chrome, browserVersion: 91.0.4472.77, chrome: {chromedriverVersion: 90.0.4430.24 (4c6d850f087da..., userDataDir: C:\Users\nttuan\AppData\Loc...}, goog:chromeOptions: {debuggerAddress: localhost:59132}, javascriptEnabled: true, networkConnectionEnabled: false, pageLoadStrategy: normal, platform: WINDOWS, platformName: WINDOWS, proxy: Proxy(), setWindowRect: true, strictFileInteractability: false, timeouts: {implicit: 0, pageLoad: 300000, script: 30000}, unhandledPromptBehavior: dismiss and notify, webauthn:extension:largeBlob: true, webauthn:virtualAuthenticators: true}
Session ID: 077e7be0eebd2b705610bff0818787a1
	at org.openqa.selenium.remote.http.W3CHttpResponseCodec.createException(W3CHttpResponseCodec.java:187)
	at org.openqa.selenium.remote.http.W3CHttpResponseCodec.decode(W3CHttpResponseCodec.java:122)
	at org.openqa.selenium.remote.http.W3CHttpResponseCodec.decode(W3CHttpResponseCodec.java:49)
	at org.openqa.selenium.remote.HttpCommandExecutor.execute(HttpCommandExecutor.java:158)
	at org.openqa.selenium.remote.service.DriverCommandExecutor.execute(DriverCommandExecutor.java:83)
	at org.openqa.selenium.remote.RemoteWebDriver.execute(RemoteWebDriver.java:552)
	at com.kms.katalon.selenium.driver.CChromeDriver.execute(CChromeDriver.java:19)
	at org.openqa.selenium.remote.RemoteWebElement.execute(RemoteWebElement.java:285)
	at org.openqa.selenium.remote.RemoteWebElement.sendKeys(RemoteWebElement.java:106)
	at org.openqa.selenium.support.events.EventFiringWebDriver$EventFiringWebElement.lambda$new$0(EventFiringWebDriver.java:404)
	at com.sun.proxy.$Proxy17.sendKeys(Unknown Source)
	at org.openqa.selenium.support.events.EventFiringWebDriver$EventFiringWebElement.sendKeys(EventFiringWebDriver.java:429)
	at com.kms.katalon.core.webui.keyword.builtin.SendKeysKeyword$_sendKeys_closure1.doCall(SendKeysKeyword.groovy:53)
	at com.kms.katalon.core.webui.keyword.builtin.SendKeysKeyword$_sendKeys_closure1.call(SendKeysKeyword.groovy)
	at com.kms.katalon.core.webui.keyword.internal.WebUIKeywordMain.runKeyword(WebUIKeywordMain.groovy:20)
	at com.kms.katalon.core.webui.keyword.builtin.SendKeysKeyword.sendKeys(SendKeysKeyword.groovy:60)
	at com.kms.katalon.core.webui.keyword.builtin.SendKeysKeyword.execute(SendKeysKeyword.groovy:38)
	at com.kms.katalon.core.keyword.internal.KeywordExecutor.executeKeywordForPlatform(KeywordExecutor.groovy:73)
	at com.kms.katalon.core.webui.keyword.WebUiBuiltInKeywords.sendKeys(WebUiBuiltInKeywords.groovy:863)
	at com.kms.katalon.core.webui.keyword.WebUiBuiltInKeywords$sendKeys$7.call(Unknown Source)
	at Script1622167440372.run(Script1622167440372.groovy:44)
	... 13 more
)

2021-05-30 15:31:56 - [MESSAGE][FAILED] - Unable to send keys '' to object 'Object Repository/ChanelMember/Page_Channel to test add  remove members - _a376a4/div_Search for people' (Root cause: com.kms.katalon.core.exception.StepFailedException: Unable to send keys '' to object 'Object Repository/ChanelMember/Page_Channel to test add  remove members - _a376a4/div_Search for people'
	at com.kms.katalon.core.webui.keyword.internal.WebUIKeywordMain.stepFailed(WebUIKeywordMain.groovy:64)
	at com.kms.katalon.core.webui.keyword.internal.WebUIKeywordMain.runKeyword(WebUIKeywordMain.groovy:26)
	at com.kms.katalon.core.webui.keyword.builtin.SendKeysKeyword.sendKeys(SendKeysKeyword.groovy:60)
	at com.kms.katalon.core.webui.keyword.builtin.SendKeysKeyword.execute(SendKeysKeyword.groovy:38)
	at com.kms.katalon.core.keyword.internal.KeywordExecutor.executeKeywordForPlatform(KeywordExecutor.groovy:73)
	at com.kms.katalon.core.webui.keyword.WebUiBuiltInKeywords.sendKeys(WebUiBuiltInKeywords.groovy:863)
	at com.kms.katalon.core.webui.keyword.WebUiBuiltInKeywords$sendKeys$7.call(Unknown Source)
	at Add members to channel.run(Add members to channel:44)
	at com.kms.katalon.core.main.ScriptEngine.run(ScriptEngine.java:194)
	at com.kms.katalon.core.main.ScriptEngine.runScriptAsRawText(ScriptEngine.java:119)
	at com.kms.katalon.core.main.TestCaseExecutor.runScript(TestCaseExecutor.java:398)
	at com.kms.katalon.core.main.TestCaseExecutor.doExecute(TestCaseExecutor.java:389)
	at com.kms.katalon.core.main.TestCaseExecutor.processExecutionPhase(TestCaseExecutor.java:368)
	at com.kms.katalon.core.main.TestCaseExecutor.accessMainPhase(TestCaseExecutor.java:360)
	at com.kms.katalon.core.main.TestCaseExecutor.execute(TestCaseExecutor.java:255)
	at com.kms.katalon.core.main.TestSuiteExecutor.accessTestCaseMainPhase(TestSuiteExecutor.java:203)
	at com.kms.katalon.core.main.TestSuiteExecutor.accessTestSuiteMainPhase(TestSuiteExecutor.java:152)
	at com.kms.katalon.core.main.TestSuiteExecutor.execute(TestSuiteExecutor.java:95)
	at com.kms.katalon.core.main.TestCaseMain.startTestSuite(TestCaseMain.java:157)
	at com.kms.katalon.core.main.TestCaseMain$startTestSuite$0.call(Unknown Source)
	at TempTestSuite1622388507297.run(TempTestSuite1622388507297.groovy:39)
Caused by: org.openqa.selenium.ElementNotInteractableException: element not interactable
  (Session info: chrome=91.0.4472.77)
Build info: version: '3.141.59', revision: 'e82be7d358', time: '2018-11-14T08:25:53'
System info: host: 'WIN-SERVER-2019', ip: '10.1.0.4', os.name: 'Windows Server 2019', os.arch: 'amd64', os.version: '10.0', java.version: '1.8.0_282'
Driver info: com.kms.katalon.selenium.driver.CChromeDriver
Capabilities {acceptInsecureCerts: false, browserName: chrome, browserVersion: 91.0.4472.77, chrome: {chromedriverVersion: 90.0.4430.24 (4c6d850f087da..., userDataDir: C:\Users\nttuan\AppData\Loc...}, goog:chromeOptions: {debuggerAddress: localhost:59132}, javascriptEnabled: true, networkConnectionEnabled: false, pageLoadStrategy: normal, platform: WINDOWS, platformName: WINDOWS, proxy: Proxy(), setWindowRect: true, strictFileInteractability: false, timeouts: {implicit: 0, pageLoad: 300000, script: 30000}, unhandledPromptBehavior: dismiss and notify, webauthn:extension:largeBlob: true, webauthn:virtualAuthenticators: true}
Session ID: 077e7be0eebd2b705610bff0818787a1
	at org.openqa.selenium.remote.http.W3CHttpResponseCodec.createException(W3CHttpResponseCodec.java:187)
	at org.openqa.selenium.remote.http.W3CHttpResponseCodec.decode(W3CHttpResponseCodec.java:122)
	at org.openqa.selenium.remote.http.W3CHttpResponseCodec.decode(W3CHttpResponseCodec.java:49)
	at org.openqa.selenium.remote.HttpCommandExecutor.execute(HttpCommandExecutor.java:158)
	at org.openqa.selenium.remote.service.DriverCommandExecutor.execute(DriverCommandExecutor.java:83)
	at org.openqa.selenium.remote.RemoteWebDriver.execute(RemoteWebDriver.java:552)
	at com.kms.katalon.selenium.driver.CChromeDriver.execute(CChromeDriver.java:19)
	at org.openqa.selenium.remote.RemoteWebElement.execute(RemoteWebElement.java:285)
	at org.openqa.selenium.remote.RemoteWebElement.sendKeys(RemoteWebElement.java:106)
	at org.openqa.selenium.support.events.EventFiringWebDriver$EventFiringWebElement.lambda$new$0(EventFiringWebDriver.java:404)
	at com.sun.proxy.$Proxy17.sendKeys(Unknown Source)
	at org.openqa.selenium.support.events.EventFiringWebDriver$EventFiringWebElement.sendKeys(EventFiringWebDriver.java:429)
	at com.kms.katalon.core.webui.keyword.builtin.SendKeysKeyword$_sendKeys_closure1.doCall(SendKeysKeyword.groovy:53)
	at com.kms.katalon.core.webui.keyword.builtin.SendKeysKeyword$_sendKeys_closure1.call(SendKeysKeyword.groovy)
	at com.kms.katalon.core.webui.keyword.internal.WebUIKeywordMain.runKeyword(WebUIKeywordMain.groovy:20)
	at com.kms.katalon.core.webui.keyword.builtin.SendKeysKeyword.sendKeys(SendKeysKeyword.groovy:60)
	at com.kms.katalon.core.webui.keyword.builtin.SendKeysKeyword.execute(SendKeysKeyword.groovy:38)
	at com.kms.katalon.core.keyword.internal.KeywordExecutor.executeKeywordForPlatform(KeywordExecutor.groovy:73)
	at com.kms.katalon.core.webui.keyword.WebUiBuiltInKeywords.sendKeys(WebUiBuiltInKeywords.groovy:863)
	at com.kms.katalon.core.webui.keyword.WebUiBuiltInKeywords$sendKeys$7.call(Unknown Source)
	at Script1622167440372.run(Script1622167440372.groovy:44)
	... 13 more
)
[[ATTACHMENT|C:\\Users\\nttuan\\Downloads\\CDNC\\mattermost-testing\\Reports\\20210530_152827\\Run all test cases\\20210530_152827\\1622388716588.png]]

2021-05-30 15:31:56 - [TEST_STEP][PASSED] - catch (Exception e): Object: 'Object Repository/ChanelMember/Page_Channel to test add  remove members - TEAM NAME Mattermost/div_CloseAdd search' is clicked on

2021-05-30 15:31:56 - [TEST_STEP][PASSED] - click(findTestObject("ChanelMember/Page_Channel to test add  remove members - TEAM NAME Mattermost/div_CloseAdd search")): Object: 'Object Repository/ChanelMember/Page_Channel to test add  remove members - TEAM NAME Mattermost/div_CloseAdd search' is clicked on

2021-05-30 15:31:57 - [MESSAGE][PASSED] - Object: 'Object Repository/ChanelMember/Page_Channel to test add  remove members - TEAM NAME Mattermost/div_CloseAdd search' is clicked on

2021-05-30 15:31:57 - [TEST_STEP][PASSED] - username = usernames.get(i): null

2021-05-30 15:31:57 - [TEST_STEP][PASSED] - click(findTestObject("Object Repository/ChanelMember/Page_Channel to test add  remove members - _a376a4/span_Channel to test add  remove members")): Object: 'Object Repository/ChanelMember/Page_Channel to test add  remove members - _a376a4/span_Channel to test add  remove members' is clicked on

2021-05-30 15:31:57 - [MESSAGE][PASSED] - Object: 'Object Repository/ChanelMember/Page_Channel to test add  remove members - _a376a4/span_Channel to test add  remove members' is clicked on

2021-05-30 15:31:57 - [TEST_STEP][PASSED] - click(findTestObject("Object Repository/ChanelMember/Page_Channel to test add  remove members - _a376a4/span_Add Members")): Object: 'Object Repository/ChanelMember/Page_Channel to test add  remove members - _a376a4/span_Add Members' is clicked on

2021-05-30 15:31:58 - [MESSAGE][PASSED] - Object: 'Object Repository/ChanelMember/Page_Channel to test add  remove members - _a376a4/span_Add Members' is clicked on

2021-05-30 15:31:58 - [TEST_STEP][PASSED] - click(findTestObject("ChanelMember/Page_Channel to test add  remove members - _a376a4/div_Search for people")): Object: 'Object Repository/ChanelMember/Page_Channel to test add  remove members - _a376a4/div_Search for people' is clicked on

2021-05-30 15:31:58 - [MESSAGE][PASSED] - Object: 'Object Repository/ChanelMember/Page_Channel to test add  remove members - _a376a4/div_Search for people' is clicked on

2021-05-30 15:31:58 - [TEST_STEP][PASSED] - setText(findTestObject("Object Repository/ChanelMember/Page_Channel to test add  remove members - _a376a4/input_Search for people_react-select-2-input"), username): Text 'nguyenvanb' is set on object 'Object Repository/ChanelMember/Page_Channel to test add  remove members - _a376a4/input_Search for people_react-select-2-input'

2021-05-30 15:32:29 - [MESSAGE][INFO] - Unable to find the element located by 'By.xpath: //input[@id='react-select-2-input']'. Please recheck the objects properties to make sure the desired element is located. 

2021-05-30 15:32:29 - [MESSAGE][WARNING] - [SELF-HEALING] Failed to find element with id 'Object Repository/ChanelMember/Page_Channel to test add  remove members - _a376a4/input_Search for people_react-select-2-input'. Try using Self-healing.

2021-05-30 15:32:29 - [MESSAGE][WARNING] - [SELF-HEALING] The current locator of test object 'Object Repository/ChanelMember/Page_Channel to test add  remove members - _a376a4/input_Search for people_react-select-2-input' was broken. Propose an alternative one: '//div[@id='selectItems']/div/div/div[2]/div/input'.

2021-05-30 15:33:00 - [MESSAGE][INFO] - Unable to find the element located by 'By.xpath: //input[@id='react-select-2-input']'. Please recheck the objects properties to make sure the desired element is located. 

2021-05-30 15:33:00 - [MESSAGE][WARNING] - [SELF-HEALING] Failed to find element with id 'Object Repository/ChanelMember/Page_Channel to test add  remove members - _a376a4/input_Search for people_react-select-2-input'. Try using Self-healing.

2021-05-30 15:33:01 - [MESSAGE][WARNING] - [SELF-HEALING] The current locator of test object 'Object Repository/ChanelMember/Page_Channel to test add  remove members - _a376a4/input_Search for people_react-select-2-input' was broken. Propose an alternative one: '//div[@id='selectItems']/div/div/div[2]/div/input'.

2021-05-30 15:33:01 - [MESSAGE][PASSED] - Text 'nguyenvanb' is set on object 'Object Repository/ChanelMember/Page_Channel to test add  remove members - _a376a4/input_Search for people_react-select-2-input'

2021-05-30 15:33:01 - [TEST_STEP][FAILED] - try: Unable to send keys '' to object 'Object Repository/ChanelMember/Page_Channel to test add  remove members - _a376a4/div_Search for people' (Root cause: com.kms.katalon.core.exception.StepFailedException: Unable to send keys '' to object 'Object Repository/ChanelMember/Page_Channel to test add  remove members - _a376a4/div_Search for people'
	at com.kms.katalon.core.webui.keyword.internal.WebUIKeywordMain.stepFailed(WebUIKeywordMain.groovy:64)
	at com.kms.katalon.core.webui.keyword.internal.WebUIKeywordMain.runKeyword(WebUIKeywordMain.groovy:26)
	at com.kms.katalon.core.webui.keyword.builtin.SendKeysKeyword.sendKeys(SendKeysKeyword.groovy:60)
	at com.kms.katalon.core.webui.keyword.builtin.SendKeysKeyword.execute(SendKeysKeyword.groovy:38)
	at com.kms.katalon.core.keyword.internal.KeywordExecutor.executeKeywordForPlatform(KeywordExecutor.groovy:73)
	at com.kms.katalon.core.webui.keyword.WebUiBuiltInKeywords.sendKeys(WebUiBuiltInKeywords.groovy:863)
	at com.kms.katalon.core.webui.keyword.WebUiBuiltInKeywords$sendKeys$7.call(Unknown Source)
	at Add members to channel.run(Add members to channel:44)
	at com.kms.katalon.core.main.ScriptEngine.run(ScriptEngine.java:194)
	at com.kms.katalon.core.main.ScriptEngine.runScriptAsRawText(ScriptEngine.java:119)
	at com.kms.katalon.core.main.TestCaseExecutor.runScript(TestCaseExecutor.java:398)
	at com.kms.katalon.core.main.TestCaseExecutor.doExecute(TestCaseExecutor.java:389)
	at com.kms.katalon.core.main.TestCaseExecutor.processExecutionPhase(TestCaseExecutor.java:368)
	at com.kms.katalon.core.main.TestCaseExecutor.accessMainPhase(TestCaseExecutor.java:360)
	at com.kms.katalon.core.main.TestCaseExecutor.execute(TestCaseExecutor.java:255)
	at com.kms.katalon.core.main.TestSuiteExecutor.accessTestCaseMainPhase(TestSuiteExecutor.java:203)
	at com.kms.katalon.core.main.TestSuiteExecutor.accessTestSuiteMainPhase(TestSuiteExecutor.java:152)
	at com.kms.katalon.core.main.TestSuiteExecutor.execute(TestSuiteExecutor.java:95)
	at com.kms.katalon.core.main.TestCaseMain.startTestSuite(TestCaseMain.java:157)
	at com.kms.katalon.core.main.TestCaseMain$startTestSuite$0.call(Unknown Source)
	at TempTestSuite1622388507297.run(TempTestSuite1622388507297.groovy:39)
Caused by: org.openqa.selenium.ElementNotInteractableException: element not interactable
  (Session info: chrome=91.0.4472.77)
Build info: version: '3.141.59', revision: 'e82be7d358', time: '2018-11-14T08:25:53'
System info: host: 'WIN-SERVER-2019', ip: '10.1.0.4', os.name: 'Windows Server 2019', os.arch: 'amd64', os.version: '10.0', java.version: '1.8.0_282'
Driver info: com.kms.katalon.selenium.driver.CChromeDriver
Capabilities {acceptInsecureCerts: false, browserName: chrome, browserVersion: 91.0.4472.77, chrome: {chromedriverVersion: 90.0.4430.24 (4c6d850f087da..., userDataDir: C:\Users\nttuan\AppData\Loc...}, goog:chromeOptions: {debuggerAddress: localhost:59132}, javascriptEnabled: true, networkConnectionEnabled: false, pageLoadStrategy: normal, platform: WINDOWS, platformName: WINDOWS, proxy: Proxy(), setWindowRect: true, strictFileInteractability: false, timeouts: {implicit: 0, pageLoad: 300000, script: 30000}, unhandledPromptBehavior: dismiss and notify, webauthn:extension:largeBlob: true, webauthn:virtualAuthenticators: true}
Session ID: 077e7be0eebd2b705610bff0818787a1
	at org.openqa.selenium.remote.http.W3CHttpResponseCodec.createException(W3CHttpResponseCodec.java:187)
	at org.openqa.selenium.remote.http.W3CHttpResponseCodec.decode(W3CHttpResponseCodec.java:122)
	at org.openqa.selenium.remote.http.W3CHttpResponseCodec.decode(W3CHttpResponseCodec.java:49)
	at org.openqa.selenium.remote.HttpCommandExecutor.execute(HttpCommandExecutor.java:158)
	at org.openqa.selenium.remote.service.DriverCommandExecutor.execute(DriverCommandExecutor.java:83)
	at org.openqa.selenium.remote.RemoteWebDriver.execute(RemoteWebDriver.java:552)
	at com.kms.katalon.selenium.driver.CChromeDriver.execute(CChromeDriver.java:19)
	at org.openqa.selenium.remote.RemoteWebElement.execute(RemoteWebElement.java:285)
	at org.openqa.selenium.remote.RemoteWebElement.sendKeys(RemoteWebElement.java:106)
	at org.openqa.selenium.support.events.EventFiringWebDriver$EventFiringWebElement.lambda$new$0(EventFiringWebDriver.java:404)
	at com.sun.proxy.$Proxy17.sendKeys(Unknown Source)
	at org.openqa.selenium.support.events.EventFiringWebDriver$EventFiringWebElement.sendKeys(EventFiringWebDriver.java:429)
	at com.kms.katalon.core.webui.keyword.builtin.SendKeysKeyword$_sendKeys_closure1.doCall(SendKeysKeyword.groovy:53)
	at com.kms.katalon.core.webui.keyword.builtin.SendKeysKeyword$_sendKeys_closure1.call(SendKeysKeyword.groovy)
	at com.kms.katalon.core.webui.keyword.internal.WebUIKeywordMain.runKeyword(WebUIKeywordMain.groovy:20)
	at com.kms.katalon.core.webui.keyword.builtin.SendKeysKeyword.sendKeys(SendKeysKeyword.groovy:60)
	at com.kms.katalon.core.webui.keyword.builtin.SendKeysKeyword.execute(SendKeysKeyword.groovy:38)
	at com.kms.katalon.core.keyword.internal.KeywordExecutor.executeKeywordForPlatform(KeywordExecutor.groovy:73)
	at com.kms.katalon.core.webui.keyword.WebUiBuiltInKeywords.sendKeys(WebUiBuiltInKeywords.groovy:863)
	at com.kms.katalon.core.webui.keyword.WebUiBuiltInKeywords$sendKeys$7.call(Unknown Source)
	at Script1622167440372.run(Script1622167440372.groovy:44)
	... 13 more
)

2021-05-30 15:33:01 - [TEST_STEP][PASSED] - verifyTextNotPresent("No results found matching", false): Text 'No results found matching' is not present on page

2021-05-30 15:33:02 - [MESSAGE][PASSED] - Text 'No results found matching' is not present on page

2021-05-30 15:33:02 - [TEST_STEP][FAILED] - sendKeys(findTestObject("ChanelMember/Page_Channel to test add  remove members - _a376a4/div_Search for people"), Keys.chord(ENTER)): Unable to send keys '' to object 'Object Repository/ChanelMember/Page_Channel to test add  remove members - _a376a4/div_Search for people' (Root cause: com.kms.katalon.core.exception.StepFailedException: Unable to send keys '' to object 'Object Repository/ChanelMember/Page_Channel to test add  remove members - _a376a4/div_Search for people'
	at com.kms.katalon.core.webui.keyword.internal.WebUIKeywordMain.stepFailed(WebUIKeywordMain.groovy:64)
	at com.kms.katalon.core.webui.keyword.internal.WebUIKeywordMain.runKeyword(WebUIKeywordMain.groovy:26)
	at com.kms.katalon.core.webui.keyword.builtin.SendKeysKeyword.sendKeys(SendKeysKeyword.groovy:60)
	at com.kms.katalon.core.webui.keyword.builtin.SendKeysKeyword.execute(SendKeysKeyword.groovy:38)
	at com.kms.katalon.core.keyword.internal.KeywordExecutor.executeKeywordForPlatform(KeywordExecutor.groovy:73)
	at com.kms.katalon.core.webui.keyword.WebUiBuiltInKeywords.sendKeys(WebUiBuiltInKeywords.groovy:863)
	at com.kms.katalon.core.webui.keyword.WebUiBuiltInKeywords$sendKeys$7.call(Unknown Source)
	at Add members to channel.run(Add members to channel:44)
	at com.kms.katalon.core.main.ScriptEngine.run(ScriptEngine.java:194)
	at com.kms.katalon.core.main.ScriptEngine.runScriptAsRawText(ScriptEngine.java:119)
	at com.kms.katalon.core.main.TestCaseExecutor.runScript(TestCaseExecutor.java:398)
	at com.kms.katalon.core.main.TestCaseExecutor.doExecute(TestCaseExecutor.java:389)
	at com.kms.katalon.core.main.TestCaseExecutor.processExecutionPhase(TestCaseExecutor.java:368)
	at com.kms.katalon.core.main.TestCaseExecutor.accessMainPhase(TestCaseExecutor.java:360)
	at com.kms.katalon.core.main.TestCaseExecutor.execute(TestCaseExecutor.java:255)
	at com.kms.katalon.core.main.TestSuiteExecutor.accessTestCaseMainPhase(TestSuiteExecutor.java:203)
	at com.kms.katalon.core.main.TestSuiteExecutor.accessTestSuiteMainPhase(TestSuiteExecutor.java:152)
	at com.kms.katalon.core.main.TestSuiteExecutor.execute(TestSuiteExecutor.java:95)
	at com.kms.katalon.core.main.TestCaseMain.startTestSuite(TestCaseMain.java:157)
	at com.kms.katalon.core.main.TestCaseMain$startTestSuite$0.call(Unknown Source)
	at TempTestSuite1622388507297.run(TempTestSuite1622388507297.groovy:39)
Caused by: org.openqa.selenium.ElementNotInteractableException: element not interactable
  (Session info: chrome=91.0.4472.77)
Build info: version: '3.141.59', revision: 'e82be7d358', time: '2018-11-14T08:25:53'
System info: host: 'WIN-SERVER-2019', ip: '10.1.0.4', os.name: 'Windows Server 2019', os.arch: 'amd64', os.version: '10.0', java.version: '1.8.0_282'
Driver info: com.kms.katalon.selenium.driver.CChromeDriver
Capabilities {acceptInsecureCerts: false, browserName: chrome, browserVersion: 91.0.4472.77, chrome: {chromedriverVersion: 90.0.4430.24 (4c6d850f087da..., userDataDir: C:\Users\nttuan\AppData\Loc...}, goog:chromeOptions: {debuggerAddress: localhost:59132}, javascriptEnabled: true, networkConnectionEnabled: false, pageLoadStrategy: normal, platform: WINDOWS, platformName: WINDOWS, proxy: Proxy(), setWindowRect: true, strictFileInteractability: false, timeouts: {implicit: 0, pageLoad: 300000, script: 30000}, unhandledPromptBehavior: dismiss and notify, webauthn:extension:largeBlob: true, webauthn:virtualAuthenticators: true}
Session ID: 077e7be0eebd2b705610bff0818787a1
	at org.openqa.selenium.remote.http.W3CHttpResponseCodec.createException(W3CHttpResponseCodec.java:187)
	at org.openqa.selenium.remote.http.W3CHttpResponseCodec.decode(W3CHttpResponseCodec.java:122)
	at org.openqa.selenium.remote.http.W3CHttpResponseCodec.decode(W3CHttpResponseCodec.java:49)
	at org.openqa.selenium.remote.HttpCommandExecutor.execute(HttpCommandExecutor.java:158)
	at org.openqa.selenium.remote.service.DriverCommandExecutor.execute(DriverCommandExecutor.java:83)
	at org.openqa.selenium.remote.RemoteWebDriver.execute(RemoteWebDriver.java:552)
	at com.kms.katalon.selenium.driver.CChromeDriver.execute(CChromeDriver.java:19)
	at org.openqa.selenium.remote.RemoteWebElement.execute(RemoteWebElement.java:285)
	at org.openqa.selenium.remote.RemoteWebElement.sendKeys(RemoteWebElement.java:106)
	at org.openqa.selenium.support.events.EventFiringWebDriver$EventFiringWebElement.lambda$new$0(EventFiringWebDriver.java:404)
	at com.sun.proxy.$Proxy17.sendKeys(Unknown Source)
	at org.openqa.selenium.support.events.EventFiringWebDriver$EventFiringWebElement.sendKeys(EventFiringWebDriver.java:429)
	at com.kms.katalon.core.webui.keyword.builtin.SendKeysKeyword$_sendKeys_closure1.doCall(SendKeysKeyword.groovy:53)
	at com.kms.katalon.core.webui.keyword.builtin.SendKeysKeyword$_sendKeys_closure1.call(SendKeysKeyword.groovy)
	at com.kms.katalon.core.webui.keyword.internal.WebUIKeywordMain.runKeyword(WebUIKeywordMain.groovy:20)
	at com.kms.katalon.core.webui.keyword.builtin.SendKeysKeyword.sendKeys(SendKeysKeyword.groovy:60)
	at com.kms.katalon.core.webui.keyword.builtin.SendKeysKeyword.execute(SendKeysKeyword.groovy:38)
	at com.kms.katalon.core.keyword.internal.KeywordExecutor.executeKeywordForPlatform(KeywordExecutor.groovy:73)
	at com.kms.katalon.core.webui.keyword.WebUiBuiltInKeywords.sendKeys(WebUiBuiltInKeywords.groovy:863)
	at com.kms.katalon.core.webui.keyword.WebUiBuiltInKeywords$sendKeys$7.call(Unknown Source)
	at Script1622167440372.run(Script1622167440372.groovy:44)
	... 13 more
)

2021-05-30 15:33:02 - [MESSAGE][FAILED] - Unable to send keys '' to object 'Object Repository/ChanelMember/Page_Channel to test add  remove members - _a376a4/div_Search for people' (Root cause: com.kms.katalon.core.exception.StepFailedException: Unable to send keys '' to object 'Object Repository/ChanelMember/Page_Channel to test add  remove members - _a376a4/div_Search for people'
	at com.kms.katalon.core.webui.keyword.internal.WebUIKeywordMain.stepFailed(WebUIKeywordMain.groovy:64)
	at com.kms.katalon.core.webui.keyword.internal.WebUIKeywordMain.runKeyword(WebUIKeywordMain.groovy:26)
	at com.kms.katalon.core.webui.keyword.builtin.SendKeysKeyword.sendKeys(SendKeysKeyword.groovy:60)
	at com.kms.katalon.core.webui.keyword.builtin.SendKeysKeyword.execute(SendKeysKeyword.groovy:38)
	at com.kms.katalon.core.keyword.internal.KeywordExecutor.executeKeywordForPlatform(KeywordExecutor.groovy:73)
	at com.kms.katalon.core.webui.keyword.WebUiBuiltInKeywords.sendKeys(WebUiBuiltInKeywords.groovy:863)
	at com.kms.katalon.core.webui.keyword.WebUiBuiltInKeywords$sendKeys$7.call(Unknown Source)
	at Add members to channel.run(Add members to channel:44)
	at com.kms.katalon.core.main.ScriptEngine.run(ScriptEngine.java:194)
	at com.kms.katalon.core.main.ScriptEngine.runScriptAsRawText(ScriptEngine.java:119)
	at com.kms.katalon.core.main.TestCaseExecutor.runScript(TestCaseExecutor.java:398)
	at com.kms.katalon.core.main.TestCaseExecutor.doExecute(TestCaseExecutor.java:389)
	at com.kms.katalon.core.main.TestCaseExecutor.processExecutionPhase(TestCaseExecutor.java:368)
	at com.kms.katalon.core.main.TestCaseExecutor.accessMainPhase(TestCaseExecutor.java:360)
	at com.kms.katalon.core.main.TestCaseExecutor.execute(TestCaseExecutor.java:255)
	at com.kms.katalon.core.main.TestSuiteExecutor.accessTestCaseMainPhase(TestSuiteExecutor.java:203)
	at com.kms.katalon.core.main.TestSuiteExecutor.accessTestSuiteMainPhase(TestSuiteExecutor.java:152)
	at com.kms.katalon.core.main.TestSuiteExecutor.execute(TestSuiteExecutor.java:95)
	at com.kms.katalon.core.main.TestCaseMain.startTestSuite(TestCaseMain.java:157)
	at com.kms.katalon.core.main.TestCaseMain$startTestSuite$0.call(Unknown Source)
	at TempTestSuite1622388507297.run(TempTestSuite1622388507297.groovy:39)
Caused by: org.openqa.selenium.ElementNotInteractableException: element not interactable
  (Session info: chrome=91.0.4472.77)
Build info: version: '3.141.59', revision: 'e82be7d358', time: '2018-11-14T08:25:53'
System info: host: 'WIN-SERVER-2019', ip: '10.1.0.4', os.name: 'Windows Server 2019', os.arch: 'amd64', os.version: '10.0', java.version: '1.8.0_282'
Driver info: com.kms.katalon.selenium.driver.CChromeDriver
Capabilities {acceptInsecureCerts: false, browserName: chrome, browserVersion: 91.0.4472.77, chrome: {chromedriverVersion: 90.0.4430.24 (4c6d850f087da..., userDataDir: C:\Users\nttuan\AppData\Loc...}, goog:chromeOptions: {debuggerAddress: localhost:59132}, javascriptEnabled: true, networkConnectionEnabled: false, pageLoadStrategy: normal, platform: WINDOWS, platformName: WINDOWS, proxy: Proxy(), setWindowRect: true, strictFileInteractability: false, timeouts: {implicit: 0, pageLoad: 300000, script: 30000}, unhandledPromptBehavior: dismiss and notify, webauthn:extension:largeBlob: true, webauthn:virtualAuthenticators: true}
Session ID: 077e7be0eebd2b705610bff0818787a1
	at org.openqa.selenium.remote.http.W3CHttpResponseCodec.createException(W3CHttpResponseCodec.java:187)
	at org.openqa.selenium.remote.http.W3CHttpResponseCodec.decode(W3CHttpResponseCodec.java:122)
	at org.openqa.selenium.remote.http.W3CHttpResponseCodec.decode(W3CHttpResponseCodec.java:49)
	at org.openqa.selenium.remote.HttpCommandExecutor.execute(HttpCommandExecutor.java:158)
	at org.openqa.selenium.remote.service.DriverCommandExecutor.execute(DriverCommandExecutor.java:83)
	at org.openqa.selenium.remote.RemoteWebDriver.execute(RemoteWebDriver.java:552)
	at com.kms.katalon.selenium.driver.CChromeDriver.execute(CChromeDriver.java:19)
	at org.openqa.selenium.remote.RemoteWebElement.execute(RemoteWebElement.java:285)
	at org.openqa.selenium.remote.RemoteWebElement.sendKeys(RemoteWebElement.java:106)
	at org.openqa.selenium.support.events.EventFiringWebDriver$EventFiringWebElement.lambda$new$0(EventFiringWebDriver.java:404)
	at com.sun.proxy.$Proxy17.sendKeys(Unknown Source)
	at org.openqa.selenium.support.events.EventFiringWebDriver$EventFiringWebElement.sendKeys(EventFiringWebDriver.java:429)
	at com.kms.katalon.core.webui.keyword.builtin.SendKeysKeyword$_sendKeys_closure1.doCall(SendKeysKeyword.groovy:53)
	at com.kms.katalon.core.webui.keyword.builtin.SendKeysKeyword$_sendKeys_closure1.call(SendKeysKeyword.groovy)
	at com.kms.katalon.core.webui.keyword.internal.WebUIKeywordMain.runKeyword(WebUIKeywordMain.groovy:20)
	at com.kms.katalon.core.webui.keyword.builtin.SendKeysKeyword.sendKeys(SendKeysKeyword.groovy:60)
	at com.kms.katalon.core.webui.keyword.builtin.SendKeysKeyword.execute(SendKeysKeyword.groovy:38)
	at com.kms.katalon.core.keyword.internal.KeywordExecutor.executeKeywordForPlatform(KeywordExecutor.groovy:73)
	at com.kms.katalon.core.webui.keyword.WebUiBuiltInKeywords.sendKeys(WebUiBuiltInKeywords.groovy:863)
	at com.kms.katalon.core.webui.keyword.WebUiBuiltInKeywords$sendKeys$7.call(Unknown Source)
	at Script1622167440372.run(Script1622167440372.groovy:44)
	... 13 more
)
[[ATTACHMENT|C:\\Users\\nttuan\\Downloads\\CDNC\\mattermost-testing\\Reports\\20210530_152827\\Run all test cases\\20210530_152827\\1622388782568.png]]

2021-05-30 15:33:02 - [TEST_STEP][PASSED] - catch (Exception e): Object: 'Object Repository/ChanelMember/Page_Channel to test add  remove members - TEAM NAME Mattermost/div_CloseAdd search' is clicked on

2021-05-30 15:33:02 - [TEST_STEP][PASSED] - click(findTestObject("ChanelMember/Page_Channel to test add  remove members - TEAM NAME Mattermost/div_CloseAdd search")): Object: 'Object Repository/ChanelMember/Page_Channel to test add  remove members - TEAM NAME Mattermost/div_CloseAdd search' is clicked on

2021-05-30 15:33:03 - [MESSAGE][PASSED] - Object: 'Object Repository/ChanelMember/Page_Channel to test add  remove members - TEAM NAME Mattermost/div_CloseAdd search' is clicked on

2021-05-30 15:33:03 - [TEST_STEP][PASSED] - closeBrowser(): Browser is closed

2021-05-30 15:33:03 - [MESSAGE][PASSED] - Browser is closed]]></system-out>
         <system-err><![CDATA[]]></system-err>
      </testcase>
      <testcase name="Test Cases/Loop/Search messages" time="17.678" classname="Test Cases/Loop/Search messages" status="PASSED">
         <system-out><![CDATA[2021-05-30 15:33:03 - [TEST_CASE][PASSED] - Test Cases/Loop/Search messages: Test Cases/Loop/Search messages

2021-05-30 15:33:04 - [TEST_STEP][PASSED] - callTestCase(findTestCase("Common Test Cases/Login"), ["Username":"nttuan", "Password":"12345678zZ@"], STOP_ON_FAILURE): Call Test Case 'Test Cases/Common Test Cases/Login' successfully

2021-05-30 15:33:04 - [TEST_CASE][PASSED] - Test Cases/Common Test Cases/Login: Test Cases/Common Test Cases/Login

2021-05-30 15:33:04 - [TEST_STEP][PASSED] - openBrowser(""): Browser is opened with url: ''

2021-05-30 15:33:04 - [MESSAGE][INFO] - Starting 'Chrome' driver

2021-05-30 15:33:04 - [MESSAGE][INFO] - Action delay is set to 0 milliseconds

2021-05-30 15:33:05 - [MESSAGE][PASSED] - Browser is opened with url: ''

2021-05-30 15:33:05 - [TEST_STEP][PASSED] - navigateToUrl("https://chudenangcao2021.cf/"): Navigate to 'https://chudenangcao2021.cf/' successfully

2021-05-30 15:33:05 - [MESSAGE][PASSED] - Navigate to 'https://chudenangcao2021.cf/' successfully

2021-05-30 15:33:05 - [TEST_STEP][PASSED] - setText(findTestObject("Object Repository/Page_Mattermost/input_All team communication in one place, _dcc84b"), Username): Text 'nttuan' is set on object 'Object Repository/Page_Mattermost/input_All team communication in one place, _dcc84b'

2021-05-30 15:33:07 - [MESSAGE][PASSED] - Text 'nttuan' is set on object 'Object Repository/Page_Mattermost/input_All team communication in one place, _dcc84b'

2021-05-30 15:33:07 - [TEST_STEP][PASSED] - setText(findTestObject("Object Repository/Page_Mattermost/input_All team communication in one place, _a3edc6"), Password): Text '12345678zZ@' is set on object 'Object Repository/Page_Mattermost/input_All team communication in one place, _a3edc6'

2021-05-30 15:33:08 - [MESSAGE][PASSED] - Text '12345678zZ@' is set on object 'Object Repository/Page_Mattermost/input_All team communication in one place, _a3edc6'

2021-05-30 15:33:08 - [TEST_STEP][PASSED] - click(findTestObject("Object Repository/Page_Mattermost/button_Sign in")): Object: 'Object Repository/Page_Mattermost/button_Sign in' is clicked on

2021-05-30 15:33:08 - [MESSAGE][PASSED] - Object: 'Object Repository/Page_Mattermost/button_Sign in' is clicked on

2021-05-30 15:33:08 - [TEST_STEP][PASSED] - verifyLinksAccessible(["https://chudenangcao2021.cf/cdnc-cnpm-2021/channels"]): All links are accessible

2021-05-30 15:33:08 - [MESSAGE][INFO] - HAR: C:\Users\nttuan\Downloads\CDNC\mattermost-testing\Reports\20210530_152827\Run all test cases\20210530_152827\requests\main\30.har

2021-05-30 15:33:08 - [MESSAGE][PASSED] - Send request successfully

2021-05-30 15:33:08 - [MESSAGE][PASSED] - All links are accessible

2021-05-30 15:33:08 - [MESSAGE][PASSED] - Call Test Case 'Test Cases/Common Test Cases/Login' successfully

2021-05-30 15:33:08 - [TEST_STEP][PASSED] - click(findTestObject("Object Repository/SearchMessage/Page_TEST CHANNEL - TEAM NAME Mattermost/span_TEST CHANNEL")): Object: 'Object Repository/SearchMessage/Page_TEST CHANNEL - TEAM NAME Mattermost/span_TEST CHANNEL' is clicked on

2021-05-30 15:33:09 - [MESSAGE][PASSED] - Object: 'Object Repository/SearchMessage/Page_TEST CHANNEL - TEAM NAME Mattermost/span_TEST CHANNEL' is clicked on

2021-05-30 15:33:09 - [TEST_STEP][PASSED] - click(findTestObject("Object Repository/SearchMessage/Page_TEST CHANNEL - TEAM NAME Mattermost/span_TEST CHANNEL_icon icon--standard")): Object: 'Object Repository/SearchMessage/Page_TEST CHANNEL - TEAM NAME Mattermost/span_TEST CHANNEL_icon icon--standard' is clicked on

2021-05-30 15:33:10 - [MESSAGE][PASSED] - Object: 'Object Repository/SearchMessage/Page_TEST CHANNEL - TEAM NAME Mattermost/span_TEST CHANNEL_icon icon--standard' is clicked on

2021-05-30 15:33:10 - [TEST_STEP][PASSED] - internalSearchMessages = findTestData("Internal/Internal Search Messages"): null

2021-05-30 15:33:10 - [TEST_STEP][PASSED] - nMessages = internalSearchMessages.getRowNumbers(): null

2021-05-30 15:33:10 - [TEST_STEP][PASSED] - for ([i = 1, i <= nMessages, (i++)]): null

2021-05-30 15:33:10 - [TEST_STEP][PASSED] - message = internalSearchMessages.getValue(1, i): null

2021-05-30 15:33:10 - [TEST_STEP][PASSED] - setText(findTestObject("Object Repository/SearchMessage/Page_TEST CHANNEL - TEAM NAME Mattermost/input_TEST CHANNEL_searchBox"), message): Text 'test' is set on object 'Object Repository/SearchMessage/Page_TEST CHANNEL - TEAM NAME Mattermost/input_TEST CHANNEL_searchBox'

2021-05-30 15:33:11 - [MESSAGE][PASSED] - Text 'test' is set on object 'Object Repository/SearchMessage/Page_TEST CHANNEL - TEAM NAME Mattermost/input_TEST CHANNEL_searchBox'

2021-05-30 15:33:11 - [TEST_STEP][PASSED] - sendKeys(findTestObject("Object Repository/SearchMessage/Page_TEST CHANNEL - TEAM NAME Mattermost/input_TEST CHANNEL_searchBox"), Keys.chord(ENTER)): Keys 'ENTER + ' sent to object: 'Object Repository/SearchMessage/Page_TEST CHANNEL - TEAM NAME Mattermost/input_TEST CHANNEL_searchBox'

2021-05-30 15:33:12 - [MESSAGE][PASSED] - Keys 'ENTER + ' sent to object: 'Object Repository/SearchMessage/Page_TEST CHANNEL - TEAM NAME Mattermost/input_TEST CHANNEL_searchBox'

2021-05-30 15:33:12 - [TEST_STEP][PASSED] - Thread.sleep(500): null

2021-05-30 15:33:12 - [TEST_STEP][PASSED] - message = internalSearchMessages.getValue(1, i): null

2021-05-30 15:33:12 - [TEST_STEP][PASSED] - setText(findTestObject("Object Repository/SearchMessage/Page_TEST CHANNEL - TEAM NAME Mattermost/input_TEST CHANNEL_searchBox"), message): Text 'hello' is set on object 'Object Repository/SearchMessage/Page_TEST CHANNEL - TEAM NAME Mattermost/input_TEST CHANNEL_searchBox'

2021-05-30 15:33:14 - [MESSAGE][PASSED] - Text 'hello' is set on object 'Object Repository/SearchMessage/Page_TEST CHANNEL - TEAM NAME Mattermost/input_TEST CHANNEL_searchBox'

2021-05-30 15:33:14 - [TEST_STEP][PASSED] - sendKeys(findTestObject("Object Repository/SearchMessage/Page_TEST CHANNEL - TEAM NAME Mattermost/input_TEST CHANNEL_searchBox"), Keys.chord(ENTER)): Keys 'ENTER + ' sent to object: 'Object Repository/SearchMessage/Page_TEST CHANNEL - TEAM NAME Mattermost/input_TEST CHANNEL_searchBox'

2021-05-30 15:33:14 - [MESSAGE][PASSED] - Keys 'ENTER + ' sent to object: 'Object Repository/SearchMessage/Page_TEST CHANNEL - TEAM NAME Mattermost/input_TEST CHANNEL_searchBox'

2021-05-30 15:33:14 - [TEST_STEP][PASSED] - Thread.sleep(500): null

2021-05-30 15:33:15 - [TEST_STEP][PASSED] - message = internalSearchMessages.getValue(1, i): null

2021-05-30 15:33:15 - [TEST_STEP][PASSED] - setText(findTestObject("Object Repository/SearchMessage/Page_TEST CHANNEL - TEAM NAME Mattermost/input_TEST CHANNEL_searchBox"), message): Text 'current' is set on object 'Object Repository/SearchMessage/Page_TEST CHANNEL - TEAM NAME Mattermost/input_TEST CHANNEL_searchBox'

2021-05-30 15:33:15 - [MESSAGE][PASSED] - Text 'current' is set on object 'Object Repository/SearchMessage/Page_TEST CHANNEL - TEAM NAME Mattermost/input_TEST CHANNEL_searchBox'

2021-05-30 15:33:15 - [TEST_STEP][PASSED] - sendKeys(findTestObject("Object Repository/SearchMessage/Page_TEST CHANNEL - TEAM NAME Mattermost/input_TEST CHANNEL_searchBox"), Keys.chord(ENTER)): Keys 'ENTER + ' sent to object: 'Object Repository/SearchMessage/Page_TEST CHANNEL - TEAM NAME Mattermost/input_TEST CHANNEL_searchBox'

2021-05-30 15:33:16 - [MESSAGE][PASSED] - Keys 'ENTER + ' sent to object: 'Object Repository/SearchMessage/Page_TEST CHANNEL - TEAM NAME Mattermost/input_TEST CHANNEL_searchBox'

2021-05-30 15:33:16 - [TEST_STEP][PASSED] - Thread.sleep(500): null

2021-05-30 15:33:16 - [TEST_STEP][PASSED] - message = internalSearchMessages.getValue(1, i): null

2021-05-30 15:33:16 - [TEST_STEP][PASSED] - setText(findTestObject("Object Repository/SearchMessage/Page_TEST CHANNEL - TEAM NAME Mattermost/input_TEST CHANNEL_searchBox"), message): Text 'virus' is set on object 'Object Repository/SearchMessage/Page_TEST CHANNEL - TEAM NAME Mattermost/input_TEST CHANNEL_searchBox'

2021-05-30 15:33:18 - [MESSAGE][PASSED] - Text 'virus' is set on object 'Object Repository/SearchMessage/Page_TEST CHANNEL - TEAM NAME Mattermost/input_TEST CHANNEL_searchBox'

2021-05-30 15:33:18 - [TEST_STEP][PASSED] - sendKeys(findTestObject("Object Repository/SearchMessage/Page_TEST CHANNEL - TEAM NAME Mattermost/input_TEST CHANNEL_searchBox"), Keys.chord(ENTER)): Keys 'ENTER + ' sent to object: 'Object Repository/SearchMessage/Page_TEST CHANNEL - TEAM NAME Mattermost/input_TEST CHANNEL_searchBox'

2021-05-30 15:33:18 - [MESSAGE][PASSED] - Keys 'ENTER + ' sent to object: 'Object Repository/SearchMessage/Page_TEST CHANNEL - TEAM NAME Mattermost/input_TEST CHANNEL_searchBox'

2021-05-30 15:33:18 - [TEST_STEP][PASSED] - Thread.sleep(500): null

2021-05-30 15:33:18 - [TEST_STEP][PASSED] - message = internalSearchMessages.getValue(1, i): null

2021-05-30 15:33:18 - [TEST_STEP][PASSED] - setText(findTestObject("Object Repository/SearchMessage/Page_TEST CHANNEL - TEAM NAME Mattermost/input_TEST CHANNEL_searchBox"), message): Text 'not found this message' is set on object 'Object Repository/SearchMessage/Page_TEST CHANNEL - TEAM NAME Mattermost/input_TEST CHANNEL_searchBox'

2021-05-30 15:33:19 - [MESSAGE][PASSED] - Text 'not found this message' is set on object 'Object Repository/SearchMessage/Page_TEST CHANNEL - TEAM NAME Mattermost/input_TEST CHANNEL_searchBox'

2021-05-30 15:33:19 - [TEST_STEP][PASSED] - sendKeys(findTestObject("Object Repository/SearchMessage/Page_TEST CHANNEL - TEAM NAME Mattermost/input_TEST CHANNEL_searchBox"), Keys.chord(ENTER)): Keys 'ENTER + ' sent to object: 'Object Repository/SearchMessage/Page_TEST CHANNEL - TEAM NAME Mattermost/input_TEST CHANNEL_searchBox'

2021-05-30 15:33:20 - [MESSAGE][PASSED] - Keys 'ENTER + ' sent to object: 'Object Repository/SearchMessage/Page_TEST CHANNEL - TEAM NAME Mattermost/input_TEST CHANNEL_searchBox'

2021-05-30 15:33:20 - [TEST_STEP][PASSED] - Thread.sleep(500): null

2021-05-30 15:33:20 - [TEST_STEP][PASSED] - closeBrowser(): Browser is closed

2021-05-30 15:33:21 - [MESSAGE][PASSED] - Browser is closed]]></system-out>
         <system-err><![CDATA[]]></system-err>
      </testcase>
      <testcase name="Test Cases/Loop/Send direct messages" time="21.201" classname="Test Cases/Loop/Send direct messages" status="PASSED">
         <system-out><![CDATA[2021-05-30 15:33:21 - [TEST_CASE][PASSED] - Test Cases/Loop/Send direct messages: Test Cases/Loop/Send direct messages

2021-05-30 15:33:21 - [TEST_STEP][PASSED] - callTestCase(findTestCase("Common Test Cases/Login"), ["Username":"nttuan", "Password":"12345678zZ@"], STOP_ON_FAILURE): Call Test Case 'Test Cases/Common Test Cases/Login' successfully

2021-05-30 15:33:21 - [TEST_CASE][PASSED] - Test Cases/Common Test Cases/Login: Test Cases/Common Test Cases/Login

2021-05-30 15:33:21 - [TEST_STEP][PASSED] - openBrowser(""): Browser is opened with url: ''

2021-05-30 15:33:21 - [MESSAGE][INFO] - Starting 'Chrome' driver

2021-05-30 15:33:21 - [MESSAGE][INFO] - Action delay is set to 0 milliseconds

2021-05-30 15:33:23 - [MESSAGE][PASSED] - Browser is opened with url: ''

2021-05-30 15:33:23 - [TEST_STEP][PASSED] - navigateToUrl("https://chudenangcao2021.cf/"): Navigate to 'https://chudenangcao2021.cf/' successfully

2021-05-30 15:33:23 - [MESSAGE][PASSED] - Navigate to 'https://chudenangcao2021.cf/' successfully

2021-05-30 15:33:23 - [TEST_STEP][PASSED] - setText(findTestObject("Object Repository/Page_Mattermost/input_All team communication in one place, _dcc84b"), Username): Text 'nttuan' is set on object 'Object Repository/Page_Mattermost/input_All team communication in one place, _dcc84b'

2021-05-30 15:33:25 - [MESSAGE][PASSED] - Text 'nttuan' is set on object 'Object Repository/Page_Mattermost/input_All team communication in one place, _dcc84b'

2021-05-30 15:33:25 - [TEST_STEP][PASSED] - setText(findTestObject("Object Repository/Page_Mattermost/input_All team communication in one place, _a3edc6"), Password): Text '12345678zZ@' is set on object 'Object Repository/Page_Mattermost/input_All team communication in one place, _a3edc6'

2021-05-30 15:33:25 - [MESSAGE][PASSED] - Text '12345678zZ@' is set on object 'Object Repository/Page_Mattermost/input_All team communication in one place, _a3edc6'

2021-05-30 15:33:25 - [TEST_STEP][PASSED] - click(findTestObject("Object Repository/Page_Mattermost/button_Sign in")): Object: 'Object Repository/Page_Mattermost/button_Sign in' is clicked on

2021-05-30 15:33:26 - [MESSAGE][PASSED] - Object: 'Object Repository/Page_Mattermost/button_Sign in' is clicked on

2021-05-30 15:33:26 - [TEST_STEP][PASSED] - verifyLinksAccessible(["https://chudenangcao2021.cf/cdnc-cnpm-2021/channels"]): All links are accessible

2021-05-30 15:33:26 - [MESSAGE][INFO] - HAR: C:\Users\nttuan\Downloads\CDNC\mattermost-testing\Reports\20210530_152827\Run all test cases\20210530_152827\requests\main\31.har

2021-05-30 15:33:26 - [MESSAGE][PASSED] - Send request successfully

2021-05-30 15:33:26 - [MESSAGE][PASSED] - All links are accessible

2021-05-30 15:33:26 - [MESSAGE][PASSED] - Call Test Case 'Test Cases/Common Test Cases/Login' successfully

2021-05-30 15:33:26 - [TEST_STEP][PASSED] - click(findTestObject("Object Repository/Direct Message/Page_TEST CHANNEL - TEAM NAME Mattermost/i_DIRECT MESSAGES_icon-plus")): Object: 'Object Repository/Direct Message/Page_TEST CHANNEL - TEAM NAME Mattermost/i_DIRECT MESSAGES_icon-plus' is clicked on

2021-05-30 15:33:27 - [MESSAGE][PASSED] - Object: 'Object Repository/Direct Message/Page_TEST CHANNEL - TEAM NAME Mattermost/i_DIRECT MESSAGES_icon-plus' is clicked on

2021-05-30 15:33:27 - [TEST_STEP][PASSED] - setText(findTestObject("Object Repository/Direct Message/Page_TEST CHANNEL - TEAM NAME Mattermost/input_Search for people_react-select-2-input"), username): Text 'nguyenvanb' is set on object 'Object Repository/Direct Message/Page_TEST CHANNEL - TEAM NAME Mattermost/input_Search for people_react-select-2-input'

2021-05-30 15:33:28 - [MESSAGE][PASSED] - Text 'nguyenvanb' is set on object 'Object Repository/Direct Message/Page_TEST CHANNEL - TEAM NAME Mattermost/input_Search for people_react-select-2-input'

2021-05-30 15:33:28 - [TEST_STEP][PASSED] - sendKeys(findTestObject("Object Repository/Direct Message/Page_TEST CHANNEL - TEAM NAME Mattermost/input_Search for people_react-select-2-input"), Keys.chord(ENTER)): Keys 'ENTER + ' sent to object: 'Object Repository/Direct Message/Page_TEST CHANNEL - TEAM NAME Mattermost/input_Search for people_react-select-2-input'

2021-05-30 15:33:29 - [MESSAGE][PASSED] - Keys 'ENTER + ' sent to object: 'Object Repository/Direct Message/Page_TEST CHANNEL - TEAM NAME Mattermost/input_Search for people_react-select-2-input'

2021-05-30 15:33:29 - [TEST_STEP][PASSED] - click(findTestObject("Object Repository/Direct Message/Page_TEST CHANNEL - TEAM NAME Mattermost/button_Go")): Object: 'Object Repository/Direct Message/Page_TEST CHANNEL - TEAM NAME Mattermost/button_Go' is clicked on

2021-05-30 15:33:30 - [MESSAGE][PASSED] - Object: 'Object Repository/Direct Message/Page_TEST CHANNEL - TEAM NAME Mattermost/button_Go' is clicked on

2021-05-30 15:33:30 - [TEST_STEP][PASSED] - message = String.format("This test will sent %d direct messages using while loop", nMessage): null

2021-05-30 15:33:30 - [TEST_STEP][PASSED] - format = DateTimeFormatter.ofPattern("dd-MM-yyyy HH:mm:ss"): null

2021-05-30 15:33:30 - [TEST_STEP][PASSED] - setText(findTestObject("Object Repository/Direct Message/Page_nguyenvanb - TEAM NAME Mattermost/textarea_Write to nguyenvanb_post_textbox"), message): Text 'This test will sent 5 direct messages using while loop' is set on object 'Object Repository/Direct Message/Page_nguyenvanb - TEAM NAME Mattermost/textarea_Write to nguyenvanb_post_textbox'

2021-05-30 15:33:32 - [MESSAGE][PASSED] - Text 'This test will sent 5 direct messages using while loop' is set on object 'Object Repository/Direct Message/Page_nguyenvanb - TEAM NAME Mattermost/textarea_Write to nguyenvanb_post_textbox'

2021-05-30 15:33:32 - [TEST_STEP][PASSED] - sendKeys(findTestObject("Object Repository/Direct Message/Page_nguyenvanb - TEAM NAME Mattermost/textarea_Write to nguyenvanb_post_textbox"), Keys.chord(ENTER)): Keys 'ENTER + ' sent to object: 'Object Repository/Direct Message/Page_nguyenvanb - TEAM NAME Mattermost/textarea_Write to nguyenvanb_post_textbox'

2021-05-30 15:33:32 - [MESSAGE][PASSED] - Keys 'ENTER + ' sent to object: 'Object Repository/Direct Message/Page_nguyenvanb - TEAM NAME Mattermost/textarea_Write to nguyenvanb_post_textbox'

2021-05-30 15:33:32 - [TEST_STEP][PASSED] - while (nMessage > 0): null

2021-05-30 15:33:32 - [TEST_STEP][PASSED] - message = String.format("Sent message to %s at %s", username, now().format(format)): null

2021-05-30 15:33:32 - [TEST_STEP][PASSED] - setText(findTestObject("Object Repository/Direct Message/Page_nguyenvanb - TEAM NAME Mattermost/textarea_Write to nguyenvanb_post_textbox"), message): Text 'Sent message to nguyenvanb at 30-05-2021 16:33:32' is set on object 'Object Repository/Direct Message/Page_nguyenvanb - TEAM NAME Mattermost/textarea_Write to nguyenvanb_post_textbox'

2021-05-30 15:33:33 - [MESSAGE][PASSED] - Text 'Sent message to nguyenvanb at 30-05-2021 16:33:32' is set on object 'Object Repository/Direct Message/Page_nguyenvanb - TEAM NAME Mattermost/textarea_Write to nguyenvanb_post_textbox'

2021-05-30 15:33:33 - [TEST_STEP][PASSED] - sendKeys(findTestObject("Object Repository/Direct Message/Page_nguyenvanb - TEAM NAME Mattermost/textarea_Write to nguyenvanb_post_textbox"), Keys.chord(ENTER)): Keys 'ENTER + ' sent to object: 'Object Repository/Direct Message/Page_nguyenvanb - TEAM NAME Mattermost/textarea_Write to nguyenvanb_post_textbox'

2021-05-30 15:33:34 - [MESSAGE][PASSED] - Keys 'ENTER + ' sent to object: 'Object Repository/Direct Message/Page_nguyenvanb - TEAM NAME Mattermost/textarea_Write to nguyenvanb_post_textbox'

2021-05-30 15:33:34 - [TEST_STEP][PASSED] - Thread.sleep(500): null

2021-05-30 15:33:34 - [TEST_STEP][PASSED] - (nMessage--): null

2021-05-30 15:33:34 - [TEST_STEP][PASSED] - message = String.format("Sent message to %s at %s", username, now().format(format)): null

2021-05-30 15:33:34 - [TEST_STEP][PASSED] - setText(findTestObject("Object Repository/Direct Message/Page_nguyenvanb - TEAM NAME Mattermost/textarea_Write to nguyenvanb_post_textbox"), message): Text 'Sent message to nguyenvanb at 30-05-2021 16:33:34' is set on object 'Object Repository/Direct Message/Page_nguyenvanb - TEAM NAME Mattermost/textarea_Write to nguyenvanb_post_textbox'

2021-05-30 15:33:35 - [MESSAGE][PASSED] - Text 'Sent message to nguyenvanb at 30-05-2021 16:33:34' is set on object 'Object Repository/Direct Message/Page_nguyenvanb - TEAM NAME Mattermost/textarea_Write to nguyenvanb_post_textbox'

2021-05-30 15:33:35 - [TEST_STEP][PASSED] - sendKeys(findTestObject("Object Repository/Direct Message/Page_nguyenvanb - TEAM NAME Mattermost/textarea_Write to nguyenvanb_post_textbox"), Keys.chord(ENTER)): Keys 'ENTER + ' sent to object: 'Object Repository/Direct Message/Page_nguyenvanb - TEAM NAME Mattermost/textarea_Write to nguyenvanb_post_textbox'

2021-05-30 15:33:36 - [MESSAGE][PASSED] - Keys 'ENTER + ' sent to object: 'Object Repository/Direct Message/Page_nguyenvanb - TEAM NAME Mattermost/textarea_Write to nguyenvanb_post_textbox'

2021-05-30 15:33:36 - [TEST_STEP][PASSED] - Thread.sleep(500): null

2021-05-30 15:33:36 - [TEST_STEP][PASSED] - (nMessage--): null

2021-05-30 15:33:36 - [TEST_STEP][PASSED] - message = String.format("Sent message to %s at %s", username, now().format(format)): null

2021-05-30 15:33:36 - [TEST_STEP][PASSED] - setText(findTestObject("Object Repository/Direct Message/Page_nguyenvanb - TEAM NAME Mattermost/textarea_Write to nguyenvanb_post_textbox"), message): Text 'Sent message to nguyenvanb at 30-05-2021 16:33:36' is set on object 'Object Repository/Direct Message/Page_nguyenvanb - TEAM NAME Mattermost/textarea_Write to nguyenvanb_post_textbox'

2021-05-30 15:33:37 - [MESSAGE][PASSED] - Text 'Sent message to nguyenvanb at 30-05-2021 16:33:36' is set on object 'Object Repository/Direct Message/Page_nguyenvanb - TEAM NAME Mattermost/textarea_Write to nguyenvanb_post_textbox'

2021-05-30 15:33:37 - [TEST_STEP][PASSED] - sendKeys(findTestObject("Object Repository/Direct Message/Page_nguyenvanb - TEAM NAME Mattermost/textarea_Write to nguyenvanb_post_textbox"), Keys.chord(ENTER)): Keys 'ENTER + ' sent to object: 'Object Repository/Direct Message/Page_nguyenvanb - TEAM NAME Mattermost/textarea_Write to nguyenvanb_post_textbox'

2021-05-30 15:33:37 - [MESSAGE][PASSED] - Keys 'ENTER + ' sent to object: 'Object Repository/Direct Message/Page_nguyenvanb - TEAM NAME Mattermost/textarea_Write to nguyenvanb_post_textbox'

2021-05-30 15:33:37 - [TEST_STEP][PASSED] - Thread.sleep(500): null

2021-05-30 15:33:38 - [TEST_STEP][PASSED] - (nMessage--): null

2021-05-30 15:33:38 - [TEST_STEP][PASSED] - message = String.format("Sent message to %s at %s", username, now().format(format)): null

2021-05-30 15:33:38 - [TEST_STEP][PASSED] - setText(findTestObject("Object Repository/Direct Message/Page_nguyenvanb - TEAM NAME Mattermost/textarea_Write to nguyenvanb_post_textbox"), message): Text 'Sent message to nguyenvanb at 30-05-2021 16:33:38' is set on object 'Object Repository/Direct Message/Page_nguyenvanb - TEAM NAME Mattermost/textarea_Write to nguyenvanb_post_textbox'

2021-05-30 15:33:39 - [MESSAGE][PASSED] - Text 'Sent message to nguyenvanb at 30-05-2021 16:33:38' is set on object 'Object Repository/Direct Message/Page_nguyenvanb - TEAM NAME Mattermost/textarea_Write to nguyenvanb_post_textbox'

2021-05-30 15:33:39 - [TEST_STEP][PASSED] - sendKeys(findTestObject("Object Repository/Direct Message/Page_nguyenvanb - TEAM NAME Mattermost/textarea_Write to nguyenvanb_post_textbox"), Keys.chord(ENTER)): Keys 'ENTER + ' sent to object: 'Object Repository/Direct Message/Page_nguyenvanb - TEAM NAME Mattermost/textarea_Write to nguyenvanb_post_textbox'

2021-05-30 15:33:39 - [MESSAGE][PASSED] - Keys 'ENTER + ' sent to object: 'Object Repository/Direct Message/Page_nguyenvanb - TEAM NAME Mattermost/textarea_Write to nguyenvanb_post_textbox'

2021-05-30 15:33:39 - [TEST_STEP][PASSED] - Thread.sleep(500): null

2021-05-30 15:33:40 - [TEST_STEP][PASSED] - (nMessage--): null

2021-05-30 15:33:40 - [TEST_STEP][PASSED] - message = String.format("Sent message to %s at %s", username, now().format(format)): null

2021-05-30 15:33:40 - [TEST_STEP][PASSED] - setText(findTestObject("Object Repository/Direct Message/Page_nguyenvanb - TEAM NAME Mattermost/textarea_Write to nguyenvanb_post_textbox"), message): Text 'Sent message to nguyenvanb at 30-05-2021 16:33:40' is set on object 'Object Repository/Direct Message/Page_nguyenvanb - TEAM NAME Mattermost/textarea_Write to nguyenvanb_post_textbox'

2021-05-30 15:33:40 - [MESSAGE][PASSED] - Text 'Sent message to nguyenvanb at 30-05-2021 16:33:40' is set on object 'Object Repository/Direct Message/Page_nguyenvanb - TEAM NAME Mattermost/textarea_Write to nguyenvanb_post_textbox'

2021-05-30 15:33:40 - [TEST_STEP][PASSED] - sendKeys(findTestObject("Object Repository/Direct Message/Page_nguyenvanb - TEAM NAME Mattermost/textarea_Write to nguyenvanb_post_textbox"), Keys.chord(ENTER)): Keys 'ENTER + ' sent to object: 'Object Repository/Direct Message/Page_nguyenvanb - TEAM NAME Mattermost/textarea_Write to nguyenvanb_post_textbox'

2021-05-30 15:33:41 - [MESSAGE][PASSED] - Keys 'ENTER + ' sent to object: 'Object Repository/Direct Message/Page_nguyenvanb - TEAM NAME Mattermost/textarea_Write to nguyenvanb_post_textbox'

2021-05-30 15:33:41 - [TEST_STEP][PASSED] - Thread.sleep(500): null

2021-05-30 15:33:42 - [TEST_STEP][PASSED] - (nMessage--): null

2021-05-30 15:33:42 - [TEST_STEP][PASSED] - closeBrowser(): Browser is closed

2021-05-30 15:33:42 - [MESSAGE][PASSED] - Browser is closed]]></system-out>
         <system-err><![CDATA[]]></system-err>
      </testcase>
      <testcase name="Test Cases/Loop/Send messages to private channel" time="18.029" classname="Test Cases/Loop/Send messages to private channel" status="PASSED">
         <system-out><![CDATA[2021-05-30 15:33:42 - [TEST_CASE][PASSED] - Test Cases/Loop/Send messages to private channel: Test Cases/Loop/Send messages to private channel

2021-05-30 15:33:42 - [TEST_STEP][PASSED] - callTestCase(findTestCase("Common Test Cases/Login"), ["Username":"nttuan", "Password":"12345678zZ@"], STOP_ON_FAILURE): Call Test Case 'Test Cases/Common Test Cases/Login' successfully

2021-05-30 15:33:43 - [TEST_CASE][PASSED] - Test Cases/Common Test Cases/Login: Test Cases/Common Test Cases/Login

2021-05-30 15:33:43 - [TEST_STEP][PASSED] - openBrowser(""): Browser is opened with url: ''

2021-05-30 15:33:43 - [MESSAGE][INFO] - Starting 'Chrome' driver

2021-05-30 15:33:43 - [MESSAGE][INFO] - Action delay is set to 0 milliseconds

2021-05-30 15:33:44 - [MESSAGE][PASSED] - Browser is opened with url: ''

2021-05-30 15:33:44 - [TEST_STEP][PASSED] - navigateToUrl("https://chudenangcao2021.cf/"): Navigate to 'https://chudenangcao2021.cf/' successfully

2021-05-30 15:33:44 - [MESSAGE][PASSED] - Navigate to 'https://chudenangcao2021.cf/' successfully

2021-05-30 15:33:44 - [TEST_STEP][PASSED] - setText(findTestObject("Object Repository/Page_Mattermost/input_All team communication in one place, _dcc84b"), Username): Text 'nttuan' is set on object 'Object Repository/Page_Mattermost/input_All team communication in one place, _dcc84b'

2021-05-30 15:33:46 - [MESSAGE][PASSED] - Text 'nttuan' is set on object 'Object Repository/Page_Mattermost/input_All team communication in one place, _dcc84b'

2021-05-30 15:33:46 - [TEST_STEP][PASSED] - setText(findTestObject("Object Repository/Page_Mattermost/input_All team communication in one place, _a3edc6"), Password): Text '12345678zZ@' is set on object 'Object Repository/Page_Mattermost/input_All team communication in one place, _a3edc6'

2021-05-30 15:33:46 - [MESSAGE][PASSED] - Text '12345678zZ@' is set on object 'Object Repository/Page_Mattermost/input_All team communication in one place, _a3edc6'

2021-05-30 15:33:46 - [TEST_STEP][PASSED] - click(findTestObject("Object Repository/Page_Mattermost/button_Sign in")): Object: 'Object Repository/Page_Mattermost/button_Sign in' is clicked on

2021-05-30 15:33:47 - [MESSAGE][PASSED] - Object: 'Object Repository/Page_Mattermost/button_Sign in' is clicked on

2021-05-30 15:33:47 - [TEST_STEP][PASSED] - verifyLinksAccessible(["https://chudenangcao2021.cf/cdnc-cnpm-2021/channels"]): All links are accessible

2021-05-30 15:33:47 - [MESSAGE][INFO] - HAR: C:\Users\nttuan\Downloads\CDNC\mattermost-testing\Reports\20210530_152827\Run all test cases\20210530_152827\requests\main\32.har

2021-05-30 15:33:47 - [MESSAGE][PASSED] - Send request successfully

2021-05-30 15:33:47 - [MESSAGE][PASSED] - All links are accessible

2021-05-30 15:33:47 - [MESSAGE][PASSED] - Call Test Case 'Test Cases/Common Test Cases/Login' successfully

2021-05-30 15:33:47 - [TEST_STEP][PASSED] - click(findTestObject("Object Repository/Private Channel/Page_TEST CHANNEL - TEAM NAME Mattermost/span_private channel")): Object: 'Object Repository/Private Channel/Page_TEST CHANNEL - TEAM NAME Mattermost/span_private channel' is clicked on

2021-05-30 15:33:48 - [MESSAGE][PASSED] - Object: 'Object Repository/Private Channel/Page_TEST CHANNEL - TEAM NAME Mattermost/span_private channel' is clicked on

2021-05-30 15:33:48 - [TEST_STEP][PASSED] - message = String.format("This test will sent %d messages using while loop", nMessage): null

2021-05-30 15:33:48 - [TEST_STEP][PASSED] - format = DateTimeFormatter.ofPattern("dd-MM-yyyy HH:mm:ss"): null

2021-05-30 15:33:48 - [TEST_STEP][PASSED] - setText(findTestObject("Object Repository/Private Channel/Page_private channel - TEAM NAME Mattermost/textarea_Write to private channel_post_textbox"), message): Text 'This test will sent 5 messages using while loop' is set on object 'Object Repository/Private Channel/Page_private channel - TEAM NAME Mattermost/textarea_Write to private channel_post_textbox'

2021-05-30 15:33:49 - [MESSAGE][PASSED] - Text 'This test will sent 5 messages using while loop' is set on object 'Object Repository/Private Channel/Page_private channel - TEAM NAME Mattermost/textarea_Write to private channel_post_textbox'

2021-05-30 15:33:49 - [TEST_STEP][PASSED] - sendKeys(findTestObject("Object Repository/Private Channel/Page_private channel - TEAM NAME Mattermost/textarea_Write to private channel_post_textbox"), Keys.chord(ENTER)): Keys 'ENTER + ' sent to object: 'Object Repository/Private Channel/Page_private channel - TEAM NAME Mattermost/textarea_Write to private channel_post_textbox'

2021-05-30 15:33:50 - [MESSAGE][PASSED] - Keys 'ENTER + ' sent to object: 'Object Repository/Private Channel/Page_private channel - TEAM NAME Mattermost/textarea_Write to private channel_post_textbox'

2021-05-30 15:33:50 - [TEST_STEP][PASSED] - while (nMessage > 0): null

2021-05-30 15:33:50 - [TEST_STEP][PASSED] - message = String.format("Send messages to private channel at %s", now().format(format)): null

2021-05-30 15:33:50 - [TEST_STEP][PASSED] - setText(findTestObject("Object Repository/Private Channel/Page_private channel - TEAM NAME Mattermost/textarea_Write to private channel_post_textbox"), message): Text 'Send messages to private channel at 30-05-2021 16:33:50' is set on object 'Object Repository/Private Channel/Page_private channel - TEAM NAME Mattermost/textarea_Write to private channel_post_textbox'

2021-05-30 15:33:51 - [MESSAGE][PASSED] - Text 'Send messages to private channel at 30-05-2021 16:33:50' is set on object 'Object Repository/Private Channel/Page_private channel - TEAM NAME Mattermost/textarea_Write to private channel_post_textbox'

2021-05-30 15:33:51 - [TEST_STEP][PASSED] - sendKeys(findTestObject("Object Repository/Private Channel/Page_private channel - TEAM NAME Mattermost/textarea_Write to private channel_post_textbox"), Keys.chord(ENTER)): Keys 'ENTER + ' sent to object: 'Object Repository/Private Channel/Page_private channel - TEAM NAME Mattermost/textarea_Write to private channel_post_textbox'

2021-05-30 15:33:52 - [MESSAGE][PASSED] - Keys 'ENTER + ' sent to object: 'Object Repository/Private Channel/Page_private channel - TEAM NAME Mattermost/textarea_Write to private channel_post_textbox'

2021-05-30 15:33:52 - [TEST_STEP][PASSED] - Thread.sleep(500): null

2021-05-30 15:33:52 - [TEST_STEP][PASSED] - (nMessage--): null

2021-05-30 15:33:52 - [TEST_STEP][PASSED] - message = String.format("Send messages to private channel at %s", now().format(format)): null

2021-05-30 15:33:52 - [TEST_STEP][PASSED] - setText(findTestObject("Object Repository/Private Channel/Page_private channel - TEAM NAME Mattermost/textarea_Write to private channel_post_textbox"), message): Text 'Send messages to private channel at 30-05-2021 16:33:52' is set on object 'Object Repository/Private Channel/Page_private channel - TEAM NAME Mattermost/textarea_Write to private channel_post_textbox'

2021-05-30 15:33:53 - [MESSAGE][PASSED] - Text 'Send messages to private channel at 30-05-2021 16:33:52' is set on object 'Object Repository/Private Channel/Page_private channel - TEAM NAME Mattermost/textarea_Write to private channel_post_textbox'

2021-05-30 15:33:53 - [TEST_STEP][PASSED] - sendKeys(findTestObject("Object Repository/Private Channel/Page_private channel - TEAM NAME Mattermost/textarea_Write to private channel_post_textbox"), Keys.chord(ENTER)): Keys 'ENTER + ' sent to object: 'Object Repository/Private Channel/Page_private channel - TEAM NAME Mattermost/textarea_Write to private channel_post_textbox'

2021-05-30 15:33:54 - [MESSAGE][PASSED] - Keys 'ENTER + ' sent to object: 'Object Repository/Private Channel/Page_private channel - TEAM NAME Mattermost/textarea_Write to private channel_post_textbox'

2021-05-30 15:33:54 - [TEST_STEP][PASSED] - Thread.sleep(500): null

2021-05-30 15:33:54 - [TEST_STEP][PASSED] - (nMessage--): null

2021-05-30 15:33:54 - [TEST_STEP][PASSED] - message = String.format("Send messages to private channel at %s", now().format(format)): null

2021-05-30 15:33:54 - [TEST_STEP][PASSED] - setText(findTestObject("Object Repository/Private Channel/Page_private channel - TEAM NAME Mattermost/textarea_Write to private channel_post_textbox"), message): Text 'Send messages to private channel at 30-05-2021 16:33:54' is set on object 'Object Repository/Private Channel/Page_private channel - TEAM NAME Mattermost/textarea_Write to private channel_post_textbox'

2021-05-30 15:33:55 - [MESSAGE][PASSED] - Text 'Send messages to private channel at 30-05-2021 16:33:54' is set on object 'Object Repository/Private Channel/Page_private channel - TEAM NAME Mattermost/textarea_Write to private channel_post_textbox'

2021-05-30 15:33:55 - [TEST_STEP][PASSED] - sendKeys(findTestObject("Object Repository/Private Channel/Page_private channel - TEAM NAME Mattermost/textarea_Write to private channel_post_textbox"), Keys.chord(ENTER)): Keys 'ENTER + ' sent to object: 'Object Repository/Private Channel/Page_private channel - TEAM NAME Mattermost/textarea_Write to private channel_post_textbox'

2021-05-30 15:33:55 - [MESSAGE][PASSED] - Keys 'ENTER + ' sent to object: 'Object Repository/Private Channel/Page_private channel - TEAM NAME Mattermost/textarea_Write to private channel_post_textbox'

2021-05-30 15:33:55 - [TEST_STEP][PASSED] - Thread.sleep(500): null

2021-05-30 15:33:56 - [TEST_STEP][PASSED] - (nMessage--): null

2021-05-30 15:33:56 - [TEST_STEP][PASSED] - message = String.format("Send messages to private channel at %s", now().format(format)): null

2021-05-30 15:33:56 - [TEST_STEP][PASSED] - setText(findTestObject("Object Repository/Private Channel/Page_private channel - TEAM NAME Mattermost/textarea_Write to private channel_post_textbox"), message): Text 'Send messages to private channel at 30-05-2021 16:33:56' is set on object 'Object Repository/Private Channel/Page_private channel - TEAM NAME Mattermost/textarea_Write to private channel_post_textbox'

2021-05-30 15:33:57 - [MESSAGE][PASSED] - Text 'Send messages to private channel at 30-05-2021 16:33:56' is set on object 'Object Repository/Private Channel/Page_private channel - TEAM NAME Mattermost/textarea_Write to private channel_post_textbox'

2021-05-30 15:33:57 - [TEST_STEP][PASSED] - sendKeys(findTestObject("Object Repository/Private Channel/Page_private channel - TEAM NAME Mattermost/textarea_Write to private channel_post_textbox"), Keys.chord(ENTER)): Keys 'ENTER + ' sent to object: 'Object Repository/Private Channel/Page_private channel - TEAM NAME Mattermost/textarea_Write to private channel_post_textbox'

2021-05-30 15:33:57 - [MESSAGE][PASSED] - Keys 'ENTER + ' sent to object: 'Object Repository/Private Channel/Page_private channel - TEAM NAME Mattermost/textarea_Write to private channel_post_textbox'

2021-05-30 15:33:57 - [TEST_STEP][PASSED] - Thread.sleep(500): null

2021-05-30 15:33:58 - [TEST_STEP][PASSED] - (nMessage--): null

2021-05-30 15:33:58 - [TEST_STEP][PASSED] - message = String.format("Send messages to private channel at %s", now().format(format)): null

2021-05-30 15:33:58 - [TEST_STEP][PASSED] - setText(findTestObject("Object Repository/Private Channel/Page_private channel - TEAM NAME Mattermost/textarea_Write to private channel_post_textbox"), message): Text 'Send messages to private channel at 30-05-2021 16:33:58' is set on object 'Object Repository/Private Channel/Page_private channel - TEAM NAME Mattermost/textarea_Write to private channel_post_textbox'

2021-05-30 15:33:58 - [MESSAGE][PASSED] - Text 'Send messages to private channel at 30-05-2021 16:33:58' is set on object 'Object Repository/Private Channel/Page_private channel - TEAM NAME Mattermost/textarea_Write to private channel_post_textbox'

2021-05-30 15:33:58 - [TEST_STEP][PASSED] - sendKeys(findTestObject("Object Repository/Private Channel/Page_private channel - TEAM NAME Mattermost/textarea_Write to private channel_post_textbox"), Keys.chord(ENTER)): Keys 'ENTER + ' sent to object: 'Object Repository/Private Channel/Page_private channel - TEAM NAME Mattermost/textarea_Write to private channel_post_textbox'

2021-05-30 15:33:59 - [MESSAGE][PASSED] - Keys 'ENTER + ' sent to object: 'Object Repository/Private Channel/Page_private channel - TEAM NAME Mattermost/textarea_Write to private channel_post_textbox'

2021-05-30 15:33:59 - [TEST_STEP][PASSED] - Thread.sleep(500): null

2021-05-30 15:34:00 - [TEST_STEP][PASSED] - (nMessage--): null

2021-05-30 15:34:00 - [TEST_STEP][PASSED] - closeBrowser(): Browser is closed

2021-05-30 15:34:00 - [MESSAGE][PASSED] - Browser is closed]]></system-out>
         <system-err><![CDATA[]]></system-err>
      </testcase>
      <testcase name="Test Cases/Loop/Send messages to public channel" time="14.337" classname="Test Cases/Loop/Send messages to public channel" status="PASSED">
         <system-out><![CDATA[2021-05-30 15:34:00 - [TEST_CASE][PASSED] - Test Cases/Loop/Send messages to public channel: Test Cases/Loop/Send messages to public channel

2021-05-30 15:34:01 - [TEST_STEP][PASSED] - callTestCase(findTestCase("Common Test Cases/Login"), ["Username":"nttuan", "Password":"12345678zZ@"], STOP_ON_FAILURE): Call Test Case 'Test Cases/Common Test Cases/Login' successfully

2021-05-30 15:34:01 - [TEST_CASE][PASSED] - Test Cases/Common Test Cases/Login: Test Cases/Common Test Cases/Login

2021-05-30 15:34:01 - [TEST_STEP][PASSED] - openBrowser(""): Browser is opened with url: ''

2021-05-30 15:34:01 - [MESSAGE][INFO] - Starting 'Chrome' driver

2021-05-30 15:34:01 - [MESSAGE][INFO] - Action delay is set to 0 milliseconds

2021-05-30 15:34:02 - [MESSAGE][PASSED] - Browser is opened with url: ''

2021-05-30 15:34:02 - [TEST_STEP][PASSED] - navigateToUrl("https://chudenangcao2021.cf/"): Navigate to 'https://chudenangcao2021.cf/' successfully

2021-05-30 15:34:02 - [MESSAGE][PASSED] - Navigate to 'https://chudenangcao2021.cf/' successfully

2021-05-30 15:34:02 - [TEST_STEP][PASSED] - setText(findTestObject("Object Repository/Page_Mattermost/input_All team communication in one place, _dcc84b"), Username): Text 'nttuan' is set on object 'Object Repository/Page_Mattermost/input_All team communication in one place, _dcc84b'

2021-05-30 15:34:04 - [MESSAGE][PASSED] - Text 'nttuan' is set on object 'Object Repository/Page_Mattermost/input_All team communication in one place, _dcc84b'

2021-05-30 15:34:04 - [TEST_STEP][PASSED] - setText(findTestObject("Object Repository/Page_Mattermost/input_All team communication in one place, _a3edc6"), Password): Text '12345678zZ@' is set on object 'Object Repository/Page_Mattermost/input_All team communication in one place, _a3edc6'

2021-05-30 15:34:05 - [MESSAGE][PASSED] - Text '12345678zZ@' is set on object 'Object Repository/Page_Mattermost/input_All team communication in one place, _a3edc6'

2021-05-30 15:34:05 - [TEST_STEP][PASSED] - click(findTestObject("Object Repository/Page_Mattermost/button_Sign in")): Object: 'Object Repository/Page_Mattermost/button_Sign in' is clicked on

2021-05-30 15:34:05 - [MESSAGE][PASSED] - Object: 'Object Repository/Page_Mattermost/button_Sign in' is clicked on

2021-05-30 15:34:05 - [TEST_STEP][PASSED] - verifyLinksAccessible(["https://chudenangcao2021.cf/cdnc-cnpm-2021/channels"]): All links are accessible

2021-05-30 15:34:05 - [MESSAGE][INFO] - HAR: C:\Users\nttuan\Downloads\CDNC\mattermost-testing\Reports\20210530_152827\Run all test cases\20210530_152827\requests\main\33.har

2021-05-30 15:34:05 - [MESSAGE][PASSED] - Send request successfully

2021-05-30 15:34:05 - [MESSAGE][PASSED] - All links are accessible

2021-05-30 15:34:05 - [MESSAGE][PASSED] - Call Test Case 'Test Cases/Common Test Cases/Login' successfully

2021-05-30 15:34:05 - [TEST_STEP][PASSED] - click(findTestObject("Page_TEST CHANNEL - TEAM NAME Mattermost/Page_TEST CHANNEL - TEAM NAME Mattermost/a_TEST CHANNEL")): Object: 'Object Repository/Page_TEST CHANNEL - TEAM NAME Mattermost/Page_TEST CHANNEL - TEAM NAME Mattermost/a_TEST CHANNEL' is clicked on

2021-05-30 15:34:06 - [MESSAGE][PASSED] - Object: 'Object Repository/Page_TEST CHANNEL - TEAM NAME Mattermost/Page_TEST CHANNEL - TEAM NAME Mattermost/a_TEST CHANNEL' is clicked on

2021-05-30 15:34:06 - [TEST_STEP][PASSED] - message = String.format("This test will sent %d messages using while loop", nMessage): null

2021-05-30 15:34:06 - [TEST_STEP][PASSED] - format = DateTimeFormatter.ofPattern("dd-MM-yyyy HH:mm:ss"): null

2021-05-30 15:34:06 - [TEST_STEP][PASSED] - setText(findTestObject("Page_TEST CHANNEL - TEAM NAME Mattermost/textarea_Write to TEST CHANNEL_post_textbox"), message): Text 'This test will sent 3 messages using while loop' is set on object 'Object Repository/Page_TEST CHANNEL - TEAM NAME Mattermost/textarea_Write to TEST CHANNEL_post_textbox'

2021-05-30 15:34:07 - [MESSAGE][PASSED] - Text 'This test will sent 3 messages using while loop' is set on object 'Object Repository/Page_TEST CHANNEL - TEAM NAME Mattermost/textarea_Write to TEST CHANNEL_post_textbox'

2021-05-30 15:34:07 - [TEST_STEP][PASSED] - sendKeys(findTestObject("Page_TEST CHANNEL - TEAM NAME Mattermost/textarea_Write to TEST CHANNEL_post_textbox"), Keys.chord(ENTER)): Keys 'ENTER + ' sent to object: 'Object Repository/Page_TEST CHANNEL - TEAM NAME Mattermost/textarea_Write to TEST CHANNEL_post_textbox'

2021-05-30 15:34:08 - [MESSAGE][PASSED] - Keys 'ENTER + ' sent to object: 'Object Repository/Page_TEST CHANNEL - TEAM NAME Mattermost/textarea_Write to TEST CHANNEL_post_textbox'

2021-05-30 15:34:08 - [TEST_STEP][PASSED] - while (nMessage > 0): null

2021-05-30 15:34:08 - [TEST_STEP][PASSED] - message = String.format("Send messages to public channel at %s", now().format(format)): null

2021-05-30 15:34:08 - [TEST_STEP][PASSED] - setText(findTestObject("Page_TEST CHANNEL - TEAM NAME Mattermost/textarea_Write to TEST CHANNEL_post_textbox"), message): Text 'Send messages to public channel at 30-05-2021 16:34:08' is set on object 'Object Repository/Page_TEST CHANNEL - TEAM NAME Mattermost/textarea_Write to TEST CHANNEL_post_textbox'

2021-05-30 15:34:09 - [MESSAGE][PASSED] - Text 'Send messages to public channel at 30-05-2021 16:34:08' is set on object 'Object Repository/Page_TEST CHANNEL - TEAM NAME Mattermost/textarea_Write to TEST CHANNEL_post_textbox'

2021-05-30 15:34:09 - [TEST_STEP][PASSED] - sendKeys(findTestObject("Page_TEST CHANNEL - TEAM NAME Mattermost/textarea_Write to TEST CHANNEL_post_textbox"), Keys.chord(ENTER)): Keys 'ENTER + ' sent to object: 'Object Repository/Page_TEST CHANNEL - TEAM NAME Mattermost/textarea_Write to TEST CHANNEL_post_textbox'

2021-05-30 15:34:10 - [MESSAGE][PASSED] - Keys 'ENTER + ' sent to object: 'Object Repository/Page_TEST CHANNEL - TEAM NAME Mattermost/textarea_Write to TEST CHANNEL_post_textbox'

2021-05-30 15:34:10 - [TEST_STEP][PASSED] - Thread.sleep(500): null

2021-05-30 15:34:10 - [TEST_STEP][PASSED] - (nMessage--): null

2021-05-30 15:34:10 - [TEST_STEP][PASSED] - message = String.format("Send messages to public channel at %s", now().format(format)): null

2021-05-30 15:34:10 - [TEST_STEP][PASSED] - setText(findTestObject("Page_TEST CHANNEL - TEAM NAME Mattermost/textarea_Write to TEST CHANNEL_post_textbox"), message): Text 'Send messages to public channel at 30-05-2021 16:34:10' is set on object 'Object Repository/Page_TEST CHANNEL - TEAM NAME Mattermost/textarea_Write to TEST CHANNEL_post_textbox'

2021-05-30 15:34:11 - [MESSAGE][PASSED] - Text 'Send messages to public channel at 30-05-2021 16:34:10' is set on object 'Object Repository/Page_TEST CHANNEL - TEAM NAME Mattermost/textarea_Write to TEST CHANNEL_post_textbox'

2021-05-30 15:34:11 - [TEST_STEP][PASSED] - sendKeys(findTestObject("Page_TEST CHANNEL - TEAM NAME Mattermost/textarea_Write to TEST CHANNEL_post_textbox"), Keys.chord(ENTER)): Keys 'ENTER + ' sent to object: 'Object Repository/Page_TEST CHANNEL - TEAM NAME Mattermost/textarea_Write to TEST CHANNEL_post_textbox'

2021-05-30 15:34:12 - [MESSAGE][PASSED] - Keys 'ENTER + ' sent to object: 'Object Repository/Page_TEST CHANNEL - TEAM NAME Mattermost/textarea_Write to TEST CHANNEL_post_textbox'

2021-05-30 15:34:12 - [TEST_STEP][PASSED] - Thread.sleep(500): null

2021-05-30 15:34:12 - [TEST_STEP][PASSED] - (nMessage--): null

2021-05-30 15:34:12 - [TEST_STEP][PASSED] - message = String.format("Send messages to public channel at %s", now().format(format)): null

2021-05-30 15:34:12 - [TEST_STEP][PASSED] - setText(findTestObject("Page_TEST CHANNEL - TEAM NAME Mattermost/textarea_Write to TEST CHANNEL_post_textbox"), message): Text 'Send messages to public channel at 30-05-2021 16:34:12' is set on object 'Object Repository/Page_TEST CHANNEL - TEAM NAME Mattermost/textarea_Write to TEST CHANNEL_post_textbox'

2021-05-30 15:34:13 - [MESSAGE][PASSED] - Text 'Send messages to public channel at 30-05-2021 16:34:12' is set on object 'Object Repository/Page_TEST CHANNEL - TEAM NAME Mattermost/textarea_Write to TEST CHANNEL_post_textbox'

2021-05-30 15:34:13 - [TEST_STEP][PASSED] - sendKeys(findTestObject("Page_TEST CHANNEL - TEAM NAME Mattermost/textarea_Write to TEST CHANNEL_post_textbox"), Keys.chord(ENTER)): Keys 'ENTER + ' sent to object: 'Object Repository/Page_TEST CHANNEL - TEAM NAME Mattermost/textarea_Write to TEST CHANNEL_post_textbox'

2021-05-30 15:34:13 - [MESSAGE][PASSED] - Keys 'ENTER + ' sent to object: 'Object Repository/Page_TEST CHANNEL - TEAM NAME Mattermost/textarea_Write to TEST CHANNEL_post_textbox'

2021-05-30 15:34:13 - [TEST_STEP][PASSED] - Thread.sleep(500): null

2021-05-30 15:34:14 - [TEST_STEP][PASSED] - (nMessage--): null

2021-05-30 15:34:14 - [TEST_STEP][PASSED] - closeBrowser(): Browser is closed

2021-05-30 15:34:15 - [MESSAGE][PASSED] - Browser is closed]]></system-out>
         <system-err><![CDATA[]]></system-err>
      </testcase>
      <testcase name="Test Cases/Internal Test Cases/CreateCategory" time="20.345" classname="Test Cases/Internal Test Cases/CreateCategory" status="PASSED">
         <system-out><![CDATA[2021-05-30 15:34:15 - [TEST_CASE][PASSED] - Test Cases/Internal Test Cases/CreateCategory: Test Cases/Internal Test Cases/CreateCategory

2021-05-30 15:34:15 - [TEST_STEP][PASSED] - callTestCase(findTestCase("Internal Test Cases/Successful Login"), ["Username":"", "Password":""], STOP_ON_FAILURE): Call Test Case 'Test Cases/Internal Test Cases/Successful Login' successfully

2021-05-30 15:34:15 - [TEST_CASE][PASSED] - Test Cases/Internal Test Cases/Successful Login: Test Cases/Internal Test Cases/Successful Login

2021-05-30 15:34:15 - [TEST_STEP][PASSED] - openBrowser(""): Browser is opened with url: ''

2021-05-30 15:34:15 - [MESSAGE][INFO] - Starting 'Chrome' driver

2021-05-30 15:34:15 - [MESSAGE][INFO] - Action delay is set to 0 milliseconds

2021-05-30 15:34:16 - [MESSAGE][PASSED] - Browser is opened with url: ''

2021-05-30 15:34:16 - [TEST_STEP][PASSED] - navigateToUrl("https://chudenangcao2021.cf/"): Navigate to 'https://chudenangcao2021.cf/' successfully

2021-05-30 15:34:17 - [MESSAGE][PASSED] - Navigate to 'https://chudenangcao2021.cf/' successfully

2021-05-30 15:34:17 - [TEST_STEP][PASSED] - setText(findTestObject("Object Repository/Page_Mattermost/input_All team communication in one place, _dcc84b"), findTestData("Internal/Internal Login Data").getValue(1, 1)): Text 'nguyenvanb' is set on object 'Object Repository/Page_Mattermost/input_All team communication in one place, _dcc84b'

2021-05-30 15:34:18 - [MESSAGE][PASSED] - Text 'nguyenvanb' is set on object 'Object Repository/Page_Mattermost/input_All team communication in one place, _dcc84b'

2021-05-30 15:34:18 - [TEST_STEP][PASSED] - setEncryptedText(findTestObject("Object Repository/Page_Mattermost/input_All team communication in one place, _a3edc6"), findTestData("Internal/Internal Login Data").getValue(2, 1)): Text ****** has been set on object 'Object Repository/Page_Mattermost/input_All team communication in one place, _a3edc6'

2021-05-30 15:34:19 - [MESSAGE][PASSED] - Text ****** has been set on object 'Object Repository/Page_Mattermost/input_All team communication in one place, _a3edc6'

2021-05-30 15:34:19 - [TEST_STEP][PASSED] - click(findTestObject("Object Repository/Page_Mattermost/button_Sign in")): Object: 'Object Repository/Page_Mattermost/button_Sign in' is clicked on

2021-05-30 15:34:20 - [MESSAGE][PASSED] - Object: 'Object Repository/Page_Mattermost/button_Sign in' is clicked on

2021-05-30 15:34:20 - [TEST_STEP][PASSED] - verifyLinksAccessible(["https://chudenangcao2021.cf/cdnc-cnpm-2021/channels"]): All links are accessible

2021-05-30 15:34:20 - [MESSAGE][INFO] - HAR: C:\Users\nttuan\Downloads\CDNC\mattermost-testing\Reports\20210530_152827\Run all test cases\20210530_152827\requests\main\34.har

2021-05-30 15:34:20 - [MESSAGE][PASSED] - Send request successfully

2021-05-30 15:34:20 - [MESSAGE][PASSED] - All links are accessible

2021-05-30 15:34:20 - [MESSAGE][PASSED] - Call Test Case 'Test Cases/Internal Test Cases/Successful Login' successfully

2021-05-30 15:34:20 - [TEST_STEP][PASSED] - for ([rowNum = 1, rowNum <= findTestData("Internal/Internal Category").getRowNumbers(), (rowNum++)]): Object: 'Object Repository/CreateCtegory/Page_TEST CHANNEL - TEAM NAME Mattermost/span_Create' is clicked on

2021-05-30 15:34:20 - [TEST_STEP][PASSED] - click(findTestObject("Object Repository/CreateCtegory/Page_TEST CHANNEL - TEAM NAME Mattermost/i_CtrlK_icon-plus")): Object: 'Object Repository/CreateCtegory/Page_TEST CHANNEL - TEAM NAME Mattermost/i_CtrlK_icon-plus' is clicked on

2021-05-30 15:34:21 - [MESSAGE][PASSED] - Object: 'Object Repository/CreateCtegory/Page_TEST CHANNEL - TEAM NAME Mattermost/i_CtrlK_icon-plus' is clicked on

2021-05-30 15:34:21 - [TEST_STEP][PASSED] - click(findTestObject("Object Repository/CreateCtegory/Page_TEST CHANNEL - TEAM NAME Mattermost/span_Create New Category")): Object: 'Object Repository/CreateCtegory/Page_TEST CHANNEL - TEAM NAME Mattermost/span_Create New Category' is clicked on

2021-05-30 15:34:22 - [MESSAGE][PASSED] - Object: 'Object Repository/CreateCtegory/Page_TEST CHANNEL - TEAM NAME Mattermost/span_Create New Category' is clicked on

2021-05-30 15:34:22 - [TEST_STEP][PASSED] - setText(findTestObject("Object Repository/CreateCtegory/Page_TEST CHANNEL - TEAM NAME Mattermost/input_Create New Category_MaxLengthInput fo_27ca36"), findTestData("Internal/Internal Category").getValue(1, rowNum)): Text 'Category 1' is set on object 'Object Repository/CreateCtegory/Page_TEST CHANNEL - TEAM NAME Mattermost/input_Create New Category_MaxLengthInput fo_27ca36'

2021-05-30 15:34:23 - [MESSAGE][PASSED] - Text 'Category 1' is set on object 'Object Repository/CreateCtegory/Page_TEST CHANNEL - TEAM NAME Mattermost/input_Create New Category_MaxLengthInput fo_27ca36'

2021-05-30 15:34:23 - [TEST_STEP][PASSED] - click(findTestObject("Object Repository/CreateCtegory/Page_TEST CHANNEL - TEAM NAME Mattermost/span_Create")): Object: 'Object Repository/CreateCtegory/Page_TEST CHANNEL - TEAM NAME Mattermost/span_Create' is clicked on

2021-05-30 15:34:23 - [MESSAGE][PASSED] - Object: 'Object Repository/CreateCtegory/Page_TEST CHANNEL - TEAM NAME Mattermost/span_Create' is clicked on

2021-05-30 15:34:23 - [TEST_STEP][PASSED] - click(findTestObject("Object Repository/CreateCtegory/Page_TEST CHANNEL - TEAM NAME Mattermost/i_CtrlK_icon-plus")): Object: 'Object Repository/CreateCtegory/Page_TEST CHANNEL - TEAM NAME Mattermost/i_CtrlK_icon-plus' is clicked on

2021-05-30 15:34:24 - [MESSAGE][PASSED] - Object: 'Object Repository/CreateCtegory/Page_TEST CHANNEL - TEAM NAME Mattermost/i_CtrlK_icon-plus' is clicked on

2021-05-30 15:34:24 - [TEST_STEP][PASSED] - click(findTestObject("Object Repository/CreateCtegory/Page_TEST CHANNEL - TEAM NAME Mattermost/span_Create New Category")): Object: 'Object Repository/CreateCtegory/Page_TEST CHANNEL - TEAM NAME Mattermost/span_Create New Category' is clicked on

2021-05-30 15:34:25 - [MESSAGE][PASSED] - Object: 'Object Repository/CreateCtegory/Page_TEST CHANNEL - TEAM NAME Mattermost/span_Create New Category' is clicked on

2021-05-30 15:34:25 - [TEST_STEP][PASSED] - setText(findTestObject("Object Repository/CreateCtegory/Page_TEST CHANNEL - TEAM NAME Mattermost/input_Create New Category_MaxLengthInput fo_27ca36"), findTestData("Internal/Internal Category").getValue(1, rowNum)): Text 'Category 2' is set on object 'Object Repository/CreateCtegory/Page_TEST CHANNEL - TEAM NAME Mattermost/input_Create New Category_MaxLengthInput fo_27ca36'

2021-05-30 15:34:26 - [MESSAGE][PASSED] - Text 'Category 2' is set on object 'Object Repository/CreateCtegory/Page_TEST CHANNEL - TEAM NAME Mattermost/input_Create New Category_MaxLengthInput fo_27ca36'

2021-05-30 15:34:26 - [TEST_STEP][PASSED] - click(findTestObject("Object Repository/CreateCtegory/Page_TEST CHANNEL - TEAM NAME Mattermost/span_Create")): Object: 'Object Repository/CreateCtegory/Page_TEST CHANNEL - TEAM NAME Mattermost/span_Create' is clicked on

2021-05-30 15:34:26 - [MESSAGE][PASSED] - Object: 'Object Repository/CreateCtegory/Page_TEST CHANNEL - TEAM NAME Mattermost/span_Create' is clicked on

2021-05-30 15:34:26 - [TEST_STEP][PASSED] - click(findTestObject("Object Repository/CreateCtegory/Page_TEST CHANNEL - TEAM NAME Mattermost/i_CtrlK_icon-plus")): Object: 'Object Repository/CreateCtegory/Page_TEST CHANNEL - TEAM NAME Mattermost/i_CtrlK_icon-plus' is clicked on

2021-05-30 15:34:27 - [MESSAGE][PASSED] - Object: 'Object Repository/CreateCtegory/Page_TEST CHANNEL - TEAM NAME Mattermost/i_CtrlK_icon-plus' is clicked on

2021-05-30 15:34:27 - [TEST_STEP][PASSED] - click(findTestObject("Object Repository/CreateCtegory/Page_TEST CHANNEL - TEAM NAME Mattermost/span_Create New Category")): Object: 'Object Repository/CreateCtegory/Page_TEST CHANNEL - TEAM NAME Mattermost/span_Create New Category' is clicked on

2021-05-30 15:34:27 - [MESSAGE][PASSED] - Object: 'Object Repository/CreateCtegory/Page_TEST CHANNEL - TEAM NAME Mattermost/span_Create New Category' is clicked on

2021-05-30 15:34:27 - [TEST_STEP][PASSED] - setText(findTestObject("Object Repository/CreateCtegory/Page_TEST CHANNEL - TEAM NAME Mattermost/input_Create New Category_MaxLengthInput fo_27ca36"), findTestData("Internal/Internal Category").getValue(1, rowNum)): Text 'Category 3' is set on object 'Object Repository/CreateCtegory/Page_TEST CHANNEL - TEAM NAME Mattermost/input_Create New Category_MaxLengthInput fo_27ca36'

2021-05-30 15:34:28 - [MESSAGE][PASSED] - Text 'Category 3' is set on object 'Object Repository/CreateCtegory/Page_TEST CHANNEL - TEAM NAME Mattermost/input_Create New Category_MaxLengthInput fo_27ca36'

2021-05-30 15:34:28 - [TEST_STEP][PASSED] - click(findTestObject("Object Repository/CreateCtegory/Page_TEST CHANNEL - TEAM NAME Mattermost/span_Create")): Object: 'Object Repository/CreateCtegory/Page_TEST CHANNEL - TEAM NAME Mattermost/span_Create' is clicked on

2021-05-30 15:34:29 - [MESSAGE][PASSED] - Object: 'Object Repository/CreateCtegory/Page_TEST CHANNEL - TEAM NAME Mattermost/span_Create' is clicked on

2021-05-30 15:34:29 - [TEST_STEP][PASSED] - click(findTestObject("Object Repository/CreateCtegory/Page_TEST CHANNEL - TEAM NAME Mattermost/i_CtrlK_icon-plus")): Object: 'Object Repository/CreateCtegory/Page_TEST CHANNEL - TEAM NAME Mattermost/i_CtrlK_icon-plus' is clicked on

2021-05-30 15:34:29 - [MESSAGE][PASSED] - Object: 'Object Repository/CreateCtegory/Page_TEST CHANNEL - TEAM NAME Mattermost/i_CtrlK_icon-plus' is clicked on

2021-05-30 15:34:29 - [TEST_STEP][PASSED] - click(findTestObject("Object Repository/CreateCtegory/Page_TEST CHANNEL - TEAM NAME Mattermost/span_Create New Category")): Object: 'Object Repository/CreateCtegory/Page_TEST CHANNEL - TEAM NAME Mattermost/span_Create New Category' is clicked on

2021-05-30 15:34:30 - [MESSAGE][PASSED] - Object: 'Object Repository/CreateCtegory/Page_TEST CHANNEL - TEAM NAME Mattermost/span_Create New Category' is clicked on

2021-05-30 15:34:30 - [TEST_STEP][PASSED] - setText(findTestObject("Object Repository/CreateCtegory/Page_TEST CHANNEL - TEAM NAME Mattermost/input_Create New Category_MaxLengthInput fo_27ca36"), findTestData("Internal/Internal Category").getValue(1, rowNum)): Text 'Category 4' is set on object 'Object Repository/CreateCtegory/Page_TEST CHANNEL - TEAM NAME Mattermost/input_Create New Category_MaxLengthInput fo_27ca36'

2021-05-30 15:34:31 - [MESSAGE][PASSED] - Text 'Category 4' is set on object 'Object Repository/CreateCtegory/Page_TEST CHANNEL - TEAM NAME Mattermost/input_Create New Category_MaxLengthInput fo_27ca36'

2021-05-30 15:34:31 - [TEST_STEP][PASSED] - click(findTestObject("Object Repository/CreateCtegory/Page_TEST CHANNEL - TEAM NAME Mattermost/span_Create")): Object: 'Object Repository/CreateCtegory/Page_TEST CHANNEL - TEAM NAME Mattermost/span_Create' is clicked on

2021-05-30 15:34:31 - [MESSAGE][PASSED] - Object: 'Object Repository/CreateCtegory/Page_TEST CHANNEL - TEAM NAME Mattermost/span_Create' is clicked on

2021-05-30 15:34:31 - [TEST_STEP][PASSED] - click(findTestObject("Object Repository/CreateCtegory/Page_TEST CHANNEL - TEAM NAME Mattermost/i_CtrlK_icon-plus")): Object: 'Object Repository/CreateCtegory/Page_TEST CHANNEL - TEAM NAME Mattermost/i_CtrlK_icon-plus' is clicked on

2021-05-30 15:34:32 - [MESSAGE][PASSED] - Object: 'Object Repository/CreateCtegory/Page_TEST CHANNEL - TEAM NAME Mattermost/i_CtrlK_icon-plus' is clicked on

2021-05-30 15:34:32 - [TEST_STEP][PASSED] - click(findTestObject("Object Repository/CreateCtegory/Page_TEST CHANNEL - TEAM NAME Mattermost/span_Create New Category")): Object: 'Object Repository/CreateCtegory/Page_TEST CHANNEL - TEAM NAME Mattermost/span_Create New Category' is clicked on

2021-05-30 15:34:33 - [MESSAGE][PASSED] - Object: 'Object Repository/CreateCtegory/Page_TEST CHANNEL - TEAM NAME Mattermost/span_Create New Category' is clicked on

2021-05-30 15:34:33 - [TEST_STEP][PASSED] - setText(findTestObject("Object Repository/CreateCtegory/Page_TEST CHANNEL - TEAM NAME Mattermost/input_Create New Category_MaxLengthInput fo_27ca36"), findTestData("Internal/Internal Category").getValue(1, rowNum)): Text 'Category 5' is set on object 'Object Repository/CreateCtegory/Page_TEST CHANNEL - TEAM NAME Mattermost/input_Create New Category_MaxLengthInput fo_27ca36'

2021-05-30 15:34:34 - [MESSAGE][PASSED] - Text 'Category 5' is set on object 'Object Repository/CreateCtegory/Page_TEST CHANNEL - TEAM NAME Mattermost/input_Create New Category_MaxLengthInput fo_27ca36'

2021-05-30 15:34:34 - [TEST_STEP][PASSED] - click(findTestObject("Object Repository/CreateCtegory/Page_TEST CHANNEL - TEAM NAME Mattermost/span_Create")): Object: 'Object Repository/CreateCtegory/Page_TEST CHANNEL - TEAM NAME Mattermost/span_Create' is clicked on

2021-05-30 15:34:34 - [MESSAGE][PASSED] - Object: 'Object Repository/CreateCtegory/Page_TEST CHANNEL - TEAM NAME Mattermost/span_Create' is clicked on

2021-05-30 15:34:34 - [TEST_STEP][PASSED] - closeBrowser(): Browser is closed

2021-05-30 15:34:35 - [MESSAGE][PASSED] - Browser is closed]]></system-out>
         <system-err><![CDATA[]]></system-err>
      </testcase>
      <testcase name="Test Cases/Internal Test Cases/CreateChannelPrivate" time="23.763" classname="Test Cases/Internal Test Cases/CreateChannelPrivate" status="PASSED">
         <system-out><![CDATA[2021-05-30 15:34:35 - [TEST_CASE][PASSED] - Test Cases/Internal Test Cases/CreateChannelPrivate: Test Cases/Internal Test Cases/CreateChannelPrivate

2021-05-30 15:34:35 - [TEST_STEP][PASSED] - callTestCase(findTestCase("Internal Test Cases/Successful Login"), ["Username":"", "Password":""], STOP_ON_FAILURE): Call Test Case 'Test Cases/Internal Test Cases/Successful Login' successfully

2021-05-30 15:34:35 - [TEST_CASE][PASSED] - Test Cases/Internal Test Cases/Successful Login: Test Cases/Internal Test Cases/Successful Login

2021-05-30 15:34:35 - [TEST_STEP][PASSED] - openBrowser(""): Browser is opened with url: ''

2021-05-30 15:34:35 - [MESSAGE][INFO] - Starting 'Chrome' driver

2021-05-30 15:34:35 - [MESSAGE][INFO] - Action delay is set to 0 milliseconds

2021-05-30 15:34:36 - [MESSAGE][PASSED] - Browser is opened with url: ''

2021-05-30 15:34:36 - [TEST_STEP][PASSED] - navigateToUrl("https://chudenangcao2021.cf/"): Navigate to 'https://chudenangcao2021.cf/' successfully

2021-05-30 15:34:37 - [MESSAGE][PASSED] - Navigate to 'https://chudenangcao2021.cf/' successfully

2021-05-30 15:34:37 - [TEST_STEP][PASSED] - setText(findTestObject("Object Repository/Page_Mattermost/input_All team communication in one place, _dcc84b"), findTestData("Internal/Internal Login Data").getValue(1, 1)): Text 'nguyenvanb' is set on object 'Object Repository/Page_Mattermost/input_All team communication in one place, _dcc84b'

2021-05-30 15:34:38 - [MESSAGE][PASSED] - Text 'nguyenvanb' is set on object 'Object Repository/Page_Mattermost/input_All team communication in one place, _dcc84b'

2021-05-30 15:34:38 - [TEST_STEP][PASSED] - setEncryptedText(findTestObject("Object Repository/Page_Mattermost/input_All team communication in one place, _a3edc6"), findTestData("Internal/Internal Login Data").getValue(2, 1)): Text ****** has been set on object 'Object Repository/Page_Mattermost/input_All team communication in one place, _a3edc6'

2021-05-30 15:34:39 - [MESSAGE][PASSED] - Text ****** has been set on object 'Object Repository/Page_Mattermost/input_All team communication in one place, _a3edc6'

2021-05-30 15:34:39 - [TEST_STEP][PASSED] - click(findTestObject("Object Repository/Page_Mattermost/button_Sign in")): Object: 'Object Repository/Page_Mattermost/button_Sign in' is clicked on

2021-05-30 15:34:39 - [MESSAGE][PASSED] - Object: 'Object Repository/Page_Mattermost/button_Sign in' is clicked on

2021-05-30 15:34:39 - [TEST_STEP][PASSED] - verifyLinksAccessible(["https://chudenangcao2021.cf/cdnc-cnpm-2021/channels"]): All links are accessible

2021-05-30 15:34:40 - [MESSAGE][INFO] - HAR: C:\Users\nttuan\Downloads\CDNC\mattermost-testing\Reports\20210530_152827\Run all test cases\20210530_152827\requests\main\35.har

2021-05-30 15:34:40 - [MESSAGE][PASSED] - Send request successfully

2021-05-30 15:34:40 - [MESSAGE][PASSED] - All links are accessible

2021-05-30 15:34:40 - [MESSAGE][PASSED] - Call Test Case 'Test Cases/Internal Test Cases/Successful Login' successfully

2021-05-30 15:34:40 - [TEST_STEP][PASSED] - for ([rowNum = 1, rowNum <= findTestData("Internal/Internal Channel Private").getRowNumbers(), (rowNum++)]): Object: 'Object Repository/CreateChannel/Page_TEST CHANNEL - TEAM NAME Mattermost/button_Create Channel' is clicked on

2021-05-30 15:34:40 - [TEST_STEP][PASSED] - click(findTestObject("Object Repository/CreateChannel/Page_TEST CHANNEL - TEAM NAME Mattermost/i_CtrlK_icon-plus")): Object: 'Object Repository/CreateChannel/Page_TEST CHANNEL - TEAM NAME Mattermost/i_CtrlK_icon-plus' is clicked on

2021-05-30 15:34:41 - [MESSAGE][PASSED] - Object: 'Object Repository/CreateChannel/Page_TEST CHANNEL - TEAM NAME Mattermost/i_CtrlK_icon-plus' is clicked on

2021-05-30 15:34:41 - [TEST_STEP][PASSED] - click(findTestObject("Object Repository/CreateChannel/Page_TEST CHANNEL - TEAM NAME Mattermost/span_Create New Channel")): Object: 'Object Repository/CreateChannel/Page_TEST CHANNEL - TEAM NAME Mattermost/span_Create New Channel' is clicked on

2021-05-30 15:34:42 - [MESSAGE][PASSED] - Object: 'Object Repository/CreateChannel/Page_TEST CHANNEL - TEAM NAME Mattermost/span_Create New Channel' is clicked on

2021-05-30 15:34:42 - [TEST_STEP][PASSED] - click(findTestObject("Object Repository/CreateChannelPrivate/Page_TEST CHANNEL - TEAM NAME Mattermost/input_- Anyone can join this channel_channelType")): Object: 'Object Repository/CreateChannelPrivate/Page_TEST CHANNEL - TEAM NAME Mattermost/input_- Anyone can join this channel_channelType' is clicked on

2021-05-30 15:34:43 - [MESSAGE][PASSED] - Object: 'Object Repository/CreateChannelPrivate/Page_TEST CHANNEL - TEAM NAME Mattermost/input_- Anyone can join this channel_channelType' is clicked on

2021-05-30 15:34:43 - [TEST_STEP][PASSED] - setText(findTestObject("Object Repository/CreateChannel/Page_TEST CHANNEL - TEAM NAME Mattermost/input_Name_newChannelName"), findTestData("Internal/Internal Channel Private").getValue(1, rowNum)): Text 'Channel private 122345' is set on object 'Object Repository/CreateChannel/Page_TEST CHANNEL - TEAM NAME Mattermost/input_Name_newChannelName'

2021-05-30 15:34:43 - [MESSAGE][PASSED] - Text 'Channel private 122345' is set on object 'Object Repository/CreateChannel/Page_TEST CHANNEL - TEAM NAME Mattermost/input_Name_newChannelName'

2021-05-30 15:34:43 - [TEST_STEP][PASSED] - click(findTestObject("Object Repository/CreateChannel/Page_TEST CHANNEL - TEAM NAME Mattermost/button_Create Channel")): Object: 'Object Repository/CreateChannel/Page_TEST CHANNEL - TEAM NAME Mattermost/button_Create Channel' is clicked on

2021-05-30 15:34:44 - [MESSAGE][PASSED] - Object: 'Object Repository/CreateChannel/Page_TEST CHANNEL - TEAM NAME Mattermost/button_Create Channel' is clicked on

2021-05-30 15:34:44 - [TEST_STEP][PASSED] - click(findTestObject("Object Repository/CreateChannel/Page_TEST CHANNEL - TEAM NAME Mattermost/i_CtrlK_icon-plus")): Object: 'Object Repository/CreateChannel/Page_TEST CHANNEL - TEAM NAME Mattermost/i_CtrlK_icon-plus' is clicked on

2021-05-30 15:34:45 - [MESSAGE][PASSED] - Object: 'Object Repository/CreateChannel/Page_TEST CHANNEL - TEAM NAME Mattermost/i_CtrlK_icon-plus' is clicked on

2021-05-30 15:34:45 - [TEST_STEP][PASSED] - click(findTestObject("Object Repository/CreateChannel/Page_TEST CHANNEL - TEAM NAME Mattermost/span_Create New Channel")): Object: 'Object Repository/CreateChannel/Page_TEST CHANNEL - TEAM NAME Mattermost/span_Create New Channel' is clicked on

2021-05-30 15:34:45 - [MESSAGE][PASSED] - Object: 'Object Repository/CreateChannel/Page_TEST CHANNEL - TEAM NAME Mattermost/span_Create New Channel' is clicked on

2021-05-30 15:34:45 - [TEST_STEP][PASSED] - click(findTestObject("Object Repository/CreateChannelPrivate/Page_TEST CHANNEL - TEAM NAME Mattermost/input_- Anyone can join this channel_channelType")): Object: 'Object Repository/CreateChannelPrivate/Page_TEST CHANNEL - TEAM NAME Mattermost/input_- Anyone can join this channel_channelType' is clicked on

2021-05-30 15:34:46 - [MESSAGE][PASSED] - Object: 'Object Repository/CreateChannelPrivate/Page_TEST CHANNEL - TEAM NAME Mattermost/input_- Anyone can join this channel_channelType' is clicked on

2021-05-30 15:34:46 - [TEST_STEP][PASSED] - setText(findTestObject("Object Repository/CreateChannel/Page_TEST CHANNEL - TEAM NAME Mattermost/input_Name_newChannelName"), findTestData("Internal/Internal Channel Private").getValue(1, rowNum)): Text 'Channel private 222345' is set on object 'Object Repository/CreateChannel/Page_TEST CHANNEL - TEAM NAME Mattermost/input_Name_newChannelName'

2021-05-30 15:34:47 - [MESSAGE][PASSED] - Text 'Channel private 222345' is set on object 'Object Repository/CreateChannel/Page_TEST CHANNEL - TEAM NAME Mattermost/input_Name_newChannelName'

2021-05-30 15:34:47 - [TEST_STEP][PASSED] - click(findTestObject("Object Repository/CreateChannel/Page_TEST CHANNEL - TEAM NAME Mattermost/button_Create Channel")): Object: 'Object Repository/CreateChannel/Page_TEST CHANNEL - TEAM NAME Mattermost/button_Create Channel' is clicked on

2021-05-30 15:34:47 - [MESSAGE][PASSED] - Object: 'Object Repository/CreateChannel/Page_TEST CHANNEL - TEAM NAME Mattermost/button_Create Channel' is clicked on

2021-05-30 15:34:47 - [TEST_STEP][PASSED] - click(findTestObject("Object Repository/CreateChannel/Page_TEST CHANNEL - TEAM NAME Mattermost/i_CtrlK_icon-plus")): Object: 'Object Repository/CreateChannel/Page_TEST CHANNEL - TEAM NAME Mattermost/i_CtrlK_icon-plus' is clicked on

2021-05-30 15:34:48 - [MESSAGE][PASSED] - Object: 'Object Repository/CreateChannel/Page_TEST CHANNEL - TEAM NAME Mattermost/i_CtrlK_icon-plus' is clicked on

2021-05-30 15:34:48 - [TEST_STEP][PASSED] - click(findTestObject("Object Repository/CreateChannel/Page_TEST CHANNEL - TEAM NAME Mattermost/span_Create New Channel")): Object: 'Object Repository/CreateChannel/Page_TEST CHANNEL - TEAM NAME Mattermost/span_Create New Channel' is clicked on

2021-05-30 15:34:49 - [MESSAGE][PASSED] - Object: 'Object Repository/CreateChannel/Page_TEST CHANNEL - TEAM NAME Mattermost/span_Create New Channel' is clicked on

2021-05-30 15:34:49 - [TEST_STEP][PASSED] - click(findTestObject("Object Repository/CreateChannelPrivate/Page_TEST CHANNEL - TEAM NAME Mattermost/input_- Anyone can join this channel_channelType")): Object: 'Object Repository/CreateChannelPrivate/Page_TEST CHANNEL - TEAM NAME Mattermost/input_- Anyone can join this channel_channelType' is clicked on

2021-05-30 15:34:49 - [MESSAGE][PASSED] - Object: 'Object Repository/CreateChannelPrivate/Page_TEST CHANNEL - TEAM NAME Mattermost/input_- Anyone can join this channel_channelType' is clicked on

2021-05-30 15:34:49 - [TEST_STEP][PASSED] - setText(findTestObject("Object Repository/CreateChannel/Page_TEST CHANNEL - TEAM NAME Mattermost/input_Name_newChannelName"), findTestData("Internal/Internal Channel Private").getValue(1, rowNum)): Text 'Channel private 322345' is set on object 'Object Repository/CreateChannel/Page_TEST CHANNEL - TEAM NAME Mattermost/input_Name_newChannelName'

2021-05-30 15:34:50 - [MESSAGE][PASSED] - Text 'Channel private 322345' is set on object 'Object Repository/CreateChannel/Page_TEST CHANNEL - TEAM NAME Mattermost/input_Name_newChannelName'

2021-05-30 15:34:50 - [TEST_STEP][PASSED] - click(findTestObject("Object Repository/CreateChannel/Page_TEST CHANNEL - TEAM NAME Mattermost/button_Create Channel")): Object: 'Object Repository/CreateChannel/Page_TEST CHANNEL - TEAM NAME Mattermost/button_Create Channel' is clicked on

2021-05-30 15:34:51 - [MESSAGE][PASSED] - Object: 'Object Repository/CreateChannel/Page_TEST CHANNEL - TEAM NAME Mattermost/button_Create Channel' is clicked on

2021-05-30 15:34:51 - [TEST_STEP][PASSED] - click(findTestObject("Object Repository/CreateChannel/Page_TEST CHANNEL - TEAM NAME Mattermost/i_CtrlK_icon-plus")): Object: 'Object Repository/CreateChannel/Page_TEST CHANNEL - TEAM NAME Mattermost/i_CtrlK_icon-plus' is clicked on

2021-05-30 15:34:51 - [MESSAGE][PASSED] - Object: 'Object Repository/CreateChannel/Page_TEST CHANNEL - TEAM NAME Mattermost/i_CtrlK_icon-plus' is clicked on

2021-05-30 15:34:51 - [TEST_STEP][PASSED] - click(findTestObject("Object Repository/CreateChannel/Page_TEST CHANNEL - TEAM NAME Mattermost/span_Create New Channel")): Object: 'Object Repository/CreateChannel/Page_TEST CHANNEL - TEAM NAME Mattermost/span_Create New Channel' is clicked on

2021-05-30 15:34:52 - [MESSAGE][PASSED] - Object: 'Object Repository/CreateChannel/Page_TEST CHANNEL - TEAM NAME Mattermost/span_Create New Channel' is clicked on

2021-05-30 15:34:52 - [TEST_STEP][PASSED] - click(findTestObject("Object Repository/CreateChannelPrivate/Page_TEST CHANNEL - TEAM NAME Mattermost/input_- Anyone can join this channel_channelType")): Object: 'Object Repository/CreateChannelPrivate/Page_TEST CHANNEL - TEAM NAME Mattermost/input_- Anyone can join this channel_channelType' is clicked on

2021-05-30 15:34:54 - [MESSAGE][PASSED] - Object: 'Object Repository/CreateChannelPrivate/Page_TEST CHANNEL - TEAM NAME Mattermost/input_- Anyone can join this channel_channelType' is clicked on

2021-05-30 15:34:54 - [TEST_STEP][PASSED] - setText(findTestObject("Object Repository/CreateChannel/Page_TEST CHANNEL - TEAM NAME Mattermost/input_Name_newChannelName"), findTestData("Internal/Internal Channel Private").getValue(1, rowNum)): Text 'Channel private 422345' is set on object 'Object Repository/CreateChannel/Page_TEST CHANNEL - TEAM NAME Mattermost/input_Name_newChannelName'

2021-05-30 15:34:54 - [MESSAGE][PASSED] - Text 'Channel private 422345' is set on object 'Object Repository/CreateChannel/Page_TEST CHANNEL - TEAM NAME Mattermost/input_Name_newChannelName'

2021-05-30 15:34:54 - [TEST_STEP][PASSED] - click(findTestObject("Object Repository/CreateChannel/Page_TEST CHANNEL - TEAM NAME Mattermost/button_Create Channel")): Object: 'Object Repository/CreateChannel/Page_TEST CHANNEL - TEAM NAME Mattermost/button_Create Channel' is clicked on

2021-05-30 15:34:55 - [MESSAGE][PASSED] - Object: 'Object Repository/CreateChannel/Page_TEST CHANNEL - TEAM NAME Mattermost/button_Create Channel' is clicked on

2021-05-30 15:34:55 - [TEST_STEP][PASSED] - click(findTestObject("Object Repository/CreateChannel/Page_TEST CHANNEL - TEAM NAME Mattermost/i_CtrlK_icon-plus")): Object: 'Object Repository/CreateChannel/Page_TEST CHANNEL - TEAM NAME Mattermost/i_CtrlK_icon-plus' is clicked on

2021-05-30 15:34:55 - [MESSAGE][PASSED] - Object: 'Object Repository/CreateChannel/Page_TEST CHANNEL - TEAM NAME Mattermost/i_CtrlK_icon-plus' is clicked on

2021-05-30 15:34:55 - [TEST_STEP][PASSED] - click(findTestObject("Object Repository/CreateChannel/Page_TEST CHANNEL - TEAM NAME Mattermost/span_Create New Channel")): Object: 'Object Repository/CreateChannel/Page_TEST CHANNEL - TEAM NAME Mattermost/span_Create New Channel' is clicked on

2021-05-30 15:34:56 - [MESSAGE][PASSED] - Object: 'Object Repository/CreateChannel/Page_TEST CHANNEL - TEAM NAME Mattermost/span_Create New Channel' is clicked on

2021-05-30 15:34:56 - [TEST_STEP][PASSED] - click(findTestObject("Object Repository/CreateChannelPrivate/Page_TEST CHANNEL - TEAM NAME Mattermost/input_- Anyone can join this channel_channelType")): Object: 'Object Repository/CreateChannelPrivate/Page_TEST CHANNEL - TEAM NAME Mattermost/input_- Anyone can join this channel_channelType' is clicked on

2021-05-30 15:34:57 - [MESSAGE][PASSED] - Object: 'Object Repository/CreateChannelPrivate/Page_TEST CHANNEL - TEAM NAME Mattermost/input_- Anyone can join this channel_channelType' is clicked on

2021-05-30 15:34:57 - [TEST_STEP][PASSED] - setText(findTestObject("Object Repository/CreateChannel/Page_TEST CHANNEL - TEAM NAME Mattermost/input_Name_newChannelName"), findTestData("Internal/Internal Channel Private").getValue(1, rowNum)): Text 'Channel private 522345' is set on object 'Object Repository/CreateChannel/Page_TEST CHANNEL - TEAM NAME Mattermost/input_Name_newChannelName'

2021-05-30 15:34:57 - [MESSAGE][PASSED] - Text 'Channel private 522345' is set on object 'Object Repository/CreateChannel/Page_TEST CHANNEL - TEAM NAME Mattermost/input_Name_newChannelName'

2021-05-30 15:34:57 - [TEST_STEP][PASSED] - click(findTestObject("Object Repository/CreateChannel/Page_TEST CHANNEL - TEAM NAME Mattermost/button_Create Channel")): Object: 'Object Repository/CreateChannel/Page_TEST CHANNEL - TEAM NAME Mattermost/button_Create Channel' is clicked on

2021-05-30 15:34:58 - [MESSAGE][PASSED] - Object: 'Object Repository/CreateChannel/Page_TEST CHANNEL - TEAM NAME Mattermost/button_Create Channel' is clicked on

2021-05-30 15:34:58 - [TEST_STEP][PASSED] - closeBrowser(): Browser is closed

2021-05-30 15:34:59 - [MESSAGE][PASSED] - Browser is closed]]></system-out>
         <system-err><![CDATA[]]></system-err>
      </testcase>
      <testcase name="Test Cases/Internal Test Cases/CreateChannelPublic" time="21.637" classname="Test Cases/Internal Test Cases/CreateChannelPublic" status="FAILED">
         <failure type="FAILED" message="Test Cases/Internal Test Cases/CreateChannelPublic FAILED.
Reason:
com.kms.katalon.core.exception.StepFailedException: Unable to click on object 'Object Repository/CreateChannel/Page_TEST CHANNEL - TEAM NAME Mattermost/i_CtrlK_icon-plus'
	at com.kms.katalon.core.webui.keyword.internal.WebUIKeywordMain.stepFailed(WebUIKeywordMain.groovy:64)
	at com.kms.katalon.core.webui.keyword.internal.WebUIKeywordMain.runKeyword(WebUIKeywordMain.groovy:26)
	at com.kms.katalon.core.webui.keyword.builtin.ClickKeyword.click(ClickKeyword.groovy:75)
	at com.kms.katalon.core.webui.keyword.builtin.ClickKeyword.execute(ClickKeyword.groovy:42)
	at com.kms.katalon.core.keyword.internal.KeywordExecutor.executeKeywordForPlatform(KeywordExecutor.groovy:73)
	at com.kms.katalon.core.webui.keyword.WebUiBuiltInKeywords.click(WebUiBuiltInKeywords.groovy:619)
	at com.kms.katalon.core.webui.keyword.WebUiBuiltInKeywords$click$2.call(Unknown Source)
	at CreateChannelPublic.run(CreateChannelPublic:24)
	at com.kms.katalon.core.main.ScriptEngine.run(ScriptEngine.java:194)
	at com.kms.katalon.core.main.ScriptEngine.runScriptAsRawText(ScriptEngine.java:119)
	at com.kms.katalon.core.main.TestCaseExecutor.runScript(TestCaseExecutor.java:398)
	at com.kms.katalon.core.main.TestCaseExecutor.doExecute(TestCaseExecutor.java:389)
	at com.kms.katalon.core.main.TestCaseExecutor.processExecutionPhase(TestCaseExecutor.java:368)
	at com.kms.katalon.core.main.TestCaseExecutor.accessMainPhase(TestCaseExecutor.java:360)
	at com.kms.katalon.core.main.TestCaseExecutor.execute(TestCaseExecutor.java:255)
	at com.kms.katalon.core.main.TestSuiteExecutor.accessTestCaseMainPhase(TestSuiteExecutor.java:203)
	at com.kms.katalon.core.main.TestSuiteExecutor.accessTestSuiteMainPhase(TestSuiteExecutor.java:152)
	at com.kms.katalon.core.main.TestSuiteExecutor.execute(TestSuiteExecutor.java:95)
	at com.kms.katalon.core.main.TestCaseMain.startTestSuite(TestCaseMain.java:157)
	at com.kms.katalon.core.main.TestCaseMain$startTestSuite$0.call(Unknown Source)
	at TempTestSuite1622388507297.run(TempTestSuite1622388507297.groovy:39)
Caused by: org.openqa.selenium.ElementClickInterceptedException: element click intercepted: Element &lt;i class=&quot;icon-plus&quot;>&lt;/i> is not clickable at point (273, 155). Other element would receive the click: &lt;div class=&quot;form-group&quot;>...&lt;/div>
  (Session info: chrome=91.0.4472.77)
Build info: version: '3.141.59', revision: 'e82be7d358', time: '2018-11-14T08:25:53'
System info: host: 'WIN-SERVER-2019', ip: '10.1.0.4', os.name: 'Windows Server 2019', os.arch: 'amd64', os.version: '10.0', java.version: '1.8.0_282'
Driver info: com.kms.katalon.selenium.driver.CChromeDriver
Capabilities {acceptInsecureCerts: false, browserName: chrome, browserVersion: 91.0.4472.77, chrome: {chromedriverVersion: 90.0.4430.24 (4c6d850f087da..., userDataDir: C:\Users\nttuan\AppData\Loc...}, goog:chromeOptions: {debuggerAddress: localhost:52794}, javascriptEnabled: true, networkConnectionEnabled: false, pageLoadStrategy: normal, platform: WINDOWS, platformName: WINDOWS, proxy: Proxy(), setWindowRect: true, strictFileInteractability: false, timeouts: {implicit: 0, pageLoad: 300000, script: 30000}, unhandledPromptBehavior: dismiss and notify, webauthn:extension:largeBlob: true, webauthn:virtualAuthenticators: true}
Session ID: 2935bd559bcccfa1432c3cc369d838a4
	at org.openqa.selenium.remote.http.W3CHttpResponseCodec.createException(W3CHttpResponseCodec.java:187)
	at org.openqa.selenium.remote.http.W3CHttpResponseCodec.decode(W3CHttpResponseCodec.java:122)
	at org.openqa.selenium.remote.http.W3CHttpResponseCodec.decode(W3CHttpResponseCodec.java:49)
	at org.openqa.selenium.remote.HttpCommandExecutor.execute(HttpCommandExecutor.java:158)
	at org.openqa.selenium.remote.service.DriverCommandExecutor.execute(DriverCommandExecutor.java:83)
	at org.openqa.selenium.remote.RemoteWebDriver.execute(RemoteWebDriver.java:552)
	at com.kms.katalon.selenium.driver.CChromeDriver.execute(CChromeDriver.java:19)
	at org.openqa.selenium.remote.RemoteWebElement.execute(RemoteWebElement.java:285)
	at org.openqa.selenium.remote.RemoteWebElement.click(RemoteWebElement.java:84)
	at org.openqa.selenium.support.events.EventFiringWebDriver$EventFiringWebElement.lambda$new$0(EventFiringWebDriver.java:404)
	at com.sun.proxy.$Proxy17.click(Unknown Source)
	at org.openqa.selenium.support.events.EventFiringWebDriver$EventFiringWebElement.click(EventFiringWebDriver.java:417)
	at com.kms.katalon.core.webui.keyword.builtin.ClickKeyword$_click_closure1.doCall(ClickKeyword.groovy:68)
	at com.kms.katalon.core.webui.keyword.builtin.ClickKeyword$_click_closure1.call(ClickKeyword.groovy)
	at com.kms.katalon.core.webui.keyword.internal.WebUIKeywordMain.runKeyword(WebUIKeywordMain.groovy:20)
	... 19 more
"/>
         <system-out><![CDATA[2021-05-30 15:34:59 - [TEST_CASE][FAILED] - Test Cases/Internal Test Cases/CreateChannelPublic: Test Cases/Internal Test Cases/CreateChannelPublic FAILED.
Reason:
com.kms.katalon.core.exception.StepFailedException: Unable to click on object 'Object Repository/CreateChannel/Page_TEST CHANNEL - TEAM NAME Mattermost/i_CtrlK_icon-plus'
	at com.kms.katalon.core.webui.keyword.internal.WebUIKeywordMain.stepFailed(WebUIKeywordMain.groovy:64)
	at com.kms.katalon.core.webui.keyword.internal.WebUIKeywordMain.runKeyword(WebUIKeywordMain.groovy:26)
	at com.kms.katalon.core.webui.keyword.builtin.ClickKeyword.click(ClickKeyword.groovy:75)
	at com.kms.katalon.core.webui.keyword.builtin.ClickKeyword.execute(ClickKeyword.groovy:42)
	at com.kms.katalon.core.keyword.internal.KeywordExecutor.executeKeywordForPlatform(KeywordExecutor.groovy:73)
	at com.kms.katalon.core.webui.keyword.WebUiBuiltInKeywords.click(WebUiBuiltInKeywords.groovy:619)
	at com.kms.katalon.core.webui.keyword.WebUiBuiltInKeywords$click$2.call(Unknown Source)
	at CreateChannelPublic.run(CreateChannelPublic:24)
	at com.kms.katalon.core.main.ScriptEngine.run(ScriptEngine.java:194)
	at com.kms.katalon.core.main.ScriptEngine.runScriptAsRawText(ScriptEngine.java:119)
	at com.kms.katalon.core.main.TestCaseExecutor.runScript(TestCaseExecutor.java:398)
	at com.kms.katalon.core.main.TestCaseExecutor.doExecute(TestCaseExecutor.java:389)
	at com.kms.katalon.core.main.TestCaseExecutor.processExecutionPhase(TestCaseExecutor.java:368)
	at com.kms.katalon.core.main.TestCaseExecutor.accessMainPhase(TestCaseExecutor.java:360)
	at com.kms.katalon.core.main.TestCaseExecutor.execute(TestCaseExecutor.java:255)
	at com.kms.katalon.core.main.TestSuiteExecutor.accessTestCaseMainPhase(TestSuiteExecutor.java:203)
	at com.kms.katalon.core.main.TestSuiteExecutor.accessTestSuiteMainPhase(TestSuiteExecutor.java:152)
	at com.kms.katalon.core.main.TestSuiteExecutor.execute(TestSuiteExecutor.java:95)
	at com.kms.katalon.core.main.TestCaseMain.startTestSuite(TestCaseMain.java:157)
	at com.kms.katalon.core.main.TestCaseMain$startTestSuite$0.call(Unknown Source)
	at TempTestSuite1622388507297.run(TempTestSuite1622388507297.groovy:39)
Caused by: org.openqa.selenium.ElementClickInterceptedException: element click intercepted: Element <i class="icon-plus"></i> is not clickable at point (273, 155). Other element would receive the click: <div class="form-group">...</div>
  (Session info: chrome=91.0.4472.77)
Build info: version: '3.141.59', revision: 'e82be7d358', time: '2018-11-14T08:25:53'
System info: host: 'WIN-SERVER-2019', ip: '10.1.0.4', os.name: 'Windows Server 2019', os.arch: 'amd64', os.version: '10.0', java.version: '1.8.0_282'
Driver info: com.kms.katalon.selenium.driver.CChromeDriver
Capabilities {acceptInsecureCerts: false, browserName: chrome, browserVersion: 91.0.4472.77, chrome: {chromedriverVersion: 90.0.4430.24 (4c6d850f087da..., userDataDir: C:\Users\nttuan\AppData\Loc...}, goog:chromeOptions: {debuggerAddress: localhost:52794}, javascriptEnabled: true, networkConnectionEnabled: false, pageLoadStrategy: normal, platform: WINDOWS, platformName: WINDOWS, proxy: Proxy(), setWindowRect: true, strictFileInteractability: false, timeouts: {implicit: 0, pageLoad: 300000, script: 30000}, unhandledPromptBehavior: dismiss and notify, webauthn:extension:largeBlob: true, webauthn:virtualAuthenticators: true}
Session ID: 2935bd559bcccfa1432c3cc369d838a4
	at org.openqa.selenium.remote.http.W3CHttpResponseCodec.createException(W3CHttpResponseCodec.java:187)
	at org.openqa.selenium.remote.http.W3CHttpResponseCodec.decode(W3CHttpResponseCodec.java:122)
	at org.openqa.selenium.remote.http.W3CHttpResponseCodec.decode(W3CHttpResponseCodec.java:49)
	at org.openqa.selenium.remote.HttpCommandExecutor.execute(HttpCommandExecutor.java:158)
	at org.openqa.selenium.remote.service.DriverCommandExecutor.execute(DriverCommandExecutor.java:83)
	at org.openqa.selenium.remote.RemoteWebDriver.execute(RemoteWebDriver.java:552)
	at com.kms.katalon.selenium.driver.CChromeDriver.execute(CChromeDriver.java:19)
	at org.openqa.selenium.remote.RemoteWebElement.execute(RemoteWebElement.java:285)
	at org.openqa.selenium.remote.RemoteWebElement.click(RemoteWebElement.java:84)
	at org.openqa.selenium.support.events.EventFiringWebDriver$EventFiringWebElement.lambda$new$0(EventFiringWebDriver.java:404)
	at com.sun.proxy.$Proxy17.click(Unknown Source)
	at org.openqa.selenium.support.events.EventFiringWebDriver$EventFiringWebElement.click(EventFiringWebDriver.java:417)
	at com.kms.katalon.core.webui.keyword.builtin.ClickKeyword$_click_closure1.doCall(ClickKeyword.groovy:68)
	at com.kms.katalon.core.webui.keyword.builtin.ClickKeyword$_click_closure1.call(ClickKeyword.groovy)
	at com.kms.katalon.core.webui.keyword.internal.WebUIKeywordMain.runKeyword(WebUIKeywordMain.groovy:20)
	... 19 more


2021-05-30 15:34:59 - [TEST_STEP][PASSED] - callTestCase(findTestCase("Internal Test Cases/Successful Login"), ["Username":"", "Password":""], STOP_ON_FAILURE): Call Test Case 'Test Cases/Internal Test Cases/Successful Login' successfully

2021-05-30 15:34:59 - [TEST_CASE][PASSED] - Test Cases/Internal Test Cases/Successful Login: Test Cases/Internal Test Cases/Successful Login

2021-05-30 15:34:59 - [TEST_STEP][PASSED] - openBrowser(""): Browser is opened with url: ''

2021-05-30 15:34:59 - [MESSAGE][INFO] - Starting 'Chrome' driver

2021-05-30 15:34:59 - [MESSAGE][INFO] - Action delay is set to 0 milliseconds

2021-05-30 15:35:00 - [MESSAGE][PASSED] - Browser is opened with url: ''

2021-05-30 15:35:00 - [TEST_STEP][PASSED] - navigateToUrl("https://chudenangcao2021.cf/"): Navigate to 'https://chudenangcao2021.cf/' successfully

2021-05-30 15:35:01 - [MESSAGE][PASSED] - Navigate to 'https://chudenangcao2021.cf/' successfully

2021-05-30 15:35:01 - [TEST_STEP][PASSED] - setText(findTestObject("Object Repository/Page_Mattermost/input_All team communication in one place, _dcc84b"), findTestData("Internal/Internal Login Data").getValue(1, 1)): Text 'nguyenvanb' is set on object 'Object Repository/Page_Mattermost/input_All team communication in one place, _dcc84b'

2021-05-30 15:35:02 - [MESSAGE][PASSED] - Text 'nguyenvanb' is set on object 'Object Repository/Page_Mattermost/input_All team communication in one place, _dcc84b'

2021-05-30 15:35:02 - [TEST_STEP][PASSED] - setEncryptedText(findTestObject("Object Repository/Page_Mattermost/input_All team communication in one place, _a3edc6"), findTestData("Internal/Internal Login Data").getValue(2, 1)): Text ****** has been set on object 'Object Repository/Page_Mattermost/input_All team communication in one place, _a3edc6'

2021-05-30 15:35:03 - [MESSAGE][PASSED] - Text ****** has been set on object 'Object Repository/Page_Mattermost/input_All team communication in one place, _a3edc6'

2021-05-30 15:35:03 - [TEST_STEP][PASSED] - click(findTestObject("Object Repository/Page_Mattermost/button_Sign in")): Object: 'Object Repository/Page_Mattermost/button_Sign in' is clicked on

2021-05-30 15:35:03 - [MESSAGE][PASSED] - Object: 'Object Repository/Page_Mattermost/button_Sign in' is clicked on

2021-05-30 15:35:03 - [TEST_STEP][PASSED] - verifyLinksAccessible(["https://chudenangcao2021.cf/cdnc-cnpm-2021/channels"]): All links are accessible

2021-05-30 15:35:03 - [MESSAGE][INFO] - HAR: C:\Users\nttuan\Downloads\CDNC\mattermost-testing\Reports\20210530_152827\Run all test cases\20210530_152827\requests\main\36.har

2021-05-30 15:35:03 - [MESSAGE][PASSED] - Send request successfully

2021-05-30 15:35:03 - [MESSAGE][PASSED] - All links are accessible

2021-05-30 15:35:03 - [MESSAGE][PASSED] - Call Test Case 'Test Cases/Internal Test Cases/Successful Login' successfully

2021-05-30 15:35:03 - [TEST_STEP][FAILED] - for ([rowNum = 1, rowNum <= findTestData("Internal/Internal Channel Public").getRowNumbers(), (rowNum++)]): Unable to click on object 'Object Repository/CreateChannel/Page_TEST CHANNEL - TEAM NAME Mattermost/i_CtrlK_icon-plus' (Root cause: com.kms.katalon.core.exception.StepFailedException: Unable to click on object 'Object Repository/CreateChannel/Page_TEST CHANNEL - TEAM NAME Mattermost/i_CtrlK_icon-plus'
	at com.kms.katalon.core.webui.keyword.internal.WebUIKeywordMain.stepFailed(WebUIKeywordMain.groovy:64)
	at com.kms.katalon.core.webui.keyword.internal.WebUIKeywordMain.runKeyword(WebUIKeywordMain.groovy:26)
	at com.kms.katalon.core.webui.keyword.builtin.ClickKeyword.click(ClickKeyword.groovy:75)
	at com.kms.katalon.core.webui.keyword.builtin.ClickKeyword.execute(ClickKeyword.groovy:42)
	at com.kms.katalon.core.keyword.internal.KeywordExecutor.executeKeywordForPlatform(KeywordExecutor.groovy:73)
	at com.kms.katalon.core.webui.keyword.WebUiBuiltInKeywords.click(WebUiBuiltInKeywords.groovy:619)
	at com.kms.katalon.core.webui.keyword.WebUiBuiltInKeywords$click$2.call(Unknown Source)
	at CreateChannelPublic.run(CreateChannelPublic:24)
	at com.kms.katalon.core.main.ScriptEngine.run(ScriptEngine.java:194)
	at com.kms.katalon.core.main.ScriptEngine.runScriptAsRawText(ScriptEngine.java:119)
	at com.kms.katalon.core.main.TestCaseExecutor.runScript(TestCaseExecutor.java:398)
	at com.kms.katalon.core.main.TestCaseExecutor.doExecute(TestCaseExecutor.java:389)
	at com.kms.katalon.core.main.TestCaseExecutor.processExecutionPhase(TestCaseExecutor.java:368)
	at com.kms.katalon.core.main.TestCaseExecutor.accessMainPhase(TestCaseExecutor.java:360)
	at com.kms.katalon.core.main.TestCaseExecutor.execute(TestCaseExecutor.java:255)
	at com.kms.katalon.core.main.TestSuiteExecutor.accessTestCaseMainPhase(TestSuiteExecutor.java:203)
	at com.kms.katalon.core.main.TestSuiteExecutor.accessTestSuiteMainPhase(TestSuiteExecutor.java:152)
	at com.kms.katalon.core.main.TestSuiteExecutor.execute(TestSuiteExecutor.java:95)
	at com.kms.katalon.core.main.TestCaseMain.startTestSuite(TestCaseMain.java:157)
	at com.kms.katalon.core.main.TestCaseMain$startTestSuite$0.call(Unknown Source)
	at TempTestSuite1622388507297.run(TempTestSuite1622388507297.groovy:39)
Caused by: org.openqa.selenium.ElementClickInterceptedException: element click intercepted: Element <i class="icon-plus"></i> is not clickable at point (273, 155). Other element would receive the click: <div class="form-group">...</div>
  (Session info: chrome=91.0.4472.77)
Build info: version: '3.141.59', revision: 'e82be7d358', time: '2018-11-14T08:25:53'
System info: host: 'WIN-SERVER-2019', ip: '10.1.0.4', os.name: 'Windows Server 2019', os.arch: 'amd64', os.version: '10.0', java.version: '1.8.0_282'
Driver info: com.kms.katalon.selenium.driver.CChromeDriver
Capabilities {acceptInsecureCerts: false, browserName: chrome, browserVersion: 91.0.4472.77, chrome: {chromedriverVersion: 90.0.4430.24 (4c6d850f087da..., userDataDir: C:\Users\nttuan\AppData\Loc...}, goog:chromeOptions: {debuggerAddress: localhost:52794}, javascriptEnabled: true, networkConnectionEnabled: false, pageLoadStrategy: normal, platform: WINDOWS, platformName: WINDOWS, proxy: Proxy(), setWindowRect: true, strictFileInteractability: false, timeouts: {implicit: 0, pageLoad: 300000, script: 30000}, unhandledPromptBehavior: dismiss and notify, webauthn:extension:largeBlob: true, webauthn:virtualAuthenticators: true}
Session ID: 2935bd559bcccfa1432c3cc369d838a4
	at org.openqa.selenium.remote.http.W3CHttpResponseCodec.createException(W3CHttpResponseCodec.java:187)
	at org.openqa.selenium.remote.http.W3CHttpResponseCodec.decode(W3CHttpResponseCodec.java:122)
	at org.openqa.selenium.remote.http.W3CHttpResponseCodec.decode(W3CHttpResponseCodec.java:49)
	at org.openqa.selenium.remote.HttpCommandExecutor.execute(HttpCommandExecutor.java:158)
	at org.openqa.selenium.remote.service.DriverCommandExecutor.execute(DriverCommandExecutor.java:83)
	at org.openqa.selenium.remote.RemoteWebDriver.execute(RemoteWebDriver.java:552)
	at com.kms.katalon.selenium.driver.CChromeDriver.execute(CChromeDriver.java:19)
	at org.openqa.selenium.remote.RemoteWebElement.execute(RemoteWebElement.java:285)
	at org.openqa.selenium.remote.RemoteWebElement.click(RemoteWebElement.java:84)
	at org.openqa.selenium.support.events.EventFiringWebDriver$EventFiringWebElement.lambda$new$0(EventFiringWebDriver.java:404)
	at com.sun.proxy.$Proxy17.click(Unknown Source)
	at org.openqa.selenium.support.events.EventFiringWebDriver$EventFiringWebElement.click(EventFiringWebDriver.java:417)
	at com.kms.katalon.core.webui.keyword.builtin.ClickKeyword$_click_closure1.doCall(ClickKeyword.groovy:68)
	at com.kms.katalon.core.webui.keyword.builtin.ClickKeyword$_click_closure1.call(ClickKeyword.groovy)
	at com.kms.katalon.core.webui.keyword.internal.WebUIKeywordMain.runKeyword(WebUIKeywordMain.groovy:20)
	at com.kms.katalon.core.webui.keyword.builtin.ClickKeyword.click(ClickKeyword.groovy:75)
	at com.kms.katalon.core.webui.keyword.builtin.ClickKeyword.execute(ClickKeyword.groovy:42)
	at com.kms.katalon.core.keyword.internal.KeywordExecutor.executeKeywordForPlatform(KeywordExecutor.groovy:73)
	at com.kms.katalon.core.webui.keyword.WebUiBuiltInKeywords.click(WebUiBuiltInKeywords.groovy:619)
	at com.kms.katalon.core.webui.keyword.WebUiBuiltInKeywords$click$2.call(Unknown Source)
	at Script1622088008923.run(Script1622088008923.groovy:24)
	... 13 more
)

2021-05-30 15:35:03 - [TEST_STEP][PASSED] - click(findTestObject("Object Repository/CreateChannel/Page_TEST CHANNEL - TEAM NAME Mattermost/i_CtrlK_icon-plus")): Object: 'Object Repository/CreateChannel/Page_TEST CHANNEL - TEAM NAME Mattermost/i_CtrlK_icon-plus' is clicked on

2021-05-30 15:35:06 - [MESSAGE][PASSED] - Object: 'Object Repository/CreateChannel/Page_TEST CHANNEL - TEAM NAME Mattermost/i_CtrlK_icon-plus' is clicked on

2021-05-30 15:35:06 - [TEST_STEP][PASSED] - click(findTestObject("Object Repository/CreateChannel/Page_TEST CHANNEL - TEAM NAME Mattermost/span_Create New Channel")): Object: 'Object Repository/CreateChannel/Page_TEST CHANNEL - TEAM NAME Mattermost/span_Create New Channel' is clicked on

2021-05-30 15:35:08 - [MESSAGE][PASSED] - Object: 'Object Repository/CreateChannel/Page_TEST CHANNEL - TEAM NAME Mattermost/span_Create New Channel' is clicked on

2021-05-30 15:35:08 - [TEST_STEP][PASSED] - click(findTestObject("Object Repository/CreateChannel/Page_TEST CHANNEL - TEAM NAME Mattermost/input_Type_channelType")): Object: 'Object Repository/CreateChannel/Page_TEST CHANNEL - TEAM NAME Mattermost/input_Type_channelType' is clicked on

2021-05-30 15:35:10 - [MESSAGE][PASSED] - Object: 'Object Repository/CreateChannel/Page_TEST CHANNEL - TEAM NAME Mattermost/input_Type_channelType' is clicked on

2021-05-30 15:35:10 - [TEST_STEP][PASSED] - setText(findTestObject("Object Repository/CreateChannel/Page_TEST CHANNEL - TEAM NAME Mattermost/input_Name_newChannelName"), findTestData("Internal/Internal Channel Public").getValue(1, rowNum)): Text 'Channel Public 12445' is set on object 'Object Repository/CreateChannel/Page_TEST CHANNEL - TEAM NAME Mattermost/input_Name_newChannelName'

2021-05-30 15:35:14 - [MESSAGE][PASSED] - Text 'Channel Public 12445' is set on object 'Object Repository/CreateChannel/Page_TEST CHANNEL - TEAM NAME Mattermost/input_Name_newChannelName'

2021-05-30 15:35:14 - [TEST_STEP][PASSED] - click(findTestObject("Object Repository/CreateChannel/Page_TEST CHANNEL - TEAM NAME Mattermost/button_Create Channel")): Object: 'Object Repository/CreateChannel/Page_TEST CHANNEL - TEAM NAME Mattermost/button_Create Channel' is clicked on

2021-05-30 15:35:16 - [MESSAGE][PASSED] - Object: 'Object Repository/CreateChannel/Page_TEST CHANNEL - TEAM NAME Mattermost/button_Create Channel' is clicked on

2021-05-30 15:35:16 - [TEST_STEP][FAILED] - click(findTestObject("Object Repository/CreateChannel/Page_TEST CHANNEL - TEAM NAME Mattermost/i_CtrlK_icon-plus")): Unable to click on object 'Object Repository/CreateChannel/Page_TEST CHANNEL - TEAM NAME Mattermost/i_CtrlK_icon-plus' (Root cause: com.kms.katalon.core.exception.StepFailedException: Unable to click on object 'Object Repository/CreateChannel/Page_TEST CHANNEL - TEAM NAME Mattermost/i_CtrlK_icon-plus'
	at com.kms.katalon.core.webui.keyword.internal.WebUIKeywordMain.stepFailed(WebUIKeywordMain.groovy:64)
	at com.kms.katalon.core.webui.keyword.internal.WebUIKeywordMain.runKeyword(WebUIKeywordMain.groovy:26)
	at com.kms.katalon.core.webui.keyword.builtin.ClickKeyword.click(ClickKeyword.groovy:75)
	at com.kms.katalon.core.webui.keyword.builtin.ClickKeyword.execute(ClickKeyword.groovy:42)
	at com.kms.katalon.core.keyword.internal.KeywordExecutor.executeKeywordForPlatform(KeywordExecutor.groovy:73)
	at com.kms.katalon.core.webui.keyword.WebUiBuiltInKeywords.click(WebUiBuiltInKeywords.groovy:619)
	at com.kms.katalon.core.webui.keyword.WebUiBuiltInKeywords$click$2.call(Unknown Source)
	at CreateChannelPublic.run(CreateChannelPublic:24)
	at com.kms.katalon.core.main.ScriptEngine.run(ScriptEngine.java:194)
	at com.kms.katalon.core.main.ScriptEngine.runScriptAsRawText(ScriptEngine.java:119)
	at com.kms.katalon.core.main.TestCaseExecutor.runScript(TestCaseExecutor.java:398)
	at com.kms.katalon.core.main.TestCaseExecutor.doExecute(TestCaseExecutor.java:389)
	at com.kms.katalon.core.main.TestCaseExecutor.processExecutionPhase(TestCaseExecutor.java:368)
	at com.kms.katalon.core.main.TestCaseExecutor.accessMainPhase(TestCaseExecutor.java:360)
	at com.kms.katalon.core.main.TestCaseExecutor.execute(TestCaseExecutor.java:255)
	at com.kms.katalon.core.main.TestSuiteExecutor.accessTestCaseMainPhase(TestSuiteExecutor.java:203)
	at com.kms.katalon.core.main.TestSuiteExecutor.accessTestSuiteMainPhase(TestSuiteExecutor.java:152)
	at com.kms.katalon.core.main.TestSuiteExecutor.execute(TestSuiteExecutor.java:95)
	at com.kms.katalon.core.main.TestCaseMain.startTestSuite(TestCaseMain.java:157)
	at com.kms.katalon.core.main.TestCaseMain$startTestSuite$0.call(Unknown Source)
	at TempTestSuite1622388507297.run(TempTestSuite1622388507297.groovy:39)
Caused by: org.openqa.selenium.ElementClickInterceptedException: element click intercepted: Element <i class="icon-plus"></i> is not clickable at point (273, 155). Other element would receive the click: <div class="form-group">...</div>
  (Session info: chrome=91.0.4472.77)
Build info: version: '3.141.59', revision: 'e82be7d358', time: '2018-11-14T08:25:53'
System info: host: 'WIN-SERVER-2019', ip: '10.1.0.4', os.name: 'Windows Server 2019', os.arch: 'amd64', os.version: '10.0', java.version: '1.8.0_282'
Driver info: com.kms.katalon.selenium.driver.CChromeDriver
Capabilities {acceptInsecureCerts: false, browserName: chrome, browserVersion: 91.0.4472.77, chrome: {chromedriverVersion: 90.0.4430.24 (4c6d850f087da..., userDataDir: C:\Users\nttuan\AppData\Loc...}, goog:chromeOptions: {debuggerAddress: localhost:52794}, javascriptEnabled: true, networkConnectionEnabled: false, pageLoadStrategy: normal, platform: WINDOWS, platformName: WINDOWS, proxy: Proxy(), setWindowRect: true, strictFileInteractability: false, timeouts: {implicit: 0, pageLoad: 300000, script: 30000}, unhandledPromptBehavior: dismiss and notify, webauthn:extension:largeBlob: true, webauthn:virtualAuthenticators: true}
Session ID: 2935bd559bcccfa1432c3cc369d838a4
	at org.openqa.selenium.remote.http.W3CHttpResponseCodec.createException(W3CHttpResponseCodec.java:187)
	at org.openqa.selenium.remote.http.W3CHttpResponseCodec.decode(W3CHttpResponseCodec.java:122)
	at org.openqa.selenium.remote.http.W3CHttpResponseCodec.decode(W3CHttpResponseCodec.java:49)
	at org.openqa.selenium.remote.HttpCommandExecutor.execute(HttpCommandExecutor.java:158)
	at org.openqa.selenium.remote.service.DriverCommandExecutor.execute(DriverCommandExecutor.java:83)
	at org.openqa.selenium.remote.RemoteWebDriver.execute(RemoteWebDriver.java:552)
	at com.kms.katalon.selenium.driver.CChromeDriver.execute(CChromeDriver.java:19)
	at org.openqa.selenium.remote.RemoteWebElement.execute(RemoteWebElement.java:285)
	at org.openqa.selenium.remote.RemoteWebElement.click(RemoteWebElement.java:84)
	at org.openqa.selenium.support.events.EventFiringWebDriver$EventFiringWebElement.lambda$new$0(EventFiringWebDriver.java:404)
	at com.sun.proxy.$Proxy17.click(Unknown Source)
	at org.openqa.selenium.support.events.EventFiringWebDriver$EventFiringWebElement.click(EventFiringWebDriver.java:417)
	at com.kms.katalon.core.webui.keyword.builtin.ClickKeyword$_click_closure1.doCall(ClickKeyword.groovy:68)
	at com.kms.katalon.core.webui.keyword.builtin.ClickKeyword$_click_closure1.call(ClickKeyword.groovy)
	at com.kms.katalon.core.webui.keyword.internal.WebUIKeywordMain.runKeyword(WebUIKeywordMain.groovy:20)
	at com.kms.katalon.core.webui.keyword.builtin.ClickKeyword.click(ClickKeyword.groovy:75)
	at com.kms.katalon.core.webui.keyword.builtin.ClickKeyword.execute(ClickKeyword.groovy:42)
	at com.kms.katalon.core.keyword.internal.KeywordExecutor.executeKeywordForPlatform(KeywordExecutor.groovy:73)
	at com.kms.katalon.core.webui.keyword.WebUiBuiltInKeywords.click(WebUiBuiltInKeywords.groovy:619)
	at com.kms.katalon.core.webui.keyword.WebUiBuiltInKeywords$click$2.call(Unknown Source)
	at Script1622088008923.run(Script1622088008923.groovy:24)
	... 13 more
)

2021-05-30 15:35:20 - [MESSAGE][FAILED] - Unable to click on object 'Object Repository/CreateChannel/Page_TEST CHANNEL - TEAM NAME Mattermost/i_CtrlK_icon-plus' (Root cause: com.kms.katalon.core.exception.StepFailedException: Unable to click on object 'Object Repository/CreateChannel/Page_TEST CHANNEL - TEAM NAME Mattermost/i_CtrlK_icon-plus'
	at com.kms.katalon.core.webui.keyword.internal.WebUIKeywordMain.stepFailed(WebUIKeywordMain.groovy:64)
	at com.kms.katalon.core.webui.keyword.internal.WebUIKeywordMain.runKeyword(WebUIKeywordMain.groovy:26)
	at com.kms.katalon.core.webui.keyword.builtin.ClickKeyword.click(ClickKeyword.groovy:75)
	at com.kms.katalon.core.webui.keyword.builtin.ClickKeyword.execute(ClickKeyword.groovy:42)
	at com.kms.katalon.core.keyword.internal.KeywordExecutor.executeKeywordForPlatform(KeywordExecutor.groovy:73)
	at com.kms.katalon.core.webui.keyword.WebUiBuiltInKeywords.click(WebUiBuiltInKeywords.groovy:619)
	at com.kms.katalon.core.webui.keyword.WebUiBuiltInKeywords$click$2.call(Unknown Source)
	at CreateChannelPublic.run(CreateChannelPublic:24)
	at com.kms.katalon.core.main.ScriptEngine.run(ScriptEngine.java:194)
	at com.kms.katalon.core.main.ScriptEngine.runScriptAsRawText(ScriptEngine.java:119)
	at com.kms.katalon.core.main.TestCaseExecutor.runScript(TestCaseExecutor.java:398)
	at com.kms.katalon.core.main.TestCaseExecutor.doExecute(TestCaseExecutor.java:389)
	at com.kms.katalon.core.main.TestCaseExecutor.processExecutionPhase(TestCaseExecutor.java:368)
	at com.kms.katalon.core.main.TestCaseExecutor.accessMainPhase(TestCaseExecutor.java:360)
	at com.kms.katalon.core.main.TestCaseExecutor.execute(TestCaseExecutor.java:255)
	at com.kms.katalon.core.main.TestSuiteExecutor.accessTestCaseMainPhase(TestSuiteExecutor.java:203)
	at com.kms.katalon.core.main.TestSuiteExecutor.accessTestSuiteMainPhase(TestSuiteExecutor.java:152)
	at com.kms.katalon.core.main.TestSuiteExecutor.execute(TestSuiteExecutor.java:95)
	at com.kms.katalon.core.main.TestCaseMain.startTestSuite(TestCaseMain.java:157)
	at com.kms.katalon.core.main.TestCaseMain$startTestSuite$0.call(Unknown Source)
	at TempTestSuite1622388507297.run(TempTestSuite1622388507297.groovy:39)
Caused by: org.openqa.selenium.ElementClickInterceptedException: element click intercepted: Element <i class="icon-plus"></i> is not clickable at point (273, 155). Other element would receive the click: <div class="form-group">...</div>
  (Session info: chrome=91.0.4472.77)
Build info: version: '3.141.59', revision: 'e82be7d358', time: '2018-11-14T08:25:53'
System info: host: 'WIN-SERVER-2019', ip: '10.1.0.4', os.name: 'Windows Server 2019', os.arch: 'amd64', os.version: '10.0', java.version: '1.8.0_282'
Driver info: com.kms.katalon.selenium.driver.CChromeDriver
Capabilities {acceptInsecureCerts: false, browserName: chrome, browserVersion: 91.0.4472.77, chrome: {chromedriverVersion: 90.0.4430.24 (4c6d850f087da..., userDataDir: C:\Users\nttuan\AppData\Loc...}, goog:chromeOptions: {debuggerAddress: localhost:52794}, javascriptEnabled: true, networkConnectionEnabled: false, pageLoadStrategy: normal, platform: WINDOWS, platformName: WINDOWS, proxy: Proxy(), setWindowRect: true, strictFileInteractability: false, timeouts: {implicit: 0, pageLoad: 300000, script: 30000}, unhandledPromptBehavior: dismiss and notify, webauthn:extension:largeBlob: true, webauthn:virtualAuthenticators: true}
Session ID: 2935bd559bcccfa1432c3cc369d838a4
	at org.openqa.selenium.remote.http.W3CHttpResponseCodec.createException(W3CHttpResponseCodec.java:187)
	at org.openqa.selenium.remote.http.W3CHttpResponseCodec.decode(W3CHttpResponseCodec.java:122)
	at org.openqa.selenium.remote.http.W3CHttpResponseCodec.decode(W3CHttpResponseCodec.java:49)
	at org.openqa.selenium.remote.HttpCommandExecutor.execute(HttpCommandExecutor.java:158)
	at org.openqa.selenium.remote.service.DriverCommandExecutor.execute(DriverCommandExecutor.java:83)
	at org.openqa.selenium.remote.RemoteWebDriver.execute(RemoteWebDriver.java:552)
	at com.kms.katalon.selenium.driver.CChromeDriver.execute(CChromeDriver.java:19)
	at org.openqa.selenium.remote.RemoteWebElement.execute(RemoteWebElement.java:285)
	at org.openqa.selenium.remote.RemoteWebElement.click(RemoteWebElement.java:84)
	at org.openqa.selenium.support.events.EventFiringWebDriver$EventFiringWebElement.lambda$new$0(EventFiringWebDriver.java:404)
	at com.sun.proxy.$Proxy17.click(Unknown Source)
	at org.openqa.selenium.support.events.EventFiringWebDriver$EventFiringWebElement.click(EventFiringWebDriver.java:417)
	at com.kms.katalon.core.webui.keyword.builtin.ClickKeyword$_click_closure1.doCall(ClickKeyword.groovy:68)
	at com.kms.katalon.core.webui.keyword.builtin.ClickKeyword$_click_closure1.call(ClickKeyword.groovy)
	at com.kms.katalon.core.webui.keyword.internal.WebUIKeywordMain.runKeyword(WebUIKeywordMain.groovy:20)
	at com.kms.katalon.core.webui.keyword.builtin.ClickKeyword.click(ClickKeyword.groovy:75)
	at com.kms.katalon.core.webui.keyword.builtin.ClickKeyword.execute(ClickKeyword.groovy:42)
	at com.kms.katalon.core.keyword.internal.KeywordExecutor.executeKeywordForPlatform(KeywordExecutor.groovy:73)
	at com.kms.katalon.core.webui.keyword.WebUiBuiltInKeywords.click(WebUiBuiltInKeywords.groovy:619)
	at com.kms.katalon.core.webui.keyword.WebUiBuiltInKeywords$click$2.call(Unknown Source)
	at Script1622088008923.run(Script1622088008923.groovy:24)
	... 13 more
)
[[ATTACHMENT|C:\\Users\\nttuan\\Downloads\\CDNC\\mattermost-testing\\Reports\\20210530_152827\\Run all test cases\\20210530_152827\\1622388920652.png]]]]></system-out>
         <system-err><![CDATA[2021-05-30 15:34:59 - [TEST_CASE][FAILED] - Test Cases/Internal Test Cases/CreateChannelPublic: Test Cases/Internal Test Cases/CreateChannelPublic FAILED.
Reason:
com.kms.katalon.core.exception.StepFailedException: Unable to click on object 'Object Repository/CreateChannel/Page_TEST CHANNEL - TEAM NAME Mattermost/i_CtrlK_icon-plus'
	at com.kms.katalon.core.webui.keyword.internal.WebUIKeywordMain.stepFailed(WebUIKeywordMain.groovy:64)
	at com.kms.katalon.core.webui.keyword.internal.WebUIKeywordMain.runKeyword(WebUIKeywordMain.groovy:26)
	at com.kms.katalon.core.webui.keyword.builtin.ClickKeyword.click(ClickKeyword.groovy:75)
	at com.kms.katalon.core.webui.keyword.builtin.ClickKeyword.execute(ClickKeyword.groovy:42)
	at com.kms.katalon.core.keyword.internal.KeywordExecutor.executeKeywordForPlatform(KeywordExecutor.groovy:73)
	at com.kms.katalon.core.webui.keyword.WebUiBuiltInKeywords.click(WebUiBuiltInKeywords.groovy:619)
	at com.kms.katalon.core.webui.keyword.WebUiBuiltInKeywords$click$2.call(Unknown Source)
	at CreateChannelPublic.run(CreateChannelPublic:24)
	at com.kms.katalon.core.main.ScriptEngine.run(ScriptEngine.java:194)
	at com.kms.katalon.core.main.ScriptEngine.runScriptAsRawText(ScriptEngine.java:119)
	at com.kms.katalon.core.main.TestCaseExecutor.runScript(TestCaseExecutor.java:398)
	at com.kms.katalon.core.main.TestCaseExecutor.doExecute(TestCaseExecutor.java:389)
	at com.kms.katalon.core.main.TestCaseExecutor.processExecutionPhase(TestCaseExecutor.java:368)
	at com.kms.katalon.core.main.TestCaseExecutor.accessMainPhase(TestCaseExecutor.java:360)
	at com.kms.katalon.core.main.TestCaseExecutor.execute(TestCaseExecutor.java:255)
	at com.kms.katalon.core.main.TestSuiteExecutor.accessTestCaseMainPhase(TestSuiteExecutor.java:203)
	at com.kms.katalon.core.main.TestSuiteExecutor.accessTestSuiteMainPhase(TestSuiteExecutor.java:152)
	at com.kms.katalon.core.main.TestSuiteExecutor.execute(TestSuiteExecutor.java:95)
	at com.kms.katalon.core.main.TestCaseMain.startTestSuite(TestCaseMain.java:157)
	at com.kms.katalon.core.main.TestCaseMain$startTestSuite$0.call(Unknown Source)
	at TempTestSuite1622388507297.run(TempTestSuite1622388507297.groovy:39)
Caused by: org.openqa.selenium.ElementClickInterceptedException: element click intercepted: Element <i class="icon-plus"></i> is not clickable at point (273, 155). Other element would receive the click: <div class="form-group">...</div>
  (Session info: chrome=91.0.4472.77)
Build info: version: '3.141.59', revision: 'e82be7d358', time: '2018-11-14T08:25:53'
System info: host: 'WIN-SERVER-2019', ip: '10.1.0.4', os.name: 'Windows Server 2019', os.arch: 'amd64', os.version: '10.0', java.version: '1.8.0_282'
Driver info: com.kms.katalon.selenium.driver.CChromeDriver
Capabilities {acceptInsecureCerts: false, browserName: chrome, browserVersion: 91.0.4472.77, chrome: {chromedriverVersion: 90.0.4430.24 (4c6d850f087da..., userDataDir: C:\Users\nttuan\AppData\Loc...}, goog:chromeOptions: {debuggerAddress: localhost:52794}, javascriptEnabled: true, networkConnectionEnabled: false, pageLoadStrategy: normal, platform: WINDOWS, platformName: WINDOWS, proxy: Proxy(), setWindowRect: true, strictFileInteractability: false, timeouts: {implicit: 0, pageLoad: 300000, script: 30000}, unhandledPromptBehavior: dismiss and notify, webauthn:extension:largeBlob: true, webauthn:virtualAuthenticators: true}
Session ID: 2935bd559bcccfa1432c3cc369d838a4
	at org.openqa.selenium.remote.http.W3CHttpResponseCodec.createException(W3CHttpResponseCodec.java:187)
	at org.openqa.selenium.remote.http.W3CHttpResponseCodec.decode(W3CHttpResponseCodec.java:122)
	at org.openqa.selenium.remote.http.W3CHttpResponseCodec.decode(W3CHttpResponseCodec.java:49)
	at org.openqa.selenium.remote.HttpCommandExecutor.execute(HttpCommandExecutor.java:158)
	at org.openqa.selenium.remote.service.DriverCommandExecutor.execute(DriverCommandExecutor.java:83)
	at org.openqa.selenium.remote.RemoteWebDriver.execute(RemoteWebDriver.java:552)
	at com.kms.katalon.selenium.driver.CChromeDriver.execute(CChromeDriver.java:19)
	at org.openqa.selenium.remote.RemoteWebElement.execute(RemoteWebElement.java:285)
	at org.openqa.selenium.remote.RemoteWebElement.click(RemoteWebElement.java:84)
	at org.openqa.selenium.support.events.EventFiringWebDriver$EventFiringWebElement.lambda$new$0(EventFiringWebDriver.java:404)
	at com.sun.proxy.$Proxy17.click(Unknown Source)
	at org.openqa.selenium.support.events.EventFiringWebDriver$EventFiringWebElement.click(EventFiringWebDriver.java:417)
	at com.kms.katalon.core.webui.keyword.builtin.ClickKeyword$_click_closure1.doCall(ClickKeyword.groovy:68)
	at com.kms.katalon.core.webui.keyword.builtin.ClickKeyword$_click_closure1.call(ClickKeyword.groovy)
	at com.kms.katalon.core.webui.keyword.internal.WebUIKeywordMain.runKeyword(WebUIKeywordMain.groovy:20)
	... 19 more]]></system-err>
      </testcase>
      <testcase name="Test Cases/Internal Test Cases/CreateTeam" time="44.766" classname="Test Cases/Internal Test Cases/CreateTeam" status="FAILED">
         <failure type="FAILED" message="Test Cases/Internal Test Cases/CreateTeam FAILED.
Reason:
com.kms.katalon.core.exception.StepFailedException: Unable to click on object 'Object Repository/Page_TEST CHANNEL - TEAM NAME Mattermost/svg'
	at com.kms.katalon.core.webui.keyword.internal.WebUIKeywordMain.stepFailed(WebUIKeywordMain.groovy:64)
	at com.kms.katalon.core.webui.keyword.internal.WebUIKeywordMain.runKeyword(WebUIKeywordMain.groovy:26)
	at com.kms.katalon.core.webui.keyword.builtin.ClickKeyword.click(ClickKeyword.groovy:75)
	at com.kms.katalon.core.webui.keyword.builtin.ClickKeyword.execute(ClickKeyword.groovy:42)
	at com.kms.katalon.core.keyword.internal.KeywordExecutor.executeKeywordForPlatform(KeywordExecutor.groovy:73)
	at com.kms.katalon.core.webui.keyword.WebUiBuiltInKeywords.click(WebUiBuiltInKeywords.groovy:619)
	at com.kms.katalon.core.webui.keyword.WebUiBuiltInKeywords$click$2.call(Unknown Source)
	at CreateTeam.run(CreateTeam:23)
	at com.kms.katalon.core.main.ScriptEngine.run(ScriptEngine.java:194)
	at com.kms.katalon.core.main.ScriptEngine.runScriptAsRawText(ScriptEngine.java:119)
	at com.kms.katalon.core.main.TestCaseExecutor.runScript(TestCaseExecutor.java:398)
	at com.kms.katalon.core.main.TestCaseExecutor.doExecute(TestCaseExecutor.java:389)
	at com.kms.katalon.core.main.TestCaseExecutor.processExecutionPhase(TestCaseExecutor.java:368)
	at com.kms.katalon.core.main.TestCaseExecutor.accessMainPhase(TestCaseExecutor.java:360)
	at com.kms.katalon.core.main.TestCaseExecutor.execute(TestCaseExecutor.java:255)
	at com.kms.katalon.core.main.TestSuiteExecutor.accessTestCaseMainPhase(TestSuiteExecutor.java:203)
	at com.kms.katalon.core.main.TestSuiteExecutor.accessTestSuiteMainPhase(TestSuiteExecutor.java:152)
	at com.kms.katalon.core.main.TestSuiteExecutor.execute(TestSuiteExecutor.java:95)
	at com.kms.katalon.core.main.TestCaseMain.startTestSuite(TestCaseMain.java:157)
	at com.kms.katalon.core.main.TestCaseMain$startTestSuite$0.call(Unknown Source)
	at TempTestSuite1622388507297.run(TempTestSuite1622388507297.groovy:39)
Caused by: com.kms.katalon.core.webui.exception.WebElementNotFoundException: Web element with id: 'Object Repository/Page_TEST CHANNEL - TEAM NAME Mattermost/svg' located by '(.//*[normalize-space(text()) and normalize-space(.)='@nguyenvanb'])[1]/following::*[name()='svg'][1]' not found
	at com.kms.katalon.core.webui.common.WebUiCommonHelper.findWebElement(WebUiCommonHelper.java:1368)
	at com.kms.katalon.core.webui.keyword.internal.WebUIAbstractKeyword.findWebElement(WebUIAbstractKeyword.groovy:27)
	at com.kms.katalon.core.webui.keyword.internal.WebUIAbstractKeyword.findWebElement(WebUIAbstractKeyword.groovy:26)
	at com.kms.katalon.core.webui.keyword.builtin.ClickKeyword$_click_closure1.doCall(ClickKeyword.groovy:66)
	at com.kms.katalon.core.webui.keyword.builtin.ClickKeyword$_click_closure1.call(ClickKeyword.groovy)
	at com.kms.katalon.core.webui.keyword.internal.WebUIKeywordMain.runKeyword(WebUIKeywordMain.groovy:20)
	... 19 more
"/>
         <system-out><![CDATA[2021-05-30 15:35:20 - [TEST_CASE][FAILED] - Test Cases/Internal Test Cases/CreateTeam: Test Cases/Internal Test Cases/CreateTeam FAILED.
Reason:
com.kms.katalon.core.exception.StepFailedException: Unable to click on object 'Object Repository/Page_TEST CHANNEL - TEAM NAME Mattermost/svg'
	at com.kms.katalon.core.webui.keyword.internal.WebUIKeywordMain.stepFailed(WebUIKeywordMain.groovy:64)
	at com.kms.katalon.core.webui.keyword.internal.WebUIKeywordMain.runKeyword(WebUIKeywordMain.groovy:26)
	at com.kms.katalon.core.webui.keyword.builtin.ClickKeyword.click(ClickKeyword.groovy:75)
	at com.kms.katalon.core.webui.keyword.builtin.ClickKeyword.execute(ClickKeyword.groovy:42)
	at com.kms.katalon.core.keyword.internal.KeywordExecutor.executeKeywordForPlatform(KeywordExecutor.groovy:73)
	at com.kms.katalon.core.webui.keyword.WebUiBuiltInKeywords.click(WebUiBuiltInKeywords.groovy:619)
	at com.kms.katalon.core.webui.keyword.WebUiBuiltInKeywords$click$2.call(Unknown Source)
	at CreateTeam.run(CreateTeam:23)
	at com.kms.katalon.core.main.ScriptEngine.run(ScriptEngine.java:194)
	at com.kms.katalon.core.main.ScriptEngine.runScriptAsRawText(ScriptEngine.java:119)
	at com.kms.katalon.core.main.TestCaseExecutor.runScript(TestCaseExecutor.java:398)
	at com.kms.katalon.core.main.TestCaseExecutor.doExecute(TestCaseExecutor.java:389)
	at com.kms.katalon.core.main.TestCaseExecutor.processExecutionPhase(TestCaseExecutor.java:368)
	at com.kms.katalon.core.main.TestCaseExecutor.accessMainPhase(TestCaseExecutor.java:360)
	at com.kms.katalon.core.main.TestCaseExecutor.execute(TestCaseExecutor.java:255)
	at com.kms.katalon.core.main.TestSuiteExecutor.accessTestCaseMainPhase(TestSuiteExecutor.java:203)
	at com.kms.katalon.core.main.TestSuiteExecutor.accessTestSuiteMainPhase(TestSuiteExecutor.java:152)
	at com.kms.katalon.core.main.TestSuiteExecutor.execute(TestSuiteExecutor.java:95)
	at com.kms.katalon.core.main.TestCaseMain.startTestSuite(TestCaseMain.java:157)
	at com.kms.katalon.core.main.TestCaseMain$startTestSuite$0.call(Unknown Source)
	at TempTestSuite1622388507297.run(TempTestSuite1622388507297.groovy:39)
Caused by: com.kms.katalon.core.webui.exception.WebElementNotFoundException: Web element with id: 'Object Repository/Page_TEST CHANNEL - TEAM NAME Mattermost/svg' located by '(.//*[normalize-space(text()) and normalize-space(.)='@nguyenvanb'])[1]/following::*[name()='svg'][1]' not found
	at com.kms.katalon.core.webui.common.WebUiCommonHelper.findWebElement(WebUiCommonHelper.java:1368)
	at com.kms.katalon.core.webui.keyword.internal.WebUIAbstractKeyword.findWebElement(WebUIAbstractKeyword.groovy:27)
	at com.kms.katalon.core.webui.keyword.internal.WebUIAbstractKeyword.findWebElement(WebUIAbstractKeyword.groovy:26)
	at com.kms.katalon.core.webui.keyword.builtin.ClickKeyword$_click_closure1.doCall(ClickKeyword.groovy:66)
	at com.kms.katalon.core.webui.keyword.builtin.ClickKeyword$_click_closure1.call(ClickKeyword.groovy)
	at com.kms.katalon.core.webui.keyword.internal.WebUIKeywordMain.runKeyword(WebUIKeywordMain.groovy:20)
	... 19 more


2021-05-30 15:35:21 - [TEST_STEP][PASSED] - callTestCase(findTestCase("Internal Test Cases/Successful Login"), ["Username":"", "Password":""], STOP_ON_FAILURE): Call Test Case 'Test Cases/Internal Test Cases/Successful Login' successfully

2021-05-30 15:35:21 - [TEST_CASE][PASSED] - Test Cases/Internal Test Cases/Successful Login: Test Cases/Internal Test Cases/Successful Login

2021-05-30 15:35:21 - [TEST_STEP][PASSED] - openBrowser(""): Browser is opened with url: ''

2021-05-30 15:35:21 - [MESSAGE][WARNING] - A browser is already opened. Closing browser and opening a new one

2021-05-30 15:35:21 - [MESSAGE][INFO] - Starting 'Chrome' driver

2021-05-30 15:35:21 - [MESSAGE][INFO] - Action delay is set to 0 milliseconds

2021-05-30 15:35:23 - [MESSAGE][PASSED] - Browser is opened with url: ''

2021-05-30 15:35:23 - [TEST_STEP][PASSED] - navigateToUrl("https://chudenangcao2021.cf/"): Navigate to 'https://chudenangcao2021.cf/' successfully

2021-05-30 15:35:23 - [MESSAGE][PASSED] - Navigate to 'https://chudenangcao2021.cf/' successfully

2021-05-30 15:35:23 - [TEST_STEP][PASSED] - setText(findTestObject("Object Repository/Page_Mattermost/input_All team communication in one place, _dcc84b"), findTestData("Internal/Internal Login Data").getValue(1, 1)): Text 'nguyenvanb' is set on object 'Object Repository/Page_Mattermost/input_All team communication in one place, _dcc84b'

2021-05-30 15:35:25 - [MESSAGE][PASSED] - Text 'nguyenvanb' is set on object 'Object Repository/Page_Mattermost/input_All team communication in one place, _dcc84b'

2021-05-30 15:35:25 - [TEST_STEP][PASSED] - setEncryptedText(findTestObject("Object Repository/Page_Mattermost/input_All team communication in one place, _a3edc6"), findTestData("Internal/Internal Login Data").getValue(2, 1)): Text ****** has been set on object 'Object Repository/Page_Mattermost/input_All team communication in one place, _a3edc6'

2021-05-30 15:35:25 - [MESSAGE][PASSED] - Text ****** has been set on object 'Object Repository/Page_Mattermost/input_All team communication in one place, _a3edc6'

2021-05-30 15:35:25 - [TEST_STEP][PASSED] - click(findTestObject("Object Repository/Page_Mattermost/button_Sign in")): Object: 'Object Repository/Page_Mattermost/button_Sign in' is clicked on

2021-05-30 15:35:26 - [MESSAGE][PASSED] - Object: 'Object Repository/Page_Mattermost/button_Sign in' is clicked on

2021-05-30 15:35:26 - [TEST_STEP][PASSED] - verifyLinksAccessible(["https://chudenangcao2021.cf/cdnc-cnpm-2021/channels"]): All links are accessible

2021-05-30 15:35:26 - [MESSAGE][INFO] - HAR: C:\Users\nttuan\Downloads\CDNC\mattermost-testing\Reports\20210530_152827\Run all test cases\20210530_152827\requests\main\37.har

2021-05-30 15:35:26 - [MESSAGE][PASSED] - Send request successfully

2021-05-30 15:35:26 - [MESSAGE][PASSED] - All links are accessible

2021-05-30 15:35:26 - [MESSAGE][PASSED] - Call Test Case 'Test Cases/Internal Test Cases/Successful Login' successfully

2021-05-30 15:35:26 - [TEST_STEP][FAILED] - for ([rowNum = 1, rowNum <= findTestData("Internal/Internal Teamname").getRowNumbers(), (rowNum++)]): Unable to click on object 'Object Repository/Page_TEST CHANNEL - TEAM NAME Mattermost/svg' (Root cause: com.kms.katalon.core.exception.StepFailedException: Unable to click on object 'Object Repository/Page_TEST CHANNEL - TEAM NAME Mattermost/svg'
	at com.kms.katalon.core.webui.keyword.internal.WebUIKeywordMain.stepFailed(WebUIKeywordMain.groovy:64)
	at com.kms.katalon.core.webui.keyword.internal.WebUIKeywordMain.runKeyword(WebUIKeywordMain.groovy:26)
	at com.kms.katalon.core.webui.keyword.builtin.ClickKeyword.click(ClickKeyword.groovy:75)
	at com.kms.katalon.core.webui.keyword.builtin.ClickKeyword.execute(ClickKeyword.groovy:42)
	at com.kms.katalon.core.keyword.internal.KeywordExecutor.executeKeywordForPlatform(KeywordExecutor.groovy:73)
	at com.kms.katalon.core.webui.keyword.WebUiBuiltInKeywords.click(WebUiBuiltInKeywords.groovy:619)
	at com.kms.katalon.core.webui.keyword.WebUiBuiltInKeywords$click$2.call(Unknown Source)
	at CreateTeam.run(CreateTeam:23)
	at com.kms.katalon.core.main.ScriptEngine.run(ScriptEngine.java:194)
	at com.kms.katalon.core.main.ScriptEngine.runScriptAsRawText(ScriptEngine.java:119)
	at com.kms.katalon.core.main.TestCaseExecutor.runScript(TestCaseExecutor.java:398)
	at com.kms.katalon.core.main.TestCaseExecutor.doExecute(TestCaseExecutor.java:389)
	at com.kms.katalon.core.main.TestCaseExecutor.processExecutionPhase(TestCaseExecutor.java:368)
	at com.kms.katalon.core.main.TestCaseExecutor.accessMainPhase(TestCaseExecutor.java:360)
	at com.kms.katalon.core.main.TestCaseExecutor.execute(TestCaseExecutor.java:255)
	at com.kms.katalon.core.main.TestSuiteExecutor.accessTestCaseMainPhase(TestSuiteExecutor.java:203)
	at com.kms.katalon.core.main.TestSuiteExecutor.accessTestSuiteMainPhase(TestSuiteExecutor.java:152)
	at com.kms.katalon.core.main.TestSuiteExecutor.execute(TestSuiteExecutor.java:95)
	at com.kms.katalon.core.main.TestCaseMain.startTestSuite(TestCaseMain.java:157)
	at com.kms.katalon.core.main.TestCaseMain$startTestSuite$0.call(Unknown Source)
	at TempTestSuite1622388507297.run(TempTestSuite1622388507297.groovy:39)
Caused by: com.kms.katalon.core.webui.exception.WebElementNotFoundException: Web element with id: 'Object Repository/Page_TEST CHANNEL - TEAM NAME Mattermost/svg' located by '(.//*[normalize-space(text()) and normalize-space(.)='@nguyenvanb'])[1]/following::*[name()='svg'][1]' not found
	at com.kms.katalon.core.webui.common.WebUiCommonHelper.findWebElement(WebUiCommonHelper.java:1368)
	at com.kms.katalon.core.webui.keyword.internal.WebUIAbstractKeyword.findWebElement(WebUIAbstractKeyword.groovy:27)
	at com.kms.katalon.core.webui.keyword.internal.WebUIAbstractKeyword.findWebElement(WebUIAbstractKeyword.groovy:26)
	at com.kms.katalon.core.webui.keyword.builtin.ClickKeyword$_click_closure1.doCall(ClickKeyword.groovy:66)
	at com.kms.katalon.core.webui.keyword.builtin.ClickKeyword$_click_closure1.call(ClickKeyword.groovy)
	at com.kms.katalon.core.webui.keyword.internal.WebUIKeywordMain.runKeyword(WebUIKeywordMain.groovy:20)
	at com.kms.katalon.core.webui.keyword.builtin.ClickKeyword.click(ClickKeyword.groovy:75)
	at com.kms.katalon.core.webui.keyword.builtin.ClickKeyword.execute(ClickKeyword.groovy:42)
	at com.kms.katalon.core.keyword.internal.KeywordExecutor.executeKeywordForPlatform(KeywordExecutor.groovy:73)
	at com.kms.katalon.core.webui.keyword.WebUiBuiltInKeywords.click(WebUiBuiltInKeywords.groovy:619)
	at com.kms.katalon.core.webui.keyword.WebUiBuiltInKeywords$click$2.call(Unknown Source)
	at Script1622086940102.run(Script1622086940102.groovy:23)
	... 13 more
)

2021-05-30 15:35:26 - [TEST_STEP][PASSED] - click(findTestObject("Object Repository/Page_TEST CHANNEL - TEAM NAME Mattermost/svg")): Object: 'Object Repository/Page_TEST CHANNEL - TEAM NAME Mattermost/svg' is clicked on

2021-05-30 15:35:28 - [MESSAGE][PASSED] - Object: 'Object Repository/Page_TEST CHANNEL - TEAM NAME Mattermost/svg' is clicked on

2021-05-30 15:35:28 - [TEST_STEP][PASSED] - click(findTestObject("Object Repository/Page_TEST CHANNEL - TEAM NAME Mattermost/a_Create a Team")): Object: 'Object Repository/Page_TEST CHANNEL - TEAM NAME Mattermost/a_Create a Team' is clicked on

2021-05-30 15:35:28 - [MESSAGE][PASSED] - Object: 'Object Repository/Page_TEST CHANNEL - TEAM NAME Mattermost/a_Create a Team' is clicked on

2021-05-30 15:35:28 - [TEST_STEP][PASSED] - setText(findTestObject("Object Repository/Page_TEST CHANNEL - TEAM NAME Mattermost/input_Team Name_teamNameInput"), findTestData("Internal/Internal Teamname").getValue(1, rowNum)): Text 'Team1234' is set on object 'Object Repository/Page_TEST CHANNEL - TEAM NAME Mattermost/input_Team Name_teamNameInput'

2021-05-30 15:35:29 - [MESSAGE][PASSED] - Text 'Team1234' is set on object 'Object Repository/Page_TEST CHANNEL - TEAM NAME Mattermost/input_Team Name_teamNameInput'

2021-05-30 15:35:29 - [TEST_STEP][PASSED] - click(findTestObject("Object Repository/Page_TEST CHANNEL - TEAM NAME Mattermost/button_Next")): Object: 'Object Repository/Page_TEST CHANNEL - TEAM NAME Mattermost/button_Next' is clicked on

2021-05-30 15:35:29 - [MESSAGE][PASSED] - Object: 'Object Repository/Page_TEST CHANNEL - TEAM NAME Mattermost/button_Next' is clicked on

2021-05-30 15:35:29 - [TEST_STEP][PASSED] - click(findTestObject("Object Repository/Page_TEST CHANNEL - TEAM NAME Mattermost/span_Finish")): Object: 'Object Repository/Page_TEST CHANNEL - TEAM NAME Mattermost/span_Finish' is clicked on

2021-05-30 15:35:30 - [MESSAGE][PASSED] - Object: 'Object Repository/Page_TEST CHANNEL - TEAM NAME Mattermost/span_Finish' is clicked on

2021-05-30 15:35:30 - [TEST_STEP][FAILED] - click(findTestObject("Object Repository/Page_TEST CHANNEL - TEAM NAME Mattermost/svg")): Unable to click on object 'Object Repository/Page_TEST CHANNEL - TEAM NAME Mattermost/svg' (Root cause: com.kms.katalon.core.exception.StepFailedException: Unable to click on object 'Object Repository/Page_TEST CHANNEL - TEAM NAME Mattermost/svg'
	at com.kms.katalon.core.webui.keyword.internal.WebUIKeywordMain.stepFailed(WebUIKeywordMain.groovy:64)
	at com.kms.katalon.core.webui.keyword.internal.WebUIKeywordMain.runKeyword(WebUIKeywordMain.groovy:26)
	at com.kms.katalon.core.webui.keyword.builtin.ClickKeyword.click(ClickKeyword.groovy:75)
	at com.kms.katalon.core.webui.keyword.builtin.ClickKeyword.execute(ClickKeyword.groovy:42)
	at com.kms.katalon.core.keyword.internal.KeywordExecutor.executeKeywordForPlatform(KeywordExecutor.groovy:73)
	at com.kms.katalon.core.webui.keyword.WebUiBuiltInKeywords.click(WebUiBuiltInKeywords.groovy:619)
	at com.kms.katalon.core.webui.keyword.WebUiBuiltInKeywords$click$2.call(Unknown Source)
	at CreateTeam.run(CreateTeam:23)
	at com.kms.katalon.core.main.ScriptEngine.run(ScriptEngine.java:194)
	at com.kms.katalon.core.main.ScriptEngine.runScriptAsRawText(ScriptEngine.java:119)
	at com.kms.katalon.core.main.TestCaseExecutor.runScript(TestCaseExecutor.java:398)
	at com.kms.katalon.core.main.TestCaseExecutor.doExecute(TestCaseExecutor.java:389)
	at com.kms.katalon.core.main.TestCaseExecutor.processExecutionPhase(TestCaseExecutor.java:368)
	at com.kms.katalon.core.main.TestCaseExecutor.accessMainPhase(TestCaseExecutor.java:360)
	at com.kms.katalon.core.main.TestCaseExecutor.execute(TestCaseExecutor.java:255)
	at com.kms.katalon.core.main.TestSuiteExecutor.accessTestCaseMainPhase(TestSuiteExecutor.java:203)
	at com.kms.katalon.core.main.TestSuiteExecutor.accessTestSuiteMainPhase(TestSuiteExecutor.java:152)
	at com.kms.katalon.core.main.TestSuiteExecutor.execute(TestSuiteExecutor.java:95)
	at com.kms.katalon.core.main.TestCaseMain.startTestSuite(TestCaseMain.java:157)
	at com.kms.katalon.core.main.TestCaseMain$startTestSuite$0.call(Unknown Source)
	at TempTestSuite1622388507297.run(TempTestSuite1622388507297.groovy:39)
Caused by: com.kms.katalon.core.webui.exception.WebElementNotFoundException: Web element with id: 'Object Repository/Page_TEST CHANNEL - TEAM NAME Mattermost/svg' located by '(.//*[normalize-space(text()) and normalize-space(.)='@nguyenvanb'])[1]/following::*[name()='svg'][1]' not found
	at com.kms.katalon.core.webui.common.WebUiCommonHelper.findWebElement(WebUiCommonHelper.java:1368)
	at com.kms.katalon.core.webui.keyword.internal.WebUIAbstractKeyword.findWebElement(WebUIAbstractKeyword.groovy:27)
	at com.kms.katalon.core.webui.keyword.internal.WebUIAbstractKeyword.findWebElement(WebUIAbstractKeyword.groovy:26)
	at com.kms.katalon.core.webui.keyword.builtin.ClickKeyword$_click_closure1.doCall(ClickKeyword.groovy:66)
	at com.kms.katalon.core.webui.keyword.builtin.ClickKeyword$_click_closure1.call(ClickKeyword.groovy)
	at com.kms.katalon.core.webui.keyword.internal.WebUIKeywordMain.runKeyword(WebUIKeywordMain.groovy:20)
	at com.kms.katalon.core.webui.keyword.builtin.ClickKeyword.click(ClickKeyword.groovy:75)
	at com.kms.katalon.core.webui.keyword.builtin.ClickKeyword.execute(ClickKeyword.groovy:42)
	at com.kms.katalon.core.keyword.internal.KeywordExecutor.executeKeywordForPlatform(KeywordExecutor.groovy:73)
	at com.kms.katalon.core.webui.keyword.WebUiBuiltInKeywords.click(WebUiBuiltInKeywords.groovy:619)
	at com.kms.katalon.core.webui.keyword.WebUiBuiltInKeywords$click$2.call(Unknown Source)
	at Script1622086940102.run(Script1622086940102.groovy:23)
	... 13 more
)

2021-05-30 15:36:01 - [MESSAGE][INFO] - Unable to find the element located by 'By.xpath: (.//*[normalize-space(text()) and normalize-space(.)='@nguyenvanb'])[1]/following::*[name()='svg'][1]'. Please recheck the objects properties to make sure the desired element is located. 

2021-05-30 15:36:01 - [MESSAGE][WARNING] - [SELF-HEALING] Failed to find element with id 'Object Repository/Page_TEST CHANNEL - TEAM NAME Mattermost/svg'. Try using Self-healing.

2021-05-30 15:36:01 - [MESSAGE][INFO] - [SELF-HEALING] Failed Locator: '(.//*[normalize-space(text()) and normalize-space(.)='@nguyenvanb'])[1]/following::*[name()='svg'][1]'.

2021-05-30 15:36:01 - [MESSAGE][INFO] - [SELF-HEALING] Failed Locator: '(.//*[normalize-space(text()) and normalize-space(.)='TEAM NAME'])[2]/following::*[name()='svg'][1]'.

2021-05-30 15:36:02 - [MESSAGE][INFO] - [SELF-HEALING] Failed Locator: '(.//*[normalize-space(text()) and normalize-space(.)='Find channel'])[1]/preceding::*[name()='svg'][1]'.

2021-05-30 15:36:02 - [MESSAGE][INFO] - [SELF-HEALING] Failed Locator: '(.//*[normalize-space(text()) and normalize-space(.)='Ctrl+K'])[1]/preceding::*[name()='svg'][1]'.

2021-05-30 15:36:02 - [MESSAGE][INFO] - [SELF-HEALING] Failed Locator: '(.//*[normalize-space(text()) and normalize-space(.)='@nguyenvanb'])[1]/following::*[name()='svg'][1]'.

2021-05-30 15:36:02 - [MESSAGE][INFO] - [SELF-HEALING] Failed Locator: '(.//*[normalize-space(text()) and normalize-space(.)='TEAM NAME'])[2]/following::*[name()='svg'][1]'.

2021-05-30 15:36:03 - [MESSAGE][INFO] - [SELF-HEALING] Failed Locator: '(.//*[normalize-space(text()) and normalize-space(.)='Find channel'])[1]/preceding::*[name()='svg'][1]'.

2021-05-30 15:36:03 - [MESSAGE][INFO] - [SELF-HEALING] Failed Locator: '(.//*[normalize-space(text()) and normalize-space(.)='Ctrl+K'])[1]/preceding::*[name()='svg'][1]'.

2021-05-30 15:36:04 - [MESSAGE][INFO] - Unable to find the element located by 'By.xpath: id("headerInfo")/button[@class="style--none sidebar-header-dropdown__icon"]/span[1]/svg[1]'. Please recheck the objects properties to make sure the desired element is located. 

2021-05-30 15:36:05 - [MESSAGE][INFO] - Unable to find the element located by 'By.cssSelector: button.style--none.sidebar-header-dropdown__icon > span > svg'. Please recheck the objects properties to make sure the desired element is located. 

2021-05-30 15:36:05 - [MESSAGE][FAILED] - Unable to click on object 'Object Repository/Page_TEST CHANNEL - TEAM NAME Mattermost/svg' (Root cause: com.kms.katalon.core.exception.StepFailedException: Unable to click on object 'Object Repository/Page_TEST CHANNEL - TEAM NAME Mattermost/svg'
	at com.kms.katalon.core.webui.keyword.internal.WebUIKeywordMain.stepFailed(WebUIKeywordMain.groovy:64)
	at com.kms.katalon.core.webui.keyword.internal.WebUIKeywordMain.runKeyword(WebUIKeywordMain.groovy:26)
	at com.kms.katalon.core.webui.keyword.builtin.ClickKeyword.click(ClickKeyword.groovy:75)
	at com.kms.katalon.core.webui.keyword.builtin.ClickKeyword.execute(ClickKeyword.groovy:42)
	at com.kms.katalon.core.keyword.internal.KeywordExecutor.executeKeywordForPlatform(KeywordExecutor.groovy:73)
	at com.kms.katalon.core.webui.keyword.WebUiBuiltInKeywords.click(WebUiBuiltInKeywords.groovy:619)
	at com.kms.katalon.core.webui.keyword.WebUiBuiltInKeywords$click$2.call(Unknown Source)
	at CreateTeam.run(CreateTeam:23)
	at com.kms.katalon.core.main.ScriptEngine.run(ScriptEngine.java:194)
	at com.kms.katalon.core.main.ScriptEngine.runScriptAsRawText(ScriptEngine.java:119)
	at com.kms.katalon.core.main.TestCaseExecutor.runScript(TestCaseExecutor.java:398)
	at com.kms.katalon.core.main.TestCaseExecutor.doExecute(TestCaseExecutor.java:389)
	at com.kms.katalon.core.main.TestCaseExecutor.processExecutionPhase(TestCaseExecutor.java:368)
	at com.kms.katalon.core.main.TestCaseExecutor.accessMainPhase(TestCaseExecutor.java:360)
	at com.kms.katalon.core.main.TestCaseExecutor.execute(TestCaseExecutor.java:255)
	at com.kms.katalon.core.main.TestSuiteExecutor.accessTestCaseMainPhase(TestSuiteExecutor.java:203)
	at com.kms.katalon.core.main.TestSuiteExecutor.accessTestSuiteMainPhase(TestSuiteExecutor.java:152)
	at com.kms.katalon.core.main.TestSuiteExecutor.execute(TestSuiteExecutor.java:95)
	at com.kms.katalon.core.main.TestCaseMain.startTestSuite(TestCaseMain.java:157)
	at com.kms.katalon.core.main.TestCaseMain$startTestSuite$0.call(Unknown Source)
	at TempTestSuite1622388507297.run(TempTestSuite1622388507297.groovy:39)
Caused by: com.kms.katalon.core.webui.exception.WebElementNotFoundException: Web element with id: 'Object Repository/Page_TEST CHANNEL - TEAM NAME Mattermost/svg' located by '(.//*[normalize-space(text()) and normalize-space(.)='@nguyenvanb'])[1]/following::*[name()='svg'][1]' not found
	at com.kms.katalon.core.webui.common.WebUiCommonHelper.findWebElement(WebUiCommonHelper.java:1368)
	at com.kms.katalon.core.webui.keyword.internal.WebUIAbstractKeyword.findWebElement(WebUIAbstractKeyword.groovy:27)
	at com.kms.katalon.core.webui.keyword.internal.WebUIAbstractKeyword.findWebElement(WebUIAbstractKeyword.groovy:26)
	at com.kms.katalon.core.webui.keyword.builtin.ClickKeyword$_click_closure1.doCall(ClickKeyword.groovy:66)
	at com.kms.katalon.core.webui.keyword.builtin.ClickKeyword$_click_closure1.call(ClickKeyword.groovy)
	at com.kms.katalon.core.webui.keyword.internal.WebUIKeywordMain.runKeyword(WebUIKeywordMain.groovy:20)
	at com.kms.katalon.core.webui.keyword.builtin.ClickKeyword.click(ClickKeyword.groovy:75)
	at com.kms.katalon.core.webui.keyword.builtin.ClickKeyword.execute(ClickKeyword.groovy:42)
	at com.kms.katalon.core.keyword.internal.KeywordExecutor.executeKeywordForPlatform(KeywordExecutor.groovy:73)
	at com.kms.katalon.core.webui.keyword.WebUiBuiltInKeywords.click(WebUiBuiltInKeywords.groovy:619)
	at com.kms.katalon.core.webui.keyword.WebUiBuiltInKeywords$click$2.call(Unknown Source)
	at Script1622086940102.run(Script1622086940102.groovy:23)
	... 13 more
)
[[ATTACHMENT|C:\\Users\\nttuan\\Downloads\\CDNC\\mattermost-testing\\Reports\\20210530_152827\\Run all test cases\\20210530_152827\\1622388965493.png]]]]></system-out>
         <system-err><![CDATA[2021-05-30 15:35:20 - [TEST_CASE][FAILED] - Test Cases/Internal Test Cases/CreateTeam: Test Cases/Internal Test Cases/CreateTeam FAILED.
Reason:
com.kms.katalon.core.exception.StepFailedException: Unable to click on object 'Object Repository/Page_TEST CHANNEL - TEAM NAME Mattermost/svg'
	at com.kms.katalon.core.webui.keyword.internal.WebUIKeywordMain.stepFailed(WebUIKeywordMain.groovy:64)
	at com.kms.katalon.core.webui.keyword.internal.WebUIKeywordMain.runKeyword(WebUIKeywordMain.groovy:26)
	at com.kms.katalon.core.webui.keyword.builtin.ClickKeyword.click(ClickKeyword.groovy:75)
	at com.kms.katalon.core.webui.keyword.builtin.ClickKeyword.execute(ClickKeyword.groovy:42)
	at com.kms.katalon.core.keyword.internal.KeywordExecutor.executeKeywordForPlatform(KeywordExecutor.groovy:73)
	at com.kms.katalon.core.webui.keyword.WebUiBuiltInKeywords.click(WebUiBuiltInKeywords.groovy:619)
	at com.kms.katalon.core.webui.keyword.WebUiBuiltInKeywords$click$2.call(Unknown Source)
	at CreateTeam.run(CreateTeam:23)
	at com.kms.katalon.core.main.ScriptEngine.run(ScriptEngine.java:194)
	at com.kms.katalon.core.main.ScriptEngine.runScriptAsRawText(ScriptEngine.java:119)
	at com.kms.katalon.core.main.TestCaseExecutor.runScript(TestCaseExecutor.java:398)
	at com.kms.katalon.core.main.TestCaseExecutor.doExecute(TestCaseExecutor.java:389)
	at com.kms.katalon.core.main.TestCaseExecutor.processExecutionPhase(TestCaseExecutor.java:368)
	at com.kms.katalon.core.main.TestCaseExecutor.accessMainPhase(TestCaseExecutor.java:360)
	at com.kms.katalon.core.main.TestCaseExecutor.execute(TestCaseExecutor.java:255)
	at com.kms.katalon.core.main.TestSuiteExecutor.accessTestCaseMainPhase(TestSuiteExecutor.java:203)
	at com.kms.katalon.core.main.TestSuiteExecutor.accessTestSuiteMainPhase(TestSuiteExecutor.java:152)
	at com.kms.katalon.core.main.TestSuiteExecutor.execute(TestSuiteExecutor.java:95)
	at com.kms.katalon.core.main.TestCaseMain.startTestSuite(TestCaseMain.java:157)
	at com.kms.katalon.core.main.TestCaseMain$startTestSuite$0.call(Unknown Source)
	at TempTestSuite1622388507297.run(TempTestSuite1622388507297.groovy:39)
Caused by: com.kms.katalon.core.webui.exception.WebElementNotFoundException: Web element with id: 'Object Repository/Page_TEST CHANNEL - TEAM NAME Mattermost/svg' located by '(.//*[normalize-space(text()) and normalize-space(.)='@nguyenvanb'])[1]/following::*[name()='svg'][1]' not found
	at com.kms.katalon.core.webui.common.WebUiCommonHelper.findWebElement(WebUiCommonHelper.java:1368)
	at com.kms.katalon.core.webui.keyword.internal.WebUIAbstractKeyword.findWebElement(WebUIAbstractKeyword.groovy:27)
	at com.kms.katalon.core.webui.keyword.internal.WebUIAbstractKeyword.findWebElement(WebUIAbstractKeyword.groovy:26)
	at com.kms.katalon.core.webui.keyword.builtin.ClickKeyword$_click_closure1.doCall(ClickKeyword.groovy:66)
	at com.kms.katalon.core.webui.keyword.builtin.ClickKeyword$_click_closure1.call(ClickKeyword.groovy)
	at com.kms.katalon.core.webui.keyword.internal.WebUIKeywordMain.runKeyword(WebUIKeywordMain.groovy:20)
	... 19 more]]></system-err>
      </testcase>
      <testcase name="Test Cases/Internal Test Cases/EditChannelHeader" time="182.203" classname="Test Cases/Internal Test Cases/EditChannelHeader" status="PASSED">
         <system-out><![CDATA[2021-05-30 15:36:05 - [TEST_CASE][PASSED] - Test Cases/Internal Test Cases/EditChannelHeader: Test Cases/Internal Test Cases/EditChannelHeader

2021-05-30 15:36:05 - [TEST_STEP][PASSED] - callTestCase(findTestCase("Internal Test Cases/Successful Login"), ["Username":"", "Password":""], STOP_ON_FAILURE): Call Test Case 'Test Cases/Internal Test Cases/Successful Login' successfully

2021-05-30 15:36:05 - [TEST_CASE][PASSED] - Test Cases/Internal Test Cases/Successful Login: Test Cases/Internal Test Cases/Successful Login

2021-05-30 15:36:05 - [TEST_STEP][PASSED] - openBrowser(""): Browser is opened with url: ''

2021-05-30 15:36:05 - [MESSAGE][WARNING] - A browser is already opened. Closing browser and opening a new one

2021-05-30 15:36:06 - [MESSAGE][INFO] - Starting 'Chrome' driver

2021-05-30 15:36:06 - [MESSAGE][INFO] - Action delay is set to 0 milliseconds

2021-05-30 15:36:07 - [MESSAGE][PASSED] - Browser is opened with url: ''

2021-05-30 15:36:07 - [TEST_STEP][PASSED] - navigateToUrl("https://chudenangcao2021.cf/"): Navigate to 'https://chudenangcao2021.cf/' successfully

2021-05-30 15:36:08 - [MESSAGE][PASSED] - Navigate to 'https://chudenangcao2021.cf/' successfully

2021-05-30 15:36:08 - [TEST_STEP][PASSED] - setText(findTestObject("Object Repository/Page_Mattermost/input_All team communication in one place, _dcc84b"), findTestData("Internal/Internal Login Data").getValue(1, 1)): Text 'nguyenvanb' is set on object 'Object Repository/Page_Mattermost/input_All team communication in one place, _dcc84b'

2021-05-30 15:36:09 - [MESSAGE][PASSED] - Text 'nguyenvanb' is set on object 'Object Repository/Page_Mattermost/input_All team communication in one place, _dcc84b'

2021-05-30 15:36:09 - [TEST_STEP][PASSED] - setEncryptedText(findTestObject("Object Repository/Page_Mattermost/input_All team communication in one place, _a3edc6"), findTestData("Internal/Internal Login Data").getValue(2, 1)): Text ****** has been set on object 'Object Repository/Page_Mattermost/input_All team communication in one place, _a3edc6'

2021-05-30 15:36:10 - [MESSAGE][PASSED] - Text ****** has been set on object 'Object Repository/Page_Mattermost/input_All team communication in one place, _a3edc6'

2021-05-30 15:36:10 - [TEST_STEP][PASSED] - click(findTestObject("Object Repository/Page_Mattermost/button_Sign in")): Object: 'Object Repository/Page_Mattermost/button_Sign in' is clicked on

2021-05-30 15:36:10 - [MESSAGE][PASSED] - Object: 'Object Repository/Page_Mattermost/button_Sign in' is clicked on

2021-05-30 15:36:10 - [TEST_STEP][PASSED] - verifyLinksAccessible(["https://chudenangcao2021.cf/cdnc-cnpm-2021/channels"]): All links are accessible

2021-05-30 15:36:10 - [MESSAGE][INFO] - HAR: C:\Users\nttuan\Downloads\CDNC\mattermost-testing\Reports\20210530_152827\Run all test cases\20210530_152827\requests\main\38.har

2021-05-30 15:36:10 - [MESSAGE][PASSED] - Send request successfully

2021-05-30 15:36:10 - [MESSAGE][PASSED] - All links are accessible

2021-05-30 15:36:10 - [MESSAGE][PASSED] - Call Test Case 'Test Cases/Internal Test Cases/Successful Login' successfully

2021-05-30 15:36:10 - [TEST_STEP][PASSED] - for ([rowNum = 1, rowNum <= findTestData("Internal/Internal Channel Header").getRowNumbers(), (rowNum++)]): Object: 'Object Repository/Page_Off-Topic - TEAM NAME Mattermost/span_Save' is clicked on

2021-05-30 15:36:10 - [TEST_STEP][PASSED] - click(findTestObject("Object Repository/Page_Town Square - TEAM NAME Mattermost/div_Off-Topic")): Object: 'Object Repository/Page_Town Square - TEAM NAME Mattermost/div_Off-Topic' is clicked on

2021-05-30 15:36:12 - [MESSAGE][PASSED] - Object: 'Object Repository/Page_Town Square - TEAM NAME Mattermost/div_Off-Topic' is clicked on

2021-05-30 15:36:12 - [TEST_STEP][PASSED] - click(findTestObject("Object Repository/Page_Off-Topic - TEAM NAME Mattermost/span_Off-Topic_channelHeaderDropdownIcon")): Object: 'Object Repository/Page_Off-Topic - TEAM NAME Mattermost/span_Off-Topic_channelHeaderDropdownIcon' is clicked on

2021-05-30 15:36:13 - [MESSAGE][PASSED] - Object: 'Object Repository/Page_Off-Topic - TEAM NAME Mattermost/span_Off-Topic_channelHeaderDropdownIcon' is clicked on

2021-05-30 15:36:13 - [TEST_STEP][PASSED] - click(findTestObject("Object Repository/Page_Off-Topic - TEAM NAME Mattermost/span_Edit Channel Header")): Object: 'Object Repository/Page_Off-Topic - TEAM NAME Mattermost/span_Edit Channel Header' is clicked on

2021-05-30 15:36:14 - [MESSAGE][PASSED] - Object: 'Object Repository/Page_Off-Topic - TEAM NAME Mattermost/span_Edit Channel Header' is clicked on

2021-05-30 15:36:14 - [TEST_STEP][PASSED] - setText(findTestObject("Object Repository/Page_Off-Topic - TEAM NAME Mattermost/textarea_Hell"), findTestData("Internal/Internal Channel Header").getValue(1, rowNum)): Text 'Channel về tin tức' is set on object 'Object Repository/Page_Off-Topic - TEAM NAME Mattermost/textarea_Hell'

2021-05-30 15:36:15 - [MESSAGE][PASSED] - Text 'Channel về tin tức' is set on object 'Object Repository/Page_Off-Topic - TEAM NAME Mattermost/textarea_Hell'

2021-05-30 15:36:15 - [TEST_STEP][PASSED] - click(findTestObject("Object Repository/Page_Off-Topic - TEAM NAME Mattermost/span_Save")): Object: 'Object Repository/Page_Off-Topic - TEAM NAME Mattermost/span_Save' is clicked on

2021-05-30 15:36:46 - [MESSAGE][INFO] - Unable to find the element located by 'By.xpath: //button[@id='save-button']/span'. Please recheck the objects properties to make sure the desired element is located. 

2021-05-30 15:36:46 - [MESSAGE][WARNING] - [SELF-HEALING] Failed to find element with id 'Object Repository/Page_Off-Topic - TEAM NAME Mattermost/span_Save'. Try using Self-healing.

2021-05-30 15:36:46 - [MESSAGE][WARNING] - [SELF-HEALING] The current locator of test object 'Object Repository/Page_Off-Topic - TEAM NAME Mattermost/span_Save' was broken. Propose an alternative one: '(.//*[normalize-space(text()) and normalize-space(.)='Cancel'])[1]/following::span[1]'.

2021-05-30 15:36:47 - [MESSAGE][PASSED] - Object: 'Object Repository/Page_Off-Topic - TEAM NAME Mattermost/span_Save' is clicked on

2021-05-30 15:36:47 - [TEST_STEP][PASSED] - click(findTestObject("Object Repository/Page_Town Square - TEAM NAME Mattermost/div_Off-Topic")): Object: 'Object Repository/Page_Town Square - TEAM NAME Mattermost/div_Off-Topic' is clicked on

2021-05-30 15:36:49 - [MESSAGE][PASSED] - Object: 'Object Repository/Page_Town Square - TEAM NAME Mattermost/div_Off-Topic' is clicked on

2021-05-30 15:36:49 - [TEST_STEP][PASSED] - click(findTestObject("Object Repository/Page_Off-Topic - TEAM NAME Mattermost/span_Off-Topic_channelHeaderDropdownIcon")): Object: 'Object Repository/Page_Off-Topic - TEAM NAME Mattermost/span_Off-Topic_channelHeaderDropdownIcon' is clicked on

2021-05-30 15:36:49 - [MESSAGE][PASSED] - Object: 'Object Repository/Page_Off-Topic - TEAM NAME Mattermost/span_Off-Topic_channelHeaderDropdownIcon' is clicked on

2021-05-30 15:36:49 - [TEST_STEP][PASSED] - click(findTestObject("Object Repository/Page_Off-Topic - TEAM NAME Mattermost/span_Edit Channel Header")): Object: 'Object Repository/Page_Off-Topic - TEAM NAME Mattermost/span_Edit Channel Header' is clicked on

2021-05-30 15:36:50 - [MESSAGE][PASSED] - Object: 'Object Repository/Page_Off-Topic - TEAM NAME Mattermost/span_Edit Channel Header' is clicked on

2021-05-30 15:36:50 - [TEST_STEP][PASSED] - setText(findTestObject("Object Repository/Page_Off-Topic - TEAM NAME Mattermost/textarea_Hell"), findTestData("Internal/Internal Channel Header").getValue(1, rowNum)): Text 'Channel về du lịch' is set on object 'Object Repository/Page_Off-Topic - TEAM NAME Mattermost/textarea_Hell'

2021-05-30 15:36:51 - [MESSAGE][PASSED] - Text 'Channel về du lịch' is set on object 'Object Repository/Page_Off-Topic - TEAM NAME Mattermost/textarea_Hell'

2021-05-30 15:36:51 - [TEST_STEP][PASSED] - click(findTestObject("Object Repository/Page_Off-Topic - TEAM NAME Mattermost/span_Save")): Object: 'Object Repository/Page_Off-Topic - TEAM NAME Mattermost/span_Save' is clicked on

2021-05-30 15:37:22 - [MESSAGE][INFO] - Unable to find the element located by 'By.xpath: //button[@id='save-button']/span'. Please recheck the objects properties to make sure the desired element is located. 

2021-05-30 15:37:22 - [MESSAGE][WARNING] - [SELF-HEALING] Failed to find element with id 'Object Repository/Page_Off-Topic - TEAM NAME Mattermost/span_Save'. Try using Self-healing.

2021-05-30 15:37:22 - [MESSAGE][WARNING] - [SELF-HEALING] The current locator of test object 'Object Repository/Page_Off-Topic - TEAM NAME Mattermost/span_Save' was broken. Propose an alternative one: '(.//*[normalize-space(text()) and normalize-space(.)='Cancel'])[1]/following::span[1]'.

2021-05-30 15:37:22 - [MESSAGE][PASSED] - Object: 'Object Repository/Page_Off-Topic - TEAM NAME Mattermost/span_Save' is clicked on

2021-05-30 15:37:22 - [TEST_STEP][PASSED] - click(findTestObject("Object Repository/Page_Town Square - TEAM NAME Mattermost/div_Off-Topic")): Object: 'Object Repository/Page_Town Square - TEAM NAME Mattermost/div_Off-Topic' is clicked on

2021-05-30 15:37:23 - [MESSAGE][PASSED] - Object: 'Object Repository/Page_Town Square - TEAM NAME Mattermost/div_Off-Topic' is clicked on

2021-05-30 15:37:23 - [TEST_STEP][PASSED] - click(findTestObject("Object Repository/Page_Off-Topic - TEAM NAME Mattermost/span_Off-Topic_channelHeaderDropdownIcon")): Object: 'Object Repository/Page_Off-Topic - TEAM NAME Mattermost/span_Off-Topic_channelHeaderDropdownIcon' is clicked on

2021-05-30 15:37:24 - [MESSAGE][PASSED] - Object: 'Object Repository/Page_Off-Topic - TEAM NAME Mattermost/span_Off-Topic_channelHeaderDropdownIcon' is clicked on

2021-05-30 15:37:24 - [TEST_STEP][PASSED] - click(findTestObject("Object Repository/Page_Off-Topic - TEAM NAME Mattermost/span_Edit Channel Header")): Object: 'Object Repository/Page_Off-Topic - TEAM NAME Mattermost/span_Edit Channel Header' is clicked on

2021-05-30 15:37:24 - [MESSAGE][PASSED] - Object: 'Object Repository/Page_Off-Topic - TEAM NAME Mattermost/span_Edit Channel Header' is clicked on

2021-05-30 15:37:24 - [TEST_STEP][PASSED] - setText(findTestObject("Object Repository/Page_Off-Topic - TEAM NAME Mattermost/textarea_Hell"), findTestData("Internal/Internal Channel Header").getValue(1, rowNum)): Text 'Channel về kinh tế' is set on object 'Object Repository/Page_Off-Topic - TEAM NAME Mattermost/textarea_Hell'

2021-05-30 15:37:26 - [MESSAGE][PASSED] - Text 'Channel về kinh tế' is set on object 'Object Repository/Page_Off-Topic - TEAM NAME Mattermost/textarea_Hell'

2021-05-30 15:37:26 - [TEST_STEP][PASSED] - click(findTestObject("Object Repository/Page_Off-Topic - TEAM NAME Mattermost/span_Save")): Object: 'Object Repository/Page_Off-Topic - TEAM NAME Mattermost/span_Save' is clicked on

2021-05-30 15:37:57 - [MESSAGE][INFO] - Unable to find the element located by 'By.xpath: //button[@id='save-button']/span'. Please recheck the objects properties to make sure the desired element is located. 

2021-05-30 15:37:57 - [MESSAGE][WARNING] - [SELF-HEALING] Failed to find element with id 'Object Repository/Page_Off-Topic - TEAM NAME Mattermost/span_Save'. Try using Self-healing.

2021-05-30 15:37:57 - [MESSAGE][WARNING] - [SELF-HEALING] The current locator of test object 'Object Repository/Page_Off-Topic - TEAM NAME Mattermost/span_Save' was broken. Propose an alternative one: '(.//*[normalize-space(text()) and normalize-space(.)='Cancel'])[1]/following::span[1]'.

2021-05-30 15:37:57 - [MESSAGE][PASSED] - Object: 'Object Repository/Page_Off-Topic - TEAM NAME Mattermost/span_Save' is clicked on

2021-05-30 15:37:57 - [TEST_STEP][PASSED] - click(findTestObject("Object Repository/Page_Town Square - TEAM NAME Mattermost/div_Off-Topic")): Object: 'Object Repository/Page_Town Square - TEAM NAME Mattermost/div_Off-Topic' is clicked on

2021-05-30 15:37:58 - [MESSAGE][PASSED] - Object: 'Object Repository/Page_Town Square - TEAM NAME Mattermost/div_Off-Topic' is clicked on

2021-05-30 15:37:58 - [TEST_STEP][PASSED] - click(findTestObject("Object Repository/Page_Off-Topic - TEAM NAME Mattermost/span_Off-Topic_channelHeaderDropdownIcon")): Object: 'Object Repository/Page_Off-Topic - TEAM NAME Mattermost/span_Off-Topic_channelHeaderDropdownIcon' is clicked on

2021-05-30 15:37:59 - [MESSAGE][PASSED] - Object: 'Object Repository/Page_Off-Topic - TEAM NAME Mattermost/span_Off-Topic_channelHeaderDropdownIcon' is clicked on

2021-05-30 15:37:59 - [TEST_STEP][PASSED] - click(findTestObject("Object Repository/Page_Off-Topic - TEAM NAME Mattermost/span_Edit Channel Header")): Object: 'Object Repository/Page_Off-Topic - TEAM NAME Mattermost/span_Edit Channel Header' is clicked on

2021-05-30 15:37:59 - [MESSAGE][PASSED] - Object: 'Object Repository/Page_Off-Topic - TEAM NAME Mattermost/span_Edit Channel Header' is clicked on

2021-05-30 15:37:59 - [TEST_STEP][PASSED] - setText(findTestObject("Object Repository/Page_Off-Topic - TEAM NAME Mattermost/textarea_Hell"), findTestData("Internal/Internal Channel Header").getValue(1, rowNum)): Text 'Channel về giải trí' is set on object 'Object Repository/Page_Off-Topic - TEAM NAME Mattermost/textarea_Hell'

2021-05-30 15:38:00 - [MESSAGE][PASSED] - Text 'Channel về giải trí' is set on object 'Object Repository/Page_Off-Topic - TEAM NAME Mattermost/textarea_Hell'

2021-05-30 15:38:00 - [TEST_STEP][PASSED] - click(findTestObject("Object Repository/Page_Off-Topic - TEAM NAME Mattermost/span_Save")): Object: 'Object Repository/Page_Off-Topic - TEAM NAME Mattermost/span_Save' is clicked on

2021-05-30 15:38:31 - [MESSAGE][INFO] - Unable to find the element located by 'By.xpath: //button[@id='save-button']/span'. Please recheck the objects properties to make sure the desired element is located. 

2021-05-30 15:38:31 - [MESSAGE][WARNING] - [SELF-HEALING] Failed to find element with id 'Object Repository/Page_Off-Topic - TEAM NAME Mattermost/span_Save'. Try using Self-healing.

2021-05-30 15:38:32 - [MESSAGE][WARNING] - [SELF-HEALING] The current locator of test object 'Object Repository/Page_Off-Topic - TEAM NAME Mattermost/span_Save' was broken. Propose an alternative one: '(.//*[normalize-space(text()) and normalize-space(.)='Cancel'])[1]/following::span[1]'.

2021-05-30 15:38:32 - [MESSAGE][PASSED] - Object: 'Object Repository/Page_Off-Topic - TEAM NAME Mattermost/span_Save' is clicked on

2021-05-30 15:38:32 - [TEST_STEP][PASSED] - click(findTestObject("Object Repository/Page_Town Square - TEAM NAME Mattermost/div_Off-Topic")): Object: 'Object Repository/Page_Town Square - TEAM NAME Mattermost/div_Off-Topic' is clicked on

2021-05-30 15:38:33 - [MESSAGE][PASSED] - Object: 'Object Repository/Page_Town Square - TEAM NAME Mattermost/div_Off-Topic' is clicked on

2021-05-30 15:38:33 - [TEST_STEP][PASSED] - click(findTestObject("Object Repository/Page_Off-Topic - TEAM NAME Mattermost/span_Off-Topic_channelHeaderDropdownIcon")): Object: 'Object Repository/Page_Off-Topic - TEAM NAME Mattermost/span_Off-Topic_channelHeaderDropdownIcon' is clicked on

2021-05-30 15:38:33 - [MESSAGE][PASSED] - Object: 'Object Repository/Page_Off-Topic - TEAM NAME Mattermost/span_Off-Topic_channelHeaderDropdownIcon' is clicked on

2021-05-30 15:38:33 - [TEST_STEP][PASSED] - click(findTestObject("Object Repository/Page_Off-Topic - TEAM NAME Mattermost/span_Edit Channel Header")): Object: 'Object Repository/Page_Off-Topic - TEAM NAME Mattermost/span_Edit Channel Header' is clicked on

2021-05-30 15:38:34 - [MESSAGE][PASSED] - Object: 'Object Repository/Page_Off-Topic - TEAM NAME Mattermost/span_Edit Channel Header' is clicked on

2021-05-30 15:38:34 - [TEST_STEP][PASSED] - setText(findTestObject("Object Repository/Page_Off-Topic - TEAM NAME Mattermost/textarea_Hell"), findTestData("Internal/Internal Channel Header").getValue(1, rowNum)): Text 'Off-Topic' is set on object 'Object Repository/Page_Off-Topic - TEAM NAME Mattermost/textarea_Hell'

2021-05-30 15:38:35 - [MESSAGE][PASSED] - Text 'Off-Topic' is set on object 'Object Repository/Page_Off-Topic - TEAM NAME Mattermost/textarea_Hell'

2021-05-30 15:38:35 - [TEST_STEP][PASSED] - click(findTestObject("Object Repository/Page_Off-Topic - TEAM NAME Mattermost/span_Save")): Object: 'Object Repository/Page_Off-Topic - TEAM NAME Mattermost/span_Save' is clicked on

2021-05-30 15:39:06 - [MESSAGE][INFO] - Unable to find the element located by 'By.xpath: //button[@id='save-button']/span'. Please recheck the objects properties to make sure the desired element is located. 

2021-05-30 15:39:06 - [MESSAGE][WARNING] - [SELF-HEALING] Failed to find element with id 'Object Repository/Page_Off-Topic - TEAM NAME Mattermost/span_Save'. Try using Self-healing.

2021-05-30 15:39:07 - [MESSAGE][WARNING] - [SELF-HEALING] The current locator of test object 'Object Repository/Page_Off-Topic - TEAM NAME Mattermost/span_Save' was broken. Propose an alternative one: '(.//*[normalize-space(text()) and normalize-space(.)='Cancel'])[1]/following::span[1]'.

2021-05-30 15:39:07 - [MESSAGE][PASSED] - Object: 'Object Repository/Page_Off-Topic - TEAM NAME Mattermost/span_Save' is clicked on

2021-05-30 15:39:07 - [TEST_STEP][PASSED] - closeBrowser(): Browser is closed

2021-05-30 15:39:07 - [MESSAGE][PASSED] - Browser is closed]]></system-out>
         <system-err><![CDATA[]]></system-err>
      </testcase>
      <testcase name="Test Cases/Internal Test Cases/EditChannelPurpose" time="22.916" classname="Test Cases/Internal Test Cases/EditChannelPurpose" status="PASSED">
         <system-out><![CDATA[2021-05-30 15:39:07 - [TEST_CASE][PASSED] - Test Cases/Internal Test Cases/EditChannelPurpose: Test Cases/Internal Test Cases/EditChannelPurpose

2021-05-30 15:39:08 - [TEST_STEP][PASSED] - callTestCase(findTestCase("Internal Test Cases/Successful Login"), ["Username":"", "Password":""], STOP_ON_FAILURE): Call Test Case 'Test Cases/Internal Test Cases/Successful Login' successfully

2021-05-30 15:39:08 - [TEST_CASE][PASSED] - Test Cases/Internal Test Cases/Successful Login: Test Cases/Internal Test Cases/Successful Login

2021-05-30 15:39:08 - [TEST_STEP][PASSED] - openBrowser(""): Browser is opened with url: ''

2021-05-30 15:39:08 - [MESSAGE][INFO] - Starting 'Chrome' driver

2021-05-30 15:39:08 - [MESSAGE][INFO] - Action delay is set to 0 milliseconds

2021-05-30 15:39:09 - [MESSAGE][PASSED] - Browser is opened with url: ''

2021-05-30 15:39:09 - [TEST_STEP][PASSED] - navigateToUrl("https://chudenangcao2021.cf/"): Navigate to 'https://chudenangcao2021.cf/' successfully

2021-05-30 15:39:10 - [MESSAGE][PASSED] - Navigate to 'https://chudenangcao2021.cf/' successfully

2021-05-30 15:39:10 - [TEST_STEP][PASSED] - setText(findTestObject("Object Repository/Page_Mattermost/input_All team communication in one place, _dcc84b"), findTestData("Internal/Internal Login Data").getValue(1, 1)): Text 'nguyenvanb' is set on object 'Object Repository/Page_Mattermost/input_All team communication in one place, _dcc84b'

2021-05-30 15:39:11 - [MESSAGE][PASSED] - Text 'nguyenvanb' is set on object 'Object Repository/Page_Mattermost/input_All team communication in one place, _dcc84b'

2021-05-30 15:39:11 - [TEST_STEP][PASSED] - setEncryptedText(findTestObject("Object Repository/Page_Mattermost/input_All team communication in one place, _a3edc6"), findTestData("Internal/Internal Login Data").getValue(2, 1)): Text ****** has been set on object 'Object Repository/Page_Mattermost/input_All team communication in one place, _a3edc6'

2021-05-30 15:39:12 - [MESSAGE][PASSED] - Text ****** has been set on object 'Object Repository/Page_Mattermost/input_All team communication in one place, _a3edc6'

2021-05-30 15:39:12 - [TEST_STEP][PASSED] - click(findTestObject("Object Repository/Page_Mattermost/button_Sign in")): Object: 'Object Repository/Page_Mattermost/button_Sign in' is clicked on

2021-05-30 15:39:12 - [MESSAGE][PASSED] - Object: 'Object Repository/Page_Mattermost/button_Sign in' is clicked on

2021-05-30 15:39:12 - [TEST_STEP][PASSED] - verifyLinksAccessible(["https://chudenangcao2021.cf/cdnc-cnpm-2021/channels"]): All links are accessible

2021-05-30 15:39:12 - [MESSAGE][INFO] - HAR: C:\Users\nttuan\Downloads\CDNC\mattermost-testing\Reports\20210530_152827\Run all test cases\20210530_152827\requests\main\39.har

2021-05-30 15:39:12 - [MESSAGE][PASSED] - Send request successfully

2021-05-30 15:39:12 - [MESSAGE][PASSED] - All links are accessible

2021-05-30 15:39:12 - [MESSAGE][PASSED] - Call Test Case 'Test Cases/Internal Test Cases/Successful Login' successfully

2021-05-30 15:39:12 - [TEST_STEP][PASSED] - for ([rowNum = 1, rowNum <= findTestData("Internal/Internal Channel Purpose").getRowNumbers(), (rowNum++)]): Object: 'Object Repository/Edit Purpose/Page_span_Town Square - Team 1 Mattermost/button_Save' is clicked on

2021-05-30 15:39:12 - [TEST_STEP][PASSED] - click(findTestObject("Object Repository/Edit Purpose/Page_span_Town Square - Team 1 Mattermost/span_span_Town Square")): Object: 'Object Repository/Edit Purpose/Page_span_Town Square - Team 1 Mattermost/span_span_Town Square' is clicked on

2021-05-30 15:39:14 - [MESSAGE][PASSED] - Object: 'Object Repository/Edit Purpose/Page_span_Town Square - Team 1 Mattermost/span_span_Town Square' is clicked on

2021-05-30 15:39:14 - [TEST_STEP][PASSED] - click(findTestObject("Object Repository/Edit Purpose/Page_span_Town Square - Team 1 Mattermost/span_span_Town Square_channelHeaderDropdownIcon")): Object: 'Object Repository/Edit Purpose/Page_span_Town Square - Team 1 Mattermost/span_span_Town Square_channelHeaderDropdownIcon' is clicked on

2021-05-30 15:39:14 - [MESSAGE][PASSED] - Object: 'Object Repository/Edit Purpose/Page_span_Town Square - Team 1 Mattermost/span_span_Town Square_channelHeaderDropdownIcon' is clicked on

2021-05-30 15:39:14 - [TEST_STEP][PASSED] - click(findTestObject("Object Repository/Edit Purpose/Page_span_Town Square - Team 1 Mattermost/span_Edit Channel Purpose")): Object: 'Object Repository/Edit Purpose/Page_span_Town Square - Team 1 Mattermost/span_Edit Channel Purpose' is clicked on

2021-05-30 15:39:15 - [MESSAGE][PASSED] - Object: 'Object Repository/Edit Purpose/Page_span_Town Square - Team 1 Mattermost/span_Edit Channel Purpose' is clicked on

2021-05-30 15:39:15 - [TEST_STEP][PASSED] - setText(findTestObject("Object Repository/Edit Purpose/Page_span_Town Square - Team 1 Mattermost/textarea_span_Town Square_form-control no-resize"), findTestData("Internal/Internal Channel Purpose").getValue(1, rowNum)): Text 'Lời khuyên, sự hỗ trợ' is set on object 'Object Repository/Edit Purpose/Page_span_Town Square - Team 1 Mattermost/textarea_span_Town Square_form-control no-resize'

2021-05-30 15:39:16 - [MESSAGE][PASSED] - Text 'Lời khuyên, sự hỗ trợ' is set on object 'Object Repository/Edit Purpose/Page_span_Town Square - Team 1 Mattermost/textarea_span_Town Square_form-control no-resize'

2021-05-30 15:39:16 - [TEST_STEP][PASSED] - click(findTestObject("Object Repository/Edit Purpose/Page_span_Town Square - Team 1 Mattermost/button_Save")): Object: 'Object Repository/Edit Purpose/Page_span_Town Square - Team 1 Mattermost/button_Save' is clicked on

2021-05-30 15:39:16 - [MESSAGE][PASSED] - Object: 'Object Repository/Edit Purpose/Page_span_Town Square - Team 1 Mattermost/button_Save' is clicked on

2021-05-30 15:39:16 - [TEST_STEP][PASSED] - click(findTestObject("Object Repository/Edit Purpose/Page_span_Town Square - Team 1 Mattermost/span_span_Town Square")): Object: 'Object Repository/Edit Purpose/Page_span_Town Square - Team 1 Mattermost/span_span_Town Square' is clicked on

2021-05-30 15:39:17 - [MESSAGE][PASSED] - Object: 'Object Repository/Edit Purpose/Page_span_Town Square - Team 1 Mattermost/span_span_Town Square' is clicked on

2021-05-30 15:39:17 - [TEST_STEP][PASSED] - click(findTestObject("Object Repository/Edit Purpose/Page_span_Town Square - Team 1 Mattermost/span_span_Town Square_channelHeaderDropdownIcon")): Object: 'Object Repository/Edit Purpose/Page_span_Town Square - Team 1 Mattermost/span_span_Town Square_channelHeaderDropdownIcon' is clicked on

2021-05-30 15:39:18 - [MESSAGE][PASSED] - Object: 'Object Repository/Edit Purpose/Page_span_Town Square - Team 1 Mattermost/span_span_Town Square_channelHeaderDropdownIcon' is clicked on

2021-05-30 15:39:18 - [TEST_STEP][PASSED] - click(findTestObject("Object Repository/Edit Purpose/Page_span_Town Square - Team 1 Mattermost/span_Edit Channel Purpose")): Object: 'Object Repository/Edit Purpose/Page_span_Town Square - Team 1 Mattermost/span_Edit Channel Purpose' is clicked on

2021-05-30 15:39:18 - [MESSAGE][PASSED] - Object: 'Object Repository/Edit Purpose/Page_span_Town Square - Team 1 Mattermost/span_Edit Channel Purpose' is clicked on

2021-05-30 15:39:18 - [TEST_STEP][PASSED] - setText(findTestObject("Object Repository/Edit Purpose/Page_span_Town Square - Team 1 Mattermost/textarea_span_Town Square_form-control no-resize"), findTestData("Internal/Internal Channel Purpose").getValue(1, rowNum)): Text 'Bài viết truyền cảm hứng' is set on object 'Object Repository/Edit Purpose/Page_span_Town Square - Team 1 Mattermost/textarea_span_Town Square_form-control no-resize'

2021-05-30 15:39:19 - [MESSAGE][PASSED] - Text 'Bài viết truyền cảm hứng' is set on object 'Object Repository/Edit Purpose/Page_span_Town Square - Team 1 Mattermost/textarea_span_Town Square_form-control no-resize'

2021-05-30 15:39:19 - [TEST_STEP][PASSED] - click(findTestObject("Object Repository/Edit Purpose/Page_span_Town Square - Team 1 Mattermost/button_Save")): Object: 'Object Repository/Edit Purpose/Page_span_Town Square - Team 1 Mattermost/button_Save' is clicked on

2021-05-30 15:39:20 - [MESSAGE][PASSED] - Object: 'Object Repository/Edit Purpose/Page_span_Town Square - Team 1 Mattermost/button_Save' is clicked on

2021-05-30 15:39:20 - [TEST_STEP][PASSED] - click(findTestObject("Object Repository/Edit Purpose/Page_span_Town Square - Team 1 Mattermost/span_span_Town Square")): Object: 'Object Repository/Edit Purpose/Page_span_Town Square - Team 1 Mattermost/span_span_Town Square' is clicked on

2021-05-30 15:39:20 - [MESSAGE][PASSED] - Object: 'Object Repository/Edit Purpose/Page_span_Town Square - Team 1 Mattermost/span_span_Town Square' is clicked on

2021-05-30 15:39:20 - [TEST_STEP][PASSED] - click(findTestObject("Object Repository/Edit Purpose/Page_span_Town Square - Team 1 Mattermost/span_span_Town Square_channelHeaderDropdownIcon")): Object: 'Object Repository/Edit Purpose/Page_span_Town Square - Team 1 Mattermost/span_span_Town Square_channelHeaderDropdownIcon' is clicked on

2021-05-30 15:39:21 - [MESSAGE][PASSED] - Object: 'Object Repository/Edit Purpose/Page_span_Town Square - Team 1 Mattermost/span_span_Town Square_channelHeaderDropdownIcon' is clicked on

2021-05-30 15:39:21 - [TEST_STEP][PASSED] - click(findTestObject("Object Repository/Edit Purpose/Page_span_Town Square - Team 1 Mattermost/span_Edit Channel Purpose")): Object: 'Object Repository/Edit Purpose/Page_span_Town Square - Team 1 Mattermost/span_Edit Channel Purpose' is clicked on

2021-05-30 15:39:22 - [MESSAGE][PASSED] - Object: 'Object Repository/Edit Purpose/Page_span_Town Square - Team 1 Mattermost/span_Edit Channel Purpose' is clicked on

2021-05-30 15:39:22 - [TEST_STEP][PASSED] - setText(findTestObject("Object Repository/Edit Purpose/Page_span_Town Square - Team 1 Mattermost/textarea_span_Town Square_form-control no-resize"), findTestData("Internal/Internal Channel Purpose").getValue(1, rowNum)): Text 'Mục đích xã hội' is set on object 'Object Repository/Edit Purpose/Page_span_Town Square - Team 1 Mattermost/textarea_span_Town Square_form-control no-resize'

2021-05-30 15:39:23 - [MESSAGE][PASSED] - Text 'Mục đích xã hội' is set on object 'Object Repository/Edit Purpose/Page_span_Town Square - Team 1 Mattermost/textarea_span_Town Square_form-control no-resize'

2021-05-30 15:39:23 - [TEST_STEP][PASSED] - click(findTestObject("Object Repository/Edit Purpose/Page_span_Town Square - Team 1 Mattermost/button_Save")): Object: 'Object Repository/Edit Purpose/Page_span_Town Square - Team 1 Mattermost/button_Save' is clicked on

2021-05-30 15:39:23 - [MESSAGE][PASSED] - Object: 'Object Repository/Edit Purpose/Page_span_Town Square - Team 1 Mattermost/button_Save' is clicked on

2021-05-30 15:39:23 - [TEST_STEP][PASSED] - click(findTestObject("Object Repository/Edit Purpose/Page_span_Town Square - Team 1 Mattermost/span_span_Town Square")): Object: 'Object Repository/Edit Purpose/Page_span_Town Square - Team 1 Mattermost/span_span_Town Square' is clicked on

2021-05-30 15:39:23 - [MESSAGE][PASSED] - Object: 'Object Repository/Edit Purpose/Page_span_Town Square - Team 1 Mattermost/span_span_Town Square' is clicked on

2021-05-30 15:39:23 - [TEST_STEP][PASSED] - click(findTestObject("Object Repository/Edit Purpose/Page_span_Town Square - Team 1 Mattermost/span_span_Town Square_channelHeaderDropdownIcon")): Object: 'Object Repository/Edit Purpose/Page_span_Town Square - Team 1 Mattermost/span_span_Town Square_channelHeaderDropdownIcon' is clicked on

2021-05-30 15:39:24 - [MESSAGE][PASSED] - Object: 'Object Repository/Edit Purpose/Page_span_Town Square - Team 1 Mattermost/span_span_Town Square_channelHeaderDropdownIcon' is clicked on

2021-05-30 15:39:24 - [TEST_STEP][PASSED] - click(findTestObject("Object Repository/Edit Purpose/Page_span_Town Square - Team 1 Mattermost/span_Edit Channel Purpose")): Object: 'Object Repository/Edit Purpose/Page_span_Town Square - Team 1 Mattermost/span_Edit Channel Purpose' is clicked on

2021-05-30 15:39:25 - [MESSAGE][PASSED] - Object: 'Object Repository/Edit Purpose/Page_span_Town Square - Team 1 Mattermost/span_Edit Channel Purpose' is clicked on

2021-05-30 15:39:25 - [TEST_STEP][PASSED] - setText(findTestObject("Object Repository/Edit Purpose/Page_span_Town Square - Team 1 Mattermost/textarea_span_Town Square_form-control no-resize"), findTestData("Internal/Internal Channel Purpose").getValue(1, rowNum)): Text 'Nuôi dưỡng mối quan hệ' is set on object 'Object Repository/Edit Purpose/Page_span_Town Square - Team 1 Mattermost/textarea_span_Town Square_form-control no-resize'

2021-05-30 15:39:25 - [MESSAGE][PASSED] - Text 'Nuôi dưỡng mối quan hệ' is set on object 'Object Repository/Edit Purpose/Page_span_Town Square - Team 1 Mattermost/textarea_span_Town Square_form-control no-resize'

2021-05-30 15:39:25 - [TEST_STEP][PASSED] - click(findTestObject("Object Repository/Edit Purpose/Page_span_Town Square - Team 1 Mattermost/button_Save")): Object: 'Object Repository/Edit Purpose/Page_span_Town Square - Team 1 Mattermost/button_Save' is clicked on

2021-05-30 15:39:26 - [MESSAGE][PASSED] - Object: 'Object Repository/Edit Purpose/Page_span_Town Square - Team 1 Mattermost/button_Save' is clicked on

2021-05-30 15:39:26 - [TEST_STEP][PASSED] - click(findTestObject("Object Repository/Edit Purpose/Page_span_Town Square - Team 1 Mattermost/span_span_Town Square")): Object: 'Object Repository/Edit Purpose/Page_span_Town Square - Team 1 Mattermost/span_span_Town Square' is clicked on

2021-05-30 15:39:27 - [MESSAGE][PASSED] - Object: 'Object Repository/Edit Purpose/Page_span_Town Square - Team 1 Mattermost/span_span_Town Square' is clicked on

2021-05-30 15:39:27 - [TEST_STEP][PASSED] - click(findTestObject("Object Repository/Edit Purpose/Page_span_Town Square - Team 1 Mattermost/span_span_Town Square_channelHeaderDropdownIcon")): Object: 'Object Repository/Edit Purpose/Page_span_Town Square - Team 1 Mattermost/span_span_Town Square_channelHeaderDropdownIcon' is clicked on

2021-05-30 15:39:27 - [MESSAGE][PASSED] - Object: 'Object Repository/Edit Purpose/Page_span_Town Square - Team 1 Mattermost/span_span_Town Square_channelHeaderDropdownIcon' is clicked on

2021-05-30 15:39:27 - [TEST_STEP][PASSED] - click(findTestObject("Object Repository/Edit Purpose/Page_span_Town Square - Team 1 Mattermost/span_Edit Channel Purpose")): Object: 'Object Repository/Edit Purpose/Page_span_Town Square - Team 1 Mattermost/span_Edit Channel Purpose' is clicked on

2021-05-30 15:39:28 - [MESSAGE][PASSED] - Object: 'Object Repository/Edit Purpose/Page_span_Town Square - Team 1 Mattermost/span_Edit Channel Purpose' is clicked on

2021-05-30 15:39:28 - [TEST_STEP][PASSED] - setText(findTestObject("Object Repository/Edit Purpose/Page_span_Town Square - Team 1 Mattermost/textarea_span_Town Square_form-control no-resize"), findTestData("Internal/Internal Channel Purpose").getValue(1, rowNum)): Text ' Xây dựng nội dung có giá trị' is set on object 'Object Repository/Edit Purpose/Page_span_Town Square - Team 1 Mattermost/textarea_span_Town Square_form-control no-resize'

2021-05-30 15:39:29 - [MESSAGE][PASSED] - Text ' Xây dựng nội dung có giá trị' is set on object 'Object Repository/Edit Purpose/Page_span_Town Square - Team 1 Mattermost/textarea_span_Town Square_form-control no-resize'

2021-05-30 15:39:29 - [TEST_STEP][PASSED] - click(findTestObject("Object Repository/Edit Purpose/Page_span_Town Square - Team 1 Mattermost/button_Save")): Object: 'Object Repository/Edit Purpose/Page_span_Town Square - Team 1 Mattermost/button_Save' is clicked on

2021-05-30 15:39:30 - [MESSAGE][PASSED] - Object: 'Object Repository/Edit Purpose/Page_span_Town Square - Team 1 Mattermost/button_Save' is clicked on

2021-05-30 15:39:30 - [TEST_STEP][PASSED] - closeBrowser(): Browser is closed

2021-05-30 15:39:30 - [MESSAGE][PASSED] - Browser is closed]]></system-out>
         <system-err><![CDATA[]]></system-err>
      </testcase>
      <testcase name="Test Cases/Internal Test Cases/EditFullName" time="25.554" classname="Test Cases/Internal Test Cases/EditFullName" status="PASSED">
         <system-out><![CDATA[2021-05-30 15:39:30 - [TEST_CASE][PASSED] - Test Cases/Internal Test Cases/EditFullName: Test Cases/Internal Test Cases/EditFullName

2021-05-30 15:39:31 - [TEST_STEP][PASSED] - callTestCase(findTestCase("Internal Test Cases/Successful Login"), ["Username":"", "Password":""], STOP_ON_FAILURE): Call Test Case 'Test Cases/Internal Test Cases/Successful Login' successfully

2021-05-30 15:39:31 - [TEST_CASE][PASSED] - Test Cases/Internal Test Cases/Successful Login: Test Cases/Internal Test Cases/Successful Login

2021-05-30 15:39:31 - [TEST_STEP][PASSED] - openBrowser(""): Browser is opened with url: ''

2021-05-30 15:39:31 - [MESSAGE][INFO] - Starting 'Chrome' driver

2021-05-30 15:39:31 - [MESSAGE][INFO] - Action delay is set to 0 milliseconds

2021-05-30 15:39:32 - [MESSAGE][PASSED] - Browser is opened with url: ''

2021-05-30 15:39:32 - [TEST_STEP][PASSED] - navigateToUrl("https://chudenangcao2021.cf/"): Navigate to 'https://chudenangcao2021.cf/' successfully

2021-05-30 15:39:32 - [MESSAGE][PASSED] - Navigate to 'https://chudenangcao2021.cf/' successfully

2021-05-30 15:39:32 - [TEST_STEP][PASSED] - setText(findTestObject("Object Repository/Page_Mattermost/input_All team communication in one place, _dcc84b"), findTestData("Internal/Internal Login Data").getValue(1, 1)): Text 'nguyenvanb' is set on object 'Object Repository/Page_Mattermost/input_All team communication in one place, _dcc84b'

2021-05-30 15:39:34 - [MESSAGE][PASSED] - Text 'nguyenvanb' is set on object 'Object Repository/Page_Mattermost/input_All team communication in one place, _dcc84b'

2021-05-30 15:39:34 - [TEST_STEP][PASSED] - setEncryptedText(findTestObject("Object Repository/Page_Mattermost/input_All team communication in one place, _a3edc6"), findTestData("Internal/Internal Login Data").getValue(2, 1)): Text ****** has been set on object 'Object Repository/Page_Mattermost/input_All team communication in one place, _a3edc6'

2021-05-30 15:39:34 - [MESSAGE][PASSED] - Text ****** has been set on object 'Object Repository/Page_Mattermost/input_All team communication in one place, _a3edc6'

2021-05-30 15:39:34 - [TEST_STEP][PASSED] - click(findTestObject("Object Repository/Page_Mattermost/button_Sign in")): Object: 'Object Repository/Page_Mattermost/button_Sign in' is clicked on

2021-05-30 15:39:35 - [MESSAGE][PASSED] - Object: 'Object Repository/Page_Mattermost/button_Sign in' is clicked on

2021-05-30 15:39:35 - [TEST_STEP][PASSED] - verifyLinksAccessible(["https://chudenangcao2021.cf/cdnc-cnpm-2021/channels"]): All links are accessible

2021-05-30 15:39:35 - [MESSAGE][INFO] - HAR: C:\Users\nttuan\Downloads\CDNC\mattermost-testing\Reports\20210530_152827\Run all test cases\20210530_152827\requests\main\40.har

2021-05-30 15:39:35 - [MESSAGE][PASSED] - Send request successfully

2021-05-30 15:39:35 - [MESSAGE][PASSED] - All links are accessible

2021-05-30 15:39:35 - [MESSAGE][PASSED] - Call Test Case 'Test Cases/Internal Test Cases/Successful Login' successfully

2021-05-30 15:39:35 - [TEST_STEP][PASSED] - for ([rowNum = 1, rowNum <= findTestData("Internal/Internal Fullname").getRowNumbers(), (rowNum++)]): Object: 'Object Repository/Page_TEST CHANNEL - TEAM NAME Mattermost/span_' is clicked on

2021-05-30 15:39:35 - [TEST_STEP][PASSED] - click(findTestObject("Object Repository/Account Setting/Page_TEST CHANNEL - TEAM NAME Mattermost/span")): Object: 'Object Repository/Account Setting/Page_TEST CHANNEL - TEAM NAME Mattermost/span' is clicked on

2021-05-30 15:39:36 - [MESSAGE][PASSED] - Object: 'Object Repository/Account Setting/Page_TEST CHANNEL - TEAM NAME Mattermost/span' is clicked on

2021-05-30 15:39:36 - [TEST_STEP][PASSED] - click(findTestObject("Object Repository/Page_TEST CHANNEL - TEAM NAME Mattermost/button_Account Settings")): Object: 'Object Repository/Page_TEST CHANNEL - TEAM NAME Mattermost/button_Account Settings' is clicked on

2021-05-30 15:39:37 - [MESSAGE][PASSED] - Object: 'Object Repository/Page_TEST CHANNEL - TEAM NAME Mattermost/button_Account Settings' is clicked on

2021-05-30 15:39:37 - [TEST_STEP][PASSED] - click(findTestObject("Object Repository/Page_TEST CHANNEL - TEAM NAME Mattermost/span_Edit")): Object: 'Object Repository/Page_TEST CHANNEL - TEAM NAME Mattermost/span_Edit' is clicked on

2021-05-30 15:39:38 - [MESSAGE][PASSED] - Object: 'Object Repository/Page_TEST CHANNEL - TEAM NAME Mattermost/span_Edit' is clicked on

2021-05-30 15:39:38 - [TEST_STEP][PASSED] - setText(findTestObject("Object Repository/Page_TEST CHANNEL - TEAM NAME Mattermost/input_First Name_firstName"), findTestData("Internal/Internal Fullname").getValue(1, rowNum)): Text 'Tho' is set on object 'Object Repository/Page_TEST CHANNEL - TEAM NAME Mattermost/input_First Name_firstName'

2021-05-30 15:39:38 - [MESSAGE][PASSED] - Text 'Tho' is set on object 'Object Repository/Page_TEST CHANNEL - TEAM NAME Mattermost/input_First Name_firstName'

2021-05-30 15:39:38 - [TEST_STEP][PASSED] - setText(findTestObject("Object Repository/Page_TEST CHANNEL - TEAM NAME Mattermost/input_Last Name_lastName"), findTestData("Internal/Internal Fullname").getValue(2, rowNum)): Text 'Tuan' is set on object 'Object Repository/Page_TEST CHANNEL - TEAM NAME Mattermost/input_Last Name_lastName'

2021-05-30 15:39:39 - [MESSAGE][PASSED] - Text 'Tuan' is set on object 'Object Repository/Page_TEST CHANNEL - TEAM NAME Mattermost/input_Last Name_lastName'

2021-05-30 15:39:39 - [TEST_STEP][PASSED] - click(findTestObject("Object Repository/Page_TEST CHANNEL - TEAM NAME Mattermost/span_Save")): Object: 'Object Repository/Page_TEST CHANNEL - TEAM NAME Mattermost/span_Save' is clicked on

2021-05-30 15:39:39 - [MESSAGE][PASSED] - Object: 'Object Repository/Page_TEST CHANNEL - TEAM NAME Mattermost/span_Save' is clicked on

2021-05-30 15:39:39 - [TEST_STEP][PASSED] - click(findTestObject("Object Repository/Page_TEST CHANNEL - TEAM NAME Mattermost/span_")): Object: 'Object Repository/Page_TEST CHANNEL - TEAM NAME Mattermost/span_' is clicked on

2021-05-30 15:39:40 - [MESSAGE][PASSED] - Object: 'Object Repository/Page_TEST CHANNEL - TEAM NAME Mattermost/span_' is clicked on

2021-05-30 15:39:40 - [TEST_STEP][PASSED] - click(findTestObject("Object Repository/Account Setting/Page_TEST CHANNEL - TEAM NAME Mattermost/span")): Object: 'Object Repository/Account Setting/Page_TEST CHANNEL - TEAM NAME Mattermost/span' is clicked on

2021-05-30 15:39:40 - [MESSAGE][PASSED] - Object: 'Object Repository/Account Setting/Page_TEST CHANNEL - TEAM NAME Mattermost/span' is clicked on

2021-05-30 15:39:40 - [TEST_STEP][PASSED] - click(findTestObject("Object Repository/Page_TEST CHANNEL - TEAM NAME Mattermost/button_Account Settings")): Object: 'Object Repository/Page_TEST CHANNEL - TEAM NAME Mattermost/button_Account Settings' is clicked on

2021-05-30 15:39:41 - [MESSAGE][PASSED] - Object: 'Object Repository/Page_TEST CHANNEL - TEAM NAME Mattermost/button_Account Settings' is clicked on

2021-05-30 15:39:41 - [TEST_STEP][PASSED] - click(findTestObject("Object Repository/Page_TEST CHANNEL - TEAM NAME Mattermost/span_Edit")): Object: 'Object Repository/Page_TEST CHANNEL - TEAM NAME Mattermost/span_Edit' is clicked on

2021-05-30 15:39:41 - [MESSAGE][PASSED] - Object: 'Object Repository/Page_TEST CHANNEL - TEAM NAME Mattermost/span_Edit' is clicked on

2021-05-30 15:39:41 - [TEST_STEP][PASSED] - setText(findTestObject("Object Repository/Page_TEST CHANNEL - TEAM NAME Mattermost/input_First Name_firstName"), findTestData("Internal/Internal Fullname").getValue(1, rowNum)): Text 'Xuan' is set on object 'Object Repository/Page_TEST CHANNEL - TEAM NAME Mattermost/input_First Name_firstName'

2021-05-30 15:39:42 - [MESSAGE][PASSED] - Text 'Xuan' is set on object 'Object Repository/Page_TEST CHANNEL - TEAM NAME Mattermost/input_First Name_firstName'

2021-05-30 15:39:42 - [TEST_STEP][PASSED] - setText(findTestObject("Object Repository/Page_TEST CHANNEL - TEAM NAME Mattermost/input_Last Name_lastName"), findTestData("Internal/Internal Fullname").getValue(2, rowNum)): Text 'Tuan' is set on object 'Object Repository/Page_TEST CHANNEL - TEAM NAME Mattermost/input_Last Name_lastName'

2021-05-30 15:39:43 - [MESSAGE][PASSED] - Text 'Tuan' is set on object 'Object Repository/Page_TEST CHANNEL - TEAM NAME Mattermost/input_Last Name_lastName'

2021-05-30 15:39:43 - [TEST_STEP][PASSED] - click(findTestObject("Object Repository/Page_TEST CHANNEL - TEAM NAME Mattermost/span_Save")): Object: 'Object Repository/Page_TEST CHANNEL - TEAM NAME Mattermost/span_Save' is clicked on

2021-05-30 15:39:43 - [MESSAGE][PASSED] - Object: 'Object Repository/Page_TEST CHANNEL - TEAM NAME Mattermost/span_Save' is clicked on

2021-05-30 15:39:43 - [TEST_STEP][PASSED] - click(findTestObject("Object Repository/Page_TEST CHANNEL - TEAM NAME Mattermost/span_")): Object: 'Object Repository/Page_TEST CHANNEL - TEAM NAME Mattermost/span_' is clicked on

2021-05-30 15:39:44 - [MESSAGE][PASSED] - Object: 'Object Repository/Page_TEST CHANNEL - TEAM NAME Mattermost/span_' is clicked on

2021-05-30 15:39:44 - [TEST_STEP][PASSED] - click(findTestObject("Object Repository/Account Setting/Page_TEST CHANNEL - TEAM NAME Mattermost/span")): Object: 'Object Repository/Account Setting/Page_TEST CHANNEL - TEAM NAME Mattermost/span' is clicked on

2021-05-30 15:39:44 - [MESSAGE][PASSED] - Object: 'Object Repository/Account Setting/Page_TEST CHANNEL - TEAM NAME Mattermost/span' is clicked on

2021-05-30 15:39:44 - [TEST_STEP][PASSED] - click(findTestObject("Object Repository/Page_TEST CHANNEL - TEAM NAME Mattermost/button_Account Settings")): Object: 'Object Repository/Page_TEST CHANNEL - TEAM NAME Mattermost/button_Account Settings' is clicked on

2021-05-30 15:39:44 - [MESSAGE][PASSED] - Object: 'Object Repository/Page_TEST CHANNEL - TEAM NAME Mattermost/button_Account Settings' is clicked on

2021-05-30 15:39:44 - [TEST_STEP][PASSED] - click(findTestObject("Object Repository/Page_TEST CHANNEL - TEAM NAME Mattermost/span_Edit")): Object: 'Object Repository/Page_TEST CHANNEL - TEAM NAME Mattermost/span_Edit' is clicked on

2021-05-30 15:39:45 - [MESSAGE][PASSED] - Object: 'Object Repository/Page_TEST CHANNEL - TEAM NAME Mattermost/span_Edit' is clicked on

2021-05-30 15:39:45 - [TEST_STEP][PASSED] - setText(findTestObject("Object Repository/Page_TEST CHANNEL - TEAM NAME Mattermost/input_First Name_firstName"), findTestData("Internal/Internal Fullname").getValue(1, rowNum)): Text 'Bui' is set on object 'Object Repository/Page_TEST CHANNEL - TEAM NAME Mattermost/input_First Name_firstName'

2021-05-30 15:39:46 - [MESSAGE][PASSED] - Text 'Bui' is set on object 'Object Repository/Page_TEST CHANNEL - TEAM NAME Mattermost/input_First Name_firstName'

2021-05-30 15:39:46 - [TEST_STEP][PASSED] - setText(findTestObject("Object Repository/Page_TEST CHANNEL - TEAM NAME Mattermost/input_Last Name_lastName"), findTestData("Internal/Internal Fullname").getValue(2, rowNum)): Text 'Lam' is set on object 'Object Repository/Page_TEST CHANNEL - TEAM NAME Mattermost/input_Last Name_lastName'

2021-05-30 15:39:46 - [MESSAGE][PASSED] - Text 'Lam' is set on object 'Object Repository/Page_TEST CHANNEL - TEAM NAME Mattermost/input_Last Name_lastName'

2021-05-30 15:39:46 - [TEST_STEP][PASSED] - click(findTestObject("Object Repository/Page_TEST CHANNEL - TEAM NAME Mattermost/span_Save")): Object: 'Object Repository/Page_TEST CHANNEL - TEAM NAME Mattermost/span_Save' is clicked on

2021-05-30 15:39:47 - [MESSAGE][PASSED] - Object: 'Object Repository/Page_TEST CHANNEL - TEAM NAME Mattermost/span_Save' is clicked on

2021-05-30 15:39:47 - [TEST_STEP][PASSED] - click(findTestObject("Object Repository/Page_TEST CHANNEL - TEAM NAME Mattermost/span_")): Object: 'Object Repository/Page_TEST CHANNEL - TEAM NAME Mattermost/span_' is clicked on

2021-05-30 15:39:47 - [MESSAGE][PASSED] - Object: 'Object Repository/Page_TEST CHANNEL - TEAM NAME Mattermost/span_' is clicked on

2021-05-30 15:39:47 - [TEST_STEP][PASSED] - click(findTestObject("Object Repository/Account Setting/Page_TEST CHANNEL - TEAM NAME Mattermost/span")): Object: 'Object Repository/Account Setting/Page_TEST CHANNEL - TEAM NAME Mattermost/span' is clicked on

2021-05-30 15:39:48 - [MESSAGE][PASSED] - Object: 'Object Repository/Account Setting/Page_TEST CHANNEL - TEAM NAME Mattermost/span' is clicked on

2021-05-30 15:39:48 - [TEST_STEP][PASSED] - click(findTestObject("Object Repository/Page_TEST CHANNEL - TEAM NAME Mattermost/button_Account Settings")): Object: 'Object Repository/Page_TEST CHANNEL - TEAM NAME Mattermost/button_Account Settings' is clicked on

2021-05-30 15:39:48 - [MESSAGE][PASSED] - Object: 'Object Repository/Page_TEST CHANNEL - TEAM NAME Mattermost/button_Account Settings' is clicked on

2021-05-30 15:39:48 - [TEST_STEP][PASSED] - click(findTestObject("Object Repository/Page_TEST CHANNEL - TEAM NAME Mattermost/span_Edit")): Object: 'Object Repository/Page_TEST CHANNEL - TEAM NAME Mattermost/span_Edit' is clicked on

2021-05-30 15:39:49 - [MESSAGE][PASSED] - Object: 'Object Repository/Page_TEST CHANNEL - TEAM NAME Mattermost/span_Edit' is clicked on

2021-05-30 15:39:49 - [TEST_STEP][PASSED] - setText(findTestObject("Object Repository/Page_TEST CHANNEL - TEAM NAME Mattermost/input_First Name_firstName"), findTestData("Internal/Internal Fullname").getValue(1, rowNum)): Text 'Thanh' is set on object 'Object Repository/Page_TEST CHANNEL - TEAM NAME Mattermost/input_First Name_firstName'

2021-05-30 15:39:50 - [MESSAGE][PASSED] - Text 'Thanh' is set on object 'Object Repository/Page_TEST CHANNEL - TEAM NAME Mattermost/input_First Name_firstName'

2021-05-30 15:39:50 - [TEST_STEP][PASSED] - setText(findTestObject("Object Repository/Page_TEST CHANNEL - TEAM NAME Mattermost/input_Last Name_lastName"), findTestData("Internal/Internal Fullname").getValue(2, rowNum)): Text 'Tung' is set on object 'Object Repository/Page_TEST CHANNEL - TEAM NAME Mattermost/input_Last Name_lastName'

2021-05-30 15:39:50 - [MESSAGE][PASSED] - Text 'Tung' is set on object 'Object Repository/Page_TEST CHANNEL - TEAM NAME Mattermost/input_Last Name_lastName'

2021-05-30 15:39:50 - [TEST_STEP][PASSED] - click(findTestObject("Object Repository/Page_TEST CHANNEL - TEAM NAME Mattermost/span_Save")): Object: 'Object Repository/Page_TEST CHANNEL - TEAM NAME Mattermost/span_Save' is clicked on

2021-05-30 15:39:51 - [MESSAGE][PASSED] - Object: 'Object Repository/Page_TEST CHANNEL - TEAM NAME Mattermost/span_Save' is clicked on

2021-05-30 15:39:51 - [TEST_STEP][PASSED] - click(findTestObject("Object Repository/Page_TEST CHANNEL - TEAM NAME Mattermost/span_")): Object: 'Object Repository/Page_TEST CHANNEL - TEAM NAME Mattermost/span_' is clicked on

2021-05-30 15:39:51 - [MESSAGE][PASSED] - Object: 'Object Repository/Page_TEST CHANNEL - TEAM NAME Mattermost/span_' is clicked on

2021-05-30 15:39:51 - [TEST_STEP][PASSED] - click(findTestObject("Object Repository/Account Setting/Page_TEST CHANNEL - TEAM NAME Mattermost/span")): Object: 'Object Repository/Account Setting/Page_TEST CHANNEL - TEAM NAME Mattermost/span' is clicked on

2021-05-30 15:39:52 - [MESSAGE][PASSED] - Object: 'Object Repository/Account Setting/Page_TEST CHANNEL - TEAM NAME Mattermost/span' is clicked on

2021-05-30 15:39:52 - [TEST_STEP][PASSED] - click(findTestObject("Object Repository/Page_TEST CHANNEL - TEAM NAME Mattermost/button_Account Settings")): Object: 'Object Repository/Page_TEST CHANNEL - TEAM NAME Mattermost/button_Account Settings' is clicked on

2021-05-30 15:39:52 - [MESSAGE][PASSED] - Object: 'Object Repository/Page_TEST CHANNEL - TEAM NAME Mattermost/button_Account Settings' is clicked on

2021-05-30 15:39:52 - [TEST_STEP][PASSED] - click(findTestObject("Object Repository/Page_TEST CHANNEL - TEAM NAME Mattermost/span_Edit")): Object: 'Object Repository/Page_TEST CHANNEL - TEAM NAME Mattermost/span_Edit' is clicked on

2021-05-30 15:39:53 - [MESSAGE][PASSED] - Object: 'Object Repository/Page_TEST CHANNEL - TEAM NAME Mattermost/span_Edit' is clicked on

2021-05-30 15:39:53 - [TEST_STEP][PASSED] - setText(findTestObject("Object Repository/Page_TEST CHANNEL - TEAM NAME Mattermost/input_First Name_firstName"), findTestData("Internal/Internal Fullname").getValue(1, rowNum)): Text 'Minh' is set on object 'Object Repository/Page_TEST CHANNEL - TEAM NAME Mattermost/input_First Name_firstName'

2021-05-30 15:39:54 - [MESSAGE][PASSED] - Text 'Minh' is set on object 'Object Repository/Page_TEST CHANNEL - TEAM NAME Mattermost/input_First Name_firstName'

2021-05-30 15:39:54 - [TEST_STEP][PASSED] - setText(findTestObject("Object Repository/Page_TEST CHANNEL - TEAM NAME Mattermost/input_Last Name_lastName"), findTestData("Internal/Internal Fullname").getValue(2, rowNum)): Text 'Vu' is set on object 'Object Repository/Page_TEST CHANNEL - TEAM NAME Mattermost/input_Last Name_lastName'

2021-05-30 15:39:54 - [MESSAGE][PASSED] - Text 'Vu' is set on object 'Object Repository/Page_TEST CHANNEL - TEAM NAME Mattermost/input_Last Name_lastName'

2021-05-30 15:39:54 - [TEST_STEP][PASSED] - click(findTestObject("Object Repository/Page_TEST CHANNEL - TEAM NAME Mattermost/span_Save")): Object: 'Object Repository/Page_TEST CHANNEL - TEAM NAME Mattermost/span_Save' is clicked on

2021-05-30 15:39:54 - [MESSAGE][PASSED] - Object: 'Object Repository/Page_TEST CHANNEL - TEAM NAME Mattermost/span_Save' is clicked on

2021-05-30 15:39:54 - [TEST_STEP][PASSED] - click(findTestObject("Object Repository/Page_TEST CHANNEL - TEAM NAME Mattermost/span_")): Object: 'Object Repository/Page_TEST CHANNEL - TEAM NAME Mattermost/span_' is clicked on

2021-05-30 15:39:55 - [MESSAGE][PASSED] - Object: 'Object Repository/Page_TEST CHANNEL - TEAM NAME Mattermost/span_' is clicked on

2021-05-30 15:39:55 - [TEST_STEP][PASSED] - closeBrowser(): Browser is closed

2021-05-30 15:39:56 - [MESSAGE][PASSED] - Browser is closed]]></system-out>
         <system-err><![CDATA[]]></system-err>
      </testcase>
      <testcase name="Test Cases/Internal Test Cases/EditNickName" time="23.144" classname="Test Cases/Internal Test Cases/EditNickName" status="PASSED">
         <system-out><![CDATA[2021-05-30 15:39:56 - [TEST_CASE][PASSED] - Test Cases/Internal Test Cases/EditNickName: Test Cases/Internal Test Cases/EditNickName

2021-05-30 15:39:56 - [TEST_STEP][PASSED] - callTestCase(findTestCase("Internal Test Cases/Successful Login"), ["Username":"", "Password":""], STOP_ON_FAILURE): Call Test Case 'Test Cases/Internal Test Cases/Successful Login' successfully

2021-05-30 15:39:56 - [TEST_CASE][PASSED] - Test Cases/Internal Test Cases/Successful Login: Test Cases/Internal Test Cases/Successful Login

2021-05-30 15:39:56 - [TEST_STEP][PASSED] - openBrowser(""): Browser is opened with url: ''

2021-05-30 15:39:56 - [MESSAGE][INFO] - Starting 'Chrome' driver

2021-05-30 15:39:56 - [MESSAGE][INFO] - Action delay is set to 0 milliseconds

2021-05-30 15:39:57 - [MESSAGE][PASSED] - Browser is opened with url: ''

2021-05-30 15:39:57 - [TEST_STEP][PASSED] - navigateToUrl("https://chudenangcao2021.cf/"): Navigate to 'https://chudenangcao2021.cf/' successfully

2021-05-30 15:39:58 - [MESSAGE][PASSED] - Navigate to 'https://chudenangcao2021.cf/' successfully

2021-05-30 15:39:58 - [TEST_STEP][PASSED] - setText(findTestObject("Object Repository/Page_Mattermost/input_All team communication in one place, _dcc84b"), findTestData("Internal/Internal Login Data").getValue(1, 1)): Text 'nguyenvanb' is set on object 'Object Repository/Page_Mattermost/input_All team communication in one place, _dcc84b'

2021-05-30 15:39:59 - [MESSAGE][PASSED] - Text 'nguyenvanb' is set on object 'Object Repository/Page_Mattermost/input_All team communication in one place, _dcc84b'

2021-05-30 15:39:59 - [TEST_STEP][PASSED] - setEncryptedText(findTestObject("Object Repository/Page_Mattermost/input_All team communication in one place, _a3edc6"), findTestData("Internal/Internal Login Data").getValue(2, 1)): Text ****** has been set on object 'Object Repository/Page_Mattermost/input_All team communication in one place, _a3edc6'

2021-05-30 15:40:00 - [MESSAGE][PASSED] - Text ****** has been set on object 'Object Repository/Page_Mattermost/input_All team communication in one place, _a3edc6'

2021-05-30 15:40:00 - [TEST_STEP][PASSED] - click(findTestObject("Object Repository/Page_Mattermost/button_Sign in")): Object: 'Object Repository/Page_Mattermost/button_Sign in' is clicked on

2021-05-30 15:40:01 - [MESSAGE][PASSED] - Object: 'Object Repository/Page_Mattermost/button_Sign in' is clicked on

2021-05-30 15:40:01 - [TEST_STEP][PASSED] - verifyLinksAccessible(["https://chudenangcao2021.cf/cdnc-cnpm-2021/channels"]): All links are accessible

2021-05-30 15:40:01 - [MESSAGE][INFO] - HAR: C:\Users\nttuan\Downloads\CDNC\mattermost-testing\Reports\20210530_152827\Run all test cases\20210530_152827\requests\main\41.har

2021-05-30 15:40:01 - [MESSAGE][PASSED] - Send request successfully

2021-05-30 15:40:01 - [MESSAGE][PASSED] - All links are accessible

2021-05-30 15:40:01 - [MESSAGE][PASSED] - Call Test Case 'Test Cases/Internal Test Cases/Successful Login' successfully

2021-05-30 15:40:01 - [TEST_STEP][PASSED] - for ([rowNum = 1, rowNum <= findTestData("Internal/Internal Nickname").getRowNumbers(), (rowNum++)]): Object: 'Object Repository/Account Setting/Page_TEST CHANNEL - TEAM NAME Mattermost/span_' is clicked on

2021-05-30 15:40:01 - [TEST_STEP][PASSED] - click(findTestObject("Object Repository/Account Setting/Page_TEST CHANNEL - TEAM NAME Mattermost/span")): Object: 'Object Repository/Account Setting/Page_TEST CHANNEL - TEAM NAME Mattermost/span' is clicked on

2021-05-30 15:40:02 - [MESSAGE][PASSED] - Object: 'Object Repository/Account Setting/Page_TEST CHANNEL - TEAM NAME Mattermost/span' is clicked on

2021-05-30 15:40:02 - [TEST_STEP][PASSED] - click(findTestObject("Object Repository/Account Setting/Page_TEST CHANNEL - TEAM NAME Mattermost/button_Account Settings")): Object: 'Object Repository/Account Setting/Page_TEST CHANNEL - TEAM NAME Mattermost/button_Account Settings' is clicked on

2021-05-30 15:40:03 - [MESSAGE][PASSED] - Object: 'Object Repository/Account Setting/Page_TEST CHANNEL - TEAM NAME Mattermost/button_Account Settings' is clicked on

2021-05-30 15:40:03 - [TEST_STEP][PASSED] - click(findTestObject("Object Repository/Account Setting/Page_TEST CHANNEL - TEAM NAME Mattermost/span_Edit")): Object: 'Object Repository/Account Setting/Page_TEST CHANNEL - TEAM NAME Mattermost/span_Edit' is clicked on

2021-05-30 15:40:03 - [MESSAGE][PASSED] - Object: 'Object Repository/Account Setting/Page_TEST CHANNEL - TEAM NAME Mattermost/span_Edit' is clicked on

2021-05-30 15:40:03 - [TEST_STEP][PASSED] - setText(findTestObject("Object Repository/Account Setting/Page_TEST CHANNEL - TEAM NAME Mattermost/input_Nickname_nickname"), findTestData("Internal/Internal Nickname").getValue(1, rowNum)): Text 'Như Bảo' is set on object 'Object Repository/Account Setting/Page_TEST CHANNEL - TEAM NAME Mattermost/input_Nickname_nickname'

2021-05-30 15:40:04 - [MESSAGE][PASSED] - Text 'Như Bảo' is set on object 'Object Repository/Account Setting/Page_TEST CHANNEL - TEAM NAME Mattermost/input_Nickname_nickname'

2021-05-30 15:40:04 - [TEST_STEP][PASSED] - click(findTestObject("Object Repository/Account Setting/Page_TEST CHANNEL - TEAM NAME Mattermost/button_Save")): Object: 'Object Repository/Account Setting/Page_TEST CHANNEL - TEAM NAME Mattermost/button_Save' is clicked on

2021-05-30 15:40:05 - [MESSAGE][PASSED] - Object: 'Object Repository/Account Setting/Page_TEST CHANNEL - TEAM NAME Mattermost/button_Save' is clicked on

2021-05-30 15:40:05 - [TEST_STEP][PASSED] - click(findTestObject("Object Repository/Account Setting/Page_TEST CHANNEL - TEAM NAME Mattermost/span_")): Object: 'Object Repository/Account Setting/Page_TEST CHANNEL - TEAM NAME Mattermost/span_' is clicked on

2021-05-30 15:40:05 - [MESSAGE][PASSED] - Object: 'Object Repository/Account Setting/Page_TEST CHANNEL - TEAM NAME Mattermost/span_' is clicked on

2021-05-30 15:40:05 - [TEST_STEP][PASSED] - click(findTestObject("Object Repository/Account Setting/Page_TEST CHANNEL - TEAM NAME Mattermost/span")): Object: 'Object Repository/Account Setting/Page_TEST CHANNEL - TEAM NAME Mattermost/span' is clicked on

2021-05-30 15:40:06 - [MESSAGE][PASSED] - Object: 'Object Repository/Account Setting/Page_TEST CHANNEL - TEAM NAME Mattermost/span' is clicked on

2021-05-30 15:40:06 - [TEST_STEP][PASSED] - click(findTestObject("Object Repository/Account Setting/Page_TEST CHANNEL - TEAM NAME Mattermost/button_Account Settings")): Object: 'Object Repository/Account Setting/Page_TEST CHANNEL - TEAM NAME Mattermost/button_Account Settings' is clicked on

2021-05-30 15:40:06 - [MESSAGE][PASSED] - Object: 'Object Repository/Account Setting/Page_TEST CHANNEL - TEAM NAME Mattermost/button_Account Settings' is clicked on

2021-05-30 15:40:06 - [TEST_STEP][PASSED] - click(findTestObject("Object Repository/Account Setting/Page_TEST CHANNEL - TEAM NAME Mattermost/span_Edit")): Object: 'Object Repository/Account Setting/Page_TEST CHANNEL - TEAM NAME Mattermost/span_Edit' is clicked on

2021-05-30 15:40:07 - [MESSAGE][PASSED] - Object: 'Object Repository/Account Setting/Page_TEST CHANNEL - TEAM NAME Mattermost/span_Edit' is clicked on

2021-05-30 15:40:07 - [TEST_STEP][PASSED] - setText(findTestObject("Object Repository/Account Setting/Page_TEST CHANNEL - TEAM NAME Mattermost/input_Nickname_nickname"), findTestData("Internal/Internal Nickname").getValue(1, rowNum)): Text 'Châut' is set on object 'Object Repository/Account Setting/Page_TEST CHANNEL - TEAM NAME Mattermost/input_Nickname_nickname'

2021-05-30 15:40:08 - [MESSAGE][PASSED] - Text 'Châut' is set on object 'Object Repository/Account Setting/Page_TEST CHANNEL - TEAM NAME Mattermost/input_Nickname_nickname'

2021-05-30 15:40:08 - [TEST_STEP][PASSED] - click(findTestObject("Object Repository/Account Setting/Page_TEST CHANNEL - TEAM NAME Mattermost/button_Save")): Object: 'Object Repository/Account Setting/Page_TEST CHANNEL - TEAM NAME Mattermost/button_Save' is clicked on

2021-05-30 15:40:08 - [MESSAGE][PASSED] - Object: 'Object Repository/Account Setting/Page_TEST CHANNEL - TEAM NAME Mattermost/button_Save' is clicked on

2021-05-30 15:40:08 - [TEST_STEP][PASSED] - click(findTestObject("Object Repository/Account Setting/Page_TEST CHANNEL - TEAM NAME Mattermost/span_")): Object: 'Object Repository/Account Setting/Page_TEST CHANNEL - TEAM NAME Mattermost/span_' is clicked on

2021-05-30 15:40:09 - [MESSAGE][PASSED] - Object: 'Object Repository/Account Setting/Page_TEST CHANNEL - TEAM NAME Mattermost/span_' is clicked on

2021-05-30 15:40:09 - [TEST_STEP][PASSED] - click(findTestObject("Object Repository/Account Setting/Page_TEST CHANNEL - TEAM NAME Mattermost/span")): Object: 'Object Repository/Account Setting/Page_TEST CHANNEL - TEAM NAME Mattermost/span' is clicked on

2021-05-30 15:40:09 - [MESSAGE][PASSED] - Object: 'Object Repository/Account Setting/Page_TEST CHANNEL - TEAM NAME Mattermost/span' is clicked on

2021-05-30 15:40:09 - [TEST_STEP][PASSED] - click(findTestObject("Object Repository/Account Setting/Page_TEST CHANNEL - TEAM NAME Mattermost/button_Account Settings")): Object: 'Object Repository/Account Setting/Page_TEST CHANNEL - TEAM NAME Mattermost/button_Account Settings' is clicked on

2021-05-30 15:40:10 - [MESSAGE][PASSED] - Object: 'Object Repository/Account Setting/Page_TEST CHANNEL - TEAM NAME Mattermost/button_Account Settings' is clicked on

2021-05-30 15:40:10 - [TEST_STEP][PASSED] - click(findTestObject("Object Repository/Account Setting/Page_TEST CHANNEL - TEAM NAME Mattermost/span_Edit")): Object: 'Object Repository/Account Setting/Page_TEST CHANNEL - TEAM NAME Mattermost/span_Edit' is clicked on

2021-05-30 15:40:10 - [MESSAGE][PASSED] - Object: 'Object Repository/Account Setting/Page_TEST CHANNEL - TEAM NAME Mattermost/span_Edit' is clicked on

2021-05-30 15:40:10 - [TEST_STEP][PASSED] - setText(findTestObject("Object Repository/Account Setting/Page_TEST CHANNEL - TEAM NAME Mattermost/input_Nickname_nickname"), findTestData("Internal/Internal Nickname").getValue(1, rowNum)): Text 'Thot' is set on object 'Object Repository/Account Setting/Page_TEST CHANNEL - TEAM NAME Mattermost/input_Nickname_nickname'

2021-05-30 15:40:11 - [MESSAGE][PASSED] - Text 'Thot' is set on object 'Object Repository/Account Setting/Page_TEST CHANNEL - TEAM NAME Mattermost/input_Nickname_nickname'

2021-05-30 15:40:11 - [TEST_STEP][PASSED] - click(findTestObject("Object Repository/Account Setting/Page_TEST CHANNEL - TEAM NAME Mattermost/button_Save")): Object: 'Object Repository/Account Setting/Page_TEST CHANNEL - TEAM NAME Mattermost/button_Save' is clicked on

2021-05-30 15:40:11 - [MESSAGE][PASSED] - Object: 'Object Repository/Account Setting/Page_TEST CHANNEL - TEAM NAME Mattermost/button_Save' is clicked on

2021-05-30 15:40:11 - [TEST_STEP][PASSED] - click(findTestObject("Object Repository/Account Setting/Page_TEST CHANNEL - TEAM NAME Mattermost/span_")): Object: 'Object Repository/Account Setting/Page_TEST CHANNEL - TEAM NAME Mattermost/span_' is clicked on

2021-05-30 15:40:12 - [MESSAGE][PASSED] - Object: 'Object Repository/Account Setting/Page_TEST CHANNEL - TEAM NAME Mattermost/span_' is clicked on

2021-05-30 15:40:12 - [TEST_STEP][PASSED] - click(findTestObject("Object Repository/Account Setting/Page_TEST CHANNEL - TEAM NAME Mattermost/span")): Object: 'Object Repository/Account Setting/Page_TEST CHANNEL - TEAM NAME Mattermost/span' is clicked on

2021-05-30 15:40:12 - [MESSAGE][PASSED] - Object: 'Object Repository/Account Setting/Page_TEST CHANNEL - TEAM NAME Mattermost/span' is clicked on

2021-05-30 15:40:12 - [TEST_STEP][PASSED] - click(findTestObject("Object Repository/Account Setting/Page_TEST CHANNEL - TEAM NAME Mattermost/button_Account Settings")): Object: 'Object Repository/Account Setting/Page_TEST CHANNEL - TEAM NAME Mattermost/button_Account Settings' is clicked on

2021-05-30 15:40:13 - [MESSAGE][PASSED] - Object: 'Object Repository/Account Setting/Page_TEST CHANNEL - TEAM NAME Mattermost/button_Account Settings' is clicked on

2021-05-30 15:40:13 - [TEST_STEP][PASSED] - click(findTestObject("Object Repository/Account Setting/Page_TEST CHANNEL - TEAM NAME Mattermost/span_Edit")): Object: 'Object Repository/Account Setting/Page_TEST CHANNEL - TEAM NAME Mattermost/span_Edit' is clicked on

2021-05-30 15:40:13 - [MESSAGE][PASSED] - Object: 'Object Repository/Account Setting/Page_TEST CHANNEL - TEAM NAME Mattermost/span_Edit' is clicked on

2021-05-30 15:40:13 - [TEST_STEP][PASSED] - setText(findTestObject("Object Repository/Account Setting/Page_TEST CHANNEL - TEAM NAME Mattermost/input_Nickname_nickname"), findTestData("Internal/Internal Nickname").getValue(1, rowNum)): Text 'Thanht' is set on object 'Object Repository/Account Setting/Page_TEST CHANNEL - TEAM NAME Mattermost/input_Nickname_nickname'

2021-05-30 15:40:14 - [MESSAGE][PASSED] - Text 'Thanht' is set on object 'Object Repository/Account Setting/Page_TEST CHANNEL - TEAM NAME Mattermost/input_Nickname_nickname'

2021-05-30 15:40:14 - [TEST_STEP][PASSED] - click(findTestObject("Object Repository/Account Setting/Page_TEST CHANNEL - TEAM NAME Mattermost/button_Save")): Object: 'Object Repository/Account Setting/Page_TEST CHANNEL - TEAM NAME Mattermost/button_Save' is clicked on

2021-05-30 15:40:14 - [MESSAGE][PASSED] - Object: 'Object Repository/Account Setting/Page_TEST CHANNEL - TEAM NAME Mattermost/button_Save' is clicked on

2021-05-30 15:40:14 - [TEST_STEP][PASSED] - click(findTestObject("Object Repository/Account Setting/Page_TEST CHANNEL - TEAM NAME Mattermost/span_")): Object: 'Object Repository/Account Setting/Page_TEST CHANNEL - TEAM NAME Mattermost/span_' is clicked on

2021-05-30 15:40:15 - [MESSAGE][PASSED] - Object: 'Object Repository/Account Setting/Page_TEST CHANNEL - TEAM NAME Mattermost/span_' is clicked on

2021-05-30 15:40:15 - [TEST_STEP][PASSED] - click(findTestObject("Object Repository/Account Setting/Page_TEST CHANNEL - TEAM NAME Mattermost/span")): Object: 'Object Repository/Account Setting/Page_TEST CHANNEL - TEAM NAME Mattermost/span' is clicked on

2021-05-30 15:40:15 - [MESSAGE][PASSED] - Object: 'Object Repository/Account Setting/Page_TEST CHANNEL - TEAM NAME Mattermost/span' is clicked on

2021-05-30 15:40:15 - [TEST_STEP][PASSED] - click(findTestObject("Object Repository/Account Setting/Page_TEST CHANNEL - TEAM NAME Mattermost/button_Account Settings")): Object: 'Object Repository/Account Setting/Page_TEST CHANNEL - TEAM NAME Mattermost/button_Account Settings' is clicked on

2021-05-30 15:40:16 - [MESSAGE][PASSED] - Object: 'Object Repository/Account Setting/Page_TEST CHANNEL - TEAM NAME Mattermost/button_Account Settings' is clicked on

2021-05-30 15:40:16 - [TEST_STEP][PASSED] - click(findTestObject("Object Repository/Account Setting/Page_TEST CHANNEL - TEAM NAME Mattermost/span_Edit")): Object: 'Object Repository/Account Setting/Page_TEST CHANNEL - TEAM NAME Mattermost/span_Edit' is clicked on

2021-05-30 15:40:16 - [MESSAGE][PASSED] - Object: 'Object Repository/Account Setting/Page_TEST CHANNEL - TEAM NAME Mattermost/span_Edit' is clicked on

2021-05-30 15:40:16 - [TEST_STEP][PASSED] - setText(findTestObject("Object Repository/Account Setting/Page_TEST CHANNEL - TEAM NAME Mattermost/input_Nickname_nickname"), findTestData("Internal/Internal Nickname").getValue(1, rowNum)): Text 'Minhv' is set on object 'Object Repository/Account Setting/Page_TEST CHANNEL - TEAM NAME Mattermost/input_Nickname_nickname'

2021-05-30 15:40:17 - [MESSAGE][PASSED] - Text 'Minhv' is set on object 'Object Repository/Account Setting/Page_TEST CHANNEL - TEAM NAME Mattermost/input_Nickname_nickname'

2021-05-30 15:40:17 - [TEST_STEP][PASSED] - click(findTestObject("Object Repository/Account Setting/Page_TEST CHANNEL - TEAM NAME Mattermost/button_Save")): Object: 'Object Repository/Account Setting/Page_TEST CHANNEL - TEAM NAME Mattermost/button_Save' is clicked on

2021-05-30 15:40:18 - [MESSAGE][PASSED] - Object: 'Object Repository/Account Setting/Page_TEST CHANNEL - TEAM NAME Mattermost/button_Save' is clicked on

2021-05-30 15:40:18 - [TEST_STEP][PASSED] - click(findTestObject("Object Repository/Account Setting/Page_TEST CHANNEL - TEAM NAME Mattermost/span_")): Object: 'Object Repository/Account Setting/Page_TEST CHANNEL - TEAM NAME Mattermost/span_' is clicked on

2021-05-30 15:40:18 - [MESSAGE][PASSED] - Object: 'Object Repository/Account Setting/Page_TEST CHANNEL - TEAM NAME Mattermost/span_' is clicked on

2021-05-30 15:40:18 - [TEST_STEP][PASSED] - closeBrowser(): Browser is closed

2021-05-30 15:40:19 - [MESSAGE][PASSED] - Browser is closed]]></system-out>
         <system-err><![CDATA[]]></system-err>
      </testcase>
      <testcase name="Test Cases/Internal Test Cases/EditPosition" time="25.869" classname="Test Cases/Internal Test Cases/EditPosition" status="PASSED">
         <system-out><![CDATA[2021-05-30 15:40:19 - [TEST_CASE][PASSED] - Test Cases/Internal Test Cases/EditPosition: Test Cases/Internal Test Cases/EditPosition

2021-05-30 15:40:19 - [TEST_STEP][PASSED] - callTestCase(findTestCase("Internal Test Cases/Successful Login"), ["Username":"", "Password":""], STOP_ON_FAILURE): Call Test Case 'Test Cases/Internal Test Cases/Successful Login' successfully

2021-05-30 15:40:19 - [TEST_CASE][PASSED] - Test Cases/Internal Test Cases/Successful Login: Test Cases/Internal Test Cases/Successful Login

2021-05-30 15:40:19 - [TEST_STEP][PASSED] - openBrowser(""): Browser is opened with url: ''

2021-05-30 15:40:19 - [MESSAGE][INFO] - Starting 'Chrome' driver

2021-05-30 15:40:19 - [MESSAGE][INFO] - Action delay is set to 0 milliseconds

2021-05-30 15:40:21 - [MESSAGE][PASSED] - Browser is opened with url: ''

2021-05-30 15:40:21 - [TEST_STEP][PASSED] - navigateToUrl("https://chudenangcao2021.cf/"): Navigate to 'https://chudenangcao2021.cf/' successfully

2021-05-30 15:40:21 - [MESSAGE][PASSED] - Navigate to 'https://chudenangcao2021.cf/' successfully

2021-05-30 15:40:21 - [TEST_STEP][PASSED] - setText(findTestObject("Object Repository/Page_Mattermost/input_All team communication in one place, _dcc84b"), findTestData("Internal/Internal Login Data").getValue(1, 1)): Text 'nguyenvanb' is set on object 'Object Repository/Page_Mattermost/input_All team communication in one place, _dcc84b'

2021-05-30 15:40:23 - [MESSAGE][PASSED] - Text 'nguyenvanb' is set on object 'Object Repository/Page_Mattermost/input_All team communication in one place, _dcc84b'

2021-05-30 15:40:23 - [TEST_STEP][PASSED] - setEncryptedText(findTestObject("Object Repository/Page_Mattermost/input_All team communication in one place, _a3edc6"), findTestData("Internal/Internal Login Data").getValue(2, 1)): Text ****** has been set on object 'Object Repository/Page_Mattermost/input_All team communication in one place, _a3edc6'

2021-05-30 15:40:23 - [MESSAGE][PASSED] - Text ****** has been set on object 'Object Repository/Page_Mattermost/input_All team communication in one place, _a3edc6'

2021-05-30 15:40:23 - [TEST_STEP][PASSED] - click(findTestObject("Object Repository/Page_Mattermost/button_Sign in")): Object: 'Object Repository/Page_Mattermost/button_Sign in' is clicked on

2021-05-30 15:40:24 - [MESSAGE][PASSED] - Object: 'Object Repository/Page_Mattermost/button_Sign in' is clicked on

2021-05-30 15:40:24 - [TEST_STEP][PASSED] - verifyLinksAccessible(["https://chudenangcao2021.cf/cdnc-cnpm-2021/channels"]): All links are accessible

2021-05-30 15:40:24 - [MESSAGE][INFO] - HAR: C:\Users\nttuan\Downloads\CDNC\mattermost-testing\Reports\20210530_152827\Run all test cases\20210530_152827\requests\main\42.har

2021-05-30 15:40:24 - [MESSAGE][PASSED] - Send request successfully

2021-05-30 15:40:24 - [MESSAGE][PASSED] - All links are accessible

2021-05-30 15:40:24 - [MESSAGE][PASSED] - Call Test Case 'Test Cases/Internal Test Cases/Successful Login' successfully

2021-05-30 15:40:24 - [TEST_STEP][PASSED] - for ([rowNum = 1, rowNum <= findTestData("Internal/Internal Position").getRowNumbers(), (rowNum++)]): Object: 'Object Repository/Edit position/Page_span_Town Square - Team 1 Mattermost/span_' is clicked on

2021-05-30 15:40:24 - [TEST_STEP][PASSED] - click(findTestObject("Object Repository/Edit position/Page_span_Town Square - Team 1 Mattermost/span_span_Town Square")): Object: 'Object Repository/Edit position/Page_span_Town Square - Team 1 Mattermost/span_span_Town Square' is clicked on

2021-05-30 15:40:26 - [MESSAGE][PASSED] - Object: 'Object Repository/Edit position/Page_span_Town Square - Team 1 Mattermost/span_span_Town Square' is clicked on

2021-05-30 15:40:26 - [TEST_STEP][PASSED] - click(findTestObject("Object Repository/Edit position/Page_span_Town Square - Team 1 Mattermost/span")): Object: 'Object Repository/Edit position/Page_span_Town Square - Team 1 Mattermost/span' is clicked on

2021-05-30 15:40:26 - [MESSAGE][PASSED] - Object: 'Object Repository/Edit position/Page_span_Town Square - Team 1 Mattermost/span' is clicked on

2021-05-30 15:40:26 - [TEST_STEP][PASSED] - click(findTestObject("Object Repository/Edit position/Page_span_Town Square - Team 1 Mattermost/button_Account Settings")): Object: 'Object Repository/Edit position/Page_span_Town Square - Team 1 Mattermost/button_Account Settings' is clicked on

2021-05-30 15:40:27 - [MESSAGE][PASSED] - Object: 'Object Repository/Edit position/Page_span_Town Square - Team 1 Mattermost/button_Account Settings' is clicked on

2021-05-30 15:40:27 - [TEST_STEP][PASSED] - click(findTestObject("Object Repository/Edit position/Page_span_Town Square - Team 1 Mattermost/span_Edit")): Object: 'Object Repository/Edit position/Page_span_Town Square - Team 1 Mattermost/span_Edit' is clicked on

2021-05-30 15:40:27 - [MESSAGE][PASSED] - Object: 'Object Repository/Edit position/Page_span_Town Square - Team 1 Mattermost/span_Edit' is clicked on

2021-05-30 15:40:27 - [TEST_STEP][PASSED] - setText(findTestObject("Object Repository/Edit position/Page_span_Town Square - Team 1 Mattermost/input_Position_position"), findTestData("Internal/Internal Position").getValue(1, rowNum)): Text 'Trưởng phòng' is set on object 'Object Repository/Edit position/Page_span_Town Square - Team 1 Mattermost/input_Position_position'

2021-05-30 15:40:28 - [MESSAGE][PASSED] - Text 'Trưởng phòng' is set on object 'Object Repository/Edit position/Page_span_Town Square - Team 1 Mattermost/input_Position_position'

2021-05-30 15:40:28 - [TEST_STEP][PASSED] - click(findTestObject("Object Repository/Edit position/Page_span_Town Square - Team 1 Mattermost/button_Save")): Object: 'Object Repository/Edit position/Page_span_Town Square - Team 1 Mattermost/button_Save' is clicked on

2021-05-30 15:40:29 - [MESSAGE][PASSED] - Object: 'Object Repository/Edit position/Page_span_Town Square - Team 1 Mattermost/button_Save' is clicked on

2021-05-30 15:40:29 - [TEST_STEP][PASSED] - click(findTestObject("Object Repository/Edit position/Page_span_Town Square - Team 1 Mattermost/span_")): Object: 'Object Repository/Edit position/Page_span_Town Square - Team 1 Mattermost/span_' is clicked on

2021-05-30 15:40:29 - [MESSAGE][PASSED] - Object: 'Object Repository/Edit position/Page_span_Town Square - Team 1 Mattermost/span_' is clicked on

2021-05-30 15:40:29 - [TEST_STEP][PASSED] - click(findTestObject("Object Repository/Edit position/Page_span_Town Square - Team 1 Mattermost/span_span_Town Square")): Object: 'Object Repository/Edit position/Page_span_Town Square - Team 1 Mattermost/span_span_Town Square' is clicked on

2021-05-30 15:40:30 - [MESSAGE][PASSED] - Object: 'Object Repository/Edit position/Page_span_Town Square - Team 1 Mattermost/span_span_Town Square' is clicked on

2021-05-30 15:40:30 - [TEST_STEP][PASSED] - click(findTestObject("Object Repository/Edit position/Page_span_Town Square - Team 1 Mattermost/span")): Object: 'Object Repository/Edit position/Page_span_Town Square - Team 1 Mattermost/span' is clicked on

2021-05-30 15:40:30 - [MESSAGE][PASSED] - Object: 'Object Repository/Edit position/Page_span_Town Square - Team 1 Mattermost/span' is clicked on

2021-05-30 15:40:30 - [TEST_STEP][PASSED] - click(findTestObject("Object Repository/Edit position/Page_span_Town Square - Team 1 Mattermost/button_Account Settings")): Object: 'Object Repository/Edit position/Page_span_Town Square - Team 1 Mattermost/button_Account Settings' is clicked on

2021-05-30 15:40:31 - [MESSAGE][PASSED] - Object: 'Object Repository/Edit position/Page_span_Town Square - Team 1 Mattermost/button_Account Settings' is clicked on

2021-05-30 15:40:31 - [TEST_STEP][PASSED] - click(findTestObject("Object Repository/Edit position/Page_span_Town Square - Team 1 Mattermost/span_Edit")): Object: 'Object Repository/Edit position/Page_span_Town Square - Team 1 Mattermost/span_Edit' is clicked on

2021-05-30 15:40:31 - [MESSAGE][PASSED] - Object: 'Object Repository/Edit position/Page_span_Town Square - Team 1 Mattermost/span_Edit' is clicked on

2021-05-30 15:40:31 - [TEST_STEP][PASSED] - setText(findTestObject("Object Repository/Edit position/Page_span_Town Square - Team 1 Mattermost/input_Position_position"), findTestData("Internal/Internal Position").getValue(1, rowNum)): Text 'Kế toán' is set on object 'Object Repository/Edit position/Page_span_Town Square - Team 1 Mattermost/input_Position_position'

2021-05-30 15:40:32 - [MESSAGE][PASSED] - Text 'Kế toán' is set on object 'Object Repository/Edit position/Page_span_Town Square - Team 1 Mattermost/input_Position_position'

2021-05-30 15:40:32 - [TEST_STEP][PASSED] - click(findTestObject("Object Repository/Edit position/Page_span_Town Square - Team 1 Mattermost/button_Save")): Object: 'Object Repository/Edit position/Page_span_Town Square - Team 1 Mattermost/button_Save' is clicked on

2021-05-30 15:40:32 - [MESSAGE][PASSED] - Object: 'Object Repository/Edit position/Page_span_Town Square - Team 1 Mattermost/button_Save' is clicked on

2021-05-30 15:40:32 - [TEST_STEP][PASSED] - click(findTestObject("Object Repository/Edit position/Page_span_Town Square - Team 1 Mattermost/span_")): Object: 'Object Repository/Edit position/Page_span_Town Square - Team 1 Mattermost/span_' is clicked on

2021-05-30 15:40:33 - [MESSAGE][PASSED] - Object: 'Object Repository/Edit position/Page_span_Town Square - Team 1 Mattermost/span_' is clicked on

2021-05-30 15:40:33 - [TEST_STEP][PASSED] - click(findTestObject("Object Repository/Edit position/Page_span_Town Square - Team 1 Mattermost/span_span_Town Square")): Object: 'Object Repository/Edit position/Page_span_Town Square - Team 1 Mattermost/span_span_Town Square' is clicked on

2021-05-30 15:40:33 - [MESSAGE][PASSED] - Object: 'Object Repository/Edit position/Page_span_Town Square - Team 1 Mattermost/span_span_Town Square' is clicked on

2021-05-30 15:40:33 - [TEST_STEP][PASSED] - click(findTestObject("Object Repository/Edit position/Page_span_Town Square - Team 1 Mattermost/span")): Object: 'Object Repository/Edit position/Page_span_Town Square - Team 1 Mattermost/span' is clicked on

2021-05-30 15:40:34 - [MESSAGE][PASSED] - Object: 'Object Repository/Edit position/Page_span_Town Square - Team 1 Mattermost/span' is clicked on

2021-05-30 15:40:34 - [TEST_STEP][PASSED] - click(findTestObject("Object Repository/Edit position/Page_span_Town Square - Team 1 Mattermost/button_Account Settings")): Object: 'Object Repository/Edit position/Page_span_Town Square - Team 1 Mattermost/button_Account Settings' is clicked on

2021-05-30 15:40:34 - [MESSAGE][PASSED] - Object: 'Object Repository/Edit position/Page_span_Town Square - Team 1 Mattermost/button_Account Settings' is clicked on

2021-05-30 15:40:34 - [TEST_STEP][PASSED] - click(findTestObject("Object Repository/Edit position/Page_span_Town Square - Team 1 Mattermost/span_Edit")): Object: 'Object Repository/Edit position/Page_span_Town Square - Team 1 Mattermost/span_Edit' is clicked on

2021-05-30 15:40:35 - [MESSAGE][PASSED] - Object: 'Object Repository/Edit position/Page_span_Town Square - Team 1 Mattermost/span_Edit' is clicked on

2021-05-30 15:40:35 - [TEST_STEP][PASSED] - setText(findTestObject("Object Repository/Edit position/Page_span_Town Square - Team 1 Mattermost/input_Position_position"), findTestData("Internal/Internal Position").getValue(1, rowNum)): Text 'giám đốc' is set on object 'Object Repository/Edit position/Page_span_Town Square - Team 1 Mattermost/input_Position_position'

2021-05-30 15:40:36 - [MESSAGE][PASSED] - Text 'giám đốc' is set on object 'Object Repository/Edit position/Page_span_Town Square - Team 1 Mattermost/input_Position_position'

2021-05-30 15:40:36 - [TEST_STEP][PASSED] - click(findTestObject("Object Repository/Edit position/Page_span_Town Square - Team 1 Mattermost/button_Save")): Object: 'Object Repository/Edit position/Page_span_Town Square - Team 1 Mattermost/button_Save' is clicked on

2021-05-30 15:40:36 - [MESSAGE][PASSED] - Object: 'Object Repository/Edit position/Page_span_Town Square - Team 1 Mattermost/button_Save' is clicked on

2021-05-30 15:40:36 - [TEST_STEP][PASSED] - click(findTestObject("Object Repository/Edit position/Page_span_Town Square - Team 1 Mattermost/span_")): Object: 'Object Repository/Edit position/Page_span_Town Square - Team 1 Mattermost/span_' is clicked on

2021-05-30 15:40:37 - [MESSAGE][PASSED] - Object: 'Object Repository/Edit position/Page_span_Town Square - Team 1 Mattermost/span_' is clicked on

2021-05-30 15:40:37 - [TEST_STEP][PASSED] - click(findTestObject("Object Repository/Edit position/Page_span_Town Square - Team 1 Mattermost/span_span_Town Square")): Object: 'Object Repository/Edit position/Page_span_Town Square - Team 1 Mattermost/span_span_Town Square' is clicked on

2021-05-30 15:40:37 - [MESSAGE][PASSED] - Object: 'Object Repository/Edit position/Page_span_Town Square - Team 1 Mattermost/span_span_Town Square' is clicked on

2021-05-30 15:40:37 - [TEST_STEP][PASSED] - click(findTestObject("Object Repository/Edit position/Page_span_Town Square - Team 1 Mattermost/span")): Object: 'Object Repository/Edit position/Page_span_Town Square - Team 1 Mattermost/span' is clicked on

2021-05-30 15:40:38 - [MESSAGE][PASSED] - Object: 'Object Repository/Edit position/Page_span_Town Square - Team 1 Mattermost/span' is clicked on

2021-05-30 15:40:38 - [TEST_STEP][PASSED] - click(findTestObject("Object Repository/Edit position/Page_span_Town Square - Team 1 Mattermost/button_Account Settings")): Object: 'Object Repository/Edit position/Page_span_Town Square - Team 1 Mattermost/button_Account Settings' is clicked on

2021-05-30 15:40:38 - [MESSAGE][PASSED] - Object: 'Object Repository/Edit position/Page_span_Town Square - Team 1 Mattermost/button_Account Settings' is clicked on

2021-05-30 15:40:38 - [TEST_STEP][PASSED] - click(findTestObject("Object Repository/Edit position/Page_span_Town Square - Team 1 Mattermost/span_Edit")): Object: 'Object Repository/Edit position/Page_span_Town Square - Team 1 Mattermost/span_Edit' is clicked on

2021-05-30 15:40:39 - [MESSAGE][PASSED] - Object: 'Object Repository/Edit position/Page_span_Town Square - Team 1 Mattermost/span_Edit' is clicked on

2021-05-30 15:40:39 - [TEST_STEP][PASSED] - setText(findTestObject("Object Repository/Edit position/Page_span_Town Square - Team 1 Mattermost/input_Position_position"), findTestData("Internal/Internal Position").getValue(1, rowNum)): Text 'Nhân viên' is set on object 'Object Repository/Edit position/Page_span_Town Square - Team 1 Mattermost/input_Position_position'

2021-05-30 15:40:40 - [MESSAGE][PASSED] - Text 'Nhân viên' is set on object 'Object Repository/Edit position/Page_span_Town Square - Team 1 Mattermost/input_Position_position'

2021-05-30 15:40:40 - [TEST_STEP][PASSED] - click(findTestObject("Object Repository/Edit position/Page_span_Town Square - Team 1 Mattermost/button_Save")): Object: 'Object Repository/Edit position/Page_span_Town Square - Team 1 Mattermost/button_Save' is clicked on

2021-05-30 15:40:40 - [MESSAGE][PASSED] - Object: 'Object Repository/Edit position/Page_span_Town Square - Team 1 Mattermost/button_Save' is clicked on

2021-05-30 15:40:40 - [TEST_STEP][PASSED] - click(findTestObject("Object Repository/Edit position/Page_span_Town Square - Team 1 Mattermost/span_")): Object: 'Object Repository/Edit position/Page_span_Town Square - Team 1 Mattermost/span_' is clicked on

2021-05-30 15:40:40 - [MESSAGE][PASSED] - Object: 'Object Repository/Edit position/Page_span_Town Square - Team 1 Mattermost/span_' is clicked on

2021-05-30 15:40:40 - [TEST_STEP][PASSED] - click(findTestObject("Object Repository/Edit position/Page_span_Town Square - Team 1 Mattermost/span_span_Town Square")): Object: 'Object Repository/Edit position/Page_span_Town Square - Team 1 Mattermost/span_span_Town Square' is clicked on

2021-05-30 15:40:41 - [MESSAGE][PASSED] - Object: 'Object Repository/Edit position/Page_span_Town Square - Team 1 Mattermost/span_span_Town Square' is clicked on

2021-05-30 15:40:41 - [TEST_STEP][PASSED] - click(findTestObject("Object Repository/Edit position/Page_span_Town Square - Team 1 Mattermost/span")): Object: 'Object Repository/Edit position/Page_span_Town Square - Team 1 Mattermost/span' is clicked on

2021-05-30 15:40:41 - [MESSAGE][PASSED] - Object: 'Object Repository/Edit position/Page_span_Town Square - Team 1 Mattermost/span' is clicked on

2021-05-30 15:40:41 - [TEST_STEP][PASSED] - click(findTestObject("Object Repository/Edit position/Page_span_Town Square - Team 1 Mattermost/button_Account Settings")): Object: 'Object Repository/Edit position/Page_span_Town Square - Team 1 Mattermost/button_Account Settings' is clicked on

2021-05-30 15:40:42 - [MESSAGE][PASSED] - Object: 'Object Repository/Edit position/Page_span_Town Square - Team 1 Mattermost/button_Account Settings' is clicked on

2021-05-30 15:40:42 - [TEST_STEP][PASSED] - click(findTestObject("Object Repository/Edit position/Page_span_Town Square - Team 1 Mattermost/span_Edit")): Object: 'Object Repository/Edit position/Page_span_Town Square - Team 1 Mattermost/span_Edit' is clicked on

2021-05-30 15:40:42 - [MESSAGE][PASSED] - Object: 'Object Repository/Edit position/Page_span_Town Square - Team 1 Mattermost/span_Edit' is clicked on

2021-05-30 15:40:42 - [TEST_STEP][PASSED] - setText(findTestObject("Object Repository/Edit position/Page_span_Town Square - Team 1 Mattermost/input_Position_position"), findTestData("Internal/Internal Position").getValue(1, rowNum)): Text 'Lao công' is set on object 'Object Repository/Edit position/Page_span_Town Square - Team 1 Mattermost/input_Position_position'

2021-05-30 15:40:43 - [MESSAGE][PASSED] - Text 'Lao công' is set on object 'Object Repository/Edit position/Page_span_Town Square - Team 1 Mattermost/input_Position_position'

2021-05-30 15:40:43 - [TEST_STEP][PASSED] - click(findTestObject("Object Repository/Edit position/Page_span_Town Square - Team 1 Mattermost/button_Save")): Object: 'Object Repository/Edit position/Page_span_Town Square - Team 1 Mattermost/button_Save' is clicked on

2021-05-30 15:40:43 - [MESSAGE][PASSED] - Object: 'Object Repository/Edit position/Page_span_Town Square - Team 1 Mattermost/button_Save' is clicked on

2021-05-30 15:40:43 - [TEST_STEP][PASSED] - click(findTestObject("Object Repository/Edit position/Page_span_Town Square - Team 1 Mattermost/span_")): Object: 'Object Repository/Edit position/Page_span_Town Square - Team 1 Mattermost/span_' is clicked on

2021-05-30 15:40:44 - [MESSAGE][PASSED] - Object: 'Object Repository/Edit position/Page_span_Town Square - Team 1 Mattermost/span_' is clicked on

2021-05-30 15:40:44 - [TEST_STEP][PASSED] - closeBrowser(): Browser is closed

2021-05-30 15:40:45 - [MESSAGE][PASSED] - Browser is closed]]></system-out>
         <system-err><![CDATA[]]></system-err>
      </testcase>
      <testcase name="Test Cases/Internal Test Cases/EditUsername" time="335.581" classname="Test Cases/Internal Test Cases/EditUsername" status="PASSED">
         <system-out><![CDATA[2021-05-30 15:40:45 - [TEST_CASE][PASSED] - Test Cases/Internal Test Cases/EditUsername: Test Cases/Internal Test Cases/EditUsername

2021-05-30 15:40:45 - [TEST_STEP][PASSED] - callTestCase(findTestCase("Internal Test Cases/Successful Login"), ["Username":"", "Password":""], STOP_ON_FAILURE): Call Test Case 'Test Cases/Internal Test Cases/Successful Login' successfully

2021-05-30 15:40:45 - [TEST_CASE][PASSED] - Test Cases/Internal Test Cases/Successful Login: Test Cases/Internal Test Cases/Successful Login

2021-05-30 15:40:45 - [TEST_STEP][PASSED] - openBrowser(""): Browser is opened with url: ''

2021-05-30 15:40:45 - [MESSAGE][INFO] - Starting 'Chrome' driver

2021-05-30 15:40:45 - [MESSAGE][INFO] - Action delay is set to 0 milliseconds

2021-05-30 15:40:46 - [MESSAGE][PASSED] - Browser is opened with url: ''

2021-05-30 15:40:46 - [TEST_STEP][PASSED] - navigateToUrl("https://chudenangcao2021.cf/"): Navigate to 'https://chudenangcao2021.cf/' successfully

2021-05-30 15:40:47 - [MESSAGE][PASSED] - Navigate to 'https://chudenangcao2021.cf/' successfully

2021-05-30 15:40:47 - [TEST_STEP][PASSED] - setText(findTestObject("Object Repository/Page_Mattermost/input_All team communication in one place, _dcc84b"), findTestData("Internal/Internal Login Data").getValue(1, 1)): Text 'nguyenvanb' is set on object 'Object Repository/Page_Mattermost/input_All team communication in one place, _dcc84b'

2021-05-30 15:40:49 - [MESSAGE][PASSED] - Text 'nguyenvanb' is set on object 'Object Repository/Page_Mattermost/input_All team communication in one place, _dcc84b'

2021-05-30 15:40:49 - [TEST_STEP][PASSED] - setEncryptedText(findTestObject("Object Repository/Page_Mattermost/input_All team communication in one place, _a3edc6"), findTestData("Internal/Internal Login Data").getValue(2, 1)): Text ****** has been set on object 'Object Repository/Page_Mattermost/input_All team communication in one place, _a3edc6'

2021-05-30 15:40:49 - [MESSAGE][PASSED] - Text ****** has been set on object 'Object Repository/Page_Mattermost/input_All team communication in one place, _a3edc6'

2021-05-30 15:40:49 - [TEST_STEP][PASSED] - click(findTestObject("Object Repository/Page_Mattermost/button_Sign in")): Object: 'Object Repository/Page_Mattermost/button_Sign in' is clicked on

2021-05-30 15:40:50 - [MESSAGE][PASSED] - Object: 'Object Repository/Page_Mattermost/button_Sign in' is clicked on

2021-05-30 15:40:50 - [TEST_STEP][PASSED] - verifyLinksAccessible(["https://chudenangcao2021.cf/cdnc-cnpm-2021/channels"]): All links are accessible

2021-05-30 15:40:50 - [MESSAGE][INFO] - HAR: C:\Users\nttuan\Downloads\CDNC\mattermost-testing\Reports\20210530_152827\Run all test cases\20210530_152827\requests\main\43.har

2021-05-30 15:40:50 - [MESSAGE][PASSED] - Send request successfully

2021-05-30 15:40:50 - [MESSAGE][PASSED] - All links are accessible

2021-05-30 15:40:50 - [MESSAGE][PASSED] - Call Test Case 'Test Cases/Internal Test Cases/Successful Login' successfully

2021-05-30 15:40:50 - [TEST_STEP][PASSED] - for ([rowNum = 1, rowNum <= findTestData("Internal/Internal Username").getRowNumbers(), (rowNum++)]): Object: 'Object Repository/Account Setting/Page_TEST CHANNEL - TEAM NAME Mattermost/button_Close' is clicked on

2021-05-30 15:40:50 - [TEST_STEP][PASSED] - click(findTestObject("Object Repository/Account Setting/Page_TEST CHANNEL - TEAM NAME Mattermost/span")): Object: 'Object Repository/Account Setting/Page_TEST CHANNEL - TEAM NAME Mattermost/span' is clicked on

2021-05-30 15:40:51 - [MESSAGE][PASSED] - Object: 'Object Repository/Account Setting/Page_TEST CHANNEL - TEAM NAME Mattermost/span' is clicked on

2021-05-30 15:40:51 - [TEST_STEP][PASSED] - click(findTestObject("Object Repository/Account Setting/Page_TEST CHANNEL - TEAM NAME Mattermost/button_Account Settings")): Object: 'Object Repository/Account Setting/Page_TEST CHANNEL - TEAM NAME Mattermost/button_Account Settings' is clicked on

2021-05-30 15:40:52 - [MESSAGE][PASSED] - Object: 'Object Repository/Account Setting/Page_TEST CHANNEL - TEAM NAME Mattermost/button_Account Settings' is clicked on

2021-05-30 15:40:52 - [TEST_STEP][PASSED] - click(findTestObject("Object Repository/Account Setting/Page_TEST CHANNEL - TEAM NAME Mattermost/span_Edit")): Object: 'Object Repository/Account Setting/Page_TEST CHANNEL - TEAM NAME Mattermost/span_Edit' is clicked on

2021-05-30 15:40:52 - [MESSAGE][PASSED] - Object: 'Object Repository/Account Setting/Page_TEST CHANNEL - TEAM NAME Mattermost/span_Edit' is clicked on

2021-05-30 15:40:52 - [TEST_STEP][PASSED] - click(findTestObject("Object Repository/Account Setting/Page_TEST CHANNEL - TEAM NAME Mattermost/div_Username_col-sm-7")): Object: 'Object Repository/Account Setting/Page_TEST CHANNEL - TEAM NAME Mattermost/div_Username_col-sm-7' is clicked on

2021-05-30 15:40:53 - [MESSAGE][PASSED] - Object: 'Object Repository/Account Setting/Page_TEST CHANNEL - TEAM NAME Mattermost/div_Username_col-sm-7' is clicked on

2021-05-30 15:40:53 - [TEST_STEP][PASSED] - setText(findTestObject("Object Repository/Account Setting/Page_TEST CHANNEL - TEAM NAME Mattermost/input_Username_username"), findTestData("Internal/Internal Username").getValue(1, rowNum)): Text 'Minhvu' is set on object 'Object Repository/Account Setting/Page_TEST CHANNEL - TEAM NAME Mattermost/input_Username_username'

2021-05-30 15:41:24 - [MESSAGE][INFO] - Unable to find the element located by 'By.xpath: //input[@id='username']'. Please recheck the objects properties to make sure the desired element is located. 

2021-05-30 15:41:24 - [MESSAGE][WARNING] - [SELF-HEALING] Failed to find element with id 'Object Repository/Account Setting/Page_TEST CHANNEL - TEAM NAME Mattermost/input_Username_username'. Try using Self-healing.

2021-05-30 15:41:24 - [MESSAGE][WARNING] - [SELF-HEALING] The current locator of test object 'Object Repository/Account Setting/Page_TEST CHANNEL - TEAM NAME Mattermost/input_Username_username' was broken. Propose an alternative one: '//div[@id='generalSettings']/div[2]/section/div/div/div/div/div/input'.

2021-05-30 15:41:55 - [MESSAGE][INFO] - Unable to find the element located by 'By.xpath: //input[@id='username']'. Please recheck the objects properties to make sure the desired element is located. 

2021-05-30 15:41:55 - [MESSAGE][WARNING] - [SELF-HEALING] Failed to find element with id 'Object Repository/Account Setting/Page_TEST CHANNEL - TEAM NAME Mattermost/input_Username_username'. Try using Self-healing.

2021-05-30 15:41:56 - [MESSAGE][WARNING] - [SELF-HEALING] The current locator of test object 'Object Repository/Account Setting/Page_TEST CHANNEL - TEAM NAME Mattermost/input_Username_username' was broken. Propose an alternative one: '//div[@id='generalSettings']/div[2]/section/div/div/div/div/div/input'.

2021-05-30 15:41:56 - [MESSAGE][PASSED] - Text 'Minhvu' is set on object 'Object Repository/Account Setting/Page_TEST CHANNEL - TEAM NAME Mattermost/input_Username_username'

2021-05-30 15:41:56 - [TEST_STEP][PASSED] - click(findTestObject("Object Repository/Account Setting/Page_TEST CHANNEL - TEAM NAME Mattermost/button_Save")): Object: 'Object Repository/Account Setting/Page_TEST CHANNEL - TEAM NAME Mattermost/button_Save' is clicked on

2021-05-30 15:41:56 - [MESSAGE][PASSED] - Object: 'Object Repository/Account Setting/Page_TEST CHANNEL - TEAM NAME Mattermost/button_Save' is clicked on

2021-05-30 15:41:56 - [TEST_STEP][PASSED] - click(findTestObject("Object Repository/Account Setting/Page_TEST CHANNEL - TEAM NAME Mattermost/button_Close")): Object: 'Object Repository/Account Setting/Page_TEST CHANNEL - TEAM NAME Mattermost/button_Close' is clicked on

2021-05-30 15:41:57 - [MESSAGE][PASSED] - Object: 'Object Repository/Account Setting/Page_TEST CHANNEL - TEAM NAME Mattermost/button_Close' is clicked on

2021-05-30 15:41:57 - [TEST_STEP][PASSED] - click(findTestObject("Object Repository/Account Setting/Page_TEST CHANNEL - TEAM NAME Mattermost/span")): Object: 'Object Repository/Account Setting/Page_TEST CHANNEL - TEAM NAME Mattermost/span' is clicked on

2021-05-30 15:41:57 - [MESSAGE][PASSED] - Object: 'Object Repository/Account Setting/Page_TEST CHANNEL - TEAM NAME Mattermost/span' is clicked on

2021-05-30 15:41:57 - [TEST_STEP][PASSED] - click(findTestObject("Object Repository/Account Setting/Page_TEST CHANNEL - TEAM NAME Mattermost/button_Account Settings")): Object: 'Object Repository/Account Setting/Page_TEST CHANNEL - TEAM NAME Mattermost/button_Account Settings' is clicked on

2021-05-30 15:41:58 - [MESSAGE][PASSED] - Object: 'Object Repository/Account Setting/Page_TEST CHANNEL - TEAM NAME Mattermost/button_Account Settings' is clicked on

2021-05-30 15:41:58 - [TEST_STEP][PASSED] - click(findTestObject("Object Repository/Account Setting/Page_TEST CHANNEL - TEAM NAME Mattermost/span_Edit")): Object: 'Object Repository/Account Setting/Page_TEST CHANNEL - TEAM NAME Mattermost/span_Edit' is clicked on

2021-05-30 15:41:58 - [MESSAGE][PASSED] - Object: 'Object Repository/Account Setting/Page_TEST CHANNEL - TEAM NAME Mattermost/span_Edit' is clicked on

2021-05-30 15:41:58 - [TEST_STEP][PASSED] - click(findTestObject("Object Repository/Account Setting/Page_TEST CHANNEL - TEAM NAME Mattermost/div_Username_col-sm-7")): Object: 'Object Repository/Account Setting/Page_TEST CHANNEL - TEAM NAME Mattermost/div_Username_col-sm-7' is clicked on

2021-05-30 15:41:59 - [MESSAGE][PASSED] - Object: 'Object Repository/Account Setting/Page_TEST CHANNEL - TEAM NAME Mattermost/div_Username_col-sm-7' is clicked on

2021-05-30 15:41:59 - [TEST_STEP][PASSED] - setText(findTestObject("Object Repository/Account Setting/Page_TEST CHANNEL - TEAM NAME Mattermost/input_Username_username"), findTestData("Internal/Internal Username").getValue(1, rowNum)): Text 'ThoTuan' is set on object 'Object Repository/Account Setting/Page_TEST CHANNEL - TEAM NAME Mattermost/input_Username_username'

2021-05-30 15:42:30 - [MESSAGE][INFO] - Unable to find the element located by 'By.xpath: //input[@id='username']'. Please recheck the objects properties to make sure the desired element is located. 

2021-05-30 15:42:30 - [MESSAGE][WARNING] - [SELF-HEALING] Failed to find element with id 'Object Repository/Account Setting/Page_TEST CHANNEL - TEAM NAME Mattermost/input_Username_username'. Try using Self-healing.

2021-05-30 15:42:30 - [MESSAGE][WARNING] - [SELF-HEALING] The current locator of test object 'Object Repository/Account Setting/Page_TEST CHANNEL - TEAM NAME Mattermost/input_Username_username' was broken. Propose an alternative one: '//div[@id='generalSettings']/div[2]/section/div/div/div/div/div/input'.

2021-05-30 15:43:01 - [MESSAGE][INFO] - Unable to find the element located by 'By.xpath: //input[@id='username']'. Please recheck the objects properties to make sure the desired element is located. 

2021-05-30 15:43:01 - [MESSAGE][WARNING] - [SELF-HEALING] Failed to find element with id 'Object Repository/Account Setting/Page_TEST CHANNEL - TEAM NAME Mattermost/input_Username_username'. Try using Self-healing.

2021-05-30 15:43:01 - [MESSAGE][WARNING] - [SELF-HEALING] The current locator of test object 'Object Repository/Account Setting/Page_TEST CHANNEL - TEAM NAME Mattermost/input_Username_username' was broken. Propose an alternative one: '//div[@id='generalSettings']/div[2]/section/div/div/div/div/div/input'.

2021-05-30 15:43:01 - [MESSAGE][PASSED] - Text 'ThoTuan' is set on object 'Object Repository/Account Setting/Page_TEST CHANNEL - TEAM NAME Mattermost/input_Username_username'

2021-05-30 15:43:01 - [TEST_STEP][PASSED] - click(findTestObject("Object Repository/Account Setting/Page_TEST CHANNEL - TEAM NAME Mattermost/button_Save")): Object: 'Object Repository/Account Setting/Page_TEST CHANNEL - TEAM NAME Mattermost/button_Save' is clicked on

2021-05-30 15:43:02 - [MESSAGE][PASSED] - Object: 'Object Repository/Account Setting/Page_TEST CHANNEL - TEAM NAME Mattermost/button_Save' is clicked on

2021-05-30 15:43:02 - [TEST_STEP][PASSED] - click(findTestObject("Object Repository/Account Setting/Page_TEST CHANNEL - TEAM NAME Mattermost/button_Close")): Object: 'Object Repository/Account Setting/Page_TEST CHANNEL - TEAM NAME Mattermost/button_Close' is clicked on

2021-05-30 15:43:02 - [MESSAGE][PASSED] - Object: 'Object Repository/Account Setting/Page_TEST CHANNEL - TEAM NAME Mattermost/button_Close' is clicked on

2021-05-30 15:43:02 - [TEST_STEP][PASSED] - click(findTestObject("Object Repository/Account Setting/Page_TEST CHANNEL - TEAM NAME Mattermost/span")): Object: 'Object Repository/Account Setting/Page_TEST CHANNEL - TEAM NAME Mattermost/span' is clicked on

2021-05-30 15:43:03 - [MESSAGE][PASSED] - Object: 'Object Repository/Account Setting/Page_TEST CHANNEL - TEAM NAME Mattermost/span' is clicked on

2021-05-30 15:43:03 - [TEST_STEP][PASSED] - click(findTestObject("Object Repository/Account Setting/Page_TEST CHANNEL - TEAM NAME Mattermost/button_Account Settings")): Object: 'Object Repository/Account Setting/Page_TEST CHANNEL - TEAM NAME Mattermost/button_Account Settings' is clicked on

2021-05-30 15:43:03 - [MESSAGE][PASSED] - Object: 'Object Repository/Account Setting/Page_TEST CHANNEL - TEAM NAME Mattermost/button_Account Settings' is clicked on

2021-05-30 15:43:03 - [TEST_STEP][PASSED] - click(findTestObject("Object Repository/Account Setting/Page_TEST CHANNEL - TEAM NAME Mattermost/span_Edit")): Object: 'Object Repository/Account Setting/Page_TEST CHANNEL - TEAM NAME Mattermost/span_Edit' is clicked on

2021-05-30 15:43:04 - [MESSAGE][PASSED] - Object: 'Object Repository/Account Setting/Page_TEST CHANNEL - TEAM NAME Mattermost/span_Edit' is clicked on

2021-05-30 15:43:04 - [TEST_STEP][PASSED] - click(findTestObject("Object Repository/Account Setting/Page_TEST CHANNEL - TEAM NAME Mattermost/div_Username_col-sm-7")): Object: 'Object Repository/Account Setting/Page_TEST CHANNEL - TEAM NAME Mattermost/div_Username_col-sm-7' is clicked on

2021-05-30 15:43:04 - [MESSAGE][PASSED] - Object: 'Object Repository/Account Setting/Page_TEST CHANNEL - TEAM NAME Mattermost/div_Username_col-sm-7' is clicked on

2021-05-30 15:43:04 - [TEST_STEP][PASSED] - setText(findTestObject("Object Repository/Account Setting/Page_TEST CHANNEL - TEAM NAME Mattermost/input_Username_username"), findTestData("Internal/Internal Username").getValue(1, rowNum)): Text 'ChauTuan' is set on object 'Object Repository/Account Setting/Page_TEST CHANNEL - TEAM NAME Mattermost/input_Username_username'

2021-05-30 15:43:35 - [MESSAGE][INFO] - Unable to find the element located by 'By.xpath: //input[@id='username']'. Please recheck the objects properties to make sure the desired element is located. 

2021-05-30 15:43:35 - [MESSAGE][WARNING] - [SELF-HEALING] Failed to find element with id 'Object Repository/Account Setting/Page_TEST CHANNEL - TEAM NAME Mattermost/input_Username_username'. Try using Self-healing.

2021-05-30 15:43:36 - [MESSAGE][WARNING] - [SELF-HEALING] The current locator of test object 'Object Repository/Account Setting/Page_TEST CHANNEL - TEAM NAME Mattermost/input_Username_username' was broken. Propose an alternative one: '//div[@id='generalSettings']/div[2]/section/div/div/div/div/div/input'.

2021-05-30 15:44:07 - [MESSAGE][INFO] - Unable to find the element located by 'By.xpath: //input[@id='username']'. Please recheck the objects properties to make sure the desired element is located. 

2021-05-30 15:44:07 - [MESSAGE][WARNING] - [SELF-HEALING] Failed to find element with id 'Object Repository/Account Setting/Page_TEST CHANNEL - TEAM NAME Mattermost/input_Username_username'. Try using Self-healing.

2021-05-30 15:44:07 - [MESSAGE][WARNING] - [SELF-HEALING] The current locator of test object 'Object Repository/Account Setting/Page_TEST CHANNEL - TEAM NAME Mattermost/input_Username_username' was broken. Propose an alternative one: '//div[@id='generalSettings']/div[2]/section/div/div/div/div/div/input'.

2021-05-30 15:44:07 - [MESSAGE][PASSED] - Text 'ChauTuan' is set on object 'Object Repository/Account Setting/Page_TEST CHANNEL - TEAM NAME Mattermost/input_Username_username'

2021-05-30 15:44:07 - [TEST_STEP][PASSED] - click(findTestObject("Object Repository/Account Setting/Page_TEST CHANNEL - TEAM NAME Mattermost/button_Save")): Object: 'Object Repository/Account Setting/Page_TEST CHANNEL - TEAM NAME Mattermost/button_Save' is clicked on

2021-05-30 15:44:07 - [MESSAGE][PASSED] - Object: 'Object Repository/Account Setting/Page_TEST CHANNEL - TEAM NAME Mattermost/button_Save' is clicked on

2021-05-30 15:44:07 - [TEST_STEP][PASSED] - click(findTestObject("Object Repository/Account Setting/Page_TEST CHANNEL - TEAM NAME Mattermost/button_Close")): Object: 'Object Repository/Account Setting/Page_TEST CHANNEL - TEAM NAME Mattermost/button_Close' is clicked on

2021-05-30 15:44:08 - [MESSAGE][PASSED] - Object: 'Object Repository/Account Setting/Page_TEST CHANNEL - TEAM NAME Mattermost/button_Close' is clicked on

2021-05-30 15:44:08 - [TEST_STEP][PASSED] - click(findTestObject("Object Repository/Account Setting/Page_TEST CHANNEL - TEAM NAME Mattermost/span")): Object: 'Object Repository/Account Setting/Page_TEST CHANNEL - TEAM NAME Mattermost/span' is clicked on

2021-05-30 15:44:08 - [MESSAGE][PASSED] - Object: 'Object Repository/Account Setting/Page_TEST CHANNEL - TEAM NAME Mattermost/span' is clicked on

2021-05-30 15:44:08 - [TEST_STEP][PASSED] - click(findTestObject("Object Repository/Account Setting/Page_TEST CHANNEL - TEAM NAME Mattermost/button_Account Settings")): Object: 'Object Repository/Account Setting/Page_TEST CHANNEL - TEAM NAME Mattermost/button_Account Settings' is clicked on

2021-05-30 15:44:09 - [MESSAGE][PASSED] - Object: 'Object Repository/Account Setting/Page_TEST CHANNEL - TEAM NAME Mattermost/button_Account Settings' is clicked on

2021-05-30 15:44:09 - [TEST_STEP][PASSED] - click(findTestObject("Object Repository/Account Setting/Page_TEST CHANNEL - TEAM NAME Mattermost/span_Edit")): Object: 'Object Repository/Account Setting/Page_TEST CHANNEL - TEAM NAME Mattermost/span_Edit' is clicked on

2021-05-30 15:44:10 - [MESSAGE][PASSED] - Object: 'Object Repository/Account Setting/Page_TEST CHANNEL - TEAM NAME Mattermost/span_Edit' is clicked on

2021-05-30 15:44:10 - [TEST_STEP][PASSED] - click(findTestObject("Object Repository/Account Setting/Page_TEST CHANNEL - TEAM NAME Mattermost/div_Username_col-sm-7")): Object: 'Object Repository/Account Setting/Page_TEST CHANNEL - TEAM NAME Mattermost/div_Username_col-sm-7' is clicked on

2021-05-30 15:44:10 - [MESSAGE][PASSED] - Object: 'Object Repository/Account Setting/Page_TEST CHANNEL - TEAM NAME Mattermost/div_Username_col-sm-7' is clicked on

2021-05-30 15:44:10 - [TEST_STEP][PASSED] - setText(findTestObject("Object Repository/Account Setting/Page_TEST CHANNEL - TEAM NAME Mattermost/input_Username_username"), findTestData("Internal/Internal Username").getValue(1, rowNum)): Text 'ThanhTung' is set on object 'Object Repository/Account Setting/Page_TEST CHANNEL - TEAM NAME Mattermost/input_Username_username'

2021-05-30 15:44:41 - [MESSAGE][INFO] - Unable to find the element located by 'By.xpath: //input[@id='username']'. Please recheck the objects properties to make sure the desired element is located. 

2021-05-30 15:44:41 - [MESSAGE][WARNING] - [SELF-HEALING] Failed to find element with id 'Object Repository/Account Setting/Page_TEST CHANNEL - TEAM NAME Mattermost/input_Username_username'. Try using Self-healing.

2021-05-30 15:44:41 - [MESSAGE][WARNING] - [SELF-HEALING] The current locator of test object 'Object Repository/Account Setting/Page_TEST CHANNEL - TEAM NAME Mattermost/input_Username_username' was broken. Propose an alternative one: '//div[@id='generalSettings']/div[2]/section/div/div/div/div/div/input'.

2021-05-30 15:45:13 - [MESSAGE][INFO] - Unable to find the element located by 'By.xpath: //input[@id='username']'. Please recheck the objects properties to make sure the desired element is located. 

2021-05-30 15:45:13 - [MESSAGE][WARNING] - [SELF-HEALING] Failed to find element with id 'Object Repository/Account Setting/Page_TEST CHANNEL - TEAM NAME Mattermost/input_Username_username'. Try using Self-healing.

2021-05-30 15:45:13 - [MESSAGE][WARNING] - [SELF-HEALING] The current locator of test object 'Object Repository/Account Setting/Page_TEST CHANNEL - TEAM NAME Mattermost/input_Username_username' was broken. Propose an alternative one: '//div[@id='generalSettings']/div[2]/section/div/div/div/div/div/input'.

2021-05-30 15:45:13 - [MESSAGE][PASSED] - Text 'ThanhTung' is set on object 'Object Repository/Account Setting/Page_TEST CHANNEL - TEAM NAME Mattermost/input_Username_username'

2021-05-30 15:45:13 - [TEST_STEP][PASSED] - click(findTestObject("Object Repository/Account Setting/Page_TEST CHANNEL - TEAM NAME Mattermost/button_Save")): Object: 'Object Repository/Account Setting/Page_TEST CHANNEL - TEAM NAME Mattermost/button_Save' is clicked on

2021-05-30 15:45:13 - [MESSAGE][PASSED] - Object: 'Object Repository/Account Setting/Page_TEST CHANNEL - TEAM NAME Mattermost/button_Save' is clicked on

2021-05-30 15:45:13 - [TEST_STEP][PASSED] - click(findTestObject("Object Repository/Account Setting/Page_TEST CHANNEL - TEAM NAME Mattermost/button_Close")): Object: 'Object Repository/Account Setting/Page_TEST CHANNEL - TEAM NAME Mattermost/button_Close' is clicked on

2021-05-30 15:45:14 - [MESSAGE][PASSED] - Object: 'Object Repository/Account Setting/Page_TEST CHANNEL - TEAM NAME Mattermost/button_Close' is clicked on

2021-05-30 15:45:14 - [TEST_STEP][PASSED] - click(findTestObject("Object Repository/Account Setting/Page_TEST CHANNEL - TEAM NAME Mattermost/span")): Object: 'Object Repository/Account Setting/Page_TEST CHANNEL - TEAM NAME Mattermost/span' is clicked on

2021-05-30 15:45:14 - [MESSAGE][PASSED] - Object: 'Object Repository/Account Setting/Page_TEST CHANNEL - TEAM NAME Mattermost/span' is clicked on

2021-05-30 15:45:14 - [TEST_STEP][PASSED] - click(findTestObject("Object Repository/Account Setting/Page_TEST CHANNEL - TEAM NAME Mattermost/button_Account Settings")): Object: 'Object Repository/Account Setting/Page_TEST CHANNEL - TEAM NAME Mattermost/button_Account Settings' is clicked on

2021-05-30 15:45:15 - [MESSAGE][PASSED] - Object: 'Object Repository/Account Setting/Page_TEST CHANNEL - TEAM NAME Mattermost/button_Account Settings' is clicked on

2021-05-30 15:45:15 - [TEST_STEP][PASSED] - click(findTestObject("Object Repository/Account Setting/Page_TEST CHANNEL - TEAM NAME Mattermost/span_Edit")): Object: 'Object Repository/Account Setting/Page_TEST CHANNEL - TEAM NAME Mattermost/span_Edit' is clicked on

2021-05-30 15:45:15 - [MESSAGE][PASSED] - Object: 'Object Repository/Account Setting/Page_TEST CHANNEL - TEAM NAME Mattermost/span_Edit' is clicked on

2021-05-30 15:45:15 - [TEST_STEP][PASSED] - click(findTestObject("Object Repository/Account Setting/Page_TEST CHANNEL - TEAM NAME Mattermost/div_Username_col-sm-7")): Object: 'Object Repository/Account Setting/Page_TEST CHANNEL - TEAM NAME Mattermost/div_Username_col-sm-7' is clicked on

2021-05-30 15:45:16 - [MESSAGE][PASSED] - Object: 'Object Repository/Account Setting/Page_TEST CHANNEL - TEAM NAME Mattermost/div_Username_col-sm-7' is clicked on

2021-05-30 15:45:16 - [TEST_STEP][PASSED] - setText(findTestObject("Object Repository/Account Setting/Page_TEST CHANNEL - TEAM NAME Mattermost/input_Username_username"), findTestData("Internal/Internal Username").getValue(1, rowNum)): Text 'nguyenvanb' is set on object 'Object Repository/Account Setting/Page_TEST CHANNEL - TEAM NAME Mattermost/input_Username_username'

2021-05-30 15:45:47 - [MESSAGE][INFO] - Unable to find the element located by 'By.xpath: //input[@id='username']'. Please recheck the objects properties to make sure the desired element is located. 

2021-05-30 15:45:47 - [MESSAGE][WARNING] - [SELF-HEALING] Failed to find element with id 'Object Repository/Account Setting/Page_TEST CHANNEL - TEAM NAME Mattermost/input_Username_username'. Try using Self-healing.

2021-05-30 15:45:47 - [MESSAGE][WARNING] - [SELF-HEALING] The current locator of test object 'Object Repository/Account Setting/Page_TEST CHANNEL - TEAM NAME Mattermost/input_Username_username' was broken. Propose an alternative one: '//div[@id='generalSettings']/div[2]/section/div/div/div/div/div/input'.

2021-05-30 15:46:18 - [MESSAGE][INFO] - Unable to find the element located by 'By.xpath: //input[@id='username']'. Please recheck the objects properties to make sure the desired element is located. 

2021-05-30 15:46:18 - [MESSAGE][WARNING] - [SELF-HEALING] Failed to find element with id 'Object Repository/Account Setting/Page_TEST CHANNEL - TEAM NAME Mattermost/input_Username_username'. Try using Self-healing.

2021-05-30 15:46:19 - [MESSAGE][WARNING] - [SELF-HEALING] The current locator of test object 'Object Repository/Account Setting/Page_TEST CHANNEL - TEAM NAME Mattermost/input_Username_username' was broken. Propose an alternative one: '//div[@id='generalSettings']/div[2]/section/div/div/div/div/div/input'.

2021-05-30 15:46:19 - [MESSAGE][PASSED] - Text 'nguyenvanb' is set on object 'Object Repository/Account Setting/Page_TEST CHANNEL - TEAM NAME Mattermost/input_Username_username'

2021-05-30 15:46:19 - [TEST_STEP][PASSED] - click(findTestObject("Object Repository/Account Setting/Page_TEST CHANNEL - TEAM NAME Mattermost/button_Save")): Object: 'Object Repository/Account Setting/Page_TEST CHANNEL - TEAM NAME Mattermost/button_Save' is clicked on

2021-05-30 15:46:19 - [MESSAGE][PASSED] - Object: 'Object Repository/Account Setting/Page_TEST CHANNEL - TEAM NAME Mattermost/button_Save' is clicked on

2021-05-30 15:46:19 - [TEST_STEP][PASSED] - click(findTestObject("Object Repository/Account Setting/Page_TEST CHANNEL - TEAM NAME Mattermost/button_Close")): Object: 'Object Repository/Account Setting/Page_TEST CHANNEL - TEAM NAME Mattermost/button_Close' is clicked on

2021-05-30 15:46:20 - [MESSAGE][PASSED] - Object: 'Object Repository/Account Setting/Page_TEST CHANNEL - TEAM NAME Mattermost/button_Close' is clicked on

2021-05-30 15:46:20 - [TEST_STEP][PASSED] - closeBrowser(): Browser is closed

2021-05-30 15:46:20 - [MESSAGE][PASSED] - Browser is closed]]></system-out>
         <system-err><![CDATA[]]></system-err>
      </testcase>
      <testcase name="Test Cases/Internal Test Cases/FindChanelFailed" time="12.608" classname="Test Cases/Internal Test Cases/FindChanelFailed" status="PASSED">
         <system-out><![CDATA[2021-05-30 15:46:20 - [TEST_CASE][PASSED] - Test Cases/Internal Test Cases/FindChanelFailed: Test Cases/Internal Test Cases/FindChanelFailed

2021-05-30 15:46:21 - [TEST_STEP][PASSED] - callTestCase(findTestCase("Internal Test Cases/Successful Login"), ["Username":"", "Password":""], STOP_ON_FAILURE): Call Test Case 'Test Cases/Internal Test Cases/Successful Login' successfully

2021-05-30 15:46:21 - [TEST_CASE][PASSED] - Test Cases/Internal Test Cases/Successful Login: Test Cases/Internal Test Cases/Successful Login

2021-05-30 15:46:21 - [TEST_STEP][PASSED] - openBrowser(""): Browser is opened with url: ''

2021-05-30 15:46:21 - [MESSAGE][INFO] - Starting 'Chrome' driver

2021-05-30 15:46:21 - [MESSAGE][INFO] - Action delay is set to 0 milliseconds

2021-05-30 15:46:22 - [MESSAGE][PASSED] - Browser is opened with url: ''

2021-05-30 15:46:22 - [TEST_STEP][PASSED] - navigateToUrl("https://chudenangcao2021.cf/"): Navigate to 'https://chudenangcao2021.cf/' successfully

2021-05-30 15:46:23 - [MESSAGE][PASSED] - Navigate to 'https://chudenangcao2021.cf/' successfully

2021-05-30 15:46:23 - [TEST_STEP][PASSED] - setText(findTestObject("Object Repository/Page_Mattermost/input_All team communication in one place, _dcc84b"), findTestData("Internal/Internal Login Data").getValue(1, 1)): Text 'nguyenvanb' is set on object 'Object Repository/Page_Mattermost/input_All team communication in one place, _dcc84b'

2021-05-30 15:46:24 - [MESSAGE][PASSED] - Text 'nguyenvanb' is set on object 'Object Repository/Page_Mattermost/input_All team communication in one place, _dcc84b'

2021-05-30 15:46:24 - [TEST_STEP][PASSED] - setEncryptedText(findTestObject("Object Repository/Page_Mattermost/input_All team communication in one place, _a3edc6"), findTestData("Internal/Internal Login Data").getValue(2, 1)): Text ****** has been set on object 'Object Repository/Page_Mattermost/input_All team communication in one place, _a3edc6'

2021-05-30 15:46:25 - [MESSAGE][PASSED] - Text ****** has been set on object 'Object Repository/Page_Mattermost/input_All team communication in one place, _a3edc6'

2021-05-30 15:46:25 - [TEST_STEP][PASSED] - click(findTestObject("Object Repository/Page_Mattermost/button_Sign in")): Object: 'Object Repository/Page_Mattermost/button_Sign in' is clicked on

2021-05-30 15:46:25 - [MESSAGE][PASSED] - Object: 'Object Repository/Page_Mattermost/button_Sign in' is clicked on

2021-05-30 15:46:25 - [TEST_STEP][PASSED] - verifyLinksAccessible(["https://chudenangcao2021.cf/cdnc-cnpm-2021/channels"]): All links are accessible

2021-05-30 15:46:26 - [MESSAGE][INFO] - HAR: C:\Users\nttuan\Downloads\CDNC\mattermost-testing\Reports\20210530_152827\Run all test cases\20210530_152827\requests\main\44.har

2021-05-30 15:46:26 - [MESSAGE][PASSED] - Send request successfully

2021-05-30 15:46:26 - [MESSAGE][PASSED] - All links are accessible

2021-05-30 15:46:26 - [MESSAGE][PASSED] - Call Test Case 'Test Cases/Internal Test Cases/Successful Login' successfully

2021-05-30 15:46:26 - [TEST_STEP][PASSED] - click(findTestObject("Object Repository/Page_Town Square - TEAM NAME Mattermost/span_Find channel")): Object: 'Object Repository/Page_Town Square - TEAM NAME Mattermost/span_Find channel' is clicked on

2021-05-30 15:46:27 - [MESSAGE][PASSED] - Object: 'Object Repository/Page_Town Square - TEAM NAME Mattermost/span_Find channel' is clicked on

2021-05-30 15:46:27 - [TEST_STEP][PASSED] - for ([rowNum = 1, rowNum <= findTestData("Internal/Internal Name Channel Fail").getRowNumbers(), (rowNum++)]): Text 'Nhom5' is set on object 'Object Repository/Page_Town Square - TEAM NAME Mattermost/input_ESC_quickSwitchInput'

2021-05-30 15:46:27 - [TEST_STEP][PASSED] - setText(findTestObject("Page_Town Square - TEAM NAME Mattermost/input_ESC_quickSwitchInput"), findTestData("Internal/Internal Name Channel Fail").getValue(1, rowNum)): Text 'Nhom1' is set on object 'Object Repository/Page_Town Square - TEAM NAME Mattermost/input_ESC_quickSwitchInput'

2021-05-30 15:46:28 - [MESSAGE][PASSED] - Text 'Nhom1' is set on object 'Object Repository/Page_Town Square - TEAM NAME Mattermost/input_ESC_quickSwitchInput'

2021-05-30 15:46:28 - [TEST_STEP][PASSED] - setText(findTestObject("Page_Town Square - TEAM NAME Mattermost/input_ESC_quickSwitchInput"), findTestData("Internal/Internal Name Channel Fail").getValue(1, rowNum)): Text 'Nhom2' is set on object 'Object Repository/Page_Town Square - TEAM NAME Mattermost/input_ESC_quickSwitchInput'

2021-05-30 15:46:29 - [MESSAGE][PASSED] - Text 'Nhom2' is set on object 'Object Repository/Page_Town Square - TEAM NAME Mattermost/input_ESC_quickSwitchInput'

2021-05-30 15:46:29 - [TEST_STEP][PASSED] - setText(findTestObject("Page_Town Square - TEAM NAME Mattermost/input_ESC_quickSwitchInput"), findTestData("Internal/Internal Name Channel Fail").getValue(1, rowNum)): Text 'Nhom3' is set on object 'Object Repository/Page_Town Square - TEAM NAME Mattermost/input_ESC_quickSwitchInput'

2021-05-30 15:46:30 - [MESSAGE][PASSED] - Text 'Nhom3' is set on object 'Object Repository/Page_Town Square - TEAM NAME Mattermost/input_ESC_quickSwitchInput'

2021-05-30 15:46:30 - [TEST_STEP][PASSED] - setText(findTestObject("Page_Town Square - TEAM NAME Mattermost/input_ESC_quickSwitchInput"), findTestData("Internal/Internal Name Channel Fail").getValue(1, rowNum)): Text 'Nhom4' is set on object 'Object Repository/Page_Town Square - TEAM NAME Mattermost/input_ESC_quickSwitchInput'

2021-05-30 15:46:30 - [MESSAGE][PASSED] - Text 'Nhom4' is set on object 'Object Repository/Page_Town Square - TEAM NAME Mattermost/input_ESC_quickSwitchInput'

2021-05-30 15:46:30 - [TEST_STEP][PASSED] - setText(findTestObject("Page_Town Square - TEAM NAME Mattermost/input_ESC_quickSwitchInput"), findTestData("Internal/Internal Name Channel Fail").getValue(1, rowNum)): Text 'Nhom5' is set on object 'Object Repository/Page_Town Square - TEAM NAME Mattermost/input_ESC_quickSwitchInput'

2021-05-30 15:46:31 - [MESSAGE][PASSED] - Text 'Nhom5' is set on object 'Object Repository/Page_Town Square - TEAM NAME Mattermost/input_ESC_quickSwitchInput'

2021-05-30 15:46:31 - [TEST_STEP][PASSED] - verifyTextPresent("Check the spelling or try another search", false): Text 'Check the spelling or try another search' is present on page 

2021-05-30 15:46:32 - [MESSAGE][PASSED] - Text 'Check the spelling or try another search' is present on page 

2021-05-30 15:46:32 - [TEST_STEP][PASSED] - closeBrowser(): Browser is closed

2021-05-30 15:46:33 - [MESSAGE][PASSED] - Browser is closed]]></system-out>
         <system-err><![CDATA[]]></system-err>
      </testcase>
      <testcase name="Test Cases/Internal Test Cases/FindChanelSuccess" time="11.27" classname="Test Cases/Internal Test Cases/FindChanelSuccess" status="PASSED">
         <system-out><![CDATA[2021-05-30 15:46:33 - [TEST_CASE][PASSED] - Test Cases/Internal Test Cases/FindChanelSuccess: Test Cases/Internal Test Cases/FindChanelSuccess

2021-05-30 15:46:33 - [TEST_STEP][PASSED] - callTestCase(findTestCase("Internal Test Cases/Successful Login"), ["Username":"", "Password":""], STOP_ON_FAILURE): Call Test Case 'Test Cases/Internal Test Cases/Successful Login' successfully

2021-05-30 15:46:33 - [TEST_CASE][PASSED] - Test Cases/Internal Test Cases/Successful Login: Test Cases/Internal Test Cases/Successful Login

2021-05-30 15:46:33 - [TEST_STEP][PASSED] - openBrowser(""): Browser is opened with url: ''

2021-05-30 15:46:33 - [MESSAGE][INFO] - Starting 'Chrome' driver

2021-05-30 15:46:33 - [MESSAGE][INFO] - Action delay is set to 0 milliseconds

2021-05-30 15:46:35 - [MESSAGE][PASSED] - Browser is opened with url: ''

2021-05-30 15:46:35 - [TEST_STEP][PASSED] - navigateToUrl("https://chudenangcao2021.cf/"): Navigate to 'https://chudenangcao2021.cf/' successfully

2021-05-30 15:46:35 - [MESSAGE][PASSED] - Navigate to 'https://chudenangcao2021.cf/' successfully

2021-05-30 15:46:35 - [TEST_STEP][PASSED] - setText(findTestObject("Object Repository/Page_Mattermost/input_All team communication in one place, _dcc84b"), findTestData("Internal/Internal Login Data").getValue(1, 1)): Text 'nguyenvanb' is set on object 'Object Repository/Page_Mattermost/input_All team communication in one place, _dcc84b'

2021-05-30 15:46:36 - [MESSAGE][PASSED] - Text 'nguyenvanb' is set on object 'Object Repository/Page_Mattermost/input_All team communication in one place, _dcc84b'

2021-05-30 15:46:36 - [TEST_STEP][PASSED] - setEncryptedText(findTestObject("Object Repository/Page_Mattermost/input_All team communication in one place, _a3edc6"), findTestData("Internal/Internal Login Data").getValue(2, 1)): Text ****** has been set on object 'Object Repository/Page_Mattermost/input_All team communication in one place, _a3edc6'

2021-05-30 15:46:37 - [MESSAGE][PASSED] - Text ****** has been set on object 'Object Repository/Page_Mattermost/input_All team communication in one place, _a3edc6'

2021-05-30 15:46:37 - [TEST_STEP][PASSED] - click(findTestObject("Object Repository/Page_Mattermost/button_Sign in")): Object: 'Object Repository/Page_Mattermost/button_Sign in' is clicked on

2021-05-30 15:46:38 - [MESSAGE][PASSED] - Object: 'Object Repository/Page_Mattermost/button_Sign in' is clicked on

2021-05-30 15:46:38 - [TEST_STEP][PASSED] - verifyLinksAccessible(["https://chudenangcao2021.cf/cdnc-cnpm-2021/channels"]): All links are accessible

2021-05-30 15:46:38 - [MESSAGE][INFO] - HAR: C:\Users\nttuan\Downloads\CDNC\mattermost-testing\Reports\20210530_152827\Run all test cases\20210530_152827\requests\main\45.har

2021-05-30 15:46:38 - [MESSAGE][PASSED] - Send request successfully

2021-05-30 15:46:38 - [MESSAGE][PASSED] - All links are accessible

2021-05-30 15:46:38 - [MESSAGE][PASSED] - Call Test Case 'Test Cases/Internal Test Cases/Successful Login' successfully

2021-05-30 15:46:38 - [TEST_STEP][PASSED] - click(findTestObject("Object Repository/Find chanel/Page_span_Town Square - Team 1 Mattermost/span_Find channel")): Object: 'Object Repository/Find chanel/Page_span_Town Square - Team 1 Mattermost/span_Find channel' is clicked on

2021-05-30 15:46:39 - [MESSAGE][PASSED] - Object: 'Object Repository/Find chanel/Page_span_Town Square - Team 1 Mattermost/span_Find channel' is clicked on

2021-05-30 15:46:39 - [TEST_STEP][PASSED] - for ([rowNum = 1, rowNum <= findTestData("Internal/Internal Name Channel").getRowNumbers(), (rowNum++)]): Text 'new channel' is set on object 'Object Repository/Find chanel/Page_span_Town Square - Team 1 Mattermost/input_ESC_quickSwitchInput'

2021-05-30 15:46:39 - [TEST_STEP][PASSED] - setText(findTestObject("Object Repository/Find chanel/Page_span_Town Square - Team 1 Mattermost/input_ESC_quickSwitchInput"), findTestData("Internal/Internal Name Channel").getValue(1, rowNum)): Text 'Channel1' is set on object 'Object Repository/Find chanel/Page_span_Town Square - Team 1 Mattermost/input_ESC_quickSwitchInput'

2021-05-30 15:46:40 - [MESSAGE][PASSED] - Text 'Channel1' is set on object 'Object Repository/Find chanel/Page_span_Town Square - Team 1 Mattermost/input_ESC_quickSwitchInput'

2021-05-30 15:46:40 - [TEST_STEP][PASSED] - setText(findTestObject("Object Repository/Find chanel/Page_span_Town Square - Team 1 Mattermost/input_ESC_quickSwitchInput"), findTestData("Internal/Internal Name Channel").getValue(1, rowNum)): Text 'Channel2' is set on object 'Object Repository/Find chanel/Page_span_Town Square - Team 1 Mattermost/input_ESC_quickSwitchInput'

2021-05-30 15:46:41 - [MESSAGE][PASSED] - Text 'Channel2' is set on object 'Object Repository/Find chanel/Page_span_Town Square - Team 1 Mattermost/input_ESC_quickSwitchInput'

2021-05-30 15:46:41 - [TEST_STEP][PASSED] - setText(findTestObject("Object Repository/Find chanel/Page_span_Town Square - Team 1 Mattermost/input_ESC_quickSwitchInput"), findTestData("Internal/Internal Name Channel").getValue(1, rowNum)): Text 'channel3' is set on object 'Object Repository/Find chanel/Page_span_Town Square - Team 1 Mattermost/input_ESC_quickSwitchInput'

2021-05-30 15:46:42 - [MESSAGE][PASSED] - Text 'channel3' is set on object 'Object Repository/Find chanel/Page_span_Town Square - Team 1 Mattermost/input_ESC_quickSwitchInput'

2021-05-30 15:46:42 - [TEST_STEP][PASSED] - setText(findTestObject("Object Repository/Find chanel/Page_span_Town Square - Team 1 Mattermost/input_ESC_quickSwitchInput"), findTestData("Internal/Internal Name Channel").getValue(1, rowNum)): Text 'channel4' is set on object 'Object Repository/Find chanel/Page_span_Town Square - Team 1 Mattermost/input_ESC_quickSwitchInput'

2021-05-30 15:46:43 - [MESSAGE][PASSED] - Text 'channel4' is set on object 'Object Repository/Find chanel/Page_span_Town Square - Team 1 Mattermost/input_ESC_quickSwitchInput'

2021-05-30 15:46:43 - [TEST_STEP][PASSED] - setText(findTestObject("Object Repository/Find chanel/Page_span_Town Square - Team 1 Mattermost/input_ESC_quickSwitchInput"), findTestData("Internal/Internal Name Channel").getValue(1, rowNum)): Text 'new channel' is set on object 'Object Repository/Find chanel/Page_span_Town Square - Team 1 Mattermost/input_ESC_quickSwitchInput'

2021-05-30 15:46:44 - [MESSAGE][PASSED] - Text 'new channel' is set on object 'Object Repository/Find chanel/Page_span_Town Square - Team 1 Mattermost/input_ESC_quickSwitchInput'

2021-05-30 15:46:44 - [TEST_STEP][PASSED] - closeBrowser(): Browser is closed

2021-05-30 15:46:44 - [MESSAGE][PASSED] - Browser is closed]]></system-out>
         <system-err><![CDATA[]]></system-err>
      </testcase>
      <testcase name="Test Cases/Internal Test Cases/RenameChannel" time="25.777" classname="Test Cases/Internal Test Cases/RenameChannel" status="PASSED">
         <system-out><![CDATA[2021-05-30 15:46:44 - [TEST_CASE][PASSED] - Test Cases/Internal Test Cases/RenameChannel: Test Cases/Internal Test Cases/RenameChannel

2021-05-30 15:46:45 - [TEST_STEP][PASSED] - callTestCase(findTestCase("Internal Test Cases/Successful Login"), ["Username":"", "Password":""], STOP_ON_FAILURE): Call Test Case 'Test Cases/Internal Test Cases/Successful Login' successfully

2021-05-30 15:46:45 - [TEST_CASE][PASSED] - Test Cases/Internal Test Cases/Successful Login: Test Cases/Internal Test Cases/Successful Login

2021-05-30 15:46:45 - [TEST_STEP][PASSED] - openBrowser(""): Browser is opened with url: ''

2021-05-30 15:46:45 - [MESSAGE][INFO] - Starting 'Chrome' driver

2021-05-30 15:46:45 - [MESSAGE][INFO] - Action delay is set to 0 milliseconds

2021-05-30 15:46:46 - [MESSAGE][PASSED] - Browser is opened with url: ''

2021-05-30 15:46:46 - [TEST_STEP][PASSED] - navigateToUrl("https://chudenangcao2021.cf/"): Navigate to 'https://chudenangcao2021.cf/' successfully

2021-05-30 15:46:46 - [MESSAGE][PASSED] - Navigate to 'https://chudenangcao2021.cf/' successfully

2021-05-30 15:46:46 - [TEST_STEP][PASSED] - setText(findTestObject("Object Repository/Page_Mattermost/input_All team communication in one place, _dcc84b"), findTestData("Internal/Internal Login Data").getValue(1, 1)): Text 'nguyenvanb' is set on object 'Object Repository/Page_Mattermost/input_All team communication in one place, _dcc84b'

2021-05-30 15:46:48 - [MESSAGE][PASSED] - Text 'nguyenvanb' is set on object 'Object Repository/Page_Mattermost/input_All team communication in one place, _dcc84b'

2021-05-30 15:46:48 - [TEST_STEP][PASSED] - setEncryptedText(findTestObject("Object Repository/Page_Mattermost/input_All team communication in one place, _a3edc6"), findTestData("Internal/Internal Login Data").getValue(2, 1)): Text ****** has been set on object 'Object Repository/Page_Mattermost/input_All team communication in one place, _a3edc6'

2021-05-30 15:46:48 - [MESSAGE][PASSED] - Text ****** has been set on object 'Object Repository/Page_Mattermost/input_All team communication in one place, _a3edc6'

2021-05-30 15:46:48 - [TEST_STEP][PASSED] - click(findTestObject("Object Repository/Page_Mattermost/button_Sign in")): Object: 'Object Repository/Page_Mattermost/button_Sign in' is clicked on

2021-05-30 15:46:49 - [MESSAGE][PASSED] - Object: 'Object Repository/Page_Mattermost/button_Sign in' is clicked on

2021-05-30 15:46:49 - [TEST_STEP][PASSED] - verifyLinksAccessible(["https://chudenangcao2021.cf/cdnc-cnpm-2021/channels"]): All links are accessible

2021-05-30 15:46:49 - [MESSAGE][INFO] - HAR: C:\Users\nttuan\Downloads\CDNC\mattermost-testing\Reports\20210530_152827\Run all test cases\20210530_152827\requests\main\46.har

2021-05-30 15:46:49 - [MESSAGE][PASSED] - Send request successfully

2021-05-30 15:46:49 - [MESSAGE][PASSED] - All links are accessible

2021-05-30 15:46:49 - [MESSAGE][PASSED] - Call Test Case 'Test Cases/Internal Test Cases/Successful Login' successfully

2021-05-30 15:46:49 - [TEST_STEP][PASSED] - for ([rowNum = 1, rowNum <= findTestData("Internal/Internal Rename").getRowNumbers(), (rowNum++)]): Object: 'Object Repository/Page_Town Square - TEAM NAME Mattermost/span_Save' is clicked on

2021-05-30 15:46:49 - [TEST_STEP][PASSED] - click(findTestObject("Object Repository/Page_Town Square - TEAM NAME Mattermost/span_Town Square")): Object: 'Object Repository/Page_Town Square - TEAM NAME Mattermost/span_Town Square' is clicked on

2021-05-30 15:46:50 - [MESSAGE][PASSED] - Object: 'Object Repository/Page_Town Square - TEAM NAME Mattermost/span_Town Square' is clicked on

2021-05-30 15:46:50 - [TEST_STEP][PASSED] - click(findTestObject("Object Repository/Page_Town Square - TEAM NAME Mattermost/span_Town Square_channelHeaderDropdownIcon")): Object: 'Object Repository/Page_Town Square - TEAM NAME Mattermost/span_Town Square_channelHeaderDropdownIcon' is clicked on

2021-05-30 15:46:51 - [MESSAGE][PASSED] - Object: 'Object Repository/Page_Town Square - TEAM NAME Mattermost/span_Town Square_channelHeaderDropdownIcon' is clicked on

2021-05-30 15:46:51 - [TEST_STEP][PASSED] - click(findTestObject("Object Repository/Page_Town Square - TEAM NAME Mattermost/span_Rename Channel")): Object: 'Object Repository/Page_Town Square - TEAM NAME Mattermost/span_Rename Channel' is clicked on

2021-05-30 15:46:52 - [MESSAGE][PASSED] - Object: 'Object Repository/Page_Town Square - TEAM NAME Mattermost/span_Rename Channel' is clicked on

2021-05-30 15:46:52 - [TEST_STEP][PASSED] - click(findTestObject("Object Repository/Page_Town Square - TEAM NAME Mattermost/div_CloseRename ChannelDisplay NameURL - Ca_afce32")): Object: 'Object Repository/Page_Town Square - TEAM NAME Mattermost/div_CloseRename ChannelDisplay NameURL - Ca_afce32' is clicked on

2021-05-30 15:46:52 - [MESSAGE][PASSED] - Object: 'Object Repository/Page_Town Square - TEAM NAME Mattermost/div_CloseRename ChannelDisplay NameURL - Ca_afce32' is clicked on

2021-05-30 15:46:52 - [TEST_STEP][PASSED] - setText(findTestObject("Object Repository/Page_Town Square - TEAM NAME Mattermost/input_Display Name_display_name"), findTestData("Internal/Internal Rename").getValue(1, rowNum)): Text 'YOGA CHANNEL' is set on object 'Object Repository/Page_Town Square - TEAM NAME Mattermost/input_Display Name_display_name'

2021-05-30 15:46:53 - [MESSAGE][PASSED] - Text 'YOGA CHANNEL' is set on object 'Object Repository/Page_Town Square - TEAM NAME Mattermost/input_Display Name_display_name'

2021-05-30 15:46:53 - [TEST_STEP][PASSED] - rightClick(findTestObject("Object Repository/Page_Town Square - TEAM NAME Mattermost/div_CloseRename ChannelDisplay NameURL - Ca_afce32")): Object: 'Object Repository/Page_Town Square - TEAM NAME Mattermost/div_CloseRename ChannelDisplay NameURL - Ca_afce32' is right clicked on

2021-05-30 15:46:53 - [MESSAGE][PASSED] - Object: 'Object Repository/Page_Town Square - TEAM NAME Mattermost/div_CloseRename ChannelDisplay NameURL - Ca_afce32' is right clicked on

2021-05-30 15:46:53 - [TEST_STEP][PASSED] - click(findTestObject("Object Repository/Page_Town Square - TEAM NAME Mattermost/span_Save")): Object: 'Object Repository/Page_Town Square - TEAM NAME Mattermost/span_Save' is clicked on

2021-05-30 15:46:53 - [MESSAGE][PASSED] - Object: 'Object Repository/Page_Town Square - TEAM NAME Mattermost/span_Save' is clicked on

2021-05-30 15:46:53 - [TEST_STEP][PASSED] - click(findTestObject("Object Repository/Page_Town Square - TEAM NAME Mattermost/span_Town Square")): Object: 'Object Repository/Page_Town Square - TEAM NAME Mattermost/span_Town Square' is clicked on

2021-05-30 15:46:54 - [MESSAGE][PASSED] - Object: 'Object Repository/Page_Town Square - TEAM NAME Mattermost/span_Town Square' is clicked on

2021-05-30 15:46:54 - [TEST_STEP][PASSED] - click(findTestObject("Object Repository/Page_Town Square - TEAM NAME Mattermost/span_Town Square_channelHeaderDropdownIcon")): Object: 'Object Repository/Page_Town Square - TEAM NAME Mattermost/span_Town Square_channelHeaderDropdownIcon' is clicked on

2021-05-30 15:46:55 - [MESSAGE][PASSED] - Object: 'Object Repository/Page_Town Square - TEAM NAME Mattermost/span_Town Square_channelHeaderDropdownIcon' is clicked on

2021-05-30 15:46:55 - [TEST_STEP][PASSED] - click(findTestObject("Object Repository/Page_Town Square - TEAM NAME Mattermost/span_Rename Channel")): Object: 'Object Repository/Page_Town Square - TEAM NAME Mattermost/span_Rename Channel' is clicked on

2021-05-30 15:46:55 - [MESSAGE][PASSED] - Object: 'Object Repository/Page_Town Square - TEAM NAME Mattermost/span_Rename Channel' is clicked on

2021-05-30 15:46:55 - [TEST_STEP][PASSED] - click(findTestObject("Object Repository/Page_Town Square - TEAM NAME Mattermost/div_CloseRename ChannelDisplay NameURL - Ca_afce32")): Object: 'Object Repository/Page_Town Square - TEAM NAME Mattermost/div_CloseRename ChannelDisplay NameURL - Ca_afce32' is clicked on

2021-05-30 15:46:56 - [MESSAGE][PASSED] - Object: 'Object Repository/Page_Town Square - TEAM NAME Mattermost/div_CloseRename ChannelDisplay NameURL - Ca_afce32' is clicked on

2021-05-30 15:46:56 - [TEST_STEP][PASSED] - setText(findTestObject("Object Repository/Page_Town Square - TEAM NAME Mattermost/input_Display Name_display_name"), findTestData("Internal/Internal Rename").getValue(1, rowNum)): Text 'COMPUTER CHANNEL' is set on object 'Object Repository/Page_Town Square - TEAM NAME Mattermost/input_Display Name_display_name'

2021-05-30 15:46:57 - [MESSAGE][PASSED] - Text 'COMPUTER CHANNEL' is set on object 'Object Repository/Page_Town Square - TEAM NAME Mattermost/input_Display Name_display_name'

2021-05-30 15:46:57 - [TEST_STEP][PASSED] - rightClick(findTestObject("Object Repository/Page_Town Square - TEAM NAME Mattermost/div_CloseRename ChannelDisplay NameURL - Ca_afce32")): Object: 'Object Repository/Page_Town Square - TEAM NAME Mattermost/div_CloseRename ChannelDisplay NameURL - Ca_afce32' is right clicked on

2021-05-30 15:46:57 - [MESSAGE][PASSED] - Object: 'Object Repository/Page_Town Square - TEAM NAME Mattermost/div_CloseRename ChannelDisplay NameURL - Ca_afce32' is right clicked on

2021-05-30 15:46:57 - [TEST_STEP][PASSED] - click(findTestObject("Object Repository/Page_Town Square - TEAM NAME Mattermost/span_Save")): Object: 'Object Repository/Page_Town Square - TEAM NAME Mattermost/span_Save' is clicked on

2021-05-30 15:46:57 - [MESSAGE][PASSED] - Object: 'Object Repository/Page_Town Square - TEAM NAME Mattermost/span_Save' is clicked on

2021-05-30 15:46:57 - [TEST_STEP][PASSED] - click(findTestObject("Object Repository/Page_Town Square - TEAM NAME Mattermost/span_Town Square")): Object: 'Object Repository/Page_Town Square - TEAM NAME Mattermost/span_Town Square' is clicked on

2021-05-30 15:46:58 - [MESSAGE][PASSED] - Object: 'Object Repository/Page_Town Square - TEAM NAME Mattermost/span_Town Square' is clicked on

2021-05-30 15:46:58 - [TEST_STEP][PASSED] - click(findTestObject("Object Repository/Page_Town Square - TEAM NAME Mattermost/span_Town Square_channelHeaderDropdownIcon")): Object: 'Object Repository/Page_Town Square - TEAM NAME Mattermost/span_Town Square_channelHeaderDropdownIcon' is clicked on

2021-05-30 15:46:59 - [MESSAGE][PASSED] - Object: 'Object Repository/Page_Town Square - TEAM NAME Mattermost/span_Town Square_channelHeaderDropdownIcon' is clicked on

2021-05-30 15:46:59 - [TEST_STEP][PASSED] - click(findTestObject("Object Repository/Page_Town Square - TEAM NAME Mattermost/span_Rename Channel")): Object: 'Object Repository/Page_Town Square - TEAM NAME Mattermost/span_Rename Channel' is clicked on

2021-05-30 15:47:00 - [MESSAGE][PASSED] - Object: 'Object Repository/Page_Town Square - TEAM NAME Mattermost/span_Rename Channel' is clicked on

2021-05-30 15:47:00 - [TEST_STEP][PASSED] - click(findTestObject("Object Repository/Page_Town Square - TEAM NAME Mattermost/div_CloseRename ChannelDisplay NameURL - Ca_afce32")): Object: 'Object Repository/Page_Town Square - TEAM NAME Mattermost/div_CloseRename ChannelDisplay NameURL - Ca_afce32' is clicked on

2021-05-30 15:47:00 - [MESSAGE][PASSED] - Object: 'Object Repository/Page_Town Square - TEAM NAME Mattermost/div_CloseRename ChannelDisplay NameURL - Ca_afce32' is clicked on

2021-05-30 15:47:00 - [TEST_STEP][PASSED] - setText(findTestObject("Object Repository/Page_Town Square - TEAM NAME Mattermost/input_Display Name_display_name"), findTestData("Internal/Internal Rename").getValue(1, rowNum)): Text 'KID CHANNEL' is set on object 'Object Repository/Page_Town Square - TEAM NAME Mattermost/input_Display Name_display_name'

2021-05-30 15:47:01 - [MESSAGE][PASSED] - Text 'KID CHANNEL' is set on object 'Object Repository/Page_Town Square - TEAM NAME Mattermost/input_Display Name_display_name'

2021-05-30 15:47:01 - [TEST_STEP][PASSED] - rightClick(findTestObject("Object Repository/Page_Town Square - TEAM NAME Mattermost/div_CloseRename ChannelDisplay NameURL - Ca_afce32")): Object: 'Object Repository/Page_Town Square - TEAM NAME Mattermost/div_CloseRename ChannelDisplay NameURL - Ca_afce32' is right clicked on

2021-05-30 15:47:01 - [MESSAGE][PASSED] - Object: 'Object Repository/Page_Town Square - TEAM NAME Mattermost/div_CloseRename ChannelDisplay NameURL - Ca_afce32' is right clicked on

2021-05-30 15:47:01 - [TEST_STEP][PASSED] - click(findTestObject("Object Repository/Page_Town Square - TEAM NAME Mattermost/span_Save")): Object: 'Object Repository/Page_Town Square - TEAM NAME Mattermost/span_Save' is clicked on

2021-05-30 15:47:01 - [MESSAGE][PASSED] - Object: 'Object Repository/Page_Town Square - TEAM NAME Mattermost/span_Save' is clicked on

2021-05-30 15:47:01 - [TEST_STEP][PASSED] - click(findTestObject("Object Repository/Page_Town Square - TEAM NAME Mattermost/span_Town Square")): Object: 'Object Repository/Page_Town Square - TEAM NAME Mattermost/span_Town Square' is clicked on

2021-05-30 15:47:02 - [MESSAGE][PASSED] - Object: 'Object Repository/Page_Town Square - TEAM NAME Mattermost/span_Town Square' is clicked on

2021-05-30 15:47:02 - [TEST_STEP][PASSED] - click(findTestObject("Object Repository/Page_Town Square - TEAM NAME Mattermost/span_Town Square_channelHeaderDropdownIcon")): Object: 'Object Repository/Page_Town Square - TEAM NAME Mattermost/span_Town Square_channelHeaderDropdownIcon' is clicked on

2021-05-30 15:47:03 - [MESSAGE][PASSED] - Object: 'Object Repository/Page_Town Square - TEAM NAME Mattermost/span_Town Square_channelHeaderDropdownIcon' is clicked on

2021-05-30 15:47:03 - [TEST_STEP][PASSED] - click(findTestObject("Object Repository/Page_Town Square - TEAM NAME Mattermost/span_Rename Channel")): Object: 'Object Repository/Page_Town Square - TEAM NAME Mattermost/span_Rename Channel' is clicked on

2021-05-30 15:47:03 - [MESSAGE][PASSED] - Object: 'Object Repository/Page_Town Square - TEAM NAME Mattermost/span_Rename Channel' is clicked on

2021-05-30 15:47:03 - [TEST_STEP][PASSED] - click(findTestObject("Object Repository/Page_Town Square - TEAM NAME Mattermost/div_CloseRename ChannelDisplay NameURL - Ca_afce32")): Object: 'Object Repository/Page_Town Square - TEAM NAME Mattermost/div_CloseRename ChannelDisplay NameURL - Ca_afce32' is clicked on

2021-05-30 15:47:04 - [MESSAGE][PASSED] - Object: 'Object Repository/Page_Town Square - TEAM NAME Mattermost/div_CloseRename ChannelDisplay NameURL - Ca_afce32' is clicked on

2021-05-30 15:47:04 - [TEST_STEP][PASSED] - setText(findTestObject("Object Repository/Page_Town Square - TEAM NAME Mattermost/input_Display Name_display_name"), findTestData("Internal/Internal Rename").getValue(1, rowNum)): Text 'TEST CHANNEL' is set on object 'Object Repository/Page_Town Square - TEAM NAME Mattermost/input_Display Name_display_name'

2021-05-30 15:47:05 - [MESSAGE][PASSED] - Text 'TEST CHANNEL' is set on object 'Object Repository/Page_Town Square - TEAM NAME Mattermost/input_Display Name_display_name'

2021-05-30 15:47:05 - [TEST_STEP][PASSED] - rightClick(findTestObject("Object Repository/Page_Town Square - TEAM NAME Mattermost/div_CloseRename ChannelDisplay NameURL - Ca_afce32")): Object: 'Object Repository/Page_Town Square - TEAM NAME Mattermost/div_CloseRename ChannelDisplay NameURL - Ca_afce32' is right clicked on

2021-05-30 15:47:05 - [MESSAGE][PASSED] - Object: 'Object Repository/Page_Town Square - TEAM NAME Mattermost/div_CloseRename ChannelDisplay NameURL - Ca_afce32' is right clicked on

2021-05-30 15:47:05 - [TEST_STEP][PASSED] - click(findTestObject("Object Repository/Page_Town Square - TEAM NAME Mattermost/span_Save")): Object: 'Object Repository/Page_Town Square - TEAM NAME Mattermost/span_Save' is clicked on

2021-05-30 15:47:05 - [MESSAGE][PASSED] - Object: 'Object Repository/Page_Town Square - TEAM NAME Mattermost/span_Save' is clicked on

2021-05-30 15:47:05 - [TEST_STEP][PASSED] - click(findTestObject("Object Repository/Page_Town Square - TEAM NAME Mattermost/span_Town Square")): Object: 'Object Repository/Page_Town Square - TEAM NAME Mattermost/span_Town Square' is clicked on

2021-05-30 15:47:06 - [MESSAGE][PASSED] - Object: 'Object Repository/Page_Town Square - TEAM NAME Mattermost/span_Town Square' is clicked on

2021-05-30 15:47:06 - [TEST_STEP][PASSED] - click(findTestObject("Object Repository/Page_Town Square - TEAM NAME Mattermost/span_Town Square_channelHeaderDropdownIcon")): Object: 'Object Repository/Page_Town Square - TEAM NAME Mattermost/span_Town Square_channelHeaderDropdownIcon' is clicked on

2021-05-30 15:47:07 - [MESSAGE][PASSED] - Object: 'Object Repository/Page_Town Square - TEAM NAME Mattermost/span_Town Square_channelHeaderDropdownIcon' is clicked on

2021-05-30 15:47:07 - [TEST_STEP][PASSED] - click(findTestObject("Object Repository/Page_Town Square - TEAM NAME Mattermost/span_Rename Channel")): Object: 'Object Repository/Page_Town Square - TEAM NAME Mattermost/span_Rename Channel' is clicked on

2021-05-30 15:47:07 - [MESSAGE][PASSED] - Object: 'Object Repository/Page_Town Square - TEAM NAME Mattermost/span_Rename Channel' is clicked on

2021-05-30 15:47:07 - [TEST_STEP][PASSED] - click(findTestObject("Object Repository/Page_Town Square - TEAM NAME Mattermost/div_CloseRename ChannelDisplay NameURL - Ca_afce32")): Object: 'Object Repository/Page_Town Square - TEAM NAME Mattermost/div_CloseRename ChannelDisplay NameURL - Ca_afce32' is clicked on

2021-05-30 15:47:08 - [MESSAGE][PASSED] - Object: 'Object Repository/Page_Town Square - TEAM NAME Mattermost/div_CloseRename ChannelDisplay NameURL - Ca_afce32' is clicked on

2021-05-30 15:47:08 - [TEST_STEP][PASSED] - setText(findTestObject("Object Repository/Page_Town Square - TEAM NAME Mattermost/input_Display Name_display_name"), findTestData("Internal/Internal Rename").getValue(1, rowNum)): Text 'span_Town Square' is set on object 'Object Repository/Page_Town Square - TEAM NAME Mattermost/input_Display Name_display_name'

2021-05-30 15:47:09 - [MESSAGE][PASSED] - Text 'span_Town Square' is set on object 'Object Repository/Page_Town Square - TEAM NAME Mattermost/input_Display Name_display_name'

2021-05-30 15:47:09 - [TEST_STEP][PASSED] - rightClick(findTestObject("Object Repository/Page_Town Square - TEAM NAME Mattermost/div_CloseRename ChannelDisplay NameURL - Ca_afce32")): Object: 'Object Repository/Page_Town Square - TEAM NAME Mattermost/div_CloseRename ChannelDisplay NameURL - Ca_afce32' is right clicked on

2021-05-30 15:47:09 - [MESSAGE][PASSED] - Object: 'Object Repository/Page_Town Square - TEAM NAME Mattermost/div_CloseRename ChannelDisplay NameURL - Ca_afce32' is right clicked on

2021-05-30 15:47:09 - [TEST_STEP][PASSED] - click(findTestObject("Object Repository/Page_Town Square - TEAM NAME Mattermost/span_Save")): Object: 'Object Repository/Page_Town Square - TEAM NAME Mattermost/span_Save' is clicked on

2021-05-30 15:47:09 - [MESSAGE][PASSED] - Object: 'Object Repository/Page_Town Square - TEAM NAME Mattermost/span_Save' is clicked on

2021-05-30 15:47:09 - [TEST_STEP][PASSED] - closeBrowser(): Browser is closed

2021-05-30 15:47:10 - [MESSAGE][PASSED] - Browser is closed]]></system-out>
         <system-err><![CDATA[]]></system-err>
      </testcase>
      <testcase name="Test Cases/Internal Test Cases/SearchInChannel" time="76.746" classname="Test Cases/Internal Test Cases/SearchInChannel" status="PASSED">
         <system-out><![CDATA[2021-05-30 15:47:10 - [TEST_CASE][PASSED] - Test Cases/Internal Test Cases/SearchInChannel: Test Cases/Internal Test Cases/SearchInChannel

2021-05-30 15:47:10 - [TEST_STEP][PASSED] - callTestCase(findTestCase("Internal Test Cases/Successful Login"), ["Username":"", "Password":""], STOP_ON_FAILURE): Call Test Case 'Test Cases/Internal Test Cases/Successful Login' successfully

2021-05-30 15:47:10 - [TEST_CASE][PASSED] - Test Cases/Internal Test Cases/Successful Login: Test Cases/Internal Test Cases/Successful Login

2021-05-30 15:47:10 - [TEST_STEP][PASSED] - openBrowser(""): Browser is opened with url: ''

2021-05-30 15:47:10 - [MESSAGE][INFO] - Starting 'Chrome' driver

2021-05-30 15:47:10 - [MESSAGE][INFO] - Action delay is set to 0 milliseconds

2021-05-30 15:47:12 - [MESSAGE][PASSED] - Browser is opened with url: ''

2021-05-30 15:47:12 - [TEST_STEP][PASSED] - navigateToUrl("https://chudenangcao2021.cf/"): Navigate to 'https://chudenangcao2021.cf/' successfully

2021-05-30 15:47:12 - [MESSAGE][PASSED] - Navigate to 'https://chudenangcao2021.cf/' successfully

2021-05-30 15:47:12 - [TEST_STEP][PASSED] - setText(findTestObject("Object Repository/Page_Mattermost/input_All team communication in one place, _dcc84b"), findTestData("Internal/Internal Login Data").getValue(1, 1)): Text 'nguyenvanb' is set on object 'Object Repository/Page_Mattermost/input_All team communication in one place, _dcc84b'

2021-05-30 15:47:16 - [MESSAGE][PASSED] - Text 'nguyenvanb' is set on object 'Object Repository/Page_Mattermost/input_All team communication in one place, _dcc84b'

2021-05-30 15:47:16 - [TEST_STEP][PASSED] - setEncryptedText(findTestObject("Object Repository/Page_Mattermost/input_All team communication in one place, _a3edc6"), findTestData("Internal/Internal Login Data").getValue(2, 1)): Text ****** has been set on object 'Object Repository/Page_Mattermost/input_All team communication in one place, _a3edc6'

2021-05-30 15:47:18 - [MESSAGE][PASSED] - Text ****** has been set on object 'Object Repository/Page_Mattermost/input_All team communication in one place, _a3edc6'

2021-05-30 15:47:18 - [TEST_STEP][PASSED] - click(findTestObject("Object Repository/Page_Mattermost/button_Sign in")): Object: 'Object Repository/Page_Mattermost/button_Sign in' is clicked on

2021-05-30 15:47:20 - [MESSAGE][PASSED] - Object: 'Object Repository/Page_Mattermost/button_Sign in' is clicked on

2021-05-30 15:47:20 - [TEST_STEP][PASSED] - verifyLinksAccessible(["https://chudenangcao2021.cf/cdnc-cnpm-2021/channels"]): All links are accessible

2021-05-30 15:47:20 - [MESSAGE][INFO] - HAR: C:\Users\nttuan\Downloads\CDNC\mattermost-testing\Reports\20210530_152827\Run all test cases\20210530_152827\requests\main\47.har

2021-05-30 15:47:20 - [MESSAGE][PASSED] - Send request successfully

2021-05-30 15:47:20 - [MESSAGE][PASSED] - All links are accessible

2021-05-30 15:47:20 - [MESSAGE][PASSED] - Call Test Case 'Test Cases/Internal Test Cases/Successful Login' successfully

2021-05-30 15:47:20 - [TEST_STEP][PASSED] - click(findTestObject("Object Repository/Page_Town Square - TEAM NAME Mattermost/span_Town Square")): Object: 'Object Repository/Page_Town Square - TEAM NAME Mattermost/span_Town Square' is clicked on

2021-05-30 15:47:22 - [MESSAGE][PASSED] - Object: 'Object Repository/Page_Town Square - TEAM NAME Mattermost/span_Town Square' is clicked on

2021-05-30 15:47:22 - [TEST_STEP][PASSED] - click(findTestObject("Object Repository/Page_Town Square - TEAM NAME Mattermost/svg")): Object: 'Object Repository/Page_Town Square - TEAM NAME Mattermost/svg' is clicked on

2021-05-30 15:47:54 - [MESSAGE][INFO] - Unable to find the element located by 'By.xpath: (.//*[normalize-space(text()) and normalize-space(.)='Town Square'])[3]/following::*[name()='svg'][1]'. Please recheck the objects properties to make sure the desired element is located. 

2021-05-30 15:47:54 - [MESSAGE][WARNING] - [SELF-HEALING] Failed to find element with id 'Object Repository/Page_Town Square - TEAM NAME Mattermost/svg'. Try using Self-healing.

2021-05-30 15:47:56 - [MESSAGE][WARNING] - [SELF-HEALING] The current locator of test object 'Object Repository/Page_Town Square - TEAM NAME Mattermost/svg' was broken. Propose an alternative one: '(.//*[normalize-space(text()) and normalize-space(.)='Drop a file to upload it.'])[1]/following::*[name()='svg'][1]'.

2021-05-30 15:47:56 - [MESSAGE][PASSED] - Object: 'Object Repository/Page_Town Square - TEAM NAME Mattermost/svg' is clicked on

2021-05-30 15:47:56 - [TEST_STEP][PASSED] - for ([rowNum = 1, rowNum <= findTestData("Internal/Internal Key For Search").getRowNumbers(), (rowNum++)]): Keys 'ENTER + ' sent to object: 'Object Repository/Page_Town Square - TEAM NAME Mattermost/input_Town Square_searchBox'

2021-05-30 15:47:56 - [TEST_STEP][PASSED] - setText(findTestObject("Object Repository/Page_Town Square - TEAM NAME Mattermost/input_Town Square_searchBox"), findTestData("Internal/Internal Key For Search").getValue(1, rowNum)): Text 'Hello' is set on object 'Object Repository/Page_Town Square - TEAM NAME Mattermost/input_Town Square_searchBox'

2021-05-30 15:48:00 - [MESSAGE][PASSED] - Text 'Hello' is set on object 'Object Repository/Page_Town Square - TEAM NAME Mattermost/input_Town Square_searchBox'

2021-05-30 15:48:00 - [TEST_STEP][PASSED] - sendKeys(findTestObject("Object Repository/Page_Town Square - TEAM NAME Mattermost/input_Town Square_searchBox"), Keys.chord(ENTER)): Keys 'ENTER + ' sent to object: 'Object Repository/Page_Town Square - TEAM NAME Mattermost/input_Town Square_searchBox'

2021-05-30 15:48:02 - [MESSAGE][PASSED] - Keys 'ENTER + ' sent to object: 'Object Repository/Page_Town Square - TEAM NAME Mattermost/input_Town Square_searchBox'

2021-05-30 15:48:02 - [TEST_STEP][PASSED] - setText(findTestObject("Object Repository/Page_Town Square - TEAM NAME Mattermost/input_Town Square_searchBox"), findTestData("Internal/Internal Key For Search").getValue(1, rowNum)): Text 'yo' is set on object 'Object Repository/Page_Town Square - TEAM NAME Mattermost/input_Town Square_searchBox'

2021-05-30 15:48:06 - [MESSAGE][PASSED] - Text 'yo' is set on object 'Object Repository/Page_Town Square - TEAM NAME Mattermost/input_Town Square_searchBox'

2021-05-30 15:48:06 - [TEST_STEP][PASSED] - sendKeys(findTestObject("Object Repository/Page_Town Square - TEAM NAME Mattermost/input_Town Square_searchBox"), Keys.chord(ENTER)): Keys 'ENTER + ' sent to object: 'Object Repository/Page_Town Square - TEAM NAME Mattermost/input_Town Square_searchBox'

2021-05-30 15:48:08 - [MESSAGE][PASSED] - Keys 'ENTER + ' sent to object: 'Object Repository/Page_Town Square - TEAM NAME Mattermost/input_Town Square_searchBox'

2021-05-30 15:48:08 - [TEST_STEP][PASSED] - setText(findTestObject("Object Repository/Page_Town Square - TEAM NAME Mattermost/input_Town Square_searchBox"), findTestData("Internal/Internal Key For Search").getValue(1, rowNum)): Text 'ghê' is set on object 'Object Repository/Page_Town Square - TEAM NAME Mattermost/input_Town Square_searchBox'

2021-05-30 15:48:12 - [MESSAGE][PASSED] - Text 'ghê' is set on object 'Object Repository/Page_Town Square - TEAM NAME Mattermost/input_Town Square_searchBox'

2021-05-30 15:48:12 - [TEST_STEP][PASSED] - sendKeys(findTestObject("Object Repository/Page_Town Square - TEAM NAME Mattermost/input_Town Square_searchBox"), Keys.chord(ENTER)): Keys 'ENTER + ' sent to object: 'Object Repository/Page_Town Square - TEAM NAME Mattermost/input_Town Square_searchBox'

2021-05-30 15:48:14 - [MESSAGE][PASSED] - Keys 'ENTER + ' sent to object: 'Object Repository/Page_Town Square - TEAM NAME Mattermost/input_Town Square_searchBox'

2021-05-30 15:48:14 - [TEST_STEP][PASSED] - setText(findTestObject("Object Repository/Page_Town Square - TEAM NAME Mattermost/input_Town Square_searchBox"), findTestData("Internal/Internal Key For Search").getValue(1, rowNum)): Text 'no' is set on object 'Object Repository/Page_Town Square - TEAM NAME Mattermost/input_Town Square_searchBox'

2021-05-30 15:48:18 - [MESSAGE][PASSED] - Text 'no' is set on object 'Object Repository/Page_Town Square - TEAM NAME Mattermost/input_Town Square_searchBox'

2021-05-30 15:48:18 - [TEST_STEP][PASSED] - sendKeys(findTestObject("Object Repository/Page_Town Square - TEAM NAME Mattermost/input_Town Square_searchBox"), Keys.chord(ENTER)): Keys 'ENTER + ' sent to object: 'Object Repository/Page_Town Square - TEAM NAME Mattermost/input_Town Square_searchBox'

2021-05-30 15:48:20 - [MESSAGE][PASSED] - Keys 'ENTER + ' sent to object: 'Object Repository/Page_Town Square - TEAM NAME Mattermost/input_Town Square_searchBox'

2021-05-30 15:48:20 - [TEST_STEP][PASSED] - setText(findTestObject("Object Repository/Page_Town Square - TEAM NAME Mattermost/input_Town Square_searchBox"), findTestData("Internal/Internal Key For Search").getValue(1, rowNum)): Text 'ok' is set on object 'Object Repository/Page_Town Square - TEAM NAME Mattermost/input_Town Square_searchBox'

2021-05-30 15:48:24 - [MESSAGE][PASSED] - Text 'ok' is set on object 'Object Repository/Page_Town Square - TEAM NAME Mattermost/input_Town Square_searchBox'

2021-05-30 15:48:24 - [TEST_STEP][PASSED] - sendKeys(findTestObject("Object Repository/Page_Town Square - TEAM NAME Mattermost/input_Town Square_searchBox"), Keys.chord(ENTER)): Keys 'ENTER + ' sent to object: 'Object Repository/Page_Town Square - TEAM NAME Mattermost/input_Town Square_searchBox'

2021-05-30 15:48:26 - [MESSAGE][PASSED] - Keys 'ENTER + ' sent to object: 'Object Repository/Page_Town Square - TEAM NAME Mattermost/input_Town Square_searchBox'

2021-05-30 15:48:26 - [TEST_STEP][PASSED] - closeBrowser(): Browser is closed

2021-05-30 15:48:27 - [MESSAGE][PASSED] - Browser is closed]]></system-out>
         <system-err><![CDATA[]]></system-err>
      </testcase>
      <testcase name="Test Cases/Internal Test Cases/Successful Login" time="4.371" classname="Test Cases/Internal Test Cases/Successful Login" status="PASSED">
         <system-out><![CDATA[2021-05-30 15:48:27 - [TEST_CASE][PASSED] - Test Cases/Internal Test Cases/Successful Login: Test Cases/Internal Test Cases/Successful Login

2021-05-30 15:48:27 - [TEST_STEP][PASSED] - openBrowser(""): Browser is opened with url: ''

2021-05-30 15:48:27 - [MESSAGE][INFO] - Starting 'Chrome' driver

2021-05-30 15:48:27 - [MESSAGE][INFO] - Action delay is set to 0 milliseconds

2021-05-30 15:48:28 - [MESSAGE][PASSED] - Browser is opened with url: ''

2021-05-30 15:48:28 - [TEST_STEP][PASSED] - navigateToUrl("https://chudenangcao2021.cf/"): Navigate to 'https://chudenangcao2021.cf/' successfully

2021-05-30 15:48:29 - [MESSAGE][PASSED] - Navigate to 'https://chudenangcao2021.cf/' successfully

2021-05-30 15:48:29 - [TEST_STEP][PASSED] - setText(findTestObject("Object Repository/Page_Mattermost/input_All team communication in one place, _dcc84b"), findTestData("Internal/Internal Login Data").getValue(1, 1)): Text 'nguyenvanb' is set on object 'Object Repository/Page_Mattermost/input_All team communication in one place, _dcc84b'

2021-05-30 15:48:30 - [MESSAGE][PASSED] - Text 'nguyenvanb' is set on object 'Object Repository/Page_Mattermost/input_All team communication in one place, _dcc84b'

2021-05-30 15:48:30 - [TEST_STEP][PASSED] - setEncryptedText(findTestObject("Object Repository/Page_Mattermost/input_All team communication in one place, _a3edc6"), findTestData("Internal/Internal Login Data").getValue(2, 1)): Text ****** has been set on object 'Object Repository/Page_Mattermost/input_All team communication in one place, _a3edc6'

2021-05-30 15:48:31 - [MESSAGE][PASSED] - Text ****** has been set on object 'Object Repository/Page_Mattermost/input_All team communication in one place, _a3edc6'

2021-05-30 15:48:31 - [TEST_STEP][PASSED] - click(findTestObject("Object Repository/Page_Mattermost/button_Sign in")): Object: 'Object Repository/Page_Mattermost/button_Sign in' is clicked on

2021-05-30 15:48:31 - [MESSAGE][PASSED] - Object: 'Object Repository/Page_Mattermost/button_Sign in' is clicked on

2021-05-30 15:48:31 - [TEST_STEP][PASSED] - verifyLinksAccessible(["https://chudenangcao2021.cf/cdnc-cnpm-2021/channels"]): All links are accessible

2021-05-30 15:48:31 - [MESSAGE][INFO] - HAR: C:\Users\nttuan\Downloads\CDNC\mattermost-testing\Reports\20210530_152827\Run all test cases\20210530_152827\requests\main\48.har

2021-05-30 15:48:31 - [MESSAGE][PASSED] - Send request successfully

2021-05-30 15:48:31 - [MESSAGE][PASSED] - All links are accessible]]></system-out>
         <system-err><![CDATA[]]></system-err>
      </testcase>
      <testcase name="Test Cases/Data CSV Test Case/ChangEmail" time="30.002" classname="Test Cases/Data CSV Test Case/ChangEmail" status="PASSED">
         <system-out><![CDATA[2021-05-30 15:48:31 - [TEST_CASE][PASSED] - Test Cases/Data CSV Test Case/ChangEmail: Test Cases/Data CSV Test Case/ChangEmail

2021-05-30 15:48:31 - [TEST_STEP][PASSED] - callTestCase(findTestCase("Internal Test Cases/Successful Login"), ["Username":"", "Password":""], STOP_ON_FAILURE): Call Test Case 'Test Cases/Internal Test Cases/Successful Login' successfully

2021-05-30 15:48:32 - [TEST_CASE][PASSED] - Test Cases/Internal Test Cases/Successful Login: Test Cases/Internal Test Cases/Successful Login

2021-05-30 15:48:32 - [TEST_STEP][PASSED] - openBrowser(""): Browser is opened with url: ''

2021-05-30 15:48:32 - [MESSAGE][WARNING] - A browser is already opened. Closing browser and opening a new one

2021-05-30 15:48:32 - [MESSAGE][INFO] - Starting 'Chrome' driver

2021-05-30 15:48:32 - [MESSAGE][INFO] - Action delay is set to 0 milliseconds

2021-05-30 15:48:33 - [MESSAGE][PASSED] - Browser is opened with url: ''

2021-05-30 15:48:33 - [TEST_STEP][PASSED] - navigateToUrl("https://chudenangcao2021.cf/"): Navigate to 'https://chudenangcao2021.cf/' successfully

2021-05-30 15:48:34 - [MESSAGE][PASSED] - Navigate to 'https://chudenangcao2021.cf/' successfully

2021-05-30 15:48:34 - [TEST_STEP][PASSED] - setText(findTestObject("Object Repository/Page_Mattermost/input_All team communication in one place, _dcc84b"), findTestData("Internal/Internal Login Data").getValue(1, 1)): Text 'nguyenvanb' is set on object 'Object Repository/Page_Mattermost/input_All team communication in one place, _dcc84b'

2021-05-30 15:48:35 - [MESSAGE][PASSED] - Text 'nguyenvanb' is set on object 'Object Repository/Page_Mattermost/input_All team communication in one place, _dcc84b'

2021-05-30 15:48:35 - [TEST_STEP][PASSED] - setEncryptedText(findTestObject("Object Repository/Page_Mattermost/input_All team communication in one place, _a3edc6"), findTestData("Internal/Internal Login Data").getValue(2, 1)): Text ****** has been set on object 'Object Repository/Page_Mattermost/input_All team communication in one place, _a3edc6'

2021-05-30 15:48:36 - [MESSAGE][PASSED] - Text ****** has been set on object 'Object Repository/Page_Mattermost/input_All team communication in one place, _a3edc6'

2021-05-30 15:48:36 - [TEST_STEP][PASSED] - click(findTestObject("Object Repository/Page_Mattermost/button_Sign in")): Object: 'Object Repository/Page_Mattermost/button_Sign in' is clicked on

2021-05-30 15:48:36 - [MESSAGE][PASSED] - Object: 'Object Repository/Page_Mattermost/button_Sign in' is clicked on

2021-05-30 15:48:36 - [TEST_STEP][PASSED] - verifyLinksAccessible(["https://chudenangcao2021.cf/cdnc-cnpm-2021/channels"]): All links are accessible

2021-05-30 15:48:36 - [MESSAGE][INFO] - HAR: C:\Users\nttuan\Downloads\CDNC\mattermost-testing\Reports\20210530_152827\Run all test cases\20210530_152827\requests\main\49.har

2021-05-30 15:48:36 - [MESSAGE][PASSED] - Send request successfully

2021-05-30 15:48:36 - [MESSAGE][PASSED] - All links are accessible

2021-05-30 15:48:36 - [MESSAGE][PASSED] - Call Test Case 'Test Cases/Internal Test Cases/Successful Login' successfully

2021-05-30 15:48:36 - [TEST_STEP][PASSED] - for ([rowNum = 1, rowNum <= findTestData("Data CSV/Email").getRowNumbers(), (rowNum++)]): Object: 'Object Repository/Change Email/Page_TEST CHANNEL - TEAM NAME Mattermost/span_' is clicked on

2021-05-30 15:48:37 - [TEST_STEP][PASSED] - click(findTestObject("Object Repository/Change Email/Page_TEST CHANNEL - TEAM NAME Mattermost/button_nguyenvanb_style--none sidebar-heade_3f663e")): Object: 'Object Repository/Change Email/Page_TEST CHANNEL - TEAM NAME Mattermost/button_nguyenvanb_style--none sidebar-heade_3f663e' is clicked on

2021-05-30 15:48:38 - [MESSAGE][PASSED] - Object: 'Object Repository/Change Email/Page_TEST CHANNEL - TEAM NAME Mattermost/button_nguyenvanb_style--none sidebar-heade_3f663e' is clicked on

2021-05-30 15:48:38 - [TEST_STEP][PASSED] - click(findTestObject("Object Repository/Change Email/Page_TEST CHANNEL - TEAM NAME Mattermost/button_Account Settings")): Object: 'Object Repository/Change Email/Page_TEST CHANNEL - TEAM NAME Mattermost/button_Account Settings' is clicked on

2021-05-30 15:48:39 - [MESSAGE][PASSED] - Object: 'Object Repository/Change Email/Page_TEST CHANNEL - TEAM NAME Mattermost/button_Account Settings' is clicked on

2021-05-30 15:48:39 - [TEST_STEP][PASSED] - click(findTestObject("Object Repository/Change Email/Page_TEST CHANNEL - TEAM NAME Mattermost/span_Edit")): Object: 'Object Repository/Change Email/Page_TEST CHANNEL - TEAM NAME Mattermost/span_Edit' is clicked on

2021-05-30 15:48:39 - [MESSAGE][PASSED] - Object: 'Object Repository/Change Email/Page_TEST CHANNEL - TEAM NAME Mattermost/span_Edit' is clicked on

2021-05-30 15:48:39 - [TEST_STEP][PASSED] - setText(findTestObject("Object Repository/Change Email/Page_TEST CHANNEL - TEAM NAME Mattermost/input_New Email_primaryEmail"), findTestData("Data CSV/Email").getValue(1, rowNum)): Text 'thanhtung@gmail.com' is set on object 'Object Repository/Change Email/Page_TEST CHANNEL - TEAM NAME Mattermost/input_New Email_primaryEmail'

2021-05-30 15:48:40 - [MESSAGE][PASSED] - Text 'thanhtung@gmail.com' is set on object 'Object Repository/Change Email/Page_TEST CHANNEL - TEAM NAME Mattermost/input_New Email_primaryEmail'

2021-05-30 15:48:40 - [TEST_STEP][PASSED] - setText(findTestObject("Object Repository/Change Email/Page_TEST CHANNEL - TEAM NAME Mattermost/input_Confirm Email_confirmEmail"), findTestData("Data CSV/Email").getValue(1, rowNum)): Text 'thanhtung@gmail.com' is set on object 'Object Repository/Change Email/Page_TEST CHANNEL - TEAM NAME Mattermost/input_Confirm Email_confirmEmail'

2021-05-30 15:48:41 - [MESSAGE][PASSED] - Text 'thanhtung@gmail.com' is set on object 'Object Repository/Change Email/Page_TEST CHANNEL - TEAM NAME Mattermost/input_Confirm Email_confirmEmail'

2021-05-30 15:48:41 - [TEST_STEP][PASSED] - setText(findTestObject("Object Repository/Change Email/Page_TEST CHANNEL - TEAM NAME Mattermost/input_Current Password_currentPassword"), "Tung@123456"): Text 'Tung@123456' is set on object 'Object Repository/Change Email/Page_TEST CHANNEL - TEAM NAME Mattermost/input_Current Password_currentPassword'

2021-05-30 15:48:41 - [MESSAGE][PASSED] - Text 'Tung@123456' is set on object 'Object Repository/Change Email/Page_TEST CHANNEL - TEAM NAME Mattermost/input_Current Password_currentPassword'

2021-05-30 15:48:41 - [TEST_STEP][PASSED] - click(findTestObject("Object Repository/Change Email/Page_TEST CHANNEL - TEAM NAME Mattermost/button_Save")): Object: 'Object Repository/Change Email/Page_TEST CHANNEL - TEAM NAME Mattermost/button_Save' is clicked on

2021-05-30 15:48:42 - [MESSAGE][PASSED] - Object: 'Object Repository/Change Email/Page_TEST CHANNEL - TEAM NAME Mattermost/button_Save' is clicked on

2021-05-30 15:48:42 - [TEST_STEP][PASSED] - click(findTestObject("Object Repository/Change Email/Page_TEST CHANNEL - TEAM NAME Mattermost/span_")): Object: 'Object Repository/Change Email/Page_TEST CHANNEL - TEAM NAME Mattermost/span_' is clicked on

2021-05-30 15:48:42 - [MESSAGE][PASSED] - Object: 'Object Repository/Change Email/Page_TEST CHANNEL - TEAM NAME Mattermost/span_' is clicked on

2021-05-30 15:48:42 - [TEST_STEP][PASSED] - click(findTestObject("Object Repository/Change Email/Page_TEST CHANNEL - TEAM NAME Mattermost/button_nguyenvanb_style--none sidebar-heade_3f663e")): Object: 'Object Repository/Change Email/Page_TEST CHANNEL - TEAM NAME Mattermost/button_nguyenvanb_style--none sidebar-heade_3f663e' is clicked on

2021-05-30 15:48:43 - [MESSAGE][PASSED] - Object: 'Object Repository/Change Email/Page_TEST CHANNEL - TEAM NAME Mattermost/button_nguyenvanb_style--none sidebar-heade_3f663e' is clicked on

2021-05-30 15:48:43 - [TEST_STEP][PASSED] - click(findTestObject("Object Repository/Change Email/Page_TEST CHANNEL - TEAM NAME Mattermost/button_Account Settings")): Object: 'Object Repository/Change Email/Page_TEST CHANNEL - TEAM NAME Mattermost/button_Account Settings' is clicked on

2021-05-30 15:48:43 - [MESSAGE][PASSED] - Object: 'Object Repository/Change Email/Page_TEST CHANNEL - TEAM NAME Mattermost/button_Account Settings' is clicked on

2021-05-30 15:48:43 - [TEST_STEP][PASSED] - click(findTestObject("Object Repository/Change Email/Page_TEST CHANNEL - TEAM NAME Mattermost/span_Edit")): Object: 'Object Repository/Change Email/Page_TEST CHANNEL - TEAM NAME Mattermost/span_Edit' is clicked on

2021-05-30 15:48:44 - [MESSAGE][PASSED] - Object: 'Object Repository/Change Email/Page_TEST CHANNEL - TEAM NAME Mattermost/span_Edit' is clicked on

2021-05-30 15:48:44 - [TEST_STEP][PASSED] - setText(findTestObject("Object Repository/Change Email/Page_TEST CHANNEL - TEAM NAME Mattermost/input_New Email_primaryEmail"), findTestData("Data CSV/Email").getValue(1, rowNum)): Text 'thotuan@gmail.com' is set on object 'Object Repository/Change Email/Page_TEST CHANNEL - TEAM NAME Mattermost/input_New Email_primaryEmail'

2021-05-30 15:48:45 - [MESSAGE][PASSED] - Text 'thotuan@gmail.com' is set on object 'Object Repository/Change Email/Page_TEST CHANNEL - TEAM NAME Mattermost/input_New Email_primaryEmail'

2021-05-30 15:48:45 - [TEST_STEP][PASSED] - setText(findTestObject("Object Repository/Change Email/Page_TEST CHANNEL - TEAM NAME Mattermost/input_Confirm Email_confirmEmail"), findTestData("Data CSV/Email").getValue(1, rowNum)): Text 'thotuan@gmail.com' is set on object 'Object Repository/Change Email/Page_TEST CHANNEL - TEAM NAME Mattermost/input_Confirm Email_confirmEmail'

2021-05-30 15:48:45 - [MESSAGE][PASSED] - Text 'thotuan@gmail.com' is set on object 'Object Repository/Change Email/Page_TEST CHANNEL - TEAM NAME Mattermost/input_Confirm Email_confirmEmail'

2021-05-30 15:48:45 - [TEST_STEP][PASSED] - setText(findTestObject("Object Repository/Change Email/Page_TEST CHANNEL - TEAM NAME Mattermost/input_Current Password_currentPassword"), "Tung@123456"): Text 'Tung@123456' is set on object 'Object Repository/Change Email/Page_TEST CHANNEL - TEAM NAME Mattermost/input_Current Password_currentPassword'

2021-05-30 15:48:46 - [MESSAGE][PASSED] - Text 'Tung@123456' is set on object 'Object Repository/Change Email/Page_TEST CHANNEL - TEAM NAME Mattermost/input_Current Password_currentPassword'

2021-05-30 15:48:46 - [TEST_STEP][PASSED] - click(findTestObject("Object Repository/Change Email/Page_TEST CHANNEL - TEAM NAME Mattermost/button_Save")): Object: 'Object Repository/Change Email/Page_TEST CHANNEL - TEAM NAME Mattermost/button_Save' is clicked on

2021-05-30 15:48:46 - [MESSAGE][PASSED] - Object: 'Object Repository/Change Email/Page_TEST CHANNEL - TEAM NAME Mattermost/button_Save' is clicked on

2021-05-30 15:48:46 - [TEST_STEP][PASSED] - click(findTestObject("Object Repository/Change Email/Page_TEST CHANNEL - TEAM NAME Mattermost/span_")): Object: 'Object Repository/Change Email/Page_TEST CHANNEL - TEAM NAME Mattermost/span_' is clicked on

2021-05-30 15:48:47 - [MESSAGE][PASSED] - Object: 'Object Repository/Change Email/Page_TEST CHANNEL - TEAM NAME Mattermost/span_' is clicked on

2021-05-30 15:48:47 - [TEST_STEP][PASSED] - click(findTestObject("Object Repository/Change Email/Page_TEST CHANNEL - TEAM NAME Mattermost/button_nguyenvanb_style--none sidebar-heade_3f663e")): Object: 'Object Repository/Change Email/Page_TEST CHANNEL - TEAM NAME Mattermost/button_nguyenvanb_style--none sidebar-heade_3f663e' is clicked on

2021-05-30 15:48:47 - [MESSAGE][PASSED] - Object: 'Object Repository/Change Email/Page_TEST CHANNEL - TEAM NAME Mattermost/button_nguyenvanb_style--none sidebar-heade_3f663e' is clicked on

2021-05-30 15:48:47 - [TEST_STEP][PASSED] - click(findTestObject("Object Repository/Change Email/Page_TEST CHANNEL - TEAM NAME Mattermost/button_Account Settings")): Object: 'Object Repository/Change Email/Page_TEST CHANNEL - TEAM NAME Mattermost/button_Account Settings' is clicked on

2021-05-30 15:48:48 - [MESSAGE][PASSED] - Object: 'Object Repository/Change Email/Page_TEST CHANNEL - TEAM NAME Mattermost/button_Account Settings' is clicked on

2021-05-30 15:48:48 - [TEST_STEP][PASSED] - click(findTestObject("Object Repository/Change Email/Page_TEST CHANNEL - TEAM NAME Mattermost/span_Edit")): Object: 'Object Repository/Change Email/Page_TEST CHANNEL - TEAM NAME Mattermost/span_Edit' is clicked on

2021-05-30 15:48:48 - [MESSAGE][PASSED] - Object: 'Object Repository/Change Email/Page_TEST CHANNEL - TEAM NAME Mattermost/span_Edit' is clicked on

2021-05-30 15:48:48 - [TEST_STEP][PASSED] - setText(findTestObject("Object Repository/Change Email/Page_TEST CHANNEL - TEAM NAME Mattermost/input_New Email_primaryEmail"), findTestData("Data CSV/Email").getValue(1, rowNum)): Text 'xuantuan@gmail.com' is set on object 'Object Repository/Change Email/Page_TEST CHANNEL - TEAM NAME Mattermost/input_New Email_primaryEmail'

2021-05-30 15:48:49 - [MESSAGE][PASSED] - Text 'xuantuan@gmail.com' is set on object 'Object Repository/Change Email/Page_TEST CHANNEL - TEAM NAME Mattermost/input_New Email_primaryEmail'

2021-05-30 15:48:49 - [TEST_STEP][PASSED] - setText(findTestObject("Object Repository/Change Email/Page_TEST CHANNEL - TEAM NAME Mattermost/input_Confirm Email_confirmEmail"), findTestData("Data CSV/Email").getValue(1, rowNum)): Text 'xuantuan@gmail.com' is set on object 'Object Repository/Change Email/Page_TEST CHANNEL - TEAM NAME Mattermost/input_Confirm Email_confirmEmail'

2021-05-30 15:48:50 - [MESSAGE][PASSED] - Text 'xuantuan@gmail.com' is set on object 'Object Repository/Change Email/Page_TEST CHANNEL - TEAM NAME Mattermost/input_Confirm Email_confirmEmail'

2021-05-30 15:48:50 - [TEST_STEP][PASSED] - setText(findTestObject("Object Repository/Change Email/Page_TEST CHANNEL - TEAM NAME Mattermost/input_Current Password_currentPassword"), "Tung@123456"): Text 'Tung@123456' is set on object 'Object Repository/Change Email/Page_TEST CHANNEL - TEAM NAME Mattermost/input_Current Password_currentPassword'

2021-05-30 15:48:50 - [MESSAGE][PASSED] - Text 'Tung@123456' is set on object 'Object Repository/Change Email/Page_TEST CHANNEL - TEAM NAME Mattermost/input_Current Password_currentPassword'

2021-05-30 15:48:50 - [TEST_STEP][PASSED] - click(findTestObject("Object Repository/Change Email/Page_TEST CHANNEL - TEAM NAME Mattermost/button_Save")): Object: 'Object Repository/Change Email/Page_TEST CHANNEL - TEAM NAME Mattermost/button_Save' is clicked on

2021-05-30 15:48:51 - [MESSAGE][PASSED] - Object: 'Object Repository/Change Email/Page_TEST CHANNEL - TEAM NAME Mattermost/button_Save' is clicked on

2021-05-30 15:48:51 - [TEST_STEP][PASSED] - click(findTestObject("Object Repository/Change Email/Page_TEST CHANNEL - TEAM NAME Mattermost/span_")): Object: 'Object Repository/Change Email/Page_TEST CHANNEL - TEAM NAME Mattermost/span_' is clicked on

2021-05-30 15:48:51 - [MESSAGE][PASSED] - Object: 'Object Repository/Change Email/Page_TEST CHANNEL - TEAM NAME Mattermost/span_' is clicked on

2021-05-30 15:48:51 - [TEST_STEP][PASSED] - click(findTestObject("Object Repository/Change Email/Page_TEST CHANNEL - TEAM NAME Mattermost/button_nguyenvanb_style--none sidebar-heade_3f663e")): Object: 'Object Repository/Change Email/Page_TEST CHANNEL - TEAM NAME Mattermost/button_nguyenvanb_style--none sidebar-heade_3f663e' is clicked on

2021-05-30 15:48:52 - [MESSAGE][PASSED] - Object: 'Object Repository/Change Email/Page_TEST CHANNEL - TEAM NAME Mattermost/button_nguyenvanb_style--none sidebar-heade_3f663e' is clicked on

2021-05-30 15:48:52 - [TEST_STEP][PASSED] - click(findTestObject("Object Repository/Change Email/Page_TEST CHANNEL - TEAM NAME Mattermost/button_Account Settings")): Object: 'Object Repository/Change Email/Page_TEST CHANNEL - TEAM NAME Mattermost/button_Account Settings' is clicked on

2021-05-30 15:48:52 - [MESSAGE][PASSED] - Object: 'Object Repository/Change Email/Page_TEST CHANNEL - TEAM NAME Mattermost/button_Account Settings' is clicked on

2021-05-30 15:48:52 - [TEST_STEP][PASSED] - click(findTestObject("Object Repository/Change Email/Page_TEST CHANNEL - TEAM NAME Mattermost/span_Edit")): Object: 'Object Repository/Change Email/Page_TEST CHANNEL - TEAM NAME Mattermost/span_Edit' is clicked on

2021-05-30 15:48:53 - [MESSAGE][PASSED] - Object: 'Object Repository/Change Email/Page_TEST CHANNEL - TEAM NAME Mattermost/span_Edit' is clicked on

2021-05-30 15:48:53 - [TEST_STEP][PASSED] - setText(findTestObject("Object Repository/Change Email/Page_TEST CHANNEL - TEAM NAME Mattermost/input_New Email_primaryEmail"), findTestData("Data CSV/Email").getValue(1, rowNum)): Text 'minhvu@gmail.com' is set on object 'Object Repository/Change Email/Page_TEST CHANNEL - TEAM NAME Mattermost/input_New Email_primaryEmail'

2021-05-30 15:48:54 - [MESSAGE][PASSED] - Text 'minhvu@gmail.com' is set on object 'Object Repository/Change Email/Page_TEST CHANNEL - TEAM NAME Mattermost/input_New Email_primaryEmail'

2021-05-30 15:48:54 - [TEST_STEP][PASSED] - setText(findTestObject("Object Repository/Change Email/Page_TEST CHANNEL - TEAM NAME Mattermost/input_Confirm Email_confirmEmail"), findTestData("Data CSV/Email").getValue(1, rowNum)): Text 'minhvu@gmail.com' is set on object 'Object Repository/Change Email/Page_TEST CHANNEL - TEAM NAME Mattermost/input_Confirm Email_confirmEmail'

2021-05-30 15:48:54 - [MESSAGE][PASSED] - Text 'minhvu@gmail.com' is set on object 'Object Repository/Change Email/Page_TEST CHANNEL - TEAM NAME Mattermost/input_Confirm Email_confirmEmail'

2021-05-30 15:48:54 - [TEST_STEP][PASSED] - setText(findTestObject("Object Repository/Change Email/Page_TEST CHANNEL - TEAM NAME Mattermost/input_Current Password_currentPassword"), "Tung@123456"): Text 'Tung@123456' is set on object 'Object Repository/Change Email/Page_TEST CHANNEL - TEAM NAME Mattermost/input_Current Password_currentPassword'

2021-05-30 15:48:55 - [MESSAGE][PASSED] - Text 'Tung@123456' is set on object 'Object Repository/Change Email/Page_TEST CHANNEL - TEAM NAME Mattermost/input_Current Password_currentPassword'

2021-05-30 15:48:55 - [TEST_STEP][PASSED] - click(findTestObject("Object Repository/Change Email/Page_TEST CHANNEL - TEAM NAME Mattermost/button_Save")): Object: 'Object Repository/Change Email/Page_TEST CHANNEL - TEAM NAME Mattermost/button_Save' is clicked on

2021-05-30 15:48:55 - [MESSAGE][PASSED] - Object: 'Object Repository/Change Email/Page_TEST CHANNEL - TEAM NAME Mattermost/button_Save' is clicked on

2021-05-30 15:48:55 - [TEST_STEP][PASSED] - click(findTestObject("Object Repository/Change Email/Page_TEST CHANNEL - TEAM NAME Mattermost/span_")): Object: 'Object Repository/Change Email/Page_TEST CHANNEL - TEAM NAME Mattermost/span_' is clicked on

2021-05-30 15:48:56 - [MESSAGE][PASSED] - Object: 'Object Repository/Change Email/Page_TEST CHANNEL - TEAM NAME Mattermost/span_' is clicked on

2021-05-30 15:48:56 - [TEST_STEP][PASSED] - click(findTestObject("Object Repository/Change Email/Page_TEST CHANNEL - TEAM NAME Mattermost/button_nguyenvanb_style--none sidebar-heade_3f663e")): Object: 'Object Repository/Change Email/Page_TEST CHANNEL - TEAM NAME Mattermost/button_nguyenvanb_style--none sidebar-heade_3f663e' is clicked on

2021-05-30 15:48:56 - [MESSAGE][PASSED] - Object: 'Object Repository/Change Email/Page_TEST CHANNEL - TEAM NAME Mattermost/button_nguyenvanb_style--none sidebar-heade_3f663e' is clicked on

2021-05-30 15:48:56 - [TEST_STEP][PASSED] - click(findTestObject("Object Repository/Change Email/Page_TEST CHANNEL - TEAM NAME Mattermost/button_Account Settings")): Object: 'Object Repository/Change Email/Page_TEST CHANNEL - TEAM NAME Mattermost/button_Account Settings' is clicked on

2021-05-30 15:48:57 - [MESSAGE][PASSED] - Object: 'Object Repository/Change Email/Page_TEST CHANNEL - TEAM NAME Mattermost/button_Account Settings' is clicked on

2021-05-30 15:48:57 - [TEST_STEP][PASSED] - click(findTestObject("Object Repository/Change Email/Page_TEST CHANNEL - TEAM NAME Mattermost/span_Edit")): Object: 'Object Repository/Change Email/Page_TEST CHANNEL - TEAM NAME Mattermost/span_Edit' is clicked on

2021-05-30 15:48:57 - [MESSAGE][PASSED] - Object: 'Object Repository/Change Email/Page_TEST CHANNEL - TEAM NAME Mattermost/span_Edit' is clicked on

2021-05-30 15:48:57 - [TEST_STEP][PASSED] - setText(findTestObject("Object Repository/Change Email/Page_TEST CHANNEL - TEAM NAME Mattermost/input_New Email_primaryEmail"), findTestData("Data CSV/Email").getValue(1, rowNum)): Text 'chudenangcao@gmail.com' is set on object 'Object Repository/Change Email/Page_TEST CHANNEL - TEAM NAME Mattermost/input_New Email_primaryEmail'

2021-05-30 15:48:58 - [MESSAGE][PASSED] - Text 'chudenangcao@gmail.com' is set on object 'Object Repository/Change Email/Page_TEST CHANNEL - TEAM NAME Mattermost/input_New Email_primaryEmail'

2021-05-30 15:48:58 - [TEST_STEP][PASSED] - setText(findTestObject("Object Repository/Change Email/Page_TEST CHANNEL - TEAM NAME Mattermost/input_Confirm Email_confirmEmail"), findTestData("Data CSV/Email").getValue(1, rowNum)): Text 'chudenangcao@gmail.com' is set on object 'Object Repository/Change Email/Page_TEST CHANNEL - TEAM NAME Mattermost/input_Confirm Email_confirmEmail'

2021-05-30 15:48:59 - [MESSAGE][PASSED] - Text 'chudenangcao@gmail.com' is set on object 'Object Repository/Change Email/Page_TEST CHANNEL - TEAM NAME Mattermost/input_Confirm Email_confirmEmail'

2021-05-30 15:48:59 - [TEST_STEP][PASSED] - setText(findTestObject("Object Repository/Change Email/Page_TEST CHANNEL - TEAM NAME Mattermost/input_Current Password_currentPassword"), "Tung@123456"): Text 'Tung@123456' is set on object 'Object Repository/Change Email/Page_TEST CHANNEL - TEAM NAME Mattermost/input_Current Password_currentPassword'

2021-05-30 15:48:59 - [MESSAGE][PASSED] - Text 'Tung@123456' is set on object 'Object Repository/Change Email/Page_TEST CHANNEL - TEAM NAME Mattermost/input_Current Password_currentPassword'

2021-05-30 15:48:59 - [TEST_STEP][PASSED] - click(findTestObject("Object Repository/Change Email/Page_TEST CHANNEL - TEAM NAME Mattermost/button_Save")): Object: 'Object Repository/Change Email/Page_TEST CHANNEL - TEAM NAME Mattermost/button_Save' is clicked on

2021-05-30 15:49:00 - [MESSAGE][PASSED] - Object: 'Object Repository/Change Email/Page_TEST CHANNEL - TEAM NAME Mattermost/button_Save' is clicked on

2021-05-30 15:49:00 - [TEST_STEP][PASSED] - click(findTestObject("Object Repository/Change Email/Page_TEST CHANNEL - TEAM NAME Mattermost/span_")): Object: 'Object Repository/Change Email/Page_TEST CHANNEL - TEAM NAME Mattermost/span_' is clicked on

2021-05-30 15:49:01 - [MESSAGE][PASSED] - Object: 'Object Repository/Change Email/Page_TEST CHANNEL - TEAM NAME Mattermost/span_' is clicked on

2021-05-30 15:49:01 - [TEST_STEP][PASSED] - closeBrowser(): Browser is closed

2021-05-30 15:49:01 - [MESSAGE][PASSED] - Browser is closed]]></system-out>
         <system-err><![CDATA[]]></system-err>
      </testcase>
      <testcase name="Test Cases/Data CSV Test Case/LoginWrongEmail" time="15.484" classname="Test Cases/Data CSV Test Case/LoginWrongEmail" status="PASSED">
         <system-out><![CDATA[2021-05-30 15:49:01 - [TEST_CASE][PASSED] - Test Cases/Data CSV Test Case/LoginWrongEmail: Test Cases/Data CSV Test Case/LoginWrongEmail

2021-05-30 15:49:01 - [TEST_STEP][PASSED] - openBrowser(""): Browser is opened with url: ''

2021-05-30 15:49:01 - [MESSAGE][INFO] - Starting 'Chrome' driver

2021-05-30 15:49:01 - [MESSAGE][INFO] - Action delay is set to 0 milliseconds

2021-05-30 15:49:03 - [MESSAGE][PASSED] - Browser is opened with url: ''

2021-05-30 15:49:03 - [TEST_STEP][PASSED] - navigateToUrl("https://chudenangcao2021.cf/"): Navigate to 'https://chudenangcao2021.cf/' successfully

2021-05-30 15:49:03 - [MESSAGE][PASSED] - Navigate to 'https://chudenangcao2021.cf/' successfully

2021-05-30 15:49:03 - [TEST_STEP][PASSED] - for ([rowNum = 1, rowNum <= findTestData("Data CSV/Wrong Email").getRowNumbers(), (rowNum++)]): Object 'Object Repository/Wrong Password/Page_Mattermost/label_Enter a valid email or username andor_ef8acb' is present

2021-05-30 15:49:03 - [TEST_STEP][PASSED] - setText(findTestObject("Object Repository/Wrong Password/Page_Mattermost/input_All team communication in one place, _dcc84b"), findTestData("Data CSV/Wrong Email").getValue(1, rowNum)): Text 'thanhtung@gmail.com' is set on object 'Object Repository/Wrong Password/Page_Mattermost/input_All team communication in one place, _dcc84b'

2021-05-30 15:49:05 - [MESSAGE][PASSED] - Text 'thanhtung@gmail.com' is set on object 'Object Repository/Wrong Password/Page_Mattermost/input_All team communication in one place, _dcc84b'

2021-05-30 15:49:05 - [TEST_STEP][PASSED] - setText(findTestObject("Object Repository/Wrong Password/Page_Mattermost/input_All team communication in one place, _a3edc6"), "Tung@123456"): Text 'Tung@123456' is set on object 'Object Repository/Wrong Password/Page_Mattermost/input_All team communication in one place, _a3edc6'

2021-05-30 15:49:05 - [MESSAGE][PASSED] - Text 'Tung@123456' is set on object 'Object Repository/Wrong Password/Page_Mattermost/input_All team communication in one place, _a3edc6'

2021-05-30 15:49:05 - [TEST_STEP][PASSED] - click(findTestObject("Object Repository/Wrong Password/Page_Mattermost/button_Sign in")): Object: 'Object Repository/Wrong Password/Page_Mattermost/button_Sign in' is clicked on

2021-05-30 15:49:06 - [MESSAGE][PASSED] - Object: 'Object Repository/Wrong Password/Page_Mattermost/button_Sign in' is clicked on

2021-05-30 15:49:06 - [TEST_STEP][PASSED] - verifyElementPresent(findTestObject("Object Repository/Wrong Password/Page_Mattermost/label_Enter a valid email or username andor_ef8acb"), 0): Object 'Object Repository/Wrong Password/Page_Mattermost/label_Enter a valid email or username andor_ef8acb' is present

2021-05-30 15:49:06 - [MESSAGE][WARNING] - Timeout '0' is invalid. Using default page load timeout: '30'

2021-05-30 15:49:06 - [MESSAGE][PASSED] - Object 'Object Repository/Wrong Password/Page_Mattermost/label_Enter a valid email or username andor_ef8acb' is present

2021-05-30 15:49:06 - [TEST_STEP][PASSED] - setText(findTestObject("Object Repository/Wrong Password/Page_Mattermost/input_All team communication in one place, _dcc84b"), findTestData("Data CSV/Wrong Email").getValue(1, rowNum)): Text 'thotuan@gmail.com' is set on object 'Object Repository/Wrong Password/Page_Mattermost/input_All team communication in one place, _dcc84b'

2021-05-30 15:49:07 - [MESSAGE][PASSED] - Text 'thotuan@gmail.com' is set on object 'Object Repository/Wrong Password/Page_Mattermost/input_All team communication in one place, _dcc84b'

2021-05-30 15:49:07 - [TEST_STEP][PASSED] - setText(findTestObject("Object Repository/Wrong Password/Page_Mattermost/input_All team communication in one place, _a3edc6"), "Tung@123456"): Text 'Tung@123456' is set on object 'Object Repository/Wrong Password/Page_Mattermost/input_All team communication in one place, _a3edc6'

2021-05-30 15:49:08 - [MESSAGE][PASSED] - Text 'Tung@123456' is set on object 'Object Repository/Wrong Password/Page_Mattermost/input_All team communication in one place, _a3edc6'

2021-05-30 15:49:08 - [TEST_STEP][PASSED] - click(findTestObject("Object Repository/Wrong Password/Page_Mattermost/button_Sign in")): Object: 'Object Repository/Wrong Password/Page_Mattermost/button_Sign in' is clicked on

2021-05-30 15:49:08 - [MESSAGE][PASSED] - Object: 'Object Repository/Wrong Password/Page_Mattermost/button_Sign in' is clicked on

2021-05-30 15:49:08 - [TEST_STEP][PASSED] - verifyElementPresent(findTestObject("Object Repository/Wrong Password/Page_Mattermost/label_Enter a valid email or username andor_ef8acb"), 0): Object 'Object Repository/Wrong Password/Page_Mattermost/label_Enter a valid email or username andor_ef8acb' is present

2021-05-30 15:49:08 - [MESSAGE][WARNING] - Timeout '0' is invalid. Using default page load timeout: '30'

2021-05-30 15:49:09 - [MESSAGE][PASSED] - Object 'Object Repository/Wrong Password/Page_Mattermost/label_Enter a valid email or username andor_ef8acb' is present

2021-05-30 15:49:09 - [TEST_STEP][PASSED] - setText(findTestObject("Object Repository/Wrong Password/Page_Mattermost/input_All team communication in one place, _dcc84b"), findTestData("Data CSV/Wrong Email").getValue(1, rowNum)): Text 'xuantuan@gmail.com' is set on object 'Object Repository/Wrong Password/Page_Mattermost/input_All team communication in one place, _dcc84b'

2021-05-30 15:49:09 - [MESSAGE][PASSED] - Text 'xuantuan@gmail.com' is set on object 'Object Repository/Wrong Password/Page_Mattermost/input_All team communication in one place, _dcc84b'

2021-05-30 15:49:09 - [TEST_STEP][PASSED] - setText(findTestObject("Object Repository/Wrong Password/Page_Mattermost/input_All team communication in one place, _a3edc6"), "Tung@123456"): Text 'Tung@123456' is set on object 'Object Repository/Wrong Password/Page_Mattermost/input_All team communication in one place, _a3edc6'

2021-05-30 15:49:10 - [MESSAGE][PASSED] - Text 'Tung@123456' is set on object 'Object Repository/Wrong Password/Page_Mattermost/input_All team communication in one place, _a3edc6'

2021-05-30 15:49:10 - [TEST_STEP][PASSED] - click(findTestObject("Object Repository/Wrong Password/Page_Mattermost/button_Sign in")): Object: 'Object Repository/Wrong Password/Page_Mattermost/button_Sign in' is clicked on

2021-05-30 15:49:11 - [MESSAGE][PASSED] - Object: 'Object Repository/Wrong Password/Page_Mattermost/button_Sign in' is clicked on

2021-05-30 15:49:11 - [TEST_STEP][PASSED] - verifyElementPresent(findTestObject("Object Repository/Wrong Password/Page_Mattermost/label_Enter a valid email or username andor_ef8acb"), 0): Object 'Object Repository/Wrong Password/Page_Mattermost/label_Enter a valid email or username andor_ef8acb' is present

2021-05-30 15:49:11 - [MESSAGE][WARNING] - Timeout '0' is invalid. Using default page load timeout: '30'

2021-05-30 15:49:11 - [MESSAGE][PASSED] - Object 'Object Repository/Wrong Password/Page_Mattermost/label_Enter a valid email or username andor_ef8acb' is present

2021-05-30 15:49:11 - [TEST_STEP][PASSED] - setText(findTestObject("Object Repository/Wrong Password/Page_Mattermost/input_All team communication in one place, _dcc84b"), findTestData("Data CSV/Wrong Email").getValue(1, rowNum)): Text 'minhvu@gmail.com' is set on object 'Object Repository/Wrong Password/Page_Mattermost/input_All team communication in one place, _dcc84b'

2021-05-30 15:49:12 - [MESSAGE][PASSED] - Text 'minhvu@gmail.com' is set on object 'Object Repository/Wrong Password/Page_Mattermost/input_All team communication in one place, _dcc84b'

2021-05-30 15:49:12 - [TEST_STEP][PASSED] - setText(findTestObject("Object Repository/Wrong Password/Page_Mattermost/input_All team communication in one place, _a3edc6"), "Tung@123456"): Text 'Tung@123456' is set on object 'Object Repository/Wrong Password/Page_Mattermost/input_All team communication in one place, _a3edc6'

2021-05-30 15:49:13 - [MESSAGE][PASSED] - Text 'Tung@123456' is set on object 'Object Repository/Wrong Password/Page_Mattermost/input_All team communication in one place, _a3edc6'

2021-05-30 15:49:13 - [TEST_STEP][PASSED] - click(findTestObject("Object Repository/Wrong Password/Page_Mattermost/button_Sign in")): Object: 'Object Repository/Wrong Password/Page_Mattermost/button_Sign in' is clicked on

2021-05-30 15:49:13 - [MESSAGE][PASSED] - Object: 'Object Repository/Wrong Password/Page_Mattermost/button_Sign in' is clicked on

2021-05-30 15:49:13 - [TEST_STEP][PASSED] - verifyElementPresent(findTestObject("Object Repository/Wrong Password/Page_Mattermost/label_Enter a valid email or username andor_ef8acb"), 0): Object 'Object Repository/Wrong Password/Page_Mattermost/label_Enter a valid email or username andor_ef8acb' is present

2021-05-30 15:49:13 - [MESSAGE][WARNING] - Timeout '0' is invalid. Using default page load timeout: '30'

2021-05-30 15:49:14 - [MESSAGE][PASSED] - Object 'Object Repository/Wrong Password/Page_Mattermost/label_Enter a valid email or username andor_ef8acb' is present

2021-05-30 15:49:14 - [TEST_STEP][PASSED] - setText(findTestObject("Object Repository/Wrong Password/Page_Mattermost/input_All team communication in one place, _dcc84b"), findTestData("Data CSV/Wrong Email").getValue(1, rowNum)): Text 'dacnpm@gmail.com' is set on object 'Object Repository/Wrong Password/Page_Mattermost/input_All team communication in one place, _dcc84b'

2021-05-30 15:49:14 - [MESSAGE][PASSED] - Text 'dacnpm@gmail.com' is set on object 'Object Repository/Wrong Password/Page_Mattermost/input_All team communication in one place, _dcc84b'

2021-05-30 15:49:14 - [TEST_STEP][PASSED] - setText(findTestObject("Object Repository/Wrong Password/Page_Mattermost/input_All team communication in one place, _a3edc6"), "Tung@123456"): Text 'Tung@123456' is set on object 'Object Repository/Wrong Password/Page_Mattermost/input_All team communication in one place, _a3edc6'

2021-05-30 15:49:15 - [MESSAGE][PASSED] - Text 'Tung@123456' is set on object 'Object Repository/Wrong Password/Page_Mattermost/input_All team communication in one place, _a3edc6'

2021-05-30 15:49:15 - [TEST_STEP][PASSED] - click(findTestObject("Object Repository/Wrong Password/Page_Mattermost/button_Sign in")): Object: 'Object Repository/Wrong Password/Page_Mattermost/button_Sign in' is clicked on

2021-05-30 15:49:16 - [MESSAGE][PASSED] - Object: 'Object Repository/Wrong Password/Page_Mattermost/button_Sign in' is clicked on

2021-05-30 15:49:16 - [TEST_STEP][PASSED] - verifyElementPresent(findTestObject("Object Repository/Wrong Password/Page_Mattermost/label_Enter a valid email or username andor_ef8acb"), 0): Object 'Object Repository/Wrong Password/Page_Mattermost/label_Enter a valid email or username andor_ef8acb' is present

2021-05-30 15:49:16 - [MESSAGE][WARNING] - Timeout '0' is invalid. Using default page load timeout: '30'

2021-05-30 15:49:16 - [MESSAGE][PASSED] - Object 'Object Repository/Wrong Password/Page_Mattermost/label_Enter a valid email or username andor_ef8acb' is present

2021-05-30 15:49:16 - [TEST_STEP][PASSED] - closeBrowser(): Browser is closed

2021-05-30 15:49:17 - [MESSAGE][PASSED] - Browser is closed]]></system-out>
         <system-err><![CDATA[]]></system-err>
      </testcase>
      <testcase name="Test Cases/Data CSV Test Case/LoginWrongPassword" time="15.892" classname="Test Cases/Data CSV Test Case/LoginWrongPassword" status="PASSED">
         <system-out><![CDATA[2021-05-30 15:49:17 - [TEST_CASE][PASSED] - Test Cases/Data CSV Test Case/LoginWrongPassword: Test Cases/Data CSV Test Case/LoginWrongPassword

2021-05-30 15:49:17 - [TEST_STEP][PASSED] - openBrowser(""): Browser is opened with url: ''

2021-05-30 15:49:17 - [MESSAGE][INFO] - Starting 'Chrome' driver

2021-05-30 15:49:17 - [MESSAGE][INFO] - Action delay is set to 0 milliseconds

2021-05-30 15:49:18 - [MESSAGE][PASSED] - Browser is opened with url: ''

2021-05-30 15:49:18 - [TEST_STEP][PASSED] - navigateToUrl("https://chudenangcao2021.cf/"): Navigate to 'https://chudenangcao2021.cf/' successfully

2021-05-30 15:49:19 - [MESSAGE][PASSED] - Navigate to 'https://chudenangcao2021.cf/' successfully

2021-05-30 15:49:19 - [TEST_STEP][PASSED] - for ([rowNum = 1, rowNum <= findTestData("Data CSV/Wrong Password").getRowNumbers(), (rowNum++)]): Object 'Object Repository/Wrong Password/Page_Mattermost/label_Enter a valid email or username andor_ef8acb' is present

2021-05-30 15:49:19 - [TEST_STEP][PASSED] - setText(findTestObject("Object Repository/Wrong Password/Page_Mattermost/input_All team communication in one place, _dcc84b"), "nguyenvana"): Text 'nguyenvana' is set on object 'Object Repository/Wrong Password/Page_Mattermost/input_All team communication in one place, _dcc84b'

2021-05-30 15:49:20 - [MESSAGE][PASSED] - Text 'nguyenvana' is set on object 'Object Repository/Wrong Password/Page_Mattermost/input_All team communication in one place, _dcc84b'

2021-05-30 15:49:20 - [TEST_STEP][PASSED] - setText(findTestObject("Object Repository/Wrong Password/Page_Mattermost/input_All team communication in one place, _a3edc6"), findTestData("Data CSV/Wrong Password").getValue(1, rowNum)): Text '123456' is set on object 'Object Repository/Wrong Password/Page_Mattermost/input_All team communication in one place, _a3edc6'

2021-05-30 15:49:21 - [MESSAGE][PASSED] - Text '123456' is set on object 'Object Repository/Wrong Password/Page_Mattermost/input_All team communication in one place, _a3edc6'

2021-05-30 15:49:21 - [TEST_STEP][PASSED] - click(findTestObject("Object Repository/Wrong Password/Page_Mattermost/button_Sign in")): Object: 'Object Repository/Wrong Password/Page_Mattermost/button_Sign in' is clicked on

2021-05-30 15:49:22 - [MESSAGE][PASSED] - Object: 'Object Repository/Wrong Password/Page_Mattermost/button_Sign in' is clicked on

2021-05-30 15:49:22 - [TEST_STEP][PASSED] - verifyElementPresent(findTestObject("Object Repository/Wrong Password/Page_Mattermost/label_Enter a valid email or username andor_ef8acb"), 0): Object 'Object Repository/Wrong Password/Page_Mattermost/label_Enter a valid email or username andor_ef8acb' is present

2021-05-30 15:49:22 - [MESSAGE][WARNING] - Timeout '0' is invalid. Using default page load timeout: '30'

2021-05-30 15:49:22 - [MESSAGE][PASSED] - Object 'Object Repository/Wrong Password/Page_Mattermost/label_Enter a valid email or username andor_ef8acb' is present

2021-05-30 15:49:22 - [TEST_STEP][PASSED] - setText(findTestObject("Object Repository/Wrong Password/Page_Mattermost/input_All team communication in one place, _dcc84b"), "nguyenvana"): Text 'nguyenvana' is set on object 'Object Repository/Wrong Password/Page_Mattermost/input_All team communication in one place, _dcc84b'

2021-05-30 15:49:23 - [MESSAGE][PASSED] - Text 'nguyenvana' is set on object 'Object Repository/Wrong Password/Page_Mattermost/input_All team communication in one place, _dcc84b'

2021-05-30 15:49:23 - [TEST_STEP][PASSED] - setText(findTestObject("Object Repository/Wrong Password/Page_Mattermost/input_All team communication in one place, _a3edc6"), findTestData("Data CSV/Wrong Password").getValue(1, rowNum)): Text 'minhvu12' is set on object 'Object Repository/Wrong Password/Page_Mattermost/input_All team communication in one place, _a3edc6'

2021-05-30 15:49:23 - [MESSAGE][PASSED] - Text 'minhvu12' is set on object 'Object Repository/Wrong Password/Page_Mattermost/input_All team communication in one place, _a3edc6'

2021-05-30 15:49:23 - [TEST_STEP][PASSED] - click(findTestObject("Object Repository/Wrong Password/Page_Mattermost/button_Sign in")): Object: 'Object Repository/Wrong Password/Page_Mattermost/button_Sign in' is clicked on

2021-05-30 15:49:24 - [MESSAGE][PASSED] - Object: 'Object Repository/Wrong Password/Page_Mattermost/button_Sign in' is clicked on

2021-05-30 15:49:24 - [TEST_STEP][PASSED] - verifyElementPresent(findTestObject("Object Repository/Wrong Password/Page_Mattermost/label_Enter a valid email or username andor_ef8acb"), 0): Object 'Object Repository/Wrong Password/Page_Mattermost/label_Enter a valid email or username andor_ef8acb' is present

2021-05-30 15:49:24 - [MESSAGE][WARNING] - Timeout '0' is invalid. Using default page load timeout: '30'

2021-05-30 15:49:25 - [MESSAGE][PASSED] - Object 'Object Repository/Wrong Password/Page_Mattermost/label_Enter a valid email or username andor_ef8acb' is present

2021-05-30 15:49:25 - [TEST_STEP][PASSED] - setText(findTestObject("Object Repository/Wrong Password/Page_Mattermost/input_All team communication in one place, _dcc84b"), "nguyenvana"): Text 'nguyenvana' is set on object 'Object Repository/Wrong Password/Page_Mattermost/input_All team communication in one place, _dcc84b'

2021-05-30 15:49:25 - [MESSAGE][PASSED] - Text 'nguyenvana' is set on object 'Object Repository/Wrong Password/Page_Mattermost/input_All team communication in one place, _dcc84b'

2021-05-30 15:49:25 - [TEST_STEP][PASSED] - setText(findTestObject("Object Repository/Wrong Password/Page_Mattermost/input_All team communication in one place, _a3edc6"), findTestData("Data CSV/Wrong Password").getValue(1, rowNum)): Text 'thanhtung' is set on object 'Object Repository/Wrong Password/Page_Mattermost/input_All team communication in one place, _a3edc6'

2021-05-30 15:49:26 - [MESSAGE][PASSED] - Text 'thanhtung' is set on object 'Object Repository/Wrong Password/Page_Mattermost/input_All team communication in one place, _a3edc6'

2021-05-30 15:49:26 - [TEST_STEP][PASSED] - click(findTestObject("Object Repository/Wrong Password/Page_Mattermost/button_Sign in")): Object: 'Object Repository/Wrong Password/Page_Mattermost/button_Sign in' is clicked on

2021-05-30 15:49:26 - [MESSAGE][PASSED] - Object: 'Object Repository/Wrong Password/Page_Mattermost/button_Sign in' is clicked on

2021-05-30 15:49:26 - [TEST_STEP][PASSED] - verifyElementPresent(findTestObject("Object Repository/Wrong Password/Page_Mattermost/label_Enter a valid email or username andor_ef8acb"), 0): Object 'Object Repository/Wrong Password/Page_Mattermost/label_Enter a valid email or username andor_ef8acb' is present

2021-05-30 15:49:26 - [MESSAGE][WARNING] - Timeout '0' is invalid. Using default page load timeout: '30'

2021-05-30 15:49:27 - [MESSAGE][PASSED] - Object 'Object Repository/Wrong Password/Page_Mattermost/label_Enter a valid email or username andor_ef8acb' is present

2021-05-30 15:49:27 - [TEST_STEP][PASSED] - setText(findTestObject("Object Repository/Wrong Password/Page_Mattermost/input_All team communication in one place, _dcc84b"), "nguyenvana"): Text 'nguyenvana' is set on object 'Object Repository/Wrong Password/Page_Mattermost/input_All team communication in one place, _dcc84b'

2021-05-30 15:49:28 - [MESSAGE][PASSED] - Text 'nguyenvana' is set on object 'Object Repository/Wrong Password/Page_Mattermost/input_All team communication in one place, _dcc84b'

2021-05-30 15:49:28 - [TEST_STEP][PASSED] - setText(findTestObject("Object Repository/Wrong Password/Page_Mattermost/input_All team communication in one place, _a3edc6"), findTestData("Data CSV/Wrong Password").getValue(1, rowNum)): Text 'tuan456' is set on object 'Object Repository/Wrong Password/Page_Mattermost/input_All team communication in one place, _a3edc6'

2021-05-30 15:49:28 - [MESSAGE][PASSED] - Text 'tuan456' is set on object 'Object Repository/Wrong Password/Page_Mattermost/input_All team communication in one place, _a3edc6'

2021-05-30 15:49:28 - [TEST_STEP][PASSED] - click(findTestObject("Object Repository/Wrong Password/Page_Mattermost/button_Sign in")): Object: 'Object Repository/Wrong Password/Page_Mattermost/button_Sign in' is clicked on

2021-05-30 15:49:29 - [MESSAGE][PASSED] - Object: 'Object Repository/Wrong Password/Page_Mattermost/button_Sign in' is clicked on

2021-05-30 15:49:29 - [TEST_STEP][PASSED] - verifyElementPresent(findTestObject("Object Repository/Wrong Password/Page_Mattermost/label_Enter a valid email or username andor_ef8acb"), 0): Object 'Object Repository/Wrong Password/Page_Mattermost/label_Enter a valid email or username andor_ef8acb' is present

2021-05-30 15:49:29 - [MESSAGE][WARNING] - Timeout '0' is invalid. Using default page load timeout: '30'

2021-05-30 15:49:29 - [MESSAGE][PASSED] - Object 'Object Repository/Wrong Password/Page_Mattermost/label_Enter a valid email or username andor_ef8acb' is present

2021-05-30 15:49:29 - [TEST_STEP][PASSED] - setText(findTestObject("Object Repository/Wrong Password/Page_Mattermost/input_All team communication in one place, _dcc84b"), "nguyenvana"): Text 'nguyenvana' is set on object 'Object Repository/Wrong Password/Page_Mattermost/input_All team communication in one place, _dcc84b'

2021-05-30 15:49:30 - [MESSAGE][PASSED] - Text 'nguyenvana' is set on object 'Object Repository/Wrong Password/Page_Mattermost/input_All team communication in one place, _dcc84b'

2021-05-30 15:49:30 - [TEST_STEP][PASSED] - setText(findTestObject("Object Repository/Wrong Password/Page_Mattermost/input_All team communication in one place, _a3edc6"), findTestData("Data CSV/Wrong Password").getValue(1, rowNum)): Text 'ttuan5689' is set on object 'Object Repository/Wrong Password/Page_Mattermost/input_All team communication in one place, _a3edc6'

2021-05-30 15:49:31 - [MESSAGE][PASSED] - Text 'ttuan5689' is set on object 'Object Repository/Wrong Password/Page_Mattermost/input_All team communication in one place, _a3edc6'

2021-05-30 15:49:31 - [TEST_STEP][PASSED] - click(findTestObject("Object Repository/Wrong Password/Page_Mattermost/button_Sign in")): Object: 'Object Repository/Wrong Password/Page_Mattermost/button_Sign in' is clicked on

2021-05-30 15:49:31 - [MESSAGE][PASSED] - Object: 'Object Repository/Wrong Password/Page_Mattermost/button_Sign in' is clicked on

2021-05-30 15:49:31 - [TEST_STEP][PASSED] - verifyElementPresent(findTestObject("Object Repository/Wrong Password/Page_Mattermost/label_Enter a valid email or username andor_ef8acb"), 0): Object 'Object Repository/Wrong Password/Page_Mattermost/label_Enter a valid email or username andor_ef8acb' is present

2021-05-30 15:49:31 - [MESSAGE][WARNING] - Timeout '0' is invalid. Using default page load timeout: '30'

2021-05-30 15:49:32 - [MESSAGE][PASSED] - Object 'Object Repository/Wrong Password/Page_Mattermost/label_Enter a valid email or username andor_ef8acb' is present

2021-05-30 15:49:32 - [TEST_STEP][PASSED] - closeBrowser(): Browser is closed

2021-05-30 15:49:33 - [MESSAGE][PASSED] - Browser is closed]]></system-out>
         <system-err><![CDATA[]]></system-err>
      </testcase>
      <testcase name="Test Cases/Data CSV Test Case/SearchMember" time="18.337" classname="Test Cases/Data CSV Test Case/SearchMember" status="PASSED">
         <system-out><![CDATA[2021-05-30 15:49:33 - [TEST_CASE][PASSED] - Test Cases/Data CSV Test Case/SearchMember: Test Cases/Data CSV Test Case/SearchMember

2021-05-30 15:49:33 - [TEST_STEP][PASSED] - callTestCase(findTestCase("Internal Test Cases/Successful Login"), ["Username":"", "Password":""], STOP_ON_FAILURE): Call Test Case 'Test Cases/Internal Test Cases/Successful Login' successfully

2021-05-30 15:49:33 - [TEST_CASE][PASSED] - Test Cases/Internal Test Cases/Successful Login: Test Cases/Internal Test Cases/Successful Login

2021-05-30 15:49:33 - [TEST_STEP][PASSED] - openBrowser(""): Browser is opened with url: ''

2021-05-30 15:49:33 - [MESSAGE][INFO] - Starting 'Chrome' driver

2021-05-30 15:49:33 - [MESSAGE][INFO] - Action delay is set to 0 milliseconds

2021-05-30 15:49:34 - [MESSAGE][PASSED] - Browser is opened with url: ''

2021-05-30 15:49:34 - [TEST_STEP][PASSED] - navigateToUrl("https://chudenangcao2021.cf/"): Navigate to 'https://chudenangcao2021.cf/' successfully

2021-05-30 15:49:35 - [MESSAGE][PASSED] - Navigate to 'https://chudenangcao2021.cf/' successfully

2021-05-30 15:49:35 - [TEST_STEP][PASSED] - setText(findTestObject("Object Repository/Page_Mattermost/input_All team communication in one place, _dcc84b"), findTestData("Internal/Internal Login Data").getValue(1, 1)): Text 'nguyenvanb' is set on object 'Object Repository/Page_Mattermost/input_All team communication in one place, _dcc84b'

2021-05-30 15:49:36 - [MESSAGE][PASSED] - Text 'nguyenvanb' is set on object 'Object Repository/Page_Mattermost/input_All team communication in one place, _dcc84b'

2021-05-30 15:49:36 - [TEST_STEP][PASSED] - setEncryptedText(findTestObject("Object Repository/Page_Mattermost/input_All team communication in one place, _a3edc6"), findTestData("Internal/Internal Login Data").getValue(2, 1)): Text ****** has been set on object 'Object Repository/Page_Mattermost/input_All team communication in one place, _a3edc6'

2021-05-30 15:49:37 - [MESSAGE][PASSED] - Text ****** has been set on object 'Object Repository/Page_Mattermost/input_All team communication in one place, _a3edc6'

2021-05-30 15:49:37 - [TEST_STEP][PASSED] - click(findTestObject("Object Repository/Page_Mattermost/button_Sign in")): Object: 'Object Repository/Page_Mattermost/button_Sign in' is clicked on

2021-05-30 15:49:37 - [MESSAGE][PASSED] - Object: 'Object Repository/Page_Mattermost/button_Sign in' is clicked on

2021-05-30 15:49:37 - [TEST_STEP][PASSED] - verifyLinksAccessible(["https://chudenangcao2021.cf/cdnc-cnpm-2021/channels"]): All links are accessible

2021-05-30 15:49:37 - [MESSAGE][INFO] - HAR: C:\Users\nttuan\Downloads\CDNC\mattermost-testing\Reports\20210530_152827\Run all test cases\20210530_152827\requests\main\50.har

2021-05-30 15:49:37 - [MESSAGE][PASSED] - Send request successfully

2021-05-30 15:49:37 - [MESSAGE][PASSED] - All links are accessible

2021-05-30 15:49:37 - [MESSAGE][PASSED] - Call Test Case 'Test Cases/Internal Test Cases/Successful Login' successfully

2021-05-30 15:49:37 - [TEST_STEP][PASSED] - for ([rowNum = 1, rowNum <= findTestData("Data CSV/SearchMember").getRowNumbers(), (rowNum++)]): Object: 'Object Repository/Page_(20) span_Town Square - TEAM NAME Mattermost/span_' is clicked on

2021-05-30 15:49:37 - [TEST_STEP][PASSED] - click(findTestObject("Object Repository/Page_(20) span_Town Square - TEAM NAME Mattermost/span_span_Town Square")): Object: 'Object Repository/Page_(20) span_Town Square - TEAM NAME Mattermost/span_span_Town Square' is clicked on

2021-05-30 15:49:39 - [MESSAGE][PASSED] - Object: 'Object Repository/Page_(20) span_Town Square - TEAM NAME Mattermost/span_span_Town Square' is clicked on

2021-05-30 15:49:39 - [TEST_STEP][PASSED] - click(findTestObject("Object Repository/Page_(20) span_Town Square - TEAM NAME Mattermost/button_View Members")): Object: 'Object Repository/Page_(20) span_Town Square - TEAM NAME Mattermost/button_View Members' is clicked on

2021-05-30 15:49:39 - [MESSAGE][PASSED] - Object: 'Object Repository/Page_(20) span_Town Square - TEAM NAME Mattermost/button_View Members' is clicked on

2021-05-30 15:49:39 - [TEST_STEP][PASSED] - setText(findTestObject("Object Repository/Page_(20) span_Town Square - TEAM NAME Mattermost/input_Search users_searchUsersInput"), findTestData("Data CSV/SearchMember").getValue(1, rowNum)): Text 'cxtuan' is set on object 'Object Repository/Page_(20) span_Town Square - TEAM NAME Mattermost/input_Search users_searchUsersInput'

2021-05-30 15:49:40 - [MESSAGE][PASSED] - Text 'cxtuan' is set on object 'Object Repository/Page_(20) span_Town Square - TEAM NAME Mattermost/input_Search users_searchUsersInput'

2021-05-30 15:49:40 - [TEST_STEP][PASSED] - click(findTestObject("Object Repository/Page_(20) span_Town Square - TEAM NAME Mattermost/span_")): Object: 'Object Repository/Page_(20) span_Town Square - TEAM NAME Mattermost/span_' is clicked on

2021-05-30 15:49:41 - [MESSAGE][PASSED] - Object: 'Object Repository/Page_(20) span_Town Square - TEAM NAME Mattermost/span_' is clicked on

2021-05-30 15:49:41 - [TEST_STEP][PASSED] - click(findTestObject("Object Repository/Page_(20) span_Town Square - TEAM NAME Mattermost/span_span_Town Square")): Object: 'Object Repository/Page_(20) span_Town Square - TEAM NAME Mattermost/span_span_Town Square' is clicked on

2021-05-30 15:49:41 - [MESSAGE][PASSED] - Object: 'Object Repository/Page_(20) span_Town Square - TEAM NAME Mattermost/span_span_Town Square' is clicked on

2021-05-30 15:49:41 - [TEST_STEP][PASSED] - click(findTestObject("Object Repository/Page_(20) span_Town Square - TEAM NAME Mattermost/button_View Members")): Object: 'Object Repository/Page_(20) span_Town Square - TEAM NAME Mattermost/button_View Members' is clicked on

2021-05-30 15:49:42 - [MESSAGE][PASSED] - Object: 'Object Repository/Page_(20) span_Town Square - TEAM NAME Mattermost/button_View Members' is clicked on

2021-05-30 15:49:42 - [TEST_STEP][PASSED] - setText(findTestObject("Object Repository/Page_(20) span_Town Square - TEAM NAME Mattermost/input_Search users_searchUsersInput"), findTestData("Data CSV/SearchMember").getValue(1, rowNum)): Text 'nttuan' is set on object 'Object Repository/Page_(20) span_Town Square - TEAM NAME Mattermost/input_Search users_searchUsersInput'

2021-05-30 15:49:43 - [MESSAGE][PASSED] - Text 'nttuan' is set on object 'Object Repository/Page_(20) span_Town Square - TEAM NAME Mattermost/input_Search users_searchUsersInput'

2021-05-30 15:49:43 - [TEST_STEP][PASSED] - click(findTestObject("Object Repository/Page_(20) span_Town Square - TEAM NAME Mattermost/span_")): Object: 'Object Repository/Page_(20) span_Town Square - TEAM NAME Mattermost/span_' is clicked on

2021-05-30 15:49:43 - [MESSAGE][PASSED] - Object: 'Object Repository/Page_(20) span_Town Square - TEAM NAME Mattermost/span_' is clicked on

2021-05-30 15:49:43 - [TEST_STEP][PASSED] - click(findTestObject("Object Repository/Page_(20) span_Town Square - TEAM NAME Mattermost/span_span_Town Square")): Object: 'Object Repository/Page_(20) span_Town Square - TEAM NAME Mattermost/span_span_Town Square' is clicked on

2021-05-30 15:49:44 - [MESSAGE][PASSED] - Object: 'Object Repository/Page_(20) span_Town Square - TEAM NAME Mattermost/span_span_Town Square' is clicked on

2021-05-30 15:49:44 - [TEST_STEP][PASSED] - click(findTestObject("Object Repository/Page_(20) span_Town Square - TEAM NAME Mattermost/button_View Members")): Object: 'Object Repository/Page_(20) span_Town Square - TEAM NAME Mattermost/button_View Members' is clicked on

2021-05-30 15:49:44 - [MESSAGE][PASSED] - Object: 'Object Repository/Page_(20) span_Town Square - TEAM NAME Mattermost/button_View Members' is clicked on

2021-05-30 15:49:44 - [TEST_STEP][PASSED] - setText(findTestObject("Object Repository/Page_(20) span_Town Square - TEAM NAME Mattermost/input_Search users_searchUsersInput"), findTestData("Data CSV/SearchMember").getValue(1, rowNum)): Text 'nguyenvana' is set on object 'Object Repository/Page_(20) span_Town Square - TEAM NAME Mattermost/input_Search users_searchUsersInput'

2021-05-30 15:49:45 - [MESSAGE][PASSED] - Text 'nguyenvana' is set on object 'Object Repository/Page_(20) span_Town Square - TEAM NAME Mattermost/input_Search users_searchUsersInput'

2021-05-30 15:49:45 - [TEST_STEP][PASSED] - click(findTestObject("Object Repository/Page_(20) span_Town Square - TEAM NAME Mattermost/span_")): Object: 'Object Repository/Page_(20) span_Town Square - TEAM NAME Mattermost/span_' is clicked on

2021-05-30 15:49:46 - [MESSAGE][PASSED] - Object: 'Object Repository/Page_(20) span_Town Square - TEAM NAME Mattermost/span_' is clicked on

2021-05-30 15:49:46 - [TEST_STEP][PASSED] - click(findTestObject("Object Repository/Page_(20) span_Town Square - TEAM NAME Mattermost/span_span_Town Square")): Object: 'Object Repository/Page_(20) span_Town Square - TEAM NAME Mattermost/span_span_Town Square' is clicked on

2021-05-30 15:49:46 - [MESSAGE][PASSED] - Object: 'Object Repository/Page_(20) span_Town Square - TEAM NAME Mattermost/span_span_Town Square' is clicked on

2021-05-30 15:49:46 - [TEST_STEP][PASSED] - click(findTestObject("Object Repository/Page_(20) span_Town Square - TEAM NAME Mattermost/button_View Members")): Object: 'Object Repository/Page_(20) span_Town Square - TEAM NAME Mattermost/button_View Members' is clicked on

2021-05-30 15:49:46 - [MESSAGE][PASSED] - Object: 'Object Repository/Page_(20) span_Town Square - TEAM NAME Mattermost/button_View Members' is clicked on

2021-05-30 15:49:46 - [TEST_STEP][PASSED] - setText(findTestObject("Object Repository/Page_(20) span_Town Square - TEAM NAME Mattermost/input_Search users_searchUsersInput"), findTestData("Data CSV/SearchMember").getValue(1, rowNum)): Text 'nguyenvanb' is set on object 'Object Repository/Page_(20) span_Town Square - TEAM NAME Mattermost/input_Search users_searchUsersInput'

2021-05-30 15:49:47 - [MESSAGE][PASSED] - Text 'nguyenvanb' is set on object 'Object Repository/Page_(20) span_Town Square - TEAM NAME Mattermost/input_Search users_searchUsersInput'

2021-05-30 15:49:47 - [TEST_STEP][PASSED] - click(findTestObject("Object Repository/Page_(20) span_Town Square - TEAM NAME Mattermost/span_")): Object: 'Object Repository/Page_(20) span_Town Square - TEAM NAME Mattermost/span_' is clicked on

2021-05-30 15:49:48 - [MESSAGE][PASSED] - Object: 'Object Repository/Page_(20) span_Town Square - TEAM NAME Mattermost/span_' is clicked on

2021-05-30 15:49:48 - [TEST_STEP][PASSED] - click(findTestObject("Object Repository/Page_(20) span_Town Square - TEAM NAME Mattermost/span_span_Town Square")): Object: 'Object Repository/Page_(20) span_Town Square - TEAM NAME Mattermost/span_span_Town Square' is clicked on

2021-05-30 15:49:48 - [MESSAGE][PASSED] - Object: 'Object Repository/Page_(20) span_Town Square - TEAM NAME Mattermost/span_span_Town Square' is clicked on

2021-05-30 15:49:48 - [TEST_STEP][PASSED] - click(findTestObject("Object Repository/Page_(20) span_Town Square - TEAM NAME Mattermost/button_View Members")): Object: 'Object Repository/Page_(20) span_Town Square - TEAM NAME Mattermost/button_View Members' is clicked on

2021-05-30 15:49:49 - [MESSAGE][PASSED] - Object: 'Object Repository/Page_(20) span_Town Square - TEAM NAME Mattermost/button_View Members' is clicked on

2021-05-30 15:49:49 - [TEST_STEP][PASSED] - setText(findTestObject("Object Repository/Page_(20) span_Town Square - TEAM NAME Mattermost/input_Search users_searchUsersInput"), findTestData("Data CSV/SearchMember").getValue(1, rowNum)): Text 'thanhtung' is set on object 'Object Repository/Page_(20) span_Town Square - TEAM NAME Mattermost/input_Search users_searchUsersInput'

2021-05-30 15:49:50 - [MESSAGE][PASSED] - Text 'thanhtung' is set on object 'Object Repository/Page_(20) span_Town Square - TEAM NAME Mattermost/input_Search users_searchUsersInput'

2021-05-30 15:49:50 - [TEST_STEP][PASSED] - click(findTestObject("Object Repository/Page_(20) span_Town Square - TEAM NAME Mattermost/span_")): Object: 'Object Repository/Page_(20) span_Town Square - TEAM NAME Mattermost/span_' is clicked on

2021-05-30 15:49:50 - [MESSAGE][PASSED] - Object: 'Object Repository/Page_(20) span_Town Square - TEAM NAME Mattermost/span_' is clicked on

2021-05-30 15:49:50 - [TEST_STEP][PASSED] - closeBrowser(): Browser is closed

2021-05-30 15:49:51 - [MESSAGE][PASSED] - Browser is closed]]></system-out>
         <system-err><![CDATA[]]></system-err>
      </testcase>
      <testcase name="Test Cases/Data CSV Test Case/SetStatus" time="71.881" classname="Test Cases/Data CSV Test Case/SetStatus" status="FAILED">
         <failure type="FAILED" message="Test Cases/Data CSV Test Case/SetStatus FAILED.
Reason:
com.kms.katalon.core.exception.StepFailedException: Unable to click on object 'Object Repository/SetStatus/Page_TEST CHANNEL - TEAM NAME Mattermost/img_TEAM NAME_Avatar Avatar-lg'
	at com.kms.katalon.core.webui.keyword.internal.WebUIKeywordMain.stepFailed(WebUIKeywordMain.groovy:64)
	at com.kms.katalon.core.webui.keyword.internal.WebUIKeywordMain.runKeyword(WebUIKeywordMain.groovy:26)
	at com.kms.katalon.core.webui.keyword.builtin.ClickKeyword.click(ClickKeyword.groovy:75)
	at com.kms.katalon.core.webui.keyword.builtin.ClickKeyword.execute(ClickKeyword.groovy:42)
	at com.kms.katalon.core.keyword.internal.KeywordExecutor.executeKeywordForPlatform(KeywordExecutor.groovy:73)
	at com.kms.katalon.core.webui.keyword.WebUiBuiltInKeywords.click(WebUiBuiltInKeywords.groovy:619)
	at com.kms.katalon.core.webui.keyword.WebUiBuiltInKeywords$click$2.call(Unknown Source)
	at SetStatus.run(SetStatus:24)
	at com.kms.katalon.core.main.ScriptEngine.run(ScriptEngine.java:194)
	at com.kms.katalon.core.main.ScriptEngine.runScriptAsRawText(ScriptEngine.java:119)
	at com.kms.katalon.core.main.TestCaseExecutor.runScript(TestCaseExecutor.java:398)
	at com.kms.katalon.core.main.TestCaseExecutor.doExecute(TestCaseExecutor.java:389)
	at com.kms.katalon.core.main.TestCaseExecutor.processExecutionPhase(TestCaseExecutor.java:368)
	at com.kms.katalon.core.main.TestCaseExecutor.accessMainPhase(TestCaseExecutor.java:360)
	at com.kms.katalon.core.main.TestCaseExecutor.execute(TestCaseExecutor.java:255)
	at com.kms.katalon.core.main.TestSuiteExecutor.accessTestCaseMainPhase(TestSuiteExecutor.java:203)
	at com.kms.katalon.core.main.TestSuiteExecutor.accessTestSuiteMainPhase(TestSuiteExecutor.java:152)
	at com.kms.katalon.core.main.TestSuiteExecutor.execute(TestSuiteExecutor.java:95)
	at com.kms.katalon.core.main.TestCaseMain.startTestSuite(TestCaseMain.java:157)
	at com.kms.katalon.core.main.TestCaseMain$startTestSuite$0.call(Unknown Source)
	at TempTestSuite1622388507297.run(TempTestSuite1622388507297.groovy:39)
Caused by: org.openqa.selenium.ElementClickInterceptedException: element click intercepted: Element &lt;img class=&quot;Avatar Avatar-lg&quot; alt=&quot;user profile image&quot; src=&quot;https://chudenangcao2021.cf/api/v4/users/75sk9tnqntyaixbqarg1ps69we/image&quot;> is not clickable at point (34, 30). Other element would receive the click: &lt;div role=&quot;dialog&quot; aria-labelledby=&quot;genericModalLabel&quot; id=&quot;custom_status_modal&quot; tabindex=&quot;-1&quot; class=&quot;fade in modal&quot; style=&quot;display: block;&quot;>...&lt;/div>
  (Session info: chrome=91.0.4472.77)
Build info: version: '3.141.59', revision: 'e82be7d358', time: '2018-11-14T08:25:53'
System info: host: 'WIN-SERVER-2019', ip: '10.1.0.4', os.name: 'Windows Server 2019', os.arch: 'amd64', os.version: '10.0', java.version: '1.8.0_282'
Driver info: com.kms.katalon.selenium.driver.CChromeDriver
Capabilities {acceptInsecureCerts: false, browserName: chrome, browserVersion: 91.0.4472.77, chrome: {chromedriverVersion: 90.0.4430.24 (4c6d850f087da..., userDataDir: C:\Users\nttuan\AppData\Loc...}, goog:chromeOptions: {debuggerAddress: localhost:57648}, javascriptEnabled: true, networkConnectionEnabled: false, pageLoadStrategy: normal, platform: WINDOWS, platformName: WINDOWS, proxy: Proxy(), setWindowRect: true, strictFileInteractability: false, timeouts: {implicit: 0, pageLoad: 300000, script: 30000}, unhandledPromptBehavior: dismiss and notify, webauthn:extension:largeBlob: true, webauthn:virtualAuthenticators: true}
Session ID: db2310679c7378d97df134ce1f589f02
	at org.openqa.selenium.remote.http.W3CHttpResponseCodec.createException(W3CHttpResponseCodec.java:187)
	at org.openqa.selenium.remote.http.W3CHttpResponseCodec.decode(W3CHttpResponseCodec.java:122)
	at org.openqa.selenium.remote.http.W3CHttpResponseCodec.decode(W3CHttpResponseCodec.java:49)
	at org.openqa.selenium.remote.HttpCommandExecutor.execute(HttpCommandExecutor.java:158)
	at org.openqa.selenium.remote.service.DriverCommandExecutor.execute(DriverCommandExecutor.java:83)
	at org.openqa.selenium.remote.RemoteWebDriver.execute(RemoteWebDriver.java:552)
	at com.kms.katalon.selenium.driver.CChromeDriver.execute(CChromeDriver.java:19)
	at org.openqa.selenium.remote.RemoteWebElement.execute(RemoteWebElement.java:285)
	at org.openqa.selenium.remote.RemoteWebElement.click(RemoteWebElement.java:84)
	at org.openqa.selenium.support.events.EventFiringWebDriver$EventFiringWebElement.lambda$new$0(EventFiringWebDriver.java:404)
	at com.sun.proxy.$Proxy17.click(Unknown Source)
	at org.openqa.selenium.support.events.EventFiringWebDriver$EventFiringWebElement.click(EventFiringWebDriver.java:417)
	at com.kms.katalon.core.webui.keyword.builtin.ClickKeyword$_click_closure1.doCall(ClickKeyword.groovy:68)
	at com.kms.katalon.core.webui.keyword.builtin.ClickKeyword$_click_closure1.call(ClickKeyword.groovy)
	at com.kms.katalon.core.webui.keyword.internal.WebUIKeywordMain.runKeyword(WebUIKeywordMain.groovy:20)
	... 19 more
"/>
         <system-out><![CDATA[2021-05-30 15:49:51 - [TEST_CASE][FAILED] - Test Cases/Data CSV Test Case/SetStatus: Test Cases/Data CSV Test Case/SetStatus FAILED.
Reason:
com.kms.katalon.core.exception.StepFailedException: Unable to click on object 'Object Repository/SetStatus/Page_TEST CHANNEL - TEAM NAME Mattermost/img_TEAM NAME_Avatar Avatar-lg'
	at com.kms.katalon.core.webui.keyword.internal.WebUIKeywordMain.stepFailed(WebUIKeywordMain.groovy:64)
	at com.kms.katalon.core.webui.keyword.internal.WebUIKeywordMain.runKeyword(WebUIKeywordMain.groovy:26)
	at com.kms.katalon.core.webui.keyword.builtin.ClickKeyword.click(ClickKeyword.groovy:75)
	at com.kms.katalon.core.webui.keyword.builtin.ClickKeyword.execute(ClickKeyword.groovy:42)
	at com.kms.katalon.core.keyword.internal.KeywordExecutor.executeKeywordForPlatform(KeywordExecutor.groovy:73)
	at com.kms.katalon.core.webui.keyword.WebUiBuiltInKeywords.click(WebUiBuiltInKeywords.groovy:619)
	at com.kms.katalon.core.webui.keyword.WebUiBuiltInKeywords$click$2.call(Unknown Source)
	at SetStatus.run(SetStatus:24)
	at com.kms.katalon.core.main.ScriptEngine.run(ScriptEngine.java:194)
	at com.kms.katalon.core.main.ScriptEngine.runScriptAsRawText(ScriptEngine.java:119)
	at com.kms.katalon.core.main.TestCaseExecutor.runScript(TestCaseExecutor.java:398)
	at com.kms.katalon.core.main.TestCaseExecutor.doExecute(TestCaseExecutor.java:389)
	at com.kms.katalon.core.main.TestCaseExecutor.processExecutionPhase(TestCaseExecutor.java:368)
	at com.kms.katalon.core.main.TestCaseExecutor.accessMainPhase(TestCaseExecutor.java:360)
	at com.kms.katalon.core.main.TestCaseExecutor.execute(TestCaseExecutor.java:255)
	at com.kms.katalon.core.main.TestSuiteExecutor.accessTestCaseMainPhase(TestSuiteExecutor.java:203)
	at com.kms.katalon.core.main.TestSuiteExecutor.accessTestSuiteMainPhase(TestSuiteExecutor.java:152)
	at com.kms.katalon.core.main.TestSuiteExecutor.execute(TestSuiteExecutor.java:95)
	at com.kms.katalon.core.main.TestCaseMain.startTestSuite(TestCaseMain.java:157)
	at com.kms.katalon.core.main.TestCaseMain$startTestSuite$0.call(Unknown Source)
	at TempTestSuite1622388507297.run(TempTestSuite1622388507297.groovy:39)
Caused by: org.openqa.selenium.ElementClickInterceptedException: element click intercepted: Element <img class="Avatar Avatar-lg" alt="user profile image" src="https://chudenangcao2021.cf/api/v4/users/75sk9tnqntyaixbqarg1ps69we/image"> is not clickable at point (34, 30). Other element would receive the click: <div role="dialog" aria-labelledby="genericModalLabel" id="custom_status_modal" tabindex="-1" class="fade in modal" style="display: block;">...</div>
  (Session info: chrome=91.0.4472.77)
Build info: version: '3.141.59', revision: 'e82be7d358', time: '2018-11-14T08:25:53'
System info: host: 'WIN-SERVER-2019', ip: '10.1.0.4', os.name: 'Windows Server 2019', os.arch: 'amd64', os.version: '10.0', java.version: '1.8.0_282'
Driver info: com.kms.katalon.selenium.driver.CChromeDriver
Capabilities {acceptInsecureCerts: false, browserName: chrome, browserVersion: 91.0.4472.77, chrome: {chromedriverVersion: 90.0.4430.24 (4c6d850f087da..., userDataDir: C:\Users\nttuan\AppData\Loc...}, goog:chromeOptions: {debuggerAddress: localhost:57648}, javascriptEnabled: true, networkConnectionEnabled: false, pageLoadStrategy: normal, platform: WINDOWS, platformName: WINDOWS, proxy: Proxy(), setWindowRect: true, strictFileInteractability: false, timeouts: {implicit: 0, pageLoad: 300000, script: 30000}, unhandledPromptBehavior: dismiss and notify, webauthn:extension:largeBlob: true, webauthn:virtualAuthenticators: true}
Session ID: db2310679c7378d97df134ce1f589f02
	at org.openqa.selenium.remote.http.W3CHttpResponseCodec.createException(W3CHttpResponseCodec.java:187)
	at org.openqa.selenium.remote.http.W3CHttpResponseCodec.decode(W3CHttpResponseCodec.java:122)
	at org.openqa.selenium.remote.http.W3CHttpResponseCodec.decode(W3CHttpResponseCodec.java:49)
	at org.openqa.selenium.remote.HttpCommandExecutor.execute(HttpCommandExecutor.java:158)
	at org.openqa.selenium.remote.service.DriverCommandExecutor.execute(DriverCommandExecutor.java:83)
	at org.openqa.selenium.remote.RemoteWebDriver.execute(RemoteWebDriver.java:552)
	at com.kms.katalon.selenium.driver.CChromeDriver.execute(CChromeDriver.java:19)
	at org.openqa.selenium.remote.RemoteWebElement.execute(RemoteWebElement.java:285)
	at org.openqa.selenium.remote.RemoteWebElement.click(RemoteWebElement.java:84)
	at org.openqa.selenium.support.events.EventFiringWebDriver$EventFiringWebElement.lambda$new$0(EventFiringWebDriver.java:404)
	at com.sun.proxy.$Proxy17.click(Unknown Source)
	at org.openqa.selenium.support.events.EventFiringWebDriver$EventFiringWebElement.click(EventFiringWebDriver.java:417)
	at com.kms.katalon.core.webui.keyword.builtin.ClickKeyword$_click_closure1.doCall(ClickKeyword.groovy:68)
	at com.kms.katalon.core.webui.keyword.builtin.ClickKeyword$_click_closure1.call(ClickKeyword.groovy)
	at com.kms.katalon.core.webui.keyword.internal.WebUIKeywordMain.runKeyword(WebUIKeywordMain.groovy:20)
	... 19 more


2021-05-30 15:49:51 - [TEST_STEP][PASSED] - callTestCase(findTestCase("Internal Test Cases/Successful Login"), ["Username":"", "Password":""], STOP_ON_FAILURE): Call Test Case 'Test Cases/Internal Test Cases/Successful Login' successfully

2021-05-30 15:49:51 - [TEST_CASE][PASSED] - Test Cases/Internal Test Cases/Successful Login: Test Cases/Internal Test Cases/Successful Login

2021-05-30 15:49:51 - [TEST_STEP][PASSED] - openBrowser(""): Browser is opened with url: ''

2021-05-30 15:49:51 - [MESSAGE][INFO] - Starting 'Chrome' driver

2021-05-30 15:49:51 - [MESSAGE][INFO] - Action delay is set to 0 milliseconds

2021-05-30 15:49:52 - [MESSAGE][PASSED] - Browser is opened with url: ''

2021-05-30 15:49:52 - [TEST_STEP][PASSED] - navigateToUrl("https://chudenangcao2021.cf/"): Navigate to 'https://chudenangcao2021.cf/' successfully

2021-05-30 15:49:53 - [MESSAGE][PASSED] - Navigate to 'https://chudenangcao2021.cf/' successfully

2021-05-30 15:49:53 - [TEST_STEP][PASSED] - setText(findTestObject("Object Repository/Page_Mattermost/input_All team communication in one place, _dcc84b"), findTestData("Internal/Internal Login Data").getValue(1, 1)): Text 'nguyenvanb' is set on object 'Object Repository/Page_Mattermost/input_All team communication in one place, _dcc84b'

2021-05-30 15:49:54 - [MESSAGE][PASSED] - Text 'nguyenvanb' is set on object 'Object Repository/Page_Mattermost/input_All team communication in one place, _dcc84b'

2021-05-30 15:49:54 - [TEST_STEP][PASSED] - setEncryptedText(findTestObject("Object Repository/Page_Mattermost/input_All team communication in one place, _a3edc6"), findTestData("Internal/Internal Login Data").getValue(2, 1)): Text ****** has been set on object 'Object Repository/Page_Mattermost/input_All team communication in one place, _a3edc6'

2021-05-30 15:49:55 - [MESSAGE][PASSED] - Text ****** has been set on object 'Object Repository/Page_Mattermost/input_All team communication in one place, _a3edc6'

2021-05-30 15:49:55 - [TEST_STEP][PASSED] - click(findTestObject("Object Repository/Page_Mattermost/button_Sign in")): Object: 'Object Repository/Page_Mattermost/button_Sign in' is clicked on

2021-05-30 15:49:55 - [MESSAGE][PASSED] - Object: 'Object Repository/Page_Mattermost/button_Sign in' is clicked on

2021-05-30 15:49:55 - [TEST_STEP][PASSED] - verifyLinksAccessible(["https://chudenangcao2021.cf/cdnc-cnpm-2021/channels"]): All links are accessible

2021-05-30 15:49:55 - [MESSAGE][INFO] - HAR: C:\Users\nttuan\Downloads\CDNC\mattermost-testing\Reports\20210530_152827\Run all test cases\20210530_152827\requests\main\51.har

2021-05-30 15:49:55 - [MESSAGE][PASSED] - Send request successfully

2021-05-30 15:49:55 - [MESSAGE][PASSED] - All links are accessible

2021-05-30 15:49:55 - [MESSAGE][PASSED] - Call Test Case 'Test Cases/Internal Test Cases/Successful Login' successfully

2021-05-30 15:49:55 - [TEST_STEP][FAILED] - for ([rowNum = 1, rowNum <= findTestData("Data CSV/Set Status").getRowNumbers(), (rowNum++)]): Unable to click on object 'Object Repository/SetStatus/Page_TEST CHANNEL - TEAM NAME Mattermost/img_TEAM NAME_Avatar Avatar-lg' (Root cause: com.kms.katalon.core.exception.StepFailedException: Unable to click on object 'Object Repository/SetStatus/Page_TEST CHANNEL - TEAM NAME Mattermost/img_TEAM NAME_Avatar Avatar-lg'
	at com.kms.katalon.core.webui.keyword.internal.WebUIKeywordMain.stepFailed(WebUIKeywordMain.groovy:64)
	at com.kms.katalon.core.webui.keyword.internal.WebUIKeywordMain.runKeyword(WebUIKeywordMain.groovy:26)
	at com.kms.katalon.core.webui.keyword.builtin.ClickKeyword.click(ClickKeyword.groovy:75)
	at com.kms.katalon.core.webui.keyword.builtin.ClickKeyword.execute(ClickKeyword.groovy:42)
	at com.kms.katalon.core.keyword.internal.KeywordExecutor.executeKeywordForPlatform(KeywordExecutor.groovy:73)
	at com.kms.katalon.core.webui.keyword.WebUiBuiltInKeywords.click(WebUiBuiltInKeywords.groovy:619)
	at com.kms.katalon.core.webui.keyword.WebUiBuiltInKeywords$click$2.call(Unknown Source)
	at SetStatus.run(SetStatus:24)
	at com.kms.katalon.core.main.ScriptEngine.run(ScriptEngine.java:194)
	at com.kms.katalon.core.main.ScriptEngine.runScriptAsRawText(ScriptEngine.java:119)
	at com.kms.katalon.core.main.TestCaseExecutor.runScript(TestCaseExecutor.java:398)
	at com.kms.katalon.core.main.TestCaseExecutor.doExecute(TestCaseExecutor.java:389)
	at com.kms.katalon.core.main.TestCaseExecutor.processExecutionPhase(TestCaseExecutor.java:368)
	at com.kms.katalon.core.main.TestCaseExecutor.accessMainPhase(TestCaseExecutor.java:360)
	at com.kms.katalon.core.main.TestCaseExecutor.execute(TestCaseExecutor.java:255)
	at com.kms.katalon.core.main.TestSuiteExecutor.accessTestCaseMainPhase(TestSuiteExecutor.java:203)
	at com.kms.katalon.core.main.TestSuiteExecutor.accessTestSuiteMainPhase(TestSuiteExecutor.java:152)
	at com.kms.katalon.core.main.TestSuiteExecutor.execute(TestSuiteExecutor.java:95)
	at com.kms.katalon.core.main.TestCaseMain.startTestSuite(TestCaseMain.java:157)
	at com.kms.katalon.core.main.TestCaseMain$startTestSuite$0.call(Unknown Source)
	at TempTestSuite1622388507297.run(TempTestSuite1622388507297.groovy:39)
Caused by: org.openqa.selenium.ElementClickInterceptedException: element click intercepted: Element <img class="Avatar Avatar-lg" alt="user profile image" src="https://chudenangcao2021.cf/api/v4/users/75sk9tnqntyaixbqarg1ps69we/image"> is not clickable at point (34, 30). Other element would receive the click: <div role="dialog" aria-labelledby="genericModalLabel" id="custom_status_modal" tabindex="-1" class="fade in modal" style="display: block;">...</div>
  (Session info: chrome=91.0.4472.77)
Build info: version: '3.141.59', revision: 'e82be7d358', time: '2018-11-14T08:25:53'
System info: host: 'WIN-SERVER-2019', ip: '10.1.0.4', os.name: 'Windows Server 2019', os.arch: 'amd64', os.version: '10.0', java.version: '1.8.0_282'
Driver info: com.kms.katalon.selenium.driver.CChromeDriver
Capabilities {acceptInsecureCerts: false, browserName: chrome, browserVersion: 91.0.4472.77, chrome: {chromedriverVersion: 90.0.4430.24 (4c6d850f087da..., userDataDir: C:\Users\nttuan\AppData\Loc...}, goog:chromeOptions: {debuggerAddress: localhost:57648}, javascriptEnabled: true, networkConnectionEnabled: false, pageLoadStrategy: normal, platform: WINDOWS, platformName: WINDOWS, proxy: Proxy(), setWindowRect: true, strictFileInteractability: false, timeouts: {implicit: 0, pageLoad: 300000, script: 30000}, unhandledPromptBehavior: dismiss and notify, webauthn:extension:largeBlob: true, webauthn:virtualAuthenticators: true}
Session ID: db2310679c7378d97df134ce1f589f02
	at org.openqa.selenium.remote.http.W3CHttpResponseCodec.createException(W3CHttpResponseCodec.java:187)
	at org.openqa.selenium.remote.http.W3CHttpResponseCodec.decode(W3CHttpResponseCodec.java:122)
	at org.openqa.selenium.remote.http.W3CHttpResponseCodec.decode(W3CHttpResponseCodec.java:49)
	at org.openqa.selenium.remote.HttpCommandExecutor.execute(HttpCommandExecutor.java:158)
	at org.openqa.selenium.remote.service.DriverCommandExecutor.execute(DriverCommandExecutor.java:83)
	at org.openqa.selenium.remote.RemoteWebDriver.execute(RemoteWebDriver.java:552)
	at com.kms.katalon.selenium.driver.CChromeDriver.execute(CChromeDriver.java:19)
	at org.openqa.selenium.remote.RemoteWebElement.execute(RemoteWebElement.java:285)
	at org.openqa.selenium.remote.RemoteWebElement.click(RemoteWebElement.java:84)
	at org.openqa.selenium.support.events.EventFiringWebDriver$EventFiringWebElement.lambda$new$0(EventFiringWebDriver.java:404)
	at com.sun.proxy.$Proxy17.click(Unknown Source)
	at org.openqa.selenium.support.events.EventFiringWebDriver$EventFiringWebElement.click(EventFiringWebDriver.java:417)
	at com.kms.katalon.core.webui.keyword.builtin.ClickKeyword$_click_closure1.doCall(ClickKeyword.groovy:68)
	at com.kms.katalon.core.webui.keyword.builtin.ClickKeyword$_click_closure1.call(ClickKeyword.groovy)
	at com.kms.katalon.core.webui.keyword.internal.WebUIKeywordMain.runKeyword(WebUIKeywordMain.groovy:20)
	at com.kms.katalon.core.webui.keyword.builtin.ClickKeyword.click(ClickKeyword.groovy:75)
	at com.kms.katalon.core.webui.keyword.builtin.ClickKeyword.execute(ClickKeyword.groovy:42)
	at com.kms.katalon.core.keyword.internal.KeywordExecutor.executeKeywordForPlatform(KeywordExecutor.groovy:73)
	at com.kms.katalon.core.webui.keyword.WebUiBuiltInKeywords.click(WebUiBuiltInKeywords.groovy:619)
	at com.kms.katalon.core.webui.keyword.WebUiBuiltInKeywords$click$2.call(Unknown Source)
	at Script1622098923482.run(Script1622098923482.groovy:24)
	... 13 more
)

2021-05-30 15:49:55 - [TEST_STEP][PASSED] - click(findTestObject("Object Repository/SetStatus/Page_TEST CHANNEL - TEAM NAME Mattermost/img_TEAM NAME_Avatar Avatar-lg")): Object: 'Object Repository/SetStatus/Page_TEST CHANNEL - TEAM NAME Mattermost/img_TEAM NAME_Avatar Avatar-lg' is clicked on

2021-05-30 15:49:57 - [MESSAGE][PASSED] - Object: 'Object Repository/SetStatus/Page_TEST CHANNEL - TEAM NAME Mattermost/img_TEAM NAME_Avatar Avatar-lg' is clicked on

2021-05-30 15:49:57 - [TEST_STEP][PASSED] - click(findTestObject("Object Repository/SetStatus/Page_TEST CHANNEL - TEAM NAME Mattermost/button_on duty")): Object: 'Object Repository/SetStatus/Page_TEST CHANNEL - TEAM NAME Mattermost/button_on duty' is clicked on

2021-05-30 15:49:58 - [MESSAGE][PASSED] - Object: 'Object Repository/SetStatus/Page_TEST CHANNEL - TEAM NAME Mattermost/button_on duty' is clicked on

2021-05-30 15:49:58 - [TEST_STEP][PASSED] - setText(findTestObject("Object Repository/SetStatus/Page_TEST CHANNEL - TEAM NAME Mattermost/input_Set a status_MaxLengthInput form-control"), findTestData("Data CSV/Set Status").getValue(1, rowNum)): Text 'on business' is set on object 'Object Repository/SetStatus/Page_TEST CHANNEL - TEAM NAME Mattermost/input_Set a status_MaxLengthInput form-control'

2021-05-30 15:50:29 - [MESSAGE][INFO] - Unable to find the element located by 'By.xpath: (//input[@value=''])[2]'. Please recheck the objects properties to make sure the desired element is located. 

2021-05-30 15:50:29 - [MESSAGE][WARNING] - [SELF-HEALING] Failed to find element with id 'Object Repository/SetStatus/Page_TEST CHANNEL - TEAM NAME Mattermost/input_Set a status_MaxLengthInput form-control'. Try using Self-healing.

2021-05-30 15:50:29 - [MESSAGE][WARNING] - [SELF-HEALING] The current locator of test object 'Object Repository/SetStatus/Page_TEST CHANNEL - TEAM NAME Mattermost/input_Set a status_MaxLengthInput form-control' was broken. Propose an alternative one: '//div[@id='custom_status_modal']/div/div/form/div/div[2]/div/div/div[2]/input'.

2021-05-30 15:51:00 - [MESSAGE][INFO] - Unable to find the element located by 'By.xpath: (//input[@value=''])[2]'. Please recheck the objects properties to make sure the desired element is located. 

2021-05-30 15:51:00 - [MESSAGE][WARNING] - [SELF-HEALING] Failed to find element with id 'Object Repository/SetStatus/Page_TEST CHANNEL - TEAM NAME Mattermost/input_Set a status_MaxLengthInput form-control'. Try using Self-healing.

2021-05-30 15:51:00 - [MESSAGE][WARNING] - [SELF-HEALING] The current locator of test object 'Object Repository/SetStatus/Page_TEST CHANNEL - TEAM NAME Mattermost/input_Set a status_MaxLengthInput form-control' was broken. Propose an alternative one: '//div[@id='custom_status_modal']/div/div/form/div/div[2]/div/div/div[2]/input'.

2021-05-30 15:51:00 - [MESSAGE][PASSED] - Text 'on business' is set on object 'Object Repository/SetStatus/Page_TEST CHANNEL - TEAM NAME Mattermost/input_Set a status_MaxLengthInput form-control'

2021-05-30 15:51:00 - [TEST_STEP][PASSED] - click(findTestObject("Object Repository/SetStatus/Page_TEST CHANNEL - TEAM NAME Mattermost/button_Set Status")): Object: 'Object Repository/SetStatus/Page_TEST CHANNEL - TEAM NAME Mattermost/button_Set Status' is clicked on

2021-05-30 15:51:01 - [MESSAGE][PASSED] - Object: 'Object Repository/SetStatus/Page_TEST CHANNEL - TEAM NAME Mattermost/button_Set Status' is clicked on

2021-05-30 15:51:01 - [TEST_STEP][FAILED] - click(findTestObject("Object Repository/SetStatus/Page_TEST CHANNEL - TEAM NAME Mattermost/img_TEAM NAME_Avatar Avatar-lg")): Unable to click on object 'Object Repository/SetStatus/Page_TEST CHANNEL - TEAM NAME Mattermost/img_TEAM NAME_Avatar Avatar-lg' (Root cause: com.kms.katalon.core.exception.StepFailedException: Unable to click on object 'Object Repository/SetStatus/Page_TEST CHANNEL - TEAM NAME Mattermost/img_TEAM NAME_Avatar Avatar-lg'
	at com.kms.katalon.core.webui.keyword.internal.WebUIKeywordMain.stepFailed(WebUIKeywordMain.groovy:64)
	at com.kms.katalon.core.webui.keyword.internal.WebUIKeywordMain.runKeyword(WebUIKeywordMain.groovy:26)
	at com.kms.katalon.core.webui.keyword.builtin.ClickKeyword.click(ClickKeyword.groovy:75)
	at com.kms.katalon.core.webui.keyword.builtin.ClickKeyword.execute(ClickKeyword.groovy:42)
	at com.kms.katalon.core.keyword.internal.KeywordExecutor.executeKeywordForPlatform(KeywordExecutor.groovy:73)
	at com.kms.katalon.core.webui.keyword.WebUiBuiltInKeywords.click(WebUiBuiltInKeywords.groovy:619)
	at com.kms.katalon.core.webui.keyword.WebUiBuiltInKeywords$click$2.call(Unknown Source)
	at SetStatus.run(SetStatus:24)
	at com.kms.katalon.core.main.ScriptEngine.run(ScriptEngine.java:194)
	at com.kms.katalon.core.main.ScriptEngine.runScriptAsRawText(ScriptEngine.java:119)
	at com.kms.katalon.core.main.TestCaseExecutor.runScript(TestCaseExecutor.java:398)
	at com.kms.katalon.core.main.TestCaseExecutor.doExecute(TestCaseExecutor.java:389)
	at com.kms.katalon.core.main.TestCaseExecutor.processExecutionPhase(TestCaseExecutor.java:368)
	at com.kms.katalon.core.main.TestCaseExecutor.accessMainPhase(TestCaseExecutor.java:360)
	at com.kms.katalon.core.main.TestCaseExecutor.execute(TestCaseExecutor.java:255)
	at com.kms.katalon.core.main.TestSuiteExecutor.accessTestCaseMainPhase(TestSuiteExecutor.java:203)
	at com.kms.katalon.core.main.TestSuiteExecutor.accessTestSuiteMainPhase(TestSuiteExecutor.java:152)
	at com.kms.katalon.core.main.TestSuiteExecutor.execute(TestSuiteExecutor.java:95)
	at com.kms.katalon.core.main.TestCaseMain.startTestSuite(TestCaseMain.java:157)
	at com.kms.katalon.core.main.TestCaseMain$startTestSuite$0.call(Unknown Source)
	at TempTestSuite1622388507297.run(TempTestSuite1622388507297.groovy:39)
Caused by: org.openqa.selenium.ElementClickInterceptedException: element click intercepted: Element <img class="Avatar Avatar-lg" alt="user profile image" src="https://chudenangcao2021.cf/api/v4/users/75sk9tnqntyaixbqarg1ps69we/image"> is not clickable at point (34, 30). Other element would receive the click: <div role="dialog" aria-labelledby="genericModalLabel" id="custom_status_modal" tabindex="-1" class="fade in modal" style="display: block;">...</div>
  (Session info: chrome=91.0.4472.77)
Build info: version: '3.141.59', revision: 'e82be7d358', time: '2018-11-14T08:25:53'
System info: host: 'WIN-SERVER-2019', ip: '10.1.0.4', os.name: 'Windows Server 2019', os.arch: 'amd64', os.version: '10.0', java.version: '1.8.0_282'
Driver info: com.kms.katalon.selenium.driver.CChromeDriver
Capabilities {acceptInsecureCerts: false, browserName: chrome, browserVersion: 91.0.4472.77, chrome: {chromedriverVersion: 90.0.4430.24 (4c6d850f087da..., userDataDir: C:\Users\nttuan\AppData\Loc...}, goog:chromeOptions: {debuggerAddress: localhost:57648}, javascriptEnabled: true, networkConnectionEnabled: false, pageLoadStrategy: normal, platform: WINDOWS, platformName: WINDOWS, proxy: Proxy(), setWindowRect: true, strictFileInteractability: false, timeouts: {implicit: 0, pageLoad: 300000, script: 30000}, unhandledPromptBehavior: dismiss and notify, webauthn:extension:largeBlob: true, webauthn:virtualAuthenticators: true}
Session ID: db2310679c7378d97df134ce1f589f02
	at org.openqa.selenium.remote.http.W3CHttpResponseCodec.createException(W3CHttpResponseCodec.java:187)
	at org.openqa.selenium.remote.http.W3CHttpResponseCodec.decode(W3CHttpResponseCodec.java:122)
	at org.openqa.selenium.remote.http.W3CHttpResponseCodec.decode(W3CHttpResponseCodec.java:49)
	at org.openqa.selenium.remote.HttpCommandExecutor.execute(HttpCommandExecutor.java:158)
	at org.openqa.selenium.remote.service.DriverCommandExecutor.execute(DriverCommandExecutor.java:83)
	at org.openqa.selenium.remote.RemoteWebDriver.execute(RemoteWebDriver.java:552)
	at com.kms.katalon.selenium.driver.CChromeDriver.execute(CChromeDriver.java:19)
	at org.openqa.selenium.remote.RemoteWebElement.execute(RemoteWebElement.java:285)
	at org.openqa.selenium.remote.RemoteWebElement.click(RemoteWebElement.java:84)
	at org.openqa.selenium.support.events.EventFiringWebDriver$EventFiringWebElement.lambda$new$0(EventFiringWebDriver.java:404)
	at com.sun.proxy.$Proxy17.click(Unknown Source)
	at org.openqa.selenium.support.events.EventFiringWebDriver$EventFiringWebElement.click(EventFiringWebDriver.java:417)
	at com.kms.katalon.core.webui.keyword.builtin.ClickKeyword$_click_closure1.doCall(ClickKeyword.groovy:68)
	at com.kms.katalon.core.webui.keyword.builtin.ClickKeyword$_click_closure1.call(ClickKeyword.groovy)
	at com.kms.katalon.core.webui.keyword.internal.WebUIKeywordMain.runKeyword(WebUIKeywordMain.groovy:20)
	at com.kms.katalon.core.webui.keyword.builtin.ClickKeyword.click(ClickKeyword.groovy:75)
	at com.kms.katalon.core.webui.keyword.builtin.ClickKeyword.execute(ClickKeyword.groovy:42)
	at com.kms.katalon.core.keyword.internal.KeywordExecutor.executeKeywordForPlatform(KeywordExecutor.groovy:73)
	at com.kms.katalon.core.webui.keyword.WebUiBuiltInKeywords.click(WebUiBuiltInKeywords.groovy:619)
	at com.kms.katalon.core.webui.keyword.WebUiBuiltInKeywords$click$2.call(Unknown Source)
	at Script1622098923482.run(Script1622098923482.groovy:24)
	... 13 more
)

2021-05-30 15:51:03 - [MESSAGE][FAILED] - Unable to click on object 'Object Repository/SetStatus/Page_TEST CHANNEL - TEAM NAME Mattermost/img_TEAM NAME_Avatar Avatar-lg' (Root cause: com.kms.katalon.core.exception.StepFailedException: Unable to click on object 'Object Repository/SetStatus/Page_TEST CHANNEL - TEAM NAME Mattermost/img_TEAM NAME_Avatar Avatar-lg'
	at com.kms.katalon.core.webui.keyword.internal.WebUIKeywordMain.stepFailed(WebUIKeywordMain.groovy:64)
	at com.kms.katalon.core.webui.keyword.internal.WebUIKeywordMain.runKeyword(WebUIKeywordMain.groovy:26)
	at com.kms.katalon.core.webui.keyword.builtin.ClickKeyword.click(ClickKeyword.groovy:75)
	at com.kms.katalon.core.webui.keyword.builtin.ClickKeyword.execute(ClickKeyword.groovy:42)
	at com.kms.katalon.core.keyword.internal.KeywordExecutor.executeKeywordForPlatform(KeywordExecutor.groovy:73)
	at com.kms.katalon.core.webui.keyword.WebUiBuiltInKeywords.click(WebUiBuiltInKeywords.groovy:619)
	at com.kms.katalon.core.webui.keyword.WebUiBuiltInKeywords$click$2.call(Unknown Source)
	at SetStatus.run(SetStatus:24)
	at com.kms.katalon.core.main.ScriptEngine.run(ScriptEngine.java:194)
	at com.kms.katalon.core.main.ScriptEngine.runScriptAsRawText(ScriptEngine.java:119)
	at com.kms.katalon.core.main.TestCaseExecutor.runScript(TestCaseExecutor.java:398)
	at com.kms.katalon.core.main.TestCaseExecutor.doExecute(TestCaseExecutor.java:389)
	at com.kms.katalon.core.main.TestCaseExecutor.processExecutionPhase(TestCaseExecutor.java:368)
	at com.kms.katalon.core.main.TestCaseExecutor.accessMainPhase(TestCaseExecutor.java:360)
	at com.kms.katalon.core.main.TestCaseExecutor.execute(TestCaseExecutor.java:255)
	at com.kms.katalon.core.main.TestSuiteExecutor.accessTestCaseMainPhase(TestSuiteExecutor.java:203)
	at com.kms.katalon.core.main.TestSuiteExecutor.accessTestSuiteMainPhase(TestSuiteExecutor.java:152)
	at com.kms.katalon.core.main.TestSuiteExecutor.execute(TestSuiteExecutor.java:95)
	at com.kms.katalon.core.main.TestCaseMain.startTestSuite(TestCaseMain.java:157)
	at com.kms.katalon.core.main.TestCaseMain$startTestSuite$0.call(Unknown Source)
	at TempTestSuite1622388507297.run(TempTestSuite1622388507297.groovy:39)
Caused by: org.openqa.selenium.ElementClickInterceptedException: element click intercepted: Element <img class="Avatar Avatar-lg" alt="user profile image" src="https://chudenangcao2021.cf/api/v4/users/75sk9tnqntyaixbqarg1ps69we/image"> is not clickable at point (34, 30). Other element would receive the click: <div role="dialog" aria-labelledby="genericModalLabel" id="custom_status_modal" tabindex="-1" class="fade in modal" style="display: block;">...</div>
  (Session info: chrome=91.0.4472.77)
Build info: version: '3.141.59', revision: 'e82be7d358', time: '2018-11-14T08:25:53'
System info: host: 'WIN-SERVER-2019', ip: '10.1.0.4', os.name: 'Windows Server 2019', os.arch: 'amd64', os.version: '10.0', java.version: '1.8.0_282'
Driver info: com.kms.katalon.selenium.driver.CChromeDriver
Capabilities {acceptInsecureCerts: false, browserName: chrome, browserVersion: 91.0.4472.77, chrome: {chromedriverVersion: 90.0.4430.24 (4c6d850f087da..., userDataDir: C:\Users\nttuan\AppData\Loc...}, goog:chromeOptions: {debuggerAddress: localhost:57648}, javascriptEnabled: true, networkConnectionEnabled: false, pageLoadStrategy: normal, platform: WINDOWS, platformName: WINDOWS, proxy: Proxy(), setWindowRect: true, strictFileInteractability: false, timeouts: {implicit: 0, pageLoad: 300000, script: 30000}, unhandledPromptBehavior: dismiss and notify, webauthn:extension:largeBlob: true, webauthn:virtualAuthenticators: true}
Session ID: db2310679c7378d97df134ce1f589f02
	at org.openqa.selenium.remote.http.W3CHttpResponseCodec.createException(W3CHttpResponseCodec.java:187)
	at org.openqa.selenium.remote.http.W3CHttpResponseCodec.decode(W3CHttpResponseCodec.java:122)
	at org.openqa.selenium.remote.http.W3CHttpResponseCodec.decode(W3CHttpResponseCodec.java:49)
	at org.openqa.selenium.remote.HttpCommandExecutor.execute(HttpCommandExecutor.java:158)
	at org.openqa.selenium.remote.service.DriverCommandExecutor.execute(DriverCommandExecutor.java:83)
	at org.openqa.selenium.remote.RemoteWebDriver.execute(RemoteWebDriver.java:552)
	at com.kms.katalon.selenium.driver.CChromeDriver.execute(CChromeDriver.java:19)
	at org.openqa.selenium.remote.RemoteWebElement.execute(RemoteWebElement.java:285)
	at org.openqa.selenium.remote.RemoteWebElement.click(RemoteWebElement.java:84)
	at org.openqa.selenium.support.events.EventFiringWebDriver$EventFiringWebElement.lambda$new$0(EventFiringWebDriver.java:404)
	at com.sun.proxy.$Proxy17.click(Unknown Source)
	at org.openqa.selenium.support.events.EventFiringWebDriver$EventFiringWebElement.click(EventFiringWebDriver.java:417)
	at com.kms.katalon.core.webui.keyword.builtin.ClickKeyword$_click_closure1.doCall(ClickKeyword.groovy:68)
	at com.kms.katalon.core.webui.keyword.builtin.ClickKeyword$_click_closure1.call(ClickKeyword.groovy)
	at com.kms.katalon.core.webui.keyword.internal.WebUIKeywordMain.runKeyword(WebUIKeywordMain.groovy:20)
	at com.kms.katalon.core.webui.keyword.builtin.ClickKeyword.click(ClickKeyword.groovy:75)
	at com.kms.katalon.core.webui.keyword.builtin.ClickKeyword.execute(ClickKeyword.groovy:42)
	at com.kms.katalon.core.keyword.internal.KeywordExecutor.executeKeywordForPlatform(KeywordExecutor.groovy:73)
	at com.kms.katalon.core.webui.keyword.WebUiBuiltInKeywords.click(WebUiBuiltInKeywords.groovy:619)
	at com.kms.katalon.core.webui.keyword.WebUiBuiltInKeywords$click$2.call(Unknown Source)
	at Script1622098923482.run(Script1622098923482.groovy:24)
	... 13 more
)
[[ATTACHMENT|C:\\Users\\nttuan\\Downloads\\CDNC\\mattermost-testing\\Reports\\20210530_152827\\Run all test cases\\20210530_152827\\1622389863179.png]]]]></system-out>
         <system-err><![CDATA[2021-05-30 15:49:51 - [TEST_CASE][FAILED] - Test Cases/Data CSV Test Case/SetStatus: Test Cases/Data CSV Test Case/SetStatus FAILED.
Reason:
com.kms.katalon.core.exception.StepFailedException: Unable to click on object 'Object Repository/SetStatus/Page_TEST CHANNEL - TEAM NAME Mattermost/img_TEAM NAME_Avatar Avatar-lg'
	at com.kms.katalon.core.webui.keyword.internal.WebUIKeywordMain.stepFailed(WebUIKeywordMain.groovy:64)
	at com.kms.katalon.core.webui.keyword.internal.WebUIKeywordMain.runKeyword(WebUIKeywordMain.groovy:26)
	at com.kms.katalon.core.webui.keyword.builtin.ClickKeyword.click(ClickKeyword.groovy:75)
	at com.kms.katalon.core.webui.keyword.builtin.ClickKeyword.execute(ClickKeyword.groovy:42)
	at com.kms.katalon.core.keyword.internal.KeywordExecutor.executeKeywordForPlatform(KeywordExecutor.groovy:73)
	at com.kms.katalon.core.webui.keyword.WebUiBuiltInKeywords.click(WebUiBuiltInKeywords.groovy:619)
	at com.kms.katalon.core.webui.keyword.WebUiBuiltInKeywords$click$2.call(Unknown Source)
	at SetStatus.run(SetStatus:24)
	at com.kms.katalon.core.main.ScriptEngine.run(ScriptEngine.java:194)
	at com.kms.katalon.core.main.ScriptEngine.runScriptAsRawText(ScriptEngine.java:119)
	at com.kms.katalon.core.main.TestCaseExecutor.runScript(TestCaseExecutor.java:398)
	at com.kms.katalon.core.main.TestCaseExecutor.doExecute(TestCaseExecutor.java:389)
	at com.kms.katalon.core.main.TestCaseExecutor.processExecutionPhase(TestCaseExecutor.java:368)
	at com.kms.katalon.core.main.TestCaseExecutor.accessMainPhase(TestCaseExecutor.java:360)
	at com.kms.katalon.core.main.TestCaseExecutor.execute(TestCaseExecutor.java:255)
	at com.kms.katalon.core.main.TestSuiteExecutor.accessTestCaseMainPhase(TestSuiteExecutor.java:203)
	at com.kms.katalon.core.main.TestSuiteExecutor.accessTestSuiteMainPhase(TestSuiteExecutor.java:152)
	at com.kms.katalon.core.main.TestSuiteExecutor.execute(TestSuiteExecutor.java:95)
	at com.kms.katalon.core.main.TestCaseMain.startTestSuite(TestCaseMain.java:157)
	at com.kms.katalon.core.main.TestCaseMain$startTestSuite$0.call(Unknown Source)
	at TempTestSuite1622388507297.run(TempTestSuite1622388507297.groovy:39)
Caused by: org.openqa.selenium.ElementClickInterceptedException: element click intercepted: Element <img class="Avatar Avatar-lg" alt="user profile image" src="https://chudenangcao2021.cf/api/v4/users/75sk9tnqntyaixbqarg1ps69we/image"> is not clickable at point (34, 30). Other element would receive the click: <div role="dialog" aria-labelledby="genericModalLabel" id="custom_status_modal" tabindex="-1" class="fade in modal" style="display: block;">...</div>
  (Session info: chrome=91.0.4472.77)
Build info: version: '3.141.59', revision: 'e82be7d358', time: '2018-11-14T08:25:53'
System info: host: 'WIN-SERVER-2019', ip: '10.1.0.4', os.name: 'Windows Server 2019', os.arch: 'amd64', os.version: '10.0', java.version: '1.8.0_282'
Driver info: com.kms.katalon.selenium.driver.CChromeDriver
Capabilities {acceptInsecureCerts: false, browserName: chrome, browserVersion: 91.0.4472.77, chrome: {chromedriverVersion: 90.0.4430.24 (4c6d850f087da..., userDataDir: C:\Users\nttuan\AppData\Loc...}, goog:chromeOptions: {debuggerAddress: localhost:57648}, javascriptEnabled: true, networkConnectionEnabled: false, pageLoadStrategy: normal, platform: WINDOWS, platformName: WINDOWS, proxy: Proxy(), setWindowRect: true, strictFileInteractability: false, timeouts: {implicit: 0, pageLoad: 300000, script: 30000}, unhandledPromptBehavior: dismiss and notify, webauthn:extension:largeBlob: true, webauthn:virtualAuthenticators: true}
Session ID: db2310679c7378d97df134ce1f589f02
	at org.openqa.selenium.remote.http.W3CHttpResponseCodec.createException(W3CHttpResponseCodec.java:187)
	at org.openqa.selenium.remote.http.W3CHttpResponseCodec.decode(W3CHttpResponseCodec.java:122)
	at org.openqa.selenium.remote.http.W3CHttpResponseCodec.decode(W3CHttpResponseCodec.java:49)
	at org.openqa.selenium.remote.HttpCommandExecutor.execute(HttpCommandExecutor.java:158)
	at org.openqa.selenium.remote.service.DriverCommandExecutor.execute(DriverCommandExecutor.java:83)
	at org.openqa.selenium.remote.RemoteWebDriver.execute(RemoteWebDriver.java:552)
	at com.kms.katalon.selenium.driver.CChromeDriver.execute(CChromeDriver.java:19)
	at org.openqa.selenium.remote.RemoteWebElement.execute(RemoteWebElement.java:285)
	at org.openqa.selenium.remote.RemoteWebElement.click(RemoteWebElement.java:84)
	at org.openqa.selenium.support.events.EventFiringWebDriver$EventFiringWebElement.lambda$new$0(EventFiringWebDriver.java:404)
	at com.sun.proxy.$Proxy17.click(Unknown Source)
	at org.openqa.selenium.support.events.EventFiringWebDriver$EventFiringWebElement.click(EventFiringWebDriver.java:417)
	at com.kms.katalon.core.webui.keyword.builtin.ClickKeyword$_click_closure1.doCall(ClickKeyword.groovy:68)
	at com.kms.katalon.core.webui.keyword.builtin.ClickKeyword$_click_closure1.call(ClickKeyword.groovy)
	at com.kms.katalon.core.webui.keyword.internal.WebUIKeywordMain.runKeyword(WebUIKeywordMain.groovy:20)
	... 19 more]]></system-err>
      </testcase>
      <testcase name="Test Cases/TestCasesIf/CallChangeTime" time="11.975" classname="Test Cases/TestCasesIf/CallChangeTime" status="FAILED">
         <failure type="FAILED" message="Test Cases/TestCasesIf/CallChangeTime FAILED.
Reason:
com.kms.katalon.core.exception.StepFailedException: Call Test Case 'Test Cases/TestCasesIf/Time24hIfUserNameThanTen' failed
	at com.kms.katalon.core.keyword.builtin.CallTestCaseKeyword$_callTestCase_closure1.doCall(CallTestCaseKeyword.groovy:63)
	at com.kms.katalon.core.keyword.builtin.CallTestCaseKeyword$_callTestCase_closure1.call(CallTestCaseKeyword.groovy)
	at com.kms.katalon.core.keyword.internal.KeywordMain.runKeyword(KeywordMain.groovy:68)
	at com.kms.katalon.core.keyword.builtin.CallTestCaseKeyword.callTestCase(CallTestCaseKeyword.groovy:81)
	at com.kms.katalon.core.keyword.builtin.CallTestCaseKeyword.execute(CallTestCaseKeyword.groovy:44)
	at com.kms.katalon.core.keyword.internal.KeywordExecutor.executeKeywordForPlatform(KeywordExecutor.groovy:73)
	at com.kms.katalon.core.keyword.BuiltinKeywords.callTestCase(BuiltinKeywords.groovy:350)
	at CallChangeTime.run(CallChangeTime:20)
	at com.kms.katalon.core.main.ScriptEngine.run(ScriptEngine.java:194)
	at com.kms.katalon.core.main.ScriptEngine.runScriptAsRawText(ScriptEngine.java:119)
	at com.kms.katalon.core.main.TestCaseExecutor.runScript(TestCaseExecutor.java:398)
	at com.kms.katalon.core.main.TestCaseExecutor.doExecute(TestCaseExecutor.java:389)
	at com.kms.katalon.core.main.TestCaseExecutor.processExecutionPhase(TestCaseExecutor.java:368)
	at com.kms.katalon.core.main.TestCaseExecutor.accessMainPhase(TestCaseExecutor.java:360)
	at com.kms.katalon.core.main.TestCaseExecutor.execute(TestCaseExecutor.java:255)
	at com.kms.katalon.core.main.TestSuiteExecutor.accessTestCaseMainPhase(TestSuiteExecutor.java:203)
	at com.kms.katalon.core.main.TestSuiteExecutor.accessTestSuiteMainPhase(TestSuiteExecutor.java:152)
	at com.kms.katalon.core.main.TestSuiteExecutor.execute(TestSuiteExecutor.java:95)
	at com.kms.katalon.core.main.TestCaseMain.startTestSuite(TestCaseMain.java:157)
	at com.kms.katalon.core.main.TestCaseMain$startTestSuite$0.call(Unknown Source)
	at TempTestSuite1622388507297.run(TempTestSuite1622388507297.groovy:39)
Caused by: com.kms.katalon.core.exception.StepFailedException: Unable to click on object 'Object Repository/IFObject/Page_TEST CHANNEL - TEAM NAME Mattermost/button_Close'
	at com.kms.katalon.core.webui.keyword.internal.WebUIKeywordMain.stepFailed(WebUIKeywordMain.groovy:64)
	at com.kms.katalon.core.webui.keyword.internal.WebUIKeywordMain.runKeyword(WebUIKeywordMain.groovy:26)
	at com.kms.katalon.core.webui.keyword.builtin.ClickKeyword.click(ClickKeyword.groovy:75)
	at com.kms.katalon.core.webui.keyword.builtin.ClickKeyword.execute(ClickKeyword.groovy:42)
	at com.kms.katalon.core.keyword.internal.KeywordExecutor.executeKeywordForPlatform(KeywordExecutor.groovy:73)
	at com.kms.katalon.core.webui.keyword.WebUiBuiltInKeywords.click(WebUiBuiltInKeywords.groovy:619)
	at com.kms.katalon.core.webui.keyword.WebUiBuiltInKeywords$click$2.call(Unknown Source)
	at Time24hIfUserNameThanTen.run(Time24hIfUserNameThanTen:57)
	at com.kms.katalon.core.main.ScriptEngine.run(ScriptEngine.java:194)
	at com.kms.katalon.core.main.ScriptEngine.runScriptAsRawText(ScriptEngine.java:119)
	at com.kms.katalon.core.main.TestCaseExecutor.runScript(TestCaseExecutor.java:398)
	at com.kms.katalon.core.main.TestCaseExecutor.doExecute(TestCaseExecutor.java:389)
	at com.kms.katalon.core.main.TestCaseExecutor.processExecutionPhase(TestCaseExecutor.java:368)
	at com.kms.katalon.core.main.TestCaseExecutor.accessMainPhase(TestCaseExecutor.java:360)
	at com.kms.katalon.core.main.TestCaseExecutor.execute(TestCaseExecutor.java:255)
	at com.kms.katalon.core.main.TestCaseMain.runTestCase(TestCaseMain.java:114)
	at com.kms.katalon.core.keyword.builtin.CallTestCaseKeyword$_callTestCase_closure1.doCall(CallTestCaseKeyword.groovy:59)
	... 20 more
Caused by: org.openqa.selenium.ElementClickInterceptedException: element click intercepted: Element &lt;button type=&quot;button&quot; aria-label=&quot;emoji picker&quot; class=&quot;emoji-picker__container post-action&quot;>...&lt;/button> is not clickable at point (996, 520). Other element would receive the click: &lt;div id=&quot;accountSettingsModal&quot; role=&quot;dialog&quot; aria-labelledby=&quot;accountSettingsModalLabel&quot; tabindex=&quot;-1&quot; class=&quot;fade in modal&quot; style=&quot;display: block;&quot;>...&lt;/div>
  (Session info: chrome=91.0.4472.77)
Build info: version: '3.141.59', revision: 'e82be7d358', time: '2018-11-14T08:25:53'
System info: host: 'WIN-SERVER-2019', ip: '10.1.0.4', os.name: 'Windows Server 2019', os.arch: 'amd64', os.version: '10.0', java.version: '1.8.0_282'
Driver info: com.kms.katalon.selenium.driver.CChromeDriver
Capabilities {acceptInsecureCerts: false, browserName: chrome, browserVersion: 91.0.4472.77, chrome: {chromedriverVersion: 90.0.4430.24 (4c6d850f087da..., userDataDir: C:\Users\nttuan\AppData\Loc...}, goog:chromeOptions: {debuggerAddress: localhost:49487}, javascriptEnabled: true, networkConnectionEnabled: false, pageLoadStrategy: normal, platform: WINDOWS, platformName: WINDOWS, proxy: Proxy(), setWindowRect: true, strictFileInteractability: false, timeouts: {implicit: 0, pageLoad: 300000, script: 30000}, unhandledPromptBehavior: dismiss and notify, webauthn:extension:largeBlob: true, webauthn:virtualAuthenticators: true}
Session ID: 3e6e645b75b02b1e1f514caa19518f10
	at org.openqa.selenium.remote.http.W3CHttpResponseCodec.createException(W3CHttpResponseCodec.java:187)
	at org.openqa.selenium.remote.http.W3CHttpResponseCodec.decode(W3CHttpResponseCodec.java:122)
	at org.openqa.selenium.remote.http.W3CHttpResponseCodec.decode(W3CHttpResponseCodec.java:49)
	at org.openqa.selenium.remote.HttpCommandExecutor.execute(HttpCommandExecutor.java:158)
	at org.openqa.selenium.remote.service.DriverCommandExecutor.execute(DriverCommandExecutor.java:83)
	at org.openqa.selenium.remote.RemoteWebDriver.execute(RemoteWebDriver.java:552)
	at com.kms.katalon.selenium.driver.CChromeDriver.execute(CChromeDriver.java:19)
	at org.openqa.selenium.remote.RemoteWebElement.execute(RemoteWebElement.java:285)
	at org.openqa.selenium.remote.RemoteWebElement.click(RemoteWebElement.java:84)
	at org.openqa.selenium.support.events.EventFiringWebDriver$EventFiringWebElement.lambda$new$0(EventFiringWebDriver.java:404)
	at com.sun.proxy.$Proxy17.click(Unknown Source)
	at org.openqa.selenium.support.events.EventFiringWebDriver$EventFiringWebElement.click(EventFiringWebDriver.java:417)
	at com.kms.katalon.core.webui.keyword.builtin.ClickKeyword$_click_closure1.doCall(ClickKeyword.groovy:68)
	at com.kms.katalon.core.webui.keyword.builtin.ClickKeyword$_click_closure1.call(ClickKeyword.groovy)
	at com.kms.katalon.core.webui.keyword.internal.WebUIKeywordMain.runKeyword(WebUIKeywordMain.groovy:20)
	... 35 more
"/>
         <system-out><![CDATA[2021-05-30 15:51:03 - [TEST_CASE][FAILED] - Test Cases/TestCasesIf/CallChangeTime: Test Cases/TestCasesIf/CallChangeTime FAILED.
Reason:
com.kms.katalon.core.exception.StepFailedException: Call Test Case 'Test Cases/TestCasesIf/Time24hIfUserNameThanTen' failed
	at com.kms.katalon.core.keyword.builtin.CallTestCaseKeyword$_callTestCase_closure1.doCall(CallTestCaseKeyword.groovy:63)
	at com.kms.katalon.core.keyword.builtin.CallTestCaseKeyword$_callTestCase_closure1.call(CallTestCaseKeyword.groovy)
	at com.kms.katalon.core.keyword.internal.KeywordMain.runKeyword(KeywordMain.groovy:68)
	at com.kms.katalon.core.keyword.builtin.CallTestCaseKeyword.callTestCase(CallTestCaseKeyword.groovy:81)
	at com.kms.katalon.core.keyword.builtin.CallTestCaseKeyword.execute(CallTestCaseKeyword.groovy:44)
	at com.kms.katalon.core.keyword.internal.KeywordExecutor.executeKeywordForPlatform(KeywordExecutor.groovy:73)
	at com.kms.katalon.core.keyword.BuiltinKeywords.callTestCase(BuiltinKeywords.groovy:350)
	at CallChangeTime.run(CallChangeTime:20)
	at com.kms.katalon.core.main.ScriptEngine.run(ScriptEngine.java:194)
	at com.kms.katalon.core.main.ScriptEngine.runScriptAsRawText(ScriptEngine.java:119)
	at com.kms.katalon.core.main.TestCaseExecutor.runScript(TestCaseExecutor.java:398)
	at com.kms.katalon.core.main.TestCaseExecutor.doExecute(TestCaseExecutor.java:389)
	at com.kms.katalon.core.main.TestCaseExecutor.processExecutionPhase(TestCaseExecutor.java:368)
	at com.kms.katalon.core.main.TestCaseExecutor.accessMainPhase(TestCaseExecutor.java:360)
	at com.kms.katalon.core.main.TestCaseExecutor.execute(TestCaseExecutor.java:255)
	at com.kms.katalon.core.main.TestSuiteExecutor.accessTestCaseMainPhase(TestSuiteExecutor.java:203)
	at com.kms.katalon.core.main.TestSuiteExecutor.accessTestSuiteMainPhase(TestSuiteExecutor.java:152)
	at com.kms.katalon.core.main.TestSuiteExecutor.execute(TestSuiteExecutor.java:95)
	at com.kms.katalon.core.main.TestCaseMain.startTestSuite(TestCaseMain.java:157)
	at com.kms.katalon.core.main.TestCaseMain$startTestSuite$0.call(Unknown Source)
	at TempTestSuite1622388507297.run(TempTestSuite1622388507297.groovy:39)
Caused by: com.kms.katalon.core.exception.StepFailedException: Unable to click on object 'Object Repository/IFObject/Page_TEST CHANNEL - TEAM NAME Mattermost/button_Close'
	at com.kms.katalon.core.webui.keyword.internal.WebUIKeywordMain.stepFailed(WebUIKeywordMain.groovy:64)
	at com.kms.katalon.core.webui.keyword.internal.WebUIKeywordMain.runKeyword(WebUIKeywordMain.groovy:26)
	at com.kms.katalon.core.webui.keyword.builtin.ClickKeyword.click(ClickKeyword.groovy:75)
	at com.kms.katalon.core.webui.keyword.builtin.ClickKeyword.execute(ClickKeyword.groovy:42)
	at com.kms.katalon.core.keyword.internal.KeywordExecutor.executeKeywordForPlatform(KeywordExecutor.groovy:73)
	at com.kms.katalon.core.webui.keyword.WebUiBuiltInKeywords.click(WebUiBuiltInKeywords.groovy:619)
	at com.kms.katalon.core.webui.keyword.WebUiBuiltInKeywords$click$2.call(Unknown Source)
	at Time24hIfUserNameThanTen.run(Time24hIfUserNameThanTen:57)
	at com.kms.katalon.core.main.ScriptEngine.run(ScriptEngine.java:194)
	at com.kms.katalon.core.main.ScriptEngine.runScriptAsRawText(ScriptEngine.java:119)
	at com.kms.katalon.core.main.TestCaseExecutor.runScript(TestCaseExecutor.java:398)
	at com.kms.katalon.core.main.TestCaseExecutor.doExecute(TestCaseExecutor.java:389)
	at com.kms.katalon.core.main.TestCaseExecutor.processExecutionPhase(TestCaseExecutor.java:368)
	at com.kms.katalon.core.main.TestCaseExecutor.accessMainPhase(TestCaseExecutor.java:360)
	at com.kms.katalon.core.main.TestCaseExecutor.execute(TestCaseExecutor.java:255)
	at com.kms.katalon.core.main.TestCaseMain.runTestCase(TestCaseMain.java:114)
	at com.kms.katalon.core.keyword.builtin.CallTestCaseKeyword$_callTestCase_closure1.doCall(CallTestCaseKeyword.groovy:59)
	... 20 more
Caused by: org.openqa.selenium.ElementClickInterceptedException: element click intercepted: Element <button type="button" aria-label="emoji picker" class="emoji-picker__container post-action">...</button> is not clickable at point (996, 520). Other element would receive the click: <div id="accountSettingsModal" role="dialog" aria-labelledby="accountSettingsModalLabel" tabindex="-1" class="fade in modal" style="display: block;">...</div>
  (Session info: chrome=91.0.4472.77)
Build info: version: '3.141.59', revision: 'e82be7d358', time: '2018-11-14T08:25:53'
System info: host: 'WIN-SERVER-2019', ip: '10.1.0.4', os.name: 'Windows Server 2019', os.arch: 'amd64', os.version: '10.0', java.version: '1.8.0_282'
Driver info: com.kms.katalon.selenium.driver.CChromeDriver
Capabilities {acceptInsecureCerts: false, browserName: chrome, browserVersion: 91.0.4472.77, chrome: {chromedriverVersion: 90.0.4430.24 (4c6d850f087da..., userDataDir: C:\Users\nttuan\AppData\Loc...}, goog:chromeOptions: {debuggerAddress: localhost:49487}, javascriptEnabled: true, networkConnectionEnabled: false, pageLoadStrategy: normal, platform: WINDOWS, platformName: WINDOWS, proxy: Proxy(), setWindowRect: true, strictFileInteractability: false, timeouts: {implicit: 0, pageLoad: 300000, script: 30000}, unhandledPromptBehavior: dismiss and notify, webauthn:extension:largeBlob: true, webauthn:virtualAuthenticators: true}
Session ID: 3e6e645b75b02b1e1f514caa19518f10
	at org.openqa.selenium.remote.http.W3CHttpResponseCodec.createException(W3CHttpResponseCodec.java:187)
	at org.openqa.selenium.remote.http.W3CHttpResponseCodec.decode(W3CHttpResponseCodec.java:122)
	at org.openqa.selenium.remote.http.W3CHttpResponseCodec.decode(W3CHttpResponseCodec.java:49)
	at org.openqa.selenium.remote.HttpCommandExecutor.execute(HttpCommandExecutor.java:158)
	at org.openqa.selenium.remote.service.DriverCommandExecutor.execute(DriverCommandExecutor.java:83)
	at org.openqa.selenium.remote.RemoteWebDriver.execute(RemoteWebDriver.java:552)
	at com.kms.katalon.selenium.driver.CChromeDriver.execute(CChromeDriver.java:19)
	at org.openqa.selenium.remote.RemoteWebElement.execute(RemoteWebElement.java:285)
	at org.openqa.selenium.remote.RemoteWebElement.click(RemoteWebElement.java:84)
	at org.openqa.selenium.support.events.EventFiringWebDriver$EventFiringWebElement.lambda$new$0(EventFiringWebDriver.java:404)
	at com.sun.proxy.$Proxy17.click(Unknown Source)
	at org.openqa.selenium.support.events.EventFiringWebDriver$EventFiringWebElement.click(EventFiringWebDriver.java:417)
	at com.kms.katalon.core.webui.keyword.builtin.ClickKeyword$_click_closure1.doCall(ClickKeyword.groovy:68)
	at com.kms.katalon.core.webui.keyword.builtin.ClickKeyword$_click_closure1.call(ClickKeyword.groovy)
	at com.kms.katalon.core.webui.keyword.internal.WebUIKeywordMain.runKeyword(WebUIKeywordMain.groovy:20)
	... 35 more


2021-05-30 15:51:03 - [TEST_STEP][FAILED] - callTestCase(findTestCase("Test Cases/TestCasesIf/Time24hIfUserNameThanTen"), ["username":"cxtuan", "password":"01672471821nT@"]): Unable to call Test Case 'Test Cases/TestCasesIf/Time24hIfUserNameThanTen' (Root cause: com.kms.katalon.core.exception.StepFailedException: Call Test Case 'Test Cases/TestCasesIf/Time24hIfUserNameThanTen' failed
	at com.kms.katalon.core.keyword.builtin.CallTestCaseKeyword$_callTestCase_closure1.doCall(CallTestCaseKeyword.groovy:63)
	at com.kms.katalon.core.keyword.builtin.CallTestCaseKeyword$_callTestCase_closure1.call(CallTestCaseKeyword.groovy)
	at com.kms.katalon.core.keyword.internal.KeywordMain.runKeyword(KeywordMain.groovy:68)
	at com.kms.katalon.core.keyword.builtin.CallTestCaseKeyword.callTestCase(CallTestCaseKeyword.groovy:81)
	at com.kms.katalon.core.keyword.builtin.CallTestCaseKeyword.execute(CallTestCaseKeyword.groovy:44)
	at com.kms.katalon.core.keyword.internal.KeywordExecutor.executeKeywordForPlatform(KeywordExecutor.groovy:73)
	at com.kms.katalon.core.keyword.BuiltinKeywords.callTestCase(BuiltinKeywords.groovy:350)
	at CallChangeTime.run(CallChangeTime:20)
	at com.kms.katalon.core.main.ScriptEngine.run(ScriptEngine.java:194)
	at com.kms.katalon.core.main.ScriptEngine.runScriptAsRawText(ScriptEngine.java:119)
	at com.kms.katalon.core.main.TestCaseExecutor.runScript(TestCaseExecutor.java:398)
	at com.kms.katalon.core.main.TestCaseExecutor.doExecute(TestCaseExecutor.java:389)
	at com.kms.katalon.core.main.TestCaseExecutor.processExecutionPhase(TestCaseExecutor.java:368)
	at com.kms.katalon.core.main.TestCaseExecutor.accessMainPhase(TestCaseExecutor.java:360)
	at com.kms.katalon.core.main.TestCaseExecutor.execute(TestCaseExecutor.java:255)
	at com.kms.katalon.core.main.TestSuiteExecutor.accessTestCaseMainPhase(TestSuiteExecutor.java:203)
	at com.kms.katalon.core.main.TestSuiteExecutor.accessTestSuiteMainPhase(TestSuiteExecutor.java:152)
	at com.kms.katalon.core.main.TestSuiteExecutor.execute(TestSuiteExecutor.java:95)
	at com.kms.katalon.core.main.TestCaseMain.startTestSuite(TestCaseMain.java:157)
	at com.kms.katalon.core.main.TestCaseMain$startTestSuite$0.call(Unknown Source)
	at TempTestSuite1622388507297.run(TempTestSuite1622388507297.groovy:39)
Caused by: com.kms.katalon.core.exception.StepFailedException: Unable to click on object 'Object Repository/IFObject/Page_TEST CHANNEL - TEAM NAME Mattermost/button_Close'
	at com.kms.katalon.core.webui.keyword.internal.WebUIKeywordMain.stepFailed(WebUIKeywordMain.groovy:64)
	at com.kms.katalon.core.webui.keyword.internal.WebUIKeywordMain.runKeyword(WebUIKeywordMain.groovy:26)
	at com.kms.katalon.core.webui.keyword.builtin.ClickKeyword.click(ClickKeyword.groovy:75)
	at com.kms.katalon.core.webui.keyword.builtin.ClickKeyword.execute(ClickKeyword.groovy:42)
	at com.kms.katalon.core.keyword.internal.KeywordExecutor.executeKeywordForPlatform(KeywordExecutor.groovy:73)
	at com.kms.katalon.core.webui.keyword.WebUiBuiltInKeywords.click(WebUiBuiltInKeywords.groovy:619)
	at com.kms.katalon.core.webui.keyword.WebUiBuiltInKeywords$click$2.call(Unknown Source)
	at Time24hIfUserNameThanTen.run(Time24hIfUserNameThanTen:57)
	at com.kms.katalon.core.main.ScriptEngine.run(ScriptEngine.java:194)
	at com.kms.katalon.core.main.ScriptEngine.runScriptAsRawText(ScriptEngine.java:119)
	at com.kms.katalon.core.main.TestCaseExecutor.runScript(TestCaseExecutor.java:398)
	at com.kms.katalon.core.main.TestCaseExecutor.doExecute(TestCaseExecutor.java:389)
	at com.kms.katalon.core.main.TestCaseExecutor.processExecutionPhase(TestCaseExecutor.java:368)
	at com.kms.katalon.core.main.TestCaseExecutor.accessMainPhase(TestCaseExecutor.java:360)
	at com.kms.katalon.core.main.TestCaseExecutor.execute(TestCaseExecutor.java:255)
	at com.kms.katalon.core.main.TestCaseMain.runTestCase(TestCaseMain.java:114)
	at com.kms.katalon.core.keyword.builtin.CallTestCaseKeyword$_callTestCase_closure1.doCall(CallTestCaseKeyword.groovy:59)
	... 20 more
Caused by: org.openqa.selenium.ElementClickInterceptedException: element click intercepted: Element <button type="button" aria-label="emoji picker" class="emoji-picker__container post-action">...</button> is not clickable at point (996, 520). Other element would receive the click: <div id="accountSettingsModal" role="dialog" aria-labelledby="accountSettingsModalLabel" tabindex="-1" class="fade in modal" style="display: block;">...</div>
  (Session info: chrome=91.0.4472.77)
Build info: version: '3.141.59', revision: 'e82be7d358', time: '2018-11-14T08:25:53'
System info: host: 'WIN-SERVER-2019', ip: '10.1.0.4', os.name: 'Windows Server 2019', os.arch: 'amd64', os.version: '10.0', java.version: '1.8.0_282'
Driver info: com.kms.katalon.selenium.driver.CChromeDriver
Capabilities {acceptInsecureCerts: false, browserName: chrome, browserVersion: 91.0.4472.77, chrome: {chromedriverVersion: 90.0.4430.24 (4c6d850f087da..., userDataDir: C:\Users\nttuan\AppData\Loc...}, goog:chromeOptions: {debuggerAddress: localhost:49487}, javascriptEnabled: true, networkConnectionEnabled: false, pageLoadStrategy: normal, platform: WINDOWS, platformName: WINDOWS, proxy: Proxy(), setWindowRect: true, strictFileInteractability: false, timeouts: {implicit: 0, pageLoad: 300000, script: 30000}, unhandledPromptBehavior: dismiss and notify, webauthn:extension:largeBlob: true, webauthn:virtualAuthenticators: true}
Session ID: 3e6e645b75b02b1e1f514caa19518f10
	at org.openqa.selenium.remote.http.W3CHttpResponseCodec.createException(W3CHttpResponseCodec.java:187)
	at org.openqa.selenium.remote.http.W3CHttpResponseCodec.decode(W3CHttpResponseCodec.java:122)
	at org.openqa.selenium.remote.http.W3CHttpResponseCodec.decode(W3CHttpResponseCodec.java:49)
	at org.openqa.selenium.remote.HttpCommandExecutor.execute(HttpCommandExecutor.java:158)
	at org.openqa.selenium.remote.service.DriverCommandExecutor.execute(DriverCommandExecutor.java:83)
	at org.openqa.selenium.remote.RemoteWebDriver.execute(RemoteWebDriver.java:552)
	at com.kms.katalon.selenium.driver.CChromeDriver.execute(CChromeDriver.java:19)
	at org.openqa.selenium.remote.RemoteWebElement.execute(RemoteWebElement.java:285)
	at org.openqa.selenium.remote.RemoteWebElement.click(RemoteWebElement.java:84)
	at org.openqa.selenium.support.events.EventFiringWebDriver$EventFiringWebElement.lambda$new$0(EventFiringWebDriver.java:404)
	at com.sun.proxy.$Proxy17.click(Unknown Source)
	at org.openqa.selenium.support.events.EventFiringWebDriver$EventFiringWebElement.click(EventFiringWebDriver.java:417)
	at com.kms.katalon.core.webui.keyword.builtin.ClickKeyword$_click_closure1.doCall(ClickKeyword.groovy:68)
	at com.kms.katalon.core.webui.keyword.builtin.ClickKeyword$_click_closure1.call(ClickKeyword.groovy)
	at com.kms.katalon.core.webui.keyword.internal.WebUIKeywordMain.runKeyword(WebUIKeywordMain.groovy:20)
	... 35 more
)

2021-05-30 15:51:03 - [TEST_CASE][FAILED] - Test Cases/TestCasesIf/Time24hIfUserNameThanTen: Test Cases/TestCasesIf/Time24hIfUserNameThanTen FAILED.
Reason:
com.kms.katalon.core.exception.StepFailedException: Unable to click on object 'Object Repository/IFObject/Page_TEST CHANNEL - TEAM NAME Mattermost/button_Close'
	at com.kms.katalon.core.webui.keyword.internal.WebUIKeywordMain.stepFailed(WebUIKeywordMain.groovy:64)
	at com.kms.katalon.core.webui.keyword.internal.WebUIKeywordMain.runKeyword(WebUIKeywordMain.groovy:26)
	at com.kms.katalon.core.webui.keyword.builtin.ClickKeyword.click(ClickKeyword.groovy:75)
	at com.kms.katalon.core.webui.keyword.builtin.ClickKeyword.execute(ClickKeyword.groovy:42)
	at com.kms.katalon.core.keyword.internal.KeywordExecutor.executeKeywordForPlatform(KeywordExecutor.groovy:73)
	at com.kms.katalon.core.webui.keyword.WebUiBuiltInKeywords.click(WebUiBuiltInKeywords.groovy:619)
	at com.kms.katalon.core.webui.keyword.WebUiBuiltInKeywords$click$2.call(Unknown Source)
	at Time24hIfUserNameThanTen.run(Time24hIfUserNameThanTen:57)
	at com.kms.katalon.core.main.ScriptEngine.run(ScriptEngine.java:194)
	at com.kms.katalon.core.main.ScriptEngine.runScriptAsRawText(ScriptEngine.java:119)
	at com.kms.katalon.core.main.TestCaseExecutor.runScript(TestCaseExecutor.java:398)
	at com.kms.katalon.core.main.TestCaseExecutor.doExecute(TestCaseExecutor.java:389)
	at com.kms.katalon.core.main.TestCaseExecutor.processExecutionPhase(TestCaseExecutor.java:368)
	at com.kms.katalon.core.main.TestCaseExecutor.accessMainPhase(TestCaseExecutor.java:360)
	at com.kms.katalon.core.main.TestCaseExecutor.execute(TestCaseExecutor.java:255)
	at com.kms.katalon.core.main.TestCaseMain.runTestCase(TestCaseMain.java:114)
	at com.kms.katalon.core.keyword.builtin.CallTestCaseKeyword$_callTestCase_closure1.doCall(CallTestCaseKeyword.groovy:59)
	at com.kms.katalon.core.keyword.builtin.CallTestCaseKeyword$_callTestCase_closure1.call(CallTestCaseKeyword.groovy)
	at com.kms.katalon.core.keyword.internal.KeywordMain.runKeyword(KeywordMain.groovy:68)
	at com.kms.katalon.core.keyword.builtin.CallTestCaseKeyword.callTestCase(CallTestCaseKeyword.groovy:81)
	at com.kms.katalon.core.keyword.builtin.CallTestCaseKeyword.execute(CallTestCaseKeyword.groovy:44)
	at com.kms.katalon.core.keyword.internal.KeywordExecutor.executeKeywordForPlatform(KeywordExecutor.groovy:73)
	at com.kms.katalon.core.keyword.BuiltinKeywords.callTestCase(BuiltinKeywords.groovy:350)
	at CallChangeTime.run(CallChangeTime:20)
	at com.kms.katalon.core.main.ScriptEngine.run(ScriptEngine.java:194)
	at com.kms.katalon.core.main.ScriptEngine.runScriptAsRawText(ScriptEngine.java:119)
	at com.kms.katalon.core.main.TestCaseExecutor.runScript(TestCaseExecutor.java:398)
	at com.kms.katalon.core.main.TestCaseExecutor.doExecute(TestCaseExecutor.java:389)
	at com.kms.katalon.core.main.TestCaseExecutor.processExecutionPhase(TestCaseExecutor.java:368)
	at com.kms.katalon.core.main.TestCaseExecutor.accessMainPhase(TestCaseExecutor.java:360)
	at com.kms.katalon.core.main.TestCaseExecutor.execute(TestCaseExecutor.java:255)
	at com.kms.katalon.core.main.TestSuiteExecutor.accessTestCaseMainPhase(TestSuiteExecutor.java:203)
	at com.kms.katalon.core.main.TestSuiteExecutor.accessTestSuiteMainPhase(TestSuiteExecutor.java:152)
	at com.kms.katalon.core.main.TestSuiteExecutor.execute(TestSuiteExecutor.java:95)
	at com.kms.katalon.core.main.TestCaseMain.startTestSuite(TestCaseMain.java:157)
	at com.kms.katalon.core.main.TestCaseMain$startTestSuite$0.call(Unknown Source)
	at TempTestSuite1622388507297.run(TempTestSuite1622388507297.groovy:39)
Caused by: org.openqa.selenium.ElementClickInterceptedException: element click intercepted: Element <button type="button" aria-label="emoji picker" class="emoji-picker__container post-action">...</button> is not clickable at point (996, 520). Other element would receive the click: <div id="accountSettingsModal" role="dialog" aria-labelledby="accountSettingsModalLabel" tabindex="-1" class="fade in modal" style="display: block;">...</div>
  (Session info: chrome=91.0.4472.77)
Build info: version: '3.141.59', revision: 'e82be7d358', time: '2018-11-14T08:25:53'
System info: host: 'WIN-SERVER-2019', ip: '10.1.0.4', os.name: 'Windows Server 2019', os.arch: 'amd64', os.version: '10.0', java.version: '1.8.0_282'
Driver info: com.kms.katalon.selenium.driver.CChromeDriver
Capabilities {acceptInsecureCerts: false, browserName: chrome, browserVersion: 91.0.4472.77, chrome: {chromedriverVersion: 90.0.4430.24 (4c6d850f087da..., userDataDir: C:\Users\nttuan\AppData\Loc...}, goog:chromeOptions: {debuggerAddress: localhost:49487}, javascriptEnabled: true, networkConnectionEnabled: false, pageLoadStrategy: normal, platform: WINDOWS, platformName: WINDOWS, proxy: Proxy(), setWindowRect: true, strictFileInteractability: false, timeouts: {implicit: 0, pageLoad: 300000, script: 30000}, unhandledPromptBehavior: dismiss and notify, webauthn:extension:largeBlob: true, webauthn:virtualAuthenticators: true}
Session ID: 3e6e645b75b02b1e1f514caa19518f10
	at org.openqa.selenium.remote.http.W3CHttpResponseCodec.createException(W3CHttpResponseCodec.java:187)
	at org.openqa.selenium.remote.http.W3CHttpResponseCodec.decode(W3CHttpResponseCodec.java:122)
	at org.openqa.selenium.remote.http.W3CHttpResponseCodec.decode(W3CHttpResponseCodec.java:49)
	at org.openqa.selenium.remote.HttpCommandExecutor.execute(HttpCommandExecutor.java:158)
	at org.openqa.selenium.remote.service.DriverCommandExecutor.execute(DriverCommandExecutor.java:83)
	at org.openqa.selenium.remote.RemoteWebDriver.execute(RemoteWebDriver.java:552)
	at com.kms.katalon.selenium.driver.CChromeDriver.execute(CChromeDriver.java:19)
	at org.openqa.selenium.remote.RemoteWebElement.execute(RemoteWebElement.java:285)
	at org.openqa.selenium.remote.RemoteWebElement.click(RemoteWebElement.java:84)
	at org.openqa.selenium.support.events.EventFiringWebDriver$EventFiringWebElement.lambda$new$0(EventFiringWebDriver.java:404)
	at com.sun.proxy.$Proxy17.click(Unknown Source)
	at org.openqa.selenium.support.events.EventFiringWebDriver$EventFiringWebElement.click(EventFiringWebDriver.java:417)
	at com.kms.katalon.core.webui.keyword.builtin.ClickKeyword$_click_closure1.doCall(ClickKeyword.groovy:68)
	at com.kms.katalon.core.webui.keyword.builtin.ClickKeyword$_click_closure1.call(ClickKeyword.groovy)
	at com.kms.katalon.core.webui.keyword.internal.WebUIKeywordMain.runKeyword(WebUIKeywordMain.groovy:20)
	... 35 more


2021-05-30 15:51:03 - [TEST_STEP][PASSED] - callTestCase(findTestCase("Test Cases/Common Test Cases/Login"), ["Username":username, "Password":password]): Call Test Case 'Test Cases/Common Test Cases/Login' successfully

2021-05-30 15:51:03 - [TEST_CASE][PASSED] - Test Cases/Common Test Cases/Login: Test Cases/Common Test Cases/Login

2021-05-30 15:51:03 - [TEST_STEP][PASSED] - openBrowser(""): Browser is opened with url: ''

2021-05-30 15:51:03 - [MESSAGE][WARNING] - A browser is already opened. Closing browser and opening a new one

2021-05-30 15:51:04 - [MESSAGE][INFO] - Starting 'Chrome' driver

2021-05-30 15:51:04 - [MESSAGE][INFO] - Action delay is set to 0 milliseconds

2021-05-30 15:51:05 - [MESSAGE][PASSED] - Browser is opened with url: ''

2021-05-30 15:51:05 - [TEST_STEP][PASSED] - navigateToUrl("https://chudenangcao2021.cf/"): Navigate to 'https://chudenangcao2021.cf/' successfully

2021-05-30 15:51:06 - [MESSAGE][PASSED] - Navigate to 'https://chudenangcao2021.cf/' successfully

2021-05-30 15:51:06 - [TEST_STEP][PASSED] - setText(findTestObject("Object Repository/Page_Mattermost/input_All team communication in one place, _dcc84b"), Username): Text 'cxtuan' is set on object 'Object Repository/Page_Mattermost/input_All team communication in one place, _dcc84b'

2021-05-30 15:51:07 - [MESSAGE][PASSED] - Text 'cxtuan' is set on object 'Object Repository/Page_Mattermost/input_All team communication in one place, _dcc84b'

2021-05-30 15:51:07 - [TEST_STEP][PASSED] - setText(findTestObject("Object Repository/Page_Mattermost/input_All team communication in one place, _a3edc6"), Password): Text '01672471821nT@' is set on object 'Object Repository/Page_Mattermost/input_All team communication in one place, _a3edc6'

2021-05-30 15:51:08 - [MESSAGE][PASSED] - Text '01672471821nT@' is set on object 'Object Repository/Page_Mattermost/input_All team communication in one place, _a3edc6'

2021-05-30 15:51:08 - [TEST_STEP][PASSED] - click(findTestObject("Object Repository/Page_Mattermost/button_Sign in")): Object: 'Object Repository/Page_Mattermost/button_Sign in' is clicked on

2021-05-30 15:51:09 - [MESSAGE][PASSED] - Object: 'Object Repository/Page_Mattermost/button_Sign in' is clicked on

2021-05-30 15:51:09 - [TEST_STEP][PASSED] - verifyLinksAccessible(["https://chudenangcao2021.cf/cdnc-cnpm-2021/channels"]): All links are accessible

2021-05-30 15:51:09 - [MESSAGE][INFO] - HAR: C:\Users\nttuan\Downloads\CDNC\mattermost-testing\Reports\20210530_152827\Run all test cases\20210530_152827\requests\main\52.har

2021-05-30 15:51:09 - [MESSAGE][PASSED] - Send request successfully

2021-05-30 15:51:09 - [MESSAGE][PASSED] - All links are accessible

2021-05-30 15:51:09 - [MESSAGE][PASSED] - Call Test Case 'Test Cases/Common Test Cases/Login' successfully

2021-05-30 15:51:09 - [TEST_STEP][PASSED] - object = findTestObject("Object Repository/IFObject/Page_TEST CHANNEL - TEAM NAME Mattermost/button_cxtuan_style--none sidebar-header-dropdown__icon"): null

2021-05-30 15:51:09 - [TEST_STEP][PASSED] - bool = false: null

2021-05-30 15:51:09 - [TEST_STEP][PASSED] - try: Object 'Object Repository/IFObject/Page_TEST CHANNEL - TEAM NAME Mattermost/button_cxtuan_style--none sidebar-header-dropdown__icon' is present

2021-05-30 15:51:09 - [TEST_STEP][PASSED] - bool = verifyElementPresent(object, 0): Object 'Object Repository/IFObject/Page_TEST CHANNEL - TEAM NAME Mattermost/button_cxtuan_style--none sidebar-header-dropdown__icon' is present

2021-05-30 15:51:09 - [MESSAGE][WARNING] - Timeout '0' is invalid. Using default page load timeout: '30'

2021-05-30 15:51:10 - [MESSAGE][PASSED] - Object 'Object Repository/IFObject/Page_TEST CHANNEL - TEAM NAME Mattermost/button_cxtuan_style--none sidebar-header-dropdown__icon' is present

2021-05-30 15:51:10 - [TEST_STEP][FAILED] - Finally: Unable to click on object 'Object Repository/IFObject/Page_TEST CHANNEL - TEAM NAME Mattermost/button_Close' (Root cause: com.kms.katalon.core.exception.StepFailedException: Unable to click on object 'Object Repository/IFObject/Page_TEST CHANNEL - TEAM NAME Mattermost/button_Close'
	at com.kms.katalon.core.webui.keyword.internal.WebUIKeywordMain.stepFailed(WebUIKeywordMain.groovy:64)
	at com.kms.katalon.core.webui.keyword.internal.WebUIKeywordMain.runKeyword(WebUIKeywordMain.groovy:26)
	at com.kms.katalon.core.webui.keyword.builtin.ClickKeyword.click(ClickKeyword.groovy:75)
	at com.kms.katalon.core.webui.keyword.builtin.ClickKeyword.execute(ClickKeyword.groovy:42)
	at com.kms.katalon.core.keyword.internal.KeywordExecutor.executeKeywordForPlatform(KeywordExecutor.groovy:73)
	at com.kms.katalon.core.webui.keyword.WebUiBuiltInKeywords.click(WebUiBuiltInKeywords.groovy:619)
	at com.kms.katalon.core.webui.keyword.WebUiBuiltInKeywords$click$2.call(Unknown Source)
	at Time24hIfUserNameThanTen.run(Time24hIfUserNameThanTen:57)
	at com.kms.katalon.core.main.ScriptEngine.run(ScriptEngine.java:194)
	at com.kms.katalon.core.main.ScriptEngine.runScriptAsRawText(ScriptEngine.java:119)
	at com.kms.katalon.core.main.TestCaseExecutor.runScript(TestCaseExecutor.java:398)
	at com.kms.katalon.core.main.TestCaseExecutor.doExecute(TestCaseExecutor.java:389)
	at com.kms.katalon.core.main.TestCaseExecutor.processExecutionPhase(TestCaseExecutor.java:368)
	at com.kms.katalon.core.main.TestCaseExecutor.accessMainPhase(TestCaseExecutor.java:360)
	at com.kms.katalon.core.main.TestCaseExecutor.execute(TestCaseExecutor.java:255)
	at com.kms.katalon.core.main.TestCaseMain.runTestCase(TestCaseMain.java:114)
	at com.kms.katalon.core.keyword.builtin.CallTestCaseKeyword$_callTestCase_closure1.doCall(CallTestCaseKeyword.groovy:59)
	at com.kms.katalon.core.keyword.builtin.CallTestCaseKeyword$_callTestCase_closure1.call(CallTestCaseKeyword.groovy)
	at com.kms.katalon.core.keyword.internal.KeywordMain.runKeyword(KeywordMain.groovy:68)
	at com.kms.katalon.core.keyword.builtin.CallTestCaseKeyword.callTestCase(CallTestCaseKeyword.groovy:81)
	at com.kms.katalon.core.keyword.builtin.CallTestCaseKeyword.execute(CallTestCaseKeyword.groovy:44)
	at com.kms.katalon.core.keyword.internal.KeywordExecutor.executeKeywordForPlatform(KeywordExecutor.groovy:73)
	at com.kms.katalon.core.keyword.BuiltinKeywords.callTestCase(BuiltinKeywords.groovy:350)
	at CallChangeTime.run(CallChangeTime:20)
	at com.kms.katalon.core.main.ScriptEngine.run(ScriptEngine.java:194)
	at com.kms.katalon.core.main.ScriptEngine.runScriptAsRawText(ScriptEngine.java:119)
	at com.kms.katalon.core.main.TestCaseExecutor.runScript(TestCaseExecutor.java:398)
	at com.kms.katalon.core.main.TestCaseExecutor.doExecute(TestCaseExecutor.java:389)
	at com.kms.katalon.core.main.TestCaseExecutor.processExecutionPhase(TestCaseExecutor.java:368)
	at com.kms.katalon.core.main.TestCaseExecutor.accessMainPhase(TestCaseExecutor.java:360)
	at com.kms.katalon.core.main.TestCaseExecutor.execute(TestCaseExecutor.java:255)
	at com.kms.katalon.core.main.TestSuiteExecutor.accessTestCaseMainPhase(TestSuiteExecutor.java:203)
	at com.kms.katalon.core.main.TestSuiteExecutor.accessTestSuiteMainPhase(TestSuiteExecutor.java:152)
	at com.kms.katalon.core.main.TestSuiteExecutor.execute(TestSuiteExecutor.java:95)
	at com.kms.katalon.core.main.TestCaseMain.startTestSuite(TestCaseMain.java:157)
	at com.kms.katalon.core.main.TestCaseMain$startTestSuite$0.call(Unknown Source)
	at TempTestSuite1622388507297.run(TempTestSuite1622388507297.groovy:39)
Caused by: org.openqa.selenium.ElementClickInterceptedException: element click intercepted: Element <button type="button" aria-label="emoji picker" class="emoji-picker__container post-action">...</button> is not clickable at point (996, 520). Other element would receive the click: <div id="accountSettingsModal" role="dialog" aria-labelledby="accountSettingsModalLabel" tabindex="-1" class="fade in modal" style="display: block;">...</div>
  (Session info: chrome=91.0.4472.77)
Build info: version: '3.141.59', revision: 'e82be7d358', time: '2018-11-14T08:25:53'
System info: host: 'WIN-SERVER-2019', ip: '10.1.0.4', os.name: 'Windows Server 2019', os.arch: 'amd64', os.version: '10.0', java.version: '1.8.0_282'
Driver info: com.kms.katalon.selenium.driver.CChromeDriver
Capabilities {acceptInsecureCerts: false, browserName: chrome, browserVersion: 91.0.4472.77, chrome: {chromedriverVersion: 90.0.4430.24 (4c6d850f087da..., userDataDir: C:\Users\nttuan\AppData\Loc...}, goog:chromeOptions: {debuggerAddress: localhost:49487}, javascriptEnabled: true, networkConnectionEnabled: false, pageLoadStrategy: normal, platform: WINDOWS, platformName: WINDOWS, proxy: Proxy(), setWindowRect: true, strictFileInteractability: false, timeouts: {implicit: 0, pageLoad: 300000, script: 30000}, unhandledPromptBehavior: dismiss and notify, webauthn:extension:largeBlob: true, webauthn:virtualAuthenticators: true}
Session ID: 3e6e645b75b02b1e1f514caa19518f10
	at org.openqa.selenium.remote.http.W3CHttpResponseCodec.createException(W3CHttpResponseCodec.java:187)
	at org.openqa.selenium.remote.http.W3CHttpResponseCodec.decode(W3CHttpResponseCodec.java:122)
	at org.openqa.selenium.remote.http.W3CHttpResponseCodec.decode(W3CHttpResponseCodec.java:49)
	at org.openqa.selenium.remote.HttpCommandExecutor.execute(HttpCommandExecutor.java:158)
	at org.openqa.selenium.remote.service.DriverCommandExecutor.execute(DriverCommandExecutor.java:83)
	at org.openqa.selenium.remote.RemoteWebDriver.execute(RemoteWebDriver.java:552)
	at com.kms.katalon.selenium.driver.CChromeDriver.execute(CChromeDriver.java:19)
	at org.openqa.selenium.remote.RemoteWebElement.execute(RemoteWebElement.java:285)
	at org.openqa.selenium.remote.RemoteWebElement.click(RemoteWebElement.java:84)
	at org.openqa.selenium.support.events.EventFiringWebDriver$EventFiringWebElement.lambda$new$0(EventFiringWebDriver.java:404)
	at com.sun.proxy.$Proxy17.click(Unknown Source)
	at org.openqa.selenium.support.events.EventFiringWebDriver$EventFiringWebElement.click(EventFiringWebDriver.java:417)
	at com.kms.katalon.core.webui.keyword.builtin.ClickKeyword$_click_closure1.doCall(ClickKeyword.groovy:68)
	at com.kms.katalon.core.webui.keyword.builtin.ClickKeyword$_click_closure1.call(ClickKeyword.groovy)
	at com.kms.katalon.core.webui.keyword.internal.WebUIKeywordMain.runKeyword(WebUIKeywordMain.groovy:20)
	at com.kms.katalon.core.webui.keyword.builtin.ClickKeyword.click(ClickKeyword.groovy:75)
	at com.kms.katalon.core.webui.keyword.builtin.ClickKeyword.execute(ClickKeyword.groovy:42)
	at com.kms.katalon.core.keyword.internal.KeywordExecutor.executeKeywordForPlatform(KeywordExecutor.groovy:73)
	at com.kms.katalon.core.webui.keyword.WebUiBuiltInKeywords.click(WebUiBuiltInKeywords.groovy:619)
	at com.kms.katalon.core.webui.keyword.WebUiBuiltInKeywords$click$2.call(Unknown Source)
	at Script1622132177511.run(Script1622132177511.groovy:57)
	at com.kms.katalon.core.main.ScriptEngine.run(ScriptEngine.java:194)
	at com.kms.katalon.core.main.ScriptEngine.runScriptAsRawText(ScriptEngine.java:119)
	at com.kms.katalon.core.main.TestCaseExecutor.runScript(TestCaseExecutor.java:398)
	at com.kms.katalon.core.main.TestCaseExecutor.doExecute(TestCaseExecutor.java:389)
	at com.kms.katalon.core.main.TestCaseExecutor.processExecutionPhase(TestCaseExecutor.java:368)
	at com.kms.katalon.core.main.TestCaseExecutor.accessMainPhase(TestCaseExecutor.java:360)
	at com.kms.katalon.core.main.TestCaseExecutor.execute(TestCaseExecutor.java:255)
	at com.kms.katalon.core.main.TestCaseMain.runTestCase(TestCaseMain.java:114)
	at com.kms.katalon.core.keyword.builtin.CallTestCaseKeyword$_callTestCase_closure1.doCall(CallTestCaseKeyword.groovy:59)
	at com.kms.katalon.core.keyword.builtin.CallTestCaseKeyword$_callTestCase_closure1.call(CallTestCaseKeyword.groovy)
	at com.kms.katalon.core.keyword.internal.KeywordMain.runKeyword(KeywordMain.groovy:68)
	at com.kms.katalon.core.keyword.builtin.CallTestCaseKeyword.callTestCase(CallTestCaseKeyword.groovy:81)
	at com.kms.katalon.core.keyword.builtin.CallTestCaseKeyword.execute(CallTestCaseKeyword.groovy:44)
	at com.kms.katalon.core.keyword.internal.KeywordExecutor.executeKeywordForPlatform(KeywordExecutor.groovy:73)
	at com.kms.katalon.core.keyword.BuiltinKeywords.callTestCase(BuiltinKeywords.groovy:350)
	at Script1622132685473.run(Script1622132685473.groovy:20)
	... 13 more
)

2021-05-30 15:51:10 - [TEST_STEP][FAILED] - if (bool && username.length() < 10): Unable to click on object 'Object Repository/IFObject/Page_TEST CHANNEL - TEAM NAME Mattermost/button_Close' (Root cause: com.kms.katalon.core.exception.StepFailedException: Unable to click on object 'Object Repository/IFObject/Page_TEST CHANNEL - TEAM NAME Mattermost/button_Close'
	at com.kms.katalon.core.webui.keyword.internal.WebUIKeywordMain.stepFailed(WebUIKeywordMain.groovy:64)
	at com.kms.katalon.core.webui.keyword.internal.WebUIKeywordMain.runKeyword(WebUIKeywordMain.groovy:26)
	at com.kms.katalon.core.webui.keyword.builtin.ClickKeyword.click(ClickKeyword.groovy:75)
	at com.kms.katalon.core.webui.keyword.builtin.ClickKeyword.execute(ClickKeyword.groovy:42)
	at com.kms.katalon.core.keyword.internal.KeywordExecutor.executeKeywordForPlatform(KeywordExecutor.groovy:73)
	at com.kms.katalon.core.webui.keyword.WebUiBuiltInKeywords.click(WebUiBuiltInKeywords.groovy:619)
	at com.kms.katalon.core.webui.keyword.WebUiBuiltInKeywords$click$2.call(Unknown Source)
	at Time24hIfUserNameThanTen.run(Time24hIfUserNameThanTen:57)
	at com.kms.katalon.core.main.ScriptEngine.run(ScriptEngine.java:194)
	at com.kms.katalon.core.main.ScriptEngine.runScriptAsRawText(ScriptEngine.java:119)
	at com.kms.katalon.core.main.TestCaseExecutor.runScript(TestCaseExecutor.java:398)
	at com.kms.katalon.core.main.TestCaseExecutor.doExecute(TestCaseExecutor.java:389)
	at com.kms.katalon.core.main.TestCaseExecutor.processExecutionPhase(TestCaseExecutor.java:368)
	at com.kms.katalon.core.main.TestCaseExecutor.accessMainPhase(TestCaseExecutor.java:360)
	at com.kms.katalon.core.main.TestCaseExecutor.execute(TestCaseExecutor.java:255)
	at com.kms.katalon.core.main.TestCaseMain.runTestCase(TestCaseMain.java:114)
	at com.kms.katalon.core.keyword.builtin.CallTestCaseKeyword$_callTestCase_closure1.doCall(CallTestCaseKeyword.groovy:59)
	at com.kms.katalon.core.keyword.builtin.CallTestCaseKeyword$_callTestCase_closure1.call(CallTestCaseKeyword.groovy)
	at com.kms.katalon.core.keyword.internal.KeywordMain.runKeyword(KeywordMain.groovy:68)
	at com.kms.katalon.core.keyword.builtin.CallTestCaseKeyword.callTestCase(CallTestCaseKeyword.groovy:81)
	at com.kms.katalon.core.keyword.builtin.CallTestCaseKeyword.execute(CallTestCaseKeyword.groovy:44)
	at com.kms.katalon.core.keyword.internal.KeywordExecutor.executeKeywordForPlatform(KeywordExecutor.groovy:73)
	at com.kms.katalon.core.keyword.BuiltinKeywords.callTestCase(BuiltinKeywords.groovy:350)
	at CallChangeTime.run(CallChangeTime:20)
	at com.kms.katalon.core.main.ScriptEngine.run(ScriptEngine.java:194)
	at com.kms.katalon.core.main.ScriptEngine.runScriptAsRawText(ScriptEngine.java:119)
	at com.kms.katalon.core.main.TestCaseExecutor.runScript(TestCaseExecutor.java:398)
	at com.kms.katalon.core.main.TestCaseExecutor.doExecute(TestCaseExecutor.java:389)
	at com.kms.katalon.core.main.TestCaseExecutor.processExecutionPhase(TestCaseExecutor.java:368)
	at com.kms.katalon.core.main.TestCaseExecutor.accessMainPhase(TestCaseExecutor.java:360)
	at com.kms.katalon.core.main.TestCaseExecutor.execute(TestCaseExecutor.java:255)
	at com.kms.katalon.core.main.TestSuiteExecutor.accessTestCaseMainPhase(TestSuiteExecutor.java:203)
	at com.kms.katalon.core.main.TestSuiteExecutor.accessTestSuiteMainPhase(TestSuiteExecutor.java:152)
	at com.kms.katalon.core.main.TestSuiteExecutor.execute(TestSuiteExecutor.java:95)
	at com.kms.katalon.core.main.TestCaseMain.startTestSuite(TestCaseMain.java:157)
	at com.kms.katalon.core.main.TestCaseMain$startTestSuite$0.call(Unknown Source)
	at TempTestSuite1622388507297.run(TempTestSuite1622388507297.groovy:39)
Caused by: org.openqa.selenium.ElementClickInterceptedException: element click intercepted: Element <button type="button" aria-label="emoji picker" class="emoji-picker__container post-action">...</button> is not clickable at point (996, 520). Other element would receive the click: <div id="accountSettingsModal" role="dialog" aria-labelledby="accountSettingsModalLabel" tabindex="-1" class="fade in modal" style="display: block;">...</div>
  (Session info: chrome=91.0.4472.77)
Build info: version: '3.141.59', revision: 'e82be7d358', time: '2018-11-14T08:25:53'
System info: host: 'WIN-SERVER-2019', ip: '10.1.0.4', os.name: 'Windows Server 2019', os.arch: 'amd64', os.version: '10.0', java.version: '1.8.0_282'
Driver info: com.kms.katalon.selenium.driver.CChromeDriver
Capabilities {acceptInsecureCerts: false, browserName: chrome, browserVersion: 91.0.4472.77, chrome: {chromedriverVersion: 90.0.4430.24 (4c6d850f087da..., userDataDir: C:\Users\nttuan\AppData\Loc...}, goog:chromeOptions: {debuggerAddress: localhost:49487}, javascriptEnabled: true, networkConnectionEnabled: false, pageLoadStrategy: normal, platform: WINDOWS, platformName: WINDOWS, proxy: Proxy(), setWindowRect: true, strictFileInteractability: false, timeouts: {implicit: 0, pageLoad: 300000, script: 30000}, unhandledPromptBehavior: dismiss and notify, webauthn:extension:largeBlob: true, webauthn:virtualAuthenticators: true}
Session ID: 3e6e645b75b02b1e1f514caa19518f10
	at org.openqa.selenium.remote.http.W3CHttpResponseCodec.createException(W3CHttpResponseCodec.java:187)
	at org.openqa.selenium.remote.http.W3CHttpResponseCodec.decode(W3CHttpResponseCodec.java:122)
	at org.openqa.selenium.remote.http.W3CHttpResponseCodec.decode(W3CHttpResponseCodec.java:49)
	at org.openqa.selenium.remote.HttpCommandExecutor.execute(HttpCommandExecutor.java:158)
	at org.openqa.selenium.remote.service.DriverCommandExecutor.execute(DriverCommandExecutor.java:83)
	at org.openqa.selenium.remote.RemoteWebDriver.execute(RemoteWebDriver.java:552)
	at com.kms.katalon.selenium.driver.CChromeDriver.execute(CChromeDriver.java:19)
	at org.openqa.selenium.remote.RemoteWebElement.execute(RemoteWebElement.java:285)
	at org.openqa.selenium.remote.RemoteWebElement.click(RemoteWebElement.java:84)
	at org.openqa.selenium.support.events.EventFiringWebDriver$EventFiringWebElement.lambda$new$0(EventFiringWebDriver.java:404)
	at com.sun.proxy.$Proxy17.click(Unknown Source)
	at org.openqa.selenium.support.events.EventFiringWebDriver$EventFiringWebElement.click(EventFiringWebDriver.java:417)
	at com.kms.katalon.core.webui.keyword.builtin.ClickKeyword$_click_closure1.doCall(ClickKeyword.groovy:68)
	at com.kms.katalon.core.webui.keyword.builtin.ClickKeyword$_click_closure1.call(ClickKeyword.groovy)
	at com.kms.katalon.core.webui.keyword.internal.WebUIKeywordMain.runKeyword(WebUIKeywordMain.groovy:20)
	at com.kms.katalon.core.webui.keyword.builtin.ClickKeyword.click(ClickKeyword.groovy:75)
	at com.kms.katalon.core.webui.keyword.builtin.ClickKeyword.execute(ClickKeyword.groovy:42)
	at com.kms.katalon.core.keyword.internal.KeywordExecutor.executeKeywordForPlatform(KeywordExecutor.groovy:73)
	at com.kms.katalon.core.webui.keyword.WebUiBuiltInKeywords.click(WebUiBuiltInKeywords.groovy:619)
	at com.kms.katalon.core.webui.keyword.WebUiBuiltInKeywords$click$2.call(Unknown Source)
	at Script1622132177511.run(Script1622132177511.groovy:57)
	at com.kms.katalon.core.main.ScriptEngine.run(ScriptEngine.java:194)
	at com.kms.katalon.core.main.ScriptEngine.runScriptAsRawText(ScriptEngine.java:119)
	at com.kms.katalon.core.main.TestCaseExecutor.runScript(TestCaseExecutor.java:398)
	at com.kms.katalon.core.main.TestCaseExecutor.doExecute(TestCaseExecutor.java:389)
	at com.kms.katalon.core.main.TestCaseExecutor.processExecutionPhase(TestCaseExecutor.java:368)
	at com.kms.katalon.core.main.TestCaseExecutor.accessMainPhase(TestCaseExecutor.java:360)
	at com.kms.katalon.core.main.TestCaseExecutor.execute(TestCaseExecutor.java:255)
	at com.kms.katalon.core.main.TestCaseMain.runTestCase(TestCaseMain.java:114)
	at com.kms.katalon.core.keyword.builtin.CallTestCaseKeyword$_callTestCase_closure1.doCall(CallTestCaseKeyword.groovy:59)
	at com.kms.katalon.core.keyword.builtin.CallTestCaseKeyword$_callTestCase_closure1.call(CallTestCaseKeyword.groovy)
	at com.kms.katalon.core.keyword.internal.KeywordMain.runKeyword(KeywordMain.groovy:68)
	at com.kms.katalon.core.keyword.builtin.CallTestCaseKeyword.callTestCase(CallTestCaseKeyword.groovy:81)
	at com.kms.katalon.core.keyword.builtin.CallTestCaseKeyword.execute(CallTestCaseKeyword.groovy:44)
	at com.kms.katalon.core.keyword.internal.KeywordExecutor.executeKeywordForPlatform(KeywordExecutor.groovy:73)
	at com.kms.katalon.core.keyword.BuiltinKeywords.callTestCase(BuiltinKeywords.groovy:350)
	at Script1622132685473.run(Script1622132685473.groovy:20)
	... 13 more
)

2021-05-30 15:51:10 - [TEST_STEP][PASSED] - click(object): Object: 'Object Repository/IFObject/Page_TEST CHANNEL - TEAM NAME Mattermost/button_cxtuan_style--none sidebar-header-dropdown__icon' is clicked on

2021-05-30 15:51:11 - [MESSAGE][PASSED] - Object: 'Object Repository/IFObject/Page_TEST CHANNEL - TEAM NAME Mattermost/button_cxtuan_style--none sidebar-header-dropdown__icon' is clicked on

2021-05-30 15:51:11 - [TEST_STEP][PASSED] - click(findTestObject("Object Repository/IFObject/Page_TEST CHANNEL - TEAM NAME Mattermost/button_Account Settings")): Object: 'Object Repository/IFObject/Page_TEST CHANNEL - TEAM NAME Mattermost/button_Account Settings' is clicked on

2021-05-30 15:51:11 - [MESSAGE][PASSED] - Object: 'Object Repository/IFObject/Page_TEST CHANNEL - TEAM NAME Mattermost/button_Account Settings' is clicked on

2021-05-30 15:51:11 - [TEST_STEP][PASSED] - click(findTestObject("Object Repository/IFObject/Page_TEST CHANNEL - TEAM NAME Mattermost/button_Display")): Object: 'Object Repository/IFObject/Page_TEST CHANNEL - TEAM NAME Mattermost/button_Display' is clicked on

2021-05-30 15:51:12 - [MESSAGE][PASSED] - Object: 'Object Repository/IFObject/Page_TEST CHANNEL - TEAM NAME Mattermost/button_Display' is clicked on

2021-05-30 15:51:12 - [TEST_STEP][PASSED] - click(findTestObject("Object Repository/IFObject/Page_TEST CHANNEL - TEAM NAME Mattermost/div_Clock DisplayEdit")): Object: 'Object Repository/IFObject/Page_TEST CHANNEL - TEAM NAME Mattermost/div_Clock DisplayEdit' is clicked on

2021-05-30 15:51:12 - [MESSAGE][PASSED] - Object: 'Object Repository/IFObject/Page_TEST CHANNEL - TEAM NAME Mattermost/div_Clock DisplayEdit' is clicked on

2021-05-30 15:51:12 - [TEST_STEP][PASSED] - click(findTestObject("Object Repository/IFObject/Page_TEST CHANNEL - TEAM NAME Mattermost/label_24-hour clock (example 1600)")): Object: 'Object Repository/IFObject/Page_TEST CHANNEL - TEAM NAME Mattermost/label_24-hour clock (example 1600)' is clicked on

2021-05-30 15:51:13 - [MESSAGE][PASSED] - Object: 'Object Repository/IFObject/Page_TEST CHANNEL - TEAM NAME Mattermost/label_24-hour clock (example 1600)' is clicked on

2021-05-30 15:51:13 - [TEST_STEP][PASSED] - click(findTestObject("Object Repository/IFObject/Page_TEST CHANNEL - TEAM NAME Mattermost/button_Save")): Object: 'Object Repository/IFObject/Page_TEST CHANNEL - TEAM NAME Mattermost/button_Save' is clicked on

2021-05-30 15:51:13 - [MESSAGE][PASSED] - Object: 'Object Repository/IFObject/Page_TEST CHANNEL - TEAM NAME Mattermost/button_Save' is clicked on

2021-05-30 15:51:13 - [TEST_STEP][FAILED] - click(findTestObject("Object Repository/IFObject/Page_TEST CHANNEL - TEAM NAME Mattermost/button_Close")): Unable to click on object 'Object Repository/IFObject/Page_TEST CHANNEL - TEAM NAME Mattermost/button_Close' (Root cause: com.kms.katalon.core.exception.StepFailedException: Unable to click on object 'Object Repository/IFObject/Page_TEST CHANNEL - TEAM NAME Mattermost/button_Close'
	at com.kms.katalon.core.webui.keyword.internal.WebUIKeywordMain.stepFailed(WebUIKeywordMain.groovy:64)
	at com.kms.katalon.core.webui.keyword.internal.WebUIKeywordMain.runKeyword(WebUIKeywordMain.groovy:26)
	at com.kms.katalon.core.webui.keyword.builtin.ClickKeyword.click(ClickKeyword.groovy:75)
	at com.kms.katalon.core.webui.keyword.builtin.ClickKeyword.execute(ClickKeyword.groovy:42)
	at com.kms.katalon.core.keyword.internal.KeywordExecutor.executeKeywordForPlatform(KeywordExecutor.groovy:73)
	at com.kms.katalon.core.webui.keyword.WebUiBuiltInKeywords.click(WebUiBuiltInKeywords.groovy:619)
	at com.kms.katalon.core.webui.keyword.WebUiBuiltInKeywords$click$2.call(Unknown Source)
	at Time24hIfUserNameThanTen.run(Time24hIfUserNameThanTen:57)
	at com.kms.katalon.core.main.ScriptEngine.run(ScriptEngine.java:194)
	at com.kms.katalon.core.main.ScriptEngine.runScriptAsRawText(ScriptEngine.java:119)
	at com.kms.katalon.core.main.TestCaseExecutor.runScript(TestCaseExecutor.java:398)
	at com.kms.katalon.core.main.TestCaseExecutor.doExecute(TestCaseExecutor.java:389)
	at com.kms.katalon.core.main.TestCaseExecutor.processExecutionPhase(TestCaseExecutor.java:368)
	at com.kms.katalon.core.main.TestCaseExecutor.accessMainPhase(TestCaseExecutor.java:360)
	at com.kms.katalon.core.main.TestCaseExecutor.execute(TestCaseExecutor.java:255)
	at com.kms.katalon.core.main.TestCaseMain.runTestCase(TestCaseMain.java:114)
	at com.kms.katalon.core.keyword.builtin.CallTestCaseKeyword$_callTestCase_closure1.doCall(CallTestCaseKeyword.groovy:59)
	at com.kms.katalon.core.keyword.builtin.CallTestCaseKeyword$_callTestCase_closure1.call(CallTestCaseKeyword.groovy)
	at com.kms.katalon.core.keyword.internal.KeywordMain.runKeyword(KeywordMain.groovy:68)
	at com.kms.katalon.core.keyword.builtin.CallTestCaseKeyword.callTestCase(CallTestCaseKeyword.groovy:81)
	at com.kms.katalon.core.keyword.builtin.CallTestCaseKeyword.execute(CallTestCaseKeyword.groovy:44)
	at com.kms.katalon.core.keyword.internal.KeywordExecutor.executeKeywordForPlatform(KeywordExecutor.groovy:73)
	at com.kms.katalon.core.keyword.BuiltinKeywords.callTestCase(BuiltinKeywords.groovy:350)
	at CallChangeTime.run(CallChangeTime:20)
	at com.kms.katalon.core.main.ScriptEngine.run(ScriptEngine.java:194)
	at com.kms.katalon.core.main.ScriptEngine.runScriptAsRawText(ScriptEngine.java:119)
	at com.kms.katalon.core.main.TestCaseExecutor.runScript(TestCaseExecutor.java:398)
	at com.kms.katalon.core.main.TestCaseExecutor.doExecute(TestCaseExecutor.java:389)
	at com.kms.katalon.core.main.TestCaseExecutor.processExecutionPhase(TestCaseExecutor.java:368)
	at com.kms.katalon.core.main.TestCaseExecutor.accessMainPhase(TestCaseExecutor.java:360)
	at com.kms.katalon.core.main.TestCaseExecutor.execute(TestCaseExecutor.java:255)
	at com.kms.katalon.core.main.TestSuiteExecutor.accessTestCaseMainPhase(TestSuiteExecutor.java:203)
	at com.kms.katalon.core.main.TestSuiteExecutor.accessTestSuiteMainPhase(TestSuiteExecutor.java:152)
	at com.kms.katalon.core.main.TestSuiteExecutor.execute(TestSuiteExecutor.java:95)
	at com.kms.katalon.core.main.TestCaseMain.startTestSuite(TestCaseMain.java:157)
	at com.kms.katalon.core.main.TestCaseMain$startTestSuite$0.call(Unknown Source)
	at TempTestSuite1622388507297.run(TempTestSuite1622388507297.groovy:39)
Caused by: org.openqa.selenium.ElementClickInterceptedException: element click intercepted: Element <button type="button" aria-label="emoji picker" class="emoji-picker__container post-action">...</button> is not clickable at point (996, 520). Other element would receive the click: <div id="accountSettingsModal" role="dialog" aria-labelledby="accountSettingsModalLabel" tabindex="-1" class="fade in modal" style="display: block;">...</div>
  (Session info: chrome=91.0.4472.77)
Build info: version: '3.141.59', revision: 'e82be7d358', time: '2018-11-14T08:25:53'
System info: host: 'WIN-SERVER-2019', ip: '10.1.0.4', os.name: 'Windows Server 2019', os.arch: 'amd64', os.version: '10.0', java.version: '1.8.0_282'
Driver info: com.kms.katalon.selenium.driver.CChromeDriver
Capabilities {acceptInsecureCerts: false, browserName: chrome, browserVersion: 91.0.4472.77, chrome: {chromedriverVersion: 90.0.4430.24 (4c6d850f087da..., userDataDir: C:\Users\nttuan\AppData\Loc...}, goog:chromeOptions: {debuggerAddress: localhost:49487}, javascriptEnabled: true, networkConnectionEnabled: false, pageLoadStrategy: normal, platform: WINDOWS, platformName: WINDOWS, proxy: Proxy(), setWindowRect: true, strictFileInteractability: false, timeouts: {implicit: 0, pageLoad: 300000, script: 30000}, unhandledPromptBehavior: dismiss and notify, webauthn:extension:largeBlob: true, webauthn:virtualAuthenticators: true}
Session ID: 3e6e645b75b02b1e1f514caa19518f10
	at org.openqa.selenium.remote.http.W3CHttpResponseCodec.createException(W3CHttpResponseCodec.java:187)
	at org.openqa.selenium.remote.http.W3CHttpResponseCodec.decode(W3CHttpResponseCodec.java:122)
	at org.openqa.selenium.remote.http.W3CHttpResponseCodec.decode(W3CHttpResponseCodec.java:49)
	at org.openqa.selenium.remote.HttpCommandExecutor.execute(HttpCommandExecutor.java:158)
	at org.openqa.selenium.remote.service.DriverCommandExecutor.execute(DriverCommandExecutor.java:83)
	at org.openqa.selenium.remote.RemoteWebDriver.execute(RemoteWebDriver.java:552)
	at com.kms.katalon.selenium.driver.CChromeDriver.execute(CChromeDriver.java:19)
	at org.openqa.selenium.remote.RemoteWebElement.execute(RemoteWebElement.java:285)
	at org.openqa.selenium.remote.RemoteWebElement.click(RemoteWebElement.java:84)
	at org.openqa.selenium.support.events.EventFiringWebDriver$EventFiringWebElement.lambda$new$0(EventFiringWebDriver.java:404)
	at com.sun.proxy.$Proxy17.click(Unknown Source)
	at org.openqa.selenium.support.events.EventFiringWebDriver$EventFiringWebElement.click(EventFiringWebDriver.java:417)
	at com.kms.katalon.core.webui.keyword.builtin.ClickKeyword$_click_closure1.doCall(ClickKeyword.groovy:68)
	at com.kms.katalon.core.webui.keyword.builtin.ClickKeyword$_click_closure1.call(ClickKeyword.groovy)
	at com.kms.katalon.core.webui.keyword.internal.WebUIKeywordMain.runKeyword(WebUIKeywordMain.groovy:20)
	at com.kms.katalon.core.webui.keyword.builtin.ClickKeyword.click(ClickKeyword.groovy:75)
	at com.kms.katalon.core.webui.keyword.builtin.ClickKeyword.execute(ClickKeyword.groovy:42)
	at com.kms.katalon.core.keyword.internal.KeywordExecutor.executeKeywordForPlatform(KeywordExecutor.groovy:73)
	at com.kms.katalon.core.webui.keyword.WebUiBuiltInKeywords.click(WebUiBuiltInKeywords.groovy:619)
	at com.kms.katalon.core.webui.keyword.WebUiBuiltInKeywords$click$2.call(Unknown Source)
	at Script1622132177511.run(Script1622132177511.groovy:57)
	at com.kms.katalon.core.main.ScriptEngine.run(ScriptEngine.java:194)
	at com.kms.katalon.core.main.ScriptEngine.runScriptAsRawText(ScriptEngine.java:119)
	at com.kms.katalon.core.main.TestCaseExecutor.runScript(TestCaseExecutor.java:398)
	at com.kms.katalon.core.main.TestCaseExecutor.doExecute(TestCaseExecutor.java:389)
	at com.kms.katalon.core.main.TestCaseExecutor.processExecutionPhase(TestCaseExecutor.java:368)
	at com.kms.katalon.core.main.TestCaseExecutor.accessMainPhase(TestCaseExecutor.java:360)
	at com.kms.katalon.core.main.TestCaseExecutor.execute(TestCaseExecutor.java:255)
	at com.kms.katalon.core.main.TestCaseMain.runTestCase(TestCaseMain.java:114)
	at com.kms.katalon.core.keyword.builtin.CallTestCaseKeyword$_callTestCase_closure1.doCall(CallTestCaseKeyword.groovy:59)
	at com.kms.katalon.core.keyword.builtin.CallTestCaseKeyword$_callTestCase_closure1.call(CallTestCaseKeyword.groovy)
	at com.kms.katalon.core.keyword.internal.KeywordMain.runKeyword(KeywordMain.groovy:68)
	at com.kms.katalon.core.keyword.builtin.CallTestCaseKeyword.callTestCase(CallTestCaseKeyword.groovy:81)
	at com.kms.katalon.core.keyword.builtin.CallTestCaseKeyword.execute(CallTestCaseKeyword.groovy:44)
	at com.kms.katalon.core.keyword.internal.KeywordExecutor.executeKeywordForPlatform(KeywordExecutor.groovy:73)
	at com.kms.katalon.core.keyword.BuiltinKeywords.callTestCase(BuiltinKeywords.groovy:350)
	at Script1622132685473.run(Script1622132685473.groovy:20)
	... 13 more
)

2021-05-30 15:51:15 - [MESSAGE][FAILED] - Unable to click on object 'Object Repository/IFObject/Page_TEST CHANNEL - TEAM NAME Mattermost/button_Close' (Root cause: com.kms.katalon.core.exception.StepFailedException: Unable to click on object 'Object Repository/IFObject/Page_TEST CHANNEL - TEAM NAME Mattermost/button_Close'
	at com.kms.katalon.core.webui.keyword.internal.WebUIKeywordMain.stepFailed(WebUIKeywordMain.groovy:64)
	at com.kms.katalon.core.webui.keyword.internal.WebUIKeywordMain.runKeyword(WebUIKeywordMain.groovy:26)
	at com.kms.katalon.core.webui.keyword.builtin.ClickKeyword.click(ClickKeyword.groovy:75)
	at com.kms.katalon.core.webui.keyword.builtin.ClickKeyword.execute(ClickKeyword.groovy:42)
	at com.kms.katalon.core.keyword.internal.KeywordExecutor.executeKeywordForPlatform(KeywordExecutor.groovy:73)
	at com.kms.katalon.core.webui.keyword.WebUiBuiltInKeywords.click(WebUiBuiltInKeywords.groovy:619)
	at com.kms.katalon.core.webui.keyword.WebUiBuiltInKeywords$click$2.call(Unknown Source)
	at Time24hIfUserNameThanTen.run(Time24hIfUserNameThanTen:57)
	at com.kms.katalon.core.main.ScriptEngine.run(ScriptEngine.java:194)
	at com.kms.katalon.core.main.ScriptEngine.runScriptAsRawText(ScriptEngine.java:119)
	at com.kms.katalon.core.main.TestCaseExecutor.runScript(TestCaseExecutor.java:398)
	at com.kms.katalon.core.main.TestCaseExecutor.doExecute(TestCaseExecutor.java:389)
	at com.kms.katalon.core.main.TestCaseExecutor.processExecutionPhase(TestCaseExecutor.java:368)
	at com.kms.katalon.core.main.TestCaseExecutor.accessMainPhase(TestCaseExecutor.java:360)
	at com.kms.katalon.core.main.TestCaseExecutor.execute(TestCaseExecutor.java:255)
	at com.kms.katalon.core.main.TestCaseMain.runTestCase(TestCaseMain.java:114)
	at com.kms.katalon.core.keyword.builtin.CallTestCaseKeyword$_callTestCase_closure1.doCall(CallTestCaseKeyword.groovy:59)
	at com.kms.katalon.core.keyword.builtin.CallTestCaseKeyword$_callTestCase_closure1.call(CallTestCaseKeyword.groovy)
	at com.kms.katalon.core.keyword.internal.KeywordMain.runKeyword(KeywordMain.groovy:68)
	at com.kms.katalon.core.keyword.builtin.CallTestCaseKeyword.callTestCase(CallTestCaseKeyword.groovy:81)
	at com.kms.katalon.core.keyword.builtin.CallTestCaseKeyword.execute(CallTestCaseKeyword.groovy:44)
	at com.kms.katalon.core.keyword.internal.KeywordExecutor.executeKeywordForPlatform(KeywordExecutor.groovy:73)
	at com.kms.katalon.core.keyword.BuiltinKeywords.callTestCase(BuiltinKeywords.groovy:350)
	at CallChangeTime.run(CallChangeTime:20)
	at com.kms.katalon.core.main.ScriptEngine.run(ScriptEngine.java:194)
	at com.kms.katalon.core.main.ScriptEngine.runScriptAsRawText(ScriptEngine.java:119)
	at com.kms.katalon.core.main.TestCaseExecutor.runScript(TestCaseExecutor.java:398)
	at com.kms.katalon.core.main.TestCaseExecutor.doExecute(TestCaseExecutor.java:389)
	at com.kms.katalon.core.main.TestCaseExecutor.processExecutionPhase(TestCaseExecutor.java:368)
	at com.kms.katalon.core.main.TestCaseExecutor.accessMainPhase(TestCaseExecutor.java:360)
	at com.kms.katalon.core.main.TestCaseExecutor.execute(TestCaseExecutor.java:255)
	at com.kms.katalon.core.main.TestSuiteExecutor.accessTestCaseMainPhase(TestSuiteExecutor.java:203)
	at com.kms.katalon.core.main.TestSuiteExecutor.accessTestSuiteMainPhase(TestSuiteExecutor.java:152)
	at com.kms.katalon.core.main.TestSuiteExecutor.execute(TestSuiteExecutor.java:95)
	at com.kms.katalon.core.main.TestCaseMain.startTestSuite(TestCaseMain.java:157)
	at com.kms.katalon.core.main.TestCaseMain$startTestSuite$0.call(Unknown Source)
	at TempTestSuite1622388507297.run(TempTestSuite1622388507297.groovy:39)
Caused by: org.openqa.selenium.ElementClickInterceptedException: element click intercepted: Element <button type="button" aria-label="emoji picker" class="emoji-picker__container post-action">...</button> is not clickable at point (996, 520). Other element would receive the click: <div id="accountSettingsModal" role="dialog" aria-labelledby="accountSettingsModalLabel" tabindex="-1" class="fade in modal" style="display: block;">...</div>
  (Session info: chrome=91.0.4472.77)
Build info: version: '3.141.59', revision: 'e82be7d358', time: '2018-11-14T08:25:53'
System info: host: 'WIN-SERVER-2019', ip: '10.1.0.4', os.name: 'Windows Server 2019', os.arch: 'amd64', os.version: '10.0', java.version: '1.8.0_282'
Driver info: com.kms.katalon.selenium.driver.CChromeDriver
Capabilities {acceptInsecureCerts: false, browserName: chrome, browserVersion: 91.0.4472.77, chrome: {chromedriverVersion: 90.0.4430.24 (4c6d850f087da..., userDataDir: C:\Users\nttuan\AppData\Loc...}, goog:chromeOptions: {debuggerAddress: localhost:49487}, javascriptEnabled: true, networkConnectionEnabled: false, pageLoadStrategy: normal, platform: WINDOWS, platformName: WINDOWS, proxy: Proxy(), setWindowRect: true, strictFileInteractability: false, timeouts: {implicit: 0, pageLoad: 300000, script: 30000}, unhandledPromptBehavior: dismiss and notify, webauthn:extension:largeBlob: true, webauthn:virtualAuthenticators: true}
Session ID: 3e6e645b75b02b1e1f514caa19518f10
	at org.openqa.selenium.remote.http.W3CHttpResponseCodec.createException(W3CHttpResponseCodec.java:187)
	at org.openqa.selenium.remote.http.W3CHttpResponseCodec.decode(W3CHttpResponseCodec.java:122)
	at org.openqa.selenium.remote.http.W3CHttpResponseCodec.decode(W3CHttpResponseCodec.java:49)
	at org.openqa.selenium.remote.HttpCommandExecutor.execute(HttpCommandExecutor.java:158)
	at org.openqa.selenium.remote.service.DriverCommandExecutor.execute(DriverCommandExecutor.java:83)
	at org.openqa.selenium.remote.RemoteWebDriver.execute(RemoteWebDriver.java:552)
	at com.kms.katalon.selenium.driver.CChromeDriver.execute(CChromeDriver.java:19)
	at org.openqa.selenium.remote.RemoteWebElement.execute(RemoteWebElement.java:285)
	at org.openqa.selenium.remote.RemoteWebElement.click(RemoteWebElement.java:84)
	at org.openqa.selenium.support.events.EventFiringWebDriver$EventFiringWebElement.lambda$new$0(EventFiringWebDriver.java:404)
	at com.sun.proxy.$Proxy17.click(Unknown Source)
	at org.openqa.selenium.support.events.EventFiringWebDriver$EventFiringWebElement.click(EventFiringWebDriver.java:417)
	at com.kms.katalon.core.webui.keyword.builtin.ClickKeyword$_click_closure1.doCall(ClickKeyword.groovy:68)
	at com.kms.katalon.core.webui.keyword.builtin.ClickKeyword$_click_closure1.call(ClickKeyword.groovy)
	at com.kms.katalon.core.webui.keyword.internal.WebUIKeywordMain.runKeyword(WebUIKeywordMain.groovy:20)
	at com.kms.katalon.core.webui.keyword.builtin.ClickKeyword.click(ClickKeyword.groovy:75)
	at com.kms.katalon.core.webui.keyword.builtin.ClickKeyword.execute(ClickKeyword.groovy:42)
	at com.kms.katalon.core.keyword.internal.KeywordExecutor.executeKeywordForPlatform(KeywordExecutor.groovy:73)
	at com.kms.katalon.core.webui.keyword.WebUiBuiltInKeywords.click(WebUiBuiltInKeywords.groovy:619)
	at com.kms.katalon.core.webui.keyword.WebUiBuiltInKeywords$click$2.call(Unknown Source)
	at Script1622132177511.run(Script1622132177511.groovy:57)
	at com.kms.katalon.core.main.ScriptEngine.run(ScriptEngine.java:194)
	at com.kms.katalon.core.main.ScriptEngine.runScriptAsRawText(ScriptEngine.java:119)
	at com.kms.katalon.core.main.TestCaseExecutor.runScript(TestCaseExecutor.java:398)
	at com.kms.katalon.core.main.TestCaseExecutor.doExecute(TestCaseExecutor.java:389)
	at com.kms.katalon.core.main.TestCaseExecutor.processExecutionPhase(TestCaseExecutor.java:368)
	at com.kms.katalon.core.main.TestCaseExecutor.accessMainPhase(TestCaseExecutor.java:360)
	at com.kms.katalon.core.main.TestCaseExecutor.execute(TestCaseExecutor.java:255)
	at com.kms.katalon.core.main.TestCaseMain.runTestCase(TestCaseMain.java:114)
	at com.kms.katalon.core.keyword.builtin.CallTestCaseKeyword$_callTestCase_closure1.doCall(CallTestCaseKeyword.groovy:59)
	at com.kms.katalon.core.keyword.builtin.CallTestCaseKeyword$_callTestCase_closure1.call(CallTestCaseKeyword.groovy)
	at com.kms.katalon.core.keyword.internal.KeywordMain.runKeyword(KeywordMain.groovy:68)
	at com.kms.katalon.core.keyword.builtin.CallTestCaseKeyword.callTestCase(CallTestCaseKeyword.groovy:81)
	at com.kms.katalon.core.keyword.builtin.CallTestCaseKeyword.execute(CallTestCaseKeyword.groovy:44)
	at com.kms.katalon.core.keyword.internal.KeywordExecutor.executeKeywordForPlatform(KeywordExecutor.groovy:73)
	at com.kms.katalon.core.keyword.BuiltinKeywords.callTestCase(BuiltinKeywords.groovy:350)
	at Script1622132685473.run(Script1622132685473.groovy:20)
	... 13 more
)
[[ATTACHMENT|C:\\Users\\nttuan\\Downloads\\CDNC\\mattermost-testing\\Reports\\20210530_152827\\Run all test cases\\20210530_152827\\1622389875148.png]]

2021-05-30 15:51:15 - [MESSAGE][FAILED] - Unable to call Test Case 'Test Cases/TestCasesIf/Time24hIfUserNameThanTen' (Root cause: com.kms.katalon.core.exception.StepFailedException: Call Test Case 'Test Cases/TestCasesIf/Time24hIfUserNameThanTen' failed
	at com.kms.katalon.core.keyword.builtin.CallTestCaseKeyword$_callTestCase_closure1.doCall(CallTestCaseKeyword.groovy:63)
	at com.kms.katalon.core.keyword.builtin.CallTestCaseKeyword$_callTestCase_closure1.call(CallTestCaseKeyword.groovy)
	at com.kms.katalon.core.keyword.internal.KeywordMain.runKeyword(KeywordMain.groovy:68)
	at com.kms.katalon.core.keyword.builtin.CallTestCaseKeyword.callTestCase(CallTestCaseKeyword.groovy:81)
	at com.kms.katalon.core.keyword.builtin.CallTestCaseKeyword.execute(CallTestCaseKeyword.groovy:44)
	at com.kms.katalon.core.keyword.internal.KeywordExecutor.executeKeywordForPlatform(KeywordExecutor.groovy:73)
	at com.kms.katalon.core.keyword.BuiltinKeywords.callTestCase(BuiltinKeywords.groovy:350)
	at CallChangeTime.run(CallChangeTime:20)
	at com.kms.katalon.core.main.ScriptEngine.run(ScriptEngine.java:194)
	at com.kms.katalon.core.main.ScriptEngine.runScriptAsRawText(ScriptEngine.java:119)
	at com.kms.katalon.core.main.TestCaseExecutor.runScript(TestCaseExecutor.java:398)
	at com.kms.katalon.core.main.TestCaseExecutor.doExecute(TestCaseExecutor.java:389)
	at com.kms.katalon.core.main.TestCaseExecutor.processExecutionPhase(TestCaseExecutor.java:368)
	at com.kms.katalon.core.main.TestCaseExecutor.accessMainPhase(TestCaseExecutor.java:360)
	at com.kms.katalon.core.main.TestCaseExecutor.execute(TestCaseExecutor.java:255)
	at com.kms.katalon.core.main.TestSuiteExecutor.accessTestCaseMainPhase(TestSuiteExecutor.java:203)
	at com.kms.katalon.core.main.TestSuiteExecutor.accessTestSuiteMainPhase(TestSuiteExecutor.java:152)
	at com.kms.katalon.core.main.TestSuiteExecutor.execute(TestSuiteExecutor.java:95)
	at com.kms.katalon.core.main.TestCaseMain.startTestSuite(TestCaseMain.java:157)
	at com.kms.katalon.core.main.TestCaseMain$startTestSuite$0.call(Unknown Source)
	at TempTestSuite1622388507297.run(TempTestSuite1622388507297.groovy:39)
Caused by: com.kms.katalon.core.exception.StepFailedException: Unable to click on object 'Object Repository/IFObject/Page_TEST CHANNEL - TEAM NAME Mattermost/button_Close'
	at com.kms.katalon.core.webui.keyword.internal.WebUIKeywordMain.stepFailed(WebUIKeywordMain.groovy:64)
	at com.kms.katalon.core.webui.keyword.internal.WebUIKeywordMain.runKeyword(WebUIKeywordMain.groovy:26)
	at com.kms.katalon.core.webui.keyword.builtin.ClickKeyword.click(ClickKeyword.groovy:75)
	at com.kms.katalon.core.webui.keyword.builtin.ClickKeyword.execute(ClickKeyword.groovy:42)
	at com.kms.katalon.core.keyword.internal.KeywordExecutor.executeKeywordForPlatform(KeywordExecutor.groovy:73)
	at com.kms.katalon.core.webui.keyword.WebUiBuiltInKeywords.click(WebUiBuiltInKeywords.groovy:619)
	at com.kms.katalon.core.webui.keyword.WebUiBuiltInKeywords$click$2.call(Unknown Source)
	at Time24hIfUserNameThanTen.run(Time24hIfUserNameThanTen:57)
	at com.kms.katalon.core.main.ScriptEngine.run(ScriptEngine.java:194)
	at com.kms.katalon.core.main.ScriptEngine.runScriptAsRawText(ScriptEngine.java:119)
	at com.kms.katalon.core.main.TestCaseExecutor.runScript(TestCaseExecutor.java:398)
	at com.kms.katalon.core.main.TestCaseExecutor.doExecute(TestCaseExecutor.java:389)
	at com.kms.katalon.core.main.TestCaseExecutor.processExecutionPhase(TestCaseExecutor.java:368)
	at com.kms.katalon.core.main.TestCaseExecutor.accessMainPhase(TestCaseExecutor.java:360)
	at com.kms.katalon.core.main.TestCaseExecutor.execute(TestCaseExecutor.java:255)
	at com.kms.katalon.core.main.TestCaseMain.runTestCase(TestCaseMain.java:114)
	at com.kms.katalon.core.keyword.builtin.CallTestCaseKeyword$_callTestCase_closure1.doCall(CallTestCaseKeyword.groovy:59)
	... 20 more
Caused by: org.openqa.selenium.ElementClickInterceptedException: element click intercepted: Element <button type="button" aria-label="emoji picker" class="emoji-picker__container post-action">...</button> is not clickable at point (996, 520). Other element would receive the click: <div id="accountSettingsModal" role="dialog" aria-labelledby="accountSettingsModalLabel" tabindex="-1" class="fade in modal" style="display: block;">...</div>
  (Session info: chrome=91.0.4472.77)
Build info: version: '3.141.59', revision: 'e82be7d358', time: '2018-11-14T08:25:53'
System info: host: 'WIN-SERVER-2019', ip: '10.1.0.4', os.name: 'Windows Server 2019', os.arch: 'amd64', os.version: '10.0', java.version: '1.8.0_282'
Driver info: com.kms.katalon.selenium.driver.CChromeDriver
Capabilities {acceptInsecureCerts: false, browserName: chrome, browserVersion: 91.0.4472.77, chrome: {chromedriverVersion: 90.0.4430.24 (4c6d850f087da..., userDataDir: C:\Users\nttuan\AppData\Loc...}, goog:chromeOptions: {debuggerAddress: localhost:49487}, javascriptEnabled: true, networkConnectionEnabled: false, pageLoadStrategy: normal, platform: WINDOWS, platformName: WINDOWS, proxy: Proxy(), setWindowRect: true, strictFileInteractability: false, timeouts: {implicit: 0, pageLoad: 300000, script: 30000}, unhandledPromptBehavior: dismiss and notify, webauthn:extension:largeBlob: true, webauthn:virtualAuthenticators: true}
Session ID: 3e6e645b75b02b1e1f514caa19518f10
	at org.openqa.selenium.remote.http.W3CHttpResponseCodec.createException(W3CHttpResponseCodec.java:187)
	at org.openqa.selenium.remote.http.W3CHttpResponseCodec.decode(W3CHttpResponseCodec.java:122)
	at org.openqa.selenium.remote.http.W3CHttpResponseCodec.decode(W3CHttpResponseCodec.java:49)
	at org.openqa.selenium.remote.HttpCommandExecutor.execute(HttpCommandExecutor.java:158)
	at org.openqa.selenium.remote.service.DriverCommandExecutor.execute(DriverCommandExecutor.java:83)
	at org.openqa.selenium.remote.RemoteWebDriver.execute(RemoteWebDriver.java:552)
	at com.kms.katalon.selenium.driver.CChromeDriver.execute(CChromeDriver.java:19)
	at org.openqa.selenium.remote.RemoteWebElement.execute(RemoteWebElement.java:285)
	at org.openqa.selenium.remote.RemoteWebElement.click(RemoteWebElement.java:84)
	at org.openqa.selenium.support.events.EventFiringWebDriver$EventFiringWebElement.lambda$new$0(EventFiringWebDriver.java:404)
	at com.sun.proxy.$Proxy17.click(Unknown Source)
	at org.openqa.selenium.support.events.EventFiringWebDriver$EventFiringWebElement.click(EventFiringWebDriver.java:417)
	at com.kms.katalon.core.webui.keyword.builtin.ClickKeyword$_click_closure1.doCall(ClickKeyword.groovy:68)
	at com.kms.katalon.core.webui.keyword.builtin.ClickKeyword$_click_closure1.call(ClickKeyword.groovy)
	at com.kms.katalon.core.webui.keyword.internal.WebUIKeywordMain.runKeyword(WebUIKeywordMain.groovy:20)
	... 35 more
)]]></system-out>
         <system-err><![CDATA[2021-05-30 15:51:03 - [TEST_CASE][FAILED] - Test Cases/TestCasesIf/CallChangeTime: Test Cases/TestCasesIf/CallChangeTime FAILED.
Reason:
com.kms.katalon.core.exception.StepFailedException: Call Test Case 'Test Cases/TestCasesIf/Time24hIfUserNameThanTen' failed
	at com.kms.katalon.core.keyword.builtin.CallTestCaseKeyword$_callTestCase_closure1.doCall(CallTestCaseKeyword.groovy:63)
	at com.kms.katalon.core.keyword.builtin.CallTestCaseKeyword$_callTestCase_closure1.call(CallTestCaseKeyword.groovy)
	at com.kms.katalon.core.keyword.internal.KeywordMain.runKeyword(KeywordMain.groovy:68)
	at com.kms.katalon.core.keyword.builtin.CallTestCaseKeyword.callTestCase(CallTestCaseKeyword.groovy:81)
	at com.kms.katalon.core.keyword.builtin.CallTestCaseKeyword.execute(CallTestCaseKeyword.groovy:44)
	at com.kms.katalon.core.keyword.internal.KeywordExecutor.executeKeywordForPlatform(KeywordExecutor.groovy:73)
	at com.kms.katalon.core.keyword.BuiltinKeywords.callTestCase(BuiltinKeywords.groovy:350)
	at CallChangeTime.run(CallChangeTime:20)
	at com.kms.katalon.core.main.ScriptEngine.run(ScriptEngine.java:194)
	at com.kms.katalon.core.main.ScriptEngine.runScriptAsRawText(ScriptEngine.java:119)
	at com.kms.katalon.core.main.TestCaseExecutor.runScript(TestCaseExecutor.java:398)
	at com.kms.katalon.core.main.TestCaseExecutor.doExecute(TestCaseExecutor.java:389)
	at com.kms.katalon.core.main.TestCaseExecutor.processExecutionPhase(TestCaseExecutor.java:368)
	at com.kms.katalon.core.main.TestCaseExecutor.accessMainPhase(TestCaseExecutor.java:360)
	at com.kms.katalon.core.main.TestCaseExecutor.execute(TestCaseExecutor.java:255)
	at com.kms.katalon.core.main.TestSuiteExecutor.accessTestCaseMainPhase(TestSuiteExecutor.java:203)
	at com.kms.katalon.core.main.TestSuiteExecutor.accessTestSuiteMainPhase(TestSuiteExecutor.java:152)
	at com.kms.katalon.core.main.TestSuiteExecutor.execute(TestSuiteExecutor.java:95)
	at com.kms.katalon.core.main.TestCaseMain.startTestSuite(TestCaseMain.java:157)
	at com.kms.katalon.core.main.TestCaseMain$startTestSuite$0.call(Unknown Source)
	at TempTestSuite1622388507297.run(TempTestSuite1622388507297.groovy:39)
Caused by: com.kms.katalon.core.exception.StepFailedException: Unable to click on object 'Object Repository/IFObject/Page_TEST CHANNEL - TEAM NAME Mattermost/button_Close'
	at com.kms.katalon.core.webui.keyword.internal.WebUIKeywordMain.stepFailed(WebUIKeywordMain.groovy:64)
	at com.kms.katalon.core.webui.keyword.internal.WebUIKeywordMain.runKeyword(WebUIKeywordMain.groovy:26)
	at com.kms.katalon.core.webui.keyword.builtin.ClickKeyword.click(ClickKeyword.groovy:75)
	at com.kms.katalon.core.webui.keyword.builtin.ClickKeyword.execute(ClickKeyword.groovy:42)
	at com.kms.katalon.core.keyword.internal.KeywordExecutor.executeKeywordForPlatform(KeywordExecutor.groovy:73)
	at com.kms.katalon.core.webui.keyword.WebUiBuiltInKeywords.click(WebUiBuiltInKeywords.groovy:619)
	at com.kms.katalon.core.webui.keyword.WebUiBuiltInKeywords$click$2.call(Unknown Source)
	at Time24hIfUserNameThanTen.run(Time24hIfUserNameThanTen:57)
	at com.kms.katalon.core.main.ScriptEngine.run(ScriptEngine.java:194)
	at com.kms.katalon.core.main.ScriptEngine.runScriptAsRawText(ScriptEngine.java:119)
	at com.kms.katalon.core.main.TestCaseExecutor.runScript(TestCaseExecutor.java:398)
	at com.kms.katalon.core.main.TestCaseExecutor.doExecute(TestCaseExecutor.java:389)
	at com.kms.katalon.core.main.TestCaseExecutor.processExecutionPhase(TestCaseExecutor.java:368)
	at com.kms.katalon.core.main.TestCaseExecutor.accessMainPhase(TestCaseExecutor.java:360)
	at com.kms.katalon.core.main.TestCaseExecutor.execute(TestCaseExecutor.java:255)
	at com.kms.katalon.core.main.TestCaseMain.runTestCase(TestCaseMain.java:114)
	at com.kms.katalon.core.keyword.builtin.CallTestCaseKeyword$_callTestCase_closure1.doCall(CallTestCaseKeyword.groovy:59)
	... 20 more
Caused by: org.openqa.selenium.ElementClickInterceptedException: element click intercepted: Element <button type="button" aria-label="emoji picker" class="emoji-picker__container post-action">...</button> is not clickable at point (996, 520). Other element would receive the click: <div id="accountSettingsModal" role="dialog" aria-labelledby="accountSettingsModalLabel" tabindex="-1" class="fade in modal" style="display: block;">...</div>
  (Session info: chrome=91.0.4472.77)
Build info: version: '3.141.59', revision: 'e82be7d358', time: '2018-11-14T08:25:53'
System info: host: 'WIN-SERVER-2019', ip: '10.1.0.4', os.name: 'Windows Server 2019', os.arch: 'amd64', os.version: '10.0', java.version: '1.8.0_282'
Driver info: com.kms.katalon.selenium.driver.CChromeDriver
Capabilities {acceptInsecureCerts: false, browserName: chrome, browserVersion: 91.0.4472.77, chrome: {chromedriverVersion: 90.0.4430.24 (4c6d850f087da..., userDataDir: C:\Users\nttuan\AppData\Loc...}, goog:chromeOptions: {debuggerAddress: localhost:49487}, javascriptEnabled: true, networkConnectionEnabled: false, pageLoadStrategy: normal, platform: WINDOWS, platformName: WINDOWS, proxy: Proxy(), setWindowRect: true, strictFileInteractability: false, timeouts: {implicit: 0, pageLoad: 300000, script: 30000}, unhandledPromptBehavior: dismiss and notify, webauthn:extension:largeBlob: true, webauthn:virtualAuthenticators: true}
Session ID: 3e6e645b75b02b1e1f514caa19518f10
	at org.openqa.selenium.remote.http.W3CHttpResponseCodec.createException(W3CHttpResponseCodec.java:187)
	at org.openqa.selenium.remote.http.W3CHttpResponseCodec.decode(W3CHttpResponseCodec.java:122)
	at org.openqa.selenium.remote.http.W3CHttpResponseCodec.decode(W3CHttpResponseCodec.java:49)
	at org.openqa.selenium.remote.HttpCommandExecutor.execute(HttpCommandExecutor.java:158)
	at org.openqa.selenium.remote.service.DriverCommandExecutor.execute(DriverCommandExecutor.java:83)
	at org.openqa.selenium.remote.RemoteWebDriver.execute(RemoteWebDriver.java:552)
	at com.kms.katalon.selenium.driver.CChromeDriver.execute(CChromeDriver.java:19)
	at org.openqa.selenium.remote.RemoteWebElement.execute(RemoteWebElement.java:285)
	at org.openqa.selenium.remote.RemoteWebElement.click(RemoteWebElement.java:84)
	at org.openqa.selenium.support.events.EventFiringWebDriver$EventFiringWebElement.lambda$new$0(EventFiringWebDriver.java:404)
	at com.sun.proxy.$Proxy17.click(Unknown Source)
	at org.openqa.selenium.support.events.EventFiringWebDriver$EventFiringWebElement.click(EventFiringWebDriver.java:417)
	at com.kms.katalon.core.webui.keyword.builtin.ClickKeyword$_click_closure1.doCall(ClickKeyword.groovy:68)
	at com.kms.katalon.core.webui.keyword.builtin.ClickKeyword$_click_closure1.call(ClickKeyword.groovy)
	at com.kms.katalon.core.webui.keyword.internal.WebUIKeywordMain.runKeyword(WebUIKeywordMain.groovy:20)
	... 35 more]]></system-err>
      </testcase>
      <testcase name="Test Cases/TestCasesIf/CallChangeUserName" time="16.194" classname="Test Cases/TestCasesIf/CallChangeUserName" status="PASSED">
         <system-out><![CDATA[2021-05-30 15:51:15 - [TEST_CASE][PASSED] - Test Cases/TestCasesIf/CallChangeUserName: Test Cases/TestCasesIf/CallChangeUserName

2021-05-30 15:51:15 - [TEST_STEP][PASSED] - callTestCase(findTestCase("TestCasesIf/ChangeUserNameIfLessTen"), ["username":"cxtuan", "password":"01672471821nT@"]): Call Test Case 'Test Cases/TestCasesIf/ChangeUserNameIfLessTen' successfully

2021-05-30 15:51:15 - [TEST_CASE][PASSED] - Test Cases/TestCasesIf/ChangeUserNameIfLessTen: Test Cases/TestCasesIf/ChangeUserNameIfLessTen

2021-05-30 15:51:15 - [TEST_STEP][PASSED] - callTestCase(findTestCase("Test Cases/Common Test Cases/Login"), ["Username":username, "Password":password]): Call Test Case 'Test Cases/Common Test Cases/Login' successfully

2021-05-30 15:51:15 - [TEST_CASE][PASSED] - Test Cases/Common Test Cases/Login: Test Cases/Common Test Cases/Login

2021-05-30 15:51:15 - [TEST_STEP][PASSED] - openBrowser(""): Browser is opened with url: ''

2021-05-30 15:51:15 - [MESSAGE][WARNING] - A browser is already opened. Closing browser and opening a new one

2021-05-30 15:51:16 - [MESSAGE][INFO] - Starting 'Chrome' driver

2021-05-30 15:51:16 - [MESSAGE][INFO] - Action delay is set to 0 milliseconds

2021-05-30 15:51:17 - [MESSAGE][PASSED] - Browser is opened with url: ''

2021-05-30 15:51:17 - [TEST_STEP][PASSED] - navigateToUrl("https://chudenangcao2021.cf/"): Navigate to 'https://chudenangcao2021.cf/' successfully

2021-05-30 15:51:18 - [MESSAGE][PASSED] - Navigate to 'https://chudenangcao2021.cf/' successfully

2021-05-30 15:51:18 - [TEST_STEP][PASSED] - setText(findTestObject("Object Repository/Page_Mattermost/input_All team communication in one place, _dcc84b"), Username): Text 'cxtuan' is set on object 'Object Repository/Page_Mattermost/input_All team communication in one place, _dcc84b'

2021-05-30 15:51:19 - [MESSAGE][PASSED] - Text 'cxtuan' is set on object 'Object Repository/Page_Mattermost/input_All team communication in one place, _dcc84b'

2021-05-30 15:51:19 - [TEST_STEP][PASSED] - setText(findTestObject("Object Repository/Page_Mattermost/input_All team communication in one place, _a3edc6"), Password): Text '01672471821nT@' is set on object 'Object Repository/Page_Mattermost/input_All team communication in one place, _a3edc6'

2021-05-30 15:51:20 - [MESSAGE][PASSED] - Text '01672471821nT@' is set on object 'Object Repository/Page_Mattermost/input_All team communication in one place, _a3edc6'

2021-05-30 15:51:20 - [TEST_STEP][PASSED] - click(findTestObject("Object Repository/Page_Mattermost/button_Sign in")): Object: 'Object Repository/Page_Mattermost/button_Sign in' is clicked on

2021-05-30 15:51:21 - [MESSAGE][PASSED] - Object: 'Object Repository/Page_Mattermost/button_Sign in' is clicked on

2021-05-30 15:51:21 - [TEST_STEP][PASSED] - verifyLinksAccessible(["https://chudenangcao2021.cf/cdnc-cnpm-2021/channels"]): All links are accessible

2021-05-30 15:51:21 - [MESSAGE][INFO] - HAR: C:\Users\nttuan\Downloads\CDNC\mattermost-testing\Reports\20210530_152827\Run all test cases\20210530_152827\requests\main\53.har

2021-05-30 15:51:21 - [MESSAGE][PASSED] - Send request successfully

2021-05-30 15:51:21 - [MESSAGE][PASSED] - All links are accessible

2021-05-30 15:51:21 - [MESSAGE][PASSED] - Call Test Case 'Test Cases/Common Test Cases/Login' successfully

2021-05-30 15:51:21 - [TEST_STEP][PASSED] - object = findTestObject("Object Repository/IFObject/Page_TEST CHANNEL - TEAM NAME Mattermost/button_cxtuan_style--none sidebar-header-dropdown__icon"): null

2021-05-30 15:51:21 - [TEST_STEP][PASSED] - bool = false: null

2021-05-30 15:51:21 - [TEST_STEP][PASSED] - try: Object 'Object Repository/IFObject/Page_TEST CHANNEL - TEAM NAME Mattermost/button_cxtuan_style--none sidebar-header-dropdown__icon' is present

2021-05-30 15:51:21 - [TEST_STEP][PASSED] - bool = verifyElementPresent(object, 0): Object 'Object Repository/IFObject/Page_TEST CHANNEL - TEAM NAME Mattermost/button_cxtuan_style--none sidebar-header-dropdown__icon' is present

2021-05-30 15:51:21 - [MESSAGE][WARNING] - Timeout '0' is invalid. Using default page load timeout: '30'

2021-05-30 15:51:22 - [MESSAGE][PASSED] - Object 'Object Repository/IFObject/Page_TEST CHANNEL - TEAM NAME Mattermost/button_cxtuan_style--none sidebar-header-dropdown__icon' is present

2021-05-30 15:51:22 - [TEST_STEP][PASSED] - Finally: Browser is closed

2021-05-30 15:51:22 - [TEST_STEP][PASSED] - if (bool && username.length() < 10): Browser is closed

2021-05-30 15:51:22 - [TEST_STEP][PASSED] - click(object): Object: 'Object Repository/IFObject/Page_TEST CHANNEL - TEAM NAME Mattermost/button_cxtuan_style--none sidebar-header-dropdown__icon' is clicked on

2021-05-30 15:51:22 - [MESSAGE][PASSED] - Object: 'Object Repository/IFObject/Page_TEST CHANNEL - TEAM NAME Mattermost/button_cxtuan_style--none sidebar-header-dropdown__icon' is clicked on

2021-05-30 15:51:22 - [TEST_STEP][PASSED] - click(findTestObject("Object Repository/IFObject/Page_TEST CHANNEL - TEAM NAME Mattermost/button_Account Settings")): Object: 'Object Repository/IFObject/Page_TEST CHANNEL - TEAM NAME Mattermost/button_Account Settings' is clicked on

2021-05-30 15:51:23 - [MESSAGE][PASSED] - Object: 'Object Repository/IFObject/Page_TEST CHANNEL - TEAM NAME Mattermost/button_Account Settings' is clicked on

2021-05-30 15:51:23 - [TEST_STEP][PASSED] - click(findTestObject("Object Repository/IFObject/Page_TEST CHANNEL - TEAM NAME Mattermost/div_UsernameEdit")): Object: 'Object Repository/IFObject/Page_TEST CHANNEL - TEAM NAME Mattermost/div_UsernameEdit' is clicked on

2021-05-30 15:51:23 - [MESSAGE][PASSED] - Object: 'Object Repository/IFObject/Page_TEST CHANNEL - TEAM NAME Mattermost/div_UsernameEdit' is clicked on

2021-05-30 15:51:23 - [TEST_STEP][PASSED] - setText(findTestObject("Object Repository/IFObject/Page_TEST CHANNEL - TEAM NAME Mattermost/input_Username_username"), username + username): Text 'cxtuancxtuan' is set on object 'Object Repository/IFObject/Page_TEST CHANNEL - TEAM NAME Mattermost/input_Username_username'

2021-05-30 15:51:24 - [MESSAGE][PASSED] - Text 'cxtuancxtuan' is set on object 'Object Repository/IFObject/Page_TEST CHANNEL - TEAM NAME Mattermost/input_Username_username'

2021-05-30 15:51:24 - [TEST_STEP][PASSED] - click(findTestObject("IFObject/Page_TEST CHANNEL - TEAM NAME Mattermost/button_Save_EditUserName")): Object: 'Object Repository/IFObject/Page_TEST CHANNEL - TEAM NAME Mattermost/button_Save_EditUserName' is clicked on

2021-05-30 15:51:25 - [MESSAGE][PASSED] - Object: 'Object Repository/IFObject/Page_TEST CHANNEL - TEAM NAME Mattermost/button_Save_EditUserName' is clicked on

2021-05-30 15:51:25 - [TEST_STEP][PASSED] - click(findTestObject("IFObject/Page_TEST CHANNEL - TEAM NAME Mattermost/button_Close_Edit_UserName")): Object: 'Object Repository/IFObject/Page_TEST CHANNEL - TEAM NAME Mattermost/button_Close_Edit_UserName' is clicked on

2021-05-30 15:51:25 - [MESSAGE][PASSED] - Object: 'Object Repository/IFObject/Page_TEST CHANNEL - TEAM NAME Mattermost/button_Close_Edit_UserName' is clicked on

2021-05-30 15:51:25 - [TEST_STEP][PASSED] - Thread.sleep(2000): null

2021-05-30 15:51:27 - [TEST_STEP][PASSED] - click(object): Object: 'Object Repository/IFObject/Page_TEST CHANNEL - TEAM NAME Mattermost/button_cxtuan_style--none sidebar-header-dropdown__icon' is clicked on

2021-05-30 15:51:27 - [MESSAGE][PASSED] - Object: 'Object Repository/IFObject/Page_TEST CHANNEL - TEAM NAME Mattermost/button_cxtuan_style--none sidebar-header-dropdown__icon' is clicked on

2021-05-30 15:51:27 - [TEST_STEP][PASSED] - click(findTestObject("Object Repository/IFObject/Page_TEST CHANNEL - TEAM NAME Mattermost/button_Account Settings")): Object: 'Object Repository/IFObject/Page_TEST CHANNEL - TEAM NAME Mattermost/button_Account Settings' is clicked on

2021-05-30 15:51:28 - [MESSAGE][PASSED] - Object: 'Object Repository/IFObject/Page_TEST CHANNEL - TEAM NAME Mattermost/button_Account Settings' is clicked on

2021-05-30 15:51:28 - [TEST_STEP][PASSED] - click(findTestObject("Object Repository/IFObject/Page_TEST CHANNEL - TEAM NAME Mattermost/div_UsernameEdit")): Object: 'Object Repository/IFObject/Page_TEST CHANNEL - TEAM NAME Mattermost/div_UsernameEdit' is clicked on

2021-05-30 15:51:29 - [MESSAGE][PASSED] - Object: 'Object Repository/IFObject/Page_TEST CHANNEL - TEAM NAME Mattermost/div_UsernameEdit' is clicked on

2021-05-30 15:51:29 - [TEST_STEP][PASSED] - setText(findTestObject("Object Repository/IFObject/Page_TEST CHANNEL - TEAM NAME Mattermost/input_Username_username"), username): Text 'cxtuan' is set on object 'Object Repository/IFObject/Page_TEST CHANNEL - TEAM NAME Mattermost/input_Username_username'

2021-05-30 15:51:29 - [MESSAGE][PASSED] - Text 'cxtuan' is set on object 'Object Repository/IFObject/Page_TEST CHANNEL - TEAM NAME Mattermost/input_Username_username'

2021-05-30 15:51:29 - [TEST_STEP][PASSED] - click(findTestObject("IFObject/Page_TEST CHANNEL - TEAM NAME Mattermost/button_Save_EditUserName")): Object: 'Object Repository/IFObject/Page_TEST CHANNEL - TEAM NAME Mattermost/button_Save_EditUserName' is clicked on

2021-05-30 15:51:30 - [MESSAGE][PASSED] - Object: 'Object Repository/IFObject/Page_TEST CHANNEL - TEAM NAME Mattermost/button_Save_EditUserName' is clicked on

2021-05-30 15:51:30 - [TEST_STEP][PASSED] - click(findTestObject("IFObject/Page_TEST CHANNEL - TEAM NAME Mattermost/button_Close_Edit_UserName")): Object: 'Object Repository/IFObject/Page_TEST CHANNEL - TEAM NAME Mattermost/button_Close_Edit_UserName' is clicked on

2021-05-30 15:51:30 - [MESSAGE][PASSED] - Object: 'Object Repository/IFObject/Page_TEST CHANNEL - TEAM NAME Mattermost/button_Close_Edit_UserName' is clicked on

2021-05-30 15:51:30 - [TEST_STEP][PASSED] - closeBrowser(): Browser is closed

2021-05-30 15:51:31 - [MESSAGE][PASSED] - Browser is closed

2021-05-30 15:51:31 - [MESSAGE][PASSED] - Call Test Case 'Test Cases/TestCasesIf/ChangeUserNameIfLessTen' successfully]]></system-out>
         <system-err><![CDATA[]]></system-err>
      </testcase>
      <testcase name="Test Cases/TestCasesIf/ChangeUserNameIfLessTen" time="15.056" classname="Test Cases/TestCasesIf/ChangeUserNameIfLessTen" status="PASSED">
         <system-out><![CDATA[2021-05-30 15:51:31 - [TEST_CASE][PASSED] - Test Cases/TestCasesIf/ChangeUserNameIfLessTen: Test Cases/TestCasesIf/ChangeUserNameIfLessTen

2021-05-30 15:51:31 - [TEST_STEP][PASSED] - callTestCase(findTestCase("Test Cases/Common Test Cases/Login"), ["Username":username, "Password":password]): Call Test Case 'Test Cases/Common Test Cases/Login' successfully

2021-05-30 15:51:31 - [TEST_CASE][PASSED] - Test Cases/Common Test Cases/Login: Test Cases/Common Test Cases/Login

2021-05-30 15:51:31 - [TEST_STEP][PASSED] - openBrowser(""): Browser is opened with url: ''

2021-05-30 15:51:31 - [MESSAGE][INFO] - Starting 'Chrome' driver

2021-05-30 15:51:31 - [MESSAGE][INFO] - Action delay is set to 0 milliseconds

2021-05-30 15:51:32 - [MESSAGE][PASSED] - Browser is opened with url: ''

2021-05-30 15:51:32 - [TEST_STEP][PASSED] - navigateToUrl("https://chudenangcao2021.cf/"): Navigate to 'https://chudenangcao2021.cf/' successfully

2021-05-30 15:51:33 - [MESSAGE][PASSED] - Navigate to 'https://chudenangcao2021.cf/' successfully

2021-05-30 15:51:33 - [TEST_STEP][PASSED] - setText(findTestObject("Object Repository/Page_Mattermost/input_All team communication in one place, _dcc84b"), Username): Text 'cxtuan' is set on object 'Object Repository/Page_Mattermost/input_All team communication in one place, _dcc84b'

2021-05-30 15:51:34 - [MESSAGE][PASSED] - Text 'cxtuan' is set on object 'Object Repository/Page_Mattermost/input_All team communication in one place, _dcc84b'

2021-05-30 15:51:34 - [TEST_STEP][PASSED] - setText(findTestObject("Object Repository/Page_Mattermost/input_All team communication in one place, _a3edc6"), Password): Text '01672471821nT@' is set on object 'Object Repository/Page_Mattermost/input_All team communication in one place, _a3edc6'

2021-05-30 15:51:35 - [MESSAGE][PASSED] - Text '01672471821nT@' is set on object 'Object Repository/Page_Mattermost/input_All team communication in one place, _a3edc6'

2021-05-30 15:51:35 - [TEST_STEP][PASSED] - click(findTestObject("Object Repository/Page_Mattermost/button_Sign in")): Object: 'Object Repository/Page_Mattermost/button_Sign in' is clicked on

2021-05-30 15:51:35 - [MESSAGE][PASSED] - Object: 'Object Repository/Page_Mattermost/button_Sign in' is clicked on

2021-05-30 15:51:35 - [TEST_STEP][PASSED] - verifyLinksAccessible(["https://chudenangcao2021.cf/cdnc-cnpm-2021/channels"]): All links are accessible

2021-05-30 15:51:36 - [MESSAGE][INFO] - HAR: C:\Users\nttuan\Downloads\CDNC\mattermost-testing\Reports\20210530_152827\Run all test cases\20210530_152827\requests\main\54.har

2021-05-30 15:51:36 - [MESSAGE][PASSED] - Send request successfully

2021-05-30 15:51:36 - [MESSAGE][PASSED] - All links are accessible

2021-05-30 15:51:36 - [MESSAGE][PASSED] - Call Test Case 'Test Cases/Common Test Cases/Login' successfully

2021-05-30 15:51:36 - [TEST_STEP][PASSED] - object = findTestObject("Object Repository/IFObject/Page_TEST CHANNEL - TEAM NAME Mattermost/button_cxtuan_style--none sidebar-header-dropdown__icon"): null

2021-05-30 15:51:36 - [TEST_STEP][PASSED] - bool = false: null

2021-05-30 15:51:36 - [TEST_STEP][PASSED] - try: Object 'Object Repository/IFObject/Page_TEST CHANNEL - TEAM NAME Mattermost/button_cxtuan_style--none sidebar-header-dropdown__icon' is present

2021-05-30 15:51:36 - [TEST_STEP][PASSED] - bool = verifyElementPresent(object, 0): Object 'Object Repository/IFObject/Page_TEST CHANNEL - TEAM NAME Mattermost/button_cxtuan_style--none sidebar-header-dropdown__icon' is present

2021-05-30 15:51:36 - [MESSAGE][WARNING] - Timeout '0' is invalid. Using default page load timeout: '30'

2021-05-30 15:51:37 - [MESSAGE][PASSED] - Object 'Object Repository/IFObject/Page_TEST CHANNEL - TEAM NAME Mattermost/button_cxtuan_style--none sidebar-header-dropdown__icon' is present

2021-05-30 15:51:37 - [TEST_STEP][PASSED] - Finally: Browser is closed

2021-05-30 15:51:37 - [TEST_STEP][PASSED] - if (bool && username.length() < 10): Browser is closed

2021-05-30 15:51:37 - [TEST_STEP][PASSED] - click(object): Object: 'Object Repository/IFObject/Page_TEST CHANNEL - TEAM NAME Mattermost/button_cxtuan_style--none sidebar-header-dropdown__icon' is clicked on

2021-05-30 15:51:37 - [MESSAGE][PASSED] - Object: 'Object Repository/IFObject/Page_TEST CHANNEL - TEAM NAME Mattermost/button_cxtuan_style--none sidebar-header-dropdown__icon' is clicked on

2021-05-30 15:51:37 - [TEST_STEP][PASSED] - click(findTestObject("Object Repository/IFObject/Page_TEST CHANNEL - TEAM NAME Mattermost/button_Account Settings")): Object: 'Object Repository/IFObject/Page_TEST CHANNEL - TEAM NAME Mattermost/button_Account Settings' is clicked on

2021-05-30 15:51:38 - [MESSAGE][PASSED] - Object: 'Object Repository/IFObject/Page_TEST CHANNEL - TEAM NAME Mattermost/button_Account Settings' is clicked on

2021-05-30 15:51:38 - [TEST_STEP][PASSED] - click(findTestObject("Object Repository/IFObject/Page_TEST CHANNEL - TEAM NAME Mattermost/div_UsernameEdit")): Object: 'Object Repository/IFObject/Page_TEST CHANNEL - TEAM NAME Mattermost/div_UsernameEdit' is clicked on

2021-05-30 15:51:38 - [MESSAGE][PASSED] - Object: 'Object Repository/IFObject/Page_TEST CHANNEL - TEAM NAME Mattermost/div_UsernameEdit' is clicked on

2021-05-30 15:51:38 - [TEST_STEP][PASSED] - setText(findTestObject("Object Repository/IFObject/Page_TEST CHANNEL - TEAM NAME Mattermost/input_Username_username"), username + username): Text 'cxtuancxtuan' is set on object 'Object Repository/IFObject/Page_TEST CHANNEL - TEAM NAME Mattermost/input_Username_username'

2021-05-30 15:51:39 - [MESSAGE][PASSED] - Text 'cxtuancxtuan' is set on object 'Object Repository/IFObject/Page_TEST CHANNEL - TEAM NAME Mattermost/input_Username_username'

2021-05-30 15:51:39 - [TEST_STEP][PASSED] - click(findTestObject("IFObject/Page_TEST CHANNEL - TEAM NAME Mattermost/button_Save_EditUserName")): Object: 'Object Repository/IFObject/Page_TEST CHANNEL - TEAM NAME Mattermost/button_Save_EditUserName' is clicked on

2021-05-30 15:51:40 - [MESSAGE][PASSED] - Object: 'Object Repository/IFObject/Page_TEST CHANNEL - TEAM NAME Mattermost/button_Save_EditUserName' is clicked on

2021-05-30 15:51:40 - [TEST_STEP][PASSED] - click(findTestObject("IFObject/Page_TEST CHANNEL - TEAM NAME Mattermost/button_Close_Edit_UserName")): Object: 'Object Repository/IFObject/Page_TEST CHANNEL - TEAM NAME Mattermost/button_Close_Edit_UserName' is clicked on

2021-05-30 15:51:40 - [MESSAGE][PASSED] - Object: 'Object Repository/IFObject/Page_TEST CHANNEL - TEAM NAME Mattermost/button_Close_Edit_UserName' is clicked on

2021-05-30 15:51:40 - [TEST_STEP][PASSED] - Thread.sleep(2000): null

2021-05-30 15:51:42 - [TEST_STEP][PASSED] - click(object): Object: 'Object Repository/IFObject/Page_TEST CHANNEL - TEAM NAME Mattermost/button_cxtuan_style--none sidebar-header-dropdown__icon' is clicked on

2021-05-30 15:51:42 - [MESSAGE][PASSED] - Object: 'Object Repository/IFObject/Page_TEST CHANNEL - TEAM NAME Mattermost/button_cxtuan_style--none sidebar-header-dropdown__icon' is clicked on

2021-05-30 15:51:42 - [TEST_STEP][PASSED] - click(findTestObject("Object Repository/IFObject/Page_TEST CHANNEL - TEAM NAME Mattermost/button_Account Settings")): Object: 'Object Repository/IFObject/Page_TEST CHANNEL - TEAM NAME Mattermost/button_Account Settings' is clicked on

2021-05-30 15:51:43 - [MESSAGE][PASSED] - Object: 'Object Repository/IFObject/Page_TEST CHANNEL - TEAM NAME Mattermost/button_Account Settings' is clicked on

2021-05-30 15:51:43 - [TEST_STEP][PASSED] - click(findTestObject("Object Repository/IFObject/Page_TEST CHANNEL - TEAM NAME Mattermost/div_UsernameEdit")): Object: 'Object Repository/IFObject/Page_TEST CHANNEL - TEAM NAME Mattermost/div_UsernameEdit' is clicked on

2021-05-30 15:51:44 - [MESSAGE][PASSED] - Object: 'Object Repository/IFObject/Page_TEST CHANNEL - TEAM NAME Mattermost/div_UsernameEdit' is clicked on

2021-05-30 15:51:44 - [TEST_STEP][PASSED] - setText(findTestObject("Object Repository/IFObject/Page_TEST CHANNEL - TEAM NAME Mattermost/input_Username_username"), username): Text 'cxtuan' is set on object 'Object Repository/IFObject/Page_TEST CHANNEL - TEAM NAME Mattermost/input_Username_username'

2021-05-30 15:51:44 - [MESSAGE][PASSED] - Text 'cxtuan' is set on object 'Object Repository/IFObject/Page_TEST CHANNEL - TEAM NAME Mattermost/input_Username_username'

2021-05-30 15:51:44 - [TEST_STEP][PASSED] - click(findTestObject("IFObject/Page_TEST CHANNEL - TEAM NAME Mattermost/button_Save_EditUserName")): Object: 'Object Repository/IFObject/Page_TEST CHANNEL - TEAM NAME Mattermost/button_Save_EditUserName' is clicked on

2021-05-30 15:51:45 - [MESSAGE][PASSED] - Object: 'Object Repository/IFObject/Page_TEST CHANNEL - TEAM NAME Mattermost/button_Save_EditUserName' is clicked on

2021-05-30 15:51:45 - [TEST_STEP][PASSED] - click(findTestObject("IFObject/Page_TEST CHANNEL - TEAM NAME Mattermost/button_Close_Edit_UserName")): Object: 'Object Repository/IFObject/Page_TEST CHANNEL - TEAM NAME Mattermost/button_Close_Edit_UserName' is clicked on

2021-05-30 15:51:45 - [MESSAGE][PASSED] - Object: 'Object Repository/IFObject/Page_TEST CHANNEL - TEAM NAME Mattermost/button_Close_Edit_UserName' is clicked on

2021-05-30 15:51:45 - [TEST_STEP][PASSED] - closeBrowser(): Browser is closed

2021-05-30 15:51:46 - [MESSAGE][PASSED] - Browser is closed]]></system-out>
         <system-err><![CDATA[]]></system-err>
      </testcase>
      <testcase name="Test Cases/TestCasesIf/CheckNavToNewChannel" time="9.578" classname="Test Cases/TestCasesIf/CheckNavToNewChannel" status="FAILED">
         <failure type="FAILED" message="Test Cases/TestCasesIf/CheckNavToNewChannel FAILED.
Reason:
com.kms.katalon.core.exception.StepFailedException: Unable to set text 'Channel Test If' of object 'Object Repository/IFObject/Page_te - TEAM NAME Mattermost/textarea_Write to te_post_textbox'
	at com.kms.katalon.core.webui.keyword.internal.WebUIKeywordMain.stepFailed(WebUIKeywordMain.groovy:64)
	at com.kms.katalon.core.webui.keyword.internal.WebUIKeywordMain.runKeyword(WebUIKeywordMain.groovy:26)
	at com.kms.katalon.core.webui.keyword.builtin.SetTextKeyword.setText(SetTextKeyword.groovy:66)
	at com.kms.katalon.core.webui.keyword.builtin.SetTextKeyword.execute(SetTextKeyword.groovy:37)
	at com.kms.katalon.core.keyword.internal.KeywordExecutor.executeKeywordForPlatform(KeywordExecutor.groovy:73)
	at com.kms.katalon.core.webui.keyword.WebUiBuiltInKeywords.setText(WebUiBuiltInKeywords.groovy:979)
	at com.kms.katalon.core.webui.keyword.WebUiBuiltInKeywords$setText$1.call(Unknown Source)
	at CheckNavToNewChannel.run(CheckNavToNewChannel:36)
	at com.kms.katalon.core.main.ScriptEngine.run(ScriptEngine.java:194)
	at com.kms.katalon.core.main.ScriptEngine.runScriptAsRawText(ScriptEngine.java:119)
	at com.kms.katalon.core.main.TestCaseExecutor.runScript(TestCaseExecutor.java:398)
	at com.kms.katalon.core.main.TestCaseExecutor.doExecute(TestCaseExecutor.java:389)
	at com.kms.katalon.core.main.TestCaseExecutor.processExecutionPhase(TestCaseExecutor.java:368)
	at com.kms.katalon.core.main.TestCaseExecutor.accessMainPhase(TestCaseExecutor.java:360)
	at com.kms.katalon.core.main.TestCaseExecutor.execute(TestCaseExecutor.java:255)
	at com.kms.katalon.core.main.TestSuiteExecutor.accessTestCaseMainPhase(TestSuiteExecutor.java:203)
	at com.kms.katalon.core.main.TestSuiteExecutor.accessTestSuiteMainPhase(TestSuiteExecutor.java:152)
	at com.kms.katalon.core.main.TestSuiteExecutor.execute(TestSuiteExecutor.java:95)
	at com.kms.katalon.core.main.TestCaseMain.startTestSuite(TestCaseMain.java:157)
	at com.kms.katalon.core.main.TestCaseMain$startTestSuite$0.call(Unknown Source)
	at TempTestSuite1622388507297.run(TempTestSuite1622388507297.groovy:39)
Caused by: org.openqa.selenium.ElementNotInteractableException: element not interactable
  (Session info: chrome=91.0.4472.77)
Build info: version: '3.141.59', revision: 'e82be7d358', time: '2018-11-14T08:25:53'
System info: host: 'WIN-SERVER-2019', ip: '10.1.0.4', os.name: 'Windows Server 2019', os.arch: 'amd64', os.version: '10.0', java.version: '1.8.0_282'
Driver info: com.kms.katalon.selenium.driver.CChromeDriver
Capabilities {acceptInsecureCerts: false, browserName: chrome, browserVersion: 91.0.4472.77, chrome: {chromedriverVersion: 90.0.4430.24 (4c6d850f087da..., userDataDir: C:\Users\nttuan\AppData\Loc...}, goog:chromeOptions: {debuggerAddress: localhost:52823}, javascriptEnabled: true, networkConnectionEnabled: false, pageLoadStrategy: normal, platform: WINDOWS, platformName: WINDOWS, proxy: Proxy(), setWindowRect: true, strictFileInteractability: false, timeouts: {implicit: 0, pageLoad: 300000, script: 30000}, unhandledPromptBehavior: dismiss and notify, webauthn:extension:largeBlob: true, webauthn:virtualAuthenticators: true}
Session ID: dc8625b1a68e67f754295128dc2899b9
	at org.openqa.selenium.remote.http.W3CHttpResponseCodec.createException(W3CHttpResponseCodec.java:187)
	at org.openqa.selenium.remote.http.W3CHttpResponseCodec.decode(W3CHttpResponseCodec.java:122)
	at org.openqa.selenium.remote.http.W3CHttpResponseCodec.decode(W3CHttpResponseCodec.java:49)
	at org.openqa.selenium.remote.HttpCommandExecutor.execute(HttpCommandExecutor.java:158)
	at org.openqa.selenium.remote.service.DriverCommandExecutor.execute(DriverCommandExecutor.java:83)
	at org.openqa.selenium.remote.RemoteWebDriver.execute(RemoteWebDriver.java:552)
	at com.kms.katalon.selenium.driver.CChromeDriver.execute(CChromeDriver.java:19)
	at org.openqa.selenium.remote.RemoteWebElement.execute(RemoteWebElement.java:285)
	at org.openqa.selenium.remote.RemoteWebElement.sendKeys(RemoteWebElement.java:106)
	at org.openqa.selenium.support.events.EventFiringWebDriver$EventFiringWebElement.lambda$new$0(EventFiringWebDriver.java:404)
	at com.sun.proxy.$Proxy17.sendKeys(Unknown Source)
	at org.openqa.selenium.support.events.EventFiringWebDriver$EventFiringWebElement.sendKeys(EventFiringWebDriver.java:429)
	at com.kms.katalon.core.webui.keyword.builtin.SetTextKeyword$_setText_closure1.doCall(SetTextKeyword.groovy:59)
	at com.kms.katalon.core.webui.keyword.builtin.SetTextKeyword$_setText_closure1.call(SetTextKeyword.groovy)
	at com.kms.katalon.core.webui.keyword.internal.WebUIKeywordMain.runKeyword(WebUIKeywordMain.groovy:20)
	... 19 more
"/>
         <system-out><![CDATA[2021-05-30 15:51:46 - [TEST_CASE][FAILED] - Test Cases/TestCasesIf/CheckNavToNewChannel: Test Cases/TestCasesIf/CheckNavToNewChannel FAILED.
Reason:
com.kms.katalon.core.exception.StepFailedException: Unable to set text 'Channel Test If' of object 'Object Repository/IFObject/Page_te - TEAM NAME Mattermost/textarea_Write to te_post_textbox'
	at com.kms.katalon.core.webui.keyword.internal.WebUIKeywordMain.stepFailed(WebUIKeywordMain.groovy:64)
	at com.kms.katalon.core.webui.keyword.internal.WebUIKeywordMain.runKeyword(WebUIKeywordMain.groovy:26)
	at com.kms.katalon.core.webui.keyword.builtin.SetTextKeyword.setText(SetTextKeyword.groovy:66)
	at com.kms.katalon.core.webui.keyword.builtin.SetTextKeyword.execute(SetTextKeyword.groovy:37)
	at com.kms.katalon.core.keyword.internal.KeywordExecutor.executeKeywordForPlatform(KeywordExecutor.groovy:73)
	at com.kms.katalon.core.webui.keyword.WebUiBuiltInKeywords.setText(WebUiBuiltInKeywords.groovy:979)
	at com.kms.katalon.core.webui.keyword.WebUiBuiltInKeywords$setText$1.call(Unknown Source)
	at CheckNavToNewChannel.run(CheckNavToNewChannel:36)
	at com.kms.katalon.core.main.ScriptEngine.run(ScriptEngine.java:194)
	at com.kms.katalon.core.main.ScriptEngine.runScriptAsRawText(ScriptEngine.java:119)
	at com.kms.katalon.core.main.TestCaseExecutor.runScript(TestCaseExecutor.java:398)
	at com.kms.katalon.core.main.TestCaseExecutor.doExecute(TestCaseExecutor.java:389)
	at com.kms.katalon.core.main.TestCaseExecutor.processExecutionPhase(TestCaseExecutor.java:368)
	at com.kms.katalon.core.main.TestCaseExecutor.accessMainPhase(TestCaseExecutor.java:360)
	at com.kms.katalon.core.main.TestCaseExecutor.execute(TestCaseExecutor.java:255)
	at com.kms.katalon.core.main.TestSuiteExecutor.accessTestCaseMainPhase(TestSuiteExecutor.java:203)
	at com.kms.katalon.core.main.TestSuiteExecutor.accessTestSuiteMainPhase(TestSuiteExecutor.java:152)
	at com.kms.katalon.core.main.TestSuiteExecutor.execute(TestSuiteExecutor.java:95)
	at com.kms.katalon.core.main.TestCaseMain.startTestSuite(TestCaseMain.java:157)
	at com.kms.katalon.core.main.TestCaseMain$startTestSuite$0.call(Unknown Source)
	at TempTestSuite1622388507297.run(TempTestSuite1622388507297.groovy:39)
Caused by: org.openqa.selenium.ElementNotInteractableException: element not interactable
  (Session info: chrome=91.0.4472.77)
Build info: version: '3.141.59', revision: 'e82be7d358', time: '2018-11-14T08:25:53'
System info: host: 'WIN-SERVER-2019', ip: '10.1.0.4', os.name: 'Windows Server 2019', os.arch: 'amd64', os.version: '10.0', java.version: '1.8.0_282'
Driver info: com.kms.katalon.selenium.driver.CChromeDriver
Capabilities {acceptInsecureCerts: false, browserName: chrome, browserVersion: 91.0.4472.77, chrome: {chromedriverVersion: 90.0.4430.24 (4c6d850f087da..., userDataDir: C:\Users\nttuan\AppData\Loc...}, goog:chromeOptions: {debuggerAddress: localhost:52823}, javascriptEnabled: true, networkConnectionEnabled: false, pageLoadStrategy: normal, platform: WINDOWS, platformName: WINDOWS, proxy: Proxy(), setWindowRect: true, strictFileInteractability: false, timeouts: {implicit: 0, pageLoad: 300000, script: 30000}, unhandledPromptBehavior: dismiss and notify, webauthn:extension:largeBlob: true, webauthn:virtualAuthenticators: true}
Session ID: dc8625b1a68e67f754295128dc2899b9
	at org.openqa.selenium.remote.http.W3CHttpResponseCodec.createException(W3CHttpResponseCodec.java:187)
	at org.openqa.selenium.remote.http.W3CHttpResponseCodec.decode(W3CHttpResponseCodec.java:122)
	at org.openqa.selenium.remote.http.W3CHttpResponseCodec.decode(W3CHttpResponseCodec.java:49)
	at org.openqa.selenium.remote.HttpCommandExecutor.execute(HttpCommandExecutor.java:158)
	at org.openqa.selenium.remote.service.DriverCommandExecutor.execute(DriverCommandExecutor.java:83)
	at org.openqa.selenium.remote.RemoteWebDriver.execute(RemoteWebDriver.java:552)
	at com.kms.katalon.selenium.driver.CChromeDriver.execute(CChromeDriver.java:19)
	at org.openqa.selenium.remote.RemoteWebElement.execute(RemoteWebElement.java:285)
	at org.openqa.selenium.remote.RemoteWebElement.sendKeys(RemoteWebElement.java:106)
	at org.openqa.selenium.support.events.EventFiringWebDriver$EventFiringWebElement.lambda$new$0(EventFiringWebDriver.java:404)
	at com.sun.proxy.$Proxy17.sendKeys(Unknown Source)
	at org.openqa.selenium.support.events.EventFiringWebDriver$EventFiringWebElement.sendKeys(EventFiringWebDriver.java:429)
	at com.kms.katalon.core.webui.keyword.builtin.SetTextKeyword$_setText_closure1.doCall(SetTextKeyword.groovy:59)
	at com.kms.katalon.core.webui.keyword.builtin.SetTextKeyword$_setText_closure1.call(SetTextKeyword.groovy)
	at com.kms.katalon.core.webui.keyword.internal.WebUIKeywordMain.runKeyword(WebUIKeywordMain.groovy:20)
	... 19 more


2021-05-30 15:51:46 - [TEST_STEP][PASSED] - callTestCase(findTestCase("Test Cases/Common Test Cases/Login"), ["Username":"cxtuan", "Password":"01672471821nT@"]): Call Test Case 'Test Cases/Common Test Cases/Login' successfully

2021-05-30 15:51:46 - [TEST_CASE][PASSED] - Test Cases/Common Test Cases/Login: Test Cases/Common Test Cases/Login

2021-05-30 15:51:46 - [TEST_STEP][PASSED] - openBrowser(""): Browser is opened with url: ''

2021-05-30 15:51:46 - [MESSAGE][INFO] - Starting 'Chrome' driver

2021-05-30 15:51:46 - [MESSAGE][INFO] - Action delay is set to 0 milliseconds

2021-05-30 15:51:48 - [MESSAGE][PASSED] - Browser is opened with url: ''

2021-05-30 15:51:48 - [TEST_STEP][PASSED] - navigateToUrl("https://chudenangcao2021.cf/"): Navigate to 'https://chudenangcao2021.cf/' successfully

2021-05-30 15:51:48 - [MESSAGE][PASSED] - Navigate to 'https://chudenangcao2021.cf/' successfully

2021-05-30 15:51:48 - [TEST_STEP][PASSED] - setText(findTestObject("Object Repository/Page_Mattermost/input_All team communication in one place, _dcc84b"), Username): Text 'cxtuan' is set on object 'Object Repository/Page_Mattermost/input_All team communication in one place, _dcc84b'

2021-05-30 15:51:50 - [MESSAGE][PASSED] - Text 'cxtuan' is set on object 'Object Repository/Page_Mattermost/input_All team communication in one place, _dcc84b'

2021-05-30 15:51:50 - [TEST_STEP][PASSED] - setText(findTestObject("Object Repository/Page_Mattermost/input_All team communication in one place, _a3edc6"), Password): Text '01672471821nT@' is set on object 'Object Repository/Page_Mattermost/input_All team communication in one place, _a3edc6'

2021-05-30 15:51:50 - [MESSAGE][PASSED] - Text '01672471821nT@' is set on object 'Object Repository/Page_Mattermost/input_All team communication in one place, _a3edc6'

2021-05-30 15:51:50 - [TEST_STEP][PASSED] - click(findTestObject("Object Repository/Page_Mattermost/button_Sign in")): Object: 'Object Repository/Page_Mattermost/button_Sign in' is clicked on

2021-05-30 15:51:51 - [MESSAGE][PASSED] - Object: 'Object Repository/Page_Mattermost/button_Sign in' is clicked on

2021-05-30 15:51:51 - [TEST_STEP][PASSED] - verifyLinksAccessible(["https://chudenangcao2021.cf/cdnc-cnpm-2021/channels"]): All links are accessible

2021-05-30 15:51:51 - [MESSAGE][INFO] - HAR: C:\Users\nttuan\Downloads\CDNC\mattermost-testing\Reports\20210530_152827\Run all test cases\20210530_152827\requests\main\55.har

2021-05-30 15:51:51 - [MESSAGE][PASSED] - Send request successfully

2021-05-30 15:51:51 - [MESSAGE][PASSED] - All links are accessible

2021-05-30 15:51:51 - [MESSAGE][PASSED] - Call Test Case 'Test Cases/Common Test Cases/Login' successfully

2021-05-30 15:51:51 - [TEST_STEP][PASSED] - object = findTestObject("Object Repository/IFObject/Page_TEST CHANNEL - TEAM NAME Mattermost/div_CtrlK_MenuWrapper AddChannelDropdown"): null

2021-05-30 15:51:51 - [TEST_STEP][PASSED] - bool = false: null

2021-05-30 15:51:51 - [TEST_STEP][PASSED] - try: Object 'Object Repository/IFObject/Page_TEST CHANNEL - TEAM NAME Mattermost/div_CtrlK_MenuWrapper AddChannelDropdown' is visible

2021-05-30 15:51:51 - [TEST_STEP][PASSED] - bool = verifyElementVisible(object): Object 'Object Repository/IFObject/Page_TEST CHANNEL - TEAM NAME Mattermost/div_CtrlK_MenuWrapper AddChannelDropdown' is visible

2021-05-30 15:51:52 - [MESSAGE][PASSED] - Object 'Object Repository/IFObject/Page_TEST CHANNEL - TEAM NAME Mattermost/div_CtrlK_MenuWrapper AddChannelDropdown' is visible

2021-05-30 15:51:52 - [TEST_STEP][FAILED] - Finally: Unable to set text 'Channel Test If' of object 'Object Repository/IFObject/Page_te - TEAM NAME Mattermost/textarea_Write to te_post_textbox' (Root cause: com.kms.katalon.core.exception.StepFailedException: Unable to set text 'Channel Test If' of object 'Object Repository/IFObject/Page_te - TEAM NAME Mattermost/textarea_Write to te_post_textbox'
	at com.kms.katalon.core.webui.keyword.internal.WebUIKeywordMain.stepFailed(WebUIKeywordMain.groovy:64)
	at com.kms.katalon.core.webui.keyword.internal.WebUIKeywordMain.runKeyword(WebUIKeywordMain.groovy:26)
	at com.kms.katalon.core.webui.keyword.builtin.SetTextKeyword.setText(SetTextKeyword.groovy:66)
	at com.kms.katalon.core.webui.keyword.builtin.SetTextKeyword.execute(SetTextKeyword.groovy:37)
	at com.kms.katalon.core.keyword.internal.KeywordExecutor.executeKeywordForPlatform(KeywordExecutor.groovy:73)
	at com.kms.katalon.core.webui.keyword.WebUiBuiltInKeywords.setText(WebUiBuiltInKeywords.groovy:979)
	at com.kms.katalon.core.webui.keyword.WebUiBuiltInKeywords$setText$1.call(Unknown Source)
	at CheckNavToNewChannel.run(CheckNavToNewChannel:36)
	at com.kms.katalon.core.main.ScriptEngine.run(ScriptEngine.java:194)
	at com.kms.katalon.core.main.ScriptEngine.runScriptAsRawText(ScriptEngine.java:119)
	at com.kms.katalon.core.main.TestCaseExecutor.runScript(TestCaseExecutor.java:398)
	at com.kms.katalon.core.main.TestCaseExecutor.doExecute(TestCaseExecutor.java:389)
	at com.kms.katalon.core.main.TestCaseExecutor.processExecutionPhase(TestCaseExecutor.java:368)
	at com.kms.katalon.core.main.TestCaseExecutor.accessMainPhase(TestCaseExecutor.java:360)
	at com.kms.katalon.core.main.TestCaseExecutor.execute(TestCaseExecutor.java:255)
	at com.kms.katalon.core.main.TestSuiteExecutor.accessTestCaseMainPhase(TestSuiteExecutor.java:203)
	at com.kms.katalon.core.main.TestSuiteExecutor.accessTestSuiteMainPhase(TestSuiteExecutor.java:152)
	at com.kms.katalon.core.main.TestSuiteExecutor.execute(TestSuiteExecutor.java:95)
	at com.kms.katalon.core.main.TestCaseMain.startTestSuite(TestCaseMain.java:157)
	at com.kms.katalon.core.main.TestCaseMain$startTestSuite$0.call(Unknown Source)
	at TempTestSuite1622388507297.run(TempTestSuite1622388507297.groovy:39)
Caused by: org.openqa.selenium.ElementNotInteractableException: element not interactable
  (Session info: chrome=91.0.4472.77)
Build info: version: '3.141.59', revision: 'e82be7d358', time: '2018-11-14T08:25:53'
System info: host: 'WIN-SERVER-2019', ip: '10.1.0.4', os.name: 'Windows Server 2019', os.arch: 'amd64', os.version: '10.0', java.version: '1.8.0_282'
Driver info: com.kms.katalon.selenium.driver.CChromeDriver
Capabilities {acceptInsecureCerts: false, browserName: chrome, browserVersion: 91.0.4472.77, chrome: {chromedriverVersion: 90.0.4430.24 (4c6d850f087da..., userDataDir: C:\Users\nttuan\AppData\Loc...}, goog:chromeOptions: {debuggerAddress: localhost:52823}, javascriptEnabled: true, networkConnectionEnabled: false, pageLoadStrategy: normal, platform: WINDOWS, platformName: WINDOWS, proxy: Proxy(), setWindowRect: true, strictFileInteractability: false, timeouts: {implicit: 0, pageLoad: 300000, script: 30000}, unhandledPromptBehavior: dismiss and notify, webauthn:extension:largeBlob: true, webauthn:virtualAuthenticators: true}
Session ID: dc8625b1a68e67f754295128dc2899b9
	at org.openqa.selenium.remote.http.W3CHttpResponseCodec.createException(W3CHttpResponseCodec.java:187)
	at org.openqa.selenium.remote.http.W3CHttpResponseCodec.decode(W3CHttpResponseCodec.java:122)
	at org.openqa.selenium.remote.http.W3CHttpResponseCodec.decode(W3CHttpResponseCodec.java:49)
	at org.openqa.selenium.remote.HttpCommandExecutor.execute(HttpCommandExecutor.java:158)
	at org.openqa.selenium.remote.service.DriverCommandExecutor.execute(DriverCommandExecutor.java:83)
	at org.openqa.selenium.remote.RemoteWebDriver.execute(RemoteWebDriver.java:552)
	at com.kms.katalon.selenium.driver.CChromeDriver.execute(CChromeDriver.java:19)
	at org.openqa.selenium.remote.RemoteWebElement.execute(RemoteWebElement.java:285)
	at org.openqa.selenium.remote.RemoteWebElement.sendKeys(RemoteWebElement.java:106)
	at org.openqa.selenium.support.events.EventFiringWebDriver$EventFiringWebElement.lambda$new$0(EventFiringWebDriver.java:404)
	at com.sun.proxy.$Proxy17.sendKeys(Unknown Source)
	at org.openqa.selenium.support.events.EventFiringWebDriver$EventFiringWebElement.sendKeys(EventFiringWebDriver.java:429)
	at com.kms.katalon.core.webui.keyword.builtin.SetTextKeyword$_setText_closure1.doCall(SetTextKeyword.groovy:59)
	at com.kms.katalon.core.webui.keyword.builtin.SetTextKeyword$_setText_closure1.call(SetTextKeyword.groovy)
	at com.kms.katalon.core.webui.keyword.internal.WebUIKeywordMain.runKeyword(WebUIKeywordMain.groovy:20)
	at com.kms.katalon.core.webui.keyword.builtin.SetTextKeyword.setText(SetTextKeyword.groovy:66)
	at com.kms.katalon.core.webui.keyword.builtin.SetTextKeyword.execute(SetTextKeyword.groovy:37)
	at com.kms.katalon.core.keyword.internal.KeywordExecutor.executeKeywordForPlatform(KeywordExecutor.groovy:73)
	at com.kms.katalon.core.webui.keyword.WebUiBuiltInKeywords.setText(WebUiBuiltInKeywords.groovy:979)
	at com.kms.katalon.core.webui.keyword.WebUiBuiltInKeywords$setText$1.call(Unknown Source)
	at Script1622127123030.run(Script1622127123030.groovy:36)
	... 13 more
)

2021-05-30 15:51:52 - [TEST_STEP][FAILED] - if (bool): Unable to set text 'Channel Test If' of object 'Object Repository/IFObject/Page_te - TEAM NAME Mattermost/textarea_Write to te_post_textbox' (Root cause: com.kms.katalon.core.exception.StepFailedException: Unable to set text 'Channel Test If' of object 'Object Repository/IFObject/Page_te - TEAM NAME Mattermost/textarea_Write to te_post_textbox'
	at com.kms.katalon.core.webui.keyword.internal.WebUIKeywordMain.stepFailed(WebUIKeywordMain.groovy:64)
	at com.kms.katalon.core.webui.keyword.internal.WebUIKeywordMain.runKeyword(WebUIKeywordMain.groovy:26)
	at com.kms.katalon.core.webui.keyword.builtin.SetTextKeyword.setText(SetTextKeyword.groovy:66)
	at com.kms.katalon.core.webui.keyword.builtin.SetTextKeyword.execute(SetTextKeyword.groovy:37)
	at com.kms.katalon.core.keyword.internal.KeywordExecutor.executeKeywordForPlatform(KeywordExecutor.groovy:73)
	at com.kms.katalon.core.webui.keyword.WebUiBuiltInKeywords.setText(WebUiBuiltInKeywords.groovy:979)
	at com.kms.katalon.core.webui.keyword.WebUiBuiltInKeywords$setText$1.call(Unknown Source)
	at CheckNavToNewChannel.run(CheckNavToNewChannel:36)
	at com.kms.katalon.core.main.ScriptEngine.run(ScriptEngine.java:194)
	at com.kms.katalon.core.main.ScriptEngine.runScriptAsRawText(ScriptEngine.java:119)
	at com.kms.katalon.core.main.TestCaseExecutor.runScript(TestCaseExecutor.java:398)
	at com.kms.katalon.core.main.TestCaseExecutor.doExecute(TestCaseExecutor.java:389)
	at com.kms.katalon.core.main.TestCaseExecutor.processExecutionPhase(TestCaseExecutor.java:368)
	at com.kms.katalon.core.main.TestCaseExecutor.accessMainPhase(TestCaseExecutor.java:360)
	at com.kms.katalon.core.main.TestCaseExecutor.execute(TestCaseExecutor.java:255)
	at com.kms.katalon.core.main.TestSuiteExecutor.accessTestCaseMainPhase(TestSuiteExecutor.java:203)
	at com.kms.katalon.core.main.TestSuiteExecutor.accessTestSuiteMainPhase(TestSuiteExecutor.java:152)
	at com.kms.katalon.core.main.TestSuiteExecutor.execute(TestSuiteExecutor.java:95)
	at com.kms.katalon.core.main.TestCaseMain.startTestSuite(TestCaseMain.java:157)
	at com.kms.katalon.core.main.TestCaseMain$startTestSuite$0.call(Unknown Source)
	at TempTestSuite1622388507297.run(TempTestSuite1622388507297.groovy:39)
Caused by: org.openqa.selenium.ElementNotInteractableException: element not interactable
  (Session info: chrome=91.0.4472.77)
Build info: version: '3.141.59', revision: 'e82be7d358', time: '2018-11-14T08:25:53'
System info: host: 'WIN-SERVER-2019', ip: '10.1.0.4', os.name: 'Windows Server 2019', os.arch: 'amd64', os.version: '10.0', java.version: '1.8.0_282'
Driver info: com.kms.katalon.selenium.driver.CChromeDriver
Capabilities {acceptInsecureCerts: false, browserName: chrome, browserVersion: 91.0.4472.77, chrome: {chromedriverVersion: 90.0.4430.24 (4c6d850f087da..., userDataDir: C:\Users\nttuan\AppData\Loc...}, goog:chromeOptions: {debuggerAddress: localhost:52823}, javascriptEnabled: true, networkConnectionEnabled: false, pageLoadStrategy: normal, platform: WINDOWS, platformName: WINDOWS, proxy: Proxy(), setWindowRect: true, strictFileInteractability: false, timeouts: {implicit: 0, pageLoad: 300000, script: 30000}, unhandledPromptBehavior: dismiss and notify, webauthn:extension:largeBlob: true, webauthn:virtualAuthenticators: true}
Session ID: dc8625b1a68e67f754295128dc2899b9
	at org.openqa.selenium.remote.http.W3CHttpResponseCodec.createException(W3CHttpResponseCodec.java:187)
	at org.openqa.selenium.remote.http.W3CHttpResponseCodec.decode(W3CHttpResponseCodec.java:122)
	at org.openqa.selenium.remote.http.W3CHttpResponseCodec.decode(W3CHttpResponseCodec.java:49)
	at org.openqa.selenium.remote.HttpCommandExecutor.execute(HttpCommandExecutor.java:158)
	at org.openqa.selenium.remote.service.DriverCommandExecutor.execute(DriverCommandExecutor.java:83)
	at org.openqa.selenium.remote.RemoteWebDriver.execute(RemoteWebDriver.java:552)
	at com.kms.katalon.selenium.driver.CChromeDriver.execute(CChromeDriver.java:19)
	at org.openqa.selenium.remote.RemoteWebElement.execute(RemoteWebElement.java:285)
	at org.openqa.selenium.remote.RemoteWebElement.sendKeys(RemoteWebElement.java:106)
	at org.openqa.selenium.support.events.EventFiringWebDriver$EventFiringWebElement.lambda$new$0(EventFiringWebDriver.java:404)
	at com.sun.proxy.$Proxy17.sendKeys(Unknown Source)
	at org.openqa.selenium.support.events.EventFiringWebDriver$EventFiringWebElement.sendKeys(EventFiringWebDriver.java:429)
	at com.kms.katalon.core.webui.keyword.builtin.SetTextKeyword$_setText_closure1.doCall(SetTextKeyword.groovy:59)
	at com.kms.katalon.core.webui.keyword.builtin.SetTextKeyword$_setText_closure1.call(SetTextKeyword.groovy)
	at com.kms.katalon.core.webui.keyword.internal.WebUIKeywordMain.runKeyword(WebUIKeywordMain.groovy:20)
	at com.kms.katalon.core.webui.keyword.builtin.SetTextKeyword.setText(SetTextKeyword.groovy:66)
	at com.kms.katalon.core.webui.keyword.builtin.SetTextKeyword.execute(SetTextKeyword.groovy:37)
	at com.kms.katalon.core.keyword.internal.KeywordExecutor.executeKeywordForPlatform(KeywordExecutor.groovy:73)
	at com.kms.katalon.core.webui.keyword.WebUiBuiltInKeywords.setText(WebUiBuiltInKeywords.groovy:979)
	at com.kms.katalon.core.webui.keyword.WebUiBuiltInKeywords$setText$1.call(Unknown Source)
	at Script1622127123030.run(Script1622127123030.groovy:36)
	... 13 more
)

2021-05-30 15:51:52 - [TEST_STEP][PASSED] - click(object): Object: 'Object Repository/IFObject/Page_TEST CHANNEL - TEAM NAME Mattermost/div_CtrlK_MenuWrapper AddChannelDropdown' is clicked on

2021-05-30 15:51:53 - [MESSAGE][PASSED] - Object: 'Object Repository/IFObject/Page_TEST CHANNEL - TEAM NAME Mattermost/div_CtrlK_MenuWrapper AddChannelDropdown' is clicked on

2021-05-30 15:51:53 - [TEST_STEP][PASSED] - click(findTestObject("Object Repository/IFObject/Page_TEST CHANNEL - TEAM NAME Mattermost/span_Create New Channel")): Object: 'Object Repository/IFObject/Page_TEST CHANNEL - TEAM NAME Mattermost/span_Create New Channel' is clicked on

2021-05-30 15:51:53 - [MESSAGE][PASSED] - Object: 'Object Repository/IFObject/Page_TEST CHANNEL - TEAM NAME Mattermost/span_Create New Channel' is clicked on

2021-05-30 15:51:53 - [TEST_STEP][PASSED] - setText(findTestObject("Object Repository/IFObject/Page_TEST CHANNEL - TEAM NAME Mattermost/input_Name_newChannelName"), "NewChannelTest1"): Text 'NewChannelTest1' is set on object 'Object Repository/IFObject/Page_TEST CHANNEL - TEAM NAME Mattermost/input_Name_newChannelName'

2021-05-30 15:51:54 - [MESSAGE][PASSED] - Text 'NewChannelTest1' is set on object 'Object Repository/IFObject/Page_TEST CHANNEL - TEAM NAME Mattermost/input_Name_newChannelName'

2021-05-30 15:51:54 - [TEST_STEP][PASSED] - click(findTestObject("Object Repository/IFObject/Page_TEST CHANNEL - TEAM NAME Mattermost/button_Create Channel")): Object: 'Object Repository/IFObject/Page_TEST CHANNEL - TEAM NAME Mattermost/button_Create Channel' is clicked on

2021-05-30 15:51:55 - [MESSAGE][PASSED] - Object: 'Object Repository/IFObject/Page_TEST CHANNEL - TEAM NAME Mattermost/button_Create Channel' is clicked on

2021-05-30 15:51:55 - [TEST_STEP][FAILED] - setText(findTestObject("Object Repository/IFObject/Page_te - TEAM NAME Mattermost/textarea_Write to te_post_textbox"), "Channel Test If"): Unable to set text 'Channel Test If' of object 'Object Repository/IFObject/Page_te - TEAM NAME Mattermost/textarea_Write to te_post_textbox' (Root cause: com.kms.katalon.core.exception.StepFailedException: Unable to set text 'Channel Test If' of object 'Object Repository/IFObject/Page_te - TEAM NAME Mattermost/textarea_Write to te_post_textbox'
	at com.kms.katalon.core.webui.keyword.internal.WebUIKeywordMain.stepFailed(WebUIKeywordMain.groovy:64)
	at com.kms.katalon.core.webui.keyword.internal.WebUIKeywordMain.runKeyword(WebUIKeywordMain.groovy:26)
	at com.kms.katalon.core.webui.keyword.builtin.SetTextKeyword.setText(SetTextKeyword.groovy:66)
	at com.kms.katalon.core.webui.keyword.builtin.SetTextKeyword.execute(SetTextKeyword.groovy:37)
	at com.kms.katalon.core.keyword.internal.KeywordExecutor.executeKeywordForPlatform(KeywordExecutor.groovy:73)
	at com.kms.katalon.core.webui.keyword.WebUiBuiltInKeywords.setText(WebUiBuiltInKeywords.groovy:979)
	at com.kms.katalon.core.webui.keyword.WebUiBuiltInKeywords$setText$1.call(Unknown Source)
	at CheckNavToNewChannel.run(CheckNavToNewChannel:36)
	at com.kms.katalon.core.main.ScriptEngine.run(ScriptEngine.java:194)
	at com.kms.katalon.core.main.ScriptEngine.runScriptAsRawText(ScriptEngine.java:119)
	at com.kms.katalon.core.main.TestCaseExecutor.runScript(TestCaseExecutor.java:398)
	at com.kms.katalon.core.main.TestCaseExecutor.doExecute(TestCaseExecutor.java:389)
	at com.kms.katalon.core.main.TestCaseExecutor.processExecutionPhase(TestCaseExecutor.java:368)
	at com.kms.katalon.core.main.TestCaseExecutor.accessMainPhase(TestCaseExecutor.java:360)
	at com.kms.katalon.core.main.TestCaseExecutor.execute(TestCaseExecutor.java:255)
	at com.kms.katalon.core.main.TestSuiteExecutor.accessTestCaseMainPhase(TestSuiteExecutor.java:203)
	at com.kms.katalon.core.main.TestSuiteExecutor.accessTestSuiteMainPhase(TestSuiteExecutor.java:152)
	at com.kms.katalon.core.main.TestSuiteExecutor.execute(TestSuiteExecutor.java:95)
	at com.kms.katalon.core.main.TestCaseMain.startTestSuite(TestCaseMain.java:157)
	at com.kms.katalon.core.main.TestCaseMain$startTestSuite$0.call(Unknown Source)
	at TempTestSuite1622388507297.run(TempTestSuite1622388507297.groovy:39)
Caused by: org.openqa.selenium.ElementNotInteractableException: element not interactable
  (Session info: chrome=91.0.4472.77)
Build info: version: '3.141.59', revision: 'e82be7d358', time: '2018-11-14T08:25:53'
System info: host: 'WIN-SERVER-2019', ip: '10.1.0.4', os.name: 'Windows Server 2019', os.arch: 'amd64', os.version: '10.0', java.version: '1.8.0_282'
Driver info: com.kms.katalon.selenium.driver.CChromeDriver
Capabilities {acceptInsecureCerts: false, browserName: chrome, browserVersion: 91.0.4472.77, chrome: {chromedriverVersion: 90.0.4430.24 (4c6d850f087da..., userDataDir: C:\Users\nttuan\AppData\Loc...}, goog:chromeOptions: {debuggerAddress: localhost:52823}, javascriptEnabled: true, networkConnectionEnabled: false, pageLoadStrategy: normal, platform: WINDOWS, platformName: WINDOWS, proxy: Proxy(), setWindowRect: true, strictFileInteractability: false, timeouts: {implicit: 0, pageLoad: 300000, script: 30000}, unhandledPromptBehavior: dismiss and notify, webauthn:extension:largeBlob: true, webauthn:virtualAuthenticators: true}
Session ID: dc8625b1a68e67f754295128dc2899b9
	at org.openqa.selenium.remote.http.W3CHttpResponseCodec.createException(W3CHttpResponseCodec.java:187)
	at org.openqa.selenium.remote.http.W3CHttpResponseCodec.decode(W3CHttpResponseCodec.java:122)
	at org.openqa.selenium.remote.http.W3CHttpResponseCodec.decode(W3CHttpResponseCodec.java:49)
	at org.openqa.selenium.remote.HttpCommandExecutor.execute(HttpCommandExecutor.java:158)
	at org.openqa.selenium.remote.service.DriverCommandExecutor.execute(DriverCommandExecutor.java:83)
	at org.openqa.selenium.remote.RemoteWebDriver.execute(RemoteWebDriver.java:552)
	at com.kms.katalon.selenium.driver.CChromeDriver.execute(CChromeDriver.java:19)
	at org.openqa.selenium.remote.RemoteWebElement.execute(RemoteWebElement.java:285)
	at org.openqa.selenium.remote.RemoteWebElement.sendKeys(RemoteWebElement.java:106)
	at org.openqa.selenium.support.events.EventFiringWebDriver$EventFiringWebElement.lambda$new$0(EventFiringWebDriver.java:404)
	at com.sun.proxy.$Proxy17.sendKeys(Unknown Source)
	at org.openqa.selenium.support.events.EventFiringWebDriver$EventFiringWebElement.sendKeys(EventFiringWebDriver.java:429)
	at com.kms.katalon.core.webui.keyword.builtin.SetTextKeyword$_setText_closure1.doCall(SetTextKeyword.groovy:59)
	at com.kms.katalon.core.webui.keyword.builtin.SetTextKeyword$_setText_closure1.call(SetTextKeyword.groovy)
	at com.kms.katalon.core.webui.keyword.internal.WebUIKeywordMain.runKeyword(WebUIKeywordMain.groovy:20)
	at com.kms.katalon.core.webui.keyword.builtin.SetTextKeyword.setText(SetTextKeyword.groovy:66)
	at com.kms.katalon.core.webui.keyword.builtin.SetTextKeyword.execute(SetTextKeyword.groovy:37)
	at com.kms.katalon.core.keyword.internal.KeywordExecutor.executeKeywordForPlatform(KeywordExecutor.groovy:73)
	at com.kms.katalon.core.webui.keyword.WebUiBuiltInKeywords.setText(WebUiBuiltInKeywords.groovy:979)
	at com.kms.katalon.core.webui.keyword.WebUiBuiltInKeywords$setText$1.call(Unknown Source)
	at Script1622127123030.run(Script1622127123030.groovy:36)
	... 13 more
)

2021-05-30 15:51:56 - [MESSAGE][FAILED] - Unable to set text 'Channel Test If' of object 'Object Repository/IFObject/Page_te - TEAM NAME Mattermost/textarea_Write to te_post_textbox' (Root cause: com.kms.katalon.core.exception.StepFailedException: Unable to set text 'Channel Test If' of object 'Object Repository/IFObject/Page_te - TEAM NAME Mattermost/textarea_Write to te_post_textbox'
	at com.kms.katalon.core.webui.keyword.internal.WebUIKeywordMain.stepFailed(WebUIKeywordMain.groovy:64)
	at com.kms.katalon.core.webui.keyword.internal.WebUIKeywordMain.runKeyword(WebUIKeywordMain.groovy:26)
	at com.kms.katalon.core.webui.keyword.builtin.SetTextKeyword.setText(SetTextKeyword.groovy:66)
	at com.kms.katalon.core.webui.keyword.builtin.SetTextKeyword.execute(SetTextKeyword.groovy:37)
	at com.kms.katalon.core.keyword.internal.KeywordExecutor.executeKeywordForPlatform(KeywordExecutor.groovy:73)
	at com.kms.katalon.core.webui.keyword.WebUiBuiltInKeywords.setText(WebUiBuiltInKeywords.groovy:979)
	at com.kms.katalon.core.webui.keyword.WebUiBuiltInKeywords$setText$1.call(Unknown Source)
	at CheckNavToNewChannel.run(CheckNavToNewChannel:36)
	at com.kms.katalon.core.main.ScriptEngine.run(ScriptEngine.java:194)
	at com.kms.katalon.core.main.ScriptEngine.runScriptAsRawText(ScriptEngine.java:119)
	at com.kms.katalon.core.main.TestCaseExecutor.runScript(TestCaseExecutor.java:398)
	at com.kms.katalon.core.main.TestCaseExecutor.doExecute(TestCaseExecutor.java:389)
	at com.kms.katalon.core.main.TestCaseExecutor.processExecutionPhase(TestCaseExecutor.java:368)
	at com.kms.katalon.core.main.TestCaseExecutor.accessMainPhase(TestCaseExecutor.java:360)
	at com.kms.katalon.core.main.TestCaseExecutor.execute(TestCaseExecutor.java:255)
	at com.kms.katalon.core.main.TestSuiteExecutor.accessTestCaseMainPhase(TestSuiteExecutor.java:203)
	at com.kms.katalon.core.main.TestSuiteExecutor.accessTestSuiteMainPhase(TestSuiteExecutor.java:152)
	at com.kms.katalon.core.main.TestSuiteExecutor.execute(TestSuiteExecutor.java:95)
	at com.kms.katalon.core.main.TestCaseMain.startTestSuite(TestCaseMain.java:157)
	at com.kms.katalon.core.main.TestCaseMain$startTestSuite$0.call(Unknown Source)
	at TempTestSuite1622388507297.run(TempTestSuite1622388507297.groovy:39)
Caused by: org.openqa.selenium.ElementNotInteractableException: element not interactable
  (Session info: chrome=91.0.4472.77)
Build info: version: '3.141.59', revision: 'e82be7d358', time: '2018-11-14T08:25:53'
System info: host: 'WIN-SERVER-2019', ip: '10.1.0.4', os.name: 'Windows Server 2019', os.arch: 'amd64', os.version: '10.0', java.version: '1.8.0_282'
Driver info: com.kms.katalon.selenium.driver.CChromeDriver
Capabilities {acceptInsecureCerts: false, browserName: chrome, browserVersion: 91.0.4472.77, chrome: {chromedriverVersion: 90.0.4430.24 (4c6d850f087da..., userDataDir: C:\Users\nttuan\AppData\Loc...}, goog:chromeOptions: {debuggerAddress: localhost:52823}, javascriptEnabled: true, networkConnectionEnabled: false, pageLoadStrategy: normal, platform: WINDOWS, platformName: WINDOWS, proxy: Proxy(), setWindowRect: true, strictFileInteractability: false, timeouts: {implicit: 0, pageLoad: 300000, script: 30000}, unhandledPromptBehavior: dismiss and notify, webauthn:extension:largeBlob: true, webauthn:virtualAuthenticators: true}
Session ID: dc8625b1a68e67f754295128dc2899b9
	at org.openqa.selenium.remote.http.W3CHttpResponseCodec.createException(W3CHttpResponseCodec.java:187)
	at org.openqa.selenium.remote.http.W3CHttpResponseCodec.decode(W3CHttpResponseCodec.java:122)
	at org.openqa.selenium.remote.http.W3CHttpResponseCodec.decode(W3CHttpResponseCodec.java:49)
	at org.openqa.selenium.remote.HttpCommandExecutor.execute(HttpCommandExecutor.java:158)
	at org.openqa.selenium.remote.service.DriverCommandExecutor.execute(DriverCommandExecutor.java:83)
	at org.openqa.selenium.remote.RemoteWebDriver.execute(RemoteWebDriver.java:552)
	at com.kms.katalon.selenium.driver.CChromeDriver.execute(CChromeDriver.java:19)
	at org.openqa.selenium.remote.RemoteWebElement.execute(RemoteWebElement.java:285)
	at org.openqa.selenium.remote.RemoteWebElement.sendKeys(RemoteWebElement.java:106)
	at org.openqa.selenium.support.events.EventFiringWebDriver$EventFiringWebElement.lambda$new$0(EventFiringWebDriver.java:404)
	at com.sun.proxy.$Proxy17.sendKeys(Unknown Source)
	at org.openqa.selenium.support.events.EventFiringWebDriver$EventFiringWebElement.sendKeys(EventFiringWebDriver.java:429)
	at com.kms.katalon.core.webui.keyword.builtin.SetTextKeyword$_setText_closure1.doCall(SetTextKeyword.groovy:59)
	at com.kms.katalon.core.webui.keyword.builtin.SetTextKeyword$_setText_closure1.call(SetTextKeyword.groovy)
	at com.kms.katalon.core.webui.keyword.internal.WebUIKeywordMain.runKeyword(WebUIKeywordMain.groovy:20)
	at com.kms.katalon.core.webui.keyword.builtin.SetTextKeyword.setText(SetTextKeyword.groovy:66)
	at com.kms.katalon.core.webui.keyword.builtin.SetTextKeyword.execute(SetTextKeyword.groovy:37)
	at com.kms.katalon.core.keyword.internal.KeywordExecutor.executeKeywordForPlatform(KeywordExecutor.groovy:73)
	at com.kms.katalon.core.webui.keyword.WebUiBuiltInKeywords.setText(WebUiBuiltInKeywords.groovy:979)
	at com.kms.katalon.core.webui.keyword.WebUiBuiltInKeywords$setText$1.call(Unknown Source)
	at Script1622127123030.run(Script1622127123030.groovy:36)
	... 13 more
)
[[ATTACHMENT|C:\\Users\\nttuan\\Downloads\\CDNC\\mattermost-testing\\Reports\\20210530_152827\\Run all test cases\\20210530_152827\\1622389915988.png]]]]></system-out>
         <system-err><![CDATA[2021-05-30 15:51:46 - [TEST_CASE][FAILED] - Test Cases/TestCasesIf/CheckNavToNewChannel: Test Cases/TestCasesIf/CheckNavToNewChannel FAILED.
Reason:
com.kms.katalon.core.exception.StepFailedException: Unable to set text 'Channel Test If' of object 'Object Repository/IFObject/Page_te - TEAM NAME Mattermost/textarea_Write to te_post_textbox'
	at com.kms.katalon.core.webui.keyword.internal.WebUIKeywordMain.stepFailed(WebUIKeywordMain.groovy:64)
	at com.kms.katalon.core.webui.keyword.internal.WebUIKeywordMain.runKeyword(WebUIKeywordMain.groovy:26)
	at com.kms.katalon.core.webui.keyword.builtin.SetTextKeyword.setText(SetTextKeyword.groovy:66)
	at com.kms.katalon.core.webui.keyword.builtin.SetTextKeyword.execute(SetTextKeyword.groovy:37)
	at com.kms.katalon.core.keyword.internal.KeywordExecutor.executeKeywordForPlatform(KeywordExecutor.groovy:73)
	at com.kms.katalon.core.webui.keyword.WebUiBuiltInKeywords.setText(WebUiBuiltInKeywords.groovy:979)
	at com.kms.katalon.core.webui.keyword.WebUiBuiltInKeywords$setText$1.call(Unknown Source)
	at CheckNavToNewChannel.run(CheckNavToNewChannel:36)
	at com.kms.katalon.core.main.ScriptEngine.run(ScriptEngine.java:194)
	at com.kms.katalon.core.main.ScriptEngine.runScriptAsRawText(ScriptEngine.java:119)
	at com.kms.katalon.core.main.TestCaseExecutor.runScript(TestCaseExecutor.java:398)
	at com.kms.katalon.core.main.TestCaseExecutor.doExecute(TestCaseExecutor.java:389)
	at com.kms.katalon.core.main.TestCaseExecutor.processExecutionPhase(TestCaseExecutor.java:368)
	at com.kms.katalon.core.main.TestCaseExecutor.accessMainPhase(TestCaseExecutor.java:360)
	at com.kms.katalon.core.main.TestCaseExecutor.execute(TestCaseExecutor.java:255)
	at com.kms.katalon.core.main.TestSuiteExecutor.accessTestCaseMainPhase(TestSuiteExecutor.java:203)
	at com.kms.katalon.core.main.TestSuiteExecutor.accessTestSuiteMainPhase(TestSuiteExecutor.java:152)
	at com.kms.katalon.core.main.TestSuiteExecutor.execute(TestSuiteExecutor.java:95)
	at com.kms.katalon.core.main.TestCaseMain.startTestSuite(TestCaseMain.java:157)
	at com.kms.katalon.core.main.TestCaseMain$startTestSuite$0.call(Unknown Source)
	at TempTestSuite1622388507297.run(TempTestSuite1622388507297.groovy:39)
Caused by: org.openqa.selenium.ElementNotInteractableException: element not interactable
  (Session info: chrome=91.0.4472.77)
Build info: version: '3.141.59', revision: 'e82be7d358', time: '2018-11-14T08:25:53'
System info: host: 'WIN-SERVER-2019', ip: '10.1.0.4', os.name: 'Windows Server 2019', os.arch: 'amd64', os.version: '10.0', java.version: '1.8.0_282'
Driver info: com.kms.katalon.selenium.driver.CChromeDriver
Capabilities {acceptInsecureCerts: false, browserName: chrome, browserVersion: 91.0.4472.77, chrome: {chromedriverVersion: 90.0.4430.24 (4c6d850f087da..., userDataDir: C:\Users\nttuan\AppData\Loc...}, goog:chromeOptions: {debuggerAddress: localhost:52823}, javascriptEnabled: true, networkConnectionEnabled: false, pageLoadStrategy: normal, platform: WINDOWS, platformName: WINDOWS, proxy: Proxy(), setWindowRect: true, strictFileInteractability: false, timeouts: {implicit: 0, pageLoad: 300000, script: 30000}, unhandledPromptBehavior: dismiss and notify, webauthn:extension:largeBlob: true, webauthn:virtualAuthenticators: true}
Session ID: dc8625b1a68e67f754295128dc2899b9
	at org.openqa.selenium.remote.http.W3CHttpResponseCodec.createException(W3CHttpResponseCodec.java:187)
	at org.openqa.selenium.remote.http.W3CHttpResponseCodec.decode(W3CHttpResponseCodec.java:122)
	at org.openqa.selenium.remote.http.W3CHttpResponseCodec.decode(W3CHttpResponseCodec.java:49)
	at org.openqa.selenium.remote.HttpCommandExecutor.execute(HttpCommandExecutor.java:158)
	at org.openqa.selenium.remote.service.DriverCommandExecutor.execute(DriverCommandExecutor.java:83)
	at org.openqa.selenium.remote.RemoteWebDriver.execute(RemoteWebDriver.java:552)
	at com.kms.katalon.selenium.driver.CChromeDriver.execute(CChromeDriver.java:19)
	at org.openqa.selenium.remote.RemoteWebElement.execute(RemoteWebElement.java:285)
	at org.openqa.selenium.remote.RemoteWebElement.sendKeys(RemoteWebElement.java:106)
	at org.openqa.selenium.support.events.EventFiringWebDriver$EventFiringWebElement.lambda$new$0(EventFiringWebDriver.java:404)
	at com.sun.proxy.$Proxy17.sendKeys(Unknown Source)
	at org.openqa.selenium.support.events.EventFiringWebDriver$EventFiringWebElement.sendKeys(EventFiringWebDriver.java:429)
	at com.kms.katalon.core.webui.keyword.builtin.SetTextKeyword$_setText_closure1.doCall(SetTextKeyword.groovy:59)
	at com.kms.katalon.core.webui.keyword.builtin.SetTextKeyword$_setText_closure1.call(SetTextKeyword.groovy)
	at com.kms.katalon.core.webui.keyword.internal.WebUIKeywordMain.runKeyword(WebUIKeywordMain.groovy:20)
	... 19 more]]></system-err>
      </testcase>
      <testcase name="Test Cases/TestCasesIf/IfSwitchChannel" time="40.785" classname="Test Cases/TestCasesIf/IfSwitchChannel" status="FAILED">
         <failure type="FAILED" message="Test Cases/TestCasesIf/IfSwitchChannel FAILED.
Reason:
com.kms.katalon.core.exception.StepFailedException: Unable to click on object 'Object Repository/IFObject/Page_span_Town Square - TEAM NAME Mattermost/button_Find channelCtrlK'
	at com.kms.katalon.core.webui.keyword.internal.WebUIKeywordMain.stepFailed(WebUIKeywordMain.groovy:64)
	at com.kms.katalon.core.webui.keyword.internal.WebUIKeywordMain.runKeyword(WebUIKeywordMain.groovy:26)
	at com.kms.katalon.core.webui.keyword.builtin.ClickKeyword.click(ClickKeyword.groovy:75)
	at com.kms.katalon.core.webui.keyword.builtin.ClickKeyword.execute(ClickKeyword.groovy:42)
	at com.kms.katalon.core.keyword.internal.KeywordExecutor.executeKeywordForPlatform(KeywordExecutor.groovy:73)
	at com.kms.katalon.core.webui.keyword.WebUiBuiltInKeywords.click(WebUiBuiltInKeywords.groovy:619)
	at com.kms.katalon.core.webui.keyword.WebUiBuiltInKeywords$click$2.call(Unknown Source)
	at IfSwitchChannel.run(IfSwitchChannel:23)
	at com.kms.katalon.core.main.ScriptEngine.run(ScriptEngine.java:194)
	at com.kms.katalon.core.main.ScriptEngine.runScriptAsRawText(ScriptEngine.java:119)
	at com.kms.katalon.core.main.TestCaseExecutor.runScript(TestCaseExecutor.java:398)
	at com.kms.katalon.core.main.TestCaseExecutor.doExecute(TestCaseExecutor.java:389)
	at com.kms.katalon.core.main.TestCaseExecutor.processExecutionPhase(TestCaseExecutor.java:368)
	at com.kms.katalon.core.main.TestCaseExecutor.accessMainPhase(TestCaseExecutor.java:360)
	at com.kms.katalon.core.main.TestCaseExecutor.execute(TestCaseExecutor.java:255)
	at com.kms.katalon.core.main.TestSuiteExecutor.accessTestCaseMainPhase(TestSuiteExecutor.java:203)
	at com.kms.katalon.core.main.TestSuiteExecutor.accessTestSuiteMainPhase(TestSuiteExecutor.java:152)
	at com.kms.katalon.core.main.TestSuiteExecutor.execute(TestSuiteExecutor.java:95)
	at com.kms.katalon.core.main.TestCaseMain.startTestSuite(TestCaseMain.java:157)
	at com.kms.katalon.core.main.TestCaseMain$startTestSuite$0.call(Unknown Source)
	at TempTestSuite1622388507297.run(TempTestSuite1622388507297.groovy:39)
Caused by: com.kms.katalon.core.webui.exception.WebElementNotFoundException: Web element with id: 'Object Repository/IFObject/Page_span_Town Square - TEAM NAME Mattermost/button_Find channelCtrlK' located by '//div[@id='lhsNavigator']/div/button' not found
	at com.kms.katalon.core.webui.common.WebUiCommonHelper.findWebElement(WebUiCommonHelper.java:1368)
	at com.kms.katalon.core.webui.keyword.internal.WebUIAbstractKeyword.findWebElement(WebUIAbstractKeyword.groovy:27)
	at com.kms.katalon.core.webui.keyword.internal.WebUIAbstractKeyword.findWebElement(WebUIAbstractKeyword.groovy:26)
	at com.kms.katalon.core.webui.keyword.builtin.ClickKeyword$_click_closure1.doCall(ClickKeyword.groovy:66)
	at com.kms.katalon.core.webui.keyword.builtin.ClickKeyword$_click_closure1.call(ClickKeyword.groovy)
	at com.kms.katalon.core.webui.keyword.internal.WebUIKeywordMain.runKeyword(WebUIKeywordMain.groovy:20)
	... 19 more
"/>
         <system-out><![CDATA[2021-05-30 15:51:56 - [TEST_CASE][FAILED] - Test Cases/TestCasesIf/IfSwitchChannel: Test Cases/TestCasesIf/IfSwitchChannel FAILED.
Reason:
com.kms.katalon.core.exception.StepFailedException: Unable to click on object 'Object Repository/IFObject/Page_span_Town Square - TEAM NAME Mattermost/button_Find channelCtrlK'
	at com.kms.katalon.core.webui.keyword.internal.WebUIKeywordMain.stepFailed(WebUIKeywordMain.groovy:64)
	at com.kms.katalon.core.webui.keyword.internal.WebUIKeywordMain.runKeyword(WebUIKeywordMain.groovy:26)
	at com.kms.katalon.core.webui.keyword.builtin.ClickKeyword.click(ClickKeyword.groovy:75)
	at com.kms.katalon.core.webui.keyword.builtin.ClickKeyword.execute(ClickKeyword.groovy:42)
	at com.kms.katalon.core.keyword.internal.KeywordExecutor.executeKeywordForPlatform(KeywordExecutor.groovy:73)
	at com.kms.katalon.core.webui.keyword.WebUiBuiltInKeywords.click(WebUiBuiltInKeywords.groovy:619)
	at com.kms.katalon.core.webui.keyword.WebUiBuiltInKeywords$click$2.call(Unknown Source)
	at IfSwitchChannel.run(IfSwitchChannel:23)
	at com.kms.katalon.core.main.ScriptEngine.run(ScriptEngine.java:194)
	at com.kms.katalon.core.main.ScriptEngine.runScriptAsRawText(ScriptEngine.java:119)
	at com.kms.katalon.core.main.TestCaseExecutor.runScript(TestCaseExecutor.java:398)
	at com.kms.katalon.core.main.TestCaseExecutor.doExecute(TestCaseExecutor.java:389)
	at com.kms.katalon.core.main.TestCaseExecutor.processExecutionPhase(TestCaseExecutor.java:368)
	at com.kms.katalon.core.main.TestCaseExecutor.accessMainPhase(TestCaseExecutor.java:360)
	at com.kms.katalon.core.main.TestCaseExecutor.execute(TestCaseExecutor.java:255)
	at com.kms.katalon.core.main.TestSuiteExecutor.accessTestCaseMainPhase(TestSuiteExecutor.java:203)
	at com.kms.katalon.core.main.TestSuiteExecutor.accessTestSuiteMainPhase(TestSuiteExecutor.java:152)
	at com.kms.katalon.core.main.TestSuiteExecutor.execute(TestSuiteExecutor.java:95)
	at com.kms.katalon.core.main.TestCaseMain.startTestSuite(TestCaseMain.java:157)
	at com.kms.katalon.core.main.TestCaseMain$startTestSuite$0.call(Unknown Source)
	at TempTestSuite1622388507297.run(TempTestSuite1622388507297.groovy:39)
Caused by: com.kms.katalon.core.webui.exception.WebElementNotFoundException: Web element with id: 'Object Repository/IFObject/Page_span_Town Square - TEAM NAME Mattermost/button_Find channelCtrlK' located by '//div[@id='lhsNavigator']/div/button' not found
	at com.kms.katalon.core.webui.common.WebUiCommonHelper.findWebElement(WebUiCommonHelper.java:1368)
	at com.kms.katalon.core.webui.keyword.internal.WebUIAbstractKeyword.findWebElement(WebUIAbstractKeyword.groovy:27)
	at com.kms.katalon.core.webui.keyword.internal.WebUIAbstractKeyword.findWebElement(WebUIAbstractKeyword.groovy:26)
	at com.kms.katalon.core.webui.keyword.builtin.ClickKeyword$_click_closure1.doCall(ClickKeyword.groovy:66)
	at com.kms.katalon.core.webui.keyword.builtin.ClickKeyword$_click_closure1.call(ClickKeyword.groovy)
	at com.kms.katalon.core.webui.keyword.internal.WebUIKeywordMain.runKeyword(WebUIKeywordMain.groovy:20)
	... 19 more


2021-05-30 15:51:56 - [TEST_STEP][PASSED] - callTestCase(findTestCase("Test Cases/Common Test Cases/Login"), ["Username":Username, "Password":Password]): Call Test Case 'Test Cases/Common Test Cases/Login' successfully

2021-05-30 15:51:56 - [TEST_CASE][PASSED] - Test Cases/Common Test Cases/Login: Test Cases/Common Test Cases/Login

2021-05-30 15:51:56 - [TEST_STEP][PASSED] - openBrowser(""): Browser is opened with url: ''

2021-05-30 15:51:56 - [MESSAGE][WARNING] - A browser is already opened. Closing browser and opening a new one

2021-05-30 15:51:57 - [MESSAGE][INFO] - Starting 'Chrome' driver

2021-05-30 15:51:57 - [MESSAGE][INFO] - Action delay is set to 0 milliseconds

2021-05-30 15:51:58 - [MESSAGE][PASSED] - Browser is opened with url: ''

2021-05-30 15:51:58 - [TEST_STEP][PASSED] - navigateToUrl("https://chudenangcao2021.cf/"): Navigate to 'https://chudenangcao2021.cf/' successfully

2021-05-30 15:51:58 - [MESSAGE][PASSED] - Navigate to 'https://chudenangcao2021.cf/' successfully

2021-05-30 15:51:58 - [TEST_STEP][PASSED] - setText(findTestObject("Object Repository/Page_Mattermost/input_All team communication in one place, _dcc84b"), Username): Text 'cxtuan' is set on object 'Object Repository/Page_Mattermost/input_All team communication in one place, _dcc84b'

2021-05-30 15:52:00 - [MESSAGE][PASSED] - Text 'cxtuan' is set on object 'Object Repository/Page_Mattermost/input_All team communication in one place, _dcc84b'

2021-05-30 15:52:00 - [TEST_STEP][PASSED] - setText(findTestObject("Object Repository/Page_Mattermost/input_All team communication in one place, _a3edc6"), Password): Text '01672471821nnT@' is set on object 'Object Repository/Page_Mattermost/input_All team communication in one place, _a3edc6'

2021-05-30 15:52:00 - [MESSAGE][PASSED] - Text '01672471821nnT@' is set on object 'Object Repository/Page_Mattermost/input_All team communication in one place, _a3edc6'

2021-05-30 15:52:00 - [TEST_STEP][PASSED] - click(findTestObject("Object Repository/Page_Mattermost/button_Sign in")): Object: 'Object Repository/Page_Mattermost/button_Sign in' is clicked on

2021-05-30 15:52:01 - [MESSAGE][PASSED] - Object: 'Object Repository/Page_Mattermost/button_Sign in' is clicked on

2021-05-30 15:52:01 - [TEST_STEP][PASSED] - verifyLinksAccessible(["https://chudenangcao2021.cf/cdnc-cnpm-2021/channels"]): All links are accessible

2021-05-30 15:52:01 - [MESSAGE][INFO] - HAR: C:\Users\nttuan\Downloads\CDNC\mattermost-testing\Reports\20210530_152827\Run all test cases\20210530_152827\requests\main\56.har

2021-05-30 15:52:01 - [MESSAGE][PASSED] - Send request successfully

2021-05-30 15:52:01 - [MESSAGE][PASSED] - All links are accessible

2021-05-30 15:52:01 - [MESSAGE][PASSED] - Call Test Case 'Test Cases/Common Test Cases/Login' successfully

2021-05-30 15:52:01 - [TEST_STEP][FAILED] - click(findTestObject("Object Repository/IFObject/Page_span_Town Square - TEAM NAME Mattermost/button_Find channelCtrlK")): Unable to click on object 'Object Repository/IFObject/Page_span_Town Square - TEAM NAME Mattermost/button_Find channelCtrlK' (Root cause: com.kms.katalon.core.exception.StepFailedException: Unable to click on object 'Object Repository/IFObject/Page_span_Town Square - TEAM NAME Mattermost/button_Find channelCtrlK'
	at com.kms.katalon.core.webui.keyword.internal.WebUIKeywordMain.stepFailed(WebUIKeywordMain.groovy:64)
	at com.kms.katalon.core.webui.keyword.internal.WebUIKeywordMain.runKeyword(WebUIKeywordMain.groovy:26)
	at com.kms.katalon.core.webui.keyword.builtin.ClickKeyword.click(ClickKeyword.groovy:75)
	at com.kms.katalon.core.webui.keyword.builtin.ClickKeyword.execute(ClickKeyword.groovy:42)
	at com.kms.katalon.core.keyword.internal.KeywordExecutor.executeKeywordForPlatform(KeywordExecutor.groovy:73)
	at com.kms.katalon.core.webui.keyword.WebUiBuiltInKeywords.click(WebUiBuiltInKeywords.groovy:619)
	at com.kms.katalon.core.webui.keyword.WebUiBuiltInKeywords$click$2.call(Unknown Source)
	at IfSwitchChannel.run(IfSwitchChannel:23)
	at com.kms.katalon.core.main.ScriptEngine.run(ScriptEngine.java:194)
	at com.kms.katalon.core.main.ScriptEngine.runScriptAsRawText(ScriptEngine.java:119)
	at com.kms.katalon.core.main.TestCaseExecutor.runScript(TestCaseExecutor.java:398)
	at com.kms.katalon.core.main.TestCaseExecutor.doExecute(TestCaseExecutor.java:389)
	at com.kms.katalon.core.main.TestCaseExecutor.processExecutionPhase(TestCaseExecutor.java:368)
	at com.kms.katalon.core.main.TestCaseExecutor.accessMainPhase(TestCaseExecutor.java:360)
	at com.kms.katalon.core.main.TestCaseExecutor.execute(TestCaseExecutor.java:255)
	at com.kms.katalon.core.main.TestSuiteExecutor.accessTestCaseMainPhase(TestSuiteExecutor.java:203)
	at com.kms.katalon.core.main.TestSuiteExecutor.accessTestSuiteMainPhase(TestSuiteExecutor.java:152)
	at com.kms.katalon.core.main.TestSuiteExecutor.execute(TestSuiteExecutor.java:95)
	at com.kms.katalon.core.main.TestCaseMain.startTestSuite(TestCaseMain.java:157)
	at com.kms.katalon.core.main.TestCaseMain$startTestSuite$0.call(Unknown Source)
	at TempTestSuite1622388507297.run(TempTestSuite1622388507297.groovy:39)
Caused by: com.kms.katalon.core.webui.exception.WebElementNotFoundException: Web element with id: 'Object Repository/IFObject/Page_span_Town Square - TEAM NAME Mattermost/button_Find channelCtrlK' located by '//div[@id='lhsNavigator']/div/button' not found
	at com.kms.katalon.core.webui.common.WebUiCommonHelper.findWebElement(WebUiCommonHelper.java:1368)
	at com.kms.katalon.core.webui.keyword.internal.WebUIAbstractKeyword.findWebElement(WebUIAbstractKeyword.groovy:27)
	at com.kms.katalon.core.webui.keyword.internal.WebUIAbstractKeyword.findWebElement(WebUIAbstractKeyword.groovy:26)
	at com.kms.katalon.core.webui.keyword.builtin.ClickKeyword$_click_closure1.doCall(ClickKeyword.groovy:66)
	at com.kms.katalon.core.webui.keyword.builtin.ClickKeyword$_click_closure1.call(ClickKeyword.groovy)
	at com.kms.katalon.core.webui.keyword.internal.WebUIKeywordMain.runKeyword(WebUIKeywordMain.groovy:20)
	at com.kms.katalon.core.webui.keyword.builtin.ClickKeyword.click(ClickKeyword.groovy:75)
	at com.kms.katalon.core.webui.keyword.builtin.ClickKeyword.execute(ClickKeyword.groovy:42)
	at com.kms.katalon.core.keyword.internal.KeywordExecutor.executeKeywordForPlatform(KeywordExecutor.groovy:73)
	at com.kms.katalon.core.webui.keyword.WebUiBuiltInKeywords.click(WebUiBuiltInKeywords.groovy:619)
	at com.kms.katalon.core.webui.keyword.WebUiBuiltInKeywords$click$2.call(Unknown Source)
	at Script1622262104484.run(Script1622262104484.groovy:23)
	... 13 more
)

2021-05-30 15:52:32 - [MESSAGE][INFO] - Unable to find the element located by 'By.xpath: //div[@id='lhsNavigator']/div/button'. Please recheck the objects properties to make sure the desired element is located. 

2021-05-30 15:52:32 - [MESSAGE][WARNING] - [SELF-HEALING] Failed to find element with id 'Object Repository/IFObject/Page_span_Town Square - TEAM NAME Mattermost/button_Find channelCtrlK'. Try using Self-healing.

2021-05-30 15:52:32 - [MESSAGE][INFO] - [SELF-HEALING] Failed Locator: '//div[@id='lhsNavigator']/div/button'.

2021-05-30 15:52:33 - [MESSAGE][INFO] - [SELF-HEALING] Failed Locator: '(.//*[normalize-space(text()) and normalize-space(.)='@cxtuan'])[1]/following::button[2]'.

2021-05-30 15:52:33 - [MESSAGE][INFO] - [SELF-HEALING] Failed Locator: '(.//*[normalize-space(text()) and normalize-space(.)='TEAM NAME'])[2]/following::button[2]'.

2021-05-30 15:52:33 - [MESSAGE][INFO] - [SELF-HEALING] Failed Locator: '//div[2]/div/button'.

2021-05-30 15:52:33 - [MESSAGE][INFO] - [SELF-HEALING] Failed Locator: '//div[@id='lhsNavigator']/div/button'.

2021-05-30 15:52:34 - [MESSAGE][INFO] - [SELF-HEALING] Failed Locator: '(.//*[normalize-space(text()) and normalize-space(.)='@cxtuan'])[1]/following::button[2]'.

2021-05-30 15:52:34 - [MESSAGE][INFO] - [SELF-HEALING] Failed Locator: '(.//*[normalize-space(text()) and normalize-space(.)='TEAM NAME'])[2]/following::button[2]'.

2021-05-30 15:52:34 - [MESSAGE][INFO] - [SELF-HEALING] Failed Locator: '//div[2]/div/button'.

2021-05-30 15:52:35 - [MESSAGE][INFO] - Unable to find the element located by 'By.xpath: //*[(text() = 'Find channelCtrl+K' or . = 'Find channelCtrl+K')]'. Please recheck the objects properties to make sure the desired element is located. 

2021-05-30 15:52:36 - [MESSAGE][INFO] - Unable to find the element located by 'By.cssSelector: button.SidebarChannelNavigator_jumpToButton'. Please recheck the objects properties to make sure the desired element is located. 

2021-05-30 15:52:36 - [MESSAGE][FAILED] - Unable to click on object 'Object Repository/IFObject/Page_span_Town Square - TEAM NAME Mattermost/button_Find channelCtrlK' (Root cause: com.kms.katalon.core.exception.StepFailedException: Unable to click on object 'Object Repository/IFObject/Page_span_Town Square - TEAM NAME Mattermost/button_Find channelCtrlK'
	at com.kms.katalon.core.webui.keyword.internal.WebUIKeywordMain.stepFailed(WebUIKeywordMain.groovy:64)
	at com.kms.katalon.core.webui.keyword.internal.WebUIKeywordMain.runKeyword(WebUIKeywordMain.groovy:26)
	at com.kms.katalon.core.webui.keyword.builtin.ClickKeyword.click(ClickKeyword.groovy:75)
	at com.kms.katalon.core.webui.keyword.builtin.ClickKeyword.execute(ClickKeyword.groovy:42)
	at com.kms.katalon.core.keyword.internal.KeywordExecutor.executeKeywordForPlatform(KeywordExecutor.groovy:73)
	at com.kms.katalon.core.webui.keyword.WebUiBuiltInKeywords.click(WebUiBuiltInKeywords.groovy:619)
	at com.kms.katalon.core.webui.keyword.WebUiBuiltInKeywords$click$2.call(Unknown Source)
	at IfSwitchChannel.run(IfSwitchChannel:23)
	at com.kms.katalon.core.main.ScriptEngine.run(ScriptEngine.java:194)
	at com.kms.katalon.core.main.ScriptEngine.runScriptAsRawText(ScriptEngine.java:119)
	at com.kms.katalon.core.main.TestCaseExecutor.runScript(TestCaseExecutor.java:398)
	at com.kms.katalon.core.main.TestCaseExecutor.doExecute(TestCaseExecutor.java:389)
	at com.kms.katalon.core.main.TestCaseExecutor.processExecutionPhase(TestCaseExecutor.java:368)
	at com.kms.katalon.core.main.TestCaseExecutor.accessMainPhase(TestCaseExecutor.java:360)
	at com.kms.katalon.core.main.TestCaseExecutor.execute(TestCaseExecutor.java:255)
	at com.kms.katalon.core.main.TestSuiteExecutor.accessTestCaseMainPhase(TestSuiteExecutor.java:203)
	at com.kms.katalon.core.main.TestSuiteExecutor.accessTestSuiteMainPhase(TestSuiteExecutor.java:152)
	at com.kms.katalon.core.main.TestSuiteExecutor.execute(TestSuiteExecutor.java:95)
	at com.kms.katalon.core.main.TestCaseMain.startTestSuite(TestCaseMain.java:157)
	at com.kms.katalon.core.main.TestCaseMain$startTestSuite$0.call(Unknown Source)
	at TempTestSuite1622388507297.run(TempTestSuite1622388507297.groovy:39)
Caused by: com.kms.katalon.core.webui.exception.WebElementNotFoundException: Web element with id: 'Object Repository/IFObject/Page_span_Town Square - TEAM NAME Mattermost/button_Find channelCtrlK' located by '//div[@id='lhsNavigator']/div/button' not found
	at com.kms.katalon.core.webui.common.WebUiCommonHelper.findWebElement(WebUiCommonHelper.java:1368)
	at com.kms.katalon.core.webui.keyword.internal.WebUIAbstractKeyword.findWebElement(WebUIAbstractKeyword.groovy:27)
	at com.kms.katalon.core.webui.keyword.internal.WebUIAbstractKeyword.findWebElement(WebUIAbstractKeyword.groovy:26)
	at com.kms.katalon.core.webui.keyword.builtin.ClickKeyword$_click_closure1.doCall(ClickKeyword.groovy:66)
	at com.kms.katalon.core.webui.keyword.builtin.ClickKeyword$_click_closure1.call(ClickKeyword.groovy)
	at com.kms.katalon.core.webui.keyword.internal.WebUIKeywordMain.runKeyword(WebUIKeywordMain.groovy:20)
	at com.kms.katalon.core.webui.keyword.builtin.ClickKeyword.click(ClickKeyword.groovy:75)
	at com.kms.katalon.core.webui.keyword.builtin.ClickKeyword.execute(ClickKeyword.groovy:42)
	at com.kms.katalon.core.keyword.internal.KeywordExecutor.executeKeywordForPlatform(KeywordExecutor.groovy:73)
	at com.kms.katalon.core.webui.keyword.WebUiBuiltInKeywords.click(WebUiBuiltInKeywords.groovy:619)
	at com.kms.katalon.core.webui.keyword.WebUiBuiltInKeywords$click$2.call(Unknown Source)
	at Script1622262104484.run(Script1622262104484.groovy:23)
	... 13 more
)
[[ATTACHMENT|C:\\Users\\nttuan\\Downloads\\CDNC\\mattermost-testing\\Reports\\20210530_152827\\Run all test cases\\20210530_152827\\1622389956797.png]]]]></system-out>
         <system-err><![CDATA[2021-05-30 15:51:56 - [TEST_CASE][FAILED] - Test Cases/TestCasesIf/IfSwitchChannel: Test Cases/TestCasesIf/IfSwitchChannel FAILED.
Reason:
com.kms.katalon.core.exception.StepFailedException: Unable to click on object 'Object Repository/IFObject/Page_span_Town Square - TEAM NAME Mattermost/button_Find channelCtrlK'
	at com.kms.katalon.core.webui.keyword.internal.WebUIKeywordMain.stepFailed(WebUIKeywordMain.groovy:64)
	at com.kms.katalon.core.webui.keyword.internal.WebUIKeywordMain.runKeyword(WebUIKeywordMain.groovy:26)
	at com.kms.katalon.core.webui.keyword.builtin.ClickKeyword.click(ClickKeyword.groovy:75)
	at com.kms.katalon.core.webui.keyword.builtin.ClickKeyword.execute(ClickKeyword.groovy:42)
	at com.kms.katalon.core.keyword.internal.KeywordExecutor.executeKeywordForPlatform(KeywordExecutor.groovy:73)
	at com.kms.katalon.core.webui.keyword.WebUiBuiltInKeywords.click(WebUiBuiltInKeywords.groovy:619)
	at com.kms.katalon.core.webui.keyword.WebUiBuiltInKeywords$click$2.call(Unknown Source)
	at IfSwitchChannel.run(IfSwitchChannel:23)
	at com.kms.katalon.core.main.ScriptEngine.run(ScriptEngine.java:194)
	at com.kms.katalon.core.main.ScriptEngine.runScriptAsRawText(ScriptEngine.java:119)
	at com.kms.katalon.core.main.TestCaseExecutor.runScript(TestCaseExecutor.java:398)
	at com.kms.katalon.core.main.TestCaseExecutor.doExecute(TestCaseExecutor.java:389)
	at com.kms.katalon.core.main.TestCaseExecutor.processExecutionPhase(TestCaseExecutor.java:368)
	at com.kms.katalon.core.main.TestCaseExecutor.accessMainPhase(TestCaseExecutor.java:360)
	at com.kms.katalon.core.main.TestCaseExecutor.execute(TestCaseExecutor.java:255)
	at com.kms.katalon.core.main.TestSuiteExecutor.accessTestCaseMainPhase(TestSuiteExecutor.java:203)
	at com.kms.katalon.core.main.TestSuiteExecutor.accessTestSuiteMainPhase(TestSuiteExecutor.java:152)
	at com.kms.katalon.core.main.TestSuiteExecutor.execute(TestSuiteExecutor.java:95)
	at com.kms.katalon.core.main.TestCaseMain.startTestSuite(TestCaseMain.java:157)
	at com.kms.katalon.core.main.TestCaseMain$startTestSuite$0.call(Unknown Source)
	at TempTestSuite1622388507297.run(TempTestSuite1622388507297.groovy:39)
Caused by: com.kms.katalon.core.webui.exception.WebElementNotFoundException: Web element with id: 'Object Repository/IFObject/Page_span_Town Square - TEAM NAME Mattermost/button_Find channelCtrlK' located by '//div[@id='lhsNavigator']/div/button' not found
	at com.kms.katalon.core.webui.common.WebUiCommonHelper.findWebElement(WebUiCommonHelper.java:1368)
	at com.kms.katalon.core.webui.keyword.internal.WebUIAbstractKeyword.findWebElement(WebUIAbstractKeyword.groovy:27)
	at com.kms.katalon.core.webui.keyword.internal.WebUIAbstractKeyword.findWebElement(WebUIAbstractKeyword.groovy:26)
	at com.kms.katalon.core.webui.keyword.builtin.ClickKeyword$_click_closure1.doCall(ClickKeyword.groovy:66)
	at com.kms.katalon.core.webui.keyword.builtin.ClickKeyword$_click_closure1.call(ClickKeyword.groovy)
	at com.kms.katalon.core.webui.keyword.internal.WebUIKeywordMain.runKeyword(WebUIKeywordMain.groovy:20)
	... 19 more]]></system-err>
      </testcase>
      <testcase name="Test Cases/TestCasesIf/LeaveTeam" time="37.529" classname="Test Cases/TestCasesIf/LeaveTeam" status="PASSED">
         <system-out><![CDATA[2021-05-30 15:52:36 - [TEST_CASE][PASSED] - Test Cases/TestCasesIf/LeaveTeam: Test Cases/TestCasesIf/LeaveTeam

2021-05-30 15:52:37 - [TEST_STEP][PASSED] - callTestCase(findTestCase("Test Cases/Common Test Cases/Login"), ["Username":"cxtuan", "Password":"01672471821nT@"]): Call Test Case 'Test Cases/Common Test Cases/Login' successfully

2021-05-30 15:52:37 - [TEST_CASE][PASSED] - Test Cases/Common Test Cases/Login: Test Cases/Common Test Cases/Login

2021-05-30 15:52:37 - [TEST_STEP][PASSED] - openBrowser(""): Browser is opened with url: ''

2021-05-30 15:52:37 - [MESSAGE][WARNING] - A browser is already opened. Closing browser and opening a new one

2021-05-30 15:52:37 - [MESSAGE][INFO] - Starting 'Chrome' driver

2021-05-30 15:52:37 - [MESSAGE][INFO] - Action delay is set to 0 milliseconds

2021-05-30 15:52:39 - [MESSAGE][PASSED] - Browser is opened with url: ''

2021-05-30 15:52:39 - [TEST_STEP][PASSED] - navigateToUrl("https://chudenangcao2021.cf/"): Navigate to 'https://chudenangcao2021.cf/' successfully

2021-05-30 15:52:39 - [MESSAGE][PASSED] - Navigate to 'https://chudenangcao2021.cf/' successfully

2021-05-30 15:52:39 - [TEST_STEP][PASSED] - setText(findTestObject("Object Repository/Page_Mattermost/input_All team communication in one place, _dcc84b"), Username): Text 'cxtuan' is set on object 'Object Repository/Page_Mattermost/input_All team communication in one place, _dcc84b'

2021-05-30 15:52:41 - [MESSAGE][PASSED] - Text 'cxtuan' is set on object 'Object Repository/Page_Mattermost/input_All team communication in one place, _dcc84b'

2021-05-30 15:52:41 - [TEST_STEP][PASSED] - setText(findTestObject("Object Repository/Page_Mattermost/input_All team communication in one place, _a3edc6"), Password): Text '01672471821nT@' is set on object 'Object Repository/Page_Mattermost/input_All team communication in one place, _a3edc6'

2021-05-30 15:52:41 - [MESSAGE][PASSED] - Text '01672471821nT@' is set on object 'Object Repository/Page_Mattermost/input_All team communication in one place, _a3edc6'

2021-05-30 15:52:41 - [TEST_STEP][PASSED] - click(findTestObject("Object Repository/Page_Mattermost/button_Sign in")): Object: 'Object Repository/Page_Mattermost/button_Sign in' is clicked on

2021-05-30 15:52:42 - [MESSAGE][PASSED] - Object: 'Object Repository/Page_Mattermost/button_Sign in' is clicked on

2021-05-30 15:52:42 - [TEST_STEP][PASSED] - verifyLinksAccessible(["https://chudenangcao2021.cf/cdnc-cnpm-2021/channels"]): All links are accessible

2021-05-30 15:52:42 - [MESSAGE][INFO] - HAR: C:\Users\nttuan\Downloads\CDNC\mattermost-testing\Reports\20210530_152827\Run all test cases\20210530_152827\requests\main\57.har

2021-05-30 15:52:42 - [MESSAGE][PASSED] - Send request successfully

2021-05-30 15:52:42 - [MESSAGE][PASSED] - All links are accessible

2021-05-30 15:52:42 - [MESSAGE][PASSED] - Call Test Case 'Test Cases/Common Test Cases/Login' successfully

2021-05-30 15:52:42 - [TEST_STEP][PASSED] - object = findTestObject("Object Repository/IFObject/Page_TEST CHANNEL - TEAM NAME Mattermost/div_te"): null

2021-05-30 15:52:42 - [TEST_STEP][PASSED] - bool = false: null

2021-05-30 15:52:42 - [TEST_STEP][FAILED] - try: Unable to verify object 'Object Repository/IFObject/Page_TEST CHANNEL - TEAM NAME Mattermost/div_te' is present (Root cause: com.kms.katalon.core.exception.StepFailedException: Unable to verify object 'Object Repository/IFObject/Page_TEST CHANNEL - TEAM NAME Mattermost/div_te' is present
	at com.kms.katalon.core.webui.keyword.internal.WebUIKeywordMain.stepFailed(WebUIKeywordMain.groovy:64)
	at com.kms.katalon.core.webui.keyword.internal.WebUIKeywordMain.runKeyword(WebUIKeywordMain.groovy:26)
	at com.kms.katalon.core.webui.keyword.builtin.VerifyElementPresentKeyword.verifyElementPresent(VerifyElementPresentKeyword.groovy:92)
	at com.kms.katalon.core.webui.keyword.builtin.VerifyElementPresentKeyword.execute(VerifyElementPresentKeyword.groovy:68)
	at com.kms.katalon.core.keyword.internal.KeywordExecutor.executeKeywordForPlatform(KeywordExecutor.groovy:73)
	at com.kms.katalon.core.webui.keyword.WebUiBuiltInKeywords.verifyElementPresent(WebUiBuiltInKeywords.groovy:1463)
	at com.kms.katalon.core.webui.keyword.WebUiBuiltInKeywords$verifyElementPresent$4.call(Unknown Source)
	at LeaveTeam.run(LeaveTeam:24)
	at com.kms.katalon.core.main.ScriptEngine.run(ScriptEngine.java:194)
	at com.kms.katalon.core.main.ScriptEngine.runScriptAsRawText(ScriptEngine.java:119)
	at com.kms.katalon.core.main.TestCaseExecutor.runScript(TestCaseExecutor.java:398)
	at com.kms.katalon.core.main.TestCaseExecutor.doExecute(TestCaseExecutor.java:389)
	at com.kms.katalon.core.main.TestCaseExecutor.processExecutionPhase(TestCaseExecutor.java:368)
	at com.kms.katalon.core.main.TestCaseExecutor.accessMainPhase(TestCaseExecutor.java:360)
	at com.kms.katalon.core.main.TestCaseExecutor.execute(TestCaseExecutor.java:255)
	at com.kms.katalon.core.main.TestSuiteExecutor.accessTestCaseMainPhase(TestSuiteExecutor.java:203)
	at com.kms.katalon.core.main.TestSuiteExecutor.accessTestSuiteMainPhase(TestSuiteExecutor.java:152)
	at com.kms.katalon.core.main.TestSuiteExecutor.execute(TestSuiteExecutor.java:95)
	at com.kms.katalon.core.main.TestCaseMain.startTestSuite(TestCaseMain.java:157)
	at com.kms.katalon.core.main.TestCaseMain$startTestSuite$0.call(Unknown Source)
	at TempTestSuite1622388507297.run(TempTestSuite1622388507297.groovy:39)
Caused by: com.kms.katalon.core.exception.StepFailedException: com.kms.katalon.core.webui.exception.WebElementNotFoundException: Web element with id: 'Object Repository/IFObject/Page_TEST CHANNEL - TEAM NAME Mattermost/div_te' located by '//a[@id='test1TeamButton']/div/div/div' not found
	at com.kms.katalon.core.webui.keyword.internal.WebUIKeywordMain.stepFailed(WebUIKeywordMain.groovy:64)
	at com.kms.katalon.core.webui.keyword.builtin.VerifyElementPresentKeyword$_verifyElementPresent_closure1.doCall(VerifyElementPresentKeyword.groovy:85)
	at com.kms.katalon.core.webui.keyword.builtin.VerifyElementPresentKeyword$_verifyElementPresent_closure1.call(VerifyElementPresentKeyword.groovy)
	at com.kms.katalon.core.webui.keyword.internal.WebUIKeywordMain.runKeyword(WebUIKeywordMain.groovy:20)
	... 19 more
)

2021-05-30 15:52:42 - [TEST_STEP][FAILED] - bool = verifyElementPresent(object, 0): Unable to verify object 'Object Repository/IFObject/Page_TEST CHANNEL - TEAM NAME Mattermost/div_te' is present (Root cause: com.kms.katalon.core.exception.StepFailedException: Unable to verify object 'Object Repository/IFObject/Page_TEST CHANNEL - TEAM NAME Mattermost/div_te' is present
	at com.kms.katalon.core.webui.keyword.internal.WebUIKeywordMain.stepFailed(WebUIKeywordMain.groovy:64)
	at com.kms.katalon.core.webui.keyword.internal.WebUIKeywordMain.runKeyword(WebUIKeywordMain.groovy:26)
	at com.kms.katalon.core.webui.keyword.builtin.VerifyElementPresentKeyword.verifyElementPresent(VerifyElementPresentKeyword.groovy:92)
	at com.kms.katalon.core.webui.keyword.builtin.VerifyElementPresentKeyword.execute(VerifyElementPresentKeyword.groovy:68)
	at com.kms.katalon.core.keyword.internal.KeywordExecutor.executeKeywordForPlatform(KeywordExecutor.groovy:73)
	at com.kms.katalon.core.webui.keyword.WebUiBuiltInKeywords.verifyElementPresent(WebUiBuiltInKeywords.groovy:1463)
	at com.kms.katalon.core.webui.keyword.WebUiBuiltInKeywords$verifyElementPresent$4.call(Unknown Source)
	at LeaveTeam.run(LeaveTeam:24)
	at com.kms.katalon.core.main.ScriptEngine.run(ScriptEngine.java:194)
	at com.kms.katalon.core.main.ScriptEngine.runScriptAsRawText(ScriptEngine.java:119)
	at com.kms.katalon.core.main.TestCaseExecutor.runScript(TestCaseExecutor.java:398)
	at com.kms.katalon.core.main.TestCaseExecutor.doExecute(TestCaseExecutor.java:389)
	at com.kms.katalon.core.main.TestCaseExecutor.processExecutionPhase(TestCaseExecutor.java:368)
	at com.kms.katalon.core.main.TestCaseExecutor.accessMainPhase(TestCaseExecutor.java:360)
	at com.kms.katalon.core.main.TestCaseExecutor.execute(TestCaseExecutor.java:255)
	at com.kms.katalon.core.main.TestSuiteExecutor.accessTestCaseMainPhase(TestSuiteExecutor.java:203)
	at com.kms.katalon.core.main.TestSuiteExecutor.accessTestSuiteMainPhase(TestSuiteExecutor.java:152)
	at com.kms.katalon.core.main.TestSuiteExecutor.execute(TestSuiteExecutor.java:95)
	at com.kms.katalon.core.main.TestCaseMain.startTestSuite(TestCaseMain.java:157)
	at com.kms.katalon.core.main.TestCaseMain$startTestSuite$0.call(Unknown Source)
	at TempTestSuite1622388507297.run(TempTestSuite1622388507297.groovy:39)
Caused by: com.kms.katalon.core.exception.StepFailedException: com.kms.katalon.core.webui.exception.WebElementNotFoundException: Web element with id: 'Object Repository/IFObject/Page_TEST CHANNEL - TEAM NAME Mattermost/div_te' located by '//a[@id='test1TeamButton']/div/div/div' not found
	at com.kms.katalon.core.webui.keyword.internal.WebUIKeywordMain.stepFailed(WebUIKeywordMain.groovy:64)
	at com.kms.katalon.core.webui.keyword.builtin.VerifyElementPresentKeyword$_verifyElementPresent_closure1.doCall(VerifyElementPresentKeyword.groovy:85)
	at com.kms.katalon.core.webui.keyword.builtin.VerifyElementPresentKeyword$_verifyElementPresent_closure1.call(VerifyElementPresentKeyword.groovy)
	at com.kms.katalon.core.webui.keyword.internal.WebUIKeywordMain.runKeyword(WebUIKeywordMain.groovy:20)
	... 19 more
)

2021-05-30 15:52:42 - [MESSAGE][WARNING] - Timeout '0' is invalid. Using default page load timeout: '30'

2021-05-30 15:53:13 - [MESSAGE][INFO] - Unable to find the element located by 'By.xpath: //a[@id='test1TeamButton']/div/div/div'. Please recheck the objects properties to make sure the desired element is located. 

2021-05-30 15:53:13 - [MESSAGE][FAILED] - com.kms.katalon.core.webui.exception.WebElementNotFoundException: Web element with id: 'Object Repository/IFObject/Page_TEST CHANNEL - TEAM NAME Mattermost/div_te' located by '//a[@id='test1TeamButton']/div/div/div' not found (Root cause: com.kms.katalon.core.exception.StepFailedException: com.kms.katalon.core.webui.exception.WebElementNotFoundException: Web element with id: 'Object Repository/IFObject/Page_TEST CHANNEL - TEAM NAME Mattermost/div_te' located by '//a[@id='test1TeamButton']/div/div/div' not found
	at com.kms.katalon.core.webui.keyword.internal.WebUIKeywordMain.stepFailed(WebUIKeywordMain.groovy:64)
	at com.kms.katalon.core.webui.keyword.builtin.VerifyElementPresentKeyword$_verifyElementPresent_closure1.doCall(VerifyElementPresentKeyword.groovy:85)
	at com.kms.katalon.core.webui.keyword.builtin.VerifyElementPresentKeyword$_verifyElementPresent_closure1.call(VerifyElementPresentKeyword.groovy)
	at com.kms.katalon.core.webui.keyword.internal.WebUIKeywordMain.runKeyword(WebUIKeywordMain.groovy:20)
	at com.kms.katalon.core.webui.keyword.builtin.VerifyElementPresentKeyword.verifyElementPresent(VerifyElementPresentKeyword.groovy:92)
	at com.kms.katalon.core.webui.keyword.builtin.VerifyElementPresentKeyword.execute(VerifyElementPresentKeyword.groovy:68)
	at com.kms.katalon.core.keyword.internal.KeywordExecutor.executeKeywordForPlatform(KeywordExecutor.groovy:73)
	at com.kms.katalon.core.webui.keyword.WebUiBuiltInKeywords.verifyElementPresent(WebUiBuiltInKeywords.groovy:1463)
	at com.kms.katalon.core.webui.keyword.WebUiBuiltInKeywords$verifyElementPresent$4.call(Unknown Source)
	at LeaveTeam.run(LeaveTeam:24)
	at com.kms.katalon.core.main.ScriptEngine.run(ScriptEngine.java:194)
	at com.kms.katalon.core.main.ScriptEngine.runScriptAsRawText(ScriptEngine.java:119)
	at com.kms.katalon.core.main.TestCaseExecutor.runScript(TestCaseExecutor.java:398)
	at com.kms.katalon.core.main.TestCaseExecutor.doExecute(TestCaseExecutor.java:389)
	at com.kms.katalon.core.main.TestCaseExecutor.processExecutionPhase(TestCaseExecutor.java:368)
	at com.kms.katalon.core.main.TestCaseExecutor.accessMainPhase(TestCaseExecutor.java:360)
	at com.kms.katalon.core.main.TestCaseExecutor.execute(TestCaseExecutor.java:255)
	at com.kms.katalon.core.main.TestSuiteExecutor.accessTestCaseMainPhase(TestSuiteExecutor.java:203)
	at com.kms.katalon.core.main.TestSuiteExecutor.accessTestSuiteMainPhase(TestSuiteExecutor.java:152)
	at com.kms.katalon.core.main.TestSuiteExecutor.execute(TestSuiteExecutor.java:95)
	at com.kms.katalon.core.main.TestCaseMain.startTestSuite(TestCaseMain.java:157)
	at com.kms.katalon.core.main.TestCaseMain$startTestSuite$0.call(Unknown Source)
	at TempTestSuite1622388507297.run(TempTestSuite1622388507297.groovy:39)
)
[[ATTACHMENT|C:\\Users\\nttuan\\Downloads\\CDNC\\mattermost-testing\\Reports\\20210530_152827\\Run all test cases\\20210530_152827\\1622389993537.png]]

2021-05-30 15:53:13 - [MESSAGE][FAILED] - Unable to verify object 'Object Repository/IFObject/Page_TEST CHANNEL - TEAM NAME Mattermost/div_te' is present (Root cause: com.kms.katalon.core.exception.StepFailedException: Unable to verify object 'Object Repository/IFObject/Page_TEST CHANNEL - TEAM NAME Mattermost/div_te' is present
	at com.kms.katalon.core.webui.keyword.internal.WebUIKeywordMain.stepFailed(WebUIKeywordMain.groovy:64)
	at com.kms.katalon.core.webui.keyword.internal.WebUIKeywordMain.runKeyword(WebUIKeywordMain.groovy:26)
	at com.kms.katalon.core.webui.keyword.builtin.VerifyElementPresentKeyword.verifyElementPresent(VerifyElementPresentKeyword.groovy:92)
	at com.kms.katalon.core.webui.keyword.builtin.VerifyElementPresentKeyword.execute(VerifyElementPresentKeyword.groovy:68)
	at com.kms.katalon.core.keyword.internal.KeywordExecutor.executeKeywordForPlatform(KeywordExecutor.groovy:73)
	at com.kms.katalon.core.webui.keyword.WebUiBuiltInKeywords.verifyElementPresent(WebUiBuiltInKeywords.groovy:1463)
	at com.kms.katalon.core.webui.keyword.WebUiBuiltInKeywords$verifyElementPresent$4.call(Unknown Source)
	at LeaveTeam.run(LeaveTeam:24)
	at com.kms.katalon.core.main.ScriptEngine.run(ScriptEngine.java:194)
	at com.kms.katalon.core.main.ScriptEngine.runScriptAsRawText(ScriptEngine.java:119)
	at com.kms.katalon.core.main.TestCaseExecutor.runScript(TestCaseExecutor.java:398)
	at com.kms.katalon.core.main.TestCaseExecutor.doExecute(TestCaseExecutor.java:389)
	at com.kms.katalon.core.main.TestCaseExecutor.processExecutionPhase(TestCaseExecutor.java:368)
	at com.kms.katalon.core.main.TestCaseExecutor.accessMainPhase(TestCaseExecutor.java:360)
	at com.kms.katalon.core.main.TestCaseExecutor.execute(TestCaseExecutor.java:255)
	at com.kms.katalon.core.main.TestSuiteExecutor.accessTestCaseMainPhase(TestSuiteExecutor.java:203)
	at com.kms.katalon.core.main.TestSuiteExecutor.accessTestSuiteMainPhase(TestSuiteExecutor.java:152)
	at com.kms.katalon.core.main.TestSuiteExecutor.execute(TestSuiteExecutor.java:95)
	at com.kms.katalon.core.main.TestCaseMain.startTestSuite(TestCaseMain.java:157)
	at com.kms.katalon.core.main.TestCaseMain$startTestSuite$0.call(Unknown Source)
	at TempTestSuite1622388507297.run(TempTestSuite1622388507297.groovy:39)
Caused by: com.kms.katalon.core.exception.StepFailedException: com.kms.katalon.core.webui.exception.WebElementNotFoundException: Web element with id: 'Object Repository/IFObject/Page_TEST CHANNEL - TEAM NAME Mattermost/div_te' located by '//a[@id='test1TeamButton']/div/div/div' not found
	at com.kms.katalon.core.webui.keyword.internal.WebUIKeywordMain.stepFailed(WebUIKeywordMain.groovy:64)
	at com.kms.katalon.core.webui.keyword.builtin.VerifyElementPresentKeyword$_verifyElementPresent_closure1.doCall(VerifyElementPresentKeyword.groovy:85)
	at com.kms.katalon.core.webui.keyword.builtin.VerifyElementPresentKeyword$_verifyElementPresent_closure1.call(VerifyElementPresentKeyword.groovy)
	at com.kms.katalon.core.webui.keyword.internal.WebUIKeywordMain.runKeyword(WebUIKeywordMain.groovy:20)
	... 19 more
)
[[ATTACHMENT|C:\\Users\\nttuan\\Downloads\\CDNC\\mattermost-testing\\Reports\\20210530_152827\\Run all test cases\\20210530_152827\\1622389993631.png]]

2021-05-30 15:53:13 - [TEST_STEP][PASSED] - catch (Exception ex): null

2021-05-30 15:53:13 - [TEST_STEP][PASSED] - Finally: Browser is closed

2021-05-30 15:53:13 - [TEST_STEP][PASSED] - if (bool): null

2021-05-30 15:53:13 - [TEST_STEP][PASSED] - else: Browser is closed

2021-05-30 15:53:13 - [TEST_STEP][PASSED] - closeBrowser(): Browser is closed

2021-05-30 15:53:14 - [MESSAGE][PASSED] - Browser is closed]]></system-out>
         <system-err><![CDATA[]]></system-err>
      </testcase>
      <testcase name="Test Cases/TestCasesIf/Time24hIfUserNameThanTen" time="10.679" classname="Test Cases/TestCasesIf/Time24hIfUserNameThanTen" status="FAILED">
         <failure type="FAILED" message="Test Cases/TestCasesIf/Time24hIfUserNameThanTen FAILED.
Reason:
com.kms.katalon.core.exception.StepFailedException: Unable to click on object 'Object Repository/IFObject/Page_TEST CHANNEL - TEAM NAME Mattermost/button_Close'
	at com.kms.katalon.core.webui.keyword.internal.WebUIKeywordMain.stepFailed(WebUIKeywordMain.groovy:64)
	at com.kms.katalon.core.webui.keyword.internal.WebUIKeywordMain.runKeyword(WebUIKeywordMain.groovy:26)
	at com.kms.katalon.core.webui.keyword.builtin.ClickKeyword.click(ClickKeyword.groovy:75)
	at com.kms.katalon.core.webui.keyword.builtin.ClickKeyword.execute(ClickKeyword.groovy:42)
	at com.kms.katalon.core.keyword.internal.KeywordExecutor.executeKeywordForPlatform(KeywordExecutor.groovy:73)
	at com.kms.katalon.core.webui.keyword.WebUiBuiltInKeywords.click(WebUiBuiltInKeywords.groovy:619)
	at com.kms.katalon.core.webui.keyword.WebUiBuiltInKeywords$click$2.call(Unknown Source)
	at Time24hIfUserNameThanTen.run(Time24hIfUserNameThanTen:57)
	at com.kms.katalon.core.main.ScriptEngine.run(ScriptEngine.java:194)
	at com.kms.katalon.core.main.ScriptEngine.runScriptAsRawText(ScriptEngine.java:119)
	at com.kms.katalon.core.main.TestCaseExecutor.runScript(TestCaseExecutor.java:398)
	at com.kms.katalon.core.main.TestCaseExecutor.doExecute(TestCaseExecutor.java:389)
	at com.kms.katalon.core.main.TestCaseExecutor.processExecutionPhase(TestCaseExecutor.java:368)
	at com.kms.katalon.core.main.TestCaseExecutor.accessMainPhase(TestCaseExecutor.java:360)
	at com.kms.katalon.core.main.TestCaseExecutor.execute(TestCaseExecutor.java:255)
	at com.kms.katalon.core.main.TestSuiteExecutor.accessTestCaseMainPhase(TestSuiteExecutor.java:203)
	at com.kms.katalon.core.main.TestSuiteExecutor.accessTestSuiteMainPhase(TestSuiteExecutor.java:152)
	at com.kms.katalon.core.main.TestSuiteExecutor.execute(TestSuiteExecutor.java:95)
	at com.kms.katalon.core.main.TestCaseMain.startTestSuite(TestCaseMain.java:157)
	at com.kms.katalon.core.main.TestCaseMain$startTestSuite$0.call(Unknown Source)
	at TempTestSuite1622388507297.run(TempTestSuite1622388507297.groovy:39)
Caused by: org.openqa.selenium.ElementClickInterceptedException: element click intercepted: Element &lt;button type=&quot;button&quot; aria-label=&quot;emoji picker&quot; class=&quot;emoji-picker__container post-action&quot;>...&lt;/button> is not clickable at point (996, 520). Other element would receive the click: &lt;div id=&quot;accountSettingsModal&quot; role=&quot;dialog&quot; aria-labelledby=&quot;accountSettingsModalLabel&quot; tabindex=&quot;-1&quot; class=&quot;fade in modal&quot; style=&quot;display: block;&quot;>...&lt;/div>
  (Session info: chrome=91.0.4472.77)
Build info: version: '3.141.59', revision: 'e82be7d358', time: '2018-11-14T08:25:53'
System info: host: 'WIN-SERVER-2019', ip: '10.1.0.4', os.name: 'Windows Server 2019', os.arch: 'amd64', os.version: '10.0', java.version: '1.8.0_282'
Driver info: com.kms.katalon.selenium.driver.CChromeDriver
Capabilities {acceptInsecureCerts: false, browserName: chrome, browserVersion: 91.0.4472.77, chrome: {chromedriverVersion: 90.0.4430.24 (4c6d850f087da..., userDataDir: C:\Users\nttuan\AppData\Loc...}, goog:chromeOptions: {debuggerAddress: localhost:52291}, javascriptEnabled: true, networkConnectionEnabled: false, pageLoadStrategy: normal, platform: WINDOWS, platformName: WINDOWS, proxy: Proxy(), setWindowRect: true, strictFileInteractability: false, timeouts: {implicit: 0, pageLoad: 300000, script: 30000}, unhandledPromptBehavior: dismiss and notify, webauthn:extension:largeBlob: true, webauthn:virtualAuthenticators: true}
Session ID: e6428804a37dd34f209b5f19cc613f63
	at org.openqa.selenium.remote.http.W3CHttpResponseCodec.createException(W3CHttpResponseCodec.java:187)
	at org.openqa.selenium.remote.http.W3CHttpResponseCodec.decode(W3CHttpResponseCodec.java:122)
	at org.openqa.selenium.remote.http.W3CHttpResponseCodec.decode(W3CHttpResponseCodec.java:49)
	at org.openqa.selenium.remote.HttpCommandExecutor.execute(HttpCommandExecutor.java:158)
	at org.openqa.selenium.remote.service.DriverCommandExecutor.execute(DriverCommandExecutor.java:83)
	at org.openqa.selenium.remote.RemoteWebDriver.execute(RemoteWebDriver.java:552)
	at com.kms.katalon.selenium.driver.CChromeDriver.execute(CChromeDriver.java:19)
	at org.openqa.selenium.remote.RemoteWebElement.execute(RemoteWebElement.java:285)
	at org.openqa.selenium.remote.RemoteWebElement.click(RemoteWebElement.java:84)
	at org.openqa.selenium.support.events.EventFiringWebDriver$EventFiringWebElement.lambda$new$0(EventFiringWebDriver.java:404)
	at com.sun.proxy.$Proxy17.click(Unknown Source)
	at org.openqa.selenium.support.events.EventFiringWebDriver$EventFiringWebElement.click(EventFiringWebDriver.java:417)
	at com.kms.katalon.core.webui.keyword.builtin.ClickKeyword$_click_closure1.doCall(ClickKeyword.groovy:68)
	at com.kms.katalon.core.webui.keyword.builtin.ClickKeyword$_click_closure1.call(ClickKeyword.groovy)
	at com.kms.katalon.core.webui.keyword.internal.WebUIKeywordMain.runKeyword(WebUIKeywordMain.groovy:20)
	... 19 more
"/>
         <system-out><![CDATA[2021-05-30 15:53:14 - [TEST_CASE][FAILED] - Test Cases/TestCasesIf/Time24hIfUserNameThanTen: Test Cases/TestCasesIf/Time24hIfUserNameThanTen FAILED.
Reason:
com.kms.katalon.core.exception.StepFailedException: Unable to click on object 'Object Repository/IFObject/Page_TEST CHANNEL - TEAM NAME Mattermost/button_Close'
	at com.kms.katalon.core.webui.keyword.internal.WebUIKeywordMain.stepFailed(WebUIKeywordMain.groovy:64)
	at com.kms.katalon.core.webui.keyword.internal.WebUIKeywordMain.runKeyword(WebUIKeywordMain.groovy:26)
	at com.kms.katalon.core.webui.keyword.builtin.ClickKeyword.click(ClickKeyword.groovy:75)
	at com.kms.katalon.core.webui.keyword.builtin.ClickKeyword.execute(ClickKeyword.groovy:42)
	at com.kms.katalon.core.keyword.internal.KeywordExecutor.executeKeywordForPlatform(KeywordExecutor.groovy:73)
	at com.kms.katalon.core.webui.keyword.WebUiBuiltInKeywords.click(WebUiBuiltInKeywords.groovy:619)
	at com.kms.katalon.core.webui.keyword.WebUiBuiltInKeywords$click$2.call(Unknown Source)
	at Time24hIfUserNameThanTen.run(Time24hIfUserNameThanTen:57)
	at com.kms.katalon.core.main.ScriptEngine.run(ScriptEngine.java:194)
	at com.kms.katalon.core.main.ScriptEngine.runScriptAsRawText(ScriptEngine.java:119)
	at com.kms.katalon.core.main.TestCaseExecutor.runScript(TestCaseExecutor.java:398)
	at com.kms.katalon.core.main.TestCaseExecutor.doExecute(TestCaseExecutor.java:389)
	at com.kms.katalon.core.main.TestCaseExecutor.processExecutionPhase(TestCaseExecutor.java:368)
	at com.kms.katalon.core.main.TestCaseExecutor.accessMainPhase(TestCaseExecutor.java:360)
	at com.kms.katalon.core.main.TestCaseExecutor.execute(TestCaseExecutor.java:255)
	at com.kms.katalon.core.main.TestSuiteExecutor.accessTestCaseMainPhase(TestSuiteExecutor.java:203)
	at com.kms.katalon.core.main.TestSuiteExecutor.accessTestSuiteMainPhase(TestSuiteExecutor.java:152)
	at com.kms.katalon.core.main.TestSuiteExecutor.execute(TestSuiteExecutor.java:95)
	at com.kms.katalon.core.main.TestCaseMain.startTestSuite(TestCaseMain.java:157)
	at com.kms.katalon.core.main.TestCaseMain$startTestSuite$0.call(Unknown Source)
	at TempTestSuite1622388507297.run(TempTestSuite1622388507297.groovy:39)
Caused by: org.openqa.selenium.ElementClickInterceptedException: element click intercepted: Element <button type="button" aria-label="emoji picker" class="emoji-picker__container post-action">...</button> is not clickable at point (996, 520). Other element would receive the click: <div id="accountSettingsModal" role="dialog" aria-labelledby="accountSettingsModalLabel" tabindex="-1" class="fade in modal" style="display: block;">...</div>
  (Session info: chrome=91.0.4472.77)
Build info: version: '3.141.59', revision: 'e82be7d358', time: '2018-11-14T08:25:53'
System info: host: 'WIN-SERVER-2019', ip: '10.1.0.4', os.name: 'Windows Server 2019', os.arch: 'amd64', os.version: '10.0', java.version: '1.8.0_282'
Driver info: com.kms.katalon.selenium.driver.CChromeDriver
Capabilities {acceptInsecureCerts: false, browserName: chrome, browserVersion: 91.0.4472.77, chrome: {chromedriverVersion: 90.0.4430.24 (4c6d850f087da..., userDataDir: C:\Users\nttuan\AppData\Loc...}, goog:chromeOptions: {debuggerAddress: localhost:52291}, javascriptEnabled: true, networkConnectionEnabled: false, pageLoadStrategy: normal, platform: WINDOWS, platformName: WINDOWS, proxy: Proxy(), setWindowRect: true, strictFileInteractability: false, timeouts: {implicit: 0, pageLoad: 300000, script: 30000}, unhandledPromptBehavior: dismiss and notify, webauthn:extension:largeBlob: true, webauthn:virtualAuthenticators: true}
Session ID: e6428804a37dd34f209b5f19cc613f63
	at org.openqa.selenium.remote.http.W3CHttpResponseCodec.createException(W3CHttpResponseCodec.java:187)
	at org.openqa.selenium.remote.http.W3CHttpResponseCodec.decode(W3CHttpResponseCodec.java:122)
	at org.openqa.selenium.remote.http.W3CHttpResponseCodec.decode(W3CHttpResponseCodec.java:49)
	at org.openqa.selenium.remote.HttpCommandExecutor.execute(HttpCommandExecutor.java:158)
	at org.openqa.selenium.remote.service.DriverCommandExecutor.execute(DriverCommandExecutor.java:83)
	at org.openqa.selenium.remote.RemoteWebDriver.execute(RemoteWebDriver.java:552)
	at com.kms.katalon.selenium.driver.CChromeDriver.execute(CChromeDriver.java:19)
	at org.openqa.selenium.remote.RemoteWebElement.execute(RemoteWebElement.java:285)
	at org.openqa.selenium.remote.RemoteWebElement.click(RemoteWebElement.java:84)
	at org.openqa.selenium.support.events.EventFiringWebDriver$EventFiringWebElement.lambda$new$0(EventFiringWebDriver.java:404)
	at com.sun.proxy.$Proxy17.click(Unknown Source)
	at org.openqa.selenium.support.events.EventFiringWebDriver$EventFiringWebElement.click(EventFiringWebDriver.java:417)
	at com.kms.katalon.core.webui.keyword.builtin.ClickKeyword$_click_closure1.doCall(ClickKeyword.groovy:68)
	at com.kms.katalon.core.webui.keyword.builtin.ClickKeyword$_click_closure1.call(ClickKeyword.groovy)
	at com.kms.katalon.core.webui.keyword.internal.WebUIKeywordMain.runKeyword(WebUIKeywordMain.groovy:20)
	... 19 more


2021-05-30 15:53:14 - [TEST_STEP][PASSED] - callTestCase(findTestCase("Test Cases/Common Test Cases/Login"), ["Username":username, "Password":password]): Call Test Case 'Test Cases/Common Test Cases/Login' successfully

2021-05-30 15:53:14 - [TEST_CASE][PASSED] - Test Cases/Common Test Cases/Login: Test Cases/Common Test Cases/Login

2021-05-30 15:53:14 - [TEST_STEP][PASSED] - openBrowser(""): Browser is opened with url: ''

2021-05-30 15:53:14 - [MESSAGE][INFO] - Starting 'Chrome' driver

2021-05-30 15:53:14 - [MESSAGE][INFO] - Action delay is set to 0 milliseconds

2021-05-30 15:53:15 - [MESSAGE][PASSED] - Browser is opened with url: ''

2021-05-30 15:53:15 - [TEST_STEP][PASSED] - navigateToUrl("https://chudenangcao2021.cf/"): Navigate to 'https://chudenangcao2021.cf/' successfully

2021-05-30 15:53:16 - [MESSAGE][PASSED] - Navigate to 'https://chudenangcao2021.cf/' successfully

2021-05-30 15:53:16 - [TEST_STEP][PASSED] - setText(findTestObject("Object Repository/Page_Mattermost/input_All team communication in one place, _dcc84b"), Username): Text 'cxtuan' is set on object 'Object Repository/Page_Mattermost/input_All team communication in one place, _dcc84b'

2021-05-30 15:53:17 - [MESSAGE][PASSED] - Text 'cxtuan' is set on object 'Object Repository/Page_Mattermost/input_All team communication in one place, _dcc84b'

2021-05-30 15:53:17 - [TEST_STEP][PASSED] - setText(findTestObject("Object Repository/Page_Mattermost/input_All team communication in one place, _a3edc6"), Password): Text '01672471821nT@' is set on object 'Object Repository/Page_Mattermost/input_All team communication in one place, _a3edc6'

2021-05-30 15:53:18 - [MESSAGE][PASSED] - Text '01672471821nT@' is set on object 'Object Repository/Page_Mattermost/input_All team communication in one place, _a3edc6'

2021-05-30 15:53:18 - [TEST_STEP][PASSED] - click(findTestObject("Object Repository/Page_Mattermost/button_Sign in")): Object: 'Object Repository/Page_Mattermost/button_Sign in' is clicked on

2021-05-30 15:53:19 - [MESSAGE][PASSED] - Object: 'Object Repository/Page_Mattermost/button_Sign in' is clicked on

2021-05-30 15:53:19 - [TEST_STEP][PASSED] - verifyLinksAccessible(["https://chudenangcao2021.cf/cdnc-cnpm-2021/channels"]): All links are accessible

2021-05-30 15:53:19 - [MESSAGE][INFO] - HAR: C:\Users\nttuan\Downloads\CDNC\mattermost-testing\Reports\20210530_152827\Run all test cases\20210530_152827\requests\main\58.har

2021-05-30 15:53:19 - [MESSAGE][PASSED] - Send request successfully

2021-05-30 15:53:19 - [MESSAGE][PASSED] - All links are accessible

2021-05-30 15:53:19 - [MESSAGE][PASSED] - Call Test Case 'Test Cases/Common Test Cases/Login' successfully

2021-05-30 15:53:19 - [TEST_STEP][PASSED] - object = findTestObject("Object Repository/IFObject/Page_TEST CHANNEL - TEAM NAME Mattermost/button_cxtuan_style--none sidebar-header-dropdown__icon"): null

2021-05-30 15:53:19 - [TEST_STEP][PASSED] - bool = false: null

2021-05-30 15:53:19 - [TEST_STEP][PASSED] - try: Object 'Object Repository/IFObject/Page_TEST CHANNEL - TEAM NAME Mattermost/button_cxtuan_style--none sidebar-header-dropdown__icon' is present

2021-05-30 15:53:19 - [TEST_STEP][PASSED] - bool = verifyElementPresent(object, 0): Object 'Object Repository/IFObject/Page_TEST CHANNEL - TEAM NAME Mattermost/button_cxtuan_style--none sidebar-header-dropdown__icon' is present

2021-05-30 15:53:19 - [MESSAGE][WARNING] - Timeout '0' is invalid. Using default page load timeout: '30'

2021-05-30 15:53:20 - [MESSAGE][PASSED] - Object 'Object Repository/IFObject/Page_TEST CHANNEL - TEAM NAME Mattermost/button_cxtuan_style--none sidebar-header-dropdown__icon' is present

2021-05-30 15:53:20 - [TEST_STEP][FAILED] - Finally: Unable to click on object 'Object Repository/IFObject/Page_TEST CHANNEL - TEAM NAME Mattermost/button_Close' (Root cause: com.kms.katalon.core.exception.StepFailedException: Unable to click on object 'Object Repository/IFObject/Page_TEST CHANNEL - TEAM NAME Mattermost/button_Close'
	at com.kms.katalon.core.webui.keyword.internal.WebUIKeywordMain.stepFailed(WebUIKeywordMain.groovy:64)
	at com.kms.katalon.core.webui.keyword.internal.WebUIKeywordMain.runKeyword(WebUIKeywordMain.groovy:26)
	at com.kms.katalon.core.webui.keyword.builtin.ClickKeyword.click(ClickKeyword.groovy:75)
	at com.kms.katalon.core.webui.keyword.builtin.ClickKeyword.execute(ClickKeyword.groovy:42)
	at com.kms.katalon.core.keyword.internal.KeywordExecutor.executeKeywordForPlatform(KeywordExecutor.groovy:73)
	at com.kms.katalon.core.webui.keyword.WebUiBuiltInKeywords.click(WebUiBuiltInKeywords.groovy:619)
	at com.kms.katalon.core.webui.keyword.WebUiBuiltInKeywords$click$2.call(Unknown Source)
	at Time24hIfUserNameThanTen.run(Time24hIfUserNameThanTen:57)
	at com.kms.katalon.core.main.ScriptEngine.run(ScriptEngine.java:194)
	at com.kms.katalon.core.main.ScriptEngine.runScriptAsRawText(ScriptEngine.java:119)
	at com.kms.katalon.core.main.TestCaseExecutor.runScript(TestCaseExecutor.java:398)
	at com.kms.katalon.core.main.TestCaseExecutor.doExecute(TestCaseExecutor.java:389)
	at com.kms.katalon.core.main.TestCaseExecutor.processExecutionPhase(TestCaseExecutor.java:368)
	at com.kms.katalon.core.main.TestCaseExecutor.accessMainPhase(TestCaseExecutor.java:360)
	at com.kms.katalon.core.main.TestCaseExecutor.execute(TestCaseExecutor.java:255)
	at com.kms.katalon.core.main.TestSuiteExecutor.accessTestCaseMainPhase(TestSuiteExecutor.java:203)
	at com.kms.katalon.core.main.TestSuiteExecutor.accessTestSuiteMainPhase(TestSuiteExecutor.java:152)
	at com.kms.katalon.core.main.TestSuiteExecutor.execute(TestSuiteExecutor.java:95)
	at com.kms.katalon.core.main.TestCaseMain.startTestSuite(TestCaseMain.java:157)
	at com.kms.katalon.core.main.TestCaseMain$startTestSuite$0.call(Unknown Source)
	at TempTestSuite1622388507297.run(TempTestSuite1622388507297.groovy:39)
Caused by: org.openqa.selenium.ElementClickInterceptedException: element click intercepted: Element <button type="button" aria-label="emoji picker" class="emoji-picker__container post-action">...</button> is not clickable at point (996, 520). Other element would receive the click: <div id="accountSettingsModal" role="dialog" aria-labelledby="accountSettingsModalLabel" tabindex="-1" class="fade in modal" style="display: block;">...</div>
  (Session info: chrome=91.0.4472.77)
Build info: version: '3.141.59', revision: 'e82be7d358', time: '2018-11-14T08:25:53'
System info: host: 'WIN-SERVER-2019', ip: '10.1.0.4', os.name: 'Windows Server 2019', os.arch: 'amd64', os.version: '10.0', java.version: '1.8.0_282'
Driver info: com.kms.katalon.selenium.driver.CChromeDriver
Capabilities {acceptInsecureCerts: false, browserName: chrome, browserVersion: 91.0.4472.77, chrome: {chromedriverVersion: 90.0.4430.24 (4c6d850f087da..., userDataDir: C:\Users\nttuan\AppData\Loc...}, goog:chromeOptions: {debuggerAddress: localhost:52291}, javascriptEnabled: true, networkConnectionEnabled: false, pageLoadStrategy: normal, platform: WINDOWS, platformName: WINDOWS, proxy: Proxy(), setWindowRect: true, strictFileInteractability: false, timeouts: {implicit: 0, pageLoad: 300000, script: 30000}, unhandledPromptBehavior: dismiss and notify, webauthn:extension:largeBlob: true, webauthn:virtualAuthenticators: true}
Session ID: e6428804a37dd34f209b5f19cc613f63
	at org.openqa.selenium.remote.http.W3CHttpResponseCodec.createException(W3CHttpResponseCodec.java:187)
	at org.openqa.selenium.remote.http.W3CHttpResponseCodec.decode(W3CHttpResponseCodec.java:122)
	at org.openqa.selenium.remote.http.W3CHttpResponseCodec.decode(W3CHttpResponseCodec.java:49)
	at org.openqa.selenium.remote.HttpCommandExecutor.execute(HttpCommandExecutor.java:158)
	at org.openqa.selenium.remote.service.DriverCommandExecutor.execute(DriverCommandExecutor.java:83)
	at org.openqa.selenium.remote.RemoteWebDriver.execute(RemoteWebDriver.java:552)
	at com.kms.katalon.selenium.driver.CChromeDriver.execute(CChromeDriver.java:19)
	at org.openqa.selenium.remote.RemoteWebElement.execute(RemoteWebElement.java:285)
	at org.openqa.selenium.remote.RemoteWebElement.click(RemoteWebElement.java:84)
	at org.openqa.selenium.support.events.EventFiringWebDriver$EventFiringWebElement.lambda$new$0(EventFiringWebDriver.java:404)
	at com.sun.proxy.$Proxy17.click(Unknown Source)
	at org.openqa.selenium.support.events.EventFiringWebDriver$EventFiringWebElement.click(EventFiringWebDriver.java:417)
	at com.kms.katalon.core.webui.keyword.builtin.ClickKeyword$_click_closure1.doCall(ClickKeyword.groovy:68)
	at com.kms.katalon.core.webui.keyword.builtin.ClickKeyword$_click_closure1.call(ClickKeyword.groovy)
	at com.kms.katalon.core.webui.keyword.internal.WebUIKeywordMain.runKeyword(WebUIKeywordMain.groovy:20)
	at com.kms.katalon.core.webui.keyword.builtin.ClickKeyword.click(ClickKeyword.groovy:75)
	at com.kms.katalon.core.webui.keyword.builtin.ClickKeyword.execute(ClickKeyword.groovy:42)
	at com.kms.katalon.core.keyword.internal.KeywordExecutor.executeKeywordForPlatform(KeywordExecutor.groovy:73)
	at com.kms.katalon.core.webui.keyword.WebUiBuiltInKeywords.click(WebUiBuiltInKeywords.groovy:619)
	at com.kms.katalon.core.webui.keyword.WebUiBuiltInKeywords$click$2.call(Unknown Source)
	at Script1622132177511.run(Script1622132177511.groovy:57)
	... 13 more
)

2021-05-30 15:53:20 - [TEST_STEP][FAILED] - if (bool && username.length() < 10): Unable to click on object 'Object Repository/IFObject/Page_TEST CHANNEL - TEAM NAME Mattermost/button_Close' (Root cause: com.kms.katalon.core.exception.StepFailedException: Unable to click on object 'Object Repository/IFObject/Page_TEST CHANNEL - TEAM NAME Mattermost/button_Close'
	at com.kms.katalon.core.webui.keyword.internal.WebUIKeywordMain.stepFailed(WebUIKeywordMain.groovy:64)
	at com.kms.katalon.core.webui.keyword.internal.WebUIKeywordMain.runKeyword(WebUIKeywordMain.groovy:26)
	at com.kms.katalon.core.webui.keyword.builtin.ClickKeyword.click(ClickKeyword.groovy:75)
	at com.kms.katalon.core.webui.keyword.builtin.ClickKeyword.execute(ClickKeyword.groovy:42)
	at com.kms.katalon.core.keyword.internal.KeywordExecutor.executeKeywordForPlatform(KeywordExecutor.groovy:73)
	at com.kms.katalon.core.webui.keyword.WebUiBuiltInKeywords.click(WebUiBuiltInKeywords.groovy:619)
	at com.kms.katalon.core.webui.keyword.WebUiBuiltInKeywords$click$2.call(Unknown Source)
	at Time24hIfUserNameThanTen.run(Time24hIfUserNameThanTen:57)
	at com.kms.katalon.core.main.ScriptEngine.run(ScriptEngine.java:194)
	at com.kms.katalon.core.main.ScriptEngine.runScriptAsRawText(ScriptEngine.java:119)
	at com.kms.katalon.core.main.TestCaseExecutor.runScript(TestCaseExecutor.java:398)
	at com.kms.katalon.core.main.TestCaseExecutor.doExecute(TestCaseExecutor.java:389)
	at com.kms.katalon.core.main.TestCaseExecutor.processExecutionPhase(TestCaseExecutor.java:368)
	at com.kms.katalon.core.main.TestCaseExecutor.accessMainPhase(TestCaseExecutor.java:360)
	at com.kms.katalon.core.main.TestCaseExecutor.execute(TestCaseExecutor.java:255)
	at com.kms.katalon.core.main.TestSuiteExecutor.accessTestCaseMainPhase(TestSuiteExecutor.java:203)
	at com.kms.katalon.core.main.TestSuiteExecutor.accessTestSuiteMainPhase(TestSuiteExecutor.java:152)
	at com.kms.katalon.core.main.TestSuiteExecutor.execute(TestSuiteExecutor.java:95)
	at com.kms.katalon.core.main.TestCaseMain.startTestSuite(TestCaseMain.java:157)
	at com.kms.katalon.core.main.TestCaseMain$startTestSuite$0.call(Unknown Source)
	at TempTestSuite1622388507297.run(TempTestSuite1622388507297.groovy:39)
Caused by: org.openqa.selenium.ElementClickInterceptedException: element click intercepted: Element <button type="button" aria-label="emoji picker" class="emoji-picker__container post-action">...</button> is not clickable at point (996, 520). Other element would receive the click: <div id="accountSettingsModal" role="dialog" aria-labelledby="accountSettingsModalLabel" tabindex="-1" class="fade in modal" style="display: block;">...</div>
  (Session info: chrome=91.0.4472.77)
Build info: version: '3.141.59', revision: 'e82be7d358', time: '2018-11-14T08:25:53'
System info: host: 'WIN-SERVER-2019', ip: '10.1.0.4', os.name: 'Windows Server 2019', os.arch: 'amd64', os.version: '10.0', java.version: '1.8.0_282'
Driver info: com.kms.katalon.selenium.driver.CChromeDriver
Capabilities {acceptInsecureCerts: false, browserName: chrome, browserVersion: 91.0.4472.77, chrome: {chromedriverVersion: 90.0.4430.24 (4c6d850f087da..., userDataDir: C:\Users\nttuan\AppData\Loc...}, goog:chromeOptions: {debuggerAddress: localhost:52291}, javascriptEnabled: true, networkConnectionEnabled: false, pageLoadStrategy: normal, platform: WINDOWS, platformName: WINDOWS, proxy: Proxy(), setWindowRect: true, strictFileInteractability: false, timeouts: {implicit: 0, pageLoad: 300000, script: 30000}, unhandledPromptBehavior: dismiss and notify, webauthn:extension:largeBlob: true, webauthn:virtualAuthenticators: true}
Session ID: e6428804a37dd34f209b5f19cc613f63
	at org.openqa.selenium.remote.http.W3CHttpResponseCodec.createException(W3CHttpResponseCodec.java:187)
	at org.openqa.selenium.remote.http.W3CHttpResponseCodec.decode(W3CHttpResponseCodec.java:122)
	at org.openqa.selenium.remote.http.W3CHttpResponseCodec.decode(W3CHttpResponseCodec.java:49)
	at org.openqa.selenium.remote.HttpCommandExecutor.execute(HttpCommandExecutor.java:158)
	at org.openqa.selenium.remote.service.DriverCommandExecutor.execute(DriverCommandExecutor.java:83)
	at org.openqa.selenium.remote.RemoteWebDriver.execute(RemoteWebDriver.java:552)
	at com.kms.katalon.selenium.driver.CChromeDriver.execute(CChromeDriver.java:19)
	at org.openqa.selenium.remote.RemoteWebElement.execute(RemoteWebElement.java:285)
	at org.openqa.selenium.remote.RemoteWebElement.click(RemoteWebElement.java:84)
	at org.openqa.selenium.support.events.EventFiringWebDriver$EventFiringWebElement.lambda$new$0(EventFiringWebDriver.java:404)
	at com.sun.proxy.$Proxy17.click(Unknown Source)
	at org.openqa.selenium.support.events.EventFiringWebDriver$EventFiringWebElement.click(EventFiringWebDriver.java:417)
	at com.kms.katalon.core.webui.keyword.builtin.ClickKeyword$_click_closure1.doCall(ClickKeyword.groovy:68)
	at com.kms.katalon.core.webui.keyword.builtin.ClickKeyword$_click_closure1.call(ClickKeyword.groovy)
	at com.kms.katalon.core.webui.keyword.internal.WebUIKeywordMain.runKeyword(WebUIKeywordMain.groovy:20)
	at com.kms.katalon.core.webui.keyword.builtin.ClickKeyword.click(ClickKeyword.groovy:75)
	at com.kms.katalon.core.webui.keyword.builtin.ClickKeyword.execute(ClickKeyword.groovy:42)
	at com.kms.katalon.core.keyword.internal.KeywordExecutor.executeKeywordForPlatform(KeywordExecutor.groovy:73)
	at com.kms.katalon.core.webui.keyword.WebUiBuiltInKeywords.click(WebUiBuiltInKeywords.groovy:619)
	at com.kms.katalon.core.webui.keyword.WebUiBuiltInKeywords$click$2.call(Unknown Source)
	at Script1622132177511.run(Script1622132177511.groovy:57)
	... 13 more
)

2021-05-30 15:53:20 - [TEST_STEP][PASSED] - click(object): Object: 'Object Repository/IFObject/Page_TEST CHANNEL - TEAM NAME Mattermost/button_cxtuan_style--none sidebar-header-dropdown__icon' is clicked on

2021-05-30 15:53:20 - [MESSAGE][PASSED] - Object: 'Object Repository/IFObject/Page_TEST CHANNEL - TEAM NAME Mattermost/button_cxtuan_style--none sidebar-header-dropdown__icon' is clicked on

2021-05-30 15:53:20 - [TEST_STEP][PASSED] - click(findTestObject("Object Repository/IFObject/Page_TEST CHANNEL - TEAM NAME Mattermost/button_Account Settings")): Object: 'Object Repository/IFObject/Page_TEST CHANNEL - TEAM NAME Mattermost/button_Account Settings' is clicked on

2021-05-30 15:53:21 - [MESSAGE][PASSED] - Object: 'Object Repository/IFObject/Page_TEST CHANNEL - TEAM NAME Mattermost/button_Account Settings' is clicked on

2021-05-30 15:53:21 - [TEST_STEP][PASSED] - click(findTestObject("Object Repository/IFObject/Page_TEST CHANNEL - TEAM NAME Mattermost/button_Display")): Object: 'Object Repository/IFObject/Page_TEST CHANNEL - TEAM NAME Mattermost/button_Display' is clicked on

2021-05-30 15:53:22 - [MESSAGE][PASSED] - Object: 'Object Repository/IFObject/Page_TEST CHANNEL - TEAM NAME Mattermost/button_Display' is clicked on

2021-05-30 15:53:22 - [TEST_STEP][PASSED] - click(findTestObject("Object Repository/IFObject/Page_TEST CHANNEL - TEAM NAME Mattermost/div_Clock DisplayEdit")): Object: 'Object Repository/IFObject/Page_TEST CHANNEL - TEAM NAME Mattermost/div_Clock DisplayEdit' is clicked on

2021-05-30 15:53:22 - [MESSAGE][PASSED] - Object: 'Object Repository/IFObject/Page_TEST CHANNEL - TEAM NAME Mattermost/div_Clock DisplayEdit' is clicked on

2021-05-30 15:53:22 - [TEST_STEP][PASSED] - click(findTestObject("Object Repository/IFObject/Page_TEST CHANNEL - TEAM NAME Mattermost/label_24-hour clock (example 1600)")): Object: 'Object Repository/IFObject/Page_TEST CHANNEL - TEAM NAME Mattermost/label_24-hour clock (example 1600)' is clicked on

2021-05-30 15:53:23 - [MESSAGE][PASSED] - Object: 'Object Repository/IFObject/Page_TEST CHANNEL - TEAM NAME Mattermost/label_24-hour clock (example 1600)' is clicked on

2021-05-30 15:53:23 - [TEST_STEP][PASSED] - click(findTestObject("Object Repository/IFObject/Page_TEST CHANNEL - TEAM NAME Mattermost/button_Save")): Object: 'Object Repository/IFObject/Page_TEST CHANNEL - TEAM NAME Mattermost/button_Save' is clicked on

2021-05-30 15:53:23 - [MESSAGE][PASSED] - Object: 'Object Repository/IFObject/Page_TEST CHANNEL - TEAM NAME Mattermost/button_Save' is clicked on

2021-05-30 15:53:23 - [TEST_STEP][FAILED] - click(findTestObject("Object Repository/IFObject/Page_TEST CHANNEL - TEAM NAME Mattermost/button_Close")): Unable to click on object 'Object Repository/IFObject/Page_TEST CHANNEL - TEAM NAME Mattermost/button_Close' (Root cause: com.kms.katalon.core.exception.StepFailedException: Unable to click on object 'Object Repository/IFObject/Page_TEST CHANNEL - TEAM NAME Mattermost/button_Close'
	at com.kms.katalon.core.webui.keyword.internal.WebUIKeywordMain.stepFailed(WebUIKeywordMain.groovy:64)
	at com.kms.katalon.core.webui.keyword.internal.WebUIKeywordMain.runKeyword(WebUIKeywordMain.groovy:26)
	at com.kms.katalon.core.webui.keyword.builtin.ClickKeyword.click(ClickKeyword.groovy:75)
	at com.kms.katalon.core.webui.keyword.builtin.ClickKeyword.execute(ClickKeyword.groovy:42)
	at com.kms.katalon.core.keyword.internal.KeywordExecutor.executeKeywordForPlatform(KeywordExecutor.groovy:73)
	at com.kms.katalon.core.webui.keyword.WebUiBuiltInKeywords.click(WebUiBuiltInKeywords.groovy:619)
	at com.kms.katalon.core.webui.keyword.WebUiBuiltInKeywords$click$2.call(Unknown Source)
	at Time24hIfUserNameThanTen.run(Time24hIfUserNameThanTen:57)
	at com.kms.katalon.core.main.ScriptEngine.run(ScriptEngine.java:194)
	at com.kms.katalon.core.main.ScriptEngine.runScriptAsRawText(ScriptEngine.java:119)
	at com.kms.katalon.core.main.TestCaseExecutor.runScript(TestCaseExecutor.java:398)
	at com.kms.katalon.core.main.TestCaseExecutor.doExecute(TestCaseExecutor.java:389)
	at com.kms.katalon.core.main.TestCaseExecutor.processExecutionPhase(TestCaseExecutor.java:368)
	at com.kms.katalon.core.main.TestCaseExecutor.accessMainPhase(TestCaseExecutor.java:360)
	at com.kms.katalon.core.main.TestCaseExecutor.execute(TestCaseExecutor.java:255)
	at com.kms.katalon.core.main.TestSuiteExecutor.accessTestCaseMainPhase(TestSuiteExecutor.java:203)
	at com.kms.katalon.core.main.TestSuiteExecutor.accessTestSuiteMainPhase(TestSuiteExecutor.java:152)
	at com.kms.katalon.core.main.TestSuiteExecutor.execute(TestSuiteExecutor.java:95)
	at com.kms.katalon.core.main.TestCaseMain.startTestSuite(TestCaseMain.java:157)
	at com.kms.katalon.core.main.TestCaseMain$startTestSuite$0.call(Unknown Source)
	at TempTestSuite1622388507297.run(TempTestSuite1622388507297.groovy:39)
Caused by: org.openqa.selenium.ElementClickInterceptedException: element click intercepted: Element <button type="button" aria-label="emoji picker" class="emoji-picker__container post-action">...</button> is not clickable at point (996, 520). Other element would receive the click: <div id="accountSettingsModal" role="dialog" aria-labelledby="accountSettingsModalLabel" tabindex="-1" class="fade in modal" style="display: block;">...</div>
  (Session info: chrome=91.0.4472.77)
Build info: version: '3.141.59', revision: 'e82be7d358', time: '2018-11-14T08:25:53'
System info: host: 'WIN-SERVER-2019', ip: '10.1.0.4', os.name: 'Windows Server 2019', os.arch: 'amd64', os.version: '10.0', java.version: '1.8.0_282'
Driver info: com.kms.katalon.selenium.driver.CChromeDriver
Capabilities {acceptInsecureCerts: false, browserName: chrome, browserVersion: 91.0.4472.77, chrome: {chromedriverVersion: 90.0.4430.24 (4c6d850f087da..., userDataDir: C:\Users\nttuan\AppData\Loc...}, goog:chromeOptions: {debuggerAddress: localhost:52291}, javascriptEnabled: true, networkConnectionEnabled: false, pageLoadStrategy: normal, platform: WINDOWS, platformName: WINDOWS, proxy: Proxy(), setWindowRect: true, strictFileInteractability: false, timeouts: {implicit: 0, pageLoad: 300000, script: 30000}, unhandledPromptBehavior: dismiss and notify, webauthn:extension:largeBlob: true, webauthn:virtualAuthenticators: true}
Session ID: e6428804a37dd34f209b5f19cc613f63
	at org.openqa.selenium.remote.http.W3CHttpResponseCodec.createException(W3CHttpResponseCodec.java:187)
	at org.openqa.selenium.remote.http.W3CHttpResponseCodec.decode(W3CHttpResponseCodec.java:122)
	at org.openqa.selenium.remote.http.W3CHttpResponseCodec.decode(W3CHttpResponseCodec.java:49)
	at org.openqa.selenium.remote.HttpCommandExecutor.execute(HttpCommandExecutor.java:158)
	at org.openqa.selenium.remote.service.DriverCommandExecutor.execute(DriverCommandExecutor.java:83)
	at org.openqa.selenium.remote.RemoteWebDriver.execute(RemoteWebDriver.java:552)
	at com.kms.katalon.selenium.driver.CChromeDriver.execute(CChromeDriver.java:19)
	at org.openqa.selenium.remote.RemoteWebElement.execute(RemoteWebElement.java:285)
	at org.openqa.selenium.remote.RemoteWebElement.click(RemoteWebElement.java:84)
	at org.openqa.selenium.support.events.EventFiringWebDriver$EventFiringWebElement.lambda$new$0(EventFiringWebDriver.java:404)
	at com.sun.proxy.$Proxy17.click(Unknown Source)
	at org.openqa.selenium.support.events.EventFiringWebDriver$EventFiringWebElement.click(EventFiringWebDriver.java:417)
	at com.kms.katalon.core.webui.keyword.builtin.ClickKeyword$_click_closure1.doCall(ClickKeyword.groovy:68)
	at com.kms.katalon.core.webui.keyword.builtin.ClickKeyword$_click_closure1.call(ClickKeyword.groovy)
	at com.kms.katalon.core.webui.keyword.internal.WebUIKeywordMain.runKeyword(WebUIKeywordMain.groovy:20)
	at com.kms.katalon.core.webui.keyword.builtin.ClickKeyword.click(ClickKeyword.groovy:75)
	at com.kms.katalon.core.webui.keyword.builtin.ClickKeyword.execute(ClickKeyword.groovy:42)
	at com.kms.katalon.core.keyword.internal.KeywordExecutor.executeKeywordForPlatform(KeywordExecutor.groovy:73)
	at com.kms.katalon.core.webui.keyword.WebUiBuiltInKeywords.click(WebUiBuiltInKeywords.groovy:619)
	at com.kms.katalon.core.webui.keyword.WebUiBuiltInKeywords$click$2.call(Unknown Source)
	at Script1622132177511.run(Script1622132177511.groovy:57)
	... 13 more
)

2021-05-30 15:53:25 - [MESSAGE][FAILED] - Unable to click on object 'Object Repository/IFObject/Page_TEST CHANNEL - TEAM NAME Mattermost/button_Close' (Root cause: com.kms.katalon.core.exception.StepFailedException: Unable to click on object 'Object Repository/IFObject/Page_TEST CHANNEL - TEAM NAME Mattermost/button_Close'
	at com.kms.katalon.core.webui.keyword.internal.WebUIKeywordMain.stepFailed(WebUIKeywordMain.groovy:64)
	at com.kms.katalon.core.webui.keyword.internal.WebUIKeywordMain.runKeyword(WebUIKeywordMain.groovy:26)
	at com.kms.katalon.core.webui.keyword.builtin.ClickKeyword.click(ClickKeyword.groovy:75)
	at com.kms.katalon.core.webui.keyword.builtin.ClickKeyword.execute(ClickKeyword.groovy:42)
	at com.kms.katalon.core.keyword.internal.KeywordExecutor.executeKeywordForPlatform(KeywordExecutor.groovy:73)
	at com.kms.katalon.core.webui.keyword.WebUiBuiltInKeywords.click(WebUiBuiltInKeywords.groovy:619)
	at com.kms.katalon.core.webui.keyword.WebUiBuiltInKeywords$click$2.call(Unknown Source)
	at Time24hIfUserNameThanTen.run(Time24hIfUserNameThanTen:57)
	at com.kms.katalon.core.main.ScriptEngine.run(ScriptEngine.java:194)
	at com.kms.katalon.core.main.ScriptEngine.runScriptAsRawText(ScriptEngine.java:119)
	at com.kms.katalon.core.main.TestCaseExecutor.runScript(TestCaseExecutor.java:398)
	at com.kms.katalon.core.main.TestCaseExecutor.doExecute(TestCaseExecutor.java:389)
	at com.kms.katalon.core.main.TestCaseExecutor.processExecutionPhase(TestCaseExecutor.java:368)
	at com.kms.katalon.core.main.TestCaseExecutor.accessMainPhase(TestCaseExecutor.java:360)
	at com.kms.katalon.core.main.TestCaseExecutor.execute(TestCaseExecutor.java:255)
	at com.kms.katalon.core.main.TestSuiteExecutor.accessTestCaseMainPhase(TestSuiteExecutor.java:203)
	at com.kms.katalon.core.main.TestSuiteExecutor.accessTestSuiteMainPhase(TestSuiteExecutor.java:152)
	at com.kms.katalon.core.main.TestSuiteExecutor.execute(TestSuiteExecutor.java:95)
	at com.kms.katalon.core.main.TestCaseMain.startTestSuite(TestCaseMain.java:157)
	at com.kms.katalon.core.main.TestCaseMain$startTestSuite$0.call(Unknown Source)
	at TempTestSuite1622388507297.run(TempTestSuite1622388507297.groovy:39)
Caused by: org.openqa.selenium.ElementClickInterceptedException: element click intercepted: Element <button type="button" aria-label="emoji picker" class="emoji-picker__container post-action">...</button> is not clickable at point (996, 520). Other element would receive the click: <div id="accountSettingsModal" role="dialog" aria-labelledby="accountSettingsModalLabel" tabindex="-1" class="fade in modal" style="display: block;">...</div>
  (Session info: chrome=91.0.4472.77)
Build info: version: '3.141.59', revision: 'e82be7d358', time: '2018-11-14T08:25:53'
System info: host: 'WIN-SERVER-2019', ip: '10.1.0.4', os.name: 'Windows Server 2019', os.arch: 'amd64', os.version: '10.0', java.version: '1.8.0_282'
Driver info: com.kms.katalon.selenium.driver.CChromeDriver
Capabilities {acceptInsecureCerts: false, browserName: chrome, browserVersion: 91.0.4472.77, chrome: {chromedriverVersion: 90.0.4430.24 (4c6d850f087da..., userDataDir: C:\Users\nttuan\AppData\Loc...}, goog:chromeOptions: {debuggerAddress: localhost:52291}, javascriptEnabled: true, networkConnectionEnabled: false, pageLoadStrategy: normal, platform: WINDOWS, platformName: WINDOWS, proxy: Proxy(), setWindowRect: true, strictFileInteractability: false, timeouts: {implicit: 0, pageLoad: 300000, script: 30000}, unhandledPromptBehavior: dismiss and notify, webauthn:extension:largeBlob: true, webauthn:virtualAuthenticators: true}
Session ID: e6428804a37dd34f209b5f19cc613f63
	at org.openqa.selenium.remote.http.W3CHttpResponseCodec.createException(W3CHttpResponseCodec.java:187)
	at org.openqa.selenium.remote.http.W3CHttpResponseCodec.decode(W3CHttpResponseCodec.java:122)
	at org.openqa.selenium.remote.http.W3CHttpResponseCodec.decode(W3CHttpResponseCodec.java:49)
	at org.openqa.selenium.remote.HttpCommandExecutor.execute(HttpCommandExecutor.java:158)
	at org.openqa.selenium.remote.service.DriverCommandExecutor.execute(DriverCommandExecutor.java:83)
	at org.openqa.selenium.remote.RemoteWebDriver.execute(RemoteWebDriver.java:552)
	at com.kms.katalon.selenium.driver.CChromeDriver.execute(CChromeDriver.java:19)
	at org.openqa.selenium.remote.RemoteWebElement.execute(RemoteWebElement.java:285)
	at org.openqa.selenium.remote.RemoteWebElement.click(RemoteWebElement.java:84)
	at org.openqa.selenium.support.events.EventFiringWebDriver$EventFiringWebElement.lambda$new$0(EventFiringWebDriver.java:404)
	at com.sun.proxy.$Proxy17.click(Unknown Source)
	at org.openqa.selenium.support.events.EventFiringWebDriver$EventFiringWebElement.click(EventFiringWebDriver.java:417)
	at com.kms.katalon.core.webui.keyword.builtin.ClickKeyword$_click_closure1.doCall(ClickKeyword.groovy:68)
	at com.kms.katalon.core.webui.keyword.builtin.ClickKeyword$_click_closure1.call(ClickKeyword.groovy)
	at com.kms.katalon.core.webui.keyword.internal.WebUIKeywordMain.runKeyword(WebUIKeywordMain.groovy:20)
	at com.kms.katalon.core.webui.keyword.builtin.ClickKeyword.click(ClickKeyword.groovy:75)
	at com.kms.katalon.core.webui.keyword.builtin.ClickKeyword.execute(ClickKeyword.groovy:42)
	at com.kms.katalon.core.keyword.internal.KeywordExecutor.executeKeywordForPlatform(KeywordExecutor.groovy:73)
	at com.kms.katalon.core.webui.keyword.WebUiBuiltInKeywords.click(WebUiBuiltInKeywords.groovy:619)
	at com.kms.katalon.core.webui.keyword.WebUiBuiltInKeywords$click$2.call(Unknown Source)
	at Script1622132177511.run(Script1622132177511.groovy:57)
	... 13 more
)
[[ATTACHMENT|C:\\Users\\nttuan\\Downloads\\CDNC\\mattermost-testing\\Reports\\20210530_152827\\Run all test cases\\20210530_152827\\1622390004997.png]]]]></system-out>
         <system-err><![CDATA[2021-05-30 15:53:14 - [TEST_CASE][FAILED] - Test Cases/TestCasesIf/Time24hIfUserNameThanTen: Test Cases/TestCasesIf/Time24hIfUserNameThanTen FAILED.
Reason:
com.kms.katalon.core.exception.StepFailedException: Unable to click on object 'Object Repository/IFObject/Page_TEST CHANNEL - TEAM NAME Mattermost/button_Close'
	at com.kms.katalon.core.webui.keyword.internal.WebUIKeywordMain.stepFailed(WebUIKeywordMain.groovy:64)
	at com.kms.katalon.core.webui.keyword.internal.WebUIKeywordMain.runKeyword(WebUIKeywordMain.groovy:26)
	at com.kms.katalon.core.webui.keyword.builtin.ClickKeyword.click(ClickKeyword.groovy:75)
	at com.kms.katalon.core.webui.keyword.builtin.ClickKeyword.execute(ClickKeyword.groovy:42)
	at com.kms.katalon.core.keyword.internal.KeywordExecutor.executeKeywordForPlatform(KeywordExecutor.groovy:73)
	at com.kms.katalon.core.webui.keyword.WebUiBuiltInKeywords.click(WebUiBuiltInKeywords.groovy:619)
	at com.kms.katalon.core.webui.keyword.WebUiBuiltInKeywords$click$2.call(Unknown Source)
	at Time24hIfUserNameThanTen.run(Time24hIfUserNameThanTen:57)
	at com.kms.katalon.core.main.ScriptEngine.run(ScriptEngine.java:194)
	at com.kms.katalon.core.main.ScriptEngine.runScriptAsRawText(ScriptEngine.java:119)
	at com.kms.katalon.core.main.TestCaseExecutor.runScript(TestCaseExecutor.java:398)
	at com.kms.katalon.core.main.TestCaseExecutor.doExecute(TestCaseExecutor.java:389)
	at com.kms.katalon.core.main.TestCaseExecutor.processExecutionPhase(TestCaseExecutor.java:368)
	at com.kms.katalon.core.main.TestCaseExecutor.accessMainPhase(TestCaseExecutor.java:360)
	at com.kms.katalon.core.main.TestCaseExecutor.execute(TestCaseExecutor.java:255)
	at com.kms.katalon.core.main.TestSuiteExecutor.accessTestCaseMainPhase(TestSuiteExecutor.java:203)
	at com.kms.katalon.core.main.TestSuiteExecutor.accessTestSuiteMainPhase(TestSuiteExecutor.java:152)
	at com.kms.katalon.core.main.TestSuiteExecutor.execute(TestSuiteExecutor.java:95)
	at com.kms.katalon.core.main.TestCaseMain.startTestSuite(TestCaseMain.java:157)
	at com.kms.katalon.core.main.TestCaseMain$startTestSuite$0.call(Unknown Source)
	at TempTestSuite1622388507297.run(TempTestSuite1622388507297.groovy:39)
Caused by: org.openqa.selenium.ElementClickInterceptedException: element click intercepted: Element <button type="button" aria-label="emoji picker" class="emoji-picker__container post-action">...</button> is not clickable at point (996, 520). Other element would receive the click: <div id="accountSettingsModal" role="dialog" aria-labelledby="accountSettingsModalLabel" tabindex="-1" class="fade in modal" style="display: block;">...</div>
  (Session info: chrome=91.0.4472.77)
Build info: version: '3.141.59', revision: 'e82be7d358', time: '2018-11-14T08:25:53'
System info: host: 'WIN-SERVER-2019', ip: '10.1.0.4', os.name: 'Windows Server 2019', os.arch: 'amd64', os.version: '10.0', java.version: '1.8.0_282'
Driver info: com.kms.katalon.selenium.driver.CChromeDriver
Capabilities {acceptInsecureCerts: false, browserName: chrome, browserVersion: 91.0.4472.77, chrome: {chromedriverVersion: 90.0.4430.24 (4c6d850f087da..., userDataDir: C:\Users\nttuan\AppData\Loc...}, goog:chromeOptions: {debuggerAddress: localhost:52291}, javascriptEnabled: true, networkConnectionEnabled: false, pageLoadStrategy: normal, platform: WINDOWS, platformName: WINDOWS, proxy: Proxy(), setWindowRect: true, strictFileInteractability: false, timeouts: {implicit: 0, pageLoad: 300000, script: 30000}, unhandledPromptBehavior: dismiss and notify, webauthn:extension:largeBlob: true, webauthn:virtualAuthenticators: true}
Session ID: e6428804a37dd34f209b5f19cc613f63
	at org.openqa.selenium.remote.http.W3CHttpResponseCodec.createException(W3CHttpResponseCodec.java:187)
	at org.openqa.selenium.remote.http.W3CHttpResponseCodec.decode(W3CHttpResponseCodec.java:122)
	at org.openqa.selenium.remote.http.W3CHttpResponseCodec.decode(W3CHttpResponseCodec.java:49)
	at org.openqa.selenium.remote.HttpCommandExecutor.execute(HttpCommandExecutor.java:158)
	at org.openqa.selenium.remote.service.DriverCommandExecutor.execute(DriverCommandExecutor.java:83)
	at org.openqa.selenium.remote.RemoteWebDriver.execute(RemoteWebDriver.java:552)
	at com.kms.katalon.selenium.driver.CChromeDriver.execute(CChromeDriver.java:19)
	at org.openqa.selenium.remote.RemoteWebElement.execute(RemoteWebElement.java:285)
	at org.openqa.selenium.remote.RemoteWebElement.click(RemoteWebElement.java:84)
	at org.openqa.selenium.support.events.EventFiringWebDriver$EventFiringWebElement.lambda$new$0(EventFiringWebDriver.java:404)
	at com.sun.proxy.$Proxy17.click(Unknown Source)
	at org.openqa.selenium.support.events.EventFiringWebDriver$EventFiringWebElement.click(EventFiringWebDriver.java:417)
	at com.kms.katalon.core.webui.keyword.builtin.ClickKeyword$_click_closure1.doCall(ClickKeyword.groovy:68)
	at com.kms.katalon.core.webui.keyword.builtin.ClickKeyword$_click_closure1.call(ClickKeyword.groovy)
	at com.kms.katalon.core.webui.keyword.internal.WebUIKeywordMain.runKeyword(WebUIKeywordMain.groovy:20)
	... 19 more]]></system-err>
      </testcase>
      <system-out><![CDATA[2021-05-30 15:28:33 - [TEST_SUITE][FAILED] - Run all test cases: Test Cases/Internal Test Cases/CreateChannelPublic FAILED.
Reason:
com.kms.katalon.core.exception.StepFailedException: Unable to click on object 'Object Repository/CreateChannel/Page_TEST CHANNEL - TEAM NAME Mattermost/i_CtrlK_icon-plus'
	at com.kms.katalon.core.webui.keyword.internal.WebUIKeywordMain.stepFailed(WebUIKeywordMain.groovy:64)
	at com.kms.katalon.core.webui.keyword.internal.WebUIKeywordMain.runKeyword(WebUIKeywordMain.groovy:26)
	at com.kms.katalon.core.webui.keyword.builtin.ClickKeyword.click(ClickKeyword.groovy:75)
	at com.kms.katalon.core.webui.keyword.builtin.ClickKeyword.execute(ClickKeyword.groovy:42)
	at com.kms.katalon.core.keyword.internal.KeywordExecutor.executeKeywordForPlatform(KeywordExecutor.groovy:73)
	at com.kms.katalon.core.webui.keyword.WebUiBuiltInKeywords.click(WebUiBuiltInKeywords.groovy:619)
	at com.kms.katalon.core.webui.keyword.WebUiBuiltInKeywords$click$2.call(Unknown Source)
	at CreateChannelPublic.run(CreateChannelPublic:24)
	at com.kms.katalon.core.main.ScriptEngine.run(ScriptEngine.java:194)
	at com.kms.katalon.core.main.ScriptEngine.runScriptAsRawText(ScriptEngine.java:119)
	at com.kms.katalon.core.main.TestCaseExecutor.runScript(TestCaseExecutor.java:398)
	at com.kms.katalon.core.main.TestCaseExecutor.doExecute(TestCaseExecutor.java:389)
	at com.kms.katalon.core.main.TestCaseExecutor.processExecutionPhase(TestCaseExecutor.java:368)
	at com.kms.katalon.core.main.TestCaseExecutor.accessMainPhase(TestCaseExecutor.java:360)
	at com.kms.katalon.core.main.TestCaseExecutor.execute(TestCaseExecutor.java:255)
	at com.kms.katalon.core.main.TestSuiteExecutor.accessTestCaseMainPhase(TestSuiteExecutor.java:203)
	at com.kms.katalon.core.main.TestSuiteExecutor.accessTestSuiteMainPhase(TestSuiteExecutor.java:152)
	at com.kms.katalon.core.main.TestSuiteExecutor.execute(TestSuiteExecutor.java:95)
	at com.kms.katalon.core.main.TestCaseMain.startTestSuite(TestCaseMain.java:157)
	at com.kms.katalon.core.main.TestCaseMain$startTestSuite$0.call(Unknown Source)
	at TempTestSuite1622388507297.run(TempTestSuite1622388507297.groovy:39)
Caused by: org.openqa.selenium.ElementClickInterceptedException: element click intercepted: Element <i class="icon-plus"></i> is not clickable at point (273, 155). Other element would receive the click: <div class="form-group">...</div>
  (Session info: chrome=91.0.4472.77)
Build info: version: '3.141.59', revision: 'e82be7d358', time: '2018-11-14T08:25:53'
System info: host: 'WIN-SERVER-2019', ip: '10.1.0.4', os.name: 'Windows Server 2019', os.arch: 'amd64', os.version: '10.0', java.version: '1.8.0_282'
Driver info: com.kms.katalon.selenium.driver.CChromeDriver
Capabilities {acceptInsecureCerts: false, browserName: chrome, browserVersion: 91.0.4472.77, chrome: {chromedriverVersion: 90.0.4430.24 (4c6d850f087da..., userDataDir: C:\Users\nttuan\AppData\Loc...}, goog:chromeOptions: {debuggerAddress: localhost:52794}, javascriptEnabled: true, networkConnectionEnabled: false, pageLoadStrategy: normal, platform: WINDOWS, platformName: WINDOWS, proxy: Proxy(), setWindowRect: true, strictFileInteractability: false, timeouts: {implicit: 0, pageLoad: 300000, script: 30000}, unhandledPromptBehavior: dismiss and notify, webauthn:extension:largeBlob: true, webauthn:virtualAuthenticators: true}
Session ID: 2935bd559bcccfa1432c3cc369d838a4
	at org.openqa.selenium.remote.http.W3CHttpResponseCodec.createException(W3CHttpResponseCodec.java:187)
	at org.openqa.selenium.remote.http.W3CHttpResponseCodec.decode(W3CHttpResponseCodec.java:122)
	at org.openqa.selenium.remote.http.W3CHttpResponseCodec.decode(W3CHttpResponseCodec.java:49)
	at org.openqa.selenium.remote.HttpCommandExecutor.execute(HttpCommandExecutor.java:158)
	at org.openqa.selenium.remote.service.DriverCommandExecutor.execute(DriverCommandExecutor.java:83)
	at org.openqa.selenium.remote.RemoteWebDriver.execute(RemoteWebDriver.java:552)
	at com.kms.katalon.selenium.driver.CChromeDriver.execute(CChromeDriver.java:19)
	at org.openqa.selenium.remote.RemoteWebElement.execute(RemoteWebElement.java:285)
	at org.openqa.selenium.remote.RemoteWebElement.click(RemoteWebElement.java:84)
	at org.openqa.selenium.support.events.EventFiringWebDriver$EventFiringWebElement.lambda$new$0(EventFiringWebDriver.java:404)
	at com.sun.proxy.$Proxy17.click(Unknown Source)
	at org.openqa.selenium.support.events.EventFiringWebDriver$EventFiringWebElement.click(EventFiringWebDriver.java:417)
	at com.kms.katalon.core.webui.keyword.builtin.ClickKeyword$_click_closure1.doCall(ClickKeyword.groovy:68)
	at com.kms.katalon.core.webui.keyword.builtin.ClickKeyword$_click_closure1.call(ClickKeyword.groovy)
	at com.kms.katalon.core.webui.keyword.internal.WebUIKeywordMain.runKeyword(WebUIKeywordMain.groovy:20)
	... 19 more]]></system-out>
      <system-err><![CDATA[2021-05-30 15:28:33 - [TEST_SUITE][FAILED] - Run all test cases: Test Cases/Internal Test Cases/CreateChannelPublic FAILED.
Reason:
com.kms.katalon.core.exception.StepFailedException: Unable to click on object 'Object Repository/CreateChannel/Page_TEST CHANNEL - TEAM NAME Mattermost/i_CtrlK_icon-plus'
	at com.kms.katalon.core.webui.keyword.internal.WebUIKeywordMain.stepFailed(WebUIKeywordMain.groovy:64)
	at com.kms.katalon.core.webui.keyword.internal.WebUIKeywordMain.runKeyword(WebUIKeywordMain.groovy:26)
	at com.kms.katalon.core.webui.keyword.builtin.ClickKeyword.click(ClickKeyword.groovy:75)
	at com.kms.katalon.core.webui.keyword.builtin.ClickKeyword.execute(ClickKeyword.groovy:42)
	at com.kms.katalon.core.keyword.internal.KeywordExecutor.executeKeywordForPlatform(KeywordExecutor.groovy:73)
	at com.kms.katalon.core.webui.keyword.WebUiBuiltInKeywords.click(WebUiBuiltInKeywords.groovy:619)
	at com.kms.katalon.core.webui.keyword.WebUiBuiltInKeywords$click$2.call(Unknown Source)
	at CreateChannelPublic.run(CreateChannelPublic:24)
	at com.kms.katalon.core.main.ScriptEngine.run(ScriptEngine.java:194)
	at com.kms.katalon.core.main.ScriptEngine.runScriptAsRawText(ScriptEngine.java:119)
	at com.kms.katalon.core.main.TestCaseExecutor.runScript(TestCaseExecutor.java:398)
	at com.kms.katalon.core.main.TestCaseExecutor.doExecute(TestCaseExecutor.java:389)
	at com.kms.katalon.core.main.TestCaseExecutor.processExecutionPhase(TestCaseExecutor.java:368)
	at com.kms.katalon.core.main.TestCaseExecutor.accessMainPhase(TestCaseExecutor.java:360)
	at com.kms.katalon.core.main.TestCaseExecutor.execute(TestCaseExecutor.java:255)
	at com.kms.katalon.core.main.TestSuiteExecutor.accessTestCaseMainPhase(TestSuiteExecutor.java:203)
	at com.kms.katalon.core.main.TestSuiteExecutor.accessTestSuiteMainPhase(TestSuiteExecutor.java:152)
	at com.kms.katalon.core.main.TestSuiteExecutor.execute(TestSuiteExecutor.java:95)
	at com.kms.katalon.core.main.TestCaseMain.startTestSuite(TestCaseMain.java:157)
	at com.kms.katalon.core.main.TestCaseMain$startTestSuite$0.call(Unknown Source)
	at TempTestSuite1622388507297.run(TempTestSuite1622388507297.groovy:39)
Caused by: org.openqa.selenium.ElementClickInterceptedException: element click intercepted: Element <i class="icon-plus"></i> is not clickable at point (273, 155). Other element would receive the click: <div class="form-group">...</div>
  (Session info: chrome=91.0.4472.77)
Build info: version: '3.141.59', revision: 'e82be7d358', time: '2018-11-14T08:25:53'
System info: host: 'WIN-SERVER-2019', ip: '10.1.0.4', os.name: 'Windows Server 2019', os.arch: 'amd64', os.version: '10.0', java.version: '1.8.0_282'
Driver info: com.kms.katalon.selenium.driver.CChromeDriver
Capabilities {acceptInsecureCerts: false, browserName: chrome, browserVersion: 91.0.4472.77, chrome: {chromedriverVersion: 90.0.4430.24 (4c6d850f087da..., userDataDir: C:\Users\nttuan\AppData\Loc...}, goog:chromeOptions: {debuggerAddress: localhost:52794}, javascriptEnabled: true, networkConnectionEnabled: false, pageLoadStrategy: normal, platform: WINDOWS, platformName: WINDOWS, proxy: Proxy(), setWindowRect: true, strictFileInteractability: false, timeouts: {implicit: 0, pageLoad: 300000, script: 30000}, unhandledPromptBehavior: dismiss and notify, webauthn:extension:largeBlob: true, webauthn:virtualAuthenticators: true}
Session ID: 2935bd559bcccfa1432c3cc369d838a4
	at org.openqa.selenium.remote.http.W3CHttpResponseCodec.createException(W3CHttpResponseCodec.java:187)
	at org.openqa.selenium.remote.http.W3CHttpResponseCodec.decode(W3CHttpResponseCodec.java:122)
	at org.openqa.selenium.remote.http.W3CHttpResponseCodec.decode(W3CHttpResponseCodec.java:49)
	at org.openqa.selenium.remote.HttpCommandExecutor.execute(HttpCommandExecutor.java:158)
	at org.openqa.selenium.remote.service.DriverCommandExecutor.execute(DriverCommandExecutor.java:83)
	at org.openqa.selenium.remote.RemoteWebDriver.execute(RemoteWebDriver.java:552)
	at com.kms.katalon.selenium.driver.CChromeDriver.execute(CChromeDriver.java:19)
	at org.openqa.selenium.remote.RemoteWebElement.execute(RemoteWebElement.java:285)
	at org.openqa.selenium.remote.RemoteWebElement.click(RemoteWebElement.java:84)
	at org.openqa.selenium.support.events.EventFiringWebDriver$EventFiringWebElement.lambda$new$0(EventFiringWebDriver.java:404)
	at com.sun.proxy.$Proxy17.click(Unknown Source)
	at org.openqa.selenium.support.events.EventFiringWebDriver$EventFiringWebElement.click(EventFiringWebDriver.java:417)
	at com.kms.katalon.core.webui.keyword.builtin.ClickKeyword$_click_closure1.doCall(ClickKeyword.groovy:68)
	at com.kms.katalon.core.webui.keyword.builtin.ClickKeyword$_click_closure1.call(ClickKeyword.groovy)
	at com.kms.katalon.core.webui.keyword.internal.WebUIKeywordMain.runKeyword(WebUIKeywordMain.groovy:20)
	... 19 more]]></system-err>
   </testsuite>
</testsuites>
